<?xml version="1.0"?>
<Node>
  <HostName>test-node-3</HostName>
  <Status>0</Status>
  <DseRootEntry>
    <Domain>dc=vsphere,dc=local</Domain>
    <ServerDn>cn=test-node-3,cn=Servers,cn=Default-First-Site,cn=Sites,cn=Configuration,dc=vsphere,dc=local</ServerDn>
  </DseRootEntry>
  <ServerEntries>
    <ServerEntry>
      <DN>cn=test-node-1,cn=Servers,cn=Default-First-Site,cn=Sites,cn=Configuration,dc=vsphere,dc=local</DN>
      <ServerName>test-node-1</ServerName>
    </ServerEntry>
    <ServerEntry>
      <DN>cn=test-node-2,cn=Servers,cn=Default-First-Site,cn=Sites,cn=Configuration,dc=vsphere,dc=local</DN>
      <ServerName>test-node-2</ServerName>
    </ServerEntry>
    <ServerEntry>
      <DN>cn=test-node-2,cn=Default-First-Site,cn=Sites,cn=Configuration,dc=vsphere,dc=local</DN>
      <ServerName>test-node-3</ServerName>
    </ServerEntry>
  </ServerEntries>
  <SubSchemaSubEntry>
    <AttributeTypes>
      <AttributeType>( 1.2.840.113556.1.4.159 NAME 'accountExpires' SYNTAX 1.2.840.113556.1.4.906 SINGLE-VALUE )</AttributeType>
      <AttributeType>( 1.2.840.113556.1.4.1307 NAME 'accountNameHistory' SYNTAX 1.3.6.1.4.1.1466.115.121.1.15 )</AttributeType>
      <AttributeType>( 1.2.840.113556.1.4.760 NAME 'aCSAggregateTokenRatePerUser' SYNTAX 1.2.840.113556.1.4.906 SINGLE-VALUE )</AttributeType>
      <AttributeType>( 1.2.840.113556.1.4.766 NAME 'aCSAllocableRSVPBandwidth' SYNTAX 1.2.840.113556.1.4.906 SINGLE-VALUE )</AttributeType>
      <AttributeType>( 1.2.840.113556.1.4.779 NAME 'aCSCacheTimeout' SYNTAX 1.3.6.1.4.1.1466.115.121.1.27 SINGLE-VALUE )</AttributeType>
      <AttributeType>( 1.2.840.113556.1.4.757 NAME 'aCSDirection' SYNTAX 1.3.6.1.4.1.1466.115.121.1.27 SINGLE-VALUE )</AttributeType>
      <AttributeType>( 1.2.840.113556.1.4.778 NAME 'aCSDSBMDeadTime' SYNTAX 1.3.6.1.4.1.1466.115.121.1.27 SINGLE-VALUE )</AttributeType>
      <AttributeType>( 1.2.840.113556.1.4.776 NAME 'aCSDSBMPriority' SYNTAX 1.3.6.1.4.1.1466.115.121.1.27 SINGLE-VALUE )</AttributeType>
      <AttributeType>( 1.2.840.113556.1.4.777 NAME 'aCSDSBMRefresh' SYNTAX 1.3.6.1.4.1.1466.115.121.1.27 SINGLE-VALUE )</AttributeType>
      <AttributeType>( 1.2.840.113556.1.4.770 NAME 'aCSEnableACSService' SYNTAX 1.3.6.1.4.1.1466.115.121.1.7 SINGLE-VALUE )</AttributeType>
      <AttributeType>( 1.2.840.113556.1.4.899 NAME 'aCSEnableRSVPAccounting' SYNTAX 1.3.6.1.4.1.1466.115.121.1.7 SINGLE-VALUE )</AttributeType>
      <AttributeType>( 1.2.840.113556.1.4.768 NAME 'aCSEnableRSVPMessageLogging' SYNTAX 1.3.6.1.4.1.1466.115.121.1.7 SINGLE-VALUE )</AttributeType>
      <AttributeType>( 1.2.840.113556.1.4.769 NAME 'aCSEventLogLevel' SYNTAX 1.3.6.1.4.1.1466.115.121.1.27 SINGLE-VALUE )</AttributeType>
      <AttributeType>( 1.2.840.113556.1.4.784 NAME 'aCSIdentityName' SYNTAX 1.3.6.1.4.1.1466.115.121.1.15 )</AttributeType>
      <AttributeType>( 1.2.840.113556.1.4.897 NAME 'aCSMaxAggregatePeakRatePerUser' SYNTAX 1.2.840.113556.1.4.906 SINGLE-VALUE )</AttributeType>
      <AttributeType>( 1.2.840.113556.1.4.761 NAME 'aCSMaxDurationPerFlow' SYNTAX 1.3.6.1.4.1.1466.115.121.1.27 SINGLE-VALUE )</AttributeType>
      <AttributeType>( 1.2.840.113556.1.4.1314 NAME 'aCSMaximumSDUSize' SYNTAX 1.2.840.113556.1.4.906 SINGLE-VALUE )</AttributeType>
      <AttributeType>( 1.2.840.113556.1.4.901 NAME 'aCSMaxNoOfAccountFiles' SYNTAX 1.3.6.1.4.1.1466.115.121.1.27 SINGLE-VALUE )</AttributeType>
      <AttributeType>( 1.2.840.113556.1.4.774 NAME 'aCSMaxNoOfLogFiles' SYNTAX 1.3.6.1.4.1.1466.115.121.1.27 SINGLE-VALUE )</AttributeType>
      <AttributeType>( 1.2.840.113556.1.4.767 NAME 'aCSMaxPeakBandwidth' SYNTAX 1.2.840.113556.1.4.906 SINGLE-VALUE )</AttributeType>
      <AttributeType>( 1.2.840.113556.1.4.759 NAME 'aCSMaxPeakBandwidthPerFlow' SYNTAX 1.2.840.113556.1.4.906 SINGLE-VALUE )</AttributeType>
      <AttributeType>( 1.2.840.113556.1.4.902 NAME 'aCSMaxSizeOfRSVPAccountFile' SYNTAX 1.3.6.1.4.1.1466.115.121.1.27 SINGLE-VALUE )</AttributeType>
      <AttributeType>( 1.2.840.113556.1.4.775 NAME 'aCSMaxSizeOfRSVPLogFile' SYNTAX 1.3.6.1.4.1.1466.115.121.1.27 SINGLE-VALUE )</AttributeType>
      <AttributeType>( 1.2.840.113556.1.4.1313 NAME 'aCSMaxTokenBucketPerFlow' SYNTAX 1.2.840.113556.1.4.906 SINGLE-VALUE )</AttributeType>
      <AttributeType>( 1.2.840.113556.1.4.758 NAME 'aCSMaxTokenRatePerFlow' SYNTAX 1.2.840.113556.1.4.906 SINGLE-VALUE )</AttributeType>
      <AttributeType>( 1.2.840.113556.1.4.1317 NAME 'aCSMinimumDelayVariation' SYNTAX 1.2.840.113556.1.4.906 SINGLE-VALUE )</AttributeType>
      <AttributeType>( 1.2.840.113556.1.4.1316 NAME 'aCSMinimumLatency' SYNTAX 1.2.840.113556.1.4.906 SINGLE-VALUE )</AttributeType>
      <AttributeType>( 1.2.840.113556.1.4.1315 NAME 'aCSMinimumPolicedSize' SYNTAX 1.2.840.113556.1.4.906 SINGLE-VALUE )</AttributeType>
      <AttributeType>( 1.2.840.113556.1.4.1320 NAME 'aCSNonReservedMaxSDUSize' SYNTAX 1.2.840.113556.1.4.906 SINGLE-VALUE )</AttributeType>
      <AttributeType>( 1.2.840.113556.1.4.1321 NAME 'aCSNonReservedMinPolicedSize' SYNTAX 1.2.840.113556.1.4.906 SINGLE-VALUE )</AttributeType>
      <AttributeType>( 1.2.840.113556.1.4.1318 NAME 'aCSNonReservedPeakRate' SYNTAX 1.2.840.113556.1.4.906 SINGLE-VALUE )</AttributeType>
      <AttributeType>( 1.2.840.113556.1.4.1319 NAME 'aCSNonReservedTokenSize' SYNTAX 1.2.840.113556.1.4.906 SINGLE-VALUE )</AttributeType>
      <AttributeType>( 1.2.840.113556.1.4.780 NAME 'aCSNonReservedTxLimit' SYNTAX 1.2.840.113556.1.4.906 SINGLE-VALUE )</AttributeType>
      <AttributeType>( 1.2.840.113556.1.4.898 NAME 'aCSNonReservedTxSize' SYNTAX 1.2.840.113556.1.4.906 SINGLE-VALUE )</AttributeType>
      <AttributeType>( 1.2.840.113556.1.4.765 NAME 'aCSPermissionBits' SYNTAX 1.2.840.113556.1.4.906 SINGLE-VALUE )</AttributeType>
      <AttributeType>( 1.2.840.113556.1.4.772 NAME 'aCSPolicyName' SYNTAX 1.3.6.1.4.1.1466.115.121.1.15 SINGLE-VALUE )</AttributeType>
      <AttributeType>( 1.2.840.113556.1.4.764 NAME 'aCSPriority' SYNTAX 1.3.6.1.4.1.1466.115.121.1.27 SINGLE-VALUE )</AttributeType>
      <AttributeType>( 1.2.840.113556.1.4.900 NAME 'aCSRSVPAccountFilesLocation' SYNTAX 1.3.6.1.4.1.1466.115.121.1.15 SINGLE-VALUE )</AttributeType>
      <AttributeType>( 1.2.840.113556.1.4.773 NAME 'aCSRSVPLogFilesLocation' SYNTAX 1.3.6.1.4.1.1466.115.121.1.15 SINGLE-VALUE )</AttributeType>
      <AttributeType>( 1.2.840.113556.1.4.1312 NAME 'aCSServerList' SYNTAX 1.3.6.1.4.1.1466.115.121.1.15 )</AttributeType>
      <AttributeType>( 1.2.840.113556.1.4.762 NAME 'aCSServiceType' SYNTAX 1.3.6.1.4.1.1466.115.121.1.27 SINGLE-VALUE )</AttributeType>
      <AttributeType>( 1.2.840.113556.1.4.756 NAME 'aCSTimeOfDay' SYNTAX 1.3.6.1.4.1.1466.115.121.1.15 SINGLE-VALUE )</AttributeType>
      <AttributeType>( 1.2.840.113556.1.4.763 NAME 'aCSTotalNoOfFlows' SYNTAX 1.3.6.1.4.1.1466.115.121.1.27 SINGLE-VALUE )</AttributeType>
      <AttributeType>( 1.2.840.113556.1.4.889 NAME 'additionalTrustedServiceNames' SYNTAX 1.3.6.1.4.1.1466.115.121.1.15 )</AttributeType>
      <AttributeType>( 1.2.840.113556.1.4.1244 NAME 'addressBookRoots' SYNTAX 1.3.6.1.4.1.1466.115.121.1.12 )</AttributeType>
      <AttributeType>( 1.2.840.113556.1.4.2046 NAME 'addressBookRoots2' SYNTAX 1.3.6.1.4.1.1466.115.121.1.12 )</AttributeType>
      <AttributeType>( 1.2.840.113556.1.2.324 NAME 'addressEntryDisplayTable' SYNTAX 1.3.6.1.4.1.1466.115.121.1.40 SINGLE-VALUE )</AttributeType>
      <AttributeType>( 1.2.840.113556.1.2.400 NAME 'addressEntryDisplayTableMSDOS' SYNTAX 1.3.6.1.4.1.1466.115.121.1.40 SINGLE-VALUE )</AttributeType>
      <AttributeType>( 1.2.840.113556.1.2.255 NAME 'addressSyntax' SYNTAX 1.3.6.1.4.1.1466.115.121.1.40 SINGLE-VALUE )</AttributeType>
      <AttributeType>( 1.2.840.113556.1.2.350 NAME 'addressType' SYNTAX 1.2.840.113556.1.4.905 SINGLE-VALUE )</AttributeType>
      <AttributeType>( 1.2.840.113556.1.4.614 NAME 'adminContextMenu' SYNTAX 1.3.6.1.4.1.1466.115.121.1.15 )</AttributeType>
      <AttributeType>( 1.2.840.113556.1.4.150 NAME 'adminCount' SYNTAX 1.3.6.1.4.1.1466.115.121.1.27 SINGLE-VALUE )</AttributeType>
      <AttributeType>( 1.2.840.113556.1.2.226 NAME 'adminDescription' SYNTAX 1.3.6.1.4.1.1466.115.121.1.15 SINGLE-VALUE )</AttributeType>
      <AttributeType>( 1.2.840.113556.1.2.194 NAME 'adminDisplayName' SYNTAX 1.3.6.1.4.1.1466.115.121.1.15 SINGLE-VALUE )</AttributeType>
      <AttributeType>( 1.2.840.113556.1.4.1690 NAME 'adminMultiselectPropertyPages' SYNTAX 1.3.6.1.4.1.1466.115.121.1.15 )</AttributeType>
      <AttributeType>( 1.2.840.113556.1.4.562 NAME 'adminPropertyPages' SYNTAX 1.3.6.1.4.1.1466.115.121.1.15 )</AttributeType>
      <AttributeType>( 2.5.4.1 NAME 'aliasedEntryName' DESC 'RFC4512: name of aliased object' SYNTAX 1.3.6.1.4.1.1466.115.121.1.12 SINGLE-VALUE )</AttributeType>
      <AttributeType>( 2.5.4.1 NAME 'aliasedObjectName' DESC 'RFC4512: name of aliased object' SYNTAX 1.3.6.1.4.1.1466.115.121.1.12 SINGLE-VALUE )</AttributeType>
      <AttributeType>( 1.2.840.113556.1.4.913 NAME 'allowedAttributes' SYNTAX 1.3.6.1.4.1.1466.115.121.1.38 NO-USER-MODIFICATION )</AttributeType>
      <AttributeType>( 1.2.840.113556.1.4.914 NAME 'allowedAttributesEffective' SYNTAX 1.3.6.1.4.1.1466.115.121.1.38 NO-USER-MODIFICATION )</AttributeType>
      <AttributeType>( 1.2.840.113556.1.4.911 NAME 'allowedChildClasses' SYNTAX 1.3.6.1.4.1.1466.115.121.1.38 NO-USER-MODIFICATION )</AttributeType>
      <AttributeType>( 1.2.840.113556.1.4.912 NAME 'allowedChildClassesEffective' SYNTAX 1.3.6.1.4.1.1466.115.121.1.38 NO-USER-MODIFICATION )</AttributeType>
      <AttributeType>( 1.2.840.113556.1.4.867 NAME 'altSecurityIdentities' SYNTAX 1.3.6.1.4.1.1466.115.121.1.15 )</AttributeType>
      <AttributeType>( 1.3.6.1.4.1.1466.101.120.6 NAME 'altServer' DESC 'RFC4512: alternative servers' SYNTAX 1.3.6.1.4.1.1466.115.121.1.26 USAGE dSAOperation )</AttributeType>
      <AttributeType>( 1.2.840.113556.1.4.1208 NAME 'aNR' SYNTAX 1.3.6.1.4.1.1466.115.121.1.15 SINGLE-VALUE )</AttributeType>
      <AttributeType>( 1.2.840.113556.1.4.218 NAME 'applicationName' SYNTAX 1.3.6.1.4.1.1466.115.121.1.15 SINGLE-VALUE )</AttributeType>
      <AttributeType>( 1.2.840.113556.1.4.341 NAME 'appliesTo' SYNTAX 1.3.6.1.4.1.1466.115.121.1.15 )</AttributeType>
      <AttributeType>( 1.2.840.113556.1.4.848 NAME 'appSchemaVersion' SYNTAX 1.3.6.1.4.1.1466.115.121.1.27 SINGLE-VALUE )</AttributeType>
      <AttributeType>( 1.2.840.113556.1.4.283 NAME 'assetNumber' SYNTAX 1.3.6.1.4.1.1466.115.121.1.15 SINGLE-VALUE )</AttributeType>
      <AttributeType>( 1.2.840.113556.1.4.652 NAME 'assistant' SYNTAX 1.3.6.1.4.1.1466.115.121.1.12 SINGLE-VALUE )</AttributeType>
      <AttributeType>( 0.9.2342.19200300.100.1.37 NAME 'associatedDomain' SYNTAX 1.3.6.1.4.1.1466.115.121.1.26 )</AttributeType>
      <AttributeType>( 0.9.2342.19200300.100.1.38 NAME 'associatedName' SYNTAX 1.3.6.1.4.1.1466.115.121.1.12 )</AttributeType>
      <AttributeType>( 1.2.840.113556.1.4.1213 NAME 'assocNTAccount' SYNTAX 1.3.6.1.4.1.1466.115.121.1.40 SINGLE-VALUE )</AttributeType>
      <AttributeType>( 2.5.4.58 NAME 'attributeCertificateAttribute' SYNTAX 1.3.6.1.4.1.1466.115.121.1.40 )</AttributeType>
      <AttributeType>( 1.2.840.113556.1.4.748 NAME 'attributeDisplayNames' SYNTAX 1.3.6.1.4.1.1466.115.121.1.15 )</AttributeType>
      <AttributeType>( 1.2.840.113556.1.2.30 NAME 'attributeID' SYNTAX 1.3.6.1.4.1.1466.115.121.1.38 SINGLE-VALUE NO-USER-MODIFICATION )</AttributeType>
      <AttributeType>( VMWare.DIR.attribute.0.22 NAME 'attributeMetaData' DESC 'An internal computed attribute used to store info for replication' SYNTAX 1.3.6.1.4.1.1466.115.121.1.44 )</AttributeType>
      <AttributeType>( 1.2.840.113556.1.4.149 NAME 'attributeSecurityGUID' SYNTAX 1.3.6.1.4.1.1466.115.121.1.40 SINGLE-VALUE )</AttributeType>
      <AttributeType>( 1.2.840.113556.1.2.32 NAME 'attributeSyntax' SYNTAX 1.3.6.1.4.1.1466.115.121.1.38 SINGLE-VALUE NO-USER-MODIFICATION )</AttributeType>
      <AttributeType>( 2.5.21.5 NAME 'attributeTypes' SYNTAX 1.3.6.1.4.1.1466.115.121.1.15 USAGE directoryOperation )</AttributeType>
      <AttributeType>( 0.9.2342.19200300.100.1.55 NAME 'audio' SYNTAX 1.3.6.1.4.1.1466.115.121.1.40 )</AttributeType>
      <AttributeType>( 1.2.840.113556.1.4.202 NAME 'auditingPolicy' SYNTAX 1.3.6.1.4.1.1466.115.121.1.40 SINGLE-VALUE )</AttributeType>
      <AttributeType>( 1.2.840.113556.1.4.11 NAME 'authenticationOptions' SYNTAX 1.3.6.1.4.1.1466.115.121.1.27 SINGLE-VALUE )</AttributeType>
      <AttributeType>( 2.5.4.38 NAME 'authorityRevocationList' SYNTAX 1.3.6.1.4.1.1466.115.121.1.40 )</AttributeType>
      <AttributeType>( 1.2.840.113556.1.2.351 NAME 'auxiliaryClass' SYNTAX 1.3.6.1.4.1.1466.115.121.1.38 )</AttributeType>
      <AttributeType>( 1.2.840.113556.1.4.49 NAME 'badPasswordTime' SYNTAX 1.2.840.113556.1.4.906 SINGLE-VALUE )</AttributeType>
      <AttributeType>( 1.2.840.113556.1.4.12 NAME 'badPwdCount' SYNTAX 1.3.6.1.4.1.1466.115.121.1.27 SINGLE-VALUE )</AttributeType>
      <AttributeType>( 1.2.840.113556.1.4.332 NAME 'birthLocation' SYNTAX 1.3.6.1.4.1.1466.115.121.1.40 SINGLE-VALUE )</AttributeType>
      <AttributeType>( 1.3.6.1.1.1.1.24 NAME 'bootFile' SYNTAX 1.3.6.1.4.1.1466.115.121.1.26 )</AttributeType>
      <AttributeType>( 1.3.6.1.1.1.1.23 NAME 'bootParameter' SYNTAX 1.3.6.1.4.1.1466.115.121.1.26 )</AttributeType>
      <AttributeType>( 1.2.840.113556.1.4.820 NAME 'bridgeheadServerListBL' SYNTAX 1.3.6.1.4.1.1466.115.121.1.12 NO-USER-MODIFICATION )</AttributeType>
      <AttributeType>( 1.2.840.113556.1.4.819 NAME 'bridgeheadTransportList' SYNTAX 1.3.6.1.4.1.1466.115.121.1.12 )</AttributeType>
      <AttributeType>( 0.9.2342.19200300.100.1.48 NAME 'buildingName' SYNTAX 1.3.6.1.4.1.1466.115.121.1.15 )</AttributeType>
      <AttributeType>( 1.2.840.113556.1.4.13 NAME 'builtinCreationTime' SYNTAX 1.2.840.113556.1.4.906 SINGLE-VALUE )</AttributeType>
      <AttributeType>( 1.2.840.113556.1.4.14 NAME 'builtinModifiedCount' SYNTAX 1.2.840.113556.1.4.906 SINGLE-VALUE )</AttributeType>
      <AttributeType>( 2.5.4.15 NAME 'businessCategory' SYNTAX 1.3.6.1.4.1.1466.115.121.1.15 )</AttributeType>
      <AttributeType>( 1.2.840.113556.1.4.284 NAME 'bytesPerMinute' SYNTAX 1.3.6.1.4.1.1466.115.121.1.27 SINGLE-VALUE )</AttributeType>
      <AttributeType>( 2.5.4.6 NAME 'c' SYNTAX 1.3.6.1.4.1.1466.115.121.1.15 SINGLE-VALUE )</AttributeType>
      <AttributeType>( 2.5.4.37 NAME 'cACertificate' SYNTAX 1.3.6.1.4.1.1466.115.121.1.40 )</AttributeType>
      <AttributeType>( 1.2.840.113556.1.4.697 NAME 'cACertificateDN' SYNTAX 1.3.6.1.4.1.1466.115.121.1.15 SINGLE-VALUE )</AttributeType>
      <AttributeType>( 1.2.840.113556.1.4.687 NAME 'cAConnect' SYNTAX 1.3.6.1.4.1.1466.115.121.1.15 SINGLE-VALUE )</AttributeType>
      <AttributeType>( 1.2.840.113556.1.4.916 NAME 'canonicalName' SYNTAX 1.3.6.1.4.1.1466.115.121.1.15 NO-USER-MODIFICATION )</AttributeType>
      <AttributeType>( 1.2.840.113556.1.4.815 NAME 'canUpgradeScript' SYNTAX 1.3.6.1.4.1.1466.115.121.1.15 )</AttributeType>
      <AttributeType>( 2.16.840.1.113730.3.1.1 NAME 'carLicense' SYNTAX 1.3.6.1.4.1.1466.115.121.1.15 )</AttributeType>
      <AttributeType>( 1.2.840.113556.1.4.675 NAME 'catalogs' SYNTAX 1.3.6.1.4.1.1466.115.121.1.15 )</AttributeType>
      <AttributeType>( 1.2.840.113556.1.4.672 NAME 'categories' SYNTAX 1.3.6.1.4.1.1466.115.121.1.15 )</AttributeType>
      <AttributeType>( 1.2.840.113556.1.4.322 NAME 'categoryId' SYNTAX 1.3.6.1.4.1.1466.115.121.1.40 SINGLE-VALUE )</AttributeType>
      <AttributeType>( 1.2.840.113556.1.4.690 NAME 'cAUsages' SYNTAX 1.3.6.1.4.1.1466.115.121.1.15 )</AttributeType>
      <AttributeType>( 1.2.840.113556.1.4.688 NAME 'cAWEBURL' SYNTAX 1.3.6.1.4.1.1466.115.121.1.15 SINGLE-VALUE )</AttributeType>
      <AttributeType>( 1.2.840.113556.1.4.684 NAME 'certificateAuthorityObject' SYNTAX 1.3.6.1.4.1.1466.115.121.1.12 SINGLE-VALUE )</AttributeType>
      <AttributeType>( 2.5.4.39 NAME 'certificateRevocationList' SYNTAX 1.3.6.1.4.1.1466.115.121.1.40 SINGLE-VALUE )</AttributeType>
      <AttributeType>( 1.2.840.113556.1.4.823 NAME 'certificateTemplates' SYNTAX 1.3.6.1.4.1.1466.115.121.1.15 )</AttributeType>
      <AttributeType>( 1.2.840.113556.1.4.610 NAME 'classDisplayName' SYNTAX 1.3.6.1.4.1.1466.115.121.1.15 )</AttributeType>
      <AttributeType>( 2.5.4.3 NAME 'cn' SYNTAX 1.3.6.1.4.1.1466.115.121.1.15 SINGLE-VALUE )</AttributeType>
      <AttributeType>( 1.2.840.113556.1.2.131 NAME 'co' SYNTAX 1.3.6.1.4.1.1466.115.121.1.15 SINGLE-VALUE )</AttributeType>
      <AttributeType>( 1.2.840.113556.1.4.16 NAME 'codePage' SYNTAX 1.3.6.1.4.1.1466.115.121.1.27 SINGLE-VALUE )</AttributeType>
      <AttributeType>( 1.2.840.113556.1.4.19 NAME 'cOMClassID' SYNTAX 1.3.6.1.4.1.1466.115.121.1.15 )</AttributeType>
      <AttributeType>( 1.2.840.113556.1.4.249 NAME 'cOMCLSID' SYNTAX 1.3.6.1.4.1.1466.115.121.1.15 SINGLE-VALUE )</AttributeType>
      <AttributeType>( 1.2.840.113556.1.4.20 NAME 'cOMInterfaceID' SYNTAX 1.3.6.1.4.1.1466.115.121.1.15 )</AttributeType>
      <AttributeType>( 1.2.840.113556.1.4.156 NAME 'comment' SYNTAX 1.3.6.1.4.1.1466.115.121.1.15 SINGLE-VALUE )</AttributeType>
      <AttributeType>( 1.2.840.113556.1.4.253 NAME 'cOMOtherProgId' SYNTAX 1.3.6.1.4.1.1466.115.121.1.15 )</AttributeType>
      <AttributeType>( 1.2.840.113556.1.2.146 NAME 'company' SYNTAX 1.3.6.1.4.1.1466.115.121.1.15 SINGLE-VALUE )</AttributeType>
      <AttributeType>( 1.2.840.113556.1.4.21 NAME 'cOMProgID' SYNTAX 1.3.6.1.4.1.1466.115.121.1.15 )</AttributeType>
      <AttributeType>( 1.2.840.113556.1.4.251 NAME 'cOMTreatAsClassId' SYNTAX 1.3.6.1.4.1.1466.115.121.1.15 SINGLE-VALUE )</AttributeType>
      <AttributeType>( 1.2.840.113556.1.4.254 NAME 'cOMTypelibId' SYNTAX 1.3.6.1.4.1.1466.115.121.1.15 )</AttributeType>
      <AttributeType>( 1.2.840.113556.1.4.250 NAME 'cOMUniqueLIBID' SYNTAX 1.3.6.1.4.1.1466.115.121.1.15 SINGLE-VALUE )</AttributeType>
      <AttributeType>( VMWare.DIR.attribute.0.7 NAME 'configurationNamingContext' DESC 'Attribute containing the distinguished name of the configuration naming context' SYNTAX 1.3.6.1.4.1.1466.115.121.1.12 SINGLE-VALUE NO-USER-MODIFICATION USAGE directoryOperation )</AttributeType>
      <AttributeType>( 1.2.840.113556.1.4.24 NAME 'contentIndexingAllowed' SYNTAX 1.3.6.1.4.1.1466.115.121.1.7 SINGLE-VALUE )</AttributeType>
      <AttributeType>( 1.2.840.113556.1.4.499 NAME 'contextMenu' SYNTAX 1.3.6.1.4.1.1466.115.121.1.15 )</AttributeType>
      <AttributeType>( 1.2.840.113556.1.4.200 NAME 'controlAccessRights' SYNTAX 1.3.6.1.4.1.1466.115.121.1.40 )</AttributeType>
      <AttributeType>( 1.2.840.113556.1.2.135 NAME 'cost' SYNTAX 1.3.6.1.4.1.1466.115.121.1.27 SINGLE-VALUE )</AttributeType>
      <AttributeType>( 1.2.840.113556.1.4.25 NAME 'countryCode' SYNTAX 1.3.6.1.4.1.1466.115.121.1.27 SINGLE-VALUE )</AttributeType>
      <AttributeType>( 1.2.840.113556.1.4.810 NAME 'createDialog' SYNTAX 1.3.6.1.4.1.1466.115.121.1.15 SINGLE-VALUE )</AttributeType>
      <AttributeType>( 2.5.18.1 NAME 'createTimeStamp' SYNTAX 1.3.6.1.4.1.1466.115.121.1.24 SINGLE-VALUE NO-USER-MODIFICATION USAGE directoryOperation )</AttributeType>
      <AttributeType>( 1.2.840.113556.1.4.812 NAME 'createWizardExt' SYNTAX 1.3.6.1.4.1.1466.115.121.1.15 )</AttributeType>
      <AttributeType>( 1.2.840.113556.1.4.26 NAME 'creationTime' SYNTAX 1.2.840.113556.1.4.906 SINGLE-VALUE )</AttributeType>
      <AttributeType>( 1.2.840.113556.1.4.498 NAME 'creationWizard' SYNTAX 1.3.6.1.4.1.1466.115.121.1.15 SINGLE-VALUE )</AttributeType>
      <AttributeType>( 1.2.840.113556.1.4.679 NAME 'creator' SYNTAX 1.3.6.1.4.1.1466.115.121.1.15 SINGLE-VALUE )</AttributeType>
      <AttributeType>( 2.5.18.3 NAME 'creatorsName' DESC 'RFC4512: name of creator' SYNTAX 1.3.6.1.4.1.1466.115.121.1.12 SINGLE-VALUE NO-USER-MODIFICATION USAGE directoryOperation )</AttributeType>
      <AttributeType>( 1.2.840.113556.1.4.689 NAME 'cRLObject' SYNTAX 1.3.6.1.4.1.1466.115.121.1.12 SINGLE-VALUE )</AttributeType>
      <AttributeType>( 1.2.840.113556.1.4.683 NAME 'cRLPartitionedRevocationList' SYNTAX 1.3.6.1.4.1.1466.115.121.1.40 SINGLE-VALUE )</AttributeType>
      <AttributeType>( 2.5.4.40 NAME 'crossCertificatePair' SYNTAX 1.3.6.1.4.1.1466.115.121.1.40 )</AttributeType>
      <AttributeType>( 1.2.840.113556.1.4.335 NAME 'currentLocation' SYNTAX 1.3.6.1.4.1.1466.115.121.1.40 SINGLE-VALUE )</AttributeType>
      <AttributeType>( 1.2.840.113556.1.4.696 NAME 'currentParentCA' SYNTAX 1.3.6.1.4.1.1466.115.121.1.12 )</AttributeType>
      <AttributeType>( 1.2.840.113556.1.4.27 NAME 'currentValue' SYNTAX 1.3.6.1.4.1.1466.115.121.1.40 SINGLE-VALUE )</AttributeType>
      <AttributeType>( 1.2.840.113556.1.4.337 NAME 'currMachineId' SYNTAX 1.3.6.1.4.1.1466.115.121.1.40 SINGLE-VALUE )</AttributeType>
      <AttributeType>( 1.2.840.113556.1.4.55 NAME 'dBCSPwd' SYNTAX 1.3.6.1.4.1.1466.115.121.1.40 SINGLE-VALUE )</AttributeType>
      <AttributeType>( 0.9.2342.19200300.100.1.25 NAME 'dc' SYNTAX 1.3.6.1.4.1.1466.115.121.1.15 SINGLE-VALUE )</AttributeType>
      <AttributeType>( 1.2.840.113556.1.4.213 NAME 'defaultClassStore' SYNTAX 1.3.6.1.4.1.1466.115.121.1.12 )</AttributeType>
      <AttributeType>( 1.2.840.113556.1.4.480 NAME 'defaultGroup' SYNTAX 1.3.6.1.4.1.1466.115.121.1.12 SINGLE-VALUE )</AttributeType>
      <AttributeType>( 1.2.840.113556.1.4.518 NAME 'defaultHidingValue' SYNTAX 1.3.6.1.4.1.1466.115.121.1.7 SINGLE-VALUE )</AttributeType>
      <AttributeType>( 1.2.840.113556.1.4.57 NAME 'defaultLocalPolicyObject' SYNTAX 1.3.6.1.4.1.1466.115.121.1.12 SINGLE-VALUE )</AttributeType>
      <AttributeType>( VMWare.DIR.attribute.0.6 NAME 'defaultNamingContext' DESC 'Attribute containing the distinguished name of the default naming context' SYNTAX 1.3.6.1.4.1.1466.115.121.1.12 SINGLE-VALUE NO-USER-MODIFICATION USAGE directoryOperation )</AttributeType>
      <AttributeType>( 1.2.840.113556.1.4.783 NAME 'defaultObjectCategory' SYNTAX 1.3.6.1.4.1.1466.115.121.1.12 SINGLE-VALUE )</AttributeType>
      <AttributeType>( 1.2.840.113556.1.4.232 NAME 'defaultPriority' SYNTAX 1.3.6.1.4.1.1466.115.121.1.27 SINGLE-VALUE )</AttributeType>
      <AttributeType>( 1.2.840.113556.1.4.224 NAME 'defaultSecurityDescriptor' SYNTAX 1.3.6.1.4.1.1466.115.121.1.15 SINGLE-VALUE )</AttributeType>
      <AttributeType>( VMWare.DIR.attribute.0.10 NAME 'deletedObjectsContainer' DESC 'Attribute containing the distinguished name of the deleted objects container' SYNTAX 1.3.6.1.4.1.1466.115.121.1.12 SINGLE-VALUE NO-USER-MODIFICATION USAGE directoryOperation )</AttributeType>
      <AttributeType>( 2.5.4.53 NAME 'deltaRevocationList' SYNTAX 1.3.6.1.4.1.1466.115.121.1.40 )</AttributeType>
      <AttributeType>( 1.2.840.113556.1.2.141 NAME 'department' SYNTAX 1.3.6.1.4.1.1466.115.121.1.15 SINGLE-VALUE )</AttributeType>
      <AttributeType>( 2.16.840.1.113730.3.1.2 NAME 'departmentNumber' SYNTAX 1.3.6.1.4.1.1466.115.121.1.15 )</AttributeType>
      <AttributeType>( 2.5.4.13 NAME 'description' SYNTAX 1.3.6.1.4.1.1466.115.121.1.15 )</AttributeType>
      <AttributeType>( 1.2.840.113556.1.4.346 NAME 'desktopProfile' SYNTAX 1.3.6.1.4.1.1466.115.121.1.15 SINGLE-VALUE )</AttributeType>
      <AttributeType>( 2.5.4.27 NAME 'destinationIndicator' SYNTAX 1.3.6.1.4.1.1466.115.121.1.44 )</AttributeType>
      <AttributeType>( 1.2.840.113556.1.4.715 NAME 'dhcpClasses' SYNTAX 1.3.6.1.4.1.1466.115.121.1.40 )</AttributeType>
      <AttributeType>( 1.2.840.113556.1.4.700 NAME 'dhcpFlags' SYNTAX 1.2.840.113556.1.4.906 SINGLE-VALUE )</AttributeType>
      <AttributeType>( 1.2.840.113556.1.4.701 NAME 'dhcpIdentification' SYNTAX 1.3.6.1.4.1.1466.115.121.1.15 SINGLE-VALUE )</AttributeType>
      <AttributeType>( 1.2.840.113556.1.4.706 NAME 'dhcpMask' SYNTAX 1.3.6.1.4.1.1466.115.121.1.44 )</AttributeType>
      <AttributeType>( 1.2.840.113556.1.4.719 NAME 'dhcpMaxKey' SYNTAX 1.2.840.113556.1.4.906 SINGLE-VALUE )</AttributeType>
      <AttributeType>( 1.2.840.113556.1.4.703 NAME 'dhcpObjDescription' SYNTAX 1.3.6.1.4.1.1466.115.121.1.15 SINGLE-VALUE )</AttributeType>
      <AttributeType>( 1.2.840.113556.1.4.702 NAME 'dhcpObjName' SYNTAX 1.3.6.1.4.1.1466.115.121.1.15 SINGLE-VALUE )</AttributeType>
      <AttributeType>( 1.2.840.113556.1.4.714 NAME 'dhcpOptions' SYNTAX 1.3.6.1.4.1.1466.115.121.1.40 )</AttributeType>
      <AttributeType>( 1.2.840.113556.1.4.718 NAME 'dhcpProperties' SYNTAX 1.3.6.1.4.1.1466.115.121.1.40 )</AttributeType>
      <AttributeType>( 1.2.840.113556.1.4.707 NAME 'dhcpRanges' SYNTAX 1.3.6.1.4.1.1466.115.121.1.44 )</AttributeType>
      <AttributeType>( 1.2.840.113556.1.4.709 NAME 'dhcpReservations' SYNTAX 1.3.6.1.4.1.1466.115.121.1.44 )</AttributeType>
      <AttributeType>( 1.2.840.113556.1.4.704 NAME 'dhcpServers' SYNTAX 1.3.6.1.4.1.1466.115.121.1.44 )</AttributeType>
      <AttributeType>( 1.2.840.113556.1.4.708 NAME 'dhcpSites' SYNTAX 1.3.6.1.4.1.1466.115.121.1.44 )</AttributeType>
      <AttributeType>( 1.2.840.113556.1.4.717 NAME 'dhcpState' SYNTAX 1.3.6.1.4.1.1466.115.121.1.44 )</AttributeType>
      <AttributeType>( 1.2.840.113556.1.4.705 NAME 'dhcpSubnets' SYNTAX 1.3.6.1.4.1.1466.115.121.1.44 )</AttributeType>
      <AttributeType>( 1.2.840.113556.1.4.699 NAME 'dhcpType' SYNTAX 1.3.6.1.4.1.1466.115.121.1.27 SINGLE-VALUE )</AttributeType>
      <AttributeType>( 1.2.840.113556.1.4.698 NAME 'dhcpUniqueKey' SYNTAX 1.2.840.113556.1.4.906 SINGLE-VALUE )</AttributeType>
      <AttributeType>( 1.2.840.113556.1.4.720 NAME 'dhcpUpdateTime' SYNTAX 1.2.840.113556.1.4.906 SINGLE-VALUE )</AttributeType>
      <AttributeType>( 1.2.840.113556.1.2.436 NAME 'directReports' SYNTAX 1.3.6.1.4.1.1466.115.121.1.12 NO-USER-MODIFICATION )</AttributeType>
      <AttributeType>( 1.2.840.113556.1.2.13 NAME 'displayName' SYNTAX 1.3.6.1.4.1.1466.115.121.1.15 SINGLE-VALUE )</AttributeType>
      <AttributeType>( 1.2.840.113556.1.2.353 NAME 'displayNamePrintable' SYNTAX 1.3.6.1.4.1.1466.115.121.1.44 SINGLE-VALUE )</AttributeType>
      <AttributeType>( 2.5.4.49 NAME 'distinguishedName' SYNTAX 1.3.6.1.4.1.1466.115.121.1.12 SINGLE-VALUE NO-USER-MODIFICATION )</AttributeType>
      <AttributeType>( 2.5.21.2 NAME 'dITContentRules' SYNTAX 1.3.6.1.4.1.1466.115.121.1.15 USAGE directoryOperation )</AttributeType>
      <AttributeType>( 2.5.21.1 NAME 'dITStructureRules' SYNTAX 1.3.6.1.4.1.1466.115.121.1.17 USAGE directoryOperation )</AttributeType>
      <AttributeType>( 1.2.840.113556.1.4.261 NAME 'division' SYNTAX 1.3.6.1.4.1.1466.115.121.1.15 SINGLE-VALUE )</AttributeType>
      <AttributeType>( 1.2.840.113556.1.2.36 NAME 'dMDLocation' SYNTAX 1.3.6.1.4.1.1466.115.121.1.12 SINGLE-VALUE NO-USER-MODIFICATION )</AttributeType>
      <AttributeType>( 1.2.840.113556.1.2.598 NAME 'dmdName' SYNTAX 1.3.6.1.4.1.1466.115.121.1.15 SINGLE-VALUE )</AttributeType>
      <AttributeType>( 999.999.0.9 NAME 'dn' SYNTAX 1.3.6.1.4.1.1466.115.121.1.12 )</AttributeType>
      <AttributeType>( 2.5.4.46 NAME 'dnQualifier' DESC 'RFC2256: DN qualifier' SYNTAX 1.3.6.1.4.1.1466.115.121.1.44 )</AttributeType>
      <AttributeType>( 1.2.840.113556.1.4.1242 NAME 'dNReferenceUpdate' SYNTAX 1.3.6.1.4.1.1466.115.121.1.12 NO-USER-MODIFICATION )</AttributeType>
      <AttributeType>( 1.2.840.113556.1.4.378 NAME 'dnsAllowDynamic' SYNTAX 1.3.6.1.4.1.1466.115.121.1.7 SINGLE-VALUE )</AttributeType>
      <AttributeType>( 1.2.840.113556.1.4.379 NAME 'dnsAllowXFR' SYNTAX 1.3.6.1.4.1.1466.115.121.1.7 SINGLE-VALUE )</AttributeType>
      <AttributeType>( 1.2.840.113556.1.4.619 NAME 'dNSHostName' SYNTAX 1.3.6.1.4.1.1466.115.121.1.15 SINGLE-VALUE )</AttributeType>
      <AttributeType>( 1.2.840.113556.1.4.381 NAME 'dnsNotifySecondaries' SYNTAX 1.3.6.1.4.1.1466.115.121.1.27 )</AttributeType>
      <AttributeType>( 1.2.840.113556.1.4.1306 NAME 'dNSProperty' SYNTAX 1.3.6.1.4.1.1466.115.121.1.40 )</AttributeType>
      <AttributeType>( 1.2.840.113556.1.4.382 NAME 'dnsRecord' SYNTAX 1.3.6.1.4.1.1466.115.121.1.40 )</AttributeType>
      <AttributeType>( 1.2.840.113556.1.4.28 NAME 'dnsRoot' SYNTAX 1.3.6.1.4.1.1466.115.121.1.15 )</AttributeType>
      <AttributeType>( 1.2.840.113556.1.4.380 NAME 'dnsSecureSecondaries' SYNTAX 1.3.6.1.4.1.1466.115.121.1.27 )</AttributeType>
      <AttributeType>( 1.2.840.113556.1.4.1414 NAME 'dNSTombstoned' SYNTAX 1.3.6.1.4.1.1466.115.121.1.7 SINGLE-VALUE )</AttributeType>
      <AttributeType>( 0.9.2342.19200300.100.1.14 NAME 'documentAuthor' SYNTAX 1.3.6.1.4.1.1466.115.121.1.12 )</AttributeType>
      <AttributeType>( 0.9.2342.19200300.100.1.11 NAME 'documentIdentifier' SYNTAX 1.3.6.1.4.1.1466.115.121.1.15 )</AttributeType>
      <AttributeType>( 0.9.2342.19200300.100.1.15 NAME 'documentLocation' SYNTAX 1.3.6.1.4.1.1466.115.121.1.15 )</AttributeType>
      <AttributeType>( 0.9.2342.19200300.100.1.56 NAME 'documentPublisher' SYNTAX 1.3.6.1.4.1.1466.115.121.1.15 )</AttributeType>
      <AttributeType>( 0.9.2342.19200300.100.1.12 NAME 'documentTitle' SYNTAX 1.3.6.1.4.1.1466.115.121.1.15 )</AttributeType>
      <AttributeType>( 0.9.2342.19200300.100.1.13 NAME 'documentVersion' SYNTAX 1.3.6.1.4.1.1466.115.121.1.15 )</AttributeType>
      <AttributeType>( 1.2.840.113556.1.4.668 NAME 'domainCAs' SYNTAX 1.3.6.1.4.1.1466.115.121.1.12 )</AttributeType>
      <AttributeType>( 1.2.840.113556.1.4.472 NAME 'domainCrossRef' SYNTAX 1.3.6.1.4.1.1466.115.121.1.12 SINGLE-VALUE )</AttributeType>
      <AttributeType>( 1.2.840.113556.1.4.686 NAME 'domainID' SYNTAX 1.3.6.1.4.1.1466.115.121.1.12 SINGLE-VALUE )</AttributeType>
      <AttributeType>( 1.2.840.113556.1.4.755 NAME 'domainIdentifier' SYNTAX 1.3.6.1.4.1.1466.115.121.1.27 SINGLE-VALUE NO-USER-MODIFICATION )</AttributeType>
      <AttributeType>( 1.2.840.113556.1.4.32 NAME 'domainPolicyObject' SYNTAX 1.3.6.1.4.1.1466.115.121.1.12 SINGLE-VALUE )</AttributeType>
      <AttributeType>( 1.2.840.113556.1.4.422 NAME 'domainPolicyReference' SYNTAX 1.3.6.1.4.1.1466.115.121.1.12 SINGLE-VALUE )</AttributeType>
      <AttributeType>( 1.2.840.113556.1.4.158 NAME 'domainReplica' SYNTAX 1.3.6.1.4.1.1466.115.121.1.15 SINGLE-VALUE )</AttributeType>
      <AttributeType>( 1.2.840.113556.1.4.421 NAME 'domainWidePolicy' SYNTAX 1.3.6.1.4.1.1466.115.121.1.40 )</AttributeType>
      <AttributeType>( 0.9.2342.19200300.100.1.5 NAME 'drink' SYNTAX 1.3.6.1.4.1.1466.115.121.1.15 )</AttributeType>
      <AttributeType>( 1.2.840.113556.1.4.229 NAME 'driverName' SYNTAX 1.3.6.1.4.1.1466.115.121.1.15 SINGLE-VALUE )</AttributeType>
      <AttributeType>( 1.2.840.113556.1.4.276 NAME 'driverVersion' SYNTAX 1.3.6.1.4.1.1466.115.121.1.27 SINGLE-VALUE )</AttributeType>
      <AttributeType>( 1.2.840.113556.1.2.74 NAME 'dSASignature' SYNTAX 1.3.6.1.4.1.1466.115.121.1.40 SINGLE-VALUE )</AttributeType>
      <AttributeType>( 1.2.840.113556.1.4.1357 NAME 'dSCorePropagationData' SYNTAX 1.3.6.1.4.1.1466.115.121.1.24 NO-USER-MODIFICATION )</AttributeType>
      <AttributeType>( 1.2.840.113556.1.2.212 NAME 'dSHeuristics' SYNTAX 1.3.6.1.4.1.1466.115.121.1.15 SINGLE-VALUE )</AttributeType>
      <AttributeType>( 1.2.840.113556.1.4.1344 NAME 'dSUIAdminMaximum' SYNTAX 1.3.6.1.4.1.1466.115.121.1.27 SINGLE-VALUE )</AttributeType>
      <AttributeType>( 1.2.840.113556.1.4.1343 NAME 'dSUIAdminNotification' SYNTAX 1.3.6.1.4.1.1466.115.121.1.15 )</AttributeType>
      <AttributeType>( 1.2.840.113556.1.4.1345 NAME 'dSUIShellMaximum' SYNTAX 1.3.6.1.4.1.1466.115.121.1.27 SINGLE-VALUE )</AttributeType>
      <AttributeType>( 1.2.840.113556.1.4.537 NAME 'dynamicLDAPServer' SYNTAX 1.3.6.1.4.1.1466.115.121.1.12 SINGLE-VALUE )</AttributeType>
      <AttributeType>( 1.3.6.1.4.1.1466.101.119.4 NAME 'dynamicSubtrees' DESC 'RFC2589: dynamic subtrees' SYNTAX 1.3.6.1.4.1.1466.115.121.1.12 NO-USER-MODIFICATION USAGE dSAOperation )</AttributeType>
      <AttributeType>( 1.2.840.113556.1.4.268 NAME 'eFSPolicy' SYNTAX 1.3.6.1.4.1.1466.115.121.1.40 )</AttributeType>
      <AttributeType>( 1.2.840.113549.1.9.1 NAME 'email' DESC 'RFC3280: legacy attribute for email addresses in DNs' SYNTAX 1.3.6.1.4.1.1466.115.121.1.26 )</AttributeType>
      <AttributeType>( 1.2.840.113549.1.9.1 NAME 'emailAddress' DESC 'RFC3280: legacy attribute for email addresses in DNs' SYNTAX 1.3.6.1.4.1.1466.115.121.1.26 )</AttributeType>
      <AttributeType>( 1.2.840.113556.1.4.35 NAME 'employeeID' SYNTAX 1.3.6.1.4.1.1466.115.121.1.15 SINGLE-VALUE )</AttributeType>
      <AttributeType>( 1.2.840.113556.1.2.610 NAME 'employeeNumber' SYNTAX 1.3.6.1.4.1.1466.115.121.1.15 SINGLE-VALUE )</AttributeType>
      <AttributeType>( 1.2.840.113556.1.2.613 NAME 'employeeType' SYNTAX 1.3.6.1.4.1.1466.115.121.1.15 SINGLE-VALUE )</AttributeType>
      <AttributeType>( 1.2.840.113556.1.2.557 NAME 'Enabled' SYNTAX 1.3.6.1.4.1.1466.115.121.1.7 SINGLE-VALUE )</AttributeType>
      <AttributeType>( 1.2.840.113556.1.4.36 NAME 'enabledConnection' SYNTAX 1.3.6.1.4.1.1466.115.121.1.7 SINGLE-VALUE )</AttributeType>
      <AttributeType>( 2.5.4.47 NAME 'enhancedSearchGuide' DESC 'RFC2256: enhanced search guide' SYNTAX 1.3.6.1.4.1.1466.115.121.1.21 )</AttributeType>
      <AttributeType>( 1.2.840.113556.1.4.825 NAME 'enrollmentProviders' SYNTAX 1.3.6.1.4.1.1466.115.121.1.15 SINGLE-VALUE )</AttributeType>
      <AttributeType>( 1.3.6.1.1.20 NAME 'entryDN' DESC 'DN of the entry' SYNTAX 1.3.6.1.4.1.1466.115.121.1.12 SINGLE-VALUE NO-USER-MODIFICATION USAGE directoryOperation )</AttributeType>
      <AttributeType>( 1.3.6.1.4.1.1466.101.119.3 NAME 'entryTTL' SYNTAX 1.3.6.1.4.1.1466.115.121.1.27 SINGLE-VALUE )</AttributeType>
      <AttributeType>( 1.3.6.1.1.16.4 NAME 'entryUUID' DESC 'UUID of the entry' SYNTAX 1.3.6.1.1.16.1 SINGLE-VALUE NO-USER-MODIFICATION USAGE directoryOperation )</AttributeType>
      <AttributeType>( 1.2.840.113556.1.4.909 NAME 'extendedAttributeInfo' SYNTAX 1.3.6.1.4.1.1466.115.121.1.15 NO-USER-MODIFICATION )</AttributeType>
      <AttributeType>( 1.2.840.113556.1.2.380 NAME 'extendedCharsAllowed' SYNTAX 1.3.6.1.4.1.1466.115.121.1.7 SINGLE-VALUE )</AttributeType>
      <AttributeType>( 1.2.840.113556.1.4.908 NAME 'extendedClassInfo' SYNTAX 1.3.6.1.4.1.1466.115.121.1.15 NO-USER-MODIFICATION )</AttributeType>
      <AttributeType>( 1.2.840.113556.1.2.227 NAME 'extensionName' SYNTAX 1.3.6.1.4.1.1466.115.121.1.15 )</AttributeType>
      <AttributeType>( VMWare.DIR.attribute.0.29 NAME 'externalObjectId' DESC 'VMware defined attribute to store FSP objectId' SYNTAX 1.3.6.1.4.1.1466.115.121.1.40 SINGLE-VALUE NO-USER-MODIFICATION USAGE directoryOperation )</AttributeType>
      <AttributeType>( 1.2.840.113556.1.4.1687 NAME 'extraColumns' SYNTAX 1.3.6.1.4.1.1466.115.121.1.15 )</AttributeType>
      <AttributeType>( 2.5.4.23 NAME 'facsimileTelephoneNumber' SYNTAX 1.3.6.1.4.1.1466.115.121.1.15 SINGLE-VALUE )</AttributeType>
      <AttributeType>( 1.2.840.113556.1.4.816 NAME 'fileExtPriority' SYNTAX 1.3.6.1.4.1.1466.115.121.1.15 )</AttributeType>
      <AttributeType>( 1.2.840.113556.1.4.38 NAME 'flags' SYNTAX 1.3.6.1.4.1.1466.115.121.1.27 SINGLE-VALUE )</AttributeType>
      <AttributeType>( 1.2.840.113556.1.4.511 NAME 'flatName' SYNTAX 1.3.6.1.4.1.1466.115.121.1.15 SINGLE-VALUE )</AttributeType>
      <AttributeType>( 1.2.840.113556.1.4.39 NAME 'forceLogoff' SYNTAX 1.2.840.113556.1.4.906 SINGLE-VALUE )</AttributeType>
      <AttributeType>( 1.2.840.113556.1.4.356 NAME 'foreignIdentifier' SYNTAX 1.3.6.1.4.1.1466.115.121.1.40 SINGLE-VALUE )</AttributeType>
      <AttributeType>( 1.2.840.113556.1.4.682 NAME 'friendlyNames' SYNTAX 1.3.6.1.4.1.1466.115.121.1.15 )</AttributeType>
      <AttributeType>( 1.2.840.113556.1.4.910 NAME 'fromEntry' SYNTAX 1.3.6.1.4.1.1466.115.121.1.7 NO-USER-MODIFICATION )</AttributeType>
      <AttributeType>( 1.2.840.113556.1.4.40 NAME 'fromServer' SYNTAX 1.3.6.1.4.1.1466.115.121.1.12 SINGLE-VALUE )</AttributeType>
      <AttributeType>( 1.2.840.113556.1.4.869 NAME 'frsComputerReference' SYNTAX 1.3.6.1.4.1.1466.115.121.1.12 SINGLE-VALUE )</AttributeType>
      <AttributeType>( 1.2.840.113556.1.4.870 NAME 'frsComputerReferenceBL' SYNTAX 1.3.6.1.4.1.1466.115.121.1.12 NO-USER-MODIFICATION )</AttributeType>
      <AttributeType>( 1.2.840.113556.1.4.871 NAME 'fRSControlDataCreation' SYNTAX 1.3.6.1.4.1.1466.115.121.1.15 SINGLE-VALUE )</AttributeType>
      <AttributeType>( 1.2.840.113556.1.4.872 NAME 'fRSControlInboundBacklog' SYNTAX 1.3.6.1.4.1.1466.115.121.1.15 SINGLE-VALUE )</AttributeType>
      <AttributeType>( 1.2.840.113556.1.4.873 NAME 'fRSControlOutboundBacklog' SYNTAX 1.3.6.1.4.1.1466.115.121.1.15 SINGLE-VALUE )</AttributeType>
      <AttributeType>( 1.2.840.113556.1.4.484 NAME 'fRSDirectoryFilter' SYNTAX 1.3.6.1.4.1.1466.115.121.1.15 SINGLE-VALUE )</AttributeType>
      <AttributeType>( 1.2.840.113556.1.4.490 NAME 'fRSDSPoll' SYNTAX 1.3.6.1.4.1.1466.115.121.1.27 SINGLE-VALUE )</AttributeType>
      <AttributeType>( 1.2.840.113556.1.4.536 NAME 'fRSExtensions' SYNTAX 1.3.6.1.4.1.1466.115.121.1.40 SINGLE-VALUE )</AttributeType>
      <AttributeType>( 1.2.840.113556.1.4.491 NAME 'fRSFaultCondition' SYNTAX 1.3.6.1.4.1.1466.115.121.1.15 SINGLE-VALUE )</AttributeType>
      <AttributeType>( 1.2.840.113556.1.4.483 NAME 'fRSFileFilter' SYNTAX 1.3.6.1.4.1.1466.115.121.1.15 SINGLE-VALUE )</AttributeType>
      <AttributeType>( 1.2.840.113556.1.4.874 NAME 'fRSFlags' SYNTAX 1.3.6.1.4.1.1466.115.121.1.27 SINGLE-VALUE )</AttributeType>
      <AttributeType>( 1.2.840.113556.1.4.534 NAME 'fRSLevelLimit' SYNTAX 1.3.6.1.4.1.1466.115.121.1.27 SINGLE-VALUE )</AttributeType>
      <AttributeType>( 1.2.840.113556.1.4.875 NAME 'fRSMemberReference' SYNTAX 1.3.6.1.4.1.1466.115.121.1.12 SINGLE-VALUE )</AttributeType>
      <AttributeType>( 1.2.840.113556.1.4.876 NAME 'fRSMemberReferenceBL' SYNTAX 1.3.6.1.4.1.1466.115.121.1.12 NO-USER-MODIFICATION )</AttributeType>
      <AttributeType>( 1.2.840.113556.1.4.877 NAME 'fRSPartnerAuthLevel' SYNTAX 1.3.6.1.4.1.1466.115.121.1.27 SINGLE-VALUE )</AttributeType>
      <AttributeType>( 1.2.840.113556.1.4.878 NAME 'fRSPrimaryMember' SYNTAX 1.3.6.1.4.1.1466.115.121.1.12 SINGLE-VALUE )</AttributeType>
      <AttributeType>( 1.2.840.113556.1.4.533 NAME 'fRSReplicaSetGUID' SYNTAX 1.3.6.1.4.1.1466.115.121.1.40 SINGLE-VALUE )</AttributeType>
      <AttributeType>( 1.2.840.113556.1.4.31 NAME 'fRSReplicaSetType' SYNTAX 1.3.6.1.4.1.1466.115.121.1.27 SINGLE-VALUE )</AttributeType>
      <AttributeType>( 1.2.840.113556.1.4.487 NAME 'fRSRootPath' SYNTAX 1.3.6.1.4.1.1466.115.121.1.15 SINGLE-VALUE )</AttributeType>
      <AttributeType>( 1.2.840.113556.1.4.535 NAME 'fRSRootSecurity' SYNTAX 1.2.840.113556.1.4.907 SINGLE-VALUE )</AttributeType>
      <AttributeType>( 1.2.840.113556.1.4.500 NAME 'fRSServiceCommand' SYNTAX 1.3.6.1.4.1.1466.115.121.1.15 SINGLE-VALUE )</AttributeType>
      <AttributeType>( 1.2.840.113556.1.4.879 NAME 'fRSServiceCommandStatus' SYNTAX 1.3.6.1.4.1.1466.115.121.1.15 SINGLE-VALUE )</AttributeType>
      <AttributeType>( 1.2.840.113556.1.4.488 NAME 'fRSStagingPath' SYNTAX 1.3.6.1.4.1.1466.115.121.1.15 SINGLE-VALUE )</AttributeType>
      <AttributeType>( 1.2.840.113556.1.4.880 NAME 'fRSTimeLastCommand' SYNTAX 1.3.6.1.4.1.1466.115.121.1.53 SINGLE-VALUE )</AttributeType>
      <AttributeType>( 1.2.840.113556.1.4.881 NAME 'fRSTimeLastConfigChange' SYNTAX 1.3.6.1.4.1.1466.115.121.1.53 SINGLE-VALUE )</AttributeType>
      <AttributeType>( 1.2.840.113556.1.4.485 NAME 'fRSUpdateTimeout' SYNTAX 1.3.6.1.4.1.1466.115.121.1.27 SINGLE-VALUE )</AttributeType>
      <AttributeType>( 1.2.840.113556.1.4.882 NAME 'fRSVersion' SYNTAX 1.3.6.1.4.1.1466.115.121.1.15 SINGLE-VALUE )</AttributeType>
      <AttributeType>( 1.2.840.113556.1.4.43 NAME 'fRSVersionGUID' SYNTAX 1.3.6.1.4.1.1466.115.121.1.40 SINGLE-VALUE )</AttributeType>
      <AttributeType>( 1.2.840.113556.1.4.486 NAME 'fRSWorkingPath' SYNTAX 1.3.6.1.4.1.1466.115.121.1.15 SINGLE-VALUE )</AttributeType>
      <AttributeType>( 1.2.840.113556.1.4.369 NAME 'fSMORoleOwner' SYNTAX 1.3.6.1.4.1.1466.115.121.1.12 SINGLE-VALUE )</AttributeType>
      <AttributeType>( 1.2.840.113556.1.2.301 NAME 'garbageCollPeriod' SYNTAX 1.3.6.1.4.1.1466.115.121.1.27 SINGLE-VALUE )</AttributeType>
      <AttributeType>( 1.3.6.1.1.1.1.2 NAME 'gecos' SYNTAX 1.3.6.1.4.1.1466.115.121.1.26 SINGLE-VALUE )</AttributeType>
      <AttributeType>( 1.2.840.113556.1.4.41 NAME 'generatedConnection' SYNTAX 1.3.6.1.4.1.1466.115.121.1.7 SINGLE-VALUE )</AttributeType>
      <AttributeType>( 2.5.4.44 NAME 'generationQualifier' SYNTAX 1.3.6.1.4.1.1466.115.121.1.15 SINGLE-VALUE )</AttributeType>
      <AttributeType>( 1.3.6.1.1.1.1.1 NAME 'gidNumber' SYNTAX 1.3.6.1.4.1.1466.115.121.1.27 SINGLE-VALUE )</AttributeType>
      <AttributeType>( 2.5.4.42 NAME 'givenName' SYNTAX 1.3.6.1.4.1.1466.115.121.1.15 SINGLE-VALUE )</AttributeType>
      <AttributeType>( 1.2.840.113556.1.4.1245 NAME 'globalAddressList' SYNTAX 1.3.6.1.4.1.1466.115.121.1.12 )</AttributeType>
      <AttributeType>( 1.2.840.113556.1.4.2047 NAME 'globalAddressList2' SYNTAX 1.3.6.1.4.1.1466.115.121.1.12 )</AttributeType>
      <AttributeType>( 1.2.840.113556.1.2.22 NAME 'governsID' SYNTAX 1.3.6.1.4.1.1466.115.121.1.38 SINGLE-VALUE NO-USER-MODIFICATION )</AttributeType>
      <AttributeType>( 1.2.840.113556.1.4.894 NAME 'gPCFileSysPath' SYNTAX 1.3.6.1.4.1.1466.115.121.1.15 SINGLE-VALUE )</AttributeType>
      <AttributeType>( 1.2.840.113556.1.4.893 NAME 'gPCFunctionalityVersion' SYNTAX 1.3.6.1.4.1.1466.115.121.1.27 SINGLE-VALUE )</AttributeType>
      <AttributeType>( 1.2.840.113556.1.4.1348 NAME 'gPCMachineExtensionNames' SYNTAX 1.3.6.1.4.1.1466.115.121.1.15 SINGLE-VALUE )</AttributeType>
      <AttributeType>( 1.2.840.113556.1.4.1349 NAME 'gPCUserExtensionNames' SYNTAX 1.3.6.1.4.1.1466.115.121.1.15 SINGLE-VALUE )</AttributeType>
      <AttributeType>( 1.2.840.113556.1.4.1694 NAME 'gPCWQLFilter' SYNTAX 1.3.6.1.4.1.1466.115.121.1.15 SINGLE-VALUE )</AttributeType>
      <AttributeType>( 1.2.840.113556.1.4.891 NAME 'gPLink' SYNTAX 1.3.6.1.4.1.1466.115.121.1.15 SINGLE-VALUE )</AttributeType>
      <AttributeType>( 1.2.840.113556.1.4.892 NAME 'gPOptions' SYNTAX 1.3.6.1.4.1.1466.115.121.1.27 SINGLE-VALUE )</AttributeType>
      <AttributeType>( 1.2.840.113556.1.4.152 NAME 'groupAttributes' SYNTAX 1.3.6.1.4.1.1466.115.121.1.27 SINGLE-VALUE )</AttributeType>
      <AttributeType>( 1.2.840.113556.1.4.166 NAME 'groupMembershipSAM' SYNTAX 1.3.6.1.4.1.1466.115.121.1.40 SINGLE-VALUE )</AttributeType>
      <AttributeType>( 1.2.840.113556.1.4.345 NAME 'groupPriority' SYNTAX 1.3.6.1.4.1.1466.115.121.1.15 )</AttributeType>
      <AttributeType>( 1.2.840.113556.1.4.344 NAME 'groupsToIgnore' SYNTAX 1.3.6.1.4.1.1466.115.121.1.15 )</AttributeType>
      <AttributeType>( 1.2.840.113556.1.4.750 NAME 'groupType' SYNTAX 1.3.6.1.4.1.1466.115.121.1.27 SINGLE-VALUE )</AttributeType>
      <AttributeType>( 1.2.840.113556.1.2.14 NAME 'hasMasterNCs' SYNTAX 1.3.6.1.4.1.1466.115.121.1.12 NO-USER-MODIFICATION )</AttributeType>
      <AttributeType>( 1.2.840.113556.1.2.15 NAME 'hasPartialReplicaNCs' SYNTAX 1.3.6.1.4.1.1466.115.121.1.12 NO-USER-MODIFICATION )</AttributeType>
      <AttributeType>( 2.5.18.9 NAME 'hasSubordinates' DESC 'X.501: entry has children' SYNTAX 1.3.6.1.4.1.1466.115.121.1.7 SINGLE-VALUE NO-USER-MODIFICATION USAGE directoryOperation )</AttributeType>
      <AttributeType>( 1.2.840.113556.1.2.402 NAME 'helpData16' SYNTAX 1.3.6.1.4.1.1466.115.121.1.40 SINGLE-VALUE )</AttributeType>
      <AttributeType>( 1.2.840.113556.1.2.9 NAME 'helpData32' SYNTAX 1.3.6.1.4.1.1466.115.121.1.40 SINGLE-VALUE )</AttributeType>
      <AttributeType>( 1.2.840.113556.1.2.327 NAME 'helpFileName' SYNTAX 1.3.6.1.4.1.1466.115.121.1.15 SINGLE-VALUE )</AttributeType>
      <AttributeType>( 1.2.840.113556.1.4.1780 NAME 'hideFromAB' SYNTAX 1.3.6.1.4.1.1466.115.121.1.7 SINGLE-VALUE )</AttributeType>
      <AttributeType>( VMWare.DIR.attribute.1.6 NAME 'highestCommittedUSN' DESC 'Highest committed USN on this vmware directory server' SYNTAX 1.3.6.1.4.1.1466.115.121.1.27 SINGLE-VALUE NO-USER-MODIFICATION USAGE directoryOperation )</AttributeType>
      <AttributeType>( 1.2.840.113556.1.4.44 NAME 'homeDirectory' SYNTAX 1.3.6.1.4.1.1466.115.121.1.15 SINGLE-VALUE )</AttributeType>
      <AttributeType>( 1.2.840.113556.1.4.45 NAME 'homeDrive' SYNTAX 1.3.6.1.4.1.1466.115.121.1.15 SINGLE-VALUE )</AttributeType>
      <AttributeType>( 0.9.2342.19200300.100.1.20 NAME 'homePhone' SYNTAX 1.3.6.1.4.1.1466.115.121.1.15 SINGLE-VALUE )</AttributeType>
      <AttributeType>( 1.2.840.113556.1.2.617 NAME 'homePostalAddress' SYNTAX 1.3.6.1.4.1.1466.115.121.1.15 SINGLE-VALUE )</AttributeType>
      <AttributeType>( 0.9.2342.19200300.100.1.9 NAME 'host' SYNTAX 1.3.6.1.4.1.1466.115.121.1.15 )</AttributeType>
      <AttributeType>( 2.5.4.51 NAME 'houseIdentifier' SYNTAX 1.3.6.1.4.1.1466.115.121.1.15 )</AttributeType>
      <AttributeType>( 1.2.840.113556.1.4.219 NAME 'iconPath' SYNTAX 1.3.6.1.4.1.1466.115.121.1.15 )</AttributeType>
      <AttributeType>( 1.2.840.113556.1.4.320 NAME 'implementedCategories' SYNTAX 1.3.6.1.4.1.1466.115.121.1.40 )</AttributeType>
      <AttributeType>( 1.2.840.113556.1.4.681 NAME 'indexedScopes' SYNTAX 1.3.6.1.4.1.1466.115.121.1.15 )</AttributeType>
      <AttributeType>( 1.2.840.113556.1.2.81 NAME 'info' SYNTAX 1.3.6.1.4.1.1466.115.121.1.15 SINGLE-VALUE )</AttributeType>
      <AttributeType>( 1.2.840.113556.1.4.539 NAME 'initialAuthIncoming' SYNTAX 1.3.6.1.4.1.1466.115.121.1.15 SINGLE-VALUE )</AttributeType>
      <AttributeType>( 1.2.840.113556.1.4.540 NAME 'initialAuthOutgoing' SYNTAX 1.3.6.1.4.1.1466.115.121.1.15 SINGLE-VALUE )</AttributeType>
      <AttributeType>( 2.5.4.43 NAME 'initials' SYNTAX 1.3.6.1.4.1.1466.115.121.1.15 SINGLE-VALUE )</AttributeType>
      <AttributeType>( 1.2.840.113556.1.4.847 NAME 'installUiLevel' SYNTAX 1.3.6.1.4.1.1466.115.121.1.27 SINGLE-VALUE )</AttributeType>
      <AttributeType>( 1.2.840.113556.1.2.1 NAME 'instanceType' SYNTAX 1.3.6.1.4.1.1466.115.121.1.27 SINGLE-VALUE NO-USER-MODIFICATION )</AttributeType>
      <AttributeType>( 2.5.4.25 NAME 'internationalISDNNumber' SYNTAX 1.3.6.1.4.1.1466.115.121.1.36 )</AttributeType>
      <AttributeType>( 1.2.840.113556.1.4.1248 NAME 'interSiteTopologyFailover' SYNTAX 1.3.6.1.4.1.1466.115.121.1.27 SINGLE-VALUE )</AttributeType>
      <AttributeType>( 1.2.840.113556.1.4.1246 NAME 'interSiteTopologyGenerator' SYNTAX 1.3.6.1.4.1.1466.115.121.1.12 SINGLE-VALUE )</AttributeType>
      <AttributeType>( 1.2.840.113556.1.4.1247 NAME 'interSiteTopologyRenew' SYNTAX 1.3.6.1.4.1.1466.115.121.1.27 SINGLE-VALUE )</AttributeType>
      <AttributeType>( 1.2.840.113556.1.2.115 NAME 'invocationId' SYNTAX 1.3.6.1.4.1.1466.115.121.1.40 SINGLE-VALUE NO-USER-MODIFICATION )</AttributeType>
      <AttributeType>( 1.3.6.1.1.1.1.19 NAME 'ipHostNumber' SYNTAX 1.3.6.1.4.1.1466.115.121.1.26 )</AttributeType>
      <AttributeType>( 1.3.6.1.1.1.1.21 NAME 'ipNetmaskNumber' SYNTAX 1.3.6.1.4.1.1466.115.121.1.26 SINGLE-VALUE )</AttributeType>
      <AttributeType>( 1.3.6.1.1.1.1.20 NAME 'ipNetworkNumber' SYNTAX 1.3.6.1.4.1.1466.115.121.1.26 SINGLE-VALUE )</AttributeType>
      <AttributeType>( 1.2.840.113556.1.4.721 NAME 'ipPhone' SYNTAX 1.3.6.1.4.1.1466.115.121.1.15 SINGLE-VALUE )</AttributeType>
      <AttributeType>( 1.3.6.1.1.1.1.17 NAME 'ipProtocolNumber' SYNTAX 1.3.6.1.4.1.1466.115.121.1.27 SINGLE-VALUE )</AttributeType>
      <AttributeType>( 1.2.840.113556.1.4.623 NAME 'ipsecData' SYNTAX 1.3.6.1.4.1.1466.115.121.1.40 SINGLE-VALUE )</AttributeType>
      <AttributeType>( 1.2.840.113556.1.4.622 NAME 'ipsecDataType' SYNTAX 1.3.6.1.4.1.1466.115.121.1.27 SINGLE-VALUE )</AttributeType>
      <AttributeType>( 1.2.840.113556.1.4.629 NAME 'ipsecFilterReference' SYNTAX 1.3.6.1.4.1.1466.115.121.1.12 )</AttributeType>
      <AttributeType>( 1.2.840.113556.1.4.621 NAME 'ipsecID' SYNTAX 1.3.6.1.4.1.1466.115.121.1.15 SINGLE-VALUE )</AttributeType>
      <AttributeType>( 1.2.840.113556.1.4.626 NAME 'ipsecISAKMPReference' SYNTAX 1.3.6.1.4.1.1466.115.121.1.12 SINGLE-VALUE )</AttributeType>
      <AttributeType>( 1.2.840.113556.1.4.620 NAME 'ipsecName' SYNTAX 1.3.6.1.4.1.1466.115.121.1.15 SINGLE-VALUE )</AttributeType>
      <AttributeType>( 1.2.840.113556.1.4.888 NAME 'iPSECNegotiationPolicyAction' SYNTAX 1.3.6.1.4.1.1466.115.121.1.15 SINGLE-VALUE )</AttributeType>
      <AttributeType>( 1.2.840.113556.1.4.628 NAME 'ipsecNegotiationPolicyReference' SYNTAX 1.3.6.1.4.1.1466.115.121.1.12 SINGLE-VALUE )</AttributeType>
      <AttributeType>( 1.2.840.113556.1.4.887 NAME 'iPSECNegotiationPolicyType' SYNTAX 1.3.6.1.4.1.1466.115.121.1.15 SINGLE-VALUE )</AttributeType>
      <AttributeType>( 1.2.840.113556.1.4.627 NAME 'ipsecNFAReference' SYNTAX 1.3.6.1.4.1.1466.115.121.1.12 )</AttributeType>
      <AttributeType>( 1.2.840.113556.1.4.624 NAME 'ipsecOwnersReference' SYNTAX 1.3.6.1.4.1.1466.115.121.1.12 )</AttributeType>
      <AttributeType>( 1.2.840.113556.1.4.517 NAME 'ipsecPolicyReference' SYNTAX 1.3.6.1.4.1.1466.115.121.1.12 SINGLE-VALUE )</AttributeType>
      <AttributeType>( 1.3.6.1.1.1.1.15 NAME 'ipServicePort' SYNTAX 1.3.6.1.4.1.1466.115.121.1.27 SINGLE-VALUE )</AttributeType>
      <AttributeType>( 1.3.6.1.1.1.1.16 NAME 'ipServiceProtocol' SYNTAX 1.3.6.1.4.1.1466.115.121.1.26 )</AttributeType>
      <AttributeType>( 1.2.840.113556.1.4.868 NAME 'isCriticalSystemObject' SYNTAX 1.3.6.1.4.1.1466.115.121.1.7 SINGLE-VALUE )</AttributeType>
      <AttributeType>( 1.2.840.113556.1.4.661 NAME 'isDefunct' SYNTAX 1.3.6.1.4.1.1466.115.121.1.7 SINGLE-VALUE )</AttributeType>
      <AttributeType>( VMWare.DIR.attribute.1.3 NAME 'isDeleted' DESC 'Value of the attribute determines if an object is in the DELETED state' SYNTAX 1.3.6.1.4.1.1466.115.121.1.15 SINGLE-VALUE NO-USER-MODIFICATION USAGE directoryOperation )</AttributeType>
      <AttributeType>( 1.2.840.113556.1.4.1212 NAME 'isEphemeral' SYNTAX 1.3.6.1.4.1.1466.115.121.1.7 SINGLE-VALUE NO-USER-MODIFICATION )</AttributeType>
      <AttributeType>( 1.2.840.113556.1.4.639 NAME 'isMemberOfPartialAttributeSet' SYNTAX 1.3.6.1.4.1.1466.115.121.1.7 SINGLE-VALUE )</AttributeType>
      <AttributeType>( 1.2.840.113556.1.4.638 NAME 'isPrivilegeHolder' SYNTAX 1.3.6.1.4.1.1466.115.121.1.12 NO-USER-MODIFICATION )</AttributeType>
      <AttributeType>( 1.2.840.113556.1.4.2058 NAME 'isRecycled' SYNTAX 1.3.6.1.4.1.1466.115.121.1.7 SINGLE-VALUE NO-USER-MODIFICATION )</AttributeType>
      <AttributeType>( 1.2.840.113556.1.2.33 NAME 'isSingleValued' SYNTAX 1.3.6.1.4.1.1466.115.121.1.7 SINGLE-VALUE NO-USER-MODIFICATION )</AttributeType>
      <AttributeType>( 0.9.2342.19200300.100.1.60 NAME 'jpegPhoto' SYNTAX 1.3.6.1.4.1.1466.115.121.1.40 )</AttributeType>
      <AttributeType>( 1.2.840.113556.1.4.48 NAME 'keywords' SYNTAX 1.3.6.1.4.1.1466.115.121.1.15 )</AttributeType>
      <AttributeType>( 2.5.4.2 NAME 'knowledgeInformation' SYNTAX 1.2.840.113556.1.4.905 )</AttributeType>
      <AttributeType>( VMWare.Kerberos.attribute.17 NAME 'krbAdmServers' SYNTAX 1.3.6.1.4.1.1466.115.121.1.12 )</AttributeType>
      <AttributeType>( VMWare.Kerberos.attribute.44 NAME 'krbAllowedToDelegateTo' SYNTAX 1.3.6.1.4.1.1466.115.121.1.26 )</AttributeType>
      <AttributeType>( VMWare.Kerberos.attribute.2 NAME 'krbCanonicalName' SYNTAX 1.3.6.1.4.1.1466.115.121.1.26 SINGLE-VALUE )</AttributeType>
      <AttributeType>( VMWare.Kerberos.attribute.31 NAME 'krbDefaultEncSaltTypes' SYNTAX 1.3.6.1.4.1.1466.115.121.1.15 )</AttributeType>
      <AttributeType>( VMWare.Kerberos.attribute.41 NAME 'krbExtraData' SYNTAX 1.3.6.1.4.1.1466.115.121.1.40 )</AttributeType>
      <AttributeType>( VMWare.Kerberos.attribute.13 NAME 'krbHostServer' SYNTAX 1.3.6.1.4.1.1466.115.121.1.26 )</AttributeType>
      <AttributeType>( VMWare.Kerberos.attribute.11 NAME 'krbKdcServers' SYNTAX 1.3.6.1.4.1.1466.115.121.1.12 )</AttributeType>
      <AttributeType>( VMWare.Kerberos.attribute.35 NAME 'krbLastAdminUnlock' SYNTAX 1.3.6.1.4.1.1466.115.121.1.24 SINGLE-VALUE )</AttributeType>
      <AttributeType>( VMWare.Kerberos.attribute.39 NAME 'krbLastFailedAuth' SYNTAX 1.3.6.1.4.1.1466.115.121.1.24 SINGLE-VALUE )</AttributeType>
      <AttributeType>( VMWare.Kerberos.attribute.34 NAME 'krbLastPwdChange' SYNTAX 1.3.6.1.4.1.1466.115.121.1.24 SINGLE-VALUE )</AttributeType>
      <AttributeType>( VMWare.Kerberos.attribute.38 NAME 'krbLastSuccessfulAuth' SYNTAX 1.3.6.1.4.1.1466.115.121.1.24 SINGLE-VALUE )</AttributeType>
      <AttributeType>( VMWare.Kerberos.attribute.10 NAME 'krbLdapServers' SYNTAX 1.3.6.1.4.1.1466.115.121.1.15 )</AttributeType>
      <AttributeType>( VMWare.Kerberos.attribute.40 NAME 'krbLoginFailedCount' SYNTAX 1.3.6.1.4.1.1466.115.121.1.27 SINGLE-VALUE )</AttributeType>
      <AttributeType>( VMWare.Kerberos.attribute.18 NAME 'krbMaxPwdLife' SYNTAX 1.3.6.1.4.1.1466.115.121.1.27 SINGLE-VALUE )</AttributeType>
      <AttributeType>( VMWare.Kerberos.attribute.8 NAME 'krbMaxRenewableAge' SYNTAX 1.3.6.1.4.1.1466.115.121.1.27 SINGLE-VALUE )</AttributeType>
      <AttributeType>( VMWare.Kerberos.attribute.7 NAME 'krbMaxTicketLife' SYNTAX 1.3.6.1.4.1.1466.115.121.1.27 SINGLE-VALUE )</AttributeType>
      <AttributeType>( VMWare.Kerberos.attribute.19 NAME 'krbMinPwdLife' SYNTAX 1.3.6.1.4.1.1466.115.121.1.27 SINGLE-VALUE )</AttributeType>
      <AttributeType>( VMWare.Kerberos.attribute.36 NAME 'krbMKey' SYNTAX 1.3.6.1.4.1.1466.115.121.1.40 )</AttributeType>
      <AttributeType>( VMWare.Kerberos.attribute.42 NAME 'krbObjectReferences' SYNTAX 1.3.6.1.4.1.1466.115.121.1.12 )</AttributeType>
      <AttributeType>( VMWare.Kerberos.attribute.27 NAME 'krbPasswordExpiration' SYNTAX 1.3.6.1.4.1.1466.115.121.1.24 SINGLE-VALUE )</AttributeType>
      <AttributeType>( VMWare.Kerberos.attribute.43 NAME 'krbPrincContainerRef' SYNTAX 1.3.6.1.4.1.1466.115.121.1.12 )</AttributeType>
      <AttributeType>( VMWare.Kerberos.attribute.37 NAME 'krbPrincipalAliases' SYNTAX 1.3.6.1.4.1.1466.115.121.1.26 )</AttributeType>
      <AttributeType>( VMWare.Kerberos.attribute.5 NAME 'krbPrincipalExpiration' SYNTAX 1.3.6.1.4.1.1466.115.121.1.24 SINGLE-VALUE )</AttributeType>
      <AttributeType>( VMWare.Kerberos.attribute.28 NAME 'krbPrincipalKey' SYNTAX 1.3.6.1.4.1.1466.115.121.1.40 )</AttributeType>
      <AttributeType>( VMWare.Kerberos.attribute.1 NAME 'krbPrincipalName' SYNTAX 1.3.6.1.4.1.1466.115.121.1.26 )</AttributeType>
      <AttributeType>( VMWare.Kerberos.attribute.15 NAME 'krbPrincipalReferences' SYNTAX 1.3.6.1.4.1.1466.115.121.1.12 )</AttributeType>
      <AttributeType>( VMWare.Kerberos.attribute.3 NAME 'krbPrincipalType' SYNTAX 1.3.6.1.4.1.1466.115.121.1.27 SINGLE-VALUE )</AttributeType>
      <AttributeType>( VMWare.Kerberos.attribute.16 NAME 'krbPrincNamingAttr' SYNTAX 1.3.6.1.4.1.1466.115.121.1.15 SINGLE-VALUE )</AttributeType>
      <AttributeType>( VMWare.Kerberos.attribute.24 NAME 'krbPwdFailureCountInterval' SYNTAX 1.3.6.1.4.1.1466.115.121.1.27 SINGLE-VALUE )</AttributeType>
      <AttributeType>( VMWare.Kerberos.attribute.33 NAME 'krbPwdHistory' SYNTAX 1.3.6.1.4.1.1466.115.121.1.40 )</AttributeType>
      <AttributeType>( VMWare.Kerberos.attribute.22 NAME 'krbPwdHistoryLength' SYNTAX 1.3.6.1.4.1.1466.115.121.1.27 SINGLE-VALUE )</AttributeType>
      <AttributeType>( VMWare.Kerberos.attribute.25 NAME 'krbPwdLockoutDuration' SYNTAX 1.3.6.1.4.1.1466.115.121.1.27 SINGLE-VALUE )</AttributeType>
      <AttributeType>( VMWare.Kerberos.attribute.23 NAME 'krbPwdMaxFailure' SYNTAX 1.3.6.1.4.1.1466.115.121.1.27 SINGLE-VALUE )</AttributeType>
      <AttributeType>( VMWare.Kerberos.attribute.20 NAME 'krbPwdMinDiffChars' SYNTAX 1.3.6.1.4.1.1466.115.121.1.27 SINGLE-VALUE )</AttributeType>
      <AttributeType>( VMWare.Kerberos.attribute.21 NAME 'krbPwdMinLength' SYNTAX 1.3.6.1.4.1.1466.115.121.1.27 SINGLE-VALUE )</AttributeType>
      <AttributeType>( VMWare.Kerberos.attribute.26 NAME 'krbPwdPolicyReference' SYNTAX 1.3.6.1.4.1.1466.115.121.1.12 SINGLE-VALUE )</AttributeType>
      <AttributeType>( VMWare.Kerberos.attribute.12 NAME 'krbPwdServers' SYNTAX 1.3.6.1.4.1.1466.115.121.1.12 )</AttributeType>
      <AttributeType>( VMWare.Kerberos.attribute.9 NAME 'krbRealmReferences' SYNTAX 1.3.6.1.4.1.1466.115.121.1.12 )</AttributeType>
      <AttributeType>( VMWare.Kerberos.attribute.14 NAME 'krbSearchScope' SYNTAX 1.3.6.1.4.1.1466.115.121.1.27 SINGLE-VALUE )</AttributeType>
      <AttributeType>( VMWare.Kerberos.attribute.30 NAME 'krbSubTrees' SYNTAX 1.3.6.1.4.1.1466.115.121.1.12 )</AttributeType>
      <AttributeType>( VMWare.Kerberos.attribute.32 NAME 'krbSupportedEncSaltTypes' SYNTAX 1.3.6.1.4.1.1466.115.121.1.15 )</AttributeType>
      <AttributeType>( VMWare.Kerberos.attribute.6 NAME 'krbTicketFlags' SYNTAX 1.3.6.1.4.1.1466.115.121.1.27 SINGLE-VALUE )</AttributeType>
      <AttributeType>( VMWare.Kerberos.attribute.29 NAME 'krbTicketPolicyReference' SYNTAX 1.3.6.1.4.1.1466.115.121.1.12 SINGLE-VALUE )</AttributeType>
      <AttributeType>( VMWare.Kerberos.attribute.4 NAME 'krbUPEnabled' DESC 'Boolean' SYNTAX 1.3.6.1.4.1.1466.115.121.1.7 SINGLE-VALUE )</AttributeType>
      <AttributeType>( 2.5.4.7 NAME 'l' SYNTAX 1.3.6.1.4.1.1466.115.121.1.15 SINGLE-VALUE )</AttributeType>
      <AttributeType>( 1.3.6.1.4.1.250.1.57 NAME 'labeledURI' SYNTAX 1.3.6.1.4.1.1466.115.121.1.15 )</AttributeType>
      <AttributeType>( 1.2.840.113556.1.4.519 NAME 'lastBackupRestorationTime' SYNTAX 1.2.840.113556.1.4.906 SINGLE-VALUE )</AttributeType>
      <AttributeType>( 1.2.840.113556.1.4.50 NAME 'lastContentIndexed' SYNTAX 1.2.840.113556.1.4.906 SINGLE-VALUE )</AttributeType>
      <AttributeType>( VMWare.DIR.attribute.0.3 NAME 'lastKnownDn' DESC 'last known DN of the DELETED object' SYNTAX 1.3.6.1.4.1.1466.115.121.1.12 SINGLE-VALUE NO-USER-MODIFICATION USAGE directoryOperation )</AttributeType>
      <AttributeType>( 1.2.840.113556.1.4.781 NAME 'lastKnownParent' SYNTAX 1.3.6.1.4.1.1466.115.121.1.12 SINGLE-VALUE )</AttributeType>
      <AttributeType>( VMWare.DIR.attribute.0.13 NAME 'lastLocalUsnProcessed' DESC 'Last local update sequence number, corresponding to this replication partner, processed by the current server.' SYNTAX 1.3.6.1.4.1.1466.115.121.1.27 SINGLE-VALUE NO-USER-MODIFICATION USAGE directoryOperation )</AttributeType>
      <AttributeType>( 1.2.840.113556.1.4.51 NAME 'lastLogoff' SYNTAX 1.2.840.113556.1.4.906 SINGLE-VALUE )</AttributeType>
      <AttributeType>( 1.2.840.113556.1.4.52 NAME 'lastLogon' SYNTAX 1.2.840.113556.1.4.906 SINGLE-VALUE )</AttributeType>
      <AttributeType>( 1.2.840.113556.1.4.1696 NAME 'lastLogonTimestamp' SYNTAX 1.2.840.113556.1.4.906 SINGLE-VALUE )</AttributeType>
      <AttributeType>( 1.2.840.113556.1.4.53 NAME 'lastSetTime' SYNTAX 1.2.840.113556.1.4.906 SINGLE-VALUE )</AttributeType>
      <AttributeType>( 1.2.840.113556.1.4.330 NAME 'lastUpdateSequence' SYNTAX 1.3.6.1.4.1.1466.115.121.1.15 SINGLE-VALUE )</AttributeType>
      <AttributeType>( 1.2.840.113556.1.4.843 NAME 'lDAPAdminLimits' SYNTAX 1.3.6.1.4.1.1466.115.121.1.15 )</AttributeType>
      <AttributeType>( 1.2.840.113556.1.2.460 NAME 'lDAPDisplayName' SYNTAX 1.3.6.1.4.1.1466.115.121.1.15 SINGLE-VALUE )</AttributeType>
      <AttributeType>( 1.2.840.113556.1.4.844 NAME 'lDAPIPDenyList' SYNTAX 1.3.6.1.4.1.1466.115.121.1.40 )</AttributeType>
      <AttributeType>( 1.3.6.1.4.1.1466.101.120.16 NAME 'ldapSyntaxes' DESC 'RFC4512: LDAP syntaxes' SYNTAX 1.3.6.1.4.1.1466.115.121.1.5 USAGE directoryOperation )</AttributeType>
      <AttributeType>( 1.2.840.113556.1.4.655 NAME 'legacyExchangeDN' SYNTAX 1.2.840.113556.1.4.905 SINGLE-VALUE )</AttributeType>
      <AttributeType>( 1.2.840.113556.1.2.50 NAME 'linkID' SYNTAX 1.3.6.1.4.1.1466.115.121.1.27 SINGLE-VALUE NO-USER-MODIFICATION )</AttributeType>
      <AttributeType>( 1.2.840.113556.1.4.269 NAME 'linkTrackSecret' SYNTAX 1.3.6.1.4.1.1466.115.121.1.40 SINGLE-VALUE )</AttributeType>
      <AttributeType>( 1.2.840.113556.1.4.160 NAME 'lmPwdHistory' SYNTAX 1.3.6.1.4.1.1466.115.121.1.40 )</AttributeType>
      <AttributeType>( 1.2.840.113556.1.4.58 NAME 'localeID' SYNTAX 1.3.6.1.4.1.1466.115.121.1.27 )</AttributeType>
      <AttributeType>( 1.2.840.113556.1.4.1353 NAME 'localizationDisplayId' SYNTAX 1.3.6.1.4.1.1466.115.121.1.27 SINGLE-VALUE )</AttributeType>
      <AttributeType>( 1.2.840.113556.1.4.817 NAME 'localizedDescription' SYNTAX 1.3.6.1.4.1.1466.115.121.1.15 )</AttributeType>
      <AttributeType>( 1.2.840.113556.1.4.56 NAME 'localPolicyFlags' SYNTAX 1.3.6.1.4.1.1466.115.121.1.27 SINGLE-VALUE )</AttributeType>
      <AttributeType>( 1.2.840.113556.1.4.457 NAME 'localPolicyReference' SYNTAX 1.3.6.1.4.1.1466.115.121.1.12 SINGLE-VALUE )</AttributeType>
      <AttributeType>( 1.2.840.113556.1.4.222 NAME 'location' SYNTAX 1.3.6.1.4.1.1466.115.121.1.15 SINGLE-VALUE )</AttributeType>
      <AttributeType>( 1.2.840.113556.1.4.60 NAME 'lockoutDuration' SYNTAX 1.2.840.113556.1.4.906 SINGLE-VALUE )</AttributeType>
      <AttributeType>( 1.2.840.113556.1.4.61 NAME 'lockOutObservationWindow' SYNTAX 1.2.840.113556.1.4.906 SINGLE-VALUE )</AttributeType>
      <AttributeType>( 1.2.840.113556.1.4.73 NAME 'lockoutThreshold' SYNTAX 1.3.6.1.4.1.1466.115.121.1.27 SINGLE-VALUE )</AttributeType>
      <AttributeType>( 1.2.840.113556.1.4.662 NAME 'lockoutTime' SYNTAX 1.2.840.113556.1.4.906 SINGLE-VALUE )</AttributeType>
      <AttributeType>( 1.3.6.1.1.1.1.4 NAME 'loginShell' SYNTAX 1.3.6.1.4.1.1466.115.121.1.26 SINGLE-VALUE )</AttributeType>
      <AttributeType>( 1.2.840.113556.1.4.169 NAME 'logonCount' SYNTAX 1.3.6.1.4.1.1466.115.121.1.27 SINGLE-VALUE )</AttributeType>
      <AttributeType>( 1.2.840.113556.1.4.64 NAME 'logonHours' SYNTAX 1.3.6.1.4.1.1466.115.121.1.40 SINGLE-VALUE )</AttributeType>
      <AttributeType>( 1.2.840.113556.1.4.65 NAME 'logonWorkstation' SYNTAX 1.3.6.1.4.1.1466.115.121.1.40 SINGLE-VALUE )</AttributeType>
      <AttributeType>( 1.2.840.113556.1.4.66 NAME 'lSACreationTime' SYNTAX 1.2.840.113556.1.4.906 SINGLE-VALUE )</AttributeType>
      <AttributeType>( 1.2.840.113556.1.4.67 NAME 'lSAModifiedCount' SYNTAX 1.2.840.113556.1.4.906 SINGLE-VALUE )</AttributeType>
      <AttributeType>( 1.3.6.1.1.1.1.22 NAME 'macAddress' SYNTAX 1.3.6.1.4.1.1466.115.121.1.26 )</AttributeType>
      <AttributeType>( 1.2.840.113556.1.4.68 NAME 'machineArchitecture' SYNTAX 1.3.6.1.4.1.1466.115.121.1.27 )</AttributeType>
      <AttributeType>( 1.2.840.113556.1.4.520 NAME 'machinePasswordChangeInterval' SYNTAX 1.2.840.113556.1.4.906 SINGLE-VALUE )</AttributeType>
      <AttributeType>( 1.2.840.113556.1.4.71 NAME 'machineRole' SYNTAX 1.3.6.1.4.1.1466.115.121.1.27 SINGLE-VALUE )</AttributeType>
      <AttributeType>( 1.2.840.113556.1.4.459 NAME 'machineWidePolicy' SYNTAX 1.3.6.1.4.1.1466.115.121.1.40 )</AttributeType>
      <AttributeType>( 0.9.2342.19200300.100.1.3 NAME 'mail' SYNTAX 1.3.6.1.4.1.1466.115.121.1.15 SINGLE-VALUE )</AttributeType>
      <AttributeType>( 1.2.840.113556.1.4.786 NAME 'mailAddress' SYNTAX 1.3.6.1.4.1.1466.115.121.1.15 SINGLE-VALUE )</AttributeType>
      <AttributeType>( 1.2.840.113556.1.4.653 NAME 'managedBy' SYNTAX 1.3.6.1.4.1.1466.115.121.1.12 SINGLE-VALUE )</AttributeType>
      <AttributeType>( 1.2.840.113556.1.4.654 NAME 'managedObjects' SYNTAX 1.3.6.1.4.1.1466.115.121.1.12 NO-USER-MODIFICATION )</AttributeType>
      <AttributeType>( 0.9.2342.19200300.100.1.10 NAME 'manager' SYNTAX 1.3.6.1.4.1.1466.115.121.1.12 SINGLE-VALUE )</AttributeType>
      <AttributeType>( 1.2.840.113556.1.2.49 NAME 'mAPIID' SYNTAX 1.3.6.1.4.1.1466.115.121.1.27 SINGLE-VALUE NO-USER-MODIFICATION )</AttributeType>
      <AttributeType>( 1.2.840.113556.1.4.72 NAME 'marshalledInterface' SYNTAX 1.3.6.1.4.1.1466.115.121.1.40 )</AttributeType>
      <AttributeType>( 1.2.840.113556.1.4.1409 NAME 'masteredBy' SYNTAX 1.3.6.1.4.1.1466.115.121.1.12 NO-USER-MODIFICATION )</AttributeType>
      <AttributeType>( 2.5.21.4 NAME 'matchingRules' DESC 'RFC4512: matching rules' SYNTAX 1.3.6.1.4.1.1466.115.121.1.5 USAGE directoryOperation )</AttributeType>
      <AttributeType>( 2.5.21.8 NAME 'matchingRuleUse' DESC 'RFC4512: matching rule uses' SYNTAX 1.3.6.1.4.1.1466.115.121.1.5 USAGE directoryOperation )</AttributeType>
      <AttributeType>( 1.2.840.113556.1.4.74 NAME 'maxPwdAge' SYNTAX 1.2.840.113556.1.4.906 SINGLE-VALUE )</AttributeType>
      <AttributeType>( 1.2.840.113556.1.4.75 NAME 'maxRenewAge' SYNTAX 1.2.840.113556.1.4.906 SINGLE-VALUE )</AttributeType>
      <AttributeType>( 1.2.840.113556.1.4.76 NAME 'maxStorage' SYNTAX 1.2.840.113556.1.4.906 SINGLE-VALUE )</AttributeType>
      <AttributeType>( 1.2.840.113556.1.4.77 NAME 'maxTicketAge' SYNTAX 1.2.840.113556.1.4.906 SINGLE-VALUE )</AttributeType>
      <AttributeType>( 1.2.840.113556.1.2.25 NAME 'mayContain' SYNTAX 1.3.6.1.4.1.1466.115.121.1.38 )</AttributeType>
      <AttributeType>( 1.2.840.113556.1.4.582 NAME 'meetingAdvertiseScope' SYNTAX 1.3.6.1.4.1.1466.115.121.1.15 SINGLE-VALUE )</AttributeType>
      <AttributeType>( 1.2.840.113556.1.4.573 NAME 'meetingApplication' SYNTAX 1.3.6.1.4.1.1466.115.121.1.15 )</AttributeType>
      <AttributeType>( 1.2.840.113556.1.4.589 NAME 'meetingBandwidth' SYNTAX 1.3.6.1.4.1.1466.115.121.1.27 )</AttributeType>
      <AttributeType>( 1.2.840.113556.1.4.590 NAME 'meetingBlob' SYNTAX 1.3.6.1.4.1.1466.115.121.1.40 SINGLE-VALUE )</AttributeType>
      <AttributeType>( 1.2.840.113556.1.4.578 NAME 'meetingContactInfo' SYNTAX 1.3.6.1.4.1.1466.115.121.1.15 SINGLE-VALUE )</AttributeType>
      <AttributeType>( 1.2.840.113556.1.4.567 NAME 'meetingDescription' SYNTAX 1.3.6.1.4.1.1466.115.121.1.15 SINGLE-VALUE )</AttributeType>
      <AttributeType>( 1.2.840.113556.1.4.588 NAME 'meetingEndTime' SYNTAX 1.3.6.1.4.1.1466.115.121.1.53 )</AttributeType>
      <AttributeType>( 1.2.840.113556.1.4.565 NAME 'meetingID' SYNTAX 1.3.6.1.4.1.1466.115.121.1.15 SINGLE-VALUE )</AttributeType>
      <AttributeType>( 1.2.840.113556.1.4.580 NAME 'meetingIP' SYNTAX 1.3.6.1.4.1.1466.115.121.1.15 SINGLE-VALUE )</AttributeType>
      <AttributeType>( 1.2.840.113556.1.4.585 NAME 'meetingIsEncrypted' SYNTAX 1.3.6.1.4.1.1466.115.121.1.15 SINGLE-VALUE )</AttributeType>
      <AttributeType>( 1.2.840.113556.1.4.568 NAME 'meetingKeyword' SYNTAX 1.3.6.1.4.1.1466.115.121.1.15 )</AttributeType>
      <AttributeType>( 1.2.840.113556.1.4.574 NAME 'meetingLanguage' SYNTAX 1.3.6.1.4.1.1466.115.121.1.15 )</AttributeType>
      <AttributeType>( 1.2.840.113556.1.4.569 NAME 'meetingLocation' SYNTAX 1.3.6.1.4.1.1466.115.121.1.15 )</AttributeType>
      <AttributeType>( 1.2.840.113556.1.4.576 NAME 'meetingMaxParticipants' SYNTAX 1.3.6.1.4.1.1466.115.121.1.27 SINGLE-VALUE )</AttributeType>
      <AttributeType>( 1.2.840.113556.1.4.566 NAME 'meetingName' SYNTAX 1.3.6.1.4.1.1466.115.121.1.15 SINGLE-VALUE )</AttributeType>
      <AttributeType>( 1.2.840.113556.1.4.577 NAME 'meetingOriginator' SYNTAX 1.3.6.1.4.1.1466.115.121.1.15 SINGLE-VALUE )</AttributeType>
      <AttributeType>( 1.2.840.113556.1.4.579 NAME 'meetingOwner' SYNTAX 1.3.6.1.4.1.1466.115.121.1.15 SINGLE-VALUE )</AttributeType>
      <AttributeType>( 1.2.840.113556.1.4.570 NAME 'meetingProtocol' SYNTAX 1.3.6.1.4.1.1466.115.121.1.15 )</AttributeType>
      <AttributeType>( 1.2.840.113556.1.4.584 NAME 'meetingRating' SYNTAX 1.3.6.1.4.1.1466.115.121.1.15 )</AttributeType>
      <AttributeType>( 1.2.840.113556.1.4.586 NAME 'meetingRecurrence' SYNTAX 1.3.6.1.4.1.1466.115.121.1.15 SINGLE-VALUE )</AttributeType>
      <AttributeType>( 1.2.840.113556.1.4.581 NAME 'meetingScope' SYNTAX 1.3.6.1.4.1.1466.115.121.1.15 )</AttributeType>
      <AttributeType>( 1.2.840.113556.1.4.587 NAME 'meetingStartTime' SYNTAX 1.3.6.1.4.1.1466.115.121.1.53 )</AttributeType>
      <AttributeType>( 1.2.840.113556.1.4.571 NAME 'meetingType' SYNTAX 1.3.6.1.4.1.1466.115.121.1.15 SINGLE-VALUE )</AttributeType>
      <AttributeType>( 1.2.840.113556.1.4.583 NAME 'meetingURL' SYNTAX 1.3.6.1.4.1.1466.115.121.1.15 )</AttributeType>
      <AttributeType>( 2.5.4.31 NAME 'member' SYNTAX 1.3.6.1.4.1.1466.115.121.1.12 )</AttributeType>
      <AttributeType>( 1.3.6.1.1.1.1.13 NAME 'memberNisNetgroup' SYNTAX 1.3.6.1.4.1.1466.115.121.1.26 )</AttributeType>
      <AttributeType>( 1.2.840.113556.1.2.102 NAME 'memberOf' SYNTAX 1.3.6.1.4.1.1466.115.121.1.12 NO-USER-MODIFICATION )</AttributeType>
      <AttributeType>( 1.3.6.1.1.1.1.12 NAME 'memberUid' SYNTAX 1.3.6.1.4.1.1466.115.121.1.26 )</AttributeType>
      <AttributeType>( 1.2.840.113556.1.4.650 NAME 'mhsORAddress' SYNTAX 1.3.6.1.4.1.1466.115.121.1.15 )</AttributeType>
      <AttributeType>( 2.16.840.1.113730.3.1.34 NAME 'middleName' SYNTAX 1.3.6.1.4.1.1466.115.121.1.15 SINGLE-VALUE )</AttributeType>
      <AttributeType>( 1.2.840.113556.1.4.78 NAME 'minPwdAge' SYNTAX 1.2.840.113556.1.4.906 SINGLE-VALUE )</AttributeType>
      <AttributeType>( 1.2.840.113556.1.4.79 NAME 'minPwdLength' SYNTAX 1.3.6.1.4.1.1466.115.121.1.27 SINGLE-VALUE )</AttributeType>
      <AttributeType>( 1.2.840.113556.1.4.80 NAME 'minTicketAge' SYNTAX 1.2.840.113556.1.4.906 SINGLE-VALUE )</AttributeType>
      <AttributeType>( 0.9.2342.19200300.100.1.41 NAME 'mobile' SYNTAX 1.3.6.1.4.1.1466.115.121.1.15 SINGLE-VALUE )</AttributeType>
      <AttributeType>( 1.2.840.113556.1.4.168 NAME 'modifiedCount' SYNTAX 1.2.840.113556.1.4.906 SINGLE-VALUE )</AttributeType>
      <AttributeType>( 1.2.840.113556.1.4.81 NAME 'modifiedCountAtLastProm' SYNTAX 1.2.840.113556.1.4.906 SINGLE-VALUE )</AttributeType>
      <AttributeType>( 2.5.18.4 NAME 'modifiersName' DESC 'RFC4512: name of last modifier' SYNTAX 1.3.6.1.4.1.1466.115.121.1.12 SINGLE-VALUE NO-USER-MODIFICATION USAGE directoryOperation )</AttributeType>
      <AttributeType>( 2.5.18.2 NAME 'modifyTimeStamp' SYNTAX 1.3.6.1.4.1.1466.115.121.1.24 SINGLE-VALUE NO-USER-MODIFICATION USAGE directoryOperation )</AttributeType>
      <AttributeType>( 1.2.840.113556.1.4.82 NAME 'moniker' SYNTAX 1.3.6.1.4.1.1466.115.121.1.40 )</AttributeType>
      <AttributeType>( 1.2.840.113556.1.4.83 NAME 'monikerDisplayName' SYNTAX 1.3.6.1.4.1.1466.115.121.1.15 )</AttributeType>
      <AttributeType>( 1.2.840.113556.1.4.1305 NAME 'moveTreeState' SYNTAX 1.3.6.1.4.1.1466.115.121.1.40 )</AttributeType>
      <AttributeType>( 1.2.840.113556.1.4.1427 NAME 'msCOM-DefaultPartitionLink' SYNTAX 1.3.6.1.4.1.1466.115.121.1.12 SINGLE-VALUE )</AttributeType>
      <AttributeType>( 1.2.840.113556.1.4.1428 NAME 'msCOM-ObjectId' SYNTAX 1.3.6.1.4.1.1466.115.121.1.40 SINGLE-VALUE )</AttributeType>
      <AttributeType>( 1.2.840.113556.1.4.1423 NAME 'msCOM-PartitionLink' SYNTAX 1.3.6.1.4.1.1466.115.121.1.12 )</AttributeType>
      <AttributeType>( 1.2.840.113556.1.4.1424 NAME 'msCOM-PartitionSetLink' SYNTAX 1.3.6.1.4.1.1466.115.121.1.12 NO-USER-MODIFICATION )</AttributeType>
      <AttributeType>( 1.2.840.113556.1.4.1425 NAME 'msCOM-UserLink' SYNTAX 1.3.6.1.4.1.1466.115.121.1.12 NO-USER-MODIFICATION )</AttributeType>
      <AttributeType>( 1.2.840.113556.1.4.1426 NAME 'msCOM-UserPartitionSetLink' SYNTAX 1.3.6.1.4.1.1466.115.121.1.12 SINGLE-VALUE )</AttributeType>
      <AttributeType>( 1.2.840.113556.1.4.716 NAME 'mscopeId' SYNTAX 1.3.6.1.4.1.1466.115.121.1.44 SINGLE-VALUE )</AttributeType>
      <AttributeType>( 1.2.840.113556.1.4.2036 NAME 'msDFS-Commentv2' SYNTAX 1.3.6.1.4.1.1466.115.121.1.15 SINGLE-VALUE )</AttributeType>
      <AttributeType>( 1.2.840.113556.1.4.2032 NAME 'msDFS-GenerationGUIDv2' SYNTAX 1.3.6.1.4.1.1466.115.121.1.40 SINGLE-VALUE )</AttributeType>
      <AttributeType>( 1.2.840.113556.1.4.2034 NAME 'msDFS-LastModifiedv2' SYNTAX 1.3.6.1.4.1.1466.115.121.1.24 SINGLE-VALUE )</AttributeType>
      <AttributeType>( 1.2.840.113556.1.4.2041 NAME 'msDFS-LinkIdentityGUIDv2' SYNTAX 1.3.6.1.4.1.1466.115.121.1.40 SINGLE-VALUE )</AttributeType>
      <AttributeType>( 1.2.840.113556.1.4.2039 NAME 'msDFS-LinkPathv2' SYNTAX 1.3.6.1.4.1.1466.115.121.1.15 SINGLE-VALUE )</AttributeType>
      <AttributeType>( 1.2.840.113556.1.4.2040 NAME 'msDFS-LinkSecurityDescriptorv2' SYNTAX 1.2.840.113556.1.4.907 SINGLE-VALUE )</AttributeType>
      <AttributeType>( 1.2.840.113556.1.4.2033 NAME 'msDFS-NamespaceIdentityGUIDv2' SYNTAX 1.3.6.1.4.1.1466.115.121.1.40 SINGLE-VALUE )</AttributeType>
      <AttributeType>( 1.2.840.113556.1.4.2037 NAME 'msDFS-Propertiesv2' SYNTAX 1.3.6.1.4.1.1466.115.121.1.15 )</AttributeType>
      <AttributeType>( 1.2.840.113556.1.6.13.3.29 NAME 'msDFSR-CachePolicy' SYNTAX 1.3.6.1.4.1.1466.115.121.1.27 SINGLE-VALUE )</AttributeType>
      <AttributeType>( 1.2.840.113556.1.6.13.3.38 NAME 'msDFSR-CommonStagingPath' SYNTAX 1.3.6.1.4.1.1466.115.121.1.15 SINGLE-VALUE )</AttributeType>
      <AttributeType>( 1.2.840.113556.1.6.13.3.39 NAME 'msDFSR-CommonStagingSizeInMb' SYNTAX 1.2.840.113556.1.4.906 SINGLE-VALUE )</AttributeType>
      <AttributeType>( 1.2.840.113556.1.6.13.3.101 NAME 'msDFSR-ComputerReference' SYNTAX 1.3.6.1.4.1.1466.115.121.1.12 SINGLE-VALUE )</AttributeType>
      <AttributeType>( 1.2.840.113556.1.6.13.3.103 NAME 'msDFSR-ComputerReferenceBL' SYNTAX 1.3.6.1.4.1.1466.115.121.1.12 )</AttributeType>
      <AttributeType>( 1.2.840.113556.1.6.13.3.7 NAME 'msDFSR-ConflictPath' SYNTAX 1.3.6.1.4.1.1466.115.121.1.15 SINGLE-VALUE )</AttributeType>
      <AttributeType>( 1.2.840.113556.1.6.13.3.8 NAME 'msDFSR-ConflictSizeInMb' SYNTAX 1.2.840.113556.1.4.906 SINGLE-VALUE )</AttributeType>
      <AttributeType>( 1.2.840.113556.1.6.13.3.18 NAME 'msDFSR-ContentSetGuid' SYNTAX 1.3.6.1.4.1.1466.115.121.1.40 SINGLE-VALUE )</AttributeType>
      <AttributeType>( 1.2.840.113556.1.6.13.3.34 NAME 'msDFSR-DefaultCompressionExclusionFilter' SYNTAX 1.3.6.1.4.1.1466.115.121.1.15 SINGLE-VALUE )</AttributeType>
      <AttributeType>( 1.2.840.113556.1.6.13.3.26 NAME 'msDFSR-DeletedPath' SYNTAX 1.3.6.1.4.1.1466.115.121.1.15 SINGLE-VALUE )</AttributeType>
      <AttributeType>( 1.2.840.113556.1.6.13.3.27 NAME 'msDFSR-DeletedSizeInMb' SYNTAX 1.2.840.113556.1.4.906 SINGLE-VALUE )</AttributeType>
      <AttributeType>( 1.2.840.113556.1.6.13.3.24 NAME 'msDFSR-DfsLinkTarget' SYNTAX 1.3.6.1.4.1.1466.115.121.1.15 SINGLE-VALUE )</AttributeType>
      <AttributeType>( 1.2.840.113556.1.6.13.3.21 NAME 'msDFSR-DfsPath' SYNTAX 1.3.6.1.4.1.1466.115.121.1.15 SINGLE-VALUE )</AttributeType>
      <AttributeType>( 1.2.840.113556.1.6.13.3.13 NAME 'msDFSR-DirectoryFilter' SYNTAX 1.3.6.1.4.1.1466.115.121.1.15 SINGLE-VALUE )</AttributeType>
      <AttributeType>( 1.2.840.113556.1.6.13.3.32 NAME 'msDFSR-DisablePacketPrivacy' SYNTAX 1.3.6.1.4.1.1466.115.121.1.7 SINGLE-VALUE )</AttributeType>
      <AttributeType>( 1.2.840.113556.1.6.13.3.9 NAME 'msDFSR-Enabled' SYNTAX 1.3.6.1.4.1.1466.115.121.1.7 SINGLE-VALUE )</AttributeType>
      <AttributeType>( 1.2.840.113556.1.6.13.3.2 NAME 'msDFSR-Extension' SYNTAX 1.3.6.1.4.1.1466.115.121.1.40 SINGLE-VALUE )</AttributeType>
      <AttributeType>( 1.2.840.113556.1.6.13.3.12 NAME 'msDFSR-FileFilter' SYNTAX 1.3.6.1.4.1.1466.115.121.1.15 SINGLE-VALUE )</AttributeType>
      <AttributeType>( 1.2.840.113556.1.6.13.3.16 NAME 'msDFSR-Flags' SYNTAX 1.3.6.1.4.1.1466.115.121.1.27 SINGLE-VALUE )</AttributeType>
      <AttributeType>( 1.2.840.113556.1.6.13.3.15 NAME 'msDFSR-Keywords' SYNTAX 1.3.6.1.4.1.1466.115.121.1.15 SINGLE-VALUE )</AttributeType>
      <AttributeType>( 1.2.840.113556.1.6.13.3.31 NAME 'msDFSR-MaxAgeInCacheInMin' SYNTAX 1.3.6.1.4.1.1466.115.121.1.27 SINGLE-VALUE )</AttributeType>
      <AttributeType>( 1.2.840.113556.1.6.13.3.100 NAME 'msDFSR-MemberReference' SYNTAX 1.3.6.1.4.1.1466.115.121.1.12 SINGLE-VALUE )</AttributeType>
      <AttributeType>( 1.2.840.113556.1.6.13.3.102 NAME 'msDFSR-MemberReferenceBL' SYNTAX 1.3.6.1.4.1.1466.115.121.1.12 )</AttributeType>
      <AttributeType>( 1.2.840.113556.1.6.13.3.30 NAME 'msDFSR-MinDurationCacheInMin' SYNTAX 1.3.6.1.4.1.1466.115.121.1.27 SINGLE-VALUE )</AttributeType>
      <AttributeType>( 1.2.840.113556.1.6.13.3.36 NAME 'msDFSR-OnDemandExclusionDirectoryFilter' SYNTAX 1.3.6.1.4.1.1466.115.121.1.15 SINGLE-VALUE )</AttributeType>
      <AttributeType>( 1.2.840.113556.1.6.13.3.35 NAME 'msDFSR-OnDemandExclusionFileFilter' SYNTAX 1.3.6.1.4.1.1466.115.121.1.15 SINGLE-VALUE )</AttributeType>
      <AttributeType>( 1.2.840.113556.1.6.13.3.17 NAME 'msDFSR-Options' SYNTAX 1.3.6.1.4.1.1466.115.121.1.27 SINGLE-VALUE )</AttributeType>
      <AttributeType>( 1.2.840.113556.1.6.13.3.37 NAME 'msDFSR-Options2' SYNTAX 1.3.6.1.4.1.1466.115.121.1.27 SINGLE-VALUE )</AttributeType>
      <AttributeType>( 1.2.840.113556.1.6.13.3.25 NAME 'msDFSR-Priority' SYNTAX 1.3.6.1.4.1.1466.115.121.1.27 SINGLE-VALUE )</AttributeType>
      <AttributeType>( 1.2.840.113556.1.6.13.3.19 NAME 'msDFSR-RdcEnabled' SYNTAX 1.3.6.1.4.1.1466.115.121.1.7 SINGLE-VALUE )</AttributeType>
      <AttributeType>( 1.2.840.113556.1.6.13.3.20 NAME 'msDFSR-RdcMinFileSizeInKb' SYNTAX 1.2.840.113556.1.4.906 SINGLE-VALUE )</AttributeType>
      <AttributeType>( 1.2.840.113556.1.6.13.3.28 NAME 'msDFSR-ReadOnly' SYNTAX 1.3.6.1.4.1.1466.115.121.1.7 SINGLE-VALUE )</AttributeType>
      <AttributeType>( 1.2.840.113556.1.6.13.3.23 NAME 'msDFSR-ReplicationGroupGuid' SYNTAX 1.3.6.1.4.1.1466.115.121.1.40 SINGLE-VALUE )</AttributeType>
      <AttributeType>( 1.2.840.113556.1.6.13.3.10 NAME 'msDFSR-ReplicationGroupType' SYNTAX 1.3.6.1.4.1.1466.115.121.1.27 SINGLE-VALUE )</AttributeType>
      <AttributeType>( 1.2.840.113556.1.6.13.3.22 NAME 'msDFSR-RootFence' SYNTAX 1.3.6.1.4.1.1466.115.121.1.27 SINGLE-VALUE )</AttributeType>
      <AttributeType>( 1.2.840.113556.1.6.13.3.3 NAME 'msDFSR-RootPath' SYNTAX 1.3.6.1.4.1.1466.115.121.1.15 SINGLE-VALUE )</AttributeType>
      <AttributeType>( 1.2.840.113556.1.6.13.3.4 NAME 'msDFSR-RootSizeInMb' SYNTAX 1.2.840.113556.1.4.906 SINGLE-VALUE )</AttributeType>
      <AttributeType>( 1.2.840.113556.1.6.13.3.14 NAME 'msDFSR-Schedule' SYNTAX 1.3.6.1.4.1.1466.115.121.1.40 SINGLE-VALUE )</AttributeType>
      <AttributeType>( 1.2.840.113556.1.6.13.3.40 NAME 'msDFSR-StagingCleanupTriggerInPercent' SYNTAX 1.3.6.1.4.1.1466.115.121.1.27 SINGLE-VALUE )</AttributeType>
      <AttributeType>( 1.2.840.113556.1.6.13.3.5 NAME 'msDFSR-StagingPath' SYNTAX 1.3.6.1.4.1.1466.115.121.1.15 SINGLE-VALUE )</AttributeType>
      <AttributeType>( 1.2.840.113556.1.6.13.3.6 NAME 'msDFSR-StagingSizeInMb' SYNTAX 1.2.840.113556.1.4.906 SINGLE-VALUE )</AttributeType>
      <AttributeType>( 1.2.840.113556.1.6.13.3.11 NAME 'msDFSR-TombstoneExpiryInMin' SYNTAX 1.3.6.1.4.1.1466.115.121.1.27 SINGLE-VALUE )</AttributeType>
      <AttributeType>( 1.2.840.113556.1.6.13.3.1 NAME 'msDFSR-Version' SYNTAX 1.3.6.1.4.1.1466.115.121.1.15 SINGLE-VALUE )</AttributeType>
      <AttributeType>( 1.2.840.113556.1.4.2030 NAME 'msDFS-SchemaMajorVersion' SYNTAX 1.3.6.1.4.1.1466.115.121.1.27 SINGLE-VALUE )</AttributeType>
      <AttributeType>( 1.2.840.113556.1.4.2031 NAME 'msDFS-SchemaMinorVersion' SYNTAX 1.3.6.1.4.1.1466.115.121.1.27 SINGLE-VALUE )</AttributeType>
      <AttributeType>( 1.2.840.113556.1.4.2042 NAME 'msDFS-ShortNameLinkPathv2' SYNTAX 1.3.6.1.4.1.1466.115.121.1.15 SINGLE-VALUE )</AttributeType>
      <AttributeType>( 1.2.840.113556.1.4.2038 NAME 'msDFS-TargetListv2' SYNTAX 1.3.6.1.4.1.1466.115.121.1.40 SINGLE-VALUE )</AttributeType>
      <AttributeType>( 1.2.840.113556.1.4.2035 NAME 'msDFS-Ttlv2' SYNTAX 1.3.6.1.4.1.1466.115.121.1.27 SINGLE-VALUE )</AttributeType>
      <AttributeType>( 1.2.840.113556.1.4.1843 NAME 'msDRM-IdentityCertificate' SYNTAX 1.3.6.1.4.1.1466.115.121.1.40 )</AttributeType>
      <AttributeType>( 1.2.840.113556.1.4.1717 NAME 'msDS-AdditionalDnsHostName' SYNTAX 1.3.6.1.4.1.1466.115.121.1.15 NO-USER-MODIFICATION )</AttributeType>
      <AttributeType>( 1.2.840.113556.1.4.1718 NAME 'msDS-AdditionalSamAccountName' SYNTAX 1.3.6.1.4.1.1466.115.121.1.15 NO-USER-MODIFICATION )</AttributeType>
      <AttributeType>( 1.2.840.113556.1.4.1710 NAME 'msDS-AllowedDNSSuffixes' SYNTAX 1.3.6.1.4.1.1466.115.121.1.15 )</AttributeType>
      <AttributeType>( 1.2.840.113556.1.4.1787 NAME 'msDS-AllowedToDelegateTo' SYNTAX 1.3.6.1.4.1.1466.115.121.1.15 )</AttributeType>
      <AttributeType>( 1.2.840.113556.1.4.1789 NAME 'msDS-AllUsersTrustQuota' SYNTAX 1.3.6.1.4.1.1466.115.121.1.27 SINGLE-VALUE )</AttributeType>
      <AttributeType>( 1.2.840.113556.1.4.1669 NAME 'msDS-Approx-Immed-Subordinates' SYNTAX 1.3.6.1.4.1.1466.115.121.1.27 SINGLE-VALUE NO-USER-MODIFICATION )</AttributeType>
      <AttributeType>( 1.2.840.113556.1.4.1958 NAME 'msDS-AuthenticatedAtDC' SYNTAX 1.3.6.1.4.1.1466.115.121.1.12 )</AttributeType>
      <AttributeType>( 1.2.840.113556.1.4.1957 NAME 'msDS-AuthenticatedToAccountlist' SYNTAX 1.3.6.1.4.1.1466.115.121.1.12 NO-USER-MODIFICATION )</AttributeType>
      <AttributeType>( 1.2.840.113556.1.4.1458 NAME 'msDS-Auxiliary-Classes' SYNTAX 1.3.6.1.4.1.1466.115.121.1.38 NO-USER-MODIFICATION )</AttributeType>
      <AttributeType>( 1.2.840.113556.1.4.1819 NAME 'msDS-AzApplicationData' SYNTAX 1.3.6.1.4.1.1466.115.121.1.15 SINGLE-VALUE )</AttributeType>
      <AttributeType>( 1.2.840.113556.1.4.1798 NAME 'msDS-AzApplicationName' SYNTAX 1.3.6.1.4.1.1466.115.121.1.15 SINGLE-VALUE )</AttributeType>
      <AttributeType>( 1.2.840.113556.1.4.1817 NAME 'msDS-AzApplicationVersion' SYNTAX 1.3.6.1.4.1.1466.115.121.1.15 SINGLE-VALUE )</AttributeType>
      <AttributeType>( 1.2.840.113556.1.4.1801 NAME 'msDS-AzBizRule' SYNTAX 1.3.6.1.4.1.1466.115.121.1.15 SINGLE-VALUE )</AttributeType>
      <AttributeType>( 1.2.840.113556.1.4.1802 NAME 'msDS-AzBizRuleLanguage' SYNTAX 1.3.6.1.4.1.1466.115.121.1.15 SINGLE-VALUE )</AttributeType>
      <AttributeType>( 1.2.840.113556.1.4.1816 NAME 'msDS-AzClassId' SYNTAX 1.3.6.1.4.1.1466.115.121.1.15 SINGLE-VALUE )</AttributeType>
      <AttributeType>( 1.2.840.113556.1.4.1795 NAME 'msDS-AzDomainTimeout' SYNTAX 1.3.6.1.4.1.1466.115.121.1.27 SINGLE-VALUE )</AttributeType>
      <AttributeType>( 1.2.840.113556.1.4.1805 NAME 'msDS-AzGenerateAudits' SYNTAX 1.3.6.1.4.1.1466.115.121.1.7 SINGLE-VALUE )</AttributeType>
      <AttributeType>( 1.2.840.113556.1.4.1950 NAME 'msDS-AzGenericData' SYNTAX 1.3.6.1.4.1.1466.115.121.1.15 SINGLE-VALUE )</AttributeType>
      <AttributeType>( 1.2.840.113556.1.4.1803 NAME 'msDS-AzLastImportedBizRulePath' SYNTAX 1.3.6.1.4.1.1466.115.121.1.15 SINGLE-VALUE )</AttributeType>
      <AttributeType>( 1.2.840.113556.1.4.1792 NAME 'msDS-AzLDAPQuery' SYNTAX 1.3.6.1.4.1.1466.115.121.1.15 SINGLE-VALUE )</AttributeType>
      <AttributeType>( 1.2.840.113556.1.4.1824 NAME 'msDS-AzMajorVersion' SYNTAX 1.3.6.1.4.1.1466.115.121.1.27 SINGLE-VALUE )</AttributeType>
      <AttributeType>( 1.2.840.113556.1.4.1825 NAME 'msDS-AzMinorVersion' SYNTAX 1.3.6.1.4.1.1466.115.121.1.27 SINGLE-VALUE )</AttributeType>
      <AttributeType>( 1.2.840.113556.1.4.1949 NAME 'msDS-AzObjectGuid' SYNTAX 1.3.6.1.4.1.1466.115.121.1.40 SINGLE-VALUE NO-USER-MODIFICATION )</AttributeType>
      <AttributeType>( 1.2.840.113556.1.4.1800 NAME 'msDS-AzOperationID' SYNTAX 1.3.6.1.4.1.1466.115.121.1.27 SINGLE-VALUE )</AttributeType>
      <AttributeType>( 1.2.840.113556.1.4.1799 NAME 'msDS-AzScopeName' SYNTAX 1.3.6.1.4.1.1466.115.121.1.15 SINGLE-VALUE )</AttributeType>
      <AttributeType>( 1.2.840.113556.1.4.1796 NAME 'msDS-AzScriptEngineCacheMax' SYNTAX 1.3.6.1.4.1.1466.115.121.1.27 SINGLE-VALUE )</AttributeType>
      <AttributeType>( 1.2.840.113556.1.4.1797 NAME 'msDS-AzScriptTimeout' SYNTAX 1.3.6.1.4.1.1466.115.121.1.27 SINGLE-VALUE )</AttributeType>
      <AttributeType>( 1.2.840.113556.1.4.1818 NAME 'msDS-AzTaskIsRoleDefinition' SYNTAX 1.3.6.1.4.1.1466.115.121.1.7 SINGLE-VALUE )</AttributeType>
      <AttributeType>( 1.2.840.113556.1.4.1459 NAME 'msDS-Behavior-Version' SYNTAX 1.3.6.1.4.1.1466.115.121.1.27 SINGLE-VALUE NO-USER-MODIFICATION )</AttributeType>
      <AttributeType>( 1.2.840.113556.1.4.2049 NAME 'msDS-BridgeHeadServersUsed' SYNTAX 1.2.840.113556.1.4.903 )</AttributeType>
      <AttributeType>( 1.2.840.113556.1.4.1831 NAME 'msDS-ByteArray' SYNTAX 1.3.6.1.4.1.1466.115.121.1.40 )</AttributeType>
      <AttributeType>( 1.2.840.113556.1.4.1441 NAME 'msDS-Cached-Membership' SYNTAX 1.3.6.1.4.1.1466.115.121.1.40 SINGLE-VALUE )</AttributeType>
      <AttributeType>( 1.2.840.113556.1.4.1442 NAME 'msDS-Cached-Membership-Time-Stamp' SYNTAX 1.2.840.113556.1.4.906 SINGLE-VALUE )</AttributeType>
      <AttributeType>( 1.2.840.113556.1.4.1361 NAME 'mS-DS-ConsistencyChildCount' SYNTAX 1.3.6.1.4.1.1466.115.121.1.27 SINGLE-VALUE )</AttributeType>
      <AttributeType>( 1.2.840.113556.1.4.1360 NAME 'mS-DS-ConsistencyGuid' SYNTAX 1.3.6.1.4.1.1466.115.121.1.40 SINGLE-VALUE )</AttributeType>
      <AttributeType>( 1.2.840.113556.1.4.1410 NAME 'mS-DS-CreatorSID' SYNTAX 1.3.6.1.4.1.1466.115.121.1.40 SINGLE-VALUE NO-USER-MODIFICATION )</AttributeType>
      <AttributeType>( 1.2.840.113556.1.4.1832 NAME 'msDS-DateTime' SYNTAX 1.3.6.1.4.1.1466.115.121.1.24 )</AttributeType>
      <AttributeType>( 1.2.840.113556.1.4.1846 NAME 'msDS-DefaultQuota' SYNTAX 1.3.6.1.4.1.1466.115.121.1.27 SINGLE-VALUE )</AttributeType>
      <AttributeType>( 1.2.840.113556.1.4.2068 NAME 'msDS-DeletedObjectLifetime' SYNTAX 1.3.6.1.4.1.1466.115.121.1.27 SINGLE-VALUE )</AttributeType>
      <AttributeType>( 1.2.840.113556.1.4.1719 NAME 'msDS-DnsRootAlias' SYNTAX 1.3.6.1.4.1.1466.115.121.1.15 SINGLE-VALUE )</AttributeType>
      <AttributeType>( 1.2.840.113556.1.4.2061 NAME 'msDS-EnabledFeature' SYNTAX 1.3.6.1.4.1.1466.115.121.1.12 NO-USER-MODIFICATION )</AttributeType>
      <AttributeType>( 1.2.840.113556.1.4.2069 NAME 'msDS-EnabledFeatureBL' SYNTAX 1.3.6.1.4.1.1466.115.121.1.12 NO-USER-MODIFICATION )</AttributeType>
      <AttributeType>( 1.2.840.113556.1.4.1622 NAME 'msDS-Entry-Time-To-Die' SYNTAX 1.3.6.1.4.1.1466.115.121.1.24 SINGLE-VALUE NO-USER-MODIFICATION )</AttributeType>
      <AttributeType>( 1.2.840.113556.1.4.1783 NAME 'msDS-ExecuteScriptPassword' SYNTAX 1.3.6.1.4.1.1466.115.121.1.40 SINGLE-VALUE NO-USER-MODIFICATION )</AttributeType>
      <AttributeType>( 1.2.840.113556.1.4.1833 NAME 'msDS-ExternalKey' SYNTAX 1.3.6.1.4.1.1466.115.121.1.15 )</AttributeType>
      <AttributeType>( 1.2.840.113556.1.4.1834 NAME 'msDS-ExternalStore' SYNTAX 1.3.6.1.4.1.1466.115.121.1.15 )</AttributeType>
      <AttributeType>( 1.2.840.113556.1.4.1972 NAME 'msDS-FailedInteractiveLogonCount' SYNTAX 1.3.6.1.4.1.1466.115.121.1.27 SINGLE-VALUE NO-USER-MODIFICATION )</AttributeType>
      <AttributeType>( 1.2.840.113556.1.4.1973 NAME 'msDS-FailedInteractiveLogonCountAtLastSuccessfulLogon' SYNTAX 1.3.6.1.4.1.1466.115.121.1.27 SINGLE-VALUE NO-USER-MODIFICATION )</AttributeType>
      <AttributeType>( 1.2.840.113556.1.4.1703 NAME 'msDS-FilterContainers' SYNTAX 1.3.6.1.4.1.1466.115.121.1.15 )</AttributeType>
      <AttributeType>( 1.2.840.113556.1.4.1997 NAME 'msDS-HABSeniorityIndex' SYNTAX 1.3.6.1.4.1.1466.115.121.1.27 SINGLE-VALUE )</AttributeType>
      <AttributeType>( 1.2.840.113556.1.4.1820 NAME 'msDS-HasDomainNCs' SYNTAX 1.3.6.1.4.1.1466.115.121.1.12 NO-USER-MODIFICATION )</AttributeType>
      <AttributeType>( 1.2.840.113556.1.4.1925 NAME 'msDS-hasFullReplicaNCs' SYNTAX 1.3.6.1.4.1.1466.115.121.1.12 NO-USER-MODIFICATION )</AttributeType>
      <AttributeType>( 1.2.840.113556.1.4.1709 NAME 'msDS-HasInstantiatedNCs' SYNTAX 1.2.840.113556.1.4.903 NO-USER-MODIFICATION )</AttributeType>
      <AttributeType>( 1.2.840.113556.1.4.1836 NAME 'msDS-hasMasterNCs' SYNTAX 1.3.6.1.4.1.1466.115.121.1.12 NO-USER-MODIFICATION )</AttributeType>
      <AttributeType>( 1.2.840.113556.1.4.2056 NAME 'msDS-HostServiceAccount' SYNTAX 1.3.6.1.4.1.1466.115.121.1.12 )</AttributeType>
      <AttributeType>( 1.2.840.113556.1.4.2057 NAME 'msDS-HostServiceAccountBL' SYNTAX 1.3.6.1.4.1.1466.115.121.1.12 )</AttributeType>
      <AttributeType>( 1.2.840.113556.1.4.1835 NAME 'msDS-Integer' SYNTAX 1.3.6.1.4.1.1466.115.121.1.27 )</AttributeType>
      <AttributeType>( 1.2.840.113556.1.4.1716 NAME 'msDS-IntId' SYNTAX 1.3.6.1.4.1.1466.115.121.1.27 SINGLE-VALUE NO-USER-MODIFICATION )</AttributeType>
      <AttributeType>( 1.2.840.113556.1.4.1933 NAME 'msDS-IsDomainFor' SYNTAX 1.3.6.1.4.1.1466.115.121.1.12 NO-USER-MODIFICATION )</AttributeType>
      <AttributeType>( 1.2.840.113556.1.4.1932 NAME 'msDS-IsFullReplicaFor' SYNTAX 1.3.6.1.4.1.1466.115.121.1.12 NO-USER-MODIFICATION )</AttributeType>
      <AttributeType>( 1.2.840.113556.1.4.1959 NAME 'msDS-isGC' SYNTAX 1.3.6.1.4.1.1466.115.121.1.7 SINGLE-VALUE )</AttributeType>
      <AttributeType>( 1.2.840.113556.1.4.1934 NAME 'msDS-IsPartialReplicaFor' SYNTAX 1.3.6.1.4.1.1466.115.121.1.12 NO-USER-MODIFICATION )</AttributeType>
      <AttributeType>( 1.2.840.113556.1.4.1960 NAME 'msDS-isRODC' SYNTAX 1.3.6.1.4.1.1466.115.121.1.7 SINGLE-VALUE )</AttributeType>
      <AttributeType>( 1.2.840.113556.1.4.2025 NAME 'msDS-IsUserCachableAtRodc' SYNTAX 1.3.6.1.4.1.1466.115.121.1.27 SINGLE-VALUE )</AttributeType>
      <AttributeType>( 1.2.840.113556.1.4.1782 NAME 'msDS-KeyVersionNumber' SYNTAX 1.3.6.1.4.1.1466.115.121.1.27 SINGLE-VALUE NO-USER-MODIFICATION )</AttributeType>
      <AttributeType>( 1.2.840.113556.1.4.1923 NAME 'msDS-KrbTgtLink' SYNTAX 1.3.6.1.4.1.1466.115.121.1.12 SINGLE-VALUE )</AttributeType>
      <AttributeType>( 1.2.840.113556.1.4.1931 NAME 'msDS-KrbTgtLinkBl' SYNTAX 1.3.6.1.4.1.1466.115.121.1.12 NO-USER-MODIFICATION )</AttributeType>
      <AttributeType>( 1.2.840.113556.1.4.1971 NAME 'msDS-LastFailedInteractiveLogonTime' SYNTAX 1.2.840.113556.1.4.906 SINGLE-VALUE NO-USER-MODIFICATION )</AttributeType>
      <AttributeType>( 1.2.840.113556.1.4.2067 NAME 'msDS-LastKnownRDN' SYNTAX 1.3.6.1.4.1.1466.115.121.1.15 SINGLE-VALUE NO-USER-MODIFICATION )</AttributeType>
      <AttributeType>( 1.2.840.113556.1.4.1970 NAME 'msDS-LastSuccessfulInteractiveLogonTime' SYNTAX 1.2.840.113556.1.4.906 SINGLE-VALUE NO-USER-MODIFICATION )</AttributeType>
      <AttributeType>( 1.2.840.113556.1.4.2059 NAME 'msDS-LocalEffectiveDeletionTime' SYNTAX 1.3.6.1.4.1.1466.115.121.1.24 SINGLE-VALUE NO-USER-MODIFICATION )</AttributeType>
      <AttributeType>( 1.2.840.113556.1.4.2060 NAME 'msDS-LocalEffectiveRecycleTime' SYNTAX 1.3.6.1.4.1.1466.115.121.1.24 SINGLE-VALUE NO-USER-MODIFICATION )</AttributeType>
      <AttributeType>( 1.2.840.113556.1.4.2018 NAME 'msDS-LockoutDuration' SYNTAX 1.2.840.113556.1.4.906 SINGLE-VALUE )</AttributeType>
      <AttributeType>( 1.2.840.113556.1.4.2017 NAME 'msDS-LockoutObservationWindow' SYNTAX 1.2.840.113556.1.4.906 SINGLE-VALUE )</AttributeType>
      <AttributeType>( 1.2.840.113556.1.4.2019 NAME 'msDS-LockoutThreshold' SYNTAX 1.3.6.1.4.1.1466.115.121.1.27 SINGLE-VALUE )</AttributeType>
      <AttributeType>( 1.2.840.113556.1.4.1784 NAME 'msDS-LogonTimeSyncInterval' SYNTAX 1.3.6.1.4.1.1466.115.121.1.27 SINGLE-VALUE )</AttributeType>
      <AttributeType>( 1.2.840.113556.1.4.1411 NAME 'ms-DS-MachineAccountQuota' SYNTAX 1.3.6.1.4.1.1466.115.121.1.27 SINGLE-VALUE )</AttributeType>
      <AttributeType>( 1.2.840.113556.1.4.1837 NAME 'msDs-masteredBy' SYNTAX 1.3.6.1.4.1.1466.115.121.1.12 NO-USER-MODIFICATION )</AttributeType>
      <AttributeType>( 1.2.840.113556.1.4.2011 NAME 'msDS-MaximumPasswordAge' SYNTAX 1.2.840.113556.1.4.906 SINGLE-VALUE )</AttributeType>
      <AttributeType>( 1.2.840.113556.1.4.1842 NAME 'msDs-MaxValues' SYNTAX 1.3.6.1.4.1.1466.115.121.1.27 SINGLE-VALUE )</AttributeType>
      <AttributeType>( 1.2.840.113556.1.4.1806 NAME 'msDS-MembersForAzRole' SYNTAX 1.3.6.1.4.1.1466.115.121.1.12 )</AttributeType>
      <AttributeType>( 1.2.840.113556.1.4.1807 NAME 'msDS-MembersForAzRoleBL' SYNTAX 1.3.6.1.4.1.1466.115.121.1.12 NO-USER-MODIFICATION )</AttributeType>
      <AttributeType>( 1.2.840.113556.1.4.2012 NAME 'msDS-MinimumPasswordAge' SYNTAX 1.2.840.113556.1.4.906 SINGLE-VALUE )</AttributeType>
      <AttributeType>( 1.2.840.113556.1.4.2013 NAME 'msDS-MinimumPasswordLength' SYNTAX 1.3.6.1.4.1.1466.115.121.1.27 SINGLE-VALUE )</AttributeType>
      <AttributeType>( 1.2.840.113556.1.4.1704 NAME 'msDS-NCReplCursors' SYNTAX 1.3.6.1.4.1.1466.115.121.1.15 )</AttributeType>
      <AttributeType>( 1.2.840.113556.1.4.1661 NAME 'msDS-NC-Replica-Locations' SYNTAX 1.3.6.1.4.1.1466.115.121.1.12 )</AttributeType>
      <AttributeType>( 1.2.840.113556.1.4.1705 NAME 'msDS-NCReplInboundNeighbors' SYNTAX 1.3.6.1.4.1.1466.115.121.1.15 )</AttributeType>
      <AttributeType>( 1.2.840.113556.1.4.1706 NAME 'msDS-NCReplOutboundNeighbors' SYNTAX 1.3.6.1.4.1.1466.115.121.1.15 )</AttributeType>
      <AttributeType>( 1.2.840.113556.1.4.1967 NAME 'msDS-NC-RO-Replica-Locations' SYNTAX 1.3.6.1.4.1.1466.115.121.1.12 )</AttributeType>
      <AttributeType>( 1.2.840.113556.1.4.1968 NAME 'msDS-NC-RO-Replica-Locations-BL' SYNTAX 1.3.6.1.4.1.1466.115.121.1.12 )</AttributeType>
      <AttributeType>( 1.2.840.113556.1.4.2024 NAME 'msDS-NcType' SYNTAX 1.3.6.1.4.1.1466.115.121.1.27 SINGLE-VALUE NO-USER-MODIFICATION )</AttributeType>
      <AttributeType>( 1.2.840.113556.1.4.1926 NAME 'msDS-NeverRevealGroup' SYNTAX 1.3.6.1.4.1.1466.115.121.1.12 )</AttributeType>
      <AttributeType>( 1.2.840.113556.1.4.1793 NAME 'msDS-NonMembers' SYNTAX 1.3.6.1.4.1.1466.115.121.1.12 )</AttributeType>
      <AttributeType>( 1.2.840.113556.1.4.1794 NAME 'msDS-NonMembersBL' SYNTAX 1.3.6.1.4.1.1466.115.121.1.12 NO-USER-MODIFICATION )</AttributeType>
      <AttributeType>( 1.2.840.113556.1.4.1689 NAME 'msDS-Non-Security-Group-Extra-Classes' SYNTAX 1.3.6.1.4.1.1466.115.121.1.15 )</AttributeType>
      <AttributeType>( 1.2.840.113556.1.4.1840 NAME 'msDS-ObjectReference' SYNTAX 1.3.6.1.4.1.1466.115.121.1.12 )</AttributeType>
      <AttributeType>( 1.2.840.113556.1.4.1841 NAME 'msDS-ObjectReferenceBL' SYNTAX 1.3.6.1.4.1.1466.115.121.1.12 NO-USER-MODIFICATION )</AttributeType>
      <AttributeType>( 1.2.840.113556.1.4.2051 NAME 'msDS-OIDToGroupLink' SYNTAX 1.3.6.1.4.1.1466.115.121.1.12 SINGLE-VALUE )</AttributeType>
      <AttributeType>( 1.2.840.113556.1.4.2052 NAME 'msDS-OIDToGroupLinkBl' SYNTAX 1.3.6.1.4.1.1466.115.121.1.12 NO-USER-MODIFICATION )</AttributeType>
      <AttributeType>( 1.2.840.113556.1.4.1812 NAME 'msDS-OperationsForAzRole' SYNTAX 1.3.6.1.4.1.1466.115.121.1.12 )</AttributeType>
      <AttributeType>( 1.2.840.113556.1.4.1813 NAME 'msDS-OperationsForAzRoleBL' SYNTAX 1.3.6.1.4.1.1466.115.121.1.12 NO-USER-MODIFICATION )</AttributeType>
      <AttributeType>( 1.2.840.113556.1.4.1808 NAME 'msDS-OperationsForAzTask' SYNTAX 1.3.6.1.4.1.1466.115.121.1.12 )</AttributeType>
      <AttributeType>( 1.2.840.113556.1.4.1809 NAME 'msDS-OperationsForAzTaskBL' SYNTAX 1.3.6.1.4.1.1466.115.121.1.12 NO-USER-MODIFICATION )</AttributeType>
      <AttributeType>( 1.2.840.113556.1.4.2063 NAME 'msDS-OptionalFeatureFlags' SYNTAX 1.3.6.1.4.1.1466.115.121.1.27 SINGLE-VALUE NO-USER-MODIFICATION )</AttributeType>
      <AttributeType>( 1.2.840.113556.1.4.2062 NAME 'msDS-OptionalFeatureGUID' SYNTAX 1.3.6.1.4.1.1466.115.121.1.40 SINGLE-VALUE NO-USER-MODIFICATION )</AttributeType>
      <AttributeType>( 1.2.840.113556.1.4.1621 NAME 'msDS-Other-Settings' SYNTAX 1.3.6.1.4.1.1466.115.121.1.15 )</AttributeType>
      <AttributeType>( 1.2.840.113556.1.4.2015 NAME 'msDS-PasswordComplexityEnabled' SYNTAX 1.3.6.1.4.1.1466.115.121.1.7 SINGLE-VALUE )</AttributeType>
      <AttributeType>( 1.2.840.113556.1.4.2014 NAME 'msDS-PasswordHistoryLength' SYNTAX 1.3.6.1.4.1.1466.115.121.1.27 SINGLE-VALUE )</AttributeType>
      <AttributeType>( 1.2.840.113556.1.4.2016 NAME 'msDS-PasswordReversibleEncryptionEnabled' SYNTAX 1.3.6.1.4.1.1466.115.121.1.7 SINGLE-VALUE )</AttributeType>
      <AttributeType>( 1.2.840.113556.1.4.2023 NAME 'msDS-PasswordSettingsPrecedence' SYNTAX 1.3.6.1.4.1.1466.115.121.1.27 SINGLE-VALUE )</AttributeType>
      <AttributeType>( 1.2.840.113556.1.4.1788 NAME 'msDS-PerUserTrustQuota' SYNTAX 1.3.6.1.4.1.1466.115.121.1.27 SINGLE-VALUE )</AttributeType>
      <AttributeType>( 1.2.840.113556.1.4.1790 NAME 'msDS-PerUserTrustTombstonesQuota' SYNTAX 1.3.6.1.4.1.1466.115.121.1.27 SINGLE-VALUE )</AttributeType>
      <AttributeType>( 1.2.840.113556.1.4.1945 NAME 'msDS-PhoneticCompanyName' SYNTAX 1.3.6.1.4.1.1466.115.121.1.15 SINGLE-VALUE )</AttributeType>
      <AttributeType>( 1.2.840.113556.1.4.1944 NAME 'msDS-PhoneticDepartment' SYNTAX 1.3.6.1.4.1.1466.115.121.1.15 SINGLE-VALUE )</AttributeType>
      <AttributeType>( 1.2.840.113556.1.4.1946 NAME 'msDS-PhoneticDisplayName' SYNTAX 1.3.6.1.4.1.1466.115.121.1.15 SINGLE-VALUE )</AttributeType>
      <AttributeType>( 1.2.840.113556.1.4.1942 NAME 'msDS-PhoneticFirstName' SYNTAX 1.3.6.1.4.1.1466.115.121.1.15 SINGLE-VALUE )</AttributeType>
      <AttributeType>( 1.2.840.113556.1.4.1943 NAME 'msDS-PhoneticLastName' SYNTAX 1.3.6.1.4.1.1466.115.121.1.15 SINGLE-VALUE )</AttributeType>
      <AttributeType>( 1.2.840.113556.1.4.1444 NAME 'msDS-Preferred-GC-Site' SYNTAX 1.3.6.1.4.1.1466.115.121.1.12 SINGLE-VALUE )</AttributeType>
      <AttributeType>( 1.2.840.113556.1.4.1865 NAME 'msDS-PrincipalName' SYNTAX 1.3.6.1.4.1.1466.115.121.1.15 SINGLE-VALUE )</AttributeType>
      <AttributeType>( 1.2.840.113556.1.4.1962 NAME 'msDS-PromotionSettings' SYNTAX 1.3.6.1.4.1.1466.115.121.1.15 SINGLE-VALUE NO-USER-MODIFICATION )</AttributeType>
      <AttributeType>( 1.2.840.113556.1.4.2021 NAME 'msDS-PSOApplied' SYNTAX 1.3.6.1.4.1.1466.115.121.1.12 NO-USER-MODIFICATION )</AttributeType>
      <AttributeType>( 1.2.840.113556.1.4.2020 NAME 'msDS-PSOAppliesTo' SYNTAX 1.3.6.1.4.1.1466.115.121.1.12 )</AttributeType>
      <AttributeType>( 1.2.840.113556.1.4.1845 NAME 'msDS-QuotaAmount' SYNTAX 1.3.6.1.4.1.1466.115.121.1.27 SINGLE-VALUE )</AttributeType>
      <AttributeType>( 1.2.840.113556.1.4.1848 NAME 'msDS-QuotaEffective' SYNTAX 1.3.6.1.4.1.1466.115.121.1.27 SINGLE-VALUE )</AttributeType>
      <AttributeType>( 1.2.840.113556.1.4.1844 NAME 'msDS-QuotaTrustee' SYNTAX 1.3.6.1.4.1.1466.115.121.1.40 SINGLE-VALUE )</AttributeType>
      <AttributeType>( 1.2.840.113556.1.4.1849 NAME 'msDS-QuotaUsed' SYNTAX 1.3.6.1.4.1.1466.115.121.1.27 SINGLE-VALUE )</AttributeType>
      <AttributeType>( 1.2.840.113556.1.4.1707 NAME 'msDS-ReplAttributeMetaData' SYNTAX 1.3.6.1.4.1.1466.115.121.1.15 )</AttributeType>
      <AttributeType>( 1.2.840.113556.1.4.1408 NAME 'mS-DS-ReplicatesNCReason' SYNTAX 1.2.840.113556.1.4.903 )</AttributeType>
      <AttributeType>( 1.2.840.113556.1.4.1720 NAME 'msDS-ReplicationEpoch' SYNTAX 1.3.6.1.4.1.1466.115.121.1.27 SINGLE-VALUE )</AttributeType>
      <AttributeType>( 1.2.840.113556.1.4.1663 NAME 'msDS-Replication-Notify-First-DSA-Delay' SYNTAX 1.3.6.1.4.1.1466.115.121.1.27 SINGLE-VALUE )</AttributeType>
      <AttributeType>( 1.2.840.113556.1.4.1664 NAME 'msDS-Replication-Notify-Subsequent-DSA-Delay' SYNTAX 1.3.6.1.4.1.1466.115.121.1.27 SINGLE-VALUE )</AttributeType>
      <AttributeType>( 1.2.840.113556.1.4.1708 NAME 'msDS-ReplValueMetaData' SYNTAX 1.3.6.1.4.1.1466.115.121.1.15 )</AttributeType>
      <AttributeType>( 1.2.840.113556.1.4.2066 NAME 'msDS-RequiredDomainBehaviorVersion' SYNTAX 1.3.6.1.4.1.1466.115.121.1.27 SINGLE-VALUE NO-USER-MODIFICATION )</AttributeType>
      <AttributeType>( 1.2.840.113556.1.4.2079 NAME 'msDS-RequiredForestBehaviorVersion' SYNTAX 1.3.6.1.4.1.1466.115.121.1.27 SINGLE-VALUE NO-USER-MODIFICATION )</AttributeType>
      <AttributeType>( 1.2.840.113556.1.4.2022 NAME 'msDS-ResultantPSO' SYNTAX 1.3.6.1.4.1.1466.115.121.1.12 SINGLE-VALUE NO-USER-MODIFICATION )</AttributeType>
      <AttributeType>( 1.2.840.113556.1.4.1826 NAME 'msDS-RetiredReplNCSignatures' SYNTAX 1.3.6.1.4.1.1466.115.121.1.40 SINGLE-VALUE NO-USER-MODIFICATION )</AttributeType>
      <AttributeType>( 1.2.840.113556.1.4.1930 NAME 'msDS-RevealedDSAs' SYNTAX 1.3.6.1.4.1.1466.115.121.1.12 NO-USER-MODIFICATION )</AttributeType>
      <AttributeType>( 1.2.840.113556.1.4.1940 NAME 'msDS-RevealedList' SYNTAX 1.2.840.113556.1.4.904 NO-USER-MODIFICATION )</AttributeType>
      <AttributeType>( 1.2.840.113556.1.4.1975 NAME 'msDS-RevealedListBL' SYNTAX 1.3.6.1.4.1.1466.115.121.1.12 NO-USER-MODIFICATION )</AttributeType>
      <AttributeType>( 1.2.840.113556.1.4.1924 NAME 'msDS-RevealedUsers' SYNTAX 1.2.840.113556.1.4.903 NO-USER-MODIFICATION )</AttributeType>
      <AttributeType>( 1.2.840.113556.1.4.1928 NAME 'msDS-RevealOnDemandGroup' SYNTAX 1.3.6.1.4.1.1466.115.121.1.12 )</AttributeType>
      <AttributeType>( 1.2.840.113556.1.4.1440 NAME 'msDs-Schema-Extensions' SYNTAX 1.3.6.1.4.1.1466.115.121.1.40 NO-USER-MODIFICATION )</AttributeType>
      <AttributeType>( 1.2.840.113556.1.4.1711 NAME 'msDS-SDReferenceDomain' SYNTAX 1.3.6.1.4.1.1466.115.121.1.12 SINGLE-VALUE )</AttributeType>
      <AttributeType>( 1.2.840.113556.1.4.1929 NAME 'msDS-SecondaryKrbTgtNumber' SYNTAX 1.3.6.1.4.1.1466.115.121.1.27 SINGLE-VALUE NO-USER-MODIFICATION )</AttributeType>
      <AttributeType>( 1.2.840.113556.1.4.1688 NAME 'msDS-Security-Group-Extra-Classes' SYNTAX 1.3.6.1.4.1.1466.115.121.1.15 )</AttributeType>
      <AttributeType>( 1.2.840.113556.1.4.1697 NAME 'msDS-Settings' SYNTAX 1.3.6.1.4.1.1466.115.121.1.15 )</AttributeType>
      <AttributeType>( 1.2.840.113556.1.4.1443 NAME 'msDS-Site-Affinity' SYNTAX 1.3.6.1.4.1.1466.115.121.1.40 )</AttributeType>
      <AttributeType>( 1.2.840.113556.1.4.1961 NAME 'msDS-SiteName' SYNTAX 1.3.6.1.4.1.1466.115.121.1.15 SINGLE-VALUE )</AttributeType>
      <AttributeType>( 1.2.840.113556.1.4.1879 NAME 'msDS-SourceObjectDN' SYNTAX 1.3.6.1.4.1.1466.115.121.1.15 SINGLE-VALUE )</AttributeType>
      <AttributeType>( 1.2.840.113556.1.4.1715 NAME 'msDS-SPNSuffixes' SYNTAX 1.3.6.1.4.1.1466.115.121.1.15 )</AttributeType>
      <AttributeType>( 1.2.840.113556.1.4.1963 NAME 'msDS-SupportedEncryptionTypes' SYNTAX 1.3.6.1.4.1.1466.115.121.1.27 SINGLE-VALUE )</AttributeType>
      <AttributeType>( 1.2.840.113556.1.4.1814 NAME 'msDS-TasksForAzRole' SYNTAX 1.3.6.1.4.1.1466.115.121.1.12 )</AttributeType>
      <AttributeType>( 1.2.840.113556.1.4.1815 NAME 'msDS-TasksForAzRoleBL' SYNTAX 1.3.6.1.4.1.1466.115.121.1.12 NO-USER-MODIFICATION )</AttributeType>
      <AttributeType>( 1.2.840.113556.1.4.1810 NAME 'msDS-TasksForAzTask' SYNTAX 1.3.6.1.4.1.1466.115.121.1.12 )</AttributeType>
      <AttributeType>( 1.2.840.113556.1.4.1811 NAME 'msDS-TasksForAzTaskBL' SYNTAX 1.3.6.1.4.1.1466.115.121.1.12 NO-USER-MODIFICATION )</AttributeType>
      <AttributeType>( 1.2.840.113556.1.4.1847 NAME 'msDS-TombstoneQuotaFactor' SYNTAX 1.3.6.1.4.1.1466.115.121.1.27 SINGLE-VALUE )</AttributeType>
      <AttributeType>( 1.2.840.113556.1.4.1850 NAME 'msDS-TopQuotaUsage' SYNTAX 1.3.6.1.4.1.1466.115.121.1.15 )</AttributeType>
      <AttributeType>( 1.2.840.113556.1.4.1702 NAME 'msDS-TrustForestTrustInfo' SYNTAX 1.3.6.1.4.1.1466.115.121.1.40 SINGLE-VALUE )</AttributeType>
      <AttributeType>( 1.2.840.113556.1.4.1721 NAME 'msDS-UpdateScript' SYNTAX 1.3.6.1.4.1.1466.115.121.1.15 SINGLE-VALUE )</AttributeType>
      <AttributeType>( 1.2.840.113556.1.4.1460 NAME 'msDS-User-Account-Control-Computed' SYNTAX 1.3.6.1.4.1.1466.115.121.1.27 SINGLE-VALUE )</AttributeType>
      <AttributeType>( 1.2.840.113556.1.4.1996 NAME 'msDS-UserPasswordExpiryTimeComputed' SYNTAX 1.2.840.113556.1.4.906 SINGLE-VALUE )</AttributeType>
      <AttributeType>( 1.2.840.113556.1.4.2055 NAME 'msDS-USNLastSyncSuccess' SYNTAX 1.2.840.113556.1.4.906 SINGLE-VALUE )</AttributeType>
      <AttributeType>( 1.2.840.113556.1.2.444 NAME 'msExchAssistantName' SYNTAX 1.3.6.1.4.1.1466.115.121.1.15 SINGLE-VALUE )</AttributeType>
      <AttributeType>( 1.2.840.113556.1.2.596 NAME 'msExchHouseIdentifier' SYNTAX 1.3.6.1.4.1.1466.115.121.1.15 SINGLE-VALUE )</AttributeType>
      <AttributeType>( 1.2.840.113556.1.2.593 NAME 'msExchLabeledURI' SYNTAX 1.3.6.1.4.1.1466.115.121.1.15 )</AttributeType>
      <AttributeType>( 1.2.840.113556.1.4.1693 NAME 'msFRS-Hub-Member' SYNTAX 1.3.6.1.4.1.1466.115.121.1.12 SINGLE-VALUE )</AttributeType>
      <AttributeType>( 1.2.840.113556.1.4.1692 NAME 'msFRS-Topology-Pref' SYNTAX 1.3.6.1.4.1.1466.115.121.1.15 SINGLE-VALUE )</AttributeType>
      <AttributeType>( 1.2.840.113556.1.4.1999 NAME 'msFVE-KeyPackage' SYNTAX 1.3.6.1.4.1.1466.115.121.1.40 SINGLE-VALUE )</AttributeType>
      <AttributeType>( 1.2.840.113556.1.4.1965 NAME 'msFVE-RecoveryGuid' SYNTAX 1.3.6.1.4.1.1466.115.121.1.40 SINGLE-VALUE )</AttributeType>
      <AttributeType>( 1.2.840.113556.1.4.1964 NAME 'msFVE-RecoveryPassword' SYNTAX 1.3.6.1.4.1.1466.115.121.1.15 SINGLE-VALUE )</AttributeType>
      <AttributeType>( 1.2.840.113556.1.4.1998 NAME 'msFVE-VolumeGuid' SYNTAX 1.3.6.1.4.1.1466.115.121.1.40 SINGLE-VALUE )</AttributeType>
      <AttributeType>( 1.2.840.113556.1.4.1821 NAME 'msieee80211-Data' SYNTAX 1.3.6.1.4.1.1466.115.121.1.40 SINGLE-VALUE )</AttributeType>
      <AttributeType>( 1.2.840.113556.1.4.1822 NAME 'msieee80211-DataType' SYNTAX 1.3.6.1.4.1.1466.115.121.1.27 SINGLE-VALUE )</AttributeType>
      <AttributeType>( 1.2.840.113556.1.4.1823 NAME 'msieee80211-ID' SYNTAX 1.3.6.1.4.1.1466.115.121.1.15 SINGLE-VALUE )</AttributeType>
      <AttributeType>( 1.2.840.113556.1.4.671 NAME 'msiFileList' SYNTAX 1.3.6.1.4.1.1466.115.121.1.15 )</AttributeType>
      <AttributeType>( 1.2.840.113556.1.4.1786 NAME 'msIIS-FTPDir' SYNTAX 1.3.6.1.4.1.1466.115.121.1.15 SINGLE-VALUE )</AttributeType>
      <AttributeType>( 1.2.840.113556.1.4.1785 NAME 'msIIS-FTPRoot' SYNTAX 1.3.6.1.4.1.1466.115.121.1.15 SINGLE-VALUE )</AttributeType>
      <AttributeType>( 1.2.840.113556.1.4.2053 NAME 'msImaging-PSPIdentifier' SYNTAX 1.3.6.1.4.1.1466.115.121.1.40 SINGLE-VALUE )</AttributeType>
      <AttributeType>( 1.2.840.113556.1.4.2054 NAME 'msImaging-PSPString' SYNTAX 1.3.6.1.4.1.1466.115.121.1.15 SINGLE-VALUE )</AttributeType>
      <AttributeType>( 1.2.840.113556.1.4.814 NAME 'msiScript' SYNTAX 1.3.6.1.4.1.1466.115.121.1.40 SINGLE-VALUE )</AttributeType>
      <AttributeType>( 1.2.840.113556.1.4.845 NAME 'msiScriptName' SYNTAX 1.3.6.1.4.1.1466.115.121.1.15 SINGLE-VALUE )</AttributeType>
      <AttributeType>( 1.2.840.113556.1.4.15 NAME 'msiScriptPath' SYNTAX 1.3.6.1.4.1.1466.115.121.1.15 SINGLE-VALUE )</AttributeType>
      <AttributeType>( 1.2.840.113556.1.4.846 NAME 'msiScriptSize' SYNTAX 1.3.6.1.4.1.1466.115.121.1.27 SINGLE-VALUE )</AttributeType>
      <AttributeType>( 1.2.840.113556.1.4.923 NAME 'mSMQAuthenticate' SYNTAX 1.3.6.1.4.1.1466.115.121.1.7 SINGLE-VALUE )</AttributeType>
      <AttributeType>( 1.2.840.113556.1.4.920 NAME 'mSMQBasePriority' SYNTAX 1.3.6.1.4.1.1466.115.121.1.27 SINGLE-VALUE )</AttributeType>
      <AttributeType>( 1.2.840.113556.1.4.933 NAME 'mSMQComputerType' SYNTAX 1.2.840.113556.1.4.905 SINGLE-VALUE )</AttributeType>
      <AttributeType>( 1.2.840.113556.1.4.1417 NAME 'mSMQComputerTypeEx' SYNTAX 1.3.6.1.4.1.1466.115.121.1.15 SINGLE-VALUE )</AttributeType>
      <AttributeType>( 1.2.840.113556.1.4.946 NAME 'mSMQCost' SYNTAX 1.3.6.1.4.1.1466.115.121.1.27 SINGLE-VALUE )</AttributeType>
      <AttributeType>( 1.2.840.113556.1.4.940 NAME 'mSMQCSPName' SYNTAX 1.2.840.113556.1.4.905 SINGLE-VALUE )</AttributeType>
      <AttributeType>( 1.2.840.113556.1.4.1239 NAME 'mSMQDependentClientService' SYNTAX 1.3.6.1.4.1.1466.115.121.1.7 SINGLE-VALUE )</AttributeType>
      <AttributeType>( 1.2.840.113556.1.4.1226 NAME 'mSMQDependentClientServices' SYNTAX 1.3.6.1.4.1.1466.115.121.1.7 SINGLE-VALUE )</AttributeType>
      <AttributeType>( 1.2.840.113556.1.4.948 NAME 'mSMQDigests' SYNTAX 1.3.6.1.4.1.1466.115.121.1.40 )</AttributeType>
      <AttributeType>( 1.2.840.113556.1.4.966 NAME 'mSMQDigestsMig' SYNTAX 1.3.6.1.4.1.1466.115.121.1.40 )</AttributeType>
      <AttributeType>( 1.2.840.113556.1.4.1238 NAME 'mSMQDsService' SYNTAX 1.3.6.1.4.1.1466.115.121.1.7 SINGLE-VALUE )</AttributeType>
      <AttributeType>( 1.2.840.113556.1.4.1228 NAME 'mSMQDsServices' SYNTAX 1.3.6.1.4.1.1466.115.121.1.7 SINGLE-VALUE )</AttributeType>
      <AttributeType>( 1.2.840.113556.1.4.936 NAME 'mSMQEncryptKey' SYNTAX 1.3.6.1.4.1.1466.115.121.1.40 SINGLE-VALUE )</AttributeType>
      <AttributeType>( 1.2.840.113556.1.4.934 NAME 'mSMQForeign' SYNTAX 1.3.6.1.4.1.1466.115.121.1.7 SINGLE-VALUE )</AttributeType>
      <AttributeType>( 1.2.840.113556.1.4.929 NAME 'mSMQInRoutingServers' SYNTAX 1.3.6.1.4.1.1466.115.121.1.12 )</AttributeType>
      <AttributeType>( 1.2.840.113556.1.4.1308 NAME 'mSMQInterval1' SYNTAX 1.3.6.1.4.1.1466.115.121.1.27 SINGLE-VALUE )</AttributeType>
      <AttributeType>( 1.2.840.113556.1.4.1309 NAME 'mSMQInterval2' SYNTAX 1.3.6.1.4.1.1466.115.121.1.27 SINGLE-VALUE )</AttributeType>
      <AttributeType>( 1.2.840.113556.1.4.918 NAME 'mSMQJournal' SYNTAX 1.3.6.1.4.1.1466.115.121.1.7 SINGLE-VALUE )</AttributeType>
      <AttributeType>( 1.2.840.113556.1.4.921 NAME 'mSMQJournalQuota' SYNTAX 1.3.6.1.4.1.1466.115.121.1.27 SINGLE-VALUE )</AttributeType>
      <AttributeType>( 1.2.840.113556.1.4.922 NAME 'mSMQLabel' SYNTAX 1.2.840.113556.1.4.905 SINGLE-VALUE )</AttributeType>
      <AttributeType>( 1.2.840.113556.1.4.1415 NAME 'mSMQLabelEx' SYNTAX 1.3.6.1.4.1.1466.115.121.1.15 SINGLE-VALUE )</AttributeType>
      <AttributeType>( 1.2.840.113556.1.4.941 NAME 'mSMQLongLived' SYNTAX 1.3.6.1.4.1.1466.115.121.1.27 SINGLE-VALUE )</AttributeType>
      <AttributeType>( 1.2.840.113556.1.4.952 NAME 'mSMQMigrated' SYNTAX 1.3.6.1.4.1.1466.115.121.1.7 SINGLE-VALUE )</AttributeType>
      <AttributeType>( 1.2.840.113556.1.4.1714 NAME 'MSMQ-MulticastAddress' SYNTAX 1.3.6.1.4.1.1466.115.121.1.15 SINGLE-VALUE )</AttributeType>
      <AttributeType>( 1.2.840.113556.1.4.939 NAME 'mSMQNameStyle' SYNTAX 1.3.6.1.4.1.1466.115.121.1.7 SINGLE-VALUE )</AttributeType>
      <AttributeType>( 1.2.840.113556.1.4.964 NAME 'mSMQNt4Flags' SYNTAX 1.3.6.1.4.1.1466.115.121.1.27 SINGLE-VALUE )</AttributeType>
      <AttributeType>( 1.2.840.113556.1.4.960 NAME 'mSMQNt4Stub' SYNTAX 1.3.6.1.4.1.1466.115.121.1.27 )</AttributeType>
      <AttributeType>( 1.2.840.113556.1.4.935 NAME 'mSMQOSType' SYNTAX 1.3.6.1.4.1.1466.115.121.1.27 SINGLE-VALUE )</AttributeType>
      <AttributeType>( 1.2.840.113556.1.4.928 NAME 'mSMQOutRoutingServers' SYNTAX 1.3.6.1.4.1.1466.115.121.1.12 )</AttributeType>
      <AttributeType>( 1.2.840.113556.1.4.925 NAME 'mSMQOwnerID' SYNTAX 1.3.6.1.4.1.1466.115.121.1.40 SINGLE-VALUE )</AttributeType>
      <AttributeType>( 1.2.840.113556.1.4.1225 NAME 'mSMQPrevSiteGates' SYNTAX 1.3.6.1.4.1.1466.115.121.1.12 )</AttributeType>
      <AttributeType>( 1.2.840.113556.1.4.924 NAME 'mSMQPrivacyLevel' SYNTAX 1.3.6.1.4.1.1466.115.121.1.27 SINGLE-VALUE )</AttributeType>
      <AttributeType>( 1.2.840.113556.1.4.951 NAME 'mSMQQMID' SYNTAX 1.3.6.1.4.1.1466.115.121.1.40 SINGLE-VALUE )</AttributeType>
      <AttributeType>( 1.2.840.113556.1.4.963 NAME 'mSMQQueueJournalQuota' SYNTAX 1.3.6.1.4.1.1466.115.121.1.27 SINGLE-VALUE )</AttributeType>
      <AttributeType>( 1.2.840.113556.1.4.1243 NAME 'mSMQQueueNameExt' SYNTAX 1.3.6.1.4.1.1466.115.121.1.15 SINGLE-VALUE )</AttributeType>
      <AttributeType>( 1.2.840.113556.1.4.962 NAME 'mSMQQueueQuota' SYNTAX 1.3.6.1.4.1.1466.115.121.1.27 SINGLE-VALUE )</AttributeType>
      <AttributeType>( 1.2.840.113556.1.4.917 NAME 'mSMQQueueType' SYNTAX 1.3.6.1.4.1.1466.115.121.1.40 SINGLE-VALUE )</AttributeType>
      <AttributeType>( 1.2.840.113556.1.4.919 NAME 'mSMQQuota' SYNTAX 1.3.6.1.4.1.1466.115.121.1.27 SINGLE-VALUE )</AttributeType>
      <AttributeType>( 1.2.840.113556.1.4.1695 NAME 'msMQ-Recipient-FormatName' SYNTAX 1.3.6.1.4.1.1466.115.121.1.15 SINGLE-VALUE )</AttributeType>
      <AttributeType>( 1.2.840.113556.1.4.1237 NAME 'mSMQRoutingService' SYNTAX 1.3.6.1.4.1.1466.115.121.1.7 SINGLE-VALUE )</AttributeType>
      <AttributeType>( 1.2.840.113556.1.4.1227 NAME 'mSMQRoutingServices' SYNTAX 1.3.6.1.4.1.1466.115.121.1.7 SINGLE-VALUE )</AttributeType>
      <AttributeType>( 1.2.840.113556.1.4.1713 NAME 'MSMQ-SecuredSource' SYNTAX 1.3.6.1.4.1.1466.115.121.1.7 SINGLE-VALUE )</AttributeType>
      <AttributeType>( 1.2.840.113556.1.4.950 NAME 'mSMQServices' SYNTAX 1.3.6.1.4.1.1466.115.121.1.27 SINGLE-VALUE )</AttributeType>
      <AttributeType>( 1.2.840.113556.1.4.930 NAME 'mSMQServiceType' SYNTAX 1.3.6.1.4.1.1466.115.121.1.27 SINGLE-VALUE )</AttributeType>
      <AttributeType>( 1.2.840.113556.1.4.947 NAME 'mSMQSignCertificates' SYNTAX 1.3.6.1.4.1.1466.115.121.1.40 SINGLE-VALUE )</AttributeType>
      <AttributeType>( 1.2.840.113556.1.4.967 NAME 'mSMQSignCertificatesMig' SYNTAX 1.3.6.1.4.1.1466.115.121.1.40 SINGLE-VALUE )</AttributeType>
      <AttributeType>( 1.2.840.113556.1.4.937 NAME 'mSMQSignKey' SYNTAX 1.3.6.1.4.1.1466.115.121.1.40 SINGLE-VALUE )</AttributeType>
      <AttributeType>( 1.2.840.113556.1.4.943 NAME 'mSMQSite1' SYNTAX 1.3.6.1.4.1.1466.115.121.1.12 SINGLE-VALUE )</AttributeType>
      <AttributeType>( 1.2.840.113556.1.4.944 NAME 'mSMQSite2' SYNTAX 1.3.6.1.4.1.1466.115.121.1.12 SINGLE-VALUE )</AttributeType>
      <AttributeType>( 1.2.840.113556.1.4.961 NAME 'mSMQSiteForeign' SYNTAX 1.3.6.1.4.1.1466.115.121.1.7 )</AttributeType>
      <AttributeType>( 1.2.840.113556.1.4.945 NAME 'mSMQSiteGates' SYNTAX 1.3.6.1.4.1.1466.115.121.1.12 )</AttributeType>
      <AttributeType>( 1.2.840.113556.1.4.1310 NAME 'mSMQSiteGatesMig' SYNTAX 1.3.6.1.4.1.1466.115.121.1.12 )</AttributeType>
      <AttributeType>( 1.2.840.113556.1.4.953 NAME 'mSMQSiteID' SYNTAX 1.3.6.1.4.1.1466.115.121.1.40 SINGLE-VALUE )</AttributeType>
      <AttributeType>( 1.2.840.113556.1.4.965 NAME 'mSMQSiteName' SYNTAX 1.2.840.113556.1.4.905 SINGLE-VALUE )</AttributeType>
      <AttributeType>( 1.2.840.113556.1.4.1416 NAME 'mSMQSiteNameEx' SYNTAX 1.3.6.1.4.1.1466.115.121.1.15 SINGLE-VALUE )</AttributeType>
      <AttributeType>( 1.2.840.113556.1.4.927 NAME 'mSMQSites' SYNTAX 1.3.6.1.4.1.1466.115.121.1.40 )</AttributeType>
      <AttributeType>( 1.2.840.113556.1.4.926 NAME 'mSMQTransactional' SYNTAX 1.3.6.1.4.1.1466.115.121.1.7 SINGLE-VALUE )</AttributeType>
      <AttributeType>( 1.2.840.113556.1.4.1337 NAME 'mSMQUserSid' SYNTAX 1.3.6.1.4.1.1466.115.121.1.40 SINGLE-VALUE NO-USER-MODIFICATION )</AttributeType>
      <AttributeType>( 1.2.840.113556.1.4.942 NAME 'mSMQVersion' SYNTAX 1.3.6.1.4.1.1466.115.121.1.27 SINGLE-VALUE )</AttributeType>
      <AttributeType>( 1.2.840.113556.1.4.1952 NAME 'ms-net-ieee-80211-GP-PolicyData' SYNTAX 1.3.6.1.4.1.1466.115.121.1.15 SINGLE-VALUE )</AttributeType>
      <AttributeType>( 1.2.840.113556.1.4.1951 NAME 'ms-net-ieee-80211-GP-PolicyGUID' SYNTAX 1.3.6.1.4.1.1466.115.121.1.15 SINGLE-VALUE )</AttributeType>
      <AttributeType>( 1.2.840.113556.1.4.1953 NAME 'ms-net-ieee-80211-GP-PolicyReserved' SYNTAX 1.3.6.1.4.1.1466.115.121.1.40 SINGLE-VALUE )</AttributeType>
      <AttributeType>( 1.2.840.113556.1.4.1955 NAME 'ms-net-ieee-8023-GP-PolicyData' SYNTAX 1.3.6.1.4.1.1466.115.121.1.15 SINGLE-VALUE )</AttributeType>
      <AttributeType>( 1.2.840.113556.1.4.1954 NAME 'ms-net-ieee-8023-GP-PolicyGUID' SYNTAX 1.3.6.1.4.1.1466.115.121.1.15 SINGLE-VALUE )</AttributeType>
      <AttributeType>( 1.2.840.113556.1.4.1956 NAME 'ms-net-ieee-8023-GP-PolicyReserved' SYNTAX 1.3.6.1.4.1.1466.115.121.1.40 SINGLE-VALUE )</AttributeType>
      <AttributeType>( 1.2.840.113556.1.4.1119 NAME 'msNPAllowDialin' SYNTAX 1.3.6.1.4.1.1466.115.121.1.7 SINGLE-VALUE )</AttributeType>
      <AttributeType>( 1.2.840.113556.1.4.1123 NAME 'msNPCalledStationID' SYNTAX 1.3.6.1.4.1.1466.115.121.1.26 )</AttributeType>
      <AttributeType>( 1.2.840.113556.1.4.1124 NAME 'msNPCallingStationID' SYNTAX 1.3.6.1.4.1.1466.115.121.1.26 )</AttributeType>
      <AttributeType>( 1.2.840.113556.1.4.1130 NAME 'msNPSavedCallingStationID' SYNTAX 1.3.6.1.4.1.1466.115.121.1.26 )</AttributeType>
      <AttributeType>( 1.2.840.113556.1.4.1894 NAME 'msPKIAccountCredentials' SYNTAX 1.2.840.113556.1.4.903 )</AttributeType>
      <AttributeType>( 1.2.840.113556.1.4.1674 NAME 'msPKI-Certificate-Application-Policy' SYNTAX 1.3.6.1.4.1.1466.115.121.1.15 )</AttributeType>
      <AttributeType>( 1.2.840.113556.1.4.1432 NAME 'msPKI-Certificate-Name-Flag' SYNTAX 1.3.6.1.4.1.1466.115.121.1.27 SINGLE-VALUE )</AttributeType>
      <AttributeType>( 1.2.840.113556.1.4.1439 NAME 'msPKI-Certificate-Policy' SYNTAX 1.3.6.1.4.1.1466.115.121.1.15 )</AttributeType>
      <AttributeType>( 1.2.840.113556.1.4.1436 NAME 'msPKI-Cert-Template-OID' SYNTAX 1.3.6.1.4.1.1466.115.121.1.15 SINGLE-VALUE )</AttributeType>
      <AttributeType>( 1.2.840.113556.1.4.2050 NAME 'msPKI-CredentialRoamingTokens' SYNTAX 1.2.840.113556.1.4.903 )</AttributeType>
      <AttributeType>( 1.2.840.113556.1.4.1893 NAME 'msPKIDPAPIMasterKeys' SYNTAX 1.2.840.113556.1.4.903 )</AttributeType>
      <AttributeType>( 1.2.840.113556.1.4.1430 NAME 'msPKI-Enrollment-Flag' SYNTAX 1.3.6.1.4.1.1466.115.121.1.27 SINGLE-VALUE )</AttributeType>
      <AttributeType>( 1.2.840.113556.1.4.2076 NAME 'msPKI-Enrollment-Servers' SYNTAX 1.3.6.1.4.1.1466.115.121.1.15 )</AttributeType>
      <AttributeType>( 1.2.840.113556.1.4.1433 NAME 'msPKI-Minimal-Key-Size' SYNTAX 1.3.6.1.4.1.1466.115.121.1.27 SINGLE-VALUE )</AttributeType>
      <AttributeType>( 1.2.840.113556.1.4.1671 NAME 'msPKI-OID-Attribute' SYNTAX 1.3.6.1.4.1.1466.115.121.1.27 SINGLE-VALUE )</AttributeType>
      <AttributeType>( 1.2.840.113556.1.4.1672 NAME 'msPKI-OID-CPS' SYNTAX 1.3.6.1.4.1.1466.115.121.1.15 )</AttributeType>
      <AttributeType>( 1.2.840.113556.1.4.1712 NAME 'msPKI-OIDLocalizedName' SYNTAX 1.3.6.1.4.1.1466.115.121.1.15 )</AttributeType>
      <AttributeType>( 1.2.840.113556.1.4.1673 NAME 'msPKI-OID-User-Notice' SYNTAX 1.3.6.1.4.1.1466.115.121.1.15 )</AttributeType>
      <AttributeType>( 1.2.840.113556.1.4.1431 NAME 'msPKI-Private-Key-Flag' SYNTAX 1.3.6.1.4.1.1466.115.121.1.27 SINGLE-VALUE )</AttributeType>
      <AttributeType>( 1.2.840.113556.1.4.1675 NAME 'msPKI-RA-Application-Policies' SYNTAX 1.3.6.1.4.1.1466.115.121.1.15 )</AttributeType>
      <AttributeType>( 1.2.840.113556.1.4.1438 NAME 'msPKI-RA-Policies' SYNTAX 1.3.6.1.4.1.1466.115.121.1.15 )</AttributeType>
      <AttributeType>( 1.2.840.113556.1.4.1429 NAME 'msPKI-RA-Signature' SYNTAX 1.3.6.1.4.1.1466.115.121.1.27 SINGLE-VALUE )</AttributeType>
      <AttributeType>( 1.2.840.113556.1.4.1892 NAME 'msPKIRoamingTimeStamp' SYNTAX 1.3.6.1.4.1.1466.115.121.1.40 SINGLE-VALUE )</AttributeType>
      <AttributeType>( 1.2.840.113556.1.4.2077 NAME 'msPKI-Site-Name' SYNTAX 1.3.6.1.4.1.1466.115.121.1.15 SINGLE-VALUE )</AttributeType>
      <AttributeType>( 1.2.840.113556.1.4.1437 NAME 'msPKI-Supersede-Templates' SYNTAX 1.3.6.1.4.1.1466.115.121.1.15 )</AttributeType>
      <AttributeType>( 1.2.840.113556.1.4.1435 NAME 'msPKI-Template-Minor-Revision' SYNTAX 1.3.6.1.4.1.1466.115.121.1.27 SINGLE-VALUE )</AttributeType>
      <AttributeType>( 1.2.840.113556.1.4.1434 NAME 'msPKI-Template-Schema-Version' SYNTAX 1.3.6.1.4.1.1466.115.121.1.27 SINGLE-VALUE )</AttributeType>
      <AttributeType>( 1.2.840.113556.1.4.1145 NAME 'msRADIUSCallbackNumber' SYNTAX 1.3.6.1.4.1.1466.115.121.1.26 SINGLE-VALUE )</AttributeType>
      <AttributeType>( 1.2.840.113556.1.4.1913 NAME 'msRADIUS-FramedInterfaceId' SYNTAX 1.3.6.1.4.1.1466.115.121.1.26 SINGLE-VALUE )</AttributeType>
      <AttributeType>( 1.2.840.113556.1.4.1153 NAME 'msRADIUSFramedIPAddress' SYNTAX 1.3.6.1.4.1.1466.115.121.1.27 SINGLE-VALUE )</AttributeType>
      <AttributeType>( 1.2.840.113556.1.4.1915 NAME 'msRADIUS-FramedIpv6Prefix' SYNTAX 1.3.6.1.4.1.1466.115.121.1.26 SINGLE-VALUE )</AttributeType>
      <AttributeType>( 1.2.840.113556.1.4.1917 NAME 'msRADIUS-FramedIpv6Route' SYNTAX 1.3.6.1.4.1.1466.115.121.1.26 )</AttributeType>
      <AttributeType>( 1.2.840.113556.1.4.1158 NAME 'msRADIUSFramedRoute' SYNTAX 1.3.6.1.4.1.1466.115.121.1.26 )</AttributeType>
      <AttributeType>( 1.2.840.113556.1.4.1914 NAME 'msRADIUS-SavedFramedInterfaceId' SYNTAX 1.3.6.1.4.1.1466.115.121.1.26 SINGLE-VALUE )</AttributeType>
      <AttributeType>( 1.2.840.113556.1.4.1916 NAME 'msRADIUS-SavedFramedIpv6Prefix' SYNTAX 1.3.6.1.4.1.1466.115.121.1.26 SINGLE-VALUE )</AttributeType>
      <AttributeType>( 1.2.840.113556.1.4.1918 NAME 'msRADIUS-SavedFramedIpv6Route' SYNTAX 1.3.6.1.4.1.1466.115.121.1.26 )</AttributeType>
      <AttributeType>( 1.2.840.113556.1.4.1171 NAME 'msRADIUSServiceType' SYNTAX 1.3.6.1.4.1.1466.115.121.1.27 SINGLE-VALUE )</AttributeType>
      <AttributeType>( 1.2.840.113556.1.4.1189 NAME 'msRASSavedCallbackNumber' SYNTAX 1.3.6.1.4.1.1466.115.121.1.26 SINGLE-VALUE )</AttributeType>
      <AttributeType>( 1.2.840.113556.1.4.1190 NAME 'msRASSavedFramedIPAddress' SYNTAX 1.3.6.1.4.1.1466.115.121.1.27 SINGLE-VALUE )</AttributeType>
      <AttributeType>( 1.2.840.113556.1.4.1191 NAME 'msRASSavedFramedRoute' SYNTAX 1.3.6.1.4.1.1466.115.121.1.26 )</AttributeType>
      <AttributeType>( 1.2.840.113556.1.4.884 NAME 'msRRASAttribute' SYNTAX 1.3.6.1.4.1.1466.115.121.1.15 )</AttributeType>
      <AttributeType>( 1.2.840.113556.1.4.883 NAME 'msRRASVendorAttributeEntry' SYNTAX 1.3.6.1.4.1.1466.115.121.1.15 )</AttributeType>
      <AttributeType>( 1.2.840.113556.1.6.18.1.323 NAME 'msSFU30Aliases' SYNTAX 1.3.6.1.4.1.1466.115.121.1.26 )</AttributeType>
      <AttributeType>( 1.2.840.113556.1.6.18.1.352 NAME 'msSFU30CryptMethod' SYNTAX 1.3.6.1.4.1.1466.115.121.1.26 SINGLE-VALUE )</AttributeType>
      <AttributeType>( 1.2.840.113556.1.6.18.1.340 NAME 'msSFU30Domains' SYNTAX 1.3.6.1.4.1.1466.115.121.1.26 )</AttributeType>
      <AttributeType>( 1.2.840.113556.1.6.18.1.302 NAME 'msSFU30FieldSeparator' SYNTAX 1.3.6.1.4.1.1466.115.121.1.15 SINGLE-VALUE )</AttributeType>
      <AttributeType>( 1.2.840.113556.1.6.18.1.303 NAME 'msSFU30IntraFieldSeparator' SYNTAX 1.3.6.1.4.1.1466.115.121.1.15 SINGLE-VALUE )</AttributeType>
      <AttributeType>( 1.2.840.113556.1.6.18.1.350 NAME 'msSFU30IsValidContainer' SYNTAX 1.3.6.1.4.1.1466.115.121.1.27 SINGLE-VALUE )</AttributeType>
      <AttributeType>( 1.2.840.113556.1.6.18.1.301 NAME 'msSFU30KeyAttributes' SYNTAX 1.3.6.1.4.1.1466.115.121.1.15 )</AttributeType>
      <AttributeType>( 1.2.840.113556.1.6.18.1.324 NAME 'msSFU30KeyValues' SYNTAX 1.3.6.1.4.1.1466.115.121.1.26 )</AttributeType>
      <AttributeType>( 1.2.840.113556.1.6.18.1.306 NAME 'msSFU30MapFilter' SYNTAX 1.3.6.1.4.1.1466.115.121.1.15 SINGLE-VALUE )</AttributeType>
      <AttributeType>( 1.2.840.113556.1.6.18.1.307 NAME 'msSFU30MasterServerName' SYNTAX 1.3.6.1.4.1.1466.115.121.1.15 SINGLE-VALUE )</AttributeType>
      <AttributeType>( 1.2.840.113556.1.6.18.1.342 NAME 'msSFU30MaxGidNumber' SYNTAX 1.3.6.1.4.1.1466.115.121.1.27 SINGLE-VALUE )</AttributeType>
      <AttributeType>( 1.2.840.113556.1.6.18.1.343 NAME 'msSFU30MaxUidNumber' SYNTAX 1.3.6.1.4.1.1466.115.121.1.27 SINGLE-VALUE )</AttributeType>
      <AttributeType>( 1.2.840.113556.1.6.18.1.309 NAME 'msSFU30Name' SYNTAX 1.3.6.1.4.1.1466.115.121.1.26 SINGLE-VALUE )</AttributeType>
      <AttributeType>( 1.2.840.113556.1.6.18.1.348 NAME 'msSFU30NetgroupHostAtDomain' SYNTAX 1.3.6.1.4.1.1466.115.121.1.26 )</AttributeType>
      <AttributeType>( 1.2.840.113556.1.6.18.1.349 NAME 'msSFU30NetgroupUserAtDomain' SYNTAX 1.3.6.1.4.1.1466.115.121.1.26 )</AttributeType>
      <AttributeType>( 1.2.840.113556.1.6.18.1.339 NAME 'msSFU30NisDomain' SYNTAX 1.3.6.1.4.1.1466.115.121.1.26 SINGLE-VALUE )</AttributeType>
      <AttributeType>( 1.2.840.113556.1.6.18.1.345 NAME 'msSFU30NSMAPFieldPosition' SYNTAX 1.3.6.1.4.1.1466.115.121.1.26 SINGLE-VALUE )</AttributeType>
      <AttributeType>( 1.2.840.113556.1.6.18.1.308 NAME 'msSFU30OrderNumber' SYNTAX 1.3.6.1.4.1.1466.115.121.1.15 SINGLE-VALUE )</AttributeType>
      <AttributeType>( 1.2.840.113556.1.6.18.1.346 NAME 'msSFU30PosixMember' SYNTAX 1.3.6.1.4.1.1466.115.121.1.12 )</AttributeType>
      <AttributeType>( 1.2.840.113556.1.6.18.1.347 NAME 'msSFU30PosixMemberOf' SYNTAX 1.3.6.1.4.1.1466.115.121.1.12 )</AttributeType>
      <AttributeType>( 1.2.840.113556.1.6.18.1.305 NAME 'msSFU30ResultAttributes' SYNTAX 1.3.6.1.4.1.1466.115.121.1.15 )</AttributeType>
      <AttributeType>( 1.2.840.113556.1.6.18.1.304 NAME 'msSFU30SearchAttributes' SYNTAX 1.3.6.1.4.1.1466.115.121.1.15 )</AttributeType>
      <AttributeType>( 1.2.840.113556.1.6.18.1.300 NAME 'msSFU30SearchContainer' SYNTAX 1.3.6.1.4.1.1466.115.121.1.15 SINGLE-VALUE )</AttributeType>
      <AttributeType>( 1.2.840.113556.1.6.18.1.341 NAME 'msSFU30YpServers' SYNTAX 1.3.6.1.4.1.1466.115.121.1.26 )</AttributeType>
      <AttributeType>( 1.2.840.113556.1.4.1395 NAME 'mS-SQL-Alias' SYNTAX 1.3.6.1.4.1.1466.115.121.1.15 SINGLE-VALUE )</AttributeType>
      <AttributeType>( 1.2.840.113556.1.4.1394 NAME 'mS-SQL-AllowAnonymousSubscription' SYNTAX 1.3.6.1.4.1.1466.115.121.1.7 SINGLE-VALUE )</AttributeType>
      <AttributeType>( 1.2.840.113556.1.4.1404 NAME 'mS-SQL-AllowImmediateUpdatingSubscription' SYNTAX 1.3.6.1.4.1.1466.115.121.1.7 SINGLE-VALUE )</AttributeType>
      <AttributeType>( 1.2.840.113556.1.4.1403 NAME 'mS-SQL-AllowKnownPullSubscription' SYNTAX 1.3.6.1.4.1.1466.115.121.1.7 SINGLE-VALUE )</AttributeType>
      <AttributeType>( 1.2.840.113556.1.4.1405 NAME 'mS-SQL-AllowQueuedUpdatingSubscription' SYNTAX 1.3.6.1.4.1.1466.115.121.1.7 SINGLE-VALUE )</AttributeType>
      <AttributeType>( 1.2.840.113556.1.4.1406 NAME 'mS-SQL-AllowSnapshotFilesFTPDownloading' SYNTAX 1.3.6.1.4.1.1466.115.121.1.7 SINGLE-VALUE )</AttributeType>
      <AttributeType>( 1.2.840.113556.1.4.1378 NAME 'mS-SQL-AppleTalk' SYNTAX 1.3.6.1.4.1.1466.115.121.1.15 SINGLE-VALUE )</AttributeType>
      <AttributeType>( 1.2.840.113556.1.4.1400 NAME 'mS-SQL-Applications' SYNTAX 1.3.6.1.4.1.1466.115.121.1.15 )</AttributeType>
      <AttributeType>( 1.2.840.113556.1.4.1368 NAME 'mS-SQL-Build' SYNTAX 1.3.6.1.4.1.1466.115.121.1.27 SINGLE-VALUE )</AttributeType>
      <AttributeType>( 1.2.840.113556.1.4.1370 NAME 'mS-SQL-CharacterSet' SYNTAX 1.3.6.1.4.1.1466.115.121.1.27 SINGLE-VALUE )</AttributeType>
      <AttributeType>( 1.2.840.113556.1.4.1373 NAME 'mS-SQL-Clustered' SYNTAX 1.3.6.1.4.1.1466.115.121.1.7 SINGLE-VALUE )</AttributeType>
      <AttributeType>( 1.2.840.113556.1.4.1383 NAME 'mS-SQL-ConnectionURL' SYNTAX 1.3.6.1.4.1.1466.115.121.1.15 SINGLE-VALUE )</AttributeType>
      <AttributeType>( 1.2.840.113556.1.4.1365 NAME 'mS-SQL-Contact' SYNTAX 1.3.6.1.4.1.1466.115.121.1.15 SINGLE-VALUE )</AttributeType>
      <AttributeType>( 1.2.840.113556.1.4.1397 NAME 'mS-SQL-CreationDate' SYNTAX 1.3.6.1.4.1.1466.115.121.1.15 SINGLE-VALUE )</AttributeType>
      <AttributeType>( 1.2.840.113556.1.4.1393 NAME 'mS-SQL-Database' SYNTAX 1.3.6.1.4.1.1466.115.121.1.15 SINGLE-VALUE )</AttributeType>
      <AttributeType>( 1.2.840.113556.1.4.1390 NAME 'mS-SQL-Description' SYNTAX 1.3.6.1.4.1.1466.115.121.1.15 SINGLE-VALUE )</AttributeType>
      <AttributeType>( 1.2.840.113556.1.4.1387 NAME 'mS-SQL-GPSHeight' SYNTAX 1.3.6.1.4.1.1466.115.121.1.15 SINGLE-VALUE )</AttributeType>
      <AttributeType>( 1.2.840.113556.1.4.1385 NAME 'mS-SQL-GPSLatitude' SYNTAX 1.3.6.1.4.1.1466.115.121.1.15 SINGLE-VALUE )</AttributeType>
      <AttributeType>( 1.2.840.113556.1.4.1386 NAME 'mS-SQL-GPSLongitude' SYNTAX 1.3.6.1.4.1.1466.115.121.1.15 SINGLE-VALUE )</AttributeType>
      <AttributeType>( 1.2.840.113556.1.4.1392 NAME 'mS-SQL-InformationDirectory' SYNTAX 1.3.6.1.4.1.1466.115.121.1.7 SINGLE-VALUE )</AttributeType>
      <AttributeType>( 1.2.840.113556.1.4.1382 NAME 'mS-SQL-InformationURL' SYNTAX 1.3.6.1.4.1.1466.115.121.1.15 SINGLE-VALUE )</AttributeType>
      <AttributeType>( 1.2.840.113556.1.4.1401 NAME 'mS-SQL-Keywords' SYNTAX 1.3.6.1.4.1.1466.115.121.1.15 )</AttributeType>
      <AttributeType>( 1.2.840.113556.1.4.1389 NAME 'mS-SQL-Language' SYNTAX 1.3.6.1.4.1.1466.115.121.1.15 SINGLE-VALUE )</AttributeType>
      <AttributeType>( 1.2.840.113556.1.4.1398 NAME 'mS-SQL-LastBackupDate' SYNTAX 1.3.6.1.4.1.1466.115.121.1.15 SINGLE-VALUE )</AttributeType>
      <AttributeType>( 1.2.840.113556.1.4.1399 NAME 'mS-SQL-LastDiagnosticDate' SYNTAX 1.3.6.1.4.1.1466.115.121.1.15 SINGLE-VALUE )</AttributeType>
      <AttributeType>( 1.2.840.113556.1.4.1381 NAME 'mS-SQL-LastUpdatedDate' SYNTAX 1.3.6.1.4.1.1466.115.121.1.15 SINGLE-VALUE )</AttributeType>
      <AttributeType>( 1.2.840.113556.1.4.1366 NAME 'mS-SQL-Location' SYNTAX 1.3.6.1.4.1.1466.115.121.1.15 SINGLE-VALUE )</AttributeType>
      <AttributeType>( 1.2.840.113556.1.4.1367 NAME 'mS-SQL-Memory' SYNTAX 1.2.840.113556.1.4.906 SINGLE-VALUE )</AttributeType>
      <AttributeType>( 1.2.840.113556.1.4.1375 NAME 'mS-SQL-MultiProtocol' SYNTAX 1.3.6.1.4.1.1466.115.121.1.15 SINGLE-VALUE )</AttributeType>
      <AttributeType>( 1.2.840.113556.1.4.1363 NAME 'mS-SQL-Name' SYNTAX 1.3.6.1.4.1.1466.115.121.1.15 SINGLE-VALUE )</AttributeType>
      <AttributeType>( 1.2.840.113556.1.4.1374 NAME 'mS-SQL-NamedPipe' SYNTAX 1.3.6.1.4.1.1466.115.121.1.15 SINGLE-VALUE )</AttributeType>
      <AttributeType>( 1.2.840.113556.1.4.1384 NAME 'mS-SQL-PublicationURL' SYNTAX 1.3.6.1.4.1.1466.115.121.1.15 SINGLE-VALUE )</AttributeType>
      <AttributeType>( 1.2.840.113556.1.4.1402 NAME 'mS-SQL-Publisher' SYNTAX 1.3.6.1.4.1.1466.115.121.1.15 SINGLE-VALUE )</AttributeType>
      <AttributeType>( 1.2.840.113556.1.4.1364 NAME 'mS-SQL-RegisteredOwner' SYNTAX 1.3.6.1.4.1.1466.115.121.1.15 SINGLE-VALUE )</AttributeType>
      <AttributeType>( 1.2.840.113556.1.4.1369 NAME 'mS-SQL-ServiceAccount' SYNTAX 1.3.6.1.4.1.1466.115.121.1.15 SINGLE-VALUE )</AttributeType>
      <AttributeType>( 1.2.840.113556.1.4.1396 NAME 'mS-SQL-Size' SYNTAX 1.2.840.113556.1.4.906 SINGLE-VALUE )</AttributeType>
      <AttributeType>( 1.2.840.113556.1.4.1371 NAME 'mS-SQL-SortOrder' SYNTAX 1.3.6.1.4.1.1466.115.121.1.15 SINGLE-VALUE )</AttributeType>
      <AttributeType>( 1.2.840.113556.1.4.1376 NAME 'mS-SQL-SPX' SYNTAX 1.3.6.1.4.1.1466.115.121.1.15 SINGLE-VALUE )</AttributeType>
      <AttributeType>( 1.2.840.113556.1.4.1380 NAME 'mS-SQL-Status' SYNTAX 1.2.840.113556.1.4.906 SINGLE-VALUE )</AttributeType>
      <AttributeType>( 1.2.840.113556.1.4.1377 NAME 'mS-SQL-TCPIP' SYNTAX 1.3.6.1.4.1.1466.115.121.1.15 SINGLE-VALUE )</AttributeType>
      <AttributeType>( 1.2.840.113556.1.4.1407 NAME 'mS-SQL-ThirdParty' SYNTAX 1.3.6.1.4.1.1466.115.121.1.7 SINGLE-VALUE )</AttributeType>
      <AttributeType>( 1.2.840.113556.1.4.1391 NAME 'mS-SQL-Type' SYNTAX 1.3.6.1.4.1.1466.115.121.1.15 SINGLE-VALUE )</AttributeType>
      <AttributeType>( 1.2.840.113556.1.4.1372 NAME 'mS-SQL-UnicodeSortOrder' SYNTAX 1.3.6.1.4.1.1466.115.121.1.27 SINGLE-VALUE )</AttributeType>
      <AttributeType>( 1.2.840.113556.1.4.1388 NAME 'mS-SQL-Version' SYNTAX 1.3.6.1.4.1.1466.115.121.1.15 SINGLE-VALUE )</AttributeType>
      <AttributeType>( 1.2.840.113556.1.4.1379 NAME 'mS-SQL-Vines' SYNTAX 1.3.6.1.4.1.1466.115.121.1.15 SINGLE-VALUE )</AttributeType>
      <AttributeType>( 1.2.840.113556.1.4.1700 NAME 'msTAPI-ConferenceBlob' SYNTAX 1.3.6.1.4.1.1466.115.121.1.40 SINGLE-VALUE )</AttributeType>
      <AttributeType>( 1.2.840.113556.1.4.1701 NAME 'msTAPI-IpAddress' SYNTAX 1.3.6.1.4.1.1466.115.121.1.15 )</AttributeType>
      <AttributeType>( 1.2.840.113556.1.4.1699 NAME 'msTAPI-ProtocolId' SYNTAX 1.3.6.1.4.1.1466.115.121.1.15 SINGLE-VALUE )</AttributeType>
      <AttributeType>( 1.2.840.113556.1.4.1698 NAME 'msTAPI-uid' SYNTAX 1.3.6.1.4.1.1466.115.121.1.15 SINGLE-VALUE )</AttributeType>
      <AttributeType>( 1.2.840.113556.1.4.1966 NAME 'msTPM-OwnerInformation' SYNTAX 1.3.6.1.4.1.1466.115.121.1.15 SINGLE-VALUE )</AttributeType>
      <AttributeType>( 1.2.840.113556.1.4.1979 NAME 'msTSAllowLogon' SYNTAX 1.3.6.1.4.1.1466.115.121.1.7 SINGLE-VALUE )</AttributeType>
      <AttributeType>( 1.2.840.113556.1.4.1985 NAME 'msTSBrokenConnectionAction' SYNTAX 1.3.6.1.4.1.1466.115.121.1.7 SINGLE-VALUE )</AttributeType>
      <AttributeType>( 1.2.840.113556.1.4.1986 NAME 'msTSConnectClientDrives' SYNTAX 1.3.6.1.4.1.1466.115.121.1.7 SINGLE-VALUE )</AttributeType>
      <AttributeType>( 1.2.840.113556.1.4.1987 NAME 'msTSConnectPrinterDrives' SYNTAX 1.3.6.1.4.1.1466.115.121.1.7 SINGLE-VALUE )</AttributeType>
      <AttributeType>( 1.2.840.113556.1.4.1988 NAME 'msTSDefaultToMainPrinter' SYNTAX 1.3.6.1.4.1.1466.115.121.1.7 SINGLE-VALUE )</AttributeType>
      <AttributeType>( 1.2.840.113556.1.4.2070 NAME 'msTSEndpointData' SYNTAX 1.3.6.1.4.1.1466.115.121.1.15 SINGLE-VALUE )</AttributeType>
      <AttributeType>( 1.2.840.113556.1.4.2072 NAME 'msTSEndpointPlugin' SYNTAX 1.3.6.1.4.1.1466.115.121.1.15 SINGLE-VALUE )</AttributeType>
      <AttributeType>( 1.2.840.113556.1.4.2071 NAME 'msTSEndpointType' SYNTAX 1.3.6.1.4.1.1466.115.121.1.27 SINGLE-VALUE )</AttributeType>
      <AttributeType>( 1.2.840.113556.1.4.1993 NAME 'msTSExpireDate' SYNTAX 1.3.6.1.4.1.1466.115.121.1.24 SINGLE-VALUE )</AttributeType>
      <AttributeType>( 1.2.840.113556.1.4.2000 NAME 'msTSExpireDate2' SYNTAX 1.3.6.1.4.1.1466.115.121.1.24 SINGLE-VALUE )</AttributeType>
      <AttributeType>( 1.2.840.113556.1.4.2003 NAME 'msTSExpireDate3' SYNTAX 1.3.6.1.4.1.1466.115.121.1.24 SINGLE-VALUE )</AttributeType>
      <AttributeType>( 1.2.840.113556.1.4.2006 NAME 'msTSExpireDate4' SYNTAX 1.3.6.1.4.1.1466.115.121.1.24 SINGLE-VALUE )</AttributeType>
      <AttributeType>( 1.2.840.113556.1.4.1977 NAME 'msTSHomeDirectory' SYNTAX 1.3.6.1.4.1.1466.115.121.1.15 SINGLE-VALUE )</AttributeType>
      <AttributeType>( 1.2.840.113556.1.4.1978 NAME 'msTSHomeDrive' SYNTAX 1.3.6.1.4.1.1466.115.121.1.15 SINGLE-VALUE )</AttributeType>
      <AttributeType>( 1.2.840.113556.1.4.1990 NAME 'msTSInitialProgram' SYNTAX 1.3.6.1.4.1.1466.115.121.1.15 SINGLE-VALUE )</AttributeType>
      <AttributeType>( 1.2.840.113556.1.4.1994 NAME 'msTSLicenseVersion' SYNTAX 1.3.6.1.4.1.1466.115.121.1.15 SINGLE-VALUE )</AttributeType>
      <AttributeType>( 1.2.840.113556.1.4.2001 NAME 'msTSLicenseVersion2' SYNTAX 1.3.6.1.4.1.1466.115.121.1.15 SINGLE-VALUE )</AttributeType>
      <AttributeType>( 1.2.840.113556.1.4.2004 NAME 'msTSLicenseVersion3' SYNTAX 1.3.6.1.4.1.1466.115.121.1.15 SINGLE-VALUE )</AttributeType>
      <AttributeType>( 1.2.840.113556.1.4.2007 NAME 'msTSLicenseVersion4' SYNTAX 1.3.6.1.4.1.1466.115.121.1.15 SINGLE-VALUE )</AttributeType>
      <AttributeType>( 1.2.840.113556.1.4.2009 NAME 'msTSLSProperty01' SYNTAX 1.3.6.1.4.1.1466.115.121.1.15 )</AttributeType>
      <AttributeType>( 1.2.840.113556.1.4.2010 NAME 'msTSLSProperty02' SYNTAX 1.3.6.1.4.1.1466.115.121.1.15 )</AttributeType>
      <AttributeType>( 1.2.840.113556.1.4.1995 NAME 'msTSManagingLS' SYNTAX 1.3.6.1.4.1.1466.115.121.1.15 SINGLE-VALUE )</AttributeType>
      <AttributeType>( 1.2.840.113556.1.4.2002 NAME 'msTSManagingLS2' SYNTAX 1.3.6.1.4.1.1466.115.121.1.15 SINGLE-VALUE )</AttributeType>
      <AttributeType>( 1.2.840.113556.1.4.2005 NAME 'msTSManagingLS3' SYNTAX 1.3.6.1.4.1.1466.115.121.1.15 SINGLE-VALUE )</AttributeType>
      <AttributeType>( 1.2.840.113556.1.4.2008 NAME 'msTSManagingLS4' SYNTAX 1.3.6.1.4.1.1466.115.121.1.15 SINGLE-VALUE )</AttributeType>
      <AttributeType>( 1.2.840.113556.1.4.1982 NAME 'msTSMaxConnectionTime' SYNTAX 1.3.6.1.4.1.1466.115.121.1.27 SINGLE-VALUE )</AttributeType>
      <AttributeType>( 1.2.840.113556.1.4.1981 NAME 'msTSMaxDisconnectionTime' SYNTAX 1.3.6.1.4.1.1466.115.121.1.27 SINGLE-VALUE )</AttributeType>
      <AttributeType>( 1.2.840.113556.1.4.1983 NAME 'msTSMaxIdleTime' SYNTAX 1.3.6.1.4.1.1466.115.121.1.27 SINGLE-VALUE )</AttributeType>
      <AttributeType>( 1.2.840.113556.1.4.2073 NAME 'msTSPrimaryDesktop' SYNTAX 1.3.6.1.4.1.1466.115.121.1.12 SINGLE-VALUE )</AttributeType>
      <AttributeType>( 1.2.840.113556.1.4.2074 NAME 'msTSPrimaryDesktopBL' SYNTAX 1.3.6.1.4.1.1466.115.121.1.12 NO-USER-MODIFICATION )</AttributeType>
      <AttributeType>( 1.2.840.113556.1.4.1976 NAME 'msTSProfilePath' SYNTAX 1.3.6.1.4.1.1466.115.121.1.15 SINGLE-VALUE )</AttributeType>
      <AttributeType>( 1.2.840.113556.1.4.1991 NAME 'msTSProperty01' SYNTAX 1.3.6.1.4.1.1466.115.121.1.15 )</AttributeType>
      <AttributeType>( 1.2.840.113556.1.4.1992 NAME 'msTSProperty02' SYNTAX 1.3.6.1.4.1.1466.115.121.1.15 )</AttributeType>
      <AttributeType>( 1.2.840.113556.1.4.1984 NAME 'msTSReconnectionAction' SYNTAX 1.3.6.1.4.1.1466.115.121.1.7 SINGLE-VALUE )</AttributeType>
      <AttributeType>( 1.2.840.113556.1.4.1980 NAME 'msTSRemoteControl' SYNTAX 1.3.6.1.4.1.1466.115.121.1.27 SINGLE-VALUE )</AttributeType>
      <AttributeType>( 1.2.840.113556.1.4.2078 NAME 'msTSSecondaryDesktopBL' SYNTAX 1.3.6.1.4.1.1466.115.121.1.12 NO-USER-MODIFICATION )</AttributeType>
      <AttributeType>( 1.2.840.113556.1.4.2075 NAME 'msTSSecondaryDesktops' SYNTAX 1.3.6.1.4.1.1466.115.121.1.12 )</AttributeType>
      <AttributeType>( 1.2.840.113556.1.4.1989 NAME 'msTSWorkDirectory' SYNTAX 1.3.6.1.4.1.1466.115.121.1.15 SINGLE-VALUE )</AttributeType>
      <AttributeType>( 1.2.840.113556.1.4.1623 NAME 'msWMI-Author' SYNTAX 1.3.6.1.4.1.1466.115.121.1.15 SINGLE-VALUE )</AttributeType>
      <AttributeType>( 1.2.840.113556.1.4.1624 NAME 'msWMI-ChangeDate' SYNTAX 1.3.6.1.4.1.1466.115.121.1.15 SINGLE-VALUE )</AttributeType>
      <AttributeType>( 1.2.840.113556.1.4.1676 NAME 'msWMI-Class' SYNTAX 1.3.6.1.4.1.1466.115.121.1.15 SINGLE-VALUE )</AttributeType>
      <AttributeType>( 1.2.840.113556.1.4.1625 NAME 'msWMI-ClassDefinition' SYNTAX 1.3.6.1.4.1.1466.115.121.1.15 SINGLE-VALUE )</AttributeType>
      <AttributeType>( 1.2.840.113556.1.4.1626 NAME 'msWMI-CreationDate' SYNTAX 1.3.6.1.4.1.1466.115.121.1.15 SINGLE-VALUE )</AttributeType>
      <AttributeType>( 1.2.840.113556.1.4.1677 NAME 'msWMI-Genus' SYNTAX 1.3.6.1.4.1.1466.115.121.1.27 SINGLE-VALUE )</AttributeType>
      <AttributeType>( 1.2.840.113556.1.4.1627 NAME 'msWMI-ID' SYNTAX 1.3.6.1.4.1.1466.115.121.1.15 SINGLE-VALUE )</AttributeType>
      <AttributeType>( 1.2.840.113556.1.4.1632 NAME 'msWMI-Int8Default' SYNTAX 1.2.840.113556.1.4.906 SINGLE-VALUE )</AttributeType>
      <AttributeType>( 1.2.840.113556.1.4.1633 NAME 'msWMI-Int8Max' SYNTAX 1.2.840.113556.1.4.906 SINGLE-VALUE )</AttributeType>
      <AttributeType>( 1.2.840.113556.1.4.1634 NAME 'msWMI-Int8Min' SYNTAX 1.2.840.113556.1.4.906 SINGLE-VALUE )</AttributeType>
      <AttributeType>( 1.2.840.113556.1.4.1635 NAME 'msWMI-Int8ValidValues' SYNTAX 1.2.840.113556.1.4.906 )</AttributeType>
      <AttributeType>( 1.2.840.113556.1.4.1628 NAME 'msWMI-IntDefault' SYNTAX 1.3.6.1.4.1.1466.115.121.1.27 SINGLE-VALUE )</AttributeType>
      <AttributeType>( 1.2.840.113556.1.4.1678 NAME 'msWMI-intFlags1' SYNTAX 1.3.6.1.4.1.1466.115.121.1.27 SINGLE-VALUE )</AttributeType>
      <AttributeType>( 1.2.840.113556.1.4.1679 NAME 'msWMI-intFlags2' SYNTAX 1.3.6.1.4.1.1466.115.121.1.27 SINGLE-VALUE )</AttributeType>
      <AttributeType>( 1.2.840.113556.1.4.1680 NAME 'msWMI-intFlags3' SYNTAX 1.3.6.1.4.1.1466.115.121.1.27 SINGLE-VALUE )</AttributeType>
      <AttributeType>( 1.2.840.113556.1.4.1681 NAME 'msWMI-intFlags4' SYNTAX 1.3.6.1.4.1.1466.115.121.1.27 SINGLE-VALUE )</AttributeType>
      <AttributeType>( 1.2.840.113556.1.4.1629 NAME 'msWMI-IntMax' SYNTAX 1.3.6.1.4.1.1466.115.121.1.27 SINGLE-VALUE )</AttributeType>
      <AttributeType>( 1.2.840.113556.1.4.1630 NAME 'msWMI-IntMin' SYNTAX 1.3.6.1.4.1.1466.115.121.1.27 SINGLE-VALUE )</AttributeType>
      <AttributeType>( 1.2.840.113556.1.4.1631 NAME 'msWMI-IntValidValues' SYNTAX 1.3.6.1.4.1.1466.115.121.1.27 )</AttributeType>
      <AttributeType>( 1.2.840.113556.1.4.1638 NAME 'msWMI-Mof' SYNTAX 1.3.6.1.4.1.1466.115.121.1.15 SINGLE-VALUE )</AttributeType>
      <AttributeType>( 1.2.840.113556.1.4.1639 NAME 'msWMI-Name' SYNTAX 1.3.6.1.4.1.1466.115.121.1.15 SINGLE-VALUE )</AttributeType>
      <AttributeType>( 1.2.840.113556.1.4.1640 NAME 'msWMI-NormalizedClass' SYNTAX 1.3.6.1.4.1.1466.115.121.1.15 )</AttributeType>
      <AttributeType>( 1.2.840.113556.1.4.1682 NAME 'msWMI-Parm1' SYNTAX 1.3.6.1.4.1.1466.115.121.1.15 SINGLE-VALUE )</AttributeType>
      <AttributeType>( 1.2.840.113556.1.4.1683 NAME 'msWMI-Parm2' SYNTAX 1.3.6.1.4.1.1466.115.121.1.15 SINGLE-VALUE )</AttributeType>
      <AttributeType>( 1.2.840.113556.1.4.1684 NAME 'msWMI-Parm3' SYNTAX 1.3.6.1.4.1.1466.115.121.1.15 SINGLE-VALUE )</AttributeType>
      <AttributeType>( 1.2.840.113556.1.4.1685 NAME 'msWMI-Parm4' SYNTAX 1.3.6.1.4.1.1466.115.121.1.15 SINGLE-VALUE )</AttributeType>
      <AttributeType>( 1.2.840.113556.1.4.1641 NAME 'msWMI-PropertyName' SYNTAX 1.3.6.1.4.1.1466.115.121.1.15 SINGLE-VALUE )</AttributeType>
      <AttributeType>( 1.2.840.113556.1.4.1642 NAME 'msWMI-Query' SYNTAX 1.3.6.1.4.1.1466.115.121.1.15 SINGLE-VALUE )</AttributeType>
      <AttributeType>( 1.2.840.113556.1.4.1643 NAME 'msWMI-QueryLanguage' SYNTAX 1.3.6.1.4.1.1466.115.121.1.15 SINGLE-VALUE )</AttributeType>
      <AttributeType>( 1.2.840.113556.1.4.1686 NAME 'msWMI-ScopeGuid' SYNTAX 1.3.6.1.4.1.1466.115.121.1.15 SINGLE-VALUE )</AttributeType>
      <AttributeType>( 1.2.840.113556.1.4.1644 NAME 'msWMI-SourceOrganization' SYNTAX 1.3.6.1.4.1.1466.115.121.1.15 SINGLE-VALUE )</AttributeType>
      <AttributeType>( 1.2.840.113556.1.4.1636 NAME 'msWMI-StringDefault' SYNTAX 1.3.6.1.4.1.1466.115.121.1.15 SINGLE-VALUE )</AttributeType>
      <AttributeType>( 1.2.840.113556.1.4.1637 NAME 'msWMI-StringValidValues' SYNTAX 1.3.6.1.4.1.1466.115.121.1.15 )</AttributeType>
      <AttributeType>( 1.2.840.113556.1.4.1645 NAME 'msWMI-TargetClass' SYNTAX 1.3.6.1.4.1.1466.115.121.1.15 SINGLE-VALUE )</AttributeType>
      <AttributeType>( 1.2.840.113556.1.4.1646 NAME 'msWMI-TargetNameSpace' SYNTAX 1.3.6.1.4.1.1466.115.121.1.15 SINGLE-VALUE )</AttributeType>
      <AttributeType>( 1.2.840.113556.1.4.1647 NAME 'msWMI-TargetObject' SYNTAX 1.3.6.1.4.1.1466.115.121.1.40 )</AttributeType>
      <AttributeType>( 1.2.840.113556.1.4.1648 NAME 'msWMI-TargetPath' SYNTAX 1.3.6.1.4.1.1466.115.121.1.15 SINGLE-VALUE )</AttributeType>
      <AttributeType>( 1.2.840.113556.1.4.1649 NAME 'msWMI-TargetType' SYNTAX 1.3.6.1.4.1.1466.115.121.1.15 SINGLE-VALUE )</AttributeType>
      <AttributeType>( 1.2.840.113556.1.2.24 NAME 'mustContain' SYNTAX 1.3.6.1.4.1.1466.115.121.1.38 )</AttributeType>
      <AttributeType>( 1.2.840.113556.1.4.1 NAME 'name' SYNTAX 1.3.6.1.4.1.1466.115.121.1.15 SINGLE-VALUE NO-USER-MODIFICATION )</AttributeType>
      <AttributeType>( 2.5.21.7 NAME 'nameForms' SYNTAX 1.3.6.1.4.1.1466.115.121.1.35 USAGE directoryOperation )</AttributeType>
      <AttributeType>( 1.2.840.113556.1.4.753 NAME 'nameServiceFlags' SYNTAX 1.3.6.1.4.1.1466.115.121.1.27 SINGLE-VALUE )</AttributeType>
      <AttributeType>( 1.3.6.1.4.1.1466.101.120.5 NAME 'namingContexts' DESC 'RFC4512: naming contexts' SYNTAX 1.3.6.1.4.1.1466.115.121.1.12 USAGE dSAOperation )</AttributeType>
      <AttributeType>( 1.2.840.113556.1.2.16 NAME 'nCName' SYNTAX 1.3.6.1.4.1.1466.115.121.1.12 SINGLE-VALUE NO-USER-MODIFICATION )</AttributeType>
      <AttributeType>( 1.2.840.113556.1.4.87 NAME 'nETBIOSName' SYNTAX 1.3.6.1.4.1.1466.115.121.1.15 SINGLE-VALUE )</AttributeType>
      <AttributeType>( 1.2.840.113556.1.4.849 NAME 'netbootAllowNewClients' SYNTAX 1.3.6.1.4.1.1466.115.121.1.7 SINGLE-VALUE )</AttributeType>
      <AttributeType>( 1.2.840.113556.1.4.854 NAME 'netbootAnswerOnlyValidClients' SYNTAX 1.3.6.1.4.1.1466.115.121.1.7 SINGLE-VALUE )</AttributeType>
      <AttributeType>( 1.2.840.113556.1.4.853 NAME 'netbootAnswerRequests' SYNTAX 1.3.6.1.4.1.1466.115.121.1.7 SINGLE-VALUE )</AttributeType>
      <AttributeType>( 1.2.840.113556.1.4.852 NAME 'netbootCurrentClientCount' SYNTAX 1.3.6.1.4.1.1466.115.121.1.27 SINGLE-VALUE )</AttributeType>
      <AttributeType>( 1.2.840.113556.1.4.359 NAME 'netbootGUID' SYNTAX 1.3.6.1.4.1.1466.115.121.1.40 SINGLE-VALUE )</AttributeType>
      <AttributeType>( 1.2.840.113556.1.4.358 NAME 'netbootInitialization' SYNTAX 1.3.6.1.4.1.1466.115.121.1.15 SINGLE-VALUE )</AttributeType>
      <AttributeType>( 1.2.840.113556.1.4.857 NAME 'netbootIntelliMirrorOSes' SYNTAX 1.3.6.1.4.1.1466.115.121.1.15 )</AttributeType>
      <AttributeType>( 1.2.840.113556.1.4.850 NAME 'netbootLimitClients' SYNTAX 1.3.6.1.4.1.1466.115.121.1.7 SINGLE-VALUE )</AttributeType>
      <AttributeType>( 1.2.840.113556.1.4.859 NAME 'netbootLocallyInstalledOSes' SYNTAX 1.3.6.1.4.1.1466.115.121.1.15 )</AttributeType>
      <AttributeType>( 1.2.840.113556.1.4.361 NAME 'netbootMachineFilePath' SYNTAX 1.3.6.1.4.1.1466.115.121.1.15 SINGLE-VALUE )</AttributeType>
      <AttributeType>( 1.2.840.113556.1.4.851 NAME 'netbootMaxClients' SYNTAX 1.3.6.1.4.1.1466.115.121.1.27 SINGLE-VALUE )</AttributeType>
      <AttributeType>( 1.2.840.113556.1.4.1241 NAME 'netbootMirrorDataFile' SYNTAX 1.3.6.1.4.1.1466.115.121.1.15 )</AttributeType>
      <AttributeType>( 1.2.840.113556.1.4.855 NAME 'netbootNewMachineNamingPolicy' SYNTAX 1.3.6.1.4.1.1466.115.121.1.15 )</AttributeType>
      <AttributeType>( 1.2.840.113556.1.4.856 NAME 'netbootNewMachineOU' SYNTAX 1.3.6.1.4.1.1466.115.121.1.12 SINGLE-VALUE )</AttributeType>
      <AttributeType>( 1.2.840.113556.1.4.864 NAME 'netbootSCPBL' SYNTAX 1.3.6.1.4.1.1466.115.121.1.12 NO-USER-MODIFICATION )</AttributeType>
      <AttributeType>( 1.2.840.113556.1.4.860 NAME 'netbootServer' SYNTAX 1.3.6.1.4.1.1466.115.121.1.12 SINGLE-VALUE )</AttributeType>
      <AttributeType>( 1.2.840.113556.1.4.1240 NAME 'netbootSIFFile' SYNTAX 1.3.6.1.4.1.1466.115.121.1.15 )</AttributeType>
      <AttributeType>( 1.2.840.113556.1.4.858 NAME 'netbootTools' SYNTAX 1.3.6.1.4.1.1466.115.121.1.15 )</AttributeType>
      <AttributeType>( 1.2.840.113556.1.2.459 NAME 'networkAddress' SYNTAX 1.2.840.113556.1.4.905 )</AttributeType>
      <AttributeType>( 1.2.840.113556.1.4.214 NAME 'nextLevelStore' SYNTAX 1.3.6.1.4.1.1466.115.121.1.12 SINGLE-VALUE )</AttributeType>
      <AttributeType>( 1.2.840.113556.1.4.88 NAME 'nextRid' SYNTAX 1.3.6.1.4.1.1466.115.121.1.27 SINGLE-VALUE )</AttributeType>
      <AttributeType>( 1.3.6.1.1.1.1.27 NAME 'nisMapEntry' SYNTAX 1.3.6.1.4.1.1466.115.121.1.26 SINGLE-VALUE )</AttributeType>
      <AttributeType>( 1.3.6.1.1.1.1.26 NAME 'nisMapName' SYNTAX 1.3.6.1.4.1.1466.115.121.1.26 SINGLE-VALUE )</AttributeType>
      <AttributeType>( 1.3.6.1.1.1.1.14 NAME 'nisNetgroupTriple' SYNTAX 1.3.6.1.4.1.1466.115.121.1.26 )</AttributeType>
      <AttributeType>( 1.2.840.113556.1.4.530 NAME 'nonSecurityMember' SYNTAX 1.3.6.1.4.1.1466.115.121.1.12 )</AttributeType>
      <AttributeType>( 1.2.840.113556.1.4.531 NAME 'nonSecurityMemberBL' SYNTAX 1.3.6.1.4.1.1466.115.121.1.12 NO-USER-MODIFICATION )</AttributeType>
      <AttributeType>( 1.2.840.113556.1.4.265 NAME 'notes' SYNTAX 1.3.6.1.4.1.1466.115.121.1.15 SINGLE-VALUE )</AttributeType>
      <AttributeType>( 1.2.840.113556.1.4.303 NAME 'notificationList' SYNTAX 1.3.6.1.4.1.1466.115.121.1.12 SINGLE-VALUE )</AttributeType>
      <AttributeType>( 1.2.840.113556.1.4.89 NAME 'nTGroupMembers' SYNTAX 1.3.6.1.4.1.1466.115.121.1.40 )</AttributeType>
      <AttributeType>( 1.2.840.113556.1.4.357 NAME 'nTMixedDomain' SYNTAX 1.3.6.1.4.1.1466.115.121.1.27 SINGLE-VALUE )</AttributeType>
      <AttributeType>( 1.2.840.113556.1.4.94 NAME 'ntPwdHistory' SYNTAX 1.3.6.1.4.1.1466.115.121.1.40 )</AttributeType>
      <AttributeType>( 1.2.840.113556.1.2.281 NAME 'nTSecurityDescriptor' SYNTAX 1.2.840.113556.1.4.907 SINGLE-VALUE )</AttributeType>
      <AttributeType>( 2.5.4.10 NAME 'o' SYNTAX 1.3.6.1.4.1.1466.115.121.1.15 )</AttributeType>
      <AttributeType>( 1.2.840.113556.1.4.782 NAME 'objectCategory' SYNTAX 1.3.6.1.4.1.1466.115.121.1.12 SINGLE-VALUE )</AttributeType>
      <AttributeType>( 2.5.4.0 NAME 'objectClass' SYNTAX 1.3.6.1.4.1.1466.115.121.1.38 )</AttributeType>
      <AttributeType>( 1.2.840.113556.1.2.370 NAME 'objectClassCategory' SYNTAX 1.3.6.1.4.1.1466.115.121.1.27 SINGLE-VALUE NO-USER-MODIFICATION )</AttributeType>
      <AttributeType>( 2.5.21.6 NAME 'objectClasses' SYNTAX 1.3.6.1.4.1.1466.115.121.1.15 USAGE directoryOperation )</AttributeType>
      <AttributeType>( 1.2.840.113556.1.4.506 NAME 'objectCount' SYNTAX 1.3.6.1.4.1.1466.115.121.1.27 SINGLE-VALUE )</AttributeType>
      <AttributeType>( VMWare.DIR.attribute.1.4 NAME 'objectGUID' DESC 'GUID' SYNTAX 1.3.6.1.4.1.1466.115.121.1.15 SINGLE-VALUE NO-USER-MODIFICATION USAGE directoryOperation )</AttributeType>
      <AttributeType>( 1.2.840.113556.1.4.146 NAME 'objectSid' SYNTAX 1.3.6.1.4.1.1466.115.121.1.40 SINGLE-VALUE NO-USER-MODIFICATION USAGE directoryOperation )</AttributeType>
      <AttributeType>( 1.2.840.113556.1.2.76 NAME 'objectVersion' SYNTAX 1.3.6.1.4.1.1466.115.121.1.27 SINGLE-VALUE )</AttributeType>
      <AttributeType>( 1.2.840.113556.1.4.151 NAME 'oEMInformation' SYNTAX 1.3.6.1.4.1.1466.115.121.1.15 SINGLE-VALUE )</AttributeType>
      <AttributeType>( VMWare.DIR.attribute.0.21 NAME 'oldUserPassword' DESC 'Old passwords in digest form to prevent password recycle per policy' SYNTAX 1.3.6.1.4.1.1466.115.121.1.40 SINGLE-VALUE NO-USER-MODIFICATION USAGE directoryOperation )</AttributeType>
      <AttributeType>( 1.2.840.113556.1.2.218 NAME 'oMObjectClass' SYNTAX 1.3.6.1.4.1.1466.115.121.1.40 SINGLE-VALUE NO-USER-MODIFICATION )</AttributeType>
      <AttributeType>( 1.2.840.113556.1.2.231 NAME 'oMSyntax' SYNTAX 1.3.6.1.4.1.1466.115.121.1.27 SINGLE-VALUE NO-USER-MODIFICATION )</AttributeType>
      <AttributeType>( 1.2.840.113556.1.4.505 NAME 'oMTGuid' SYNTAX 1.3.6.1.4.1.1466.115.121.1.40 SINGLE-VALUE )</AttributeType>
      <AttributeType>( 1.2.840.113556.1.4.333 NAME 'oMTIndxGuid' SYNTAX 1.3.6.1.4.1.1466.115.121.1.40 SINGLE-VALUE )</AttributeType>
      <AttributeType>( 1.3.6.1.1.1.1.18 NAME 'oncRpcNumber' SYNTAX 1.3.6.1.4.1.1466.115.121.1.27 SINGLE-VALUE )</AttributeType>
      <AttributeType>( 1.2.840.113556.1.4.363 NAME 'operatingSystem' SYNTAX 1.3.6.1.4.1.1466.115.121.1.15 SINGLE-VALUE )</AttributeType>
      <AttributeType>( 1.2.840.113556.1.4.415 NAME 'operatingSystemHotfix' SYNTAX 1.3.6.1.4.1.1466.115.121.1.15 SINGLE-VALUE )</AttributeType>
      <AttributeType>( 1.2.840.113556.1.4.365 NAME 'operatingSystemServicePack' SYNTAX 1.3.6.1.4.1.1466.115.121.1.15 SINGLE-VALUE )</AttributeType>
      <AttributeType>( 1.2.840.113556.1.4.364 NAME 'operatingSystemVersion' SYNTAX 1.3.6.1.4.1.1466.115.121.1.15 SINGLE-VALUE )</AttributeType>
      <AttributeType>( 1.2.840.113556.1.4.144 NAME 'operatorCount' SYNTAX 1.3.6.1.4.1.1466.115.121.1.27 SINGLE-VALUE )</AttributeType>
      <AttributeType>( 1.2.840.113556.1.4.712 NAME 'optionDescription' SYNTAX 1.3.6.1.4.1.1466.115.121.1.15 )</AttributeType>
      <AttributeType>( 1.2.840.113556.1.4.307 NAME 'options' SYNTAX 1.3.6.1.4.1.1466.115.121.1.27 SINGLE-VALUE )</AttributeType>
      <AttributeType>( 1.2.840.113556.1.4.713 NAME 'optionsLocation' SYNTAX 1.3.6.1.4.1.1466.115.121.1.44 )</AttributeType>
      <AttributeType>( 0.9.2342.19200300.100.1.45 NAME 'organizationalStatus' SYNTAX 1.3.6.1.4.1.1466.115.121.1.15 )</AttributeType>
      <AttributeType>( 1.2.840.113556.1.2.445 NAME 'originalDisplayTable' SYNTAX 1.3.6.1.4.1.1466.115.121.1.40 SINGLE-VALUE )</AttributeType>
      <AttributeType>( 1.2.840.113556.1.2.214 NAME 'originalDisplayTableMSDOS' SYNTAX 1.3.6.1.4.1.1466.115.121.1.40 SINGLE-VALUE )</AttributeType>
      <AttributeType>( 1.2.840.113556.1.4.646 NAME 'otherFacsimileTelephoneNumber' SYNTAX 1.3.6.1.4.1.1466.115.121.1.15 )</AttributeType>
      <AttributeType>( 1.2.840.113556.1.2.277 NAME 'otherHomePhone' SYNTAX 1.3.6.1.4.1.1466.115.121.1.15 )</AttributeType>
      <AttributeType>( 1.2.840.113556.1.4.722 NAME 'otherIpPhone' SYNTAX 1.3.6.1.4.1.1466.115.121.1.15 )</AttributeType>
      <AttributeType>( 1.2.840.113556.1.4.91 NAME 'otherLoginWorkstations' SYNTAX 1.3.6.1.4.1.1466.115.121.1.15 )</AttributeType>
      <AttributeType>( 1.2.840.113556.1.4.651 NAME 'otherMailbox' SYNTAX 1.3.6.1.4.1.1466.115.121.1.15 )</AttributeType>
      <AttributeType>( 1.2.840.113556.1.4.647 NAME 'otherMobile' SYNTAX 1.3.6.1.4.1.1466.115.121.1.15 )</AttributeType>
      <AttributeType>( 1.2.840.113556.1.2.118 NAME 'otherPager' SYNTAX 1.3.6.1.4.1.1466.115.121.1.15 )</AttributeType>
      <AttributeType>( 1.2.840.113556.1.2.18 NAME 'otherTelephone' SYNTAX 1.3.6.1.4.1.1466.115.121.1.15 )</AttributeType>
      <AttributeType>( 1.2.840.113556.1.4.1359 NAME 'otherWellKnownObjects' SYNTAX 1.2.840.113556.1.4.903 )</AttributeType>
      <AttributeType>( 2.5.4.11 NAME 'ou' SYNTAX 1.3.6.1.4.1.1466.115.121.1.15 )</AttributeType>
      <AttributeType>( 2.5.4.32 NAME 'owner' SYNTAX 1.3.6.1.4.1.1466.115.121.1.12 SINGLE-VALUE )</AttributeType>
      <AttributeType>( 1.2.840.113556.1.2.104 NAME 'ownerBL' SYNTAX 1.3.6.1.4.1.1466.115.121.1.12 NO-USER-MODIFICATION )</AttributeType>
      <AttributeType>( 1.2.840.113556.1.4.327 NAME 'packageFlags' SYNTAX 1.3.6.1.4.1.1466.115.121.1.27 SINGLE-VALUE )</AttributeType>
      <AttributeType>( 1.2.840.113556.1.4.326 NAME 'packageName' SYNTAX 1.3.6.1.4.1.1466.115.121.1.15 SINGLE-VALUE )</AttributeType>
      <AttributeType>( 1.2.840.113556.1.4.324 NAME 'packageType' SYNTAX 1.3.6.1.4.1.1466.115.121.1.27 SINGLE-VALUE )</AttributeType>
      <AttributeType>( 0.9.2342.19200300.100.1.42 NAME 'pager' SYNTAX 1.3.6.1.4.1.1466.115.121.1.15 SINGLE-VALUE )</AttributeType>
      <AttributeType>( 1.2.840.113556.1.4.557 NAME 'parentCA' SYNTAX 1.3.6.1.4.1.1466.115.121.1.12 SINGLE-VALUE )</AttributeType>
      <AttributeType>( 1.2.840.113556.1.4.685 NAME 'parentCACertificateChain' SYNTAX 1.3.6.1.4.1.1466.115.121.1.40 SINGLE-VALUE )</AttributeType>
      <AttributeType>( 1.2.840.113556.1.4.1224 NAME 'parentGUID' SYNTAX 1.3.6.1.4.1.1466.115.121.1.40 SINGLE-VALUE NO-USER-MODIFICATION )</AttributeType>
      <AttributeType>( VMWare.DIR.attribute.0.25 NAME 'parentid' DESC 'VMW internal usage to represent sudo parent id attribute, not used in any objectclass' SYNTAX 1.3.6.1.4.1.1466.115.121.1.27 SINGLE-VALUE NO-USER-MODIFICATION USAGE directoryOperation )</AttributeType>
      <AttributeType>( 1.2.840.113556.1.4.663 NAME 'partialAttributeDeletionList' SYNTAX 1.3.6.1.4.1.1466.115.121.1.40 SINGLE-VALUE NO-USER-MODIFICATION )</AttributeType>
      <AttributeType>( 1.2.840.113556.1.4.640 NAME 'partialAttributeSet' SYNTAX 1.3.6.1.4.1.1466.115.121.1.40 SINGLE-VALUE NO-USER-MODIFICATION )</AttributeType>
      <AttributeType>( VMWare.DIR.attribute.0.26 NAME 'passwordHashScheme' DESC 'Name of the password hashing scheme' SYNTAX 1.3.6.1.4.1.1466.115.121.1.44 SINGLE-VALUE )</AttributeType>
      <AttributeType>( 1.2.840.113556.1.4.866 NAME 'pekKeyChangeInterval' SYNTAX 1.2.840.113556.1.4.906 SINGLE-VALUE )</AttributeType>
      <AttributeType>( 1.2.840.113556.1.4.865 NAME 'pekList' SYNTAX 1.3.6.1.4.1.1466.115.121.1.40 SINGLE-VALUE )</AttributeType>
      <AttributeType>( 1.2.840.113556.1.4.693 NAME 'pendingCACertificates' SYNTAX 1.3.6.1.4.1.1466.115.121.1.40 SINGLE-VALUE )</AttributeType>
      <AttributeType>( 1.2.840.113556.1.4.695 NAME 'pendingParentCA' SYNTAX 1.3.6.1.4.1.1466.115.121.1.12 )</AttributeType>
      <AttributeType>( 1.2.840.113556.1.2.325 NAME 'perMsgDialogDisplayTable' SYNTAX 1.3.6.1.4.1.1466.115.121.1.40 SINGLE-VALUE )</AttributeType>
      <AttributeType>( 1.2.840.113556.1.2.326 NAME 'perRecipDialogDisplayTable' SYNTAX 1.3.6.1.4.1.1466.115.121.1.40 SINGLE-VALUE )</AttributeType>
      <AttributeType>( 1.2.840.113556.1.2.615 NAME 'personalTitle' SYNTAX 1.3.6.1.4.1.1466.115.121.1.15 SINGLE-VALUE )</AttributeType>
      <AttributeType>( 0.9.2342.19200300.100.1.7 NAME 'photo' SYNTAX 1.3.6.1.4.1.1466.115.121.1.40 )</AttributeType>
      <AttributeType>( 2.5.4.19 NAME 'physicalDeliveryOfficeName' SYNTAX 1.3.6.1.4.1.1466.115.121.1.15 SINGLE-VALUE )</AttributeType>
      <AttributeType>( 1.2.840.113556.1.4.514 NAME 'physicalLocationObject' SYNTAX 1.3.6.1.4.1.1466.115.121.1.12 SINGLE-VALUE )</AttributeType>
      <AttributeType>( 1.2.840.113549.1.9.1 NAME 'pkcs9email' DESC 'RFC3280: legacy attribute for email addresses in DNs' SYNTAX 1.3.6.1.4.1.1466.115.121.1.26 )</AttributeType>
      <AttributeType>( 1.2.840.113556.1.4.1330 NAME 'pKICriticalExtensions' SYNTAX 1.3.6.1.4.1.1466.115.121.1.15 )</AttributeType>
      <AttributeType>( 1.2.840.113556.1.4.1334 NAME 'pKIDefaultCSPs' SYNTAX 1.3.6.1.4.1.1466.115.121.1.15 )</AttributeType>
      <AttributeType>( 1.2.840.113556.1.4.1327 NAME 'pKIDefaultKeySpec' SYNTAX 1.3.6.1.4.1.1466.115.121.1.27 SINGLE-VALUE )</AttributeType>
      <AttributeType>( 1.2.840.113556.1.4.1335 NAME 'pKIEnrollmentAccess' SYNTAX 1.2.840.113556.1.4.907 )</AttributeType>
      <AttributeType>( 1.2.840.113556.1.4.1331 NAME 'pKIExpirationPeriod' SYNTAX 1.3.6.1.4.1.1466.115.121.1.40 SINGLE-VALUE )</AttributeType>
      <AttributeType>( 1.2.840.113556.1.4.1333 NAME 'pKIExtendedKeyUsage' SYNTAX 1.3.6.1.4.1.1466.115.121.1.15 )</AttributeType>
      <AttributeType>( 1.2.840.113556.1.4.1328 NAME 'pKIKeyUsage' SYNTAX 1.3.6.1.4.1.1466.115.121.1.40 SINGLE-VALUE )</AttributeType>
      <AttributeType>( 1.2.840.113556.1.4.1329 NAME 'pKIMaxIssuingDepth' SYNTAX 1.3.6.1.4.1.1466.115.121.1.27 SINGLE-VALUE )</AttributeType>
      <AttributeType>( 1.2.840.113556.1.4.1332 NAME 'pKIOverlapPeriod' SYNTAX 1.3.6.1.4.1.1466.115.121.1.40 SINGLE-VALUE )</AttributeType>
      <AttributeType>( 1.2.840.113556.1.4.206 NAME 'pKT' SYNTAX 1.3.6.1.4.1.1466.115.121.1.40 SINGLE-VALUE )</AttributeType>
      <AttributeType>( 1.2.840.113556.1.4.205 NAME 'pKTGuid' SYNTAX 1.3.6.1.4.1.1466.115.121.1.40 SINGLE-VALUE )</AttributeType>
      <AttributeType>( 1.2.840.113556.1.4.633 NAME 'policyReplicationFlags' SYNTAX 1.3.6.1.4.1.1466.115.121.1.27 SINGLE-VALUE )</AttributeType>
      <AttributeType>( 1.2.840.113556.1.4.228 NAME 'portName' SYNTAX 1.3.6.1.4.1.1466.115.121.1.15 )</AttributeType>
      <AttributeType>( 1.2.840.113556.1.4.915 NAME 'possibleInferiors' SYNTAX 1.3.6.1.4.1.1466.115.121.1.38 NO-USER-MODIFICATION )</AttributeType>
      <AttributeType>( 1.2.840.113556.1.2.8 NAME 'possSuperiors' SYNTAX 1.3.6.1.4.1.1466.115.121.1.38 )</AttributeType>
      <AttributeType>( 2.5.4.16 NAME 'postalAddress' SYNTAX 1.3.6.1.4.1.1466.115.121.1.15 )</AttributeType>
      <AttributeType>( 2.5.4.17 NAME 'postalCode' SYNTAX 1.3.6.1.4.1.1466.115.121.1.15 SINGLE-VALUE )</AttributeType>
      <AttributeType>( 2.5.4.18 NAME 'postOfficeBox' SYNTAX 1.3.6.1.4.1.1466.115.121.1.15 )</AttributeType>
      <AttributeType>( 2.5.4.28 NAME 'preferredDeliveryMethod' SYNTAX 1.3.6.1.4.1.1466.115.121.1.27 )</AttributeType>
      <AttributeType>( 2.16.840.1.113730.3.1.39 NAME 'preferredLanguage' SYNTAX 1.3.6.1.4.1.1466.115.121.1.15 SINGLE-VALUE )</AttributeType>
      <AttributeType>( 1.2.840.113556.1.4.97 NAME 'preferredOU' SYNTAX 1.3.6.1.4.1.1466.115.121.1.12 SINGLE-VALUE )</AttributeType>
      <AttributeType>( 1.2.840.113556.1.4.538 NAME 'prefixMap' SYNTAX 1.3.6.1.4.1.1466.115.121.1.40 SINGLE-VALUE NO-USER-MODIFICATION )</AttributeType>
      <AttributeType>( 2.5.4.29 NAME 'presentationAddress' SYNTAX 1.3.6.1.4.1.1466.115.121.1.43 SINGLE-VALUE )</AttributeType>
      <AttributeType>( 1.2.840.113556.1.4.692 NAME 'previousCACertificates' SYNTAX 1.3.6.1.4.1.1466.115.121.1.40 SINGLE-VALUE )</AttributeType>
      <AttributeType>( 1.2.840.113556.1.4.694 NAME 'previousParentCA' SYNTAX 1.3.6.1.4.1.1466.115.121.1.12 )</AttributeType>
      <AttributeType>( 1.2.840.113556.1.4.98 NAME 'primaryGroupID' SYNTAX 1.3.6.1.4.1.1466.115.121.1.27 SINGLE-VALUE )</AttributeType>
      <AttributeType>( 1.2.840.113556.1.4.1412 NAME 'primaryGroupToken' SYNTAX 1.3.6.1.4.1.1466.115.121.1.27 SINGLE-VALUE NO-USER-MODIFICATION )</AttributeType>
      <AttributeType>( 1.2.840.113556.1.4.649 NAME 'primaryInternationalISDNNumber' SYNTAX 1.3.6.1.4.1.1466.115.121.1.15 SINGLE-VALUE )</AttributeType>
      <AttributeType>( 1.2.840.113556.1.4.648 NAME 'primaryTelexNumber' SYNTAX 1.3.6.1.4.1.1466.115.121.1.15 SINGLE-VALUE )</AttributeType>
      <AttributeType>( 1.2.840.113556.1.4.247 NAME 'printAttributes' SYNTAX 1.3.6.1.4.1.1466.115.121.1.27 SINGLE-VALUE )</AttributeType>
      <AttributeType>( 1.2.840.113556.1.4.237 NAME 'printBinNames' SYNTAX 1.3.6.1.4.1.1466.115.121.1.15 )</AttributeType>
      <AttributeType>( 1.2.840.113556.1.4.242 NAME 'printCollate' SYNTAX 1.3.6.1.4.1.1466.115.121.1.7 SINGLE-VALUE )</AttributeType>
      <AttributeType>( 1.2.840.113556.1.4.243 NAME 'printColor' SYNTAX 1.3.6.1.4.1.1466.115.121.1.7 SINGLE-VALUE )</AttributeType>
      <AttributeType>( 1.2.840.113556.1.4.1311 NAME 'printDuplexSupported' SYNTAX 1.3.6.1.4.1.1466.115.121.1.7 SINGLE-VALUE )</AttributeType>
      <AttributeType>( 1.2.840.113556.1.4.234 NAME 'printEndTime' SYNTAX 1.3.6.1.4.1.1466.115.121.1.27 SINGLE-VALUE )</AttributeType>
      <AttributeType>( 1.2.840.113556.1.4.300 NAME 'printerName' SYNTAX 1.3.6.1.4.1.1466.115.121.1.15 SINGLE-VALUE )</AttributeType>
      <AttributeType>( 1.2.840.113556.1.4.235 NAME 'printFormName' SYNTAX 1.3.6.1.4.1.1466.115.121.1.15 SINGLE-VALUE )</AttributeType>
      <AttributeType>( 1.2.840.113556.1.4.275 NAME 'printKeepPrintedJobs' SYNTAX 1.3.6.1.4.1.1466.115.121.1.7 SINGLE-VALUE )</AttributeType>
      <AttributeType>( 1.2.840.113556.1.4.246 NAME 'printLanguage' SYNTAX 1.3.6.1.4.1.1466.115.121.1.15 )</AttributeType>
      <AttributeType>( 1.2.840.113556.1.4.288 NAME 'printMACAddress' SYNTAX 1.3.6.1.4.1.1466.115.121.1.15 SINGLE-VALUE )</AttributeType>
      <AttributeType>( 1.2.840.113556.1.4.241 NAME 'printMaxCopies' SYNTAX 1.3.6.1.4.1.1466.115.121.1.27 SINGLE-VALUE )</AttributeType>
      <AttributeType>( 1.2.840.113556.1.4.238 NAME 'printMaxResolutionSupported' SYNTAX 1.3.6.1.4.1.1466.115.121.1.27 SINGLE-VALUE )</AttributeType>
      <AttributeType>( 1.2.840.113556.1.4.277 NAME 'printMaxXExtent' SYNTAX 1.3.6.1.4.1.1466.115.121.1.27 SINGLE-VALUE )</AttributeType>
      <AttributeType>( 1.2.840.113556.1.4.278 NAME 'printMaxYExtent' SYNTAX 1.3.6.1.4.1.1466.115.121.1.27 SINGLE-VALUE )</AttributeType>
      <AttributeType>( 1.2.840.113556.1.4.289 NAME 'printMediaReady' SYNTAX 1.3.6.1.4.1.1466.115.121.1.15 )</AttributeType>
      <AttributeType>( 1.2.840.113556.1.4.299 NAME 'printMediaSupported' SYNTAX 1.3.6.1.4.1.1466.115.121.1.15 )</AttributeType>
      <AttributeType>( 1.2.840.113556.1.4.282 NAME 'printMemory' SYNTAX 1.3.6.1.4.1.1466.115.121.1.27 SINGLE-VALUE )</AttributeType>
      <AttributeType>( 1.2.840.113556.1.4.279 NAME 'printMinXExtent' SYNTAX 1.3.6.1.4.1.1466.115.121.1.27 SINGLE-VALUE )</AttributeType>
      <AttributeType>( 1.2.840.113556.1.4.280 NAME 'printMinYExtent' SYNTAX 1.3.6.1.4.1.1466.115.121.1.27 SINGLE-VALUE )</AttributeType>
      <AttributeType>( 1.2.840.113556.1.4.287 NAME 'printNetworkAddress' SYNTAX 1.3.6.1.4.1.1466.115.121.1.15 SINGLE-VALUE )</AttributeType>
      <AttributeType>( 1.2.840.113556.1.4.272 NAME 'printNotify' SYNTAX 1.3.6.1.4.1.1466.115.121.1.15 SINGLE-VALUE )</AttributeType>
      <AttributeType>( 1.2.840.113556.1.4.290 NAME 'printNumberUp' SYNTAX 1.3.6.1.4.1.1466.115.121.1.27 SINGLE-VALUE )</AttributeType>
      <AttributeType>( 1.2.840.113556.1.4.240 NAME 'printOrientationsSupported' SYNTAX 1.3.6.1.4.1.1466.115.121.1.15 )</AttributeType>
      <AttributeType>( 1.2.840.113556.1.4.271 NAME 'printOwner' SYNTAX 1.3.6.1.4.1.1466.115.121.1.15 SINGLE-VALUE )</AttributeType>
      <AttributeType>( 1.2.840.113556.1.4.631 NAME 'printPagesPerMinute' SYNTAX 1.3.6.1.4.1.1466.115.121.1.27 SINGLE-VALUE )</AttributeType>
      <AttributeType>( 1.2.840.113556.1.4.285 NAME 'printRate' SYNTAX 1.3.6.1.4.1.1466.115.121.1.27 SINGLE-VALUE )</AttributeType>
      <AttributeType>( 1.2.840.113556.1.4.286 NAME 'printRateUnit' SYNTAX 1.3.6.1.4.1.1466.115.121.1.15 SINGLE-VALUE )</AttributeType>
      <AttributeType>( 1.2.840.113556.1.4.230 NAME 'printSeparatorFile' SYNTAX 1.3.6.1.4.1.1466.115.121.1.15 SINGLE-VALUE )</AttributeType>
      <AttributeType>( 1.2.840.113556.1.4.270 NAME 'printShareName' SYNTAX 1.3.6.1.4.1.1466.115.121.1.15 )</AttributeType>
      <AttributeType>( 1.2.840.113556.1.4.274 NAME 'printSpooling' SYNTAX 1.3.6.1.4.1.1466.115.121.1.15 SINGLE-VALUE )</AttributeType>
      <AttributeType>( 1.2.840.113556.1.4.281 NAME 'printStaplingSupported' SYNTAX 1.3.6.1.4.1.1466.115.121.1.7 SINGLE-VALUE )</AttributeType>
      <AttributeType>( 1.2.840.113556.1.4.233 NAME 'printStartTime' SYNTAX 1.3.6.1.4.1.1466.115.121.1.27 SINGLE-VALUE )</AttributeType>
      <AttributeType>( 1.2.840.113556.1.4.273 NAME 'printStatus' SYNTAX 1.3.6.1.4.1.1466.115.121.1.15 SINGLE-VALUE )</AttributeType>
      <AttributeType>( 1.2.840.113556.1.4.231 NAME 'priority' SYNTAX 1.3.6.1.4.1.1466.115.121.1.27 SINGLE-VALUE )</AttributeType>
      <AttributeType>( 1.2.840.113556.1.4.99 NAME 'priorSetTime' SYNTAX 1.2.840.113556.1.4.906 SINGLE-VALUE )</AttributeType>
      <AttributeType>( 1.2.840.113556.1.4.100 NAME 'priorValue' SYNTAX 1.3.6.1.4.1.1466.115.121.1.40 SINGLE-VALUE )</AttributeType>
      <AttributeType>( 1.2.840.113556.1.4.101 NAME 'privateKey' SYNTAX 1.3.6.1.4.1.1466.115.121.1.40 SINGLE-VALUE )</AttributeType>
      <AttributeType>( 1.2.840.113556.1.4.636 NAME 'privilegeAttributes' SYNTAX 1.3.6.1.4.1.1466.115.121.1.27 SINGLE-VALUE )</AttributeType>
      <AttributeType>( 1.2.840.113556.1.4.634 NAME 'privilegeDisplayName' SYNTAX 1.3.6.1.4.1.1466.115.121.1.15 SINGLE-VALUE )</AttributeType>
      <AttributeType>( 1.2.840.113556.1.4.637 NAME 'privilegeHolder' SYNTAX 1.3.6.1.4.1.1466.115.121.1.12 )</AttributeType>
      <AttributeType>( 1.2.840.113556.1.4.635 NAME 'privilegeValue' SYNTAX 1.2.840.113556.1.4.906 SINGLE-VALUE )</AttributeType>
      <AttributeType>( 1.2.840.113556.1.4.818 NAME 'productCode' SYNTAX 1.3.6.1.4.1.1466.115.121.1.40 SINGLE-VALUE )</AttributeType>
      <AttributeType>( 1.2.840.113556.1.4.139 NAME 'profilePath' SYNTAX 1.3.6.1.4.1.1466.115.121.1.15 SINGLE-VALUE )</AttributeType>
      <AttributeType>( 2.5.4.48 NAME 'protocolInformation' DESC 'RFC2256: protocol information' SYNTAX 1.3.6.1.4.1.1466.115.121.1.42 )</AttributeType>
      <AttributeType>( 1.2.840.113556.1.4.1249 NAME 'proxiedObjectName' SYNTAX 1.2.840.113556.1.4.903 SINGLE-VALUE NO-USER-MODIFICATION )</AttributeType>
      <AttributeType>( 1.2.840.113556.1.2.210 NAME 'proxyAddresses' SYNTAX 1.3.6.1.4.1.1466.115.121.1.15 )</AttributeType>
      <AttributeType>( 1.2.840.113556.1.2.523 NAME 'proxyGenerationEnabled' SYNTAX 1.3.6.1.4.1.1466.115.121.1.7 SINGLE-VALUE )</AttributeType>
      <AttributeType>( 1.2.840.113556.1.4.103 NAME 'proxyLifetime' SYNTAX 1.2.840.113556.1.4.906 SINGLE-VALUE )</AttributeType>
      <AttributeType>( 2.5.4.65 NAME 'pseudonym' DESC 'X.520(4th): pseudonym for the object' SYNTAX 1.3.6.1.4.1.1466.115.121.1.15 )</AttributeType>
      <AttributeType>( 1.2.840.113556.1.4.420 NAME 'publicKeyPolicy' SYNTAX 1.3.6.1.4.1.1466.115.121.1.40 SINGLE-VALUE )</AttributeType>
      <AttributeType>( 1.2.840.113556.1.4.886 NAME 'purportedSearch' SYNTAX 1.3.6.1.4.1.1466.115.121.1.15 SINGLE-VALUE )</AttributeType>
      <AttributeType>( 1.2.840.113556.1.4.95 NAME 'pwdHistoryLength' SYNTAX 1.3.6.1.4.1.1466.115.121.1.27 SINGLE-VALUE )</AttributeType>
      <AttributeType>( 1.2.840.113556.1.4.96 NAME 'pwdLastSet' SYNTAX 1.3.6.1.4.1.1466.115.121.1.27 SINGLE-VALUE NO-USER-MODIFICATION USAGE directoryOperation )</AttributeType>
      <AttributeType>( 1.2.840.113556.1.4.93 NAME 'pwdProperties' SYNTAX 1.3.6.1.4.1.1466.115.121.1.27 SINGLE-VALUE )</AttributeType>
      <AttributeType>( 1.2.840.113556.1.4.458 NAME 'qualityOfService' SYNTAX 1.3.6.1.4.1.1466.115.121.1.27 SINGLE-VALUE )</AttributeType>
      <AttributeType>( 1.2.840.113556.1.4.1355 NAME 'queryFilter' SYNTAX 1.3.6.1.4.1.1466.115.121.1.15 SINGLE-VALUE )</AttributeType>
      <AttributeType>( 1.2.840.113556.1.4.680 NAME 'queryPoint' SYNTAX 1.3.6.1.4.1.1466.115.121.1.15 SINGLE-VALUE )</AttributeType>
      <AttributeType>( 1.2.840.113556.1.4.608 NAME 'queryPolicyBL' SYNTAX 1.3.6.1.4.1.1466.115.121.1.12 NO-USER-MODIFICATION )</AttributeType>
      <AttributeType>( 1.2.840.113556.1.4.607 NAME 'queryPolicyObject' SYNTAX 1.3.6.1.4.1.1466.115.121.1.12 SINGLE-VALUE )</AttributeType>
      <AttributeType>( 1.2.840.113556.1.2.34 NAME 'rangeLower' SYNTAX 1.3.6.1.4.1.1466.115.121.1.27 SINGLE-VALUE )</AttributeType>
      <AttributeType>( 1.2.840.113556.1.2.35 NAME 'rangeUpper' SYNTAX 1.3.6.1.4.1.1466.115.121.1.27 SINGLE-VALUE )</AttributeType>
      <AttributeType>( 1.2.840.113556.1.2.26 NAME 'rDNAttID' SYNTAX 1.3.6.1.4.1.1466.115.121.1.38 SINGLE-VALUE NO-USER-MODIFICATION )</AttributeType>
      <AttributeType>( 2.16.840.1.113730.3.1.34 NAME 'ref' DESC 'RFC3296: subordinate referral URL' SYNTAX 1.3.6.1.4.1.1466.115.121.1.15 USAGE distributedOperation )</AttributeType>
      <AttributeType>( 2.5.4.26 NAME 'registeredAddress' SYNTAX 1.3.6.1.4.1.1466.115.121.1.40 )</AttributeType>
      <AttributeType>( 1.2.840.113556.1.4.105 NAME 'remoteServerName' SYNTAX 1.3.6.1.4.1.1466.115.121.1.15 )</AttributeType>
      <AttributeType>( 1.2.840.113556.1.4.107 NAME 'remoteSource' SYNTAX 1.3.6.1.4.1.1466.115.121.1.15 SINGLE-VALUE )</AttributeType>
      <AttributeType>( 1.2.840.113556.1.4.108 NAME 'remoteSourceType' SYNTAX 1.3.6.1.4.1.1466.115.121.1.27 SINGLE-VALUE )</AttributeType>
      <AttributeType>( 1.2.840.113556.1.4.809 NAME 'remoteStorageGUID' SYNTAX 1.3.6.1.4.1.1466.115.121.1.15 SINGLE-VALUE )</AttributeType>
      <AttributeType>( VMWare.DIR.attribute.0.11 NAME 'replBindDN' DESC 'Attribute containing the distinguished name of the bind DN to be used to bind to a replication partner.' SYNTAX 1.3.6.1.4.1.1466.115.121.1.12 SINGLE-VALUE )</AttributeType>
      <AttributeType>( VMWare.DIR.attribute.0.12 NAME 'replBindPassword' DESC 'Attribute containing the bind password to be used to bind to a replication partner.' SYNTAX 1.3.6.1.4.1.1466.115.121.1.40 )</AttributeType>
      <AttributeType>( 1.2.840.113556.1.4.109 NAME 'replicaSource' SYNTAX 1.3.6.1.4.1.1466.115.121.1.15 SINGLE-VALUE NO-USER-MODIFICATION )</AttributeType>
      <AttributeType>( 1.2.840.113556.1.4.1336 NAME 'replInterval' DESC 'Replication interval in seconds.' SYNTAX 1.3.6.1.4.1.1466.115.121.1.27 SINGLE-VALUE )</AttributeType>
      <AttributeType>( VMWare.DIR.attribute.0.15 NAME 'replPageSize' DESC 'Number of changes requested in seach replication search request' SYNTAX 1.3.6.1.4.1.1466.115.121.1.27 SINGLE-VALUE )</AttributeType>
      <AttributeType>( 1.2.840.113556.1.4.3 NAME 'replPropertyMetaData' SYNTAX 1.3.6.1.4.1.1466.115.121.1.40 SINGLE-VALUE NO-USER-MODIFICATION )</AttributeType>
      <AttributeType>( 1.2.840.113556.1.4.677 NAME 'replTopologyStayOfExecution' SYNTAX 1.3.6.1.4.1.1466.115.121.1.27 SINGLE-VALUE )</AttributeType>
      <AttributeType>( 1.2.840.113556.1.4.4 NAME 'replUpToDateVector' SYNTAX 1.3.6.1.4.1.1466.115.121.1.40 SINGLE-VALUE NO-USER-MODIFICATION )</AttributeType>
      <AttributeType>( 1.2.840.113556.1.2.91 NAME 'repsFrom' SYNTAX OctetString NO-USER-MODIFICATION )</AttributeType>
      <AttributeType>( 1.2.840.113556.1.2.83 NAME 'repsTo' SYNTAX OctetString NO-USER-MODIFICATION )</AttributeType>
      <AttributeType>( 1.2.840.113556.1.4.321 NAME 'requiredCategories' SYNTAX 1.3.6.1.4.1.1466.115.121.1.40 )</AttributeType>
      <AttributeType>( 1.2.840.113556.1.4.673 NAME 'retiredReplDSASignatures' SYNTAX 1.3.6.1.4.1.1466.115.121.1.40 SINGLE-VALUE NO-USER-MODIFICATION )</AttributeType>
      <AttributeType>( 1.2.840.113556.1.4.145 NAME 'revision' SYNTAX 1.3.6.1.4.1.1466.115.121.1.27 SINGLE-VALUE )</AttributeType>
      <AttributeType>( 1.2.840.113556.1.4.153 NAME 'rid' SYNTAX 1.3.6.1.4.1.1466.115.121.1.27 SINGLE-VALUE )</AttributeType>
      <AttributeType>( 1.2.840.113556.1.4.371 NAME 'rIDAllocationPool' SYNTAX 1.2.840.113556.1.4.906 SINGLE-VALUE NO-USER-MODIFICATION )</AttributeType>
      <AttributeType>( 1.2.840.113556.1.4.370 NAME 'rIDAvailablePool' SYNTAX 1.2.840.113556.1.4.906 SINGLE-VALUE )</AttributeType>
      <AttributeType>( 1.2.840.113556.1.4.368 NAME 'rIDManagerReference' SYNTAX 1.3.6.1.4.1.1466.115.121.1.12 SINGLE-VALUE NO-USER-MODIFICATION )</AttributeType>
      <AttributeType>( 1.2.840.113556.1.4.374 NAME 'rIDNextRID' SYNTAX 1.3.6.1.4.1.1466.115.121.1.27 SINGLE-VALUE NO-USER-MODIFICATION )</AttributeType>
      <AttributeType>( 1.2.840.113556.1.4.372 NAME 'rIDPreviousAllocationPool' SYNTAX 1.2.840.113556.1.4.906 SINGLE-VALUE NO-USER-MODIFICATION )</AttributeType>
      <AttributeType>( 1.2.840.113556.1.4.669 NAME 'rIDSetReferences' SYNTAX 1.3.6.1.4.1.1466.115.121.1.12 NO-USER-MODIFICATION )</AttributeType>
      <AttributeType>( 1.2.840.113556.1.4.373 NAME 'rIDUsedPool' SYNTAX 1.2.840.113556.1.4.906 SINGLE-VALUE NO-USER-MODIFICATION )</AttributeType>
      <AttributeType>( 1.2.840.113556.1.4.340 NAME 'rightsGuid' SYNTAX 1.3.6.1.4.1.1466.115.121.1.15 SINGLE-VALUE )</AttributeType>
      <AttributeType>( 2.5.4.33 NAME 'roleOccupant' SYNTAX 1.3.6.1.4.1.1466.115.121.1.12 )</AttributeType>
      <AttributeType>( 0.9.2342.19200300.100.1.6 NAME 'roomNumber' SYNTAX 1.3.6.1.4.1.1466.115.121.1.15 )</AttributeType>
      <AttributeType>( VMWare.DIR.attribute.0.5 NAME 'rootDomainNamingContext' DESC 'Attribute containing the distinguished name of the root (main) domain naming context' SYNTAX 1.3.6.1.4.1.1466.115.121.1.12 SINGLE-VALUE NO-USER-MODIFICATION USAGE directoryOperation )</AttributeType>
      <AttributeType>( 1.2.840.113556.1.4.674 NAME 'rootTrust' SYNTAX 1.3.6.1.4.1.1466.115.121.1.12 )</AttributeType>
      <AttributeType>( 1.2.840.113556.1.4.366 NAME 'rpcNsAnnotation' SYNTAX 1.3.6.1.4.1.1466.115.121.1.15 SINGLE-VALUE )</AttributeType>
      <AttributeType>( 1.2.840.113556.1.4.113 NAME 'rpcNsBindings' SYNTAX 1.3.6.1.4.1.1466.115.121.1.15 )</AttributeType>
      <AttributeType>( 1.2.840.113556.1.4.367 NAME 'rpcNsCodeset' SYNTAX 1.3.6.1.4.1.1466.115.121.1.15 )</AttributeType>
      <AttributeType>( 1.2.840.113556.1.4.754 NAME 'rpcNsEntryFlags' SYNTAX 1.3.6.1.4.1.1466.115.121.1.27 SINGLE-VALUE )</AttributeType>
      <AttributeType>( 1.2.840.113556.1.4.114 NAME 'rpcNsGroup' SYNTAX 1.3.6.1.4.1.1466.115.121.1.15 )</AttributeType>
      <AttributeType>( 1.2.840.113556.1.4.115 NAME 'rpcNsInterfaceID' SYNTAX 1.3.6.1.4.1.1466.115.121.1.15 SINGLE-VALUE )</AttributeType>
      <AttributeType>( 1.2.840.113556.1.4.312 NAME 'rpcNsObjectID' SYNTAX 1.3.6.1.4.1.1466.115.121.1.15 )</AttributeType>
      <AttributeType>( 1.2.840.113556.1.4.117 NAME 'rpcNsPriority' SYNTAX 1.3.6.1.4.1.1466.115.121.1.27 )</AttributeType>
      <AttributeType>( 1.2.840.113556.1.4.118 NAME 'rpcNsProfileEntry' SYNTAX 1.3.6.1.4.1.1466.115.121.1.15 SINGLE-VALUE )</AttributeType>
      <AttributeType>( 1.2.840.113556.1.4.314 NAME 'rpcNsTransferSyntax' SYNTAX 1.3.6.1.4.1.1466.115.121.1.15 SINGLE-VALUE )</AttributeType>
      <AttributeType>( 1.2.840.113556.1.4.221 NAME 'sAMAccountName' SYNTAX 1.3.6.1.4.1.1466.115.121.1.15 SINGLE-VALUE )</AttributeType>
      <AttributeType>( 1.2.840.113556.1.4.302 NAME 'sAMAccountType' SYNTAX 1.3.6.1.4.1.1466.115.121.1.27 SINGLE-VALUE )</AttributeType>
      <AttributeType>( 1.2.840.113556.1.4.1969 NAME 'samDomainUpdates' SYNTAX 1.3.6.1.4.1.1466.115.121.1.40 SINGLE-VALUE )</AttributeType>
      <AttributeType>( 1.2.840.113556.1.4.211 NAME 'schedule' SYNTAX 1.3.6.1.4.1.1466.115.121.1.40 SINGLE-VALUE )</AttributeType>
      <AttributeType>( 1.2.840.113556.1.4.120 NAME 'schemaFlagsEx' SYNTAX 1.3.6.1.4.1.1466.115.121.1.27 SINGLE-VALUE NO-USER-MODIFICATION )</AttributeType>
      <AttributeType>( 1.2.840.113556.1.4.148 NAME 'schemaIDGUID' SYNTAX 1.3.6.1.4.1.1466.115.121.1.40 SINGLE-VALUE NO-USER-MODIFICATION )</AttributeType>
      <AttributeType>( 1.2.840.113556.1.4.1358 NAME 'schemaInfo' SYNTAX 1.3.6.1.4.1.1466.115.121.1.40 NO-USER-MODIFICATION )</AttributeType>
      <AttributeType>( VMWare.DIR.attribute.0.8 NAME 'schemaNamingContext' DESC 'Attribute containing the distinguished name of the schema naming context' SYNTAX 1.3.6.1.4.1.1466.115.121.1.12 SINGLE-VALUE NO-USER-MODIFICATION USAGE directoryOperation )</AttributeType>
      <AttributeType>( 1.2.840.113556.1.4.481 NAME 'schemaUpdate' SYNTAX 1.3.6.1.4.1.1466.115.121.1.24 SINGLE-VALUE )</AttributeType>
      <AttributeType>( 1.2.840.113556.1.2.471 NAME 'schemaVersion' SYNTAX 1.3.6.1.4.1.1466.115.121.1.27 )</AttributeType>
      <AttributeType>( 1.2.840.113556.1.4.1354 NAME 'scopeFlags' SYNTAX 1.3.6.1.4.1.1466.115.121.1.27 SINGLE-VALUE )</AttributeType>
      <AttributeType>( 1.2.840.113556.1.4.62 NAME 'scriptPath' SYNTAX 1.3.6.1.4.1.1466.115.121.1.15 SINGLE-VALUE )</AttributeType>
      <AttributeType>( 1.2.840.113556.1.4.1304 NAME 'sDRightsEffective' SYNTAX 1.3.6.1.4.1.1466.115.121.1.27 SINGLE-VALUE )</AttributeType>
      <AttributeType>( 1.2.840.113556.1.2.334 NAME 'searchFlags' SYNTAX 1.3.6.1.4.1.1466.115.121.1.27 SINGLE-VALUE )</AttributeType>
      <AttributeType>( 2.5.4.14 NAME 'searchGuide' SYNTAX 1.3.6.1.4.1.1466.115.121.1.40 )</AttributeType>
      <AttributeType>( 0.9.2342.19200300.100.1.21 NAME 'secretary' SYNTAX 1.3.6.1.4.1.1466.115.121.1.12 )</AttributeType>
      <AttributeType>( 1.2.840.113556.1.4.121 NAME 'securityIdentifier' SYNTAX 1.3.6.1.4.1.1466.115.121.1.40 SINGLE-VALUE )</AttributeType>
      <AttributeType>( 2.5.4.34 NAME 'seeAlso' SYNTAX 1.3.6.1.4.1.1466.115.121.1.12 )</AttributeType>
      <AttributeType>( 1.2.840.113556.1.4.504 NAME 'seqNotification' SYNTAX 1.3.6.1.4.1.1466.115.121.1.27 SINGLE-VALUE )</AttributeType>
      <AttributeType>( 2.5.4.5 NAME 'serialNumber' SYNTAX 1.3.6.1.4.1.1466.115.121.1.44 )</AttributeType>
      <AttributeType>( VMWare.DIR.attribute.0.27 NAME 'serverId' DESC 'An ID used in SID allocation relative to this server' SYNTAX 1.3.6.1.4.1.1466.115.121.1.27 SINGLE-VALUE NO-USER-MODIFICATION USAGE directoryOperation )</AttributeType>
      <AttributeType>( VMWare.DIR.attribute.1.5 NAME 'serverName' DESC 'Attribute containing the distinguished name of the object containing properties of this server' SYNTAX 1.3.6.1.4.1.1466.115.121.1.12 SINGLE-VALUE NO-USER-MODIFICATION USAGE directoryOperation )</AttributeType>
      <AttributeType>( 1.2.840.113556.1.4.515 NAME 'serverReference' SYNTAX 1.3.6.1.4.1.1466.115.121.1.12 SINGLE-VALUE )</AttributeType>
      <AttributeType>( 1.2.840.113556.1.4.516 NAME 'serverReferenceBL' SYNTAX 1.3.6.1.4.1.1466.115.121.1.12 NO-USER-MODIFICATION )</AttributeType>
      <AttributeType>( 1.2.840.113556.1.4.157 NAME 'serverRole' SYNTAX 1.3.6.1.4.1.1466.115.121.1.27 SINGLE-VALUE )</AttributeType>
      <AttributeType>( 1.2.840.113556.1.4.154 NAME 'serverState' SYNTAX 1.3.6.1.4.1.1466.115.121.1.27 SINGLE-VALUE )</AttributeType>
      <AttributeType>( 1.2.840.113556.1.4.510 NAME 'serviceBindingInformation' SYNTAX 1.3.6.1.4.1.1466.115.121.1.15 )</AttributeType>
      <AttributeType>( 1.2.840.113556.1.4.122 NAME 'serviceClassID' SYNTAX 1.3.6.1.4.1.1466.115.121.1.40 SINGLE-VALUE )</AttributeType>
      <AttributeType>( 1.2.840.113556.1.4.123 NAME 'serviceClassInfo' SYNTAX 1.3.6.1.4.1.1466.115.121.1.40 )</AttributeType>
      <AttributeType>( 1.2.840.113556.1.4.509 NAME 'serviceClassName' SYNTAX 1.3.6.1.4.1.1466.115.121.1.15 SINGLE-VALUE )</AttributeType>
      <AttributeType>( 1.2.840.113556.1.4.657 NAME 'serviceDNSName' SYNTAX 1.3.6.1.4.1.1466.115.121.1.15 SINGLE-VALUE )</AttributeType>
      <AttributeType>( 1.2.840.113556.1.4.659 NAME 'serviceDNSNameType' SYNTAX 1.3.6.1.4.1.1466.115.121.1.15 SINGLE-VALUE )</AttributeType>
      <AttributeType>( 1.2.840.113556.1.4.199 NAME 'serviceInstanceVersion' SYNTAX 1.3.6.1.4.1.1466.115.121.1.40 SINGLE-VALUE )</AttributeType>
      <AttributeType>( 1.2.840.113556.1.4.771 NAME 'servicePrincipalName' SYNTAX 1.3.6.1.4.1.1466.115.121.1.15 )</AttributeType>
      <AttributeType>( 1.2.840.113556.1.4.325 NAME 'setupCommand' SYNTAX 1.3.6.1.4.1.1466.115.121.1.15 SINGLE-VALUE )</AttributeType>
      <AttributeType>( 1.3.6.1.1.1.1.10 NAME 'shadowExpire' SYNTAX 1.3.6.1.4.1.1466.115.121.1.27 SINGLE-VALUE )</AttributeType>
      <AttributeType>( 1.3.6.1.1.1.1.11 NAME 'shadowFlag' SYNTAX 1.3.6.1.4.1.1466.115.121.1.27 SINGLE-VALUE )</AttributeType>
      <AttributeType>( 1.3.6.1.1.1.1.9 NAME 'shadowInactive' SYNTAX 1.3.6.1.4.1.1466.115.121.1.27 SINGLE-VALUE )</AttributeType>
      <AttributeType>( 1.3.6.1.1.1.1.5 NAME 'shadowLastChange' SYNTAX 1.3.6.1.4.1.1466.115.121.1.27 SINGLE-VALUE )</AttributeType>
      <AttributeType>( 1.3.6.1.1.1.1.7 NAME 'shadowMax' SYNTAX 1.3.6.1.4.1.1466.115.121.1.27 SINGLE-VALUE )</AttributeType>
      <AttributeType>( 1.3.6.1.1.1.1.6 NAME 'shadowMin' SYNTAX 1.3.6.1.4.1.1466.115.121.1.27 SINGLE-VALUE )</AttributeType>
      <AttributeType>( 1.3.6.1.1.1.1.8 NAME 'shadowWarning' SYNTAX 1.3.6.1.4.1.1466.115.121.1.27 SINGLE-VALUE )</AttributeType>
      <AttributeType>( 1.2.840.113556.1.4.615 NAME 'shellContextMenu' SYNTAX 1.3.6.1.4.1.1466.115.121.1.15 )</AttributeType>
      <AttributeType>( 1.2.840.113556.1.4.563 NAME 'shellPropertyPages' SYNTAX 1.3.6.1.4.1.1466.115.121.1.15 )</AttributeType>
      <AttributeType>( 1.2.840.113556.1.4.1209 NAME 'shortServerName' SYNTAX 1.3.6.1.4.1.1466.115.121.1.15 SINGLE-VALUE )</AttributeType>
      <AttributeType>( 1.2.840.113556.1.4.644 NAME 'showInAddressBook' SYNTAX 1.3.6.1.4.1.1466.115.121.1.12 )</AttributeType>
      <AttributeType>( 1.2.840.113556.1.2.169 NAME 'showInAdvancedViewOnly' SYNTAX 1.3.6.1.4.1.1466.115.121.1.7 SINGLE-VALUE )</AttributeType>
      <AttributeType>( 1.2.840.113556.1.4.609 NAME 'sIDHistory' SYNTAX 1.3.6.1.4.1.1466.115.121.1.40 )</AttributeType>
      <AttributeType>( 1.2.840.113556.1.4.824 NAME 'signatureAlgorithms' SYNTAX 1.3.6.1.4.1.1466.115.121.1.15 SINGLE-VALUE )</AttributeType>
      <AttributeType>( 1.2.840.113556.1.4.362 NAME 'siteGUID' SYNTAX 1.3.6.1.4.1.1466.115.121.1.40 SINGLE-VALUE )</AttributeType>
      <AttributeType>( 1.2.840.113556.1.4.822 NAME 'siteLinkList' SYNTAX 1.3.6.1.4.1.1466.115.121.1.12 )</AttributeType>
      <AttributeType>( 1.2.840.113556.1.4.821 NAME 'siteList' SYNTAX 1.3.6.1.4.1.1466.115.121.1.12 )</AttributeType>
      <AttributeType>( 1.2.840.113556.1.4.512 NAME 'siteObject' SYNTAX 1.3.6.1.4.1.1466.115.121.1.12 SINGLE-VALUE )</AttributeType>
      <AttributeType>( 1.2.840.113556.1.4.513 NAME 'siteObjectBL' SYNTAX 1.3.6.1.4.1.1466.115.121.1.12 NO-USER-MODIFICATION )</AttributeType>
      <AttributeType>( 1.2.840.113556.1.4.494 NAME 'siteServer' SYNTAX 1.3.6.1.4.1.1466.115.121.1.12 )</AttributeType>
      <AttributeType>( 2.5.4.4 NAME 'sn' SYNTAX 1.3.6.1.4.1.1466.115.121.1.15 SINGLE-VALUE )</AttributeType>
      <AttributeType>( 1.2.840.113556.1.4.1347 NAME 'sPNMappings' SYNTAX 1.3.6.1.4.1.1466.115.121.1.15 )</AttributeType>
      <AttributeType>( 2.5.4.8 NAME 'st' SYNTAX 1.3.6.1.4.1.1466.115.121.1.15 SINGLE-VALUE )</AttributeType>
      <AttributeType>( 2.5.4.9 NAME 'street' SYNTAX 1.3.6.1.4.1.1466.115.121.1.15 SINGLE-VALUE )</AttributeType>
      <AttributeType>( 1.2.840.113556.1.2.256 NAME 'streetAddress' SYNTAX 1.3.6.1.4.1.1466.115.121.1.15 SINGLE-VALUE )</AttributeType>
      <AttributeType>( 2.5.21.9 NAME 'structuralObjectClass' SYNTAX 1.3.6.1.4.1.1466.115.121.1.38 )</AttributeType>
      <AttributeType>( 1.2.840.113556.1.2.21 NAME 'subClassOf' SYNTAX 1.3.6.1.4.1.1466.115.121.1.38 SINGLE-VALUE NO-USER-MODIFICATION )</AttributeType>
      <AttributeType>( 1.2.840.113556.1.2.7 NAME 'subRefs' SYNTAX 1.3.6.1.4.1.1466.115.121.1.12 NO-USER-MODIFICATION )</AttributeType>
      <AttributeType>( 2.5.18.10 NAME 'subSchemaSubEntry' SYNTAX 1.3.6.1.4.1.1466.115.121.1.12 NO-USER-MODIFICATION )</AttributeType>
      <AttributeType>( 1.2.840.113556.1.4.532 NAME 'superiorDNSRoot' SYNTAX 1.3.6.1.4.1.1466.115.121.1.15 SINGLE-VALUE )</AttributeType>
      <AttributeType>( 1.2.840.113556.1.4.711 NAME 'superScopeDescription' SYNTAX 1.3.6.1.4.1.1466.115.121.1.15 )</AttributeType>
      <AttributeType>( 1.2.840.113556.1.4.710 NAME 'superScopes' SYNTAX 1.3.6.1.4.1.1466.115.121.1.44 )</AttributeType>
      <AttributeType>( 1.2.840.113556.1.4.125 NAME 'supplementalCredentials' SYNTAX 1.3.6.1.4.1.1466.115.121.1.40 )</AttributeType>
      <AttributeType>( 2.5.4.52 NAME 'supportedAlgorithms' DESC 'RFC2256: supported algorithms' SYNTAX 1.3.6.1.4.1.1466.115.121.1.49 )</AttributeType>
      <AttributeType>( 2.5.4.30 NAME 'supportedApplicationContext' SYNTAX 1.3.6.1.4.1.1466.115.121.1.40 )</AttributeType>
      <AttributeType>( 1.3.6.1.4.1.1466.101.120.13 NAME 'supportedControl' DESC 'RFC4512: supported controls' SYNTAX 1.3.6.1.4.1.1466.115.121.1.38 USAGE dSAOperation )</AttributeType>
      <AttributeType>( 1.3.6.1.4.1.1466.101.120.7 NAME 'supportedExtension' DESC 'RFC4512: supported extended operations' SYNTAX 1.3.6.1.4.1.1466.115.121.1.38 USAGE dSAOperation )</AttributeType>
      <AttributeType>( 1.3.6.1.4.1.4203.1.3.5 NAME 'supportedFeatures' DESC 'RFC4512: features supported by the server' SYNTAX 1.3.6.1.4.1.1466.115.121.1.38 USAGE dSAOperation )</AttributeType>
      <AttributeType>( 1.3.6.1.4.1.1466.101.120.15 NAME 'supportedLDAPVersion' DESC 'RFC4512: supported LDAP versions' SYNTAX 1.3.6.1.4.1.1466.115.121.1.27 USAGE dSAOperation )</AttributeType>
      <AttributeType>( 1.3.6.1.4.1.1466.101.120.14 NAME 'supportedSASLMechanisms' DESC 'RFC4512: supported SASL mechanisms' SYNTAX 1.3.6.1.4.1.1466.115.121.1.15 USAGE dSAOperation )</AttributeType>
      <AttributeType>( 1.2.840.113556.1.4.666 NAME 'syncAttributes' SYNTAX 1.3.6.1.4.1.1466.115.121.1.27 SINGLE-VALUE )</AttributeType>
      <AttributeType>( 1.2.840.113556.1.4.665 NAME 'syncMembership' SYNTAX 1.3.6.1.4.1.1466.115.121.1.12 )</AttributeType>
      <AttributeType>( 1.2.840.113556.1.4.664 NAME 'syncWithObject' SYNTAX 1.3.6.1.4.1.1466.115.121.1.12 SINGLE-VALUE )</AttributeType>
      <AttributeType>( 1.2.840.113556.1.4.667 NAME 'syncWithSID' SYNTAX 1.3.6.1.4.1.1466.115.121.1.40 SINGLE-VALUE )</AttributeType>
      <AttributeType>( 1.2.840.113556.1.4.198 NAME 'systemAuxiliaryClass' SYNTAX 1.3.6.1.4.1.1466.115.121.1.38 NO-USER-MODIFICATION )</AttributeType>
      <AttributeType>( 1.2.840.113556.1.4.375 NAME 'systemFlags' SYNTAX 1.3.6.1.4.1.1466.115.121.1.27 SINGLE-VALUE NO-USER-MODIFICATION )</AttributeType>
      <AttributeType>( 1.2.840.113556.1.4.196 NAME 'systemMayContain' SYNTAX 1.3.6.1.4.1.1466.115.121.1.38 NO-USER-MODIFICATION )</AttributeType>
      <AttributeType>( 1.2.840.113556.1.4.197 NAME 'systemMustContain' SYNTAX 1.3.6.1.4.1.1466.115.121.1.38 NO-USER-MODIFICATION )</AttributeType>
      <AttributeType>( 1.2.840.113556.1.4.170 NAME 'systemOnly' SYNTAX 1.3.6.1.4.1.1466.115.121.1.7 SINGLE-VALUE NO-USER-MODIFICATION )</AttributeType>
      <AttributeType>( 1.2.840.113556.1.4.195 NAME 'systemPossSuperiors' SYNTAX 1.3.6.1.4.1.1466.115.121.1.38 NO-USER-MODIFICATION )</AttributeType>
      <AttributeType>( 2.5.4.20 NAME 'telephoneNumber' SYNTAX 1.3.6.1.4.1.1466.115.121.1.15 SINGLE-VALUE )</AttributeType>
      <AttributeType>( 2.5.4.22 NAME 'teletexTerminalIdentifier' SYNTAX 1.3.6.1.4.1.1466.115.121.1.40 )</AttributeType>
      <AttributeType>( 2.5.4.21 NAME 'telexNumber' SYNTAX 1.3.6.1.4.1.1466.115.121.1.40 )</AttributeType>
      <AttributeType>( 1.2.840.113556.1.4.1346 NAME 'templateRoots' SYNTAX 1.3.6.1.4.1.1466.115.121.1.12 )</AttributeType>
      <AttributeType>( 1.2.840.113556.1.4.2048 NAME 'templateRoots2' SYNTAX 1.3.6.1.4.1.1466.115.121.1.12 )</AttributeType>
      <AttributeType>( 1.2.840.113556.1.4.885 NAME 'terminalServer' SYNTAX 1.3.6.1.4.1.1466.115.121.1.40 SINGLE-VALUE )</AttributeType>
      <AttributeType>( 0.9.2342.19200300.100.1.2 NAME 'textEncodedORAddress' SYNTAX 1.3.6.1.4.1.1466.115.121.1.15 SINGLE-VALUE )</AttributeType>
      <AttributeType>( 2.16.840.1.113730.3.1.36 NAME 'thumbnailLogo' SYNTAX 1.3.6.1.4.1.1466.115.121.1.40 SINGLE-VALUE )</AttributeType>
      <AttributeType>( 2.16.840.1.113730.3.1.35 NAME 'thumbnailPhoto' SYNTAX 1.3.6.1.4.1.1466.115.121.1.40 SINGLE-VALUE )</AttributeType>
      <AttributeType>( 1.2.840.113556.1.4.503 NAME 'timeRefresh' SYNTAX 1.2.840.113556.1.4.906 SINGLE-VALUE )</AttributeType>
      <AttributeType>( 1.2.840.113556.1.4.502 NAME 'timeVolChange' SYNTAX 1.2.840.113556.1.4.906 SINGLE-VALUE )</AttributeType>
      <AttributeType>( 2.5.4.12 NAME 'title' SYNTAX 1.3.6.1.4.1.1466.115.121.1.15 SINGLE-VALUE )</AttributeType>
      <AttributeType>( 1.2.840.113556.1.4.1301 NAME 'tokenGroups' SYNTAX 1.3.6.1.4.1.1466.115.121.1.40 )</AttributeType>
      <AttributeType>( 1.2.840.113556.1.4.1418 NAME 'tokenGroupsGlobalAndUniversal' SYNTAX 1.3.6.1.4.1.1466.115.121.1.40 )</AttributeType>
      <AttributeType>( 1.2.840.113556.1.4.1303 NAME 'tokenGroupsNoGCAcceptable' SYNTAX 1.3.6.1.4.1.1466.115.121.1.40 )</AttributeType>
      <AttributeType>( 1.2.840.113556.1.2.54 NAME 'tombstoneLifetime' SYNTAX 1.3.6.1.4.1.1466.115.121.1.27 SINGLE-VALUE )</AttributeType>
      <AttributeType>( 1.2.840.113556.1.4.895 NAME 'transportAddressAttribute' SYNTAX 1.3.6.1.4.1.1466.115.121.1.38 SINGLE-VALUE )</AttributeType>
      <AttributeType>( 1.2.840.113556.1.4.789 NAME 'transportDLLName' SYNTAX 1.3.6.1.4.1.1466.115.121.1.15 SINGLE-VALUE )</AttributeType>
      <AttributeType>( 1.2.840.113556.1.4.791 NAME 'transportType' SYNTAX 1.3.6.1.4.1.1466.115.121.1.12 SINGLE-VALUE )</AttributeType>
      <AttributeType>( 1.2.840.113556.1.4.806 NAME 'treatAsLeaf' SYNTAX 1.3.6.1.4.1.1466.115.121.1.7 SINGLE-VALUE )</AttributeType>
      <AttributeType>( 1.2.840.113556.1.4.660 NAME 'treeName' SYNTAX 1.3.6.1.4.1.1466.115.121.1.15 SINGLE-VALUE NO-USER-MODIFICATION )</AttributeType>
      <AttributeType>( 1.2.840.113556.1.4.470 NAME 'trustAttributes' SYNTAX 1.3.6.1.4.1.1466.115.121.1.27 SINGLE-VALUE )</AttributeType>
      <AttributeType>( 1.2.840.113556.1.4.129 NAME 'trustAuthIncoming' SYNTAX 1.3.6.1.4.1.1466.115.121.1.40 SINGLE-VALUE )</AttributeType>
      <AttributeType>( 1.2.840.113556.1.4.135 NAME 'trustAuthOutgoing' SYNTAX 1.3.6.1.4.1.1466.115.121.1.40 SINGLE-VALUE )</AttributeType>
      <AttributeType>( 1.2.840.113556.1.4.132 NAME 'trustDirection' SYNTAX 1.3.6.1.4.1.1466.115.121.1.27 SINGLE-VALUE )</AttributeType>
      <AttributeType>( 1.2.840.113556.1.4.471 NAME 'trustParent' SYNTAX 1.3.6.1.4.1.1466.115.121.1.12 SINGLE-VALUE )</AttributeType>
      <AttributeType>( 1.2.840.113556.1.4.133 NAME 'trustPartner' SYNTAX 1.3.6.1.4.1.1466.115.121.1.15 SINGLE-VALUE )</AttributeType>
      <AttributeType>( 1.2.840.113556.1.4.134 NAME 'trustPosixOffset' SYNTAX 1.3.6.1.4.1.1466.115.121.1.27 SINGLE-VALUE )</AttributeType>
      <AttributeType>( 1.2.840.113556.1.4.136 NAME 'trustType' SYNTAX 1.3.6.1.4.1.1466.115.121.1.27 SINGLE-VALUE )</AttributeType>
      <AttributeType>( 1.2.840.113556.1.4.155 NAME 'uASCompat' SYNTAX 1.3.6.1.4.1.1466.115.121.1.27 SINGLE-VALUE )</AttributeType>
      <AttributeType>( 0.9.2342.19200300.100.1.1 NAME 'uid' SYNTAX 1.3.6.1.4.1.1466.115.121.1.15 )</AttributeType>
      <AttributeType>( 1.3.6.1.1.1.1.0 NAME 'uidNumber' SYNTAX 1.3.6.1.4.1.1466.115.121.1.27 SINGLE-VALUE )</AttributeType>
      <AttributeType>( 1.2.840.113556.1.4.137 NAME 'uNCName' SYNTAX 1.3.6.1.4.1.1466.115.121.1.15 SINGLE-VALUE )</AttributeType>
      <AttributeType>( 1.2.840.113556.1.4.90 NAME 'unicodePwd' SYNTAX 1.3.6.1.4.1.1466.115.121.1.40 SINGLE-VALUE )</AttributeType>
      <AttributeType>( 0.9.2342.19200300.100.1.44 NAME 'uniqueIdentifier' SYNTAX 1.3.6.1.4.1.1466.115.121.1.15 )</AttributeType>
      <AttributeType>( 2.5.4.50 NAME 'uniqueMember' SYNTAX 1.3.6.1.4.1.1466.115.121.1.12 )</AttributeType>
      <AttributeType>( 1.3.6.1.1.1.1.3 NAME 'unixHomeDirectory' SYNTAX 1.3.6.1.4.1.1466.115.121.1.26 SINGLE-VALUE )</AttributeType>
      <AttributeType>( 1.2.840.113556.1.4.1910 NAME 'unixUserPassword' SYNTAX 1.3.6.1.4.1.1466.115.121.1.40 )</AttributeType>
      <AttributeType>( 1.2.840.113549.1.9.8 NAME 'unstructuredAddress' SYNTAX 1.3.6.1.4.1.1466.115.121.1.15 )</AttributeType>
      <AttributeType>( 1.2.840.113549.1.9.2 NAME 'unstructuredName' SYNTAX 1.3.6.1.4.1.1466.115.121.1.26 )</AttributeType>
      <AttributeType>( 1.2.840.113556.1.4.813 NAME 'upgradeProductCode' SYNTAX 1.3.6.1.4.1.1466.115.121.1.40 )</AttributeType>
      <AttributeType>( 1.2.840.113556.1.4.890 NAME 'uPNSuffixes' SYNTAX 1.3.6.1.4.1.1466.115.121.1.15 )</AttributeType>
      <AttributeType>( VMWare.DIR.attribute.0.14 NAME 'upToDateVector' DESC 'Up-to-date vector data structure used in multi-master replication.' SYNTAX 1.3.6.1.4.1.1466.115.121.1.44 SINGLE-VALUE NO-USER-MODIFICATION USAGE directoryOperation )</AttributeType>
      <AttributeType>( 1.2.840.113556.1.4.749 NAME 'url' SYNTAX 1.3.6.1.4.1.1466.115.121.1.15 )</AttributeType>
      <AttributeType>( 1.2.840.113556.1.4.8 NAME 'userAccountControl' SYNTAX 1.3.6.1.4.1.1466.115.121.1.27 SINGLE-VALUE )</AttributeType>
      <AttributeType>( 1.2.840.113556.1.4.645 NAME 'userCert' SYNTAX 1.3.6.1.4.1.1466.115.121.1.40 SINGLE-VALUE )</AttributeType>
      <AttributeType>( 2.5.4.36 NAME 'userCertificate' SYNTAX 1.3.6.1.4.1.1466.115.121.1.40 )</AttributeType>
      <AttributeType>( 0.9.2342.19200300.100.1.8 NAME 'userClass' SYNTAX 1.3.6.1.4.1.1466.115.121.1.15 )</AttributeType>
      <AttributeType>( 1.2.840.113556.1.4.138 NAME 'userParameters' SYNTAX 1.3.6.1.4.1.1466.115.121.1.15 SINGLE-VALUE )</AttributeType>
      <AttributeType>( 2.5.4.35 NAME 'userPassword' SYNTAX 1.3.6.1.4.1.1466.115.121.1.40 SINGLE-VALUE )</AttributeType>
      <AttributeType>( 2.16.840.1.113730.3.1.216 NAME 'userPKCS12' SYNTAX 1.3.6.1.4.1.1466.115.121.1.40 )</AttributeType>
      <AttributeType>( 1.2.840.113556.1.4.656 NAME 'userPrincipalName' SYNTAX 1.3.6.1.4.1.1466.115.121.1.15 SINGLE-VALUE )</AttributeType>
      <AttributeType>( 1.2.840.113556.1.4.751 NAME 'userSharedFolder' SYNTAX 1.3.6.1.4.1.1466.115.121.1.15 SINGLE-VALUE )</AttributeType>
      <AttributeType>( 1.2.840.113556.1.4.752 NAME 'userSharedFolderOther' SYNTAX 1.3.6.1.4.1.1466.115.121.1.15 )</AttributeType>
      <AttributeType>( 2.16.840.1.113730.3.140 NAME 'userSMIMECertificate' SYNTAX 1.3.6.1.4.1.1466.115.121.1.40 )</AttributeType>
      <AttributeType>( 1.2.840.113556.1.4.86 NAME 'userWorkstations' SYNTAX 1.3.6.1.4.1.1466.115.121.1.15 SINGLE-VALUE )</AttributeType>
      <AttributeType>( VMWare.DIR.attribute.1.2 NAME 'uSNChanged' DESC 'Update sequence number identifying the transaction that last modified the object' SYNTAX 1.3.6.1.4.1.1466.115.121.1.27 SINGLE-VALUE NO-USER-MODIFICATION USAGE directoryOperation )</AttributeType>
      <AttributeType>( VMWare.DIR.attribute.1.1 NAME 'uSNCreated' DESC 'Update sequence number identifying the transaction that created the object' SYNTAX 1.3.6.1.4.1.1466.115.121.1.27 SINGLE-VALUE NO-USER-MODIFICATION USAGE directoryOperation )</AttributeType>
      <AttributeType>( 1.2.840.113556.1.2.267 NAME 'uSNDSALastObjRemoved' SYNTAX 1.2.840.113556.1.4.906 SINGLE-VALUE NO-USER-MODIFICATION )</AttributeType>
      <AttributeType>( 1.2.840.113556.1.2.469 NAME 'USNIntersite' SYNTAX 1.3.6.1.4.1.1466.115.121.1.27 SINGLE-VALUE )</AttributeType>
      <AttributeType>( 1.2.840.113556.1.2.121 NAME 'uSNLastObjRem' SYNTAX 1.2.840.113556.1.4.906 SINGLE-VALUE NO-USER-MODIFICATION )</AttributeType>
      <AttributeType>( 1.2.840.113556.1.4.896 NAME 'uSNSource' SYNTAX 1.2.840.113556.1.4.906 SINGLE-VALUE )</AttributeType>
      <AttributeType>( 1.2.840.113556.1.4.1356 NAME 'validAccesses' SYNTAX 1.3.6.1.4.1.1466.115.121.1.27 SINGLE-VALUE )</AttributeType>
      <AttributeType>( 1.2.840.113556.1.4.255 NAME 'vendor' SYNTAX 1.3.6.1.4.1.1466.115.121.1.15 SINGLE-VALUE )</AttributeType>
      <AttributeType>( 1.3.6.1.1.4 NAME 'vendorName' DESC 'RFC3045: name of implementation vendor' SYNTAX 1.3.6.1.4.1.1466.115.121.1.15 SINGLE-VALUE NO-USER-MODIFICATION USAGE dSAOperation )</AttributeType>
      <AttributeType>( 1.3.6.1.1.5 NAME 'vendorVersion' DESC 'RFC3045: version of implementation' SYNTAX 1.3.6.1.4.1.1466.115.121.1.15 SINGLE-VALUE NO-USER-MODIFICATION USAGE dSAOperation )</AttributeType>
      <AttributeType>( 1.2.840.113556.1.4.141 NAME 'versionNumber' SYNTAX 1.3.6.1.4.1.1466.115.121.1.27 SINGLE-VALUE )</AttributeType>
      <AttributeType>( 1.2.840.113556.1.4.328 NAME 'versionNumberHi' SYNTAX 1.3.6.1.4.1.1466.115.121.1.27 SINGLE-VALUE )</AttributeType>
      <AttributeType>( 1.2.840.113556.1.4.329 NAME 'versionNumberLo' SYNTAX 1.3.6.1.4.1.1466.115.121.1.27 SINGLE-VALUE )</AttributeType>
      <AttributeType>( VMWare.DIR.attribute.0.54 NAME 'vmwAclString' DESC 'ACL in string format' SYNTAX 1.3.6.1.4.1.1466.115.121.1.15 SINGLE-VALUE USAGE directoryOperation )</AttributeType>
      <AttributeType>( VMWare.DIR.attribute.0.52 NAME 'vmwAdministratorDN' DESC 'Default administrator DN' SYNTAX 1.3.6.1.4.1.1466.115.121.1.12 SINGLE-VALUE NO-USER-MODIFICATION USAGE directoryOperation )</AttributeType>
      <AttributeType>( VMWare.DIR.attribute.0.1 NAME 'vmwAttributeToIdMap' DESC 'VMware extension' SYNTAX 1.3.6.1.4.1.1466.115.121.1.15 SINGLE-VALUE NO-USER-MODIFICATION USAGE directoryOperation )</AttributeType>
      <AttributeType>( VMWare.DIR.attribute.0.58 NAME 'vmwAttributeUsage' DESC 'VMware extension - flag to represent NO-USER-MODIFICATION and USAGE values' SYNTAX 1.3.6.1.4.1.1466.115.121.1.27 SINGLE-VALUE NO-USER-MODIFICATION )</AttributeType>
      <AttributeType>( VMWare.DIR.attribute.0.2 NAME 'vmwAttrIndexDesc' DESC 'VMware extension' SYNTAX 1.3.6.1.4.1.1466.115.121.1.15 )</AttributeType>
      <AttributeType>( VMWare.DIR.attribute.0.19 NAME 'vmwAttrOrganizationList' DESC 'VMware extension' SYNTAX 1.3.6.1.4.1.1466.115.121.1.15 )</AttributeType>
      <AttributeType>( VMWare.authz.attribute.17 NAME 'vmwAuthzDocUri' DESC 'uri' SYNTAX 1.3.6.1.4.1.1466.115.121.1.15 )</AttributeType>
      <AttributeType>( VMWare.authz.attribute.15 NAME 'vmwAuthzPermissionPropagate' DESC 'Authz Permission propagate flag' SYNTAX 1.3.6.1.4.1.1466.115.121.1.15 SINGLE-VALUE )</AttributeType>
      <AttributeType>( VMWare.authz.attribute.16 NAME 'vmwAuthzPermissionRoleId' DESC 'Role id for permission' SYNTAX 1.3.6.1.4.1.1466.115.121.1.15 )</AttributeType>
      <AttributeType>( VMWare.authz.attribute.14 NAME 'vmwAuthzPermissionVersion' DESC 'Version of Permission' SYNTAX 1.3.6.1.4.1.1466.115.121.1.15 SINGLE-VALUE )</AttributeType>
      <AttributeType>( VMWare.authz.attribute.13 NAME 'vmwAuthzPrincipalGroup' DESC 'Is Group' SYNTAX 1.3.6.1.4.1.1466.115.121.1.15 SINGLE-VALUE )</AttributeType>
      <AttributeType>( VMWare.authz.attribute.12 NAME 'vmwAuthzPrincipalName' DESC 'Unique Principal Name' SYNTAX 1.3.6.1.4.1.1466.115.121.1.15 SINGLE-VALUE )</AttributeType>
      <AttributeType>( VMWare.authz.attribute.8 NAME 'vmwAuthzPrivilegeDescription' DESC 'Descrription of Privilege' SYNTAX 1.3.6.1.4.1.1466.115.121.1.15 SINGLE-VALUE )</AttributeType>
      <AttributeType>( VMWare.authz.attribute.9 NAME 'vmwAuthzPrivilegeGroupName' DESC 'Name of the group of the privilege' SYNTAX 1.3.6.1.4.1.1466.115.121.1.15 SINGLE-VALUE )</AttributeType>
      <AttributeType>( VMWare.authz.attribute.7 NAME 'vmwAuthzPrivilegeId' DESC 'unique privilege id for a Privilege object' SYNTAX 1.3.6.1.4.1.1466.115.121.1.15 SINGLE-VALUE )</AttributeType>
      <AttributeType>( VMWare.authz.attribute.11 NAME 'vmwAuthzPrivilegeIsOnParent' DESC 'Indicator if the privilege needs to apply to object parent' SYNTAX 1.3.6.1.4.1.1466.115.121.1.15 SINGLE-VALUE )</AttributeType>
      <AttributeType>( VMWare.authz.attribute.10 NAME 'vmwAuthzPrivilegeVersion' DESC 'Privilege version. Higher number represent more recent privilege details' SYNTAX 1.3.6.1.4.1.1466.115.121.1.15 SINGLE-VALUE )</AttributeType>
      <AttributeType>( VMWare.authz.attribute.3 NAME 'vmwAuthzRoleDescription' DESC 'Authz description of a Role' SYNTAX 1.3.6.1.4.1.1466.115.121.1.15 SINGLE-VALUE )</AttributeType>
      <AttributeType>( VMWare.authz.attribute.1 NAME 'vmwAuthzRoleIdBeforeUpgrade' DESC 'Unique Role Id' SYNTAX 1.3.6.1.4.1.1466.115.121.1.15 SINGLE-VALUE )</AttributeType>
      <AttributeType>( VMWare.authz.attribute.2 NAME 'vmwAuthzRoleName' DESC 'Unique Role Name' SYNTAX 1.3.6.1.4.1.1466.115.121.1.15 SINGLE-VALUE )</AttributeType>
      <AttributeType>( VMWare.authz.attribute.6 NAME 'vmwAuthzRolePrivilegeId' DESC 'privilege id for a role single or multiple per role' SYNTAX 1.3.6.1.4.1.1466.115.121.1.15 )</AttributeType>
      <AttributeType>( VMWare.authz.attribute.4 NAME 'vmwAuthzRoleVersion' DESC 'Authz Role Version - higher verson indicates more recent role details' SYNTAX 1.3.6.1.4.1.1466.115.121.1.15 SINGLE-VALUE )</AttributeType>
      <AttributeType>( VMWare.authz.attribute.5 NAME 'vmwAuthzTenantUri' DESC 'Tenant URI' SYNTAX 1.3.6.1.4.1.1466.115.121.1.15 SINGLE-VALUE )</AttributeType>
      <AttributeType>( VMWare.CIS.attribute.12 NAME 'vmwCISAuxAttributes' DESC 'VMware CIS - List of auxiliary service attributes' SYNTAX 1.3.6.1.4.1.1466.115.121.1.15 SINGLE-VALUE )</AttributeType>
      <AttributeType>( VMWare.CIS.attribute.8 NAME 'vmwCISDescription' DESC 'VMware CIS - resource key for service description' SYNTAX 1.3.6.1.4.1.1466.115.121.1.15 SINGLE-VALUE )</AttributeType>
      <AttributeType>( VMWare.CIS.attribute.10 NAME 'vmwCISEndpoints' DESC 'VMware CIS - List of service endpoints' SYNTAX 1.3.6.1.4.1.1466.115.121.1.15 )</AttributeType>
      <AttributeType>( VMWare.CIS.attribute.11 NAME 'vmwCISEndpointTypes' DESC 'VMware CIS - List of types of service endpoints - to facilitate search by endpoint types' SYNTAX 1.3.6.1.4.1.1466.115.121.1.15 )</AttributeType>
      <AttributeType>( VMWare.CIS.attribute.3 NAME 'vmwCISGroup' DESC 'VMware CIS - identifier of a group a service may belong to' SYNTAX 1.3.6.1.4.1.1466.115.121.1.15 SINGLE-VALUE )</AttributeType>
      <AttributeType>( VMWare.CIS.attribute.9 NAME 'vmwCISGroupName' DESC 'VMware CIS - resource key for service group name' SYNTAX 1.3.6.1.4.1.1466.115.121.1.15 SINGLE-VALUE )</AttributeType>
      <AttributeType>( VMWare.CIS.attribute.6 NAME 'vmwCISHost' DESC 'VMware CIS - host id of the virtual machine on which the service is hosted' SYNTAX 1.3.6.1.4.1.1466.115.121.1.15 SINGLE-VALUE )</AttributeType>
      <AttributeType>( VMWare.CIS.attribute.14 NAME 'vmwCISLduId' DESC 'VMware CIS - ldu id' SYNTAX 1.3.6.1.4.1.1466.115.121.1.15 SINGLE-VALUE )</AttributeType>
      <AttributeType>( VMWare.CIS.attribute.7 NAME 'vmwCISName' DESC 'VMware CIS - resource key for service name' SYNTAX 1.3.6.1.4.1.1466.115.121.1.15 SINGLE-VALUE )</AttributeType>
      <AttributeType>( VMWare.CIS.attribute.2 NAME 'vmwCISOwner' DESC 'VMware CIS - SSO principal which is the owner of the service' SYNTAX 1.3.6.1.4.1.1466.115.121.1.15 SINGLE-VALUE )</AttributeType>
      <AttributeType>( VMWare.CIS.attribute.4 NAME 'vmwCISProduct' DESC 'VMware CIS - product identifier of a service' SYNTAX 1.3.6.1.4.1.1466.115.121.1.15 SINGLE-VALUE )</AttributeType>
      <AttributeType>( VMWare.CIS.attribute.16 NAME 'vmwCISServiceConfigDefinitions' DESC 'VMware CIS Component Manager - List of service config definitions' SYNTAX 1.3.6.1.4.1.1466.115.121.1.15 )</AttributeType>
      <AttributeType>( VMWare.CIS.attribute.15 NAME 'vmwCISServiceControlScript' DESC 'VMware CIS Component Manager - Service Control Script' SYNTAX 1.3.6.1.4.1.1466.115.121.1.15 SINGLE-VALUE )</AttributeType>
      <AttributeType>( VMWare.CIS.attribute.13 NAME 'vmwCISSiteId' DESC 'VMware CIS - site id' SYNTAX 1.3.6.1.4.1.1466.115.121.1.15 SINGLE-VALUE )</AttributeType>
      <AttributeType>( VMWare.CIS.attribute.5 NAME 'vmwCISType' DESC 'VMware CIS - type of a service' SYNTAX 1.3.6.1.4.1.1466.115.121.1.15 SINGLE-VALUE )</AttributeType>
      <AttributeType>( VMWare.CIS.attribute.1 NAME 'vmwCISVersion' DESC 'VMware CIS - service version' SYNTAX 1.3.6.1.4.1.1466.115.121.1.15 SINGLE-VALUE )</AttributeType>
      <AttributeType>( VMWare.DIR.attribute.0.47 NAME 'vmwDCAccountDN' DESC 'Attribute containing the distinguished name of the domain controller machine account object' SYNTAX 1.3.6.1.4.1.1466.115.121.1.12 SINGLE-VALUE NO-USER-MODIFICATION USAGE directoryOperation )</AttributeType>
      <AttributeType>( VMWare.DIR.attribute.0.49 NAME 'vmwDCAccountUPN' SYNTAX 1.3.6.1.4.1.1466.115.121.1.15 SINGLE-VALUE NO-USER-MODIFICATION USAGE directoryOperation )</AttributeType>
      <AttributeType>( VMWare.DNS.attribute.1 NAME 'vmwDNSForwarders' DESC 'VMware DNS Forwarder' SYNTAX 1.3.6.1.4.1.1466.115.121.1.15 )</AttributeType>
      <AttributeType>( VMWare.DIR.attribute.0.30 NAME 'vmwDomainFunctionalLevel' DESC 'Domain functional level supported by a Lotus domain' SYNTAX 1.3.6.1.4.1.1466.115.121.1.27 SINGLE-VALUE NO-USER-MODIFICATION USAGE directoryOperation )</AttributeType>
      <AttributeType>( VMWare.DIR.attribute.0.23 NAME 'vmwEntryIdSequenceNumber' DESC 'Entry ID sequence number generator key prefix, not used in any objectclass' SYNTAX 1.3.6.1.4.1.1466.115.121.1.27 SINGLE-VALUE NO-USER-MODIFICATION USAGE directoryOperation )</AttributeType>
      <AttributeType>( VMWare.DIR.attribute.0.31 NAME 'vmwForestFunctionalLevel' DESC 'Forest functional level supported by the Lotus forest' SYNTAX 1.3.6.1.4.1.1466.115.121.1.27 SINGLE-VALUE NO-USER-MODIFICATION USAGE directoryOperation )</AttributeType>
      <AttributeType>( VMWare.DIR.attribute.0.50 NAME 'vmwLDUGuid' DESC 'A GUID identifying an LDU associated with this vmware directory server' SYNTAX 1.3.6.1.4.1.1466.115.121.1.44 SINGLE-VALUE USAGE directoryOperation )</AttributeType>
      <AttributeType>( VMWare.LicSvc.attribute.414 NAME 'vmwLicSvcAssetCostUnitUsageList' DESC 'VMware License Service - Asset Cost Unit Usage List' SYNTAX 1.3.6.1.4.1.1466.115.121.1.15 SINGLE-VALUE )</AttributeType>
      <AttributeType>( VMWare.LicSvc.attribute.409 NAME 'vmwLicSvcAssetEvalExpiry' DESC 'VMware License Service - Asset Eval Expiry' SYNTAX 1.3.6.1.4.1.1466.115.121.1.15 SINGLE-VALUE )</AttributeType>
      <AttributeType>( VMWare.LicSvc.attribute.411 NAME 'vmwLicSvcAssetEvalSerialKey' DESC 'VMware License Service - Asset Eval Serial Key' SYNTAX 1.3.6.1.4.1.1466.115.121.1.15 SINGLE-VALUE )</AttributeType>
      <AttributeType>( VMWare.LicSvc.attribute.410 NAME 'vmwLicSvcAssetEvalType' DESC 'VMware License Service - Asset Eval Type' SYNTAX 1.3.6.1.4.1.1466.115.121.1.15 SINGLE-VALUE )</AttributeType>
      <AttributeType>( VMWare.LicSvc.attribute.415 NAME 'vmwLicSvcAssetFeaturesInUseList' DESC 'VMware License Service - Asset Features In Use List ' SYNTAX 1.3.6.1.4.1.1466.115.121.1.15 SINGLE-VALUE )</AttributeType>
      <AttributeType>( VMWare.LicSvc.attribute.401 NAME 'vmwLicSvcAssetId' DESC 'VMware License Service - Asset Id' SYNTAX 1.3.6.1.4.1.1466.115.121.1.15 SINGLE-VALUE )</AttributeType>
      <AttributeType>( VMWare.LicSvc.attribute.402 NAME 'vmwLicSvcAssetInstanceId' DESC 'VMware License Service - Asset Instance Id' SYNTAX 1.3.6.1.4.1.1466.115.121.1.15 SINGLE-VALUE )</AttributeType>
      <AttributeType>( VMWare.LicSvc.attribute.413 NAME 'vmwLicSvcAssetIsInEvaluation' DESC 'VMware License Service - Asset Is In Eval ' SYNTAX 1.3.6.1.4.1.1466.115.121.1.15 SINGLE-VALUE )</AttributeType>
      <AttributeType>( VMWare.LicSvc.attribute.412 NAME 'vmwLicSvcAssetLicenseId' DESC 'VMware License Service - Asset License Id' SYNTAX 1.3.6.1.4.1.1466.115.121.1.15 SINGLE-VALUE )</AttributeType>
      <AttributeType>( VMWare.LicSvc.attribute.405 NAME 'vmwLicSvcAssetName' DESC 'VMware License Service - Asset Name' SYNTAX 1.3.6.1.4.1.1466.115.121.1.15 SINGLE-VALUE )</AttributeType>
      <AttributeType>( VMWare.LicSvc.attribute.404 NAME 'vmwLicSvcAssetOwnerId' DESC 'VMware License Service - Asset Owner Service Id' SYNTAX 1.3.6.1.4.1.1466.115.121.1.15 SINGLE-VALUE )</AttributeType>
      <AttributeType>( VMWare.LicSvc.attribute.407 NAME 'vmwLicSvcAssetProductName' DESC 'VMware License Service - Asset Product Name' SYNTAX 1.3.6.1.4.1.1466.115.121.1.15 SINGLE-VALUE )</AttributeType>
      <AttributeType>( VMWare.LicSvc.attribute.408 NAME 'vmwLicSvcAssetProductVersion' DESC 'VMware License Service - Asset Product Version' SYNTAX 1.3.6.1.4.1.1466.115.121.1.15 SINGLE-VALUE )</AttributeType>
      <AttributeType>( VMWare.LicSvc.attribute.416 NAME 'vmwLicSvcAssetPropertiesList' DESC 'VMware License Service - Asset Properties List' SYNTAX 1.3.6.1.4.1.1466.115.121.1.15 SINGLE-VALUE )</AttributeType>
      <AttributeType>( VMWare.LicSvc.attribute.403 NAME 'vmwLicSvcAssetScopeId' DESC 'VMware License Service - Asset Scope Id' SYNTAX 1.3.6.1.4.1.1466.115.121.1.15 SINGLE-VALUE )</AttributeType>
      <AttributeType>( VMWare.LicSvc.attribute.406 NAME 'vmwLicSvcAssetVersion' DESC 'VMware License Service - Asset Version' SYNTAX 1.3.6.1.4.1.1466.115.121.1.15 SINGLE-VALUE )</AttributeType>
      <AttributeType>( VMWare.LicSvc.attribute.204 NAME 'vmwLicSvcLicenseDescriptionContent' DESC 'VMware License Service - License Description Content' SYNTAX 1.3.6.1.4.1.1466.115.121.1.15 SINGLE-VALUE )</AttributeType>
      <AttributeType>( VMWare.LicSvc.attribute.201 NAME 'vmwLicSvcLicenseDescriptionId' DESC 'VMware License Service - License Description Id' SYNTAX 1.3.6.1.4.1.1466.115.121.1.15 SINGLE-VALUE )</AttributeType>
      <AttributeType>( VMWare.LicSvc.attribute.203 NAME 'vmwLicSvcLicenseDescriptionName' DESC 'VMware License Service - License Description Name' SYNTAX 1.3.6.1.4.1.1466.115.121.1.15 SINGLE-VALUE )</AttributeType>
      <AttributeType>( VMWare.LicSvc.attribute.205 NAME 'vmwLicSvcLicenseDescriptionProperties' DESC 'VMware License Service - License Description Properties' SYNTAX 1.3.6.1.4.1.1466.115.121.1.15 SINGLE-VALUE )</AttributeType>
      <AttributeType>( VMWare.LicSvc.attribute.202 NAME 'vmwLicSvcLicenseDescriptionType' DESC 'VMware License Service - License Description Type' SYNTAX 1.3.6.1.4.1.1466.115.121.1.15 SINGLE-VALUE )</AttributeType>
      <AttributeType>( VMWare.LicSvc.attribute.101 NAME 'vmwLicSvcLicenseId' DESC 'VMware License Service - License Id' SYNTAX 1.3.6.1.4.1.1466.115.121.1.15 SINGLE-VALUE )</AttributeType>
      <AttributeType>( VMWare.LicSvc.attribute.302 NAME 'vmwLicSvcLicenseLabelKey' DESC 'VMware License Service - License Label Key' SYNTAX 1.3.6.1.4.1.1466.115.121.1.15 SINGLE-VALUE )</AttributeType>
      <AttributeType>( VMWare.LicSvc.attribute.301 NAME 'vmwLicSvcLicenseLabelSerialKey' DESC 'VMware License Service - License Label Serial Key' SYNTAX 1.3.6.1.4.1.1466.115.121.1.15 SINGLE-VALUE )</AttributeType>
      <AttributeType>( VMWare.LicSvc.attribute.303 NAME 'vmwLicSvcLicenseLabelValue' DESC 'VMware License Service - License Label Value' SYNTAX 1.3.6.1.4.1.1466.115.121.1.15 SINGLE-VALUE )</AttributeType>
      <AttributeType>( VMWare.LicSvc.attribute.102 NAME 'vmwLicSvcLicenseName' DESC 'VMware License Service - License Name' SYNTAX 1.3.6.1.4.1.1466.115.121.1.15 SINGLE-VALUE )</AttributeType>
      <AttributeType>( VMWare.LicSvc.attribute.104 NAME 'vmwLicSvcLicenseProperties' DESC 'VMware License Service - License Properties' SYNTAX 1.3.6.1.4.1.1466.115.121.1.15 SINGLE-VALUE )</AttributeType>
      <AttributeType>( VMWare.LicSvc.attribute.105 NAME 'vmwLicSvcLicenseSerialKeys' DESC 'VMware License Service - License Serial Keys' SYNTAX 1.3.6.1.4.1.1466.115.121.1.15 SINGLE-VALUE )</AttributeType>
      <AttributeType>( VMWare.LicSvc.attribute.103 NAME 'vmwLicSvcLicenseType' DESC 'VMware License Service - License Type' SYNTAX 1.3.6.1.4.1.1466.115.121.1.15 SINGLE-VALUE )</AttributeType>
      <AttributeType>( VMWare.LicSvc.attribute.1 NAME 'vmwLicSvcObjectClass' DESC 'VMware License Service -ObjectClass' SYNTAX 1.3.6.1.4.1.1466.115.121.1.15 SINGLE-VALUE )</AttributeType>
      <AttributeType>( VMWare.LKUP.attribute.10 NAME 'vmwLKUPConfigKey' DESC 'VMWare Lookup Service - ConfigKey' SYNTAX 1.3.6.1.4.1.1466.115.121.1.15 )</AttributeType>
      <AttributeType>( VMWare.LKUP.attribute.11 NAME 'vmwLKUPConfigValue' DESC 'VMWare Lookup Service - ConfigValue' SYNTAX 1.3.6.1.4.1.1466.115.121.1.15 SINGLE-VALUE )</AttributeType>
      <AttributeType>( VMWare.LKUP.attribute.15 NAME 'vmwLKUPDeploymentNodeId' DESC 'VMWare Lookup Service - Service deployment node identifier' SYNTAX 1.3.6.1.4.1.1466.115.121.1.15 SINGLE-VALUE )</AttributeType>
      <AttributeType>( VMWare.LKUP.attribute.3 NAME 'vmwLKUPDescription' DESC 'VMWare Lookup Service - Description' SYNTAX 1.3.6.1.4.1.1466.115.121.1.15 SINGLE-VALUE )</AttributeType>
      <AttributeType>( VMWare.LKUP.attribute.19 NAME 'vmwLKUPDescriptionDefault' DESC 'VMWare Lookup Service - text of the service description to use in absence of resource' SYNTAX 1.3.6.1.4.1.1466.115.121.1.15 SINGLE-VALUE )</AttributeType>
      <AttributeType>( VMWare.LKUP.attribute.18 NAME 'vmwLKUPDescriptionResourceKey' DESC 'VMWare Lookup Service - resource key of the service description' SYNTAX 1.3.6.1.4.1.1466.115.121.1.15 SINGLE-VALUE )</AttributeType>
      <AttributeType>( VMWare.LKUP.attribute.24 NAME 'vmwLKUPEndpointProtocol' DESC 'VMware Lookup Service - endpoint protocol ("vmomi", "rest", "wsTrust", "http", etc.)' SYNTAX 1.3.6.1.4.1.1466.115.121.1.15 SINGLE-VALUE )</AttributeType>
      <AttributeType>( VMWare.LKUP.attribute.26 NAME 'vmwLKUPEndpointSslTrust' DESC 'VMware Lookup Service - endpoint SSL trust anchor' SYNTAX 1.3.6.1.4.1.1466.115.121.1.15 )</AttributeType>
      <AttributeType>( VMWare.LKUP.attribute.25 NAME 'vmwLKUPEndpointType' DESC 'VMware Lookup Service - endpoint type' SYNTAX 1.3.6.1.4.1.1466.115.121.1.15 SINGLE-VALUE )</AttributeType>
      <AttributeType>( VMWare.LKUP.attribute.4 NAME 'vmwLKUPFriendlyName' DESC 'VMWare Lookup Service - FriendlyName' SYNTAX 1.3.6.1.4.1.1466.115.121.1.15 SINGLE-VALUE )</AttributeType>
      <AttributeType>( VMWare.LKUP.attribute.17 NAME 'vmwLKUPFriendlyNameDefault' DESC 'VMWare Lookup Service - service name text to use in absence of resource' SYNTAX 1.3.6.1.4.1.1466.115.121.1.15 SINGLE-VALUE )</AttributeType>
      <AttributeType>( VMWare.LKUP.attribute.16 NAME 'vmwLKUPFriendlyNameResourceKey' DESC 'VMWare Lookup Service - resource key of the service name' SYNTAX 1.3.6.1.4.1.1466.115.121.1.15 SINGLE-VALUE )</AttributeType>
      <AttributeType>( VMWare.LKUP.attribute.12 NAME 'vmwLKUPLegacyId' DESC 'VMWare Lookup Service - LegacyId' SYNTAX 1.3.6.1.4.1.1466.115.121.1.15 SINGLE-VALUE )</AttributeType>
      <AttributeType>( VMWare.LKUP.attribute.27 NAME 'vmwLKUPLegacyIds' DESC 'VMware Lookup Service - service identifier' SYNTAX 1.3.6.1.4.1.1466.115.121.1.15 )</AttributeType>
      <AttributeType>( VMWare.LKUP.attribute.1 NAME 'vmwLKUPOwnerId' DESC 'VMWare Lookup Service - OwnerId' SYNTAX 1.3.6.1.4.1.1466.115.121.1.15 SINGLE-VALUE )</AttributeType>
      <AttributeType>( VMWare.LKUP.attribute.13 NAME 'vmwLKUPProduct' DESC 'VMWare Lookup Service - Product identifier of the service' SYNTAX 1.3.6.1.4.1.1466.115.121.1.15 SINGLE-VALUE )</AttributeType>
      <AttributeType>( VMWare.LKUP.attribute.6 NAME 'vmwLKUPProductId' DESC 'VMWare Lookup Service - ProductId' SYNTAX 1.3.6.1.4.1.1466.115.121.1.15 SINGLE-VALUE )</AttributeType>
      <AttributeType>( VMWare.LKUP.attribute.23 NAME 'vmwLKUPProductInfoDefault' DESC 'VMWare Lookup Service - text of the product info to use in absence of resource' SYNTAX 1.3.6.1.4.1.1466.115.121.1.15 SINGLE-VALUE )</AttributeType>
      <AttributeType>( VMWare.LKUP.attribute.22 NAME 'vmwLKUPProductInfoResourceKey' DESC 'VMWare Lookup Service - resource key of the service product info' SYNTAX 1.3.6.1.4.1.1466.115.121.1.15 SINGLE-VALUE )</AttributeType>
      <AttributeType>( VMWare.LKUP.attribute.28 NAME 'vmwLKUPPropertyName' DESC 'VMWare Lookup Service - property name' SYNTAX 1.3.6.1.4.1.1466.115.121.1.15 SINGLE-VALUE )</AttributeType>
      <AttributeType>( VMWare.LKUP.attribute.29 NAME 'vmwLKUPPropertyValue' DESC 'VMWare Lookup Service - property value' SYNTAX 1.3.6.1.4.1.1466.115.121.1.15 SINGLE-VALUE )</AttributeType>
      <AttributeType>( VMWare.LKUP.attribute.9 NAME 'vmwLKUPProtocol' DESC 'VMWare Lookup Service - Protocol' SYNTAX 1.3.6.1.4.1.1466.115.121.1.27 SINGLE-VALUE )</AttributeType>
      <AttributeType>( VMWare.LKUP.attribute.5 NAME 'vmwLKUPServiceType' DESC 'VMWare Lookup Service - ServiceType' SYNTAX 1.3.6.1.4.1.1466.115.121.1.15 SINGLE-VALUE )</AttributeType>
      <AttributeType>( VMWare.LKUP.attribute.8 NAME 'vmwLKUPSslTrustAnchor' DESC 'VMWare Lookup Service - SslTrustAnchor' SYNTAX 1.3.6.1.4.1.1466.115.121.1.40 )</AttributeType>
      <AttributeType>( VMWare.LKUP.attribute.14 NAME 'vmwLKUPType' DESC 'VMWare Lookup Service - Type of the service' SYNTAX 1.3.6.1.4.1.1466.115.121.1.15 SINGLE-VALUE )</AttributeType>
      <AttributeType>( VMWare.LKUP.attribute.7 NAME 'vmwLKUPURI' DESC 'VMWare Lookup Service - URI' SYNTAX 1.3.6.1.4.1.1466.115.121.1.15 SINGLE-VALUE )</AttributeType>
      <AttributeType>( VMWare.LKUP.attribute.21 NAME 'vmwLKUPVendorNameDefault' DESC 'VMWare Lookup Service - text of the vendor name to use in absence of resource' SYNTAX 1.3.6.1.4.1.1466.115.121.1.15 SINGLE-VALUE )</AttributeType>
      <AttributeType>( VMWare.LKUP.attribute.20 NAME 'vmwLKUPVendorNameResourceKey' DESC 'VMWare Lookup Service - resource key of the vendor name' SYNTAX 1.3.6.1.4.1.1466.115.121.1.15 SINGLE-VALUE )</AttributeType>
      <AttributeType>( VMWare.LKUP.attribute.2 NAME 'vmwLKUPVersion' DESC 'VMWare Lookup Service - Version' SYNTAX 1.3.6.1.4.1.1466.115.121.1.15 SINGLE-VALUE )</AttributeType>
      <AttributeType>( VMWare.DIR.attribute.0.56 NAME 'vmwMachineGUID' DESC 'A GUID identifying a machine' SYNTAX 1.3.6.1.4.1.1466.115.121.1.44 SINGLE-VALUE )</AttributeType>
      <AttributeType>( VMWare.DIR.attribute.0.48 NAME 'vmwMaxServerId' DESC 'Maximum server id allocated to servers in this forest so far.' SYNTAX 1.3.6.1.4.1.1466.115.121.1.27 SINGLE-VALUE NO-USER-MODIFICATION USAGE directoryOperation )</AttributeType>
      <AttributeType>( VMWare.DIR.attribute.0.18 NAME 'vmwNodeSequenceNumber' DESC 'An integer uniquely identifying the current node sequence number used to generate next RID' SYNTAX 1.3.6.1.4.1.1466.115.121.1.27 SINGLE-VALUE NO-USER-MODIFICATION USAGE directoryOperation )</AttributeType>
      <AttributeType>( VMWare.OIDC.attribute.8 NAME 'vmwOidcCertSubDN' DESC 'Certificate Subject DN' SYNTAX 1.3.6.1.4.1.1466.115.121.1.15 SINGLE-VALUE )</AttributeType>
      <AttributeType>( VMWare.OIDC.attribute.1 NAME 'vmwOidcClientID' DESC 'Client identifier' SYNTAX 1.3.6.1.4.1.1466.115.121.1.15 SINGLE-VALUE )</AttributeType>
      <AttributeType>( VMWare.OIDC.attribute.5 NAME 'vmwOidcIDTokenJWSAlg' DESC 'ID Token JWS algorithm' SYNTAX 1.3.6.1.4.1.1466.115.121.1.15 SINGLE-VALUE )</AttributeType>
      <AttributeType>( VMWare.OIDC.attribute.7 NAME 'vmwOidcLogoutURI' DESC 'Logout URI' SYNTAX 1.3.6.1.4.1.1466.115.121.1.15 SINGLE-VALUE )</AttributeType>
      <AttributeType>( VMWare.OIDC.attribute.6 NAME 'vmwOidcPostLogoutRedirectURI' DESC 'Post logout redirect URI' SYNTAX 1.3.6.1.4.1.1466.115.121.1.15 )</AttributeType>
      <AttributeType>( VMWare.OIDC.attribute.2 NAME 'vmwOidcRedirectURIs' DESC 'Redirection URIs' SYNTAX 1.3.6.1.4.1.1466.115.121.1.15 )</AttributeType>
      <AttributeType>( VMWare.OIDC.attribute.10 NAME 'vmwOidcResourceServerGroupFilter' DESC 'Resource Server Group Filter' SYNTAX 1.3.6.1.4.1.1466.115.121.1.15 )</AttributeType>
      <AttributeType>( VMWare.OIDC.attribute.9 NAME 'vmwOidcResourceServerName' DESC 'Resource Server Name' SYNTAX 1.3.6.1.4.1.1466.115.121.1.15 SINGLE-VALUE )</AttributeType>
      <AttributeType>( VMWare.OIDC.attribute.3 NAME 'vmwOidcTokenEndpointAuthMethod' DESC 'Token endpoint authentication method' SYNTAX 1.3.6.1.4.1.1466.115.121.1.15 SINGLE-VALUE )</AttributeType>
      <AttributeType>( VMWare.OIDC.attribute.4 NAME 'vmwOidcTokenEndpointJWSAlg' DESC 'Token endpoint JWS algorithm for JWT client authentication' SYNTAX 1.3.6.1.4.1.1466.115.121.1.15 SINGLE-VALUE )</AttributeType>
      <AttributeType>( VMWare.DIR.attribute.0.45 NAME 'vmwPasswordChangeAutoUnlockIntervalSec' DESC 'VMWare - password change unlock interval in second' SYNTAX 1.3.6.1.4.1.1466.115.121.1.27 SINGLE-VALUE )</AttributeType>
      <AttributeType>( VMWare.DIR.attribute.0.43 NAME 'vmwPasswordChangeFailedAttemptIntervalSec' DESC 'VMWare - password change failed attempt interval in second' SYNTAX 1.3.6.1.4.1.1466.115.121.1.27 SINGLE-VALUE )</AttributeType>
      <AttributeType>( VMWare.DIR.attribute.0.43 NAME 'vmwPasswordChangeMaxFailedAttempts' DESC 'VMWare - password change max failed attempts' SYNTAX 1.3.6.1.4.1.1466.115.121.1.27 SINGLE-VALUE )</AttributeType>
      <AttributeType>( VMWare.DIR.attribute.0.35 NAME 'vmwPasswordLifetimeDays' DESC 'VMWare - password expiration in days' SYNTAX 1.3.6.1.4.1.1466.115.121.1.27 SINGLE-VALUE )</AttributeType>
      <AttributeType>( VMWare.DIR.attribute.0.42 NAME 'vmwPasswordMaxIdenticalAdjacentChars' DESC 'VMWare - password max identical adjacent char' SYNTAX 1.3.6.1.4.1.1466.115.121.1.27 SINGLE-VALUE )</AttributeType>
      <AttributeType>( VMWare.DIR.attribute.0.36 NAME 'vmwPasswordMaxLength' DESC 'VMWare- password max length' SYNTAX 1.3.6.1.4.1.1466.115.121.1.27 SINGLE-VALUE )</AttributeType>
      <AttributeType>( VMWare.DIR.attribute.0.38 NAME 'vmwPasswordMinAlphabeticCount' DESC 'VMWare i- password min alphabetic count' SYNTAX 1.3.6.1.4.1.1466.115.121.1.27 SINGLE-VALUE )</AttributeType>
      <AttributeType>( VMWare.DIR.attribute.0.37 NAME 'vmwPasswordMinLength' DESC 'VMWare - password min length' SYNTAX 1.3.6.1.4.1.1466.115.121.1.27 SINGLE-VALUE )</AttributeType>
      <AttributeType>( VMWare.DIR.attribute.0.46 NAME 'vmwPasswordMinLowerCaseCount' DESC 'VMWare - password min lower case count' SYNTAX 1.3.6.1.4.1.1466.115.121.1.27 SINGLE-VALUE )</AttributeType>
      <AttributeType>( VMWare.DIR.attribute.0.40 NAME 'vmwPasswordMinNumericCount' DESC 'VMWare - password min numeric count' SYNTAX 1.3.6.1.4.1.1466.115.121.1.27 SINGLE-VALUE )</AttributeType>
      <AttributeType>( VMWare.DIR.attribute.0.41 NAME 'vmwPasswordMinSpecialCharCount' DESC 'VMWare - password min special char @#$%&amp;^* count' SYNTAX 1.3.6.1.4.1.1466.115.121.1.27 SINGLE-VALUE )</AttributeType>
      <AttributeType>( VMWare.DIR.attribute.0.39 NAME 'vmwPasswordMinUpperCaseCount' DESC 'VMWare - password min upper case count' SYNTAX 1.3.6.1.4.1.1466.115.121.1.27 SINGLE-VALUE )</AttributeType>
      <AttributeType>( VMWare.DIR.attribute.0.51 NAME 'vmwPasswordNeverExpires' DESC 'Attribute to indicate if the password ever expires for the object' SYNTAX 1.3.6.1.4.1.1466.115.121.1.7 SINGLE-VALUE )</AttributeType>
      <AttributeType>( VMWare.DIR.attribute.0.34 NAME 'vmwPasswordProhibitedPreviousCount' DESC 'VMWare - prohibited previous passwords count' SYNTAX 1.3.6.1.4.1.1466.115.121.1.27 SINGLE-VALUE )</AttributeType>
      <AttributeType>( VMWare.DIR.attribute.0.55 NAME 'vmwPasswordSpecialChars' DESC 'List of special characters' SYNTAX 1.3.6.1.4.1.1466.115.121.1.15 SINGLE-VALUE )</AttributeType>
      <AttributeType>( VMWare.DIR.attribute.0.57 NAME 'vmwPlatformServicesControllerVersion' DESC 'Platform Services Controller version' SYNTAX 1.3.6.1.4.1.1466.115.121.1.15 SINGLE-VALUE NO-USER-MODIFICATION )</AttributeType>
      <AttributeType>( VMWare.DIR.attribute.0.17 NAME 'vmwRidSequenceNumber' DESC 'An integer uniquely identifying the current rid sequence number used to generate next RID' SYNTAX 1.3.6.1.4.1.1466.115.121.1.27 SINGLE-VALUE NO-USER-MODIFICATION USAGE directoryOperation )</AttributeType>
      <AttributeType>( VMWare.DIR.attribute.0.20 NAME 'vmwSecurityDescriptor' SYNTAX 1.3.6.1.4.1.1466.115.121.1.40 )</AttributeType>
      <AttributeType>( VMWare.DIR.attribute.0.9 NAME 'vmwServerGUID' DESC 'A GUID identifying a vmware directory server and the associated DB' SYNTAX 1.3.6.1.4.1.1466.115.121.1.44 SINGLE-VALUE NO-USER-MODIFICATION USAGE directoryOperation )</AttributeType>
      <AttributeType>( VMWare.DIR.attribute.0.33 NAME 'vmwServerRunTimeStatus' DESC 'Server runtime status' SYNTAX 1.3.6.1.4.1.1466.115.121.1.44 NO-USER-MODIFICATION USAGE directoryOperation )</AttributeType>
      <AttributeType>( VMWare.DIR.attribute.0.32 NAME 'vmwServerVersion' DESC 'Lotus server version' SYNTAX 1.3.6.1.4.1.1466.115.121.1.44 SINGLE-VALUE NO-USER-MODIFICATION USAGE directoryOperation )</AttributeType>
      <AttributeType>( VMWare.DIR.attribute.0.53 NAME 'vmwSRPSecret' DESC 'SRP secret' SYNTAX 1.3.6.1.4.1.1466.115.121.1.40 SINGLE-VALUE NO-USER-MODIFICATION USAGE directoryOperation )</AttributeType>
      <AttributeType>( VMWare.STS.attribute.22 NAME 'vmwSTSAlias' DESC 'VMWare identity Service - Alias' SYNTAX 1.3.6.1.4.1.1466.115.121.1.15 SINGLE-VALUE )</AttributeType>
      <AttributeType>( VMWare.STS.attribute.49 NAME 'vmwSTSAuthenticationType' DESC 'VMWare identity Service - Authentication Type' SYNTAX 1.3.6.1.4.1.1466.115.121.1.15 SINGLE-VALUE )</AttributeType>
      <AttributeType>( VMWare.STS.attribute.50 NAME 'vmwSTSAuthnRequestsSigned' DESC 'VMWare identity Service - Authenticate request signed boolean' SYNTAX 1.3.6.1.4.1.1466.115.121.1.27 SINGLE-VALUE )</AttributeType>
      <AttributeType>( VMWare.STS.attribute.75 NAME 'vmwSTSAuthnTypes' DESC 'VMWare identity Service - Client Authn types allowed' SYNTAX 1.3.6.1.4.1.1466.115.121.1.27 )</AttributeType>
      <AttributeType>( VMWare.STS.attribute.16 NAME 'vmwSTSBinding' DESC 'VMWare identity Service - Binding' SYNTAX 1.3.6.1.4.1.1466.115.121.1.15 SINGLE-VALUE )</AttributeType>
      <AttributeType>( VMWare.STS.attribute.66 NAME 'vmwSTSBrandName' DESC 'VMWare identity Service - Brand Name' SYNTAX 1.3.6.1.4.1.1466.115.121.1.15 SINGLE-VALUE )</AttributeType>
      <AttributeType>( VMWare.STS.attribute.18 NAME 'vmwSTSCertificateType' DESC 'VMWare identity Service - Certificate Type' SYNTAX 1.3.6.1.4.1.1466.115.121.1.15 SINGLE-VALUE )</AttributeType>
      <AttributeType>( VMWare.STS.attribute.83 NAME 'vmwSTSClientCertCRLCacheSize' DESC 'VMWare identity Service - Client Cert CRL Check Cache Size' SYNTAX 1.3.6.1.4.1.1466.115.121.1.27 SINGLE-VALUE )</AttributeType>
      <AttributeType>( VMWare.STS.attribute.82 NAME 'vmwSTSClientCertCRLUrl' DESC 'VMWare identity Service - Client Cert Revocation check CRL address' SYNTAX 1.3.6.1.4.1.1466.115.121.1.15 SINGLE-VALUE )</AttributeType>
      <AttributeType>( VMWare.STS.attribute.84 NAME 'vmwSTSClientCertCustomCertPolicyOid' DESC 'VMWare identity Service - Custom certificate policy OID filters' SYNTAX 1.3.6.1.4.1.1466.115.121.1.15 )</AttributeType>
      <AttributeType>( VMWare.STS.attribute.77 NAME 'vmwSTSClientCertOCSPEnabled' DESC 'VMWare identity Service - Use OCSP whenever possible, Applicable only when vmwSTSClientCertRevocationCheckEnabled is true' SYNTAX 1.3.6.1.4.1.1466.115.121.1.7 SINGLE-VALUE )</AttributeType>
      <AttributeType>( VMWare.STS.attribute.80 NAME 'vmwSTSClientCertOCSPUrl' DESC 'VMWare identity Service - Client Cert OCSP address' SYNTAX 1.3.6.1.4.1.1466.115.121.1.15 SINGLE-VALUE )</AttributeType>
      <AttributeType>( VMWare.STS.attribute.76 NAME 'vmwSTSClientCertRevocationCheckEnabled' DESC 'VMWare identity Service - Client Cert Revocation Check Enabled' SYNTAX 1.3.6.1.4.1.1466.115.121.1.7 SINGLE-VALUE )</AttributeType>
      <AttributeType>( VMWare.STS.attribute.79 NAME 'vmwSTSClientCertSendOCSPNounce' DESC 'VMWare identity Service - Client Cert Send OCSP Nounce' SYNTAX 1.3.6.1.4.1.1466.115.121.1.7 SINGLE-VALUE )</AttributeType>
      <AttributeType>( VMWare.STS.attribute.81 NAME 'vmwSTSClientCertUseCertCRL' DESC 'VMWare identity Service - Check user certificate CRL distribution point' SYNTAX 1.3.6.1.4.1.1466.115.121.1.7 SINGLE-VALUE )</AttributeType>
      <AttributeType>( VMWare.STS.attribute.78 NAME 'vmwSTSClientCertUseCRLAsFailOver' DESC 'VMWare identity Service - Client Cert Use CRL as Fail Over' SYNTAX 1.3.6.1.4.1.1466.115.121.1.7 SINGLE-VALUE )</AttributeType>
      <AttributeType>( VMWare.STS.attribute.26 NAME 'vmwSTSClockTolerance' DESC 'VMWare identity Service - Clock Tolerance' SYNTAX 1.3.6.1.4.1.1466.115.121.1.27 SINGLE-VALUE )</AttributeType>
      <AttributeType>( VMWare.STS.attribute.41 NAME 'vmwSTSConnectionStrings' DESC 'VMWare identity Service - Connection Strings' SYNTAX 1.3.6.1.4.1.1466.115.121.1.15 )</AttributeType>
      <AttributeType>( VMWare.STS.attribute.34 NAME 'vmwSTSDefaultAssertionConsumerService' DESC 'VMWare identity Service - Default Assertion Consumer Service' SYNTAX 1.3.6.1.4.1.1466.115.121.1.15 SINGLE-VALUE )</AttributeType>
      <AttributeType>( VMWare.STS.attribute.35 NAME 'vmwSTSDefaultAttributeConsumerService' DESC 'VMWare identity Service - Default Attribute Consumer Service' SYNTAX 1.3.6.1.4.1.1466.115.121.1.15 SINGLE-VALUE )</AttributeType>
      <AttributeType>( VMWare.STS.attribute.46 NAME 'vmwSTSDefaultIdentityProvider' DESC 'VMWare identity Service - Default Identity Provider' SYNTAX 1.3.6.1.4.1.1466.115.121.1.15 SINGLE-VALUE )</AttributeType>
      <AttributeType>( VMWare.STS.attribute.33 NAME 'vmwSTSDefaultTenant' DESC 'VMWare identity Service - Default Tenant' SYNTAX 1.3.6.1.4.1.1466.115.121.1.15 SINGLE-VALUE )</AttributeType>
      <AttributeType>( VMWare.STS.attribute.28 NAME 'vmwSTSDelegationCount' DESC 'VMWare identity Service - Delegation Count' SYNTAX 1.3.6.1.4.1.1466.115.121.1.27 SINGLE-VALUE )</AttributeType>
      <AttributeType>( VMWare.STS.attribute.11 NAME 'vmwSTSDigestMethods' DESC 'VMWare identity Service - DigestMethods' SYNTAX 1.3.6.1.4.1.1466.115.121.1.15 )</AttributeType>
      <AttributeType>( VMWare.STS.attribute.6 NAME 'vmwSTSDomainName' DESC 'VMWare identity Service - DomainName' SYNTAX 1.3.6.1.4.1.1466.115.121.1.15 SINGLE-VALUE )</AttributeType>
      <AttributeType>( VMWare.STS.attribute.48 NAME 'vmwSTSDomainType' DESC 'VMWare identity Service - Domain Type' SYNTAX 1.3.6.1.4.1.1466.115.121.1.15 SINGLE-VALUE )</AttributeType>
      <AttributeType>( VMWare.STS.attribute.89 NAME 'vmwSTSEnableIdpSelection' DESC 'VMWare identity Service - Enable IDP Selection per tenant' SYNTAX 1.3.6.1.4.1.1466.115.121.1.7 SINGLE-VALUE )</AttributeType>
      <AttributeType>( VMWare.STS.attribute.43 NAME 'vmwSTSEnablePasswordExpirationEmailNotification' DESC 'VMWare identity Service - Enable Password Expiration Email Notification' SYNTAX 1.3.6.1.4.1.1466.115.121.1.27 SINGLE-VALUE )</AttributeType>
      <AttributeType>( VMWare.STS.attribute.32 NAME 'vmwSTSEndpoint' DESC 'VMWare identity Service - Endpoint' SYNTAX 1.3.6.1.4.1.1466.115.121.1.15 SINGLE-VALUE )</AttributeType>
      <AttributeType>( VMWare.STS.attribute.12 NAME 'vmwSTSEntityId' DESC 'VMWare identity Service - EntityId' SYNTAX 1.3.6.1.4.1.1466.115.121.1.15 SINGLE-VALUE )</AttributeType>
      <AttributeType>( VMWare.STS.attribute.72 NAME 'vmwSTSExternalIdpEnableJit' DESC 'VMWare identity Service - Allow Just In Time Provisioning' SYNTAX 1.3.6.1.4.1.1466.115.121.1.7 SINGLE-VALUE )</AttributeType>
      <AttributeType>( VMWare.STS.attribute.73 NAME 'vmwSTSExternalIdpUpnSuffix' DESC 'VMWare identity Service - UPN Suffix for Just In Time Provisioning' SYNTAX 1.3.6.1.4.1.1466.115.121.1.15 SINGLE-VALUE )</AttributeType>
      <AttributeType>( VMWare.STS.attribute.74 NAME 'vmwSTSExternalIdpUserId' DESC 'VMWare identity Service - SubjectName string in external token' SYNTAX 1.3.6.1.4.1.1466.115.121.1.15 SINGLE-VALUE )</AttributeType>
      <AttributeType>( VMWare.STS.attribute.15 NAME 'vmwSTSFingerprint' DESC 'VMWare identity Service - Certificate Fingerprint' SYNTAX 1.3.6.1.4.1.1466.115.121.1.15 SINGLE-VALUE )</AttributeType>
      <AttributeType>( VMWare.STS.attribute.40 NAME 'vmwSTSGroupBaseDN' DESC 'VMWare identity Service - Group Search Base DN' SYNTAX 1.3.6.1.4.1.1466.115.121.1.15 SINGLE-VALUE )</AttributeType>
      <AttributeType>( VMWare.STS.attribute.1 NAME 'vmwSTSGuidIdentity' DESC 'VMWare identity Service - GuidIdentity' SYNTAX 1.3.6.1.4.1.1466.115.121.1.15 SINGLE-VALUE )</AttributeType>
      <AttributeType>( VMWare.STS.attribute.71 NAME 'vmwSTSIdentityStoreFlags' DESC 'VMWare identity Service - Identity Store Behavior Flags' SYNTAX 1.3.6.1.4.1.1466.115.121.1.27 SINGLE-VALUE )</AttributeType>
      <AttributeType>( VMWare.STS.attribute.17 NAME 'vmwSTSIndex' DESC 'VMWare identity Service - Index' SYNTAX 1.3.6.1.4.1.1466.115.121.1.27 SINGLE-VALUE )</AttributeType>
      <AttributeType>( VMWare.STS.attribute.27 NAME 'vmwSTSIssuerName' DESC 'VMWare identity Service - Issuer Name' SYNTAX 1.3.6.1.4.1.1466.115.121.1.15 SINGLE-VALUE )</AttributeType>
      <AttributeType>( VMWare.STS.attribute.70 NAME 'vmwSTSLogonBanner' DESC 'VMWare identity Service - Logon Banner' SYNTAX 1.3.6.1.4.1.1466.115.121.1.15 SINGLE-VALUE )</AttributeType>
      <AttributeType>( VMWare.STS.attribute.88 NAME 'vmwSTSLogonBannerEnableCheckbox' DESC 'VMWare identity Service - Enable checkbox for logon banner' SYNTAX 1.3.6.1.4.1.1466.115.121.1.7 SINGLE-VALUE )</AttributeType>
      <AttributeType>( VMWare.STS.attribute.87 NAME 'vmwSTSLogonBannerTitle' DESC 'VMWare identity Service - Logon Banner Title' SYNTAX 1.3.6.1.4.1.1466.115.121.1.15 SINGLE-VALUE )</AttributeType>
      <AttributeType>( VMWare.STS.attribute.36 NAME 'vmwSTSMapKey' DESC 'VMWare identity Service - Attribute Map Key' SYNTAX 1.3.6.1.4.1.1466.115.121.1.15 SINGLE-VALUE )</AttributeType>
      <AttributeType>( VMWare.STS.attribute.37 NAME 'vmwSTSMapValue' DESC 'VMWare identity Service - Attribute Map Value' SYNTAX 1.3.6.1.4.1.1466.115.121.1.15 SINGLE-VALUE )</AttributeType>
      <AttributeType>( VMWare.STS.attribute.85 NAME 'vmwSTSMaxBearerRefreshTokenLifetime' DESC 'VMWare identity Service - Max Bearer Refresh Token Lifetime' SYNTAX 1.3.6.1.4.1.1466.115.121.1.27 SINGLE-VALUE )</AttributeType>
      <AttributeType>( VMWare.STS.attribute.30 NAME 'vmwSTSMaxBearerTokenLifetime' DESC 'VMWare identity Service - Max Bearer Token Lifetime' SYNTAX 1.3.6.1.4.1.1466.115.121.1.27 SINGLE-VALUE )</AttributeType>
      <AttributeType>( VMWare.STS.attribute.86 NAME 'vmwSTSMaxHolderOfKeyRefreshTokenLifetime' DESC 'VMWare identity Service - Max Holder of Key Refresh Token Lifetime' SYNTAX 1.3.6.1.4.1.1466.115.121.1.27 SINGLE-VALUE )</AttributeType>
      <AttributeType>( VMWare.STS.attribute.31 NAME 'vmwSTSMaxHolderOfKeyTokenLifetime' DESC 'VMWare identity Service - Max Holder of Key Token Lifetime' SYNTAX 1.3.6.1.4.1.1466.115.121.1.27 SINGLE-VALUE )</AttributeType>
      <AttributeType>( VMWare.STS.attribute.19 NAME 'vmwSTSMaximumKeySize' DESC 'VMWare identity Service - MaximumKeySize' SYNTAX 1.3.6.1.4.1.1466.115.121.1.27 SINGLE-VALUE )</AttributeType>
      <AttributeType>( VMWare.STS.attribute.20 NAME 'vmwSTSMinimumKeySize' DESC 'VMWare identity Service - MinimumKeySize' SYNTAX 1.3.6.1.4.1.1466.115.121.1.27 SINGLE-VALUE )</AttributeType>
      <AttributeType>( VMWare.STS.attribute.2 NAME 'vmwSTSName' DESC 'VMWare identity Service - Name' SYNTAX 1.3.6.1.4.1.1466.115.121.1.15 SINGLE-VALUE )</AttributeType>
      <AttributeType>( VMWare.STS.attribute.3 NAME 'vmwSTSNameFormat' DESC 'VMWare identity Service - NameFormat' SYNTAX 1.3.6.1.4.1.1466.115.121.1.15 SINGLE-VALUE )</AttributeType>
      <AttributeType>( VMWare.STS.attribute.13 NAME 'vmwSTSNameIDFormat' DESC 'VMWare identity Service - NameIDFormat' SYNTAX 1.3.6.1.4.1.1466.115.121.1.15 )</AttributeType>
      <AttributeType>( VMWare.STS.attribute.14 NAME 'vmwSTSOneTimeUse' DESC 'VMWare identity Service - OneTimeUse' SYNTAX 1.3.6.1.4.1.1466.115.121.1.27 SINGLE-VALUE )</AttributeType>
      <AttributeType>( VMWare.STS.attribute.7 NAME 'vmwSTSPassword' DESC 'VMWare identity Service - Password' SYNTAX 1.3.6.1.4.1.1466.115.121.1.15 SINGLE-VALUE )</AttributeType>
      <AttributeType>( VMWare.STS.attribute.44 NAME 'vmwSTSPasswordExpirationEmailSubject' DESC 'VMWare identity Service - Password Expiration Email Subject' SYNTAX 1.3.6.1.4.1.1466.115.121.1.15 SINGLE-VALUE )</AttributeType>
      <AttributeType>( VMWare.STS.attribute.45 NAME 'vmwSTSPasswordExpirationFromEmail' DESC 'VMWare identity Service - Password Expiration From Email' SYNTAX 1.3.6.1.4.1.1466.115.121.1.15 SINGLE-VALUE )</AttributeType>
      <AttributeType>( VMWare.STS.attribute.42 NAME 'vmwSTSPasswordExpirationNotificationDays' DESC 'VMWare identity Service - Password Expiration Notification Days' SYNTAX 1.3.6.1.4.1.1466.115.121.1.27 )</AttributeType>
      <AttributeType>( VMWare.STS.attribute.21 NAME 'vmwSTSPriority' DESC 'VMWare identity Service - Priority' SYNTAX 1.3.6.1.4.1.1466.115.121.1.27 SINGLE-VALUE )</AttributeType>
      <AttributeType>( VMWare.STS.attribute.5 NAME 'vmwSTSPrivateKey' DESC 'VMWare identity Service - PrivateKey' SYNTAX 1.3.6.1.4.1.1466.115.121.1.40 SINGLE-VALUE )</AttributeType>
      <AttributeType>( VMWare.STS.attribute.8 NAME 'vmwSTSProviderType' DESC 'VMWare identity Service - ProviderType' SYNTAX 1.3.6.1.4.1.1466.115.121.1.15 SINGLE-VALUE )</AttributeType>
      <AttributeType>( VMWare.STS.attribute.47 NAME 'vmwSTSRelyingPartyURL' DESC 'VMWare identity Service - Relying Party URL' SYNTAX 1.3.6.1.4.1.1466.115.121.1.15 SINGLE-VALUE )</AttributeType>
      <AttributeType>( VMWare.STS.attribute.29 NAME 'vmwSTSRenewCount' DESC 'VMWare identity Service - Renew Count' SYNTAX 1.3.6.1.4.1.1466.115.121.1.27 SINGLE-VALUE )</AttributeType>
      <AttributeType>( VMWare.STS.attribute.90 NAME 'vmwSTSResponseEndpoint' DESC 'VMWare identity Service - Response Endpoint' SYNTAX 1.3.6.1.4.1.1466.115.121.1.15 SINGLE-VALUE )</AttributeType>
      <AttributeType>( VMWare.STS.attribute.92 NAME 'vmwSTSRsaAgentName' DESC 'VMWare identity Service - RSA agent name' SYNTAX 1.3.6.1.4.1.1466.115.121.1.15 SINGLE-VALUE )</AttributeType>
      <AttributeType>( VMWare.STS.attribute.98 NAME 'vmwSTSRsaConnectionTimeOut' DESC 'VMWare identity Service - RSA agent connection time out in seconds' SYNTAX 1.3.6.1.4.1.1466.115.121.1.27 SINGLE-VALUE )</AttributeType>
      <AttributeType>( VMWare.STS.attribute.100 NAME 'vmwSTSRsaEncryptionAlg' DESC 'VMWare identity Service - RSA default encryption key wrapping algorithm' SYNTAX 1.3.6.1.4.1.1466.115.121.1.15 )</AttributeType>
      <AttributeType>( VMWare.STS.attribute.96 NAME 'vmwSTSRsaLogFileSize' DESC 'VMWare identity Service - RSA agent log file size in number of MB' SYNTAX 1.3.6.1.4.1.1466.115.121.1.27 SINGLE-VALUE )</AttributeType>
      <AttributeType>( VMWare.STS.attribute.101 NAME 'vmwSTSRsaLoginGuidence' DESC 'VMWare identity Service - RSA securID login guidence string' SYNTAX 1.3.6.1.4.1.1466.115.121.1.15 SINGLE-VALUE )</AttributeType>
      <AttributeType>( VMWare.STS.attribute.95 NAME 'vmwSTSRsaLogLevel' DESC 'VMWare identity Service - RSA agent log level' SYNTAX 1.3.6.1.4.1.1466.115.121.1.15 SINGLE-VALUE )</AttributeType>
      <AttributeType>( VMWare.STS.attribute.97 NAME 'vmwSTSRsaMaxLogFileCount' DESC 'VMWare identity Service - RSA agent maximum number of log files to keep' SYNTAX 1.3.6.1.4.1.1466.115.121.1.27 SINGLE-VALUE )</AttributeType>
      <AttributeType>( VMWare.STS.attribute.99 NAME 'vmwSTSRsaReadTimeOut' DESC 'VMWare identity Service - RSA agent read time out in seconds' SYNTAX 1.3.6.1.4.1.1466.115.121.1.27 SINGLE-VALUE )</AttributeType>
      <AttributeType>( VMWare.STS.attribute.93 NAME 'vmwSTSRsaSDConfigRec' DESC 'VMWare identity Service - RSA agent sdconfig.rec file' SYNTAX 1.3.6.1.4.1.1466.115.121.1.40 SINGLE-VALUE )</AttributeType>
      <AttributeType>( VMWare.STS.attribute.94 NAME 'vmwSTSRsaSDOptsRec' DESC 'VMWare identity Service - RSA agent sdopts.rec file' SYNTAX 1.3.6.1.4.1.1466.115.121.1.40 SINGLE-VALUE )</AttributeType>
      <AttributeType>( VMWare.STS.attribute.91 NAME 'vmwSTSRsaSiteID' DESC 'VMWare identity Service - Cluster site ID where the agent is associated' SYNTAX 1.3.6.1.4.1.1466.115.121.1.15 SINGLE-VALUE )</AttributeType>
      <AttributeType>( VMWare.STS.attribute.9 NAME 'vmwSTSServicePrincipalName' DESC 'VMWare identity Service - ServicePrincipalName' SYNTAX 1.3.6.1.4.1.1466.115.121.1.15 SINGLE-VALUE )</AttributeType>
      <AttributeType>( VMWare.STS.attribute.69 NAME 'vmwSTSServiceUseMachineAccount' DESC 'VMWare identity Service - Machine Account Usage Indicator' SYNTAX 1.3.6.1.4.1.1466.115.121.1.7 SINGLE-VALUE )</AttributeType>
      <AttributeType>( VMWare.STS.attribute.64 NAME 'vmwSTSSignatureAlgorithmIdentifier' DESC 'VMWare identity Service - Signature Algorithm Identifier' SYNTAX 1.3.6.1.4.1.1466.115.121.1.15 SINGLE-VALUE )</AttributeType>
      <AttributeType>( VMWare.STS.attribute.23 NAME 'vmwSTSSubjectDN' DESC 'VMWare identity Service - SubjectDN' SYNTAX 1.3.6.1.4.1.1466.115.121.1.15 SINGLE-VALUE )</AttributeType>
      <AttributeType>( VMWare.STS.attribute.65 NAME 'vmwSTSSystemTenant' DESC 'VMWare identity Service - System Tenant' SYNTAX 1.3.6.1.4.1.1466.115.121.1.15 SINGLE-VALUE )</AttributeType>
      <AttributeType>( VMWare.STS.attribute.68 NAME 'vmwSTSTenantKey' DESC 'VMWare identity Service - Tenant key' SYNTAX 1.3.6.1.4.1.1466.115.121.1.40 SINGLE-VALUE )</AttributeType>
      <AttributeType>( VMWare.STS.attribute.38 NAME 'vmwSTSTimeout' DESC 'VMWare identity Service - Timeout' SYNTAX 1.3.6.1.4.1.1466.115.121.1.27 SINGLE-VALUE )</AttributeType>
      <AttributeType>( VMWare.STS.attribute.67 NAME 'vmwSTSUpnSuffixes' DESC 'VMWare identity Service - allowed Userprincipalname suffixes' SYNTAX 1.3.6.1.4.1.1466.115.121.1.15 )</AttributeType>
      <AttributeType>( VMWare.STS.attribute.39 NAME 'vmwSTSUserBaseDN' DESC 'VMWare identity Service - User Search Base DN' SYNTAX 1.3.6.1.4.1.1466.115.121.1.15 SINGLE-VALUE )</AttributeType>
      <AttributeType>( VMWare.STS.attribute.10 NAME 'vmwSTSUserName' DESC 'VMWare identity Service - UserName' SYNTAX 1.3.6.1.4.1.1466.115.121.1.15 SINGLE-VALUE )</AttributeType>
      <AttributeType>( VMWare.tagging.attribute.3 NAME 'vmwTaggingAuthzUri' DESC 'VMware Tagging - indicates the scope URI that is used to create Authz permission on this scope' SYNTAX 1.3.6.1.4.1.1466.115.121.1.15 SINGLE-VALUE )</AttributeType>
      <AttributeType>( VMWare.tagging.attribute.7 NAME 'vmwTaggingCategoryAssociableType' DESC 'VMware Tagging - tag-category associable type, tells you the valid object-types that can be attached' SYNTAX 1.3.6.1.4.1.1466.115.121.1.15 )</AttributeType>
      <AttributeType>( VMWare.tagging.attribute.5 NAME 'vmwTaggingCategoryCardinality' DESC 'VMware Tagging - tag-category Cardinality. It can either be SINGLE or MULTIPLE' SYNTAX 1.3.6.1.4.1.1466.115.121.1.15 SINGLE-VALUE )</AttributeType>
      <AttributeType>( VMWare.tagging.attribute.6 NAME 'vmwTaggingCategoryDescription' DESC 'VMware Tagging - tag-category description' SYNTAX 1.3.6.1.4.1.1466.115.121.1.15 SINGLE-VALUE )</AttributeType>
      <AttributeType>( VMWare.tagging.attribute.4 NAME 'vmwTaggingCategoryName' DESC 'VMware Tagging - tag-category name' SYNTAX 1.3.6.1.4.1.1466.115.121.1.15 SINGLE-VALUE )</AttributeType>
      <AttributeType>( VMWare.tagging.attribute.8 NAME 'vmwTaggingCategoryUsedBy' DESC 'VMware Tagging - tag-category used-by field indicates the users of this field' SYNTAX 1.3.6.1.4.1.1466.115.121.1.15 )</AttributeType>
      <AttributeType>( VMWare.tagging.attribute.13 NAME 'vmwTaggingCategoryVersion' DESC 'VMware Tagging - indicates the scope version' SYNTAX 1.3.6.1.4.1.1466.115.121.1.36 SINGLE-VALUE )</AttributeType>
      <AttributeType>( VMWare.tagging.attribute.1 NAME 'vmwTaggingIsSystemScope' DESC 'VMware Tagging - indicates whether the tagging scope is a system scope' SYNTAX 1.3.6.1.4.1.1466.115.121.1.15 SINGLE-VALUE )</AttributeType>
      <AttributeType>( VMWare.tagging.attribute.15 NAME 'vmwTaggingObjectState' DESC 'VMware Tagging - tag object state' SYNTAX 1.3.6.1.4.1.1466.115.121.1.15 SINGLE-VALUE )</AttributeType>
      <AttributeType>( VMWare.tagging.attribute.12 NAME 'vmwTaggingScopeVersion' DESC 'VMware Tagging - indicates the scope version' SYNTAX 1.3.6.1.4.1.1466.115.121.1.36 SINGLE-VALUE )</AttributeType>
      <AttributeType>( VMWare.tagging.attribute.2 NAME 'vmwTaggingSystemScopeFlag' DESC 'VMware Tagging - indicates the system scope bucket that the concerned tagging scope falls in' SYNTAX 1.3.6.1.4.1.1466.115.121.1.15 SINGLE-VALUE )</AttributeType>
      <AttributeType>( VMWare.tagging.attribute.10 NAME 'vmwTaggingTagDescription' DESC 'VMware Tagging - tag description' SYNTAX 1.3.6.1.4.1.1466.115.121.1.15 SINGLE-VALUE )</AttributeType>
      <AttributeType>( VMWare.tagging.attribute.9 NAME 'vmwTaggingTagName' DESC 'VMware Tagging - tag name' SYNTAX 1.3.6.1.4.1.1466.115.121.1.15 SINGLE-VALUE )</AttributeType>
      <AttributeType>( VMWare.tagging.attribute.11 NAME 'vmwTaggingTagUsedBy' DESC 'VMware Tagging - tag used-by field that indicates the users of this tag' SYNTAX 1.3.6.1.4.1.1466.115.121.1.15 )</AttributeType>
      <AttributeType>( VMWare.tagging.attribute.14 NAME 'vmwTaggingTagVersion' DESC 'VMware Tagging - indicates the tag version' SYNTAX 1.3.6.1.4.1.1466.115.121.1.36 SINGLE-VALUE )</AttributeType>
      <AttributeType>( VMWare.DIR.attribute.0.24 NAME 'vmwUSNSequenceNumber' DESC 'USN sequence number generator key prefix, not used in any objectclass' SYNTAX 1.3.6.1.4.1.1466.115.121.1.27 SINGLE-VALUE NO-USER-MODIFICATION USAGE directoryOperation )</AttributeType>
      <AttributeType>( 1.2.840.113556.1.4.336 NAME 'volTableGUID' SYNTAX 1.3.6.1.4.1.1466.115.121.1.40 SINGLE-VALUE )</AttributeType>
      <AttributeType>( 1.2.840.113556.1.4.334 NAME 'volTableIdxGUID' SYNTAX 1.3.6.1.4.1.1466.115.121.1.40 SINGLE-VALUE )</AttributeType>
      <AttributeType>( 1.2.840.113556.1.4.507 NAME 'volumeCount' SYNTAX 1.3.6.1.4.1.1466.115.121.1.27 SINGLE-VALUE )</AttributeType>
      <AttributeType>( 1.2.840.113556.1.4.301 NAME 'wbemPath' SYNTAX 1.3.6.1.4.1.1466.115.121.1.15 )</AttributeType>
      <AttributeType>( 1.2.840.113556.1.4.618 NAME 'wellKnownObjects' SYNTAX 1.2.840.113556.1.4.903 NO-USER-MODIFICATION )</AttributeType>
      <AttributeType>( 1.2.840.113556.1.2.3 NAME 'whenChanged' SYNTAX 1.3.6.1.4.1.1466.115.121.1.24 SINGLE-VALUE NO-USER-MODIFICATION )</AttributeType>
      <AttributeType>( 1.2.840.113556.1.2.2 NAME 'whenCreated' SYNTAX 1.3.6.1.4.1.1466.115.121.1.24 SINGLE-VALUE NO-USER-MODIFICATION )</AttributeType>
      <AttributeType>( 1.2.840.113556.1.4.142 NAME 'winsockAddresses' SYNTAX 1.3.6.1.4.1.1466.115.121.1.40 )</AttributeType>
      <AttributeType>( 1.2.840.113556.1.2.464 NAME 'wWWHomePage' SYNTAX 1.3.6.1.4.1.1466.115.121.1.15 SINGLE-VALUE )</AttributeType>
      <AttributeType>( 2.5.4.24 NAME 'x121Address' SYNTAX 1.3.6.1.4.1.1466.115.121.1.36 )</AttributeType>
      <AttributeType>( 2.5.4.45 NAME 'x500uniqueIdentifier' SYNTAX 1.3.6.1.4.1.1466.115.121.1.40 )</AttributeType>
    </AttributeTypes>
    <ObjectClasses>
      <ObjectClass>( 0.9.2342.19200300.100.4.5 NAME 'account' SUP top STRUCTURAL AUX ( bootableDevice $ domainRelatedObject $ dynamicObject $ ieee802Device $ ipHost $ mailRecipient $ posixGroup $ samDomain $ samDomainBase $ securityPrincipal $ shadowAccount $ simpleSecurityObject ) MAY ( description $ host $ l $ o $ ou $ seeAlso $ uid ) )</ObjectClass>
      <ObjectClass>( 1.2.840.113556.1.5.137 NAME 'aCSPolicy' SUP top STRUCTURAL AUX ( bootableDevice $ domainRelatedObject $ dynamicObject $ ieee802Device $ ipHost $ mailRecipient $ posixGroup $ samDomain $ samDomainBase $ securityPrincipal $ shadowAccount $ simpleSecurityObject ) MAY ( aCSAggregateTokenRatePerUser $ aCSDirection $ aCSIdentityName $ aCSMaxAggregatePeakRatePerUser $ aCSMaxDurationPerFlow $ aCSMaximumSDUSize $ aCSMaxPeakBandwidthPerFlow $ aCSMaxTokenBucketPerFlow $ aCSMaxTokenRatePerFlow $ aCSMinimumDelayVariation $ aCSMinimumLatency $ aCSMinimumPolicedSize $ aCSPermissionBits $ aCSPriority $ aCSServiceType $ aCSTimeOfDay $ aCSTotalNoOfFlows ) )</ObjectClass>
      <ObjectClass>( 1.2.840.113556.1.5.191 NAME 'aCSResourceLimits' SUP top STRUCTURAL AUX ( bootableDevice $ domainRelatedObject $ dynamicObject $ ieee802Device $ ipHost $ mailRecipient $ posixGroup $ samDomain $ samDomainBase $ securityPrincipal $ shadowAccount $ simpleSecurityObject ) MAY ( aCSAllocableRSVPBandwidth $ aCSMaxPeakBandwidth $ aCSMaxPeakBandwidthPerFlow $ aCSMaxTokenRatePerFlow $ aCSServiceType ) )</ObjectClass>
      <ObjectClass>( 1.2.840.113556.1.5.138 NAME 'aCSSubnet' SUP top STRUCTURAL AUX ( bootableDevice $ domainRelatedObject $ dynamicObject $ ieee802Device $ ipHost $ mailRecipient $ posixGroup $ samDomain $ samDomainBase $ securityPrincipal $ shadowAccount $ simpleSecurityObject ) MAY ( aCSAllocableRSVPBandwidth $ aCSCacheTimeout $ aCSDSBMDeadTime $ aCSDSBMPriority $ aCSDSBMRefresh $ aCSEnableACSService $ aCSEnableRSVPAccounting $ aCSEnableRSVPMessageLogging $ aCSEventLogLevel $ aCSMaxDurationPerFlow $ aCSMaxNoOfAccountFiles $ aCSMaxNoOfLogFiles $ aCSMaxPeakBandwidth $ aCSMaxPeakBandwidthPerFlow $ aCSMaxSizeOfRSVPAccountFile $ aCSMaxSizeOfRSVPLogFile $ aCSMaxTokenRatePerFlow $ aCSNonReservedMaxSDUSize $ aCSNonReservedMinPolicedSize $ aCSNonReservedPeakRate $ aCSNonReservedTokenSize $ aCSNonReservedTxLimit $ aCSNonReservedTxSize $ aCSRSVPAccountFilesLocation $ aCSRSVPLogFilesLocation $ aCSServerList ) )</ObjectClass>
      <ObjectClass>( 1.2.840.113556.1.5.125 NAME 'addressBookContainer' SUP top STRUCTURAL AUX ( bootableDevice $ domainRelatedObject $ dynamicObject $ ieee802Device $ ipHost $ mailRecipient $ posixGroup $ samDomain $ samDomainBase $ securityPrincipal $ shadowAccount $ simpleSecurityObject ) MUST displayName MAY purportedSearch )</ObjectClass>
      <ObjectClass>( 1.2.840.113556.1.3.58 NAME 'addressTemplate' SUP displayTemplate STRUCTURAL AUX ( bootableDevice $ domainRelatedObject $ dynamicObject $ ieee802Device $ ipHost $ mailRecipient $ posixGroup $ samDomain $ samDomainBase $ securityPrincipal $ shadowAccount $ simpleSecurityObject ) MUST displayName MAY ( addressSyntax $ addressType $ perMsgDialogDisplayTable $ perRecipDialogDisplayTable $ proxyGenerationEnabled ) )</ObjectClass>
      <ObjectClass>( 2.5.6.1 NAME 'alias' DESC 'RFC4512: an alias' SUP top STRUCTURAL MUST aliasedObjectName )</ObjectClass>
      <ObjectClass>( 2.5.6.12 NAME 'applicationEntity' SUP top STRUCTURAL AUX ( bootableDevice $ domainRelatedObject $ dynamicObject $ ieee802Device $ ipHost $ mailRecipient $ posixGroup $ samDomain $ samDomainBase $ securityPrincipal $ shadowAccount $ simpleSecurityObject ) MUST ( cn $ presentationAddress ) MAY ( l $ o $ ou $ seeAlso $ supportedApplicationContext ) )</ObjectClass>
      <ObjectClass>( 2.5.6.11 NAME 'applicationProcess' SUP top STRUCTURAL AUX ( bootableDevice $ domainRelatedObject $ dynamicObject $ ieee802Device $ ipHost $ mailRecipient $ posixGroup $ samDomain $ samDomainBase $ securityPrincipal $ shadowAccount $ simpleSecurityObject ) MUST cn MAY ( l $ ou $ seeAlso ) )</ObjectClass>
      <ObjectClass>( 1.2.840.113556.1.5.7000.49 NAME 'applicationSettings' SUP top ABSTRACT MAY ( applicationName $ msDS-Settings $ notificationList ) )</ObjectClass>
      <ObjectClass>( 1.2.840.113556.1.5.68 NAME 'applicationSiteSettings' SUP top ABSTRACT MAY ( applicationName $ notificationList ) )</ObjectClass>
      <ObjectClass>( 1.2.840.113556.1.5.216 NAME 'applicationVersion' SUP applicationSettings STRUCTURAL AUX ( bootableDevice $ domainRelatedObject $ dynamicObject $ ieee802Device $ ipHost $ mailRecipient $ posixGroup $ samDomain $ samDomainBase $ securityPrincipal $ shadowAccount $ simpleSecurityObject ) MAY ( appSchemaVersion $ keywords $ managedBy $ owner $ vendor $ versionNumber $ versionNumberHi $ versionNumberLo ) )</ObjectClass>
      <ObjectClass>( 1.2.840.113556.1.3.14 NAME 'attributeSchema' SUP top STRUCTURAL AUX ( bootableDevice $ domainRelatedObject $ dynamicObject $ ieee802Device $ ipHost $ mailRecipient $ posixGroup $ samDomain $ samDomainBase $ securityPrincipal $ shadowAccount $ simpleSecurityObject ) MUST ( attributeSyntax $ cn $ isSingleValued $ lDAPDisplayName ) MAY ( attributeID $ attributeSecurityGUID $ classDisplayName $ extendedCharsAllowed $ isDefunct $ isEphemeral $ isMemberOfPartialAttributeSet $ linkID $ mAPIID $ msDS-IntId $ msDs-Schema-Extensions $ oMObjectClass $ oMSyntax $ rangeLower $ rangeUpper $ schemaFlagsEx $ schemaIDGUID $ searchFlags $ systemOnly $ vmwAttributeUsage ) )</ObjectClass>
      <ObjectClass>( 1.3.6.1.1.1.2.12 NAME 'bootableDevice' SUP top AUXILIARY MAY ( bootFile $ bootParameter $ cn ) )</ObjectClass>
      <ObjectClass>( 1.2.840.113556.1.5.4 NAME 'builtinDomain' SUP top STRUCTURAL AUX ( bootableDevice $ domainRelatedObject $ dynamicObject $ ieee802Device $ ipHost $ mailRecipient $ posixGroup $ samDomain $ samDomainBase $ securityPrincipal $ shadowAccount $ simpleSecurityObject ) MAY ( creationTime $ domainReplica $ forceLogoff $ lockoutDuration $ lockOutObservationWindow $ lockoutThreshold $ maxPwdAge $ minPwdAge $ minPwdLength $ modifiedCount $ modifiedCountAtLastProm $ nextRid $ objectSid $ oEMInformation $ pwdHistoryLength $ pwdProperties $ serverRole $ serverState $ uASCompat ) )</ObjectClass>
      <ObjectClass>( 1.2.840.113556.1.5.74 NAME 'categoryRegistration' SUP leaf STRUCTURAL AUX ( bootableDevice $ domainRelatedObject $ dynamicObject $ ieee802Device $ ipHost $ mailRecipient $ posixGroup $ samDomain $ samDomainBase $ securityPrincipal $ shadowAccount $ simpleSecurityObject ) MAY ( categoryId $ localeID $ localizedDescription $ managedBy ) )</ObjectClass>
      <ObjectClass>( 2.5.6.16 NAME 'certificationAuthority' SUP top STRUCTURAL AUX ( bootableDevice $ domainRelatedObject $ dynamicObject $ ieee802Device $ ipHost $ mailRecipient $ posixGroup $ samDomain $ samDomainBase $ securityPrincipal $ shadowAccount $ simpleSecurityObject ) MUST ( authorityRevocationList $ cACertificate $ certificateRevocationList $ cn ) MAY ( cACertificateDN $ cAConnect $ cAUsages $ cAWEBURL $ certificateTemplates $ cRLObject $ crossCertificatePair $ currentParentCA $ deltaRevocationList $ dNSHostName $ domainID $ domainPolicyObject $ enrollmentProviders $ parentCA $ parentCACertificateChain $ pendingCACertificates $ pendingParentCA $ previousCACertificates $ previousParentCA $ searchGuide $ signatureAlgorithms $ supportedApplicationContext $ teletexTerminalIdentifier ) )</ObjectClass>
      <ObjectClass>( 1.2.840.113556.1.5.10 NAME 'classRegistration' SUP leaf STRUCTURAL AUX ( bootableDevice $ domainRelatedObject $ dynamicObject $ ieee802Device $ ipHost $ mailRecipient $ posixGroup $ samDomain $ samDomainBase $ securityPrincipal $ shadowAccount $ simpleSecurityObject ) MAY ( cOMCLSID $ cOMInterfaceID $ cOMOtherProgId $ cOMProgID $ cOMTreatAsClassId $ implementedCategories $ managedBy $ requiredCategories ) )</ObjectClass>
      <ObjectClass>( 1.2.840.113556.1.3.13 NAME 'classSchema' SUP top STRUCTURAL AUX ( bootableDevice $ domainRelatedObject $ dynamicObject $ ieee802Device $ ipHost $ mailRecipient $ posixGroup $ samDomain $ samDomainBase $ securityPrincipal $ shadowAccount $ simpleSecurityObject ) MUST ( cn $ defaultObjectCategory $ governsID $ objectClassCategory $ schemaIDGUID $ subClassOf ) MAY ( auxiliaryClass $ classDisplayName $ defaultHidingValue $ defaultSecurityDescriptor $ isDefunct $ lDAPDisplayName $ mayContain $ msDS-IntId $ msDs-Schema-Extensions $ mustContain $ possSuperiors $ rDNAttID $ schemaFlagsEx $ systemAuxiliaryClass $ systemMayContain $ systemMustContain $ systemOnly $ systemPossSuperiors ) )</ObjectClass>
      <ObjectClass>( 1.2.840.113556.1.5.44 NAME 'classStore' SUP top STRUCTURAL AUX ( bootableDevice $ domainRelatedObject $ dynamicObject $ ieee802Device $ ipHost $ mailRecipient $ posixGroup $ samDomain $ samDomainBase $ securityPrincipal $ shadowAccount $ simpleSecurityObject ) MAY ( appSchemaVersion $ lastUpdateSequence $ nextLevelStore $ versionNumber ) )</ObjectClass>
      <ObjectClass>( 1.2.840.113556.1.5.11 NAME 'comConnectionPoint' SUP connectionPoint STRUCTURAL AUX ( bootableDevice $ domainRelatedObject $ dynamicObject $ ieee802Device $ ipHost $ mailRecipient $ posixGroup $ samDomain $ samDomainBase $ securityPrincipal $ shadowAccount $ simpleSecurityObject ) MUST cn MAY ( marshalledInterface $ moniker $ monikerDisplayName ) )</ObjectClass>
      <ObjectClass>( 1.2.840.113556.1.3.30 NAME 'computer' SUP user STRUCTURAL AUX ( bootableDevice $ domainRelatedObject $ dynamicObject $ ieee802Device $ ipHost $ mailRecipient $ posixGroup $ samDomain $ samDomainBase $ securityPrincipal $ shadowAccount $ simpleSecurityObject ) MUST objectSid MAY ( catalogs $ cn $ defaultLocalPolicyObject $ dNSHostName $ localPolicyFlags $ location $ machineRole $ managedBy $ msDS-AdditionalDnsHostName $ msDS-AdditionalSamAccountName $ msDS-AuthenticatedAtDC $ msDS-ExecuteScriptPassword $ msDS-HostServiceAccount $ msDS-isGC $ msDS-isRODC $ msDS-IsUserCachableAtRodc $ msDS-KrbTgtLink $ msDS-NeverRevealGroup $ msDS-PromotionSettings $ msDS-RevealedList $ msDS-RevealedUsers $ msDS-RevealOnDemandGroup $ msDS-SiteName $ msSFU30Aliases $ msSFU30Name $ msSFU30NisDomain $ msTPM-OwnerInformation $ msTSEndpointData $ msTSEndpointPlugin $ msTSEndpointType $ msTSPrimaryDesktopBL $ msTSProperty01 $ msTSProperty02 $ msTSSecondaryDesktopBL $ netbootGUID $ netbootInitialization $ netbootMachineFilePath $ netbootMirrorDataFile $ netbootSIFFile $ networkAddress $ nisMapName $ operatingSystem $ operatingSystemHotfix $ operatingSystemServicePack $ operatingSystemVersion $ physicalLocationObject $ policyReplicationFlags $ rIDSetReferences $ siteGUID $ vmwMachineGUID $ vmwPlatformServicesControllerVersion $ volumeCount $ accountNameHistory $ altSecurityIdentities $ garbageCollPeriod $ gecos $ gidNumber $ info $ ipHostNumber $ legacyExchangeDN $ loginShell $ msDS-KeyVersionNumber $ msExchAssistantName $ msExchLabeledURI $ rid $ sAMAccountName $ sAMAccountType $ securityIdentifier $ shadowExpire $ shadowFlag $ shadowInactive $ shadowLastChange $ shadowMax $ shadowMin $ shadowWarning $ showInAddressBook $ sIDHistory $ supplementalCredentials $ textEncodedORAddress $ tokenGroups $ tokenGroupsGlobalAndUniversal $ tokenGroupsNoGCAcceptable $ uidNumber $ unixHomeDirectory $ unixUserPassword $ userCert ) )</ObjectClass>
      <ObjectClass>( 1.2.840.113556.1.5.12 NAME 'configuration' SUP top STRUCTURAL AUX ( bootableDevice $ domainRelatedObject $ dynamicObject $ ieee802Device $ ipHost $ mailRecipient $ posixGroup $ samDomain $ samDomainBase $ securityPrincipal $ shadowAccount $ simpleSecurityObject ) MUST cn MAY ( gPLink $ gPOptions $ msDS-USNLastSyncSuccess ) )</ObjectClass>
      <ObjectClass>( 1.2.840.113556.1.5.14 NAME 'connectionPoint' SUP leaf ABSTRACT MUST cn MAY ( keywords $ managedBy $ msDS-Settings ) )</ObjectClass>
      <ObjectClass>( 1.2.840.113556.1.5.15 NAME 'contact' SUP organizationalPerson STRUCTURAL AUX ( bootableDevice $ domainRelatedObject $ dynamicObject $ ieee802Device $ ipHost $ mailRecipient $ posixGroup $ samDomain $ samDomainBase $ securityPrincipal $ shadowAccount $ simpleSecurityObject ) MUST cn MAY ( msDS-SourceObjectDN $ notes $ garbageCollPeriod $ info $ labeledURI $ legacyExchangeDN $ msExchAssistantName $ msExchLabeledURI $ secretary $ showInAddressBook $ textEncodedORAddress $ userCert $ userCertificate $ userSMIMECertificate ) )</ObjectClass>
      <ObjectClass>( 1.2.840.113556.1.3.23 NAME 'container' SUP top STRUCTURAL AUX ( bootableDevice $ domainRelatedObject $ dynamicObject $ ieee802Device $ ipHost $ mailRecipient $ posixGroup $ samDomain $ samDomainBase $ securityPrincipal $ shadowAccount $ simpleSecurityObject ) MUST cn MAY ( defaultClassStore $ msDS-ObjectReference $ schemaVersion ) )</ObjectClass>
      <ObjectClass>( 1.2.840.113556.1.5.77 NAME 'controlAccessRight' SUP top STRUCTURAL AUX ( bootableDevice $ domainRelatedObject $ dynamicObject $ ieee802Device $ ipHost $ mailRecipient $ posixGroup $ samDomain $ samDomainBase $ securityPrincipal $ shadowAccount $ simpleSecurityObject ) MAY ( appliesTo $ localizationDisplayId $ rightsGuid $ validAccesses ) )</ObjectClass>
      <ObjectClass>( 2.5.6.2 NAME 'country' SUP top STRUCTURAL AUX ( bootableDevice $ domainRelatedObject $ dynamicObject $ ieee802Device $ ipHost $ mailRecipient $ posixGroup $ samDomain $ samDomainBase $ securityPrincipal $ shadowAccount $ simpleSecurityObject ) MUST c MAY ( co $ searchGuide ) )</ObjectClass>
      <ObjectClass>( 2.5.6.19 NAME 'cRLDistributionPoint' SUP top STRUCTURAL AUX ( bootableDevice $ domainRelatedObject $ dynamicObject $ ieee802Device $ ipHost $ mailRecipient $ posixGroup $ samDomain $ samDomainBase $ securityPrincipal $ shadowAccount $ simpleSecurityObject ) MUST cn MAY ( authorityRevocationList $ certificateAuthorityObject $ certificateRevocationList $ cRLPartitionedRevocationList $ deltaRevocationList ) )</ObjectClass>
      <ObjectClass>( 1.2.840.113556.1.3.11 NAME 'crossRef' SUP top STRUCTURAL AUX ( bootableDevice $ domainRelatedObject $ dynamicObject $ ieee802Device $ ipHost $ mailRecipient $ posixGroup $ samDomain $ samDomainBase $ securityPrincipal $ shadowAccount $ simpleSecurityObject ) MUST ( cn $ dnsRoot $ nCName ) MAY ( Enabled $ msDS-Behavior-Version $ msDS-DnsRootAlias $ msDS-NC-Replica-Locations $ msDS-NC-RO-Replica-Locations $ msDS-Replication-Notify-First-DSA-Delay $ msDS-Replication-Notify-Subsequent-DSA-Delay $ msDS-SDReferenceDomain $ nETBIOSName $ nTMixedDomain $ rootTrust $ superiorDNSRoot $ trustParent ) )</ObjectClass>
      <ObjectClass>( 1.2.840.113556.1.5.7000.53 NAME 'crossRefContainer' SUP top STRUCTURAL AUX ( bootableDevice $ domainRelatedObject $ dynamicObject $ ieee802Device $ ipHost $ mailRecipient $ posixGroup $ samDomain $ samDomainBase $ securityPrincipal $ shadowAccount $ simpleSecurityObject ) MAY ( msDS-Behavior-Version $ msDS-EnabledFeature $ msDS-ExecuteScriptPassword $ msDS-SPNSuffixes $ msDS-UpdateScript $ uPNSuffixes ) )</ObjectClass>
      <ObjectClass>( 1.3.6.1.4.1.1466.344 NAME 'dcObject' DESC 'RFC2247: domain component object' SUP top AUXILIARY MUST dc MAY krbMKey )</ObjectClass>
      <ObjectClass>( 2.5.6.23 NAME 'deltaCRL' DESC 'RFC2587: PKI user' SUP top AUXILIARY MAY deltaRevocationList )</ObjectClass>
      <ObjectClass>( 2.5.6.14 NAME 'device' SUP top STRUCTURAL AUX ( bootableDevice $ domainRelatedObject $ dynamicObject $ ieee802Device $ ipHost $ mailRecipient $ posixGroup $ samDomain $ samDomainBase $ securityPrincipal $ shadowAccount $ simpleSecurityObject ) MUST cn MAY ( l $ msSFU30Aliases $ msSFU30Name $ msSFU30NisDomain $ nisMapName $ o $ ou $ owner $ seeAlso $ serialNumber $ bootFile $ bootParameter $ ipHostNumber $ macAddress $ manager $ uid ) )</ObjectClass>
      <ObjectClass>( 1.2.840.113556.1.5.42 NAME 'dfsConfiguration' SUP top STRUCTURAL AUX ( bootableDevice $ domainRelatedObject $ dynamicObject $ ieee802Device $ ipHost $ mailRecipient $ posixGroup $ samDomain $ samDomainBase $ securityPrincipal $ shadowAccount $ simpleSecurityObject ) )</ObjectClass>
      <ObjectClass>( 1.2.840.113556.1.5.132 NAME 'dHCPClass' SUP top STRUCTURAL AUX ( bootableDevice $ domainRelatedObject $ dynamicObject $ ieee802Device $ ipHost $ mailRecipient $ posixGroup $ samDomain $ samDomainBase $ securityPrincipal $ shadowAccount $ simpleSecurityObject ) MUST ( dhcpFlags $ dhcpIdentification $ dhcpType $ dhcpUniqueKey ) MAY ( dhcpClasses $ dhcpMask $ dhcpMaxKey $ dhcpObjDescription $ dhcpObjName $ dhcpOptions $ dhcpProperties $ dhcpRanges $ dhcpReservations $ dhcpServers $ dhcpSites $ dhcpState $ dhcpSubnets $ dhcpUpdateTime $ mscopeId $ networkAddress $ optionDescription $ optionsLocation $ superScopeDescription $ superScopes ) )</ObjectClass>
      <ObjectClass>( 1.2.840.113556.1.5.84 NAME 'displaySpecifier' SUP top STRUCTURAL AUX ( bootableDevice $ domainRelatedObject $ dynamicObject $ ieee802Device $ ipHost $ mailRecipient $ posixGroup $ samDomain $ samDomainBase $ securityPrincipal $ shadowAccount $ simpleSecurityObject ) MAY ( adminContextMenu $ adminMultiselectPropertyPages $ adminPropertyPages $ attributeDisplayNames $ classDisplayName $ contextMenu $ createDialog $ createWizardExt $ creationWizard $ extraColumns $ iconPath $ queryFilter $ scopeFlags $ shellContextMenu $ shellPropertyPages $ treatAsLeaf ) )</ObjectClass>
      <ObjectClass>( 1.2.840.113556.1.3.59 NAME 'displayTemplate' SUP top STRUCTURAL AUX ( bootableDevice $ domainRelatedObject $ dynamicObject $ ieee802Device $ ipHost $ mailRecipient $ posixGroup $ samDomain $ samDomainBase $ securityPrincipal $ shadowAccount $ simpleSecurityObject ) MUST cn MAY ( addressEntryDisplayTable $ addressEntryDisplayTableMSDOS $ helpData16 $ helpData32 $ helpFileName $ originalDisplayTable $ originalDisplayTableMSDOS ) )</ObjectClass>
      <ObjectClass>( 1.2.840.113556.1.3.9 NAME 'dMD' SUP top STRUCTURAL AUX ( bootableDevice $ domainRelatedObject $ dynamicObject $ ieee802Device $ ipHost $ mailRecipient $ posixGroup $ samDomain $ samDomainBase $ securityPrincipal $ shadowAccount $ simpleSecurityObject ) MUST cn MAY ( dmdName $ msDS-IntId $ msDs-Schema-Extensions $ msDS-USNLastSyncSuccess $ prefixMap $ schemaInfo $ schemaUpdate ) )</ObjectClass>
      <ObjectClass>( 1.2.840.113556.1.5.86 NAME 'dnsNode' SUP top STRUCTURAL AUX ( bootableDevice $ domainRelatedObject $ dynamicObject $ ieee802Device $ ipHost $ mailRecipient $ posixGroup $ samDomain $ samDomainBase $ securityPrincipal $ shadowAccount $ simpleSecurityObject ) MUST dc MAY ( dNSProperty $ dnsRecord $ dNSTombstoned ) )</ObjectClass>
      <ObjectClass>( 1.2.840.113556.1.5.85 NAME 'dnsZone' SUP top STRUCTURAL AUX ( bootableDevice $ domainRelatedObject $ dynamicObject $ ieee802Device $ ipHost $ mailRecipient $ posixGroup $ samDomain $ samDomainBase $ securityPrincipal $ shadowAccount $ simpleSecurityObject ) MUST dc MAY ( dnsAllowDynamic $ dnsAllowXFR $ dnsNotifySecondaries $ dNSProperty $ dnsSecureSecondaries $ managedBy ) )</ObjectClass>
      <ObjectClass>( 0.9.2342.19200300.100.4.6 NAME 'document' SUP top STRUCTURAL AUX ( bootableDevice $ domainRelatedObject $ dynamicObject $ ieee802Device $ ipHost $ mailRecipient $ posixGroup $ samDomain $ samDomainBase $ securityPrincipal $ shadowAccount $ simpleSecurityObject ) MAY ( cn $ description $ documentAuthor $ documentIdentifier $ documentLocation $ documentPublisher $ documentTitle $ documentVersion $ l $ o $ ou $ seeAlso ) )</ObjectClass>
      <ObjectClass>( 0.9.2342.19200300.100.4.9 NAME 'documentSeries' SUP top STRUCTURAL AUX ( bootableDevice $ domainRelatedObject $ dynamicObject $ ieee802Device $ ipHost $ mailRecipient $ posixGroup $ samDomain $ samDomainBase $ securityPrincipal $ shadowAccount $ simpleSecurityObject ) MUST cn MAY ( description $ l $ o $ ou $ seeAlso $ telephoneNumber ) )</ObjectClass>
      <ObjectClass>( 1.2.840.113556.1.5.66 NAME 'domain' SUP top ABSTRACT MUST dc )</ObjectClass>
      <ObjectClass>( 1.2.840.113556.1.5.67 NAME 'domainDNS' SUP domain STRUCTURAL AUX ( bootableDevice $ dcObject $ domainRelatedObject $ dynamicObject $ ieee802Device $ ipHost $ mailRecipient $ posixGroup $ samDomain $ samDomainBase $ securityPrincipal $ shadowAccount $ simpleSecurityObject $ vmwDNSConfig ) MAY ( managedBy $ msDS-AllowedDNSSuffixes $ msDS-Behavior-Version $ msDS-EnabledFeature $ msDS-USNLastSyncSuccess $ auditingPolicy $ builtinCreationTime $ builtinModifiedCount $ cACertificate $ controlAccessRights $ creationTime $ defaultLocalPolicyObject $ desktopProfile $ domainPolicyObject $ domainReplica $ eFSPolicy $ forceLogoff $ gPLink $ gPOptions $ lockoutDuration $ lockOutObservationWindow $ lockoutThreshold $ lSACreationTime $ lSAModifiedCount $ maxPwdAge $ minPwdAge $ minPwdLength $ modifiedCount $ modifiedCountAtLastProm $ ms-DS-MachineAccountQuota $ msDS-AllUsersTrustQuota $ msDS-LogonTimeSyncInterval $ msDS-PerUserTrustQuota $ msDS-PerUserTrustTombstonesQuota $ nETBIOSName $ nextRid $ nTMixedDomain $ objectSid $ oEMInformation $ pekKeyChangeInterval $ pekList $ privateKey $ pwdHistoryLength $ pwdProperties $ replicaSource $ rIDManagerReference $ serverRole $ serverState $ treeName $ uASCompat ) )</ObjectClass>
      <ObjectClass>( 1.2.840.113556.1.5.18 NAME 'domainPolicy' SUP leaf STRUCTURAL AUX ( bootableDevice $ domainRelatedObject $ dynamicObject $ ieee802Device $ ipHost $ mailRecipient $ posixGroup $ samDomain $ samDomainBase $ securityPrincipal $ shadowAccount $ simpleSecurityObject ) MAY ( authenticationOptions $ defaultLocalPolicyObject $ domainCAs $ domainPolicyReference $ domainWidePolicy $ eFSPolicy $ forceLogoff $ ipsecPolicyReference $ lockoutDuration $ lockOutObservationWindow $ lockoutThreshold $ managedBy $ maxPwdAge $ maxRenewAge $ maxTicketAge $ minPwdAge $ minPwdLength $ minTicketAge $ proxyLifetime $ publicKeyPolicy $ pwdHistoryLength $ pwdProperties $ qualityOfService ) )</ObjectClass>
      <ObjectClass>( 0.9.2342.19200300.100.4.17 NAME 'domainRelatedObject' SUP top AUXILIARY MAY associatedDomain )</ObjectClass>
      <ObjectClass>( 2.5.6.13 NAME 'dSA' SUP applicationEntity STRUCTURAL AUX ( bootableDevice $ domainRelatedObject $ dynamicObject $ ieee802Device $ ipHost $ mailRecipient $ posixGroup $ samDomain $ samDomainBase $ securityPrincipal $ shadowAccount $ simpleSecurityObject ) MAY knowledgeInformation )</ObjectClass>
      <ObjectClass>( 1.2.840.113556.1.5.183 NAME 'dSUISettings' SUP top STRUCTURAL AUX ( bootableDevice $ domainRelatedObject $ dynamicObject $ ieee802Device $ ipHost $ mailRecipient $ posixGroup $ samDomain $ samDomainBase $ securityPrincipal $ shadowAccount $ simpleSecurityObject ) MAY ( dSUIAdminMaximum $ dSUIAdminNotification $ dSUIShellMaximum $ msDS-FilterContainers $ msDS-Non-Security-Group-Extra-Classes $ msDS-Security-Group-Extra-Classes ) )</ObjectClass>
      <ObjectClass>( 1.3.6.1.4.1.1466.101.119.2 NAME 'dynamicObject' SUP top AUXILIARY MAY ( entryTTL $ msDS-Entry-Time-To-Die ) )</ObjectClass>
      <ObjectClass>( 1.3.6.1.4.1.1466.101.120.111 NAME 'extensibleObject' DESC 'RFC4512: extensible object' SUP top AUXILIARY )</ObjectClass>
      <ObjectClass>( 1.2.840.113556.1.5.52 NAME 'fileLinkTracking' SUP top STRUCTURAL AUX ( bootableDevice $ domainRelatedObject $ dynamicObject $ ieee802Device $ ipHost $ mailRecipient $ posixGroup $ samDomain $ samDomainBase $ securityPrincipal $ shadowAccount $ simpleSecurityObject ) )</ObjectClass>
      <ObjectClass>( 1.2.840.113556.1.5.59 NAME 'fileLinkTrackingEntry' SUP top STRUCTURAL AUX ( bootableDevice $ domainRelatedObject $ dynamicObject $ ieee802Device $ ipHost $ mailRecipient $ posixGroup $ samDomain $ samDomainBase $ securityPrincipal $ shadowAccount $ simpleSecurityObject ) )</ObjectClass>
      <ObjectClass>( 1.2.840.113556.1.5.76 NAME 'foreignSecurityPrincipal' SUP top STRUCTURAL AUX ( bootableDevice $ domainRelatedObject $ dynamicObject $ ieee802Device $ ipHost $ mailRecipient $ posixGroup $ samDomain $ samDomainBase $ securityPrincipal $ shadowAccount $ simpleSecurityObject ) MUST externalObjectId )</ObjectClass>
      <ObjectClass>( 0.9.2342.19200300.100.4.18 NAME 'friendlyCountry' SUP country STRUCTURAL AUX ( bootableDevice $ domainRelatedObject $ dynamicObject $ ieee802Device $ ipHost $ mailRecipient $ posixGroup $ samDomain $ samDomainBase $ securityPrincipal $ shadowAccount $ simpleSecurityObject ) MUST co )</ObjectClass>
      <ObjectClass>( 1.2.840.113556.1.5.43 NAME 'fTDfs' SUP top STRUCTURAL AUX ( bootableDevice $ domainRelatedObject $ dynamicObject $ ieee802Device $ ipHost $ mailRecipient $ posixGroup $ samDomain $ samDomainBase $ securityPrincipal $ shadowAccount $ simpleSecurityObject ) MUST ( pKT $ pKTGuid $ remoteServerName ) MAY ( keywords $ managedBy $ uNCName ) )</ObjectClass>
      <ObjectClass>( 1.2.840.113556.1.5.8 NAME 'group' SUP top STRUCTURAL AUX ( bootableDevice $ domainRelatedObject $ dynamicObject $ ieee802Device $ ipHost $ mailRecipient $ posixGroup $ samDomain $ samDomainBase $ securityPrincipal $ shadowAccount $ simpleSecurityObject ) MUST ( groupType $ cn $ objectSid ) MAY ( adminCount $ controlAccessRights $ desktopProfile $ groupAttributes $ groupMembershipSAM $ mail $ managedBy $ member $ msDS-AzApplicationData $ msDS-AzBizRule $ msDS-AzBizRuleLanguage $ msDS-AzGenericData $ msDS-AzLastImportedBizRulePath $ msDS-AzLDAPQuery $ msDS-AzObjectGuid $ msDS-NonMembers $ msSFU30Name $ msSFU30NisDomain $ msSFU30PosixMember $ nonSecurityMember $ nTGroupMembers $ operatorCount $ primaryGroupToken $ accountNameHistory $ altSecurityIdentities $ garbageCollPeriod $ gidNumber $ info $ labeledURI $ legacyExchangeDN $ memberUid $ msDS-KeyVersionNumber $ msDS-PhoneticDisplayName $ msExchAssistantName $ msExchLabeledURI $ rid $ sAMAccountName $ sAMAccountType $ secretary $ securityIdentifier $ showInAddressBook $ sIDHistory $ supplementalCredentials $ telephoneNumber $ textEncodedORAddress $ tokenGroups $ tokenGroupsGlobalAndUniversal $ tokenGroupsNoGCAcceptable $ unixUserPassword $ userCert $ userCertificate $ userPassword $ userSMIMECertificate ) )</ObjectClass>
      <ObjectClass>( 2.5.6.9 NAME 'groupOfNames' SUP top STRUCTURAL AUX ( bootableDevice $ domainRelatedObject $ dynamicObject $ ieee802Device $ ipHost $ mailRecipient $ posixGroup $ samDomain $ samDomainBase $ securityPrincipal $ shadowAccount $ simpleSecurityObject ) MUST cn MAY ( businessCategory $ member $ o $ ou $ owner $ seeAlso ) )</ObjectClass>
      <ObjectClass>( 2.5.6.17 NAME 'groupOfUniqueNames' SUP top STRUCTURAL AUX ( bootableDevice $ domainRelatedObject $ dynamicObject $ ieee802Device $ ipHost $ mailRecipient $ posixGroup $ samDomain $ samDomainBase $ securityPrincipal $ shadowAccount $ simpleSecurityObject ) MUST ( cn $ uniqueMember ) MAY ( businessCategory $ description $ o $ ou $ owner $ seeAlso ) )</ObjectClass>
      <ObjectClass>( 1.2.840.113556.1.5.157 NAME 'groupPolicyContainer' SUP container STRUCTURAL AUX ( bootableDevice $ domainRelatedObject $ dynamicObject $ ieee802Device $ ipHost $ mailRecipient $ posixGroup $ samDomain $ samDomainBase $ securityPrincipal $ shadowAccount $ simpleSecurityObject ) MAY ( flags $ gPCFileSysPath $ gPCFunctionalityVersion $ gPCMachineExtensionNames $ gPCUserExtensionNames $ gPCWQLFilter $ versionNumber ) )</ObjectClass>
      <ObjectClass>( 1.3.6.1.1.1.2.11 NAME 'ieee802Device' SUP top AUXILIARY MAY ( cn $ macAddress ) )</ObjectClass>
      <ObjectClass>( 1.2.840.113556.1.5.130 NAME 'indexServerCatalog' SUP connectionPoint STRUCTURAL AUX ( bootableDevice $ domainRelatedObject $ dynamicObject $ ieee802Device $ ipHost $ mailRecipient $ posixGroup $ samDomain $ samDomainBase $ securityPrincipal $ shadowAccount $ simpleSecurityObject ) MUST creator MAY ( friendlyNames $ indexedScopes $ queryPoint $ uNCName ) )</ObjectClass>
      <ObjectClass>( 2.16.840.1.113730.3.2.2 NAME 'inetOrgPerson' SUP user STRUCTURAL AUX ( bootableDevice $ domainRelatedObject $ dynamicObject $ ieee802Device $ ipHost $ mailRecipient $ posixGroup $ samDomain $ samDomainBase $ securityPrincipal $ shadowAccount $ simpleSecurityObject ) MUST objectSid MAY ( audio $ businessCategory $ carLicense $ departmentNumber $ displayName $ employeeNumber $ employeeType $ givenName $ homePhone $ homePostalAddress $ initials $ jpegPhoto $ labeledURI $ mail $ manager $ mobile $ o $ pager $ photo $ preferredLanguage $ roomNumber $ secretary $ uid $ userCertificate $ userPKCS12 $ userSMIMECertificate $ x500uniqueIdentifier $ accountNameHistory $ altSecurityIdentities $ garbageCollPeriod $ gecos $ gidNumber $ info $ legacyExchangeDN $ loginShell $ msDS-KeyVersionNumber $ msExchAssistantName $ msExchLabeledURI $ rid $ sAMAccountName $ sAMAccountType $ securityIdentifier $ shadowExpire $ shadowFlag $ shadowInactive $ shadowLastChange $ shadowMax $ shadowMin $ shadowWarning $ showInAddressBook $ sIDHistory $ supplementalCredentials $ textEncodedORAddress $ tokenGroups $ tokenGroupsGlobalAndUniversal $ tokenGroupsNoGCAcceptable $ uidNumber $ unixHomeDirectory $ unixUserPassword $ userCert ) )</ObjectClass>
      <ObjectClass>( 1.2.840.113556.1.5.175 NAME 'infrastructureUpdate' SUP top STRUCTURAL AUX ( bootableDevice $ domainRelatedObject $ dynamicObject $ ieee802Device $ ipHost $ mailRecipient $ posixGroup $ samDomain $ samDomainBase $ securityPrincipal $ shadowAccount $ simpleSecurityObject ) MAY dNReferenceUpdate )</ObjectClass>
      <ObjectClass>( 1.2.840.113556.1.5.152 NAME 'intellimirrorGroup' SUP top STRUCTURAL AUX ( bootableDevice $ domainRelatedObject $ dynamicObject $ ieee802Device $ ipHost $ mailRecipient $ posixGroup $ samDomain $ samDomainBase $ securityPrincipal $ shadowAccount $ simpleSecurityObject ) )</ObjectClass>
      <ObjectClass>( 1.2.840.113556.1.5.151 NAME 'intellimirrorSCP' SUP serviceAdministrationPoint STRUCTURAL AUX ( bootableDevice $ domainRelatedObject $ dynamicObject $ ieee802Device $ ipHost $ mailRecipient $ posixGroup $ samDomain $ samDomainBase $ securityPrincipal $ shadowAccount $ simpleSecurityObject ) MAY ( netbootAllowNewClients $ netbootAnswerOnlyValidClients $ netbootAnswerRequests $ netbootCurrentClientCount $ netbootIntelliMirrorOSes $ netbootLimitClients $ netbootLocallyInstalledOSes $ netbootMachineFilePath $ netbootMaxClients $ netbootNewMachineNamingPolicy $ netbootNewMachineOU $ netbootServer $ netbootTools ) )</ObjectClass>
      <ObjectClass>( 1.2.840.113556.1.5.141 NAME 'interSiteTransport' SUP top STRUCTURAL AUX ( bootableDevice $ domainRelatedObject $ dynamicObject $ ieee802Device $ ipHost $ mailRecipient $ posixGroup $ samDomain $ samDomainBase $ securityPrincipal $ shadowAccount $ simpleSecurityObject ) MUST ( transportAddressAttribute $ transportDLLName ) MAY ( options $ replInterval ) )</ObjectClass>
      <ObjectClass>( 1.2.840.113556.1.5.140 NAME 'interSiteTransportContainer' SUP top STRUCTURAL AUX ( bootableDevice $ domainRelatedObject $ dynamicObject $ ieee802Device $ ipHost $ mailRecipient $ posixGroup $ samDomain $ samDomainBase $ securityPrincipal $ shadowAccount $ simpleSecurityObject ) )</ObjectClass>
      <ObjectClass>( 1.3.6.1.1.1.2.6 NAME 'ipHost' SUP top AUXILIARY MAY ( cn $ description $ ipHostNumber $ l $ manager $ uid ) )</ObjectClass>
      <ObjectClass>( 1.3.6.1.1.1.2.7 NAME 'ipNetwork' SUP top STRUCTURAL AUX ( bootableDevice $ domainRelatedObject $ dynamicObject $ ieee802Device $ ipHost $ mailRecipient $ posixGroup $ samDomain $ samDomainBase $ securityPrincipal $ shadowAccount $ simpleSecurityObject ) MUST ( cn $ ipNetworkNumber ) MAY ( description $ ipNetmaskNumber $ l $ manager $ msSFU30Aliases $ msSFU30Name $ msSFU30NisDomain $ nisMapName $ uid ) )</ObjectClass>
      <ObjectClass>( 1.3.6.1.1.1.2.4 NAME 'ipProtocol' SUP top STRUCTURAL AUX ( bootableDevice $ domainRelatedObject $ dynamicObject $ ieee802Device $ ipHost $ mailRecipient $ posixGroup $ samDomain $ samDomainBase $ securityPrincipal $ shadowAccount $ simpleSecurityObject ) MUST ( cn $ ipProtocolNumber ) MAY ( description $ msSFU30Aliases $ msSFU30Name $ msSFU30NisDomain $ nisMapName ) )</ObjectClass>
      <ObjectClass>( 1.2.840.113556.1.5.7000.56 NAME 'ipsecBase' SUP top ABSTRACT MAY ( ipsecData $ ipsecDataType $ ipsecID $ ipsecName $ ipsecOwnersReference ) )</ObjectClass>
      <ObjectClass>( 1.2.840.113556.1.5.118 NAME 'ipsecFilter' SUP ipsecBase STRUCTURAL AUX ( bootableDevice $ domainRelatedObject $ dynamicObject $ ieee802Device $ ipHost $ mailRecipient $ posixGroup $ samDomain $ samDomainBase $ securityPrincipal $ shadowAccount $ simpleSecurityObject ) )</ObjectClass>
      <ObjectClass>( 1.2.840.113556.1.5.120 NAME 'ipsecISAKMPPolicy' SUP ipsecBase STRUCTURAL AUX ( bootableDevice $ domainRelatedObject $ dynamicObject $ ieee802Device $ ipHost $ mailRecipient $ posixGroup $ samDomain $ samDomainBase $ securityPrincipal $ shadowAccount $ simpleSecurityObject ) )</ObjectClass>
      <ObjectClass>( 1.2.840.113556.1.5.119 NAME 'ipsecNegotiationPolicy' SUP ipsecBase STRUCTURAL AUX ( bootableDevice $ domainRelatedObject $ dynamicObject $ ieee802Device $ ipHost $ mailRecipient $ posixGroup $ samDomain $ samDomainBase $ securityPrincipal $ shadowAccount $ simpleSecurityObject ) MAY ( iPSECNegotiationPolicyAction $ iPSECNegotiationPolicyType ) )</ObjectClass>
      <ObjectClass>( 1.2.840.113556.1.5.121 NAME 'ipsecNFA' SUP ipsecBase STRUCTURAL AUX ( bootableDevice $ domainRelatedObject $ dynamicObject $ ieee802Device $ ipHost $ mailRecipient $ posixGroup $ samDomain $ samDomainBase $ securityPrincipal $ shadowAccount $ simpleSecurityObject ) MAY ( ipsecFilterReference $ ipsecNegotiationPolicyReference ) )</ObjectClass>
      <ObjectClass>( 1.2.840.113556.1.5.98 NAME 'ipsecPolicy' SUP ipsecBase STRUCTURAL AUX ( bootableDevice $ domainRelatedObject $ dynamicObject $ ieee802Device $ ipHost $ mailRecipient $ posixGroup $ samDomain $ samDomainBase $ securityPrincipal $ shadowAccount $ simpleSecurityObject ) MAY ( ipsecISAKMPReference $ ipsecNFAReference ) )</ObjectClass>
      <ObjectClass>( 1.3.6.1.1.1.2.3 NAME 'ipService' SUP top STRUCTURAL AUX ( bootableDevice $ domainRelatedObject $ dynamicObject $ ieee802Device $ ipHost $ mailRecipient $ posixGroup $ samDomain $ samDomainBase $ securityPrincipal $ shadowAccount $ simpleSecurityObject ) MUST ( cn $ ipServicePort $ ipServiceProtocol ) MAY ( description $ msSFU30Aliases $ msSFU30Name $ msSFU30NisDomain $ nisMapName ) )</ObjectClass>
      <ObjectClass>( VMWare.Kerberos.objectclass.10 NAME 'krbAdmService' SUP krbService STRUCTURAL )</ObjectClass>
      <ObjectClass>( VMWare.Kerberos.objectclass.1 NAME 'krbContainer' SUP top STRUCTURAL MUST cn )</ObjectClass>
      <ObjectClass>( VMWare.Kerberos.objectclass.4 NAME 'krbKdcService' SUP krbService STRUCTURAL )</ObjectClass>
      <ObjectClass>( VMWare.Kerberos.objectclass.8 NAME 'krbPrincipal' SUP top STRUCTURAL MUST krbPrincipalName MAY krbObjectReferences )</ObjectClass>
      <ObjectClass>( VMWare.Kerberos.objectclass.6 NAME 'krbPrincipalAux' SUP top AUXILIARY MAY ( krbAllowedToDelegateTo $ krbCanonicalName $ krbExtraData $ krbLastAdminUnlock $ krbLastFailedAuth $ krbLastPwdChange $ krbLastSuccessfulAuth $ krbLoginFailedCount $ krbPasswordExpiration $ krbPrincipalAliases $ krbPrincipalExpiration $ krbPrincipalKey $ krbPrincipalName $ krbPrincipalType $ krbPwdHistory $ krbPwdPolicyReference $ krbTicketPolicyReference $ krbUPEnabled ) )</ObjectClass>
      <ObjectClass>( VMWare.Kerberos.objectclass.9 NAME 'krbPrincRefAux' SUP top AUXILIARY MAY krbPrincipalReferences )</ObjectClass>
      <ObjectClass>( VMWare.Kerberos.objectclass.11 NAME 'krbPwdPolicy' SUP top STRUCTURAL MUST cn MAY ( krbMaxPwdLife $ krbMinPwdLife $ krbPwdFailureCountInterval $ krbPwdHistoryLength $ krbPwdLockoutDuration $ krbPwdMaxFailure $ krbPwdMinDiffChars $ krbPwdMinLength ) )</ObjectClass>
      <ObjectClass>( VMWare.Kerberos.objectclass.5 NAME 'krbPwdService' SUP krbService STRUCTURAL )</ObjectClass>
      <ObjectClass>( VMWare.Kerberos.objectclass.2 NAME 'krbRealmContainer' SUP top STRUCTURAL MUST cn MAY ( krbAdmServers $ krbDefaultEncSaltTypes $ krbKdcServers $ krbLdapServers $ krbMKey $ krbPrincContainerRef $ krbPrincNamingAttr $ krbPwdPolicyReference $ krbPwdServers $ krbSearchScope $ krbSubTrees $ krbSupportedEncSaltTypes $ krbTicketPolicyReference $ krbUPEnabled ) )</ObjectClass>
      <ObjectClass>( VMWare.Kerberos.objectclass.3 NAME 'krbService' SUP top ABSTRACT MUST cn MAY ( krbHostServer $ krbRealmReferences ) )</ObjectClass>
      <ObjectClass>( VMWare.Kerberos.objectclass.13 NAME 'krbTicketPolicy' SUP top STRUCTURAL MUST cn )</ObjectClass>
      <ObjectClass>( VMWare.Kerberos.objectclass.12 NAME 'krbTicketPolicyAux' SUP top AUXILIARY MAY ( krbMaxRenewableAge $ krbMaxTicketLife $ krbTicketFlags ) )</ObjectClass>
      <ObjectClass>( 1.3.6.1.4.1.250.3.15 NAME 'labeledURIObject' DESC 'RFC2079: object that contains the URI attribute type' SUP top AUXILIARY MAY labeledURI )</ObjectClass>
      <ObjectClass>( 1.2.840.113556.1.5.20 NAME 'leaf' SUP top ABSTRACT )</ObjectClass>
      <ObjectClass>( 1.2.840.113556.1.5.78 NAME 'licensingSiteSettings' SUP applicationSiteSettings STRUCTURAL AUX ( bootableDevice $ domainRelatedObject $ dynamicObject $ ieee802Device $ ipHost $ mailRecipient $ posixGroup $ samDomain $ samDomainBase $ securityPrincipal $ shadowAccount $ simpleSecurityObject ) MAY siteServer )</ObjectClass>
      <ObjectClass>( 1.2.840.113556.1.5.91 NAME 'linkTrackObjectMoveTable' SUP fileLinkTracking STRUCTURAL AUX ( bootableDevice $ domainRelatedObject $ dynamicObject $ ieee802Device $ ipHost $ mailRecipient $ posixGroup $ samDomain $ samDomainBase $ securityPrincipal $ shadowAccount $ simpleSecurityObject ) )</ObjectClass>
      <ObjectClass>( 1.2.840.113556.1.5.93 NAME 'linkTrackOMTEntry' SUP leaf STRUCTURAL AUX ( bootableDevice $ domainRelatedObject $ dynamicObject $ ieee802Device $ ipHost $ mailRecipient $ posixGroup $ samDomain $ samDomainBase $ securityPrincipal $ shadowAccount $ simpleSecurityObject ) MAY ( birthLocation $ currentLocation $ oMTGuid $ oMTIndxGuid $ timeRefresh ) )</ObjectClass>
      <ObjectClass>( 1.2.840.113556.1.5.92 NAME 'linkTrackVolEntry' SUP leaf STRUCTURAL AUX ( bootableDevice $ domainRelatedObject $ dynamicObject $ ieee802Device $ ipHost $ mailRecipient $ posixGroup $ samDomain $ samDomainBase $ securityPrincipal $ shadowAccount $ simpleSecurityObject ) MAY ( currMachineId $ linkTrackSecret $ objectCount $ seqNotification $ timeRefresh $ timeVolChange $ volTableGUID $ volTableIdxGUID ) )</ObjectClass>
      <ObjectClass>( 1.2.840.113556.1.5.90 NAME 'linkTrackVolumeTable' SUP fileLinkTracking STRUCTURAL AUX ( bootableDevice $ domainRelatedObject $ dynamicObject $ ieee802Device $ ipHost $ mailRecipient $ posixGroup $ samDomain $ samDomainBase $ securityPrincipal $ shadowAccount $ simpleSecurityObject ) )</ObjectClass>
      <ObjectClass>( 2.5.6.3 NAME 'locality' SUP top STRUCTURAL AUX ( bootableDevice $ domainRelatedObject $ dynamicObject $ ieee802Device $ ipHost $ mailRecipient $ posixGroup $ samDomain $ samDomainBase $ securityPrincipal $ shadowAccount $ simpleSecurityObject ) MUST l MAY ( searchGuide $ seeAlso $ st $ street ) )</ObjectClass>
      <ObjectClass>( 1.2.840.113556.1.5.139 NAME 'lostAndFound' SUP top STRUCTURAL AUX ( bootableDevice $ domainRelatedObject $ dynamicObject $ ieee802Device $ ipHost $ mailRecipient $ posixGroup $ samDomain $ samDomainBase $ securityPrincipal $ shadowAccount $ simpleSecurityObject ) MAY moveTreeState )</ObjectClass>
      <ObjectClass>( 1.2.840.113556.1.3.46 NAME 'mailRecipient' SUP top AUXILIARY MUST cn MAY ( garbageCollPeriod $ info $ labeledURI $ legacyExchangeDN $ msDS-PhoneticDisplayName $ msExchAssistantName $ msExchLabeledURI $ secretary $ showInAddressBook $ telephoneNumber $ textEncodedORAddress $ userCert $ userCertificate $ userSMIMECertificate ) )</ObjectClass>
      <ObjectClass>( 1.2.840.113556.1.5.104 NAME 'meeting' SUP top STRUCTURAL AUX ( bootableDevice $ domainRelatedObject $ dynamicObject $ ieee802Device $ ipHost $ mailRecipient $ posixGroup $ samDomain $ samDomainBase $ securityPrincipal $ shadowAccount $ simpleSecurityObject ) MUST meetingName MAY ( meetingAdvertiseScope $ meetingApplication $ meetingBandwidth $ meetingBlob $ meetingContactInfo $ meetingDescription $ meetingEndTime $ meetingID $ meetingIP $ meetingIsEncrypted $ meetingKeyword $ meetingLanguage $ meetingLocation $ meetingMaxParticipants $ meetingOriginator $ meetingOwner $ meetingProtocol $ meetingRating $ meetingRecurrence $ meetingScope $ meetingStartTime $ meetingType $ meetingURL ) )</ObjectClass>
      <ObjectClass>( 1.2.840.113556.1.5.193 NAME 'msCOM-Partition' SUP top STRUCTURAL AUX ( bootableDevice $ domainRelatedObject $ dynamicObject $ ieee802Device $ ipHost $ mailRecipient $ posixGroup $ samDomain $ samDomainBase $ securityPrincipal $ shadowAccount $ simpleSecurityObject ) MAY msCOM-ObjectId )</ObjectClass>
      <ObjectClass>( 1.2.840.113556.1.5.194 NAME 'msCOM-PartitionSet' SUP top STRUCTURAL AUX ( bootableDevice $ domainRelatedObject $ dynamicObject $ ieee802Device $ ipHost $ mailRecipient $ posixGroup $ samDomain $ samDomainBase $ securityPrincipal $ shadowAccount $ simpleSecurityObject ) MAY ( msCOM-DefaultPartitionLink $ msCOM-ObjectId $ msCOM-PartitionLink ) )</ObjectClass>
      <ObjectClass>( 1.2.840.113556.1.5.260 NAME 'msDFS-DeletedLinkv2' SUP top STRUCTURAL AUX ( bootableDevice $ domainRelatedObject $ dynamicObject $ ieee802Device $ ipHost $ mailRecipient $ posixGroup $ samDomain $ samDomainBase $ securityPrincipal $ shadowAccount $ simpleSecurityObject ) MUST ( msDFS-LastModifiedv2 $ msDFS-LinkIdentityGUIDv2 $ msDFS-LinkPathv2 $ msDFS-NamespaceIdentityGUIDv2 ) MAY ( msDFS-Commentv2 $ msDFS-ShortNameLinkPathv2 ) )</ObjectClass>
      <ObjectClass>( 1.2.840.113556.1.5.259 NAME 'msDFS-Linkv2' SUP top STRUCTURAL AUX ( bootableDevice $ domainRelatedObject $ dynamicObject $ ieee802Device $ ipHost $ mailRecipient $ posixGroup $ samDomain $ samDomainBase $ securityPrincipal $ shadowAccount $ simpleSecurityObject ) MUST ( msDFS-GenerationGUIDv2 $ msDFS-LastModifiedv2 $ msDFS-LinkIdentityGUIDv2 $ msDFS-LinkPathv2 $ msDFS-NamespaceIdentityGUIDv2 $ msDFS-Propertiesv2 $ msDFS-TargetListv2 $ msDFS-Ttlv2 ) MAY ( msDFS-Commentv2 $ msDFS-LinkSecurityDescriptorv2 $ msDFS-ShortNameLinkPathv2 ) )</ObjectClass>
      <ObjectClass>( 1.2.840.113556.1.5.257 NAME 'msDFS-NamespaceAnchor' SUP top STRUCTURAL AUX ( bootableDevice $ domainRelatedObject $ dynamicObject $ ieee802Device $ ipHost $ mailRecipient $ posixGroup $ samDomain $ samDomainBase $ securityPrincipal $ shadowAccount $ simpleSecurityObject ) MUST msDFS-SchemaMajorVersion )</ObjectClass>
      <ObjectClass>( 1.2.840.113556.1.5.258 NAME 'msDFS-Namespacev2' SUP top STRUCTURAL AUX ( bootableDevice $ domainRelatedObject $ dynamicObject $ ieee802Device $ ipHost $ mailRecipient $ posixGroup $ samDomain $ samDomainBase $ securityPrincipal $ shadowAccount $ simpleSecurityObject ) MUST ( msDFS-GenerationGUIDv2 $ msDFS-LastModifiedv2 $ msDFS-NamespaceIdentityGUIDv2 $ msDFS-Propertiesv2 $ msDFS-SchemaMajorVersion $ msDFS-SchemaMinorVersion $ msDFS-TargetListv2 $ msDFS-Ttlv2 ) MAY msDFS-Commentv2 )</ObjectClass>
      <ObjectClass>( 1.2.840.113556.1.6.13.4.10 NAME 'msDFSR-Connection' SUP top STRUCTURAL AUX ( bootableDevice $ domainRelatedObject $ dynamicObject $ ieee802Device $ ipHost $ mailRecipient $ posixGroup $ samDomain $ samDomainBase $ securityPrincipal $ shadowAccount $ simpleSecurityObject ) MUST fromServer MAY ( msDFSR-DisablePacketPrivacy $ msDFSR-Enabled $ msDFSR-Extension $ msDFSR-Flags $ msDFSR-Keywords $ msDFSR-Options $ msDFSR-Options2 $ msDFSR-Priority $ msDFSR-RdcEnabled $ msDFSR-RdcMinFileSizeInKb $ msDFSR-Schedule ) )</ObjectClass>
      <ObjectClass>( 1.2.840.113556.1.6.13.4.6 NAME 'msDFSR-Content' SUP top STRUCTURAL AUX ( bootableDevice $ domainRelatedObject $ dynamicObject $ ieee802Device $ ipHost $ mailRecipient $ posixGroup $ samDomain $ samDomainBase $ securityPrincipal $ shadowAccount $ simpleSecurityObject ) MAY ( msDFSR-Extension $ msDFSR-Flags $ msDFSR-Options $ msDFSR-Options2 ) )</ObjectClass>
      <ObjectClass>( 1.2.840.113556.1.6.13.4.7 NAME 'msDFSR-ContentSet' SUP top STRUCTURAL AUX ( bootableDevice $ domainRelatedObject $ dynamicObject $ ieee802Device $ ipHost $ mailRecipient $ posixGroup $ samDomain $ samDomainBase $ securityPrincipal $ shadowAccount $ simpleSecurityObject ) MAY ( description $ msDFSR-ConflictSizeInMb $ msDFSR-DefaultCompressionExclusionFilter $ msDFSR-DeletedSizeInMb $ msDFSR-DfsPath $ msDFSR-DirectoryFilter $ msDFSR-Extension $ msDFSR-FileFilter $ msDFSR-Flags $ msDFSR-OnDemandExclusionDirectoryFilter $ msDFSR-OnDemandExclusionFileFilter $ msDFSR-Options $ msDFSR-Options2 $ msDFSR-Priority $ msDFSR-RootSizeInMb $ msDFSR-StagingSizeInMb ) )</ObjectClass>
      <ObjectClass>( 1.2.840.113556.1.6.13.4.4 NAME 'msDFSR-GlobalSettings' SUP top STRUCTURAL AUX ( bootableDevice $ domainRelatedObject $ dynamicObject $ ieee802Device $ ipHost $ mailRecipient $ posixGroup $ samDomain $ samDomainBase $ securityPrincipal $ shadowAccount $ simpleSecurityObject ) MAY ( msDFSR-Extension $ msDFSR-Flags $ msDFSR-Options $ msDFSR-Options2 ) )</ObjectClass>
      <ObjectClass>( 1.2.840.113556.1.6.13.4.1 NAME 'msDFSR-LocalSettings' SUP top STRUCTURAL AUX ( bootableDevice $ domainRelatedObject $ dynamicObject $ ieee802Device $ ipHost $ mailRecipient $ posixGroup $ samDomain $ samDomainBase $ securityPrincipal $ shadowAccount $ simpleSecurityObject ) MAY ( msDFSR-CommonStagingPath $ msDFSR-CommonStagingSizeInMb $ msDFSR-Extension $ msDFSR-Flags $ msDFSR-Options $ msDFSR-Options2 $ msDFSR-StagingCleanupTriggerInPercent $ msDFSR-Version ) )</ObjectClass>
      <ObjectClass>( 1.2.840.113556.1.6.13.4.9 NAME 'msDFSR-Member' SUP top STRUCTURAL AUX ( bootableDevice $ domainRelatedObject $ dynamicObject $ ieee802Device $ ipHost $ mailRecipient $ posixGroup $ samDomain $ samDomainBase $ securityPrincipal $ shadowAccount $ simpleSecurityObject ) MUST msDFSR-ComputerReference MAY ( msDFSR-Extension $ msDFSR-Flags $ msDFSR-Keywords $ msDFSR-Options $ msDFSR-Options2 $ serverReference ) )</ObjectClass>
      <ObjectClass>( 1.2.840.113556.1.6.13.4.5 NAME 'msDFSR-ReplicationGroup' SUP top STRUCTURAL AUX ( bootableDevice $ domainRelatedObject $ dynamicObject $ ieee802Device $ ipHost $ mailRecipient $ posixGroup $ samDomain $ samDomainBase $ securityPrincipal $ shadowAccount $ simpleSecurityObject ) MUST msDFSR-ReplicationGroupType MAY ( description $ msDFSR-ConflictSizeInMb $ msDFSR-DefaultCompressionExclusionFilter $ msDFSR-DeletedSizeInMb $ msDFSR-DirectoryFilter $ msDFSR-Extension $ msDFSR-FileFilter $ msDFSR-Flags $ msDFSR-OnDemandExclusionDirectoryFilter $ msDFSR-OnDemandExclusionFileFilter $ msDFSR-Options $ msDFSR-Options2 $ msDFSR-RootSizeInMb $ msDFSR-Schedule $ msDFSR-StagingSizeInMb $ msDFSR-TombstoneExpiryInMin $ msDFSR-Version ) )</ObjectClass>
      <ObjectClass>( 1.2.840.113556.1.6.13.4.2 NAME 'msDFSR-Subscriber' SUP top STRUCTURAL AUX ( bootableDevice $ domainRelatedObject $ dynamicObject $ ieee802Device $ ipHost $ mailRecipient $ posixGroup $ samDomain $ samDomainBase $ securityPrincipal $ shadowAccount $ simpleSecurityObject ) MUST ( msDFSR-MemberReference $ msDFSR-ReplicationGroupGuid ) MAY ( msDFSR-Extension $ msDFSR-Flags $ msDFSR-Options $ msDFSR-Options2 ) )</ObjectClass>
      <ObjectClass>( 1.2.840.113556.1.6.13.4.3 NAME 'msDFSR-Subscription' SUP top STRUCTURAL AUX ( bootableDevice $ domainRelatedObject $ dynamicObject $ ieee802Device $ ipHost $ mailRecipient $ posixGroup $ samDomain $ samDomainBase $ securityPrincipal $ shadowAccount $ simpleSecurityObject ) MUST ( msDFSR-ContentSetGuid $ msDFSR-ReplicationGroupGuid ) MAY ( msDFSR-CachePolicy $ msDFSR-ConflictPath $ msDFSR-ConflictSizeInMb $ msDFSR-DeletedPath $ msDFSR-DeletedSizeInMb $ msDFSR-DfsLinkTarget $ msDFSR-Enabled $ msDFSR-Extension $ msDFSR-Flags $ msDFSR-MaxAgeInCacheInMin $ msDFSR-MinDurationCacheInMin $ msDFSR-OnDemandExclusionDirectoryFilter $ msDFSR-OnDemandExclusionFileFilter $ msDFSR-Options $ msDFSR-Options2 $ msDFSR-ReadOnly $ msDFSR-RootFence $ msDFSR-RootPath $ msDFSR-RootSizeInMb $ msDFSR-StagingCleanupTriggerInPercent $ msDFSR-StagingPath $ msDFSR-StagingSizeInMb ) )</ObjectClass>
      <ObjectClass>( 1.2.840.113556.1.6.13.4.8 NAME 'msDFSR-Topology' SUP top STRUCTURAL AUX ( bootableDevice $ domainRelatedObject $ dynamicObject $ ieee802Device $ ipHost $ mailRecipient $ posixGroup $ samDomain $ samDomainBase $ securityPrincipal $ shadowAccount $ simpleSecurityObject ) MAY ( msDFSR-Extension $ msDFSR-Flags $ msDFSR-Options $ msDFSR-Options2 ) )</ObjectClass>
      <ObjectClass>( 1.2.840.113556.1.5.220 NAME 'msDS-App-Configuration' SUP applicationSettings STRUCTURAL AUX ( bootableDevice $ domainRelatedObject $ dynamicObject $ ieee802Device $ ipHost $ mailRecipient $ posixGroup $ samDomain $ samDomainBase $ securityPrincipal $ shadowAccount $ simpleSecurityObject ) MAY ( keywords $ managedBy $ msDS-ByteArray $ msDS-DateTime $ msDS-Integer $ msDS-ObjectReference $ owner ) )</ObjectClass>
      <ObjectClass>( 1.2.840.113556.1.5.241 NAME 'msDS-AppData' SUP applicationSettings STRUCTURAL AUX ( bootableDevice $ domainRelatedObject $ dynamicObject $ ieee802Device $ ipHost $ mailRecipient $ posixGroup $ samDomain $ samDomainBase $ securityPrincipal $ shadowAccount $ simpleSecurityObject ) MAY ( keywords $ managedBy $ msDS-ByteArray $ msDS-DateTime $ msDS-Integer $ msDS-ObjectReference $ owner ) )</ObjectClass>
      <ObjectClass>( 1.2.840.113556.1.5.234 NAME 'msDS-AzAdminManager' SUP top STRUCTURAL AUX ( bootableDevice $ domainRelatedObject $ dynamicObject $ ieee802Device $ ipHost $ mailRecipient $ posixGroup $ samDomain $ samDomainBase $ securityPrincipal $ shadowAccount $ simpleSecurityObject ) MAY ( description $ msDS-AzApplicationData $ msDS-AzDomainTimeout $ msDS-AzGenerateAudits $ msDS-AzGenericData $ msDS-AzMajorVersion $ msDS-AzMinorVersion $ msDS-AzObjectGuid $ msDS-AzScriptEngineCacheMax $ msDS-AzScriptTimeout ) )</ObjectClass>
      <ObjectClass>( 1.2.840.113556.1.5.235 NAME 'msDS-AzApplication' SUP top STRUCTURAL AUX ( bootableDevice $ domainRelatedObject $ dynamicObject $ ieee802Device $ ipHost $ mailRecipient $ posixGroup $ samDomain $ samDomainBase $ securityPrincipal $ shadowAccount $ simpleSecurityObject ) MAY ( description $ msDS-AzApplicationData $ msDS-AzApplicationName $ msDS-AzApplicationVersion $ msDS-AzClassId $ msDS-AzGenerateAudits $ msDS-AzGenericData $ msDS-AzObjectGuid ) )</ObjectClass>
      <ObjectClass>( 1.2.840.113556.1.5.236 NAME 'msDS-AzOperation' SUP top STRUCTURAL AUX ( bootableDevice $ domainRelatedObject $ dynamicObject $ ieee802Device $ ipHost $ mailRecipient $ posixGroup $ samDomain $ samDomainBase $ securityPrincipal $ shadowAccount $ simpleSecurityObject ) MUST msDS-AzOperationID MAY ( description $ msDS-AzApplicationData $ msDS-AzGenericData $ msDS-AzObjectGuid ) )</ObjectClass>
      <ObjectClass>( 1.2.840.113556.1.5.239 NAME 'msDS-AzRole' SUP top STRUCTURAL AUX ( bootableDevice $ domainRelatedObject $ dynamicObject $ ieee802Device $ ipHost $ mailRecipient $ posixGroup $ samDomain $ samDomainBase $ securityPrincipal $ shadowAccount $ simpleSecurityObject ) MAY ( description $ msDS-AzApplicationData $ msDS-AzGenericData $ msDS-AzObjectGuid $ msDS-MembersForAzRole $ msDS-OperationsForAzRole $ msDS-TasksForAzRole ) )</ObjectClass>
      <ObjectClass>( 1.2.840.113556.1.5.237 NAME 'msDS-AzScope' SUP top STRUCTURAL AUX ( bootableDevice $ domainRelatedObject $ dynamicObject $ ieee802Device $ ipHost $ mailRecipient $ posixGroup $ samDomain $ samDomainBase $ securityPrincipal $ shadowAccount $ simpleSecurityObject ) MUST msDS-AzScopeName MAY ( description $ msDS-AzApplicationData $ msDS-AzGenericData $ msDS-AzObjectGuid ) )</ObjectClass>
      <ObjectClass>( 1.2.840.113556.1.5.238 NAME 'msDS-AzTask' SUP top STRUCTURAL AUX ( bootableDevice $ domainRelatedObject $ dynamicObject $ ieee802Device $ ipHost $ mailRecipient $ posixGroup $ samDomain $ samDomainBase $ securityPrincipal $ shadowAccount $ simpleSecurityObject ) MAY ( description $ msDS-AzApplicationData $ msDS-AzBizRule $ msDS-AzBizRuleLanguage $ msDS-AzGenericData $ msDS-AzLastImportedBizRulePath $ msDS-AzObjectGuid $ msDS-AzTaskIsRoleDefinition $ msDS-OperationsForAzTask $ msDS-TasksForAzTask ) )</ObjectClass>
      <ObjectClass>( 1.2.840.113556.1.5.264 NAME 'msDS-ManagedServiceAccount' SUP computer STRUCTURAL AUX ( bootableDevice $ domainRelatedObject $ dynamicObject $ ieee802Device $ ipHost $ mailRecipient $ posixGroup $ samDomain $ samDomainBase $ securityPrincipal $ shadowAccount $ simpleSecurityObject ) MUST ( objectSid $ sAMAccountName ) MAY ( accountNameHistory $ altSecurityIdentities $ garbageCollPeriod $ gecos $ gidNumber $ info $ ipHostNumber $ legacyExchangeDN $ loginShell $ msDS-KeyVersionNumber $ msExchAssistantName $ msExchLabeledURI $ rid $ sAMAccountType $ securityIdentifier $ shadowExpire $ shadowFlag $ shadowInactive $ shadowLastChange $ shadowMax $ shadowMin $ shadowWarning $ showInAddressBook $ sIDHistory $ supplementalCredentials $ textEncodedORAddress $ tokenGroups $ tokenGroupsGlobalAndUniversal $ tokenGroupsNoGCAcceptable $ uidNumber $ unixHomeDirectory $ unixUserPassword $ userCert ) )</ObjectClass>
      <ObjectClass>( 1.2.840.113556.1.5.265 NAME 'msDS-OptionalFeature' SUP top STRUCTURAL AUX ( bootableDevice $ domainRelatedObject $ dynamicObject $ ieee802Device $ ipHost $ mailRecipient $ posixGroup $ samDomain $ samDomainBase $ securityPrincipal $ shadowAccount $ simpleSecurityObject ) MUST ( msDS-OptionalFeatureFlags $ msDS-OptionalFeatureGUID ) MAY ( msDS-RequiredDomainBehaviorVersion $ msDS-RequiredForestBehaviorVersion ) )</ObjectClass>
      <ObjectClass>( 1.2.840.113556.1.5.255 NAME 'msDS-PasswordSettings' SUP top STRUCTURAL AUX ( bootableDevice $ domainRelatedObject $ dynamicObject $ ieee802Device $ ipHost $ mailRecipient $ posixGroup $ samDomain $ samDomainBase $ securityPrincipal $ shadowAccount $ simpleSecurityObject ) MUST ( msDS-LockoutDuration $ msDS-LockoutObservationWindow $ msDS-LockoutThreshold $ msDS-MaximumPasswordAge $ msDS-MinimumPasswordAge $ msDS-MinimumPasswordLength $ msDS-PasswordComplexityEnabled $ msDS-PasswordHistoryLength $ msDS-PasswordReversibleEncryptionEnabled $ msDS-PasswordSettingsPrecedence ) MAY msDS-PSOAppliesTo )</ObjectClass>
      <ObjectClass>( 1.2.840.113556.1.5.256 NAME 'msDS-PasswordSettingsContainer' SUP top STRUCTURAL AUX ( bootableDevice $ domainRelatedObject $ dynamicObject $ ieee802Device $ ipHost $ mailRecipient $ posixGroup $ samDomain $ samDomainBase $ securityPrincipal $ shadowAccount $ simpleSecurityObject ) )</ObjectClass>
      <ObjectClass>( 1.2.840.113556.1.5.242 NAME 'msDS-QuotaContainer' SUP top STRUCTURAL AUX ( bootableDevice $ domainRelatedObject $ dynamicObject $ ieee802Device $ ipHost $ mailRecipient $ posixGroup $ samDomain $ samDomainBase $ securityPrincipal $ shadowAccount $ simpleSecurityObject ) MUST cn MAY ( msDS-DefaultQuota $ msDS-QuotaEffective $ msDS-QuotaUsed $ msDS-TombstoneQuotaFactor $ msDS-TopQuotaUsage ) )</ObjectClass>
      <ObjectClass>( 1.2.840.113556.1.5.243 NAME 'msDS-QuotaControl' SUP top STRUCTURAL AUX ( bootableDevice $ domainRelatedObject $ dynamicObject $ ieee802Device $ ipHost $ mailRecipient $ posixGroup $ samDomain $ samDomainBase $ securityPrincipal $ shadowAccount $ simpleSecurityObject ) MUST ( cn $ msDS-QuotaAmount $ msDS-QuotaTrustee ) )</ObjectClass>
      <ObjectClass>( 1.2.840.113556.1.5.176 NAME 'msExchConfigurationContainer' SUP container STRUCTURAL AUX ( bootableDevice $ domainRelatedObject $ dynamicObject $ ieee802Device $ ipHost $ mailRecipient $ posixGroup $ samDomain $ samDomainBase $ securityPrincipal $ shadowAccount $ simpleSecurityObject ) MAY ( addressBookRoots $ addressBookRoots2 $ globalAddressList $ globalAddressList2 $ templateRoots $ templateRoots2 ) )</ObjectClass>
      <ObjectClass>( 1.2.840.113556.1.5.253 NAME 'msFVE-RecoveryInformation' SUP top STRUCTURAL AUX ( bootableDevice $ domainRelatedObject $ dynamicObject $ ieee802Device $ ipHost $ mailRecipient $ posixGroup $ samDomain $ samDomainBase $ securityPrincipal $ shadowAccount $ simpleSecurityObject ) MUST ( msFVE-RecoveryGuid $ msFVE-RecoveryPassword ) MAY ( msFVE-KeyPackage $ msFVE-VolumeGuid ) )</ObjectClass>
      <ObjectClass>( 1.2.840.113556.1.5.240 NAME 'msieee80211-Policy' SUP top STRUCTURAL AUX ( bootableDevice $ domainRelatedObject $ dynamicObject $ ieee802Device $ ipHost $ mailRecipient $ posixGroup $ samDomain $ samDomainBase $ securityPrincipal $ shadowAccount $ simpleSecurityObject ) MAY ( msieee80211-Data $ msieee80211-DataType $ msieee80211-ID ) )</ObjectClass>
      <ObjectClass>( 1.2.840.113556.1.5.263 NAME 'msImaging-PostScanProcess' SUP top STRUCTURAL AUX ( bootableDevice $ domainRelatedObject $ dynamicObject $ ieee802Device $ ipHost $ mailRecipient $ posixGroup $ samDomain $ samDomainBase $ securityPrincipal $ shadowAccount $ simpleSecurityObject ) MUST ( displayName $ msImaging-PSPIdentifier ) MAY ( msImaging-PSPString $ serverName ) )</ObjectClass>
      <ObjectClass>( 1.2.840.113556.1.5.262 NAME 'msImaging-PSPs' SUP container STRUCTURAL AUX ( bootableDevice $ domainRelatedObject $ dynamicObject $ ieee802Device $ ipHost $ mailRecipient $ posixGroup $ samDomain $ samDomainBase $ securityPrincipal $ shadowAccount $ simpleSecurityObject ) )</ObjectClass>
      <ObjectClass>( 1.2.840.113556.1.5.162 NAME 'mSMQConfiguration' SUP top STRUCTURAL AUX ( bootableDevice $ domainRelatedObject $ dynamicObject $ ieee802Device $ ipHost $ mailRecipient $ posixGroup $ samDomain $ samDomainBase $ securityPrincipal $ shadowAccount $ simpleSecurityObject ) MAY ( mSMQComputerType $ mSMQComputerTypeEx $ mSMQDependentClientServices $ mSMQDsServices $ mSMQEncryptKey $ mSMQForeign $ mSMQInRoutingServers $ mSMQJournalQuota $ mSMQOSType $ mSMQOutRoutingServers $ mSMQOwnerID $ mSMQQuota $ mSMQRoutingServices $ mSMQServiceType $ mSMQSignKey $ mSMQSites ) )</ObjectClass>
      <ObjectClass>( 1.2.840.113556.1.5.218 NAME 'msMQ-Custom-Recipient' SUP top STRUCTURAL AUX ( bootableDevice $ domainRelatedObject $ dynamicObject $ ieee802Device $ ipHost $ mailRecipient $ posixGroup $ samDomain $ samDomainBase $ securityPrincipal $ shadowAccount $ simpleSecurityObject ) MAY msMQ-Recipient-FormatName )</ObjectClass>
      <ObjectClass>( 1.2.840.113556.1.5.163 NAME 'mSMQEnterpriseSettings' SUP top STRUCTURAL AUX ( bootableDevice $ domainRelatedObject $ dynamicObject $ ieee802Device $ ipHost $ mailRecipient $ posixGroup $ samDomain $ samDomainBase $ securityPrincipal $ shadowAccount $ simpleSecurityObject ) MAY ( mSMQCSPName $ mSMQInterval1 $ mSMQInterval2 $ mSMQLongLived $ mSMQNameStyle $ mSMQVersion ) )</ObjectClass>
      <ObjectClass>( 1.2.840.113556.1.5.219 NAME 'msMQ-Group' SUP top STRUCTURAL AUX ( bootableDevice $ domainRelatedObject $ dynamicObject $ ieee802Device $ ipHost $ mailRecipient $ posixGroup $ samDomain $ samDomainBase $ securityPrincipal $ shadowAccount $ simpleSecurityObject ) MUST member )</ObjectClass>
      <ObjectClass>( 1.2.840.113556.1.5.179 NAME 'mSMQMigratedUser' SUP top STRUCTURAL AUX ( bootableDevice $ domainRelatedObject $ dynamicObject $ ieee802Device $ ipHost $ mailRecipient $ posixGroup $ samDomain $ samDomainBase $ securityPrincipal $ shadowAccount $ simpleSecurityObject ) MAY ( mSMQDigests $ mSMQDigestsMig $ mSMQSignCertificates $ mSMQSignCertificatesMig $ mSMQUserSid $ objectSid ) )</ObjectClass>
      <ObjectClass>( 1.2.840.113556.1.5.161 NAME 'mSMQQueue' SUP top STRUCTURAL AUX ( bootableDevice $ domainRelatedObject $ dynamicObject $ ieee802Device $ ipHost $ mailRecipient $ posixGroup $ samDomain $ samDomainBase $ securityPrincipal $ shadowAccount $ simpleSecurityObject ) MAY ( MSMQ-MulticastAddress $ MSMQ-SecuredSource $ mSMQAuthenticate $ mSMQBasePriority $ mSMQJournal $ mSMQLabel $ mSMQLabelEx $ mSMQOwnerID $ mSMQPrivacyLevel $ mSMQQueueJournalQuota $ mSMQQueueNameExt $ mSMQQueueQuota $ mSMQQueueType $ mSMQTransactional ) )</ObjectClass>
      <ObjectClass>( 1.2.840.113556.1.5.165 NAME 'mSMQSettings' SUP top STRUCTURAL AUX ( bootableDevice $ domainRelatedObject $ dynamicObject $ ieee802Device $ ipHost $ mailRecipient $ posixGroup $ samDomain $ samDomainBase $ securityPrincipal $ shadowAccount $ simpleSecurityObject ) MAY ( mSMQDependentClientService $ mSMQDsService $ mSMQMigrated $ mSMQNt4Flags $ mSMQOwnerID $ mSMQQMID $ mSMQRoutingService $ mSMQServices $ mSMQSiteName $ mSMQSiteNameEx ) )</ObjectClass>
      <ObjectClass>( 1.2.840.113556.1.5.164 NAME 'mSMQSiteLink' SUP top STRUCTURAL AUX ( bootableDevice $ domainRelatedObject $ dynamicObject $ ieee802Device $ ipHost $ mailRecipient $ posixGroup $ samDomain $ samDomainBase $ securityPrincipal $ shadowAccount $ simpleSecurityObject ) MUST ( mSMQCost $ mSMQSite1 $ mSMQSite2 ) MAY ( mSMQSiteGates $ mSMQSiteGatesMig ) )</ObjectClass>
      <ObjectClass>( 1.2.840.113556.1.5.251 NAME 'ms-net-ieee-80211-GroupPolicy' SUP top STRUCTURAL AUX ( bootableDevice $ domainRelatedObject $ dynamicObject $ ieee802Device $ ipHost $ mailRecipient $ posixGroup $ samDomain $ samDomainBase $ securityPrincipal $ shadowAccount $ simpleSecurityObject ) MAY ( ms-net-ieee-80211-GP-PolicyData $ ms-net-ieee-80211-GP-PolicyGUID $ ms-net-ieee-80211-GP-PolicyReserved ) )</ObjectClass>
      <ObjectClass>( 1.2.840.113556.1.5.252 NAME 'ms-net-ieee-8023-GroupPolicy' SUP top STRUCTURAL AUX ( bootableDevice $ domainRelatedObject $ dynamicObject $ ieee802Device $ ipHost $ mailRecipient $ posixGroup $ samDomain $ samDomainBase $ securityPrincipal $ shadowAccount $ simpleSecurityObject ) MAY ( ms-net-ieee-8023-GP-PolicyData $ ms-net-ieee-8023-GP-PolicyGUID $ ms-net-ieee-8023-GP-PolicyReserved ) )</ObjectClass>
      <ObjectClass>( 1.2.840.113556.1.5.196 NAME 'msPKI-Enterprise-Oid' SUP top STRUCTURAL AUX ( bootableDevice $ domainRelatedObject $ dynamicObject $ ieee802Device $ ipHost $ mailRecipient $ posixGroup $ samDomain $ samDomainBase $ securityPrincipal $ shadowAccount $ simpleSecurityObject ) MAY ( msDS-OIDToGroupLink $ msPKI-Cert-Template-OID $ msPKI-OID-Attribute $ msPKI-OID-CPS $ msPKI-OID-User-Notice $ msPKI-OIDLocalizedName ) )</ObjectClass>
      <ObjectClass>( 1.2.840.113556.1.5.195 NAME 'msPKI-Key-Recovery-Agent' SUP user STRUCTURAL AUX ( bootableDevice $ domainRelatedObject $ dynamicObject $ ieee802Device $ ipHost $ mailRecipient $ posixGroup $ samDomain $ samDomainBase $ securityPrincipal $ shadowAccount $ simpleSecurityObject ) MUST ( objectSid $ sAMAccountName ) MAY ( accountNameHistory $ altSecurityIdentities $ garbageCollPeriod $ gecos $ gidNumber $ info $ legacyExchangeDN $ loginShell $ msDS-KeyVersionNumber $ msExchAssistantName $ msExchLabeledURI $ rid $ sAMAccountType $ securityIdentifier $ shadowExpire $ shadowFlag $ shadowInactive $ shadowLastChange $ shadowMax $ shadowMin $ shadowWarning $ showInAddressBook $ sIDHistory $ supplementalCredentials $ textEncodedORAddress $ tokenGroups $ tokenGroupsGlobalAndUniversal $ tokenGroupsNoGCAcceptable $ uidNumber $ unixHomeDirectory $ unixUserPassword $ userCert ) )</ObjectClass>
      <ObjectClass>( 1.2.840.113556.1.5.223 NAME 'msPKI-PrivateKeyRecoveryAgent' SUP top STRUCTURAL AUX ( bootableDevice $ domainRelatedObject $ dynamicObject $ ieee802Device $ ipHost $ mailRecipient $ posixGroup $ samDomain $ samDomainBase $ securityPrincipal $ shadowAccount $ simpleSecurityObject ) MUST userCertificate )</ObjectClass>
      <ObjectClass>( 1.2.840.113556.1.6.23.2 NAME 'msPrint-ConnectionPolicy' SUP top STRUCTURAL AUX ( bootableDevice $ domainRelatedObject $ dynamicObject $ ieee802Device $ ipHost $ mailRecipient $ posixGroup $ samDomain $ samDomainBase $ securityPrincipal $ shadowAccount $ simpleSecurityObject ) MUST cn MAY ( printAttributes $ printerName $ serverName $ uNCName ) )</ObjectClass>
      <ObjectClass>( 1.2.840.113556.1.6.18.2.215 NAME 'msSFU30DomainInfo' SUP top STRUCTURAL AUX ( bootableDevice $ domainRelatedObject $ dynamicObject $ ieee802Device $ ipHost $ mailRecipient $ posixGroup $ samDomain $ samDomainBase $ securityPrincipal $ shadowAccount $ simpleSecurityObject ) MAY ( msSFU30CryptMethod $ msSFU30Domains $ msSFU30IsValidContainer $ msSFU30MasterServerName $ msSFU30MaxGidNumber $ msSFU30MaxUidNumber $ msSFU30OrderNumber $ msSFU30SearchContainer $ msSFU30YpServers ) )</ObjectClass>
      <ObjectClass>( 1.2.840.113556.1.6.18.2.211 NAME 'msSFU30MailAliases' SUP top STRUCTURAL AUX ( bootableDevice $ domainRelatedObject $ dynamicObject $ ieee802Device $ ipHost $ mailRecipient $ posixGroup $ samDomain $ samDomainBase $ securityPrincipal $ shadowAccount $ simpleSecurityObject ) MAY ( msSFU30Aliases $ msSFU30Name $ msSFU30NisDomain $ nisMapName ) )</ObjectClass>
      <ObjectClass>( 1.2.840.113556.1.6.18.2.212 NAME 'msSFU30NetId' SUP top STRUCTURAL AUX ( bootableDevice $ domainRelatedObject $ dynamicObject $ ieee802Device $ ipHost $ mailRecipient $ posixGroup $ samDomain $ samDomainBase $ securityPrincipal $ shadowAccount $ simpleSecurityObject ) MAY ( msSFU30KeyValues $ msSFU30Name $ msSFU30NisDomain $ nisMapName ) )</ObjectClass>
      <ObjectClass>( 1.2.840.113556.1.6.18.2.216 NAME 'msSFU30NetworkUser' SUP top STRUCTURAL AUX ( bootableDevice $ domainRelatedObject $ dynamicObject $ ieee802Device $ ipHost $ mailRecipient $ posixGroup $ samDomain $ samDomainBase $ securityPrincipal $ shadowAccount $ simpleSecurityObject ) MAY ( msSFU30KeyValues $ msSFU30Name $ msSFU30NisDomain $ nisMapName ) )</ObjectClass>
      <ObjectClass>( 1.2.840.113556.1.6.18.2.217 NAME 'msSFU30NISMapConfig' SUP top STRUCTURAL AUX ( bootableDevice $ domainRelatedObject $ dynamicObject $ ieee802Device $ ipHost $ mailRecipient $ posixGroup $ samDomain $ samDomainBase $ securityPrincipal $ shadowAccount $ simpleSecurityObject ) MAY ( msSFU30FieldSeparator $ msSFU30IntraFieldSeparator $ msSFU30KeyAttributes $ msSFU30MapFilter $ msSFU30NSMAPFieldPosition $ msSFU30ResultAttributes $ msSFU30SearchAttributes ) )</ObjectClass>
      <ObjectClass>( 1.2.840.113556.1.5.190 NAME 'mS-SQL-OLAPCube' SUP top STRUCTURAL AUX ( bootableDevice $ domainRelatedObject $ dynamicObject $ ieee802Device $ ipHost $ mailRecipient $ posixGroup $ samDomain $ samDomainBase $ securityPrincipal $ shadowAccount $ simpleSecurityObject ) MAY ( mS-SQL-Contact $ mS-SQL-Description $ mS-SQL-InformationURL $ mS-SQL-Keywords $ mS-SQL-LastUpdatedDate $ mS-SQL-Name $ mS-SQL-PublicationURL $ mS-SQL-Size $ mS-SQL-Status ) )</ObjectClass>
      <ObjectClass>( 1.2.840.113556.1.5.189 NAME 'mS-SQL-OLAPDatabase' SUP top STRUCTURAL AUX ( bootableDevice $ domainRelatedObject $ dynamicObject $ ieee802Device $ ipHost $ mailRecipient $ posixGroup $ samDomain $ samDomainBase $ securityPrincipal $ shadowAccount $ simpleSecurityObject ) MAY ( mS-SQL-Applications $ mS-SQL-ConnectionURL $ mS-SQL-Contact $ mS-SQL-Description $ mS-SQL-InformationURL $ mS-SQL-Keywords $ mS-SQL-LastBackupDate $ mS-SQL-LastUpdatedDate $ mS-SQL-Name $ mS-SQL-PublicationURL $ mS-SQL-Size $ mS-SQL-Status $ mS-SQL-Type ) )</ObjectClass>
      <ObjectClass>( 1.2.840.113556.1.5.185 NAME 'mS-SQL-OLAPServer' SUP serviceConnectionPoint STRUCTURAL AUX ( bootableDevice $ domainRelatedObject $ dynamicObject $ ieee802Device $ ipHost $ mailRecipient $ posixGroup $ samDomain $ samDomainBase $ securityPrincipal $ shadowAccount $ simpleSecurityObject ) MAY ( mS-SQL-Build $ mS-SQL-Contact $ mS-SQL-InformationURL $ mS-SQL-Keywords $ mS-SQL-Language $ mS-SQL-Name $ mS-SQL-PublicationURL $ mS-SQL-RegisteredOwner $ mS-SQL-ServiceAccount $ mS-SQL-Status $ mS-SQL-Version ) )</ObjectClass>
      <ObjectClass>( 1.2.840.113556.1.5.188 NAME 'mS-SQL-SQLDatabase' SUP top STRUCTURAL AUX ( bootableDevice $ domainRelatedObject $ dynamicObject $ ieee802Device $ ipHost $ mailRecipient $ posixGroup $ samDomain $ samDomainBase $ securityPrincipal $ shadowAccount $ simpleSecurityObject ) MAY ( mS-SQL-Alias $ mS-SQL-Applications $ mS-SQL-Contact $ mS-SQL-CreationDate $ mS-SQL-Description $ mS-SQL-InformationURL $ mS-SQL-Keywords $ mS-SQL-LastBackupDate $ mS-SQL-LastDiagnosticDate $ mS-SQL-Name $ mS-SQL-Size $ mS-SQL-Status ) )</ObjectClass>
      <ObjectClass>( 1.2.840.113556.1.5.187 NAME 'mS-SQL-SQLPublication' SUP top STRUCTURAL AUX ( bootableDevice $ domainRelatedObject $ dynamicObject $ ieee802Device $ ipHost $ mailRecipient $ posixGroup $ samDomain $ samDomainBase $ securityPrincipal $ shadowAccount $ simpleSecurityObject ) MAY ( mS-SQL-AllowAnonymousSubscription $ mS-SQL-AllowImmediateUpdatingSubscription $ mS-SQL-AllowKnownPullSubscription $ mS-SQL-AllowQueuedUpdatingSubscription $ mS-SQL-AllowSnapshotFilesFTPDownloading $ mS-SQL-Database $ mS-SQL-Description $ mS-SQL-Name $ mS-SQL-Publisher $ mS-SQL-Status $ mS-SQL-ThirdParty $ mS-SQL-Type ) )</ObjectClass>
      <ObjectClass>( 1.2.840.113556.1.5.186 NAME 'mS-SQL-SQLRepository' SUP top STRUCTURAL AUX ( bootableDevice $ domainRelatedObject $ dynamicObject $ ieee802Device $ ipHost $ mailRecipient $ posixGroup $ samDomain $ samDomainBase $ securityPrincipal $ shadowAccount $ simpleSecurityObject ) MAY ( mS-SQL-Build $ mS-SQL-Contact $ mS-SQL-Description $ mS-SQL-InformationDirectory $ mS-SQL-Name $ mS-SQL-Status $ mS-SQL-Version ) )</ObjectClass>
      <ObjectClass>( 1.2.840.113556.1.5.184 NAME 'mS-SQL-SQLServer' SUP serviceConnectionPoint STRUCTURAL AUX ( bootableDevice $ domainRelatedObject $ dynamicObject $ ieee802Device $ ipHost $ mailRecipient $ posixGroup $ samDomain $ samDomainBase $ securityPrincipal $ shadowAccount $ simpleSecurityObject ) MAY ( mS-SQL-AppleTalk $ mS-SQL-Build $ mS-SQL-CharacterSet $ mS-SQL-Clustered $ mS-SQL-Contact $ mS-SQL-GPSHeight $ mS-SQL-GPSLatitude $ mS-SQL-GPSLongitude $ mS-SQL-InformationURL $ mS-SQL-Keywords $ mS-SQL-LastUpdatedDate $ mS-SQL-Location $ mS-SQL-Memory $ mS-SQL-MultiProtocol $ mS-SQL-Name $ mS-SQL-NamedPipe $ mS-SQL-RegisteredOwner $ mS-SQL-ServiceAccount $ mS-SQL-SortOrder $ mS-SQL-SPX $ mS-SQL-Status $ mS-SQL-TCPIP $ mS-SQL-UnicodeSortOrder $ mS-SQL-Vines ) )</ObjectClass>
      <ObjectClass>( 1.2.840.113556.1.5.221 NAME 'msTAPI-RtConference' SUP top STRUCTURAL AUX ( bootableDevice $ domainRelatedObject $ dynamicObject $ ieee802Device $ ipHost $ mailRecipient $ posixGroup $ samDomain $ samDomainBase $ securityPrincipal $ shadowAccount $ simpleSecurityObject ) MUST msTAPI-uid MAY ( msTAPI-ConferenceBlob $ msTAPI-ProtocolId ) )</ObjectClass>
      <ObjectClass>( 1.2.840.113556.1.5.222 NAME 'msTAPI-RtPerson' SUP top STRUCTURAL AUX ( bootableDevice $ domainRelatedObject $ dynamicObject $ ieee802Device $ ipHost $ mailRecipient $ posixGroup $ samDomain $ samDomainBase $ securityPrincipal $ shadowAccount $ simpleSecurityObject ) MAY ( msTAPI-IpAddress $ msTAPI-uid ) )</ObjectClass>
      <ObjectClass>( 1.2.840.113556.1.5.205 NAME 'msWMI-IntRangeParam' SUP msWMI-RangeParam STRUCTURAL AUX ( bootableDevice $ domainRelatedObject $ dynamicObject $ ieee802Device $ ipHost $ mailRecipient $ posixGroup $ samDomain $ samDomainBase $ securityPrincipal $ shadowAccount $ simpleSecurityObject ) MUST msWMI-IntDefault MAY ( msWMI-IntMax $ msWMI-IntMin ) )</ObjectClass>
      <ObjectClass>( 1.2.840.113556.1.5.206 NAME 'msWMI-IntSetParam' SUP msWMI-RangeParam STRUCTURAL AUX ( bootableDevice $ domainRelatedObject $ dynamicObject $ ieee802Device $ ipHost $ mailRecipient $ posixGroup $ samDomain $ samDomainBase $ securityPrincipal $ shadowAccount $ simpleSecurityObject ) MUST msWMI-IntDefault MAY msWMI-IntValidValues )</ObjectClass>
      <ObjectClass>( 1.2.840.113556.1.5.202 NAME 'msWMI-MergeablePolicyTemplate' SUP msWMI-PolicyTemplate STRUCTURAL AUX ( bootableDevice $ domainRelatedObject $ dynamicObject $ ieee802Device $ ipHost $ mailRecipient $ posixGroup $ samDomain $ samDomainBase $ securityPrincipal $ shadowAccount $ simpleSecurityObject ) )</ObjectClass>
      <ObjectClass>( 1.2.840.113556.1.5.217 NAME 'msWMI-ObjectEncoding' SUP top STRUCTURAL AUX ( bootableDevice $ domainRelatedObject $ dynamicObject $ ieee802Device $ ipHost $ mailRecipient $ posixGroup $ samDomain $ samDomainBase $ securityPrincipal $ shadowAccount $ simpleSecurityObject ) MUST ( msWMI-Class $ msWMI-Genus $ msWMI-ID $ msWMI-intFlags1 $ msWMI-intFlags2 $ msWMI-intFlags3 $ msWMI-intFlags4 $ msWMI-Parm1 $ msWMI-Parm2 $ msWMI-Parm3 $ msWMI-Parm4 $ msWMI-ScopeGuid $ msWMI-TargetObject ) )</ObjectClass>
      <ObjectClass>( 1.2.840.113556.1.5.200 NAME 'msWMI-PolicyTemplate' SUP top STRUCTURAL AUX ( bootableDevice $ domainRelatedObject $ dynamicObject $ ieee802Device $ ipHost $ mailRecipient $ posixGroup $ samDomain $ samDomainBase $ securityPrincipal $ shadowAccount $ simpleSecurityObject ) MUST ( msWMI-ID $ msWMI-Name $ msWMI-NormalizedClass $ msWMI-TargetClass $ msWMI-TargetNameSpace $ msWMI-TargetPath ) MAY ( msWMI-Author $ msWMI-ChangeDate $ msWMI-CreationDate $ msWMI-intFlags1 $ msWMI-intFlags2 $ msWMI-intFlags3 $ msWMI-intFlags4 $ msWMI-Parm1 $ msWMI-Parm2 $ msWMI-Parm3 $ msWMI-Parm4 $ msWMI-SourceOrganization $ msWMI-TargetType ) )</ObjectClass>
      <ObjectClass>( 1.2.840.113556.1.5.211 NAME 'msWMI-PolicyType' SUP top STRUCTURAL AUX ( bootableDevice $ domainRelatedObject $ dynamicObject $ ieee802Device $ ipHost $ mailRecipient $ posixGroup $ samDomain $ samDomainBase $ securityPrincipal $ shadowAccount $ simpleSecurityObject ) MUST ( msWMI-ID $ msWMI-TargetObject ) MAY ( msWMI-Author $ msWMI-ChangeDate $ msWMI-CreationDate $ msWMI-intFlags1 $ msWMI-intFlags2 $ msWMI-intFlags3 $ msWMI-intFlags4 $ msWMI-Parm1 $ msWMI-Parm2 $ msWMI-Parm3 $ msWMI-Parm4 $ msWMI-SourceOrganization ) )</ObjectClass>
      <ObjectClass>( 1.2.840.113556.1.5.203 NAME 'msWMI-RangeParam' SUP top STRUCTURAL AUX ( bootableDevice $ domainRelatedObject $ dynamicObject $ ieee802Device $ ipHost $ mailRecipient $ posixGroup $ samDomain $ samDomainBase $ securityPrincipal $ shadowAccount $ simpleSecurityObject ) MUST ( msWMI-PropertyName $ msWMI-TargetClass $ msWMI-TargetType ) )</ObjectClass>
      <ObjectClass>( 1.2.840.113556.1.5.209 NAME 'msWMI-RealRangeParam' SUP msWMI-RangeParam STRUCTURAL AUX ( bootableDevice $ domainRelatedObject $ dynamicObject $ ieee802Device $ ipHost $ mailRecipient $ posixGroup $ samDomain $ samDomainBase $ securityPrincipal $ shadowAccount $ simpleSecurityObject ) MUST msWMI-Int8Default MAY ( msWMI-Int8Max $ msWMI-Int8Min ) )</ObjectClass>
      <ObjectClass>( 1.2.840.113556.1.5.214 NAME 'msWMI-Rule' SUP top STRUCTURAL AUX ( bootableDevice $ domainRelatedObject $ dynamicObject $ ieee802Device $ ipHost $ mailRecipient $ posixGroup $ samDomain $ samDomainBase $ securityPrincipal $ shadowAccount $ simpleSecurityObject ) MUST ( msWMI-Query $ msWMI-QueryLanguage $ msWMI-TargetNameSpace ) )</ObjectClass>
      <ObjectClass>( 1.2.840.113556.1.5.212 NAME 'msWMI-ShadowObject' SUP top STRUCTURAL AUX ( bootableDevice $ domainRelatedObject $ dynamicObject $ ieee802Device $ ipHost $ mailRecipient $ posixGroup $ samDomain $ samDomainBase $ securityPrincipal $ shadowAccount $ simpleSecurityObject ) MUST msWMI-TargetObject )</ObjectClass>
      <ObjectClass>( 1.2.840.113556.1.5.201 NAME 'msWMI-SimplePolicyTemplate' SUP msWMI-PolicyTemplate STRUCTURAL AUX ( bootableDevice $ domainRelatedObject $ dynamicObject $ ieee802Device $ ipHost $ mailRecipient $ posixGroup $ samDomain $ samDomainBase $ securityPrincipal $ shadowAccount $ simpleSecurityObject ) MUST msWMI-TargetObject )</ObjectClass>
      <ObjectClass>( 1.2.840.113556.1.5.213 NAME 'msWMI-Som' SUP top STRUCTURAL AUX ( bootableDevice $ domainRelatedObject $ dynamicObject $ ieee802Device $ ipHost $ mailRecipient $ posixGroup $ samDomain $ samDomainBase $ securityPrincipal $ shadowAccount $ simpleSecurityObject ) MUST ( msWMI-ID $ msWMI-Name ) MAY ( msWMI-Author $ msWMI-ChangeDate $ msWMI-CreationDate $ msWMI-intFlags1 $ msWMI-intFlags2 $ msWMI-intFlags3 $ msWMI-intFlags4 $ msWMI-Parm1 $ msWMI-Parm2 $ msWMI-Parm3 $ msWMI-Parm4 $ msWMI-SourceOrganization ) )</ObjectClass>
      <ObjectClass>( 1.2.840.113556.1.5.210 NAME 'msWMI-StringSetParam' SUP msWMI-RangeParam STRUCTURAL AUX ( bootableDevice $ domainRelatedObject $ dynamicObject $ ieee802Device $ ipHost $ mailRecipient $ posixGroup $ samDomain $ samDomainBase $ securityPrincipal $ shadowAccount $ simpleSecurityObject ) MUST msWMI-StringDefault MAY msWMI-StringValidValues )</ObjectClass>
      <ObjectClass>( 1.2.840.113556.1.5.207 NAME 'msWMI-UintRangeParam' SUP msWMI-RangeParam STRUCTURAL AUX ( bootableDevice $ domainRelatedObject $ dynamicObject $ ieee802Device $ ipHost $ mailRecipient $ posixGroup $ samDomain $ samDomainBase $ securityPrincipal $ shadowAccount $ simpleSecurityObject ) MUST msWMI-IntDefault MAY ( msWMI-IntMax $ msWMI-IntMin ) )</ObjectClass>
      <ObjectClass>( 1.2.840.113556.1.5.208 NAME 'msWMI-UintSetParam' SUP msWMI-RangeParam STRUCTURAL AUX ( bootableDevice $ domainRelatedObject $ dynamicObject $ ieee802Device $ ipHost $ mailRecipient $ posixGroup $ samDomain $ samDomainBase $ securityPrincipal $ shadowAccount $ simpleSecurityObject ) MUST msWMI-IntDefault MAY msWMI-IntValidValues )</ObjectClass>
      <ObjectClass>( 1.2.840.113556.1.5.204 NAME 'msWMI-UnknownRangeParam' SUP msWMI-RangeParam STRUCTURAL AUX ( bootableDevice $ domainRelatedObject $ dynamicObject $ ieee802Device $ ipHost $ mailRecipient $ posixGroup $ samDomain $ samDomainBase $ securityPrincipal $ shadowAccount $ simpleSecurityObject ) MUST ( msWMI-NormalizedClass $ msWMI-TargetObject ) )</ObjectClass>
      <ObjectClass>( 1.2.840.113556.1.5.215 NAME 'msWMI-WMIGPO' SUP top STRUCTURAL AUX ( bootableDevice $ domainRelatedObject $ dynamicObject $ ieee802Device $ ipHost $ mailRecipient $ posixGroup $ samDomain $ samDomainBase $ securityPrincipal $ shadowAccount $ simpleSecurityObject ) MUST msWMI-TargetClass MAY ( msWMI-intFlags1 $ msWMI-intFlags2 $ msWMI-intFlags3 $ msWMI-intFlags4 $ msWMI-Parm1 $ msWMI-Parm2 $ msWMI-Parm3 $ msWMI-Parm4 ) )</ObjectClass>
      <ObjectClass>( 1.3.6.1.1.1.2.9 NAME 'nisMap' SUP top STRUCTURAL AUX ( bootableDevice $ domainRelatedObject $ dynamicObject $ ieee802Device $ ipHost $ mailRecipient $ posixGroup $ samDomain $ samDomainBase $ securityPrincipal $ shadowAccount $ simpleSecurityObject ) MUST ( cn $ nisMapName ) MAY description )</ObjectClass>
      <ObjectClass>( 1.3.6.1.1.1.2.8 NAME 'nisNetgroup' SUP top STRUCTURAL AUX ( bootableDevice $ domainRelatedObject $ dynamicObject $ ieee802Device $ ipHost $ mailRecipient $ posixGroup $ samDomain $ samDomainBase $ securityPrincipal $ shadowAccount $ simpleSecurityObject ) MUST cn MAY ( description $ memberNisNetgroup $ msSFU30Name $ msSFU30NetgroupHostAtDomain $ msSFU30NetgroupUserAtDomain $ msSFU30NisDomain $ nisMapName $ nisNetgroupTriple ) )</ObjectClass>
      <ObjectClass>( 1.3.6.1.1.1.2.10 NAME 'nisObject' SUP top STRUCTURAL AUX ( bootableDevice $ domainRelatedObject $ dynamicObject $ ieee802Device $ ipHost $ mailRecipient $ posixGroup $ samDomain $ samDomainBase $ securityPrincipal $ shadowAccount $ simpleSecurityObject ) MUST ( cn $ nisMapEntry $ nisMapName ) MAY ( description $ msSFU30Name $ msSFU30NisDomain ) )</ObjectClass>
      <ObjectClass>( 1.2.840.113556.1.5.71 NAME 'nTDSConnection' SUP leaf STRUCTURAL AUX ( bootableDevice $ domainRelatedObject $ dynamicObject $ ieee802Device $ ipHost $ mailRecipient $ posixGroup $ samDomain $ samDomainBase $ securityPrincipal $ shadowAccount $ simpleSecurityObject ) MUST ( enabledConnection $ fromServer $ options ) MAY ( generatedConnection $ mS-DS-ReplicatesNCReason $ schedule $ transportType ) )</ObjectClass>
      <ObjectClass>( 1.2.840.113556.1.5.7000.47 NAME 'nTDSDSA' SUP applicationSettings STRUCTURAL AUX ( bootableDevice $ domainRelatedObject $ dynamicObject $ ieee802Device $ ipHost $ mailRecipient $ posixGroup $ samDomain $ samDomainBase $ securityPrincipal $ shadowAccount $ simpleSecurityObject ) MAY ( dMDLocation $ fRSRootPath $ hasMasterNCs $ hasPartialReplicaNCs $ invocationId $ lastBackupRestorationTime $ managedBy $ msDS-Behavior-Version $ msDS-EnabledFeature $ msDS-HasDomainNCs $ msDS-hasFullReplicaNCs $ msDS-HasInstantiatedNCs $ msDS-hasMasterNCs $ msDS-isGC $ msDS-isRODC $ msDS-IsUserCachableAtRodc $ msDS-NeverRevealGroup $ msDS-ReplicationEpoch $ msDS-RetiredReplNCSignatures $ msDS-RevealedUsers $ msDS-RevealOnDemandGroup $ msDS-SiteName $ networkAddress $ options $ queryPolicyObject $ retiredReplDSASignatures $ serverReference ) )</ObjectClass>
      <ObjectClass>( 1.2.840.113556.1.5.254 NAME 'nTDSDSARO' SUP nTDSDSA STRUCTURAL AUX ( bootableDevice $ domainRelatedObject $ dynamicObject $ ieee802Device $ ipHost $ mailRecipient $ posixGroup $ samDomain $ samDomainBase $ securityPrincipal $ shadowAccount $ simpleSecurityObject ) )</ObjectClass>
      <ObjectClass>( 1.2.840.113556.1.5.72 NAME 'nTDSService' SUP top STRUCTURAL AUX ( bootableDevice $ domainRelatedObject $ dynamicObject $ ieee802Device $ ipHost $ mailRecipient $ posixGroup $ samDomain $ samDomainBase $ securityPrincipal $ shadowAccount $ simpleSecurityObject ) MAY ( dSHeuristics $ garbageCollPeriod $ msDS-DeletedObjectLifetime $ msDS-Other-Settings $ replTopologyStayOfExecution $ sPNMappings $ tombstoneLifetime ) )</ObjectClass>
      <ObjectClass>( 1.2.840.113556.1.5.69 NAME 'nTDSSiteSettings' SUP applicationSiteSettings STRUCTURAL AUX ( bootableDevice $ domainRelatedObject $ dynamicObject $ ieee802Device $ ipHost $ mailRecipient $ posixGroup $ samDomain $ samDomainBase $ securityPrincipal $ shadowAccount $ simpleSecurityObject ) MAY ( interSiteTopologyFailover $ interSiteTopologyGenerator $ interSiteTopologyRenew $ managedBy $ msDS-Preferred-GC-Site $ options $ queryPolicyObject $ schedule ) )</ObjectClass>
      <ObjectClass>( 1.2.840.113556.1.5.153 NAME 'nTFRSMember' SUP top STRUCTURAL AUX ( bootableDevice $ domainRelatedObject $ dynamicObject $ ieee802Device $ ipHost $ mailRecipient $ posixGroup $ samDomain $ samDomainBase $ securityPrincipal $ shadowAccount $ simpleSecurityObject ) MAY ( frsComputerReference $ fRSControlDataCreation $ fRSControlInboundBacklog $ fRSControlOutboundBacklog $ fRSExtensions $ fRSFlags $ fRSPartnerAuthLevel $ fRSRootSecurity $ fRSServiceCommand $ fRSUpdateTimeout $ serverReference ) )</ObjectClass>
      <ObjectClass>( 1.2.840.113556.1.5.102 NAME 'nTFRSReplicaSet' SUP top STRUCTURAL AUX ( bootableDevice $ domainRelatedObject $ dynamicObject $ ieee802Device $ ipHost $ mailRecipient $ posixGroup $ samDomain $ samDomainBase $ securityPrincipal $ shadowAccount $ simpleSecurityObject ) MAY ( fRSDirectoryFilter $ fRSDSPoll $ fRSExtensions $ fRSFileFilter $ fRSFlags $ fRSLevelLimit $ fRSPartnerAuthLevel $ fRSPrimaryMember $ fRSReplicaSetGUID $ fRSReplicaSetType $ fRSRootSecurity $ fRSServiceCommand $ fRSVersionGUID $ managedBy $ msFRS-Hub-Member $ msFRS-Topology-Pref $ schedule ) )</ObjectClass>
      <ObjectClass>( 1.2.840.113556.1.5.89 NAME 'nTFRSSettings' SUP applicationSettings STRUCTURAL AUX ( bootableDevice $ domainRelatedObject $ dynamicObject $ ieee802Device $ ipHost $ mailRecipient $ posixGroup $ samDomain $ samDomainBase $ securityPrincipal $ shadowAccount $ simpleSecurityObject ) MAY ( fRSExtensions $ managedBy ) )</ObjectClass>
      <ObjectClass>( 1.2.840.113556.1.5.155 NAME 'nTFRSSubscriber' SUP top STRUCTURAL AUX ( bootableDevice $ domainRelatedObject $ dynamicObject $ ieee802Device $ ipHost $ mailRecipient $ posixGroup $ samDomain $ samDomainBase $ securityPrincipal $ shadowAccount $ simpleSecurityObject ) MUST ( fRSRootPath $ fRSStagingPath ) MAY ( fRSExtensions $ fRSFaultCondition $ fRSFlags $ fRSMemberReference $ fRSServiceCommand $ fRSServiceCommandStatus $ fRSTimeLastCommand $ fRSTimeLastConfigChange $ fRSUpdateTimeout $ schedule ) )</ObjectClass>
      <ObjectClass>( 1.2.840.113556.1.5.154 NAME 'nTFRSSubscriptions' SUP top STRUCTURAL AUX ( bootableDevice $ domainRelatedObject $ dynamicObject $ ieee802Device $ ipHost $ mailRecipient $ posixGroup $ samDomain $ samDomainBase $ securityPrincipal $ shadowAccount $ simpleSecurityObject ) MAY ( fRSExtensions $ fRSVersion $ fRSWorkingPath ) )</ObjectClass>
      <ObjectClass>( 1.3.6.1.1.1.2.5 NAME 'oncRpc' SUP top STRUCTURAL AUX ( bootableDevice $ domainRelatedObject $ dynamicObject $ ieee802Device $ ipHost $ mailRecipient $ posixGroup $ samDomain $ samDomainBase $ securityPrincipal $ shadowAccount $ simpleSecurityObject ) MUST ( cn $ oncRpcNumber ) MAY ( description $ msSFU30Aliases $ msSFU30Name $ msSFU30NisDomain $ nisMapName ) )</ObjectClass>
      <ObjectClass>( 2.5.6.4 NAME 'organization' SUP top STRUCTURAL AUX ( bootableDevice $ dcObject $ domainRelatedObject $ dynamicObject $ ieee802Device $ ipHost $ mailRecipient $ posixGroup $ samDomain $ samDomainBase $ securityPrincipal $ shadowAccount $ simpleSecurityObject ) MUST o MAY ( businessCategory $ destinationIndicator $ facsimileTelephoneNumber $ internationalISDNNumber $ l $ physicalDeliveryOfficeName $ postalAddress $ postalCode $ postOfficeBox $ preferredDeliveryMethod $ registeredAddress $ searchGuide $ seeAlso $ st $ street $ telephoneNumber $ teletexTerminalIdentifier $ telexNumber $ userPassword $ x121Address ) )</ObjectClass>
      <ObjectClass>( 2.5.6.7 NAME 'organizationalPerson' SUP person STRUCTURAL AUX ( bootableDevice $ domainRelatedObject $ dynamicObject $ ieee802Device $ ipHost $ mailRecipient $ posixGroup $ samDomain $ samDomainBase $ securityPrincipal $ shadowAccount $ simpleSecurityObject ) MAY ( assistant $ c $ co $ comment $ company $ countryCode $ department $ destinationIndicator $ division $ employeeID $ facsimileTelephoneNumber $ generationQualifier $ givenName $ homePhone $ homePostalAddress $ houseIdentifier $ initials $ internationalISDNNumber $ ipPhone $ l $ mail $ manager $ mhsORAddress $ middleName $ mobile $ msDS-AllowedToDelegateTo $ msDS-HABSeniorityIndex $ msDS-PhoneticCompanyName $ msDS-PhoneticDepartment $ msDS-PhoneticDisplayName $ msDS-PhoneticFirstName $ msDS-PhoneticLastName $ msExchHouseIdentifier $ o $ oldUserPassword $ otherFacsimileTelephoneNumber $ otherHomePhone $ otherIpPhone $ otherMailbox $ otherMobile $ otherPager $ otherTelephone $ ou $ pager $ personalTitle $ physicalDeliveryOfficeName $ postalAddress $ postalCode $ postOfficeBox $ preferredDeliveryMethod $ primaryInternationalISDNNumber $ primaryTelexNumber $ registeredAddress $ st $ street $ streetAddress $ teletexTerminalIdentifier $ telexNumber $ thumbnailLogo $ thumbnailPhoto $ title $ x121Address ) )</ObjectClass>
      <ObjectClass>( 2.5.6.8 NAME 'organizationalRole' SUP top STRUCTURAL AUX ( bootableDevice $ domainRelatedObject $ dynamicObject $ ieee802Device $ ipHost $ mailRecipient $ posixGroup $ samDomain $ samDomainBase $ securityPrincipal $ shadowAccount $ simpleSecurityObject ) MUST cn MAY ( destinationIndicator $ facsimileTelephoneNumber $ internationalISDNNumber $ l $ ou $ physicalDeliveryOfficeName $ postalAddress $ postalCode $ postOfficeBox $ preferredDeliveryMethod $ registeredAddress $ roleOccupant $ seeAlso $ st $ street $ telephoneNumber $ teletexTerminalIdentifier $ telexNumber $ x121Address ) )</ObjectClass>
      <ObjectClass>( 2.5.6.5 NAME 'organizationalUnit' SUP top STRUCTURAL AUX ( bootableDevice $ domainRelatedObject $ dynamicObject $ ieee802Device $ ipHost $ mailRecipient $ posixGroup $ samDomain $ samDomainBase $ securityPrincipal $ shadowAccount $ simpleSecurityObject ) MUST ou MAY ( businessCategory $ c $ co $ countryCode $ defaultGroup $ desktopProfile $ destinationIndicator $ facsimileTelephoneNumber $ gPLink $ gPOptions $ internationalISDNNumber $ l $ managedBy $ msCOM-UserPartitionSetLink $ physicalDeliveryOfficeName $ postalAddress $ postalCode $ postOfficeBox $ preferredDeliveryMethod $ registeredAddress $ searchGuide $ seeAlso $ st $ street $ telephoneNumber $ teletexTerminalIdentifier $ telexNumber $ thumbnailLogo $ uPNSuffixes $ userPassword $ x121Address ) )</ObjectClass>
      <ObjectClass>( 1.2.840.113556.1.5.49 NAME 'packageRegistration' SUP top STRUCTURAL AUX ( bootableDevice $ domainRelatedObject $ dynamicObject $ ieee802Device $ ipHost $ mailRecipient $ posixGroup $ samDomain $ samDomainBase $ securityPrincipal $ shadowAccount $ simpleSecurityObject ) MAY ( canUpgradeScript $ categories $ cOMClassID $ cOMInterfaceID $ cOMProgID $ cOMTypelibId $ fileExtPriority $ iconPath $ installUiLevel $ lastUpdateSequence $ localeID $ machineArchitecture $ managedBy $ msiFileList $ msiScript $ msiScriptName $ msiScriptPath $ msiScriptSize $ packageFlags $ packageName $ packageType $ productCode $ setupCommand $ upgradeProductCode $ vendor $ versionNumberHi $ versionNumberLo ) )</ObjectClass>
      <ObjectClass>( 2.5.6.6 NAME 'person' SUP top STRUCTURAL AUX ( bootableDevice $ domainRelatedObject $ dynamicObject $ ieee802Device $ ipHost $ mailRecipient $ posixGroup $ samDomain $ samDomainBase $ securityPrincipal $ shadowAccount $ simpleSecurityObject ) MUST cn MAY ( attributeCertificateAttribute $ seeAlso $ serialNumber $ sn $ telephoneNumber $ userPassword $ vmwPasswordNeverExpires ) )</ObjectClass>
      <ObjectClass>( 1.2.840.113556.1.5.97 NAME 'physicalLocation' SUP locality STRUCTURAL AUX ( bootableDevice $ domainRelatedObject $ dynamicObject $ ieee802Device $ ipHost $ mailRecipient $ posixGroup $ samDomain $ samDomainBase $ securityPrincipal $ shadowAccount $ simpleSecurityObject ) MAY managedBy )</ObjectClass>
      <ObjectClass>( 2.5.6.22 NAME 'pkiCA' DESC 'RFC2587: PKI certificate authority' SUP top AUXILIARY MAY ( authorityRevocationList $ cACertificate $ certificateRevocationList $ crossCertificatePair ) )</ObjectClass>
      <ObjectClass>( 1.2.840.113556.1.5.177 NAME 'pKICertificateTemplate' SUP top STRUCTURAL AUX ( bootableDevice $ domainRelatedObject $ dynamicObject $ ieee802Device $ ipHost $ mailRecipient $ posixGroup $ samDomain $ samDomainBase $ securityPrincipal $ shadowAccount $ simpleSecurityObject ) MAY ( displayName $ flags $ msPKI-Cert-Template-OID $ msPKI-Certificate-Application-Policy $ msPKI-Certificate-Name-Flag $ msPKI-Certificate-Policy $ msPKI-Enrollment-Flag $ msPKI-Minimal-Key-Size $ msPKI-Private-Key-Flag $ msPKI-RA-Application-Policies $ msPKI-RA-Policies $ msPKI-RA-Signature $ msPKI-Supersede-Templates $ msPKI-Template-Minor-Revision $ msPKI-Template-Schema-Version $ pKICriticalExtensions $ pKIDefaultCSPs $ pKIDefaultKeySpec $ pKIEnrollmentAccess $ pKIExpirationPeriod $ pKIExtendedKeyUsage $ pKIKeyUsage $ pKIMaxIssuingDepth $ pKIOverlapPeriod ) )</ObjectClass>
      <ObjectClass>( 1.2.840.113556.1.5.178 NAME 'pKIEnrollmentService' SUP top STRUCTURAL AUX ( bootableDevice $ domainRelatedObject $ dynamicObject $ ieee802Device $ ipHost $ mailRecipient $ posixGroup $ samDomain $ samDomainBase $ securityPrincipal $ shadowAccount $ simpleSecurityObject ) MAY ( cACertificate $ cACertificateDN $ certificateTemplates $ dNSHostName $ enrollmentProviders $ msPKI-Enrollment-Servers $ msPKI-Site-Name $ signatureAlgorithms ) )</ObjectClass>
      <ObjectClass>( 2.5.6.21 NAME 'pkiUser' DESC 'RFC2587: a PKI user' SUP top AUXILIARY MAY userCertificate )</ObjectClass>
      <ObjectClass>( 1.3.6.1.1.1.2.0 NAME 'posixAccount' SUP top AUXILIARY MAY ( cn $ description $ gecos $ gidNumber $ homeDirectory $ loginShell $ uid $ uidNumber $ unixHomeDirectory $ unixUserPassword $ userPassword ) )</ObjectClass>
      <ObjectClass>( 1.3.6.1.1.1.2.2 NAME 'posixGroup' SUP top AUXILIARY MAY ( cn $ description $ gidNumber $ memberUid $ unixUserPassword $ userPassword ) )</ObjectClass>
      <ObjectClass>( 1.2.840.113556.1.5.23 NAME 'printQueue' SUP connectionPoint STRUCTURAL AUX ( bootableDevice $ domainRelatedObject $ dynamicObject $ ieee802Device $ ipHost $ mailRecipient $ posixGroup $ samDomain $ samDomainBase $ securityPrincipal $ shadowAccount $ simpleSecurityObject ) MUST ( printerName $ serverName $ shortServerName $ uNCName $ versionNumber ) MAY ( assetNumber $ bytesPerMinute $ defaultPriority $ driverName $ driverVersion $ location $ operatingSystem $ operatingSystemHotfix $ operatingSystemServicePack $ operatingSystemVersion $ physicalLocationObject $ portName $ printAttributes $ printBinNames $ printCollate $ printColor $ printDuplexSupported $ printEndTime $ printFormName $ printKeepPrintedJobs $ printLanguage $ printMACAddress $ printMaxCopies $ printMaxResolutionSupported $ printMaxXExtent $ printMaxYExtent $ printMediaReady $ printMediaSupported $ printMemory $ printMinXExtent $ printMinYExtent $ printNetworkAddress $ printNotify $ printNumberUp $ printOrientationsSupported $ printOwner $ printPagesPerMinute $ printRate $ printRateUnit $ printSeparatorFile $ printShareName $ printSpooling $ printStaplingSupported $ printStartTime $ printStatus $ priority ) )</ObjectClass>
      <ObjectClass>( 1.2.840.113556.1.5.106 NAME 'queryPolicy' SUP top STRUCTURAL AUX ( bootableDevice $ domainRelatedObject $ dynamicObject $ ieee802Device $ ipHost $ mailRecipient $ posixGroup $ samDomain $ samDomainBase $ securityPrincipal $ shadowAccount $ simpleSecurityObject ) MAY ( lDAPAdminLimits $ lDAPIPDenyList ) )</ObjectClass>
      <ObjectClass>( 2.16.840.1.113730.3.2.6 NAME 'referral' DESC 'namedref: named subordinate referral' SUP top STRUCTURAL MUST ref )</ObjectClass>
      <ObjectClass>( 1.2.840.113556.1.5.24 NAME 'remoteMailRecipient' SUP top STRUCTURAL AUX ( bootableDevice $ domainRelatedObject $ dynamicObject $ ieee802Device $ ipHost $ mailRecipient $ posixGroup $ samDomain $ samDomainBase $ securityPrincipal $ shadowAccount $ simpleSecurityObject ) MUST cn MAY ( managedBy $ remoteSource $ remoteSourceType $ garbageCollPeriod $ info $ labeledURI $ legacyExchangeDN $ msDS-PhoneticDisplayName $ msExchAssistantName $ msExchLabeledURI $ secretary $ showInAddressBook $ telephoneNumber $ textEncodedORAddress $ userCert $ userCertificate $ userSMIMECertificate ) )</ObjectClass>
      <ObjectClass>( 1.2.840.113556.1.5.146 NAME 'remoteStorageServicePoint' SUP serviceAdministrationPoint STRUCTURAL AUX ( bootableDevice $ domainRelatedObject $ dynamicObject $ ieee802Device $ ipHost $ mailRecipient $ posixGroup $ samDomain $ samDomainBase $ securityPrincipal $ shadowAccount $ simpleSecurityObject ) MAY remoteStorageGUID )</ObjectClass>
      <ObjectClass>( 2.5.6.10 NAME 'residentialPerson' SUP person STRUCTURAL AUX ( bootableDevice $ domainRelatedObject $ dynamicObject $ ieee802Device $ ipHost $ mailRecipient $ posixGroup $ samDomain $ samDomainBase $ securityPrincipal $ shadowAccount $ simpleSecurityObject ) MAY ( businessCategory $ destinationIndicator $ facsimileTelephoneNumber $ internationalISDNNumber $ l $ ou $ physicalDeliveryOfficeName $ postalAddress $ postalCode $ postOfficeBox $ preferredDeliveryMethod $ registeredAddress $ st $ street $ teletexTerminalIdentifier $ telexNumber $ title $ x121Address ) )</ObjectClass>
      <ObjectClass>( 0.9.2342.19200300.100.4.14 NAME 'rFC822LocalPart' SUP domain STRUCTURAL AUX ( bootableDevice $ domainRelatedObject $ dynamicObject $ ieee802Device $ ipHost $ mailRecipient $ posixGroup $ samDomain $ samDomainBase $ securityPrincipal $ shadowAccount $ simpleSecurityObject ) MAY ( cn $ description $ destinationIndicator $ facsimileTelephoneNumber $ internationalISDNNumber $ physicalDeliveryOfficeName $ postalAddress $ postalCode $ postOfficeBox $ preferredDeliveryMethod $ registeredAddress $ seeAlso $ sn $ street $ telephoneNumber $ teletexTerminalIdentifier $ telexNumber $ x121Address ) )</ObjectClass>
      <ObjectClass>( 1.2.840.113556.1.5.83 NAME 'rIDManager' SUP top STRUCTURAL AUX ( bootableDevice $ domainRelatedObject $ dynamicObject $ ieee802Device $ ipHost $ mailRecipient $ posixGroup $ samDomain $ samDomainBase $ securityPrincipal $ shadowAccount $ simpleSecurityObject ) MUST rIDAvailablePool )</ObjectClass>
      <ObjectClass>( 1.2.840.113556.1.5.129 NAME 'rIDSet' SUP top STRUCTURAL AUX ( bootableDevice $ domainRelatedObject $ dynamicObject $ ieee802Device $ ipHost $ mailRecipient $ posixGroup $ samDomain $ samDomainBase $ securityPrincipal $ shadowAccount $ simpleSecurityObject ) MUST ( rIDAllocationPool $ rIDNextRID $ rIDPreviousAllocationPool $ rIDUsedPool ) )</ObjectClass>
      <ObjectClass>( 0.9.2342.19200300.100.4.7 NAME 'room' SUP top STRUCTURAL AUX ( bootableDevice $ domainRelatedObject $ dynamicObject $ ieee802Device $ ipHost $ mailRecipient $ posixGroup $ samDomain $ samDomainBase $ securityPrincipal $ shadowAccount $ simpleSecurityObject ) MUST cn MAY ( description $ location $ roomNumber $ seeAlso $ telephoneNumber ) )</ObjectClass>
      <ObjectClass>( 1.2.840.113556.1.5.136 NAME 'rpcContainer' SUP container STRUCTURAL AUX ( bootableDevice $ domainRelatedObject $ dynamicObject $ ieee802Device $ ipHost $ mailRecipient $ posixGroup $ samDomain $ samDomainBase $ securityPrincipal $ shadowAccount $ simpleSecurityObject ) MAY nameServiceFlags )</ObjectClass>
      <ObjectClass>( 1.2.840.113556.1.5.27 NAME 'rpcEntry' SUP connectionPoint ABSTRACT )</ObjectClass>
      <ObjectClass>( 1.2.840.113556.1.5.80 NAME 'rpcGroup' SUP rpcEntry STRUCTURAL AUX ( bootableDevice $ domainRelatedObject $ dynamicObject $ ieee802Device $ ipHost $ mailRecipient $ posixGroup $ samDomain $ samDomainBase $ securityPrincipal $ shadowAccount $ simpleSecurityObject ) MAY ( rpcNsGroup $ rpcNsObjectID ) )</ObjectClass>
      <ObjectClass>( 1.2.840.113556.1.5.82 NAME 'rpcProfile' SUP rpcEntry STRUCTURAL AUX ( bootableDevice $ domainRelatedObject $ dynamicObject $ ieee802Device $ ipHost $ mailRecipient $ posixGroup $ samDomain $ samDomainBase $ securityPrincipal $ shadowAccount $ simpleSecurityObject ) )</ObjectClass>
      <ObjectClass>( 1.2.840.113556.1.5.26 NAME 'rpcProfileElement' SUP rpcEntry STRUCTURAL AUX ( bootableDevice $ domainRelatedObject $ dynamicObject $ ieee802Device $ ipHost $ mailRecipient $ posixGroup $ samDomain $ samDomainBase $ securityPrincipal $ shadowAccount $ simpleSecurityObject ) MUST ( rpcNsInterfaceID $ rpcNsPriority ) MAY ( rpcNsAnnotation $ rpcNsProfileEntry ) )</ObjectClass>
      <ObjectClass>( 1.2.840.113556.1.5.81 NAME 'rpcServer' SUP rpcEntry STRUCTURAL AUX ( bootableDevice $ domainRelatedObject $ dynamicObject $ ieee802Device $ ipHost $ mailRecipient $ posixGroup $ samDomain $ samDomainBase $ securityPrincipal $ shadowAccount $ simpleSecurityObject ) MAY ( rpcNsCodeset $ rpcNsEntryFlags $ rpcNsObjectID ) )</ObjectClass>
      <ObjectClass>( 1.2.840.113556.1.5.73 NAME 'rpcServerElement' SUP rpcEntry STRUCTURAL AUX ( bootableDevice $ domainRelatedObject $ dynamicObject $ ieee802Device $ ipHost $ mailRecipient $ posixGroup $ samDomain $ samDomainBase $ securityPrincipal $ shadowAccount $ simpleSecurityObject ) MUST ( rpcNsBindings $ rpcNsInterfaceID $ rpcNsTransferSyntax ) )</ObjectClass>
      <ObjectClass>( 1.2.840.113556.1.5.150 NAME 'rRASAdministrationConnectionPoint' SUP serviceAdministrationPoint STRUCTURAL AUX ( bootableDevice $ domainRelatedObject $ dynamicObject $ ieee802Device $ ipHost $ mailRecipient $ posixGroup $ samDomain $ samDomainBase $ securityPrincipal $ shadowAccount $ simpleSecurityObject ) MAY msRRASAttribute )</ObjectClass>
      <ObjectClass>( 1.2.840.113556.1.5.156 NAME 'rRASAdministrationDictionary' SUP top STRUCTURAL AUX ( bootableDevice $ domainRelatedObject $ dynamicObject $ ieee802Device $ ipHost $ mailRecipient $ posixGroup $ samDomain $ samDomainBase $ securityPrincipal $ shadowAccount $ simpleSecurityObject ) MAY msRRASVendorAttributeEntry )</ObjectClass>
      <ObjectClass>( 1.2.840.113556.1.5.3 NAME 'samDomain' SUP top AUXILIARY MAY ( auditingPolicy $ builtinCreationTime $ builtinModifiedCount $ cACertificate $ controlAccessRights $ creationTime $ defaultLocalPolicyObject $ description $ desktopProfile $ domainPolicyObject $ eFSPolicy $ gPLink $ gPOptions $ lockoutDuration $ lockOutObservationWindow $ lockoutThreshold $ lSACreationTime $ lSAModifiedCount $ maxPwdAge $ minPwdAge $ minPwdLength $ modifiedCountAtLastProm $ ms-DS-MachineAccountQuota $ msDS-AllUsersTrustQuota $ msDS-LogonTimeSyncInterval $ msDS-PerUserTrustQuota $ msDS-PerUserTrustTombstonesQuota $ nETBIOSName $ nextRid $ nTMixedDomain $ pekKeyChangeInterval $ pekList $ privateKey $ pwdHistoryLength $ pwdProperties $ replicaSource $ rIDManagerReference $ treeName ) )</ObjectClass>
      <ObjectClass>( 1.2.840.113556.1.5.2 NAME 'samDomainBase' SUP top AUXILIARY MAY ( creationTime $ domainReplica $ forceLogoff $ lockoutDuration $ lockOutObservationWindow $ lockoutThreshold $ maxPwdAge $ minPwdAge $ minPwdLength $ modifiedCount $ modifiedCountAtLastProm $ nextRid $ nTSecurityDescriptor $ objectSid $ oEMInformation $ pwdHistoryLength $ pwdProperties $ revision $ serverRole $ serverState $ uASCompat ) )</ObjectClass>
      <ObjectClass>( 1.2.840.113556.1.5.5 NAME 'samServer' SUP securityObject STRUCTURAL AUX ( bootableDevice $ domainRelatedObject $ dynamicObject $ ieee802Device $ ipHost $ mailRecipient $ posixGroup $ samDomain $ samDomainBase $ securityPrincipal $ shadowAccount $ simpleSecurityObject ) MAY samDomainUpdates )</ObjectClass>
      <ObjectClass>( 1.2.840.113556.1.5.28 NAME 'secret' SUP leaf STRUCTURAL AUX ( bootableDevice $ domainRelatedObject $ dynamicObject $ ieee802Device $ ipHost $ mailRecipient $ posixGroup $ samDomain $ samDomainBase $ securityPrincipal $ shadowAccount $ simpleSecurityObject ) MAY ( currentValue $ lastSetTime $ priorSetTime $ priorValue ) )</ObjectClass>
      <ObjectClass>( 1.2.840.113556.1.5.1 NAME 'securityObject' SUP top ABSTRACT MUST cn )</ObjectClass>
      <ObjectClass>( 1.2.840.113556.1.5.6 NAME 'securityPrincipal' SUP top AUXILIARY MUST objectSid MAY ( accountNameHistory $ altSecurityIdentities $ msDS-KeyVersionNumber $ nTSecurityDescriptor $ rid $ sAMAccountName $ sAMAccountType $ securityIdentifier $ sIDHistory $ supplementalCredentials $ tokenGroups $ tokenGroupsGlobalAndUniversal $ tokenGroupsNoGCAcceptable ) )</ObjectClass>
      <ObjectClass>( 1.2.840.113556.1.5.17 NAME 'server' SUP top STRUCTURAL AUX ( bootableDevice $ domainRelatedObject $ dynamicObject $ ieee802Device $ ipHost $ mailRecipient $ posixGroup $ samDomain $ samDomainBase $ securityPrincipal $ shadowAccount $ simpleSecurityObject ) MAY ( bridgeheadTransportList $ dNSHostName $ mailAddress $ managedBy $ msDS-isGC $ msDS-isRODC $ msDS-IsUserCachableAtRodc $ msDS-SiteName $ serialNumber $ serverReference ) )</ObjectClass>
      <ObjectClass>( 1.2.840.113556.1.5.7000.48 NAME 'serversContainer' SUP top STRUCTURAL AUX ( bootableDevice $ domainRelatedObject $ dynamicObject $ ieee802Device $ ipHost $ mailRecipient $ posixGroup $ samDomain $ samDomainBase $ securityPrincipal $ shadowAccount $ simpleSecurityObject ) )</ObjectClass>
      <ObjectClass>( 1.2.840.113556.1.5.94 NAME 'serviceAdministrationPoint' SUP serviceConnectionPoint STRUCTURAL AUX ( bootableDevice $ domainRelatedObject $ dynamicObject $ ieee802Device $ ipHost $ mailRecipient $ posixGroup $ samDomain $ samDomainBase $ securityPrincipal $ shadowAccount $ simpleSecurityObject ) )</ObjectClass>
      <ObjectClass>( 1.2.840.113556.1.5.29 NAME 'serviceClass' SUP leaf STRUCTURAL AUX ( bootableDevice $ domainRelatedObject $ dynamicObject $ ieee802Device $ ipHost $ mailRecipient $ posixGroup $ samDomain $ samDomainBase $ securityPrincipal $ shadowAccount $ simpleSecurityObject ) MUST ( displayName $ serviceClassID ) MAY serviceClassInfo )</ObjectClass>
      <ObjectClass>( 1.2.840.113556.1.5.126 NAME 'serviceConnectionPoint' SUP connectionPoint STRUCTURAL AUX ( bootableDevice $ domainRelatedObject $ dynamicObject $ ieee802Device $ ipHost $ mailRecipient $ posixGroup $ samDomain $ samDomainBase $ securityPrincipal $ shadowAccount $ simpleSecurityObject ) MAY ( appSchemaVersion $ serviceBindingInformation $ serviceClassName $ serviceDNSName $ serviceDNSNameType $ vendor $ versionNumber $ versionNumberHi $ versionNumberLo ) )</ObjectClass>
      <ObjectClass>( 1.2.840.113556.1.5.30 NAME 'serviceInstance' SUP connectionPoint STRUCTURAL AUX ( bootableDevice $ domainRelatedObject $ dynamicObject $ ieee802Device $ ipHost $ mailRecipient $ posixGroup $ samDomain $ samDomainBase $ securityPrincipal $ shadowAccount $ simpleSecurityObject ) MUST ( displayName $ serviceClassID ) MAY ( serviceInstanceVersion $ winsockAddresses ) )</ObjectClass>
      <ObjectClass>( 1.3.6.1.1.1.2.1 NAME 'shadowAccount' SUP top AUXILIARY MAY ( description $ shadowExpire $ shadowFlag $ shadowInactive $ shadowLastChange $ shadowMax $ shadowMin $ shadowWarning $ uid $ userPassword ) )</ObjectClass>
      <ObjectClass>( 0.9.2342.19200300.100.4.19 NAME 'simpleSecurityObject' SUP top AUXILIARY MAY userPassword )</ObjectClass>
      <ObjectClass>( 1.2.840.113556.1.5.31 NAME 'site' SUP top STRUCTURAL AUX ( bootableDevice $ domainRelatedObject $ dynamicObject $ ieee802Device $ ipHost $ mailRecipient $ posixGroup $ samDomain $ samDomainBase $ securityPrincipal $ shadowAccount $ simpleSecurityObject ) MAY ( gPLink $ gPOptions $ location $ managedBy $ msDS-BridgeHeadServersUsed $ mSMQInterval1 $ mSMQInterval2 $ mSMQNt4Stub $ mSMQSiteForeign $ mSMQSiteID $ notificationList ) )</ObjectClass>
      <ObjectClass>( 1.2.840.113556.1.5.147 NAME 'siteLink' SUP top STRUCTURAL AUX ( bootableDevice $ domainRelatedObject $ dynamicObject $ ieee802Device $ ipHost $ mailRecipient $ posixGroup $ samDomain $ samDomainBase $ securityPrincipal $ shadowAccount $ simpleSecurityObject ) MUST siteList MAY ( cost $ options $ replInterval $ schedule ) )</ObjectClass>
      <ObjectClass>( 1.2.840.113556.1.5.148 NAME 'siteLinkBridge' SUP top STRUCTURAL AUX ( bootableDevice $ domainRelatedObject $ dynamicObject $ ieee802Device $ ipHost $ mailRecipient $ posixGroup $ samDomain $ samDomainBase $ securityPrincipal $ shadowAccount $ simpleSecurityObject ) MUST siteLinkList )</ObjectClass>
      <ObjectClass>( 1.2.840.113556.1.5.107 NAME 'sitesContainer' SUP top STRUCTURAL AUX ( bootableDevice $ domainRelatedObject $ dynamicObject $ ieee802Device $ ipHost $ mailRecipient $ posixGroup $ samDomain $ samDomainBase $ securityPrincipal $ shadowAccount $ simpleSecurityObject ) )</ObjectClass>
      <ObjectClass>( 1.2.840.113556.1.5.33 NAME 'storage' SUP connectionPoint STRUCTURAL AUX ( bootableDevice $ domainRelatedObject $ dynamicObject $ ieee802Device $ ipHost $ mailRecipient $ posixGroup $ samDomain $ samDomainBase $ securityPrincipal $ shadowAccount $ simpleSecurityObject ) MAY ( iconPath $ moniker $ monikerDisplayName ) )</ObjectClass>
      <ObjectClass>( 2.5.6.15 NAME 'strongAuthenticationUser' DESC 'RFC2256: a strong authentication user' SUP top AUXILIARY MUST userCertificate )</ObjectClass>
      <ObjectClass>( 2.5.17.0 NAME 'subentry' DESC 'RFC3672: subentry' SUP top STRUCTURAL AUX subschema MUST cn )</ObjectClass>
      <ObjectClass>( 1.2.840.113556.1.5.96 NAME 'subnet' SUP top STRUCTURAL AUX ( bootableDevice $ domainRelatedObject $ dynamicObject $ ieee802Device $ ipHost $ mailRecipient $ posixGroup $ samDomain $ samDomainBase $ securityPrincipal $ shadowAccount $ simpleSecurityObject ) MAY ( location $ physicalLocationObject $ siteObject ) )</ObjectClass>
      <ObjectClass>( 1.2.840.113556.1.5.95 NAME 'subnetContainer' SUP top STRUCTURAL AUX ( bootableDevice $ domainRelatedObject $ dynamicObject $ ieee802Device $ ipHost $ mailRecipient $ posixGroup $ samDomain $ samDomainBase $ securityPrincipal $ shadowAccount $ simpleSecurityObject ) )</ObjectClass>
      <ObjectClass>( 2.5.20.1 NAME 'subschema' DESC 'RFC4512: controlling subschema (sub)entry' SUP top AUXILIARY MAY ( attributeTypes $ dITContentRules $ dITStructureRules $ ldapSyntaxes $ matchingRules $ matchingRuleUse $ objectClasses $ vmwAttributeToIdMap ) )</ObjectClass>
      <ObjectClass>( 2.5.6.0 NAME 'top' SUP top ABSTRACT MUST ( nTSecurityDescriptor $ objectClass ) MAY ( adminDescription $ adminDisplayName $ allowedAttributes $ allowedAttributesEffective $ allowedChildClasses $ allowedChildClassesEffective $ bridgeheadServerListBL $ canonicalName $ cn $ createTimeStamp $ description $ directReports $ displayName $ displayNamePrintable $ distinguishedName $ dSASignature $ dSCorePropagationData $ extensionName $ flags $ fromEntry $ frsComputerReferenceBL $ fRSMemberReferenceBL $ fSMORoleOwner $ instanceType $ isCriticalSystemObject $ isDeleted $ isPrivilegeHolder $ isRecycled $ lastKnownParent $ managedObjects $ masteredBy $ memberOf $ modifyTimeStamp $ mS-DS-ConsistencyChildCount $ mS-DS-ConsistencyGuid $ msCOM-PartitionSetLink $ msCOM-UserLink $ msDFSR-ComputerReferenceBL $ msDFSR-MemberReferenceBL $ msDS-Approx-Immed-Subordinates $ msDS-AuthenticatedToAccountlist $ msDS-EnabledFeatureBL $ msDS-HostServiceAccountBL $ msDS-IsDomainFor $ msDS-IsFullReplicaFor $ msDS-IsPartialReplicaFor $ msDS-KrbTgtLinkBl $ msDS-LastKnownRDN $ msDS-LocalEffectiveDeletionTime $ msDS-LocalEffectiveRecycleTime $ msDs-masteredBy $ msDS-MembersForAzRoleBL $ msDS-NC-RO-Replica-Locations-BL $ msDS-NCReplCursors $ msDS-NCReplInboundNeighbors $ msDS-NCReplOutboundNeighbors $ msDS-NcType $ msDS-NonMembersBL $ msDS-ObjectReferenceBL $ msDS-OIDToGroupLinkBl $ msDS-OperationsForAzRoleBL $ msDS-OperationsForAzTaskBL $ msDS-PrincipalName $ msDS-PSOApplied $ msDS-ReplAttributeMetaData $ msDS-ReplValueMetaData $ msDS-RevealedDSAs $ msDS-RevealedListBL $ msDS-TasksForAzRoleBL $ msDS-TasksForAzTaskBL $ msSFU30PosixMemberOf $ name $ netbootSCPBL $ nonSecurityMemberBL $ objectCategory $ objectGUID $ objectVersion $ otherWellKnownObjects $ ownerBL $ partialAttributeDeletionList $ partialAttributeSet $ possibleInferiors $ proxiedObjectName $ proxyAddresses $ queryPolicyBL $ replPropertyMetaData $ replUpToDateVector $ repsFrom $ repsTo $ revision $ sDRightsEffective $ serverReferenceBL $ showInAdvancedViewOnly $ siteObjectBL $ structuralObjectClass $ subRefs $ subSchemaSubEntry $ systemFlags $ url $ uSNChanged $ uSNCreated $ uSNDSALastObjRemoved $ USNIntersite $ uSNLastObjRem $ uSNSource $ wbemPath $ wellKnownObjects $ whenChanged $ whenCreated $ wWWHomePage ) )</ObjectClass>
      <ObjectClass>( 1.2.840.113556.1.5.34 NAME 'trustedDomain' SUP leaf STRUCTURAL AUX ( bootableDevice $ domainRelatedObject $ dynamicObject $ ieee802Device $ ipHost $ mailRecipient $ posixGroup $ samDomain $ samDomainBase $ securityPrincipal $ shadowAccount $ simpleSecurityObject ) MAY ( additionalTrustedServiceNames $ domainCrossRef $ domainIdentifier $ flatName $ initialAuthIncoming $ initialAuthOutgoing $ mS-DS-CreatorSID $ msDS-SupportedEncryptionTypes $ msDS-TrustForestTrustInfo $ securityIdentifier $ trustAttributes $ trustAuthIncoming $ trustAuthOutgoing $ trustDirection $ trustPartner $ trustPosixOffset $ trustType ) )</ObjectClass>
      <ObjectClass>( 1.2.840.113556.1.5.53 NAME 'typeLibrary' SUP top STRUCTURAL AUX ( bootableDevice $ domainRelatedObject $ dynamicObject $ ieee802Device $ ipHost $ mailRecipient $ posixGroup $ samDomain $ samDomainBase $ securityPrincipal $ shadowAccount $ simpleSecurityObject ) MAY ( cOMClassID $ cOMInterfaceID $ cOMUniqueLIBID ) )</ObjectClass>
      <ObjectClass>( 1.3.6.1.1.3.1 NAME 'uidObject' DESC 'RFC2377: uid object' SUP top AUXILIARY MUST uid )</ObjectClass>
      <ObjectClass>( 1.2.840.113556.1.5.9 NAME 'user' SUP organizationalPerson STRUCTURAL AUX ( bootableDevice $ domainRelatedObject $ dynamicObject $ ieee802Device $ ipHost $ mailRecipient $ posixGroup $ samDomain $ samDomainBase $ securityPrincipal $ shadowAccount $ simpleSecurityObject $ vmwExternalIdpUser $ vmwServicePrincipal ) MUST objectSid MAY ( accountExpires $ aCSPolicyName $ adminCount $ audio $ badPasswordTime $ badPwdCount $ businessCategory $ carLicense $ codePage $ controlAccessRights $ dBCSPwd $ defaultClassStore $ departmentNumber $ desktopProfile $ displayName $ dynamicLDAPServer $ employeeNumber $ employeeType $ givenName $ groupMembershipSAM $ groupPriority $ groupsToIgnore $ homeDirectory $ homeDrive $ homePhone $ homePostalAddress $ initials $ jpegPhoto $ labeledURI $ lastLogoff $ lastLogon $ lastLogonTimestamp $ lmPwdHistory $ localeID $ lockoutTime $ logonCount $ logonHours $ logonWorkstation $ mail $ manager $ maxStorage $ mobile $ mS-DS-CreatorSID $ msCOM-UserPartitionSetLink $ msDRM-IdentityCertificate $ msDS-AuthenticatedAtDC $ msDS-Cached-Membership $ msDS-Cached-Membership-Time-Stamp $ msDS-FailedInteractiveLogonCount $ msDS-FailedInteractiveLogonCountAtLastSuccessfulLogon $ msDS-LastFailedInteractiveLogonTime $ msDS-LastSuccessfulInteractiveLogonTime $ msDS-ResultantPSO $ msDS-SecondaryKrbTgtNumber $ msDS-Site-Affinity $ msDS-SourceObjectDN $ msDS-SupportedEncryptionTypes $ msDS-User-Account-Control-Computed $ msDS-UserPasswordExpiryTimeComputed $ msIIS-FTPDir $ msIIS-FTPRoot $ mSMQDigests $ mSMQDigestsMig $ mSMQSignCertificates $ mSMQSignCertificatesMig $ msNPAllowDialin $ msNPCallingStationID $ msNPSavedCallingStationID $ msPKI-CredentialRoamingTokens $ msPKIAccountCredentials $ msPKIDPAPIMasterKeys $ msPKIRoamingTimeStamp $ msRADIUS-FramedInterfaceId $ msRADIUS-FramedIpv6Prefix $ msRADIUS-FramedIpv6Route $ msRADIUS-SavedFramedInterfaceId $ msRADIUS-SavedFramedIpv6Prefix $ msRADIUS-SavedFramedIpv6Route $ msRADIUSCallbackNumber $ msRADIUSFramedIPAddress $ msRADIUSFramedRoute $ msRADIUSServiceType $ msRASSavedCallbackNumber $ msRASSavedFramedIPAddress $ msRASSavedFramedRoute $ msSFU30Name $ msSFU30NisDomain $ msTSAllowLogon $ msTSBrokenConnectionAction $ msTSConnectClientDrives $ msTSConnectPrinterDrives $ msTSDefaultToMainPrinter $ msTSExpireDate $ msTSExpireDate2 $ msTSExpireDate3 $ msTSExpireDate4 $ msTSHomeDirectory $ msTSHomeDrive $ msTSInitialProgram $ msTSLicenseVersion $ msTSLicenseVersion2 $ msTSLicenseVersion3 $ msTSLicenseVersion4 $ msTSLSProperty01 $ msTSLSProperty02 $ msTSManagingLS $ msTSManagingLS2 $ msTSManagingLS3 $ msTSManagingLS4 $ msTSMaxConnectionTime $ msTSMaxDisconnectionTime $ msTSMaxIdleTime $ msTSPrimaryDesktop $ msTSProfilePath $ msTSProperty01 $ msTSProperty02 $ msTSReconnectionAction $ msTSRemoteControl $ msTSSecondaryDesktops $ msTSWorkDirectory $ networkAddress $ ntPwdHistory $ o $ operatorCount $ otherLoginWorkstations $ pager $ photo $ preferredLanguage $ preferredOU $ primaryGroupID $ profilePath $ pwdLastSet $ roomNumber $ scriptPath $ secretary $ servicePrincipalName $ terminalServer $ uid $ unicodePwd $ userAccountControl $ userCertificate $ userParameters $ userPKCS12 $ userPrincipalName $ userSharedFolder $ userSharedFolderOther $ userSMIMECertificate $ userWorkstations $ x500uniqueIdentifier $ accountNameHistory $ altSecurityIdentities $ garbageCollPeriod $ gecos $ gidNumber $ info $ krbPrincipalKey $ legacyExchangeDN $ loginShell $ msDS-KeyVersionNumber $ msExchAssistantName $ msExchLabeledURI $ rid $ sAMAccountName $ sAMAccountType $ securityIdentifier $ shadowExpire $ shadowFlag $ shadowInactive $ shadowLastChange $ shadowMax $ shadowMin $ shadowWarning $ showInAddressBook $ sIDHistory $ supplementalCredentials $ textEncodedORAddress $ tokenGroups $ tokenGroupsGlobalAndUniversal $ tokenGroupsNoGCAcceptable $ uidNumber $ unixHomeDirectory $ unixUserPassword $ userCert ) )</ObjectClass>
      <ObjectClass>( 2.5.6.18 NAME 'userSecurityInformation' DESC 'RFC2256: a user security information' SUP top AUXILIARY MAY supportedAlgorithms )</ObjectClass>
      <ObjectClass>( VMWare.authz.objectclass.5 NAME 'vmwAuthzAcl' DESC 'VMware Authz Permission' SUP top STRUCTURAL MUST ( cn $ vmwAuthzPermissionPropagate $ vmwAuthzPermissionVersion $ vmwAuthzPrincipalGroup $ vmwAuthzPrincipalName ) MAY vmwAuthzPermissionRoleId )</ObjectClass>
      <ObjectClass>( VMWare.authz.objectclass.6 NAME 'vmwAuthzAclMap' DESC 'VmWare Authz ACLMapping of doc uri and assoicated permissions' SUP top STRUCTURAL MUST ( cn $ vmwAuthzDocUri $ vmwAuthzPermissionPropagate $ vmwAuthzPermissionVersion $ vmwAuthzPrincipalGroup $ vmwAuthzPrincipalName ) MAY vmwAuthzPermissionRoleId )</ObjectClass>
      <ObjectClass>( VMWare.authz.objectclass.7 NAME 'vmwAuthzAclModel' DESC 'VMware Authz acl Model' SUP top STRUCTURAL MUST cn )</ObjectClass>
      <ObjectClass>( VMWare.authz.objectclass.2 NAME 'vmwAuthzPrivilege' DESC 'Privilege' SUP top STRUCTURAL MUST ( cn $ vmwAuthzPrivilegeDescription $ vmwAuthzPrivilegeGroupName $ vmwAuthzPrivilegeId $ vmwAuthzPrivilegeVersion ) MAY vmwAuthzPrivilegeIsOnParent )</ObjectClass>
      <ObjectClass>( VMWare.authz.objectclass.4 NAME 'vmwAuthzPrivModel' DESC 'VMware Authz Priv Model' SUP top STRUCTURAL MUST cn )</ObjectClass>
      <ObjectClass>( VMWare.authz.objectclass.1 NAME 'vmwAuthzRole' DESC 'VMWARE CIS - Authz Role' SUP top STRUCTURAL MUST ( cn $ vmwAuthzRoleDescription $ vmwAuthzRoleName $ vmwAuthzRoleVersion ) MAY ( vmwAuthzRoleIdBeforeUpgrade $ vmwAuthzRolePrivilegeId $ vmwAuthzTenantUri ) )</ObjectClass>
      <ObjectClass>( VMWare.authz.objectclass.3 NAME 'vmwAuthzRoleModel' DESC 'VMware Authz Role Model' SUP top STRUCTURAL MUST cn )</ObjectClass>
      <ObjectClass>( VMWare.CA.objectclass.1 NAME 'vmwCertificationAuthority' SUP top STRUCTURAL AUX pkiCA MUST cn MAY cACertificateDN )</ObjectClass>
      <ObjectClass>( VMWare.CIS.objectclass.2 NAME 'vmwCISLdu' DESC 'VMware CIS - component manager LDU' SUP top STRUCTURAL MUST ( cn $ vmwCISSiteId ) MAY displayName )</ObjectClass>
      <ObjectClass>( VMWare.CIS.objectclass.3 NAME 'vmwCISService' DESC 'VMware CIS - registered service' SUP top STRUCTURAL MUST ( cn $ vmwCISLduId ) MAY ( vmwCISAuxAttributes $ vmwCISDescription $ vmwCISEndpoints $ vmwCISEndpointTypes $ vmwCISGroup $ vmwCISGroupName $ vmwCISHost $ vmwCISName $ vmwCISOwner $ vmwCISProduct $ vmwCISServiceConfigDefinitions $ vmwCISServiceControlScript $ vmwCISType $ vmwCISVersion ) )</ObjectClass>
      <ObjectClass>( VMWare.CIS.objectclass.1 NAME 'vmwCISSite' DESC 'VMware CIS - component manager site' SUP top STRUCTURAL MUST cn MAY displayName )</ObjectClass>
      <ObjectClass>( VMWare.DIR.objectclass.1 NAME 'vmwDirCfg' DESC 'vmware extension' SUP top STRUCTURAL MUST cn MAY ( vmwAttrIndexDesc $ vmwAttrOrganizationList ) )</ObjectClass>
      <ObjectClass>( VMWare.DIR.objectclass.3 NAME 'vmwDirServer' DESC 'Object class defined by vmware to manage a vmware directory server entry.' SUP top STRUCTURAL MUST ( cn $ invocationId $ replInterval $ replPageSize $ serverId ) MAY upToDateVector )</ObjectClass>
      <ObjectClass>( VMWare.DIR.objectclass.5 NAME 'vmwDirServerStatus' DESC 'defines object containing server stats' SUP top STRUCTURAL MUST cn MAY vmwServerRunTimeStatus )</ObjectClass>
      <ObjectClass>( VMWare.DNS.objectclass.1 NAME 'vmwDNSConfig' DESC 'VMware extension to store DNS configuration' SUP top AUXILIARY MAY vmwDNSForwarders )</ObjectClass>
      <ObjectClass>( VMWare.DIR.objectclass.2 NAME 'vmwDseRoot' DESC 'Object class defined by vmware to manage the DSE root entry.' SUP top STRUCTURAL MUST cn MAY ( configurationNamingContext $ defaultNamingContext $ invocationId $ msDS-SiteName $ namingContexts $ rootDomainNamingContext $ schemaNamingContext $ serverName $ subschemaSubentry $ supportedControl $ supportedLDAPVersion $ vmwDCAccountDN $ vmwDCAccountUPN $ vmwPlatformServicesControllerVersion ) )</ObjectClass>
      <ObjectClass>( VMWare.STS.objectclass.25 NAME 'vmwExternalIdpUser' DESC 'VMWare external idp user' SUP top AUXILIARY MUST ( vmwSTSEntityId $ vmwSTSExternalIdpUserId ) )</ObjectClass>
      <ObjectClass>( VMWare.LicSvc.objectclass.4 NAME 'vmwLicSvcAssetEntity' DESC 'VMware License Service - Asset Entity' SUP top STRUCTURAL MUST ( cn $ vmwLicSvcAssetId $ vmwLicSvcAssetInstanceId $ vmwLicSvcAssetIsInEvaluation $ vmwLicSvcAssetName $ vmwLicSvcAssetProductName $ vmwLicSvcAssetProductVersion $ vmwLicSvcObjectClass ) MAY ( vmwLicSvcAssetCostUnitUsageList $ vmwLicSvcAssetEvalExpiry $ vmwLicSvcAssetEvalSerialKey $ vmwLicSvcAssetEvalType $ vmwLicSvcAssetFeaturesInUseList $ vmwLicSvcAssetLicenseId $ vmwLicSvcAssetOwnerId $ vmwLicSvcAssetPropertiesList $ vmwLicSvcAssetScopeId $ vmwLicSvcAssetVersion ) )</ObjectClass>
      <ObjectClass>( VMWare.LicSvc.objectclass.2 NAME 'vmwLicSvcLicenseDescriptionEntity' DESC 'VMware License Service - License Description Entity' SUP top STRUCTURAL MUST ( cn $ vmwLicSvcLicenseDescriptionId $ vmwLicSvcLicenseDescriptionType $ vmwLicSvcObjectClass ) MAY ( vmwLicSvcLicenseDescriptionContent $ vmwLicSvcLicenseDescriptionName $ vmwLicSvcLicenseDescriptionProperties ) )</ObjectClass>
      <ObjectClass>( VMWare.LicSvc.objectclass.1 NAME 'vmwLicSvcLicenseEntity' DESC 'VMware License Service - License Entity' SUP top STRUCTURAL MUST ( cn $ vmwLicSvcLicenseId $ vmwLicSvcLicenseName $ vmwLicSvcLicenseType $ vmwLicSvcObjectClass ) MAY ( vmwLicSvcLicenseProperties $ vmwLicSvcLicenseSerialKeys ) )</ObjectClass>
      <ObjectClass>( VMWare.LicSvc.objectclass.3 NAME 'vmwLicSvcLicenseLabelEntity' DESC 'VMware License Service - License Label Entity' SUP top STRUCTURAL MUST ( cn $ vmwLicSvcLicenseLabelKey $ vmwLicSvcLicenseLabelSerialKey $ vmwLicSvcLicenseLabelValue $ vmwLicSvcObjectClass ) )</ObjectClass>
      <ObjectClass>( VMWare.LKUP.objectclass.5 NAME 'vmwLKUPEndpointRegistration' DESC 'VMware Lookup Service - Endpoint registration entry' SUP top STRUCTURAL MUST ( vmwLKUPEndpointProtocol $ vmwLKUPEndpointType $ vmwLKUPURI ) MAY ( vmwLKUPDescriptionDefault $ vmwLKUPEndpointSslTrust $ vmwLKUPFriendlyNameDefault $ vmwLKUPLegacyId ) )</ObjectClass>
      <ObjectClass>( VMWare.LKUP.objectclass.6 NAME 'vmwLKUPProperty' DESC 'VMware Lookup Service - Custom property of service or endpoint' SUP top STRUCTURAL MUST ( vmwLKUPPropertyName $ vmwLKUPPropertyValue ) )</ObjectClass>
      <ObjectClass>( VMWare.LKUP.objectclass.1 NAME 'vmwLKUPService' DESC 'VMware Lookup Service -Service' SUP top STRUCTURAL MUST ( vmwLKUPServiceType $ vmwLKUPVersion ) MAY ( vmwLKUPDescription $ vmwLKUPFriendlyName $ vmwLKUPLegacyId $ vmwLKUPOwnerId $ vmwLKUPProductId ) )</ObjectClass>
      <ObjectClass>( VMWare.LKUP.objectclass.3 NAME 'vmwLKUPServiceConfiguration' DESC 'VMware Lookup Service - ServiceConfiguration' SUP top STRUCTURAL MUST vmwLKUPConfigKey MAY vmwLKUPConfigValue )</ObjectClass>
      <ObjectClass>( VMWare.LKUP.objectclass.2 NAME 'vmwLKUPServiceEndpoint' DESC 'VMware Lookup Service - ServiceEndpoint' SUP top STRUCTURAL MUST ( vmwLKUPProtocol $ vmwLKUPURI ) MAY vmwLKUPSslTrustAnchor )</ObjectClass>
      <ObjectClass>( VMWare.LKUP.objectclass.4 NAME 'vmwLKUPServiceRegistration' DESC 'VMware Lookup Service - Service registration entry' SUP top STRUCTURAL MUST ( vmwLKUPOwnerId $ vmwLKUPProduct $ vmwLKUPType $ vmwLKUPVersion ) MAY ( vmwLKUPDeploymentNodeId $ vmwLKUPDescriptionDefault $ vmwLKUPDescriptionResourceKey $ vmwLKUPFriendlyNameDefault $ vmwLKUPFriendlyNameResourceKey $ vmwLKUPLegacyIds $ vmwLKUPProductInfoDefault $ vmwLKUPProductInfoResourceKey $ vmwLKUPVendorNameDefault $ vmwLKUPVendorNameResourceKey ) )</ObjectClass>
      <ObjectClass>( VMWare.DIR.objectclass.8 NAME 'vmwLockoutPolicy' DESC 'VMware - per tenant lockout policy' SUP top AUXILIARY MAY ( description $ vmwPasswordChangeAutoUnlockIntervalSec $ vmwPasswordChangeFailedAttemptIntervalSec $ vmwPasswordChangeMaxFailedAttempts ) )</ObjectClass>
      <ObjectClass>( VMWare.OIDC.objectclass.1 NAME 'vmwOidcRelyingParty' DESC 'OpenID Connect 1.0 Relying Party (RP)' SUP top STRUCTURAL MUST ( vmwOidcClientID $ vmwOidcRedirectURIs ) MAY ( vmwOidcCertSubDN $ vmwOidcIDTokenJWSAlg $ vmwOidcLogoutURI $ vmwOidcPostLogoutRedirectURI $ vmwOidcTokenEndpointAuthMethod $ vmwOidcTokenEndpointJWSAlg ) )</ObjectClass>
      <ObjectClass>( VMWare.OIDC.objectclass.2 NAME 'vmwOidcResourceServer' DESC 'Resource Server' SUP top STRUCTURAL MUST vmwOidcResourceServerName MAY vmwOidcResourceServerGroupFilter )</ObjectClass>
      <ObjectClass>( VMWare.DIR.objectclass.7 NAME 'vmwPasswordPolicy' DESC 'VMware - per tenant password policy' SUP top AUXILIARY MAY ( description $ vmwPasswordLifetimeDays $ vmwPasswordMaxIdenticalAdjacentChars $ vmwPasswordMaxLength $ vmwPasswordMinAlphabeticCount $ vmwPasswordMinLength $ vmwPasswordMinLowerCaseCount $ vmwPasswordMinNumericCount $ vmwPasswordMinSpecialCharCount $ vmwPasswordMinUpperCaseCount $ vmwPasswordProhibitedPreviousCount $ vmwPasswordSpecialChars ) )</ObjectClass>
      <ObjectClass>( VMWare.DIR.objectclass.6 NAME 'vmwPolicy' DESC 'VMware - per tenant policy' SUP top STRUCTURAL AUX ( vmwLockoutPolicy $ vmwPasswordPolicy ) MUST ( cn $ Enabled ) )</ObjectClass>
      <ObjectClass>( VMWare.DIR.objectclass.4 NAME 'vmwReplicationAgreement' DESC 'Object class defined by vmware to store and manage replication agreements in vmdir.' SUP top STRUCTURAL MUST labeledURI )</ObjectClass>
      <ObjectClass>( VMWare.DIR.objectclass.10 NAME 'vmwServicePrincipal' DESC 'VMWare service principal' SUP top AUXILIARY MUST ( cn $ vmwSTSSubjectDN ) )</ObjectClass>
      <ObjectClass>( VMWare.STS.objectclass.4 NAME 'vmwSTSAssertionConsumerService' DESC 'VMware Identity Service - AssertionConsumerService' SUP top STRUCTURAL MUST cn MAY ( vmwSTSBinding $ vmwSTSEndpoint $ vmwSTSIndex ) )</ObjectClass>
      <ObjectClass>( VMWare.STS.objectclass.13 NAME 'vmwSTSAttribute' DESC 'VMware Identity Service - Attribute' SUP top STRUCTURAL MUST ( cn $ name $ vmwSTSName $ vmwSTSNameFormat ) )</ObjectClass>
      <ObjectClass>( VMWare.STS.objectclass.5 NAME 'vmwSTSAttributeConsumerService' DESC 'VMware Identity Service - AttributeConsumerService' SUP top STRUCTURAL MUST cn MAY vmwSTSIndex )</ObjectClass>
      <ObjectClass>( VMWare.STS.objectclass.14 NAME 'vmwSTSAttributeContainer' DESC 'VMware Identity Service - Attribute Container' SUP top STRUCTURAL MUST cn )</ObjectClass>
      <ObjectClass>( VMWare.STS.objectclass.12 NAME 'vmwSTSAttributeMap' DESC 'VMware Identity Service - Attribute Map' SUP top STRUCTURAL MUST ( cn $ vmwSTSMapKey $ vmwSTSMapValue ) )</ObjectClass>
      <ObjectClass>( VMWare.STS.objectclass.16 NAME 'vmwSTSCertificate' DESC 'VMware Identity Service - Certificate' SUP top STRUCTURAL MUST ( cn $ userCertificate $ vmwSTSCertificateType $ vmwSTSFingerprint ) )</ObjectClass>
      <ObjectClass>( VMWare.STS.objectclass.24 NAME 'vmwSTSExternalIdp' DESC 'VMware Identity Service - External Idp' SUP top STRUCTURAL MUST ( cn $ vmwSTSEntityId ) MAY ( vmwSTSAlias $ vmwSTSExternalIdpEnableJit $ vmwSTSExternalIdpUpnSuffix $ vmwSTSNameIDFormat ) )</ObjectClass>
      <ObjectClass>( VMWare.STS.objectclass.2 NAME 'vmwSTSIdentityStore' DESC 'VMware Identity Service - IdentityStore' SUP top STRUCTURAL MUST ( cn $ vmwSTSAuthenticationType $ vmwSTSDomainName $ vmwSTSDomainType $ vmwSTSProviderType ) MAY ( userCertificate $ vmwSTSAlias $ vmwSTSAuthnTypes $ vmwSTSConnectionStrings $ vmwSTSGroupBaseDN $ vmwSTSIdentityStoreFlags $ vmwSTSName $ vmwSTSPassword $ vmwSTSServicePrincipalName $ vmwSTSServiceUseMachineAccount $ vmwSTSTimeout $ vmwSTSUpnSuffixes $ vmwSTSUserBaseDN $ vmwSTSUserName ) )</ObjectClass>
      <ObjectClass>( VMWare.STS.objectclass.15 NAME 'vmwSTSIdentityStoreAlias' DESC 'VMware Identity Service - Alias to Identity Store' SUP alias STRUCTURAL MUST cn )</ObjectClass>
      <ObjectClass>( VMWare.STS.objectclass.3 NAME 'vmwSTSRelyingParty' DESC 'VMware Identity Service - RelyingParty' SUP top STRUCTURAL MUST ( cn $ name $ vmwSTSRelyingPartyURL ) MAY ( userCertificate $ vmwSTSAuthnRequestsSigned $ vmwSTSDefaultAssertionConsumerService $ vmwSTSDefaultAttributeConsumerService $ vmwSTSDigestMethods $ vmwSTSNameIDFormat $ vmwSTSOneTimeUse ) )</ObjectClass>
      <ObjectClass>( VMWare.STS.objectclass.6 NAME 'vmwSTSSignatureAlgorithm' DESC 'VMware Identity Service - SignatureAlgorithm' SUP top STRUCTURAL MUST cn MAY ( vmwSTSMaximumKeySize $ vmwSTSMinimumKeySize $ vmwSTSPriority ) )</ObjectClass>
      <ObjectClass>( VMWare.STS.objectclass.21 NAME 'vmwSTSSingleLogoutService' DESC 'VMware Identity Service - SingleLogoutService' SUP top STRUCTURAL MUST cn MAY ( vmwSTSBinding $ vmwSTSEndpoint $ vmwSTSResponseEndpoint ) )</ObjectClass>
      <ObjectClass>( VMWare.STS.objectclass.23 NAME 'vmwSTSSingleSignOnService' DESC 'VMware Identity Service - SingleSignOnService' SUP top STRUCTURAL MUST cn MAY ( vmwSTSBinding $ vmwSTSEndpoint ) )</ObjectClass>
      <ObjectClass>( VMWare.STS.objectclass.1 NAME 'vmwSTSTenant' DESC 'VMware Identity Service - Tenant' SUP top STRUCTURAL MUST ( cn $ vmwSTSGuidIdentity ) MAY ( name $ vmwSTSAlias $ vmwSTSAuthnTypes $ vmwSTSBrandName $ vmwSTSClockTolerance $ vmwSTSDefaultIdentityProvider $ vmwSTSDelegationCount $ vmwSTSEnableIdpSelection $ vmwSTSEnablePasswordExpirationEmailNotification $ vmwSTSEntityId $ vmwSTSIssuerName $ vmwSTSLogonBanner $ vmwSTSLogonBannerEnableCheckbox $ vmwSTSLogonBannerTitle $ vmwSTSMaxBearerRefreshTokenLifetime $ vmwSTSMaxBearerTokenLifetime $ vmwSTSMaxHolderOfKeyRefreshTokenLifetime $ vmwSTSMaxHolderOfKeyTokenLifetime $ vmwSTSPasswordExpirationEmailSubject $ vmwSTSPasswordExpirationFromEmail $ vmwSTSPasswordExpirationNotificationDays $ vmwSTSRenewCount $ vmwSTSSignatureAlgorithmIdentifier $ vmwSTSTenantKey ) )</ObjectClass>
      <ObjectClass>( VMWare.STS.objectclass.26 NAME 'vmwSTSTenantClientCertificatePolicy' DESC 'VMware Identity Service - Client Certificate Policy' SUP top STRUCTURAL MUST cn MAY ( userCertificate $ vmwSTSClientCertCRLCacheSize $ vmwSTSClientCertCRLUrl $ vmwSTSClientCertCustomCertPolicyOid $ vmwSTSClientCertOCSPEnabled $ vmwSTSClientCertOCSPUrl $ vmwSTSClientCertRevocationCheckEnabled $ vmwSTSClientCertSendOCSPNounce $ vmwSTSClientCertUseCertCRL $ vmwSTSClientCertUseCRLAsFailOver ) )</ObjectClass>
      <ObjectClass>( VMWare.STS.objectclass.17 NAME 'vmwSTSTenantCredential' DESC 'VMware Identity Service - Privatekey and Certificate Chain' SUP top STRUCTURAL MUST ( cn $ userCertificate $ vmwSTSPrivateKey ) )</ObjectClass>
      <ObjectClass>( VMWare.STS.objectclass.27 NAME 'vmwSTSTenantRsaAgentConfiguration' DESC 'VMware Identity Service - RSA secureID agent configuration' SUP top STRUCTURAL MUST cn MAY ( vmwSTSRsaConnectionTimeOut $ vmwSTSRsaEncryptionAlg $ vmwSTSRsaLogFileSize $ vmwSTSRsaLoginGuidence $ vmwSTSRsaLogLevel $ vmwSTSRsaMaxLogFileCount $ vmwSTSRsaReadTimeOut ) )</ObjectClass>
      <ObjectClass>( VMWare.STS.objectclass.28 NAME 'vmwSTSTenantRsaAgentInstance' DESC 'VMware Identity Service - RSA secureID site configuration' SUP top STRUCTURAL MUST ( cn $ vmwSTSRsaAgentName $ vmwSTSRsaSDConfigRec $ vmwSTSRsaSiteID ) MAY vmwSTSRsaSDOptsRec )</ObjectClass>
      <ObjectClass>( VMWare.STS.objectclass.11 NAME 'vmwSTSTenantsContainer' DESC 'VMware Identity Service - Tenants Container' SUP top STRUCTURAL MUST cn MAY ( vmwSTSDefaultTenant $ vmwSTSSystemTenant ) )</ObjectClass>
      <ObjectClass>( VMWare.STS.objectclass.22 NAME 'vmwSTSTenantTrustedCertificateChain' DESC 'VMware Identity Service - Trusted Certificate Chain' SUP top STRUCTURAL MUST ( cn $ userCertificate ) )</ObjectClass>
      <ObjectClass>( VMWare.tagging.objectclass.2 NAME 'vmwTaggingCategoryModel' DESC 'VMware CIS - tagging service category' SUP top STRUCTURAL MUST ( cn $ vmwTaggingCategoryCardinality $ vmwTaggingCategoryName $ vmwTaggingCategoryVersion ) MAY ( vmwTaggingCategoryAssociableType $ vmwTaggingCategoryDescription $ vmwTaggingCategoryUsedBy $ vmwTaggingObjectState ) )</ObjectClass>
      <ObjectClass>( VMWare.tagging.objectclass.1 NAME 'vmwTaggingScopeModel' DESC 'VMware CIS - tagging service scope' SUP top STRUCTURAL MUST ( cn $ vmwTaggingIsSystemScope $ vmwTaggingScopeVersion ) MAY ( vmwTaggingAuthzUri $ vmwTaggingObjectState $ vmwTaggingSystemScopeFlag ) )</ObjectClass>
      <ObjectClass>( VMWare.tagging.objectclass.3 NAME 'vmwTaggingTagModel' DESC 'VMware CIS - tagging service tag' SUP top STRUCTURAL MUST ( cn $ vmwTaggingTagName $ vmwTaggingTagVersion ) MAY ( vmwTaggingObjectState $ vmwTaggingTagDescription $ vmwTaggingTagUsedBy ) )</ObjectClass>
      <ObjectClass>( 1.2.840.113556.1.5.36 NAME 'volume' SUP connectionPoint STRUCTURAL AUX ( bootableDevice $ domainRelatedObject $ dynamicObject $ ieee802Device $ ipHost $ mailRecipient $ posixGroup $ samDomain $ samDomainBase $ securityPrincipal $ shadowAccount $ simpleSecurityObject ) MUST uNCName MAY ( contentIndexingAllowed $ lastContentIndexed ) )</ObjectClass>
    </ObjectClasses>
  </SubSchemaSubEntry>
  <SchemaEntries>
    <AttributeSchemaEntries>
      <AttributeSchemaEntry>
        <Name>accountExpires</Name>
        <AttributeMetadata>
          <Value>attributeID:1734:1:55a73700-c891-46fd-8f5c-72bc827f2ef5:20160407213830.890:1734</Value>
          <Value>attributeSyntax:1734:1:55a73700-c891-46fd-8f5c-72bc827f2ef5:20160407213830.890:1734</Value>
          <Value>cn:1734:1:55a73700-c891-46fd-8f5c-72bc827f2ef5:20160407213830.890:1734</Value>
          <Value>createTimeStamp:1734:1:55a73700-c891-46fd-8f5c-72bc827f2ef5:20160407213830.890:1734</Value>
          <Value>entryDN:1734:1:55a73700-c891-46fd-8f5c-72bc827f2ef5:20160407213830.890:1734</Value>
          <Value>isSingleValued:1734:1:55a73700-c891-46fd-8f5c-72bc827f2ef5:20160407213830.890:1734</Value>
          <Value>lDAPDisplayName:1734:1:55a73700-c891-46fd-8f5c-72bc827f2ef5:20160407213830.890:1734</Value>
          <Value>modifyTimeStamp:1734:1:55a73700-c891-46fd-8f5c-72bc827f2ef5:20160407213830.890:1734</Value>
          <Value>objectClass:1734:1:55a73700-c891-46fd-8f5c-72bc827f2ef5:20160407213830.890:1734</Value>
          <Value>objectGUID:1734:1:55a73700-c891-46fd-8f5c-72bc827f2ef5:20160407213830.890:1734</Value>
          <Value>oMSyntax:1734:1:55a73700-c891-46fd-8f5c-72bc827f2ef5:20160407213830.890:1734</Value>
          <Value>schemaIDGUID:1734:1:55a73700-c891-46fd-8f5c-72bc827f2ef5:20160407213830.890:1734</Value>
          <Value>uSNChanged:1734:1:55a73700-c891-46fd-8f5c-72bc827f2ef5:20160407213830.890:1734</Value>
          <Value>uSNCreated:1734:1:55a73700-c891-46fd-8f5c-72bc827f2ef5:20160407213830.890:1734</Value>
          <Value>vmwAttributeUsage:1734:1:55a73700-c891-46fd-8f5c-72bc827f2ef5:20160407213830.890:1734</Value>
        </AttributeMetadata>
      </AttributeSchemaEntry>
      <AttributeSchemaEntry>
        <Name>accountNameHistory</Name>
        <AttributeMetadata>
          <Value>attributeID:258:1:55a73700-c891-46fd-8f5c-72bc827f2ef5:20160407213828.409:258</Value>
          <Value>attributeSyntax:258:1:55a73700-c891-46fd-8f5c-72bc827f2ef5:20160407213828.409:258</Value>
          <Value>cn:258:1:55a73700-c891-46fd-8f5c-72bc827f2ef5:20160407213828.409:258</Value>
          <Value>createTimeStamp:258:1:55a73700-c891-46fd-8f5c-72bc827f2ef5:20160407213828.409:258</Value>
          <Value>entryDN:258:1:55a73700-c891-46fd-8f5c-72bc827f2ef5:20160407213828.409:258</Value>
          <Value>isSingleValued:258:1:55a73700-c891-46fd-8f5c-72bc827f2ef5:20160407213828.409:258</Value>
          <Value>lDAPDisplayName:258:1:55a73700-c891-46fd-8f5c-72bc827f2ef5:20160407213828.409:258</Value>
          <Value>modifyTimeStamp:258:1:55a73700-c891-46fd-8f5c-72bc827f2ef5:20160407213828.409:258</Value>
          <Value>objectClass:258:1:55a73700-c891-46fd-8f5c-72bc827f2ef5:20160407213828.409:258</Value>
          <Value>objectGUID:258:1:55a73700-c891-46fd-8f5c-72bc827f2ef5:20160407213828.409:258</Value>
          <Value>oMSyntax:258:1:55a73700-c891-46fd-8f5c-72bc827f2ef5:20160407213828.409:258</Value>
          <Value>schemaIDGUID:258:1:55a73700-c891-46fd-8f5c-72bc827f2ef5:20160407213828.409:258</Value>
          <Value>uSNChanged:258:1:55a73700-c891-46fd-8f5c-72bc827f2ef5:20160407213828.409:258</Value>
          <Value>uSNCreated:258:1:55a73700-c891-46fd-8f5c-72bc827f2ef5:20160407213828.409:258</Value>
          <Value>vmwAttributeUsage:258:1:55a73700-c891-46fd-8f5c-72bc827f2ef5:20160407213828.409:258</Value>
        </AttributeMetadata>
      </AttributeSchemaEntry>
      <AttributeSchemaEntry>
        <Name>aCSAggregateTokenRatePerUser</Name>
        <AttributeMetadata>
          <Value>attributeID:828:1:55a73700-c891-46fd-8f5c-72bc827f2ef5:20160407213829.335:828</Value>
          <Value>attributeSyntax:828:1:55a73700-c891-46fd-8f5c-72bc827f2ef5:20160407213829.335:828</Value>
          <Value>cn:828:1:55a73700-c891-46fd-8f5c-72bc827f2ef5:20160407213829.335:828</Value>
          <Value>createTimeStamp:828:1:55a73700-c891-46fd-8f5c-72bc827f2ef5:20160407213829.335:828</Value>
          <Value>entryDN:828:1:55a73700-c891-46fd-8f5c-72bc827f2ef5:20160407213829.335:828</Value>
          <Value>isSingleValued:828:1:55a73700-c891-46fd-8f5c-72bc827f2ef5:20160407213829.335:828</Value>
          <Value>lDAPDisplayName:828:1:55a73700-c891-46fd-8f5c-72bc827f2ef5:20160407213829.335:828</Value>
          <Value>modifyTimeStamp:828:1:55a73700-c891-46fd-8f5c-72bc827f2ef5:20160407213829.335:828</Value>
          <Value>objectClass:828:1:55a73700-c891-46fd-8f5c-72bc827f2ef5:20160407213829.335:828</Value>
          <Value>objectGUID:828:1:55a73700-c891-46fd-8f5c-72bc827f2ef5:20160407213829.335:828</Value>
          <Value>oMSyntax:828:1:55a73700-c891-46fd-8f5c-72bc827f2ef5:20160407213829.335:828</Value>
          <Value>schemaIDGUID:828:1:55a73700-c891-46fd-8f5c-72bc827f2ef5:20160407213829.335:828</Value>
          <Value>uSNChanged:828:1:55a73700-c891-46fd-8f5c-72bc827f2ef5:20160407213829.335:828</Value>
          <Value>uSNCreated:828:1:55a73700-c891-46fd-8f5c-72bc827f2ef5:20160407213829.335:828</Value>
          <Value>vmwAttributeUsage:828:1:55a73700-c891-46fd-8f5c-72bc827f2ef5:20160407213829.335:828</Value>
        </AttributeMetadata>
      </AttributeSchemaEntry>
      <AttributeSchemaEntry>
        <Name>aCSAllocableRSVPBandwidth</Name>
        <AttributeMetadata>
          <Value>attributeID:1140:1:55a73700-c891-46fd-8f5c-72bc827f2ef5:20160407213829.890:1140</Value>
          <Value>attributeSyntax:1140:1:55a73700-c891-46fd-8f5c-72bc827f2ef5:20160407213829.890:1140</Value>
          <Value>cn:1140:1:55a73700-c891-46fd-8f5c-72bc827f2ef5:20160407213829.890:1140</Value>
          <Value>createTimeStamp:1140:1:55a73700-c891-46fd-8f5c-72bc827f2ef5:20160407213829.890:1140</Value>
          <Value>entryDN:1140:1:55a73700-c891-46fd-8f5c-72bc827f2ef5:20160407213829.890:1140</Value>
          <Value>isSingleValued:1140:1:55a73700-c891-46fd-8f5c-72bc827f2ef5:20160407213829.890:1140</Value>
          <Value>lDAPDisplayName:1140:1:55a73700-c891-46fd-8f5c-72bc827f2ef5:20160407213829.890:1140</Value>
          <Value>modifyTimeStamp:1140:1:55a73700-c891-46fd-8f5c-72bc827f2ef5:20160407213829.890:1140</Value>
          <Value>objectClass:1140:1:55a73700-c891-46fd-8f5c-72bc827f2ef5:20160407213829.890:1140</Value>
          <Value>objectGUID:1140:1:55a73700-c891-46fd-8f5c-72bc827f2ef5:20160407213829.890:1140</Value>
          <Value>oMSyntax:1140:1:55a73700-c891-46fd-8f5c-72bc827f2ef5:20160407213829.890:1140</Value>
          <Value>schemaIDGUID:1140:1:55a73700-c891-46fd-8f5c-72bc827f2ef5:20160407213829.890:1140</Value>
          <Value>uSNChanged:1140:1:55a73700-c891-46fd-8f5c-72bc827f2ef5:20160407213829.890:1140</Value>
          <Value>uSNCreated:1140:1:55a73700-c891-46fd-8f5c-72bc827f2ef5:20160407213829.890:1140</Value>
          <Value>vmwAttributeUsage:1140:1:55a73700-c891-46fd-8f5c-72bc827f2ef5:20160407213829.890:1140</Value>
        </AttributeMetadata>
      </AttributeSchemaEntry>
      <AttributeSchemaEntry>
        <Name>aCSCacheTimeout</Name>
        <AttributeMetadata>
          <Value>attributeID:298:1:55a73700-c891-46fd-8f5c-72bc827f2ef5:20160407213828.466:298</Value>
          <Value>attributeSyntax:298:1:55a73700-c891-46fd-8f5c-72bc827f2ef5:20160407213828.466:298</Value>
          <Value>cn:298:1:55a73700-c891-46fd-8f5c-72bc827f2ef5:20160407213828.466:298</Value>
          <Value>createTimeStamp:298:1:55a73700-c891-46fd-8f5c-72bc827f2ef5:20160407213828.466:298</Value>
          <Value>entryDN:298:1:55a73700-c891-46fd-8f5c-72bc827f2ef5:20160407213828.466:298</Value>
          <Value>isSingleValued:298:1:55a73700-c891-46fd-8f5c-72bc827f2ef5:20160407213828.466:298</Value>
          <Value>lDAPDisplayName:298:1:55a73700-c891-46fd-8f5c-72bc827f2ef5:20160407213828.466:298</Value>
          <Value>modifyTimeStamp:298:1:55a73700-c891-46fd-8f5c-72bc827f2ef5:20160407213828.466:298</Value>
          <Value>objectClass:298:1:55a73700-c891-46fd-8f5c-72bc827f2ef5:20160407213828.466:298</Value>
          <Value>objectGUID:298:1:55a73700-c891-46fd-8f5c-72bc827f2ef5:20160407213828.466:298</Value>
          <Value>oMSyntax:298:1:55a73700-c891-46fd-8f5c-72bc827f2ef5:20160407213828.466:298</Value>
          <Value>schemaIDGUID:298:1:55a73700-c891-46fd-8f5c-72bc827f2ef5:20160407213828.466:298</Value>
          <Value>uSNChanged:298:1:55a73700-c891-46fd-8f5c-72bc827f2ef5:20160407213828.466:298</Value>
          <Value>uSNCreated:298:1:55a73700-c891-46fd-8f5c-72bc827f2ef5:20160407213828.466:298</Value>
          <Value>vmwAttributeUsage:298:1:55a73700-c891-46fd-8f5c-72bc827f2ef5:20160407213828.466:298</Value>
        </AttributeMetadata>
      </AttributeSchemaEntry>
      <AttributeSchemaEntry>
        <Name>aCSDirection</Name>
        <AttributeMetadata>
          <Value>attributeID:796:1:55a73700-c891-46fd-8f5c-72bc827f2ef5:20160407213829.288:796</Value>
          <Value>attributeSyntax:796:1:55a73700-c891-46fd-8f5c-72bc827f2ef5:20160407213829.288:796</Value>
          <Value>cn:796:1:55a73700-c891-46fd-8f5c-72bc827f2ef5:20160407213829.288:796</Value>
          <Value>createTimeStamp:796:1:55a73700-c891-46fd-8f5c-72bc827f2ef5:20160407213829.288:796</Value>
          <Value>entryDN:796:1:55a73700-c891-46fd-8f5c-72bc827f2ef5:20160407213829.288:796</Value>
          <Value>isSingleValued:796:1:55a73700-c891-46fd-8f5c-72bc827f2ef5:20160407213829.288:796</Value>
          <Value>lDAPDisplayName:796:1:55a73700-c891-46fd-8f5c-72bc827f2ef5:20160407213829.288:796</Value>
          <Value>modifyTimeStamp:796:1:55a73700-c891-46fd-8f5c-72bc827f2ef5:20160407213829.288:796</Value>
          <Value>objectClass:796:1:55a73700-c891-46fd-8f5c-72bc827f2ef5:20160407213829.288:796</Value>
          <Value>objectGUID:796:1:55a73700-c891-46fd-8f5c-72bc827f2ef5:20160407213829.288:796</Value>
          <Value>oMSyntax:796:1:55a73700-c891-46fd-8f5c-72bc827f2ef5:20160407213829.288:796</Value>
          <Value>schemaIDGUID:796:1:55a73700-c891-46fd-8f5c-72bc827f2ef5:20160407213829.288:796</Value>
          <Value>uSNChanged:796:1:55a73700-c891-46fd-8f5c-72bc827f2ef5:20160407213829.288:796</Value>
          <Value>uSNCreated:796:1:55a73700-c891-46fd-8f5c-72bc827f2ef5:20160407213829.288:796</Value>
          <Value>vmwAttributeUsage:796:1:55a73700-c891-46fd-8f5c-72bc827f2ef5:20160407213829.288:796</Value>
        </AttributeMetadata>
      </AttributeSchemaEntry>
      <AttributeSchemaEntry>
        <Name>aCSDSBMDeadTime</Name>
        <AttributeMetadata>
          <Value>attributeID:540:1:55a73700-c891-46fd-8f5c-72bc827f2ef5:20160407213828.848:540</Value>
          <Value>attributeSyntax:540:1:55a73700-c891-46fd-8f5c-72bc827f2ef5:20160407213828.848:540</Value>
          <Value>cn:540:1:55a73700-c891-46fd-8f5c-72bc827f2ef5:20160407213828.848:540</Value>
          <Value>createTimeStamp:540:1:55a73700-c891-46fd-8f5c-72bc827f2ef5:20160407213828.848:540</Value>
          <Value>entryDN:540:1:55a73700-c891-46fd-8f5c-72bc827f2ef5:20160407213828.848:540</Value>
          <Value>isSingleValued:540:1:55a73700-c891-46fd-8f5c-72bc827f2ef5:20160407213828.848:540</Value>
          <Value>lDAPDisplayName:540:1:55a73700-c891-46fd-8f5c-72bc827f2ef5:20160407213828.848:540</Value>
          <Value>modifyTimeStamp:540:1:55a73700-c891-46fd-8f5c-72bc827f2ef5:20160407213828.848:540</Value>
          <Value>objectClass:540:1:55a73700-c891-46fd-8f5c-72bc827f2ef5:20160407213828.848:540</Value>
          <Value>objectGUID:540:1:55a73700-c891-46fd-8f5c-72bc827f2ef5:20160407213828.848:540</Value>
          <Value>oMSyntax:540:1:55a73700-c891-46fd-8f5c-72bc827f2ef5:20160407213828.848:540</Value>
          <Value>schemaIDGUID:540:1:55a73700-c891-46fd-8f5c-72bc827f2ef5:20160407213828.848:540</Value>
          <Value>uSNChanged:540:1:55a73700-c891-46fd-8f5c-72bc827f2ef5:20160407213828.848:540</Value>
          <Value>uSNCreated:540:1:55a73700-c891-46fd-8f5c-72bc827f2ef5:20160407213828.848:540</Value>
          <Value>vmwAttributeUsage:540:1:55a73700-c891-46fd-8f5c-72bc827f2ef5:20160407213828.848:540</Value>
        </AttributeMetadata>
      </AttributeSchemaEntry>
      <AttributeSchemaEntry>
        <Name>aCSDSBMPriority</Name>
        <AttributeMetadata>
          <Value>attributeID:327:1:55a73700-c891-46fd-8f5c-72bc827f2ef5:20160407213828.505:327</Value>
          <Value>attributeSyntax:327:1:55a73700-c891-46fd-8f5c-72bc827f2ef5:20160407213828.505:327</Value>
          <Value>cn:327:1:55a73700-c891-46fd-8f5c-72bc827f2ef5:20160407213828.505:327</Value>
          <Value>createTimeStamp:327:1:55a73700-c891-46fd-8f5c-72bc827f2ef5:20160407213828.505:327</Value>
          <Value>entryDN:327:1:55a73700-c891-46fd-8f5c-72bc827f2ef5:20160407213828.505:327</Value>
          <Value>isSingleValued:327:1:55a73700-c891-46fd-8f5c-72bc827f2ef5:20160407213828.505:327</Value>
          <Value>lDAPDisplayName:327:1:55a73700-c891-46fd-8f5c-72bc827f2ef5:20160407213828.505:327</Value>
          <Value>modifyTimeStamp:327:1:55a73700-c891-46fd-8f5c-72bc827f2ef5:20160407213828.505:327</Value>
          <Value>objectClass:327:1:55a73700-c891-46fd-8f5c-72bc827f2ef5:20160407213828.505:327</Value>
          <Value>objectGUID:327:1:55a73700-c891-46fd-8f5c-72bc827f2ef5:20160407213828.505:327</Value>
          <Value>oMSyntax:327:1:55a73700-c891-46fd-8f5c-72bc827f2ef5:20160407213828.505:327</Value>
          <Value>schemaIDGUID:327:1:55a73700-c891-46fd-8f5c-72bc827f2ef5:20160407213828.505:327</Value>
          <Value>uSNChanged:327:1:55a73700-c891-46fd-8f5c-72bc827f2ef5:20160407213828.505:327</Value>
          <Value>uSNCreated:327:1:55a73700-c891-46fd-8f5c-72bc827f2ef5:20160407213828.505:327</Value>
          <Value>vmwAttributeUsage:327:1:55a73700-c891-46fd-8f5c-72bc827f2ef5:20160407213828.505:327</Value>
        </AttributeMetadata>
      </AttributeSchemaEntry>
      <AttributeSchemaEntry>
        <Name>aCSDSBMRefresh</Name>
        <AttributeMetadata>
          <Value>attributeID:453:1:55a73700-c891-46fd-8f5c-72bc827f2ef5:20160407213828.706:453</Value>
          <Value>attributeSyntax:453:1:55a73700-c891-46fd-8f5c-72bc827f2ef5:20160407213828.706:453</Value>
          <Value>cn:453:1:55a73700-c891-46fd-8f5c-72bc827f2ef5:20160407213828.706:453</Value>
          <Value>createTimeStamp:453:1:55a73700-c891-46fd-8f5c-72bc827f2ef5:20160407213828.706:453</Value>
          <Value>entryDN:453:1:55a73700-c891-46fd-8f5c-72bc827f2ef5:20160407213828.706:453</Value>
          <Value>isSingleValued:453:1:55a73700-c891-46fd-8f5c-72bc827f2ef5:20160407213828.706:453</Value>
          <Value>lDAPDisplayName:453:1:55a73700-c891-46fd-8f5c-72bc827f2ef5:20160407213828.706:453</Value>
          <Value>modifyTimeStamp:453:1:55a73700-c891-46fd-8f5c-72bc827f2ef5:20160407213828.706:453</Value>
          <Value>objectClass:453:1:55a73700-c891-46fd-8f5c-72bc827f2ef5:20160407213828.706:453</Value>
          <Value>objectGUID:453:1:55a73700-c891-46fd-8f5c-72bc827f2ef5:20160407213828.706:453</Value>
          <Value>oMSyntax:453:1:55a73700-c891-46fd-8f5c-72bc827f2ef5:20160407213828.706:453</Value>
          <Value>schemaIDGUID:453:1:55a73700-c891-46fd-8f5c-72bc827f2ef5:20160407213828.706:453</Value>
          <Value>uSNChanged:453:1:55a73700-c891-46fd-8f5c-72bc827f2ef5:20160407213828.706:453</Value>
          <Value>uSNCreated:453:1:55a73700-c891-46fd-8f5c-72bc827f2ef5:20160407213828.706:453</Value>
          <Value>vmwAttributeUsage:453:1:55a73700-c891-46fd-8f5c-72bc827f2ef5:20160407213828.706:453</Value>
        </AttributeMetadata>
      </AttributeSchemaEntry>
      <AttributeSchemaEntry>
        <Name>aCSEnableACSService</Name>
        <AttributeMetadata>
          <Value>attributeID:824:1:55a73700-c891-46fd-8f5c-72bc827f2ef5:20160407213829.331:824</Value>
          <Value>attributeSyntax:824:1:55a73700-c891-46fd-8f5c-72bc827f2ef5:20160407213829.331:824</Value>
          <Value>cn:824:1:55a73700-c891-46fd-8f5c-72bc827f2ef5:20160407213829.331:824</Value>
          <Value>createTimeStamp:824:1:55a73700-c891-46fd-8f5c-72bc827f2ef5:20160407213829.331:824</Value>
          <Value>entryDN:824:1:55a73700-c891-46fd-8f5c-72bc827f2ef5:20160407213829.331:824</Value>
          <Value>isSingleValued:824:1:55a73700-c891-46fd-8f5c-72bc827f2ef5:20160407213829.331:824</Value>
          <Value>lDAPDisplayName:824:1:55a73700-c891-46fd-8f5c-72bc827f2ef5:20160407213829.331:824</Value>
          <Value>modifyTimeStamp:824:1:55a73700-c891-46fd-8f5c-72bc827f2ef5:20160407213829.331:824</Value>
          <Value>objectClass:824:1:55a73700-c891-46fd-8f5c-72bc827f2ef5:20160407213829.331:824</Value>
          <Value>objectGUID:824:1:55a73700-c891-46fd-8f5c-72bc827f2ef5:20160407213829.331:824</Value>
          <Value>oMSyntax:824:1:55a73700-c891-46fd-8f5c-72bc827f2ef5:20160407213829.331:824</Value>
          <Value>schemaIDGUID:824:1:55a73700-c891-46fd-8f5c-72bc827f2ef5:20160407213829.331:824</Value>
          <Value>uSNChanged:824:1:55a73700-c891-46fd-8f5c-72bc827f2ef5:20160407213829.331:824</Value>
          <Value>uSNCreated:824:1:55a73700-c891-46fd-8f5c-72bc827f2ef5:20160407213829.331:824</Value>
          <Value>vmwAttributeUsage:824:1:55a73700-c891-46fd-8f5c-72bc827f2ef5:20160407213829.331:824</Value>
        </AttributeMetadata>
      </AttributeSchemaEntry>
      <AttributeSchemaEntry>
        <Name>aCSEnableRSVPAccounting</Name>
        <AttributeMetadata>
          <Value>attributeID:1426:1:55a73700-c891-46fd-8f5c-72bc827f2ef5:20160407213830.364:1426</Value>
          <Value>attributeSyntax:1426:1:55a73700-c891-46fd-8f5c-72bc827f2ef5:20160407213830.364:1426</Value>
          <Value>cn:1426:1:55a73700-c891-46fd-8f5c-72bc827f2ef5:20160407213830.364:1426</Value>
          <Value>createTimeStamp:1426:1:55a73700-c891-46fd-8f5c-72bc827f2ef5:20160407213830.364:1426</Value>
          <Value>entryDN:1426:1:55a73700-c891-46fd-8f5c-72bc827f2ef5:20160407213830.364:1426</Value>
          <Value>isSingleValued:1426:1:55a73700-c891-46fd-8f5c-72bc827f2ef5:20160407213830.364:1426</Value>
          <Value>lDAPDisplayName:1426:1:55a73700-c891-46fd-8f5c-72bc827f2ef5:20160407213830.364:1426</Value>
          <Value>modifyTimeStamp:1426:1:55a73700-c891-46fd-8f5c-72bc827f2ef5:20160407213830.364:1426</Value>
          <Value>objectClass:1426:1:55a73700-c891-46fd-8f5c-72bc827f2ef5:20160407213830.364:1426</Value>
          <Value>objectGUID:1426:1:55a73700-c891-46fd-8f5c-72bc827f2ef5:20160407213830.364:1426</Value>
          <Value>oMSyntax:1426:1:55a73700-c891-46fd-8f5c-72bc827f2ef5:20160407213830.364:1426</Value>
          <Value>schemaIDGUID:1426:1:55a73700-c891-46fd-8f5c-72bc827f2ef5:20160407213830.364:1426</Value>
          <Value>uSNChanged:1426:1:55a73700-c891-46fd-8f5c-72bc827f2ef5:20160407213830.364:1426</Value>
          <Value>uSNCreated:1426:1:55a73700-c891-46fd-8f5c-72bc827f2ef5:20160407213830.364:1426</Value>
          <Value>vmwAttributeUsage:1426:1:55a73700-c891-46fd-8f5c-72bc827f2ef5:20160407213830.364:1426</Value>
        </AttributeMetadata>
      </AttributeSchemaEntry>
      <AttributeSchemaEntry>
        <Name>aCSEnableRSVPMessageLogging</Name>
        <AttributeMetadata>
          <Value>attributeID:1303:1:55a73700-c891-46fd-8f5c-72bc827f2ef5:20160407213830.170:1303</Value>
          <Value>attributeSyntax:1303:1:55a73700-c891-46fd-8f5c-72bc827f2ef5:20160407213830.170:1303</Value>
          <Value>cn:1303:1:55a73700-c891-46fd-8f5c-72bc827f2ef5:20160407213830.170:1303</Value>
          <Value>createTimeStamp:1303:1:55a73700-c891-46fd-8f5c-72bc827f2ef5:20160407213830.170:1303</Value>
          <Value>entryDN:1303:1:55a73700-c891-46fd-8f5c-72bc827f2ef5:20160407213830.170:1303</Value>
          <Value>isSingleValued:1303:1:55a73700-c891-46fd-8f5c-72bc827f2ef5:20160407213830.170:1303</Value>
          <Value>lDAPDisplayName:1303:1:55a73700-c891-46fd-8f5c-72bc827f2ef5:20160407213830.170:1303</Value>
          <Value>modifyTimeStamp:1303:1:55a73700-c891-46fd-8f5c-72bc827f2ef5:20160407213830.170:1303</Value>
          <Value>objectClass:1303:1:55a73700-c891-46fd-8f5c-72bc827f2ef5:20160407213830.170:1303</Value>
          <Value>objectGUID:1303:1:55a73700-c891-46fd-8f5c-72bc827f2ef5:20160407213830.170:1303</Value>
          <Value>oMSyntax:1303:1:55a73700-c891-46fd-8f5c-72bc827f2ef5:20160407213830.170:1303</Value>
          <Value>schemaIDGUID:1303:1:55a73700-c891-46fd-8f5c-72bc827f2ef5:20160407213830.170:1303</Value>
          <Value>uSNChanged:1303:1:55a73700-c891-46fd-8f5c-72bc827f2ef5:20160407213830.170:1303</Value>
          <Value>uSNCreated:1303:1:55a73700-c891-46fd-8f5c-72bc827f2ef5:20160407213830.170:1303</Value>
          <Value>vmwAttributeUsage:1303:1:55a73700-c891-46fd-8f5c-72bc827f2ef5:20160407213830.170:1303</Value>
        </AttributeMetadata>
      </AttributeSchemaEntry>
      <AttributeSchemaEntry>
        <Name>aCSEventLogLevel</Name>
        <AttributeMetadata>
          <Value>attributeID:473:1:55a73700-c891-46fd-8f5c-72bc827f2ef5:20160407213828.736:473</Value>
          <Value>attributeSyntax:473:1:55a73700-c891-46fd-8f5c-72bc827f2ef5:20160407213828.736:473</Value>
          <Value>cn:473:1:55a73700-c891-46fd-8f5c-72bc827f2ef5:20160407213828.736:473</Value>
          <Value>createTimeStamp:473:1:55a73700-c891-46fd-8f5c-72bc827f2ef5:20160407213828.736:473</Value>
          <Value>entryDN:473:1:55a73700-c891-46fd-8f5c-72bc827f2ef5:20160407213828.736:473</Value>
          <Value>isSingleValued:473:1:55a73700-c891-46fd-8f5c-72bc827f2ef5:20160407213828.736:473</Value>
          <Value>lDAPDisplayName:473:1:55a73700-c891-46fd-8f5c-72bc827f2ef5:20160407213828.736:473</Value>
          <Value>modifyTimeStamp:473:1:55a73700-c891-46fd-8f5c-72bc827f2ef5:20160407213828.736:473</Value>
          <Value>objectClass:473:1:55a73700-c891-46fd-8f5c-72bc827f2ef5:20160407213828.736:473</Value>
          <Value>objectGUID:473:1:55a73700-c891-46fd-8f5c-72bc827f2ef5:20160407213828.736:473</Value>
          <Value>oMSyntax:473:1:55a73700-c891-46fd-8f5c-72bc827f2ef5:20160407213828.736:473</Value>
          <Value>schemaIDGUID:473:1:55a73700-c891-46fd-8f5c-72bc827f2ef5:20160407213828.736:473</Value>
          <Value>uSNChanged:473:1:55a73700-c891-46fd-8f5c-72bc827f2ef5:20160407213828.736:473</Value>
          <Value>uSNCreated:473:1:55a73700-c891-46fd-8f5c-72bc827f2ef5:20160407213828.736:473</Value>
          <Value>vmwAttributeUsage:473:1:55a73700-c891-46fd-8f5c-72bc827f2ef5:20160407213828.736:473</Value>
        </AttributeMetadata>
      </AttributeSchemaEntry>
      <AttributeSchemaEntry>
        <Name>aCSIdentityName</Name>
        <AttributeMetadata>
          <Value>attributeID:236:1:55a73700-c891-46fd-8f5c-72bc827f2ef5:20160407213828.378:236</Value>
          <Value>attributeSyntax:236:1:55a73700-c891-46fd-8f5c-72bc827f2ef5:20160407213828.378:236</Value>
          <Value>cn:236:1:55a73700-c891-46fd-8f5c-72bc827f2ef5:20160407213828.378:236</Value>
          <Value>createTimeStamp:236:1:55a73700-c891-46fd-8f5c-72bc827f2ef5:20160407213828.378:236</Value>
          <Value>entryDN:236:1:55a73700-c891-46fd-8f5c-72bc827f2ef5:20160407213828.378:236</Value>
          <Value>isSingleValued:236:1:55a73700-c891-46fd-8f5c-72bc827f2ef5:20160407213828.378:236</Value>
          <Value>lDAPDisplayName:236:1:55a73700-c891-46fd-8f5c-72bc827f2ef5:20160407213828.378:236</Value>
          <Value>modifyTimeStamp:236:1:55a73700-c891-46fd-8f5c-72bc827f2ef5:20160407213828.378:236</Value>
          <Value>objectClass:236:1:55a73700-c891-46fd-8f5c-72bc827f2ef5:20160407213828.378:236</Value>
          <Value>objectGUID:236:1:55a73700-c891-46fd-8f5c-72bc827f2ef5:20160407213828.378:236</Value>
          <Value>oMSyntax:236:1:55a73700-c891-46fd-8f5c-72bc827f2ef5:20160407213828.378:236</Value>
          <Value>schemaIDGUID:236:1:55a73700-c891-46fd-8f5c-72bc827f2ef5:20160407213828.378:236</Value>
          <Value>uSNChanged:236:1:55a73700-c891-46fd-8f5c-72bc827f2ef5:20160407213828.378:236</Value>
          <Value>uSNCreated:236:1:55a73700-c891-46fd-8f5c-72bc827f2ef5:20160407213828.378:236</Value>
          <Value>vmwAttributeUsage:236:1:55a73700-c891-46fd-8f5c-72bc827f2ef5:20160407213828.378:236</Value>
        </AttributeMetadata>
      </AttributeSchemaEntry>
      <AttributeSchemaEntry>
        <Name>aCSMaxAggregatePeakRatePerUser</Name>
        <AttributeMetadata>
          <Value>attributeID:1149:1:55a73700-c891-46fd-8f5c-72bc827f2ef5:20160407213829.910:1149</Value>
          <Value>attributeSyntax:1149:1:55a73700-c891-46fd-8f5c-72bc827f2ef5:20160407213829.910:1149</Value>
          <Value>cn:1149:1:55a73700-c891-46fd-8f5c-72bc827f2ef5:20160407213829.910:1149</Value>
          <Value>createTimeStamp:1149:1:55a73700-c891-46fd-8f5c-72bc827f2ef5:20160407213829.910:1149</Value>
          <Value>entryDN:1149:1:55a73700-c891-46fd-8f5c-72bc827f2ef5:20160407213829.910:1149</Value>
          <Value>isSingleValued:1149:1:55a73700-c891-46fd-8f5c-72bc827f2ef5:20160407213829.910:1149</Value>
          <Value>lDAPDisplayName:1149:1:55a73700-c891-46fd-8f5c-72bc827f2ef5:20160407213829.910:1149</Value>
          <Value>modifyTimeStamp:1149:1:55a73700-c891-46fd-8f5c-72bc827f2ef5:20160407213829.910:1149</Value>
          <Value>objectClass:1149:1:55a73700-c891-46fd-8f5c-72bc827f2ef5:20160407213829.910:1149</Value>
          <Value>objectGUID:1149:1:55a73700-c891-46fd-8f5c-72bc827f2ef5:20160407213829.910:1149</Value>
          <Value>oMSyntax:1149:1:55a73700-c891-46fd-8f5c-72bc827f2ef5:20160407213829.910:1149</Value>
          <Value>schemaIDGUID:1149:1:55a73700-c891-46fd-8f5c-72bc827f2ef5:20160407213829.910:1149</Value>
          <Value>uSNChanged:1149:1:55a73700-c891-46fd-8f5c-72bc827f2ef5:20160407213829.910:1149</Value>
          <Value>uSNCreated:1149:1:55a73700-c891-46fd-8f5c-72bc827f2ef5:20160407213829.910:1149</Value>
          <Value>vmwAttributeUsage:1149:1:55a73700-c891-46fd-8f5c-72bc827f2ef5:20160407213829.910:1149</Value>
        </AttributeMetadata>
      </AttributeSchemaEntry>
      <AttributeSchemaEntry>
        <Name>aCSMaxDurationPerFlow</Name>
        <AttributeMetadata>
          <Value>attributeID:1065:1:55a73700-c891-46fd-8f5c-72bc827f2ef5:20160407213829.742:1065</Value>
          <Value>attributeSyntax:1065:1:55a73700-c891-46fd-8f5c-72bc827f2ef5:20160407213829.742:1065</Value>
          <Value>cn:1065:1:55a73700-c891-46fd-8f5c-72bc827f2ef5:20160407213829.742:1065</Value>
          <Value>createTimeStamp:1065:1:55a73700-c891-46fd-8f5c-72bc827f2ef5:20160407213829.742:1065</Value>
          <Value>entryDN:1065:1:55a73700-c891-46fd-8f5c-72bc827f2ef5:20160407213829.742:1065</Value>
          <Value>isSingleValued:1065:1:55a73700-c891-46fd-8f5c-72bc827f2ef5:20160407213829.742:1065</Value>
          <Value>lDAPDisplayName:1065:1:55a73700-c891-46fd-8f5c-72bc827f2ef5:20160407213829.742:1065</Value>
          <Value>modifyTimeStamp:1065:1:55a73700-c891-46fd-8f5c-72bc827f2ef5:20160407213829.742:1065</Value>
          <Value>objectClass:1065:1:55a73700-c891-46fd-8f5c-72bc827f2ef5:20160407213829.742:1065</Value>
          <Value>objectGUID:1065:1:55a73700-c891-46fd-8f5c-72bc827f2ef5:20160407213829.742:1065</Value>
          <Value>oMSyntax:1065:1:55a73700-c891-46fd-8f5c-72bc827f2ef5:20160407213829.742:1065</Value>
          <Value>schemaIDGUID:1065:1:55a73700-c891-46fd-8f5c-72bc827f2ef5:20160407213829.742:1065</Value>
          <Value>uSNChanged:1065:1:55a73700-c891-46fd-8f5c-72bc827f2ef5:20160407213829.742:1065</Value>
          <Value>uSNCreated:1065:1:55a73700-c891-46fd-8f5c-72bc827f2ef5:20160407213829.742:1065</Value>
          <Value>vmwAttributeUsage:1065:1:55a73700-c891-46fd-8f5c-72bc827f2ef5:20160407213829.742:1065</Value>
        </AttributeMetadata>
      </AttributeSchemaEntry>
      <AttributeSchemaEntry>
        <Name>aCSMaximumSDUSize</Name>
        <AttributeMetadata>
          <Value>attributeID:1444:1:55a73700-c891-46fd-8f5c-72bc827f2ef5:20160407213830.394:1444</Value>
          <Value>attributeSyntax:1444:1:55a73700-c891-46fd-8f5c-72bc827f2ef5:20160407213830.394:1444</Value>
          <Value>cn:1444:1:55a73700-c891-46fd-8f5c-72bc827f2ef5:20160407213830.394:1444</Value>
          <Value>createTimeStamp:1444:1:55a73700-c891-46fd-8f5c-72bc827f2ef5:20160407213830.394:1444</Value>
          <Value>entryDN:1444:1:55a73700-c891-46fd-8f5c-72bc827f2ef5:20160407213830.394:1444</Value>
          <Value>isSingleValued:1444:1:55a73700-c891-46fd-8f5c-72bc827f2ef5:20160407213830.394:1444</Value>
          <Value>lDAPDisplayName:1444:1:55a73700-c891-46fd-8f5c-72bc827f2ef5:20160407213830.394:1444</Value>
          <Value>modifyTimeStamp:1444:1:55a73700-c891-46fd-8f5c-72bc827f2ef5:20160407213830.394:1444</Value>
          <Value>objectClass:1444:1:55a73700-c891-46fd-8f5c-72bc827f2ef5:20160407213830.394:1444</Value>
          <Value>objectGUID:1444:1:55a73700-c891-46fd-8f5c-72bc827f2ef5:20160407213830.394:1444</Value>
          <Value>oMSyntax:1444:1:55a73700-c891-46fd-8f5c-72bc827f2ef5:20160407213830.394:1444</Value>
          <Value>schemaIDGUID:1444:1:55a73700-c891-46fd-8f5c-72bc827f2ef5:20160407213830.394:1444</Value>
          <Value>uSNChanged:1444:1:55a73700-c891-46fd-8f5c-72bc827f2ef5:20160407213830.394:1444</Value>
          <Value>uSNCreated:1444:1:55a73700-c891-46fd-8f5c-72bc827f2ef5:20160407213830.394:1444</Value>
          <Value>vmwAttributeUsage:1444:1:55a73700-c891-46fd-8f5c-72bc827f2ef5:20160407213830.394:1444</Value>
        </AttributeMetadata>
      </AttributeSchemaEntry>
      <AttributeSchemaEntry>
        <Name>aCSMaxNoOfAccountFiles</Name>
        <AttributeMetadata>
          <Value>attributeID:485:1:55a73700-c891-46fd-8f5c-72bc827f2ef5:20160407213828.757:485</Value>
          <Value>attributeSyntax:485:1:55a73700-c891-46fd-8f5c-72bc827f2ef5:20160407213828.757:485</Value>
          <Value>cn:485:1:55a73700-c891-46fd-8f5c-72bc827f2ef5:20160407213828.757:485</Value>
          <Value>createTimeStamp:485:1:55a73700-c891-46fd-8f5c-72bc827f2ef5:20160407213828.757:485</Value>
          <Value>entryDN:485:1:55a73700-c891-46fd-8f5c-72bc827f2ef5:20160407213828.757:485</Value>
          <Value>isSingleValued:485:1:55a73700-c891-46fd-8f5c-72bc827f2ef5:20160407213828.757:485</Value>
          <Value>lDAPDisplayName:485:1:55a73700-c891-46fd-8f5c-72bc827f2ef5:20160407213828.757:485</Value>
          <Value>modifyTimeStamp:485:1:55a73700-c891-46fd-8f5c-72bc827f2ef5:20160407213828.757:485</Value>
          <Value>objectClass:485:1:55a73700-c891-46fd-8f5c-72bc827f2ef5:20160407213828.757:485</Value>
          <Value>objectGUID:485:1:55a73700-c891-46fd-8f5c-72bc827f2ef5:20160407213828.757:485</Value>
          <Value>oMSyntax:485:1:55a73700-c891-46fd-8f5c-72bc827f2ef5:20160407213828.757:485</Value>
          <Value>schemaIDGUID:485:1:55a73700-c891-46fd-8f5c-72bc827f2ef5:20160407213828.757:485</Value>
          <Value>uSNChanged:485:1:55a73700-c891-46fd-8f5c-72bc827f2ef5:20160407213828.757:485</Value>
          <Value>uSNCreated:485:1:55a73700-c891-46fd-8f5c-72bc827f2ef5:20160407213828.757:485</Value>
          <Value>vmwAttributeUsage:485:1:55a73700-c891-46fd-8f5c-72bc827f2ef5:20160407213828.757:485</Value>
        </AttributeMetadata>
      </AttributeSchemaEntry>
      <AttributeSchemaEntry>
        <Name>aCSMaxNoOfLogFiles</Name>
        <AttributeMetadata>
          <Value>attributeID:634:1:55a73700-c891-46fd-8f5c-72bc827f2ef5:20160407213829.006:634</Value>
          <Value>attributeSyntax:634:1:55a73700-c891-46fd-8f5c-72bc827f2ef5:20160407213829.006:634</Value>
          <Value>cn:634:1:55a73700-c891-46fd-8f5c-72bc827f2ef5:20160407213829.006:634</Value>
          <Value>createTimeStamp:634:1:55a73700-c891-46fd-8f5c-72bc827f2ef5:20160407213829.006:634</Value>
          <Value>entryDN:634:1:55a73700-c891-46fd-8f5c-72bc827f2ef5:20160407213829.006:634</Value>
          <Value>isSingleValued:634:1:55a73700-c891-46fd-8f5c-72bc827f2ef5:20160407213829.006:634</Value>
          <Value>lDAPDisplayName:634:1:55a73700-c891-46fd-8f5c-72bc827f2ef5:20160407213829.006:634</Value>
          <Value>modifyTimeStamp:634:1:55a73700-c891-46fd-8f5c-72bc827f2ef5:20160407213829.006:634</Value>
          <Value>objectClass:634:1:55a73700-c891-46fd-8f5c-72bc827f2ef5:20160407213829.006:634</Value>
          <Value>objectGUID:634:1:55a73700-c891-46fd-8f5c-72bc827f2ef5:20160407213829.006:634</Value>
          <Value>oMSyntax:634:1:55a73700-c891-46fd-8f5c-72bc827f2ef5:20160407213829.006:634</Value>
          <Value>schemaIDGUID:634:1:55a73700-c891-46fd-8f5c-72bc827f2ef5:20160407213829.006:634</Value>
          <Value>uSNChanged:634:1:55a73700-c891-46fd-8f5c-72bc827f2ef5:20160407213829.006:634</Value>
          <Value>uSNCreated:634:1:55a73700-c891-46fd-8f5c-72bc827f2ef5:20160407213829.006:634</Value>
          <Value>vmwAttributeUsage:634:1:55a73700-c891-46fd-8f5c-72bc827f2ef5:20160407213829.006:634</Value>
        </AttributeMetadata>
      </AttributeSchemaEntry>
      <AttributeSchemaEntry>
        <Name>aCSMaxPeakBandwidth</Name>
        <AttributeMetadata>
          <Value>attributeID:1011:1:55a73700-c891-46fd-8f5c-72bc827f2ef5:20160407213829.648:1011</Value>
          <Value>attributeSyntax:1011:1:55a73700-c891-46fd-8f5c-72bc827f2ef5:20160407213829.648:1011</Value>
          <Value>cn:1011:1:55a73700-c891-46fd-8f5c-72bc827f2ef5:20160407213829.648:1011</Value>
          <Value>createTimeStamp:1011:1:55a73700-c891-46fd-8f5c-72bc827f2ef5:20160407213829.648:1011</Value>
          <Value>entryDN:1011:1:55a73700-c891-46fd-8f5c-72bc827f2ef5:20160407213829.648:1011</Value>
          <Value>isSingleValued:1011:1:55a73700-c891-46fd-8f5c-72bc827f2ef5:20160407213829.648:1011</Value>
          <Value>lDAPDisplayName:1011:1:55a73700-c891-46fd-8f5c-72bc827f2ef5:20160407213829.648:1011</Value>
          <Value>modifyTimeStamp:1011:1:55a73700-c891-46fd-8f5c-72bc827f2ef5:20160407213829.648:1011</Value>
          <Value>objectClass:1011:1:55a73700-c891-46fd-8f5c-72bc827f2ef5:20160407213829.648:1011</Value>
          <Value>objectGUID:1011:1:55a73700-c891-46fd-8f5c-72bc827f2ef5:20160407213829.648:1011</Value>
          <Value>oMSyntax:1011:1:55a73700-c891-46fd-8f5c-72bc827f2ef5:20160407213829.648:1011</Value>
          <Value>schemaIDGUID:1011:1:55a73700-c891-46fd-8f5c-72bc827f2ef5:20160407213829.648:1011</Value>
          <Value>uSNChanged:1011:1:55a73700-c891-46fd-8f5c-72bc827f2ef5:20160407213829.648:1011</Value>
          <Value>uSNCreated:1011:1:55a73700-c891-46fd-8f5c-72bc827f2ef5:20160407213829.648:1011</Value>
          <Value>vmwAttributeUsage:1011:1:55a73700-c891-46fd-8f5c-72bc827f2ef5:20160407213829.648:1011</Value>
        </AttributeMetadata>
      </AttributeSchemaEntry>
      <AttributeSchemaEntry>
        <Name>aCSMaxPeakBandwidthPerFlow</Name>
        <AttributeMetadata>
          <Value>attributeID:1580:1:55a73700-c891-46fd-8f5c-72bc827f2ef5:20160407213830.625:1580</Value>
          <Value>attributeSyntax:1580:1:55a73700-c891-46fd-8f5c-72bc827f2ef5:20160407213830.625:1580</Value>
          <Value>cn:1580:1:55a73700-c891-46fd-8f5c-72bc827f2ef5:20160407213830.625:1580</Value>
          <Value>createTimeStamp:1580:1:55a73700-c891-46fd-8f5c-72bc827f2ef5:20160407213830.625:1580</Value>
          <Value>entryDN:1580:1:55a73700-c891-46fd-8f5c-72bc827f2ef5:20160407213830.625:1580</Value>
          <Value>isSingleValued:1580:1:55a73700-c891-46fd-8f5c-72bc827f2ef5:20160407213830.625:1580</Value>
          <Value>lDAPDisplayName:1580:1:55a73700-c891-46fd-8f5c-72bc827f2ef5:20160407213830.625:1580</Value>
          <Value>modifyTimeStamp:1580:1:55a73700-c891-46fd-8f5c-72bc827f2ef5:20160407213830.625:1580</Value>
          <Value>objectClass:1580:1:55a73700-c891-46fd-8f5c-72bc827f2ef5:20160407213830.625:1580</Value>
          <Value>objectGUID:1580:1:55a73700-c891-46fd-8f5c-72bc827f2ef5:20160407213830.625:1580</Value>
          <Value>oMSyntax:1580:1:55a73700-c891-46fd-8f5c-72bc827f2ef5:20160407213830.625:1580</Value>
          <Value>schemaIDGUID:1580:1:55a73700-c891-46fd-8f5c-72bc827f2ef5:20160407213830.625:1580</Value>
          <Value>uSNChanged:1580:1:55a73700-c891-46fd-8f5c-72bc827f2ef5:20160407213830.625:1580</Value>
          <Value>uSNCreated:1580:1:55a73700-c891-46fd-8f5c-72bc827f2ef5:20160407213830.625:1580</Value>
          <Value>vmwAttributeUsage:1580:1:55a73700-c891-46fd-8f5c-72bc827f2ef5:20160407213830.625:1580</Value>
        </AttributeMetadata>
      </AttributeSchemaEntry>
      <AttributeSchemaEntry>
        <Name>aCSMaxSizeOfRSVPAccountFile</Name>
        <AttributeMetadata>
          <Value>attributeID:287:1:55a73700-c891-46fd-8f5c-72bc827f2ef5:20160407213828.446:287</Value>
          <Value>attributeSyntax:287:1:55a73700-c891-46fd-8f5c-72bc827f2ef5:20160407213828.446:287</Value>
          <Value>cn:287:1:55a73700-c891-46fd-8f5c-72bc827f2ef5:20160407213828.446:287</Value>
          <Value>createTimeStamp:287:1:55a73700-c891-46fd-8f5c-72bc827f2ef5:20160407213828.446:287</Value>
          <Value>entryDN:287:1:55a73700-c891-46fd-8f5c-72bc827f2ef5:20160407213828.446:287</Value>
          <Value>isSingleValued:287:1:55a73700-c891-46fd-8f5c-72bc827f2ef5:20160407213828.446:287</Value>
          <Value>lDAPDisplayName:287:1:55a73700-c891-46fd-8f5c-72bc827f2ef5:20160407213828.446:287</Value>
          <Value>modifyTimeStamp:287:1:55a73700-c891-46fd-8f5c-72bc827f2ef5:20160407213828.446:287</Value>
          <Value>objectClass:287:1:55a73700-c891-46fd-8f5c-72bc827f2ef5:20160407213828.446:287</Value>
          <Value>objectGUID:287:1:55a73700-c891-46fd-8f5c-72bc827f2ef5:20160407213828.446:287</Value>
          <Value>oMSyntax:287:1:55a73700-c891-46fd-8f5c-72bc827f2ef5:20160407213828.446:287</Value>
          <Value>schemaIDGUID:287:1:55a73700-c891-46fd-8f5c-72bc827f2ef5:20160407213828.446:287</Value>
          <Value>uSNChanged:287:1:55a73700-c891-46fd-8f5c-72bc827f2ef5:20160407213828.446:287</Value>
          <Value>uSNCreated:287:1:55a73700-c891-46fd-8f5c-72bc827f2ef5:20160407213828.446:287</Value>
          <Value>vmwAttributeUsage:287:1:55a73700-c891-46fd-8f5c-72bc827f2ef5:20160407213828.446:287</Value>
        </AttributeMetadata>
      </AttributeSchemaEntry>
      <AttributeSchemaEntry>
        <Name>aCSMaxSizeOfRSVPLogFile</Name>
        <AttributeMetadata>
          <Value>attributeID:1083:1:55a73700-c891-46fd-8f5c-72bc827f2ef5:20160407213829.777:1083</Value>
          <Value>attributeSyntax:1083:1:55a73700-c891-46fd-8f5c-72bc827f2ef5:20160407213829.777:1083</Value>
          <Value>cn:1083:1:55a73700-c891-46fd-8f5c-72bc827f2ef5:20160407213829.777:1083</Value>
          <Value>createTimeStamp:1083:1:55a73700-c891-46fd-8f5c-72bc827f2ef5:20160407213829.777:1083</Value>
          <Value>entryDN:1083:1:55a73700-c891-46fd-8f5c-72bc827f2ef5:20160407213829.777:1083</Value>
          <Value>isSingleValued:1083:1:55a73700-c891-46fd-8f5c-72bc827f2ef5:20160407213829.777:1083</Value>
          <Value>lDAPDisplayName:1083:1:55a73700-c891-46fd-8f5c-72bc827f2ef5:20160407213829.777:1083</Value>
          <Value>modifyTimeStamp:1083:1:55a73700-c891-46fd-8f5c-72bc827f2ef5:20160407213829.777:1083</Value>
          <Value>objectClass:1083:1:55a73700-c891-46fd-8f5c-72bc827f2ef5:20160407213829.777:1083</Value>
          <Value>objectGUID:1083:1:55a73700-c891-46fd-8f5c-72bc827f2ef5:20160407213829.777:1083</Value>
          <Value>oMSyntax:1083:1:55a73700-c891-46fd-8f5c-72bc827f2ef5:20160407213829.777:1083</Value>
          <Value>schemaIDGUID:1083:1:55a73700-c891-46fd-8f5c-72bc827f2ef5:20160407213829.777:1083</Value>
          <Value>uSNChanged:1083:1:55a73700-c891-46fd-8f5c-72bc827f2ef5:20160407213829.777:1083</Value>
          <Value>uSNCreated:1083:1:55a73700-c891-46fd-8f5c-72bc827f2ef5:20160407213829.777:1083</Value>
          <Value>vmwAttributeUsage:1083:1:55a73700-c891-46fd-8f5c-72bc827f2ef5:20160407213829.777:1083</Value>
        </AttributeMetadata>
      </AttributeSchemaEntry>
      <AttributeSchemaEntry>
        <Name>aCSMaxTokenBucketPerFlow</Name>
        <AttributeMetadata>
          <Value>attributeID:738:1:55a73700-c891-46fd-8f5c-72bc827f2ef5:20160407213829.184:738</Value>
          <Value>attributeSyntax:738:1:55a73700-c891-46fd-8f5c-72bc827f2ef5:20160407213829.184:738</Value>
          <Value>cn:738:1:55a73700-c891-46fd-8f5c-72bc827f2ef5:20160407213829.184:738</Value>
          <Value>createTimeStamp:738:1:55a73700-c891-46fd-8f5c-72bc827f2ef5:20160407213829.184:738</Value>
          <Value>entryDN:738:1:55a73700-c891-46fd-8f5c-72bc827f2ef5:20160407213829.184:738</Value>
          <Value>isSingleValued:738:1:55a73700-c891-46fd-8f5c-72bc827f2ef5:20160407213829.184:738</Value>
          <Value>lDAPDisplayName:738:1:55a73700-c891-46fd-8f5c-72bc827f2ef5:20160407213829.184:738</Value>
          <Value>modifyTimeStamp:738:1:55a73700-c891-46fd-8f5c-72bc827f2ef5:20160407213829.184:738</Value>
          <Value>objectClass:738:1:55a73700-c891-46fd-8f5c-72bc827f2ef5:20160407213829.184:738</Value>
          <Value>objectGUID:738:1:55a73700-c891-46fd-8f5c-72bc827f2ef5:20160407213829.184:738</Value>
          <Value>oMSyntax:738:1:55a73700-c891-46fd-8f5c-72bc827f2ef5:20160407213829.184:738</Value>
          <Value>schemaIDGUID:738:1:55a73700-c891-46fd-8f5c-72bc827f2ef5:20160407213829.184:738</Value>
          <Value>uSNChanged:738:1:55a73700-c891-46fd-8f5c-72bc827f2ef5:20160407213829.184:738</Value>
          <Value>uSNCreated:738:1:55a73700-c891-46fd-8f5c-72bc827f2ef5:20160407213829.184:738</Value>
          <Value>vmwAttributeUsage:738:1:55a73700-c891-46fd-8f5c-72bc827f2ef5:20160407213829.184:738</Value>
        </AttributeMetadata>
      </AttributeSchemaEntry>
      <AttributeSchemaEntry>
        <Name>aCSMaxTokenRatePerFlow</Name>
        <AttributeMetadata>
          <Value>attributeID:1482:1:55a73700-c891-46fd-8f5c-72bc827f2ef5:20160407213830.456:1482</Value>
          <Value>attributeSyntax:1482:1:55a73700-c891-46fd-8f5c-72bc827f2ef5:20160407213830.456:1482</Value>
          <Value>cn:1482:1:55a73700-c891-46fd-8f5c-72bc827f2ef5:20160407213830.456:1482</Value>
          <Value>createTimeStamp:1482:1:55a73700-c891-46fd-8f5c-72bc827f2ef5:20160407213830.456:1482</Value>
          <Value>entryDN:1482:1:55a73700-c891-46fd-8f5c-72bc827f2ef5:20160407213830.456:1482</Value>
          <Value>isSingleValued:1482:1:55a73700-c891-46fd-8f5c-72bc827f2ef5:20160407213830.456:1482</Value>
          <Value>lDAPDisplayName:1482:1:55a73700-c891-46fd-8f5c-72bc827f2ef5:20160407213830.456:1482</Value>
          <Value>modifyTimeStamp:1482:1:55a73700-c891-46fd-8f5c-72bc827f2ef5:20160407213830.456:1482</Value>
          <Value>objectClass:1482:1:55a73700-c891-46fd-8f5c-72bc827f2ef5:20160407213830.456:1482</Value>
          <Value>objectGUID:1482:1:55a73700-c891-46fd-8f5c-72bc827f2ef5:20160407213830.456:1482</Value>
          <Value>oMSyntax:1482:1:55a73700-c891-46fd-8f5c-72bc827f2ef5:20160407213830.456:1482</Value>
          <Value>schemaIDGUID:1482:1:55a73700-c891-46fd-8f5c-72bc827f2ef5:20160407213830.456:1482</Value>
          <Value>uSNChanged:1482:1:55a73700-c891-46fd-8f5c-72bc827f2ef5:20160407213830.456:1482</Value>
          <Value>uSNCreated:1482:1:55a73700-c891-46fd-8f5c-72bc827f2ef5:20160407213830.456:1482</Value>
          <Value>vmwAttributeUsage:1482:1:55a73700-c891-46fd-8f5c-72bc827f2ef5:20160407213830.456:1482</Value>
        </AttributeMetadata>
      </AttributeSchemaEntry>
      <AttributeSchemaEntry>
        <Name>aCSMinimumDelayVariation</Name>
        <AttributeMetadata>
          <Value>attributeID:210:1:55a73700-c891-46fd-8f5c-72bc827f2ef5:20160407213828.332:210</Value>
          <Value>attributeSyntax:210:1:55a73700-c891-46fd-8f5c-72bc827f2ef5:20160407213828.332:210</Value>
          <Value>cn:210:1:55a73700-c891-46fd-8f5c-72bc827f2ef5:20160407213828.332:210</Value>
          <Value>createTimeStamp:210:1:55a73700-c891-46fd-8f5c-72bc827f2ef5:20160407213828.332:210</Value>
          <Value>entryDN:210:1:55a73700-c891-46fd-8f5c-72bc827f2ef5:20160407213828.332:210</Value>
          <Value>isSingleValued:210:1:55a73700-c891-46fd-8f5c-72bc827f2ef5:20160407213828.332:210</Value>
          <Value>lDAPDisplayName:210:1:55a73700-c891-46fd-8f5c-72bc827f2ef5:20160407213828.332:210</Value>
          <Value>modifyTimeStamp:210:1:55a73700-c891-46fd-8f5c-72bc827f2ef5:20160407213828.332:210</Value>
          <Value>objectClass:210:1:55a73700-c891-46fd-8f5c-72bc827f2ef5:20160407213828.332:210</Value>
          <Value>objectGUID:210:1:55a73700-c891-46fd-8f5c-72bc827f2ef5:20160407213828.332:210</Value>
          <Value>oMSyntax:210:1:55a73700-c891-46fd-8f5c-72bc827f2ef5:20160407213828.332:210</Value>
          <Value>schemaIDGUID:210:1:55a73700-c891-46fd-8f5c-72bc827f2ef5:20160407213828.332:210</Value>
          <Value>uSNChanged:210:1:55a73700-c891-46fd-8f5c-72bc827f2ef5:20160407213828.332:210</Value>
          <Value>uSNCreated:210:1:55a73700-c891-46fd-8f5c-72bc827f2ef5:20160407213828.332:210</Value>
          <Value>vmwAttributeUsage:210:1:55a73700-c891-46fd-8f5c-72bc827f2ef5:20160407213828.332:210</Value>
        </AttributeMetadata>
      </AttributeSchemaEntry>
      <AttributeSchemaEntry>
        <Name>aCSMinimumLatency</Name>
        <AttributeMetadata>
          <Value>attributeID:1639:1:55a73700-c891-46fd-8f5c-72bc827f2ef5:20160407213830.731:1639</Value>
          <Value>attributeSyntax:1639:1:55a73700-c891-46fd-8f5c-72bc827f2ef5:20160407213830.731:1639</Value>
          <Value>cn:1639:1:55a73700-c891-46fd-8f5c-72bc827f2ef5:20160407213830.731:1639</Value>
          <Value>createTimeStamp:1639:1:55a73700-c891-46fd-8f5c-72bc827f2ef5:20160407213830.731:1639</Value>
          <Value>entryDN:1639:1:55a73700-c891-46fd-8f5c-72bc827f2ef5:20160407213830.731:1639</Value>
          <Value>isSingleValued:1639:1:55a73700-c891-46fd-8f5c-72bc827f2ef5:20160407213830.731:1639</Value>
          <Value>lDAPDisplayName:1639:1:55a73700-c891-46fd-8f5c-72bc827f2ef5:20160407213830.731:1639</Value>
          <Value>modifyTimeStamp:1639:1:55a73700-c891-46fd-8f5c-72bc827f2ef5:20160407213830.731:1639</Value>
          <Value>objectClass:1639:1:55a73700-c891-46fd-8f5c-72bc827f2ef5:20160407213830.731:1639</Value>
          <Value>objectGUID:1639:1:55a73700-c891-46fd-8f5c-72bc827f2ef5:20160407213830.731:1639</Value>
          <Value>oMSyntax:1639:1:55a73700-c891-46fd-8f5c-72bc827f2ef5:20160407213830.731:1639</Value>
          <Value>schemaIDGUID:1639:1:55a73700-c891-46fd-8f5c-72bc827f2ef5:20160407213830.731:1639</Value>
          <Value>uSNChanged:1639:1:55a73700-c891-46fd-8f5c-72bc827f2ef5:20160407213830.731:1639</Value>
          <Value>uSNCreated:1639:1:55a73700-c891-46fd-8f5c-72bc827f2ef5:20160407213830.731:1639</Value>
          <Value>vmwAttributeUsage:1639:1:55a73700-c891-46fd-8f5c-72bc827f2ef5:20160407213830.731:1639</Value>
        </AttributeMetadata>
      </AttributeSchemaEntry>
      <AttributeSchemaEntry>
        <Name>aCSMinimumPolicedSize</Name>
        <AttributeMetadata>
          <Value>attributeID:1257:1:55a73700-c891-46fd-8f5c-72bc827f2ef5:20160407213830.093:1257</Value>
          <Value>attributeSyntax:1257:1:55a73700-c891-46fd-8f5c-72bc827f2ef5:20160407213830.093:1257</Value>
          <Value>cn:1257:1:55a73700-c891-46fd-8f5c-72bc827f2ef5:20160407213830.093:1257</Value>
          <Value>createTimeStamp:1257:1:55a73700-c891-46fd-8f5c-72bc827f2ef5:20160407213830.093:1257</Value>
          <Value>entryDN:1257:1:55a73700-c891-46fd-8f5c-72bc827f2ef5:20160407213830.093:1257</Value>
          <Value>isSingleValued:1257:1:55a73700-c891-46fd-8f5c-72bc827f2ef5:20160407213830.093:1257</Value>
          <Value>lDAPDisplayName:1257:1:55a73700-c891-46fd-8f5c-72bc827f2ef5:20160407213830.093:1257</Value>
          <Value>modifyTimeStamp:1257:1:55a73700-c891-46fd-8f5c-72bc827f2ef5:20160407213830.093:1257</Value>
          <Value>objectClass:1257:1:55a73700-c891-46fd-8f5c-72bc827f2ef5:20160407213830.093:1257</Value>
          <Value>objectGUID:1257:1:55a73700-c891-46fd-8f5c-72bc827f2ef5:20160407213830.093:1257</Value>
          <Value>oMSyntax:1257:1:55a73700-c891-46fd-8f5c-72bc827f2ef5:20160407213830.093:1257</Value>
          <Value>schemaIDGUID:1257:1:55a73700-c891-46fd-8f5c-72bc827f2ef5:20160407213830.093:1257</Value>
          <Value>uSNChanged:1257:1:55a73700-c891-46fd-8f5c-72bc827f2ef5:20160407213830.093:1257</Value>
          <Value>uSNCreated:1257:1:55a73700-c891-46fd-8f5c-72bc827f2ef5:20160407213830.093:1257</Value>
          <Value>vmwAttributeUsage:1257:1:55a73700-c891-46fd-8f5c-72bc827f2ef5:20160407213830.093:1257</Value>
        </AttributeMetadata>
      </AttributeSchemaEntry>
      <AttributeSchemaEntry>
        <Name>aCSNonReservedMaxSDUSize</Name>
        <AttributeMetadata>
          <Value>attributeID:721:1:55a73700-c891-46fd-8f5c-72bc827f2ef5:20160407213829.154:721</Value>
          <Value>attributeSyntax:721:1:55a73700-c891-46fd-8f5c-72bc827f2ef5:20160407213829.154:721</Value>
          <Value>cn:721:1:55a73700-c891-46fd-8f5c-72bc827f2ef5:20160407213829.154:721</Value>
          <Value>createTimeStamp:721:1:55a73700-c891-46fd-8f5c-72bc827f2ef5:20160407213829.154:721</Value>
          <Value>entryDN:721:1:55a73700-c891-46fd-8f5c-72bc827f2ef5:20160407213829.154:721</Value>
          <Value>isSingleValued:721:1:55a73700-c891-46fd-8f5c-72bc827f2ef5:20160407213829.154:721</Value>
          <Value>lDAPDisplayName:721:1:55a73700-c891-46fd-8f5c-72bc827f2ef5:20160407213829.154:721</Value>
          <Value>modifyTimeStamp:721:1:55a73700-c891-46fd-8f5c-72bc827f2ef5:20160407213829.154:721</Value>
          <Value>objectClass:721:1:55a73700-c891-46fd-8f5c-72bc827f2ef5:20160407213829.154:721</Value>
          <Value>objectGUID:721:1:55a73700-c891-46fd-8f5c-72bc827f2ef5:20160407213829.154:721</Value>
          <Value>oMSyntax:721:1:55a73700-c891-46fd-8f5c-72bc827f2ef5:20160407213829.154:721</Value>
          <Value>schemaIDGUID:721:1:55a73700-c891-46fd-8f5c-72bc827f2ef5:20160407213829.154:721</Value>
          <Value>uSNChanged:721:1:55a73700-c891-46fd-8f5c-72bc827f2ef5:20160407213829.154:721</Value>
          <Value>uSNCreated:721:1:55a73700-c891-46fd-8f5c-72bc827f2ef5:20160407213829.154:721</Value>
          <Value>vmwAttributeUsage:721:1:55a73700-c891-46fd-8f5c-72bc827f2ef5:20160407213829.154:721</Value>
        </AttributeMetadata>
      </AttributeSchemaEntry>
      <AttributeSchemaEntry>
        <Name>aCSNonReservedMinPolicedSize</Name>
        <AttributeMetadata>
          <Value>attributeID:232:1:55a73700-c891-46fd-8f5c-72bc827f2ef5:20160407213828.363:232</Value>
          <Value>attributeSyntax:232:1:55a73700-c891-46fd-8f5c-72bc827f2ef5:20160407213828.363:232</Value>
          <Value>cn:232:1:55a73700-c891-46fd-8f5c-72bc827f2ef5:20160407213828.363:232</Value>
          <Value>createTimeStamp:232:1:55a73700-c891-46fd-8f5c-72bc827f2ef5:20160407213828.363:232</Value>
          <Value>entryDN:232:1:55a73700-c891-46fd-8f5c-72bc827f2ef5:20160407213828.363:232</Value>
          <Value>isSingleValued:232:1:55a73700-c891-46fd-8f5c-72bc827f2ef5:20160407213828.363:232</Value>
          <Value>lDAPDisplayName:232:1:55a73700-c891-46fd-8f5c-72bc827f2ef5:20160407213828.363:232</Value>
          <Value>modifyTimeStamp:232:1:55a73700-c891-46fd-8f5c-72bc827f2ef5:20160407213828.363:232</Value>
          <Value>objectClass:232:1:55a73700-c891-46fd-8f5c-72bc827f2ef5:20160407213828.363:232</Value>
          <Value>objectGUID:232:1:55a73700-c891-46fd-8f5c-72bc827f2ef5:20160407213828.363:232</Value>
          <Value>oMSyntax:232:1:55a73700-c891-46fd-8f5c-72bc827f2ef5:20160407213828.363:232</Value>
          <Value>schemaIDGUID:232:1:55a73700-c891-46fd-8f5c-72bc827f2ef5:20160407213828.363:232</Value>
          <Value>uSNChanged:232:1:55a73700-c891-46fd-8f5c-72bc827f2ef5:20160407213828.363:232</Value>
          <Value>uSNCreated:232:1:55a73700-c891-46fd-8f5c-72bc827f2ef5:20160407213828.363:232</Value>
          <Value>vmwAttributeUsage:232:1:55a73700-c891-46fd-8f5c-72bc827f2ef5:20160407213828.363:232</Value>
        </AttributeMetadata>
      </AttributeSchemaEntry>
      <AttributeSchemaEntry>
        <Name>aCSNonReservedPeakRate</Name>
        <AttributeMetadata>
          <Value>attributeID:1570:1:55a73700-c891-46fd-8f5c-72bc827f2ef5:20160407213830.604:1570</Value>
          <Value>attributeSyntax:1570:1:55a73700-c891-46fd-8f5c-72bc827f2ef5:20160407213830.604:1570</Value>
          <Value>cn:1570:1:55a73700-c891-46fd-8f5c-72bc827f2ef5:20160407213830.604:1570</Value>
          <Value>createTimeStamp:1570:1:55a73700-c891-46fd-8f5c-72bc827f2ef5:20160407213830.604:1570</Value>
          <Value>entryDN:1570:1:55a73700-c891-46fd-8f5c-72bc827f2ef5:20160407213830.604:1570</Value>
          <Value>isSingleValued:1570:1:55a73700-c891-46fd-8f5c-72bc827f2ef5:20160407213830.604:1570</Value>
          <Value>lDAPDisplayName:1570:1:55a73700-c891-46fd-8f5c-72bc827f2ef5:20160407213830.604:1570</Value>
          <Value>modifyTimeStamp:1570:1:55a73700-c891-46fd-8f5c-72bc827f2ef5:20160407213830.604:1570</Value>
          <Value>objectClass:1570:1:55a73700-c891-46fd-8f5c-72bc827f2ef5:20160407213830.604:1570</Value>
          <Value>objectGUID:1570:1:55a73700-c891-46fd-8f5c-72bc827f2ef5:20160407213830.604:1570</Value>
          <Value>oMSyntax:1570:1:55a73700-c891-46fd-8f5c-72bc827f2ef5:20160407213830.604:1570</Value>
          <Value>schemaIDGUID:1570:1:55a73700-c891-46fd-8f5c-72bc827f2ef5:20160407213830.604:1570</Value>
          <Value>uSNChanged:1570:1:55a73700-c891-46fd-8f5c-72bc827f2ef5:20160407213830.604:1570</Value>
          <Value>uSNCreated:1570:1:55a73700-c891-46fd-8f5c-72bc827f2ef5:20160407213830.604:1570</Value>
          <Value>vmwAttributeUsage:1570:1:55a73700-c891-46fd-8f5c-72bc827f2ef5:20160407213830.604:1570</Value>
        </AttributeMetadata>
      </AttributeSchemaEntry>
      <AttributeSchemaEntry>
        <Name>aCSNonReservedTokenSize</Name>
        <AttributeMetadata>
          <Value>attributeID:1585:1:55a73700-c891-46fd-8f5c-72bc827f2ef5:20160407213830.631:1585</Value>
          <Value>attributeSyntax:1585:1:55a73700-c891-46fd-8f5c-72bc827f2ef5:20160407213830.631:1585</Value>
          <Value>cn:1585:1:55a73700-c891-46fd-8f5c-72bc827f2ef5:20160407213830.631:1585</Value>
          <Value>createTimeStamp:1585:1:55a73700-c891-46fd-8f5c-72bc827f2ef5:20160407213830.631:1585</Value>
          <Value>entryDN:1585:1:55a73700-c891-46fd-8f5c-72bc827f2ef5:20160407213830.631:1585</Value>
          <Value>isSingleValued:1585:1:55a73700-c891-46fd-8f5c-72bc827f2ef5:20160407213830.631:1585</Value>
          <Value>lDAPDisplayName:1585:1:55a73700-c891-46fd-8f5c-72bc827f2ef5:20160407213830.631:1585</Value>
          <Value>modifyTimeStamp:1585:1:55a73700-c891-46fd-8f5c-72bc827f2ef5:20160407213830.631:1585</Value>
          <Value>objectClass:1585:1:55a73700-c891-46fd-8f5c-72bc827f2ef5:20160407213830.631:1585</Value>
          <Value>objectGUID:1585:1:55a73700-c891-46fd-8f5c-72bc827f2ef5:20160407213830.631:1585</Value>
          <Value>oMSyntax:1585:1:55a73700-c891-46fd-8f5c-72bc827f2ef5:20160407213830.631:1585</Value>
          <Value>schemaIDGUID:1585:1:55a73700-c891-46fd-8f5c-72bc827f2ef5:20160407213830.631:1585</Value>
          <Value>uSNChanged:1585:1:55a73700-c891-46fd-8f5c-72bc827f2ef5:20160407213830.631:1585</Value>
          <Value>uSNCreated:1585:1:55a73700-c891-46fd-8f5c-72bc827f2ef5:20160407213830.631:1585</Value>
          <Value>vmwAttributeUsage:1585:1:55a73700-c891-46fd-8f5c-72bc827f2ef5:20160407213830.631:1585</Value>
        </AttributeMetadata>
      </AttributeSchemaEntry>
      <AttributeSchemaEntry>
        <Name>aCSNonReservedTxLimit</Name>
        <AttributeMetadata>
          <Value>attributeID:1624:1:55a73700-c891-46fd-8f5c-72bc827f2ef5:20160407213830.699:1624</Value>
          <Value>attributeSyntax:1624:1:55a73700-c891-46fd-8f5c-72bc827f2ef5:20160407213830.699:1624</Value>
          <Value>cn:1624:1:55a73700-c891-46fd-8f5c-72bc827f2ef5:20160407213830.699:1624</Value>
          <Value>createTimeStamp:1624:1:55a73700-c891-46fd-8f5c-72bc827f2ef5:20160407213830.699:1624</Value>
          <Value>entryDN:1624:1:55a73700-c891-46fd-8f5c-72bc827f2ef5:20160407213830.699:1624</Value>
          <Value>isSingleValued:1624:1:55a73700-c891-46fd-8f5c-72bc827f2ef5:20160407213830.699:1624</Value>
          <Value>lDAPDisplayName:1624:1:55a73700-c891-46fd-8f5c-72bc827f2ef5:20160407213830.699:1624</Value>
          <Value>modifyTimeStamp:1624:1:55a73700-c891-46fd-8f5c-72bc827f2ef5:20160407213830.699:1624</Value>
          <Value>objectClass:1624:1:55a73700-c891-46fd-8f5c-72bc827f2ef5:20160407213830.699:1624</Value>
          <Value>objectGUID:1624:1:55a73700-c891-46fd-8f5c-72bc827f2ef5:20160407213830.699:1624</Value>
          <Value>oMSyntax:1624:1:55a73700-c891-46fd-8f5c-72bc827f2ef5:20160407213830.699:1624</Value>
          <Value>schemaIDGUID:1624:1:55a73700-c891-46fd-8f5c-72bc827f2ef5:20160407213830.699:1624</Value>
          <Value>uSNChanged:1624:1:55a73700-c891-46fd-8f5c-72bc827f2ef5:20160407213830.699:1624</Value>
          <Value>uSNCreated:1624:1:55a73700-c891-46fd-8f5c-72bc827f2ef5:20160407213830.699:1624</Value>
          <Value>vmwAttributeUsage:1624:1:55a73700-c891-46fd-8f5c-72bc827f2ef5:20160407213830.699:1624</Value>
        </AttributeMetadata>
      </AttributeSchemaEntry>
      <AttributeSchemaEntry>
        <Name>aCSNonReservedTxSize</Name>
        <AttributeMetadata>
          <Value>attributeID:933:1:55a73700-c891-46fd-8f5c-72bc827f2ef5:20160407213829.526:933</Value>
          <Value>attributeSyntax:933:1:55a73700-c891-46fd-8f5c-72bc827f2ef5:20160407213829.526:933</Value>
          <Value>cn:933:1:55a73700-c891-46fd-8f5c-72bc827f2ef5:20160407213829.526:933</Value>
          <Value>createTimeStamp:933:1:55a73700-c891-46fd-8f5c-72bc827f2ef5:20160407213829.526:933</Value>
          <Value>entryDN:933:1:55a73700-c891-46fd-8f5c-72bc827f2ef5:20160407213829.526:933</Value>
          <Value>isSingleValued:933:1:55a73700-c891-46fd-8f5c-72bc827f2ef5:20160407213829.526:933</Value>
          <Value>lDAPDisplayName:933:1:55a73700-c891-46fd-8f5c-72bc827f2ef5:20160407213829.526:933</Value>
          <Value>modifyTimeStamp:933:1:55a73700-c891-46fd-8f5c-72bc827f2ef5:20160407213829.526:933</Value>
          <Value>objectClass:933:1:55a73700-c891-46fd-8f5c-72bc827f2ef5:20160407213829.526:933</Value>
          <Value>objectGUID:933:1:55a73700-c891-46fd-8f5c-72bc827f2ef5:20160407213829.526:933</Value>
          <Value>oMSyntax:933:1:55a73700-c891-46fd-8f5c-72bc827f2ef5:20160407213829.526:933</Value>
          <Value>schemaIDGUID:933:1:55a73700-c891-46fd-8f5c-72bc827f2ef5:20160407213829.526:933</Value>
          <Value>uSNChanged:933:1:55a73700-c891-46fd-8f5c-72bc827f2ef5:20160407213829.526:933</Value>
          <Value>uSNCreated:933:1:55a73700-c891-46fd-8f5c-72bc827f2ef5:20160407213829.526:933</Value>
          <Value>vmwAttributeUsage:933:1:55a73700-c891-46fd-8f5c-72bc827f2ef5:20160407213829.526:933</Value>
        </AttributeMetadata>
      </AttributeSchemaEntry>
      <AttributeSchemaEntry>
        <Name>aCSPermissionBits</Name>
        <AttributeMetadata>
          <Value>attributeID:604:1:55a73700-c891-46fd-8f5c-72bc827f2ef5:20160407213828.949:604</Value>
          <Value>attributeSyntax:604:1:55a73700-c891-46fd-8f5c-72bc827f2ef5:20160407213828.949:604</Value>
          <Value>cn:604:1:55a73700-c891-46fd-8f5c-72bc827f2ef5:20160407213828.949:604</Value>
          <Value>createTimeStamp:604:1:55a73700-c891-46fd-8f5c-72bc827f2ef5:20160407213828.949:604</Value>
          <Value>entryDN:604:1:55a73700-c891-46fd-8f5c-72bc827f2ef5:20160407213828.949:604</Value>
          <Value>isSingleValued:604:1:55a73700-c891-46fd-8f5c-72bc827f2ef5:20160407213828.949:604</Value>
          <Value>lDAPDisplayName:604:1:55a73700-c891-46fd-8f5c-72bc827f2ef5:20160407213828.949:604</Value>
          <Value>modifyTimeStamp:604:1:55a73700-c891-46fd-8f5c-72bc827f2ef5:20160407213828.949:604</Value>
          <Value>objectClass:604:1:55a73700-c891-46fd-8f5c-72bc827f2ef5:20160407213828.949:604</Value>
          <Value>objectGUID:604:1:55a73700-c891-46fd-8f5c-72bc827f2ef5:20160407213828.949:604</Value>
          <Value>oMSyntax:604:1:55a73700-c891-46fd-8f5c-72bc827f2ef5:20160407213828.949:604</Value>
          <Value>schemaIDGUID:604:1:55a73700-c891-46fd-8f5c-72bc827f2ef5:20160407213828.949:604</Value>
          <Value>uSNChanged:604:1:55a73700-c891-46fd-8f5c-72bc827f2ef5:20160407213828.949:604</Value>
          <Value>uSNCreated:604:1:55a73700-c891-46fd-8f5c-72bc827f2ef5:20160407213828.949:604</Value>
          <Value>vmwAttributeUsage:604:1:55a73700-c891-46fd-8f5c-72bc827f2ef5:20160407213828.949:604</Value>
        </AttributeMetadata>
      </AttributeSchemaEntry>
      <AttributeSchemaEntry>
        <Name>aCSPolicyName</Name>
        <AttributeMetadata>
          <Value>attributeID:476:1:55a73700-c891-46fd-8f5c-72bc827f2ef5:20160407213828.739:476</Value>
          <Value>attributeSyntax:476:1:55a73700-c891-46fd-8f5c-72bc827f2ef5:20160407213828.739:476</Value>
          <Value>cn:476:1:55a73700-c891-46fd-8f5c-72bc827f2ef5:20160407213828.739:476</Value>
          <Value>createTimeStamp:476:1:55a73700-c891-46fd-8f5c-72bc827f2ef5:20160407213828.739:476</Value>
          <Value>entryDN:476:1:55a73700-c891-46fd-8f5c-72bc827f2ef5:20160407213828.739:476</Value>
          <Value>isSingleValued:476:1:55a73700-c891-46fd-8f5c-72bc827f2ef5:20160407213828.739:476</Value>
          <Value>lDAPDisplayName:476:1:55a73700-c891-46fd-8f5c-72bc827f2ef5:20160407213828.739:476</Value>
          <Value>modifyTimeStamp:476:1:55a73700-c891-46fd-8f5c-72bc827f2ef5:20160407213828.739:476</Value>
          <Value>objectClass:476:1:55a73700-c891-46fd-8f5c-72bc827f2ef5:20160407213828.739:476</Value>
          <Value>objectGUID:476:1:55a73700-c891-46fd-8f5c-72bc827f2ef5:20160407213828.739:476</Value>
          <Value>oMSyntax:476:1:55a73700-c891-46fd-8f5c-72bc827f2ef5:20160407213828.739:476</Value>
          <Value>schemaIDGUID:476:1:55a73700-c891-46fd-8f5c-72bc827f2ef5:20160407213828.739:476</Value>
          <Value>uSNChanged:476:1:55a73700-c891-46fd-8f5c-72bc827f2ef5:20160407213828.739:476</Value>
          <Value>uSNCreated:476:1:55a73700-c891-46fd-8f5c-72bc827f2ef5:20160407213828.739:476</Value>
          <Value>vmwAttributeUsage:476:1:55a73700-c891-46fd-8f5c-72bc827f2ef5:20160407213828.739:476</Value>
        </AttributeMetadata>
      </AttributeSchemaEntry>
      <AttributeSchemaEntry>
        <Name>aCSPriority</Name>
        <AttributeMetadata>
          <Value>attributeID:613:1:55a73700-c891-46fd-8f5c-72bc827f2ef5:20160407213828.971:613</Value>
          <Value>attributeSyntax:613:1:55a73700-c891-46fd-8f5c-72bc827f2ef5:20160407213828.971:613</Value>
          <Value>cn:613:1:55a73700-c891-46fd-8f5c-72bc827f2ef5:20160407213828.971:613</Value>
          <Value>createTimeStamp:613:1:55a73700-c891-46fd-8f5c-72bc827f2ef5:20160407213828.971:613</Value>
          <Value>entryDN:613:1:55a73700-c891-46fd-8f5c-72bc827f2ef5:20160407213828.971:613</Value>
          <Value>isSingleValued:613:1:55a73700-c891-46fd-8f5c-72bc827f2ef5:20160407213828.971:613</Value>
          <Value>lDAPDisplayName:613:1:55a73700-c891-46fd-8f5c-72bc827f2ef5:20160407213828.971:613</Value>
          <Value>modifyTimeStamp:613:1:55a73700-c891-46fd-8f5c-72bc827f2ef5:20160407213828.971:613</Value>
          <Value>objectClass:613:1:55a73700-c891-46fd-8f5c-72bc827f2ef5:20160407213828.971:613</Value>
          <Value>objectGUID:613:1:55a73700-c891-46fd-8f5c-72bc827f2ef5:20160407213828.971:613</Value>
          <Value>oMSyntax:613:1:55a73700-c891-46fd-8f5c-72bc827f2ef5:20160407213828.971:613</Value>
          <Value>schemaIDGUID:613:1:55a73700-c891-46fd-8f5c-72bc827f2ef5:20160407213828.971:613</Value>
          <Value>uSNChanged:613:1:55a73700-c891-46fd-8f5c-72bc827f2ef5:20160407213828.971:613</Value>
          <Value>uSNCreated:613:1:55a73700-c891-46fd-8f5c-72bc827f2ef5:20160407213828.971:613</Value>
          <Value>vmwAttributeUsage:613:1:55a73700-c891-46fd-8f5c-72bc827f2ef5:20160407213828.971:613</Value>
        </AttributeMetadata>
      </AttributeSchemaEntry>
      <AttributeSchemaEntry>
        <Name>aCSRSVPAccountFilesLocation</Name>
        <AttributeMetadata>
          <Value>attributeID:1336:1:55a73700-c891-46fd-8f5c-72bc827f2ef5:20160407213830.216:1336</Value>
          <Value>attributeSyntax:1336:1:55a73700-c891-46fd-8f5c-72bc827f2ef5:20160407213830.216:1336</Value>
          <Value>cn:1336:1:55a73700-c891-46fd-8f5c-72bc827f2ef5:20160407213830.216:1336</Value>
          <Value>createTimeStamp:1336:1:55a73700-c891-46fd-8f5c-72bc827f2ef5:20160407213830.216:1336</Value>
          <Value>entryDN:1336:1:55a73700-c891-46fd-8f5c-72bc827f2ef5:20160407213830.216:1336</Value>
          <Value>isSingleValued:1336:1:55a73700-c891-46fd-8f5c-72bc827f2ef5:20160407213830.216:1336</Value>
          <Value>lDAPDisplayName:1336:1:55a73700-c891-46fd-8f5c-72bc827f2ef5:20160407213830.216:1336</Value>
          <Value>modifyTimeStamp:1336:1:55a73700-c891-46fd-8f5c-72bc827f2ef5:20160407213830.216:1336</Value>
          <Value>objectClass:1336:1:55a73700-c891-46fd-8f5c-72bc827f2ef5:20160407213830.216:1336</Value>
          <Value>objectGUID:1336:1:55a73700-c891-46fd-8f5c-72bc827f2ef5:20160407213830.216:1336</Value>
          <Value>oMSyntax:1336:1:55a73700-c891-46fd-8f5c-72bc827f2ef5:20160407213830.216:1336</Value>
          <Value>schemaIDGUID:1336:1:55a73700-c891-46fd-8f5c-72bc827f2ef5:20160407213830.216:1336</Value>
          <Value>uSNChanged:1336:1:55a73700-c891-46fd-8f5c-72bc827f2ef5:20160407213830.216:1336</Value>
          <Value>uSNCreated:1336:1:55a73700-c891-46fd-8f5c-72bc827f2ef5:20160407213830.216:1336</Value>
          <Value>vmwAttributeUsage:1336:1:55a73700-c891-46fd-8f5c-72bc827f2ef5:20160407213830.216:1336</Value>
        </AttributeMetadata>
      </AttributeSchemaEntry>
      <AttributeSchemaEntry>
        <Name>aCSRSVPLogFilesLocation</Name>
        <AttributeMetadata>
          <Value>attributeID:706:1:55a73700-c891-46fd-8f5c-72bc827f2ef5:20160407213829.129:706</Value>
          <Value>attributeSyntax:706:1:55a73700-c891-46fd-8f5c-72bc827f2ef5:20160407213829.129:706</Value>
          <Value>cn:706:1:55a73700-c891-46fd-8f5c-72bc827f2ef5:20160407213829.129:706</Value>
          <Value>createTimeStamp:706:1:55a73700-c891-46fd-8f5c-72bc827f2ef5:20160407213829.129:706</Value>
          <Value>entryDN:706:1:55a73700-c891-46fd-8f5c-72bc827f2ef5:20160407213829.129:706</Value>
          <Value>isSingleValued:706:1:55a73700-c891-46fd-8f5c-72bc827f2ef5:20160407213829.129:706</Value>
          <Value>lDAPDisplayName:706:1:55a73700-c891-46fd-8f5c-72bc827f2ef5:20160407213829.129:706</Value>
          <Value>modifyTimeStamp:706:1:55a73700-c891-46fd-8f5c-72bc827f2ef5:20160407213829.129:706</Value>
          <Value>objectClass:706:1:55a73700-c891-46fd-8f5c-72bc827f2ef5:20160407213829.129:706</Value>
          <Value>objectGUID:706:1:55a73700-c891-46fd-8f5c-72bc827f2ef5:20160407213829.129:706</Value>
          <Value>oMSyntax:706:1:55a73700-c891-46fd-8f5c-72bc827f2ef5:20160407213829.129:706</Value>
          <Value>schemaIDGUID:706:1:55a73700-c891-46fd-8f5c-72bc827f2ef5:20160407213829.129:706</Value>
          <Value>uSNChanged:706:1:55a73700-c891-46fd-8f5c-72bc827f2ef5:20160407213829.129:706</Value>
          <Value>uSNCreated:706:1:55a73700-c891-46fd-8f5c-72bc827f2ef5:20160407213829.129:706</Value>
          <Value>vmwAttributeUsage:706:1:55a73700-c891-46fd-8f5c-72bc827f2ef5:20160407213829.129:706</Value>
        </AttributeMetadata>
      </AttributeSchemaEntry>
      <AttributeSchemaEntry>
        <Name>aCSServerList</Name>
        <AttributeMetadata>
          <Value>attributeID:300:1:55a73700-c891-46fd-8f5c-72bc827f2ef5:20160407213828.469:300</Value>
          <Value>attributeSyntax:300:1:55a73700-c891-46fd-8f5c-72bc827f2ef5:20160407213828.469:300</Value>
          <Value>cn:300:1:55a73700-c891-46fd-8f5c-72bc827f2ef5:20160407213828.469:300</Value>
          <Value>createTimeStamp:300:1:55a73700-c891-46fd-8f5c-72bc827f2ef5:20160407213828.469:300</Value>
          <Value>entryDN:300:1:55a73700-c891-46fd-8f5c-72bc827f2ef5:20160407213828.469:300</Value>
          <Value>isSingleValued:300:1:55a73700-c891-46fd-8f5c-72bc827f2ef5:20160407213828.469:300</Value>
          <Value>lDAPDisplayName:300:1:55a73700-c891-46fd-8f5c-72bc827f2ef5:20160407213828.469:300</Value>
          <Value>modifyTimeStamp:300:1:55a73700-c891-46fd-8f5c-72bc827f2ef5:20160407213828.469:300</Value>
          <Value>objectClass:300:1:55a73700-c891-46fd-8f5c-72bc827f2ef5:20160407213828.469:300</Value>
          <Value>objectGUID:300:1:55a73700-c891-46fd-8f5c-72bc827f2ef5:20160407213828.469:300</Value>
          <Value>oMSyntax:300:1:55a73700-c891-46fd-8f5c-72bc827f2ef5:20160407213828.469:300</Value>
          <Value>schemaIDGUID:300:1:55a73700-c891-46fd-8f5c-72bc827f2ef5:20160407213828.469:300</Value>
          <Value>uSNChanged:300:1:55a73700-c891-46fd-8f5c-72bc827f2ef5:20160407213828.469:300</Value>
          <Value>uSNCreated:300:1:55a73700-c891-46fd-8f5c-72bc827f2ef5:20160407213828.469:300</Value>
          <Value>vmwAttributeUsage:300:1:55a73700-c891-46fd-8f5c-72bc827f2ef5:20160407213828.469:300</Value>
        </AttributeMetadata>
      </AttributeSchemaEntry>
      <AttributeSchemaEntry>
        <Name>aCSServiceType</Name>
        <AttributeMetadata>
          <Value>attributeID:342:1:55a73700-c891-46fd-8f5c-72bc827f2ef5:20160407213828.531:342</Value>
          <Value>attributeSyntax:342:1:55a73700-c891-46fd-8f5c-72bc827f2ef5:20160407213828.531:342</Value>
          <Value>cn:342:1:55a73700-c891-46fd-8f5c-72bc827f2ef5:20160407213828.531:342</Value>
          <Value>createTimeStamp:342:1:55a73700-c891-46fd-8f5c-72bc827f2ef5:20160407213828.531:342</Value>
          <Value>entryDN:342:1:55a73700-c891-46fd-8f5c-72bc827f2ef5:20160407213828.531:342</Value>
          <Value>isSingleValued:342:1:55a73700-c891-46fd-8f5c-72bc827f2ef5:20160407213828.531:342</Value>
          <Value>lDAPDisplayName:342:1:55a73700-c891-46fd-8f5c-72bc827f2ef5:20160407213828.531:342</Value>
          <Value>modifyTimeStamp:342:1:55a73700-c891-46fd-8f5c-72bc827f2ef5:20160407213828.531:342</Value>
          <Value>objectClass:342:1:55a73700-c891-46fd-8f5c-72bc827f2ef5:20160407213828.531:342</Value>
          <Value>objectGUID:342:1:55a73700-c891-46fd-8f5c-72bc827f2ef5:20160407213828.531:342</Value>
          <Value>oMSyntax:342:1:55a73700-c891-46fd-8f5c-72bc827f2ef5:20160407213828.531:342</Value>
          <Value>schemaIDGUID:342:1:55a73700-c891-46fd-8f5c-72bc827f2ef5:20160407213828.531:342</Value>
          <Value>uSNChanged:342:1:55a73700-c891-46fd-8f5c-72bc827f2ef5:20160407213828.531:342</Value>
          <Value>uSNCreated:342:1:55a73700-c891-46fd-8f5c-72bc827f2ef5:20160407213828.531:342</Value>
          <Value>vmwAttributeUsage:342:1:55a73700-c891-46fd-8f5c-72bc827f2ef5:20160407213828.531:342</Value>
        </AttributeMetadata>
      </AttributeSchemaEntry>
      <AttributeSchemaEntry>
        <Name>aCSTimeOfDay</Name>
        <AttributeMetadata>
          <Value>attributeID:348:1:55a73700-c891-46fd-8f5c-72bc827f2ef5:20160407213828.537:348</Value>
          <Value>attributeSyntax:348:1:55a73700-c891-46fd-8f5c-72bc827f2ef5:20160407213828.537:348</Value>
          <Value>cn:348:1:55a73700-c891-46fd-8f5c-72bc827f2ef5:20160407213828.537:348</Value>
          <Value>createTimeStamp:348:1:55a73700-c891-46fd-8f5c-72bc827f2ef5:20160407213828.537:348</Value>
          <Value>entryDN:348:1:55a73700-c891-46fd-8f5c-72bc827f2ef5:20160407213828.537:348</Value>
          <Value>isSingleValued:348:1:55a73700-c891-46fd-8f5c-72bc827f2ef5:20160407213828.537:348</Value>
          <Value>lDAPDisplayName:348:1:55a73700-c891-46fd-8f5c-72bc827f2ef5:20160407213828.537:348</Value>
          <Value>modifyTimeStamp:348:1:55a73700-c891-46fd-8f5c-72bc827f2ef5:20160407213828.537:348</Value>
          <Value>objectClass:348:1:55a73700-c891-46fd-8f5c-72bc827f2ef5:20160407213828.537:348</Value>
          <Value>objectGUID:348:1:55a73700-c891-46fd-8f5c-72bc827f2ef5:20160407213828.537:348</Value>
          <Value>oMSyntax:348:1:55a73700-c891-46fd-8f5c-72bc827f2ef5:20160407213828.537:348</Value>
          <Value>schemaIDGUID:348:1:55a73700-c891-46fd-8f5c-72bc827f2ef5:20160407213828.537:348</Value>
          <Value>uSNChanged:348:1:55a73700-c891-46fd-8f5c-72bc827f2ef5:20160407213828.537:348</Value>
          <Value>uSNCreated:348:1:55a73700-c891-46fd-8f5c-72bc827f2ef5:20160407213828.537:348</Value>
          <Value>vmwAttributeUsage:348:1:55a73700-c891-46fd-8f5c-72bc827f2ef5:20160407213828.537:348</Value>
        </AttributeMetadata>
      </AttributeSchemaEntry>
      <AttributeSchemaEntry>
        <Name>aCSTotalNoOfFlows</Name>
        <AttributeMetadata>
          <Value>attributeID:619:1:55a73700-c891-46fd-8f5c-72bc827f2ef5:20160407213828.977:619</Value>
          <Value>attributeSyntax:619:1:55a73700-c891-46fd-8f5c-72bc827f2ef5:20160407213828.977:619</Value>
          <Value>cn:619:1:55a73700-c891-46fd-8f5c-72bc827f2ef5:20160407213828.977:619</Value>
          <Value>createTimeStamp:619:1:55a73700-c891-46fd-8f5c-72bc827f2ef5:20160407213828.977:619</Value>
          <Value>entryDN:619:1:55a73700-c891-46fd-8f5c-72bc827f2ef5:20160407213828.977:619</Value>
          <Value>isSingleValued:619:1:55a73700-c891-46fd-8f5c-72bc827f2ef5:20160407213828.977:619</Value>
          <Value>lDAPDisplayName:619:1:55a73700-c891-46fd-8f5c-72bc827f2ef5:20160407213828.977:619</Value>
          <Value>modifyTimeStamp:619:1:55a73700-c891-46fd-8f5c-72bc827f2ef5:20160407213828.977:619</Value>
          <Value>objectClass:619:1:55a73700-c891-46fd-8f5c-72bc827f2ef5:20160407213828.977:619</Value>
          <Value>objectGUID:619:1:55a73700-c891-46fd-8f5c-72bc827f2ef5:20160407213828.977:619</Value>
          <Value>oMSyntax:619:1:55a73700-c891-46fd-8f5c-72bc827f2ef5:20160407213828.977:619</Value>
          <Value>schemaIDGUID:619:1:55a73700-c891-46fd-8f5c-72bc827f2ef5:20160407213828.977:619</Value>
          <Value>uSNChanged:619:1:55a73700-c891-46fd-8f5c-72bc827f2ef5:20160407213828.977:619</Value>
          <Value>uSNCreated:619:1:55a73700-c891-46fd-8f5c-72bc827f2ef5:20160407213828.977:619</Value>
          <Value>vmwAttributeUsage:619:1:55a73700-c891-46fd-8f5c-72bc827f2ef5:20160407213828.977:619</Value>
        </AttributeMetadata>
      </AttributeSchemaEntry>
      <AttributeSchemaEntry>
        <Name>additionalTrustedServiceNames</Name>
        <AttributeMetadata>
          <Value>attributeID:1481:1:55a73700-c891-46fd-8f5c-72bc827f2ef5:20160407213830.454:1481</Value>
          <Value>attributeSyntax:1481:1:55a73700-c891-46fd-8f5c-72bc827f2ef5:20160407213830.454:1481</Value>
          <Value>cn:1481:1:55a73700-c891-46fd-8f5c-72bc827f2ef5:20160407213830.454:1481</Value>
          <Value>createTimeStamp:1481:1:55a73700-c891-46fd-8f5c-72bc827f2ef5:20160407213830.454:1481</Value>
          <Value>entryDN:1481:1:55a73700-c891-46fd-8f5c-72bc827f2ef5:20160407213830.454:1481</Value>
          <Value>isSingleValued:1481:1:55a73700-c891-46fd-8f5c-72bc827f2ef5:20160407213830.454:1481</Value>
          <Value>lDAPDisplayName:1481:1:55a73700-c891-46fd-8f5c-72bc827f2ef5:20160407213830.454:1481</Value>
          <Value>modifyTimeStamp:1481:1:55a73700-c891-46fd-8f5c-72bc827f2ef5:20160407213830.454:1481</Value>
          <Value>objectClass:1481:1:55a73700-c891-46fd-8f5c-72bc827f2ef5:20160407213830.454:1481</Value>
          <Value>objectGUID:1481:1:55a73700-c891-46fd-8f5c-72bc827f2ef5:20160407213830.454:1481</Value>
          <Value>oMSyntax:1481:1:55a73700-c891-46fd-8f5c-72bc827f2ef5:20160407213830.454:1481</Value>
          <Value>schemaIDGUID:1481:1:55a73700-c891-46fd-8f5c-72bc827f2ef5:20160407213830.454:1481</Value>
          <Value>uSNChanged:1481:1:55a73700-c891-46fd-8f5c-72bc827f2ef5:20160407213830.454:1481</Value>
          <Value>uSNCreated:1481:1:55a73700-c891-46fd-8f5c-72bc827f2ef5:20160407213830.454:1481</Value>
          <Value>vmwAttributeUsage:1481:1:55a73700-c891-46fd-8f5c-72bc827f2ef5:20160407213830.454:1481</Value>
        </AttributeMetadata>
      </AttributeSchemaEntry>
      <AttributeSchemaEntry>
        <Name>addressBookRoots</Name>
        <AttributeMetadata>
          <Value>attributeID:1391:1:55a73700-c891-46fd-8f5c-72bc827f2ef5:20160407213830.308:1391</Value>
          <Value>attributeSyntax:1391:1:55a73700-c891-46fd-8f5c-72bc827f2ef5:20160407213830.308:1391</Value>
          <Value>cn:1391:1:55a73700-c891-46fd-8f5c-72bc827f2ef5:20160407213830.308:1391</Value>
          <Value>createTimeStamp:1391:1:55a73700-c891-46fd-8f5c-72bc827f2ef5:20160407213830.308:1391</Value>
          <Value>entryDN:1391:1:55a73700-c891-46fd-8f5c-72bc827f2ef5:20160407213830.308:1391</Value>
          <Value>isSingleValued:1391:1:55a73700-c891-46fd-8f5c-72bc827f2ef5:20160407213830.308:1391</Value>
          <Value>lDAPDisplayName:1391:1:55a73700-c891-46fd-8f5c-72bc827f2ef5:20160407213830.308:1391</Value>
          <Value>modifyTimeStamp:1391:1:55a73700-c891-46fd-8f5c-72bc827f2ef5:20160407213830.308:1391</Value>
          <Value>objectClass:1391:1:55a73700-c891-46fd-8f5c-72bc827f2ef5:20160407213830.308:1391</Value>
          <Value>objectGUID:1391:1:55a73700-c891-46fd-8f5c-72bc827f2ef5:20160407213830.308:1391</Value>
          <Value>oMSyntax:1391:1:55a73700-c891-46fd-8f5c-72bc827f2ef5:20160407213830.308:1391</Value>
          <Value>schemaIDGUID:1391:1:55a73700-c891-46fd-8f5c-72bc827f2ef5:20160407213830.308:1391</Value>
          <Value>uSNChanged:1391:1:55a73700-c891-46fd-8f5c-72bc827f2ef5:20160407213830.308:1391</Value>
          <Value>uSNCreated:1391:1:55a73700-c891-46fd-8f5c-72bc827f2ef5:20160407213830.308:1391</Value>
          <Value>vmwAttributeUsage:1391:1:55a73700-c891-46fd-8f5c-72bc827f2ef5:20160407213830.308:1391</Value>
        </AttributeMetadata>
      </AttributeSchemaEntry>
      <AttributeSchemaEntry>
        <Name>addressBookRoots2</Name>
        <AttributeMetadata>
          <Value>attributeID:620:1:55a73700-c891-46fd-8f5c-72bc827f2ef5:20160407213828.978:620</Value>
          <Value>attributeSyntax:620:1:55a73700-c891-46fd-8f5c-72bc827f2ef5:20160407213828.978:620</Value>
          <Value>cn:620:1:55a73700-c891-46fd-8f5c-72bc827f2ef5:20160407213828.978:620</Value>
          <Value>createTimeStamp:620:1:55a73700-c891-46fd-8f5c-72bc827f2ef5:20160407213828.978:620</Value>
          <Value>entryDN:620:1:55a73700-c891-46fd-8f5c-72bc827f2ef5:20160407213828.978:620</Value>
          <Value>isSingleValued:620:1:55a73700-c891-46fd-8f5c-72bc827f2ef5:20160407213828.978:620</Value>
          <Value>lDAPDisplayName:620:1:55a73700-c891-46fd-8f5c-72bc827f2ef5:20160407213828.978:620</Value>
          <Value>modifyTimeStamp:620:1:55a73700-c891-46fd-8f5c-72bc827f2ef5:20160407213828.978:620</Value>
          <Value>objectClass:620:1:55a73700-c891-46fd-8f5c-72bc827f2ef5:20160407213828.978:620</Value>
          <Value>objectGUID:620:1:55a73700-c891-46fd-8f5c-72bc827f2ef5:20160407213828.978:620</Value>
          <Value>oMSyntax:620:1:55a73700-c891-46fd-8f5c-72bc827f2ef5:20160407213828.978:620</Value>
          <Value>schemaIDGUID:620:1:55a73700-c891-46fd-8f5c-72bc827f2ef5:20160407213828.978:620</Value>
          <Value>uSNChanged:620:1:55a73700-c891-46fd-8f5c-72bc827f2ef5:20160407213828.978:620</Value>
          <Value>uSNCreated:620:1:55a73700-c891-46fd-8f5c-72bc827f2ef5:20160407213828.978:620</Value>
          <Value>vmwAttributeUsage:620:1:55a73700-c891-46fd-8f5c-72bc827f2ef5:20160407213828.978:620</Value>
        </AttributeMetadata>
      </AttributeSchemaEntry>
      <AttributeSchemaEntry>
        <Name>addressEntryDisplayTable</Name>
        <AttributeMetadata>
          <Value>attributeID:1538:1:55a73700-c891-46fd-8f5c-72bc827f2ef5:20160407213830.559:1538</Value>
          <Value>attributeSyntax:1538:1:55a73700-c891-46fd-8f5c-72bc827f2ef5:20160407213830.559:1538</Value>
          <Value>cn:1538:1:55a73700-c891-46fd-8f5c-72bc827f2ef5:20160407213830.559:1538</Value>
          <Value>createTimeStamp:1538:1:55a73700-c891-46fd-8f5c-72bc827f2ef5:20160407213830.559:1538</Value>
          <Value>entryDN:1538:1:55a73700-c891-46fd-8f5c-72bc827f2ef5:20160407213830.559:1538</Value>
          <Value>isSingleValued:1538:1:55a73700-c891-46fd-8f5c-72bc827f2ef5:20160407213830.559:1538</Value>
          <Value>lDAPDisplayName:1538:1:55a73700-c891-46fd-8f5c-72bc827f2ef5:20160407213830.559:1538</Value>
          <Value>modifyTimeStamp:1538:1:55a73700-c891-46fd-8f5c-72bc827f2ef5:20160407213830.559:1538</Value>
          <Value>objectClass:1538:1:55a73700-c891-46fd-8f5c-72bc827f2ef5:20160407213830.559:1538</Value>
          <Value>objectGUID:1538:1:55a73700-c891-46fd-8f5c-72bc827f2ef5:20160407213830.559:1538</Value>
          <Value>oMSyntax:1538:1:55a73700-c891-46fd-8f5c-72bc827f2ef5:20160407213830.559:1538</Value>
          <Value>schemaIDGUID:1538:1:55a73700-c891-46fd-8f5c-72bc827f2ef5:20160407213830.559:1538</Value>
          <Value>uSNChanged:1538:1:55a73700-c891-46fd-8f5c-72bc827f2ef5:20160407213830.559:1538</Value>
          <Value>uSNCreated:1538:1:55a73700-c891-46fd-8f5c-72bc827f2ef5:20160407213830.559:1538</Value>
          <Value>vmwAttributeUsage:1538:1:55a73700-c891-46fd-8f5c-72bc827f2ef5:20160407213830.559:1538</Value>
        </AttributeMetadata>
      </AttributeSchemaEntry>
      <AttributeSchemaEntry>
        <Name>addressEntryDisplayTableMSDOS</Name>
        <AttributeMetadata>
          <Value>attributeID:918:1:55a73700-c891-46fd-8f5c-72bc827f2ef5:20160407213829.499:918</Value>
          <Value>attributeSyntax:918:1:55a73700-c891-46fd-8f5c-72bc827f2ef5:20160407213829.499:918</Value>
          <Value>cn:918:1:55a73700-c891-46fd-8f5c-72bc827f2ef5:20160407213829.499:918</Value>
          <Value>createTimeStamp:918:1:55a73700-c891-46fd-8f5c-72bc827f2ef5:20160407213829.499:918</Value>
          <Value>entryDN:918:1:55a73700-c891-46fd-8f5c-72bc827f2ef5:20160407213829.499:918</Value>
          <Value>isSingleValued:918:1:55a73700-c891-46fd-8f5c-72bc827f2ef5:20160407213829.499:918</Value>
          <Value>lDAPDisplayName:918:1:55a73700-c891-46fd-8f5c-72bc827f2ef5:20160407213829.499:918</Value>
          <Value>modifyTimeStamp:918:1:55a73700-c891-46fd-8f5c-72bc827f2ef5:20160407213829.499:918</Value>
          <Value>objectClass:918:1:55a73700-c891-46fd-8f5c-72bc827f2ef5:20160407213829.499:918</Value>
          <Value>objectGUID:918:1:55a73700-c891-46fd-8f5c-72bc827f2ef5:20160407213829.499:918</Value>
          <Value>oMSyntax:918:1:55a73700-c891-46fd-8f5c-72bc827f2ef5:20160407213829.499:918</Value>
          <Value>schemaIDGUID:918:1:55a73700-c891-46fd-8f5c-72bc827f2ef5:20160407213829.499:918</Value>
          <Value>uSNChanged:918:1:55a73700-c891-46fd-8f5c-72bc827f2ef5:20160407213829.499:918</Value>
          <Value>uSNCreated:918:1:55a73700-c891-46fd-8f5c-72bc827f2ef5:20160407213829.499:918</Value>
          <Value>vmwAttributeUsage:918:1:55a73700-c891-46fd-8f5c-72bc827f2ef5:20160407213829.499:918</Value>
        </AttributeMetadata>
      </AttributeSchemaEntry>
      <AttributeSchemaEntry>
        <Name>addressSyntax</Name>
        <AttributeMetadata>
          <Value>attributeID:139:1:55a73700-c891-46fd-8f5c-72bc827f2ef5:20160407213828.237:139</Value>
          <Value>attributeSyntax:139:1:55a73700-c891-46fd-8f5c-72bc827f2ef5:20160407213828.237:139</Value>
          <Value>cn:139:1:55a73700-c891-46fd-8f5c-72bc827f2ef5:20160407213828.237:139</Value>
          <Value>createTimeStamp:139:1:55a73700-c891-46fd-8f5c-72bc827f2ef5:20160407213828.237:139</Value>
          <Value>entryDN:139:1:55a73700-c891-46fd-8f5c-72bc827f2ef5:20160407213828.237:139</Value>
          <Value>isSingleValued:139:1:55a73700-c891-46fd-8f5c-72bc827f2ef5:20160407213828.237:139</Value>
          <Value>lDAPDisplayName:139:1:55a73700-c891-46fd-8f5c-72bc827f2ef5:20160407213828.237:139</Value>
          <Value>modifyTimeStamp:139:1:55a73700-c891-46fd-8f5c-72bc827f2ef5:20160407213828.237:139</Value>
          <Value>objectClass:139:1:55a73700-c891-46fd-8f5c-72bc827f2ef5:20160407213828.237:139</Value>
          <Value>objectGUID:139:1:55a73700-c891-46fd-8f5c-72bc827f2ef5:20160407213828.237:139</Value>
          <Value>oMSyntax:139:1:55a73700-c891-46fd-8f5c-72bc827f2ef5:20160407213828.237:139</Value>
          <Value>schemaIDGUID:139:1:55a73700-c891-46fd-8f5c-72bc827f2ef5:20160407213828.237:139</Value>
          <Value>uSNChanged:139:1:55a73700-c891-46fd-8f5c-72bc827f2ef5:20160407213828.237:139</Value>
          <Value>uSNCreated:139:1:55a73700-c891-46fd-8f5c-72bc827f2ef5:20160407213828.237:139</Value>
          <Value>vmwAttributeUsage:139:1:55a73700-c891-46fd-8f5c-72bc827f2ef5:20160407213828.237:139</Value>
        </AttributeMetadata>
      </AttributeSchemaEntry>
      <AttributeSchemaEntry>
        <Name>addressType</Name>
        <AttributeMetadata>
          <Value>attributeID:986:1:55a73700-c891-46fd-8f5c-72bc827f2ef5:20160407213829.601:986</Value>
          <Value>attributeSyntax:986:1:55a73700-c891-46fd-8f5c-72bc827f2ef5:20160407213829.601:986</Value>
          <Value>cn:986:1:55a73700-c891-46fd-8f5c-72bc827f2ef5:20160407213829.601:986</Value>
          <Value>createTimeStamp:986:1:55a73700-c891-46fd-8f5c-72bc827f2ef5:20160407213829.601:986</Value>
          <Value>entryDN:986:1:55a73700-c891-46fd-8f5c-72bc827f2ef5:20160407213829.601:986</Value>
          <Value>isSingleValued:986:1:55a73700-c891-46fd-8f5c-72bc827f2ef5:20160407213829.601:986</Value>
          <Value>lDAPDisplayName:986:1:55a73700-c891-46fd-8f5c-72bc827f2ef5:20160407213829.601:986</Value>
          <Value>modifyTimeStamp:986:1:55a73700-c891-46fd-8f5c-72bc827f2ef5:20160407213829.601:986</Value>
          <Value>objectClass:986:1:55a73700-c891-46fd-8f5c-72bc827f2ef5:20160407213829.601:986</Value>
          <Value>objectGUID:986:1:55a73700-c891-46fd-8f5c-72bc827f2ef5:20160407213829.601:986</Value>
          <Value>oMSyntax:986:1:55a73700-c891-46fd-8f5c-72bc827f2ef5:20160407213829.601:986</Value>
          <Value>schemaIDGUID:986:1:55a73700-c891-46fd-8f5c-72bc827f2ef5:20160407213829.601:986</Value>
          <Value>uSNChanged:986:1:55a73700-c891-46fd-8f5c-72bc827f2ef5:20160407213829.601:986</Value>
          <Value>uSNCreated:986:1:55a73700-c891-46fd-8f5c-72bc827f2ef5:20160407213829.601:986</Value>
          <Value>vmwAttributeUsage:986:1:55a73700-c891-46fd-8f5c-72bc827f2ef5:20160407213829.601:986</Value>
        </AttributeMetadata>
      </AttributeSchemaEntry>
      <AttributeSchemaEntry>
        <Name>adminContextMenu</Name>
        <AttributeMetadata>
          <Value>attributeID:1036:1:55a73700-c891-46fd-8f5c-72bc827f2ef5:20160407213829.685:1036</Value>
          <Value>attributeSyntax:1036:1:55a73700-c891-46fd-8f5c-72bc827f2ef5:20160407213829.685:1036</Value>
          <Value>cn:1036:1:55a73700-c891-46fd-8f5c-72bc827f2ef5:20160407213829.685:1036</Value>
          <Value>createTimeStamp:1036:1:55a73700-c891-46fd-8f5c-72bc827f2ef5:20160407213829.685:1036</Value>
          <Value>entryDN:1036:1:55a73700-c891-46fd-8f5c-72bc827f2ef5:20160407213829.685:1036</Value>
          <Value>isSingleValued:1036:1:55a73700-c891-46fd-8f5c-72bc827f2ef5:20160407213829.685:1036</Value>
          <Value>lDAPDisplayName:1036:1:55a73700-c891-46fd-8f5c-72bc827f2ef5:20160407213829.685:1036</Value>
          <Value>modifyTimeStamp:1036:1:55a73700-c891-46fd-8f5c-72bc827f2ef5:20160407213829.685:1036</Value>
          <Value>objectClass:1036:1:55a73700-c891-46fd-8f5c-72bc827f2ef5:20160407213829.685:1036</Value>
          <Value>objectGUID:1036:1:55a73700-c891-46fd-8f5c-72bc827f2ef5:20160407213829.685:1036</Value>
          <Value>oMSyntax:1036:1:55a73700-c891-46fd-8f5c-72bc827f2ef5:20160407213829.685:1036</Value>
          <Value>schemaIDGUID:1036:1:55a73700-c891-46fd-8f5c-72bc827f2ef5:20160407213829.685:1036</Value>
          <Value>uSNChanged:1036:1:55a73700-c891-46fd-8f5c-72bc827f2ef5:20160407213829.685:1036</Value>
          <Value>uSNCreated:1036:1:55a73700-c891-46fd-8f5c-72bc827f2ef5:20160407213829.685:1036</Value>
          <Value>vmwAttributeUsage:1036:1:55a73700-c891-46fd-8f5c-72bc827f2ef5:20160407213829.685:1036</Value>
        </AttributeMetadata>
      </AttributeSchemaEntry>
      <AttributeSchemaEntry>
        <Name>adminCount</Name>
        <AttributeMetadata>
          <Value>attributeID:1689:1:55a73700-c891-46fd-8f5c-72bc827f2ef5:20160407213830.808:1689</Value>
          <Value>attributeSyntax:1689:1:55a73700-c891-46fd-8f5c-72bc827f2ef5:20160407213830.808:1689</Value>
          <Value>cn:1689:1:55a73700-c891-46fd-8f5c-72bc827f2ef5:20160407213830.808:1689</Value>
          <Value>createTimeStamp:1689:1:55a73700-c891-46fd-8f5c-72bc827f2ef5:20160407213830.808:1689</Value>
          <Value>entryDN:1689:1:55a73700-c891-46fd-8f5c-72bc827f2ef5:20160407213830.808:1689</Value>
          <Value>isSingleValued:1689:1:55a73700-c891-46fd-8f5c-72bc827f2ef5:20160407213830.808:1689</Value>
          <Value>lDAPDisplayName:1689:1:55a73700-c891-46fd-8f5c-72bc827f2ef5:20160407213830.808:1689</Value>
          <Value>modifyTimeStamp:1689:1:55a73700-c891-46fd-8f5c-72bc827f2ef5:20160407213830.808:1689</Value>
          <Value>objectClass:1689:1:55a73700-c891-46fd-8f5c-72bc827f2ef5:20160407213830.808:1689</Value>
          <Value>objectGUID:1689:1:55a73700-c891-46fd-8f5c-72bc827f2ef5:20160407213830.808:1689</Value>
          <Value>oMSyntax:1689:1:55a73700-c891-46fd-8f5c-72bc827f2ef5:20160407213830.808:1689</Value>
          <Value>schemaIDGUID:1689:1:55a73700-c891-46fd-8f5c-72bc827f2ef5:20160407213830.808:1689</Value>
          <Value>uSNChanged:1689:1:55a73700-c891-46fd-8f5c-72bc827f2ef5:20160407213830.808:1689</Value>
          <Value>uSNCreated:1689:1:55a73700-c891-46fd-8f5c-72bc827f2ef5:20160407213830.808:1689</Value>
          <Value>vmwAttributeUsage:1689:1:55a73700-c891-46fd-8f5c-72bc827f2ef5:20160407213830.808:1689</Value>
        </AttributeMetadata>
      </AttributeSchemaEntry>
      <AttributeSchemaEntry>
        <Name>adminDescription</Name>
        <AttributeMetadata>
          <Value>attributeID:1437:1:55a73700-c891-46fd-8f5c-72bc827f2ef5:20160407213830.387:1437</Value>
          <Value>attributeSyntax:1437:1:55a73700-c891-46fd-8f5c-72bc827f2ef5:20160407213830.387:1437</Value>
          <Value>cn:1437:1:55a73700-c891-46fd-8f5c-72bc827f2ef5:20160407213830.387:1437</Value>
          <Value>createTimeStamp:1437:1:55a73700-c891-46fd-8f5c-72bc827f2ef5:20160407213830.387:1437</Value>
          <Value>entryDN:1437:1:55a73700-c891-46fd-8f5c-72bc827f2ef5:20160407213830.387:1437</Value>
          <Value>isSingleValued:1437:1:55a73700-c891-46fd-8f5c-72bc827f2ef5:20160407213830.387:1437</Value>
          <Value>lDAPDisplayName:1437:1:55a73700-c891-46fd-8f5c-72bc827f2ef5:20160407213830.387:1437</Value>
          <Value>modifyTimeStamp:1437:1:55a73700-c891-46fd-8f5c-72bc827f2ef5:20160407213830.387:1437</Value>
          <Value>objectClass:1437:1:55a73700-c891-46fd-8f5c-72bc827f2ef5:20160407213830.387:1437</Value>
          <Value>objectGUID:1437:1:55a73700-c891-46fd-8f5c-72bc827f2ef5:20160407213830.387:1437</Value>
          <Value>oMSyntax:1437:1:55a73700-c891-46fd-8f5c-72bc827f2ef5:20160407213830.387:1437</Value>
          <Value>schemaIDGUID:1437:1:55a73700-c891-46fd-8f5c-72bc827f2ef5:20160407213830.387:1437</Value>
          <Value>uSNChanged:1437:1:55a73700-c891-46fd-8f5c-72bc827f2ef5:20160407213830.387:1437</Value>
          <Value>uSNCreated:1437:1:55a73700-c891-46fd-8f5c-72bc827f2ef5:20160407213830.387:1437</Value>
          <Value>vmwAttributeUsage:1437:1:55a73700-c891-46fd-8f5c-72bc827f2ef5:20160407213830.387:1437</Value>
        </AttributeMetadata>
      </AttributeSchemaEntry>
      <AttributeSchemaEntry>
        <Name>adminDisplayName</Name>
        <AttributeMetadata>
          <Value>attributeID:807:1:55a73700-c891-46fd-8f5c-72bc827f2ef5:20160407213829.302:807</Value>
          <Value>attributeSyntax:807:1:55a73700-c891-46fd-8f5c-72bc827f2ef5:20160407213829.302:807</Value>
          <Value>cn:807:1:55a73700-c891-46fd-8f5c-72bc827f2ef5:20160407213829.302:807</Value>
          <Value>createTimeStamp:807:1:55a73700-c891-46fd-8f5c-72bc827f2ef5:20160407213829.302:807</Value>
          <Value>entryDN:807:1:55a73700-c891-46fd-8f5c-72bc827f2ef5:20160407213829.302:807</Value>
          <Value>isSingleValued:807:1:55a73700-c891-46fd-8f5c-72bc827f2ef5:20160407213829.302:807</Value>
          <Value>lDAPDisplayName:807:1:55a73700-c891-46fd-8f5c-72bc827f2ef5:20160407213829.302:807</Value>
          <Value>modifyTimeStamp:807:1:55a73700-c891-46fd-8f5c-72bc827f2ef5:20160407213829.302:807</Value>
          <Value>objectClass:807:1:55a73700-c891-46fd-8f5c-72bc827f2ef5:20160407213829.302:807</Value>
          <Value>objectGUID:807:1:55a73700-c891-46fd-8f5c-72bc827f2ef5:20160407213829.302:807</Value>
          <Value>oMSyntax:807:1:55a73700-c891-46fd-8f5c-72bc827f2ef5:20160407213829.302:807</Value>
          <Value>schemaIDGUID:807:1:55a73700-c891-46fd-8f5c-72bc827f2ef5:20160407213829.302:807</Value>
          <Value>uSNChanged:807:1:55a73700-c891-46fd-8f5c-72bc827f2ef5:20160407213829.302:807</Value>
          <Value>uSNCreated:807:1:55a73700-c891-46fd-8f5c-72bc827f2ef5:20160407213829.302:807</Value>
          <Value>vmwAttributeUsage:807:1:55a73700-c891-46fd-8f5c-72bc827f2ef5:20160407213829.302:807</Value>
        </AttributeMetadata>
      </AttributeSchemaEntry>
      <AttributeSchemaEntry>
        <Name>adminMultiselectPropertyPages</Name>
        <AttributeMetadata>
          <Value>attributeID:1736:1:55a73700-c891-46fd-8f5c-72bc827f2ef5:20160407213830.892:1736</Value>
          <Value>attributeSyntax:1736:1:55a73700-c891-46fd-8f5c-72bc827f2ef5:20160407213830.892:1736</Value>
          <Value>cn:1736:1:55a73700-c891-46fd-8f5c-72bc827f2ef5:20160407213830.892:1736</Value>
          <Value>createTimeStamp:1736:1:55a73700-c891-46fd-8f5c-72bc827f2ef5:20160407213830.892:1736</Value>
          <Value>entryDN:1736:1:55a73700-c891-46fd-8f5c-72bc827f2ef5:20160407213830.892:1736</Value>
          <Value>isSingleValued:1736:1:55a73700-c891-46fd-8f5c-72bc827f2ef5:20160407213830.892:1736</Value>
          <Value>lDAPDisplayName:1736:1:55a73700-c891-46fd-8f5c-72bc827f2ef5:20160407213830.892:1736</Value>
          <Value>modifyTimeStamp:1736:1:55a73700-c891-46fd-8f5c-72bc827f2ef5:20160407213830.892:1736</Value>
          <Value>objectClass:1736:1:55a73700-c891-46fd-8f5c-72bc827f2ef5:20160407213830.892:1736</Value>
          <Value>objectGUID:1736:1:55a73700-c891-46fd-8f5c-72bc827f2ef5:20160407213830.892:1736</Value>
          <Value>oMSyntax:1736:1:55a73700-c891-46fd-8f5c-72bc827f2ef5:20160407213830.892:1736</Value>
          <Value>schemaIDGUID:1736:1:55a73700-c891-46fd-8f5c-72bc827f2ef5:20160407213830.892:1736</Value>
          <Value>uSNChanged:1736:1:55a73700-c891-46fd-8f5c-72bc827f2ef5:20160407213830.892:1736</Value>
          <Value>uSNCreated:1736:1:55a73700-c891-46fd-8f5c-72bc827f2ef5:20160407213830.892:1736</Value>
          <Value>vmwAttributeUsage:1736:1:55a73700-c891-46fd-8f5c-72bc827f2ef5:20160407213830.892:1736</Value>
        </AttributeMetadata>
      </AttributeSchemaEntry>
      <AttributeSchemaEntry>
        <Name>adminPropertyPages</Name>
        <AttributeMetadata>
          <Value>attributeID:1297:1:55a73700-c891-46fd-8f5c-72bc827f2ef5:20160407213830.156:1297</Value>
          <Value>attributeSyntax:1297:1:55a73700-c891-46fd-8f5c-72bc827f2ef5:20160407213830.156:1297</Value>
          <Value>cn:1297:1:55a73700-c891-46fd-8f5c-72bc827f2ef5:20160407213830.156:1297</Value>
          <Value>createTimeStamp:1297:1:55a73700-c891-46fd-8f5c-72bc827f2ef5:20160407213830.156:1297</Value>
          <Value>entryDN:1297:1:55a73700-c891-46fd-8f5c-72bc827f2ef5:20160407213830.156:1297</Value>
          <Value>isSingleValued:1297:1:55a73700-c891-46fd-8f5c-72bc827f2ef5:20160407213830.156:1297</Value>
          <Value>lDAPDisplayName:1297:1:55a73700-c891-46fd-8f5c-72bc827f2ef5:20160407213830.156:1297</Value>
          <Value>modifyTimeStamp:1297:1:55a73700-c891-46fd-8f5c-72bc827f2ef5:20160407213830.156:1297</Value>
          <Value>objectClass:1297:1:55a73700-c891-46fd-8f5c-72bc827f2ef5:20160407213830.156:1297</Value>
          <Value>objectGUID:1297:1:55a73700-c891-46fd-8f5c-72bc827f2ef5:20160407213830.156:1297</Value>
          <Value>oMSyntax:1297:1:55a73700-c891-46fd-8f5c-72bc827f2ef5:20160407213830.156:1297</Value>
          <Value>schemaIDGUID:1297:1:55a73700-c891-46fd-8f5c-72bc827f2ef5:20160407213830.156:1297</Value>
          <Value>uSNChanged:1297:1:55a73700-c891-46fd-8f5c-72bc827f2ef5:20160407213830.156:1297</Value>
          <Value>uSNCreated:1297:1:55a73700-c891-46fd-8f5c-72bc827f2ef5:20160407213830.156:1297</Value>
          <Value>vmwAttributeUsage:1297:1:55a73700-c891-46fd-8f5c-72bc827f2ef5:20160407213830.156:1297</Value>
        </AttributeMetadata>
      </AttributeSchemaEntry>
      <AttributeSchemaEntry>
        <Name>aliasedEntryName</Name>
        <AttributeMetadata>
          <Value>attributeID:679:1:55a73700-c891-46fd-8f5c-72bc827f2ef5:20160407213829.088:679</Value>
          <Value>attributeSyntax:679:1:55a73700-c891-46fd-8f5c-72bc827f2ef5:20160407213829.088:679</Value>
          <Value>cn:679:1:55a73700-c891-46fd-8f5c-72bc827f2ef5:20160407213829.088:679</Value>
          <Value>createTimeStamp:679:1:55a73700-c891-46fd-8f5c-72bc827f2ef5:20160407213829.088:679</Value>
          <Value>description:679:1:55a73700-c891-46fd-8f5c-72bc827f2ef5:20160407213829.088:679</Value>
          <Value>entryDN:679:1:55a73700-c891-46fd-8f5c-72bc827f2ef5:20160407213829.088:679</Value>
          <Value>isSingleValued:679:1:55a73700-c891-46fd-8f5c-72bc827f2ef5:20160407213829.088:679</Value>
          <Value>lDAPDisplayName:679:1:55a73700-c891-46fd-8f5c-72bc827f2ef5:20160407213829.088:679</Value>
          <Value>modifyTimeStamp:679:1:55a73700-c891-46fd-8f5c-72bc827f2ef5:20160407213829.088:679</Value>
          <Value>objectClass:679:1:55a73700-c891-46fd-8f5c-72bc827f2ef5:20160407213829.088:679</Value>
          <Value>objectGUID:679:1:55a73700-c891-46fd-8f5c-72bc827f2ef5:20160407213829.088:679</Value>
          <Value>oMSyntax:679:1:55a73700-c891-46fd-8f5c-72bc827f2ef5:20160407213829.088:679</Value>
          <Value>schemaIDGUID:679:1:55a73700-c891-46fd-8f5c-72bc827f2ef5:20160407213829.088:679</Value>
          <Value>uSNChanged:679:1:55a73700-c891-46fd-8f5c-72bc827f2ef5:20160407213829.088:679</Value>
          <Value>uSNCreated:679:1:55a73700-c891-46fd-8f5c-72bc827f2ef5:20160407213829.088:679</Value>
          <Value>vmwAttributeUsage:679:1:55a73700-c891-46fd-8f5c-72bc827f2ef5:20160407213829.088:679</Value>
        </AttributeMetadata>
      </AttributeSchemaEntry>
      <AttributeSchemaEntry>
        <Name>aliasedObjectName</Name>
        <AttributeMetadata>
          <Value>attributeID:1241:1:55a73700-c891-46fd-8f5c-72bc827f2ef5:20160407213830.064:1241</Value>
          <Value>attributeSyntax:1241:1:55a73700-c891-46fd-8f5c-72bc827f2ef5:20160407213830.064:1241</Value>
          <Value>cn:1241:1:55a73700-c891-46fd-8f5c-72bc827f2ef5:20160407213830.064:1241</Value>
          <Value>createTimeStamp:1241:1:55a73700-c891-46fd-8f5c-72bc827f2ef5:20160407213830.064:1241</Value>
          <Value>description:1241:1:55a73700-c891-46fd-8f5c-72bc827f2ef5:20160407213830.064:1241</Value>
          <Value>entryDN:1241:1:55a73700-c891-46fd-8f5c-72bc827f2ef5:20160407213830.064:1241</Value>
          <Value>isSingleValued:1241:1:55a73700-c891-46fd-8f5c-72bc827f2ef5:20160407213830.064:1241</Value>
          <Value>lDAPDisplayName:1241:1:55a73700-c891-46fd-8f5c-72bc827f2ef5:20160407213830.064:1241</Value>
          <Value>modifyTimeStamp:1241:1:55a73700-c891-46fd-8f5c-72bc827f2ef5:20160407213830.064:1241</Value>
          <Value>objectClass:1241:1:55a73700-c891-46fd-8f5c-72bc827f2ef5:20160407213830.064:1241</Value>
          <Value>objectGUID:1241:1:55a73700-c891-46fd-8f5c-72bc827f2ef5:20160407213830.064:1241</Value>
          <Value>oMSyntax:1241:1:55a73700-c891-46fd-8f5c-72bc827f2ef5:20160407213830.064:1241</Value>
          <Value>schemaIDGUID:1241:1:55a73700-c891-46fd-8f5c-72bc827f2ef5:20160407213830.064:1241</Value>
          <Value>uSNChanged:1241:1:55a73700-c891-46fd-8f5c-72bc827f2ef5:20160407213830.064:1241</Value>
          <Value>uSNCreated:1241:1:55a73700-c891-46fd-8f5c-72bc827f2ef5:20160407213830.064:1241</Value>
          <Value>vmwAttributeUsage:1241:1:55a73700-c891-46fd-8f5c-72bc827f2ef5:20160407213830.064:1241</Value>
        </AttributeMetadata>
      </AttributeSchemaEntry>
      <AttributeSchemaEntry>
        <Name>allowedAttributes</Name>
        <AttributeMetadata>
          <Value>attributeID:1450:1:55a73700-c891-46fd-8f5c-72bc827f2ef5:20160407213830.412:1450</Value>
          <Value>attributeSyntax:1450:1:55a73700-c891-46fd-8f5c-72bc827f2ef5:20160407213830.412:1450</Value>
          <Value>cn:1450:1:55a73700-c891-46fd-8f5c-72bc827f2ef5:20160407213830.412:1450</Value>
          <Value>createTimeStamp:1450:1:55a73700-c891-46fd-8f5c-72bc827f2ef5:20160407213830.412:1450</Value>
          <Value>entryDN:1450:1:55a73700-c891-46fd-8f5c-72bc827f2ef5:20160407213830.412:1450</Value>
          <Value>isSingleValued:1450:1:55a73700-c891-46fd-8f5c-72bc827f2ef5:20160407213830.412:1450</Value>
          <Value>lDAPDisplayName:1450:1:55a73700-c891-46fd-8f5c-72bc827f2ef5:20160407213830.412:1450</Value>
          <Value>modifyTimeStamp:1450:1:55a73700-c891-46fd-8f5c-72bc827f2ef5:20160407213830.412:1450</Value>
          <Value>objectClass:1450:1:55a73700-c891-46fd-8f5c-72bc827f2ef5:20160407213830.412:1450</Value>
          <Value>objectGUID:1450:1:55a73700-c891-46fd-8f5c-72bc827f2ef5:20160407213830.412:1450</Value>
          <Value>oMSyntax:1450:1:55a73700-c891-46fd-8f5c-72bc827f2ef5:20160407213830.412:1450</Value>
          <Value>schemaIDGUID:1450:1:55a73700-c891-46fd-8f5c-72bc827f2ef5:20160407213830.412:1450</Value>
          <Value>uSNChanged:1450:1:55a73700-c891-46fd-8f5c-72bc827f2ef5:20160407213830.412:1450</Value>
          <Value>uSNCreated:1450:1:55a73700-c891-46fd-8f5c-72bc827f2ef5:20160407213830.412:1450</Value>
          <Value>vmwAttributeUsage:1450:1:55a73700-c891-46fd-8f5c-72bc827f2ef5:20160407213830.412:1450</Value>
        </AttributeMetadata>
      </AttributeSchemaEntry>
      <AttributeSchemaEntry>
        <Name>allowedAttributesEffective</Name>
        <AttributeMetadata>
          <Value>attributeID:1485:1:55a73700-c891-46fd-8f5c-72bc827f2ef5:20160407213830.469:1485</Value>
          <Value>attributeSyntax:1485:1:55a73700-c891-46fd-8f5c-72bc827f2ef5:20160407213830.469:1485</Value>
          <Value>cn:1485:1:55a73700-c891-46fd-8f5c-72bc827f2ef5:20160407213830.469:1485</Value>
          <Value>createTimeStamp:1485:1:55a73700-c891-46fd-8f5c-72bc827f2ef5:20160407213830.469:1485</Value>
          <Value>entryDN:1485:1:55a73700-c891-46fd-8f5c-72bc827f2ef5:20160407213830.469:1485</Value>
          <Value>isSingleValued:1485:1:55a73700-c891-46fd-8f5c-72bc827f2ef5:20160407213830.469:1485</Value>
          <Value>lDAPDisplayName:1485:1:55a73700-c891-46fd-8f5c-72bc827f2ef5:20160407213830.469:1485</Value>
          <Value>modifyTimeStamp:1485:1:55a73700-c891-46fd-8f5c-72bc827f2ef5:20160407213830.469:1485</Value>
          <Value>objectClass:1485:1:55a73700-c891-46fd-8f5c-72bc827f2ef5:20160407213830.469:1485</Value>
          <Value>objectGUID:1485:1:55a73700-c891-46fd-8f5c-72bc827f2ef5:20160407213830.469:1485</Value>
          <Value>oMSyntax:1485:1:55a73700-c891-46fd-8f5c-72bc827f2ef5:20160407213830.469:1485</Value>
          <Value>schemaIDGUID:1485:1:55a73700-c891-46fd-8f5c-72bc827f2ef5:20160407213830.469:1485</Value>
          <Value>uSNChanged:1485:1:55a73700-c891-46fd-8f5c-72bc827f2ef5:20160407213830.469:1485</Value>
          <Value>uSNCreated:1485:1:55a73700-c891-46fd-8f5c-72bc827f2ef5:20160407213830.469:1485</Value>
          <Value>vmwAttributeUsage:1485:1:55a73700-c891-46fd-8f5c-72bc827f2ef5:20160407213830.469:1485</Value>
        </AttributeMetadata>
      </AttributeSchemaEntry>
      <AttributeSchemaEntry>
        <Name>allowedChildClasses</Name>
        <AttributeMetadata>
          <Value>attributeID:612:1:55a73700-c891-46fd-8f5c-72bc827f2ef5:20160407213828.969:612</Value>
          <Value>attributeSyntax:612:1:55a73700-c891-46fd-8f5c-72bc827f2ef5:20160407213828.969:612</Value>
          <Value>cn:612:1:55a73700-c891-46fd-8f5c-72bc827f2ef5:20160407213828.969:612</Value>
          <Value>createTimeStamp:612:1:55a73700-c891-46fd-8f5c-72bc827f2ef5:20160407213828.969:612</Value>
          <Value>entryDN:612:1:55a73700-c891-46fd-8f5c-72bc827f2ef5:20160407213828.969:612</Value>
          <Value>isSingleValued:612:1:55a73700-c891-46fd-8f5c-72bc827f2ef5:20160407213828.969:612</Value>
          <Value>lDAPDisplayName:612:1:55a73700-c891-46fd-8f5c-72bc827f2ef5:20160407213828.969:612</Value>
          <Value>modifyTimeStamp:612:1:55a73700-c891-46fd-8f5c-72bc827f2ef5:20160407213828.969:612</Value>
          <Value>objectClass:612:1:55a73700-c891-46fd-8f5c-72bc827f2ef5:20160407213828.969:612</Value>
          <Value>objectGUID:612:1:55a73700-c891-46fd-8f5c-72bc827f2ef5:20160407213828.969:612</Value>
          <Value>oMSyntax:612:1:55a73700-c891-46fd-8f5c-72bc827f2ef5:20160407213828.969:612</Value>
          <Value>schemaIDGUID:612:1:55a73700-c891-46fd-8f5c-72bc827f2ef5:20160407213828.969:612</Value>
          <Value>uSNChanged:612:1:55a73700-c891-46fd-8f5c-72bc827f2ef5:20160407213828.969:612</Value>
          <Value>uSNCreated:612:1:55a73700-c891-46fd-8f5c-72bc827f2ef5:20160407213828.969:612</Value>
          <Value>vmwAttributeUsage:612:1:55a73700-c891-46fd-8f5c-72bc827f2ef5:20160407213828.969:612</Value>
        </AttributeMetadata>
      </AttributeSchemaEntry>
      <AttributeSchemaEntry>
        <Name>allowedChildClassesEffective</Name>
        <AttributeMetadata>
          <Value>attributeID:916:1:55a73700-c891-46fd-8f5c-72bc827f2ef5:20160407213829.496:916</Value>
          <Value>attributeSyntax:916:1:55a73700-c891-46fd-8f5c-72bc827f2ef5:20160407213829.496:916</Value>
          <Value>cn:916:1:55a73700-c891-46fd-8f5c-72bc827f2ef5:20160407213829.496:916</Value>
          <Value>createTimeStamp:916:1:55a73700-c891-46fd-8f5c-72bc827f2ef5:20160407213829.496:916</Value>
          <Value>entryDN:916:1:55a73700-c891-46fd-8f5c-72bc827f2ef5:20160407213829.496:916</Value>
          <Value>isSingleValued:916:1:55a73700-c891-46fd-8f5c-72bc827f2ef5:20160407213829.496:916</Value>
          <Value>lDAPDisplayName:916:1:55a73700-c891-46fd-8f5c-72bc827f2ef5:20160407213829.496:916</Value>
          <Value>modifyTimeStamp:916:1:55a73700-c891-46fd-8f5c-72bc827f2ef5:20160407213829.496:916</Value>
          <Value>objectClass:916:1:55a73700-c891-46fd-8f5c-72bc827f2ef5:20160407213829.496:916</Value>
          <Value>objectGUID:916:1:55a73700-c891-46fd-8f5c-72bc827f2ef5:20160407213829.496:916</Value>
          <Value>oMSyntax:916:1:55a73700-c891-46fd-8f5c-72bc827f2ef5:20160407213829.496:916</Value>
          <Value>schemaIDGUID:916:1:55a73700-c891-46fd-8f5c-72bc827f2ef5:20160407213829.496:916</Value>
          <Value>uSNChanged:916:1:55a73700-c891-46fd-8f5c-72bc827f2ef5:20160407213829.496:916</Value>
          <Value>uSNCreated:916:1:55a73700-c891-46fd-8f5c-72bc827f2ef5:20160407213829.496:916</Value>
          <Value>vmwAttributeUsage:916:1:55a73700-c891-46fd-8f5c-72bc827f2ef5:20160407213829.496:916</Value>
        </AttributeMetadata>
      </AttributeSchemaEntry>
      <AttributeSchemaEntry>
        <Name>altSecurityIdentities</Name>
        <AttributeMetadata>
          <Value>attributeID:469:1:55a73700-c891-46fd-8f5c-72bc827f2ef5:20160407213828.732:469</Value>
          <Value>attributeSyntax:469:1:55a73700-c891-46fd-8f5c-72bc827f2ef5:20160407213828.732:469</Value>
          <Value>cn:469:1:55a73700-c891-46fd-8f5c-72bc827f2ef5:20160407213828.732:469</Value>
          <Value>createTimeStamp:469:1:55a73700-c891-46fd-8f5c-72bc827f2ef5:20160407213828.732:469</Value>
          <Value>entryDN:469:1:55a73700-c891-46fd-8f5c-72bc827f2ef5:20160407213828.732:469</Value>
          <Value>isSingleValued:469:1:55a73700-c891-46fd-8f5c-72bc827f2ef5:20160407213828.732:469</Value>
          <Value>lDAPDisplayName:469:1:55a73700-c891-46fd-8f5c-72bc827f2ef5:20160407213828.732:469</Value>
          <Value>modifyTimeStamp:469:1:55a73700-c891-46fd-8f5c-72bc827f2ef5:20160407213828.732:469</Value>
          <Value>objectClass:469:1:55a73700-c891-46fd-8f5c-72bc827f2ef5:20160407213828.732:469</Value>
          <Value>objectGUID:469:1:55a73700-c891-46fd-8f5c-72bc827f2ef5:20160407213828.732:469</Value>
          <Value>oMSyntax:469:1:55a73700-c891-46fd-8f5c-72bc827f2ef5:20160407213828.732:469</Value>
          <Value>schemaIDGUID:469:1:55a73700-c891-46fd-8f5c-72bc827f2ef5:20160407213828.732:469</Value>
          <Value>uSNChanged:469:1:55a73700-c891-46fd-8f5c-72bc827f2ef5:20160407213828.732:469</Value>
          <Value>uSNCreated:469:1:55a73700-c891-46fd-8f5c-72bc827f2ef5:20160407213828.732:469</Value>
          <Value>vmwAttributeUsage:469:1:55a73700-c891-46fd-8f5c-72bc827f2ef5:20160407213828.732:469</Value>
        </AttributeMetadata>
      </AttributeSchemaEntry>
      <AttributeSchemaEntry>
        <Name>altServer</Name>
        <AttributeMetadata>
          <Value>attributeID:981:1:55a73700-c891-46fd-8f5c-72bc827f2ef5:20160407213829.596:981</Value>
          <Value>attributeSyntax:981:1:55a73700-c891-46fd-8f5c-72bc827f2ef5:20160407213829.596:981</Value>
          <Value>cn:981:1:55a73700-c891-46fd-8f5c-72bc827f2ef5:20160407213829.596:981</Value>
          <Value>createTimeStamp:981:1:55a73700-c891-46fd-8f5c-72bc827f2ef5:20160407213829.596:981</Value>
          <Value>description:981:1:55a73700-c891-46fd-8f5c-72bc827f2ef5:20160407213829.596:981</Value>
          <Value>entryDN:981:1:55a73700-c891-46fd-8f5c-72bc827f2ef5:20160407213829.596:981</Value>
          <Value>isSingleValued:981:1:55a73700-c891-46fd-8f5c-72bc827f2ef5:20160407213829.596:981</Value>
          <Value>lDAPDisplayName:981:1:55a73700-c891-46fd-8f5c-72bc827f2ef5:20160407213829.596:981</Value>
          <Value>modifyTimeStamp:981:1:55a73700-c891-46fd-8f5c-72bc827f2ef5:20160407213829.596:981</Value>
          <Value>objectClass:981:1:55a73700-c891-46fd-8f5c-72bc827f2ef5:20160407213829.596:981</Value>
          <Value>objectGUID:981:1:55a73700-c891-46fd-8f5c-72bc827f2ef5:20160407213829.596:981</Value>
          <Value>oMSyntax:981:1:55a73700-c891-46fd-8f5c-72bc827f2ef5:20160407213829.596:981</Value>
          <Value>schemaIDGUID:981:1:55a73700-c891-46fd-8f5c-72bc827f2ef5:20160407213829.596:981</Value>
          <Value>uSNChanged:981:1:55a73700-c891-46fd-8f5c-72bc827f2ef5:20160407213829.596:981</Value>
          <Value>uSNCreated:981:1:55a73700-c891-46fd-8f5c-72bc827f2ef5:20160407213829.596:981</Value>
          <Value>vmwAttributeUsage:981:1:55a73700-c891-46fd-8f5c-72bc827f2ef5:20160407213829.596:981</Value>
        </AttributeMetadata>
      </AttributeSchemaEntry>
      <AttributeSchemaEntry>
        <Name>aNR</Name>
        <AttributeMetadata>
          <Value>attributeID:1530:1:55a73700-c891-46fd-8f5c-72bc827f2ef5:20160407213830.540:1530</Value>
          <Value>attributeSyntax:1530:1:55a73700-c891-46fd-8f5c-72bc827f2ef5:20160407213830.540:1530</Value>
          <Value>cn:1530:1:55a73700-c891-46fd-8f5c-72bc827f2ef5:20160407213830.540:1530</Value>
          <Value>createTimeStamp:1530:1:55a73700-c891-46fd-8f5c-72bc827f2ef5:20160407213830.540:1530</Value>
          <Value>entryDN:1530:1:55a73700-c891-46fd-8f5c-72bc827f2ef5:20160407213830.540:1530</Value>
          <Value>isSingleValued:1530:1:55a73700-c891-46fd-8f5c-72bc827f2ef5:20160407213830.540:1530</Value>
          <Value>lDAPDisplayName:1530:1:55a73700-c891-46fd-8f5c-72bc827f2ef5:20160407213830.540:1530</Value>
          <Value>modifyTimeStamp:1530:1:55a73700-c891-46fd-8f5c-72bc827f2ef5:20160407213830.540:1530</Value>
          <Value>objectClass:1530:1:55a73700-c891-46fd-8f5c-72bc827f2ef5:20160407213830.540:1530</Value>
          <Value>objectGUID:1530:1:55a73700-c891-46fd-8f5c-72bc827f2ef5:20160407213830.540:1530</Value>
          <Value>oMSyntax:1530:1:55a73700-c891-46fd-8f5c-72bc827f2ef5:20160407213830.540:1530</Value>
          <Value>schemaIDGUID:1530:1:55a73700-c891-46fd-8f5c-72bc827f2ef5:20160407213830.540:1530</Value>
          <Value>uSNChanged:1530:1:55a73700-c891-46fd-8f5c-72bc827f2ef5:20160407213830.540:1530</Value>
          <Value>uSNCreated:1530:1:55a73700-c891-46fd-8f5c-72bc827f2ef5:20160407213830.540:1530</Value>
          <Value>vmwAttributeUsage:1530:1:55a73700-c891-46fd-8f5c-72bc827f2ef5:20160407213830.540:1530</Value>
        </AttributeMetadata>
      </AttributeSchemaEntry>
      <AttributeSchemaEntry>
        <Name>applicationName</Name>
        <AttributeMetadata>
          <Value>attributeID:1218:1:55a73700-c891-46fd-8f5c-72bc827f2ef5:20160407213830.029:1218</Value>
          <Value>attributeSyntax:1218:1:55a73700-c891-46fd-8f5c-72bc827f2ef5:20160407213830.029:1218</Value>
          <Value>cn:1218:1:55a73700-c891-46fd-8f5c-72bc827f2ef5:20160407213830.029:1218</Value>
          <Value>createTimeStamp:1218:1:55a73700-c891-46fd-8f5c-72bc827f2ef5:20160407213830.029:1218</Value>
          <Value>entryDN:1218:1:55a73700-c891-46fd-8f5c-72bc827f2ef5:20160407213830.029:1218</Value>
          <Value>isSingleValued:1218:1:55a73700-c891-46fd-8f5c-72bc827f2ef5:20160407213830.029:1218</Value>
          <Value>lDAPDisplayName:1218:1:55a73700-c891-46fd-8f5c-72bc827f2ef5:20160407213830.029:1218</Value>
          <Value>modifyTimeStamp:1218:1:55a73700-c891-46fd-8f5c-72bc827f2ef5:20160407213830.029:1218</Value>
          <Value>objectClass:1218:1:55a73700-c891-46fd-8f5c-72bc827f2ef5:20160407213830.029:1218</Value>
          <Value>objectGUID:1218:1:55a73700-c891-46fd-8f5c-72bc827f2ef5:20160407213830.029:1218</Value>
          <Value>oMSyntax:1218:1:55a73700-c891-46fd-8f5c-72bc827f2ef5:20160407213830.029:1218</Value>
          <Value>schemaIDGUID:1218:1:55a73700-c891-46fd-8f5c-72bc827f2ef5:20160407213830.029:1218</Value>
          <Value>uSNChanged:1218:1:55a73700-c891-46fd-8f5c-72bc827f2ef5:20160407213830.029:1218</Value>
          <Value>uSNCreated:1218:1:55a73700-c891-46fd-8f5c-72bc827f2ef5:20160407213830.029:1218</Value>
          <Value>vmwAttributeUsage:1218:1:55a73700-c891-46fd-8f5c-72bc827f2ef5:20160407213830.029:1218</Value>
        </AttributeMetadata>
      </AttributeSchemaEntry>
      <AttributeSchemaEntry>
        <Name>appliesTo</Name>
        <AttributeMetadata>
          <Value>attributeID:765:1:55a73700-c891-46fd-8f5c-72bc827f2ef5:20160407213829.234:765</Value>
          <Value>attributeSyntax:765:1:55a73700-c891-46fd-8f5c-72bc827f2ef5:20160407213829.234:765</Value>
          <Value>cn:765:1:55a73700-c891-46fd-8f5c-72bc827f2ef5:20160407213829.234:765</Value>
          <Value>createTimeStamp:765:1:55a73700-c891-46fd-8f5c-72bc827f2ef5:20160407213829.234:765</Value>
          <Value>entryDN:765:1:55a73700-c891-46fd-8f5c-72bc827f2ef5:20160407213829.234:765</Value>
          <Value>isSingleValued:765:1:55a73700-c891-46fd-8f5c-72bc827f2ef5:20160407213829.234:765</Value>
          <Value>lDAPDisplayName:765:1:55a73700-c891-46fd-8f5c-72bc827f2ef5:20160407213829.234:765</Value>
          <Value>modifyTimeStamp:765:1:55a73700-c891-46fd-8f5c-72bc827f2ef5:20160407213829.234:765</Value>
          <Value>objectClass:765:1:55a73700-c891-46fd-8f5c-72bc827f2ef5:20160407213829.234:765</Value>
          <Value>objectGUID:765:1:55a73700-c891-46fd-8f5c-72bc827f2ef5:20160407213829.234:765</Value>
          <Value>oMSyntax:765:1:55a73700-c891-46fd-8f5c-72bc827f2ef5:20160407213829.234:765</Value>
          <Value>schemaIDGUID:765:1:55a73700-c891-46fd-8f5c-72bc827f2ef5:20160407213829.234:765</Value>
          <Value>uSNChanged:765:1:55a73700-c891-46fd-8f5c-72bc827f2ef5:20160407213829.234:765</Value>
          <Value>uSNCreated:765:1:55a73700-c891-46fd-8f5c-72bc827f2ef5:20160407213829.234:765</Value>
          <Value>vmwAttributeUsage:765:1:55a73700-c891-46fd-8f5c-72bc827f2ef5:20160407213829.234:765</Value>
        </AttributeMetadata>
      </AttributeSchemaEntry>
      <AttributeSchemaEntry>
        <Name>appSchemaVersion</Name>
        <AttributeMetadata>
          <Value>attributeID:404:1:55a73700-c891-46fd-8f5c-72bc827f2ef5:20160407213828.624:404</Value>
          <Value>attributeSyntax:404:1:55a73700-c891-46fd-8f5c-72bc827f2ef5:20160407213828.624:404</Value>
          <Value>cn:404:1:55a73700-c891-46fd-8f5c-72bc827f2ef5:20160407213828.624:404</Value>
          <Value>createTimeStamp:404:1:55a73700-c891-46fd-8f5c-72bc827f2ef5:20160407213828.624:404</Value>
          <Value>entryDN:404:1:55a73700-c891-46fd-8f5c-72bc827f2ef5:20160407213828.624:404</Value>
          <Value>isSingleValued:404:1:55a73700-c891-46fd-8f5c-72bc827f2ef5:20160407213828.624:404</Value>
          <Value>lDAPDisplayName:404:1:55a73700-c891-46fd-8f5c-72bc827f2ef5:20160407213828.624:404</Value>
          <Value>modifyTimeStamp:404:1:55a73700-c891-46fd-8f5c-72bc827f2ef5:20160407213828.624:404</Value>
          <Value>objectClass:404:1:55a73700-c891-46fd-8f5c-72bc827f2ef5:20160407213828.624:404</Value>
          <Value>objectGUID:404:1:55a73700-c891-46fd-8f5c-72bc827f2ef5:20160407213828.624:404</Value>
          <Value>oMSyntax:404:1:55a73700-c891-46fd-8f5c-72bc827f2ef5:20160407213828.624:404</Value>
          <Value>schemaIDGUID:404:1:55a73700-c891-46fd-8f5c-72bc827f2ef5:20160407213828.624:404</Value>
          <Value>uSNChanged:404:1:55a73700-c891-46fd-8f5c-72bc827f2ef5:20160407213828.624:404</Value>
          <Value>uSNCreated:404:1:55a73700-c891-46fd-8f5c-72bc827f2ef5:20160407213828.624:404</Value>
          <Value>vmwAttributeUsage:404:1:55a73700-c891-46fd-8f5c-72bc827f2ef5:20160407213828.624:404</Value>
        </AttributeMetadata>
      </AttributeSchemaEntry>
      <AttributeSchemaEntry>
        <Name>assetNumber</Name>
        <AttributeMetadata>
          <Value>attributeID:121:1:55a73700-c891-46fd-8f5c-72bc827f2ef5:20160407213828.210:121</Value>
          <Value>attributeSyntax:121:1:55a73700-c891-46fd-8f5c-72bc827f2ef5:20160407213828.210:121</Value>
          <Value>cn:121:1:55a73700-c891-46fd-8f5c-72bc827f2ef5:20160407213828.210:121</Value>
          <Value>createTimeStamp:121:1:55a73700-c891-46fd-8f5c-72bc827f2ef5:20160407213828.210:121</Value>
          <Value>entryDN:121:1:55a73700-c891-46fd-8f5c-72bc827f2ef5:20160407213828.210:121</Value>
          <Value>isSingleValued:121:1:55a73700-c891-46fd-8f5c-72bc827f2ef5:20160407213828.210:121</Value>
          <Value>lDAPDisplayName:121:1:55a73700-c891-46fd-8f5c-72bc827f2ef5:20160407213828.210:121</Value>
          <Value>modifyTimeStamp:121:1:55a73700-c891-46fd-8f5c-72bc827f2ef5:20160407213828.210:121</Value>
          <Value>objectClass:121:1:55a73700-c891-46fd-8f5c-72bc827f2ef5:20160407213828.210:121</Value>
          <Value>objectGUID:121:1:55a73700-c891-46fd-8f5c-72bc827f2ef5:20160407213828.210:121</Value>
          <Value>oMSyntax:121:1:55a73700-c891-46fd-8f5c-72bc827f2ef5:20160407213828.210:121</Value>
          <Value>schemaIDGUID:121:1:55a73700-c891-46fd-8f5c-72bc827f2ef5:20160407213828.210:121</Value>
          <Value>uSNChanged:121:1:55a73700-c891-46fd-8f5c-72bc827f2ef5:20160407213828.210:121</Value>
          <Value>uSNCreated:121:1:55a73700-c891-46fd-8f5c-72bc827f2ef5:20160407213828.210:121</Value>
          <Value>vmwAttributeUsage:121:1:55a73700-c891-46fd-8f5c-72bc827f2ef5:20160407213828.210:121</Value>
        </AttributeMetadata>
      </AttributeSchemaEntry>
      <AttributeSchemaEntry>
        <Name>assistant</Name>
        <AttributeMetadata>
          <Value>attributeID:830:1:55a73700-c891-46fd-8f5c-72bc827f2ef5:20160407213829.343:830</Value>
          <Value>attributeSyntax:830:1:55a73700-c891-46fd-8f5c-72bc827f2ef5:20160407213829.343:830</Value>
          <Value>cn:830:1:55a73700-c891-46fd-8f5c-72bc827f2ef5:20160407213829.343:830</Value>
          <Value>createTimeStamp:830:1:55a73700-c891-46fd-8f5c-72bc827f2ef5:20160407213829.343:830</Value>
          <Value>entryDN:830:1:55a73700-c891-46fd-8f5c-72bc827f2ef5:20160407213829.343:830</Value>
          <Value>isSingleValued:830:1:55a73700-c891-46fd-8f5c-72bc827f2ef5:20160407213829.343:830</Value>
          <Value>lDAPDisplayName:830:1:55a73700-c891-46fd-8f5c-72bc827f2ef5:20160407213829.343:830</Value>
          <Value>modifyTimeStamp:830:1:55a73700-c891-46fd-8f5c-72bc827f2ef5:20160407213829.343:830</Value>
          <Value>objectClass:830:1:55a73700-c891-46fd-8f5c-72bc827f2ef5:20160407213829.343:830</Value>
          <Value>objectGUID:830:1:55a73700-c891-46fd-8f5c-72bc827f2ef5:20160407213829.343:830</Value>
          <Value>oMSyntax:830:1:55a73700-c891-46fd-8f5c-72bc827f2ef5:20160407213829.343:830</Value>
          <Value>schemaIDGUID:830:1:55a73700-c891-46fd-8f5c-72bc827f2ef5:20160407213829.343:830</Value>
          <Value>uSNChanged:830:1:55a73700-c891-46fd-8f5c-72bc827f2ef5:20160407213829.343:830</Value>
          <Value>uSNCreated:830:1:55a73700-c891-46fd-8f5c-72bc827f2ef5:20160407213829.343:830</Value>
          <Value>vmwAttributeUsage:830:1:55a73700-c891-46fd-8f5c-72bc827f2ef5:20160407213829.343:830</Value>
        </AttributeMetadata>
      </AttributeSchemaEntry>
      <AttributeSchemaEntry>
        <Name>associatedDomain</Name>
        <AttributeMetadata>
          <Value>attributeID:1226:1:55a73700-c891-46fd-8f5c-72bc827f2ef5:20160407213830.037:1226</Value>
          <Value>attributeSyntax:1226:1:55a73700-c891-46fd-8f5c-72bc827f2ef5:20160407213830.037:1226</Value>
          <Value>cn:1226:1:55a73700-c891-46fd-8f5c-72bc827f2ef5:20160407213830.037:1226</Value>
          <Value>createTimeStamp:1226:1:55a73700-c891-46fd-8f5c-72bc827f2ef5:20160407213830.037:1226</Value>
          <Value>entryDN:1226:1:55a73700-c891-46fd-8f5c-72bc827f2ef5:20160407213830.037:1226</Value>
          <Value>isSingleValued:1226:1:55a73700-c891-46fd-8f5c-72bc827f2ef5:20160407213830.037:1226</Value>
          <Value>lDAPDisplayName:1226:1:55a73700-c891-46fd-8f5c-72bc827f2ef5:20160407213830.037:1226</Value>
          <Value>modifyTimeStamp:1226:1:55a73700-c891-46fd-8f5c-72bc827f2ef5:20160407213830.037:1226</Value>
          <Value>objectClass:1226:1:55a73700-c891-46fd-8f5c-72bc827f2ef5:20160407213830.037:1226</Value>
          <Value>objectGUID:1226:1:55a73700-c891-46fd-8f5c-72bc827f2ef5:20160407213830.037:1226</Value>
          <Value>oMSyntax:1226:1:55a73700-c891-46fd-8f5c-72bc827f2ef5:20160407213830.037:1226</Value>
          <Value>schemaIDGUID:1226:1:55a73700-c891-46fd-8f5c-72bc827f2ef5:20160407213830.037:1226</Value>
          <Value>uSNChanged:1226:1:55a73700-c891-46fd-8f5c-72bc827f2ef5:20160407213830.037:1226</Value>
          <Value>uSNCreated:1226:1:55a73700-c891-46fd-8f5c-72bc827f2ef5:20160407213830.037:1226</Value>
          <Value>vmwAttributeUsage:1226:1:55a73700-c891-46fd-8f5c-72bc827f2ef5:20160407213830.037:1226</Value>
        </AttributeMetadata>
      </AttributeSchemaEntry>
      <AttributeSchemaEntry>
        <Name>associatedName</Name>
        <AttributeMetadata>
          <Value>attributeID:701:1:55a73700-c891-46fd-8f5c-72bc827f2ef5:20160407213829.123:701</Value>
          <Value>attributeSyntax:701:1:55a73700-c891-46fd-8f5c-72bc827f2ef5:20160407213829.123:701</Value>
          <Value>cn:701:1:55a73700-c891-46fd-8f5c-72bc827f2ef5:20160407213829.123:701</Value>
          <Value>createTimeStamp:701:1:55a73700-c891-46fd-8f5c-72bc827f2ef5:20160407213829.123:701</Value>
          <Value>entryDN:701:1:55a73700-c891-46fd-8f5c-72bc827f2ef5:20160407213829.123:701</Value>
          <Value>isSingleValued:701:1:55a73700-c891-46fd-8f5c-72bc827f2ef5:20160407213829.123:701</Value>
          <Value>lDAPDisplayName:701:1:55a73700-c891-46fd-8f5c-72bc827f2ef5:20160407213829.123:701</Value>
          <Value>modifyTimeStamp:701:1:55a73700-c891-46fd-8f5c-72bc827f2ef5:20160407213829.123:701</Value>
          <Value>objectClass:701:1:55a73700-c891-46fd-8f5c-72bc827f2ef5:20160407213829.123:701</Value>
          <Value>objectGUID:701:1:55a73700-c891-46fd-8f5c-72bc827f2ef5:20160407213829.123:701</Value>
          <Value>oMSyntax:701:1:55a73700-c891-46fd-8f5c-72bc827f2ef5:20160407213829.123:701</Value>
          <Value>schemaIDGUID:701:1:55a73700-c891-46fd-8f5c-72bc827f2ef5:20160407213829.123:701</Value>
          <Value>uSNChanged:701:1:55a73700-c891-46fd-8f5c-72bc827f2ef5:20160407213829.123:701</Value>
          <Value>uSNCreated:701:1:55a73700-c891-46fd-8f5c-72bc827f2ef5:20160407213829.123:701</Value>
          <Value>vmwAttributeUsage:701:1:55a73700-c891-46fd-8f5c-72bc827f2ef5:20160407213829.123:701</Value>
        </AttributeMetadata>
      </AttributeSchemaEntry>
      <AttributeSchemaEntry>
        <Name>assocNTAccount</Name>
        <AttributeMetadata>
          <Value>attributeID:332:1:55a73700-c891-46fd-8f5c-72bc827f2ef5:20160407213828.510:332</Value>
          <Value>attributeSyntax:332:1:55a73700-c891-46fd-8f5c-72bc827f2ef5:20160407213828.510:332</Value>
          <Value>cn:332:1:55a73700-c891-46fd-8f5c-72bc827f2ef5:20160407213828.510:332</Value>
          <Value>createTimeStamp:332:1:55a73700-c891-46fd-8f5c-72bc827f2ef5:20160407213828.510:332</Value>
          <Value>entryDN:332:1:55a73700-c891-46fd-8f5c-72bc827f2ef5:20160407213828.510:332</Value>
          <Value>isSingleValued:332:1:55a73700-c891-46fd-8f5c-72bc827f2ef5:20160407213828.510:332</Value>
          <Value>lDAPDisplayName:332:1:55a73700-c891-46fd-8f5c-72bc827f2ef5:20160407213828.510:332</Value>
          <Value>modifyTimeStamp:332:1:55a73700-c891-46fd-8f5c-72bc827f2ef5:20160407213828.510:332</Value>
          <Value>objectClass:332:1:55a73700-c891-46fd-8f5c-72bc827f2ef5:20160407213828.510:332</Value>
          <Value>objectGUID:332:1:55a73700-c891-46fd-8f5c-72bc827f2ef5:20160407213828.510:332</Value>
          <Value>oMSyntax:332:1:55a73700-c891-46fd-8f5c-72bc827f2ef5:20160407213828.510:332</Value>
          <Value>schemaIDGUID:332:1:55a73700-c891-46fd-8f5c-72bc827f2ef5:20160407213828.510:332</Value>
          <Value>uSNChanged:332:1:55a73700-c891-46fd-8f5c-72bc827f2ef5:20160407213828.510:332</Value>
          <Value>uSNCreated:332:1:55a73700-c891-46fd-8f5c-72bc827f2ef5:20160407213828.510:332</Value>
          <Value>vmwAttributeUsage:332:1:55a73700-c891-46fd-8f5c-72bc827f2ef5:20160407213828.510:332</Value>
        </AttributeMetadata>
      </AttributeSchemaEntry>
      <AttributeSchemaEntry>
        <Name>attributeCertificateAttribute</Name>
        <AttributeMetadata>
          <Value>attributeID:1453:1:55a73700-c891-46fd-8f5c-72bc827f2ef5:20160407213830.416:1453</Value>
          <Value>attributeSyntax:1453:1:55a73700-c891-46fd-8f5c-72bc827f2ef5:20160407213830.416:1453</Value>
          <Value>cn:1453:1:55a73700-c891-46fd-8f5c-72bc827f2ef5:20160407213830.416:1453</Value>
          <Value>createTimeStamp:1453:1:55a73700-c891-46fd-8f5c-72bc827f2ef5:20160407213830.416:1453</Value>
          <Value>entryDN:1453:1:55a73700-c891-46fd-8f5c-72bc827f2ef5:20160407213830.416:1453</Value>
          <Value>isSingleValued:1453:1:55a73700-c891-46fd-8f5c-72bc827f2ef5:20160407213830.416:1453</Value>
          <Value>lDAPDisplayName:1453:1:55a73700-c891-46fd-8f5c-72bc827f2ef5:20160407213830.416:1453</Value>
          <Value>modifyTimeStamp:1453:1:55a73700-c891-46fd-8f5c-72bc827f2ef5:20160407213830.416:1453</Value>
          <Value>objectClass:1453:1:55a73700-c891-46fd-8f5c-72bc827f2ef5:20160407213830.416:1453</Value>
          <Value>objectGUID:1453:1:55a73700-c891-46fd-8f5c-72bc827f2ef5:20160407213830.416:1453</Value>
          <Value>oMSyntax:1453:1:55a73700-c891-46fd-8f5c-72bc827f2ef5:20160407213830.416:1453</Value>
          <Value>schemaIDGUID:1453:1:55a73700-c891-46fd-8f5c-72bc827f2ef5:20160407213830.416:1453</Value>
          <Value>uSNChanged:1453:1:55a73700-c891-46fd-8f5c-72bc827f2ef5:20160407213830.416:1453</Value>
          <Value>uSNCreated:1453:1:55a73700-c891-46fd-8f5c-72bc827f2ef5:20160407213830.416:1453</Value>
          <Value>vmwAttributeUsage:1453:1:55a73700-c891-46fd-8f5c-72bc827f2ef5:20160407213830.416:1453</Value>
        </AttributeMetadata>
      </AttributeSchemaEntry>
      <AttributeSchemaEntry>
        <Name>attributeDisplayNames</Name>
        <AttributeMetadata>
          <Value>attributeID:344:1:55a73700-c891-46fd-8f5c-72bc827f2ef5:20160407213828.533:344</Value>
          <Value>attributeSyntax:344:1:55a73700-c891-46fd-8f5c-72bc827f2ef5:20160407213828.533:344</Value>
          <Value>cn:344:1:55a73700-c891-46fd-8f5c-72bc827f2ef5:20160407213828.533:344</Value>
          <Value>createTimeStamp:344:1:55a73700-c891-46fd-8f5c-72bc827f2ef5:20160407213828.533:344</Value>
          <Value>entryDN:344:1:55a73700-c891-46fd-8f5c-72bc827f2ef5:20160407213828.533:344</Value>
          <Value>isSingleValued:344:1:55a73700-c891-46fd-8f5c-72bc827f2ef5:20160407213828.533:344</Value>
          <Value>lDAPDisplayName:344:1:55a73700-c891-46fd-8f5c-72bc827f2ef5:20160407213828.533:344</Value>
          <Value>modifyTimeStamp:344:1:55a73700-c891-46fd-8f5c-72bc827f2ef5:20160407213828.533:344</Value>
          <Value>objectClass:344:1:55a73700-c891-46fd-8f5c-72bc827f2ef5:20160407213828.533:344</Value>
          <Value>objectGUID:344:1:55a73700-c891-46fd-8f5c-72bc827f2ef5:20160407213828.533:344</Value>
          <Value>oMSyntax:344:1:55a73700-c891-46fd-8f5c-72bc827f2ef5:20160407213828.533:344</Value>
          <Value>schemaIDGUID:344:1:55a73700-c891-46fd-8f5c-72bc827f2ef5:20160407213828.533:344</Value>
          <Value>uSNChanged:344:1:55a73700-c891-46fd-8f5c-72bc827f2ef5:20160407213828.533:344</Value>
          <Value>uSNCreated:344:1:55a73700-c891-46fd-8f5c-72bc827f2ef5:20160407213828.533:344</Value>
          <Value>vmwAttributeUsage:344:1:55a73700-c891-46fd-8f5c-72bc827f2ef5:20160407213828.533:344</Value>
        </AttributeMetadata>
      </AttributeSchemaEntry>
      <AttributeSchemaEntry>
        <Name>attributeID</Name>
        <AttributeMetadata>
          <Value>attributeID:117:1:55a73700-c891-46fd-8f5c-72bc827f2ef5:20160407213828.207:117</Value>
          <Value>attributeSyntax:117:1:55a73700-c891-46fd-8f5c-72bc827f2ef5:20160407213828.207:117</Value>
          <Value>cn:117:1:55a73700-c891-46fd-8f5c-72bc827f2ef5:20160407213828.207:117</Value>
          <Value>createTimeStamp:117:1:55a73700-c891-46fd-8f5c-72bc827f2ef5:20160407213828.207:117</Value>
          <Value>entryDN:117:1:55a73700-c891-46fd-8f5c-72bc827f2ef5:20160407213828.207:117</Value>
          <Value>isSingleValued:117:1:55a73700-c891-46fd-8f5c-72bc827f2ef5:20160407213828.207:117</Value>
          <Value>lDAPDisplayName:117:1:55a73700-c891-46fd-8f5c-72bc827f2ef5:20160407213828.207:117</Value>
          <Value>modifyTimeStamp:117:1:55a73700-c891-46fd-8f5c-72bc827f2ef5:20160407213828.207:117</Value>
          <Value>objectClass:117:1:55a73700-c891-46fd-8f5c-72bc827f2ef5:20160407213828.207:117</Value>
          <Value>objectGUID:117:1:55a73700-c891-46fd-8f5c-72bc827f2ef5:20160407213828.207:117</Value>
          <Value>oMSyntax:117:1:55a73700-c891-46fd-8f5c-72bc827f2ef5:20160407213828.207:117</Value>
          <Value>schemaIDGUID:117:1:55a73700-c891-46fd-8f5c-72bc827f2ef5:20160407213828.207:117</Value>
          <Value>uSNChanged:117:1:55a73700-c891-46fd-8f5c-72bc827f2ef5:20160407213828.207:117</Value>
          <Value>uSNCreated:117:1:55a73700-c891-46fd-8f5c-72bc827f2ef5:20160407213828.207:117</Value>
          <Value>vmwAttributeUsage:117:1:55a73700-c891-46fd-8f5c-72bc827f2ef5:20160407213828.207:117</Value>
        </AttributeMetadata>
      </AttributeSchemaEntry>
      <AttributeSchemaEntry>
        <Name>attributeMetaData</Name>
        <AttributeMetadata>
          <Value>attributeID:321:1:55a73700-c891-46fd-8f5c-72bc827f2ef5:20160407213828.499:321</Value>
          <Value>attributeSyntax:321:1:55a73700-c891-46fd-8f5c-72bc827f2ef5:20160407213828.499:321</Value>
          <Value>cn:321:1:55a73700-c891-46fd-8f5c-72bc827f2ef5:20160407213828.499:321</Value>
          <Value>createTimeStamp:321:1:55a73700-c891-46fd-8f5c-72bc827f2ef5:20160407213828.499:321</Value>
          <Value>description:321:1:55a73700-c891-46fd-8f5c-72bc827f2ef5:20160407213828.499:321</Value>
          <Value>entryDN:321:1:55a73700-c891-46fd-8f5c-72bc827f2ef5:20160407213828.499:321</Value>
          <Value>isSingleValued:321:1:55a73700-c891-46fd-8f5c-72bc827f2ef5:20160407213828.499:321</Value>
          <Value>lDAPDisplayName:321:1:55a73700-c891-46fd-8f5c-72bc827f2ef5:20160407213828.499:321</Value>
          <Value>modifyTimeStamp:321:1:55a73700-c891-46fd-8f5c-72bc827f2ef5:20160407213828.499:321</Value>
          <Value>objectClass:321:1:55a73700-c891-46fd-8f5c-72bc827f2ef5:20160407213828.499:321</Value>
          <Value>objectGUID:321:1:55a73700-c891-46fd-8f5c-72bc827f2ef5:20160407213828.499:321</Value>
          <Value>oMSyntax:321:1:55a73700-c891-46fd-8f5c-72bc827f2ef5:20160407213828.499:321</Value>
          <Value>schemaIDGUID:321:1:55a73700-c891-46fd-8f5c-72bc827f2ef5:20160407213828.499:321</Value>
          <Value>uSNChanged:321:1:55a73700-c891-46fd-8f5c-72bc827f2ef5:20160407213828.499:321</Value>
          <Value>uSNCreated:321:1:55a73700-c891-46fd-8f5c-72bc827f2ef5:20160407213828.499:321</Value>
          <Value>vmwAttributeUsage:321:1:55a73700-c891-46fd-8f5c-72bc827f2ef5:20160407213828.499:321</Value>
        </AttributeMetadata>
      </AttributeSchemaEntry>
      <AttributeSchemaEntry>
        <Name>attributeSecurityGUID</Name>
        <AttributeMetadata>
          <Value>attributeID:548:1:55a73700-c891-46fd-8f5c-72bc827f2ef5:20160407213828.858:548</Value>
          <Value>attributeSyntax:548:1:55a73700-c891-46fd-8f5c-72bc827f2ef5:20160407213828.858:548</Value>
          <Value>cn:548:1:55a73700-c891-46fd-8f5c-72bc827f2ef5:20160407213828.858:548</Value>
          <Value>createTimeStamp:548:1:55a73700-c891-46fd-8f5c-72bc827f2ef5:20160407213828.858:548</Value>
          <Value>entryDN:548:1:55a73700-c891-46fd-8f5c-72bc827f2ef5:20160407213828.858:548</Value>
          <Value>isSingleValued:548:1:55a73700-c891-46fd-8f5c-72bc827f2ef5:20160407213828.858:548</Value>
          <Value>lDAPDisplayName:548:1:55a73700-c891-46fd-8f5c-72bc827f2ef5:20160407213828.858:548</Value>
          <Value>modifyTimeStamp:548:1:55a73700-c891-46fd-8f5c-72bc827f2ef5:20160407213828.858:548</Value>
          <Value>objectClass:548:1:55a73700-c891-46fd-8f5c-72bc827f2ef5:20160407213828.858:548</Value>
          <Value>objectGUID:548:1:55a73700-c891-46fd-8f5c-72bc827f2ef5:20160407213828.858:548</Value>
          <Value>oMSyntax:548:1:55a73700-c891-46fd-8f5c-72bc827f2ef5:20160407213828.858:548</Value>
          <Value>schemaIDGUID:548:1:55a73700-c891-46fd-8f5c-72bc827f2ef5:20160407213828.858:548</Value>
          <Value>uSNChanged:548:1:55a73700-c891-46fd-8f5c-72bc827f2ef5:20160407213828.858:548</Value>
          <Value>uSNCreated:548:1:55a73700-c891-46fd-8f5c-72bc827f2ef5:20160407213828.858:548</Value>
          <Value>vmwAttributeUsage:548:1:55a73700-c891-46fd-8f5c-72bc827f2ef5:20160407213828.858:548</Value>
        </AttributeMetadata>
      </AttributeSchemaEntry>
      <AttributeSchemaEntry>
        <Name>attributeSyntax</Name>
        <AttributeMetadata>
          <Value>attributeID:1345:1:55a73700-c891-46fd-8f5c-72bc827f2ef5:20160407213830.237:1345</Value>
          <Value>attributeSyntax:1345:1:55a73700-c891-46fd-8f5c-72bc827f2ef5:20160407213830.237:1345</Value>
          <Value>cn:1345:1:55a73700-c891-46fd-8f5c-72bc827f2ef5:20160407213830.237:1345</Value>
          <Value>createTimeStamp:1345:1:55a73700-c891-46fd-8f5c-72bc827f2ef5:20160407213830.237:1345</Value>
          <Value>entryDN:1345:1:55a73700-c891-46fd-8f5c-72bc827f2ef5:20160407213830.237:1345</Value>
          <Value>isSingleValued:1345:1:55a73700-c891-46fd-8f5c-72bc827f2ef5:20160407213830.237:1345</Value>
          <Value>lDAPDisplayName:1345:1:55a73700-c891-46fd-8f5c-72bc827f2ef5:20160407213830.237:1345</Value>
          <Value>modifyTimeStamp:1345:1:55a73700-c891-46fd-8f5c-72bc827f2ef5:20160407213830.237:1345</Value>
          <Value>objectClass:1345:1:55a73700-c891-46fd-8f5c-72bc827f2ef5:20160407213830.237:1345</Value>
          <Value>objectGUID:1345:1:55a73700-c891-46fd-8f5c-72bc827f2ef5:20160407213830.237:1345</Value>
          <Value>oMSyntax:1345:1:55a73700-c891-46fd-8f5c-72bc827f2ef5:20160407213830.237:1345</Value>
          <Value>schemaIDGUID:1345:1:55a73700-c891-46fd-8f5c-72bc827f2ef5:20160407213830.237:1345</Value>
          <Value>uSNChanged:1345:1:55a73700-c891-46fd-8f5c-72bc827f2ef5:20160407213830.237:1345</Value>
          <Value>uSNCreated:1345:1:55a73700-c891-46fd-8f5c-72bc827f2ef5:20160407213830.237:1345</Value>
          <Value>vmwAttributeUsage:1345:1:55a73700-c891-46fd-8f5c-72bc827f2ef5:20160407213830.237:1345</Value>
        </AttributeMetadata>
      </AttributeSchemaEntry>
      <AttributeSchemaEntry>
        <Name>attributeTypes</Name>
        <AttributeMetadata>
          <Value>attributeID:566:1:55a73700-c891-46fd-8f5c-72bc827f2ef5:20160407213828.889:566</Value>
          <Value>attributeSyntax:566:1:55a73700-c891-46fd-8f5c-72bc827f2ef5:20160407213828.889:566</Value>
          <Value>cn:566:1:55a73700-c891-46fd-8f5c-72bc827f2ef5:20160407213828.889:566</Value>
          <Value>createTimeStamp:566:1:55a73700-c891-46fd-8f5c-72bc827f2ef5:20160407213828.889:566</Value>
          <Value>entryDN:566:1:55a73700-c891-46fd-8f5c-72bc827f2ef5:20160407213828.889:566</Value>
          <Value>isSingleValued:566:1:55a73700-c891-46fd-8f5c-72bc827f2ef5:20160407213828.889:566</Value>
          <Value>lDAPDisplayName:566:1:55a73700-c891-46fd-8f5c-72bc827f2ef5:20160407213828.889:566</Value>
          <Value>modifyTimeStamp:566:1:55a73700-c891-46fd-8f5c-72bc827f2ef5:20160407213828.889:566</Value>
          <Value>objectClass:566:1:55a73700-c891-46fd-8f5c-72bc827f2ef5:20160407213828.889:566</Value>
          <Value>objectGUID:566:1:55a73700-c891-46fd-8f5c-72bc827f2ef5:20160407213828.889:566</Value>
          <Value>oMSyntax:566:1:55a73700-c891-46fd-8f5c-72bc827f2ef5:20160407213828.889:566</Value>
          <Value>schemaIDGUID:566:1:55a73700-c891-46fd-8f5c-72bc827f2ef5:20160407213828.889:566</Value>
          <Value>uSNChanged:566:1:55a73700-c891-46fd-8f5c-72bc827f2ef5:20160407213828.889:566</Value>
          <Value>uSNCreated:566:1:55a73700-c891-46fd-8f5c-72bc827f2ef5:20160407213828.889:566</Value>
          <Value>vmwAttributeUsage:566:1:55a73700-c891-46fd-8f5c-72bc827f2ef5:20160407213828.889:566</Value>
        </AttributeMetadata>
      </AttributeSchemaEntry>
      <AttributeSchemaEntry>
        <Name>audio</Name>
        <AttributeMetadata>
          <Value>attributeID:1105:1:55a73700-c891-46fd-8f5c-72bc827f2ef5:20160407213829.830:1105</Value>
          <Value>attributeSyntax:1105:1:55a73700-c891-46fd-8f5c-72bc827f2ef5:20160407213829.830:1105</Value>
          <Value>cn:1105:1:55a73700-c891-46fd-8f5c-72bc827f2ef5:20160407213829.830:1105</Value>
          <Value>createTimeStamp:1105:1:55a73700-c891-46fd-8f5c-72bc827f2ef5:20160407213829.830:1105</Value>
          <Value>entryDN:1105:1:55a73700-c891-46fd-8f5c-72bc827f2ef5:20160407213829.830:1105</Value>
          <Value>isSingleValued:1105:1:55a73700-c891-46fd-8f5c-72bc827f2ef5:20160407213829.830:1105</Value>
          <Value>lDAPDisplayName:1105:1:55a73700-c891-46fd-8f5c-72bc827f2ef5:20160407213829.830:1105</Value>
          <Value>modifyTimeStamp:1105:1:55a73700-c891-46fd-8f5c-72bc827f2ef5:20160407213829.830:1105</Value>
          <Value>objectClass:1105:1:55a73700-c891-46fd-8f5c-72bc827f2ef5:20160407213829.830:1105</Value>
          <Value>objectGUID:1105:1:55a73700-c891-46fd-8f5c-72bc827f2ef5:20160407213829.830:1105</Value>
          <Value>oMSyntax:1105:1:55a73700-c891-46fd-8f5c-72bc827f2ef5:20160407213829.830:1105</Value>
          <Value>schemaIDGUID:1105:1:55a73700-c891-46fd-8f5c-72bc827f2ef5:20160407213829.830:1105</Value>
          <Value>uSNChanged:1105:1:55a73700-c891-46fd-8f5c-72bc827f2ef5:20160407213829.830:1105</Value>
          <Value>uSNCreated:1105:1:55a73700-c891-46fd-8f5c-72bc827f2ef5:20160407213829.830:1105</Value>
          <Value>vmwAttributeUsage:1105:1:55a73700-c891-46fd-8f5c-72bc827f2ef5:20160407213829.830:1105</Value>
        </AttributeMetadata>
      </AttributeSchemaEntry>
      <AttributeSchemaEntry>
        <Name>auditingPolicy</Name>
        <AttributeMetadata>
          <Value>attributeID:618:1:55a73700-c891-46fd-8f5c-72bc827f2ef5:20160407213828.976:618</Value>
          <Value>attributeSyntax:618:1:55a73700-c891-46fd-8f5c-72bc827f2ef5:20160407213828.976:618</Value>
          <Value>cn:618:1:55a73700-c891-46fd-8f5c-72bc827f2ef5:20160407213828.976:618</Value>
          <Value>createTimeStamp:618:1:55a73700-c891-46fd-8f5c-72bc827f2ef5:20160407213828.976:618</Value>
          <Value>entryDN:618:1:55a73700-c891-46fd-8f5c-72bc827f2ef5:20160407213828.976:618</Value>
          <Value>isSingleValued:618:1:55a73700-c891-46fd-8f5c-72bc827f2ef5:20160407213828.976:618</Value>
          <Value>lDAPDisplayName:618:1:55a73700-c891-46fd-8f5c-72bc827f2ef5:20160407213828.976:618</Value>
          <Value>modifyTimeStamp:618:1:55a73700-c891-46fd-8f5c-72bc827f2ef5:20160407213828.976:618</Value>
          <Value>objectClass:618:1:55a73700-c891-46fd-8f5c-72bc827f2ef5:20160407213828.976:618</Value>
          <Value>objectGUID:618:1:55a73700-c891-46fd-8f5c-72bc827f2ef5:20160407213828.976:618</Value>
          <Value>oMSyntax:618:1:55a73700-c891-46fd-8f5c-72bc827f2ef5:20160407213828.976:618</Value>
          <Value>schemaIDGUID:618:1:55a73700-c891-46fd-8f5c-72bc827f2ef5:20160407213828.976:618</Value>
          <Value>uSNChanged:618:1:55a73700-c891-46fd-8f5c-72bc827f2ef5:20160407213828.976:618</Value>
          <Value>uSNCreated:618:1:55a73700-c891-46fd-8f5c-72bc827f2ef5:20160407213828.976:618</Value>
          <Value>vmwAttributeUsage:618:1:55a73700-c891-46fd-8f5c-72bc827f2ef5:20160407213828.976:618</Value>
        </AttributeMetadata>
      </AttributeSchemaEntry>
      <AttributeSchemaEntry>
        <Name>authenticationOptions</Name>
        <AttributeMetadata>
          <Value>attributeID:106:1:55a73700-c891-46fd-8f5c-72bc827f2ef5:20160407213828.188:106</Value>
          <Value>attributeSyntax:106:1:55a73700-c891-46fd-8f5c-72bc827f2ef5:20160407213828.188:106</Value>
          <Value>cn:106:1:55a73700-c891-46fd-8f5c-72bc827f2ef5:20160407213828.188:106</Value>
          <Value>createTimeStamp:106:1:55a73700-c891-46fd-8f5c-72bc827f2ef5:20160407213828.188:106</Value>
          <Value>entryDN:106:1:55a73700-c891-46fd-8f5c-72bc827f2ef5:20160407213828.188:106</Value>
          <Value>isSingleValued:106:1:55a73700-c891-46fd-8f5c-72bc827f2ef5:20160407213828.188:106</Value>
          <Value>lDAPDisplayName:106:1:55a73700-c891-46fd-8f5c-72bc827f2ef5:20160407213828.188:106</Value>
          <Value>modifyTimeStamp:106:1:55a73700-c891-46fd-8f5c-72bc827f2ef5:20160407213828.188:106</Value>
          <Value>objectClass:106:1:55a73700-c891-46fd-8f5c-72bc827f2ef5:20160407213828.188:106</Value>
          <Value>objectGUID:106:1:55a73700-c891-46fd-8f5c-72bc827f2ef5:20160407213828.188:106</Value>
          <Value>oMSyntax:106:1:55a73700-c891-46fd-8f5c-72bc827f2ef5:20160407213828.188:106</Value>
          <Value>schemaIDGUID:106:1:55a73700-c891-46fd-8f5c-72bc827f2ef5:20160407213828.188:106</Value>
          <Value>uSNChanged:106:1:55a73700-c891-46fd-8f5c-72bc827f2ef5:20160407213828.188:106</Value>
          <Value>uSNCreated:106:1:55a73700-c891-46fd-8f5c-72bc827f2ef5:20160407213828.188:106</Value>
          <Value>vmwAttributeUsage:106:1:55a73700-c891-46fd-8f5c-72bc827f2ef5:20160407213828.188:106</Value>
        </AttributeMetadata>
      </AttributeSchemaEntry>
      <AttributeSchemaEntry>
        <Name>authorityRevocationList</Name>
        <AttributeMetadata>
          <Value>attributeID:517:1:55a73700-c891-46fd-8f5c-72bc827f2ef5:20160407213828.805:517</Value>
          <Value>attributeSyntax:517:1:55a73700-c891-46fd-8f5c-72bc827f2ef5:20160407213828.805:517</Value>
          <Value>cn:517:1:55a73700-c891-46fd-8f5c-72bc827f2ef5:20160407213828.805:517</Value>
          <Value>createTimeStamp:517:1:55a73700-c891-46fd-8f5c-72bc827f2ef5:20160407213828.805:517</Value>
          <Value>entryDN:517:1:55a73700-c891-46fd-8f5c-72bc827f2ef5:20160407213828.805:517</Value>
          <Value>isSingleValued:517:1:55a73700-c891-46fd-8f5c-72bc827f2ef5:20160407213828.805:517</Value>
          <Value>lDAPDisplayName:517:1:55a73700-c891-46fd-8f5c-72bc827f2ef5:20160407213828.805:517</Value>
          <Value>modifyTimeStamp:517:1:55a73700-c891-46fd-8f5c-72bc827f2ef5:20160407213828.805:517</Value>
          <Value>objectClass:517:1:55a73700-c891-46fd-8f5c-72bc827f2ef5:20160407213828.805:517</Value>
          <Value>objectGUID:517:1:55a73700-c891-46fd-8f5c-72bc827f2ef5:20160407213828.805:517</Value>
          <Value>oMSyntax:517:1:55a73700-c891-46fd-8f5c-72bc827f2ef5:20160407213828.805:517</Value>
          <Value>schemaIDGUID:517:1:55a73700-c891-46fd-8f5c-72bc827f2ef5:20160407213828.805:517</Value>
          <Value>uSNChanged:517:1:55a73700-c891-46fd-8f5c-72bc827f2ef5:20160407213828.805:517</Value>
          <Value>uSNCreated:517:1:55a73700-c891-46fd-8f5c-72bc827f2ef5:20160407213828.805:517</Value>
          <Value>vmwAttributeUsage:517:1:55a73700-c891-46fd-8f5c-72bc827f2ef5:20160407213828.805:517</Value>
        </AttributeMetadata>
      </AttributeSchemaEntry>
      <AttributeSchemaEntry>
        <Name>auxiliaryClass</Name>
        <AttributeMetadata>
          <Value>attributeID:1466:1:55a73700-c891-46fd-8f5c-72bc827f2ef5:20160407213830.437:1466</Value>
          <Value>attributeSyntax:1466:1:55a73700-c891-46fd-8f5c-72bc827f2ef5:20160407213830.437:1466</Value>
          <Value>cn:1466:1:55a73700-c891-46fd-8f5c-72bc827f2ef5:20160407213830.437:1466</Value>
          <Value>createTimeStamp:1466:1:55a73700-c891-46fd-8f5c-72bc827f2ef5:20160407213830.437:1466</Value>
          <Value>entryDN:1466:1:55a73700-c891-46fd-8f5c-72bc827f2ef5:20160407213830.437:1466</Value>
          <Value>isSingleValued:1466:1:55a73700-c891-46fd-8f5c-72bc827f2ef5:20160407213830.437:1466</Value>
          <Value>lDAPDisplayName:1466:1:55a73700-c891-46fd-8f5c-72bc827f2ef5:20160407213830.437:1466</Value>
          <Value>modifyTimeStamp:1466:1:55a73700-c891-46fd-8f5c-72bc827f2ef5:20160407213830.437:1466</Value>
          <Value>objectClass:1466:1:55a73700-c891-46fd-8f5c-72bc827f2ef5:20160407213830.437:1466</Value>
          <Value>objectGUID:1466:1:55a73700-c891-46fd-8f5c-72bc827f2ef5:20160407213830.437:1466</Value>
          <Value>oMSyntax:1466:1:55a73700-c891-46fd-8f5c-72bc827f2ef5:20160407213830.437:1466</Value>
          <Value>schemaIDGUID:1466:1:55a73700-c891-46fd-8f5c-72bc827f2ef5:20160407213830.437:1466</Value>
          <Value>uSNChanged:1466:1:55a73700-c891-46fd-8f5c-72bc827f2ef5:20160407213830.437:1466</Value>
          <Value>uSNCreated:1466:1:55a73700-c891-46fd-8f5c-72bc827f2ef5:20160407213830.437:1466</Value>
          <Value>vmwAttributeUsage:1466:1:55a73700-c891-46fd-8f5c-72bc827f2ef5:20160407213830.437:1466</Value>
        </AttributeMetadata>
      </AttributeSchemaEntry>
      <AttributeSchemaEntry>
        <Name>badPasswordTime</Name>
        <AttributeMetadata>
          <Value>attributeID:452:1:55a73700-c891-46fd-8f5c-72bc827f2ef5:20160407213828.705:452</Value>
          <Value>attributeSyntax:452:1:55a73700-c891-46fd-8f5c-72bc827f2ef5:20160407213828.705:452</Value>
          <Value>cn:452:1:55a73700-c891-46fd-8f5c-72bc827f2ef5:20160407213828.705:452</Value>
          <Value>createTimeStamp:452:1:55a73700-c891-46fd-8f5c-72bc827f2ef5:20160407213828.705:452</Value>
          <Value>entryDN:452:1:55a73700-c891-46fd-8f5c-72bc827f2ef5:20160407213828.705:452</Value>
          <Value>isSingleValued:452:1:55a73700-c891-46fd-8f5c-72bc827f2ef5:20160407213828.705:452</Value>
          <Value>lDAPDisplayName:452:1:55a73700-c891-46fd-8f5c-72bc827f2ef5:20160407213828.705:452</Value>
          <Value>modifyTimeStamp:452:1:55a73700-c891-46fd-8f5c-72bc827f2ef5:20160407213828.705:452</Value>
          <Value>objectClass:452:1:55a73700-c891-46fd-8f5c-72bc827f2ef5:20160407213828.705:452</Value>
          <Value>objectGUID:452:1:55a73700-c891-46fd-8f5c-72bc827f2ef5:20160407213828.705:452</Value>
          <Value>oMSyntax:452:1:55a73700-c891-46fd-8f5c-72bc827f2ef5:20160407213828.705:452</Value>
          <Value>schemaIDGUID:452:1:55a73700-c891-46fd-8f5c-72bc827f2ef5:20160407213828.705:452</Value>
          <Value>uSNChanged:452:1:55a73700-c891-46fd-8f5c-72bc827f2ef5:20160407213828.705:452</Value>
          <Value>uSNCreated:452:1:55a73700-c891-46fd-8f5c-72bc827f2ef5:20160407213828.705:452</Value>
          <Value>vmwAttributeUsage:452:1:55a73700-c891-46fd-8f5c-72bc827f2ef5:20160407213828.705:452</Value>
        </AttributeMetadata>
      </AttributeSchemaEntry>
      <AttributeSchemaEntry>
        <Name>badPwdCount</Name>
        <AttributeMetadata>
          <Value>attributeID:755:1:55a73700-c891-46fd-8f5c-72bc827f2ef5:20160407213829.212:755</Value>
          <Value>attributeSyntax:755:1:55a73700-c891-46fd-8f5c-72bc827f2ef5:20160407213829.212:755</Value>
          <Value>cn:755:1:55a73700-c891-46fd-8f5c-72bc827f2ef5:20160407213829.212:755</Value>
          <Value>createTimeStamp:755:1:55a73700-c891-46fd-8f5c-72bc827f2ef5:20160407213829.212:755</Value>
          <Value>entryDN:755:1:55a73700-c891-46fd-8f5c-72bc827f2ef5:20160407213829.212:755</Value>
          <Value>isSingleValued:755:1:55a73700-c891-46fd-8f5c-72bc827f2ef5:20160407213829.212:755</Value>
          <Value>lDAPDisplayName:755:1:55a73700-c891-46fd-8f5c-72bc827f2ef5:20160407213829.212:755</Value>
          <Value>modifyTimeStamp:755:1:55a73700-c891-46fd-8f5c-72bc827f2ef5:20160407213829.212:755</Value>
          <Value>objectClass:755:1:55a73700-c891-46fd-8f5c-72bc827f2ef5:20160407213829.212:755</Value>
          <Value>objectGUID:755:1:55a73700-c891-46fd-8f5c-72bc827f2ef5:20160407213829.212:755</Value>
          <Value>oMSyntax:755:1:55a73700-c891-46fd-8f5c-72bc827f2ef5:20160407213829.212:755</Value>
          <Value>schemaIDGUID:755:1:55a73700-c891-46fd-8f5c-72bc827f2ef5:20160407213829.212:755</Value>
          <Value>uSNChanged:755:1:55a73700-c891-46fd-8f5c-72bc827f2ef5:20160407213829.212:755</Value>
          <Value>uSNCreated:755:1:55a73700-c891-46fd-8f5c-72bc827f2ef5:20160407213829.212:755</Value>
          <Value>vmwAttributeUsage:755:1:55a73700-c891-46fd-8f5c-72bc827f2ef5:20160407213829.212:755</Value>
        </AttributeMetadata>
      </AttributeSchemaEntry>
      <AttributeSchemaEntry>
        <Name>birthLocation</Name>
        <AttributeMetadata>
          <Value>attributeID:851:1:55a73700-c891-46fd-8f5c-72bc827f2ef5:20160407213829.381:851</Value>
          <Value>attributeSyntax:851:1:55a73700-c891-46fd-8f5c-72bc827f2ef5:20160407213829.381:851</Value>
          <Value>cn:851:1:55a73700-c891-46fd-8f5c-72bc827f2ef5:20160407213829.381:851</Value>
          <Value>createTimeStamp:851:1:55a73700-c891-46fd-8f5c-72bc827f2ef5:20160407213829.381:851</Value>
          <Value>entryDN:851:1:55a73700-c891-46fd-8f5c-72bc827f2ef5:20160407213829.381:851</Value>
          <Value>isSingleValued:851:1:55a73700-c891-46fd-8f5c-72bc827f2ef5:20160407213829.381:851</Value>
          <Value>lDAPDisplayName:851:1:55a73700-c891-46fd-8f5c-72bc827f2ef5:20160407213829.381:851</Value>
          <Value>modifyTimeStamp:851:1:55a73700-c891-46fd-8f5c-72bc827f2ef5:20160407213829.381:851</Value>
          <Value>objectClass:851:1:55a73700-c891-46fd-8f5c-72bc827f2ef5:20160407213829.381:851</Value>
          <Value>objectGUID:851:1:55a73700-c891-46fd-8f5c-72bc827f2ef5:20160407213829.381:851</Value>
          <Value>oMSyntax:851:1:55a73700-c891-46fd-8f5c-72bc827f2ef5:20160407213829.381:851</Value>
          <Value>schemaIDGUID:851:1:55a73700-c891-46fd-8f5c-72bc827f2ef5:20160407213829.381:851</Value>
          <Value>uSNChanged:851:1:55a73700-c891-46fd-8f5c-72bc827f2ef5:20160407213829.381:851</Value>
          <Value>uSNCreated:851:1:55a73700-c891-46fd-8f5c-72bc827f2ef5:20160407213829.381:851</Value>
          <Value>vmwAttributeUsage:851:1:55a73700-c891-46fd-8f5c-72bc827f2ef5:20160407213829.381:851</Value>
        </AttributeMetadata>
      </AttributeSchemaEntry>
      <AttributeSchemaEntry>
        <Name>bootFile</Name>
        <AttributeMetadata>
          <Value>attributeID:1261:1:55a73700-c891-46fd-8f5c-72bc827f2ef5:20160407213830.098:1261</Value>
          <Value>attributeSyntax:1261:1:55a73700-c891-46fd-8f5c-72bc827f2ef5:20160407213830.098:1261</Value>
          <Value>cn:1261:1:55a73700-c891-46fd-8f5c-72bc827f2ef5:20160407213830.098:1261</Value>
          <Value>createTimeStamp:1261:1:55a73700-c891-46fd-8f5c-72bc827f2ef5:20160407213830.098:1261</Value>
          <Value>entryDN:1261:1:55a73700-c891-46fd-8f5c-72bc827f2ef5:20160407213830.098:1261</Value>
          <Value>isSingleValued:1261:1:55a73700-c891-46fd-8f5c-72bc827f2ef5:20160407213830.098:1261</Value>
          <Value>lDAPDisplayName:1261:1:55a73700-c891-46fd-8f5c-72bc827f2ef5:20160407213830.098:1261</Value>
          <Value>modifyTimeStamp:1261:1:55a73700-c891-46fd-8f5c-72bc827f2ef5:20160407213830.098:1261</Value>
          <Value>objectClass:1261:1:55a73700-c891-46fd-8f5c-72bc827f2ef5:20160407213830.098:1261</Value>
          <Value>objectGUID:1261:1:55a73700-c891-46fd-8f5c-72bc827f2ef5:20160407213830.098:1261</Value>
          <Value>oMSyntax:1261:1:55a73700-c891-46fd-8f5c-72bc827f2ef5:20160407213830.098:1261</Value>
          <Value>schemaIDGUID:1261:1:55a73700-c891-46fd-8f5c-72bc827f2ef5:20160407213830.098:1261</Value>
          <Value>uSNChanged:1261:1:55a73700-c891-46fd-8f5c-72bc827f2ef5:20160407213830.098:1261</Value>
          <Value>uSNCreated:1261:1:55a73700-c891-46fd-8f5c-72bc827f2ef5:20160407213830.098:1261</Value>
          <Value>vmwAttributeUsage:1261:1:55a73700-c891-46fd-8f5c-72bc827f2ef5:20160407213830.098:1261</Value>
        </AttributeMetadata>
      </AttributeSchemaEntry>
      <AttributeSchemaEntry>
        <Name>bootParameter</Name>
        <AttributeMetadata>
          <Value>attributeID:1236:1:55a73700-c891-46fd-8f5c-72bc827f2ef5:20160407213830.058:1236</Value>
          <Value>attributeSyntax:1236:1:55a73700-c891-46fd-8f5c-72bc827f2ef5:20160407213830.058:1236</Value>
          <Value>cn:1236:1:55a73700-c891-46fd-8f5c-72bc827f2ef5:20160407213830.058:1236</Value>
          <Value>createTimeStamp:1236:1:55a73700-c891-46fd-8f5c-72bc827f2ef5:20160407213830.058:1236</Value>
          <Value>entryDN:1236:1:55a73700-c891-46fd-8f5c-72bc827f2ef5:20160407213830.058:1236</Value>
          <Value>isSingleValued:1236:1:55a73700-c891-46fd-8f5c-72bc827f2ef5:20160407213830.058:1236</Value>
          <Value>lDAPDisplayName:1236:1:55a73700-c891-46fd-8f5c-72bc827f2ef5:20160407213830.058:1236</Value>
          <Value>modifyTimeStamp:1236:1:55a73700-c891-46fd-8f5c-72bc827f2ef5:20160407213830.058:1236</Value>
          <Value>objectClass:1236:1:55a73700-c891-46fd-8f5c-72bc827f2ef5:20160407213830.058:1236</Value>
          <Value>objectGUID:1236:1:55a73700-c891-46fd-8f5c-72bc827f2ef5:20160407213830.058:1236</Value>
          <Value>oMSyntax:1236:1:55a73700-c891-46fd-8f5c-72bc827f2ef5:20160407213830.058:1236</Value>
          <Value>schemaIDGUID:1236:1:55a73700-c891-46fd-8f5c-72bc827f2ef5:20160407213830.058:1236</Value>
          <Value>uSNChanged:1236:1:55a73700-c891-46fd-8f5c-72bc827f2ef5:20160407213830.058:1236</Value>
          <Value>uSNCreated:1236:1:55a73700-c891-46fd-8f5c-72bc827f2ef5:20160407213830.058:1236</Value>
          <Value>vmwAttributeUsage:1236:1:55a73700-c891-46fd-8f5c-72bc827f2ef5:20160407213830.058:1236</Value>
        </AttributeMetadata>
      </AttributeSchemaEntry>
      <AttributeSchemaEntry>
        <Name>bridgeheadServerListBL</Name>
        <AttributeMetadata>
          <Value>attributeID:753:1:55a73700-c891-46fd-8f5c-72bc827f2ef5:20160407213829.210:753</Value>
          <Value>attributeSyntax:753:1:55a73700-c891-46fd-8f5c-72bc827f2ef5:20160407213829.210:753</Value>
          <Value>cn:753:1:55a73700-c891-46fd-8f5c-72bc827f2ef5:20160407213829.210:753</Value>
          <Value>createTimeStamp:753:1:55a73700-c891-46fd-8f5c-72bc827f2ef5:20160407213829.210:753</Value>
          <Value>entryDN:753:1:55a73700-c891-46fd-8f5c-72bc827f2ef5:20160407213829.210:753</Value>
          <Value>isSingleValued:753:1:55a73700-c891-46fd-8f5c-72bc827f2ef5:20160407213829.210:753</Value>
          <Value>lDAPDisplayName:753:1:55a73700-c891-46fd-8f5c-72bc827f2ef5:20160407213829.210:753</Value>
          <Value>modifyTimeStamp:753:1:55a73700-c891-46fd-8f5c-72bc827f2ef5:20160407213829.210:753</Value>
          <Value>objectClass:753:1:55a73700-c891-46fd-8f5c-72bc827f2ef5:20160407213829.210:753</Value>
          <Value>objectGUID:753:1:55a73700-c891-46fd-8f5c-72bc827f2ef5:20160407213829.210:753</Value>
          <Value>oMSyntax:753:1:55a73700-c891-46fd-8f5c-72bc827f2ef5:20160407213829.210:753</Value>
          <Value>schemaIDGUID:753:1:55a73700-c891-46fd-8f5c-72bc827f2ef5:20160407213829.210:753</Value>
          <Value>uSNChanged:753:1:55a73700-c891-46fd-8f5c-72bc827f2ef5:20160407213829.210:753</Value>
          <Value>uSNCreated:753:1:55a73700-c891-46fd-8f5c-72bc827f2ef5:20160407213829.210:753</Value>
          <Value>vmwAttributeUsage:753:1:55a73700-c891-46fd-8f5c-72bc827f2ef5:20160407213829.210:753</Value>
        </AttributeMetadata>
      </AttributeSchemaEntry>
      <AttributeSchemaEntry>
        <Name>bridgeheadTransportList</Name>
        <AttributeMetadata>
          <Value>attributeID:259:1:55a73700-c891-46fd-8f5c-72bc827f2ef5:20160407213828.410:259</Value>
          <Value>attributeSyntax:259:1:55a73700-c891-46fd-8f5c-72bc827f2ef5:20160407213828.410:259</Value>
          <Value>cn:259:1:55a73700-c891-46fd-8f5c-72bc827f2ef5:20160407213828.410:259</Value>
          <Value>createTimeStamp:259:1:55a73700-c891-46fd-8f5c-72bc827f2ef5:20160407213828.410:259</Value>
          <Value>entryDN:259:1:55a73700-c891-46fd-8f5c-72bc827f2ef5:20160407213828.410:259</Value>
          <Value>isSingleValued:259:1:55a73700-c891-46fd-8f5c-72bc827f2ef5:20160407213828.410:259</Value>
          <Value>lDAPDisplayName:259:1:55a73700-c891-46fd-8f5c-72bc827f2ef5:20160407213828.410:259</Value>
          <Value>modifyTimeStamp:259:1:55a73700-c891-46fd-8f5c-72bc827f2ef5:20160407213828.410:259</Value>
          <Value>objectClass:259:1:55a73700-c891-46fd-8f5c-72bc827f2ef5:20160407213828.410:259</Value>
          <Value>objectGUID:259:1:55a73700-c891-46fd-8f5c-72bc827f2ef5:20160407213828.410:259</Value>
          <Value>oMSyntax:259:1:55a73700-c891-46fd-8f5c-72bc827f2ef5:20160407213828.410:259</Value>
          <Value>schemaIDGUID:259:1:55a73700-c891-46fd-8f5c-72bc827f2ef5:20160407213828.410:259</Value>
          <Value>uSNChanged:259:1:55a73700-c891-46fd-8f5c-72bc827f2ef5:20160407213828.410:259</Value>
          <Value>uSNCreated:259:1:55a73700-c891-46fd-8f5c-72bc827f2ef5:20160407213828.410:259</Value>
          <Value>vmwAttributeUsage:259:1:55a73700-c891-46fd-8f5c-72bc827f2ef5:20160407213828.410:259</Value>
        </AttributeMetadata>
      </AttributeSchemaEntry>
      <AttributeSchemaEntry>
        <Name>buildingName</Name>
        <AttributeMetadata>
          <Value>attributeID:242:1:55a73700-c891-46fd-8f5c-72bc827f2ef5:20160407213828.384:242</Value>
          <Value>attributeSyntax:242:1:55a73700-c891-46fd-8f5c-72bc827f2ef5:20160407213828.384:242</Value>
          <Value>cn:242:1:55a73700-c891-46fd-8f5c-72bc827f2ef5:20160407213828.384:242</Value>
          <Value>createTimeStamp:242:1:55a73700-c891-46fd-8f5c-72bc827f2ef5:20160407213828.384:242</Value>
          <Value>entryDN:242:1:55a73700-c891-46fd-8f5c-72bc827f2ef5:20160407213828.384:242</Value>
          <Value>isSingleValued:242:1:55a73700-c891-46fd-8f5c-72bc827f2ef5:20160407213828.384:242</Value>
          <Value>lDAPDisplayName:242:1:55a73700-c891-46fd-8f5c-72bc827f2ef5:20160407213828.384:242</Value>
          <Value>modifyTimeStamp:242:1:55a73700-c891-46fd-8f5c-72bc827f2ef5:20160407213828.384:242</Value>
          <Value>objectClass:242:1:55a73700-c891-46fd-8f5c-72bc827f2ef5:20160407213828.384:242</Value>
          <Value>objectGUID:242:1:55a73700-c891-46fd-8f5c-72bc827f2ef5:20160407213828.384:242</Value>
          <Value>oMSyntax:242:1:55a73700-c891-46fd-8f5c-72bc827f2ef5:20160407213828.384:242</Value>
          <Value>schemaIDGUID:242:1:55a73700-c891-46fd-8f5c-72bc827f2ef5:20160407213828.384:242</Value>
          <Value>uSNChanged:242:1:55a73700-c891-46fd-8f5c-72bc827f2ef5:20160407213828.384:242</Value>
          <Value>uSNCreated:242:1:55a73700-c891-46fd-8f5c-72bc827f2ef5:20160407213828.384:242</Value>
          <Value>vmwAttributeUsage:242:1:55a73700-c891-46fd-8f5c-72bc827f2ef5:20160407213828.384:242</Value>
        </AttributeMetadata>
      </AttributeSchemaEntry>
      <AttributeSchemaEntry>
        <Name>builtinCreationTime</Name>
        <AttributeMetadata>
          <Value>attributeID:531:1:55a73700-c891-46fd-8f5c-72bc827f2ef5:20160407213828.830:531</Value>
          <Value>attributeSyntax:531:1:55a73700-c891-46fd-8f5c-72bc827f2ef5:20160407213828.830:531</Value>
          <Value>cn:531:1:55a73700-c891-46fd-8f5c-72bc827f2ef5:20160407213828.830:531</Value>
          <Value>createTimeStamp:531:1:55a73700-c891-46fd-8f5c-72bc827f2ef5:20160407213828.830:531</Value>
          <Value>entryDN:531:1:55a73700-c891-46fd-8f5c-72bc827f2ef5:20160407213828.830:531</Value>
          <Value>isSingleValued:531:1:55a73700-c891-46fd-8f5c-72bc827f2ef5:20160407213828.830:531</Value>
          <Value>lDAPDisplayName:531:1:55a73700-c891-46fd-8f5c-72bc827f2ef5:20160407213828.830:531</Value>
          <Value>modifyTimeStamp:531:1:55a73700-c891-46fd-8f5c-72bc827f2ef5:20160407213828.830:531</Value>
          <Value>objectClass:531:1:55a73700-c891-46fd-8f5c-72bc827f2ef5:20160407213828.830:531</Value>
          <Value>objectGUID:531:1:55a73700-c891-46fd-8f5c-72bc827f2ef5:20160407213828.830:531</Value>
          <Value>oMSyntax:531:1:55a73700-c891-46fd-8f5c-72bc827f2ef5:20160407213828.830:531</Value>
          <Value>schemaIDGUID:531:1:55a73700-c891-46fd-8f5c-72bc827f2ef5:20160407213828.830:531</Value>
          <Value>uSNChanged:531:1:55a73700-c891-46fd-8f5c-72bc827f2ef5:20160407213828.830:531</Value>
          <Value>uSNCreated:531:1:55a73700-c891-46fd-8f5c-72bc827f2ef5:20160407213828.830:531</Value>
          <Value>vmwAttributeUsage:531:1:55a73700-c891-46fd-8f5c-72bc827f2ef5:20160407213828.830:531</Value>
        </AttributeMetadata>
      </AttributeSchemaEntry>
      <AttributeSchemaEntry>
        <Name>builtinModifiedCount</Name>
        <AttributeMetadata>
          <Value>attributeID:1200:1:55a73700-c891-46fd-8f5c-72bc827f2ef5:20160407213829.998:1200</Value>
          <Value>attributeSyntax:1200:1:55a73700-c891-46fd-8f5c-72bc827f2ef5:20160407213829.998:1200</Value>
          <Value>cn:1200:1:55a73700-c891-46fd-8f5c-72bc827f2ef5:20160407213829.998:1200</Value>
          <Value>createTimeStamp:1200:1:55a73700-c891-46fd-8f5c-72bc827f2ef5:20160407213829.998:1200</Value>
          <Value>entryDN:1200:1:55a73700-c891-46fd-8f5c-72bc827f2ef5:20160407213829.998:1200</Value>
          <Value>isSingleValued:1200:1:55a73700-c891-46fd-8f5c-72bc827f2ef5:20160407213829.998:1200</Value>
          <Value>lDAPDisplayName:1200:1:55a73700-c891-46fd-8f5c-72bc827f2ef5:20160407213829.998:1200</Value>
          <Value>modifyTimeStamp:1200:1:55a73700-c891-46fd-8f5c-72bc827f2ef5:20160407213829.998:1200</Value>
          <Value>objectClass:1200:1:55a73700-c891-46fd-8f5c-72bc827f2ef5:20160407213829.998:1200</Value>
          <Value>objectGUID:1200:1:55a73700-c891-46fd-8f5c-72bc827f2ef5:20160407213829.998:1200</Value>
          <Value>oMSyntax:1200:1:55a73700-c891-46fd-8f5c-72bc827f2ef5:20160407213829.998:1200</Value>
          <Value>schemaIDGUID:1200:1:55a73700-c891-46fd-8f5c-72bc827f2ef5:20160407213829.998:1200</Value>
          <Value>uSNChanged:1200:1:55a73700-c891-46fd-8f5c-72bc827f2ef5:20160407213829.998:1200</Value>
          <Value>uSNCreated:1200:1:55a73700-c891-46fd-8f5c-72bc827f2ef5:20160407213829.998:1200</Value>
          <Value>vmwAttributeUsage:1200:1:55a73700-c891-46fd-8f5c-72bc827f2ef5:20160407213829.998:1200</Value>
        </AttributeMetadata>
      </AttributeSchemaEntry>
      <AttributeSchemaEntry>
        <Name>businessCategory</Name>
        <AttributeMetadata>
          <Value>attributeID:635:1:55a73700-c891-46fd-8f5c-72bc827f2ef5:20160407213829.007:635</Value>
          <Value>attributeSyntax:635:1:55a73700-c891-46fd-8f5c-72bc827f2ef5:20160407213829.007:635</Value>
          <Value>cn:635:1:55a73700-c891-46fd-8f5c-72bc827f2ef5:20160407213829.007:635</Value>
          <Value>createTimeStamp:635:1:55a73700-c891-46fd-8f5c-72bc827f2ef5:20160407213829.007:635</Value>
          <Value>entryDN:635:1:55a73700-c891-46fd-8f5c-72bc827f2ef5:20160407213829.007:635</Value>
          <Value>isSingleValued:635:1:55a73700-c891-46fd-8f5c-72bc827f2ef5:20160407213829.007:635</Value>
          <Value>lDAPDisplayName:635:1:55a73700-c891-46fd-8f5c-72bc827f2ef5:20160407213829.007:635</Value>
          <Value>modifyTimeStamp:635:1:55a73700-c891-46fd-8f5c-72bc827f2ef5:20160407213829.007:635</Value>
          <Value>objectClass:635:1:55a73700-c891-46fd-8f5c-72bc827f2ef5:20160407213829.007:635</Value>
          <Value>objectGUID:635:1:55a73700-c891-46fd-8f5c-72bc827f2ef5:20160407213829.007:635</Value>
          <Value>oMSyntax:635:1:55a73700-c891-46fd-8f5c-72bc827f2ef5:20160407213829.007:635</Value>
          <Value>schemaIDGUID:635:1:55a73700-c891-46fd-8f5c-72bc827f2ef5:20160407213829.007:635</Value>
          <Value>uSNChanged:635:1:55a73700-c891-46fd-8f5c-72bc827f2ef5:20160407213829.007:635</Value>
          <Value>uSNCreated:635:1:55a73700-c891-46fd-8f5c-72bc827f2ef5:20160407213829.007:635</Value>
          <Value>vmwAttributeUsage:635:1:55a73700-c891-46fd-8f5c-72bc827f2ef5:20160407213829.007:635</Value>
        </AttributeMetadata>
      </AttributeSchemaEntry>
      <AttributeSchemaEntry>
        <Name>bytesPerMinute</Name>
        <AttributeMetadata>
          <Value>attributeID:1643:1:55a73700-c891-46fd-8f5c-72bc827f2ef5:20160407213830.737:1643</Value>
          <Value>attributeSyntax:1643:1:55a73700-c891-46fd-8f5c-72bc827f2ef5:20160407213830.737:1643</Value>
          <Value>cn:1643:1:55a73700-c891-46fd-8f5c-72bc827f2ef5:20160407213830.737:1643</Value>
          <Value>createTimeStamp:1643:1:55a73700-c891-46fd-8f5c-72bc827f2ef5:20160407213830.737:1643</Value>
          <Value>entryDN:1643:1:55a73700-c891-46fd-8f5c-72bc827f2ef5:20160407213830.737:1643</Value>
          <Value>isSingleValued:1643:1:55a73700-c891-46fd-8f5c-72bc827f2ef5:20160407213830.737:1643</Value>
          <Value>lDAPDisplayName:1643:1:55a73700-c891-46fd-8f5c-72bc827f2ef5:20160407213830.737:1643</Value>
          <Value>modifyTimeStamp:1643:1:55a73700-c891-46fd-8f5c-72bc827f2ef5:20160407213830.737:1643</Value>
          <Value>objectClass:1643:1:55a73700-c891-46fd-8f5c-72bc827f2ef5:20160407213830.737:1643</Value>
          <Value>objectGUID:1643:1:55a73700-c891-46fd-8f5c-72bc827f2ef5:20160407213830.737:1643</Value>
          <Value>oMSyntax:1643:1:55a73700-c891-46fd-8f5c-72bc827f2ef5:20160407213830.737:1643</Value>
          <Value>schemaIDGUID:1643:1:55a73700-c891-46fd-8f5c-72bc827f2ef5:20160407213830.737:1643</Value>
          <Value>uSNChanged:1643:1:55a73700-c891-46fd-8f5c-72bc827f2ef5:20160407213830.737:1643</Value>
          <Value>uSNCreated:1643:1:55a73700-c891-46fd-8f5c-72bc827f2ef5:20160407213830.737:1643</Value>
          <Value>vmwAttributeUsage:1643:1:55a73700-c891-46fd-8f5c-72bc827f2ef5:20160407213830.737:1643</Value>
        </AttributeMetadata>
      </AttributeSchemaEntry>
      <AttributeSchemaEntry>
        <Name>c</Name>
        <AttributeMetadata>
          <Value>attributeID:152:1:55a73700-c891-46fd-8f5c-72bc827f2ef5:20160407213828.259:152</Value>
          <Value>attributeSyntax:152:1:55a73700-c891-46fd-8f5c-72bc827f2ef5:20160407213828.259:152</Value>
          <Value>cn:152:1:55a73700-c891-46fd-8f5c-72bc827f2ef5:20160407213828.259:152</Value>
          <Value>createTimeStamp:152:1:55a73700-c891-46fd-8f5c-72bc827f2ef5:20160407213828.259:152</Value>
          <Value>entryDN:152:1:55a73700-c891-46fd-8f5c-72bc827f2ef5:20160407213828.259:152</Value>
          <Value>isSingleValued:152:1:55a73700-c891-46fd-8f5c-72bc827f2ef5:20160407213828.259:152</Value>
          <Value>lDAPDisplayName:152:1:55a73700-c891-46fd-8f5c-72bc827f2ef5:20160407213828.259:152</Value>
          <Value>modifyTimeStamp:152:1:55a73700-c891-46fd-8f5c-72bc827f2ef5:20160407213828.259:152</Value>
          <Value>objectClass:152:1:55a73700-c891-46fd-8f5c-72bc827f2ef5:20160407213828.259:152</Value>
          <Value>objectGUID:152:1:55a73700-c891-46fd-8f5c-72bc827f2ef5:20160407213828.259:152</Value>
          <Value>oMSyntax:152:1:55a73700-c891-46fd-8f5c-72bc827f2ef5:20160407213828.259:152</Value>
          <Value>schemaIDGUID:152:1:55a73700-c891-46fd-8f5c-72bc827f2ef5:20160407213828.259:152</Value>
          <Value>uSNChanged:152:1:55a73700-c891-46fd-8f5c-72bc827f2ef5:20160407213828.259:152</Value>
          <Value>uSNCreated:152:1:55a73700-c891-46fd-8f5c-72bc827f2ef5:20160407213828.259:152</Value>
          <Value>vmwAttributeUsage:152:1:55a73700-c891-46fd-8f5c-72bc827f2ef5:20160407213828.259:152</Value>
        </AttributeMetadata>
      </AttributeSchemaEntry>
      <AttributeSchemaEntry>
        <Name>cACertificate</Name>
        <AttributeMetadata>
          <Value>attributeID:1145:1:55a73700-c891-46fd-8f5c-72bc827f2ef5:20160407213829.895:1145</Value>
          <Value>attributeSyntax:1145:1:55a73700-c891-46fd-8f5c-72bc827f2ef5:20160407213829.895:1145</Value>
          <Value>cn:1145:1:55a73700-c891-46fd-8f5c-72bc827f2ef5:20160407213829.895:1145</Value>
          <Value>createTimeStamp:1145:1:55a73700-c891-46fd-8f5c-72bc827f2ef5:20160407213829.895:1145</Value>
          <Value>entryDN:1145:1:55a73700-c891-46fd-8f5c-72bc827f2ef5:20160407213829.895:1145</Value>
          <Value>isSingleValued:1145:1:55a73700-c891-46fd-8f5c-72bc827f2ef5:20160407213829.895:1145</Value>
          <Value>lDAPDisplayName:1145:1:55a73700-c891-46fd-8f5c-72bc827f2ef5:20160407213829.895:1145</Value>
          <Value>modifyTimeStamp:1145:1:55a73700-c891-46fd-8f5c-72bc827f2ef5:20160407213829.895:1145</Value>
          <Value>objectClass:1145:1:55a73700-c891-46fd-8f5c-72bc827f2ef5:20160407213829.895:1145</Value>
          <Value>objectGUID:1145:1:55a73700-c891-46fd-8f5c-72bc827f2ef5:20160407213829.895:1145</Value>
          <Value>oMSyntax:1145:1:55a73700-c891-46fd-8f5c-72bc827f2ef5:20160407213829.895:1145</Value>
          <Value>schemaIDGUID:1145:1:55a73700-c891-46fd-8f5c-72bc827f2ef5:20160407213829.895:1145</Value>
          <Value>uSNChanged:1145:1:55a73700-c891-46fd-8f5c-72bc827f2ef5:20160407213829.895:1145</Value>
          <Value>uSNCreated:1145:1:55a73700-c891-46fd-8f5c-72bc827f2ef5:20160407213829.895:1145</Value>
          <Value>vmwAttributeUsage:1145:1:55a73700-c891-46fd-8f5c-72bc827f2ef5:20160407213829.895:1145</Value>
        </AttributeMetadata>
      </AttributeSchemaEntry>
      <AttributeSchemaEntry>
        <Name>cACertificateDN</Name>
        <AttributeMetadata>
          <Value>attributeID:223:1:55a73700-c891-46fd-8f5c-72bc827f2ef5:20160407213828.354:223</Value>
          <Value>attributeSyntax:223:1:55a73700-c891-46fd-8f5c-72bc827f2ef5:20160407213828.354:223</Value>
          <Value>cn:223:1:55a73700-c891-46fd-8f5c-72bc827f2ef5:20160407213828.354:223</Value>
          <Value>createTimeStamp:223:1:55a73700-c891-46fd-8f5c-72bc827f2ef5:20160407213828.354:223</Value>
          <Value>entryDN:223:1:55a73700-c891-46fd-8f5c-72bc827f2ef5:20160407213828.354:223</Value>
          <Value>isSingleValued:223:1:55a73700-c891-46fd-8f5c-72bc827f2ef5:20160407213828.354:223</Value>
          <Value>lDAPDisplayName:223:1:55a73700-c891-46fd-8f5c-72bc827f2ef5:20160407213828.354:223</Value>
          <Value>modifyTimeStamp:223:1:55a73700-c891-46fd-8f5c-72bc827f2ef5:20160407213828.354:223</Value>
          <Value>objectClass:223:1:55a73700-c891-46fd-8f5c-72bc827f2ef5:20160407213828.354:223</Value>
          <Value>objectGUID:223:1:55a73700-c891-46fd-8f5c-72bc827f2ef5:20160407213828.354:223</Value>
          <Value>oMSyntax:223:1:55a73700-c891-46fd-8f5c-72bc827f2ef5:20160407213828.354:223</Value>
          <Value>schemaIDGUID:223:1:55a73700-c891-46fd-8f5c-72bc827f2ef5:20160407213828.354:223</Value>
          <Value>uSNChanged:223:1:55a73700-c891-46fd-8f5c-72bc827f2ef5:20160407213828.354:223</Value>
          <Value>uSNCreated:223:1:55a73700-c891-46fd-8f5c-72bc827f2ef5:20160407213828.354:223</Value>
          <Value>vmwAttributeUsage:223:1:55a73700-c891-46fd-8f5c-72bc827f2ef5:20160407213828.354:223</Value>
        </AttributeMetadata>
      </AttributeSchemaEntry>
      <AttributeSchemaEntry>
        <Name>cAConnect</Name>
        <AttributeMetadata>
          <Value>attributeID:1004:1:55a73700-c891-46fd-8f5c-72bc827f2ef5:20160407213829.630:1004</Value>
          <Value>attributeSyntax:1004:1:55a73700-c891-46fd-8f5c-72bc827f2ef5:20160407213829.630:1004</Value>
          <Value>cn:1004:1:55a73700-c891-46fd-8f5c-72bc827f2ef5:20160407213829.630:1004</Value>
          <Value>createTimeStamp:1004:1:55a73700-c891-46fd-8f5c-72bc827f2ef5:20160407213829.630:1004</Value>
          <Value>entryDN:1004:1:55a73700-c891-46fd-8f5c-72bc827f2ef5:20160407213829.630:1004</Value>
          <Value>isSingleValued:1004:1:55a73700-c891-46fd-8f5c-72bc827f2ef5:20160407213829.630:1004</Value>
          <Value>lDAPDisplayName:1004:1:55a73700-c891-46fd-8f5c-72bc827f2ef5:20160407213829.630:1004</Value>
          <Value>modifyTimeStamp:1004:1:55a73700-c891-46fd-8f5c-72bc827f2ef5:20160407213829.630:1004</Value>
          <Value>objectClass:1004:1:55a73700-c891-46fd-8f5c-72bc827f2ef5:20160407213829.630:1004</Value>
          <Value>objectGUID:1004:1:55a73700-c891-46fd-8f5c-72bc827f2ef5:20160407213829.630:1004</Value>
          <Value>oMSyntax:1004:1:55a73700-c891-46fd-8f5c-72bc827f2ef5:20160407213829.630:1004</Value>
          <Value>schemaIDGUID:1004:1:55a73700-c891-46fd-8f5c-72bc827f2ef5:20160407213829.630:1004</Value>
          <Value>uSNChanged:1004:1:55a73700-c891-46fd-8f5c-72bc827f2ef5:20160407213829.630:1004</Value>
          <Value>uSNCreated:1004:1:55a73700-c891-46fd-8f5c-72bc827f2ef5:20160407213829.630:1004</Value>
          <Value>vmwAttributeUsage:1004:1:55a73700-c891-46fd-8f5c-72bc827f2ef5:20160407213829.630:1004</Value>
        </AttributeMetadata>
      </AttributeSchemaEntry>
      <AttributeSchemaEntry>
        <Name>canonicalName</Name>
        <AttributeMetadata>
          <Value>attributeID:356:1:55a73700-c891-46fd-8f5c-72bc827f2ef5:20160407213828.555:356</Value>
          <Value>attributeSyntax:356:1:55a73700-c891-46fd-8f5c-72bc827f2ef5:20160407213828.555:356</Value>
          <Value>cn:356:1:55a73700-c891-46fd-8f5c-72bc827f2ef5:20160407213828.555:356</Value>
          <Value>createTimeStamp:356:1:55a73700-c891-46fd-8f5c-72bc827f2ef5:20160407213828.555:356</Value>
          <Value>entryDN:356:1:55a73700-c891-46fd-8f5c-72bc827f2ef5:20160407213828.555:356</Value>
          <Value>isSingleValued:356:1:55a73700-c891-46fd-8f5c-72bc827f2ef5:20160407213828.555:356</Value>
          <Value>lDAPDisplayName:356:1:55a73700-c891-46fd-8f5c-72bc827f2ef5:20160407213828.555:356</Value>
          <Value>modifyTimeStamp:356:1:55a73700-c891-46fd-8f5c-72bc827f2ef5:20160407213828.555:356</Value>
          <Value>objectClass:356:1:55a73700-c891-46fd-8f5c-72bc827f2ef5:20160407213828.555:356</Value>
          <Value>objectGUID:356:1:55a73700-c891-46fd-8f5c-72bc827f2ef5:20160407213828.555:356</Value>
          <Value>oMSyntax:356:1:55a73700-c891-46fd-8f5c-72bc827f2ef5:20160407213828.555:356</Value>
          <Value>schemaIDGUID:356:1:55a73700-c891-46fd-8f5c-72bc827f2ef5:20160407213828.555:356</Value>
          <Value>uSNChanged:356:1:55a73700-c891-46fd-8f5c-72bc827f2ef5:20160407213828.555:356</Value>
          <Value>uSNCreated:356:1:55a73700-c891-46fd-8f5c-72bc827f2ef5:20160407213828.555:356</Value>
          <Value>vmwAttributeUsage:356:1:55a73700-c891-46fd-8f5c-72bc827f2ef5:20160407213828.555:356</Value>
        </AttributeMetadata>
      </AttributeSchemaEntry>
      <AttributeSchemaEntry>
        <Name>canUpgradeScript</Name>
        <AttributeMetadata>
          <Value>attributeID:1586:1:55a73700-c891-46fd-8f5c-72bc827f2ef5:20160407213830.632:1586</Value>
          <Value>attributeSyntax:1586:1:55a73700-c891-46fd-8f5c-72bc827f2ef5:20160407213830.632:1586</Value>
          <Value>cn:1586:1:55a73700-c891-46fd-8f5c-72bc827f2ef5:20160407213830.632:1586</Value>
          <Value>createTimeStamp:1586:1:55a73700-c891-46fd-8f5c-72bc827f2ef5:20160407213830.632:1586</Value>
          <Value>entryDN:1586:1:55a73700-c891-46fd-8f5c-72bc827f2ef5:20160407213830.632:1586</Value>
          <Value>isSingleValued:1586:1:55a73700-c891-46fd-8f5c-72bc827f2ef5:20160407213830.632:1586</Value>
          <Value>lDAPDisplayName:1586:1:55a73700-c891-46fd-8f5c-72bc827f2ef5:20160407213830.632:1586</Value>
          <Value>modifyTimeStamp:1586:1:55a73700-c891-46fd-8f5c-72bc827f2ef5:20160407213830.632:1586</Value>
          <Value>objectClass:1586:1:55a73700-c891-46fd-8f5c-72bc827f2ef5:20160407213830.632:1586</Value>
          <Value>objectGUID:1586:1:55a73700-c891-46fd-8f5c-72bc827f2ef5:20160407213830.632:1586</Value>
          <Value>oMSyntax:1586:1:55a73700-c891-46fd-8f5c-72bc827f2ef5:20160407213830.632:1586</Value>
          <Value>schemaIDGUID:1586:1:55a73700-c891-46fd-8f5c-72bc827f2ef5:20160407213830.632:1586</Value>
          <Value>uSNChanged:1586:1:55a73700-c891-46fd-8f5c-72bc827f2ef5:20160407213830.632:1586</Value>
          <Value>uSNCreated:1586:1:55a73700-c891-46fd-8f5c-72bc827f2ef5:20160407213830.632:1586</Value>
          <Value>vmwAttributeUsage:1586:1:55a73700-c891-46fd-8f5c-72bc827f2ef5:20160407213830.632:1586</Value>
        </AttributeMetadata>
      </AttributeSchemaEntry>
      <AttributeSchemaEntry>
        <Name>carLicense</Name>
        <AttributeMetadata>
          <Value>attributeID:678:1:55a73700-c891-46fd-8f5c-72bc827f2ef5:20160407213829.086:678</Value>
          <Value>attributeSyntax:678:1:55a73700-c891-46fd-8f5c-72bc827f2ef5:20160407213829.086:678</Value>
          <Value>cn:678:1:55a73700-c891-46fd-8f5c-72bc827f2ef5:20160407213829.086:678</Value>
          <Value>createTimeStamp:678:1:55a73700-c891-46fd-8f5c-72bc827f2ef5:20160407213829.086:678</Value>
          <Value>entryDN:678:1:55a73700-c891-46fd-8f5c-72bc827f2ef5:20160407213829.086:678</Value>
          <Value>isSingleValued:678:1:55a73700-c891-46fd-8f5c-72bc827f2ef5:20160407213829.086:678</Value>
          <Value>lDAPDisplayName:678:1:55a73700-c891-46fd-8f5c-72bc827f2ef5:20160407213829.086:678</Value>
          <Value>modifyTimeStamp:678:1:55a73700-c891-46fd-8f5c-72bc827f2ef5:20160407213829.086:678</Value>
          <Value>objectClass:678:1:55a73700-c891-46fd-8f5c-72bc827f2ef5:20160407213829.086:678</Value>
          <Value>objectGUID:678:1:55a73700-c891-46fd-8f5c-72bc827f2ef5:20160407213829.086:678</Value>
          <Value>oMSyntax:678:1:55a73700-c891-46fd-8f5c-72bc827f2ef5:20160407213829.086:678</Value>
          <Value>schemaIDGUID:678:1:55a73700-c891-46fd-8f5c-72bc827f2ef5:20160407213829.086:678</Value>
          <Value>uSNChanged:678:1:55a73700-c891-46fd-8f5c-72bc827f2ef5:20160407213829.086:678</Value>
          <Value>uSNCreated:678:1:55a73700-c891-46fd-8f5c-72bc827f2ef5:20160407213829.086:678</Value>
          <Value>vmwAttributeUsage:678:1:55a73700-c891-46fd-8f5c-72bc827f2ef5:20160407213829.086:678</Value>
        </AttributeMetadata>
      </AttributeSchemaEntry>
      <AttributeSchemaEntry>
        <Name>catalogs</Name>
        <AttributeMetadata>
          <Value>attributeID:971:1:55a73700-c891-46fd-8f5c-72bc827f2ef5:20160407213829.583:971</Value>
          <Value>attributeSyntax:971:1:55a73700-c891-46fd-8f5c-72bc827f2ef5:20160407213829.583:971</Value>
          <Value>cn:971:1:55a73700-c891-46fd-8f5c-72bc827f2ef5:20160407213829.583:971</Value>
          <Value>createTimeStamp:971:1:55a73700-c891-46fd-8f5c-72bc827f2ef5:20160407213829.583:971</Value>
          <Value>entryDN:971:1:55a73700-c891-46fd-8f5c-72bc827f2ef5:20160407213829.583:971</Value>
          <Value>isSingleValued:971:1:55a73700-c891-46fd-8f5c-72bc827f2ef5:20160407213829.583:971</Value>
          <Value>lDAPDisplayName:971:1:55a73700-c891-46fd-8f5c-72bc827f2ef5:20160407213829.583:971</Value>
          <Value>modifyTimeStamp:971:1:55a73700-c891-46fd-8f5c-72bc827f2ef5:20160407213829.583:971</Value>
          <Value>objectClass:971:1:55a73700-c891-46fd-8f5c-72bc827f2ef5:20160407213829.583:971</Value>
          <Value>objectGUID:971:1:55a73700-c891-46fd-8f5c-72bc827f2ef5:20160407213829.583:971</Value>
          <Value>oMSyntax:971:1:55a73700-c891-46fd-8f5c-72bc827f2ef5:20160407213829.583:971</Value>
          <Value>schemaIDGUID:971:1:55a73700-c891-46fd-8f5c-72bc827f2ef5:20160407213829.583:971</Value>
          <Value>uSNChanged:971:1:55a73700-c891-46fd-8f5c-72bc827f2ef5:20160407213829.583:971</Value>
          <Value>uSNCreated:971:1:55a73700-c891-46fd-8f5c-72bc827f2ef5:20160407213829.583:971</Value>
          <Value>vmwAttributeUsage:971:1:55a73700-c891-46fd-8f5c-72bc827f2ef5:20160407213829.583:971</Value>
        </AttributeMetadata>
      </AttributeSchemaEntry>
      <AttributeSchemaEntry>
        <Name>categories</Name>
        <AttributeMetadata>
          <Value>attributeID:311:1:55a73700-c891-46fd-8f5c-72bc827f2ef5:20160407213828.480:311</Value>
          <Value>attributeSyntax:311:1:55a73700-c891-46fd-8f5c-72bc827f2ef5:20160407213828.480:311</Value>
          <Value>cn:311:1:55a73700-c891-46fd-8f5c-72bc827f2ef5:20160407213828.480:311</Value>
          <Value>createTimeStamp:311:1:55a73700-c891-46fd-8f5c-72bc827f2ef5:20160407213828.480:311</Value>
          <Value>entryDN:311:1:55a73700-c891-46fd-8f5c-72bc827f2ef5:20160407213828.480:311</Value>
          <Value>isSingleValued:311:1:55a73700-c891-46fd-8f5c-72bc827f2ef5:20160407213828.480:311</Value>
          <Value>lDAPDisplayName:311:1:55a73700-c891-46fd-8f5c-72bc827f2ef5:20160407213828.480:311</Value>
          <Value>modifyTimeStamp:311:1:55a73700-c891-46fd-8f5c-72bc827f2ef5:20160407213828.480:311</Value>
          <Value>objectClass:311:1:55a73700-c891-46fd-8f5c-72bc827f2ef5:20160407213828.480:311</Value>
          <Value>objectGUID:311:1:55a73700-c891-46fd-8f5c-72bc827f2ef5:20160407213828.480:311</Value>
          <Value>oMSyntax:311:1:55a73700-c891-46fd-8f5c-72bc827f2ef5:20160407213828.480:311</Value>
          <Value>schemaIDGUID:311:1:55a73700-c891-46fd-8f5c-72bc827f2ef5:20160407213828.480:311</Value>
          <Value>uSNChanged:311:1:55a73700-c891-46fd-8f5c-72bc827f2ef5:20160407213828.480:311</Value>
          <Value>uSNCreated:311:1:55a73700-c891-46fd-8f5c-72bc827f2ef5:20160407213828.480:311</Value>
          <Value>vmwAttributeUsage:311:1:55a73700-c891-46fd-8f5c-72bc827f2ef5:20160407213828.480:311</Value>
        </AttributeMetadata>
      </AttributeSchemaEntry>
      <AttributeSchemaEntry>
        <Name>categoryId</Name>
        <AttributeMetadata>
          <Value>attributeID:509:1:55a73700-c891-46fd-8f5c-72bc827f2ef5:20160407213828.796:509</Value>
          <Value>attributeSyntax:509:1:55a73700-c891-46fd-8f5c-72bc827f2ef5:20160407213828.796:509</Value>
          <Value>cn:509:1:55a73700-c891-46fd-8f5c-72bc827f2ef5:20160407213828.796:509</Value>
          <Value>createTimeStamp:509:1:55a73700-c891-46fd-8f5c-72bc827f2ef5:20160407213828.796:509</Value>
          <Value>entryDN:509:1:55a73700-c891-46fd-8f5c-72bc827f2ef5:20160407213828.796:509</Value>
          <Value>isSingleValued:509:1:55a73700-c891-46fd-8f5c-72bc827f2ef5:20160407213828.796:509</Value>
          <Value>lDAPDisplayName:509:1:55a73700-c891-46fd-8f5c-72bc827f2ef5:20160407213828.796:509</Value>
          <Value>modifyTimeStamp:509:1:55a73700-c891-46fd-8f5c-72bc827f2ef5:20160407213828.796:509</Value>
          <Value>objectClass:509:1:55a73700-c891-46fd-8f5c-72bc827f2ef5:20160407213828.796:509</Value>
          <Value>objectGUID:509:1:55a73700-c891-46fd-8f5c-72bc827f2ef5:20160407213828.796:509</Value>
          <Value>oMSyntax:509:1:55a73700-c891-46fd-8f5c-72bc827f2ef5:20160407213828.796:509</Value>
          <Value>schemaIDGUID:509:1:55a73700-c891-46fd-8f5c-72bc827f2ef5:20160407213828.796:509</Value>
          <Value>uSNChanged:509:1:55a73700-c891-46fd-8f5c-72bc827f2ef5:20160407213828.796:509</Value>
          <Value>uSNCreated:509:1:55a73700-c891-46fd-8f5c-72bc827f2ef5:20160407213828.796:509</Value>
          <Value>vmwAttributeUsage:509:1:55a73700-c891-46fd-8f5c-72bc827f2ef5:20160407213828.796:509</Value>
        </AttributeMetadata>
      </AttributeSchemaEntry>
      <AttributeSchemaEntry>
        <Name>cAUsages</Name>
        <AttributeMetadata>
          <Value>attributeID:1022:1:55a73700-c891-46fd-8f5c-72bc827f2ef5:20160407213829.660:1022</Value>
          <Value>attributeSyntax:1022:1:55a73700-c891-46fd-8f5c-72bc827f2ef5:20160407213829.660:1022</Value>
          <Value>cn:1022:1:55a73700-c891-46fd-8f5c-72bc827f2ef5:20160407213829.660:1022</Value>
          <Value>createTimeStamp:1022:1:55a73700-c891-46fd-8f5c-72bc827f2ef5:20160407213829.660:1022</Value>
          <Value>entryDN:1022:1:55a73700-c891-46fd-8f5c-72bc827f2ef5:20160407213829.660:1022</Value>
          <Value>isSingleValued:1022:1:55a73700-c891-46fd-8f5c-72bc827f2ef5:20160407213829.660:1022</Value>
          <Value>lDAPDisplayName:1022:1:55a73700-c891-46fd-8f5c-72bc827f2ef5:20160407213829.660:1022</Value>
          <Value>modifyTimeStamp:1022:1:55a73700-c891-46fd-8f5c-72bc827f2ef5:20160407213829.660:1022</Value>
          <Value>objectClass:1022:1:55a73700-c891-46fd-8f5c-72bc827f2ef5:20160407213829.660:1022</Value>
          <Value>objectGUID:1022:1:55a73700-c891-46fd-8f5c-72bc827f2ef5:20160407213829.660:1022</Value>
          <Value>oMSyntax:1022:1:55a73700-c891-46fd-8f5c-72bc827f2ef5:20160407213829.660:1022</Value>
          <Value>schemaIDGUID:1022:1:55a73700-c891-46fd-8f5c-72bc827f2ef5:20160407213829.660:1022</Value>
          <Value>uSNChanged:1022:1:55a73700-c891-46fd-8f5c-72bc827f2ef5:20160407213829.660:1022</Value>
          <Value>uSNCreated:1022:1:55a73700-c891-46fd-8f5c-72bc827f2ef5:20160407213829.660:1022</Value>
          <Value>vmwAttributeUsage:1022:1:55a73700-c891-46fd-8f5c-72bc827f2ef5:20160407213829.660:1022</Value>
        </AttributeMetadata>
      </AttributeSchemaEntry>
      <AttributeSchemaEntry>
        <Name>cAWEBURL</Name>
        <AttributeMetadata>
          <Value>attributeID:778:1:55a73700-c891-46fd-8f5c-72bc827f2ef5:20160407213829.255:778</Value>
          <Value>attributeSyntax:778:1:55a73700-c891-46fd-8f5c-72bc827f2ef5:20160407213829.255:778</Value>
          <Value>cn:778:1:55a73700-c891-46fd-8f5c-72bc827f2ef5:20160407213829.255:778</Value>
          <Value>createTimeStamp:778:1:55a73700-c891-46fd-8f5c-72bc827f2ef5:20160407213829.255:778</Value>
          <Value>entryDN:778:1:55a73700-c891-46fd-8f5c-72bc827f2ef5:20160407213829.255:778</Value>
          <Value>isSingleValued:778:1:55a73700-c891-46fd-8f5c-72bc827f2ef5:20160407213829.255:778</Value>
          <Value>lDAPDisplayName:778:1:55a73700-c891-46fd-8f5c-72bc827f2ef5:20160407213829.255:778</Value>
          <Value>modifyTimeStamp:778:1:55a73700-c891-46fd-8f5c-72bc827f2ef5:20160407213829.255:778</Value>
          <Value>objectClass:778:1:55a73700-c891-46fd-8f5c-72bc827f2ef5:20160407213829.255:778</Value>
          <Value>objectGUID:778:1:55a73700-c891-46fd-8f5c-72bc827f2ef5:20160407213829.255:778</Value>
          <Value>oMSyntax:778:1:55a73700-c891-46fd-8f5c-72bc827f2ef5:20160407213829.255:778</Value>
          <Value>schemaIDGUID:778:1:55a73700-c891-46fd-8f5c-72bc827f2ef5:20160407213829.255:778</Value>
          <Value>uSNChanged:778:1:55a73700-c891-46fd-8f5c-72bc827f2ef5:20160407213829.255:778</Value>
          <Value>uSNCreated:778:1:55a73700-c891-46fd-8f5c-72bc827f2ef5:20160407213829.255:778</Value>
          <Value>vmwAttributeUsage:778:1:55a73700-c891-46fd-8f5c-72bc827f2ef5:20160407213829.255:778</Value>
        </AttributeMetadata>
      </AttributeSchemaEntry>
      <AttributeSchemaEntry>
        <Name>certificateAuthorityObject</Name>
        <AttributeMetadata>
          <Value>attributeID:1714:1:55a73700-c891-46fd-8f5c-72bc827f2ef5:20160407213830.856:1714</Value>
          <Value>attributeSyntax:1714:1:55a73700-c891-46fd-8f5c-72bc827f2ef5:20160407213830.856:1714</Value>
          <Value>cn:1714:1:55a73700-c891-46fd-8f5c-72bc827f2ef5:20160407213830.856:1714</Value>
          <Value>createTimeStamp:1714:1:55a73700-c891-46fd-8f5c-72bc827f2ef5:20160407213830.856:1714</Value>
          <Value>entryDN:1714:1:55a73700-c891-46fd-8f5c-72bc827f2ef5:20160407213830.856:1714</Value>
          <Value>isSingleValued:1714:1:55a73700-c891-46fd-8f5c-72bc827f2ef5:20160407213830.856:1714</Value>
          <Value>lDAPDisplayName:1714:1:55a73700-c891-46fd-8f5c-72bc827f2ef5:20160407213830.856:1714</Value>
          <Value>modifyTimeStamp:1714:1:55a73700-c891-46fd-8f5c-72bc827f2ef5:20160407213830.856:1714</Value>
          <Value>objectClass:1714:1:55a73700-c891-46fd-8f5c-72bc827f2ef5:20160407213830.856:1714</Value>
          <Value>objectGUID:1714:1:55a73700-c891-46fd-8f5c-72bc827f2ef5:20160407213830.856:1714</Value>
          <Value>oMSyntax:1714:1:55a73700-c891-46fd-8f5c-72bc827f2ef5:20160407213830.856:1714</Value>
          <Value>schemaIDGUID:1714:1:55a73700-c891-46fd-8f5c-72bc827f2ef5:20160407213830.856:1714</Value>
          <Value>uSNChanged:1714:1:55a73700-c891-46fd-8f5c-72bc827f2ef5:20160407213830.856:1714</Value>
          <Value>uSNCreated:1714:1:55a73700-c891-46fd-8f5c-72bc827f2ef5:20160407213830.856:1714</Value>
          <Value>vmwAttributeUsage:1714:1:55a73700-c891-46fd-8f5c-72bc827f2ef5:20160407213830.856:1714</Value>
        </AttributeMetadata>
      </AttributeSchemaEntry>
      <AttributeSchemaEntry>
        <Name>certificateRevocationList</Name>
        <AttributeMetadata>
          <Value>attributeID:588:1:55a73700-c891-46fd-8f5c-72bc827f2ef5:20160407213828.922:588</Value>
          <Value>attributeSyntax:588:1:55a73700-c891-46fd-8f5c-72bc827f2ef5:20160407213828.922:588</Value>
          <Value>cn:588:1:55a73700-c891-46fd-8f5c-72bc827f2ef5:20160407213828.922:588</Value>
          <Value>createTimeStamp:588:1:55a73700-c891-46fd-8f5c-72bc827f2ef5:20160407213828.922:588</Value>
          <Value>entryDN:588:1:55a73700-c891-46fd-8f5c-72bc827f2ef5:20160407213828.922:588</Value>
          <Value>isSingleValued:588:1:55a73700-c891-46fd-8f5c-72bc827f2ef5:20160407213828.922:588</Value>
          <Value>lDAPDisplayName:588:1:55a73700-c891-46fd-8f5c-72bc827f2ef5:20160407213828.922:588</Value>
          <Value>modifyTimeStamp:588:1:55a73700-c891-46fd-8f5c-72bc827f2ef5:20160407213828.922:588</Value>
          <Value>objectClass:588:1:55a73700-c891-46fd-8f5c-72bc827f2ef5:20160407213828.922:588</Value>
          <Value>objectGUID:588:1:55a73700-c891-46fd-8f5c-72bc827f2ef5:20160407213828.922:588</Value>
          <Value>oMSyntax:588:1:55a73700-c891-46fd-8f5c-72bc827f2ef5:20160407213828.922:588</Value>
          <Value>schemaIDGUID:588:1:55a73700-c891-46fd-8f5c-72bc827f2ef5:20160407213828.922:588</Value>
          <Value>uSNChanged:588:1:55a73700-c891-46fd-8f5c-72bc827f2ef5:20160407213828.922:588</Value>
          <Value>uSNCreated:588:1:55a73700-c891-46fd-8f5c-72bc827f2ef5:20160407213828.922:588</Value>
          <Value>vmwAttributeUsage:588:1:55a73700-c891-46fd-8f5c-72bc827f2ef5:20160407213828.922:588</Value>
        </AttributeMetadata>
      </AttributeSchemaEntry>
      <AttributeSchemaEntry>
        <Name>certificateTemplates</Name>
        <AttributeMetadata>
          <Value>attributeID:392:1:55a73700-c891-46fd-8f5c-72bc827f2ef5:20160407213828.607:392</Value>
          <Value>attributeSyntax:392:1:55a73700-c891-46fd-8f5c-72bc827f2ef5:20160407213828.607:392</Value>
          <Value>cn:392:1:55a73700-c891-46fd-8f5c-72bc827f2ef5:20160407213828.607:392</Value>
          <Value>createTimeStamp:392:1:55a73700-c891-46fd-8f5c-72bc827f2ef5:20160407213828.607:392</Value>
          <Value>entryDN:392:1:55a73700-c891-46fd-8f5c-72bc827f2ef5:20160407213828.607:392</Value>
          <Value>isSingleValued:392:1:55a73700-c891-46fd-8f5c-72bc827f2ef5:20160407213828.607:392</Value>
          <Value>lDAPDisplayName:392:1:55a73700-c891-46fd-8f5c-72bc827f2ef5:20160407213828.607:392</Value>
          <Value>modifyTimeStamp:392:1:55a73700-c891-46fd-8f5c-72bc827f2ef5:20160407213828.607:392</Value>
          <Value>objectClass:392:1:55a73700-c891-46fd-8f5c-72bc827f2ef5:20160407213828.607:392</Value>
          <Value>objectGUID:392:1:55a73700-c891-46fd-8f5c-72bc827f2ef5:20160407213828.607:392</Value>
          <Value>oMSyntax:392:1:55a73700-c891-46fd-8f5c-72bc827f2ef5:20160407213828.607:392</Value>
          <Value>schemaIDGUID:392:1:55a73700-c891-46fd-8f5c-72bc827f2ef5:20160407213828.607:392</Value>
          <Value>uSNChanged:392:1:55a73700-c891-46fd-8f5c-72bc827f2ef5:20160407213828.607:392</Value>
          <Value>uSNCreated:392:1:55a73700-c891-46fd-8f5c-72bc827f2ef5:20160407213828.607:392</Value>
          <Value>vmwAttributeUsage:392:1:55a73700-c891-46fd-8f5c-72bc827f2ef5:20160407213828.607:392</Value>
        </AttributeMetadata>
      </AttributeSchemaEntry>
      <AttributeSchemaEntry>
        <Name>classDisplayName</Name>
        <AttributeMetadata>
          <Value>attributeID:457:1:55a73700-c891-46fd-8f5c-72bc827f2ef5:20160407213828.710:457</Value>
          <Value>attributeSyntax:457:1:55a73700-c891-46fd-8f5c-72bc827f2ef5:20160407213828.710:457</Value>
          <Value>cn:457:1:55a73700-c891-46fd-8f5c-72bc827f2ef5:20160407213828.710:457</Value>
          <Value>createTimeStamp:457:1:55a73700-c891-46fd-8f5c-72bc827f2ef5:20160407213828.710:457</Value>
          <Value>entryDN:457:1:55a73700-c891-46fd-8f5c-72bc827f2ef5:20160407213828.710:457</Value>
          <Value>isSingleValued:457:1:55a73700-c891-46fd-8f5c-72bc827f2ef5:20160407213828.710:457</Value>
          <Value>lDAPDisplayName:457:1:55a73700-c891-46fd-8f5c-72bc827f2ef5:20160407213828.710:457</Value>
          <Value>modifyTimeStamp:457:1:55a73700-c891-46fd-8f5c-72bc827f2ef5:20160407213828.710:457</Value>
          <Value>objectClass:457:1:55a73700-c891-46fd-8f5c-72bc827f2ef5:20160407213828.710:457</Value>
          <Value>objectGUID:457:1:55a73700-c891-46fd-8f5c-72bc827f2ef5:20160407213828.710:457</Value>
          <Value>oMSyntax:457:1:55a73700-c891-46fd-8f5c-72bc827f2ef5:20160407213828.710:457</Value>
          <Value>schemaIDGUID:457:1:55a73700-c891-46fd-8f5c-72bc827f2ef5:20160407213828.710:457</Value>
          <Value>uSNChanged:457:1:55a73700-c891-46fd-8f5c-72bc827f2ef5:20160407213828.710:457</Value>
          <Value>uSNCreated:457:1:55a73700-c891-46fd-8f5c-72bc827f2ef5:20160407213828.710:457</Value>
          <Value>vmwAttributeUsage:457:1:55a73700-c891-46fd-8f5c-72bc827f2ef5:20160407213828.710:457</Value>
        </AttributeMetadata>
      </AttributeSchemaEntry>
      <AttributeSchemaEntry>
        <Name>cn</Name>
        <AttributeMetadata>
          <Value>attributeID:1737:1:55a73700-c891-46fd-8f5c-72bc827f2ef5:20160407213830.893:1737</Value>
          <Value>attributeSyntax:1737:1:55a73700-c891-46fd-8f5c-72bc827f2ef5:20160407213830.893:1737</Value>
          <Value>cn:1737:1:55a73700-c891-46fd-8f5c-72bc827f2ef5:20160407213830.893:1737</Value>
          <Value>createTimeStamp:1737:1:55a73700-c891-46fd-8f5c-72bc827f2ef5:20160407213830.893:1737</Value>
          <Value>entryDN:1737:1:55a73700-c891-46fd-8f5c-72bc827f2ef5:20160407213830.893:1737</Value>
          <Value>isSingleValued:1737:1:55a73700-c891-46fd-8f5c-72bc827f2ef5:20160407213830.893:1737</Value>
          <Value>lDAPDisplayName:1737:1:55a73700-c891-46fd-8f5c-72bc827f2ef5:20160407213830.893:1737</Value>
          <Value>modifyTimeStamp:1737:1:55a73700-c891-46fd-8f5c-72bc827f2ef5:20160407213830.893:1737</Value>
          <Value>objectClass:1737:1:55a73700-c891-46fd-8f5c-72bc827f2ef5:20160407213830.893:1737</Value>
          <Value>objectGUID:1737:1:55a73700-c891-46fd-8f5c-72bc827f2ef5:20160407213830.893:1737</Value>
          <Value>oMSyntax:1737:1:55a73700-c891-46fd-8f5c-72bc827f2ef5:20160407213830.893:1737</Value>
          <Value>schemaIDGUID:1737:1:55a73700-c891-46fd-8f5c-72bc827f2ef5:20160407213830.893:1737</Value>
          <Value>uSNChanged:1737:1:55a73700-c891-46fd-8f5c-72bc827f2ef5:20160407213830.893:1737</Value>
          <Value>uSNCreated:1737:1:55a73700-c891-46fd-8f5c-72bc827f2ef5:20160407213830.893:1737</Value>
          <Value>vmwAttributeUsage:1737:1:55a73700-c891-46fd-8f5c-72bc827f2ef5:20160407213830.893:1737</Value>
        </AttributeMetadata>
      </AttributeSchemaEntry>
      <AttributeSchemaEntry>
        <Name>co</Name>
        <AttributeMetadata>
          <Value>attributeID:1740:1:55a73700-c891-46fd-8f5c-72bc827f2ef5:20160407213830.896:1740</Value>
          <Value>attributeSyntax:1740:1:55a73700-c891-46fd-8f5c-72bc827f2ef5:20160407213830.896:1740</Value>
          <Value>cn:1740:1:55a73700-c891-46fd-8f5c-72bc827f2ef5:20160407213830.896:1740</Value>
          <Value>createTimeStamp:1740:1:55a73700-c891-46fd-8f5c-72bc827f2ef5:20160407213830.896:1740</Value>
          <Value>entryDN:1740:1:55a73700-c891-46fd-8f5c-72bc827f2ef5:20160407213830.896:1740</Value>
          <Value>isSingleValued:1740:1:55a73700-c891-46fd-8f5c-72bc827f2ef5:20160407213830.896:1740</Value>
          <Value>lDAPDisplayName:1740:1:55a73700-c891-46fd-8f5c-72bc827f2ef5:20160407213830.896:1740</Value>
          <Value>modifyTimeStamp:1740:1:55a73700-c891-46fd-8f5c-72bc827f2ef5:20160407213830.896:1740</Value>
          <Value>objectClass:1740:1:55a73700-c891-46fd-8f5c-72bc827f2ef5:20160407213830.896:1740</Value>
          <Value>objectGUID:1740:1:55a73700-c891-46fd-8f5c-72bc827f2ef5:20160407213830.896:1740</Value>
          <Value>oMSyntax:1740:1:55a73700-c891-46fd-8f5c-72bc827f2ef5:20160407213830.896:1740</Value>
          <Value>schemaIDGUID:1740:1:55a73700-c891-46fd-8f5c-72bc827f2ef5:20160407213830.896:1740</Value>
          <Value>uSNChanged:1740:1:55a73700-c891-46fd-8f5c-72bc827f2ef5:20160407213830.896:1740</Value>
          <Value>uSNCreated:1740:1:55a73700-c891-46fd-8f5c-72bc827f2ef5:20160407213830.896:1740</Value>
          <Value>vmwAttributeUsage:1740:1:55a73700-c891-46fd-8f5c-72bc827f2ef5:20160407213830.896:1740</Value>
        </AttributeMetadata>
      </AttributeSchemaEntry>
      <AttributeSchemaEntry>
        <Name>codePage</Name>
        <AttributeMetadata>
          <Value>attributeID:284:1:55a73700-c891-46fd-8f5c-72bc827f2ef5:20160407213828.443:284</Value>
          <Value>attributeSyntax:284:1:55a73700-c891-46fd-8f5c-72bc827f2ef5:20160407213828.443:284</Value>
          <Value>cn:284:1:55a73700-c891-46fd-8f5c-72bc827f2ef5:20160407213828.443:284</Value>
          <Value>createTimeStamp:284:1:55a73700-c891-46fd-8f5c-72bc827f2ef5:20160407213828.443:284</Value>
          <Value>entryDN:284:1:55a73700-c891-46fd-8f5c-72bc827f2ef5:20160407213828.443:284</Value>
          <Value>isSingleValued:284:1:55a73700-c891-46fd-8f5c-72bc827f2ef5:20160407213828.443:284</Value>
          <Value>lDAPDisplayName:284:1:55a73700-c891-46fd-8f5c-72bc827f2ef5:20160407213828.443:284</Value>
          <Value>modifyTimeStamp:284:1:55a73700-c891-46fd-8f5c-72bc827f2ef5:20160407213828.443:284</Value>
          <Value>objectClass:284:1:55a73700-c891-46fd-8f5c-72bc827f2ef5:20160407213828.443:284</Value>
          <Value>objectGUID:284:1:55a73700-c891-46fd-8f5c-72bc827f2ef5:20160407213828.443:284</Value>
          <Value>oMSyntax:284:1:55a73700-c891-46fd-8f5c-72bc827f2ef5:20160407213828.443:284</Value>
          <Value>schemaIDGUID:284:1:55a73700-c891-46fd-8f5c-72bc827f2ef5:20160407213828.443:284</Value>
          <Value>uSNChanged:284:1:55a73700-c891-46fd-8f5c-72bc827f2ef5:20160407213828.443:284</Value>
          <Value>uSNCreated:284:1:55a73700-c891-46fd-8f5c-72bc827f2ef5:20160407213828.443:284</Value>
          <Value>vmwAttributeUsage:284:1:55a73700-c891-46fd-8f5c-72bc827f2ef5:20160407213828.443:284</Value>
        </AttributeMetadata>
      </AttributeSchemaEntry>
      <AttributeSchemaEntry>
        <Name>cOMClassID</Name>
        <AttributeMetadata>
          <Value>attributeID:194:1:55a73700-c891-46fd-8f5c-72bc827f2ef5:20160407213828.316:194</Value>
          <Value>attributeSyntax:194:1:55a73700-c891-46fd-8f5c-72bc827f2ef5:20160407213828.316:194</Value>
          <Value>cn:194:1:55a73700-c891-46fd-8f5c-72bc827f2ef5:20160407213828.316:194</Value>
          <Value>createTimeStamp:194:1:55a73700-c891-46fd-8f5c-72bc827f2ef5:20160407213828.316:194</Value>
          <Value>entryDN:194:1:55a73700-c891-46fd-8f5c-72bc827f2ef5:20160407213828.316:194</Value>
          <Value>isSingleValued:194:1:55a73700-c891-46fd-8f5c-72bc827f2ef5:20160407213828.316:194</Value>
          <Value>lDAPDisplayName:194:1:55a73700-c891-46fd-8f5c-72bc827f2ef5:20160407213828.316:194</Value>
          <Value>modifyTimeStamp:194:1:55a73700-c891-46fd-8f5c-72bc827f2ef5:20160407213828.316:194</Value>
          <Value>objectClass:194:1:55a73700-c891-46fd-8f5c-72bc827f2ef5:20160407213828.316:194</Value>
          <Value>objectGUID:194:1:55a73700-c891-46fd-8f5c-72bc827f2ef5:20160407213828.316:194</Value>
          <Value>oMSyntax:194:1:55a73700-c891-46fd-8f5c-72bc827f2ef5:20160407213828.316:194</Value>
          <Value>schemaIDGUID:194:1:55a73700-c891-46fd-8f5c-72bc827f2ef5:20160407213828.316:194</Value>
          <Value>uSNChanged:194:1:55a73700-c891-46fd-8f5c-72bc827f2ef5:20160407213828.316:194</Value>
          <Value>uSNCreated:194:1:55a73700-c891-46fd-8f5c-72bc827f2ef5:20160407213828.316:194</Value>
          <Value>vmwAttributeUsage:194:1:55a73700-c891-46fd-8f5c-72bc827f2ef5:20160407213828.316:194</Value>
        </AttributeMetadata>
      </AttributeSchemaEntry>
      <AttributeSchemaEntry>
        <Name>cOMCLSID</Name>
        <AttributeMetadata>
          <Value>attributeID:762:1:55a73700-c891-46fd-8f5c-72bc827f2ef5:20160407213829.227:762</Value>
          <Value>attributeSyntax:762:1:55a73700-c891-46fd-8f5c-72bc827f2ef5:20160407213829.227:762</Value>
          <Value>cn:762:1:55a73700-c891-46fd-8f5c-72bc827f2ef5:20160407213829.227:762</Value>
          <Value>createTimeStamp:762:1:55a73700-c891-46fd-8f5c-72bc827f2ef5:20160407213829.227:762</Value>
          <Value>entryDN:762:1:55a73700-c891-46fd-8f5c-72bc827f2ef5:20160407213829.227:762</Value>
          <Value>isSingleValued:762:1:55a73700-c891-46fd-8f5c-72bc827f2ef5:20160407213829.227:762</Value>
          <Value>lDAPDisplayName:762:1:55a73700-c891-46fd-8f5c-72bc827f2ef5:20160407213829.227:762</Value>
          <Value>modifyTimeStamp:762:1:55a73700-c891-46fd-8f5c-72bc827f2ef5:20160407213829.227:762</Value>
          <Value>objectClass:762:1:55a73700-c891-46fd-8f5c-72bc827f2ef5:20160407213829.227:762</Value>
          <Value>objectGUID:762:1:55a73700-c891-46fd-8f5c-72bc827f2ef5:20160407213829.227:762</Value>
          <Value>oMSyntax:762:1:55a73700-c891-46fd-8f5c-72bc827f2ef5:20160407213829.227:762</Value>
          <Value>schemaIDGUID:762:1:55a73700-c891-46fd-8f5c-72bc827f2ef5:20160407213829.227:762</Value>
          <Value>uSNChanged:762:1:55a73700-c891-46fd-8f5c-72bc827f2ef5:20160407213829.227:762</Value>
          <Value>uSNCreated:762:1:55a73700-c891-46fd-8f5c-72bc827f2ef5:20160407213829.227:762</Value>
          <Value>vmwAttributeUsage:762:1:55a73700-c891-46fd-8f5c-72bc827f2ef5:20160407213829.227:762</Value>
        </AttributeMetadata>
      </AttributeSchemaEntry>
      <AttributeSchemaEntry>
        <Name>cOMInterfaceID</Name>
        <AttributeMetadata>
          <Value>attributeID:195:1:55a73700-c891-46fd-8f5c-72bc827f2ef5:20160407213828.317:195</Value>
          <Value>attributeSyntax:195:1:55a73700-c891-46fd-8f5c-72bc827f2ef5:20160407213828.317:195</Value>
          <Value>cn:195:1:55a73700-c891-46fd-8f5c-72bc827f2ef5:20160407213828.317:195</Value>
          <Value>createTimeStamp:195:1:55a73700-c891-46fd-8f5c-72bc827f2ef5:20160407213828.317:195</Value>
          <Value>entryDN:195:1:55a73700-c891-46fd-8f5c-72bc827f2ef5:20160407213828.317:195</Value>
          <Value>isSingleValued:195:1:55a73700-c891-46fd-8f5c-72bc827f2ef5:20160407213828.317:195</Value>
          <Value>lDAPDisplayName:195:1:55a73700-c891-46fd-8f5c-72bc827f2ef5:20160407213828.317:195</Value>
          <Value>modifyTimeStamp:195:1:55a73700-c891-46fd-8f5c-72bc827f2ef5:20160407213828.317:195</Value>
          <Value>objectClass:195:1:55a73700-c891-46fd-8f5c-72bc827f2ef5:20160407213828.317:195</Value>
          <Value>objectGUID:195:1:55a73700-c891-46fd-8f5c-72bc827f2ef5:20160407213828.317:195</Value>
          <Value>oMSyntax:195:1:55a73700-c891-46fd-8f5c-72bc827f2ef5:20160407213828.317:195</Value>
          <Value>schemaIDGUID:195:1:55a73700-c891-46fd-8f5c-72bc827f2ef5:20160407213828.317:195</Value>
          <Value>uSNChanged:195:1:55a73700-c891-46fd-8f5c-72bc827f2ef5:20160407213828.317:195</Value>
          <Value>uSNCreated:195:1:55a73700-c891-46fd-8f5c-72bc827f2ef5:20160407213828.317:195</Value>
          <Value>vmwAttributeUsage:195:1:55a73700-c891-46fd-8f5c-72bc827f2ef5:20160407213828.317:195</Value>
        </AttributeMetadata>
      </AttributeSchemaEntry>
      <AttributeSchemaEntry>
        <Name>comment</Name>
        <AttributeMetadata>
          <Value>attributeID:637:1:55a73700-c891-46fd-8f5c-72bc827f2ef5:20160407213829.010:637</Value>
          <Value>attributeSyntax:637:1:55a73700-c891-46fd-8f5c-72bc827f2ef5:20160407213829.010:637</Value>
          <Value>cn:637:1:55a73700-c891-46fd-8f5c-72bc827f2ef5:20160407213829.010:637</Value>
          <Value>createTimeStamp:637:1:55a73700-c891-46fd-8f5c-72bc827f2ef5:20160407213829.010:637</Value>
          <Value>entryDN:637:1:55a73700-c891-46fd-8f5c-72bc827f2ef5:20160407213829.010:637</Value>
          <Value>isSingleValued:637:1:55a73700-c891-46fd-8f5c-72bc827f2ef5:20160407213829.010:637</Value>
          <Value>lDAPDisplayName:637:1:55a73700-c891-46fd-8f5c-72bc827f2ef5:20160407213829.010:637</Value>
          <Value>modifyTimeStamp:637:1:55a73700-c891-46fd-8f5c-72bc827f2ef5:20160407213829.010:637</Value>
          <Value>objectClass:637:1:55a73700-c891-46fd-8f5c-72bc827f2ef5:20160407213829.010:637</Value>
          <Value>objectGUID:637:1:55a73700-c891-46fd-8f5c-72bc827f2ef5:20160407213829.010:637</Value>
          <Value>oMSyntax:637:1:55a73700-c891-46fd-8f5c-72bc827f2ef5:20160407213829.010:637</Value>
          <Value>schemaIDGUID:637:1:55a73700-c891-46fd-8f5c-72bc827f2ef5:20160407213829.010:637</Value>
          <Value>uSNChanged:637:1:55a73700-c891-46fd-8f5c-72bc827f2ef5:20160407213829.010:637</Value>
          <Value>uSNCreated:637:1:55a73700-c891-46fd-8f5c-72bc827f2ef5:20160407213829.010:637</Value>
          <Value>vmwAttributeUsage:637:1:55a73700-c891-46fd-8f5c-72bc827f2ef5:20160407213829.010:637</Value>
        </AttributeMetadata>
      </AttributeSchemaEntry>
      <AttributeSchemaEntry>
        <Name>cOMOtherProgId</Name>
        <AttributeMetadata>
          <Value>attributeID:468:1:55a73700-c891-46fd-8f5c-72bc827f2ef5:20160407213828.731:468</Value>
          <Value>attributeSyntax:468:1:55a73700-c891-46fd-8f5c-72bc827f2ef5:20160407213828.731:468</Value>
          <Value>cn:468:1:55a73700-c891-46fd-8f5c-72bc827f2ef5:20160407213828.731:468</Value>
          <Value>createTimeStamp:468:1:55a73700-c891-46fd-8f5c-72bc827f2ef5:20160407213828.731:468</Value>
          <Value>entryDN:468:1:55a73700-c891-46fd-8f5c-72bc827f2ef5:20160407213828.731:468</Value>
          <Value>isSingleValued:468:1:55a73700-c891-46fd-8f5c-72bc827f2ef5:20160407213828.731:468</Value>
          <Value>lDAPDisplayName:468:1:55a73700-c891-46fd-8f5c-72bc827f2ef5:20160407213828.731:468</Value>
          <Value>modifyTimeStamp:468:1:55a73700-c891-46fd-8f5c-72bc827f2ef5:20160407213828.731:468</Value>
          <Value>objectClass:468:1:55a73700-c891-46fd-8f5c-72bc827f2ef5:20160407213828.731:468</Value>
          <Value>objectGUID:468:1:55a73700-c891-46fd-8f5c-72bc827f2ef5:20160407213828.731:468</Value>
          <Value>oMSyntax:468:1:55a73700-c891-46fd-8f5c-72bc827f2ef5:20160407213828.731:468</Value>
          <Value>schemaIDGUID:468:1:55a73700-c891-46fd-8f5c-72bc827f2ef5:20160407213828.731:468</Value>
          <Value>uSNChanged:468:1:55a73700-c891-46fd-8f5c-72bc827f2ef5:20160407213828.731:468</Value>
          <Value>uSNCreated:468:1:55a73700-c891-46fd-8f5c-72bc827f2ef5:20160407213828.731:468</Value>
          <Value>vmwAttributeUsage:468:1:55a73700-c891-46fd-8f5c-72bc827f2ef5:20160407213828.731:468</Value>
        </AttributeMetadata>
      </AttributeSchemaEntry>
      <AttributeSchemaEntry>
        <Name>company</Name>
        <AttributeMetadata>
          <Value>attributeID:1148:1:55a73700-c891-46fd-8f5c-72bc827f2ef5:20160407213829.908:1148</Value>
          <Value>attributeSyntax:1148:1:55a73700-c891-46fd-8f5c-72bc827f2ef5:20160407213829.908:1148</Value>
          <Value>cn:1148:1:55a73700-c891-46fd-8f5c-72bc827f2ef5:20160407213829.908:1148</Value>
          <Value>createTimeStamp:1148:1:55a73700-c891-46fd-8f5c-72bc827f2ef5:20160407213829.908:1148</Value>
          <Value>entryDN:1148:1:55a73700-c891-46fd-8f5c-72bc827f2ef5:20160407213829.908:1148</Value>
          <Value>isSingleValued:1148:1:55a73700-c891-46fd-8f5c-72bc827f2ef5:20160407213829.908:1148</Value>
          <Value>lDAPDisplayName:1148:1:55a73700-c891-46fd-8f5c-72bc827f2ef5:20160407213829.908:1148</Value>
          <Value>modifyTimeStamp:1148:1:55a73700-c891-46fd-8f5c-72bc827f2ef5:20160407213829.908:1148</Value>
          <Value>objectClass:1148:1:55a73700-c891-46fd-8f5c-72bc827f2ef5:20160407213829.908:1148</Value>
          <Value>objectGUID:1148:1:55a73700-c891-46fd-8f5c-72bc827f2ef5:20160407213829.908:1148</Value>
          <Value>oMSyntax:1148:1:55a73700-c891-46fd-8f5c-72bc827f2ef5:20160407213829.908:1148</Value>
          <Value>schemaIDGUID:1148:1:55a73700-c891-46fd-8f5c-72bc827f2ef5:20160407213829.908:1148</Value>
          <Value>uSNChanged:1148:1:55a73700-c891-46fd-8f5c-72bc827f2ef5:20160407213829.908:1148</Value>
          <Value>uSNCreated:1148:1:55a73700-c891-46fd-8f5c-72bc827f2ef5:20160407213829.908:1148</Value>
          <Value>vmwAttributeUsage:1148:1:55a73700-c891-46fd-8f5c-72bc827f2ef5:20160407213829.908:1148</Value>
        </AttributeMetadata>
      </AttributeSchemaEntry>
      <AttributeSchemaEntry>
        <Name>cOMProgID</Name>
        <AttributeMetadata>
          <Value>attributeID:616:1:55a73700-c891-46fd-8f5c-72bc827f2ef5:20160407213828.974:616</Value>
          <Value>attributeSyntax:616:1:55a73700-c891-46fd-8f5c-72bc827f2ef5:20160407213828.974:616</Value>
          <Value>cn:616:1:55a73700-c891-46fd-8f5c-72bc827f2ef5:20160407213828.974:616</Value>
          <Value>createTimeStamp:616:1:55a73700-c891-46fd-8f5c-72bc827f2ef5:20160407213828.974:616</Value>
          <Value>entryDN:616:1:55a73700-c891-46fd-8f5c-72bc827f2ef5:20160407213828.974:616</Value>
          <Value>isSingleValued:616:1:55a73700-c891-46fd-8f5c-72bc827f2ef5:20160407213828.974:616</Value>
          <Value>lDAPDisplayName:616:1:55a73700-c891-46fd-8f5c-72bc827f2ef5:20160407213828.974:616</Value>
          <Value>modifyTimeStamp:616:1:55a73700-c891-46fd-8f5c-72bc827f2ef5:20160407213828.974:616</Value>
          <Value>objectClass:616:1:55a73700-c891-46fd-8f5c-72bc827f2ef5:20160407213828.974:616</Value>
          <Value>objectGUID:616:1:55a73700-c891-46fd-8f5c-72bc827f2ef5:20160407213828.974:616</Value>
          <Value>oMSyntax:616:1:55a73700-c891-46fd-8f5c-72bc827f2ef5:20160407213828.974:616</Value>
          <Value>schemaIDGUID:616:1:55a73700-c891-46fd-8f5c-72bc827f2ef5:20160407213828.974:616</Value>
          <Value>uSNChanged:616:1:55a73700-c891-46fd-8f5c-72bc827f2ef5:20160407213828.974:616</Value>
          <Value>uSNCreated:616:1:55a73700-c891-46fd-8f5c-72bc827f2ef5:20160407213828.974:616</Value>
          <Value>vmwAttributeUsage:616:1:55a73700-c891-46fd-8f5c-72bc827f2ef5:20160407213828.974:616</Value>
        </AttributeMetadata>
      </AttributeSchemaEntry>
      <AttributeSchemaEntry>
        <Name>cOMTreatAsClassId</Name>
        <AttributeMetadata>
          <Value>attributeID:957:1:55a73700-c891-46fd-8f5c-72bc827f2ef5:20160407213829.560:957</Value>
          <Value>attributeSyntax:957:1:55a73700-c891-46fd-8f5c-72bc827f2ef5:20160407213829.560:957</Value>
          <Value>cn:957:1:55a73700-c891-46fd-8f5c-72bc827f2ef5:20160407213829.560:957</Value>
          <Value>createTimeStamp:957:1:55a73700-c891-46fd-8f5c-72bc827f2ef5:20160407213829.560:957</Value>
          <Value>entryDN:957:1:55a73700-c891-46fd-8f5c-72bc827f2ef5:20160407213829.560:957</Value>
          <Value>isSingleValued:957:1:55a73700-c891-46fd-8f5c-72bc827f2ef5:20160407213829.560:957</Value>
          <Value>lDAPDisplayName:957:1:55a73700-c891-46fd-8f5c-72bc827f2ef5:20160407213829.560:957</Value>
          <Value>modifyTimeStamp:957:1:55a73700-c891-46fd-8f5c-72bc827f2ef5:20160407213829.560:957</Value>
          <Value>objectClass:957:1:55a73700-c891-46fd-8f5c-72bc827f2ef5:20160407213829.560:957</Value>
          <Value>objectGUID:957:1:55a73700-c891-46fd-8f5c-72bc827f2ef5:20160407213829.560:957</Value>
          <Value>oMSyntax:957:1:55a73700-c891-46fd-8f5c-72bc827f2ef5:20160407213829.560:957</Value>
          <Value>schemaIDGUID:957:1:55a73700-c891-46fd-8f5c-72bc827f2ef5:20160407213829.560:957</Value>
          <Value>uSNChanged:957:1:55a73700-c891-46fd-8f5c-72bc827f2ef5:20160407213829.560:957</Value>
          <Value>uSNCreated:957:1:55a73700-c891-46fd-8f5c-72bc827f2ef5:20160407213829.560:957</Value>
          <Value>vmwAttributeUsage:957:1:55a73700-c891-46fd-8f5c-72bc827f2ef5:20160407213829.560:957</Value>
        </AttributeMetadata>
      </AttributeSchemaEntry>
      <AttributeSchemaEntry>
        <Name>cOMTypelibId</Name>
        <AttributeMetadata>
          <Value>attributeID:494:1:55a73700-c891-46fd-8f5c-72bc827f2ef5:20160407213828.769:494</Value>
          <Value>attributeSyntax:494:1:55a73700-c891-46fd-8f5c-72bc827f2ef5:20160407213828.769:494</Value>
          <Value>cn:494:1:55a73700-c891-46fd-8f5c-72bc827f2ef5:20160407213828.769:494</Value>
          <Value>createTimeStamp:494:1:55a73700-c891-46fd-8f5c-72bc827f2ef5:20160407213828.769:494</Value>
          <Value>entryDN:494:1:55a73700-c891-46fd-8f5c-72bc827f2ef5:20160407213828.769:494</Value>
          <Value>isSingleValued:494:1:55a73700-c891-46fd-8f5c-72bc827f2ef5:20160407213828.769:494</Value>
          <Value>lDAPDisplayName:494:1:55a73700-c891-46fd-8f5c-72bc827f2ef5:20160407213828.769:494</Value>
          <Value>modifyTimeStamp:494:1:55a73700-c891-46fd-8f5c-72bc827f2ef5:20160407213828.769:494</Value>
          <Value>objectClass:494:1:55a73700-c891-46fd-8f5c-72bc827f2ef5:20160407213828.769:494</Value>
          <Value>objectGUID:494:1:55a73700-c891-46fd-8f5c-72bc827f2ef5:20160407213828.769:494</Value>
          <Value>oMSyntax:494:1:55a73700-c891-46fd-8f5c-72bc827f2ef5:20160407213828.769:494</Value>
          <Value>schemaIDGUID:494:1:55a73700-c891-46fd-8f5c-72bc827f2ef5:20160407213828.769:494</Value>
          <Value>uSNChanged:494:1:55a73700-c891-46fd-8f5c-72bc827f2ef5:20160407213828.769:494</Value>
          <Value>uSNCreated:494:1:55a73700-c891-46fd-8f5c-72bc827f2ef5:20160407213828.769:494</Value>
          <Value>vmwAttributeUsage:494:1:55a73700-c891-46fd-8f5c-72bc827f2ef5:20160407213828.769:494</Value>
        </AttributeMetadata>
      </AttributeSchemaEntry>
      <AttributeSchemaEntry>
        <Name>cOMUniqueLIBID</Name>
        <AttributeMetadata>
          <Value>attributeID:1179:1:55a73700-c891-46fd-8f5c-72bc827f2ef5:20160407213829.954:1179</Value>
          <Value>attributeSyntax:1179:1:55a73700-c891-46fd-8f5c-72bc827f2ef5:20160407213829.954:1179</Value>
          <Value>cn:1179:1:55a73700-c891-46fd-8f5c-72bc827f2ef5:20160407213829.954:1179</Value>
          <Value>createTimeStamp:1179:1:55a73700-c891-46fd-8f5c-72bc827f2ef5:20160407213829.954:1179</Value>
          <Value>entryDN:1179:1:55a73700-c891-46fd-8f5c-72bc827f2ef5:20160407213829.954:1179</Value>
          <Value>isSingleValued:1179:1:55a73700-c891-46fd-8f5c-72bc827f2ef5:20160407213829.954:1179</Value>
          <Value>lDAPDisplayName:1179:1:55a73700-c891-46fd-8f5c-72bc827f2ef5:20160407213829.954:1179</Value>
          <Value>modifyTimeStamp:1179:1:55a73700-c891-46fd-8f5c-72bc827f2ef5:20160407213829.954:1179</Value>
          <Value>objectClass:1179:1:55a73700-c891-46fd-8f5c-72bc827f2ef5:20160407213829.954:1179</Value>
          <Value>objectGUID:1179:1:55a73700-c891-46fd-8f5c-72bc827f2ef5:20160407213829.954:1179</Value>
          <Value>oMSyntax:1179:1:55a73700-c891-46fd-8f5c-72bc827f2ef5:20160407213829.954:1179</Value>
          <Value>schemaIDGUID:1179:1:55a73700-c891-46fd-8f5c-72bc827f2ef5:20160407213829.954:1179</Value>
          <Value>uSNChanged:1179:1:55a73700-c891-46fd-8f5c-72bc827f2ef5:20160407213829.954:1179</Value>
          <Value>uSNCreated:1179:1:55a73700-c891-46fd-8f5c-72bc827f2ef5:20160407213829.954:1179</Value>
          <Value>vmwAttributeUsage:1179:1:55a73700-c891-46fd-8f5c-72bc827f2ef5:20160407213829.954:1179</Value>
        </AttributeMetadata>
      </AttributeSchemaEntry>
      <AttributeSchemaEntry>
        <Name>configurationNamingContext</Name>
        <AttributeMetadata>
          <Value>attributeID:585:1:55a73700-c891-46fd-8f5c-72bc827f2ef5:20160407213828.919:585</Value>
          <Value>attributeSyntax:585:1:55a73700-c891-46fd-8f5c-72bc827f2ef5:20160407213828.919:585</Value>
          <Value>cn:585:1:55a73700-c891-46fd-8f5c-72bc827f2ef5:20160407213828.919:585</Value>
          <Value>createTimeStamp:585:1:55a73700-c891-46fd-8f5c-72bc827f2ef5:20160407213828.919:585</Value>
          <Value>description:585:1:55a73700-c891-46fd-8f5c-72bc827f2ef5:20160407213828.919:585</Value>
          <Value>entryDN:585:1:55a73700-c891-46fd-8f5c-72bc827f2ef5:20160407213828.919:585</Value>
          <Value>isSingleValued:585:1:55a73700-c891-46fd-8f5c-72bc827f2ef5:20160407213828.919:585</Value>
          <Value>lDAPDisplayName:585:1:55a73700-c891-46fd-8f5c-72bc827f2ef5:20160407213828.919:585</Value>
          <Value>modifyTimeStamp:585:1:55a73700-c891-46fd-8f5c-72bc827f2ef5:20160407213828.919:585</Value>
          <Value>objectClass:585:1:55a73700-c891-46fd-8f5c-72bc827f2ef5:20160407213828.919:585</Value>
          <Value>objectGUID:585:1:55a73700-c891-46fd-8f5c-72bc827f2ef5:20160407213828.919:585</Value>
          <Value>oMSyntax:585:1:55a73700-c891-46fd-8f5c-72bc827f2ef5:20160407213828.919:585</Value>
          <Value>schemaIDGUID:585:1:55a73700-c891-46fd-8f5c-72bc827f2ef5:20160407213828.919:585</Value>
          <Value>uSNChanged:585:1:55a73700-c891-46fd-8f5c-72bc827f2ef5:20160407213828.919:585</Value>
          <Value>uSNCreated:585:1:55a73700-c891-46fd-8f5c-72bc827f2ef5:20160407213828.919:585</Value>
          <Value>vmwAttributeUsage:585:1:55a73700-c891-46fd-8f5c-72bc827f2ef5:20160407213828.919:585</Value>
        </AttributeMetadata>
      </AttributeSchemaEntry>
      <AttributeSchemaEntry>
        <Name>contentIndexingAllowed</Name>
        <AttributeMetadata>
          <Value>attributeID:438:1:55a73700-c891-46fd-8f5c-72bc827f2ef5:20160407213828.680:438</Value>
          <Value>attributeSyntax:438:1:55a73700-c891-46fd-8f5c-72bc827f2ef5:20160407213828.680:438</Value>
          <Value>cn:438:1:55a73700-c891-46fd-8f5c-72bc827f2ef5:20160407213828.680:438</Value>
          <Value>createTimeStamp:438:1:55a73700-c891-46fd-8f5c-72bc827f2ef5:20160407213828.680:438</Value>
          <Value>entryDN:438:1:55a73700-c891-46fd-8f5c-72bc827f2ef5:20160407213828.680:438</Value>
          <Value>isSingleValued:438:1:55a73700-c891-46fd-8f5c-72bc827f2ef5:20160407213828.680:438</Value>
          <Value>lDAPDisplayName:438:1:55a73700-c891-46fd-8f5c-72bc827f2ef5:20160407213828.680:438</Value>
          <Value>modifyTimeStamp:438:1:55a73700-c891-46fd-8f5c-72bc827f2ef5:20160407213828.680:438</Value>
          <Value>objectClass:438:1:55a73700-c891-46fd-8f5c-72bc827f2ef5:20160407213828.680:438</Value>
          <Value>objectGUID:438:1:55a73700-c891-46fd-8f5c-72bc827f2ef5:20160407213828.680:438</Value>
          <Value>oMSyntax:438:1:55a73700-c891-46fd-8f5c-72bc827f2ef5:20160407213828.680:438</Value>
          <Value>schemaIDGUID:438:1:55a73700-c891-46fd-8f5c-72bc827f2ef5:20160407213828.680:438</Value>
          <Value>uSNChanged:438:1:55a73700-c891-46fd-8f5c-72bc827f2ef5:20160407213828.680:438</Value>
          <Value>uSNCreated:438:1:55a73700-c891-46fd-8f5c-72bc827f2ef5:20160407213828.680:438</Value>
          <Value>vmwAttributeUsage:438:1:55a73700-c891-46fd-8f5c-72bc827f2ef5:20160407213828.680:438</Value>
        </AttributeMetadata>
      </AttributeSchemaEntry>
      <AttributeSchemaEntry>
        <Name>contextMenu</Name>
        <AttributeMetadata>
          <Value>attributeID:1159:1:55a73700-c891-46fd-8f5c-72bc827f2ef5:20160407213829.920:1159</Value>
          <Value>attributeSyntax:1159:1:55a73700-c891-46fd-8f5c-72bc827f2ef5:20160407213829.920:1159</Value>
          <Value>cn:1159:1:55a73700-c891-46fd-8f5c-72bc827f2ef5:20160407213829.920:1159</Value>
          <Value>createTimeStamp:1159:1:55a73700-c891-46fd-8f5c-72bc827f2ef5:20160407213829.920:1159</Value>
          <Value>entryDN:1159:1:55a73700-c891-46fd-8f5c-72bc827f2ef5:20160407213829.920:1159</Value>
          <Value>isSingleValued:1159:1:55a73700-c891-46fd-8f5c-72bc827f2ef5:20160407213829.920:1159</Value>
          <Value>lDAPDisplayName:1159:1:55a73700-c891-46fd-8f5c-72bc827f2ef5:20160407213829.920:1159</Value>
          <Value>modifyTimeStamp:1159:1:55a73700-c891-46fd-8f5c-72bc827f2ef5:20160407213829.920:1159</Value>
          <Value>objectClass:1159:1:55a73700-c891-46fd-8f5c-72bc827f2ef5:20160407213829.920:1159</Value>
          <Value>objectGUID:1159:1:55a73700-c891-46fd-8f5c-72bc827f2ef5:20160407213829.920:1159</Value>
          <Value>oMSyntax:1159:1:55a73700-c891-46fd-8f5c-72bc827f2ef5:20160407213829.920:1159</Value>
          <Value>schemaIDGUID:1159:1:55a73700-c891-46fd-8f5c-72bc827f2ef5:20160407213829.920:1159</Value>
          <Value>uSNChanged:1159:1:55a73700-c891-46fd-8f5c-72bc827f2ef5:20160407213829.920:1159</Value>
          <Value>uSNCreated:1159:1:55a73700-c891-46fd-8f5c-72bc827f2ef5:20160407213829.920:1159</Value>
          <Value>vmwAttributeUsage:1159:1:55a73700-c891-46fd-8f5c-72bc827f2ef5:20160407213829.920:1159</Value>
        </AttributeMetadata>
      </AttributeSchemaEntry>
      <AttributeSchemaEntry>
        <Name>controlAccessRights</Name>
        <AttributeMetadata>
          <Value>attributeID:1654:1:55a73700-c891-46fd-8f5c-72bc827f2ef5:20160407213830.749:1654</Value>
          <Value>attributeSyntax:1654:1:55a73700-c891-46fd-8f5c-72bc827f2ef5:20160407213830.749:1654</Value>
          <Value>cn:1654:1:55a73700-c891-46fd-8f5c-72bc827f2ef5:20160407213830.749:1654</Value>
          <Value>createTimeStamp:1654:1:55a73700-c891-46fd-8f5c-72bc827f2ef5:20160407213830.749:1654</Value>
          <Value>entryDN:1654:1:55a73700-c891-46fd-8f5c-72bc827f2ef5:20160407213830.749:1654</Value>
          <Value>isSingleValued:1654:1:55a73700-c891-46fd-8f5c-72bc827f2ef5:20160407213830.749:1654</Value>
          <Value>lDAPDisplayName:1654:1:55a73700-c891-46fd-8f5c-72bc827f2ef5:20160407213830.749:1654</Value>
          <Value>modifyTimeStamp:1654:1:55a73700-c891-46fd-8f5c-72bc827f2ef5:20160407213830.749:1654</Value>
          <Value>objectClass:1654:1:55a73700-c891-46fd-8f5c-72bc827f2ef5:20160407213830.749:1654</Value>
          <Value>objectGUID:1654:1:55a73700-c891-46fd-8f5c-72bc827f2ef5:20160407213830.749:1654</Value>
          <Value>oMSyntax:1654:1:55a73700-c891-46fd-8f5c-72bc827f2ef5:20160407213830.749:1654</Value>
          <Value>schemaIDGUID:1654:1:55a73700-c891-46fd-8f5c-72bc827f2ef5:20160407213830.749:1654</Value>
          <Value>uSNChanged:1654:1:55a73700-c891-46fd-8f5c-72bc827f2ef5:20160407213830.749:1654</Value>
          <Value>uSNCreated:1654:1:55a73700-c891-46fd-8f5c-72bc827f2ef5:20160407213830.749:1654</Value>
          <Value>vmwAttributeUsage:1654:1:55a73700-c891-46fd-8f5c-72bc827f2ef5:20160407213830.749:1654</Value>
        </AttributeMetadata>
      </AttributeSchemaEntry>
      <AttributeSchemaEntry>
        <Name>cost</Name>
        <AttributeMetadata>
          <Value>attributeID:749:1:55a73700-c891-46fd-8f5c-72bc827f2ef5:20160407213829.205:749</Value>
          <Value>attributeSyntax:749:1:55a73700-c891-46fd-8f5c-72bc827f2ef5:20160407213829.205:749</Value>
          <Value>cn:749:1:55a73700-c891-46fd-8f5c-72bc827f2ef5:20160407213829.205:749</Value>
          <Value>createTimeStamp:749:1:55a73700-c891-46fd-8f5c-72bc827f2ef5:20160407213829.205:749</Value>
          <Value>entryDN:749:1:55a73700-c891-46fd-8f5c-72bc827f2ef5:20160407213829.205:749</Value>
          <Value>isSingleValued:749:1:55a73700-c891-46fd-8f5c-72bc827f2ef5:20160407213829.205:749</Value>
          <Value>lDAPDisplayName:749:1:55a73700-c891-46fd-8f5c-72bc827f2ef5:20160407213829.205:749</Value>
          <Value>modifyTimeStamp:749:1:55a73700-c891-46fd-8f5c-72bc827f2ef5:20160407213829.205:749</Value>
          <Value>objectClass:749:1:55a73700-c891-46fd-8f5c-72bc827f2ef5:20160407213829.205:749</Value>
          <Value>objectGUID:749:1:55a73700-c891-46fd-8f5c-72bc827f2ef5:20160407213829.205:749</Value>
          <Value>oMSyntax:749:1:55a73700-c891-46fd-8f5c-72bc827f2ef5:20160407213829.205:749</Value>
          <Value>schemaIDGUID:749:1:55a73700-c891-46fd-8f5c-72bc827f2ef5:20160407213829.205:749</Value>
          <Value>uSNChanged:749:1:55a73700-c891-46fd-8f5c-72bc827f2ef5:20160407213829.205:749</Value>
          <Value>uSNCreated:749:1:55a73700-c891-46fd-8f5c-72bc827f2ef5:20160407213829.205:749</Value>
          <Value>vmwAttributeUsage:749:1:55a73700-c891-46fd-8f5c-72bc827f2ef5:20160407213829.205:749</Value>
        </AttributeMetadata>
      </AttributeSchemaEntry>
      <AttributeSchemaEntry>
        <Name>countryCode</Name>
        <AttributeMetadata>
          <Value>attributeID:261:1:55a73700-c891-46fd-8f5c-72bc827f2ef5:20160407213828.412:261</Value>
          <Value>attributeSyntax:261:1:55a73700-c891-46fd-8f5c-72bc827f2ef5:20160407213828.412:261</Value>
          <Value>cn:261:1:55a73700-c891-46fd-8f5c-72bc827f2ef5:20160407213828.412:261</Value>
          <Value>createTimeStamp:261:1:55a73700-c891-46fd-8f5c-72bc827f2ef5:20160407213828.412:261</Value>
          <Value>entryDN:261:1:55a73700-c891-46fd-8f5c-72bc827f2ef5:20160407213828.412:261</Value>
          <Value>isSingleValued:261:1:55a73700-c891-46fd-8f5c-72bc827f2ef5:20160407213828.412:261</Value>
          <Value>lDAPDisplayName:261:1:55a73700-c891-46fd-8f5c-72bc827f2ef5:20160407213828.412:261</Value>
          <Value>modifyTimeStamp:261:1:55a73700-c891-46fd-8f5c-72bc827f2ef5:20160407213828.412:261</Value>
          <Value>objectClass:261:1:55a73700-c891-46fd-8f5c-72bc827f2ef5:20160407213828.412:261</Value>
          <Value>objectGUID:261:1:55a73700-c891-46fd-8f5c-72bc827f2ef5:20160407213828.412:261</Value>
          <Value>oMSyntax:261:1:55a73700-c891-46fd-8f5c-72bc827f2ef5:20160407213828.412:261</Value>
          <Value>schemaIDGUID:261:1:55a73700-c891-46fd-8f5c-72bc827f2ef5:20160407213828.412:261</Value>
          <Value>uSNChanged:261:1:55a73700-c891-46fd-8f5c-72bc827f2ef5:20160407213828.412:261</Value>
          <Value>uSNCreated:261:1:55a73700-c891-46fd-8f5c-72bc827f2ef5:20160407213828.412:261</Value>
          <Value>vmwAttributeUsage:261:1:55a73700-c891-46fd-8f5c-72bc827f2ef5:20160407213828.412:261</Value>
        </AttributeMetadata>
      </AttributeSchemaEntry>
      <AttributeSchemaEntry>
        <Name>createDialog</Name>
        <AttributeMetadata>
          <Value>attributeID:1330:1:55a73700-c891-46fd-8f5c-72bc827f2ef5:20160407213830.210:1330</Value>
          <Value>attributeSyntax:1330:1:55a73700-c891-46fd-8f5c-72bc827f2ef5:20160407213830.210:1330</Value>
          <Value>cn:1330:1:55a73700-c891-46fd-8f5c-72bc827f2ef5:20160407213830.210:1330</Value>
          <Value>createTimeStamp:1330:1:55a73700-c891-46fd-8f5c-72bc827f2ef5:20160407213830.210:1330</Value>
          <Value>entryDN:1330:1:55a73700-c891-46fd-8f5c-72bc827f2ef5:20160407213830.210:1330</Value>
          <Value>isSingleValued:1330:1:55a73700-c891-46fd-8f5c-72bc827f2ef5:20160407213830.210:1330</Value>
          <Value>lDAPDisplayName:1330:1:55a73700-c891-46fd-8f5c-72bc827f2ef5:20160407213830.210:1330</Value>
          <Value>modifyTimeStamp:1330:1:55a73700-c891-46fd-8f5c-72bc827f2ef5:20160407213830.210:1330</Value>
          <Value>objectClass:1330:1:55a73700-c891-46fd-8f5c-72bc827f2ef5:20160407213830.210:1330</Value>
          <Value>objectGUID:1330:1:55a73700-c891-46fd-8f5c-72bc827f2ef5:20160407213830.210:1330</Value>
          <Value>oMSyntax:1330:1:55a73700-c891-46fd-8f5c-72bc827f2ef5:20160407213830.210:1330</Value>
          <Value>schemaIDGUID:1330:1:55a73700-c891-46fd-8f5c-72bc827f2ef5:20160407213830.210:1330</Value>
          <Value>uSNChanged:1330:1:55a73700-c891-46fd-8f5c-72bc827f2ef5:20160407213830.210:1330</Value>
          <Value>uSNCreated:1330:1:55a73700-c891-46fd-8f5c-72bc827f2ef5:20160407213830.210:1330</Value>
          <Value>vmwAttributeUsage:1330:1:55a73700-c891-46fd-8f5c-72bc827f2ef5:20160407213830.210:1330</Value>
        </AttributeMetadata>
      </AttributeSchemaEntry>
      <AttributeSchemaEntry>
        <Name>createTimeStamp</Name>
        <AttributeMetadata>
          <Value>attributeID:199:1:55a73700-c891-46fd-8f5c-72bc827f2ef5:20160407213828.321:199</Value>
          <Value>attributeSyntax:199:1:55a73700-c891-46fd-8f5c-72bc827f2ef5:20160407213828.321:199</Value>
          <Value>cn:199:1:55a73700-c891-46fd-8f5c-72bc827f2ef5:20160407213828.321:199</Value>
          <Value>createTimeStamp:199:1:55a73700-c891-46fd-8f5c-72bc827f2ef5:20160407213828.321:199</Value>
          <Value>entryDN:199:1:55a73700-c891-46fd-8f5c-72bc827f2ef5:20160407213828.321:199</Value>
          <Value>isSingleValued:199:1:55a73700-c891-46fd-8f5c-72bc827f2ef5:20160407213828.321:199</Value>
          <Value>lDAPDisplayName:199:1:55a73700-c891-46fd-8f5c-72bc827f2ef5:20160407213828.321:199</Value>
          <Value>modifyTimeStamp:199:1:55a73700-c891-46fd-8f5c-72bc827f2ef5:20160407213828.321:199</Value>
          <Value>objectClass:199:1:55a73700-c891-46fd-8f5c-72bc827f2ef5:20160407213828.321:199</Value>
          <Value>objectGUID:199:1:55a73700-c891-46fd-8f5c-72bc827f2ef5:20160407213828.321:199</Value>
          <Value>oMSyntax:199:1:55a73700-c891-46fd-8f5c-72bc827f2ef5:20160407213828.321:199</Value>
          <Value>schemaIDGUID:199:1:55a73700-c891-46fd-8f5c-72bc827f2ef5:20160407213828.321:199</Value>
          <Value>uSNChanged:199:1:55a73700-c891-46fd-8f5c-72bc827f2ef5:20160407213828.321:199</Value>
          <Value>uSNCreated:199:1:55a73700-c891-46fd-8f5c-72bc827f2ef5:20160407213828.321:199</Value>
          <Value>vmwAttributeUsage:199:1:55a73700-c891-46fd-8f5c-72bc827f2ef5:20160407213828.321:199</Value>
        </AttributeMetadata>
      </AttributeSchemaEntry>
      <AttributeSchemaEntry>
        <Name>createWizardExt</Name>
        <AttributeMetadata>
          <Value>attributeID:539:1:55a73700-c891-46fd-8f5c-72bc827f2ef5:20160407213828.846:539</Value>
          <Value>attributeSyntax:539:1:55a73700-c891-46fd-8f5c-72bc827f2ef5:20160407213828.846:539</Value>
          <Value>cn:539:1:55a73700-c891-46fd-8f5c-72bc827f2ef5:20160407213828.846:539</Value>
          <Value>createTimeStamp:539:1:55a73700-c891-46fd-8f5c-72bc827f2ef5:20160407213828.846:539</Value>
          <Value>entryDN:539:1:55a73700-c891-46fd-8f5c-72bc827f2ef5:20160407213828.846:539</Value>
          <Value>isSingleValued:539:1:55a73700-c891-46fd-8f5c-72bc827f2ef5:20160407213828.846:539</Value>
          <Value>lDAPDisplayName:539:1:55a73700-c891-46fd-8f5c-72bc827f2ef5:20160407213828.846:539</Value>
          <Value>modifyTimeStamp:539:1:55a73700-c891-46fd-8f5c-72bc827f2ef5:20160407213828.846:539</Value>
          <Value>objectClass:539:1:55a73700-c891-46fd-8f5c-72bc827f2ef5:20160407213828.846:539</Value>
          <Value>objectGUID:539:1:55a73700-c891-46fd-8f5c-72bc827f2ef5:20160407213828.846:539</Value>
          <Value>oMSyntax:539:1:55a73700-c891-46fd-8f5c-72bc827f2ef5:20160407213828.846:539</Value>
          <Value>schemaIDGUID:539:1:55a73700-c891-46fd-8f5c-72bc827f2ef5:20160407213828.846:539</Value>
          <Value>uSNChanged:539:1:55a73700-c891-46fd-8f5c-72bc827f2ef5:20160407213828.846:539</Value>
          <Value>uSNCreated:539:1:55a73700-c891-46fd-8f5c-72bc827f2ef5:20160407213828.846:539</Value>
          <Value>vmwAttributeUsage:539:1:55a73700-c891-46fd-8f5c-72bc827f2ef5:20160407213828.846:539</Value>
        </AttributeMetadata>
      </AttributeSchemaEntry>
      <AttributeSchemaEntry>
        <Name>creationTime</Name>
        <AttributeMetadata>
          <Value>attributeID:1307:1:55a73700-c891-46fd-8f5c-72bc827f2ef5:20160407213830.176:1307</Value>
          <Value>attributeSyntax:1307:1:55a73700-c891-46fd-8f5c-72bc827f2ef5:20160407213830.176:1307</Value>
          <Value>cn:1307:1:55a73700-c891-46fd-8f5c-72bc827f2ef5:20160407213830.176:1307</Value>
          <Value>createTimeStamp:1307:1:55a73700-c891-46fd-8f5c-72bc827f2ef5:20160407213830.176:1307</Value>
          <Value>entryDN:1307:1:55a73700-c891-46fd-8f5c-72bc827f2ef5:20160407213830.176:1307</Value>
          <Value>isSingleValued:1307:1:55a73700-c891-46fd-8f5c-72bc827f2ef5:20160407213830.176:1307</Value>
          <Value>lDAPDisplayName:1307:1:55a73700-c891-46fd-8f5c-72bc827f2ef5:20160407213830.176:1307</Value>
          <Value>modifyTimeStamp:1307:1:55a73700-c891-46fd-8f5c-72bc827f2ef5:20160407213830.176:1307</Value>
          <Value>objectClass:1307:1:55a73700-c891-46fd-8f5c-72bc827f2ef5:20160407213830.176:1307</Value>
          <Value>objectGUID:1307:1:55a73700-c891-46fd-8f5c-72bc827f2ef5:20160407213830.176:1307</Value>
          <Value>oMSyntax:1307:1:55a73700-c891-46fd-8f5c-72bc827f2ef5:20160407213830.176:1307</Value>
          <Value>schemaIDGUID:1307:1:55a73700-c891-46fd-8f5c-72bc827f2ef5:20160407213830.176:1307</Value>
          <Value>uSNChanged:1307:1:55a73700-c891-46fd-8f5c-72bc827f2ef5:20160407213830.176:1307</Value>
          <Value>uSNCreated:1307:1:55a73700-c891-46fd-8f5c-72bc827f2ef5:20160407213830.176:1307</Value>
          <Value>vmwAttributeUsage:1307:1:55a73700-c891-46fd-8f5c-72bc827f2ef5:20160407213830.176:1307</Value>
        </AttributeMetadata>
      </AttributeSchemaEntry>
      <AttributeSchemaEntry>
        <Name>creationWizard</Name>
        <AttributeMetadata>
          <Value>attributeID:1487:1:55a73700-c891-46fd-8f5c-72bc827f2ef5:20160407213830.472:1487</Value>
          <Value>attributeSyntax:1487:1:55a73700-c891-46fd-8f5c-72bc827f2ef5:20160407213830.472:1487</Value>
          <Value>cn:1487:1:55a73700-c891-46fd-8f5c-72bc827f2ef5:20160407213830.472:1487</Value>
          <Value>createTimeStamp:1487:1:55a73700-c891-46fd-8f5c-72bc827f2ef5:20160407213830.472:1487</Value>
          <Value>entryDN:1487:1:55a73700-c891-46fd-8f5c-72bc827f2ef5:20160407213830.472:1487</Value>
          <Value>isSingleValued:1487:1:55a73700-c891-46fd-8f5c-72bc827f2ef5:20160407213830.472:1487</Value>
          <Value>lDAPDisplayName:1487:1:55a73700-c891-46fd-8f5c-72bc827f2ef5:20160407213830.472:1487</Value>
          <Value>modifyTimeStamp:1487:1:55a73700-c891-46fd-8f5c-72bc827f2ef5:20160407213830.472:1487</Value>
          <Value>objectClass:1487:1:55a73700-c891-46fd-8f5c-72bc827f2ef5:20160407213830.472:1487</Value>
          <Value>objectGUID:1487:1:55a73700-c891-46fd-8f5c-72bc827f2ef5:20160407213830.472:1487</Value>
          <Value>oMSyntax:1487:1:55a73700-c891-46fd-8f5c-72bc827f2ef5:20160407213830.472:1487</Value>
          <Value>schemaIDGUID:1487:1:55a73700-c891-46fd-8f5c-72bc827f2ef5:20160407213830.472:1487</Value>
          <Value>uSNChanged:1487:1:55a73700-c891-46fd-8f5c-72bc827f2ef5:20160407213830.472:1487</Value>
          <Value>uSNCreated:1487:1:55a73700-c891-46fd-8f5c-72bc827f2ef5:20160407213830.472:1487</Value>
          <Value>vmwAttributeUsage:1487:1:55a73700-c891-46fd-8f5c-72bc827f2ef5:20160407213830.472:1487</Value>
        </AttributeMetadata>
      </AttributeSchemaEntry>
      <AttributeSchemaEntry>
        <Name>creator</Name>
        <AttributeMetadata>
          <Value>attributeID:1286:1:55a73700-c891-46fd-8f5c-72bc827f2ef5:20160407213830.144:1286</Value>
          <Value>attributeSyntax:1286:1:55a73700-c891-46fd-8f5c-72bc827f2ef5:20160407213830.144:1286</Value>
          <Value>cn:1286:1:55a73700-c891-46fd-8f5c-72bc827f2ef5:20160407213830.144:1286</Value>
          <Value>createTimeStamp:1286:1:55a73700-c891-46fd-8f5c-72bc827f2ef5:20160407213830.144:1286</Value>
          <Value>entryDN:1286:1:55a73700-c891-46fd-8f5c-72bc827f2ef5:20160407213830.144:1286</Value>
          <Value>isSingleValued:1286:1:55a73700-c891-46fd-8f5c-72bc827f2ef5:20160407213830.144:1286</Value>
          <Value>lDAPDisplayName:1286:1:55a73700-c891-46fd-8f5c-72bc827f2ef5:20160407213830.144:1286</Value>
          <Value>modifyTimeStamp:1286:1:55a73700-c891-46fd-8f5c-72bc827f2ef5:20160407213830.144:1286</Value>
          <Value>objectClass:1286:1:55a73700-c891-46fd-8f5c-72bc827f2ef5:20160407213830.144:1286</Value>
          <Value>objectGUID:1286:1:55a73700-c891-46fd-8f5c-72bc827f2ef5:20160407213830.144:1286</Value>
          <Value>oMSyntax:1286:1:55a73700-c891-46fd-8f5c-72bc827f2ef5:20160407213830.144:1286</Value>
          <Value>schemaIDGUID:1286:1:55a73700-c891-46fd-8f5c-72bc827f2ef5:20160407213830.144:1286</Value>
          <Value>uSNChanged:1286:1:55a73700-c891-46fd-8f5c-72bc827f2ef5:20160407213830.144:1286</Value>
          <Value>uSNCreated:1286:1:55a73700-c891-46fd-8f5c-72bc827f2ef5:20160407213830.144:1286</Value>
          <Value>vmwAttributeUsage:1286:1:55a73700-c891-46fd-8f5c-72bc827f2ef5:20160407213830.144:1286</Value>
        </AttributeMetadata>
      </AttributeSchemaEntry>
      <AttributeSchemaEntry>
        <Name>creatorsName</Name>
        <AttributeMetadata>
          <Value>attributeID:250:1:55a73700-c891-46fd-8f5c-72bc827f2ef5:20160407213828.391:250</Value>
          <Value>attributeSyntax:250:1:55a73700-c891-46fd-8f5c-72bc827f2ef5:20160407213828.391:250</Value>
          <Value>cn:250:1:55a73700-c891-46fd-8f5c-72bc827f2ef5:20160407213828.391:250</Value>
          <Value>createTimeStamp:250:1:55a73700-c891-46fd-8f5c-72bc827f2ef5:20160407213828.391:250</Value>
          <Value>description:250:1:55a73700-c891-46fd-8f5c-72bc827f2ef5:20160407213828.391:250</Value>
          <Value>entryDN:250:1:55a73700-c891-46fd-8f5c-72bc827f2ef5:20160407213828.391:250</Value>
          <Value>isSingleValued:250:1:55a73700-c891-46fd-8f5c-72bc827f2ef5:20160407213828.391:250</Value>
          <Value>lDAPDisplayName:250:1:55a73700-c891-46fd-8f5c-72bc827f2ef5:20160407213828.391:250</Value>
          <Value>modifyTimeStamp:250:1:55a73700-c891-46fd-8f5c-72bc827f2ef5:20160407213828.391:250</Value>
          <Value>objectClass:250:1:55a73700-c891-46fd-8f5c-72bc827f2ef5:20160407213828.391:250</Value>
          <Value>objectGUID:250:1:55a73700-c891-46fd-8f5c-72bc827f2ef5:20160407213828.391:250</Value>
          <Value>oMSyntax:250:1:55a73700-c891-46fd-8f5c-72bc827f2ef5:20160407213828.391:250</Value>
          <Value>schemaIDGUID:250:1:55a73700-c891-46fd-8f5c-72bc827f2ef5:20160407213828.391:250</Value>
          <Value>uSNChanged:250:1:55a73700-c891-46fd-8f5c-72bc827f2ef5:20160407213828.391:250</Value>
          <Value>uSNCreated:250:1:55a73700-c891-46fd-8f5c-72bc827f2ef5:20160407213828.391:250</Value>
          <Value>vmwAttributeUsage:250:1:55a73700-c891-46fd-8f5c-72bc827f2ef5:20160407213828.391:250</Value>
        </AttributeMetadata>
      </AttributeSchemaEntry>
      <AttributeSchemaEntry>
        <Name>cRLObject</Name>
        <AttributeMetadata>
          <Value>attributeID:1526:1:55a73700-c891-46fd-8f5c-72bc827f2ef5:20160407213830.536:1526</Value>
          <Value>attributeSyntax:1526:1:55a73700-c891-46fd-8f5c-72bc827f2ef5:20160407213830.536:1526</Value>
          <Value>cn:1526:1:55a73700-c891-46fd-8f5c-72bc827f2ef5:20160407213830.536:1526</Value>
          <Value>createTimeStamp:1526:1:55a73700-c891-46fd-8f5c-72bc827f2ef5:20160407213830.536:1526</Value>
          <Value>entryDN:1526:1:55a73700-c891-46fd-8f5c-72bc827f2ef5:20160407213830.536:1526</Value>
          <Value>isSingleValued:1526:1:55a73700-c891-46fd-8f5c-72bc827f2ef5:20160407213830.536:1526</Value>
          <Value>lDAPDisplayName:1526:1:55a73700-c891-46fd-8f5c-72bc827f2ef5:20160407213830.536:1526</Value>
          <Value>modifyTimeStamp:1526:1:55a73700-c891-46fd-8f5c-72bc827f2ef5:20160407213830.536:1526</Value>
          <Value>objectClass:1526:1:55a73700-c891-46fd-8f5c-72bc827f2ef5:20160407213830.536:1526</Value>
          <Value>objectGUID:1526:1:55a73700-c891-46fd-8f5c-72bc827f2ef5:20160407213830.536:1526</Value>
          <Value>oMSyntax:1526:1:55a73700-c891-46fd-8f5c-72bc827f2ef5:20160407213830.536:1526</Value>
          <Value>schemaIDGUID:1526:1:55a73700-c891-46fd-8f5c-72bc827f2ef5:20160407213830.536:1526</Value>
          <Value>uSNChanged:1526:1:55a73700-c891-46fd-8f5c-72bc827f2ef5:20160407213830.536:1526</Value>
          <Value>uSNCreated:1526:1:55a73700-c891-46fd-8f5c-72bc827f2ef5:20160407213830.536:1526</Value>
          <Value>vmwAttributeUsage:1526:1:55a73700-c891-46fd-8f5c-72bc827f2ef5:20160407213830.536:1526</Value>
        </AttributeMetadata>
      </AttributeSchemaEntry>
      <AttributeSchemaEntry>
        <Name>cRLPartitionedRevocationList</Name>
        <AttributeMetadata>
          <Value>attributeID:1333:1:55a73700-c891-46fd-8f5c-72bc827f2ef5:20160407213830.214:1333</Value>
          <Value>attributeSyntax:1333:1:55a73700-c891-46fd-8f5c-72bc827f2ef5:20160407213830.214:1333</Value>
          <Value>cn:1333:1:55a73700-c891-46fd-8f5c-72bc827f2ef5:20160407213830.214:1333</Value>
          <Value>createTimeStamp:1333:1:55a73700-c891-46fd-8f5c-72bc827f2ef5:20160407213830.214:1333</Value>
          <Value>entryDN:1333:1:55a73700-c891-46fd-8f5c-72bc827f2ef5:20160407213830.214:1333</Value>
          <Value>isSingleValued:1333:1:55a73700-c891-46fd-8f5c-72bc827f2ef5:20160407213830.214:1333</Value>
          <Value>lDAPDisplayName:1333:1:55a73700-c891-46fd-8f5c-72bc827f2ef5:20160407213830.214:1333</Value>
          <Value>modifyTimeStamp:1333:1:55a73700-c891-46fd-8f5c-72bc827f2ef5:20160407213830.214:1333</Value>
          <Value>objectClass:1333:1:55a73700-c891-46fd-8f5c-72bc827f2ef5:20160407213830.214:1333</Value>
          <Value>objectGUID:1333:1:55a73700-c891-46fd-8f5c-72bc827f2ef5:20160407213830.214:1333</Value>
          <Value>oMSyntax:1333:1:55a73700-c891-46fd-8f5c-72bc827f2ef5:20160407213830.214:1333</Value>
          <Value>schemaIDGUID:1333:1:55a73700-c891-46fd-8f5c-72bc827f2ef5:20160407213830.214:1333</Value>
          <Value>uSNChanged:1333:1:55a73700-c891-46fd-8f5c-72bc827f2ef5:20160407213830.214:1333</Value>
          <Value>uSNCreated:1333:1:55a73700-c891-46fd-8f5c-72bc827f2ef5:20160407213830.214:1333</Value>
          <Value>vmwAttributeUsage:1333:1:55a73700-c891-46fd-8f5c-72bc827f2ef5:20160407213830.214:1333</Value>
        </AttributeMetadata>
      </AttributeSchemaEntry>
      <AttributeSchemaEntry>
        <Name>crossCertificatePair</Name>
        <AttributeMetadata>
          <Value>attributeID:816:1:55a73700-c891-46fd-8f5c-72bc827f2ef5:20160407213829.322:816</Value>
          <Value>attributeSyntax:816:1:55a73700-c891-46fd-8f5c-72bc827f2ef5:20160407213829.322:816</Value>
          <Value>cn:816:1:55a73700-c891-46fd-8f5c-72bc827f2ef5:20160407213829.322:816</Value>
          <Value>createTimeStamp:816:1:55a73700-c891-46fd-8f5c-72bc827f2ef5:20160407213829.322:816</Value>
          <Value>entryDN:816:1:55a73700-c891-46fd-8f5c-72bc827f2ef5:20160407213829.322:816</Value>
          <Value>isSingleValued:816:1:55a73700-c891-46fd-8f5c-72bc827f2ef5:20160407213829.322:816</Value>
          <Value>lDAPDisplayName:816:1:55a73700-c891-46fd-8f5c-72bc827f2ef5:20160407213829.322:816</Value>
          <Value>modifyTimeStamp:816:1:55a73700-c891-46fd-8f5c-72bc827f2ef5:20160407213829.322:816</Value>
          <Value>objectClass:816:1:55a73700-c891-46fd-8f5c-72bc827f2ef5:20160407213829.322:816</Value>
          <Value>objectGUID:816:1:55a73700-c891-46fd-8f5c-72bc827f2ef5:20160407213829.322:816</Value>
          <Value>oMSyntax:816:1:55a73700-c891-46fd-8f5c-72bc827f2ef5:20160407213829.322:816</Value>
          <Value>schemaIDGUID:816:1:55a73700-c891-46fd-8f5c-72bc827f2ef5:20160407213829.322:816</Value>
          <Value>uSNChanged:816:1:55a73700-c891-46fd-8f5c-72bc827f2ef5:20160407213829.322:816</Value>
          <Value>uSNCreated:816:1:55a73700-c891-46fd-8f5c-72bc827f2ef5:20160407213829.322:816</Value>
          <Value>vmwAttributeUsage:816:1:55a73700-c891-46fd-8f5c-72bc827f2ef5:20160407213829.322:816</Value>
        </AttributeMetadata>
      </AttributeSchemaEntry>
      <AttributeSchemaEntry>
        <Name>currentLocation</Name>
        <AttributeMetadata>
          <Value>attributeID:1072:1:55a73700-c891-46fd-8f5c-72bc827f2ef5:20160407213829.762:1072</Value>
          <Value>attributeSyntax:1072:1:55a73700-c891-46fd-8f5c-72bc827f2ef5:20160407213829.762:1072</Value>
          <Value>cn:1072:1:55a73700-c891-46fd-8f5c-72bc827f2ef5:20160407213829.762:1072</Value>
          <Value>createTimeStamp:1072:1:55a73700-c891-46fd-8f5c-72bc827f2ef5:20160407213829.762:1072</Value>
          <Value>entryDN:1072:1:55a73700-c891-46fd-8f5c-72bc827f2ef5:20160407213829.762:1072</Value>
          <Value>isSingleValued:1072:1:55a73700-c891-46fd-8f5c-72bc827f2ef5:20160407213829.762:1072</Value>
          <Value>lDAPDisplayName:1072:1:55a73700-c891-46fd-8f5c-72bc827f2ef5:20160407213829.762:1072</Value>
          <Value>modifyTimeStamp:1072:1:55a73700-c891-46fd-8f5c-72bc827f2ef5:20160407213829.762:1072</Value>
          <Value>objectClass:1072:1:55a73700-c891-46fd-8f5c-72bc827f2ef5:20160407213829.762:1072</Value>
          <Value>objectGUID:1072:1:55a73700-c891-46fd-8f5c-72bc827f2ef5:20160407213829.762:1072</Value>
          <Value>oMSyntax:1072:1:55a73700-c891-46fd-8f5c-72bc827f2ef5:20160407213829.762:1072</Value>
          <Value>schemaIDGUID:1072:1:55a73700-c891-46fd-8f5c-72bc827f2ef5:20160407213829.762:1072</Value>
          <Value>uSNChanged:1072:1:55a73700-c891-46fd-8f5c-72bc827f2ef5:20160407213829.762:1072</Value>
          <Value>uSNCreated:1072:1:55a73700-c891-46fd-8f5c-72bc827f2ef5:20160407213829.762:1072</Value>
          <Value>vmwAttributeUsage:1072:1:55a73700-c891-46fd-8f5c-72bc827f2ef5:20160407213829.762:1072</Value>
        </AttributeMetadata>
      </AttributeSchemaEntry>
      <AttributeSchemaEntry>
        <Name>currentParentCA</Name>
        <AttributeMetadata>
          <Value>attributeID:1731:1:55a73700-c891-46fd-8f5c-72bc827f2ef5:20160407213830.887:1731</Value>
          <Value>attributeSyntax:1731:1:55a73700-c891-46fd-8f5c-72bc827f2ef5:20160407213830.887:1731</Value>
          <Value>cn:1731:1:55a73700-c891-46fd-8f5c-72bc827f2ef5:20160407213830.887:1731</Value>
          <Value>createTimeStamp:1731:1:55a73700-c891-46fd-8f5c-72bc827f2ef5:20160407213830.887:1731</Value>
          <Value>entryDN:1731:1:55a73700-c891-46fd-8f5c-72bc827f2ef5:20160407213830.887:1731</Value>
          <Value>isSingleValued:1731:1:55a73700-c891-46fd-8f5c-72bc827f2ef5:20160407213830.887:1731</Value>
          <Value>lDAPDisplayName:1731:1:55a73700-c891-46fd-8f5c-72bc827f2ef5:20160407213830.887:1731</Value>
          <Value>modifyTimeStamp:1731:1:55a73700-c891-46fd-8f5c-72bc827f2ef5:20160407213830.887:1731</Value>
          <Value>objectClass:1731:1:55a73700-c891-46fd-8f5c-72bc827f2ef5:20160407213830.887:1731</Value>
          <Value>objectGUID:1731:1:55a73700-c891-46fd-8f5c-72bc827f2ef5:20160407213830.887:1731</Value>
          <Value>oMSyntax:1731:1:55a73700-c891-46fd-8f5c-72bc827f2ef5:20160407213830.887:1731</Value>
          <Value>schemaIDGUID:1731:1:55a73700-c891-46fd-8f5c-72bc827f2ef5:20160407213830.887:1731</Value>
          <Value>uSNChanged:1731:1:55a73700-c891-46fd-8f5c-72bc827f2ef5:20160407213830.887:1731</Value>
          <Value>uSNCreated:1731:1:55a73700-c891-46fd-8f5c-72bc827f2ef5:20160407213830.887:1731</Value>
          <Value>vmwAttributeUsage:1731:1:55a73700-c891-46fd-8f5c-72bc827f2ef5:20160407213830.887:1731</Value>
        </AttributeMetadata>
      </AttributeSchemaEntry>
      <AttributeSchemaEntry>
        <Name>currentValue</Name>
        <AttributeMetadata>
          <Value>attributeID:711:1:55a73700-c891-46fd-8f5c-72bc827f2ef5:20160407213829.141:711</Value>
          <Value>attributeSyntax:711:1:55a73700-c891-46fd-8f5c-72bc827f2ef5:20160407213829.141:711</Value>
          <Value>cn:711:1:55a73700-c891-46fd-8f5c-72bc827f2ef5:20160407213829.141:711</Value>
          <Value>createTimeStamp:711:1:55a73700-c891-46fd-8f5c-72bc827f2ef5:20160407213829.141:711</Value>
          <Value>entryDN:711:1:55a73700-c891-46fd-8f5c-72bc827f2ef5:20160407213829.141:711</Value>
          <Value>isSingleValued:711:1:55a73700-c891-46fd-8f5c-72bc827f2ef5:20160407213829.141:711</Value>
          <Value>lDAPDisplayName:711:1:55a73700-c891-46fd-8f5c-72bc827f2ef5:20160407213829.141:711</Value>
          <Value>modifyTimeStamp:711:1:55a73700-c891-46fd-8f5c-72bc827f2ef5:20160407213829.141:711</Value>
          <Value>objectClass:711:1:55a73700-c891-46fd-8f5c-72bc827f2ef5:20160407213829.141:711</Value>
          <Value>objectGUID:711:1:55a73700-c891-46fd-8f5c-72bc827f2ef5:20160407213829.141:711</Value>
          <Value>oMSyntax:711:1:55a73700-c891-46fd-8f5c-72bc827f2ef5:20160407213829.141:711</Value>
          <Value>schemaIDGUID:711:1:55a73700-c891-46fd-8f5c-72bc827f2ef5:20160407213829.141:711</Value>
          <Value>uSNChanged:711:1:55a73700-c891-46fd-8f5c-72bc827f2ef5:20160407213829.141:711</Value>
          <Value>uSNCreated:711:1:55a73700-c891-46fd-8f5c-72bc827f2ef5:20160407213829.141:711</Value>
          <Value>vmwAttributeUsage:711:1:55a73700-c891-46fd-8f5c-72bc827f2ef5:20160407213829.141:711</Value>
        </AttributeMetadata>
      </AttributeSchemaEntry>
      <AttributeSchemaEntry>
        <Name>currMachineId</Name>
        <AttributeMetadata>
          <Value>attributeID:698:1:55a73700-c891-46fd-8f5c-72bc827f2ef5:20160407213829.119:698</Value>
          <Value>attributeSyntax:698:1:55a73700-c891-46fd-8f5c-72bc827f2ef5:20160407213829.119:698</Value>
          <Value>cn:698:1:55a73700-c891-46fd-8f5c-72bc827f2ef5:20160407213829.119:698</Value>
          <Value>createTimeStamp:698:1:55a73700-c891-46fd-8f5c-72bc827f2ef5:20160407213829.119:698</Value>
          <Value>entryDN:698:1:55a73700-c891-46fd-8f5c-72bc827f2ef5:20160407213829.119:698</Value>
          <Value>isSingleValued:698:1:55a73700-c891-46fd-8f5c-72bc827f2ef5:20160407213829.119:698</Value>
          <Value>lDAPDisplayName:698:1:55a73700-c891-46fd-8f5c-72bc827f2ef5:20160407213829.119:698</Value>
          <Value>modifyTimeStamp:698:1:55a73700-c891-46fd-8f5c-72bc827f2ef5:20160407213829.119:698</Value>
          <Value>objectClass:698:1:55a73700-c891-46fd-8f5c-72bc827f2ef5:20160407213829.119:698</Value>
          <Value>objectGUID:698:1:55a73700-c891-46fd-8f5c-72bc827f2ef5:20160407213829.119:698</Value>
          <Value>oMSyntax:698:1:55a73700-c891-46fd-8f5c-72bc827f2ef5:20160407213829.119:698</Value>
          <Value>schemaIDGUID:698:1:55a73700-c891-46fd-8f5c-72bc827f2ef5:20160407213829.119:698</Value>
          <Value>uSNChanged:698:1:55a73700-c891-46fd-8f5c-72bc827f2ef5:20160407213829.119:698</Value>
          <Value>uSNCreated:698:1:55a73700-c891-46fd-8f5c-72bc827f2ef5:20160407213829.119:698</Value>
          <Value>vmwAttributeUsage:698:1:55a73700-c891-46fd-8f5c-72bc827f2ef5:20160407213829.119:698</Value>
        </AttributeMetadata>
      </AttributeSchemaEntry>
      <AttributeSchemaEntry>
        <Name>dBCSPwd</Name>
        <AttributeMetadata>
          <Value>attributeID:680:1:55a73700-c891-46fd-8f5c-72bc827f2ef5:20160407213829.089:680</Value>
          <Value>attributeSyntax:680:1:55a73700-c891-46fd-8f5c-72bc827f2ef5:20160407213829.089:680</Value>
          <Value>cn:680:1:55a73700-c891-46fd-8f5c-72bc827f2ef5:20160407213829.089:680</Value>
          <Value>createTimeStamp:680:1:55a73700-c891-46fd-8f5c-72bc827f2ef5:20160407213829.089:680</Value>
          <Value>entryDN:680:1:55a73700-c891-46fd-8f5c-72bc827f2ef5:20160407213829.089:680</Value>
          <Value>isSingleValued:680:1:55a73700-c891-46fd-8f5c-72bc827f2ef5:20160407213829.089:680</Value>
          <Value>lDAPDisplayName:680:1:55a73700-c891-46fd-8f5c-72bc827f2ef5:20160407213829.089:680</Value>
          <Value>modifyTimeStamp:680:1:55a73700-c891-46fd-8f5c-72bc827f2ef5:20160407213829.089:680</Value>
          <Value>objectClass:680:1:55a73700-c891-46fd-8f5c-72bc827f2ef5:20160407213829.089:680</Value>
          <Value>objectGUID:680:1:55a73700-c891-46fd-8f5c-72bc827f2ef5:20160407213829.089:680</Value>
          <Value>oMSyntax:680:1:55a73700-c891-46fd-8f5c-72bc827f2ef5:20160407213829.089:680</Value>
          <Value>schemaIDGUID:680:1:55a73700-c891-46fd-8f5c-72bc827f2ef5:20160407213829.089:680</Value>
          <Value>uSNChanged:680:1:55a73700-c891-46fd-8f5c-72bc827f2ef5:20160407213829.089:680</Value>
          <Value>uSNCreated:680:1:55a73700-c891-46fd-8f5c-72bc827f2ef5:20160407213829.089:680</Value>
          <Value>vmwAttributeUsage:680:1:55a73700-c891-46fd-8f5c-72bc827f2ef5:20160407213829.089:680</Value>
        </AttributeMetadata>
      </AttributeSchemaEntry>
      <AttributeSchemaEntry>
        <Name>dc</Name>
        <AttributeMetadata>
          <Value>attributeID:1750:1:55a73700-c891-46fd-8f5c-72bc827f2ef5:20160407213830.917:1750</Value>
          <Value>attributeSyntax:1750:1:55a73700-c891-46fd-8f5c-72bc827f2ef5:20160407213830.917:1750</Value>
          <Value>cn:1750:1:55a73700-c891-46fd-8f5c-72bc827f2ef5:20160407213830.917:1750</Value>
          <Value>createTimeStamp:1750:1:55a73700-c891-46fd-8f5c-72bc827f2ef5:20160407213830.917:1750</Value>
          <Value>entryDN:1750:1:55a73700-c891-46fd-8f5c-72bc827f2ef5:20160407213830.917:1750</Value>
          <Value>isSingleValued:1750:1:55a73700-c891-46fd-8f5c-72bc827f2ef5:20160407213830.917:1750</Value>
          <Value>lDAPDisplayName:1750:1:55a73700-c891-46fd-8f5c-72bc827f2ef5:20160407213830.917:1750</Value>
          <Value>modifyTimeStamp:1750:1:55a73700-c891-46fd-8f5c-72bc827f2ef5:20160407213830.917:1750</Value>
          <Value>objectClass:1750:1:55a73700-c891-46fd-8f5c-72bc827f2ef5:20160407213830.917:1750</Value>
          <Value>objectGUID:1750:1:55a73700-c891-46fd-8f5c-72bc827f2ef5:20160407213830.917:1750</Value>
          <Value>oMSyntax:1750:1:55a73700-c891-46fd-8f5c-72bc827f2ef5:20160407213830.917:1750</Value>
          <Value>schemaIDGUID:1750:1:55a73700-c891-46fd-8f5c-72bc827f2ef5:20160407213830.917:1750</Value>
          <Value>uSNChanged:1750:1:55a73700-c891-46fd-8f5c-72bc827f2ef5:20160407213830.917:1750</Value>
          <Value>uSNCreated:1750:1:55a73700-c891-46fd-8f5c-72bc827f2ef5:20160407213830.917:1750</Value>
          <Value>vmwAttributeUsage:1750:1:55a73700-c891-46fd-8f5c-72bc827f2ef5:20160407213830.917:1750</Value>
        </AttributeMetadata>
      </AttributeSchemaEntry>
      <AttributeSchemaEntry>
        <Name>defaultClassStore</Name>
        <AttributeMetadata>
          <Value>attributeID:1617:1:55a73700-c891-46fd-8f5c-72bc827f2ef5:20160407213830.685:1617</Value>
          <Value>attributeSyntax:1617:1:55a73700-c891-46fd-8f5c-72bc827f2ef5:20160407213830.685:1617</Value>
          <Value>cn:1617:1:55a73700-c891-46fd-8f5c-72bc827f2ef5:20160407213830.685:1617</Value>
          <Value>createTimeStamp:1617:1:55a73700-c891-46fd-8f5c-72bc827f2ef5:20160407213830.685:1617</Value>
          <Value>entryDN:1617:1:55a73700-c891-46fd-8f5c-72bc827f2ef5:20160407213830.685:1617</Value>
          <Value>isSingleValued:1617:1:55a73700-c891-46fd-8f5c-72bc827f2ef5:20160407213830.685:1617</Value>
          <Value>lDAPDisplayName:1617:1:55a73700-c891-46fd-8f5c-72bc827f2ef5:20160407213830.685:1617</Value>
          <Value>modifyTimeStamp:1617:1:55a73700-c891-46fd-8f5c-72bc827f2ef5:20160407213830.685:1617</Value>
          <Value>objectClass:1617:1:55a73700-c891-46fd-8f5c-72bc827f2ef5:20160407213830.685:1617</Value>
          <Value>objectGUID:1617:1:55a73700-c891-46fd-8f5c-72bc827f2ef5:20160407213830.685:1617</Value>
          <Value>oMSyntax:1617:1:55a73700-c891-46fd-8f5c-72bc827f2ef5:20160407213830.685:1617</Value>
          <Value>schemaIDGUID:1617:1:55a73700-c891-46fd-8f5c-72bc827f2ef5:20160407213830.685:1617</Value>
          <Value>uSNChanged:1617:1:55a73700-c891-46fd-8f5c-72bc827f2ef5:20160407213830.685:1617</Value>
          <Value>uSNCreated:1617:1:55a73700-c891-46fd-8f5c-72bc827f2ef5:20160407213830.685:1617</Value>
          <Value>vmwAttributeUsage:1617:1:55a73700-c891-46fd-8f5c-72bc827f2ef5:20160407213830.685:1617</Value>
        </AttributeMetadata>
      </AttributeSchemaEntry>
      <AttributeSchemaEntry>
        <Name>defaultGroup</Name>
        <AttributeMetadata>
          <Value>attributeID:570:1:55a73700-c891-46fd-8f5c-72bc827f2ef5:20160407213828.894:570</Value>
          <Value>attributeSyntax:570:1:55a73700-c891-46fd-8f5c-72bc827f2ef5:20160407213828.894:570</Value>
          <Value>cn:570:1:55a73700-c891-46fd-8f5c-72bc827f2ef5:20160407213828.894:570</Value>
          <Value>createTimeStamp:570:1:55a73700-c891-46fd-8f5c-72bc827f2ef5:20160407213828.894:570</Value>
          <Value>entryDN:570:1:55a73700-c891-46fd-8f5c-72bc827f2ef5:20160407213828.894:570</Value>
          <Value>isSingleValued:570:1:55a73700-c891-46fd-8f5c-72bc827f2ef5:20160407213828.894:570</Value>
          <Value>lDAPDisplayName:570:1:55a73700-c891-46fd-8f5c-72bc827f2ef5:20160407213828.894:570</Value>
          <Value>modifyTimeStamp:570:1:55a73700-c891-46fd-8f5c-72bc827f2ef5:20160407213828.894:570</Value>
          <Value>objectClass:570:1:55a73700-c891-46fd-8f5c-72bc827f2ef5:20160407213828.894:570</Value>
          <Value>objectGUID:570:1:55a73700-c891-46fd-8f5c-72bc827f2ef5:20160407213828.894:570</Value>
          <Value>oMSyntax:570:1:55a73700-c891-46fd-8f5c-72bc827f2ef5:20160407213828.894:570</Value>
          <Value>schemaIDGUID:570:1:55a73700-c891-46fd-8f5c-72bc827f2ef5:20160407213828.894:570</Value>
          <Value>uSNChanged:570:1:55a73700-c891-46fd-8f5c-72bc827f2ef5:20160407213828.894:570</Value>
          <Value>uSNCreated:570:1:55a73700-c891-46fd-8f5c-72bc827f2ef5:20160407213828.894:570</Value>
          <Value>vmwAttributeUsage:570:1:55a73700-c891-46fd-8f5c-72bc827f2ef5:20160407213828.894:570</Value>
        </AttributeMetadata>
      </AttributeSchemaEntry>
      <AttributeSchemaEntry>
        <Name>defaultHidingValue</Name>
        <AttributeMetadata>
          <Value>attributeID:1649:1:55a73700-c891-46fd-8f5c-72bc827f2ef5:20160407213830.743:1649</Value>
          <Value>attributeSyntax:1649:1:55a73700-c891-46fd-8f5c-72bc827f2ef5:20160407213830.743:1649</Value>
          <Value>cn:1649:1:55a73700-c891-46fd-8f5c-72bc827f2ef5:20160407213830.743:1649</Value>
          <Value>createTimeStamp:1649:1:55a73700-c891-46fd-8f5c-72bc827f2ef5:20160407213830.743:1649</Value>
          <Value>entryDN:1649:1:55a73700-c891-46fd-8f5c-72bc827f2ef5:20160407213830.743:1649</Value>
          <Value>isSingleValued:1649:1:55a73700-c891-46fd-8f5c-72bc827f2ef5:20160407213830.743:1649</Value>
          <Value>lDAPDisplayName:1649:1:55a73700-c891-46fd-8f5c-72bc827f2ef5:20160407213830.743:1649</Value>
          <Value>modifyTimeStamp:1649:1:55a73700-c891-46fd-8f5c-72bc827f2ef5:20160407213830.743:1649</Value>
          <Value>objectClass:1649:1:55a73700-c891-46fd-8f5c-72bc827f2ef5:20160407213830.743:1649</Value>
          <Value>objectGUID:1649:1:55a73700-c891-46fd-8f5c-72bc827f2ef5:20160407213830.743:1649</Value>
          <Value>oMSyntax:1649:1:55a73700-c891-46fd-8f5c-72bc827f2ef5:20160407213830.743:1649</Value>
          <Value>schemaIDGUID:1649:1:55a73700-c891-46fd-8f5c-72bc827f2ef5:20160407213830.743:1649</Value>
          <Value>uSNChanged:1649:1:55a73700-c891-46fd-8f5c-72bc827f2ef5:20160407213830.743:1649</Value>
          <Value>uSNCreated:1649:1:55a73700-c891-46fd-8f5c-72bc827f2ef5:20160407213830.743:1649</Value>
          <Value>vmwAttributeUsage:1649:1:55a73700-c891-46fd-8f5c-72bc827f2ef5:20160407213830.743:1649</Value>
        </AttributeMetadata>
      </AttributeSchemaEntry>
      <AttributeSchemaEntry>
        <Name>defaultLocalPolicyObject</Name>
        <AttributeMetadata>
          <Value>attributeID:145:1:55a73700-c891-46fd-8f5c-72bc827f2ef5:20160407213828.243:145</Value>
          <Value>attributeSyntax:145:1:55a73700-c891-46fd-8f5c-72bc827f2ef5:20160407213828.243:145</Value>
          <Value>cn:145:1:55a73700-c891-46fd-8f5c-72bc827f2ef5:20160407213828.243:145</Value>
          <Value>createTimeStamp:145:1:55a73700-c891-46fd-8f5c-72bc827f2ef5:20160407213828.243:145</Value>
          <Value>entryDN:145:1:55a73700-c891-46fd-8f5c-72bc827f2ef5:20160407213828.243:145</Value>
          <Value>isSingleValued:145:1:55a73700-c891-46fd-8f5c-72bc827f2ef5:20160407213828.243:145</Value>
          <Value>lDAPDisplayName:145:1:55a73700-c891-46fd-8f5c-72bc827f2ef5:20160407213828.243:145</Value>
          <Value>modifyTimeStamp:145:1:55a73700-c891-46fd-8f5c-72bc827f2ef5:20160407213828.243:145</Value>
          <Value>objectClass:145:1:55a73700-c891-46fd-8f5c-72bc827f2ef5:20160407213828.243:145</Value>
          <Value>objectGUID:145:1:55a73700-c891-46fd-8f5c-72bc827f2ef5:20160407213828.243:145</Value>
          <Value>oMSyntax:145:1:55a73700-c891-46fd-8f5c-72bc827f2ef5:20160407213828.243:145</Value>
          <Value>schemaIDGUID:145:1:55a73700-c891-46fd-8f5c-72bc827f2ef5:20160407213828.243:145</Value>
          <Value>uSNChanged:145:1:55a73700-c891-46fd-8f5c-72bc827f2ef5:20160407213828.243:145</Value>
          <Value>uSNCreated:145:1:55a73700-c891-46fd-8f5c-72bc827f2ef5:20160407213828.243:145</Value>
          <Value>vmwAttributeUsage:145:1:55a73700-c891-46fd-8f5c-72bc827f2ef5:20160407213828.243:145</Value>
        </AttributeMetadata>
      </AttributeSchemaEntry>
      <AttributeSchemaEntry>
        <Name>defaultNamingContext</Name>
        <AttributeMetadata>
          <Value>attributeID:496:1:55a73700-c891-46fd-8f5c-72bc827f2ef5:20160407213828.770:496</Value>
          <Value>attributeSyntax:496:1:55a73700-c891-46fd-8f5c-72bc827f2ef5:20160407213828.770:496</Value>
          <Value>cn:496:1:55a73700-c891-46fd-8f5c-72bc827f2ef5:20160407213828.770:496</Value>
          <Value>createTimeStamp:496:1:55a73700-c891-46fd-8f5c-72bc827f2ef5:20160407213828.770:496</Value>
          <Value>description:496:1:55a73700-c891-46fd-8f5c-72bc827f2ef5:20160407213828.770:496</Value>
          <Value>entryDN:496:1:55a73700-c891-46fd-8f5c-72bc827f2ef5:20160407213828.770:496</Value>
          <Value>isSingleValued:496:1:55a73700-c891-46fd-8f5c-72bc827f2ef5:20160407213828.770:496</Value>
          <Value>lDAPDisplayName:496:1:55a73700-c891-46fd-8f5c-72bc827f2ef5:20160407213828.770:496</Value>
          <Value>modifyTimeStamp:496:1:55a73700-c891-46fd-8f5c-72bc827f2ef5:20160407213828.770:496</Value>
          <Value>objectClass:496:1:55a73700-c891-46fd-8f5c-72bc827f2ef5:20160407213828.770:496</Value>
          <Value>objectGUID:496:1:55a73700-c891-46fd-8f5c-72bc827f2ef5:20160407213828.770:496</Value>
          <Value>oMSyntax:496:1:55a73700-c891-46fd-8f5c-72bc827f2ef5:20160407213828.770:496</Value>
          <Value>schemaIDGUID:496:1:55a73700-c891-46fd-8f5c-72bc827f2ef5:20160407213828.770:496</Value>
          <Value>uSNChanged:496:1:55a73700-c891-46fd-8f5c-72bc827f2ef5:20160407213828.770:496</Value>
          <Value>uSNCreated:496:1:55a73700-c891-46fd-8f5c-72bc827f2ef5:20160407213828.770:496</Value>
          <Value>vmwAttributeUsage:496:1:55a73700-c891-46fd-8f5c-72bc827f2ef5:20160407213828.770:496</Value>
        </AttributeMetadata>
      </AttributeSchemaEntry>
      <AttributeSchemaEntry>
        <Name>defaultObjectCategory</Name>
        <AttributeMetadata>
          <Value>attributeID:714:1:55a73700-c891-46fd-8f5c-72bc827f2ef5:20160407213829.146:714</Value>
          <Value>attributeSyntax:714:1:55a73700-c891-46fd-8f5c-72bc827f2ef5:20160407213829.146:714</Value>
          <Value>cn:714:1:55a73700-c891-46fd-8f5c-72bc827f2ef5:20160407213829.146:714</Value>
          <Value>createTimeStamp:714:1:55a73700-c891-46fd-8f5c-72bc827f2ef5:20160407213829.146:714</Value>
          <Value>entryDN:714:1:55a73700-c891-46fd-8f5c-72bc827f2ef5:20160407213829.146:714</Value>
          <Value>isSingleValued:714:1:55a73700-c891-46fd-8f5c-72bc827f2ef5:20160407213829.146:714</Value>
          <Value>lDAPDisplayName:714:1:55a73700-c891-46fd-8f5c-72bc827f2ef5:20160407213829.146:714</Value>
          <Value>modifyTimeStamp:714:1:55a73700-c891-46fd-8f5c-72bc827f2ef5:20160407213829.146:714</Value>
          <Value>objectClass:714:1:55a73700-c891-46fd-8f5c-72bc827f2ef5:20160407213829.146:714</Value>
          <Value>objectGUID:714:1:55a73700-c891-46fd-8f5c-72bc827f2ef5:20160407213829.146:714</Value>
          <Value>oMSyntax:714:1:55a73700-c891-46fd-8f5c-72bc827f2ef5:20160407213829.146:714</Value>
          <Value>schemaIDGUID:714:1:55a73700-c891-46fd-8f5c-72bc827f2ef5:20160407213829.146:714</Value>
          <Value>uSNChanged:714:1:55a73700-c891-46fd-8f5c-72bc827f2ef5:20160407213829.146:714</Value>
          <Value>uSNCreated:714:1:55a73700-c891-46fd-8f5c-72bc827f2ef5:20160407213829.146:714</Value>
          <Value>vmwAttributeUsage:714:1:55a73700-c891-46fd-8f5c-72bc827f2ef5:20160407213829.146:714</Value>
        </AttributeMetadata>
      </AttributeSchemaEntry>
      <AttributeSchemaEntry>
        <Name>defaultPriority</Name>
        <AttributeMetadata>
          <Value>attributeID:745:1:55a73700-c891-46fd-8f5c-72bc827f2ef5:20160407213829.199:745</Value>
          <Value>attributeSyntax:745:1:55a73700-c891-46fd-8f5c-72bc827f2ef5:20160407213829.199:745</Value>
          <Value>cn:745:1:55a73700-c891-46fd-8f5c-72bc827f2ef5:20160407213829.199:745</Value>
          <Value>createTimeStamp:745:1:55a73700-c891-46fd-8f5c-72bc827f2ef5:20160407213829.199:745</Value>
          <Value>entryDN:745:1:55a73700-c891-46fd-8f5c-72bc827f2ef5:20160407213829.199:745</Value>
          <Value>isSingleValued:745:1:55a73700-c891-46fd-8f5c-72bc827f2ef5:20160407213829.199:745</Value>
          <Value>lDAPDisplayName:745:1:55a73700-c891-46fd-8f5c-72bc827f2ef5:20160407213829.199:745</Value>
          <Value>modifyTimeStamp:745:1:55a73700-c891-46fd-8f5c-72bc827f2ef5:20160407213829.199:745</Value>
          <Value>objectClass:745:1:55a73700-c891-46fd-8f5c-72bc827f2ef5:20160407213829.199:745</Value>
          <Value>objectGUID:745:1:55a73700-c891-46fd-8f5c-72bc827f2ef5:20160407213829.199:745</Value>
          <Value>oMSyntax:745:1:55a73700-c891-46fd-8f5c-72bc827f2ef5:20160407213829.199:745</Value>
          <Value>schemaIDGUID:745:1:55a73700-c891-46fd-8f5c-72bc827f2ef5:20160407213829.199:745</Value>
          <Value>uSNChanged:745:1:55a73700-c891-46fd-8f5c-72bc827f2ef5:20160407213829.199:745</Value>
          <Value>uSNCreated:745:1:55a73700-c891-46fd-8f5c-72bc827f2ef5:20160407213829.199:745</Value>
          <Value>vmwAttributeUsage:745:1:55a73700-c891-46fd-8f5c-72bc827f2ef5:20160407213829.199:745</Value>
        </AttributeMetadata>
      </AttributeSchemaEntry>
      <AttributeSchemaEntry>
        <Name>defaultSecurityDescriptor</Name>
        <AttributeMetadata>
          <Value>attributeID:800:1:55a73700-c891-46fd-8f5c-72bc827f2ef5:20160407213829.294:800</Value>
          <Value>attributeSyntax:800:1:55a73700-c891-46fd-8f5c-72bc827f2ef5:20160407213829.294:800</Value>
          <Value>cn:800:1:55a73700-c891-46fd-8f5c-72bc827f2ef5:20160407213829.294:800</Value>
          <Value>createTimeStamp:800:1:55a73700-c891-46fd-8f5c-72bc827f2ef5:20160407213829.294:800</Value>
          <Value>entryDN:800:1:55a73700-c891-46fd-8f5c-72bc827f2ef5:20160407213829.294:800</Value>
          <Value>isSingleValued:800:1:55a73700-c891-46fd-8f5c-72bc827f2ef5:20160407213829.294:800</Value>
          <Value>lDAPDisplayName:800:1:55a73700-c891-46fd-8f5c-72bc827f2ef5:20160407213829.294:800</Value>
          <Value>modifyTimeStamp:800:1:55a73700-c891-46fd-8f5c-72bc827f2ef5:20160407213829.294:800</Value>
          <Value>objectClass:800:1:55a73700-c891-46fd-8f5c-72bc827f2ef5:20160407213829.294:800</Value>
          <Value>objectGUID:800:1:55a73700-c891-46fd-8f5c-72bc827f2ef5:20160407213829.294:800</Value>
          <Value>oMSyntax:800:1:55a73700-c891-46fd-8f5c-72bc827f2ef5:20160407213829.294:800</Value>
          <Value>schemaIDGUID:800:1:55a73700-c891-46fd-8f5c-72bc827f2ef5:20160407213829.294:800</Value>
          <Value>uSNChanged:800:1:55a73700-c891-46fd-8f5c-72bc827f2ef5:20160407213829.294:800</Value>
          <Value>uSNCreated:800:1:55a73700-c891-46fd-8f5c-72bc827f2ef5:20160407213829.294:800</Value>
          <Value>vmwAttributeUsage:800:1:55a73700-c891-46fd-8f5c-72bc827f2ef5:20160407213829.294:800</Value>
        </AttributeMetadata>
      </AttributeSchemaEntry>
      <AttributeSchemaEntry>
        <Name>deletedObjectsContainer</Name>
        <AttributeMetadata>
          <Value>attributeID:1040:1:55a73700-c891-46fd-8f5c-72bc827f2ef5:20160407213829.690:1040</Value>
          <Value>attributeSyntax:1040:1:55a73700-c891-46fd-8f5c-72bc827f2ef5:20160407213829.690:1040</Value>
          <Value>cn:1040:1:55a73700-c891-46fd-8f5c-72bc827f2ef5:20160407213829.690:1040</Value>
          <Value>createTimeStamp:1040:1:55a73700-c891-46fd-8f5c-72bc827f2ef5:20160407213829.690:1040</Value>
          <Value>description:1040:1:55a73700-c891-46fd-8f5c-72bc827f2ef5:20160407213829.690:1040</Value>
          <Value>entryDN:1040:1:55a73700-c891-46fd-8f5c-72bc827f2ef5:20160407213829.690:1040</Value>
          <Value>isSingleValued:1040:1:55a73700-c891-46fd-8f5c-72bc827f2ef5:20160407213829.690:1040</Value>
          <Value>lDAPDisplayName:1040:1:55a73700-c891-46fd-8f5c-72bc827f2ef5:20160407213829.690:1040</Value>
          <Value>modifyTimeStamp:1040:1:55a73700-c891-46fd-8f5c-72bc827f2ef5:20160407213829.690:1040</Value>
          <Value>objectClass:1040:1:55a73700-c891-46fd-8f5c-72bc827f2ef5:20160407213829.690:1040</Value>
          <Value>objectGUID:1040:1:55a73700-c891-46fd-8f5c-72bc827f2ef5:20160407213829.690:1040</Value>
          <Value>oMSyntax:1040:1:55a73700-c891-46fd-8f5c-72bc827f2ef5:20160407213829.690:1040</Value>
          <Value>schemaIDGUID:1040:1:55a73700-c891-46fd-8f5c-72bc827f2ef5:20160407213829.690:1040</Value>
          <Value>uSNChanged:1040:1:55a73700-c891-46fd-8f5c-72bc827f2ef5:20160407213829.690:1040</Value>
          <Value>uSNCreated:1040:1:55a73700-c891-46fd-8f5c-72bc827f2ef5:20160407213829.690:1040</Value>
          <Value>vmwAttributeUsage:1040:1:55a73700-c891-46fd-8f5c-72bc827f2ef5:20160407213829.690:1040</Value>
        </AttributeMetadata>
      </AttributeSchemaEntry>
      <AttributeSchemaEntry>
        <Name>deltaRevocationList</Name>
        <AttributeMetadata>
          <Value>attributeID:853:1:55a73700-c891-46fd-8f5c-72bc827f2ef5:20160407213829.384:853</Value>
          <Value>attributeSyntax:853:1:55a73700-c891-46fd-8f5c-72bc827f2ef5:20160407213829.384:853</Value>
          <Value>cn:853:1:55a73700-c891-46fd-8f5c-72bc827f2ef5:20160407213829.384:853</Value>
          <Value>createTimeStamp:853:1:55a73700-c891-46fd-8f5c-72bc827f2ef5:20160407213829.384:853</Value>
          <Value>entryDN:853:1:55a73700-c891-46fd-8f5c-72bc827f2ef5:20160407213829.384:853</Value>
          <Value>isSingleValued:853:1:55a73700-c891-46fd-8f5c-72bc827f2ef5:20160407213829.384:853</Value>
          <Value>lDAPDisplayName:853:1:55a73700-c891-46fd-8f5c-72bc827f2ef5:20160407213829.384:853</Value>
          <Value>modifyTimeStamp:853:1:55a73700-c891-46fd-8f5c-72bc827f2ef5:20160407213829.384:853</Value>
          <Value>objectClass:853:1:55a73700-c891-46fd-8f5c-72bc827f2ef5:20160407213829.384:853</Value>
          <Value>objectGUID:853:1:55a73700-c891-46fd-8f5c-72bc827f2ef5:20160407213829.384:853</Value>
          <Value>oMSyntax:853:1:55a73700-c891-46fd-8f5c-72bc827f2ef5:20160407213829.384:853</Value>
          <Value>schemaIDGUID:853:1:55a73700-c891-46fd-8f5c-72bc827f2ef5:20160407213829.384:853</Value>
          <Value>uSNChanged:853:1:55a73700-c891-46fd-8f5c-72bc827f2ef5:20160407213829.384:853</Value>
          <Value>uSNCreated:853:1:55a73700-c891-46fd-8f5c-72bc827f2ef5:20160407213829.384:853</Value>
          <Value>vmwAttributeUsage:853:1:55a73700-c891-46fd-8f5c-72bc827f2ef5:20160407213829.384:853</Value>
        </AttributeMetadata>
      </AttributeSchemaEntry>
      <AttributeSchemaEntry>
        <Name>department</Name>
        <AttributeMetadata>
          <Value>attributeID:1719:1:55a73700-c891-46fd-8f5c-72bc827f2ef5:20160407213830.862:1719</Value>
          <Value>attributeSyntax:1719:1:55a73700-c891-46fd-8f5c-72bc827f2ef5:20160407213830.862:1719</Value>
          <Value>cn:1719:1:55a73700-c891-46fd-8f5c-72bc827f2ef5:20160407213830.862:1719</Value>
          <Value>createTimeStamp:1719:1:55a73700-c891-46fd-8f5c-72bc827f2ef5:20160407213830.862:1719</Value>
          <Value>entryDN:1719:1:55a73700-c891-46fd-8f5c-72bc827f2ef5:20160407213830.862:1719</Value>
          <Value>isSingleValued:1719:1:55a73700-c891-46fd-8f5c-72bc827f2ef5:20160407213830.862:1719</Value>
          <Value>lDAPDisplayName:1719:1:55a73700-c891-46fd-8f5c-72bc827f2ef5:20160407213830.862:1719</Value>
          <Value>modifyTimeStamp:1719:1:55a73700-c891-46fd-8f5c-72bc827f2ef5:20160407213830.862:1719</Value>
          <Value>objectClass:1719:1:55a73700-c891-46fd-8f5c-72bc827f2ef5:20160407213830.862:1719</Value>
          <Value>objectGUID:1719:1:55a73700-c891-46fd-8f5c-72bc827f2ef5:20160407213830.862:1719</Value>
          <Value>oMSyntax:1719:1:55a73700-c891-46fd-8f5c-72bc827f2ef5:20160407213830.862:1719</Value>
          <Value>schemaIDGUID:1719:1:55a73700-c891-46fd-8f5c-72bc827f2ef5:20160407213830.862:1719</Value>
          <Value>uSNChanged:1719:1:55a73700-c891-46fd-8f5c-72bc827f2ef5:20160407213830.862:1719</Value>
          <Value>uSNCreated:1719:1:55a73700-c891-46fd-8f5c-72bc827f2ef5:20160407213830.862:1719</Value>
          <Value>vmwAttributeUsage:1719:1:55a73700-c891-46fd-8f5c-72bc827f2ef5:20160407213830.862:1719</Value>
        </AttributeMetadata>
      </AttributeSchemaEntry>
      <AttributeSchemaEntry>
        <Name>departmentNumber</Name>
        <AttributeMetadata>
          <Value>attributeID:1400:1:55a73700-c891-46fd-8f5c-72bc827f2ef5:20160407213830.327:1400</Value>
          <Value>attributeSyntax:1400:1:55a73700-c891-46fd-8f5c-72bc827f2ef5:20160407213830.327:1400</Value>
          <Value>cn:1400:1:55a73700-c891-46fd-8f5c-72bc827f2ef5:20160407213830.327:1400</Value>
          <Value>createTimeStamp:1400:1:55a73700-c891-46fd-8f5c-72bc827f2ef5:20160407213830.327:1400</Value>
          <Value>entryDN:1400:1:55a73700-c891-46fd-8f5c-72bc827f2ef5:20160407213830.327:1400</Value>
          <Value>isSingleValued:1400:1:55a73700-c891-46fd-8f5c-72bc827f2ef5:20160407213830.327:1400</Value>
          <Value>lDAPDisplayName:1400:1:55a73700-c891-46fd-8f5c-72bc827f2ef5:20160407213830.327:1400</Value>
          <Value>modifyTimeStamp:1400:1:55a73700-c891-46fd-8f5c-72bc827f2ef5:20160407213830.327:1400</Value>
          <Value>objectClass:1400:1:55a73700-c891-46fd-8f5c-72bc827f2ef5:20160407213830.327:1400</Value>
          <Value>objectGUID:1400:1:55a73700-c891-46fd-8f5c-72bc827f2ef5:20160407213830.327:1400</Value>
          <Value>oMSyntax:1400:1:55a73700-c891-46fd-8f5c-72bc827f2ef5:20160407213830.327:1400</Value>
          <Value>schemaIDGUID:1400:1:55a73700-c891-46fd-8f5c-72bc827f2ef5:20160407213830.327:1400</Value>
          <Value>uSNChanged:1400:1:55a73700-c891-46fd-8f5c-72bc827f2ef5:20160407213830.327:1400</Value>
          <Value>uSNCreated:1400:1:55a73700-c891-46fd-8f5c-72bc827f2ef5:20160407213830.327:1400</Value>
          <Value>vmwAttributeUsage:1400:1:55a73700-c891-46fd-8f5c-72bc827f2ef5:20160407213830.327:1400</Value>
        </AttributeMetadata>
      </AttributeSchemaEntry>
      <AttributeSchemaEntry>
        <Name>description</Name>
        <AttributeMetadata>
          <Value>attributeID:1545:1:55a73700-c891-46fd-8f5c-72bc827f2ef5:20160407213830.567:1545</Value>
          <Value>attributeSyntax:1545:1:55a73700-c891-46fd-8f5c-72bc827f2ef5:20160407213830.567:1545</Value>
          <Value>cn:1545:1:55a73700-c891-46fd-8f5c-72bc827f2ef5:20160407213830.567:1545</Value>
          <Value>createTimeStamp:1545:1:55a73700-c891-46fd-8f5c-72bc827f2ef5:20160407213830.567:1545</Value>
          <Value>entryDN:1545:1:55a73700-c891-46fd-8f5c-72bc827f2ef5:20160407213830.567:1545</Value>
          <Value>isSingleValued:1545:1:55a73700-c891-46fd-8f5c-72bc827f2ef5:20160407213830.567:1545</Value>
          <Value>lDAPDisplayName:1545:1:55a73700-c891-46fd-8f5c-72bc827f2ef5:20160407213830.567:1545</Value>
          <Value>modifyTimeStamp:1545:1:55a73700-c891-46fd-8f5c-72bc827f2ef5:20160407213830.567:1545</Value>
          <Value>objectClass:1545:1:55a73700-c891-46fd-8f5c-72bc827f2ef5:20160407213830.567:1545</Value>
          <Value>objectGUID:1545:1:55a73700-c891-46fd-8f5c-72bc827f2ef5:20160407213830.567:1545</Value>
          <Value>oMSyntax:1545:1:55a73700-c891-46fd-8f5c-72bc827f2ef5:20160407213830.567:1545</Value>
          <Value>schemaIDGUID:1545:1:55a73700-c891-46fd-8f5c-72bc827f2ef5:20160407213830.567:1545</Value>
          <Value>uSNChanged:1545:1:55a73700-c891-46fd-8f5c-72bc827f2ef5:20160407213830.567:1545</Value>
          <Value>uSNCreated:1545:1:55a73700-c891-46fd-8f5c-72bc827f2ef5:20160407213830.567:1545</Value>
          <Value>vmwAttributeUsage:1545:1:55a73700-c891-46fd-8f5c-72bc827f2ef5:20160407213830.567:1545</Value>
        </AttributeMetadata>
      </AttributeSchemaEntry>
      <AttributeSchemaEntry>
        <Name>desktopProfile</Name>
        <AttributeMetadata>
          <Value>attributeID:293:1:55a73700-c891-46fd-8f5c-72bc827f2ef5:20160407213828.452:293</Value>
          <Value>attributeSyntax:293:1:55a73700-c891-46fd-8f5c-72bc827f2ef5:20160407213828.452:293</Value>
          <Value>cn:293:1:55a73700-c891-46fd-8f5c-72bc827f2ef5:20160407213828.452:293</Value>
          <Value>createTimeStamp:293:1:55a73700-c891-46fd-8f5c-72bc827f2ef5:20160407213828.452:293</Value>
          <Value>entryDN:293:1:55a73700-c891-46fd-8f5c-72bc827f2ef5:20160407213828.452:293</Value>
          <Value>isSingleValued:293:1:55a73700-c891-46fd-8f5c-72bc827f2ef5:20160407213828.452:293</Value>
          <Value>lDAPDisplayName:293:1:55a73700-c891-46fd-8f5c-72bc827f2ef5:20160407213828.452:293</Value>
          <Value>modifyTimeStamp:293:1:55a73700-c891-46fd-8f5c-72bc827f2ef5:20160407213828.452:293</Value>
          <Value>objectClass:293:1:55a73700-c891-46fd-8f5c-72bc827f2ef5:20160407213828.452:293</Value>
          <Value>objectGUID:293:1:55a73700-c891-46fd-8f5c-72bc827f2ef5:20160407213828.452:293</Value>
          <Value>oMSyntax:293:1:55a73700-c891-46fd-8f5c-72bc827f2ef5:20160407213828.452:293</Value>
          <Value>schemaIDGUID:293:1:55a73700-c891-46fd-8f5c-72bc827f2ef5:20160407213828.452:293</Value>
          <Value>uSNChanged:293:1:55a73700-c891-46fd-8f5c-72bc827f2ef5:20160407213828.452:293</Value>
          <Value>uSNCreated:293:1:55a73700-c891-46fd-8f5c-72bc827f2ef5:20160407213828.452:293</Value>
          <Value>vmwAttributeUsage:293:1:55a73700-c891-46fd-8f5c-72bc827f2ef5:20160407213828.452:293</Value>
        </AttributeMetadata>
      </AttributeSchemaEntry>
      <AttributeSchemaEntry>
        <Name>destinationIndicator</Name>
        <AttributeMetadata>
          <Value>attributeID:150:1:55a73700-c891-46fd-8f5c-72bc827f2ef5:20160407213828.247:150</Value>
          <Value>attributeSyntax:150:1:55a73700-c891-46fd-8f5c-72bc827f2ef5:20160407213828.247:150</Value>
          <Value>cn:150:1:55a73700-c891-46fd-8f5c-72bc827f2ef5:20160407213828.247:150</Value>
          <Value>createTimeStamp:150:1:55a73700-c891-46fd-8f5c-72bc827f2ef5:20160407213828.247:150</Value>
          <Value>entryDN:150:1:55a73700-c891-46fd-8f5c-72bc827f2ef5:20160407213828.247:150</Value>
          <Value>isSingleValued:150:1:55a73700-c891-46fd-8f5c-72bc827f2ef5:20160407213828.247:150</Value>
          <Value>lDAPDisplayName:150:1:55a73700-c891-46fd-8f5c-72bc827f2ef5:20160407213828.247:150</Value>
          <Value>modifyTimeStamp:150:1:55a73700-c891-46fd-8f5c-72bc827f2ef5:20160407213828.247:150</Value>
          <Value>objectClass:150:1:55a73700-c891-46fd-8f5c-72bc827f2ef5:20160407213828.247:150</Value>
          <Value>objectGUID:150:1:55a73700-c891-46fd-8f5c-72bc827f2ef5:20160407213828.247:150</Value>
          <Value>oMSyntax:150:1:55a73700-c891-46fd-8f5c-72bc827f2ef5:20160407213828.247:150</Value>
          <Value>schemaIDGUID:150:1:55a73700-c891-46fd-8f5c-72bc827f2ef5:20160407213828.247:150</Value>
          <Value>uSNChanged:150:1:55a73700-c891-46fd-8f5c-72bc827f2ef5:20160407213828.247:150</Value>
          <Value>uSNCreated:150:1:55a73700-c891-46fd-8f5c-72bc827f2ef5:20160407213828.247:150</Value>
          <Value>vmwAttributeUsage:150:1:55a73700-c891-46fd-8f5c-72bc827f2ef5:20160407213828.247:150</Value>
        </AttributeMetadata>
      </AttributeSchemaEntry>
      <AttributeSchemaEntry>
        <Name>dhcpClasses</Name>
        <AttributeMetadata>
          <Value>attributeID:970:1:55a73700-c891-46fd-8f5c-72bc827f2ef5:20160407213829.579:970</Value>
          <Value>attributeSyntax:970:1:55a73700-c891-46fd-8f5c-72bc827f2ef5:20160407213829.579:970</Value>
          <Value>cn:970:1:55a73700-c891-46fd-8f5c-72bc827f2ef5:20160407213829.579:970</Value>
          <Value>createTimeStamp:970:1:55a73700-c891-46fd-8f5c-72bc827f2ef5:20160407213829.579:970</Value>
          <Value>entryDN:970:1:55a73700-c891-46fd-8f5c-72bc827f2ef5:20160407213829.579:970</Value>
          <Value>isSingleValued:970:1:55a73700-c891-46fd-8f5c-72bc827f2ef5:20160407213829.579:970</Value>
          <Value>lDAPDisplayName:970:1:55a73700-c891-46fd-8f5c-72bc827f2ef5:20160407213829.579:970</Value>
          <Value>modifyTimeStamp:970:1:55a73700-c891-46fd-8f5c-72bc827f2ef5:20160407213829.579:970</Value>
          <Value>objectClass:970:1:55a73700-c891-46fd-8f5c-72bc827f2ef5:20160407213829.579:970</Value>
          <Value>objectGUID:970:1:55a73700-c891-46fd-8f5c-72bc827f2ef5:20160407213829.579:970</Value>
          <Value>oMSyntax:970:1:55a73700-c891-46fd-8f5c-72bc827f2ef5:20160407213829.579:970</Value>
          <Value>schemaIDGUID:970:1:55a73700-c891-46fd-8f5c-72bc827f2ef5:20160407213829.579:970</Value>
          <Value>uSNChanged:970:1:55a73700-c891-46fd-8f5c-72bc827f2ef5:20160407213829.579:970</Value>
          <Value>uSNCreated:970:1:55a73700-c891-46fd-8f5c-72bc827f2ef5:20160407213829.579:970</Value>
          <Value>vmwAttributeUsage:970:1:55a73700-c891-46fd-8f5c-72bc827f2ef5:20160407213829.579:970</Value>
        </AttributeMetadata>
      </AttributeSchemaEntry>
      <AttributeSchemaEntry>
        <Name>dhcpFlags</Name>
        <AttributeMetadata>
          <Value>attributeID:305:1:55a73700-c891-46fd-8f5c-72bc827f2ef5:20160407213828.473:305</Value>
          <Value>attributeSyntax:305:1:55a73700-c891-46fd-8f5c-72bc827f2ef5:20160407213828.473:305</Value>
          <Value>cn:305:1:55a73700-c891-46fd-8f5c-72bc827f2ef5:20160407213828.473:305</Value>
          <Value>createTimeStamp:305:1:55a73700-c891-46fd-8f5c-72bc827f2ef5:20160407213828.473:305</Value>
          <Value>entryDN:305:1:55a73700-c891-46fd-8f5c-72bc827f2ef5:20160407213828.473:305</Value>
          <Value>isSingleValued:305:1:55a73700-c891-46fd-8f5c-72bc827f2ef5:20160407213828.473:305</Value>
          <Value>lDAPDisplayName:305:1:55a73700-c891-46fd-8f5c-72bc827f2ef5:20160407213828.473:305</Value>
          <Value>modifyTimeStamp:305:1:55a73700-c891-46fd-8f5c-72bc827f2ef5:20160407213828.473:305</Value>
          <Value>objectClass:305:1:55a73700-c891-46fd-8f5c-72bc827f2ef5:20160407213828.473:305</Value>
          <Value>objectGUID:305:1:55a73700-c891-46fd-8f5c-72bc827f2ef5:20160407213828.473:305</Value>
          <Value>oMSyntax:305:1:55a73700-c891-46fd-8f5c-72bc827f2ef5:20160407213828.473:305</Value>
          <Value>schemaIDGUID:305:1:55a73700-c891-46fd-8f5c-72bc827f2ef5:20160407213828.473:305</Value>
          <Value>uSNChanged:305:1:55a73700-c891-46fd-8f5c-72bc827f2ef5:20160407213828.473:305</Value>
          <Value>uSNCreated:305:1:55a73700-c891-46fd-8f5c-72bc827f2ef5:20160407213828.473:305</Value>
          <Value>vmwAttributeUsage:305:1:55a73700-c891-46fd-8f5c-72bc827f2ef5:20160407213828.473:305</Value>
        </AttributeMetadata>
      </AttributeSchemaEntry>
      <AttributeSchemaEntry>
        <Name>dhcpIdentification</Name>
        <AttributeMetadata>
          <Value>attributeID:516:1:55a73700-c891-46fd-8f5c-72bc827f2ef5:20160407213828.804:516</Value>
          <Value>attributeSyntax:516:1:55a73700-c891-46fd-8f5c-72bc827f2ef5:20160407213828.804:516</Value>
          <Value>cn:516:1:55a73700-c891-46fd-8f5c-72bc827f2ef5:20160407213828.804:516</Value>
          <Value>createTimeStamp:516:1:55a73700-c891-46fd-8f5c-72bc827f2ef5:20160407213828.804:516</Value>
          <Value>entryDN:516:1:55a73700-c891-46fd-8f5c-72bc827f2ef5:20160407213828.804:516</Value>
          <Value>isSingleValued:516:1:55a73700-c891-46fd-8f5c-72bc827f2ef5:20160407213828.804:516</Value>
          <Value>lDAPDisplayName:516:1:55a73700-c891-46fd-8f5c-72bc827f2ef5:20160407213828.804:516</Value>
          <Value>modifyTimeStamp:516:1:55a73700-c891-46fd-8f5c-72bc827f2ef5:20160407213828.804:516</Value>
          <Value>objectClass:516:1:55a73700-c891-46fd-8f5c-72bc827f2ef5:20160407213828.804:516</Value>
          <Value>objectGUID:516:1:55a73700-c891-46fd-8f5c-72bc827f2ef5:20160407213828.804:516</Value>
          <Value>oMSyntax:516:1:55a73700-c891-46fd-8f5c-72bc827f2ef5:20160407213828.804:516</Value>
          <Value>schemaIDGUID:516:1:55a73700-c891-46fd-8f5c-72bc827f2ef5:20160407213828.804:516</Value>
          <Value>uSNChanged:516:1:55a73700-c891-46fd-8f5c-72bc827f2ef5:20160407213828.804:516</Value>
          <Value>uSNCreated:516:1:55a73700-c891-46fd-8f5c-72bc827f2ef5:20160407213828.804:516</Value>
          <Value>vmwAttributeUsage:516:1:55a73700-c891-46fd-8f5c-72bc827f2ef5:20160407213828.804:516</Value>
        </AttributeMetadata>
      </AttributeSchemaEntry>
      <AttributeSchemaEntry>
        <Name>dhcpMask</Name>
        <AttributeMetadata>
          <Value>attributeID:1632:1:55a73700-c891-46fd-8f5c-72bc827f2ef5:20160407213830.714:1632</Value>
          <Value>attributeSyntax:1632:1:55a73700-c891-46fd-8f5c-72bc827f2ef5:20160407213830.714:1632</Value>
          <Value>cn:1632:1:55a73700-c891-46fd-8f5c-72bc827f2ef5:20160407213830.714:1632</Value>
          <Value>createTimeStamp:1632:1:55a73700-c891-46fd-8f5c-72bc827f2ef5:20160407213830.714:1632</Value>
          <Value>entryDN:1632:1:55a73700-c891-46fd-8f5c-72bc827f2ef5:20160407213830.714:1632</Value>
          <Value>isSingleValued:1632:1:55a73700-c891-46fd-8f5c-72bc827f2ef5:20160407213830.714:1632</Value>
          <Value>lDAPDisplayName:1632:1:55a73700-c891-46fd-8f5c-72bc827f2ef5:20160407213830.714:1632</Value>
          <Value>modifyTimeStamp:1632:1:55a73700-c891-46fd-8f5c-72bc827f2ef5:20160407213830.714:1632</Value>
          <Value>objectClass:1632:1:55a73700-c891-46fd-8f5c-72bc827f2ef5:20160407213830.714:1632</Value>
          <Value>objectGUID:1632:1:55a73700-c891-46fd-8f5c-72bc827f2ef5:20160407213830.714:1632</Value>
          <Value>oMSyntax:1632:1:55a73700-c891-46fd-8f5c-72bc827f2ef5:20160407213830.714:1632</Value>
          <Value>schemaIDGUID:1632:1:55a73700-c891-46fd-8f5c-72bc827f2ef5:20160407213830.714:1632</Value>
          <Value>uSNChanged:1632:1:55a73700-c891-46fd-8f5c-72bc827f2ef5:20160407213830.714:1632</Value>
          <Value>uSNCreated:1632:1:55a73700-c891-46fd-8f5c-72bc827f2ef5:20160407213830.714:1632</Value>
          <Value>vmwAttributeUsage:1632:1:55a73700-c891-46fd-8f5c-72bc827f2ef5:20160407213830.714:1632</Value>
        </AttributeMetadata>
      </AttributeSchemaEntry>
      <AttributeSchemaEntry>
        <Name>dhcpMaxKey</Name>
        <AttributeMetadata>
          <Value>attributeID:1516:1:55a73700-c891-46fd-8f5c-72bc827f2ef5:20160407213830.514:1516</Value>
          <Value>attributeSyntax:1516:1:55a73700-c891-46fd-8f5c-72bc827f2ef5:20160407213830.514:1516</Value>
          <Value>cn:1516:1:55a73700-c891-46fd-8f5c-72bc827f2ef5:20160407213830.514:1516</Value>
          <Value>createTimeStamp:1516:1:55a73700-c891-46fd-8f5c-72bc827f2ef5:20160407213830.514:1516</Value>
          <Value>entryDN:1516:1:55a73700-c891-46fd-8f5c-72bc827f2ef5:20160407213830.514:1516</Value>
          <Value>isSingleValued:1516:1:55a73700-c891-46fd-8f5c-72bc827f2ef5:20160407213830.514:1516</Value>
          <Value>lDAPDisplayName:1516:1:55a73700-c891-46fd-8f5c-72bc827f2ef5:20160407213830.514:1516</Value>
          <Value>modifyTimeStamp:1516:1:55a73700-c891-46fd-8f5c-72bc827f2ef5:20160407213830.514:1516</Value>
          <Value>objectClass:1516:1:55a73700-c891-46fd-8f5c-72bc827f2ef5:20160407213830.514:1516</Value>
          <Value>objectGUID:1516:1:55a73700-c891-46fd-8f5c-72bc827f2ef5:20160407213830.514:1516</Value>
          <Value>oMSyntax:1516:1:55a73700-c891-46fd-8f5c-72bc827f2ef5:20160407213830.514:1516</Value>
          <Value>schemaIDGUID:1516:1:55a73700-c891-46fd-8f5c-72bc827f2ef5:20160407213830.514:1516</Value>
          <Value>uSNChanged:1516:1:55a73700-c891-46fd-8f5c-72bc827f2ef5:20160407213830.514:1516</Value>
          <Value>uSNCreated:1516:1:55a73700-c891-46fd-8f5c-72bc827f2ef5:20160407213830.514:1516</Value>
          <Value>vmwAttributeUsage:1516:1:55a73700-c891-46fd-8f5c-72bc827f2ef5:20160407213830.514:1516</Value>
        </AttributeMetadata>
      </AttributeSchemaEntry>
      <AttributeSchemaEntry>
        <Name>dhcpObjDescription</Name>
        <AttributeMetadata>
          <Value>attributeID:661:1:55a73700-c891-46fd-8f5c-72bc827f2ef5:20160407213829.057:661</Value>
          <Value>attributeSyntax:661:1:55a73700-c891-46fd-8f5c-72bc827f2ef5:20160407213829.057:661</Value>
          <Value>cn:661:1:55a73700-c891-46fd-8f5c-72bc827f2ef5:20160407213829.057:661</Value>
          <Value>createTimeStamp:661:1:55a73700-c891-46fd-8f5c-72bc827f2ef5:20160407213829.057:661</Value>
          <Value>entryDN:661:1:55a73700-c891-46fd-8f5c-72bc827f2ef5:20160407213829.057:661</Value>
          <Value>isSingleValued:661:1:55a73700-c891-46fd-8f5c-72bc827f2ef5:20160407213829.057:661</Value>
          <Value>lDAPDisplayName:661:1:55a73700-c891-46fd-8f5c-72bc827f2ef5:20160407213829.057:661</Value>
          <Value>modifyTimeStamp:661:1:55a73700-c891-46fd-8f5c-72bc827f2ef5:20160407213829.057:661</Value>
          <Value>objectClass:661:1:55a73700-c891-46fd-8f5c-72bc827f2ef5:20160407213829.057:661</Value>
          <Value>objectGUID:661:1:55a73700-c891-46fd-8f5c-72bc827f2ef5:20160407213829.057:661</Value>
          <Value>oMSyntax:661:1:55a73700-c891-46fd-8f5c-72bc827f2ef5:20160407213829.057:661</Value>
          <Value>schemaIDGUID:661:1:55a73700-c891-46fd-8f5c-72bc827f2ef5:20160407213829.057:661</Value>
          <Value>uSNChanged:661:1:55a73700-c891-46fd-8f5c-72bc827f2ef5:20160407213829.057:661</Value>
          <Value>uSNCreated:661:1:55a73700-c891-46fd-8f5c-72bc827f2ef5:20160407213829.057:661</Value>
          <Value>vmwAttributeUsage:661:1:55a73700-c891-46fd-8f5c-72bc827f2ef5:20160407213829.057:661</Value>
        </AttributeMetadata>
      </AttributeSchemaEntry>
      <AttributeSchemaEntry>
        <Name>dhcpObjName</Name>
        <AttributeMetadata>
          <Value>attributeID:1024:1:55a73700-c891-46fd-8f5c-72bc827f2ef5:20160407213829.671:1024</Value>
          <Value>attributeSyntax:1024:1:55a73700-c891-46fd-8f5c-72bc827f2ef5:20160407213829.671:1024</Value>
          <Value>cn:1024:1:55a73700-c891-46fd-8f5c-72bc827f2ef5:20160407213829.671:1024</Value>
          <Value>createTimeStamp:1024:1:55a73700-c891-46fd-8f5c-72bc827f2ef5:20160407213829.671:1024</Value>
          <Value>entryDN:1024:1:55a73700-c891-46fd-8f5c-72bc827f2ef5:20160407213829.671:1024</Value>
          <Value>isSingleValued:1024:1:55a73700-c891-46fd-8f5c-72bc827f2ef5:20160407213829.671:1024</Value>
          <Value>lDAPDisplayName:1024:1:55a73700-c891-46fd-8f5c-72bc827f2ef5:20160407213829.671:1024</Value>
          <Value>modifyTimeStamp:1024:1:55a73700-c891-46fd-8f5c-72bc827f2ef5:20160407213829.671:1024</Value>
          <Value>objectClass:1024:1:55a73700-c891-46fd-8f5c-72bc827f2ef5:20160407213829.671:1024</Value>
          <Value>objectGUID:1024:1:55a73700-c891-46fd-8f5c-72bc827f2ef5:20160407213829.671:1024</Value>
          <Value>oMSyntax:1024:1:55a73700-c891-46fd-8f5c-72bc827f2ef5:20160407213829.671:1024</Value>
          <Value>schemaIDGUID:1024:1:55a73700-c891-46fd-8f5c-72bc827f2ef5:20160407213829.671:1024</Value>
          <Value>uSNChanged:1024:1:55a73700-c891-46fd-8f5c-72bc827f2ef5:20160407213829.671:1024</Value>
          <Value>uSNCreated:1024:1:55a73700-c891-46fd-8f5c-72bc827f2ef5:20160407213829.671:1024</Value>
          <Value>vmwAttributeUsage:1024:1:55a73700-c891-46fd-8f5c-72bc827f2ef5:20160407213829.671:1024</Value>
        </AttributeMetadata>
      </AttributeSchemaEntry>
      <AttributeSchemaEntry>
        <Name>dhcpOptions</Name>
        <AttributeMetadata>
          <Value>attributeID:677:1:55a73700-c891-46fd-8f5c-72bc827f2ef5:20160407213829.085:677</Value>
          <Value>attributeSyntax:677:1:55a73700-c891-46fd-8f5c-72bc827f2ef5:20160407213829.085:677</Value>
          <Value>cn:677:1:55a73700-c891-46fd-8f5c-72bc827f2ef5:20160407213829.085:677</Value>
          <Value>createTimeStamp:677:1:55a73700-c891-46fd-8f5c-72bc827f2ef5:20160407213829.085:677</Value>
          <Value>entryDN:677:1:55a73700-c891-46fd-8f5c-72bc827f2ef5:20160407213829.085:677</Value>
          <Value>isSingleValued:677:1:55a73700-c891-46fd-8f5c-72bc827f2ef5:20160407213829.085:677</Value>
          <Value>lDAPDisplayName:677:1:55a73700-c891-46fd-8f5c-72bc827f2ef5:20160407213829.085:677</Value>
          <Value>modifyTimeStamp:677:1:55a73700-c891-46fd-8f5c-72bc827f2ef5:20160407213829.085:677</Value>
          <Value>objectClass:677:1:55a73700-c891-46fd-8f5c-72bc827f2ef5:20160407213829.085:677</Value>
          <Value>objectGUID:677:1:55a73700-c891-46fd-8f5c-72bc827f2ef5:20160407213829.085:677</Value>
          <Value>oMSyntax:677:1:55a73700-c891-46fd-8f5c-72bc827f2ef5:20160407213829.085:677</Value>
          <Value>schemaIDGUID:677:1:55a73700-c891-46fd-8f5c-72bc827f2ef5:20160407213829.085:677</Value>
          <Value>uSNChanged:677:1:55a73700-c891-46fd-8f5c-72bc827f2ef5:20160407213829.085:677</Value>
          <Value>uSNCreated:677:1:55a73700-c891-46fd-8f5c-72bc827f2ef5:20160407213829.085:677</Value>
          <Value>vmwAttributeUsage:677:1:55a73700-c891-46fd-8f5c-72bc827f2ef5:20160407213829.085:677</Value>
        </AttributeMetadata>
      </AttributeSchemaEntry>
      <AttributeSchemaEntry>
        <Name>dhcpProperties</Name>
        <AttributeMetadata>
          <Value>attributeID:1457:1:55a73700-c891-46fd-8f5c-72bc827f2ef5:20160407213830.421:1457</Value>
          <Value>attributeSyntax:1457:1:55a73700-c891-46fd-8f5c-72bc827f2ef5:20160407213830.421:1457</Value>
          <Value>cn:1457:1:55a73700-c891-46fd-8f5c-72bc827f2ef5:20160407213830.421:1457</Value>
          <Value>createTimeStamp:1457:1:55a73700-c891-46fd-8f5c-72bc827f2ef5:20160407213830.421:1457</Value>
          <Value>entryDN:1457:1:55a73700-c891-46fd-8f5c-72bc827f2ef5:20160407213830.421:1457</Value>
          <Value>isSingleValued:1457:1:55a73700-c891-46fd-8f5c-72bc827f2ef5:20160407213830.421:1457</Value>
          <Value>lDAPDisplayName:1457:1:55a73700-c891-46fd-8f5c-72bc827f2ef5:20160407213830.421:1457</Value>
          <Value>modifyTimeStamp:1457:1:55a73700-c891-46fd-8f5c-72bc827f2ef5:20160407213830.421:1457</Value>
          <Value>objectClass:1457:1:55a73700-c891-46fd-8f5c-72bc827f2ef5:20160407213830.421:1457</Value>
          <Value>objectGUID:1457:1:55a73700-c891-46fd-8f5c-72bc827f2ef5:20160407213830.421:1457</Value>
          <Value>oMSyntax:1457:1:55a73700-c891-46fd-8f5c-72bc827f2ef5:20160407213830.421:1457</Value>
          <Value>schemaIDGUID:1457:1:55a73700-c891-46fd-8f5c-72bc827f2ef5:20160407213830.421:1457</Value>
          <Value>uSNChanged:1457:1:55a73700-c891-46fd-8f5c-72bc827f2ef5:20160407213830.421:1457</Value>
          <Value>uSNCreated:1457:1:55a73700-c891-46fd-8f5c-72bc827f2ef5:20160407213830.421:1457</Value>
          <Value>vmwAttributeUsage:1457:1:55a73700-c891-46fd-8f5c-72bc827f2ef5:20160407213830.421:1457</Value>
        </AttributeMetadata>
      </AttributeSchemaEntry>
      <AttributeSchemaEntry>
        <Name>dhcpRanges</Name>
        <AttributeMetadata>
          <Value>attributeID:206:1:55a73700-c891-46fd-8f5c-72bc827f2ef5:20160407213828.328:206</Value>
          <Value>attributeSyntax:206:1:55a73700-c891-46fd-8f5c-72bc827f2ef5:20160407213828.328:206</Value>
          <Value>cn:206:1:55a73700-c891-46fd-8f5c-72bc827f2ef5:20160407213828.328:206</Value>
          <Value>createTimeStamp:206:1:55a73700-c891-46fd-8f5c-72bc827f2ef5:20160407213828.328:206</Value>
          <Value>entryDN:206:1:55a73700-c891-46fd-8f5c-72bc827f2ef5:20160407213828.328:206</Value>
          <Value>isSingleValued:206:1:55a73700-c891-46fd-8f5c-72bc827f2ef5:20160407213828.328:206</Value>
          <Value>lDAPDisplayName:206:1:55a73700-c891-46fd-8f5c-72bc827f2ef5:20160407213828.328:206</Value>
          <Value>modifyTimeStamp:206:1:55a73700-c891-46fd-8f5c-72bc827f2ef5:20160407213828.328:206</Value>
          <Value>objectClass:206:1:55a73700-c891-46fd-8f5c-72bc827f2ef5:20160407213828.328:206</Value>
          <Value>objectGUID:206:1:55a73700-c891-46fd-8f5c-72bc827f2ef5:20160407213828.328:206</Value>
          <Value>oMSyntax:206:1:55a73700-c891-46fd-8f5c-72bc827f2ef5:20160407213828.328:206</Value>
          <Value>schemaIDGUID:206:1:55a73700-c891-46fd-8f5c-72bc827f2ef5:20160407213828.328:206</Value>
          <Value>uSNChanged:206:1:55a73700-c891-46fd-8f5c-72bc827f2ef5:20160407213828.328:206</Value>
          <Value>uSNCreated:206:1:55a73700-c891-46fd-8f5c-72bc827f2ef5:20160407213828.328:206</Value>
          <Value>vmwAttributeUsage:206:1:55a73700-c891-46fd-8f5c-72bc827f2ef5:20160407213828.328:206</Value>
        </AttributeMetadata>
      </AttributeSchemaEntry>
      <AttributeSchemaEntry>
        <Name>dhcpReservations</Name>
        <AttributeMetadata>
          <Value>attributeID:1394:1:55a73700-c891-46fd-8f5c-72bc827f2ef5:20160407213830.321:1394</Value>
          <Value>attributeSyntax:1394:1:55a73700-c891-46fd-8f5c-72bc827f2ef5:20160407213830.321:1394</Value>
          <Value>cn:1394:1:55a73700-c891-46fd-8f5c-72bc827f2ef5:20160407213830.321:1394</Value>
          <Value>createTimeStamp:1394:1:55a73700-c891-46fd-8f5c-72bc827f2ef5:20160407213830.321:1394</Value>
          <Value>entryDN:1394:1:55a73700-c891-46fd-8f5c-72bc827f2ef5:20160407213830.321:1394</Value>
          <Value>isSingleValued:1394:1:55a73700-c891-46fd-8f5c-72bc827f2ef5:20160407213830.321:1394</Value>
          <Value>lDAPDisplayName:1394:1:55a73700-c891-46fd-8f5c-72bc827f2ef5:20160407213830.321:1394</Value>
          <Value>modifyTimeStamp:1394:1:55a73700-c891-46fd-8f5c-72bc827f2ef5:20160407213830.321:1394</Value>
          <Value>objectClass:1394:1:55a73700-c891-46fd-8f5c-72bc827f2ef5:20160407213830.321:1394</Value>
          <Value>objectGUID:1394:1:55a73700-c891-46fd-8f5c-72bc827f2ef5:20160407213830.321:1394</Value>
          <Value>oMSyntax:1394:1:55a73700-c891-46fd-8f5c-72bc827f2ef5:20160407213830.321:1394</Value>
          <Value>schemaIDGUID:1394:1:55a73700-c891-46fd-8f5c-72bc827f2ef5:20160407213830.321:1394</Value>
          <Value>uSNChanged:1394:1:55a73700-c891-46fd-8f5c-72bc827f2ef5:20160407213830.321:1394</Value>
          <Value>uSNCreated:1394:1:55a73700-c891-46fd-8f5c-72bc827f2ef5:20160407213830.321:1394</Value>
          <Value>vmwAttributeUsage:1394:1:55a73700-c891-46fd-8f5c-72bc827f2ef5:20160407213830.321:1394</Value>
        </AttributeMetadata>
      </AttributeSchemaEntry>
      <AttributeSchemaEntry>
        <Name>dhcpServers</Name>
        <AttributeMetadata>
          <Value>attributeID:179:1:55a73700-c891-46fd-8f5c-72bc827f2ef5:20160407213828.295:179</Value>
          <Value>attributeSyntax:179:1:55a73700-c891-46fd-8f5c-72bc827f2ef5:20160407213828.295:179</Value>
          <Value>cn:179:1:55a73700-c891-46fd-8f5c-72bc827f2ef5:20160407213828.295:179</Value>
          <Value>createTimeStamp:179:1:55a73700-c891-46fd-8f5c-72bc827f2ef5:20160407213828.295:179</Value>
          <Value>entryDN:179:1:55a73700-c891-46fd-8f5c-72bc827f2ef5:20160407213828.295:179</Value>
          <Value>isSingleValued:179:1:55a73700-c891-46fd-8f5c-72bc827f2ef5:20160407213828.295:179</Value>
          <Value>lDAPDisplayName:179:1:55a73700-c891-46fd-8f5c-72bc827f2ef5:20160407213828.295:179</Value>
          <Value>modifyTimeStamp:179:1:55a73700-c891-46fd-8f5c-72bc827f2ef5:20160407213828.295:179</Value>
          <Value>objectClass:179:1:55a73700-c891-46fd-8f5c-72bc827f2ef5:20160407213828.295:179</Value>
          <Value>objectGUID:179:1:55a73700-c891-46fd-8f5c-72bc827f2ef5:20160407213828.295:179</Value>
          <Value>oMSyntax:179:1:55a73700-c891-46fd-8f5c-72bc827f2ef5:20160407213828.295:179</Value>
          <Value>schemaIDGUID:179:1:55a73700-c891-46fd-8f5c-72bc827f2ef5:20160407213828.295:179</Value>
          <Value>uSNChanged:179:1:55a73700-c891-46fd-8f5c-72bc827f2ef5:20160407213828.295:179</Value>
          <Value>uSNCreated:179:1:55a73700-c891-46fd-8f5c-72bc827f2ef5:20160407213828.295:179</Value>
          <Value>vmwAttributeUsage:179:1:55a73700-c891-46fd-8f5c-72bc827f2ef5:20160407213828.295:179</Value>
        </AttributeMetadata>
      </AttributeSchemaEntry>
      <AttributeSchemaEntry>
        <Name>dhcpSites</Name>
        <AttributeMetadata>
          <Value>attributeID:1399:1:55a73700-c891-46fd-8f5c-72bc827f2ef5:20160407213830.326:1399</Value>
          <Value>attributeSyntax:1399:1:55a73700-c891-46fd-8f5c-72bc827f2ef5:20160407213830.326:1399</Value>
          <Value>cn:1399:1:55a73700-c891-46fd-8f5c-72bc827f2ef5:20160407213830.326:1399</Value>
          <Value>createTimeStamp:1399:1:55a73700-c891-46fd-8f5c-72bc827f2ef5:20160407213830.326:1399</Value>
          <Value>entryDN:1399:1:55a73700-c891-46fd-8f5c-72bc827f2ef5:20160407213830.326:1399</Value>
          <Value>isSingleValued:1399:1:55a73700-c891-46fd-8f5c-72bc827f2ef5:20160407213830.326:1399</Value>
          <Value>lDAPDisplayName:1399:1:55a73700-c891-46fd-8f5c-72bc827f2ef5:20160407213830.326:1399</Value>
          <Value>modifyTimeStamp:1399:1:55a73700-c891-46fd-8f5c-72bc827f2ef5:20160407213830.326:1399</Value>
          <Value>objectClass:1399:1:55a73700-c891-46fd-8f5c-72bc827f2ef5:20160407213830.326:1399</Value>
          <Value>objectGUID:1399:1:55a73700-c891-46fd-8f5c-72bc827f2ef5:20160407213830.326:1399</Value>
          <Value>oMSyntax:1399:1:55a73700-c891-46fd-8f5c-72bc827f2ef5:20160407213830.326:1399</Value>
          <Value>schemaIDGUID:1399:1:55a73700-c891-46fd-8f5c-72bc827f2ef5:20160407213830.326:1399</Value>
          <Value>uSNChanged:1399:1:55a73700-c891-46fd-8f5c-72bc827f2ef5:20160407213830.326:1399</Value>
          <Value>uSNCreated:1399:1:55a73700-c891-46fd-8f5c-72bc827f2ef5:20160407213830.326:1399</Value>
          <Value>vmwAttributeUsage:1399:1:55a73700-c891-46fd-8f5c-72bc827f2ef5:20160407213830.326:1399</Value>
        </AttributeMetadata>
      </AttributeSchemaEntry>
      <AttributeSchemaEntry>
        <Name>dhcpState</Name>
        <AttributeMetadata>
          <Value>attributeID:413:1:55a73700-c891-46fd-8f5c-72bc827f2ef5:20160407213828.643:413</Value>
          <Value>attributeSyntax:413:1:55a73700-c891-46fd-8f5c-72bc827f2ef5:20160407213828.643:413</Value>
          <Value>cn:413:1:55a73700-c891-46fd-8f5c-72bc827f2ef5:20160407213828.643:413</Value>
          <Value>createTimeStamp:413:1:55a73700-c891-46fd-8f5c-72bc827f2ef5:20160407213828.643:413</Value>
          <Value>entryDN:413:1:55a73700-c891-46fd-8f5c-72bc827f2ef5:20160407213828.643:413</Value>
          <Value>isSingleValued:413:1:55a73700-c891-46fd-8f5c-72bc827f2ef5:20160407213828.643:413</Value>
          <Value>lDAPDisplayName:413:1:55a73700-c891-46fd-8f5c-72bc827f2ef5:20160407213828.643:413</Value>
          <Value>modifyTimeStamp:413:1:55a73700-c891-46fd-8f5c-72bc827f2ef5:20160407213828.643:413</Value>
          <Value>objectClass:413:1:55a73700-c891-46fd-8f5c-72bc827f2ef5:20160407213828.643:413</Value>
          <Value>objectGUID:413:1:55a73700-c891-46fd-8f5c-72bc827f2ef5:20160407213828.643:413</Value>
          <Value>oMSyntax:413:1:55a73700-c891-46fd-8f5c-72bc827f2ef5:20160407213828.643:413</Value>
          <Value>schemaIDGUID:413:1:55a73700-c891-46fd-8f5c-72bc827f2ef5:20160407213828.643:413</Value>
          <Value>uSNChanged:413:1:55a73700-c891-46fd-8f5c-72bc827f2ef5:20160407213828.643:413</Value>
          <Value>uSNCreated:413:1:55a73700-c891-46fd-8f5c-72bc827f2ef5:20160407213828.643:413</Value>
          <Value>vmwAttributeUsage:413:1:55a73700-c891-46fd-8f5c-72bc827f2ef5:20160407213828.643:413</Value>
        </AttributeMetadata>
      </AttributeSchemaEntry>
      <AttributeSchemaEntry>
        <Name>dhcpSubnets</Name>
        <AttributeMetadata>
          <Value>attributeID:793:1:55a73700-c891-46fd-8f5c-72bc827f2ef5:20160407213829.277:793</Value>
          <Value>attributeSyntax:793:1:55a73700-c891-46fd-8f5c-72bc827f2ef5:20160407213829.277:793</Value>
          <Value>cn:793:1:55a73700-c891-46fd-8f5c-72bc827f2ef5:20160407213829.277:793</Value>
          <Value>createTimeStamp:793:1:55a73700-c891-46fd-8f5c-72bc827f2ef5:20160407213829.277:793</Value>
          <Value>entryDN:793:1:55a73700-c891-46fd-8f5c-72bc827f2ef5:20160407213829.277:793</Value>
          <Value>isSingleValued:793:1:55a73700-c891-46fd-8f5c-72bc827f2ef5:20160407213829.277:793</Value>
          <Value>lDAPDisplayName:793:1:55a73700-c891-46fd-8f5c-72bc827f2ef5:20160407213829.277:793</Value>
          <Value>modifyTimeStamp:793:1:55a73700-c891-46fd-8f5c-72bc827f2ef5:20160407213829.277:793</Value>
          <Value>objectClass:793:1:55a73700-c891-46fd-8f5c-72bc827f2ef5:20160407213829.277:793</Value>
          <Value>objectGUID:793:1:55a73700-c891-46fd-8f5c-72bc827f2ef5:20160407213829.277:793</Value>
          <Value>oMSyntax:793:1:55a73700-c891-46fd-8f5c-72bc827f2ef5:20160407213829.277:793</Value>
          <Value>schemaIDGUID:793:1:55a73700-c891-46fd-8f5c-72bc827f2ef5:20160407213829.277:793</Value>
          <Value>uSNChanged:793:1:55a73700-c891-46fd-8f5c-72bc827f2ef5:20160407213829.277:793</Value>
          <Value>uSNCreated:793:1:55a73700-c891-46fd-8f5c-72bc827f2ef5:20160407213829.277:793</Value>
          <Value>vmwAttributeUsage:793:1:55a73700-c891-46fd-8f5c-72bc827f2ef5:20160407213829.277:793</Value>
        </AttributeMetadata>
      </AttributeSchemaEntry>
      <AttributeSchemaEntry>
        <Name>dhcpType</Name>
        <AttributeMetadata>
          <Value>attributeID:626:1:55a73700-c891-46fd-8f5c-72bc827f2ef5:20160407213828.994:626</Value>
          <Value>attributeSyntax:626:1:55a73700-c891-46fd-8f5c-72bc827f2ef5:20160407213828.994:626</Value>
          <Value>cn:626:1:55a73700-c891-46fd-8f5c-72bc827f2ef5:20160407213828.994:626</Value>
          <Value>createTimeStamp:626:1:55a73700-c891-46fd-8f5c-72bc827f2ef5:20160407213828.994:626</Value>
          <Value>entryDN:626:1:55a73700-c891-46fd-8f5c-72bc827f2ef5:20160407213828.994:626</Value>
          <Value>isSingleValued:626:1:55a73700-c891-46fd-8f5c-72bc827f2ef5:20160407213828.994:626</Value>
          <Value>lDAPDisplayName:626:1:55a73700-c891-46fd-8f5c-72bc827f2ef5:20160407213828.994:626</Value>
          <Value>modifyTimeStamp:626:1:55a73700-c891-46fd-8f5c-72bc827f2ef5:20160407213828.994:626</Value>
          <Value>objectClass:626:1:55a73700-c891-46fd-8f5c-72bc827f2ef5:20160407213828.994:626</Value>
          <Value>objectGUID:626:1:55a73700-c891-46fd-8f5c-72bc827f2ef5:20160407213828.994:626</Value>
          <Value>oMSyntax:626:1:55a73700-c891-46fd-8f5c-72bc827f2ef5:20160407213828.994:626</Value>
          <Value>schemaIDGUID:626:1:55a73700-c891-46fd-8f5c-72bc827f2ef5:20160407213828.994:626</Value>
          <Value>uSNChanged:626:1:55a73700-c891-46fd-8f5c-72bc827f2ef5:20160407213828.994:626</Value>
          <Value>uSNCreated:626:1:55a73700-c891-46fd-8f5c-72bc827f2ef5:20160407213828.994:626</Value>
          <Value>vmwAttributeUsage:626:1:55a73700-c891-46fd-8f5c-72bc827f2ef5:20160407213828.994:626</Value>
        </AttributeMetadata>
      </AttributeSchemaEntry>
      <AttributeSchemaEntry>
        <Name>dhcpUniqueKey</Name>
        <AttributeMetadata>
          <Value>attributeID:385:1:55a73700-c891-46fd-8f5c-72bc827f2ef5:20160407213828.595:385</Value>
          <Value>attributeSyntax:385:1:55a73700-c891-46fd-8f5c-72bc827f2ef5:20160407213828.595:385</Value>
          <Value>cn:385:1:55a73700-c891-46fd-8f5c-72bc827f2ef5:20160407213828.595:385</Value>
          <Value>createTimeStamp:385:1:55a73700-c891-46fd-8f5c-72bc827f2ef5:20160407213828.595:385</Value>
          <Value>entryDN:385:1:55a73700-c891-46fd-8f5c-72bc827f2ef5:20160407213828.595:385</Value>
          <Value>isSingleValued:385:1:55a73700-c891-46fd-8f5c-72bc827f2ef5:20160407213828.595:385</Value>
          <Value>lDAPDisplayName:385:1:55a73700-c891-46fd-8f5c-72bc827f2ef5:20160407213828.595:385</Value>
          <Value>modifyTimeStamp:385:1:55a73700-c891-46fd-8f5c-72bc827f2ef5:20160407213828.595:385</Value>
          <Value>objectClass:385:1:55a73700-c891-46fd-8f5c-72bc827f2ef5:20160407213828.595:385</Value>
          <Value>objectGUID:385:1:55a73700-c891-46fd-8f5c-72bc827f2ef5:20160407213828.595:385</Value>
          <Value>oMSyntax:385:1:55a73700-c891-46fd-8f5c-72bc827f2ef5:20160407213828.595:385</Value>
          <Value>schemaIDGUID:385:1:55a73700-c891-46fd-8f5c-72bc827f2ef5:20160407213828.595:385</Value>
          <Value>uSNChanged:385:1:55a73700-c891-46fd-8f5c-72bc827f2ef5:20160407213828.595:385</Value>
          <Value>uSNCreated:385:1:55a73700-c891-46fd-8f5c-72bc827f2ef5:20160407213828.595:385</Value>
          <Value>vmwAttributeUsage:385:1:55a73700-c891-46fd-8f5c-72bc827f2ef5:20160407213828.595:385</Value>
        </AttributeMetadata>
      </AttributeSchemaEntry>
      <AttributeSchemaEntry>
        <Name>dhcpUpdateTime</Name>
        <AttributeMetadata>
          <Value>attributeID:157:1:55a73700-c891-46fd-8f5c-72bc827f2ef5:20160407213828.265:157</Value>
          <Value>attributeSyntax:157:1:55a73700-c891-46fd-8f5c-72bc827f2ef5:20160407213828.265:157</Value>
          <Value>cn:157:1:55a73700-c891-46fd-8f5c-72bc827f2ef5:20160407213828.265:157</Value>
          <Value>createTimeStamp:157:1:55a73700-c891-46fd-8f5c-72bc827f2ef5:20160407213828.265:157</Value>
          <Value>entryDN:157:1:55a73700-c891-46fd-8f5c-72bc827f2ef5:20160407213828.265:157</Value>
          <Value>isSingleValued:157:1:55a73700-c891-46fd-8f5c-72bc827f2ef5:20160407213828.265:157</Value>
          <Value>lDAPDisplayName:157:1:55a73700-c891-46fd-8f5c-72bc827f2ef5:20160407213828.265:157</Value>
          <Value>modifyTimeStamp:157:1:55a73700-c891-46fd-8f5c-72bc827f2ef5:20160407213828.265:157</Value>
          <Value>objectClass:157:1:55a73700-c891-46fd-8f5c-72bc827f2ef5:20160407213828.265:157</Value>
          <Value>objectGUID:157:1:55a73700-c891-46fd-8f5c-72bc827f2ef5:20160407213828.265:157</Value>
          <Value>oMSyntax:157:1:55a73700-c891-46fd-8f5c-72bc827f2ef5:20160407213828.265:157</Value>
          <Value>schemaIDGUID:157:1:55a73700-c891-46fd-8f5c-72bc827f2ef5:20160407213828.265:157</Value>
          <Value>uSNChanged:157:1:55a73700-c891-46fd-8f5c-72bc827f2ef5:20160407213828.265:157</Value>
          <Value>uSNCreated:157:1:55a73700-c891-46fd-8f5c-72bc827f2ef5:20160407213828.265:157</Value>
          <Value>vmwAttributeUsage:157:1:55a73700-c891-46fd-8f5c-72bc827f2ef5:20160407213828.265:157</Value>
        </AttributeMetadata>
      </AttributeSchemaEntry>
      <AttributeSchemaEntry>
        <Name>directReports</Name>
        <AttributeMetadata>
          <Value>attributeID:805:1:55a73700-c891-46fd-8f5c-72bc827f2ef5:20160407213829.299:805</Value>
          <Value>attributeSyntax:805:1:55a73700-c891-46fd-8f5c-72bc827f2ef5:20160407213829.299:805</Value>
          <Value>cn:805:1:55a73700-c891-46fd-8f5c-72bc827f2ef5:20160407213829.299:805</Value>
          <Value>createTimeStamp:805:1:55a73700-c891-46fd-8f5c-72bc827f2ef5:20160407213829.299:805</Value>
          <Value>entryDN:805:1:55a73700-c891-46fd-8f5c-72bc827f2ef5:20160407213829.299:805</Value>
          <Value>isSingleValued:805:1:55a73700-c891-46fd-8f5c-72bc827f2ef5:20160407213829.299:805</Value>
          <Value>lDAPDisplayName:805:1:55a73700-c891-46fd-8f5c-72bc827f2ef5:20160407213829.299:805</Value>
          <Value>modifyTimeStamp:805:1:55a73700-c891-46fd-8f5c-72bc827f2ef5:20160407213829.299:805</Value>
          <Value>objectClass:805:1:55a73700-c891-46fd-8f5c-72bc827f2ef5:20160407213829.299:805</Value>
          <Value>objectGUID:805:1:55a73700-c891-46fd-8f5c-72bc827f2ef5:20160407213829.299:805</Value>
          <Value>oMSyntax:805:1:55a73700-c891-46fd-8f5c-72bc827f2ef5:20160407213829.299:805</Value>
          <Value>schemaIDGUID:805:1:55a73700-c891-46fd-8f5c-72bc827f2ef5:20160407213829.299:805</Value>
          <Value>uSNChanged:805:1:55a73700-c891-46fd-8f5c-72bc827f2ef5:20160407213829.299:805</Value>
          <Value>uSNCreated:805:1:55a73700-c891-46fd-8f5c-72bc827f2ef5:20160407213829.299:805</Value>
          <Value>vmwAttributeUsage:805:1:55a73700-c891-46fd-8f5c-72bc827f2ef5:20160407213829.299:805</Value>
        </AttributeMetadata>
      </AttributeSchemaEntry>
      <AttributeSchemaEntry>
        <Name>displayName</Name>
        <AttributeMetadata>
          <Value>attributeID:1096:1:55a73700-c891-46fd-8f5c-72bc827f2ef5:20160407213829.806:1096</Value>
          <Value>attributeSyntax:1096:1:55a73700-c891-46fd-8f5c-72bc827f2ef5:20160407213829.806:1096</Value>
          <Value>cn:1096:1:55a73700-c891-46fd-8f5c-72bc827f2ef5:20160407213829.806:1096</Value>
          <Value>createTimeStamp:1096:1:55a73700-c891-46fd-8f5c-72bc827f2ef5:20160407213829.806:1096</Value>
          <Value>entryDN:1096:1:55a73700-c891-46fd-8f5c-72bc827f2ef5:20160407213829.806:1096</Value>
          <Value>isSingleValued:1096:1:55a73700-c891-46fd-8f5c-72bc827f2ef5:20160407213829.806:1096</Value>
          <Value>lDAPDisplayName:1096:1:55a73700-c891-46fd-8f5c-72bc827f2ef5:20160407213829.806:1096</Value>
          <Value>modifyTimeStamp:1096:1:55a73700-c891-46fd-8f5c-72bc827f2ef5:20160407213829.806:1096</Value>
          <Value>objectClass:1096:1:55a73700-c891-46fd-8f5c-72bc827f2ef5:20160407213829.806:1096</Value>
          <Value>objectGUID:1096:1:55a73700-c891-46fd-8f5c-72bc827f2ef5:20160407213829.806:1096</Value>
          <Value>oMSyntax:1096:1:55a73700-c891-46fd-8f5c-72bc827f2ef5:20160407213829.806:1096</Value>
          <Value>schemaIDGUID:1096:1:55a73700-c891-46fd-8f5c-72bc827f2ef5:20160407213829.806:1096</Value>
          <Value>uSNChanged:1096:1:55a73700-c891-46fd-8f5c-72bc827f2ef5:20160407213829.806:1096</Value>
          <Value>uSNCreated:1096:1:55a73700-c891-46fd-8f5c-72bc827f2ef5:20160407213829.806:1096</Value>
          <Value>vmwAttributeUsage:1096:1:55a73700-c891-46fd-8f5c-72bc827f2ef5:20160407213829.806:1096</Value>
        </AttributeMetadata>
      </AttributeSchemaEntry>
      <AttributeSchemaEntry>
        <Name>displayNamePrintable</Name>
        <AttributeMetadata>
          <Value>attributeID:1629:1:55a73700-c891-46fd-8f5c-72bc827f2ef5:20160407213830.711:1629</Value>
          <Value>attributeSyntax:1629:1:55a73700-c891-46fd-8f5c-72bc827f2ef5:20160407213830.711:1629</Value>
          <Value>cn:1629:1:55a73700-c891-46fd-8f5c-72bc827f2ef5:20160407213830.711:1629</Value>
          <Value>createTimeStamp:1629:1:55a73700-c891-46fd-8f5c-72bc827f2ef5:20160407213830.711:1629</Value>
          <Value>entryDN:1629:1:55a73700-c891-46fd-8f5c-72bc827f2ef5:20160407213830.711:1629</Value>
          <Value>isSingleValued:1629:1:55a73700-c891-46fd-8f5c-72bc827f2ef5:20160407213830.711:1629</Value>
          <Value>lDAPDisplayName:1629:1:55a73700-c891-46fd-8f5c-72bc827f2ef5:20160407213830.711:1629</Value>
          <Value>modifyTimeStamp:1629:1:55a73700-c891-46fd-8f5c-72bc827f2ef5:20160407213830.711:1629</Value>
          <Value>objectClass:1629:1:55a73700-c891-46fd-8f5c-72bc827f2ef5:20160407213830.711:1629</Value>
          <Value>objectGUID:1629:1:55a73700-c891-46fd-8f5c-72bc827f2ef5:20160407213830.711:1629</Value>
          <Value>oMSyntax:1629:1:55a73700-c891-46fd-8f5c-72bc827f2ef5:20160407213830.711:1629</Value>
          <Value>schemaIDGUID:1629:1:55a73700-c891-46fd-8f5c-72bc827f2ef5:20160407213830.711:1629</Value>
          <Value>uSNChanged:1629:1:55a73700-c891-46fd-8f5c-72bc827f2ef5:20160407213830.711:1629</Value>
          <Value>uSNCreated:1629:1:55a73700-c891-46fd-8f5c-72bc827f2ef5:20160407213830.711:1629</Value>
          <Value>vmwAttributeUsage:1629:1:55a73700-c891-46fd-8f5c-72bc827f2ef5:20160407213830.711:1629</Value>
        </AttributeMetadata>
      </AttributeSchemaEntry>
      <AttributeSchemaEntry>
        <Name>distinguishedName</Name>
        <AttributeMetadata>
          <Value>attributeID:133:1:55a73700-c891-46fd-8f5c-72bc827f2ef5:20160407213828.228:133</Value>
          <Value>attributeSyntax:133:1:55a73700-c891-46fd-8f5c-72bc827f2ef5:20160407213828.228:133</Value>
          <Value>cn:133:1:55a73700-c891-46fd-8f5c-72bc827f2ef5:20160407213828.228:133</Value>
          <Value>createTimeStamp:133:1:55a73700-c891-46fd-8f5c-72bc827f2ef5:20160407213828.228:133</Value>
          <Value>entryDN:133:1:55a73700-c891-46fd-8f5c-72bc827f2ef5:20160407213828.228:133</Value>
          <Value>isSingleValued:133:1:55a73700-c891-46fd-8f5c-72bc827f2ef5:20160407213828.228:133</Value>
          <Value>lDAPDisplayName:133:1:55a73700-c891-46fd-8f5c-72bc827f2ef5:20160407213828.228:133</Value>
          <Value>modifyTimeStamp:133:1:55a73700-c891-46fd-8f5c-72bc827f2ef5:20160407213828.228:133</Value>
          <Value>objectClass:133:1:55a73700-c891-46fd-8f5c-72bc827f2ef5:20160407213828.228:133</Value>
          <Value>objectGUID:133:1:55a73700-c891-46fd-8f5c-72bc827f2ef5:20160407213828.228:133</Value>
          <Value>oMSyntax:133:1:55a73700-c891-46fd-8f5c-72bc827f2ef5:20160407213828.228:133</Value>
          <Value>schemaIDGUID:133:1:55a73700-c891-46fd-8f5c-72bc827f2ef5:20160407213828.228:133</Value>
          <Value>uSNChanged:133:1:55a73700-c891-46fd-8f5c-72bc827f2ef5:20160407213828.228:133</Value>
          <Value>uSNCreated:133:1:55a73700-c891-46fd-8f5c-72bc827f2ef5:20160407213828.228:133</Value>
          <Value>vmwAttributeUsage:133:1:55a73700-c891-46fd-8f5c-72bc827f2ef5:20160407213828.228:133</Value>
        </AttributeMetadata>
      </AttributeSchemaEntry>
      <AttributeSchemaEntry>
        <Name>dITContentRules</Name>
        <AttributeMetadata>
          <Value>attributeID:292:1:55a73700-c891-46fd-8f5c-72bc827f2ef5:20160407213828.451:292</Value>
          <Value>attributeSyntax:292:1:55a73700-c891-46fd-8f5c-72bc827f2ef5:20160407213828.451:292</Value>
          <Value>cn:292:1:55a73700-c891-46fd-8f5c-72bc827f2ef5:20160407213828.451:292</Value>
          <Value>createTimeStamp:292:1:55a73700-c891-46fd-8f5c-72bc827f2ef5:20160407213828.451:292</Value>
          <Value>entryDN:292:1:55a73700-c891-46fd-8f5c-72bc827f2ef5:20160407213828.451:292</Value>
          <Value>isSingleValued:292:1:55a73700-c891-46fd-8f5c-72bc827f2ef5:20160407213828.451:292</Value>
          <Value>lDAPDisplayName:292:1:55a73700-c891-46fd-8f5c-72bc827f2ef5:20160407213828.451:292</Value>
          <Value>modifyTimeStamp:292:1:55a73700-c891-46fd-8f5c-72bc827f2ef5:20160407213828.451:292</Value>
          <Value>objectClass:292:1:55a73700-c891-46fd-8f5c-72bc827f2ef5:20160407213828.451:292</Value>
          <Value>objectGUID:292:1:55a73700-c891-46fd-8f5c-72bc827f2ef5:20160407213828.451:292</Value>
          <Value>oMSyntax:292:1:55a73700-c891-46fd-8f5c-72bc827f2ef5:20160407213828.451:292</Value>
          <Value>schemaIDGUID:292:1:55a73700-c891-46fd-8f5c-72bc827f2ef5:20160407213828.451:292</Value>
          <Value>uSNChanged:292:1:55a73700-c891-46fd-8f5c-72bc827f2ef5:20160407213828.451:292</Value>
          <Value>uSNCreated:292:1:55a73700-c891-46fd-8f5c-72bc827f2ef5:20160407213828.451:292</Value>
          <Value>vmwAttributeUsage:292:1:55a73700-c891-46fd-8f5c-72bc827f2ef5:20160407213828.451:292</Value>
        </AttributeMetadata>
      </AttributeSchemaEntry>
      <AttributeSchemaEntry>
        <Name>dITStructureRules</Name>
        <AttributeMetadata>
          <Value>attributeID:704:1:55a73700-c891-46fd-8f5c-72bc827f2ef5:20160407213829.126:704</Value>
          <Value>attributeSyntax:704:1:55a73700-c891-46fd-8f5c-72bc827f2ef5:20160407213829.126:704</Value>
          <Value>cn:704:1:55a73700-c891-46fd-8f5c-72bc827f2ef5:20160407213829.126:704</Value>
          <Value>createTimeStamp:704:1:55a73700-c891-46fd-8f5c-72bc827f2ef5:20160407213829.126:704</Value>
          <Value>entryDN:704:1:55a73700-c891-46fd-8f5c-72bc827f2ef5:20160407213829.126:704</Value>
          <Value>isSingleValued:704:1:55a73700-c891-46fd-8f5c-72bc827f2ef5:20160407213829.126:704</Value>
          <Value>lDAPDisplayName:704:1:55a73700-c891-46fd-8f5c-72bc827f2ef5:20160407213829.126:704</Value>
          <Value>modifyTimeStamp:704:1:55a73700-c891-46fd-8f5c-72bc827f2ef5:20160407213829.126:704</Value>
          <Value>objectClass:704:1:55a73700-c891-46fd-8f5c-72bc827f2ef5:20160407213829.126:704</Value>
          <Value>objectGUID:704:1:55a73700-c891-46fd-8f5c-72bc827f2ef5:20160407213829.126:704</Value>
          <Value>oMSyntax:704:1:55a73700-c891-46fd-8f5c-72bc827f2ef5:20160407213829.126:704</Value>
          <Value>schemaIDGUID:704:1:55a73700-c891-46fd-8f5c-72bc827f2ef5:20160407213829.126:704</Value>
          <Value>uSNChanged:704:1:55a73700-c891-46fd-8f5c-72bc827f2ef5:20160407213829.126:704</Value>
          <Value>uSNCreated:704:1:55a73700-c891-46fd-8f5c-72bc827f2ef5:20160407213829.126:704</Value>
          <Value>vmwAttributeUsage:704:1:55a73700-c891-46fd-8f5c-72bc827f2ef5:20160407213829.126:704</Value>
        </AttributeMetadata>
      </AttributeSchemaEntry>
      <AttributeSchemaEntry>
        <Name>division</Name>
        <AttributeMetadata>
          <Value>attributeID:913:1:55a73700-c891-46fd-8f5c-72bc827f2ef5:20160407213829.483:913</Value>
          <Value>attributeSyntax:913:1:55a73700-c891-46fd-8f5c-72bc827f2ef5:20160407213829.483:913</Value>
          <Value>cn:913:1:55a73700-c891-46fd-8f5c-72bc827f2ef5:20160407213829.483:913</Value>
          <Value>createTimeStamp:913:1:55a73700-c891-46fd-8f5c-72bc827f2ef5:20160407213829.483:913</Value>
          <Value>entryDN:913:1:55a73700-c891-46fd-8f5c-72bc827f2ef5:20160407213829.483:913</Value>
          <Value>isSingleValued:913:1:55a73700-c891-46fd-8f5c-72bc827f2ef5:20160407213829.483:913</Value>
          <Value>lDAPDisplayName:913:1:55a73700-c891-46fd-8f5c-72bc827f2ef5:20160407213829.483:913</Value>
          <Value>modifyTimeStamp:913:1:55a73700-c891-46fd-8f5c-72bc827f2ef5:20160407213829.483:913</Value>
          <Value>objectClass:913:1:55a73700-c891-46fd-8f5c-72bc827f2ef5:20160407213829.483:913</Value>
          <Value>objectGUID:913:1:55a73700-c891-46fd-8f5c-72bc827f2ef5:20160407213829.483:913</Value>
          <Value>oMSyntax:913:1:55a73700-c891-46fd-8f5c-72bc827f2ef5:20160407213829.483:913</Value>
          <Value>schemaIDGUID:913:1:55a73700-c891-46fd-8f5c-72bc827f2ef5:20160407213829.483:913</Value>
          <Value>uSNChanged:913:1:55a73700-c891-46fd-8f5c-72bc827f2ef5:20160407213829.483:913</Value>
          <Value>uSNCreated:913:1:55a73700-c891-46fd-8f5c-72bc827f2ef5:20160407213829.483:913</Value>
          <Value>vmwAttributeUsage:913:1:55a73700-c891-46fd-8f5c-72bc827f2ef5:20160407213829.483:913</Value>
        </AttributeMetadata>
      </AttributeSchemaEntry>
      <AttributeSchemaEntry>
        <Name>dMDLocation</Name>
        <AttributeMetadata>
          <Value>attributeID:1582:1:55a73700-c891-46fd-8f5c-72bc827f2ef5:20160407213830.627:1582</Value>
          <Value>attributeSyntax:1582:1:55a73700-c891-46fd-8f5c-72bc827f2ef5:20160407213830.627:1582</Value>
          <Value>cn:1582:1:55a73700-c891-46fd-8f5c-72bc827f2ef5:20160407213830.627:1582</Value>
          <Value>createTimeStamp:1582:1:55a73700-c891-46fd-8f5c-72bc827f2ef5:20160407213830.627:1582</Value>
          <Value>entryDN:1582:1:55a73700-c891-46fd-8f5c-72bc827f2ef5:20160407213830.627:1582</Value>
          <Value>isSingleValued:1582:1:55a73700-c891-46fd-8f5c-72bc827f2ef5:20160407213830.627:1582</Value>
          <Value>lDAPDisplayName:1582:1:55a73700-c891-46fd-8f5c-72bc827f2ef5:20160407213830.627:1582</Value>
          <Value>modifyTimeStamp:1582:1:55a73700-c891-46fd-8f5c-72bc827f2ef5:20160407213830.627:1582</Value>
          <Value>objectClass:1582:1:55a73700-c891-46fd-8f5c-72bc827f2ef5:20160407213830.627:1582</Value>
          <Value>objectGUID:1582:1:55a73700-c891-46fd-8f5c-72bc827f2ef5:20160407213830.627:1582</Value>
          <Value>oMSyntax:1582:1:55a73700-c891-46fd-8f5c-72bc827f2ef5:20160407213830.627:1582</Value>
          <Value>schemaIDGUID:1582:1:55a73700-c891-46fd-8f5c-72bc827f2ef5:20160407213830.627:1582</Value>
          <Value>uSNChanged:1582:1:55a73700-c891-46fd-8f5c-72bc827f2ef5:20160407213830.627:1582</Value>
          <Value>uSNCreated:1582:1:55a73700-c891-46fd-8f5c-72bc827f2ef5:20160407213830.627:1582</Value>
          <Value>vmwAttributeUsage:1582:1:55a73700-c891-46fd-8f5c-72bc827f2ef5:20160407213830.627:1582</Value>
        </AttributeMetadata>
      </AttributeSchemaEntry>
      <AttributeSchemaEntry>
        <Name>dmdName</Name>
        <AttributeMetadata>
          <Value>attributeID:264:1:55a73700-c891-46fd-8f5c-72bc827f2ef5:20160407213828.414:264</Value>
          <Value>attributeSyntax:264:1:55a73700-c891-46fd-8f5c-72bc827f2ef5:20160407213828.414:264</Value>
          <Value>cn:264:1:55a73700-c891-46fd-8f5c-72bc827f2ef5:20160407213828.414:264</Value>
          <Value>createTimeStamp:264:1:55a73700-c891-46fd-8f5c-72bc827f2ef5:20160407213828.414:264</Value>
          <Value>entryDN:264:1:55a73700-c891-46fd-8f5c-72bc827f2ef5:20160407213828.414:264</Value>
          <Value>isSingleValued:264:1:55a73700-c891-46fd-8f5c-72bc827f2ef5:20160407213828.414:264</Value>
          <Value>lDAPDisplayName:264:1:55a73700-c891-46fd-8f5c-72bc827f2ef5:20160407213828.414:264</Value>
          <Value>modifyTimeStamp:264:1:55a73700-c891-46fd-8f5c-72bc827f2ef5:20160407213828.414:264</Value>
          <Value>objectClass:264:1:55a73700-c891-46fd-8f5c-72bc827f2ef5:20160407213828.414:264</Value>
          <Value>objectGUID:264:1:55a73700-c891-46fd-8f5c-72bc827f2ef5:20160407213828.414:264</Value>
          <Value>oMSyntax:264:1:55a73700-c891-46fd-8f5c-72bc827f2ef5:20160407213828.414:264</Value>
          <Value>schemaIDGUID:264:1:55a73700-c891-46fd-8f5c-72bc827f2ef5:20160407213828.414:264</Value>
          <Value>uSNChanged:264:1:55a73700-c891-46fd-8f5c-72bc827f2ef5:20160407213828.414:264</Value>
          <Value>uSNCreated:264:1:55a73700-c891-46fd-8f5c-72bc827f2ef5:20160407213828.414:264</Value>
          <Value>vmwAttributeUsage:264:1:55a73700-c891-46fd-8f5c-72bc827f2ef5:20160407213828.414:264</Value>
        </AttributeMetadata>
      </AttributeSchemaEntry>
      <AttributeSchemaEntry>
        <Name>dn</Name>
        <AttributeMetadata>
          <Value>attributeID:109:1:55a73700-c891-46fd-8f5c-72bc827f2ef5:20160407213828.200:109</Value>
          <Value>attributeSyntax:109:1:55a73700-c891-46fd-8f5c-72bc827f2ef5:20160407213828.200:109</Value>
          <Value>cn:109:1:55a73700-c891-46fd-8f5c-72bc827f2ef5:20160407213828.200:109</Value>
          <Value>createTimeStamp:109:1:55a73700-c891-46fd-8f5c-72bc827f2ef5:20160407213828.200:109</Value>
          <Value>entryDN:109:1:55a73700-c891-46fd-8f5c-72bc827f2ef5:20160407213828.200:109</Value>
          <Value>isSingleValued:109:1:55a73700-c891-46fd-8f5c-72bc827f2ef5:20160407213828.200:109</Value>
          <Value>lDAPDisplayName:109:1:55a73700-c891-46fd-8f5c-72bc827f2ef5:20160407213828.200:109</Value>
          <Value>modifyTimeStamp:109:1:55a73700-c891-46fd-8f5c-72bc827f2ef5:20160407213828.200:109</Value>
          <Value>objectClass:109:1:55a73700-c891-46fd-8f5c-72bc827f2ef5:20160407213828.200:109</Value>
          <Value>objectGUID:109:1:55a73700-c891-46fd-8f5c-72bc827f2ef5:20160407213828.200:109</Value>
          <Value>oMSyntax:109:1:55a73700-c891-46fd-8f5c-72bc827f2ef5:20160407213828.200:109</Value>
          <Value>schemaIDGUID:109:1:55a73700-c891-46fd-8f5c-72bc827f2ef5:20160407213828.200:109</Value>
          <Value>uSNChanged:109:1:55a73700-c891-46fd-8f5c-72bc827f2ef5:20160407213828.200:109</Value>
          <Value>uSNCreated:109:1:55a73700-c891-46fd-8f5c-72bc827f2ef5:20160407213828.200:109</Value>
          <Value>vmwAttributeUsage:109:1:55a73700-c891-46fd-8f5c-72bc827f2ef5:20160407213828.200:109</Value>
        </AttributeMetadata>
      </AttributeSchemaEntry>
      <AttributeSchemaEntry>
        <Name>dnQualifier</Name>
        <AttributeMetadata>
          <Value>attributeID:1424:1:55a73700-c891-46fd-8f5c-72bc827f2ef5:20160407213830.362:1424</Value>
          <Value>attributeSyntax:1424:1:55a73700-c891-46fd-8f5c-72bc827f2ef5:20160407213830.362:1424</Value>
          <Value>cn:1424:1:55a73700-c891-46fd-8f5c-72bc827f2ef5:20160407213830.362:1424</Value>
          <Value>createTimeStamp:1424:1:55a73700-c891-46fd-8f5c-72bc827f2ef5:20160407213830.362:1424</Value>
          <Value>description:1424:1:55a73700-c891-46fd-8f5c-72bc827f2ef5:20160407213830.362:1424</Value>
          <Value>entryDN:1424:1:55a73700-c891-46fd-8f5c-72bc827f2ef5:20160407213830.362:1424</Value>
          <Value>isSingleValued:1424:1:55a73700-c891-46fd-8f5c-72bc827f2ef5:20160407213830.362:1424</Value>
          <Value>lDAPDisplayName:1424:1:55a73700-c891-46fd-8f5c-72bc827f2ef5:20160407213830.362:1424</Value>
          <Value>modifyTimeStamp:1424:1:55a73700-c891-46fd-8f5c-72bc827f2ef5:20160407213830.362:1424</Value>
          <Value>objectClass:1424:1:55a73700-c891-46fd-8f5c-72bc827f2ef5:20160407213830.362:1424</Value>
          <Value>objectGUID:1424:1:55a73700-c891-46fd-8f5c-72bc827f2ef5:20160407213830.362:1424</Value>
          <Value>oMSyntax:1424:1:55a73700-c891-46fd-8f5c-72bc827f2ef5:20160407213830.362:1424</Value>
          <Value>schemaIDGUID:1424:1:55a73700-c891-46fd-8f5c-72bc827f2ef5:20160407213830.362:1424</Value>
          <Value>uSNChanged:1424:1:55a73700-c891-46fd-8f5c-72bc827f2ef5:20160407213830.362:1424</Value>
          <Value>uSNCreated:1424:1:55a73700-c891-46fd-8f5c-72bc827f2ef5:20160407213830.362:1424</Value>
          <Value>vmwAttributeUsage:1424:1:55a73700-c891-46fd-8f5c-72bc827f2ef5:20160407213830.362:1424</Value>
        </AttributeMetadata>
      </AttributeSchemaEntry>
      <AttributeSchemaEntry>
        <Name>dNReferenceUpdate</Name>
        <AttributeMetadata>
          <Value>attributeID:268:1:55a73700-c891-46fd-8f5c-72bc827f2ef5:20160407213828.418:268</Value>
          <Value>attributeSyntax:268:1:55a73700-c891-46fd-8f5c-72bc827f2ef5:20160407213828.418:268</Value>
          <Value>cn:268:1:55a73700-c891-46fd-8f5c-72bc827f2ef5:20160407213828.418:268</Value>
          <Value>createTimeStamp:268:1:55a73700-c891-46fd-8f5c-72bc827f2ef5:20160407213828.418:268</Value>
          <Value>entryDN:268:1:55a73700-c891-46fd-8f5c-72bc827f2ef5:20160407213828.418:268</Value>
          <Value>isSingleValued:268:1:55a73700-c891-46fd-8f5c-72bc827f2ef5:20160407213828.418:268</Value>
          <Value>lDAPDisplayName:268:1:55a73700-c891-46fd-8f5c-72bc827f2ef5:20160407213828.418:268</Value>
          <Value>modifyTimeStamp:268:1:55a73700-c891-46fd-8f5c-72bc827f2ef5:20160407213828.418:268</Value>
          <Value>objectClass:268:1:55a73700-c891-46fd-8f5c-72bc827f2ef5:20160407213828.418:268</Value>
          <Value>objectGUID:268:1:55a73700-c891-46fd-8f5c-72bc827f2ef5:20160407213828.418:268</Value>
          <Value>oMSyntax:268:1:55a73700-c891-46fd-8f5c-72bc827f2ef5:20160407213828.418:268</Value>
          <Value>schemaIDGUID:268:1:55a73700-c891-46fd-8f5c-72bc827f2ef5:20160407213828.418:268</Value>
          <Value>uSNChanged:268:1:55a73700-c891-46fd-8f5c-72bc827f2ef5:20160407213828.418:268</Value>
          <Value>uSNCreated:268:1:55a73700-c891-46fd-8f5c-72bc827f2ef5:20160407213828.418:268</Value>
          <Value>vmwAttributeUsage:268:1:55a73700-c891-46fd-8f5c-72bc827f2ef5:20160407213828.418:268</Value>
        </AttributeMetadata>
      </AttributeSchemaEntry>
      <AttributeSchemaEntry>
        <Name>dnsAllowDynamic</Name>
        <AttributeMetadata>
          <Value>attributeID:354:1:55a73700-c891-46fd-8f5c-72bc827f2ef5:20160407213828.552:354</Value>
          <Value>attributeSyntax:354:1:55a73700-c891-46fd-8f5c-72bc827f2ef5:20160407213828.552:354</Value>
          <Value>cn:354:1:55a73700-c891-46fd-8f5c-72bc827f2ef5:20160407213828.552:354</Value>
          <Value>createTimeStamp:354:1:55a73700-c891-46fd-8f5c-72bc827f2ef5:20160407213828.552:354</Value>
          <Value>entryDN:354:1:55a73700-c891-46fd-8f5c-72bc827f2ef5:20160407213828.552:354</Value>
          <Value>isSingleValued:354:1:55a73700-c891-46fd-8f5c-72bc827f2ef5:20160407213828.552:354</Value>
          <Value>lDAPDisplayName:354:1:55a73700-c891-46fd-8f5c-72bc827f2ef5:20160407213828.552:354</Value>
          <Value>modifyTimeStamp:354:1:55a73700-c891-46fd-8f5c-72bc827f2ef5:20160407213828.552:354</Value>
          <Value>objectClass:354:1:55a73700-c891-46fd-8f5c-72bc827f2ef5:20160407213828.552:354</Value>
          <Value>objectGUID:354:1:55a73700-c891-46fd-8f5c-72bc827f2ef5:20160407213828.552:354</Value>
          <Value>oMSyntax:354:1:55a73700-c891-46fd-8f5c-72bc827f2ef5:20160407213828.552:354</Value>
          <Value>schemaIDGUID:354:1:55a73700-c891-46fd-8f5c-72bc827f2ef5:20160407213828.552:354</Value>
          <Value>uSNChanged:354:1:55a73700-c891-46fd-8f5c-72bc827f2ef5:20160407213828.552:354</Value>
          <Value>uSNCreated:354:1:55a73700-c891-46fd-8f5c-72bc827f2ef5:20160407213828.552:354</Value>
          <Value>vmwAttributeUsage:354:1:55a73700-c891-46fd-8f5c-72bc827f2ef5:20160407213828.552:354</Value>
        </AttributeMetadata>
      </AttributeSchemaEntry>
      <AttributeSchemaEntry>
        <Name>dnsAllowXFR</Name>
        <AttributeMetadata>
          <Value>attributeID:863:1:55a73700-c891-46fd-8f5c-72bc827f2ef5:20160407213829.403:863</Value>
          <Value>attributeSyntax:863:1:55a73700-c891-46fd-8f5c-72bc827f2ef5:20160407213829.403:863</Value>
          <Value>cn:863:1:55a73700-c891-46fd-8f5c-72bc827f2ef5:20160407213829.403:863</Value>
          <Value>createTimeStamp:863:1:55a73700-c891-46fd-8f5c-72bc827f2ef5:20160407213829.403:863</Value>
          <Value>entryDN:863:1:55a73700-c891-46fd-8f5c-72bc827f2ef5:20160407213829.403:863</Value>
          <Value>isSingleValued:863:1:55a73700-c891-46fd-8f5c-72bc827f2ef5:20160407213829.403:863</Value>
          <Value>lDAPDisplayName:863:1:55a73700-c891-46fd-8f5c-72bc827f2ef5:20160407213829.403:863</Value>
          <Value>modifyTimeStamp:863:1:55a73700-c891-46fd-8f5c-72bc827f2ef5:20160407213829.403:863</Value>
          <Value>objectClass:863:1:55a73700-c891-46fd-8f5c-72bc827f2ef5:20160407213829.403:863</Value>
          <Value>objectGUID:863:1:55a73700-c891-46fd-8f5c-72bc827f2ef5:20160407213829.403:863</Value>
          <Value>oMSyntax:863:1:55a73700-c891-46fd-8f5c-72bc827f2ef5:20160407213829.403:863</Value>
          <Value>schemaIDGUID:863:1:55a73700-c891-46fd-8f5c-72bc827f2ef5:20160407213829.403:863</Value>
          <Value>uSNChanged:863:1:55a73700-c891-46fd-8f5c-72bc827f2ef5:20160407213829.403:863</Value>
          <Value>uSNCreated:863:1:55a73700-c891-46fd-8f5c-72bc827f2ef5:20160407213829.403:863</Value>
          <Value>vmwAttributeUsage:863:1:55a73700-c891-46fd-8f5c-72bc827f2ef5:20160407213829.403:863</Value>
        </AttributeMetadata>
      </AttributeSchemaEntry>
      <AttributeSchemaEntry>
        <Name>dNSHostName</Name>
        <AttributeMetadata>
          <Value>attributeID:1324:1:55a73700-c891-46fd-8f5c-72bc827f2ef5:20160407213830.203:1324</Value>
          <Value>attributeSyntax:1324:1:55a73700-c891-46fd-8f5c-72bc827f2ef5:20160407213830.203:1324</Value>
          <Value>cn:1324:1:55a73700-c891-46fd-8f5c-72bc827f2ef5:20160407213830.203:1324</Value>
          <Value>createTimeStamp:1324:1:55a73700-c891-46fd-8f5c-72bc827f2ef5:20160407213830.203:1324</Value>
          <Value>entryDN:1324:1:55a73700-c891-46fd-8f5c-72bc827f2ef5:20160407213830.203:1324</Value>
          <Value>isSingleValued:1324:1:55a73700-c891-46fd-8f5c-72bc827f2ef5:20160407213830.203:1324</Value>
          <Value>lDAPDisplayName:1324:1:55a73700-c891-46fd-8f5c-72bc827f2ef5:20160407213830.203:1324</Value>
          <Value>modifyTimeStamp:1324:1:55a73700-c891-46fd-8f5c-72bc827f2ef5:20160407213830.203:1324</Value>
          <Value>objectClass:1324:1:55a73700-c891-46fd-8f5c-72bc827f2ef5:20160407213830.203:1324</Value>
          <Value>objectGUID:1324:1:55a73700-c891-46fd-8f5c-72bc827f2ef5:20160407213830.203:1324</Value>
          <Value>oMSyntax:1324:1:55a73700-c891-46fd-8f5c-72bc827f2ef5:20160407213830.203:1324</Value>
          <Value>schemaIDGUID:1324:1:55a73700-c891-46fd-8f5c-72bc827f2ef5:20160407213830.203:1324</Value>
          <Value>uSNChanged:1324:1:55a73700-c891-46fd-8f5c-72bc827f2ef5:20160407213830.203:1324</Value>
          <Value>uSNCreated:1324:1:55a73700-c891-46fd-8f5c-72bc827f2ef5:20160407213830.203:1324</Value>
          <Value>vmwAttributeUsage:1324:1:55a73700-c891-46fd-8f5c-72bc827f2ef5:20160407213830.203:1324</Value>
        </AttributeMetadata>
      </AttributeSchemaEntry>
      <AttributeSchemaEntry>
        <Name>dnsNotifySecondaries</Name>
        <AttributeMetadata>
          <Value>attributeID:412:1:55a73700-c891-46fd-8f5c-72bc827f2ef5:20160407213828.642:412</Value>
          <Value>attributeSyntax:412:1:55a73700-c891-46fd-8f5c-72bc827f2ef5:20160407213828.642:412</Value>
          <Value>cn:412:1:55a73700-c891-46fd-8f5c-72bc827f2ef5:20160407213828.642:412</Value>
          <Value>createTimeStamp:412:1:55a73700-c891-46fd-8f5c-72bc827f2ef5:20160407213828.642:412</Value>
          <Value>entryDN:412:1:55a73700-c891-46fd-8f5c-72bc827f2ef5:20160407213828.642:412</Value>
          <Value>isSingleValued:412:1:55a73700-c891-46fd-8f5c-72bc827f2ef5:20160407213828.642:412</Value>
          <Value>lDAPDisplayName:412:1:55a73700-c891-46fd-8f5c-72bc827f2ef5:20160407213828.642:412</Value>
          <Value>modifyTimeStamp:412:1:55a73700-c891-46fd-8f5c-72bc827f2ef5:20160407213828.642:412</Value>
          <Value>objectClass:412:1:55a73700-c891-46fd-8f5c-72bc827f2ef5:20160407213828.642:412</Value>
          <Value>objectGUID:412:1:55a73700-c891-46fd-8f5c-72bc827f2ef5:20160407213828.642:412</Value>
          <Value>oMSyntax:412:1:55a73700-c891-46fd-8f5c-72bc827f2ef5:20160407213828.642:412</Value>
          <Value>schemaIDGUID:412:1:55a73700-c891-46fd-8f5c-72bc827f2ef5:20160407213828.642:412</Value>
          <Value>uSNChanged:412:1:55a73700-c891-46fd-8f5c-72bc827f2ef5:20160407213828.642:412</Value>
          <Value>uSNCreated:412:1:55a73700-c891-46fd-8f5c-72bc827f2ef5:20160407213828.642:412</Value>
          <Value>vmwAttributeUsage:412:1:55a73700-c891-46fd-8f5c-72bc827f2ef5:20160407213828.642:412</Value>
        </AttributeMetadata>
      </AttributeSchemaEntry>
      <AttributeSchemaEntry>
        <Name>dNSProperty</Name>
        <AttributeMetadata>
          <Value>attributeID:568:1:55a73700-c891-46fd-8f5c-72bc827f2ef5:20160407213828.891:568</Value>
          <Value>attributeSyntax:568:1:55a73700-c891-46fd-8f5c-72bc827f2ef5:20160407213828.891:568</Value>
          <Value>cn:568:1:55a73700-c891-46fd-8f5c-72bc827f2ef5:20160407213828.891:568</Value>
          <Value>createTimeStamp:568:1:55a73700-c891-46fd-8f5c-72bc827f2ef5:20160407213828.891:568</Value>
          <Value>entryDN:568:1:55a73700-c891-46fd-8f5c-72bc827f2ef5:20160407213828.891:568</Value>
          <Value>isSingleValued:568:1:55a73700-c891-46fd-8f5c-72bc827f2ef5:20160407213828.891:568</Value>
          <Value>lDAPDisplayName:568:1:55a73700-c891-46fd-8f5c-72bc827f2ef5:20160407213828.891:568</Value>
          <Value>modifyTimeStamp:568:1:55a73700-c891-46fd-8f5c-72bc827f2ef5:20160407213828.891:568</Value>
          <Value>objectClass:568:1:55a73700-c891-46fd-8f5c-72bc827f2ef5:20160407213828.891:568</Value>
          <Value>objectGUID:568:1:55a73700-c891-46fd-8f5c-72bc827f2ef5:20160407213828.891:568</Value>
          <Value>oMSyntax:568:1:55a73700-c891-46fd-8f5c-72bc827f2ef5:20160407213828.891:568</Value>
          <Value>schemaIDGUID:568:1:55a73700-c891-46fd-8f5c-72bc827f2ef5:20160407213828.891:568</Value>
          <Value>uSNChanged:568:1:55a73700-c891-46fd-8f5c-72bc827f2ef5:20160407213828.891:568</Value>
          <Value>uSNCreated:568:1:55a73700-c891-46fd-8f5c-72bc827f2ef5:20160407213828.891:568</Value>
          <Value>vmwAttributeUsage:568:1:55a73700-c891-46fd-8f5c-72bc827f2ef5:20160407213828.891:568</Value>
        </AttributeMetadata>
      </AttributeSchemaEntry>
      <AttributeSchemaEntry>
        <Name>dnsRecord</Name>
        <AttributeMetadata>
          <Value>attributeID:511:1:55a73700-c891-46fd-8f5c-72bc827f2ef5:20160407213828.798:511</Value>
          <Value>attributeSyntax:511:1:55a73700-c891-46fd-8f5c-72bc827f2ef5:20160407213828.798:511</Value>
          <Value>cn:511:1:55a73700-c891-46fd-8f5c-72bc827f2ef5:20160407213828.798:511</Value>
          <Value>createTimeStamp:511:1:55a73700-c891-46fd-8f5c-72bc827f2ef5:20160407213828.798:511</Value>
          <Value>entryDN:511:1:55a73700-c891-46fd-8f5c-72bc827f2ef5:20160407213828.798:511</Value>
          <Value>isSingleValued:511:1:55a73700-c891-46fd-8f5c-72bc827f2ef5:20160407213828.798:511</Value>
          <Value>lDAPDisplayName:511:1:55a73700-c891-46fd-8f5c-72bc827f2ef5:20160407213828.798:511</Value>
          <Value>modifyTimeStamp:511:1:55a73700-c891-46fd-8f5c-72bc827f2ef5:20160407213828.798:511</Value>
          <Value>objectClass:511:1:55a73700-c891-46fd-8f5c-72bc827f2ef5:20160407213828.798:511</Value>
          <Value>objectGUID:511:1:55a73700-c891-46fd-8f5c-72bc827f2ef5:20160407213828.798:511</Value>
          <Value>oMSyntax:511:1:55a73700-c891-46fd-8f5c-72bc827f2ef5:20160407213828.798:511</Value>
          <Value>schemaIDGUID:511:1:55a73700-c891-46fd-8f5c-72bc827f2ef5:20160407213828.798:511</Value>
          <Value>uSNChanged:511:1:55a73700-c891-46fd-8f5c-72bc827f2ef5:20160407213828.798:511</Value>
          <Value>uSNCreated:511:1:55a73700-c891-46fd-8f5c-72bc827f2ef5:20160407213828.798:511</Value>
          <Value>vmwAttributeUsage:511:1:55a73700-c891-46fd-8f5c-72bc827f2ef5:20160407213828.798:511</Value>
        </AttributeMetadata>
      </AttributeSchemaEntry>
      <AttributeSchemaEntry>
        <Name>dnsRoot</Name>
        <AttributeMetadata>
          <Value>attributeID:187:1:55a73700-c891-46fd-8f5c-72bc827f2ef5:20160407213828.302:187</Value>
          <Value>attributeSyntax:187:1:55a73700-c891-46fd-8f5c-72bc827f2ef5:20160407213828.302:187</Value>
          <Value>cn:187:1:55a73700-c891-46fd-8f5c-72bc827f2ef5:20160407213828.302:187</Value>
          <Value>createTimeStamp:187:1:55a73700-c891-46fd-8f5c-72bc827f2ef5:20160407213828.302:187</Value>
          <Value>entryDN:187:1:55a73700-c891-46fd-8f5c-72bc827f2ef5:20160407213828.302:187</Value>
          <Value>isSingleValued:187:1:55a73700-c891-46fd-8f5c-72bc827f2ef5:20160407213828.302:187</Value>
          <Value>lDAPDisplayName:187:1:55a73700-c891-46fd-8f5c-72bc827f2ef5:20160407213828.302:187</Value>
          <Value>modifyTimeStamp:187:1:55a73700-c891-46fd-8f5c-72bc827f2ef5:20160407213828.302:187</Value>
          <Value>objectClass:187:1:55a73700-c891-46fd-8f5c-72bc827f2ef5:20160407213828.302:187</Value>
          <Value>objectGUID:187:1:55a73700-c891-46fd-8f5c-72bc827f2ef5:20160407213828.302:187</Value>
          <Value>oMSyntax:187:1:55a73700-c891-46fd-8f5c-72bc827f2ef5:20160407213828.302:187</Value>
          <Value>schemaIDGUID:187:1:55a73700-c891-46fd-8f5c-72bc827f2ef5:20160407213828.302:187</Value>
          <Value>uSNChanged:187:1:55a73700-c891-46fd-8f5c-72bc827f2ef5:20160407213828.302:187</Value>
          <Value>uSNCreated:187:1:55a73700-c891-46fd-8f5c-72bc827f2ef5:20160407213828.302:187</Value>
          <Value>vmwAttributeUsage:187:1:55a73700-c891-46fd-8f5c-72bc827f2ef5:20160407213828.302:187</Value>
        </AttributeMetadata>
      </AttributeSchemaEntry>
      <AttributeSchemaEntry>
        <Name>dnsSecureSecondaries</Name>
        <AttributeMetadata>
          <Value>attributeID:1518:1:55a73700-c891-46fd-8f5c-72bc827f2ef5:20160407213830.521:1518</Value>
          <Value>attributeSyntax:1518:1:55a73700-c891-46fd-8f5c-72bc827f2ef5:20160407213830.521:1518</Value>
          <Value>cn:1518:1:55a73700-c891-46fd-8f5c-72bc827f2ef5:20160407213830.521:1518</Value>
          <Value>createTimeStamp:1518:1:55a73700-c891-46fd-8f5c-72bc827f2ef5:20160407213830.521:1518</Value>
          <Value>entryDN:1518:1:55a73700-c891-46fd-8f5c-72bc827f2ef5:20160407213830.521:1518</Value>
          <Value>isSingleValued:1518:1:55a73700-c891-46fd-8f5c-72bc827f2ef5:20160407213830.521:1518</Value>
          <Value>lDAPDisplayName:1518:1:55a73700-c891-46fd-8f5c-72bc827f2ef5:20160407213830.521:1518</Value>
          <Value>modifyTimeStamp:1518:1:55a73700-c891-46fd-8f5c-72bc827f2ef5:20160407213830.521:1518</Value>
          <Value>objectClass:1518:1:55a73700-c891-46fd-8f5c-72bc827f2ef5:20160407213830.521:1518</Value>
          <Value>objectGUID:1518:1:55a73700-c891-46fd-8f5c-72bc827f2ef5:20160407213830.521:1518</Value>
          <Value>oMSyntax:1518:1:55a73700-c891-46fd-8f5c-72bc827f2ef5:20160407213830.521:1518</Value>
          <Value>schemaIDGUID:1518:1:55a73700-c891-46fd-8f5c-72bc827f2ef5:20160407213830.521:1518</Value>
          <Value>uSNChanged:1518:1:55a73700-c891-46fd-8f5c-72bc827f2ef5:20160407213830.521:1518</Value>
          <Value>uSNCreated:1518:1:55a73700-c891-46fd-8f5c-72bc827f2ef5:20160407213830.521:1518</Value>
          <Value>vmwAttributeUsage:1518:1:55a73700-c891-46fd-8f5c-72bc827f2ef5:20160407213830.521:1518</Value>
        </AttributeMetadata>
      </AttributeSchemaEntry>
      <AttributeSchemaEntry>
        <Name>dNSTombstoned</Name>
        <AttributeMetadata>
          <Value>attributeID:338:1:55a73700-c891-46fd-8f5c-72bc827f2ef5:20160407213828.528:338</Value>
          <Value>attributeSyntax:338:1:55a73700-c891-46fd-8f5c-72bc827f2ef5:20160407213828.528:338</Value>
          <Value>cn:338:1:55a73700-c891-46fd-8f5c-72bc827f2ef5:20160407213828.528:338</Value>
          <Value>createTimeStamp:338:1:55a73700-c891-46fd-8f5c-72bc827f2ef5:20160407213828.528:338</Value>
          <Value>entryDN:338:1:55a73700-c891-46fd-8f5c-72bc827f2ef5:20160407213828.528:338</Value>
          <Value>isSingleValued:338:1:55a73700-c891-46fd-8f5c-72bc827f2ef5:20160407213828.528:338</Value>
          <Value>lDAPDisplayName:338:1:55a73700-c891-46fd-8f5c-72bc827f2ef5:20160407213828.528:338</Value>
          <Value>modifyTimeStamp:338:1:55a73700-c891-46fd-8f5c-72bc827f2ef5:20160407213828.528:338</Value>
          <Value>objectClass:338:1:55a73700-c891-46fd-8f5c-72bc827f2ef5:20160407213828.528:338</Value>
          <Value>objectGUID:338:1:55a73700-c891-46fd-8f5c-72bc827f2ef5:20160407213828.528:338</Value>
          <Value>oMSyntax:338:1:55a73700-c891-46fd-8f5c-72bc827f2ef5:20160407213828.528:338</Value>
          <Value>schemaIDGUID:338:1:55a73700-c891-46fd-8f5c-72bc827f2ef5:20160407213828.528:338</Value>
          <Value>uSNChanged:338:1:55a73700-c891-46fd-8f5c-72bc827f2ef5:20160407213828.528:338</Value>
          <Value>uSNCreated:338:1:55a73700-c891-46fd-8f5c-72bc827f2ef5:20160407213828.528:338</Value>
          <Value>vmwAttributeUsage:338:1:55a73700-c891-46fd-8f5c-72bc827f2ef5:20160407213828.528:338</Value>
        </AttributeMetadata>
      </AttributeSchemaEntry>
      <AttributeSchemaEntry>
        <Name>documentAuthor</Name>
        <AttributeMetadata>
          <Value>attributeID:263:1:55a73700-c891-46fd-8f5c-72bc827f2ef5:20160407213828.414:263</Value>
          <Value>attributeSyntax:263:1:55a73700-c891-46fd-8f5c-72bc827f2ef5:20160407213828.414:263</Value>
          <Value>cn:263:1:55a73700-c891-46fd-8f5c-72bc827f2ef5:20160407213828.414:263</Value>
          <Value>createTimeStamp:263:1:55a73700-c891-46fd-8f5c-72bc827f2ef5:20160407213828.414:263</Value>
          <Value>entryDN:263:1:55a73700-c891-46fd-8f5c-72bc827f2ef5:20160407213828.414:263</Value>
          <Value>isSingleValued:263:1:55a73700-c891-46fd-8f5c-72bc827f2ef5:20160407213828.414:263</Value>
          <Value>lDAPDisplayName:263:1:55a73700-c891-46fd-8f5c-72bc827f2ef5:20160407213828.414:263</Value>
          <Value>modifyTimeStamp:263:1:55a73700-c891-46fd-8f5c-72bc827f2ef5:20160407213828.414:263</Value>
          <Value>objectClass:263:1:55a73700-c891-46fd-8f5c-72bc827f2ef5:20160407213828.414:263</Value>
          <Value>objectGUID:263:1:55a73700-c891-46fd-8f5c-72bc827f2ef5:20160407213828.414:263</Value>
          <Value>oMSyntax:263:1:55a73700-c891-46fd-8f5c-72bc827f2ef5:20160407213828.414:263</Value>
          <Value>schemaIDGUID:263:1:55a73700-c891-46fd-8f5c-72bc827f2ef5:20160407213828.414:263</Value>
          <Value>uSNChanged:263:1:55a73700-c891-46fd-8f5c-72bc827f2ef5:20160407213828.414:263</Value>
          <Value>uSNCreated:263:1:55a73700-c891-46fd-8f5c-72bc827f2ef5:20160407213828.414:263</Value>
          <Value>vmwAttributeUsage:263:1:55a73700-c891-46fd-8f5c-72bc827f2ef5:20160407213828.414:263</Value>
        </AttributeMetadata>
      </AttributeSchemaEntry>
      <AttributeSchemaEntry>
        <Name>documentIdentifier</Name>
        <AttributeMetadata>
          <Value>attributeID:1571:1:55a73700-c891-46fd-8f5c-72bc827f2ef5:20160407213830.611:1571</Value>
          <Value>attributeSyntax:1571:1:55a73700-c891-46fd-8f5c-72bc827f2ef5:20160407213830.611:1571</Value>
          <Value>cn:1571:1:55a73700-c891-46fd-8f5c-72bc827f2ef5:20160407213830.611:1571</Value>
          <Value>createTimeStamp:1571:1:55a73700-c891-46fd-8f5c-72bc827f2ef5:20160407213830.611:1571</Value>
          <Value>entryDN:1571:1:55a73700-c891-46fd-8f5c-72bc827f2ef5:20160407213830.611:1571</Value>
          <Value>isSingleValued:1571:1:55a73700-c891-46fd-8f5c-72bc827f2ef5:20160407213830.611:1571</Value>
          <Value>lDAPDisplayName:1571:1:55a73700-c891-46fd-8f5c-72bc827f2ef5:20160407213830.611:1571</Value>
          <Value>modifyTimeStamp:1571:1:55a73700-c891-46fd-8f5c-72bc827f2ef5:20160407213830.611:1571</Value>
          <Value>objectClass:1571:1:55a73700-c891-46fd-8f5c-72bc827f2ef5:20160407213830.611:1571</Value>
          <Value>objectGUID:1571:1:55a73700-c891-46fd-8f5c-72bc827f2ef5:20160407213830.611:1571</Value>
          <Value>oMSyntax:1571:1:55a73700-c891-46fd-8f5c-72bc827f2ef5:20160407213830.611:1571</Value>
          <Value>schemaIDGUID:1571:1:55a73700-c891-46fd-8f5c-72bc827f2ef5:20160407213830.611:1571</Value>
          <Value>uSNChanged:1571:1:55a73700-c891-46fd-8f5c-72bc827f2ef5:20160407213830.611:1571</Value>
          <Value>uSNCreated:1571:1:55a73700-c891-46fd-8f5c-72bc827f2ef5:20160407213830.611:1571</Value>
          <Value>vmwAttributeUsage:1571:1:55a73700-c891-46fd-8f5c-72bc827f2ef5:20160407213830.611:1571</Value>
        </AttributeMetadata>
      </AttributeSchemaEntry>
      <AttributeSchemaEntry>
        <Name>documentLocation</Name>
        <AttributeMetadata>
          <Value>attributeID:1717:1:55a73700-c891-46fd-8f5c-72bc827f2ef5:20160407213830.860:1717</Value>
          <Value>attributeSyntax:1717:1:55a73700-c891-46fd-8f5c-72bc827f2ef5:20160407213830.860:1717</Value>
          <Value>cn:1717:1:55a73700-c891-46fd-8f5c-72bc827f2ef5:20160407213830.860:1717</Value>
          <Value>createTimeStamp:1717:1:55a73700-c891-46fd-8f5c-72bc827f2ef5:20160407213830.860:1717</Value>
          <Value>entryDN:1717:1:55a73700-c891-46fd-8f5c-72bc827f2ef5:20160407213830.860:1717</Value>
          <Value>isSingleValued:1717:1:55a73700-c891-46fd-8f5c-72bc827f2ef5:20160407213830.860:1717</Value>
          <Value>lDAPDisplayName:1717:1:55a73700-c891-46fd-8f5c-72bc827f2ef5:20160407213830.860:1717</Value>
          <Value>modifyTimeStamp:1717:1:55a73700-c891-46fd-8f5c-72bc827f2ef5:20160407213830.860:1717</Value>
          <Value>objectClass:1717:1:55a73700-c891-46fd-8f5c-72bc827f2ef5:20160407213830.860:1717</Value>
          <Value>objectGUID:1717:1:55a73700-c891-46fd-8f5c-72bc827f2ef5:20160407213830.860:1717</Value>
          <Value>oMSyntax:1717:1:55a73700-c891-46fd-8f5c-72bc827f2ef5:20160407213830.860:1717</Value>
          <Value>schemaIDGUID:1717:1:55a73700-c891-46fd-8f5c-72bc827f2ef5:20160407213830.860:1717</Value>
          <Value>uSNChanged:1717:1:55a73700-c891-46fd-8f5c-72bc827f2ef5:20160407213830.860:1717</Value>
          <Value>uSNCreated:1717:1:55a73700-c891-46fd-8f5c-72bc827f2ef5:20160407213830.860:1717</Value>
          <Value>vmwAttributeUsage:1717:1:55a73700-c891-46fd-8f5c-72bc827f2ef5:20160407213830.860:1717</Value>
        </AttributeMetadata>
      </AttributeSchemaEntry>
      <AttributeSchemaEntry>
        <Name>documentPublisher</Name>
        <AttributeMetadata>
          <Value>attributeID:414:1:55a73700-c891-46fd-8f5c-72bc827f2ef5:20160407213828.644:414</Value>
          <Value>attributeSyntax:414:1:55a73700-c891-46fd-8f5c-72bc827f2ef5:20160407213828.644:414</Value>
          <Value>cn:414:1:55a73700-c891-46fd-8f5c-72bc827f2ef5:20160407213828.644:414</Value>
          <Value>createTimeStamp:414:1:55a73700-c891-46fd-8f5c-72bc827f2ef5:20160407213828.644:414</Value>
          <Value>entryDN:414:1:55a73700-c891-46fd-8f5c-72bc827f2ef5:20160407213828.644:414</Value>
          <Value>isSingleValued:414:1:55a73700-c891-46fd-8f5c-72bc827f2ef5:20160407213828.644:414</Value>
          <Value>lDAPDisplayName:414:1:55a73700-c891-46fd-8f5c-72bc827f2ef5:20160407213828.644:414</Value>
          <Value>modifyTimeStamp:414:1:55a73700-c891-46fd-8f5c-72bc827f2ef5:20160407213828.644:414</Value>
          <Value>objectClass:414:1:55a73700-c891-46fd-8f5c-72bc827f2ef5:20160407213828.644:414</Value>
          <Value>objectGUID:414:1:55a73700-c891-46fd-8f5c-72bc827f2ef5:20160407213828.644:414</Value>
          <Value>oMSyntax:414:1:55a73700-c891-46fd-8f5c-72bc827f2ef5:20160407213828.644:414</Value>
          <Value>schemaIDGUID:414:1:55a73700-c891-46fd-8f5c-72bc827f2ef5:20160407213828.644:414</Value>
          <Value>uSNChanged:414:1:55a73700-c891-46fd-8f5c-72bc827f2ef5:20160407213828.644:414</Value>
          <Value>uSNCreated:414:1:55a73700-c891-46fd-8f5c-72bc827f2ef5:20160407213828.644:414</Value>
          <Value>vmwAttributeUsage:414:1:55a73700-c891-46fd-8f5c-72bc827f2ef5:20160407213828.644:414</Value>
        </AttributeMetadata>
      </AttributeSchemaEntry>
      <AttributeSchemaEntry>
        <Name>documentTitle</Name>
        <AttributeMetadata>
          <Value>attributeID:201:1:55a73700-c891-46fd-8f5c-72bc827f2ef5:20160407213828.323:201</Value>
          <Value>attributeSyntax:201:1:55a73700-c891-46fd-8f5c-72bc827f2ef5:20160407213828.323:201</Value>
          <Value>cn:201:1:55a73700-c891-46fd-8f5c-72bc827f2ef5:20160407213828.323:201</Value>
          <Value>createTimeStamp:201:1:55a73700-c891-46fd-8f5c-72bc827f2ef5:20160407213828.323:201</Value>
          <Value>entryDN:201:1:55a73700-c891-46fd-8f5c-72bc827f2ef5:20160407213828.323:201</Value>
          <Value>isSingleValued:201:1:55a73700-c891-46fd-8f5c-72bc827f2ef5:20160407213828.323:201</Value>
          <Value>lDAPDisplayName:201:1:55a73700-c891-46fd-8f5c-72bc827f2ef5:20160407213828.323:201</Value>
          <Value>modifyTimeStamp:201:1:55a73700-c891-46fd-8f5c-72bc827f2ef5:20160407213828.323:201</Value>
          <Value>objectClass:201:1:55a73700-c891-46fd-8f5c-72bc827f2ef5:20160407213828.323:201</Value>
          <Value>objectGUID:201:1:55a73700-c891-46fd-8f5c-72bc827f2ef5:20160407213828.323:201</Value>
          <Value>oMSyntax:201:1:55a73700-c891-46fd-8f5c-72bc827f2ef5:20160407213828.323:201</Value>
          <Value>schemaIDGUID:201:1:55a73700-c891-46fd-8f5c-72bc827f2ef5:20160407213828.323:201</Value>
          <Value>uSNChanged:201:1:55a73700-c891-46fd-8f5c-72bc827f2ef5:20160407213828.323:201</Value>
          <Value>uSNCreated:201:1:55a73700-c891-46fd-8f5c-72bc827f2ef5:20160407213828.323:201</Value>
          <Value>vmwAttributeUsage:201:1:55a73700-c891-46fd-8f5c-72bc827f2ef5:20160407213828.323:201</Value>
        </AttributeMetadata>
      </AttributeSchemaEntry>
      <AttributeSchemaEntry>
        <Name>documentVersion</Name>
        <AttributeMetadata>
          <Value>attributeID:341:1:55a73700-c891-46fd-8f5c-72bc827f2ef5:20160407213828.530:341</Value>
          <Value>attributeSyntax:341:1:55a73700-c891-46fd-8f5c-72bc827f2ef5:20160407213828.530:341</Value>
          <Value>cn:341:1:55a73700-c891-46fd-8f5c-72bc827f2ef5:20160407213828.530:341</Value>
          <Value>createTimeStamp:341:1:55a73700-c891-46fd-8f5c-72bc827f2ef5:20160407213828.530:341</Value>
          <Value>entryDN:341:1:55a73700-c891-46fd-8f5c-72bc827f2ef5:20160407213828.530:341</Value>
          <Value>isSingleValued:341:1:55a73700-c891-46fd-8f5c-72bc827f2ef5:20160407213828.530:341</Value>
          <Value>lDAPDisplayName:341:1:55a73700-c891-46fd-8f5c-72bc827f2ef5:20160407213828.530:341</Value>
          <Value>modifyTimeStamp:341:1:55a73700-c891-46fd-8f5c-72bc827f2ef5:20160407213828.530:341</Value>
          <Value>objectClass:341:1:55a73700-c891-46fd-8f5c-72bc827f2ef5:20160407213828.530:341</Value>
          <Value>objectGUID:341:1:55a73700-c891-46fd-8f5c-72bc827f2ef5:20160407213828.530:341</Value>
          <Value>oMSyntax:341:1:55a73700-c891-46fd-8f5c-72bc827f2ef5:20160407213828.530:341</Value>
          <Value>schemaIDGUID:341:1:55a73700-c891-46fd-8f5c-72bc827f2ef5:20160407213828.530:341</Value>
          <Value>uSNChanged:341:1:55a73700-c891-46fd-8f5c-72bc827f2ef5:20160407213828.530:341</Value>
          <Value>uSNCreated:341:1:55a73700-c891-46fd-8f5c-72bc827f2ef5:20160407213828.530:341</Value>
          <Value>vmwAttributeUsage:341:1:55a73700-c891-46fd-8f5c-72bc827f2ef5:20160407213828.530:341</Value>
        </AttributeMetadata>
      </AttributeSchemaEntry>
      <AttributeSchemaEntry>
        <Name>domainCAs</Name>
        <AttributeMetadata>
          <Value>attributeID:1465:1:55a73700-c891-46fd-8f5c-72bc827f2ef5:20160407213830.436:1465</Value>
          <Value>attributeSyntax:1465:1:55a73700-c891-46fd-8f5c-72bc827f2ef5:20160407213830.436:1465</Value>
          <Value>cn:1465:1:55a73700-c891-46fd-8f5c-72bc827f2ef5:20160407213830.436:1465</Value>
          <Value>createTimeStamp:1465:1:55a73700-c891-46fd-8f5c-72bc827f2ef5:20160407213830.436:1465</Value>
          <Value>entryDN:1465:1:55a73700-c891-46fd-8f5c-72bc827f2ef5:20160407213830.436:1465</Value>
          <Value>isSingleValued:1465:1:55a73700-c891-46fd-8f5c-72bc827f2ef5:20160407213830.436:1465</Value>
          <Value>lDAPDisplayName:1465:1:55a73700-c891-46fd-8f5c-72bc827f2ef5:20160407213830.436:1465</Value>
          <Value>modifyTimeStamp:1465:1:55a73700-c891-46fd-8f5c-72bc827f2ef5:20160407213830.436:1465</Value>
          <Value>objectClass:1465:1:55a73700-c891-46fd-8f5c-72bc827f2ef5:20160407213830.436:1465</Value>
          <Value>objectGUID:1465:1:55a73700-c891-46fd-8f5c-72bc827f2ef5:20160407213830.436:1465</Value>
          <Value>oMSyntax:1465:1:55a73700-c891-46fd-8f5c-72bc827f2ef5:20160407213830.436:1465</Value>
          <Value>schemaIDGUID:1465:1:55a73700-c891-46fd-8f5c-72bc827f2ef5:20160407213830.436:1465</Value>
          <Value>uSNChanged:1465:1:55a73700-c891-46fd-8f5c-72bc827f2ef5:20160407213830.436:1465</Value>
          <Value>uSNCreated:1465:1:55a73700-c891-46fd-8f5c-72bc827f2ef5:20160407213830.436:1465</Value>
          <Value>vmwAttributeUsage:1465:1:55a73700-c891-46fd-8f5c-72bc827f2ef5:20160407213830.436:1465</Value>
        </AttributeMetadata>
      </AttributeSchemaEntry>
      <AttributeSchemaEntry>
        <Name>domainCrossRef</Name>
        <AttributeMetadata>
          <Value>attributeID:307:1:55a73700-c891-46fd-8f5c-72bc827f2ef5:20160407213828.475:307</Value>
          <Value>attributeSyntax:307:1:55a73700-c891-46fd-8f5c-72bc827f2ef5:20160407213828.475:307</Value>
          <Value>cn:307:1:55a73700-c891-46fd-8f5c-72bc827f2ef5:20160407213828.475:307</Value>
          <Value>createTimeStamp:307:1:55a73700-c891-46fd-8f5c-72bc827f2ef5:20160407213828.475:307</Value>
          <Value>entryDN:307:1:55a73700-c891-46fd-8f5c-72bc827f2ef5:20160407213828.475:307</Value>
          <Value>isSingleValued:307:1:55a73700-c891-46fd-8f5c-72bc827f2ef5:20160407213828.475:307</Value>
          <Value>lDAPDisplayName:307:1:55a73700-c891-46fd-8f5c-72bc827f2ef5:20160407213828.475:307</Value>
          <Value>modifyTimeStamp:307:1:55a73700-c891-46fd-8f5c-72bc827f2ef5:20160407213828.475:307</Value>
          <Value>objectClass:307:1:55a73700-c891-46fd-8f5c-72bc827f2ef5:20160407213828.475:307</Value>
          <Value>objectGUID:307:1:55a73700-c891-46fd-8f5c-72bc827f2ef5:20160407213828.475:307</Value>
          <Value>oMSyntax:307:1:55a73700-c891-46fd-8f5c-72bc827f2ef5:20160407213828.475:307</Value>
          <Value>schemaIDGUID:307:1:55a73700-c891-46fd-8f5c-72bc827f2ef5:20160407213828.475:307</Value>
          <Value>uSNChanged:307:1:55a73700-c891-46fd-8f5c-72bc827f2ef5:20160407213828.475:307</Value>
          <Value>uSNCreated:307:1:55a73700-c891-46fd-8f5c-72bc827f2ef5:20160407213828.475:307</Value>
          <Value>vmwAttributeUsage:307:1:55a73700-c891-46fd-8f5c-72bc827f2ef5:20160407213828.475:307</Value>
        </AttributeMetadata>
      </AttributeSchemaEntry>
      <AttributeSchemaEntry>
        <Name>domainID</Name>
        <AttributeMetadata>
          <Value>attributeID:355:1:55a73700-c891-46fd-8f5c-72bc827f2ef5:20160407213828.554:355</Value>
          <Value>attributeSyntax:355:1:55a73700-c891-46fd-8f5c-72bc827f2ef5:20160407213828.554:355</Value>
          <Value>cn:355:1:55a73700-c891-46fd-8f5c-72bc827f2ef5:20160407213828.554:355</Value>
          <Value>createTimeStamp:355:1:55a73700-c891-46fd-8f5c-72bc827f2ef5:20160407213828.554:355</Value>
          <Value>entryDN:355:1:55a73700-c891-46fd-8f5c-72bc827f2ef5:20160407213828.554:355</Value>
          <Value>isSingleValued:355:1:55a73700-c891-46fd-8f5c-72bc827f2ef5:20160407213828.554:355</Value>
          <Value>lDAPDisplayName:355:1:55a73700-c891-46fd-8f5c-72bc827f2ef5:20160407213828.554:355</Value>
          <Value>modifyTimeStamp:355:1:55a73700-c891-46fd-8f5c-72bc827f2ef5:20160407213828.554:355</Value>
          <Value>objectClass:355:1:55a73700-c891-46fd-8f5c-72bc827f2ef5:20160407213828.554:355</Value>
          <Value>objectGUID:355:1:55a73700-c891-46fd-8f5c-72bc827f2ef5:20160407213828.554:355</Value>
          <Value>oMSyntax:355:1:55a73700-c891-46fd-8f5c-72bc827f2ef5:20160407213828.554:355</Value>
          <Value>schemaIDGUID:355:1:55a73700-c891-46fd-8f5c-72bc827f2ef5:20160407213828.554:355</Value>
          <Value>uSNChanged:355:1:55a73700-c891-46fd-8f5c-72bc827f2ef5:20160407213828.554:355</Value>
          <Value>uSNCreated:355:1:55a73700-c891-46fd-8f5c-72bc827f2ef5:20160407213828.554:355</Value>
          <Value>vmwAttributeUsage:355:1:55a73700-c891-46fd-8f5c-72bc827f2ef5:20160407213828.554:355</Value>
        </AttributeMetadata>
      </AttributeSchemaEntry>
      <AttributeSchemaEntry>
        <Name>domainIdentifier</Name>
        <AttributeMetadata>
          <Value>attributeID:1557:1:55a73700-c891-46fd-8f5c-72bc827f2ef5:20160407213830.589:1557</Value>
          <Value>attributeSyntax:1557:1:55a73700-c891-46fd-8f5c-72bc827f2ef5:20160407213830.589:1557</Value>
          <Value>cn:1557:1:55a73700-c891-46fd-8f5c-72bc827f2ef5:20160407213830.589:1557</Value>
          <Value>createTimeStamp:1557:1:55a73700-c891-46fd-8f5c-72bc827f2ef5:20160407213830.589:1557</Value>
          <Value>entryDN:1557:1:55a73700-c891-46fd-8f5c-72bc827f2ef5:20160407213830.589:1557</Value>
          <Value>isSingleValued:1557:1:55a73700-c891-46fd-8f5c-72bc827f2ef5:20160407213830.589:1557</Value>
          <Value>lDAPDisplayName:1557:1:55a73700-c891-46fd-8f5c-72bc827f2ef5:20160407213830.589:1557</Value>
          <Value>modifyTimeStamp:1557:1:55a73700-c891-46fd-8f5c-72bc827f2ef5:20160407213830.589:1557</Value>
          <Value>objectClass:1557:1:55a73700-c891-46fd-8f5c-72bc827f2ef5:20160407213830.589:1557</Value>
          <Value>objectGUID:1557:1:55a73700-c891-46fd-8f5c-72bc827f2ef5:20160407213830.589:1557</Value>
          <Value>oMSyntax:1557:1:55a73700-c891-46fd-8f5c-72bc827f2ef5:20160407213830.589:1557</Value>
          <Value>schemaIDGUID:1557:1:55a73700-c891-46fd-8f5c-72bc827f2ef5:20160407213830.589:1557</Value>
          <Value>uSNChanged:1557:1:55a73700-c891-46fd-8f5c-72bc827f2ef5:20160407213830.589:1557</Value>
          <Value>uSNCreated:1557:1:55a73700-c891-46fd-8f5c-72bc827f2ef5:20160407213830.589:1557</Value>
          <Value>vmwAttributeUsage:1557:1:55a73700-c891-46fd-8f5c-72bc827f2ef5:20160407213830.589:1557</Value>
        </AttributeMetadata>
      </AttributeSchemaEntry>
      <AttributeSchemaEntry>
        <Name>domainPolicyObject</Name>
        <AttributeMetadata>
          <Value>attributeID:335:1:55a73700-c891-46fd-8f5c-72bc827f2ef5:20160407213828.521:335</Value>
          <Value>attributeSyntax:335:1:55a73700-c891-46fd-8f5c-72bc827f2ef5:20160407213828.521:335</Value>
          <Value>cn:335:1:55a73700-c891-46fd-8f5c-72bc827f2ef5:20160407213828.521:335</Value>
          <Value>createTimeStamp:335:1:55a73700-c891-46fd-8f5c-72bc827f2ef5:20160407213828.521:335</Value>
          <Value>entryDN:335:1:55a73700-c891-46fd-8f5c-72bc827f2ef5:20160407213828.521:335</Value>
          <Value>isSingleValued:335:1:55a73700-c891-46fd-8f5c-72bc827f2ef5:20160407213828.521:335</Value>
          <Value>lDAPDisplayName:335:1:55a73700-c891-46fd-8f5c-72bc827f2ef5:20160407213828.521:335</Value>
          <Value>modifyTimeStamp:335:1:55a73700-c891-46fd-8f5c-72bc827f2ef5:20160407213828.521:335</Value>
          <Value>objectClass:335:1:55a73700-c891-46fd-8f5c-72bc827f2ef5:20160407213828.521:335</Value>
          <Value>objectGUID:335:1:55a73700-c891-46fd-8f5c-72bc827f2ef5:20160407213828.521:335</Value>
          <Value>oMSyntax:335:1:55a73700-c891-46fd-8f5c-72bc827f2ef5:20160407213828.521:335</Value>
          <Value>schemaIDGUID:335:1:55a73700-c891-46fd-8f5c-72bc827f2ef5:20160407213828.521:335</Value>
          <Value>uSNChanged:335:1:55a73700-c891-46fd-8f5c-72bc827f2ef5:20160407213828.521:335</Value>
          <Value>uSNCreated:335:1:55a73700-c891-46fd-8f5c-72bc827f2ef5:20160407213828.521:335</Value>
          <Value>vmwAttributeUsage:335:1:55a73700-c891-46fd-8f5c-72bc827f2ef5:20160407213828.521:335</Value>
        </AttributeMetadata>
      </AttributeSchemaEntry>
      <AttributeSchemaEntry>
        <Name>domainPolicyReference</Name>
        <AttributeMetadata>
          <Value>attributeID:374:1:55a73700-c891-46fd-8f5c-72bc827f2ef5:20160407213828.582:374</Value>
          <Value>attributeSyntax:374:1:55a73700-c891-46fd-8f5c-72bc827f2ef5:20160407213828.582:374</Value>
          <Value>cn:374:1:55a73700-c891-46fd-8f5c-72bc827f2ef5:20160407213828.582:374</Value>
          <Value>createTimeStamp:374:1:55a73700-c891-46fd-8f5c-72bc827f2ef5:20160407213828.582:374</Value>
          <Value>entryDN:374:1:55a73700-c891-46fd-8f5c-72bc827f2ef5:20160407213828.582:374</Value>
          <Value>isSingleValued:374:1:55a73700-c891-46fd-8f5c-72bc827f2ef5:20160407213828.582:374</Value>
          <Value>lDAPDisplayName:374:1:55a73700-c891-46fd-8f5c-72bc827f2ef5:20160407213828.582:374</Value>
          <Value>modifyTimeStamp:374:1:55a73700-c891-46fd-8f5c-72bc827f2ef5:20160407213828.582:374</Value>
          <Value>objectClass:374:1:55a73700-c891-46fd-8f5c-72bc827f2ef5:20160407213828.582:374</Value>
          <Value>objectGUID:374:1:55a73700-c891-46fd-8f5c-72bc827f2ef5:20160407213828.582:374</Value>
          <Value>oMSyntax:374:1:55a73700-c891-46fd-8f5c-72bc827f2ef5:20160407213828.582:374</Value>
          <Value>schemaIDGUID:374:1:55a73700-c891-46fd-8f5c-72bc827f2ef5:20160407213828.582:374</Value>
          <Value>uSNChanged:374:1:55a73700-c891-46fd-8f5c-72bc827f2ef5:20160407213828.582:374</Value>
          <Value>uSNCreated:374:1:55a73700-c891-46fd-8f5c-72bc827f2ef5:20160407213828.582:374</Value>
          <Value>vmwAttributeUsage:374:1:55a73700-c891-46fd-8f5c-72bc827f2ef5:20160407213828.582:374</Value>
        </AttributeMetadata>
      </AttributeSchemaEntry>
      <AttributeSchemaEntry>
        <Name>domainReplica</Name>
        <AttributeMetadata>
          <Value>attributeID:660:1:55a73700-c891-46fd-8f5c-72bc827f2ef5:20160407213829.056:660</Value>
          <Value>attributeSyntax:660:1:55a73700-c891-46fd-8f5c-72bc827f2ef5:20160407213829.056:660</Value>
          <Value>cn:660:1:55a73700-c891-46fd-8f5c-72bc827f2ef5:20160407213829.056:660</Value>
          <Value>createTimeStamp:660:1:55a73700-c891-46fd-8f5c-72bc827f2ef5:20160407213829.056:660</Value>
          <Value>entryDN:660:1:55a73700-c891-46fd-8f5c-72bc827f2ef5:20160407213829.056:660</Value>
          <Value>isSingleValued:660:1:55a73700-c891-46fd-8f5c-72bc827f2ef5:20160407213829.056:660</Value>
          <Value>lDAPDisplayName:660:1:55a73700-c891-46fd-8f5c-72bc827f2ef5:20160407213829.056:660</Value>
          <Value>modifyTimeStamp:660:1:55a73700-c891-46fd-8f5c-72bc827f2ef5:20160407213829.056:660</Value>
          <Value>objectClass:660:1:55a73700-c891-46fd-8f5c-72bc827f2ef5:20160407213829.056:660</Value>
          <Value>objectGUID:660:1:55a73700-c891-46fd-8f5c-72bc827f2ef5:20160407213829.056:660</Value>
          <Value>oMSyntax:660:1:55a73700-c891-46fd-8f5c-72bc827f2ef5:20160407213829.056:660</Value>
          <Value>schemaIDGUID:660:1:55a73700-c891-46fd-8f5c-72bc827f2ef5:20160407213829.056:660</Value>
          <Value>uSNChanged:660:1:55a73700-c891-46fd-8f5c-72bc827f2ef5:20160407213829.056:660</Value>
          <Value>uSNCreated:660:1:55a73700-c891-46fd-8f5c-72bc827f2ef5:20160407213829.056:660</Value>
          <Value>vmwAttributeUsage:660:1:55a73700-c891-46fd-8f5c-72bc827f2ef5:20160407213829.056:660</Value>
        </AttributeMetadata>
      </AttributeSchemaEntry>
      <AttributeSchemaEntry>
        <Name>domainWidePolicy</Name>
        <AttributeMetadata>
          <Value>attributeID:606:1:55a73700-c891-46fd-8f5c-72bc827f2ef5:20160407213828.952:606</Value>
          <Value>attributeSyntax:606:1:55a73700-c891-46fd-8f5c-72bc827f2ef5:20160407213828.952:606</Value>
          <Value>cn:606:1:55a73700-c891-46fd-8f5c-72bc827f2ef5:20160407213828.952:606</Value>
          <Value>createTimeStamp:606:1:55a73700-c891-46fd-8f5c-72bc827f2ef5:20160407213828.952:606</Value>
          <Value>entryDN:606:1:55a73700-c891-46fd-8f5c-72bc827f2ef5:20160407213828.952:606</Value>
          <Value>isSingleValued:606:1:55a73700-c891-46fd-8f5c-72bc827f2ef5:20160407213828.952:606</Value>
          <Value>lDAPDisplayName:606:1:55a73700-c891-46fd-8f5c-72bc827f2ef5:20160407213828.952:606</Value>
          <Value>modifyTimeStamp:606:1:55a73700-c891-46fd-8f5c-72bc827f2ef5:20160407213828.952:606</Value>
          <Value>objectClass:606:1:55a73700-c891-46fd-8f5c-72bc827f2ef5:20160407213828.952:606</Value>
          <Value>objectGUID:606:1:55a73700-c891-46fd-8f5c-72bc827f2ef5:20160407213828.952:606</Value>
          <Value>oMSyntax:606:1:55a73700-c891-46fd-8f5c-72bc827f2ef5:20160407213828.952:606</Value>
          <Value>schemaIDGUID:606:1:55a73700-c891-46fd-8f5c-72bc827f2ef5:20160407213828.952:606</Value>
          <Value>uSNChanged:606:1:55a73700-c891-46fd-8f5c-72bc827f2ef5:20160407213828.952:606</Value>
          <Value>uSNCreated:606:1:55a73700-c891-46fd-8f5c-72bc827f2ef5:20160407213828.952:606</Value>
          <Value>vmwAttributeUsage:606:1:55a73700-c891-46fd-8f5c-72bc827f2ef5:20160407213828.952:606</Value>
        </AttributeMetadata>
      </AttributeSchemaEntry>
      <AttributeSchemaEntry>
        <Name>drink</Name>
        <AttributeMetadata>
          <Value>attributeID:198:1:55a73700-c891-46fd-8f5c-72bc827f2ef5:20160407213828.321:198</Value>
          <Value>attributeSyntax:198:1:55a73700-c891-46fd-8f5c-72bc827f2ef5:20160407213828.321:198</Value>
          <Value>cn:198:1:55a73700-c891-46fd-8f5c-72bc827f2ef5:20160407213828.321:198</Value>
          <Value>createTimeStamp:198:1:55a73700-c891-46fd-8f5c-72bc827f2ef5:20160407213828.321:198</Value>
          <Value>entryDN:198:1:55a73700-c891-46fd-8f5c-72bc827f2ef5:20160407213828.321:198</Value>
          <Value>isSingleValued:198:1:55a73700-c891-46fd-8f5c-72bc827f2ef5:20160407213828.321:198</Value>
          <Value>lDAPDisplayName:198:1:55a73700-c891-46fd-8f5c-72bc827f2ef5:20160407213828.321:198</Value>
          <Value>modifyTimeStamp:198:1:55a73700-c891-46fd-8f5c-72bc827f2ef5:20160407213828.321:198</Value>
          <Value>objectClass:198:1:55a73700-c891-46fd-8f5c-72bc827f2ef5:20160407213828.321:198</Value>
          <Value>objectGUID:198:1:55a73700-c891-46fd-8f5c-72bc827f2ef5:20160407213828.321:198</Value>
          <Value>oMSyntax:198:1:55a73700-c891-46fd-8f5c-72bc827f2ef5:20160407213828.321:198</Value>
          <Value>schemaIDGUID:198:1:55a73700-c891-46fd-8f5c-72bc827f2ef5:20160407213828.321:198</Value>
          <Value>uSNChanged:198:1:55a73700-c891-46fd-8f5c-72bc827f2ef5:20160407213828.321:198</Value>
          <Value>uSNCreated:198:1:55a73700-c891-46fd-8f5c-72bc827f2ef5:20160407213828.321:198</Value>
          <Value>vmwAttributeUsage:198:1:55a73700-c891-46fd-8f5c-72bc827f2ef5:20160407213828.321:198</Value>
        </AttributeMetadata>
      </AttributeSchemaEntry>
      <AttributeSchemaEntry>
        <Name>driverName</Name>
        <AttributeMetadata>
          <Value>attributeID:137:1:55a73700-c891-46fd-8f5c-72bc827f2ef5:20160407213828.235:137</Value>
          <Value>attributeSyntax:137:1:55a73700-c891-46fd-8f5c-72bc827f2ef5:20160407213828.235:137</Value>
          <Value>cn:137:1:55a73700-c891-46fd-8f5c-72bc827f2ef5:20160407213828.235:137</Value>
          <Value>createTimeStamp:137:1:55a73700-c891-46fd-8f5c-72bc827f2ef5:20160407213828.235:137</Value>
          <Value>entryDN:137:1:55a73700-c891-46fd-8f5c-72bc827f2ef5:20160407213828.235:137</Value>
          <Value>isSingleValued:137:1:55a73700-c891-46fd-8f5c-72bc827f2ef5:20160407213828.235:137</Value>
          <Value>lDAPDisplayName:137:1:55a73700-c891-46fd-8f5c-72bc827f2ef5:20160407213828.235:137</Value>
          <Value>modifyTimeStamp:137:1:55a73700-c891-46fd-8f5c-72bc827f2ef5:20160407213828.235:137</Value>
          <Value>objectClass:137:1:55a73700-c891-46fd-8f5c-72bc827f2ef5:20160407213828.235:137</Value>
          <Value>objectGUID:137:1:55a73700-c891-46fd-8f5c-72bc827f2ef5:20160407213828.235:137</Value>
          <Value>oMSyntax:137:1:55a73700-c891-46fd-8f5c-72bc827f2ef5:20160407213828.235:137</Value>
          <Value>schemaIDGUID:137:1:55a73700-c891-46fd-8f5c-72bc827f2ef5:20160407213828.235:137</Value>
          <Value>uSNChanged:137:1:55a73700-c891-46fd-8f5c-72bc827f2ef5:20160407213828.235:137</Value>
          <Value>uSNCreated:137:1:55a73700-c891-46fd-8f5c-72bc827f2ef5:20160407213828.235:137</Value>
          <Value>vmwAttributeUsage:137:1:55a73700-c891-46fd-8f5c-72bc827f2ef5:20160407213828.235:137</Value>
        </AttributeMetadata>
      </AttributeSchemaEntry>
      <AttributeSchemaEntry>
        <Name>driverVersion</Name>
        <AttributeMetadata>
          <Value>attributeID:297:1:55a73700-c891-46fd-8f5c-72bc827f2ef5:20160407213828.464:297</Value>
          <Value>attributeSyntax:297:1:55a73700-c891-46fd-8f5c-72bc827f2ef5:20160407213828.464:297</Value>
          <Value>cn:297:1:55a73700-c891-46fd-8f5c-72bc827f2ef5:20160407213828.464:297</Value>
          <Value>createTimeStamp:297:1:55a73700-c891-46fd-8f5c-72bc827f2ef5:20160407213828.464:297</Value>
          <Value>entryDN:297:1:55a73700-c891-46fd-8f5c-72bc827f2ef5:20160407213828.464:297</Value>
          <Value>isSingleValued:297:1:55a73700-c891-46fd-8f5c-72bc827f2ef5:20160407213828.464:297</Value>
          <Value>lDAPDisplayName:297:1:55a73700-c891-46fd-8f5c-72bc827f2ef5:20160407213828.464:297</Value>
          <Value>modifyTimeStamp:297:1:55a73700-c891-46fd-8f5c-72bc827f2ef5:20160407213828.464:297</Value>
          <Value>objectClass:297:1:55a73700-c891-46fd-8f5c-72bc827f2ef5:20160407213828.464:297</Value>
          <Value>objectGUID:297:1:55a73700-c891-46fd-8f5c-72bc827f2ef5:20160407213828.464:297</Value>
          <Value>oMSyntax:297:1:55a73700-c891-46fd-8f5c-72bc827f2ef5:20160407213828.464:297</Value>
          <Value>schemaIDGUID:297:1:55a73700-c891-46fd-8f5c-72bc827f2ef5:20160407213828.464:297</Value>
          <Value>uSNChanged:297:1:55a73700-c891-46fd-8f5c-72bc827f2ef5:20160407213828.464:297</Value>
          <Value>uSNCreated:297:1:55a73700-c891-46fd-8f5c-72bc827f2ef5:20160407213828.464:297</Value>
          <Value>vmwAttributeUsage:297:1:55a73700-c891-46fd-8f5c-72bc827f2ef5:20160407213828.464:297</Value>
        </AttributeMetadata>
      </AttributeSchemaEntry>
      <AttributeSchemaEntry>
        <Name>dSASignature</Name>
        <AttributeMetadata>
          <Value>attributeID:446:1:55a73700-c891-46fd-8f5c-72bc827f2ef5:20160407213828.688:446</Value>
          <Value>attributeSyntax:446:1:55a73700-c891-46fd-8f5c-72bc827f2ef5:20160407213828.688:446</Value>
          <Value>cn:446:1:55a73700-c891-46fd-8f5c-72bc827f2ef5:20160407213828.688:446</Value>
          <Value>createTimeStamp:446:1:55a73700-c891-46fd-8f5c-72bc827f2ef5:20160407213828.688:446</Value>
          <Value>entryDN:446:1:55a73700-c891-46fd-8f5c-72bc827f2ef5:20160407213828.688:446</Value>
          <Value>isSingleValued:446:1:55a73700-c891-46fd-8f5c-72bc827f2ef5:20160407213828.688:446</Value>
          <Value>lDAPDisplayName:446:1:55a73700-c891-46fd-8f5c-72bc827f2ef5:20160407213828.688:446</Value>
          <Value>modifyTimeStamp:446:1:55a73700-c891-46fd-8f5c-72bc827f2ef5:20160407213828.688:446</Value>
          <Value>objectClass:446:1:55a73700-c891-46fd-8f5c-72bc827f2ef5:20160407213828.688:446</Value>
          <Value>objectGUID:446:1:55a73700-c891-46fd-8f5c-72bc827f2ef5:20160407213828.688:446</Value>
          <Value>oMSyntax:446:1:55a73700-c891-46fd-8f5c-72bc827f2ef5:20160407213828.688:446</Value>
          <Value>schemaIDGUID:446:1:55a73700-c891-46fd-8f5c-72bc827f2ef5:20160407213828.688:446</Value>
          <Value>uSNChanged:446:1:55a73700-c891-46fd-8f5c-72bc827f2ef5:20160407213828.688:446</Value>
          <Value>uSNCreated:446:1:55a73700-c891-46fd-8f5c-72bc827f2ef5:20160407213828.688:446</Value>
          <Value>vmwAttributeUsage:446:1:55a73700-c891-46fd-8f5c-72bc827f2ef5:20160407213828.688:446</Value>
        </AttributeMetadata>
      </AttributeSchemaEntry>
      <AttributeSchemaEntry>
        <Name>dSCorePropagationData</Name>
        <AttributeMetadata>
          <Value>attributeID:185:1:55a73700-c891-46fd-8f5c-72bc827f2ef5:20160407213828.300:185</Value>
          <Value>attributeSyntax:185:1:55a73700-c891-46fd-8f5c-72bc827f2ef5:20160407213828.300:185</Value>
          <Value>cn:185:1:55a73700-c891-46fd-8f5c-72bc827f2ef5:20160407213828.300:185</Value>
          <Value>createTimeStamp:185:1:55a73700-c891-46fd-8f5c-72bc827f2ef5:20160407213828.300:185</Value>
          <Value>entryDN:185:1:55a73700-c891-46fd-8f5c-72bc827f2ef5:20160407213828.300:185</Value>
          <Value>isSingleValued:185:1:55a73700-c891-46fd-8f5c-72bc827f2ef5:20160407213828.300:185</Value>
          <Value>lDAPDisplayName:185:1:55a73700-c891-46fd-8f5c-72bc827f2ef5:20160407213828.300:185</Value>
          <Value>modifyTimeStamp:185:1:55a73700-c891-46fd-8f5c-72bc827f2ef5:20160407213828.300:185</Value>
          <Value>objectClass:185:1:55a73700-c891-46fd-8f5c-72bc827f2ef5:20160407213828.300:185</Value>
          <Value>objectGUID:185:1:55a73700-c891-46fd-8f5c-72bc827f2ef5:20160407213828.300:185</Value>
          <Value>oMSyntax:185:1:55a73700-c891-46fd-8f5c-72bc827f2ef5:20160407213828.300:185</Value>
          <Value>schemaIDGUID:185:1:55a73700-c891-46fd-8f5c-72bc827f2ef5:20160407213828.300:185</Value>
          <Value>uSNChanged:185:1:55a73700-c891-46fd-8f5c-72bc827f2ef5:20160407213828.300:185</Value>
          <Value>uSNCreated:185:1:55a73700-c891-46fd-8f5c-72bc827f2ef5:20160407213828.300:185</Value>
          <Value>vmwAttributeUsage:185:1:55a73700-c891-46fd-8f5c-72bc827f2ef5:20160407213828.300:185</Value>
        </AttributeMetadata>
      </AttributeSchemaEntry>
      <AttributeSchemaEntry>
        <Name>dSHeuristics</Name>
        <AttributeMetadata>
          <Value>attributeID:592:1:55a73700-c891-46fd-8f5c-72bc827f2ef5:20160407213828.936:592</Value>
          <Value>attributeSyntax:592:1:55a73700-c891-46fd-8f5c-72bc827f2ef5:20160407213828.936:592</Value>
          <Value>cn:592:1:55a73700-c891-46fd-8f5c-72bc827f2ef5:20160407213828.936:592</Value>
          <Value>createTimeStamp:592:1:55a73700-c891-46fd-8f5c-72bc827f2ef5:20160407213828.936:592</Value>
          <Value>entryDN:592:1:55a73700-c891-46fd-8f5c-72bc827f2ef5:20160407213828.936:592</Value>
          <Value>isSingleValued:592:1:55a73700-c891-46fd-8f5c-72bc827f2ef5:20160407213828.936:592</Value>
          <Value>lDAPDisplayName:592:1:55a73700-c891-46fd-8f5c-72bc827f2ef5:20160407213828.936:592</Value>
          <Value>modifyTimeStamp:592:1:55a73700-c891-46fd-8f5c-72bc827f2ef5:20160407213828.936:592</Value>
          <Value>objectClass:592:1:55a73700-c891-46fd-8f5c-72bc827f2ef5:20160407213828.936:592</Value>
          <Value>objectGUID:592:1:55a73700-c891-46fd-8f5c-72bc827f2ef5:20160407213828.936:592</Value>
          <Value>oMSyntax:592:1:55a73700-c891-46fd-8f5c-72bc827f2ef5:20160407213828.936:592</Value>
          <Value>schemaIDGUID:592:1:55a73700-c891-46fd-8f5c-72bc827f2ef5:20160407213828.936:592</Value>
          <Value>uSNChanged:592:1:55a73700-c891-46fd-8f5c-72bc827f2ef5:20160407213828.936:592</Value>
          <Value>uSNCreated:592:1:55a73700-c891-46fd-8f5c-72bc827f2ef5:20160407213828.936:592</Value>
          <Value>vmwAttributeUsage:592:1:55a73700-c891-46fd-8f5c-72bc827f2ef5:20160407213828.936:592</Value>
        </AttributeMetadata>
      </AttributeSchemaEntry>
      <AttributeSchemaEntry>
        <Name>dSUIAdminMaximum</Name>
        <AttributeMetadata>
          <Value>attributeID:1441:1:55a73700-c891-46fd-8f5c-72bc827f2ef5:20160407213830.391:1441</Value>
          <Value>attributeSyntax:1441:1:55a73700-c891-46fd-8f5c-72bc827f2ef5:20160407213830.391:1441</Value>
          <Value>cn:1441:1:55a73700-c891-46fd-8f5c-72bc827f2ef5:20160407213830.391:1441</Value>
          <Value>createTimeStamp:1441:1:55a73700-c891-46fd-8f5c-72bc827f2ef5:20160407213830.391:1441</Value>
          <Value>entryDN:1441:1:55a73700-c891-46fd-8f5c-72bc827f2ef5:20160407213830.391:1441</Value>
          <Value>isSingleValued:1441:1:55a73700-c891-46fd-8f5c-72bc827f2ef5:20160407213830.391:1441</Value>
          <Value>lDAPDisplayName:1441:1:55a73700-c891-46fd-8f5c-72bc827f2ef5:20160407213830.391:1441</Value>
          <Value>modifyTimeStamp:1441:1:55a73700-c891-46fd-8f5c-72bc827f2ef5:20160407213830.391:1441</Value>
          <Value>objectClass:1441:1:55a73700-c891-46fd-8f5c-72bc827f2ef5:20160407213830.391:1441</Value>
          <Value>objectGUID:1441:1:55a73700-c891-46fd-8f5c-72bc827f2ef5:20160407213830.391:1441</Value>
          <Value>oMSyntax:1441:1:55a73700-c891-46fd-8f5c-72bc827f2ef5:20160407213830.391:1441</Value>
          <Value>schemaIDGUID:1441:1:55a73700-c891-46fd-8f5c-72bc827f2ef5:20160407213830.391:1441</Value>
          <Value>uSNChanged:1441:1:55a73700-c891-46fd-8f5c-72bc827f2ef5:20160407213830.391:1441</Value>
          <Value>uSNCreated:1441:1:55a73700-c891-46fd-8f5c-72bc827f2ef5:20160407213830.391:1441</Value>
          <Value>vmwAttributeUsage:1441:1:55a73700-c891-46fd-8f5c-72bc827f2ef5:20160407213830.391:1441</Value>
        </AttributeMetadata>
      </AttributeSchemaEntry>
      <AttributeSchemaEntry>
        <Name>dSUIAdminNotification</Name>
        <AttributeMetadata>
          <Value>attributeID:708:1:55a73700-c891-46fd-8f5c-72bc827f2ef5:20160407213829.131:708</Value>
          <Value>attributeSyntax:708:1:55a73700-c891-46fd-8f5c-72bc827f2ef5:20160407213829.131:708</Value>
          <Value>cn:708:1:55a73700-c891-46fd-8f5c-72bc827f2ef5:20160407213829.131:708</Value>
          <Value>createTimeStamp:708:1:55a73700-c891-46fd-8f5c-72bc827f2ef5:20160407213829.131:708</Value>
          <Value>entryDN:708:1:55a73700-c891-46fd-8f5c-72bc827f2ef5:20160407213829.131:708</Value>
          <Value>isSingleValued:708:1:55a73700-c891-46fd-8f5c-72bc827f2ef5:20160407213829.131:708</Value>
          <Value>lDAPDisplayName:708:1:55a73700-c891-46fd-8f5c-72bc827f2ef5:20160407213829.131:708</Value>
          <Value>modifyTimeStamp:708:1:55a73700-c891-46fd-8f5c-72bc827f2ef5:20160407213829.131:708</Value>
          <Value>objectClass:708:1:55a73700-c891-46fd-8f5c-72bc827f2ef5:20160407213829.131:708</Value>
          <Value>objectGUID:708:1:55a73700-c891-46fd-8f5c-72bc827f2ef5:20160407213829.131:708</Value>
          <Value>oMSyntax:708:1:55a73700-c891-46fd-8f5c-72bc827f2ef5:20160407213829.131:708</Value>
          <Value>schemaIDGUID:708:1:55a73700-c891-46fd-8f5c-72bc827f2ef5:20160407213829.131:708</Value>
          <Value>uSNChanged:708:1:55a73700-c891-46fd-8f5c-72bc827f2ef5:20160407213829.131:708</Value>
          <Value>uSNCreated:708:1:55a73700-c891-46fd-8f5c-72bc827f2ef5:20160407213829.131:708</Value>
          <Value>vmwAttributeUsage:708:1:55a73700-c891-46fd-8f5c-72bc827f2ef5:20160407213829.131:708</Value>
        </AttributeMetadata>
      </AttributeSchemaEntry>
      <AttributeSchemaEntry>
        <Name>dSUIShellMaximum</Name>
        <AttributeMetadata>
          <Value>attributeID:172:1:55a73700-c891-46fd-8f5c-72bc827f2ef5:20160407213828.288:172</Value>
          <Value>attributeSyntax:172:1:55a73700-c891-46fd-8f5c-72bc827f2ef5:20160407213828.288:172</Value>
          <Value>cn:172:1:55a73700-c891-46fd-8f5c-72bc827f2ef5:20160407213828.288:172</Value>
          <Value>createTimeStamp:172:1:55a73700-c891-46fd-8f5c-72bc827f2ef5:20160407213828.288:172</Value>
          <Value>entryDN:172:1:55a73700-c891-46fd-8f5c-72bc827f2ef5:20160407213828.288:172</Value>
          <Value>isSingleValued:172:1:55a73700-c891-46fd-8f5c-72bc827f2ef5:20160407213828.288:172</Value>
          <Value>lDAPDisplayName:172:1:55a73700-c891-46fd-8f5c-72bc827f2ef5:20160407213828.288:172</Value>
          <Value>modifyTimeStamp:172:1:55a73700-c891-46fd-8f5c-72bc827f2ef5:20160407213828.288:172</Value>
          <Value>objectClass:172:1:55a73700-c891-46fd-8f5c-72bc827f2ef5:20160407213828.288:172</Value>
          <Value>objectGUID:172:1:55a73700-c891-46fd-8f5c-72bc827f2ef5:20160407213828.288:172</Value>
          <Value>oMSyntax:172:1:55a73700-c891-46fd-8f5c-72bc827f2ef5:20160407213828.288:172</Value>
          <Value>schemaIDGUID:172:1:55a73700-c891-46fd-8f5c-72bc827f2ef5:20160407213828.288:172</Value>
          <Value>uSNChanged:172:1:55a73700-c891-46fd-8f5c-72bc827f2ef5:20160407213828.288:172</Value>
          <Value>uSNCreated:172:1:55a73700-c891-46fd-8f5c-72bc827f2ef5:20160407213828.288:172</Value>
          <Value>vmwAttributeUsage:172:1:55a73700-c891-46fd-8f5c-72bc827f2ef5:20160407213828.288:172</Value>
        </AttributeMetadata>
      </AttributeSchemaEntry>
      <AttributeSchemaEntry>
        <Name>dynamicLDAPServer</Name>
        <AttributeMetadata>
          <Value>attributeID:889:1:55a73700-c891-46fd-8f5c-72bc827f2ef5:20160407213829.447:889</Value>
          <Value>attributeSyntax:889:1:55a73700-c891-46fd-8f5c-72bc827f2ef5:20160407213829.447:889</Value>
          <Value>cn:889:1:55a73700-c891-46fd-8f5c-72bc827f2ef5:20160407213829.447:889</Value>
          <Value>createTimeStamp:889:1:55a73700-c891-46fd-8f5c-72bc827f2ef5:20160407213829.447:889</Value>
          <Value>entryDN:889:1:55a73700-c891-46fd-8f5c-72bc827f2ef5:20160407213829.447:889</Value>
          <Value>isSingleValued:889:1:55a73700-c891-46fd-8f5c-72bc827f2ef5:20160407213829.447:889</Value>
          <Value>lDAPDisplayName:889:1:55a73700-c891-46fd-8f5c-72bc827f2ef5:20160407213829.447:889</Value>
          <Value>modifyTimeStamp:889:1:55a73700-c891-46fd-8f5c-72bc827f2ef5:20160407213829.447:889</Value>
          <Value>objectClass:889:1:55a73700-c891-46fd-8f5c-72bc827f2ef5:20160407213829.447:889</Value>
          <Value>objectGUID:889:1:55a73700-c891-46fd-8f5c-72bc827f2ef5:20160407213829.447:889</Value>
          <Value>oMSyntax:889:1:55a73700-c891-46fd-8f5c-72bc827f2ef5:20160407213829.447:889</Value>
          <Value>schemaIDGUID:889:1:55a73700-c891-46fd-8f5c-72bc827f2ef5:20160407213829.447:889</Value>
          <Value>uSNChanged:889:1:55a73700-c891-46fd-8f5c-72bc827f2ef5:20160407213829.447:889</Value>
          <Value>uSNCreated:889:1:55a73700-c891-46fd-8f5c-72bc827f2ef5:20160407213829.447:889</Value>
          <Value>vmwAttributeUsage:889:1:55a73700-c891-46fd-8f5c-72bc827f2ef5:20160407213829.447:889</Value>
        </AttributeMetadata>
      </AttributeSchemaEntry>
      <AttributeSchemaEntry>
        <Name>dynamicSubtrees</Name>
        <AttributeMetadata>
          <Value>attributeID:589:1:55a73700-c891-46fd-8f5c-72bc827f2ef5:20160407213828.923:589</Value>
          <Value>attributeSyntax:589:1:55a73700-c891-46fd-8f5c-72bc827f2ef5:20160407213828.923:589</Value>
          <Value>cn:589:1:55a73700-c891-46fd-8f5c-72bc827f2ef5:20160407213828.923:589</Value>
          <Value>createTimeStamp:589:1:55a73700-c891-46fd-8f5c-72bc827f2ef5:20160407213828.923:589</Value>
          <Value>description:589:1:55a73700-c891-46fd-8f5c-72bc827f2ef5:20160407213828.923:589</Value>
          <Value>entryDN:589:1:55a73700-c891-46fd-8f5c-72bc827f2ef5:20160407213828.923:589</Value>
          <Value>isSingleValued:589:1:55a73700-c891-46fd-8f5c-72bc827f2ef5:20160407213828.923:589</Value>
          <Value>lDAPDisplayName:589:1:55a73700-c891-46fd-8f5c-72bc827f2ef5:20160407213828.923:589</Value>
          <Value>modifyTimeStamp:589:1:55a73700-c891-46fd-8f5c-72bc827f2ef5:20160407213828.923:589</Value>
          <Value>objectClass:589:1:55a73700-c891-46fd-8f5c-72bc827f2ef5:20160407213828.923:589</Value>
          <Value>objectGUID:589:1:55a73700-c891-46fd-8f5c-72bc827f2ef5:20160407213828.923:589</Value>
          <Value>oMSyntax:589:1:55a73700-c891-46fd-8f5c-72bc827f2ef5:20160407213828.923:589</Value>
          <Value>schemaIDGUID:589:1:55a73700-c891-46fd-8f5c-72bc827f2ef5:20160407213828.923:589</Value>
          <Value>uSNChanged:589:1:55a73700-c891-46fd-8f5c-72bc827f2ef5:20160407213828.923:589</Value>
          <Value>uSNCreated:589:1:55a73700-c891-46fd-8f5c-72bc827f2ef5:20160407213828.923:589</Value>
          <Value>vmwAttributeUsage:589:1:55a73700-c891-46fd-8f5c-72bc827f2ef5:20160407213828.923:589</Value>
        </AttributeMetadata>
      </AttributeSchemaEntry>
      <AttributeSchemaEntry>
        <Name>eFSPolicy</Name>
        <AttributeMetadata>
          <Value>attributeID:1660:1:55a73700-c891-46fd-8f5c-72bc827f2ef5:20160407213830.765:1660</Value>
          <Value>attributeSyntax:1660:1:55a73700-c891-46fd-8f5c-72bc827f2ef5:20160407213830.765:1660</Value>
          <Value>cn:1660:1:55a73700-c891-46fd-8f5c-72bc827f2ef5:20160407213830.765:1660</Value>
          <Value>createTimeStamp:1660:1:55a73700-c891-46fd-8f5c-72bc827f2ef5:20160407213830.765:1660</Value>
          <Value>entryDN:1660:1:55a73700-c891-46fd-8f5c-72bc827f2ef5:20160407213830.765:1660</Value>
          <Value>isSingleValued:1660:1:55a73700-c891-46fd-8f5c-72bc827f2ef5:20160407213830.765:1660</Value>
          <Value>lDAPDisplayName:1660:1:55a73700-c891-46fd-8f5c-72bc827f2ef5:20160407213830.765:1660</Value>
          <Value>modifyTimeStamp:1660:1:55a73700-c891-46fd-8f5c-72bc827f2ef5:20160407213830.765:1660</Value>
          <Value>objectClass:1660:1:55a73700-c891-46fd-8f5c-72bc827f2ef5:20160407213830.765:1660</Value>
          <Value>objectGUID:1660:1:55a73700-c891-46fd-8f5c-72bc827f2ef5:20160407213830.765:1660</Value>
          <Value>oMSyntax:1660:1:55a73700-c891-46fd-8f5c-72bc827f2ef5:20160407213830.765:1660</Value>
          <Value>schemaIDGUID:1660:1:55a73700-c891-46fd-8f5c-72bc827f2ef5:20160407213830.765:1660</Value>
          <Value>uSNChanged:1660:1:55a73700-c891-46fd-8f5c-72bc827f2ef5:20160407213830.765:1660</Value>
          <Value>uSNCreated:1660:1:55a73700-c891-46fd-8f5c-72bc827f2ef5:20160407213830.765:1660</Value>
          <Value>vmwAttributeUsage:1660:1:55a73700-c891-46fd-8f5c-72bc827f2ef5:20160407213830.765:1660</Value>
        </AttributeMetadata>
      </AttributeSchemaEntry>
      <AttributeSchemaEntry>
        <Name>email</Name>
        <AttributeMetadata>
          <Value>attributeID:783:1:55a73700-c891-46fd-8f5c-72bc827f2ef5:20160407213829.266:783</Value>
          <Value>attributeSyntax:783:1:55a73700-c891-46fd-8f5c-72bc827f2ef5:20160407213829.266:783</Value>
          <Value>cn:783:1:55a73700-c891-46fd-8f5c-72bc827f2ef5:20160407213829.266:783</Value>
          <Value>createTimeStamp:783:1:55a73700-c891-46fd-8f5c-72bc827f2ef5:20160407213829.266:783</Value>
          <Value>description:783:1:55a73700-c891-46fd-8f5c-72bc827f2ef5:20160407213829.266:783</Value>
          <Value>entryDN:783:1:55a73700-c891-46fd-8f5c-72bc827f2ef5:20160407213829.266:783</Value>
          <Value>isSingleValued:783:1:55a73700-c891-46fd-8f5c-72bc827f2ef5:20160407213829.266:783</Value>
          <Value>lDAPDisplayName:783:1:55a73700-c891-46fd-8f5c-72bc827f2ef5:20160407213829.266:783</Value>
          <Value>modifyTimeStamp:783:1:55a73700-c891-46fd-8f5c-72bc827f2ef5:20160407213829.266:783</Value>
          <Value>objectClass:783:1:55a73700-c891-46fd-8f5c-72bc827f2ef5:20160407213829.266:783</Value>
          <Value>objectGUID:783:1:55a73700-c891-46fd-8f5c-72bc827f2ef5:20160407213829.266:783</Value>
          <Value>oMSyntax:783:1:55a73700-c891-46fd-8f5c-72bc827f2ef5:20160407213829.266:783</Value>
          <Value>schemaIDGUID:783:1:55a73700-c891-46fd-8f5c-72bc827f2ef5:20160407213829.266:783</Value>
          <Value>uSNChanged:783:1:55a73700-c891-46fd-8f5c-72bc827f2ef5:20160407213829.266:783</Value>
          <Value>uSNCreated:783:1:55a73700-c891-46fd-8f5c-72bc827f2ef5:20160407213829.266:783</Value>
          <Value>vmwAttributeUsage:783:1:55a73700-c891-46fd-8f5c-72bc827f2ef5:20160407213829.266:783</Value>
        </AttributeMetadata>
      </AttributeSchemaEntry>
      <AttributeSchemaEntry>
        <Name>emailAddress</Name>
        <AttributeMetadata>
          <Value>attributeID:1628:1:55a73700-c891-46fd-8f5c-72bc827f2ef5:20160407213830.710:1628</Value>
          <Value>attributeSyntax:1628:1:55a73700-c891-46fd-8f5c-72bc827f2ef5:20160407213830.710:1628</Value>
          <Value>cn:1628:1:55a73700-c891-46fd-8f5c-72bc827f2ef5:20160407213830.710:1628</Value>
          <Value>createTimeStamp:1628:1:55a73700-c891-46fd-8f5c-72bc827f2ef5:20160407213830.710:1628</Value>
          <Value>description:1628:1:55a73700-c891-46fd-8f5c-72bc827f2ef5:20160407213830.710:1628</Value>
          <Value>entryDN:1628:1:55a73700-c891-46fd-8f5c-72bc827f2ef5:20160407213830.710:1628</Value>
          <Value>isSingleValued:1628:1:55a73700-c891-46fd-8f5c-72bc827f2ef5:20160407213830.710:1628</Value>
          <Value>lDAPDisplayName:1628:1:55a73700-c891-46fd-8f5c-72bc827f2ef5:20160407213830.710:1628</Value>
          <Value>modifyTimeStamp:1628:1:55a73700-c891-46fd-8f5c-72bc827f2ef5:20160407213830.710:1628</Value>
          <Value>objectClass:1628:1:55a73700-c891-46fd-8f5c-72bc827f2ef5:20160407213830.710:1628</Value>
          <Value>objectGUID:1628:1:55a73700-c891-46fd-8f5c-72bc827f2ef5:20160407213830.710:1628</Value>
          <Value>oMSyntax:1628:1:55a73700-c891-46fd-8f5c-72bc827f2ef5:20160407213830.710:1628</Value>
          <Value>schemaIDGUID:1628:1:55a73700-c891-46fd-8f5c-72bc827f2ef5:20160407213830.710:1628</Value>
          <Value>uSNChanged:1628:1:55a73700-c891-46fd-8f5c-72bc827f2ef5:20160407213830.710:1628</Value>
          <Value>uSNCreated:1628:1:55a73700-c891-46fd-8f5c-72bc827f2ef5:20160407213830.710:1628</Value>
          <Value>vmwAttributeUsage:1628:1:55a73700-c891-46fd-8f5c-72bc827f2ef5:20160407213830.710:1628</Value>
        </AttributeMetadata>
      </AttributeSchemaEntry>
      <AttributeSchemaEntry>
        <Name>employeeID</Name>
        <AttributeMetadata>
          <Value>attributeID:349:1:55a73700-c891-46fd-8f5c-72bc827f2ef5:20160407213828.538:349</Value>
          <Value>attributeSyntax:349:1:55a73700-c891-46fd-8f5c-72bc827f2ef5:20160407213828.538:349</Value>
          <Value>cn:349:1:55a73700-c891-46fd-8f5c-72bc827f2ef5:20160407213828.538:349</Value>
          <Value>createTimeStamp:349:1:55a73700-c891-46fd-8f5c-72bc827f2ef5:20160407213828.538:349</Value>
          <Value>entryDN:349:1:55a73700-c891-46fd-8f5c-72bc827f2ef5:20160407213828.538:349</Value>
          <Value>isSingleValued:349:1:55a73700-c891-46fd-8f5c-72bc827f2ef5:20160407213828.538:349</Value>
          <Value>lDAPDisplayName:349:1:55a73700-c891-46fd-8f5c-72bc827f2ef5:20160407213828.538:349</Value>
          <Value>modifyTimeStamp:349:1:55a73700-c891-46fd-8f5c-72bc827f2ef5:20160407213828.538:349</Value>
          <Value>objectClass:349:1:55a73700-c891-46fd-8f5c-72bc827f2ef5:20160407213828.538:349</Value>
          <Value>objectGUID:349:1:55a73700-c891-46fd-8f5c-72bc827f2ef5:20160407213828.538:349</Value>
          <Value>oMSyntax:349:1:55a73700-c891-46fd-8f5c-72bc827f2ef5:20160407213828.538:349</Value>
          <Value>schemaIDGUID:349:1:55a73700-c891-46fd-8f5c-72bc827f2ef5:20160407213828.538:349</Value>
          <Value>uSNChanged:349:1:55a73700-c891-46fd-8f5c-72bc827f2ef5:20160407213828.538:349</Value>
          <Value>uSNCreated:349:1:55a73700-c891-46fd-8f5c-72bc827f2ef5:20160407213828.538:349</Value>
          <Value>vmwAttributeUsage:349:1:55a73700-c891-46fd-8f5c-72bc827f2ef5:20160407213828.538:349</Value>
        </AttributeMetadata>
      </AttributeSchemaEntry>
      <AttributeSchemaEntry>
        <Name>employeeNumber</Name>
        <AttributeMetadata>
          <Value>attributeID:1562:1:55a73700-c891-46fd-8f5c-72bc827f2ef5:20160407213830.595:1562</Value>
          <Value>attributeSyntax:1562:1:55a73700-c891-46fd-8f5c-72bc827f2ef5:20160407213830.595:1562</Value>
          <Value>cn:1562:1:55a73700-c891-46fd-8f5c-72bc827f2ef5:20160407213830.595:1562</Value>
          <Value>createTimeStamp:1562:1:55a73700-c891-46fd-8f5c-72bc827f2ef5:20160407213830.595:1562</Value>
          <Value>entryDN:1562:1:55a73700-c891-46fd-8f5c-72bc827f2ef5:20160407213830.595:1562</Value>
          <Value>isSingleValued:1562:1:55a73700-c891-46fd-8f5c-72bc827f2ef5:20160407213830.595:1562</Value>
          <Value>lDAPDisplayName:1562:1:55a73700-c891-46fd-8f5c-72bc827f2ef5:20160407213830.595:1562</Value>
          <Value>modifyTimeStamp:1562:1:55a73700-c891-46fd-8f5c-72bc827f2ef5:20160407213830.595:1562</Value>
          <Value>objectClass:1562:1:55a73700-c891-46fd-8f5c-72bc827f2ef5:20160407213830.595:1562</Value>
          <Value>objectGUID:1562:1:55a73700-c891-46fd-8f5c-72bc827f2ef5:20160407213830.595:1562</Value>
          <Value>oMSyntax:1562:1:55a73700-c891-46fd-8f5c-72bc827f2ef5:20160407213830.595:1562</Value>
          <Value>schemaIDGUID:1562:1:55a73700-c891-46fd-8f5c-72bc827f2ef5:20160407213830.595:1562</Value>
          <Value>uSNChanged:1562:1:55a73700-c891-46fd-8f5c-72bc827f2ef5:20160407213830.595:1562</Value>
          <Value>uSNCreated:1562:1:55a73700-c891-46fd-8f5c-72bc827f2ef5:20160407213830.595:1562</Value>
          <Value>vmwAttributeUsage:1562:1:55a73700-c891-46fd-8f5c-72bc827f2ef5:20160407213830.595:1562</Value>
        </AttributeMetadata>
      </AttributeSchemaEntry>
      <AttributeSchemaEntry>
        <Name>employeeType</Name>
        <AttributeMetadata>
          <Value>attributeID:364:1:55a73700-c891-46fd-8f5c-72bc827f2ef5:20160407213828.564:364</Value>
          <Value>attributeSyntax:364:1:55a73700-c891-46fd-8f5c-72bc827f2ef5:20160407213828.564:364</Value>
          <Value>cn:364:1:55a73700-c891-46fd-8f5c-72bc827f2ef5:20160407213828.564:364</Value>
          <Value>createTimeStamp:364:1:55a73700-c891-46fd-8f5c-72bc827f2ef5:20160407213828.564:364</Value>
          <Value>entryDN:364:1:55a73700-c891-46fd-8f5c-72bc827f2ef5:20160407213828.564:364</Value>
          <Value>isSingleValued:364:1:55a73700-c891-46fd-8f5c-72bc827f2ef5:20160407213828.564:364</Value>
          <Value>lDAPDisplayName:364:1:55a73700-c891-46fd-8f5c-72bc827f2ef5:20160407213828.564:364</Value>
          <Value>modifyTimeStamp:364:1:55a73700-c891-46fd-8f5c-72bc827f2ef5:20160407213828.564:364</Value>
          <Value>objectClass:364:1:55a73700-c891-46fd-8f5c-72bc827f2ef5:20160407213828.564:364</Value>
          <Value>objectGUID:364:1:55a73700-c891-46fd-8f5c-72bc827f2ef5:20160407213828.564:364</Value>
          <Value>oMSyntax:364:1:55a73700-c891-46fd-8f5c-72bc827f2ef5:20160407213828.564:364</Value>
          <Value>schemaIDGUID:364:1:55a73700-c891-46fd-8f5c-72bc827f2ef5:20160407213828.564:364</Value>
          <Value>uSNChanged:364:1:55a73700-c891-46fd-8f5c-72bc827f2ef5:20160407213828.564:364</Value>
          <Value>uSNCreated:364:1:55a73700-c891-46fd-8f5c-72bc827f2ef5:20160407213828.564:364</Value>
          <Value>vmwAttributeUsage:364:1:55a73700-c891-46fd-8f5c-72bc827f2ef5:20160407213828.564:364</Value>
        </AttributeMetadata>
      </AttributeSchemaEntry>
      <AttributeSchemaEntry>
        <Name>Enabled</Name>
        <AttributeMetadata>
          <Value>attributeID:519:1:55a73700-c891-46fd-8f5c-72bc827f2ef5:20160407213828.817:519</Value>
          <Value>attributeSyntax:519:1:55a73700-c891-46fd-8f5c-72bc827f2ef5:20160407213828.817:519</Value>
          <Value>cn:519:1:55a73700-c891-46fd-8f5c-72bc827f2ef5:20160407213828.817:519</Value>
          <Value>createTimeStamp:519:1:55a73700-c891-46fd-8f5c-72bc827f2ef5:20160407213828.817:519</Value>
          <Value>entryDN:519:1:55a73700-c891-46fd-8f5c-72bc827f2ef5:20160407213828.817:519</Value>
          <Value>isSingleValued:519:1:55a73700-c891-46fd-8f5c-72bc827f2ef5:20160407213828.817:519</Value>
          <Value>lDAPDisplayName:519:1:55a73700-c891-46fd-8f5c-72bc827f2ef5:20160407213828.817:519</Value>
          <Value>modifyTimeStamp:519:1:55a73700-c891-46fd-8f5c-72bc827f2ef5:20160407213828.817:519</Value>
          <Value>objectClass:519:1:55a73700-c891-46fd-8f5c-72bc827f2ef5:20160407213828.817:519</Value>
          <Value>objectGUID:519:1:55a73700-c891-46fd-8f5c-72bc827f2ef5:20160407213828.817:519</Value>
          <Value>oMSyntax:519:1:55a73700-c891-46fd-8f5c-72bc827f2ef5:20160407213828.817:519</Value>
          <Value>schemaIDGUID:519:1:55a73700-c891-46fd-8f5c-72bc827f2ef5:20160407213828.817:519</Value>
          <Value>uSNChanged:519:1:55a73700-c891-46fd-8f5c-72bc827f2ef5:20160407213828.817:519</Value>
          <Value>uSNCreated:519:1:55a73700-c891-46fd-8f5c-72bc827f2ef5:20160407213828.817:519</Value>
          <Value>vmwAttributeUsage:519:1:55a73700-c891-46fd-8f5c-72bc827f2ef5:20160407213828.817:519</Value>
        </AttributeMetadata>
      </AttributeSchemaEntry>
      <AttributeSchemaEntry>
        <Name>enabledConnection</Name>
        <AttributeMetadata>
          <Value>attributeID:638:1:55a73700-c891-46fd-8f5c-72bc827f2ef5:20160407213829.011:638</Value>
          <Value>attributeSyntax:638:1:55a73700-c891-46fd-8f5c-72bc827f2ef5:20160407213829.011:638</Value>
          <Value>cn:638:1:55a73700-c891-46fd-8f5c-72bc827f2ef5:20160407213829.011:638</Value>
          <Value>createTimeStamp:638:1:55a73700-c891-46fd-8f5c-72bc827f2ef5:20160407213829.011:638</Value>
          <Value>entryDN:638:1:55a73700-c891-46fd-8f5c-72bc827f2ef5:20160407213829.011:638</Value>
          <Value>isSingleValued:638:1:55a73700-c891-46fd-8f5c-72bc827f2ef5:20160407213829.011:638</Value>
          <Value>lDAPDisplayName:638:1:55a73700-c891-46fd-8f5c-72bc827f2ef5:20160407213829.011:638</Value>
          <Value>modifyTimeStamp:638:1:55a73700-c891-46fd-8f5c-72bc827f2ef5:20160407213829.011:638</Value>
          <Value>objectClass:638:1:55a73700-c891-46fd-8f5c-72bc827f2ef5:20160407213829.011:638</Value>
          <Value>objectGUID:638:1:55a73700-c891-46fd-8f5c-72bc827f2ef5:20160407213829.011:638</Value>
          <Value>oMSyntax:638:1:55a73700-c891-46fd-8f5c-72bc827f2ef5:20160407213829.011:638</Value>
          <Value>schemaIDGUID:638:1:55a73700-c891-46fd-8f5c-72bc827f2ef5:20160407213829.011:638</Value>
          <Value>uSNChanged:638:1:55a73700-c891-46fd-8f5c-72bc827f2ef5:20160407213829.011:638</Value>
          <Value>uSNCreated:638:1:55a73700-c891-46fd-8f5c-72bc827f2ef5:20160407213829.011:638</Value>
          <Value>vmwAttributeUsage:638:1:55a73700-c891-46fd-8f5c-72bc827f2ef5:20160407213829.011:638</Value>
        </AttributeMetadata>
      </AttributeSchemaEntry>
      <AttributeSchemaEntry>
        <Name>enhancedSearchGuide</Name>
        <AttributeMetadata>
          <Value>attributeID:203:1:55a73700-c891-46fd-8f5c-72bc827f2ef5:20160407213828.325:203</Value>
          <Value>attributeSyntax:203:1:55a73700-c891-46fd-8f5c-72bc827f2ef5:20160407213828.325:203</Value>
          <Value>cn:203:1:55a73700-c891-46fd-8f5c-72bc827f2ef5:20160407213828.325:203</Value>
          <Value>createTimeStamp:203:1:55a73700-c891-46fd-8f5c-72bc827f2ef5:20160407213828.325:203</Value>
          <Value>description:203:1:55a73700-c891-46fd-8f5c-72bc827f2ef5:20160407213828.325:203</Value>
          <Value>entryDN:203:1:55a73700-c891-46fd-8f5c-72bc827f2ef5:20160407213828.325:203</Value>
          <Value>isSingleValued:203:1:55a73700-c891-46fd-8f5c-72bc827f2ef5:20160407213828.325:203</Value>
          <Value>lDAPDisplayName:203:1:55a73700-c891-46fd-8f5c-72bc827f2ef5:20160407213828.325:203</Value>
          <Value>modifyTimeStamp:203:1:55a73700-c891-46fd-8f5c-72bc827f2ef5:20160407213828.325:203</Value>
          <Value>objectClass:203:1:55a73700-c891-46fd-8f5c-72bc827f2ef5:20160407213828.325:203</Value>
          <Value>objectGUID:203:1:55a73700-c891-46fd-8f5c-72bc827f2ef5:20160407213828.325:203</Value>
          <Value>oMSyntax:203:1:55a73700-c891-46fd-8f5c-72bc827f2ef5:20160407213828.325:203</Value>
          <Value>schemaIDGUID:203:1:55a73700-c891-46fd-8f5c-72bc827f2ef5:20160407213828.325:203</Value>
          <Value>uSNChanged:203:1:55a73700-c891-46fd-8f5c-72bc827f2ef5:20160407213828.325:203</Value>
          <Value>uSNCreated:203:1:55a73700-c891-46fd-8f5c-72bc827f2ef5:20160407213828.325:203</Value>
          <Value>vmwAttributeUsage:203:1:55a73700-c891-46fd-8f5c-72bc827f2ef5:20160407213828.325:203</Value>
        </AttributeMetadata>
      </AttributeSchemaEntry>
      <AttributeSchemaEntry>
        <Name>enrollmentProviders</Name>
        <AttributeMetadata>
          <Value>attributeID:974:1:55a73700-c891-46fd-8f5c-72bc827f2ef5:20160407213829.588:974</Value>
          <Value>attributeSyntax:974:1:55a73700-c891-46fd-8f5c-72bc827f2ef5:20160407213829.588:974</Value>
          <Value>cn:974:1:55a73700-c891-46fd-8f5c-72bc827f2ef5:20160407213829.588:974</Value>
          <Value>createTimeStamp:974:1:55a73700-c891-46fd-8f5c-72bc827f2ef5:20160407213829.588:974</Value>
          <Value>entryDN:974:1:55a73700-c891-46fd-8f5c-72bc827f2ef5:20160407213829.588:974</Value>
          <Value>isSingleValued:974:1:55a73700-c891-46fd-8f5c-72bc827f2ef5:20160407213829.588:974</Value>
          <Value>lDAPDisplayName:974:1:55a73700-c891-46fd-8f5c-72bc827f2ef5:20160407213829.588:974</Value>
          <Value>modifyTimeStamp:974:1:55a73700-c891-46fd-8f5c-72bc827f2ef5:20160407213829.588:974</Value>
          <Value>objectClass:974:1:55a73700-c891-46fd-8f5c-72bc827f2ef5:20160407213829.588:974</Value>
          <Value>objectGUID:974:1:55a73700-c891-46fd-8f5c-72bc827f2ef5:20160407213829.588:974</Value>
          <Value>oMSyntax:974:1:55a73700-c891-46fd-8f5c-72bc827f2ef5:20160407213829.588:974</Value>
          <Value>schemaIDGUID:974:1:55a73700-c891-46fd-8f5c-72bc827f2ef5:20160407213829.588:974</Value>
          <Value>uSNChanged:974:1:55a73700-c891-46fd-8f5c-72bc827f2ef5:20160407213829.588:974</Value>
          <Value>uSNCreated:974:1:55a73700-c891-46fd-8f5c-72bc827f2ef5:20160407213829.588:974</Value>
          <Value>vmwAttributeUsage:974:1:55a73700-c891-46fd-8f5c-72bc827f2ef5:20160407213829.588:974</Value>
        </AttributeMetadata>
      </AttributeSchemaEntry>
      <AttributeSchemaEntry>
        <Name>entryDN</Name>
        <AttributeMetadata>
          <Value>attributeID:1544:1:55a73700-c891-46fd-8f5c-72bc827f2ef5:20160407213830.566:1544</Value>
          <Value>attributeSyntax:1544:1:55a73700-c891-46fd-8f5c-72bc827f2ef5:20160407213830.566:1544</Value>
          <Value>cn:1544:1:55a73700-c891-46fd-8f5c-72bc827f2ef5:20160407213830.566:1544</Value>
          <Value>createTimeStamp:1544:1:55a73700-c891-46fd-8f5c-72bc827f2ef5:20160407213830.566:1544</Value>
          <Value>description:1544:1:55a73700-c891-46fd-8f5c-72bc827f2ef5:20160407213830.566:1544</Value>
          <Value>entryDN:1544:1:55a73700-c891-46fd-8f5c-72bc827f2ef5:20160407213830.566:1544</Value>
          <Value>isSingleValued:1544:1:55a73700-c891-46fd-8f5c-72bc827f2ef5:20160407213830.566:1544</Value>
          <Value>lDAPDisplayName:1544:1:55a73700-c891-46fd-8f5c-72bc827f2ef5:20160407213830.566:1544</Value>
          <Value>modifyTimeStamp:1544:1:55a73700-c891-46fd-8f5c-72bc827f2ef5:20160407213830.566:1544</Value>
          <Value>objectClass:1544:1:55a73700-c891-46fd-8f5c-72bc827f2ef5:20160407213830.566:1544</Value>
          <Value>objectGUID:1544:1:55a73700-c891-46fd-8f5c-72bc827f2ef5:20160407213830.566:1544</Value>
          <Value>oMSyntax:1544:1:55a73700-c891-46fd-8f5c-72bc827f2ef5:20160407213830.566:1544</Value>
          <Value>schemaIDGUID:1544:1:55a73700-c891-46fd-8f5c-72bc827f2ef5:20160407213830.566:1544</Value>
          <Value>uSNChanged:1544:1:55a73700-c891-46fd-8f5c-72bc827f2ef5:20160407213830.566:1544</Value>
          <Value>uSNCreated:1544:1:55a73700-c891-46fd-8f5c-72bc827f2ef5:20160407213830.566:1544</Value>
          <Value>vmwAttributeUsage:1544:1:55a73700-c891-46fd-8f5c-72bc827f2ef5:20160407213830.566:1544</Value>
        </AttributeMetadata>
      </AttributeSchemaEntry>
      <AttributeSchemaEntry>
        <Name>entryTTL</Name>
        <AttributeMetadata>
          <Value>attributeID:433:1:55a73700-c891-46fd-8f5c-72bc827f2ef5:20160407213828.675:433</Value>
          <Value>attributeSyntax:433:1:55a73700-c891-46fd-8f5c-72bc827f2ef5:20160407213828.675:433</Value>
          <Value>cn:433:1:55a73700-c891-46fd-8f5c-72bc827f2ef5:20160407213828.675:433</Value>
          <Value>createTimeStamp:433:1:55a73700-c891-46fd-8f5c-72bc827f2ef5:20160407213828.675:433</Value>
          <Value>entryDN:433:1:55a73700-c891-46fd-8f5c-72bc827f2ef5:20160407213828.675:433</Value>
          <Value>isSingleValued:433:1:55a73700-c891-46fd-8f5c-72bc827f2ef5:20160407213828.675:433</Value>
          <Value>lDAPDisplayName:433:1:55a73700-c891-46fd-8f5c-72bc827f2ef5:20160407213828.675:433</Value>
          <Value>modifyTimeStamp:433:1:55a73700-c891-46fd-8f5c-72bc827f2ef5:20160407213828.675:433</Value>
          <Value>objectClass:433:1:55a73700-c891-46fd-8f5c-72bc827f2ef5:20160407213828.675:433</Value>
          <Value>objectGUID:433:1:55a73700-c891-46fd-8f5c-72bc827f2ef5:20160407213828.675:433</Value>
          <Value>oMSyntax:433:1:55a73700-c891-46fd-8f5c-72bc827f2ef5:20160407213828.675:433</Value>
          <Value>schemaIDGUID:433:1:55a73700-c891-46fd-8f5c-72bc827f2ef5:20160407213828.675:433</Value>
          <Value>uSNChanged:433:1:55a73700-c891-46fd-8f5c-72bc827f2ef5:20160407213828.675:433</Value>
          <Value>uSNCreated:433:1:55a73700-c891-46fd-8f5c-72bc827f2ef5:20160407213828.675:433</Value>
          <Value>vmwAttributeUsage:433:1:55a73700-c891-46fd-8f5c-72bc827f2ef5:20160407213828.675:433</Value>
        </AttributeMetadata>
      </AttributeSchemaEntry>
      <AttributeSchemaEntry>
        <Name>entryUUID</Name>
        <AttributeMetadata>
          <Value>attributeID:1669:1:55a73700-c891-46fd-8f5c-72bc827f2ef5:20160407213830.775:1669</Value>
          <Value>attributeSyntax:1669:1:55a73700-c891-46fd-8f5c-72bc827f2ef5:20160407213830.775:1669</Value>
          <Value>cn:1669:1:55a73700-c891-46fd-8f5c-72bc827f2ef5:20160407213830.775:1669</Value>
          <Value>createTimeStamp:1669:1:55a73700-c891-46fd-8f5c-72bc827f2ef5:20160407213830.775:1669</Value>
          <Value>description:1669:1:55a73700-c891-46fd-8f5c-72bc827f2ef5:20160407213830.775:1669</Value>
          <Value>entryDN:1669:1:55a73700-c891-46fd-8f5c-72bc827f2ef5:20160407213830.775:1669</Value>
          <Value>isSingleValued:1669:1:55a73700-c891-46fd-8f5c-72bc827f2ef5:20160407213830.775:1669</Value>
          <Value>lDAPDisplayName:1669:1:55a73700-c891-46fd-8f5c-72bc827f2ef5:20160407213830.775:1669</Value>
          <Value>modifyTimeStamp:1669:1:55a73700-c891-46fd-8f5c-72bc827f2ef5:20160407213830.775:1669</Value>
          <Value>objectClass:1669:1:55a73700-c891-46fd-8f5c-72bc827f2ef5:20160407213830.775:1669</Value>
          <Value>objectGUID:1669:1:55a73700-c891-46fd-8f5c-72bc827f2ef5:20160407213830.775:1669</Value>
          <Value>oMSyntax:1669:1:55a73700-c891-46fd-8f5c-72bc827f2ef5:20160407213830.775:1669</Value>
          <Value>schemaIDGUID:1669:1:55a73700-c891-46fd-8f5c-72bc827f2ef5:20160407213830.775:1669</Value>
          <Value>uSNChanged:1669:1:55a73700-c891-46fd-8f5c-72bc827f2ef5:20160407213830.775:1669</Value>
          <Value>uSNCreated:1669:1:55a73700-c891-46fd-8f5c-72bc827f2ef5:20160407213830.775:1669</Value>
          <Value>vmwAttributeUsage:1669:1:55a73700-c891-46fd-8f5c-72bc827f2ef5:20160407213830.775:1669</Value>
        </AttributeMetadata>
      </AttributeSchemaEntry>
      <AttributeSchemaEntry>
        <Name>extendedAttributeInfo</Name>
        <AttributeMetadata>
          <Value>attributeID:1387:1:55a73700-c891-46fd-8f5c-72bc827f2ef5:20160407213830.303:1387</Value>
          <Value>attributeSyntax:1387:1:55a73700-c891-46fd-8f5c-72bc827f2ef5:20160407213830.303:1387</Value>
          <Value>cn:1387:1:55a73700-c891-46fd-8f5c-72bc827f2ef5:20160407213830.303:1387</Value>
          <Value>createTimeStamp:1387:1:55a73700-c891-46fd-8f5c-72bc827f2ef5:20160407213830.303:1387</Value>
          <Value>entryDN:1387:1:55a73700-c891-46fd-8f5c-72bc827f2ef5:20160407213830.303:1387</Value>
          <Value>isSingleValued:1387:1:55a73700-c891-46fd-8f5c-72bc827f2ef5:20160407213830.303:1387</Value>
          <Value>lDAPDisplayName:1387:1:55a73700-c891-46fd-8f5c-72bc827f2ef5:20160407213830.303:1387</Value>
          <Value>modifyTimeStamp:1387:1:55a73700-c891-46fd-8f5c-72bc827f2ef5:20160407213830.303:1387</Value>
          <Value>objectClass:1387:1:55a73700-c891-46fd-8f5c-72bc827f2ef5:20160407213830.303:1387</Value>
          <Value>objectGUID:1387:1:55a73700-c891-46fd-8f5c-72bc827f2ef5:20160407213830.303:1387</Value>
          <Value>oMSyntax:1387:1:55a73700-c891-46fd-8f5c-72bc827f2ef5:20160407213830.303:1387</Value>
          <Value>schemaIDGUID:1387:1:55a73700-c891-46fd-8f5c-72bc827f2ef5:20160407213830.303:1387</Value>
          <Value>uSNChanged:1387:1:55a73700-c891-46fd-8f5c-72bc827f2ef5:20160407213830.303:1387</Value>
          <Value>uSNCreated:1387:1:55a73700-c891-46fd-8f5c-72bc827f2ef5:20160407213830.303:1387</Value>
          <Value>vmwAttributeUsage:1387:1:55a73700-c891-46fd-8f5c-72bc827f2ef5:20160407213830.303:1387</Value>
        </AttributeMetadata>
      </AttributeSchemaEntry>
      <AttributeSchemaEntry>
        <Name>extendedCharsAllowed</Name>
        <AttributeMetadata>
          <Value>attributeID:181:1:55a73700-c891-46fd-8f5c-72bc827f2ef5:20160407213828.297:181</Value>
          <Value>attributeSyntax:181:1:55a73700-c891-46fd-8f5c-72bc827f2ef5:20160407213828.297:181</Value>
          <Value>cn:181:1:55a73700-c891-46fd-8f5c-72bc827f2ef5:20160407213828.297:181</Value>
          <Value>createTimeStamp:181:1:55a73700-c891-46fd-8f5c-72bc827f2ef5:20160407213828.297:181</Value>
          <Value>entryDN:181:1:55a73700-c891-46fd-8f5c-72bc827f2ef5:20160407213828.297:181</Value>
          <Value>isSingleValued:181:1:55a73700-c891-46fd-8f5c-72bc827f2ef5:20160407213828.297:181</Value>
          <Value>lDAPDisplayName:181:1:55a73700-c891-46fd-8f5c-72bc827f2ef5:20160407213828.297:181</Value>
          <Value>modifyTimeStamp:181:1:55a73700-c891-46fd-8f5c-72bc827f2ef5:20160407213828.297:181</Value>
          <Value>objectClass:181:1:55a73700-c891-46fd-8f5c-72bc827f2ef5:20160407213828.297:181</Value>
          <Value>objectGUID:181:1:55a73700-c891-46fd-8f5c-72bc827f2ef5:20160407213828.297:181</Value>
          <Value>oMSyntax:181:1:55a73700-c891-46fd-8f5c-72bc827f2ef5:20160407213828.297:181</Value>
          <Value>schemaIDGUID:181:1:55a73700-c891-46fd-8f5c-72bc827f2ef5:20160407213828.297:181</Value>
          <Value>uSNChanged:181:1:55a73700-c891-46fd-8f5c-72bc827f2ef5:20160407213828.297:181</Value>
          <Value>uSNCreated:181:1:55a73700-c891-46fd-8f5c-72bc827f2ef5:20160407213828.297:181</Value>
          <Value>vmwAttributeUsage:181:1:55a73700-c891-46fd-8f5c-72bc827f2ef5:20160407213828.297:181</Value>
        </AttributeMetadata>
      </AttributeSchemaEntry>
      <AttributeSchemaEntry>
        <Name>extendedClassInfo</Name>
        <AttributeMetadata>
          <Value>attributeID:1044:1:55a73700-c891-46fd-8f5c-72bc827f2ef5:20160407213829.704:1044</Value>
          <Value>attributeSyntax:1044:1:55a73700-c891-46fd-8f5c-72bc827f2ef5:20160407213829.704:1044</Value>
          <Value>cn:1044:1:55a73700-c891-46fd-8f5c-72bc827f2ef5:20160407213829.704:1044</Value>
          <Value>createTimeStamp:1044:1:55a73700-c891-46fd-8f5c-72bc827f2ef5:20160407213829.704:1044</Value>
          <Value>entryDN:1044:1:55a73700-c891-46fd-8f5c-72bc827f2ef5:20160407213829.704:1044</Value>
          <Value>isSingleValued:1044:1:55a73700-c891-46fd-8f5c-72bc827f2ef5:20160407213829.704:1044</Value>
          <Value>lDAPDisplayName:1044:1:55a73700-c891-46fd-8f5c-72bc827f2ef5:20160407213829.704:1044</Value>
          <Value>modifyTimeStamp:1044:1:55a73700-c891-46fd-8f5c-72bc827f2ef5:20160407213829.704:1044</Value>
          <Value>objectClass:1044:1:55a73700-c891-46fd-8f5c-72bc827f2ef5:20160407213829.704:1044</Value>
          <Value>objectGUID:1044:1:55a73700-c891-46fd-8f5c-72bc827f2ef5:20160407213829.704:1044</Value>
          <Value>oMSyntax:1044:1:55a73700-c891-46fd-8f5c-72bc827f2ef5:20160407213829.704:1044</Value>
          <Value>schemaIDGUID:1044:1:55a73700-c891-46fd-8f5c-72bc827f2ef5:20160407213829.704:1044</Value>
          <Value>uSNChanged:1044:1:55a73700-c891-46fd-8f5c-72bc827f2ef5:20160407213829.704:1044</Value>
          <Value>uSNCreated:1044:1:55a73700-c891-46fd-8f5c-72bc827f2ef5:20160407213829.704:1044</Value>
          <Value>vmwAttributeUsage:1044:1:55a73700-c891-46fd-8f5c-72bc827f2ef5:20160407213829.704:1044</Value>
        </AttributeMetadata>
      </AttributeSchemaEntry>
      <AttributeSchemaEntry>
        <Name>extensionName</Name>
        <AttributeMetadata>
          <Value>attributeID:911:1:55a73700-c891-46fd-8f5c-72bc827f2ef5:20160407213829.480:911</Value>
          <Value>attributeSyntax:911:1:55a73700-c891-46fd-8f5c-72bc827f2ef5:20160407213829.480:911</Value>
          <Value>cn:911:1:55a73700-c891-46fd-8f5c-72bc827f2ef5:20160407213829.480:911</Value>
          <Value>createTimeStamp:911:1:55a73700-c891-46fd-8f5c-72bc827f2ef5:20160407213829.480:911</Value>
          <Value>entryDN:911:1:55a73700-c891-46fd-8f5c-72bc827f2ef5:20160407213829.480:911</Value>
          <Value>isSingleValued:911:1:55a73700-c891-46fd-8f5c-72bc827f2ef5:20160407213829.480:911</Value>
          <Value>lDAPDisplayName:911:1:55a73700-c891-46fd-8f5c-72bc827f2ef5:20160407213829.480:911</Value>
          <Value>modifyTimeStamp:911:1:55a73700-c891-46fd-8f5c-72bc827f2ef5:20160407213829.480:911</Value>
          <Value>objectClass:911:1:55a73700-c891-46fd-8f5c-72bc827f2ef5:20160407213829.480:911</Value>
          <Value>objectGUID:911:1:55a73700-c891-46fd-8f5c-72bc827f2ef5:20160407213829.480:911</Value>
          <Value>oMSyntax:911:1:55a73700-c891-46fd-8f5c-72bc827f2ef5:20160407213829.480:911</Value>
          <Value>schemaIDGUID:911:1:55a73700-c891-46fd-8f5c-72bc827f2ef5:20160407213829.480:911</Value>
          <Value>uSNChanged:911:1:55a73700-c891-46fd-8f5c-72bc827f2ef5:20160407213829.480:911</Value>
          <Value>uSNCreated:911:1:55a73700-c891-46fd-8f5c-72bc827f2ef5:20160407213829.480:911</Value>
          <Value>vmwAttributeUsage:911:1:55a73700-c891-46fd-8f5c-72bc827f2ef5:20160407213829.480:911</Value>
        </AttributeMetadata>
      </AttributeSchemaEntry>
      <AttributeSchemaEntry>
        <Name>externalObjectId</Name>
        <AttributeMetadata>
          <Value>attributeID:1459:1:55a73700-c891-46fd-8f5c-72bc827f2ef5:20160407213830.423:1459</Value>
          <Value>attributeSyntax:1459:1:55a73700-c891-46fd-8f5c-72bc827f2ef5:20160407213830.423:1459</Value>
          <Value>cn:1459:1:55a73700-c891-46fd-8f5c-72bc827f2ef5:20160407213830.423:1459</Value>
          <Value>createTimeStamp:1459:1:55a73700-c891-46fd-8f5c-72bc827f2ef5:20160407213830.423:1459</Value>
          <Value>description:1459:1:55a73700-c891-46fd-8f5c-72bc827f2ef5:20160407213830.423:1459</Value>
          <Value>entryDN:1459:1:55a73700-c891-46fd-8f5c-72bc827f2ef5:20160407213830.423:1459</Value>
          <Value>isSingleValued:1459:1:55a73700-c891-46fd-8f5c-72bc827f2ef5:20160407213830.423:1459</Value>
          <Value>lDAPDisplayName:1459:1:55a73700-c891-46fd-8f5c-72bc827f2ef5:20160407213830.423:1459</Value>
          <Value>modifyTimeStamp:1459:1:55a73700-c891-46fd-8f5c-72bc827f2ef5:20160407213830.423:1459</Value>
          <Value>objectClass:1459:1:55a73700-c891-46fd-8f5c-72bc827f2ef5:20160407213830.423:1459</Value>
          <Value>objectGUID:1459:1:55a73700-c891-46fd-8f5c-72bc827f2ef5:20160407213830.423:1459</Value>
          <Value>oMSyntax:1459:1:55a73700-c891-46fd-8f5c-72bc827f2ef5:20160407213830.423:1459</Value>
          <Value>schemaIDGUID:1459:1:55a73700-c891-46fd-8f5c-72bc827f2ef5:20160407213830.423:1459</Value>
          <Value>uSNChanged:1459:1:55a73700-c891-46fd-8f5c-72bc827f2ef5:20160407213830.423:1459</Value>
          <Value>uSNCreated:1459:1:55a73700-c891-46fd-8f5c-72bc827f2ef5:20160407213830.423:1459</Value>
          <Value>vmwAttributeUsage:1459:1:55a73700-c891-46fd-8f5c-72bc827f2ef5:20160407213830.423:1459</Value>
        </AttributeMetadata>
      </AttributeSchemaEntry>
      <AttributeSchemaEntry>
        <Name>extraColumns</Name>
        <AttributeMetadata>
          <Value>attributeID:1122:1:55a73700-c891-46fd-8f5c-72bc827f2ef5:20160407213829.860:1122</Value>
          <Value>attributeSyntax:1122:1:55a73700-c891-46fd-8f5c-72bc827f2ef5:20160407213829.860:1122</Value>
          <Value>cn:1122:1:55a73700-c891-46fd-8f5c-72bc827f2ef5:20160407213829.860:1122</Value>
          <Value>createTimeStamp:1122:1:55a73700-c891-46fd-8f5c-72bc827f2ef5:20160407213829.860:1122</Value>
          <Value>entryDN:1122:1:55a73700-c891-46fd-8f5c-72bc827f2ef5:20160407213829.860:1122</Value>
          <Value>isSingleValued:1122:1:55a73700-c891-46fd-8f5c-72bc827f2ef5:20160407213829.860:1122</Value>
          <Value>lDAPDisplayName:1122:1:55a73700-c891-46fd-8f5c-72bc827f2ef5:20160407213829.860:1122</Value>
          <Value>modifyTimeStamp:1122:1:55a73700-c891-46fd-8f5c-72bc827f2ef5:20160407213829.860:1122</Value>
          <Value>objectClass:1122:1:55a73700-c891-46fd-8f5c-72bc827f2ef5:20160407213829.860:1122</Value>
          <Value>objectGUID:1122:1:55a73700-c891-46fd-8f5c-72bc827f2ef5:20160407213829.860:1122</Value>
          <Value>oMSyntax:1122:1:55a73700-c891-46fd-8f5c-72bc827f2ef5:20160407213829.860:1122</Value>
          <Value>schemaIDGUID:1122:1:55a73700-c891-46fd-8f5c-72bc827f2ef5:20160407213829.860:1122</Value>
          <Value>uSNChanged:1122:1:55a73700-c891-46fd-8f5c-72bc827f2ef5:20160407213829.860:1122</Value>
          <Value>uSNCreated:1122:1:55a73700-c891-46fd-8f5c-72bc827f2ef5:20160407213829.860:1122</Value>
          <Value>vmwAttributeUsage:1122:1:55a73700-c891-46fd-8f5c-72bc827f2ef5:20160407213829.860:1122</Value>
        </AttributeMetadata>
      </AttributeSchemaEntry>
      <AttributeSchemaEntry>
        <Name>facsimileTelephoneNumber</Name>
        <AttributeMetadata>
          <Value>attributeID:1476:1:55a73700-c891-46fd-8f5c-72bc827f2ef5:20160407213830.449:1476</Value>
          <Value>attributeSyntax:1476:1:55a73700-c891-46fd-8f5c-72bc827f2ef5:20160407213830.449:1476</Value>
          <Value>cn:1476:1:55a73700-c891-46fd-8f5c-72bc827f2ef5:20160407213830.449:1476</Value>
          <Value>createTimeStamp:1476:1:55a73700-c891-46fd-8f5c-72bc827f2ef5:20160407213830.449:1476</Value>
          <Value>entryDN:1476:1:55a73700-c891-46fd-8f5c-72bc827f2ef5:20160407213830.449:1476</Value>
          <Value>isSingleValued:1476:1:55a73700-c891-46fd-8f5c-72bc827f2ef5:20160407213830.449:1476</Value>
          <Value>lDAPDisplayName:1476:1:55a73700-c891-46fd-8f5c-72bc827f2ef5:20160407213830.449:1476</Value>
          <Value>modifyTimeStamp:1476:1:55a73700-c891-46fd-8f5c-72bc827f2ef5:20160407213830.449:1476</Value>
          <Value>objectClass:1476:1:55a73700-c891-46fd-8f5c-72bc827f2ef5:20160407213830.449:1476</Value>
          <Value>objectGUID:1476:1:55a73700-c891-46fd-8f5c-72bc827f2ef5:20160407213830.449:1476</Value>
          <Value>oMSyntax:1476:1:55a73700-c891-46fd-8f5c-72bc827f2ef5:20160407213830.449:1476</Value>
          <Value>schemaIDGUID:1476:1:55a73700-c891-46fd-8f5c-72bc827f2ef5:20160407213830.449:1476</Value>
          <Value>uSNChanged:1476:1:55a73700-c891-46fd-8f5c-72bc827f2ef5:20160407213830.449:1476</Value>
          <Value>uSNCreated:1476:1:55a73700-c891-46fd-8f5c-72bc827f2ef5:20160407213830.449:1476</Value>
          <Value>vmwAttributeUsage:1476:1:55a73700-c891-46fd-8f5c-72bc827f2ef5:20160407213830.449:1476</Value>
        </AttributeMetadata>
      </AttributeSchemaEntry>
      <AttributeSchemaEntry>
        <Name>fileExtPriority</Name>
        <AttributeMetadata>
          <Value>attributeID:1205:1:55a73700-c891-46fd-8f5c-72bc827f2ef5:20160407213830.004:1205</Value>
          <Value>attributeSyntax:1205:1:55a73700-c891-46fd-8f5c-72bc827f2ef5:20160407213830.004:1205</Value>
          <Value>cn:1205:1:55a73700-c891-46fd-8f5c-72bc827f2ef5:20160407213830.004:1205</Value>
          <Value>createTimeStamp:1205:1:55a73700-c891-46fd-8f5c-72bc827f2ef5:20160407213830.004:1205</Value>
          <Value>entryDN:1205:1:55a73700-c891-46fd-8f5c-72bc827f2ef5:20160407213830.004:1205</Value>
          <Value>isSingleValued:1205:1:55a73700-c891-46fd-8f5c-72bc827f2ef5:20160407213830.004:1205</Value>
          <Value>lDAPDisplayName:1205:1:55a73700-c891-46fd-8f5c-72bc827f2ef5:20160407213830.004:1205</Value>
          <Value>modifyTimeStamp:1205:1:55a73700-c891-46fd-8f5c-72bc827f2ef5:20160407213830.004:1205</Value>
          <Value>objectClass:1205:1:55a73700-c891-46fd-8f5c-72bc827f2ef5:20160407213830.004:1205</Value>
          <Value>objectGUID:1205:1:55a73700-c891-46fd-8f5c-72bc827f2ef5:20160407213830.004:1205</Value>
          <Value>oMSyntax:1205:1:55a73700-c891-46fd-8f5c-72bc827f2ef5:20160407213830.004:1205</Value>
          <Value>schemaIDGUID:1205:1:55a73700-c891-46fd-8f5c-72bc827f2ef5:20160407213830.004:1205</Value>
          <Value>uSNChanged:1205:1:55a73700-c891-46fd-8f5c-72bc827f2ef5:20160407213830.004:1205</Value>
          <Value>uSNCreated:1205:1:55a73700-c891-46fd-8f5c-72bc827f2ef5:20160407213830.004:1205</Value>
          <Value>vmwAttributeUsage:1205:1:55a73700-c891-46fd-8f5c-72bc827f2ef5:20160407213830.004:1205</Value>
        </AttributeMetadata>
      </AttributeSchemaEntry>
      <AttributeSchemaEntry>
        <Name>flags</Name>
        <AttributeMetadata>
          <Value>attributeID:266:1:55a73700-c891-46fd-8f5c-72bc827f2ef5:20160407213828.416:266</Value>
          <Value>attributeSyntax:266:1:55a73700-c891-46fd-8f5c-72bc827f2ef5:20160407213828.416:266</Value>
          <Value>cn:266:1:55a73700-c891-46fd-8f5c-72bc827f2ef5:20160407213828.416:266</Value>
          <Value>createTimeStamp:266:1:55a73700-c891-46fd-8f5c-72bc827f2ef5:20160407213828.416:266</Value>
          <Value>entryDN:266:1:55a73700-c891-46fd-8f5c-72bc827f2ef5:20160407213828.416:266</Value>
          <Value>isSingleValued:266:1:55a73700-c891-46fd-8f5c-72bc827f2ef5:20160407213828.416:266</Value>
          <Value>lDAPDisplayName:266:1:55a73700-c891-46fd-8f5c-72bc827f2ef5:20160407213828.416:266</Value>
          <Value>modifyTimeStamp:266:1:55a73700-c891-46fd-8f5c-72bc827f2ef5:20160407213828.416:266</Value>
          <Value>objectClass:266:1:55a73700-c891-46fd-8f5c-72bc827f2ef5:20160407213828.416:266</Value>
          <Value>objectGUID:266:1:55a73700-c891-46fd-8f5c-72bc827f2ef5:20160407213828.416:266</Value>
          <Value>oMSyntax:266:1:55a73700-c891-46fd-8f5c-72bc827f2ef5:20160407213828.416:266</Value>
          <Value>schemaIDGUID:266:1:55a73700-c891-46fd-8f5c-72bc827f2ef5:20160407213828.416:266</Value>
          <Value>uSNChanged:266:1:55a73700-c891-46fd-8f5c-72bc827f2ef5:20160407213828.416:266</Value>
          <Value>uSNCreated:266:1:55a73700-c891-46fd-8f5c-72bc827f2ef5:20160407213828.416:266</Value>
          <Value>vmwAttributeUsage:266:1:55a73700-c891-46fd-8f5c-72bc827f2ef5:20160407213828.416:266</Value>
        </AttributeMetadata>
      </AttributeSchemaEntry>
      <AttributeSchemaEntry>
        <Name>flatName</Name>
        <AttributeMetadata>
          <Value>attributeID:1279:1:55a73700-c891-46fd-8f5c-72bc827f2ef5:20160407213830.126:1279</Value>
          <Value>attributeSyntax:1279:1:55a73700-c891-46fd-8f5c-72bc827f2ef5:20160407213830.126:1279</Value>
          <Value>cn:1279:1:55a73700-c891-46fd-8f5c-72bc827f2ef5:20160407213830.126:1279</Value>
          <Value>createTimeStamp:1279:1:55a73700-c891-46fd-8f5c-72bc827f2ef5:20160407213830.126:1279</Value>
          <Value>entryDN:1279:1:55a73700-c891-46fd-8f5c-72bc827f2ef5:20160407213830.126:1279</Value>
          <Value>isSingleValued:1279:1:55a73700-c891-46fd-8f5c-72bc827f2ef5:20160407213830.126:1279</Value>
          <Value>lDAPDisplayName:1279:1:55a73700-c891-46fd-8f5c-72bc827f2ef5:20160407213830.126:1279</Value>
          <Value>modifyTimeStamp:1279:1:55a73700-c891-46fd-8f5c-72bc827f2ef5:20160407213830.126:1279</Value>
          <Value>objectClass:1279:1:55a73700-c891-46fd-8f5c-72bc827f2ef5:20160407213830.126:1279</Value>
          <Value>objectGUID:1279:1:55a73700-c891-46fd-8f5c-72bc827f2ef5:20160407213830.126:1279</Value>
          <Value>oMSyntax:1279:1:55a73700-c891-46fd-8f5c-72bc827f2ef5:20160407213830.126:1279</Value>
          <Value>schemaIDGUID:1279:1:55a73700-c891-46fd-8f5c-72bc827f2ef5:20160407213830.126:1279</Value>
          <Value>uSNChanged:1279:1:55a73700-c891-46fd-8f5c-72bc827f2ef5:20160407213830.126:1279</Value>
          <Value>uSNCreated:1279:1:55a73700-c891-46fd-8f5c-72bc827f2ef5:20160407213830.126:1279</Value>
          <Value>vmwAttributeUsage:1279:1:55a73700-c891-46fd-8f5c-72bc827f2ef5:20160407213830.126:1279</Value>
        </AttributeMetadata>
      </AttributeSchemaEntry>
      <AttributeSchemaEntry>
        <Name>forceLogoff</Name>
        <AttributeMetadata>
          <Value>attributeID:1215:1:55a73700-c891-46fd-8f5c-72bc827f2ef5:20160407213830.025:1215</Value>
          <Value>attributeSyntax:1215:1:55a73700-c891-46fd-8f5c-72bc827f2ef5:20160407213830.025:1215</Value>
          <Value>cn:1215:1:55a73700-c891-46fd-8f5c-72bc827f2ef5:20160407213830.025:1215</Value>
          <Value>createTimeStamp:1215:1:55a73700-c891-46fd-8f5c-72bc827f2ef5:20160407213830.025:1215</Value>
          <Value>entryDN:1215:1:55a73700-c891-46fd-8f5c-72bc827f2ef5:20160407213830.025:1215</Value>
          <Value>isSingleValued:1215:1:55a73700-c891-46fd-8f5c-72bc827f2ef5:20160407213830.025:1215</Value>
          <Value>lDAPDisplayName:1215:1:55a73700-c891-46fd-8f5c-72bc827f2ef5:20160407213830.025:1215</Value>
          <Value>modifyTimeStamp:1215:1:55a73700-c891-46fd-8f5c-72bc827f2ef5:20160407213830.025:1215</Value>
          <Value>objectClass:1215:1:55a73700-c891-46fd-8f5c-72bc827f2ef5:20160407213830.025:1215</Value>
          <Value>objectGUID:1215:1:55a73700-c891-46fd-8f5c-72bc827f2ef5:20160407213830.025:1215</Value>
          <Value>oMSyntax:1215:1:55a73700-c891-46fd-8f5c-72bc827f2ef5:20160407213830.025:1215</Value>
          <Value>schemaIDGUID:1215:1:55a73700-c891-46fd-8f5c-72bc827f2ef5:20160407213830.025:1215</Value>
          <Value>uSNChanged:1215:1:55a73700-c891-46fd-8f5c-72bc827f2ef5:20160407213830.025:1215</Value>
          <Value>uSNCreated:1215:1:55a73700-c891-46fd-8f5c-72bc827f2ef5:20160407213830.025:1215</Value>
          <Value>vmwAttributeUsage:1215:1:55a73700-c891-46fd-8f5c-72bc827f2ef5:20160407213830.025:1215</Value>
        </AttributeMetadata>
      </AttributeSchemaEntry>
      <AttributeSchemaEntry>
        <Name>foreignIdentifier</Name>
        <AttributeMetadata>
          <Value>attributeID:1245:1:55a73700-c891-46fd-8f5c-72bc827f2ef5:20160407213830.068:1245</Value>
          <Value>attributeSyntax:1245:1:55a73700-c891-46fd-8f5c-72bc827f2ef5:20160407213830.068:1245</Value>
          <Value>cn:1245:1:55a73700-c891-46fd-8f5c-72bc827f2ef5:20160407213830.068:1245</Value>
          <Value>createTimeStamp:1245:1:55a73700-c891-46fd-8f5c-72bc827f2ef5:20160407213830.068:1245</Value>
          <Value>entryDN:1245:1:55a73700-c891-46fd-8f5c-72bc827f2ef5:20160407213830.068:1245</Value>
          <Value>isSingleValued:1245:1:55a73700-c891-46fd-8f5c-72bc827f2ef5:20160407213830.068:1245</Value>
          <Value>lDAPDisplayName:1245:1:55a73700-c891-46fd-8f5c-72bc827f2ef5:20160407213830.068:1245</Value>
          <Value>modifyTimeStamp:1245:1:55a73700-c891-46fd-8f5c-72bc827f2ef5:20160407213830.068:1245</Value>
          <Value>objectClass:1245:1:55a73700-c891-46fd-8f5c-72bc827f2ef5:20160407213830.068:1245</Value>
          <Value>objectGUID:1245:1:55a73700-c891-46fd-8f5c-72bc827f2ef5:20160407213830.068:1245</Value>
          <Value>oMSyntax:1245:1:55a73700-c891-46fd-8f5c-72bc827f2ef5:20160407213830.068:1245</Value>
          <Value>schemaIDGUID:1245:1:55a73700-c891-46fd-8f5c-72bc827f2ef5:20160407213830.068:1245</Value>
          <Value>uSNChanged:1245:1:55a73700-c891-46fd-8f5c-72bc827f2ef5:20160407213830.068:1245</Value>
          <Value>uSNCreated:1245:1:55a73700-c891-46fd-8f5c-72bc827f2ef5:20160407213830.068:1245</Value>
          <Value>vmwAttributeUsage:1245:1:55a73700-c891-46fd-8f5c-72bc827f2ef5:20160407213830.068:1245</Value>
        </AttributeMetadata>
      </AttributeSchemaEntry>
      <AttributeSchemaEntry>
        <Name>friendlyNames</Name>
        <AttributeMetadata>
          <Value>attributeID:1548:1:55a73700-c891-46fd-8f5c-72bc827f2ef5:20160407213830.570:1548</Value>
          <Value>attributeSyntax:1548:1:55a73700-c891-46fd-8f5c-72bc827f2ef5:20160407213830.570:1548</Value>
          <Value>cn:1548:1:55a73700-c891-46fd-8f5c-72bc827f2ef5:20160407213830.570:1548</Value>
          <Value>createTimeStamp:1548:1:55a73700-c891-46fd-8f5c-72bc827f2ef5:20160407213830.570:1548</Value>
          <Value>entryDN:1548:1:55a73700-c891-46fd-8f5c-72bc827f2ef5:20160407213830.570:1548</Value>
          <Value>isSingleValued:1548:1:55a73700-c891-46fd-8f5c-72bc827f2ef5:20160407213830.570:1548</Value>
          <Value>lDAPDisplayName:1548:1:55a73700-c891-46fd-8f5c-72bc827f2ef5:20160407213830.570:1548</Value>
          <Value>modifyTimeStamp:1548:1:55a73700-c891-46fd-8f5c-72bc827f2ef5:20160407213830.570:1548</Value>
          <Value>objectClass:1548:1:55a73700-c891-46fd-8f5c-72bc827f2ef5:20160407213830.570:1548</Value>
          <Value>objectGUID:1548:1:55a73700-c891-46fd-8f5c-72bc827f2ef5:20160407213830.570:1548</Value>
          <Value>oMSyntax:1548:1:55a73700-c891-46fd-8f5c-72bc827f2ef5:20160407213830.570:1548</Value>
          <Value>schemaIDGUID:1548:1:55a73700-c891-46fd-8f5c-72bc827f2ef5:20160407213830.570:1548</Value>
          <Value>uSNChanged:1548:1:55a73700-c891-46fd-8f5c-72bc827f2ef5:20160407213830.570:1548</Value>
          <Value>uSNCreated:1548:1:55a73700-c891-46fd-8f5c-72bc827f2ef5:20160407213830.570:1548</Value>
          <Value>vmwAttributeUsage:1548:1:55a73700-c891-46fd-8f5c-72bc827f2ef5:20160407213830.570:1548</Value>
        </AttributeMetadata>
      </AttributeSchemaEntry>
      <AttributeSchemaEntry>
        <Name>fromEntry</Name>
        <AttributeMetadata>
          <Value>attributeID:1356:1:55a73700-c891-46fd-8f5c-72bc827f2ef5:20160407213830.249:1356</Value>
          <Value>attributeSyntax:1356:1:55a73700-c891-46fd-8f5c-72bc827f2ef5:20160407213830.249:1356</Value>
          <Value>cn:1356:1:55a73700-c891-46fd-8f5c-72bc827f2ef5:20160407213830.249:1356</Value>
          <Value>createTimeStamp:1356:1:55a73700-c891-46fd-8f5c-72bc827f2ef5:20160407213830.249:1356</Value>
          <Value>entryDN:1356:1:55a73700-c891-46fd-8f5c-72bc827f2ef5:20160407213830.249:1356</Value>
          <Value>isSingleValued:1356:1:55a73700-c891-46fd-8f5c-72bc827f2ef5:20160407213830.249:1356</Value>
          <Value>lDAPDisplayName:1356:1:55a73700-c891-46fd-8f5c-72bc827f2ef5:20160407213830.249:1356</Value>
          <Value>modifyTimeStamp:1356:1:55a73700-c891-46fd-8f5c-72bc827f2ef5:20160407213830.249:1356</Value>
          <Value>objectClass:1356:1:55a73700-c891-46fd-8f5c-72bc827f2ef5:20160407213830.249:1356</Value>
          <Value>objectGUID:1356:1:55a73700-c891-46fd-8f5c-72bc827f2ef5:20160407213830.249:1356</Value>
          <Value>oMSyntax:1356:1:55a73700-c891-46fd-8f5c-72bc827f2ef5:20160407213830.249:1356</Value>
          <Value>schemaIDGUID:1356:1:55a73700-c891-46fd-8f5c-72bc827f2ef5:20160407213830.249:1356</Value>
          <Value>uSNChanged:1356:1:55a73700-c891-46fd-8f5c-72bc827f2ef5:20160407213830.249:1356</Value>
          <Value>uSNCreated:1356:1:55a73700-c891-46fd-8f5c-72bc827f2ef5:20160407213830.249:1356</Value>
          <Value>vmwAttributeUsage:1356:1:55a73700-c891-46fd-8f5c-72bc827f2ef5:20160407213830.249:1356</Value>
        </AttributeMetadata>
      </AttributeSchemaEntry>
      <AttributeSchemaEntry>
        <Name>fromServer</Name>
        <AttributeMetadata>
          <Value>attributeID:676:1:55a73700-c891-46fd-8f5c-72bc827f2ef5:20160407213829.083:676</Value>
          <Value>attributeSyntax:676:1:55a73700-c891-46fd-8f5c-72bc827f2ef5:20160407213829.083:676</Value>
          <Value>cn:676:1:55a73700-c891-46fd-8f5c-72bc827f2ef5:20160407213829.083:676</Value>
          <Value>createTimeStamp:676:1:55a73700-c891-46fd-8f5c-72bc827f2ef5:20160407213829.083:676</Value>
          <Value>entryDN:676:1:55a73700-c891-46fd-8f5c-72bc827f2ef5:20160407213829.083:676</Value>
          <Value>isSingleValued:676:1:55a73700-c891-46fd-8f5c-72bc827f2ef5:20160407213829.083:676</Value>
          <Value>lDAPDisplayName:676:1:55a73700-c891-46fd-8f5c-72bc827f2ef5:20160407213829.083:676</Value>
          <Value>modifyTimeStamp:676:1:55a73700-c891-46fd-8f5c-72bc827f2ef5:20160407213829.083:676</Value>
          <Value>objectClass:676:1:55a73700-c891-46fd-8f5c-72bc827f2ef5:20160407213829.083:676</Value>
          <Value>objectGUID:676:1:55a73700-c891-46fd-8f5c-72bc827f2ef5:20160407213829.083:676</Value>
          <Value>oMSyntax:676:1:55a73700-c891-46fd-8f5c-72bc827f2ef5:20160407213829.083:676</Value>
          <Value>schemaIDGUID:676:1:55a73700-c891-46fd-8f5c-72bc827f2ef5:20160407213829.083:676</Value>
          <Value>uSNChanged:676:1:55a73700-c891-46fd-8f5c-72bc827f2ef5:20160407213829.083:676</Value>
          <Value>uSNCreated:676:1:55a73700-c891-46fd-8f5c-72bc827f2ef5:20160407213829.083:676</Value>
          <Value>vmwAttributeUsage:676:1:55a73700-c891-46fd-8f5c-72bc827f2ef5:20160407213829.083:676</Value>
        </AttributeMetadata>
      </AttributeSchemaEntry>
      <AttributeSchemaEntry>
        <Name>frsComputerReference</Name>
        <AttributeMetadata>
          <Value>attributeID:748:1:55a73700-c891-46fd-8f5c-72bc827f2ef5:20160407213829.204:748</Value>
          <Value>attributeSyntax:748:1:55a73700-c891-46fd-8f5c-72bc827f2ef5:20160407213829.204:748</Value>
          <Value>cn:748:1:55a73700-c891-46fd-8f5c-72bc827f2ef5:20160407213829.204:748</Value>
          <Value>createTimeStamp:748:1:55a73700-c891-46fd-8f5c-72bc827f2ef5:20160407213829.204:748</Value>
          <Value>entryDN:748:1:55a73700-c891-46fd-8f5c-72bc827f2ef5:20160407213829.204:748</Value>
          <Value>isSingleValued:748:1:55a73700-c891-46fd-8f5c-72bc827f2ef5:20160407213829.204:748</Value>
          <Value>lDAPDisplayName:748:1:55a73700-c891-46fd-8f5c-72bc827f2ef5:20160407213829.204:748</Value>
          <Value>modifyTimeStamp:748:1:55a73700-c891-46fd-8f5c-72bc827f2ef5:20160407213829.204:748</Value>
          <Value>objectClass:748:1:55a73700-c891-46fd-8f5c-72bc827f2ef5:20160407213829.204:748</Value>
          <Value>objectGUID:748:1:55a73700-c891-46fd-8f5c-72bc827f2ef5:20160407213829.204:748</Value>
          <Value>oMSyntax:748:1:55a73700-c891-46fd-8f5c-72bc827f2ef5:20160407213829.204:748</Value>
          <Value>schemaIDGUID:748:1:55a73700-c891-46fd-8f5c-72bc827f2ef5:20160407213829.204:748</Value>
          <Value>uSNChanged:748:1:55a73700-c891-46fd-8f5c-72bc827f2ef5:20160407213829.204:748</Value>
          <Value>uSNCreated:748:1:55a73700-c891-46fd-8f5c-72bc827f2ef5:20160407213829.204:748</Value>
          <Value>vmwAttributeUsage:748:1:55a73700-c891-46fd-8f5c-72bc827f2ef5:20160407213829.204:748</Value>
        </AttributeMetadata>
      </AttributeSchemaEntry>
      <AttributeSchemaEntry>
        <Name>frsComputerReferenceBL</Name>
        <AttributeMetadata>
          <Value>attributeID:251:1:55a73700-c891-46fd-8f5c-72bc827f2ef5:20160407213828.393:251</Value>
          <Value>attributeSyntax:251:1:55a73700-c891-46fd-8f5c-72bc827f2ef5:20160407213828.393:251</Value>
          <Value>cn:251:1:55a73700-c891-46fd-8f5c-72bc827f2ef5:20160407213828.393:251</Value>
          <Value>createTimeStamp:251:1:55a73700-c891-46fd-8f5c-72bc827f2ef5:20160407213828.393:251</Value>
          <Value>entryDN:251:1:55a73700-c891-46fd-8f5c-72bc827f2ef5:20160407213828.393:251</Value>
          <Value>isSingleValued:251:1:55a73700-c891-46fd-8f5c-72bc827f2ef5:20160407213828.393:251</Value>
          <Value>lDAPDisplayName:251:1:55a73700-c891-46fd-8f5c-72bc827f2ef5:20160407213828.393:251</Value>
          <Value>modifyTimeStamp:251:1:55a73700-c891-46fd-8f5c-72bc827f2ef5:20160407213828.393:251</Value>
          <Value>objectClass:251:1:55a73700-c891-46fd-8f5c-72bc827f2ef5:20160407213828.393:251</Value>
          <Value>objectGUID:251:1:55a73700-c891-46fd-8f5c-72bc827f2ef5:20160407213828.393:251</Value>
          <Value>oMSyntax:251:1:55a73700-c891-46fd-8f5c-72bc827f2ef5:20160407213828.393:251</Value>
          <Value>schemaIDGUID:251:1:55a73700-c891-46fd-8f5c-72bc827f2ef5:20160407213828.393:251</Value>
          <Value>uSNChanged:251:1:55a73700-c891-46fd-8f5c-72bc827f2ef5:20160407213828.393:251</Value>
          <Value>uSNCreated:251:1:55a73700-c891-46fd-8f5c-72bc827f2ef5:20160407213828.393:251</Value>
          <Value>vmwAttributeUsage:251:1:55a73700-c891-46fd-8f5c-72bc827f2ef5:20160407213828.393:251</Value>
        </AttributeMetadata>
      </AttributeSchemaEntry>
      <AttributeSchemaEntry>
        <Name>fRSControlDataCreation</Name>
        <AttributeMetadata>
          <Value>attributeID:1552:1:55a73700-c891-46fd-8f5c-72bc827f2ef5:20160407213830.574:1552</Value>
          <Value>attributeSyntax:1552:1:55a73700-c891-46fd-8f5c-72bc827f2ef5:20160407213830.574:1552</Value>
          <Value>cn:1552:1:55a73700-c891-46fd-8f5c-72bc827f2ef5:20160407213830.574:1552</Value>
          <Value>createTimeStamp:1552:1:55a73700-c891-46fd-8f5c-72bc827f2ef5:20160407213830.574:1552</Value>
          <Value>entryDN:1552:1:55a73700-c891-46fd-8f5c-72bc827f2ef5:20160407213830.574:1552</Value>
          <Value>isSingleValued:1552:1:55a73700-c891-46fd-8f5c-72bc827f2ef5:20160407213830.574:1552</Value>
          <Value>lDAPDisplayName:1552:1:55a73700-c891-46fd-8f5c-72bc827f2ef5:20160407213830.574:1552</Value>
          <Value>modifyTimeStamp:1552:1:55a73700-c891-46fd-8f5c-72bc827f2ef5:20160407213830.574:1552</Value>
          <Value>objectClass:1552:1:55a73700-c891-46fd-8f5c-72bc827f2ef5:20160407213830.574:1552</Value>
          <Value>objectGUID:1552:1:55a73700-c891-46fd-8f5c-72bc827f2ef5:20160407213830.574:1552</Value>
          <Value>oMSyntax:1552:1:55a73700-c891-46fd-8f5c-72bc827f2ef5:20160407213830.574:1552</Value>
          <Value>schemaIDGUID:1552:1:55a73700-c891-46fd-8f5c-72bc827f2ef5:20160407213830.574:1552</Value>
          <Value>uSNChanged:1552:1:55a73700-c891-46fd-8f5c-72bc827f2ef5:20160407213830.574:1552</Value>
          <Value>uSNCreated:1552:1:55a73700-c891-46fd-8f5c-72bc827f2ef5:20160407213830.574:1552</Value>
          <Value>vmwAttributeUsage:1552:1:55a73700-c891-46fd-8f5c-72bc827f2ef5:20160407213830.574:1552</Value>
        </AttributeMetadata>
      </AttributeSchemaEntry>
      <AttributeSchemaEntry>
        <Name>fRSControlInboundBacklog</Name>
        <AttributeMetadata>
          <Value>attributeID:1320:1:55a73700-c891-46fd-8f5c-72bc827f2ef5:20160407213830.190:1320</Value>
          <Value>attributeSyntax:1320:1:55a73700-c891-46fd-8f5c-72bc827f2ef5:20160407213830.190:1320</Value>
          <Value>cn:1320:1:55a73700-c891-46fd-8f5c-72bc827f2ef5:20160407213830.190:1320</Value>
          <Value>createTimeStamp:1320:1:55a73700-c891-46fd-8f5c-72bc827f2ef5:20160407213830.190:1320</Value>
          <Value>entryDN:1320:1:55a73700-c891-46fd-8f5c-72bc827f2ef5:20160407213830.190:1320</Value>
          <Value>isSingleValued:1320:1:55a73700-c891-46fd-8f5c-72bc827f2ef5:20160407213830.190:1320</Value>
          <Value>lDAPDisplayName:1320:1:55a73700-c891-46fd-8f5c-72bc827f2ef5:20160407213830.190:1320</Value>
          <Value>modifyTimeStamp:1320:1:55a73700-c891-46fd-8f5c-72bc827f2ef5:20160407213830.190:1320</Value>
          <Value>objectClass:1320:1:55a73700-c891-46fd-8f5c-72bc827f2ef5:20160407213830.190:1320</Value>
          <Value>objectGUID:1320:1:55a73700-c891-46fd-8f5c-72bc827f2ef5:20160407213830.190:1320</Value>
          <Value>oMSyntax:1320:1:55a73700-c891-46fd-8f5c-72bc827f2ef5:20160407213830.190:1320</Value>
          <Value>schemaIDGUID:1320:1:55a73700-c891-46fd-8f5c-72bc827f2ef5:20160407213830.190:1320</Value>
          <Value>uSNChanged:1320:1:55a73700-c891-46fd-8f5c-72bc827f2ef5:20160407213830.190:1320</Value>
          <Value>uSNCreated:1320:1:55a73700-c891-46fd-8f5c-72bc827f2ef5:20160407213830.190:1320</Value>
          <Value>vmwAttributeUsage:1320:1:55a73700-c891-46fd-8f5c-72bc827f2ef5:20160407213830.190:1320</Value>
        </AttributeMetadata>
      </AttributeSchemaEntry>
      <AttributeSchemaEntry>
        <Name>fRSControlOutboundBacklog</Name>
        <AttributeMetadata>
          <Value>attributeID:1139:1:55a73700-c891-46fd-8f5c-72bc827f2ef5:20160407213829.888:1139</Value>
          <Value>attributeSyntax:1139:1:55a73700-c891-46fd-8f5c-72bc827f2ef5:20160407213829.888:1139</Value>
          <Value>cn:1139:1:55a73700-c891-46fd-8f5c-72bc827f2ef5:20160407213829.888:1139</Value>
          <Value>createTimeStamp:1139:1:55a73700-c891-46fd-8f5c-72bc827f2ef5:20160407213829.888:1139</Value>
          <Value>entryDN:1139:1:55a73700-c891-46fd-8f5c-72bc827f2ef5:20160407213829.888:1139</Value>
          <Value>isSingleValued:1139:1:55a73700-c891-46fd-8f5c-72bc827f2ef5:20160407213829.888:1139</Value>
          <Value>lDAPDisplayName:1139:1:55a73700-c891-46fd-8f5c-72bc827f2ef5:20160407213829.888:1139</Value>
          <Value>modifyTimeStamp:1139:1:55a73700-c891-46fd-8f5c-72bc827f2ef5:20160407213829.888:1139</Value>
          <Value>objectClass:1139:1:55a73700-c891-46fd-8f5c-72bc827f2ef5:20160407213829.888:1139</Value>
          <Value>objectGUID:1139:1:55a73700-c891-46fd-8f5c-72bc827f2ef5:20160407213829.888:1139</Value>
          <Value>oMSyntax:1139:1:55a73700-c891-46fd-8f5c-72bc827f2ef5:20160407213829.888:1139</Value>
          <Value>schemaIDGUID:1139:1:55a73700-c891-46fd-8f5c-72bc827f2ef5:20160407213829.888:1139</Value>
          <Value>uSNChanged:1139:1:55a73700-c891-46fd-8f5c-72bc827f2ef5:20160407213829.888:1139</Value>
          <Value>uSNCreated:1139:1:55a73700-c891-46fd-8f5c-72bc827f2ef5:20160407213829.888:1139</Value>
          <Value>vmwAttributeUsage:1139:1:55a73700-c891-46fd-8f5c-72bc827f2ef5:20160407213829.888:1139</Value>
        </AttributeMetadata>
      </AttributeSchemaEntry>
      <AttributeSchemaEntry>
        <Name>fRSDirectoryFilter</Name>
        <AttributeMetadata>
          <Value>attributeID:409:1:55a73700-c891-46fd-8f5c-72bc827f2ef5:20160407213828.629:409</Value>
          <Value>attributeSyntax:409:1:55a73700-c891-46fd-8f5c-72bc827f2ef5:20160407213828.629:409</Value>
          <Value>cn:409:1:55a73700-c891-46fd-8f5c-72bc827f2ef5:20160407213828.629:409</Value>
          <Value>createTimeStamp:409:1:55a73700-c891-46fd-8f5c-72bc827f2ef5:20160407213828.629:409</Value>
          <Value>entryDN:409:1:55a73700-c891-46fd-8f5c-72bc827f2ef5:20160407213828.629:409</Value>
          <Value>isSingleValued:409:1:55a73700-c891-46fd-8f5c-72bc827f2ef5:20160407213828.629:409</Value>
          <Value>lDAPDisplayName:409:1:55a73700-c891-46fd-8f5c-72bc827f2ef5:20160407213828.629:409</Value>
          <Value>modifyTimeStamp:409:1:55a73700-c891-46fd-8f5c-72bc827f2ef5:20160407213828.629:409</Value>
          <Value>objectClass:409:1:55a73700-c891-46fd-8f5c-72bc827f2ef5:20160407213828.629:409</Value>
          <Value>objectGUID:409:1:55a73700-c891-46fd-8f5c-72bc827f2ef5:20160407213828.629:409</Value>
          <Value>oMSyntax:409:1:55a73700-c891-46fd-8f5c-72bc827f2ef5:20160407213828.629:409</Value>
          <Value>schemaIDGUID:409:1:55a73700-c891-46fd-8f5c-72bc827f2ef5:20160407213828.629:409</Value>
          <Value>uSNChanged:409:1:55a73700-c891-46fd-8f5c-72bc827f2ef5:20160407213828.629:409</Value>
          <Value>uSNCreated:409:1:55a73700-c891-46fd-8f5c-72bc827f2ef5:20160407213828.629:409</Value>
          <Value>vmwAttributeUsage:409:1:55a73700-c891-46fd-8f5c-72bc827f2ef5:20160407213828.629:409</Value>
        </AttributeMetadata>
      </AttributeSchemaEntry>
      <AttributeSchemaEntry>
        <Name>fRSDSPoll</Name>
        <AttributeMetadata>
          <Value>attributeID:215:1:55a73700-c891-46fd-8f5c-72bc827f2ef5:20160407213828.343:215</Value>
          <Value>attributeSyntax:215:1:55a73700-c891-46fd-8f5c-72bc827f2ef5:20160407213828.343:215</Value>
          <Value>cn:215:1:55a73700-c891-46fd-8f5c-72bc827f2ef5:20160407213828.343:215</Value>
          <Value>createTimeStamp:215:1:55a73700-c891-46fd-8f5c-72bc827f2ef5:20160407213828.343:215</Value>
          <Value>entryDN:215:1:55a73700-c891-46fd-8f5c-72bc827f2ef5:20160407213828.343:215</Value>
          <Value>isSingleValued:215:1:55a73700-c891-46fd-8f5c-72bc827f2ef5:20160407213828.343:215</Value>
          <Value>lDAPDisplayName:215:1:55a73700-c891-46fd-8f5c-72bc827f2ef5:20160407213828.343:215</Value>
          <Value>modifyTimeStamp:215:1:55a73700-c891-46fd-8f5c-72bc827f2ef5:20160407213828.343:215</Value>
          <Value>objectClass:215:1:55a73700-c891-46fd-8f5c-72bc827f2ef5:20160407213828.343:215</Value>
          <Value>objectGUID:215:1:55a73700-c891-46fd-8f5c-72bc827f2ef5:20160407213828.343:215</Value>
          <Value>oMSyntax:215:1:55a73700-c891-46fd-8f5c-72bc827f2ef5:20160407213828.343:215</Value>
          <Value>schemaIDGUID:215:1:55a73700-c891-46fd-8f5c-72bc827f2ef5:20160407213828.343:215</Value>
          <Value>uSNChanged:215:1:55a73700-c891-46fd-8f5c-72bc827f2ef5:20160407213828.343:215</Value>
          <Value>uSNCreated:215:1:55a73700-c891-46fd-8f5c-72bc827f2ef5:20160407213828.343:215</Value>
          <Value>vmwAttributeUsage:215:1:55a73700-c891-46fd-8f5c-72bc827f2ef5:20160407213828.343:215</Value>
        </AttributeMetadata>
      </AttributeSchemaEntry>
      <AttributeSchemaEntry>
        <Name>fRSExtensions</Name>
        <AttributeMetadata>
          <Value>attributeID:460:1:55a73700-c891-46fd-8f5c-72bc827f2ef5:20160407213828.713:460</Value>
          <Value>attributeSyntax:460:1:55a73700-c891-46fd-8f5c-72bc827f2ef5:20160407213828.713:460</Value>
          <Value>cn:460:1:55a73700-c891-46fd-8f5c-72bc827f2ef5:20160407213828.713:460</Value>
          <Value>createTimeStamp:460:1:55a73700-c891-46fd-8f5c-72bc827f2ef5:20160407213828.713:460</Value>
          <Value>entryDN:460:1:55a73700-c891-46fd-8f5c-72bc827f2ef5:20160407213828.713:460</Value>
          <Value>isSingleValued:460:1:55a73700-c891-46fd-8f5c-72bc827f2ef5:20160407213828.713:460</Value>
          <Value>lDAPDisplayName:460:1:55a73700-c891-46fd-8f5c-72bc827f2ef5:20160407213828.713:460</Value>
          <Value>modifyTimeStamp:460:1:55a73700-c891-46fd-8f5c-72bc827f2ef5:20160407213828.713:460</Value>
          <Value>objectClass:460:1:55a73700-c891-46fd-8f5c-72bc827f2ef5:20160407213828.713:460</Value>
          <Value>objectGUID:460:1:55a73700-c891-46fd-8f5c-72bc827f2ef5:20160407213828.713:460</Value>
          <Value>oMSyntax:460:1:55a73700-c891-46fd-8f5c-72bc827f2ef5:20160407213828.713:460</Value>
          <Value>schemaIDGUID:460:1:55a73700-c891-46fd-8f5c-72bc827f2ef5:20160407213828.713:460</Value>
          <Value>uSNChanged:460:1:55a73700-c891-46fd-8f5c-72bc827f2ef5:20160407213828.713:460</Value>
          <Value>uSNCreated:460:1:55a73700-c891-46fd-8f5c-72bc827f2ef5:20160407213828.713:460</Value>
          <Value>vmwAttributeUsage:460:1:55a73700-c891-46fd-8f5c-72bc827f2ef5:20160407213828.713:460</Value>
        </AttributeMetadata>
      </AttributeSchemaEntry>
      <AttributeSchemaEntry>
        <Name>fRSFaultCondition</Name>
        <AttributeMetadata>
          <Value>attributeID:102:1:55a73700-c891-46fd-8f5c-72bc827f2ef5:20160407213828.183:102</Value>
          <Value>attributeSyntax:102:1:55a73700-c891-46fd-8f5c-72bc827f2ef5:20160407213828.183:102</Value>
          <Value>cn:102:1:55a73700-c891-46fd-8f5c-72bc827f2ef5:20160407213828.183:102</Value>
          <Value>createTimeStamp:102:1:55a73700-c891-46fd-8f5c-72bc827f2ef5:20160407213828.183:102</Value>
          <Value>entryDN:102:1:55a73700-c891-46fd-8f5c-72bc827f2ef5:20160407213828.183:102</Value>
          <Value>isSingleValued:102:1:55a73700-c891-46fd-8f5c-72bc827f2ef5:20160407213828.183:102</Value>
          <Value>lDAPDisplayName:102:1:55a73700-c891-46fd-8f5c-72bc827f2ef5:20160407213828.183:102</Value>
          <Value>modifyTimeStamp:102:1:55a73700-c891-46fd-8f5c-72bc827f2ef5:20160407213828.183:102</Value>
          <Value>objectClass:102:1:55a73700-c891-46fd-8f5c-72bc827f2ef5:20160407213828.183:102</Value>
          <Value>objectGUID:102:1:55a73700-c891-46fd-8f5c-72bc827f2ef5:20160407213828.183:102</Value>
          <Value>oMSyntax:102:1:55a73700-c891-46fd-8f5c-72bc827f2ef5:20160407213828.183:102</Value>
          <Value>schemaIDGUID:102:1:55a73700-c891-46fd-8f5c-72bc827f2ef5:20160407213828.183:102</Value>
          <Value>uSNChanged:102:1:55a73700-c891-46fd-8f5c-72bc827f2ef5:20160407213828.183:102</Value>
          <Value>uSNCreated:102:1:55a73700-c891-46fd-8f5c-72bc827f2ef5:20160407213828.183:102</Value>
          <Value>vmwAttributeUsage:102:1:55a73700-c891-46fd-8f5c-72bc827f2ef5:20160407213828.183:102</Value>
        </AttributeMetadata>
      </AttributeSchemaEntry>
      <AttributeSchemaEntry>
        <Name>fRSFileFilter</Name>
        <AttributeMetadata>
          <Value>attributeID:1605:1:55a73700-c891-46fd-8f5c-72bc827f2ef5:20160407213830.662:1605</Value>
          <Value>attributeSyntax:1605:1:55a73700-c891-46fd-8f5c-72bc827f2ef5:20160407213830.662:1605</Value>
          <Value>cn:1605:1:55a73700-c891-46fd-8f5c-72bc827f2ef5:20160407213830.662:1605</Value>
          <Value>createTimeStamp:1605:1:55a73700-c891-46fd-8f5c-72bc827f2ef5:20160407213830.662:1605</Value>
          <Value>entryDN:1605:1:55a73700-c891-46fd-8f5c-72bc827f2ef5:20160407213830.662:1605</Value>
          <Value>isSingleValued:1605:1:55a73700-c891-46fd-8f5c-72bc827f2ef5:20160407213830.662:1605</Value>
          <Value>lDAPDisplayName:1605:1:55a73700-c891-46fd-8f5c-72bc827f2ef5:20160407213830.662:1605</Value>
          <Value>modifyTimeStamp:1605:1:55a73700-c891-46fd-8f5c-72bc827f2ef5:20160407213830.662:1605</Value>
          <Value>objectClass:1605:1:55a73700-c891-46fd-8f5c-72bc827f2ef5:20160407213830.662:1605</Value>
          <Value>objectGUID:1605:1:55a73700-c891-46fd-8f5c-72bc827f2ef5:20160407213830.662:1605</Value>
          <Value>oMSyntax:1605:1:55a73700-c891-46fd-8f5c-72bc827f2ef5:20160407213830.662:1605</Value>
          <Value>schemaIDGUID:1605:1:55a73700-c891-46fd-8f5c-72bc827f2ef5:20160407213830.662:1605</Value>
          <Value>uSNChanged:1605:1:55a73700-c891-46fd-8f5c-72bc827f2ef5:20160407213830.662:1605</Value>
          <Value>uSNCreated:1605:1:55a73700-c891-46fd-8f5c-72bc827f2ef5:20160407213830.662:1605</Value>
          <Value>vmwAttributeUsage:1605:1:55a73700-c891-46fd-8f5c-72bc827f2ef5:20160407213830.662:1605</Value>
        </AttributeMetadata>
      </AttributeSchemaEntry>
      <AttributeSchemaEntry>
        <Name>fRSFlags</Name>
        <AttributeMetadata>
          <Value>attributeID:545:1:55a73700-c891-46fd-8f5c-72bc827f2ef5:20160407213828.855:545</Value>
          <Value>attributeSyntax:545:1:55a73700-c891-46fd-8f5c-72bc827f2ef5:20160407213828.855:545</Value>
          <Value>cn:545:1:55a73700-c891-46fd-8f5c-72bc827f2ef5:20160407213828.855:545</Value>
          <Value>createTimeStamp:545:1:55a73700-c891-46fd-8f5c-72bc827f2ef5:20160407213828.855:545</Value>
          <Value>entryDN:545:1:55a73700-c891-46fd-8f5c-72bc827f2ef5:20160407213828.855:545</Value>
          <Value>isSingleValued:545:1:55a73700-c891-46fd-8f5c-72bc827f2ef5:20160407213828.855:545</Value>
          <Value>lDAPDisplayName:545:1:55a73700-c891-46fd-8f5c-72bc827f2ef5:20160407213828.855:545</Value>
          <Value>modifyTimeStamp:545:1:55a73700-c891-46fd-8f5c-72bc827f2ef5:20160407213828.855:545</Value>
          <Value>objectClass:545:1:55a73700-c891-46fd-8f5c-72bc827f2ef5:20160407213828.855:545</Value>
          <Value>objectGUID:545:1:55a73700-c891-46fd-8f5c-72bc827f2ef5:20160407213828.855:545</Value>
          <Value>oMSyntax:545:1:55a73700-c891-46fd-8f5c-72bc827f2ef5:20160407213828.855:545</Value>
          <Value>schemaIDGUID:545:1:55a73700-c891-46fd-8f5c-72bc827f2ef5:20160407213828.855:545</Value>
          <Value>uSNChanged:545:1:55a73700-c891-46fd-8f5c-72bc827f2ef5:20160407213828.855:545</Value>
          <Value>uSNCreated:545:1:55a73700-c891-46fd-8f5c-72bc827f2ef5:20160407213828.855:545</Value>
          <Value>vmwAttributeUsage:545:1:55a73700-c891-46fd-8f5c-72bc827f2ef5:20160407213828.855:545</Value>
        </AttributeMetadata>
      </AttributeSchemaEntry>
      <AttributeSchemaEntry>
        <Name>fRSLevelLimit</Name>
        <AttributeMetadata>
          <Value>attributeID:387:1:55a73700-c891-46fd-8f5c-72bc827f2ef5:20160407213828.596:387</Value>
          <Value>attributeSyntax:387:1:55a73700-c891-46fd-8f5c-72bc827f2ef5:20160407213828.596:387</Value>
          <Value>cn:387:1:55a73700-c891-46fd-8f5c-72bc827f2ef5:20160407213828.596:387</Value>
          <Value>createTimeStamp:387:1:55a73700-c891-46fd-8f5c-72bc827f2ef5:20160407213828.596:387</Value>
          <Value>entryDN:387:1:55a73700-c891-46fd-8f5c-72bc827f2ef5:20160407213828.596:387</Value>
          <Value>isSingleValued:387:1:55a73700-c891-46fd-8f5c-72bc827f2ef5:20160407213828.596:387</Value>
          <Value>lDAPDisplayName:387:1:55a73700-c891-46fd-8f5c-72bc827f2ef5:20160407213828.596:387</Value>
          <Value>modifyTimeStamp:387:1:55a73700-c891-46fd-8f5c-72bc827f2ef5:20160407213828.596:387</Value>
          <Value>objectClass:387:1:55a73700-c891-46fd-8f5c-72bc827f2ef5:20160407213828.596:387</Value>
          <Value>objectGUID:387:1:55a73700-c891-46fd-8f5c-72bc827f2ef5:20160407213828.596:387</Value>
          <Value>oMSyntax:387:1:55a73700-c891-46fd-8f5c-72bc827f2ef5:20160407213828.596:387</Value>
          <Value>schemaIDGUID:387:1:55a73700-c891-46fd-8f5c-72bc827f2ef5:20160407213828.596:387</Value>
          <Value>uSNChanged:387:1:55a73700-c891-46fd-8f5c-72bc827f2ef5:20160407213828.596:387</Value>
          <Value>uSNCreated:387:1:55a73700-c891-46fd-8f5c-72bc827f2ef5:20160407213828.596:387</Value>
          <Value>vmwAttributeUsage:387:1:55a73700-c891-46fd-8f5c-72bc827f2ef5:20160407213828.596:387</Value>
        </AttributeMetadata>
      </AttributeSchemaEntry>
      <AttributeSchemaEntry>
        <Name>fRSMemberReference</Name>
        <AttributeMetadata>
          <Value>attributeID:869:1:55a73700-c891-46fd-8f5c-72bc827f2ef5:20160407213829.415:869</Value>
          <Value>attributeSyntax:869:1:55a73700-c891-46fd-8f5c-72bc827f2ef5:20160407213829.415:869</Value>
          <Value>cn:869:1:55a73700-c891-46fd-8f5c-72bc827f2ef5:20160407213829.415:869</Value>
          <Value>createTimeStamp:869:1:55a73700-c891-46fd-8f5c-72bc827f2ef5:20160407213829.415:869</Value>
          <Value>entryDN:869:1:55a73700-c891-46fd-8f5c-72bc827f2ef5:20160407213829.415:869</Value>
          <Value>isSingleValued:869:1:55a73700-c891-46fd-8f5c-72bc827f2ef5:20160407213829.415:869</Value>
          <Value>lDAPDisplayName:869:1:55a73700-c891-46fd-8f5c-72bc827f2ef5:20160407213829.415:869</Value>
          <Value>modifyTimeStamp:869:1:55a73700-c891-46fd-8f5c-72bc827f2ef5:20160407213829.415:869</Value>
          <Value>objectClass:869:1:55a73700-c891-46fd-8f5c-72bc827f2ef5:20160407213829.415:869</Value>
          <Value>objectGUID:869:1:55a73700-c891-46fd-8f5c-72bc827f2ef5:20160407213829.415:869</Value>
          <Value>oMSyntax:869:1:55a73700-c891-46fd-8f5c-72bc827f2ef5:20160407213829.415:869</Value>
          <Value>schemaIDGUID:869:1:55a73700-c891-46fd-8f5c-72bc827f2ef5:20160407213829.415:869</Value>
          <Value>uSNChanged:869:1:55a73700-c891-46fd-8f5c-72bc827f2ef5:20160407213829.415:869</Value>
          <Value>uSNCreated:869:1:55a73700-c891-46fd-8f5c-72bc827f2ef5:20160407213829.415:869</Value>
          <Value>vmwAttributeUsage:869:1:55a73700-c891-46fd-8f5c-72bc827f2ef5:20160407213829.415:869</Value>
        </AttributeMetadata>
      </AttributeSchemaEntry>
      <AttributeSchemaEntry>
        <Name>fRSMemberReferenceBL</Name>
        <AttributeMetadata>
          <Value>attributeID:334:1:55a73700-c891-46fd-8f5c-72bc827f2ef5:20160407213828.519:334</Value>
          <Value>attributeSyntax:334:1:55a73700-c891-46fd-8f5c-72bc827f2ef5:20160407213828.519:334</Value>
          <Value>cn:334:1:55a73700-c891-46fd-8f5c-72bc827f2ef5:20160407213828.519:334</Value>
          <Value>createTimeStamp:334:1:55a73700-c891-46fd-8f5c-72bc827f2ef5:20160407213828.519:334</Value>
          <Value>entryDN:334:1:55a73700-c891-46fd-8f5c-72bc827f2ef5:20160407213828.519:334</Value>
          <Value>isSingleValued:334:1:55a73700-c891-46fd-8f5c-72bc827f2ef5:20160407213828.519:334</Value>
          <Value>lDAPDisplayName:334:1:55a73700-c891-46fd-8f5c-72bc827f2ef5:20160407213828.519:334</Value>
          <Value>modifyTimeStamp:334:1:55a73700-c891-46fd-8f5c-72bc827f2ef5:20160407213828.519:334</Value>
          <Value>objectClass:334:1:55a73700-c891-46fd-8f5c-72bc827f2ef5:20160407213828.519:334</Value>
          <Value>objectGUID:334:1:55a73700-c891-46fd-8f5c-72bc827f2ef5:20160407213828.519:334</Value>
          <Value>oMSyntax:334:1:55a73700-c891-46fd-8f5c-72bc827f2ef5:20160407213828.519:334</Value>
          <Value>schemaIDGUID:334:1:55a73700-c891-46fd-8f5c-72bc827f2ef5:20160407213828.519:334</Value>
          <Value>uSNChanged:334:1:55a73700-c891-46fd-8f5c-72bc827f2ef5:20160407213828.519:334</Value>
          <Value>uSNCreated:334:1:55a73700-c891-46fd-8f5c-72bc827f2ef5:20160407213828.519:334</Value>
          <Value>vmwAttributeUsage:334:1:55a73700-c891-46fd-8f5c-72bc827f2ef5:20160407213828.519:334</Value>
        </AttributeMetadata>
      </AttributeSchemaEntry>
      <AttributeSchemaEntry>
        <Name>fRSPartnerAuthLevel</Name>
        <AttributeMetadata>
          <Value>attributeID:806:1:55a73700-c891-46fd-8f5c-72bc827f2ef5:20160407213829.301:806</Value>
          <Value>attributeSyntax:806:1:55a73700-c891-46fd-8f5c-72bc827f2ef5:20160407213829.301:806</Value>
          <Value>cn:806:1:55a73700-c891-46fd-8f5c-72bc827f2ef5:20160407213829.301:806</Value>
          <Value>createTimeStamp:806:1:55a73700-c891-46fd-8f5c-72bc827f2ef5:20160407213829.301:806</Value>
          <Value>entryDN:806:1:55a73700-c891-46fd-8f5c-72bc827f2ef5:20160407213829.301:806</Value>
          <Value>isSingleValued:806:1:55a73700-c891-46fd-8f5c-72bc827f2ef5:20160407213829.301:806</Value>
          <Value>lDAPDisplayName:806:1:55a73700-c891-46fd-8f5c-72bc827f2ef5:20160407213829.301:806</Value>
          <Value>modifyTimeStamp:806:1:55a73700-c891-46fd-8f5c-72bc827f2ef5:20160407213829.301:806</Value>
          <Value>objectClass:806:1:55a73700-c891-46fd-8f5c-72bc827f2ef5:20160407213829.301:806</Value>
          <Value>objectGUID:806:1:55a73700-c891-46fd-8f5c-72bc827f2ef5:20160407213829.301:806</Value>
          <Value>oMSyntax:806:1:55a73700-c891-46fd-8f5c-72bc827f2ef5:20160407213829.301:806</Value>
          <Value>schemaIDGUID:806:1:55a73700-c891-46fd-8f5c-72bc827f2ef5:20160407213829.301:806</Value>
          <Value>uSNChanged:806:1:55a73700-c891-46fd-8f5c-72bc827f2ef5:20160407213829.301:806</Value>
          <Value>uSNCreated:806:1:55a73700-c891-46fd-8f5c-72bc827f2ef5:20160407213829.301:806</Value>
          <Value>vmwAttributeUsage:806:1:55a73700-c891-46fd-8f5c-72bc827f2ef5:20160407213829.301:806</Value>
        </AttributeMetadata>
      </AttributeSchemaEntry>
      <AttributeSchemaEntry>
        <Name>fRSPrimaryMember</Name>
        <AttributeMetadata>
          <Value>attributeID:1541:1:55a73700-c891-46fd-8f5c-72bc827f2ef5:20160407213830.562:1541</Value>
          <Value>attributeSyntax:1541:1:55a73700-c891-46fd-8f5c-72bc827f2ef5:20160407213830.562:1541</Value>
          <Value>cn:1541:1:55a73700-c891-46fd-8f5c-72bc827f2ef5:20160407213830.562:1541</Value>
          <Value>createTimeStamp:1541:1:55a73700-c891-46fd-8f5c-72bc827f2ef5:20160407213830.562:1541</Value>
          <Value>entryDN:1541:1:55a73700-c891-46fd-8f5c-72bc827f2ef5:20160407213830.562:1541</Value>
          <Value>isSingleValued:1541:1:55a73700-c891-46fd-8f5c-72bc827f2ef5:20160407213830.562:1541</Value>
          <Value>lDAPDisplayName:1541:1:55a73700-c891-46fd-8f5c-72bc827f2ef5:20160407213830.562:1541</Value>
          <Value>modifyTimeStamp:1541:1:55a73700-c891-46fd-8f5c-72bc827f2ef5:20160407213830.562:1541</Value>
          <Value>objectClass:1541:1:55a73700-c891-46fd-8f5c-72bc827f2ef5:20160407213830.562:1541</Value>
          <Value>objectGUID:1541:1:55a73700-c891-46fd-8f5c-72bc827f2ef5:20160407213830.562:1541</Value>
          <Value>oMSyntax:1541:1:55a73700-c891-46fd-8f5c-72bc827f2ef5:20160407213830.562:1541</Value>
          <Value>schemaIDGUID:1541:1:55a73700-c891-46fd-8f5c-72bc827f2ef5:20160407213830.562:1541</Value>
          <Value>uSNChanged:1541:1:55a73700-c891-46fd-8f5c-72bc827f2ef5:20160407213830.562:1541</Value>
          <Value>uSNCreated:1541:1:55a73700-c891-46fd-8f5c-72bc827f2ef5:20160407213830.562:1541</Value>
          <Value>vmwAttributeUsage:1541:1:55a73700-c891-46fd-8f5c-72bc827f2ef5:20160407213830.562:1541</Value>
        </AttributeMetadata>
      </AttributeSchemaEntry>
      <AttributeSchemaEntry>
        <Name>fRSReplicaSetGUID</Name>
        <AttributeMetadata>
          <Value>attributeID:280:1:55a73700-c891-46fd-8f5c-72bc827f2ef5:20160407213828.439:280</Value>
          <Value>attributeSyntax:280:1:55a73700-c891-46fd-8f5c-72bc827f2ef5:20160407213828.439:280</Value>
          <Value>cn:280:1:55a73700-c891-46fd-8f5c-72bc827f2ef5:20160407213828.439:280</Value>
          <Value>createTimeStamp:280:1:55a73700-c891-46fd-8f5c-72bc827f2ef5:20160407213828.439:280</Value>
          <Value>entryDN:280:1:55a73700-c891-46fd-8f5c-72bc827f2ef5:20160407213828.439:280</Value>
          <Value>isSingleValued:280:1:55a73700-c891-46fd-8f5c-72bc827f2ef5:20160407213828.439:280</Value>
          <Value>lDAPDisplayName:280:1:55a73700-c891-46fd-8f5c-72bc827f2ef5:20160407213828.439:280</Value>
          <Value>modifyTimeStamp:280:1:55a73700-c891-46fd-8f5c-72bc827f2ef5:20160407213828.439:280</Value>
          <Value>objectClass:280:1:55a73700-c891-46fd-8f5c-72bc827f2ef5:20160407213828.439:280</Value>
          <Value>objectGUID:280:1:55a73700-c891-46fd-8f5c-72bc827f2ef5:20160407213828.439:280</Value>
          <Value>oMSyntax:280:1:55a73700-c891-46fd-8f5c-72bc827f2ef5:20160407213828.439:280</Value>
          <Value>schemaIDGUID:280:1:55a73700-c891-46fd-8f5c-72bc827f2ef5:20160407213828.439:280</Value>
          <Value>uSNChanged:280:1:55a73700-c891-46fd-8f5c-72bc827f2ef5:20160407213828.439:280</Value>
          <Value>uSNCreated:280:1:55a73700-c891-46fd-8f5c-72bc827f2ef5:20160407213828.439:280</Value>
          <Value>vmwAttributeUsage:280:1:55a73700-c891-46fd-8f5c-72bc827f2ef5:20160407213828.439:280</Value>
        </AttributeMetadata>
      </AttributeSchemaEntry>
      <AttributeSchemaEntry>
        <Name>fRSReplicaSetType</Name>
        <AttributeMetadata>
          <Value>attributeID:1697:1:55a73700-c891-46fd-8f5c-72bc827f2ef5:20160407213830.828:1697</Value>
          <Value>attributeSyntax:1697:1:55a73700-c891-46fd-8f5c-72bc827f2ef5:20160407213830.828:1697</Value>
          <Value>cn:1697:1:55a73700-c891-46fd-8f5c-72bc827f2ef5:20160407213830.828:1697</Value>
          <Value>createTimeStamp:1697:1:55a73700-c891-46fd-8f5c-72bc827f2ef5:20160407213830.828:1697</Value>
          <Value>entryDN:1697:1:55a73700-c891-46fd-8f5c-72bc827f2ef5:20160407213830.828:1697</Value>
          <Value>isSingleValued:1697:1:55a73700-c891-46fd-8f5c-72bc827f2ef5:20160407213830.828:1697</Value>
          <Value>lDAPDisplayName:1697:1:55a73700-c891-46fd-8f5c-72bc827f2ef5:20160407213830.828:1697</Value>
          <Value>modifyTimeStamp:1697:1:55a73700-c891-46fd-8f5c-72bc827f2ef5:20160407213830.828:1697</Value>
          <Value>objectClass:1697:1:55a73700-c891-46fd-8f5c-72bc827f2ef5:20160407213830.828:1697</Value>
          <Value>objectGUID:1697:1:55a73700-c891-46fd-8f5c-72bc827f2ef5:20160407213830.828:1697</Value>
          <Value>oMSyntax:1697:1:55a73700-c891-46fd-8f5c-72bc827f2ef5:20160407213830.828:1697</Value>
          <Value>schemaIDGUID:1697:1:55a73700-c891-46fd-8f5c-72bc827f2ef5:20160407213830.828:1697</Value>
          <Value>uSNChanged:1697:1:55a73700-c891-46fd-8f5c-72bc827f2ef5:20160407213830.828:1697</Value>
          <Value>uSNCreated:1697:1:55a73700-c891-46fd-8f5c-72bc827f2ef5:20160407213830.828:1697</Value>
          <Value>vmwAttributeUsage:1697:1:55a73700-c891-46fd-8f5c-72bc827f2ef5:20160407213830.828:1697</Value>
        </AttributeMetadata>
      </AttributeSchemaEntry>
      <AttributeSchemaEntry>
        <Name>fRSRootPath</Name>
        <AttributeMetadata>
          <Value>attributeID:1180:1:55a73700-c891-46fd-8f5c-72bc827f2ef5:20160407213829.963:1180</Value>
          <Value>attributeSyntax:1180:1:55a73700-c891-46fd-8f5c-72bc827f2ef5:20160407213829.963:1180</Value>
          <Value>cn:1180:1:55a73700-c891-46fd-8f5c-72bc827f2ef5:20160407213829.963:1180</Value>
          <Value>createTimeStamp:1180:1:55a73700-c891-46fd-8f5c-72bc827f2ef5:20160407213829.963:1180</Value>
          <Value>entryDN:1180:1:55a73700-c891-46fd-8f5c-72bc827f2ef5:20160407213829.963:1180</Value>
          <Value>isSingleValued:1180:1:55a73700-c891-46fd-8f5c-72bc827f2ef5:20160407213829.963:1180</Value>
          <Value>lDAPDisplayName:1180:1:55a73700-c891-46fd-8f5c-72bc827f2ef5:20160407213829.963:1180</Value>
          <Value>modifyTimeStamp:1180:1:55a73700-c891-46fd-8f5c-72bc827f2ef5:20160407213829.963:1180</Value>
          <Value>objectClass:1180:1:55a73700-c891-46fd-8f5c-72bc827f2ef5:20160407213829.963:1180</Value>
          <Value>objectGUID:1180:1:55a73700-c891-46fd-8f5c-72bc827f2ef5:20160407213829.963:1180</Value>
          <Value>oMSyntax:1180:1:55a73700-c891-46fd-8f5c-72bc827f2ef5:20160407213829.963:1180</Value>
          <Value>schemaIDGUID:1180:1:55a73700-c891-46fd-8f5c-72bc827f2ef5:20160407213829.963:1180</Value>
          <Value>uSNChanged:1180:1:55a73700-c891-46fd-8f5c-72bc827f2ef5:20160407213829.963:1180</Value>
          <Value>uSNCreated:1180:1:55a73700-c891-46fd-8f5c-72bc827f2ef5:20160407213829.963:1180</Value>
          <Value>vmwAttributeUsage:1180:1:55a73700-c891-46fd-8f5c-72bc827f2ef5:20160407213829.963:1180</Value>
        </AttributeMetadata>
      </AttributeSchemaEntry>
      <AttributeSchemaEntry>
        <Name>fRSRootSecurity</Name>
        <AttributeMetadata>
          <Value>attributeID:725:1:55a73700-c891-46fd-8f5c-72bc827f2ef5:20160407213829.159:725</Value>
          <Value>attributeSyntax:725:1:55a73700-c891-46fd-8f5c-72bc827f2ef5:20160407213829.159:725</Value>
          <Value>cn:725:1:55a73700-c891-46fd-8f5c-72bc827f2ef5:20160407213829.159:725</Value>
          <Value>createTimeStamp:725:1:55a73700-c891-46fd-8f5c-72bc827f2ef5:20160407213829.159:725</Value>
          <Value>entryDN:725:1:55a73700-c891-46fd-8f5c-72bc827f2ef5:20160407213829.159:725</Value>
          <Value>isSingleValued:725:1:55a73700-c891-46fd-8f5c-72bc827f2ef5:20160407213829.159:725</Value>
          <Value>lDAPDisplayName:725:1:55a73700-c891-46fd-8f5c-72bc827f2ef5:20160407213829.159:725</Value>
          <Value>modifyTimeStamp:725:1:55a73700-c891-46fd-8f5c-72bc827f2ef5:20160407213829.159:725</Value>
          <Value>objectClass:725:1:55a73700-c891-46fd-8f5c-72bc827f2ef5:20160407213829.159:725</Value>
          <Value>objectGUID:725:1:55a73700-c891-46fd-8f5c-72bc827f2ef5:20160407213829.159:725</Value>
          <Value>oMSyntax:725:1:55a73700-c891-46fd-8f5c-72bc827f2ef5:20160407213829.159:725</Value>
          <Value>schemaIDGUID:725:1:55a73700-c891-46fd-8f5c-72bc827f2ef5:20160407213829.159:725</Value>
          <Value>uSNChanged:725:1:55a73700-c891-46fd-8f5c-72bc827f2ef5:20160407213829.159:725</Value>
          <Value>uSNCreated:725:1:55a73700-c891-46fd-8f5c-72bc827f2ef5:20160407213829.159:725</Value>
          <Value>vmwAttributeUsage:725:1:55a73700-c891-46fd-8f5c-72bc827f2ef5:20160407213829.159:725</Value>
        </AttributeMetadata>
      </AttributeSchemaEntry>
      <AttributeSchemaEntry>
        <Name>fRSServiceCommand</Name>
        <AttributeMetadata>
          <Value>attributeID:1708:1:55a73700-c891-46fd-8f5c-72bc827f2ef5:20160407213830.848:1708</Value>
          <Value>attributeSyntax:1708:1:55a73700-c891-46fd-8f5c-72bc827f2ef5:20160407213830.848:1708</Value>
          <Value>cn:1708:1:55a73700-c891-46fd-8f5c-72bc827f2ef5:20160407213830.848:1708</Value>
          <Value>createTimeStamp:1708:1:55a73700-c891-46fd-8f5c-72bc827f2ef5:20160407213830.848:1708</Value>
          <Value>entryDN:1708:1:55a73700-c891-46fd-8f5c-72bc827f2ef5:20160407213830.848:1708</Value>
          <Value>isSingleValued:1708:1:55a73700-c891-46fd-8f5c-72bc827f2ef5:20160407213830.848:1708</Value>
          <Value>lDAPDisplayName:1708:1:55a73700-c891-46fd-8f5c-72bc827f2ef5:20160407213830.848:1708</Value>
          <Value>modifyTimeStamp:1708:1:55a73700-c891-46fd-8f5c-72bc827f2ef5:20160407213830.848:1708</Value>
          <Value>objectClass:1708:1:55a73700-c891-46fd-8f5c-72bc827f2ef5:20160407213830.848:1708</Value>
          <Value>objectGUID:1708:1:55a73700-c891-46fd-8f5c-72bc827f2ef5:20160407213830.848:1708</Value>
          <Value>oMSyntax:1708:1:55a73700-c891-46fd-8f5c-72bc827f2ef5:20160407213830.848:1708</Value>
          <Value>schemaIDGUID:1708:1:55a73700-c891-46fd-8f5c-72bc827f2ef5:20160407213830.848:1708</Value>
          <Value>uSNChanged:1708:1:55a73700-c891-46fd-8f5c-72bc827f2ef5:20160407213830.848:1708</Value>
          <Value>uSNCreated:1708:1:55a73700-c891-46fd-8f5c-72bc827f2ef5:20160407213830.848:1708</Value>
          <Value>vmwAttributeUsage:1708:1:55a73700-c891-46fd-8f5c-72bc827f2ef5:20160407213830.848:1708</Value>
        </AttributeMetadata>
      </AttributeSchemaEntry>
      <AttributeSchemaEntry>
        <Name>fRSServiceCommandStatus</Name>
        <AttributeMetadata>
          <Value>attributeID:873:1:55a73700-c891-46fd-8f5c-72bc827f2ef5:20160407213829.420:873</Value>
          <Value>attributeSyntax:873:1:55a73700-c891-46fd-8f5c-72bc827f2ef5:20160407213829.420:873</Value>
          <Value>cn:873:1:55a73700-c891-46fd-8f5c-72bc827f2ef5:20160407213829.420:873</Value>
          <Value>createTimeStamp:873:1:55a73700-c891-46fd-8f5c-72bc827f2ef5:20160407213829.420:873</Value>
          <Value>entryDN:873:1:55a73700-c891-46fd-8f5c-72bc827f2ef5:20160407213829.420:873</Value>
          <Value>isSingleValued:873:1:55a73700-c891-46fd-8f5c-72bc827f2ef5:20160407213829.420:873</Value>
          <Value>lDAPDisplayName:873:1:55a73700-c891-46fd-8f5c-72bc827f2ef5:20160407213829.420:873</Value>
          <Value>modifyTimeStamp:873:1:55a73700-c891-46fd-8f5c-72bc827f2ef5:20160407213829.420:873</Value>
          <Value>objectClass:873:1:55a73700-c891-46fd-8f5c-72bc827f2ef5:20160407213829.420:873</Value>
          <Value>objectGUID:873:1:55a73700-c891-46fd-8f5c-72bc827f2ef5:20160407213829.420:873</Value>
          <Value>oMSyntax:873:1:55a73700-c891-46fd-8f5c-72bc827f2ef5:20160407213829.420:873</Value>
          <Value>schemaIDGUID:873:1:55a73700-c891-46fd-8f5c-72bc827f2ef5:20160407213829.420:873</Value>
          <Value>uSNChanged:873:1:55a73700-c891-46fd-8f5c-72bc827f2ef5:20160407213829.420:873</Value>
          <Value>uSNCreated:873:1:55a73700-c891-46fd-8f5c-72bc827f2ef5:20160407213829.420:873</Value>
          <Value>vmwAttributeUsage:873:1:55a73700-c891-46fd-8f5c-72bc827f2ef5:20160407213829.420:873</Value>
        </AttributeMetadata>
      </AttributeSchemaEntry>
      <AttributeSchemaEntry>
        <Name>fRSStagingPath</Name>
        <AttributeMetadata>
          <Value>attributeID:1542:1:55a73700-c891-46fd-8f5c-72bc827f2ef5:20160407213830.564:1542</Value>
          <Value>attributeSyntax:1542:1:55a73700-c891-46fd-8f5c-72bc827f2ef5:20160407213830.564:1542</Value>
          <Value>cn:1542:1:55a73700-c891-46fd-8f5c-72bc827f2ef5:20160407213830.564:1542</Value>
          <Value>createTimeStamp:1542:1:55a73700-c891-46fd-8f5c-72bc827f2ef5:20160407213830.564:1542</Value>
          <Value>entryDN:1542:1:55a73700-c891-46fd-8f5c-72bc827f2ef5:20160407213830.564:1542</Value>
          <Value>isSingleValued:1542:1:55a73700-c891-46fd-8f5c-72bc827f2ef5:20160407213830.564:1542</Value>
          <Value>lDAPDisplayName:1542:1:55a73700-c891-46fd-8f5c-72bc827f2ef5:20160407213830.564:1542</Value>
          <Value>modifyTimeStamp:1542:1:55a73700-c891-46fd-8f5c-72bc827f2ef5:20160407213830.564:1542</Value>
          <Value>objectClass:1542:1:55a73700-c891-46fd-8f5c-72bc827f2ef5:20160407213830.564:1542</Value>
          <Value>objectGUID:1542:1:55a73700-c891-46fd-8f5c-72bc827f2ef5:20160407213830.564:1542</Value>
          <Value>oMSyntax:1542:1:55a73700-c891-46fd-8f5c-72bc827f2ef5:20160407213830.564:1542</Value>
          <Value>schemaIDGUID:1542:1:55a73700-c891-46fd-8f5c-72bc827f2ef5:20160407213830.564:1542</Value>
          <Value>uSNChanged:1542:1:55a73700-c891-46fd-8f5c-72bc827f2ef5:20160407213830.564:1542</Value>
          <Value>uSNCreated:1542:1:55a73700-c891-46fd-8f5c-72bc827f2ef5:20160407213830.564:1542</Value>
          <Value>vmwAttributeUsage:1542:1:55a73700-c891-46fd-8f5c-72bc827f2ef5:20160407213830.564:1542</Value>
        </AttributeMetadata>
      </AttributeSchemaEntry>
      <AttributeSchemaEntry>
        <Name>fRSTimeLastCommand</Name>
        <AttributeMetadata>
          <Value>attributeID:103:1:55a73700-c891-46fd-8f5c-72bc827f2ef5:20160407213828.184:103</Value>
          <Value>attributeSyntax:103:1:55a73700-c891-46fd-8f5c-72bc827f2ef5:20160407213828.184:103</Value>
          <Value>cn:103:1:55a73700-c891-46fd-8f5c-72bc827f2ef5:20160407213828.184:103</Value>
          <Value>createTimeStamp:103:1:55a73700-c891-46fd-8f5c-72bc827f2ef5:20160407213828.184:103</Value>
          <Value>entryDN:103:1:55a73700-c891-46fd-8f5c-72bc827f2ef5:20160407213828.184:103</Value>
          <Value>isSingleValued:103:1:55a73700-c891-46fd-8f5c-72bc827f2ef5:20160407213828.184:103</Value>
          <Value>lDAPDisplayName:103:1:55a73700-c891-46fd-8f5c-72bc827f2ef5:20160407213828.184:103</Value>
          <Value>modifyTimeStamp:103:1:55a73700-c891-46fd-8f5c-72bc827f2ef5:20160407213828.184:103</Value>
          <Value>objectClass:103:1:55a73700-c891-46fd-8f5c-72bc827f2ef5:20160407213828.184:103</Value>
          <Value>objectGUID:103:1:55a73700-c891-46fd-8f5c-72bc827f2ef5:20160407213828.184:103</Value>
          <Value>oMSyntax:103:1:55a73700-c891-46fd-8f5c-72bc827f2ef5:20160407213828.184:103</Value>
          <Value>schemaIDGUID:103:1:55a73700-c891-46fd-8f5c-72bc827f2ef5:20160407213828.184:103</Value>
          <Value>uSNChanged:103:1:55a73700-c891-46fd-8f5c-72bc827f2ef5:20160407213828.184:103</Value>
          <Value>uSNCreated:103:1:55a73700-c891-46fd-8f5c-72bc827f2ef5:20160407213828.184:103</Value>
          <Value>vmwAttributeUsage:103:1:55a73700-c891-46fd-8f5c-72bc827f2ef5:20160407213828.184:103</Value>
        </AttributeMetadata>
      </AttributeSchemaEntry>
      <AttributeSchemaEntry>
        <Name>fRSTimeLastConfigChange</Name>
        <AttributeMetadata>
          <Value>attributeID:1033:1:55a73700-c891-46fd-8f5c-72bc827f2ef5:20160407213829.682:1033</Value>
          <Value>attributeSyntax:1033:1:55a73700-c891-46fd-8f5c-72bc827f2ef5:20160407213829.682:1033</Value>
          <Value>cn:1033:1:55a73700-c891-46fd-8f5c-72bc827f2ef5:20160407213829.682:1033</Value>
          <Value>createTimeStamp:1033:1:55a73700-c891-46fd-8f5c-72bc827f2ef5:20160407213829.682:1033</Value>
          <Value>entryDN:1033:1:55a73700-c891-46fd-8f5c-72bc827f2ef5:20160407213829.682:1033</Value>
          <Value>isSingleValued:1033:1:55a73700-c891-46fd-8f5c-72bc827f2ef5:20160407213829.682:1033</Value>
          <Value>lDAPDisplayName:1033:1:55a73700-c891-46fd-8f5c-72bc827f2ef5:20160407213829.682:1033</Value>
          <Value>modifyTimeStamp:1033:1:55a73700-c891-46fd-8f5c-72bc827f2ef5:20160407213829.682:1033</Value>
          <Value>objectClass:1033:1:55a73700-c891-46fd-8f5c-72bc827f2ef5:20160407213829.682:1033</Value>
          <Value>objectGUID:1033:1:55a73700-c891-46fd-8f5c-72bc827f2ef5:20160407213829.682:1033</Value>
          <Value>oMSyntax:1033:1:55a73700-c891-46fd-8f5c-72bc827f2ef5:20160407213829.682:1033</Value>
          <Value>schemaIDGUID:1033:1:55a73700-c891-46fd-8f5c-72bc827f2ef5:20160407213829.682:1033</Value>
          <Value>uSNChanged:1033:1:55a73700-c891-46fd-8f5c-72bc827f2ef5:20160407213829.682:1033</Value>
          <Value>uSNCreated:1033:1:55a73700-c891-46fd-8f5c-72bc827f2ef5:20160407213829.682:1033</Value>
          <Value>vmwAttributeUsage:1033:1:55a73700-c891-46fd-8f5c-72bc827f2ef5:20160407213829.682:1033</Value>
        </AttributeMetadata>
      </AttributeSchemaEntry>
      <AttributeSchemaEntry>
        <Name>fRSUpdateTimeout</Name>
        <AttributeMetadata>
          <Value>attributeID:331:1:55a73700-c891-46fd-8f5c-72bc827f2ef5:20160407213828.509:331</Value>
          <Value>attributeSyntax:331:1:55a73700-c891-46fd-8f5c-72bc827f2ef5:20160407213828.509:331</Value>
          <Value>cn:331:1:55a73700-c891-46fd-8f5c-72bc827f2ef5:20160407213828.509:331</Value>
          <Value>createTimeStamp:331:1:55a73700-c891-46fd-8f5c-72bc827f2ef5:20160407213828.509:331</Value>
          <Value>entryDN:331:1:55a73700-c891-46fd-8f5c-72bc827f2ef5:20160407213828.509:331</Value>
          <Value>isSingleValued:331:1:55a73700-c891-46fd-8f5c-72bc827f2ef5:20160407213828.509:331</Value>
          <Value>lDAPDisplayName:331:1:55a73700-c891-46fd-8f5c-72bc827f2ef5:20160407213828.509:331</Value>
          <Value>modifyTimeStamp:331:1:55a73700-c891-46fd-8f5c-72bc827f2ef5:20160407213828.509:331</Value>
          <Value>objectClass:331:1:55a73700-c891-46fd-8f5c-72bc827f2ef5:20160407213828.509:331</Value>
          <Value>objectGUID:331:1:55a73700-c891-46fd-8f5c-72bc827f2ef5:20160407213828.509:331</Value>
          <Value>oMSyntax:331:1:55a73700-c891-46fd-8f5c-72bc827f2ef5:20160407213828.509:331</Value>
          <Value>schemaIDGUID:331:1:55a73700-c891-46fd-8f5c-72bc827f2ef5:20160407213828.509:331</Value>
          <Value>uSNChanged:331:1:55a73700-c891-46fd-8f5c-72bc827f2ef5:20160407213828.509:331</Value>
          <Value>uSNCreated:331:1:55a73700-c891-46fd-8f5c-72bc827f2ef5:20160407213828.509:331</Value>
          <Value>vmwAttributeUsage:331:1:55a73700-c891-46fd-8f5c-72bc827f2ef5:20160407213828.509:331</Value>
        </AttributeMetadata>
      </AttributeSchemaEntry>
      <AttributeSchemaEntry>
        <Name>fRSVersion</Name>
        <AttributeMetadata>
          <Value>attributeID:455:1:55a73700-c891-46fd-8f5c-72bc827f2ef5:20160407213828.708:455</Value>
          <Value>attributeSyntax:455:1:55a73700-c891-46fd-8f5c-72bc827f2ef5:20160407213828.708:455</Value>
          <Value>cn:455:1:55a73700-c891-46fd-8f5c-72bc827f2ef5:20160407213828.708:455</Value>
          <Value>createTimeStamp:455:1:55a73700-c891-46fd-8f5c-72bc827f2ef5:20160407213828.708:455</Value>
          <Value>entryDN:455:1:55a73700-c891-46fd-8f5c-72bc827f2ef5:20160407213828.708:455</Value>
          <Value>isSingleValued:455:1:55a73700-c891-46fd-8f5c-72bc827f2ef5:20160407213828.708:455</Value>
          <Value>lDAPDisplayName:455:1:55a73700-c891-46fd-8f5c-72bc827f2ef5:20160407213828.708:455</Value>
          <Value>modifyTimeStamp:455:1:55a73700-c891-46fd-8f5c-72bc827f2ef5:20160407213828.708:455</Value>
          <Value>objectClass:455:1:55a73700-c891-46fd-8f5c-72bc827f2ef5:20160407213828.708:455</Value>
          <Value>objectGUID:455:1:55a73700-c891-46fd-8f5c-72bc827f2ef5:20160407213828.708:455</Value>
          <Value>oMSyntax:455:1:55a73700-c891-46fd-8f5c-72bc827f2ef5:20160407213828.708:455</Value>
          <Value>schemaIDGUID:455:1:55a73700-c891-46fd-8f5c-72bc827f2ef5:20160407213828.708:455</Value>
          <Value>uSNChanged:455:1:55a73700-c891-46fd-8f5c-72bc827f2ef5:20160407213828.708:455</Value>
          <Value>uSNCreated:455:1:55a73700-c891-46fd-8f5c-72bc827f2ef5:20160407213828.708:455</Value>
          <Value>vmwAttributeUsage:455:1:55a73700-c891-46fd-8f5c-72bc827f2ef5:20160407213828.708:455</Value>
        </AttributeMetadata>
      </AttributeSchemaEntry>
      <AttributeSchemaEntry>
        <Name>fRSVersionGUID</Name>
        <AttributeMetadata>
          <Value>attributeID:1630:1:55a73700-c891-46fd-8f5c-72bc827f2ef5:20160407213830.712:1630</Value>
          <Value>attributeSyntax:1630:1:55a73700-c891-46fd-8f5c-72bc827f2ef5:20160407213830.712:1630</Value>
          <Value>cn:1630:1:55a73700-c891-46fd-8f5c-72bc827f2ef5:20160407213830.712:1630</Value>
          <Value>createTimeStamp:1630:1:55a73700-c891-46fd-8f5c-72bc827f2ef5:20160407213830.712:1630</Value>
          <Value>entryDN:1630:1:55a73700-c891-46fd-8f5c-72bc827f2ef5:20160407213830.712:1630</Value>
          <Value>isSingleValued:1630:1:55a73700-c891-46fd-8f5c-72bc827f2ef5:20160407213830.712:1630</Value>
          <Value>lDAPDisplayName:1630:1:55a73700-c891-46fd-8f5c-72bc827f2ef5:20160407213830.712:1630</Value>
          <Value>modifyTimeStamp:1630:1:55a73700-c891-46fd-8f5c-72bc827f2ef5:20160407213830.712:1630</Value>
          <Value>objectClass:1630:1:55a73700-c891-46fd-8f5c-72bc827f2ef5:20160407213830.712:1630</Value>
          <Value>objectGUID:1630:1:55a73700-c891-46fd-8f5c-72bc827f2ef5:20160407213830.712:1630</Value>
          <Value>oMSyntax:1630:1:55a73700-c891-46fd-8f5c-72bc827f2ef5:20160407213830.712:1630</Value>
          <Value>schemaIDGUID:1630:1:55a73700-c891-46fd-8f5c-72bc827f2ef5:20160407213830.712:1630</Value>
          <Value>uSNChanged:1630:1:55a73700-c891-46fd-8f5c-72bc827f2ef5:20160407213830.712:1630</Value>
          <Value>uSNCreated:1630:1:55a73700-c891-46fd-8f5c-72bc827f2ef5:20160407213830.712:1630</Value>
          <Value>vmwAttributeUsage:1630:1:55a73700-c891-46fd-8f5c-72bc827f2ef5:20160407213830.712:1630</Value>
        </AttributeMetadata>
      </AttributeSchemaEntry>
      <AttributeSchemaEntry>
        <Name>fRSWorkingPath</Name>
        <AttributeMetadata>
          <Value>attributeID:652:1:55a73700-c891-46fd-8f5c-72bc827f2ef5:20160407213829.037:652</Value>
          <Value>attributeSyntax:652:1:55a73700-c891-46fd-8f5c-72bc827f2ef5:20160407213829.037:652</Value>
          <Value>cn:652:1:55a73700-c891-46fd-8f5c-72bc827f2ef5:20160407213829.037:652</Value>
          <Value>createTimeStamp:652:1:55a73700-c891-46fd-8f5c-72bc827f2ef5:20160407213829.037:652</Value>
          <Value>entryDN:652:1:55a73700-c891-46fd-8f5c-72bc827f2ef5:20160407213829.037:652</Value>
          <Value>isSingleValued:652:1:55a73700-c891-46fd-8f5c-72bc827f2ef5:20160407213829.037:652</Value>
          <Value>lDAPDisplayName:652:1:55a73700-c891-46fd-8f5c-72bc827f2ef5:20160407213829.037:652</Value>
          <Value>modifyTimeStamp:652:1:55a73700-c891-46fd-8f5c-72bc827f2ef5:20160407213829.037:652</Value>
          <Value>objectClass:652:1:55a73700-c891-46fd-8f5c-72bc827f2ef5:20160407213829.037:652</Value>
          <Value>objectGUID:652:1:55a73700-c891-46fd-8f5c-72bc827f2ef5:20160407213829.037:652</Value>
          <Value>oMSyntax:652:1:55a73700-c891-46fd-8f5c-72bc827f2ef5:20160407213829.037:652</Value>
          <Value>schemaIDGUID:652:1:55a73700-c891-46fd-8f5c-72bc827f2ef5:20160407213829.037:652</Value>
          <Value>uSNChanged:652:1:55a73700-c891-46fd-8f5c-72bc827f2ef5:20160407213829.037:652</Value>
          <Value>uSNCreated:652:1:55a73700-c891-46fd-8f5c-72bc827f2ef5:20160407213829.037:652</Value>
          <Value>vmwAttributeUsage:652:1:55a73700-c891-46fd-8f5c-72bc827f2ef5:20160407213829.037:652</Value>
        </AttributeMetadata>
      </AttributeSchemaEntry>
      <AttributeSchemaEntry>
        <Name>fSMORoleOwner</Name>
        <AttributeMetadata>
          <Value>attributeID:1490:1:55a73700-c891-46fd-8f5c-72bc827f2ef5:20160407213830.475:1490</Value>
          <Value>attributeSyntax:1490:1:55a73700-c891-46fd-8f5c-72bc827f2ef5:20160407213830.475:1490</Value>
          <Value>cn:1490:1:55a73700-c891-46fd-8f5c-72bc827f2ef5:20160407213830.475:1490</Value>
          <Value>createTimeStamp:1490:1:55a73700-c891-46fd-8f5c-72bc827f2ef5:20160407213830.475:1490</Value>
          <Value>entryDN:1490:1:55a73700-c891-46fd-8f5c-72bc827f2ef5:20160407213830.475:1490</Value>
          <Value>isSingleValued:1490:1:55a73700-c891-46fd-8f5c-72bc827f2ef5:20160407213830.475:1490</Value>
          <Value>lDAPDisplayName:1490:1:55a73700-c891-46fd-8f5c-72bc827f2ef5:20160407213830.475:1490</Value>
          <Value>modifyTimeStamp:1490:1:55a73700-c891-46fd-8f5c-72bc827f2ef5:20160407213830.475:1490</Value>
          <Value>objectClass:1490:1:55a73700-c891-46fd-8f5c-72bc827f2ef5:20160407213830.475:1490</Value>
          <Value>objectGUID:1490:1:55a73700-c891-46fd-8f5c-72bc827f2ef5:20160407213830.475:1490</Value>
          <Value>oMSyntax:1490:1:55a73700-c891-46fd-8f5c-72bc827f2ef5:20160407213830.475:1490</Value>
          <Value>schemaIDGUID:1490:1:55a73700-c891-46fd-8f5c-72bc827f2ef5:20160407213830.475:1490</Value>
          <Value>uSNChanged:1490:1:55a73700-c891-46fd-8f5c-72bc827f2ef5:20160407213830.475:1490</Value>
          <Value>uSNCreated:1490:1:55a73700-c891-46fd-8f5c-72bc827f2ef5:20160407213830.475:1490</Value>
          <Value>vmwAttributeUsage:1490:1:55a73700-c891-46fd-8f5c-72bc827f2ef5:20160407213830.475:1490</Value>
        </AttributeMetadata>
      </AttributeSchemaEntry>
      <AttributeSchemaEntry>
        <Name>garbageCollPeriod</Name>
        <AttributeMetadata>
          <Value>attributeID:1277:1:55a73700-c891-46fd-8f5c-72bc827f2ef5:20160407213830.124:1277</Value>
          <Value>attributeSyntax:1277:1:55a73700-c891-46fd-8f5c-72bc827f2ef5:20160407213830.124:1277</Value>
          <Value>cn:1277:1:55a73700-c891-46fd-8f5c-72bc827f2ef5:20160407213830.124:1277</Value>
          <Value>createTimeStamp:1277:1:55a73700-c891-46fd-8f5c-72bc827f2ef5:20160407213830.124:1277</Value>
          <Value>entryDN:1277:1:55a73700-c891-46fd-8f5c-72bc827f2ef5:20160407213830.124:1277</Value>
          <Value>isSingleValued:1277:1:55a73700-c891-46fd-8f5c-72bc827f2ef5:20160407213830.124:1277</Value>
          <Value>lDAPDisplayName:1277:1:55a73700-c891-46fd-8f5c-72bc827f2ef5:20160407213830.124:1277</Value>
          <Value>modifyTimeStamp:1277:1:55a73700-c891-46fd-8f5c-72bc827f2ef5:20160407213830.124:1277</Value>
          <Value>objectClass:1277:1:55a73700-c891-46fd-8f5c-72bc827f2ef5:20160407213830.124:1277</Value>
          <Value>objectGUID:1277:1:55a73700-c891-46fd-8f5c-72bc827f2ef5:20160407213830.124:1277</Value>
          <Value>oMSyntax:1277:1:55a73700-c891-46fd-8f5c-72bc827f2ef5:20160407213830.124:1277</Value>
          <Value>schemaIDGUID:1277:1:55a73700-c891-46fd-8f5c-72bc827f2ef5:20160407213830.124:1277</Value>
          <Value>uSNChanged:1277:1:55a73700-c891-46fd-8f5c-72bc827f2ef5:20160407213830.124:1277</Value>
          <Value>uSNCreated:1277:1:55a73700-c891-46fd-8f5c-72bc827f2ef5:20160407213830.124:1277</Value>
          <Value>vmwAttributeUsage:1277:1:55a73700-c891-46fd-8f5c-72bc827f2ef5:20160407213830.124:1277</Value>
        </AttributeMetadata>
      </AttributeSchemaEntry>
      <AttributeSchemaEntry>
        <Name>gecos</Name>
        <AttributeMetadata>
          <Value>attributeID:1225:1:55a73700-c891-46fd-8f5c-72bc827f2ef5:20160407213830.037:1225</Value>
          <Value>attributeSyntax:1225:1:55a73700-c891-46fd-8f5c-72bc827f2ef5:20160407213830.037:1225</Value>
          <Value>cn:1225:1:55a73700-c891-46fd-8f5c-72bc827f2ef5:20160407213830.037:1225</Value>
          <Value>createTimeStamp:1225:1:55a73700-c891-46fd-8f5c-72bc827f2ef5:20160407213830.037:1225</Value>
          <Value>entryDN:1225:1:55a73700-c891-46fd-8f5c-72bc827f2ef5:20160407213830.037:1225</Value>
          <Value>isSingleValued:1225:1:55a73700-c891-46fd-8f5c-72bc827f2ef5:20160407213830.037:1225</Value>
          <Value>lDAPDisplayName:1225:1:55a73700-c891-46fd-8f5c-72bc827f2ef5:20160407213830.037:1225</Value>
          <Value>modifyTimeStamp:1225:1:55a73700-c891-46fd-8f5c-72bc827f2ef5:20160407213830.037:1225</Value>
          <Value>objectClass:1225:1:55a73700-c891-46fd-8f5c-72bc827f2ef5:20160407213830.037:1225</Value>
          <Value>objectGUID:1225:1:55a73700-c891-46fd-8f5c-72bc827f2ef5:20160407213830.037:1225</Value>
          <Value>oMSyntax:1225:1:55a73700-c891-46fd-8f5c-72bc827f2ef5:20160407213830.037:1225</Value>
          <Value>schemaIDGUID:1225:1:55a73700-c891-46fd-8f5c-72bc827f2ef5:20160407213830.037:1225</Value>
          <Value>uSNChanged:1225:1:55a73700-c891-46fd-8f5c-72bc827f2ef5:20160407213830.037:1225</Value>
          <Value>uSNCreated:1225:1:55a73700-c891-46fd-8f5c-72bc827f2ef5:20160407213830.037:1225</Value>
          <Value>vmwAttributeUsage:1225:1:55a73700-c891-46fd-8f5c-72bc827f2ef5:20160407213830.037:1225</Value>
        </AttributeMetadata>
      </AttributeSchemaEntry>
      <AttributeSchemaEntry>
        <Name>generatedConnection</Name>
        <AttributeMetadata>
          <Value>attributeID:1383:1:55a73700-c891-46fd-8f5c-72bc827f2ef5:20160407213830.299:1383</Value>
          <Value>attributeSyntax:1383:1:55a73700-c891-46fd-8f5c-72bc827f2ef5:20160407213830.299:1383</Value>
          <Value>cn:1383:1:55a73700-c891-46fd-8f5c-72bc827f2ef5:20160407213830.299:1383</Value>
          <Value>createTimeStamp:1383:1:55a73700-c891-46fd-8f5c-72bc827f2ef5:20160407213830.299:1383</Value>
          <Value>entryDN:1383:1:55a73700-c891-46fd-8f5c-72bc827f2ef5:20160407213830.299:1383</Value>
          <Value>isSingleValued:1383:1:55a73700-c891-46fd-8f5c-72bc827f2ef5:20160407213830.299:1383</Value>
          <Value>lDAPDisplayName:1383:1:55a73700-c891-46fd-8f5c-72bc827f2ef5:20160407213830.299:1383</Value>
          <Value>modifyTimeStamp:1383:1:55a73700-c891-46fd-8f5c-72bc827f2ef5:20160407213830.299:1383</Value>
          <Value>objectClass:1383:1:55a73700-c891-46fd-8f5c-72bc827f2ef5:20160407213830.299:1383</Value>
          <Value>objectGUID:1383:1:55a73700-c891-46fd-8f5c-72bc827f2ef5:20160407213830.299:1383</Value>
          <Value>oMSyntax:1383:1:55a73700-c891-46fd-8f5c-72bc827f2ef5:20160407213830.299:1383</Value>
          <Value>schemaIDGUID:1383:1:55a73700-c891-46fd-8f5c-72bc827f2ef5:20160407213830.299:1383</Value>
          <Value>uSNChanged:1383:1:55a73700-c891-46fd-8f5c-72bc827f2ef5:20160407213830.299:1383</Value>
          <Value>uSNCreated:1383:1:55a73700-c891-46fd-8f5c-72bc827f2ef5:20160407213830.299:1383</Value>
          <Value>vmwAttributeUsage:1383:1:55a73700-c891-46fd-8f5c-72bc827f2ef5:20160407213830.299:1383</Value>
        </AttributeMetadata>
      </AttributeSchemaEntry>
      <AttributeSchemaEntry>
        <Name>generationQualifier</Name>
        <AttributeMetadata>
          <Value>attributeID:1467:1:55a73700-c891-46fd-8f5c-72bc827f2ef5:20160407213830.440:1467</Value>
          <Value>attributeSyntax:1467:1:55a73700-c891-46fd-8f5c-72bc827f2ef5:20160407213830.440:1467</Value>
          <Value>cn:1467:1:55a73700-c891-46fd-8f5c-72bc827f2ef5:20160407213830.440:1467</Value>
          <Value>createTimeStamp:1467:1:55a73700-c891-46fd-8f5c-72bc827f2ef5:20160407213830.440:1467</Value>
          <Value>entryDN:1467:1:55a73700-c891-46fd-8f5c-72bc827f2ef5:20160407213830.440:1467</Value>
          <Value>isSingleValued:1467:1:55a73700-c891-46fd-8f5c-72bc827f2ef5:20160407213830.440:1467</Value>
          <Value>lDAPDisplayName:1467:1:55a73700-c891-46fd-8f5c-72bc827f2ef5:20160407213830.440:1467</Value>
          <Value>modifyTimeStamp:1467:1:55a73700-c891-46fd-8f5c-72bc827f2ef5:20160407213830.440:1467</Value>
          <Value>objectClass:1467:1:55a73700-c891-46fd-8f5c-72bc827f2ef5:20160407213830.440:1467</Value>
          <Value>objectGUID:1467:1:55a73700-c891-46fd-8f5c-72bc827f2ef5:20160407213830.440:1467</Value>
          <Value>oMSyntax:1467:1:55a73700-c891-46fd-8f5c-72bc827f2ef5:20160407213830.440:1467</Value>
          <Value>schemaIDGUID:1467:1:55a73700-c891-46fd-8f5c-72bc827f2ef5:20160407213830.440:1467</Value>
          <Value>uSNChanged:1467:1:55a73700-c891-46fd-8f5c-72bc827f2ef5:20160407213830.440:1467</Value>
          <Value>uSNCreated:1467:1:55a73700-c891-46fd-8f5c-72bc827f2ef5:20160407213830.440:1467</Value>
          <Value>vmwAttributeUsage:1467:1:55a73700-c891-46fd-8f5c-72bc827f2ef5:20160407213830.440:1467</Value>
        </AttributeMetadata>
      </AttributeSchemaEntry>
      <AttributeSchemaEntry>
        <Name>gidNumber</Name>
        <AttributeMetadata>
          <Value>attributeID:1647:1:55a73700-c891-46fd-8f5c-72bc827f2ef5:20160407213830.741:1647</Value>
          <Value>attributeSyntax:1647:1:55a73700-c891-46fd-8f5c-72bc827f2ef5:20160407213830.741:1647</Value>
          <Value>cn:1647:1:55a73700-c891-46fd-8f5c-72bc827f2ef5:20160407213830.741:1647</Value>
          <Value>createTimeStamp:1647:1:55a73700-c891-46fd-8f5c-72bc827f2ef5:20160407213830.741:1647</Value>
          <Value>entryDN:1647:1:55a73700-c891-46fd-8f5c-72bc827f2ef5:20160407213830.741:1647</Value>
          <Value>isSingleValued:1647:1:55a73700-c891-46fd-8f5c-72bc827f2ef5:20160407213830.741:1647</Value>
          <Value>lDAPDisplayName:1647:1:55a73700-c891-46fd-8f5c-72bc827f2ef5:20160407213830.741:1647</Value>
          <Value>modifyTimeStamp:1647:1:55a73700-c891-46fd-8f5c-72bc827f2ef5:20160407213830.741:1647</Value>
          <Value>objectClass:1647:1:55a73700-c891-46fd-8f5c-72bc827f2ef5:20160407213830.741:1647</Value>
          <Value>objectGUID:1647:1:55a73700-c891-46fd-8f5c-72bc827f2ef5:20160407213830.741:1647</Value>
          <Value>oMSyntax:1647:1:55a73700-c891-46fd-8f5c-72bc827f2ef5:20160407213830.741:1647</Value>
          <Value>schemaIDGUID:1647:1:55a73700-c891-46fd-8f5c-72bc827f2ef5:20160407213830.741:1647</Value>
          <Value>uSNChanged:1647:1:55a73700-c891-46fd-8f5c-72bc827f2ef5:20160407213830.741:1647</Value>
          <Value>uSNCreated:1647:1:55a73700-c891-46fd-8f5c-72bc827f2ef5:20160407213830.741:1647</Value>
          <Value>vmwAttributeUsage:1647:1:55a73700-c891-46fd-8f5c-72bc827f2ef5:20160407213830.741:1647</Value>
        </AttributeMetadata>
      </AttributeSchemaEntry>
      <AttributeSchemaEntry>
        <Name>givenName</Name>
        <AttributeMetadata>
          <Value>attributeID:1256:1:55a73700-c891-46fd-8f5c-72bc827f2ef5:20160407213830.092:1256</Value>
          <Value>attributeSyntax:1256:1:55a73700-c891-46fd-8f5c-72bc827f2ef5:20160407213830.092:1256</Value>
          <Value>cn:1256:1:55a73700-c891-46fd-8f5c-72bc827f2ef5:20160407213830.092:1256</Value>
          <Value>createTimeStamp:1256:1:55a73700-c891-46fd-8f5c-72bc827f2ef5:20160407213830.092:1256</Value>
          <Value>entryDN:1256:1:55a73700-c891-46fd-8f5c-72bc827f2ef5:20160407213830.092:1256</Value>
          <Value>isSingleValued:1256:1:55a73700-c891-46fd-8f5c-72bc827f2ef5:20160407213830.092:1256</Value>
          <Value>lDAPDisplayName:1256:1:55a73700-c891-46fd-8f5c-72bc827f2ef5:20160407213830.092:1256</Value>
          <Value>modifyTimeStamp:1256:1:55a73700-c891-46fd-8f5c-72bc827f2ef5:20160407213830.092:1256</Value>
          <Value>objectClass:1256:1:55a73700-c891-46fd-8f5c-72bc827f2ef5:20160407213830.092:1256</Value>
          <Value>objectGUID:1256:1:55a73700-c891-46fd-8f5c-72bc827f2ef5:20160407213830.092:1256</Value>
          <Value>oMSyntax:1256:1:55a73700-c891-46fd-8f5c-72bc827f2ef5:20160407213830.092:1256</Value>
          <Value>schemaIDGUID:1256:1:55a73700-c891-46fd-8f5c-72bc827f2ef5:20160407213830.092:1256</Value>
          <Value>uSNChanged:1256:1:55a73700-c891-46fd-8f5c-72bc827f2ef5:20160407213830.092:1256</Value>
          <Value>uSNCreated:1256:1:55a73700-c891-46fd-8f5c-72bc827f2ef5:20160407213830.092:1256</Value>
          <Value>vmwAttributeUsage:1256:1:55a73700-c891-46fd-8f5c-72bc827f2ef5:20160407213830.092:1256</Value>
        </AttributeMetadata>
      </AttributeSchemaEntry>
      <AttributeSchemaEntry>
        <Name>globalAddressList</Name>
        <AttributeMetadata>
          <Value>attributeID:583:1:55a73700-c891-46fd-8f5c-72bc827f2ef5:20160407213828.917:583</Value>
          <Value>attributeSyntax:583:1:55a73700-c891-46fd-8f5c-72bc827f2ef5:20160407213828.917:583</Value>
          <Value>cn:583:1:55a73700-c891-46fd-8f5c-72bc827f2ef5:20160407213828.917:583</Value>
          <Value>createTimeStamp:583:1:55a73700-c891-46fd-8f5c-72bc827f2ef5:20160407213828.917:583</Value>
          <Value>entryDN:583:1:55a73700-c891-46fd-8f5c-72bc827f2ef5:20160407213828.917:583</Value>
          <Value>isSingleValued:583:1:55a73700-c891-46fd-8f5c-72bc827f2ef5:20160407213828.917:583</Value>
          <Value>lDAPDisplayName:583:1:55a73700-c891-46fd-8f5c-72bc827f2ef5:20160407213828.917:583</Value>
          <Value>modifyTimeStamp:583:1:55a73700-c891-46fd-8f5c-72bc827f2ef5:20160407213828.917:583</Value>
          <Value>objectClass:583:1:55a73700-c891-46fd-8f5c-72bc827f2ef5:20160407213828.917:583</Value>
          <Value>objectGUID:583:1:55a73700-c891-46fd-8f5c-72bc827f2ef5:20160407213828.917:583</Value>
          <Value>oMSyntax:583:1:55a73700-c891-46fd-8f5c-72bc827f2ef5:20160407213828.917:583</Value>
          <Value>schemaIDGUID:583:1:55a73700-c891-46fd-8f5c-72bc827f2ef5:20160407213828.917:583</Value>
          <Value>uSNChanged:583:1:55a73700-c891-46fd-8f5c-72bc827f2ef5:20160407213828.917:583</Value>
          <Value>uSNCreated:583:1:55a73700-c891-46fd-8f5c-72bc827f2ef5:20160407213828.917:583</Value>
          <Value>vmwAttributeUsage:583:1:55a73700-c891-46fd-8f5c-72bc827f2ef5:20160407213828.917:583</Value>
        </AttributeMetadata>
      </AttributeSchemaEntry>
      <AttributeSchemaEntry>
        <Name>globalAddressList2</Name>
        <AttributeMetadata>
          <Value>attributeID:1299:1:55a73700-c891-46fd-8f5c-72bc827f2ef5:20160407213830.158:1299</Value>
          <Value>attributeSyntax:1299:1:55a73700-c891-46fd-8f5c-72bc827f2ef5:20160407213830.158:1299</Value>
          <Value>cn:1299:1:55a73700-c891-46fd-8f5c-72bc827f2ef5:20160407213830.158:1299</Value>
          <Value>createTimeStamp:1299:1:55a73700-c891-46fd-8f5c-72bc827f2ef5:20160407213830.158:1299</Value>
          <Value>entryDN:1299:1:55a73700-c891-46fd-8f5c-72bc827f2ef5:20160407213830.158:1299</Value>
          <Value>isSingleValued:1299:1:55a73700-c891-46fd-8f5c-72bc827f2ef5:20160407213830.158:1299</Value>
          <Value>lDAPDisplayName:1299:1:55a73700-c891-46fd-8f5c-72bc827f2ef5:20160407213830.158:1299</Value>
          <Value>modifyTimeStamp:1299:1:55a73700-c891-46fd-8f5c-72bc827f2ef5:20160407213830.158:1299</Value>
          <Value>objectClass:1299:1:55a73700-c891-46fd-8f5c-72bc827f2ef5:20160407213830.158:1299</Value>
          <Value>objectGUID:1299:1:55a73700-c891-46fd-8f5c-72bc827f2ef5:20160407213830.158:1299</Value>
          <Value>oMSyntax:1299:1:55a73700-c891-46fd-8f5c-72bc827f2ef5:20160407213830.158:1299</Value>
          <Value>schemaIDGUID:1299:1:55a73700-c891-46fd-8f5c-72bc827f2ef5:20160407213830.158:1299</Value>
          <Value>uSNChanged:1299:1:55a73700-c891-46fd-8f5c-72bc827f2ef5:20160407213830.158:1299</Value>
          <Value>uSNCreated:1299:1:55a73700-c891-46fd-8f5c-72bc827f2ef5:20160407213830.158:1299</Value>
          <Value>vmwAttributeUsage:1299:1:55a73700-c891-46fd-8f5c-72bc827f2ef5:20160407213830.158:1299</Value>
        </AttributeMetadata>
      </AttributeSchemaEntry>
      <AttributeSchemaEntry>
        <Name>governsID</Name>
        <AttributeMetadata>
          <Value>attributeID:237:1:55a73700-c891-46fd-8f5c-72bc827f2ef5:20160407213828.379:237</Value>
          <Value>attributeSyntax:237:1:55a73700-c891-46fd-8f5c-72bc827f2ef5:20160407213828.379:237</Value>
          <Value>cn:237:1:55a73700-c891-46fd-8f5c-72bc827f2ef5:20160407213828.379:237</Value>
          <Value>createTimeStamp:237:1:55a73700-c891-46fd-8f5c-72bc827f2ef5:20160407213828.379:237</Value>
          <Value>entryDN:237:1:55a73700-c891-46fd-8f5c-72bc827f2ef5:20160407213828.379:237</Value>
          <Value>isSingleValued:237:1:55a73700-c891-46fd-8f5c-72bc827f2ef5:20160407213828.379:237</Value>
          <Value>lDAPDisplayName:237:1:55a73700-c891-46fd-8f5c-72bc827f2ef5:20160407213828.379:237</Value>
          <Value>modifyTimeStamp:237:1:55a73700-c891-46fd-8f5c-72bc827f2ef5:20160407213828.379:237</Value>
          <Value>objectClass:237:1:55a73700-c891-46fd-8f5c-72bc827f2ef5:20160407213828.379:237</Value>
          <Value>objectGUID:237:1:55a73700-c891-46fd-8f5c-72bc827f2ef5:20160407213828.379:237</Value>
          <Value>oMSyntax:237:1:55a73700-c891-46fd-8f5c-72bc827f2ef5:20160407213828.379:237</Value>
          <Value>schemaIDGUID:237:1:55a73700-c891-46fd-8f5c-72bc827f2ef5:20160407213828.379:237</Value>
          <Value>uSNChanged:237:1:55a73700-c891-46fd-8f5c-72bc827f2ef5:20160407213828.379:237</Value>
          <Value>uSNCreated:237:1:55a73700-c891-46fd-8f5c-72bc827f2ef5:20160407213828.379:237</Value>
          <Value>vmwAttributeUsage:237:1:55a73700-c891-46fd-8f5c-72bc827f2ef5:20160407213828.379:237</Value>
        </AttributeMetadata>
      </AttributeSchemaEntry>
      <AttributeSchemaEntry>
        <Name>gPCFileSysPath</Name>
        <AttributeMetadata>
          <Value>attributeID:1501:1:55a73700-c891-46fd-8f5c-72bc827f2ef5:20160407213830.497:1501</Value>
          <Value>attributeSyntax:1501:1:55a73700-c891-46fd-8f5c-72bc827f2ef5:20160407213830.497:1501</Value>
          <Value>cn:1501:1:55a73700-c891-46fd-8f5c-72bc827f2ef5:20160407213830.497:1501</Value>
          <Value>createTimeStamp:1501:1:55a73700-c891-46fd-8f5c-72bc827f2ef5:20160407213830.497:1501</Value>
          <Value>entryDN:1501:1:55a73700-c891-46fd-8f5c-72bc827f2ef5:20160407213830.497:1501</Value>
          <Value>isSingleValued:1501:1:55a73700-c891-46fd-8f5c-72bc827f2ef5:20160407213830.497:1501</Value>
          <Value>lDAPDisplayName:1501:1:55a73700-c891-46fd-8f5c-72bc827f2ef5:20160407213830.497:1501</Value>
          <Value>modifyTimeStamp:1501:1:55a73700-c891-46fd-8f5c-72bc827f2ef5:20160407213830.497:1501</Value>
          <Value>objectClass:1501:1:55a73700-c891-46fd-8f5c-72bc827f2ef5:20160407213830.497:1501</Value>
          <Value>objectGUID:1501:1:55a73700-c891-46fd-8f5c-72bc827f2ef5:20160407213830.497:1501</Value>
          <Value>oMSyntax:1501:1:55a73700-c891-46fd-8f5c-72bc827f2ef5:20160407213830.497:1501</Value>
          <Value>schemaIDGUID:1501:1:55a73700-c891-46fd-8f5c-72bc827f2ef5:20160407213830.497:1501</Value>
          <Value>uSNChanged:1501:1:55a73700-c891-46fd-8f5c-72bc827f2ef5:20160407213830.497:1501</Value>
          <Value>uSNCreated:1501:1:55a73700-c891-46fd-8f5c-72bc827f2ef5:20160407213830.497:1501</Value>
          <Value>vmwAttributeUsage:1501:1:55a73700-c891-46fd-8f5c-72bc827f2ef5:20160407213830.497:1501</Value>
        </AttributeMetadata>
      </AttributeSchemaEntry>
      <AttributeSchemaEntry>
        <Name>gPCFunctionalityVersion</Name>
        <AttributeMetadata>
          <Value>attributeID:1693:1:55a73700-c891-46fd-8f5c-72bc827f2ef5:20160407213830.823:1693</Value>
          <Value>attributeSyntax:1693:1:55a73700-c891-46fd-8f5c-72bc827f2ef5:20160407213830.823:1693</Value>
          <Value>cn:1693:1:55a73700-c891-46fd-8f5c-72bc827f2ef5:20160407213830.823:1693</Value>
          <Value>createTimeStamp:1693:1:55a73700-c891-46fd-8f5c-72bc827f2ef5:20160407213830.823:1693</Value>
          <Value>entryDN:1693:1:55a73700-c891-46fd-8f5c-72bc827f2ef5:20160407213830.823:1693</Value>
          <Value>isSingleValued:1693:1:55a73700-c891-46fd-8f5c-72bc827f2ef5:20160407213830.823:1693</Value>
          <Value>lDAPDisplayName:1693:1:55a73700-c891-46fd-8f5c-72bc827f2ef5:20160407213830.823:1693</Value>
          <Value>modifyTimeStamp:1693:1:55a73700-c891-46fd-8f5c-72bc827f2ef5:20160407213830.823:1693</Value>
          <Value>objectClass:1693:1:55a73700-c891-46fd-8f5c-72bc827f2ef5:20160407213830.823:1693</Value>
          <Value>objectGUID:1693:1:55a73700-c891-46fd-8f5c-72bc827f2ef5:20160407213830.823:1693</Value>
          <Value>oMSyntax:1693:1:55a73700-c891-46fd-8f5c-72bc827f2ef5:20160407213830.823:1693</Value>
          <Value>schemaIDGUID:1693:1:55a73700-c891-46fd-8f5c-72bc827f2ef5:20160407213830.823:1693</Value>
          <Value>uSNChanged:1693:1:55a73700-c891-46fd-8f5c-72bc827f2ef5:20160407213830.823:1693</Value>
          <Value>uSNCreated:1693:1:55a73700-c891-46fd-8f5c-72bc827f2ef5:20160407213830.823:1693</Value>
          <Value>vmwAttributeUsage:1693:1:55a73700-c891-46fd-8f5c-72bc827f2ef5:20160407213830.823:1693</Value>
        </AttributeMetadata>
      </AttributeSchemaEntry>
      <AttributeSchemaEntry>
        <Name>gPCMachineExtensionNames</Name>
        <AttributeMetadata>
          <Value>attributeID:505:1:55a73700-c891-46fd-8f5c-72bc827f2ef5:20160407213828.792:505</Value>
          <Value>attributeSyntax:505:1:55a73700-c891-46fd-8f5c-72bc827f2ef5:20160407213828.792:505</Value>
          <Value>cn:505:1:55a73700-c891-46fd-8f5c-72bc827f2ef5:20160407213828.792:505</Value>
          <Value>createTimeStamp:505:1:55a73700-c891-46fd-8f5c-72bc827f2ef5:20160407213828.792:505</Value>
          <Value>entryDN:505:1:55a73700-c891-46fd-8f5c-72bc827f2ef5:20160407213828.792:505</Value>
          <Value>isSingleValued:505:1:55a73700-c891-46fd-8f5c-72bc827f2ef5:20160407213828.792:505</Value>
          <Value>lDAPDisplayName:505:1:55a73700-c891-46fd-8f5c-72bc827f2ef5:20160407213828.792:505</Value>
          <Value>modifyTimeStamp:505:1:55a73700-c891-46fd-8f5c-72bc827f2ef5:20160407213828.792:505</Value>
          <Value>objectClass:505:1:55a73700-c891-46fd-8f5c-72bc827f2ef5:20160407213828.792:505</Value>
          <Value>objectGUID:505:1:55a73700-c891-46fd-8f5c-72bc827f2ef5:20160407213828.792:505</Value>
          <Value>oMSyntax:505:1:55a73700-c891-46fd-8f5c-72bc827f2ef5:20160407213828.792:505</Value>
          <Value>schemaIDGUID:505:1:55a73700-c891-46fd-8f5c-72bc827f2ef5:20160407213828.792:505</Value>
          <Value>uSNChanged:505:1:55a73700-c891-46fd-8f5c-72bc827f2ef5:20160407213828.792:505</Value>
          <Value>uSNCreated:505:1:55a73700-c891-46fd-8f5c-72bc827f2ef5:20160407213828.792:505</Value>
          <Value>vmwAttributeUsage:505:1:55a73700-c891-46fd-8f5c-72bc827f2ef5:20160407213828.792:505</Value>
        </AttributeMetadata>
      </AttributeSchemaEntry>
      <AttributeSchemaEntry>
        <Name>gPCUserExtensionNames</Name>
        <AttributeMetadata>
          <Value>attributeID:1158:1:55a73700-c891-46fd-8f5c-72bc827f2ef5:20160407213829.920:1158</Value>
          <Value>attributeSyntax:1158:1:55a73700-c891-46fd-8f5c-72bc827f2ef5:20160407213829.920:1158</Value>
          <Value>cn:1158:1:55a73700-c891-46fd-8f5c-72bc827f2ef5:20160407213829.920:1158</Value>
          <Value>createTimeStamp:1158:1:55a73700-c891-46fd-8f5c-72bc827f2ef5:20160407213829.920:1158</Value>
          <Value>entryDN:1158:1:55a73700-c891-46fd-8f5c-72bc827f2ef5:20160407213829.920:1158</Value>
          <Value>isSingleValued:1158:1:55a73700-c891-46fd-8f5c-72bc827f2ef5:20160407213829.920:1158</Value>
          <Value>lDAPDisplayName:1158:1:55a73700-c891-46fd-8f5c-72bc827f2ef5:20160407213829.920:1158</Value>
          <Value>modifyTimeStamp:1158:1:55a73700-c891-46fd-8f5c-72bc827f2ef5:20160407213829.920:1158</Value>
          <Value>objectClass:1158:1:55a73700-c891-46fd-8f5c-72bc827f2ef5:20160407213829.920:1158</Value>
          <Value>objectGUID:1158:1:55a73700-c891-46fd-8f5c-72bc827f2ef5:20160407213829.920:1158</Value>
          <Value>oMSyntax:1158:1:55a73700-c891-46fd-8f5c-72bc827f2ef5:20160407213829.920:1158</Value>
          <Value>schemaIDGUID:1158:1:55a73700-c891-46fd-8f5c-72bc827f2ef5:20160407213829.920:1158</Value>
          <Value>uSNChanged:1158:1:55a73700-c891-46fd-8f5c-72bc827f2ef5:20160407213829.920:1158</Value>
          <Value>uSNCreated:1158:1:55a73700-c891-46fd-8f5c-72bc827f2ef5:20160407213829.920:1158</Value>
          <Value>vmwAttributeUsage:1158:1:55a73700-c891-46fd-8f5c-72bc827f2ef5:20160407213829.920:1158</Value>
        </AttributeMetadata>
      </AttributeSchemaEntry>
      <AttributeSchemaEntry>
        <Name>gPCWQLFilter</Name>
        <AttributeMetadata>
          <Value>attributeID:1047:1:55a73700-c891-46fd-8f5c-72bc827f2ef5:20160407213829.711:1047</Value>
          <Value>attributeSyntax:1047:1:55a73700-c891-46fd-8f5c-72bc827f2ef5:20160407213829.711:1047</Value>
          <Value>cn:1047:1:55a73700-c891-46fd-8f5c-72bc827f2ef5:20160407213829.711:1047</Value>
          <Value>createTimeStamp:1047:1:55a73700-c891-46fd-8f5c-72bc827f2ef5:20160407213829.711:1047</Value>
          <Value>entryDN:1047:1:55a73700-c891-46fd-8f5c-72bc827f2ef5:20160407213829.711:1047</Value>
          <Value>isSingleValued:1047:1:55a73700-c891-46fd-8f5c-72bc827f2ef5:20160407213829.711:1047</Value>
          <Value>lDAPDisplayName:1047:1:55a73700-c891-46fd-8f5c-72bc827f2ef5:20160407213829.711:1047</Value>
          <Value>modifyTimeStamp:1047:1:55a73700-c891-46fd-8f5c-72bc827f2ef5:20160407213829.711:1047</Value>
          <Value>objectClass:1047:1:55a73700-c891-46fd-8f5c-72bc827f2ef5:20160407213829.711:1047</Value>
          <Value>objectGUID:1047:1:55a73700-c891-46fd-8f5c-72bc827f2ef5:20160407213829.711:1047</Value>
          <Value>oMSyntax:1047:1:55a73700-c891-46fd-8f5c-72bc827f2ef5:20160407213829.711:1047</Value>
          <Value>schemaIDGUID:1047:1:55a73700-c891-46fd-8f5c-72bc827f2ef5:20160407213829.711:1047</Value>
          <Value>uSNChanged:1047:1:55a73700-c891-46fd-8f5c-72bc827f2ef5:20160407213829.711:1047</Value>
          <Value>uSNCreated:1047:1:55a73700-c891-46fd-8f5c-72bc827f2ef5:20160407213829.711:1047</Value>
          <Value>vmwAttributeUsage:1047:1:55a73700-c891-46fd-8f5c-72bc827f2ef5:20160407213829.711:1047</Value>
        </AttributeMetadata>
      </AttributeSchemaEntry>
      <AttributeSchemaEntry>
        <Name>gPLink</Name>
        <AttributeMetadata>
          <Value>attributeID:359:1:55a73700-c891-46fd-8f5c-72bc827f2ef5:20160407213828.558:359</Value>
          <Value>attributeSyntax:359:1:55a73700-c891-46fd-8f5c-72bc827f2ef5:20160407213828.558:359</Value>
          <Value>cn:359:1:55a73700-c891-46fd-8f5c-72bc827f2ef5:20160407213828.558:359</Value>
          <Value>createTimeStamp:359:1:55a73700-c891-46fd-8f5c-72bc827f2ef5:20160407213828.558:359</Value>
          <Value>entryDN:359:1:55a73700-c891-46fd-8f5c-72bc827f2ef5:20160407213828.558:359</Value>
          <Value>isSingleValued:359:1:55a73700-c891-46fd-8f5c-72bc827f2ef5:20160407213828.558:359</Value>
          <Value>lDAPDisplayName:359:1:55a73700-c891-46fd-8f5c-72bc827f2ef5:20160407213828.558:359</Value>
          <Value>modifyTimeStamp:359:1:55a73700-c891-46fd-8f5c-72bc827f2ef5:20160407213828.558:359</Value>
          <Value>objectClass:359:1:55a73700-c891-46fd-8f5c-72bc827f2ef5:20160407213828.558:359</Value>
          <Value>objectGUID:359:1:55a73700-c891-46fd-8f5c-72bc827f2ef5:20160407213828.558:359</Value>
          <Value>oMSyntax:359:1:55a73700-c891-46fd-8f5c-72bc827f2ef5:20160407213828.558:359</Value>
          <Value>schemaIDGUID:359:1:55a73700-c891-46fd-8f5c-72bc827f2ef5:20160407213828.558:359</Value>
          <Value>uSNChanged:359:1:55a73700-c891-46fd-8f5c-72bc827f2ef5:20160407213828.558:359</Value>
          <Value>uSNCreated:359:1:55a73700-c891-46fd-8f5c-72bc827f2ef5:20160407213828.558:359</Value>
          <Value>vmwAttributeUsage:359:1:55a73700-c891-46fd-8f5c-72bc827f2ef5:20160407213828.558:359</Value>
        </AttributeMetadata>
      </AttributeSchemaEntry>
      <AttributeSchemaEntry>
        <Name>gPOptions</Name>
        <AttributeMetadata>
          <Value>attributeID:591:1:55a73700-c891-46fd-8f5c-72bc827f2ef5:20160407213828.933:591</Value>
          <Value>attributeSyntax:591:1:55a73700-c891-46fd-8f5c-72bc827f2ef5:20160407213828.933:591</Value>
          <Value>cn:591:1:55a73700-c891-46fd-8f5c-72bc827f2ef5:20160407213828.933:591</Value>
          <Value>createTimeStamp:591:1:55a73700-c891-46fd-8f5c-72bc827f2ef5:20160407213828.933:591</Value>
          <Value>entryDN:591:1:55a73700-c891-46fd-8f5c-72bc827f2ef5:20160407213828.933:591</Value>
          <Value>isSingleValued:591:1:55a73700-c891-46fd-8f5c-72bc827f2ef5:20160407213828.933:591</Value>
          <Value>lDAPDisplayName:591:1:55a73700-c891-46fd-8f5c-72bc827f2ef5:20160407213828.933:591</Value>
          <Value>modifyTimeStamp:591:1:55a73700-c891-46fd-8f5c-72bc827f2ef5:20160407213828.933:591</Value>
          <Value>objectClass:591:1:55a73700-c891-46fd-8f5c-72bc827f2ef5:20160407213828.933:591</Value>
          <Value>objectGUID:591:1:55a73700-c891-46fd-8f5c-72bc827f2ef5:20160407213828.933:591</Value>
          <Value>oMSyntax:591:1:55a73700-c891-46fd-8f5c-72bc827f2ef5:20160407213828.933:591</Value>
          <Value>schemaIDGUID:591:1:55a73700-c891-46fd-8f5c-72bc827f2ef5:20160407213828.933:591</Value>
          <Value>uSNChanged:591:1:55a73700-c891-46fd-8f5c-72bc827f2ef5:20160407213828.933:591</Value>
          <Value>uSNCreated:591:1:55a73700-c891-46fd-8f5c-72bc827f2ef5:20160407213828.933:591</Value>
          <Value>vmwAttributeUsage:591:1:55a73700-c891-46fd-8f5c-72bc827f2ef5:20160407213828.933:591</Value>
        </AttributeMetadata>
      </AttributeSchemaEntry>
      <AttributeSchemaEntry>
        <Name>groupAttributes</Name>
        <AttributeMetadata>
          <Value>attributeID:775:1:55a73700-c891-46fd-8f5c-72bc827f2ef5:20160407213829.245:775</Value>
          <Value>attributeSyntax:775:1:55a73700-c891-46fd-8f5c-72bc827f2ef5:20160407213829.245:775</Value>
          <Value>cn:775:1:55a73700-c891-46fd-8f5c-72bc827f2ef5:20160407213829.245:775</Value>
          <Value>createTimeStamp:775:1:55a73700-c891-46fd-8f5c-72bc827f2ef5:20160407213829.245:775</Value>
          <Value>entryDN:775:1:55a73700-c891-46fd-8f5c-72bc827f2ef5:20160407213829.245:775</Value>
          <Value>isSingleValued:775:1:55a73700-c891-46fd-8f5c-72bc827f2ef5:20160407213829.245:775</Value>
          <Value>lDAPDisplayName:775:1:55a73700-c891-46fd-8f5c-72bc827f2ef5:20160407213829.245:775</Value>
          <Value>modifyTimeStamp:775:1:55a73700-c891-46fd-8f5c-72bc827f2ef5:20160407213829.245:775</Value>
          <Value>objectClass:775:1:55a73700-c891-46fd-8f5c-72bc827f2ef5:20160407213829.245:775</Value>
          <Value>objectGUID:775:1:55a73700-c891-46fd-8f5c-72bc827f2ef5:20160407213829.245:775</Value>
          <Value>oMSyntax:775:1:55a73700-c891-46fd-8f5c-72bc827f2ef5:20160407213829.245:775</Value>
          <Value>schemaIDGUID:775:1:55a73700-c891-46fd-8f5c-72bc827f2ef5:20160407213829.245:775</Value>
          <Value>uSNChanged:775:1:55a73700-c891-46fd-8f5c-72bc827f2ef5:20160407213829.245:775</Value>
          <Value>uSNCreated:775:1:55a73700-c891-46fd-8f5c-72bc827f2ef5:20160407213829.245:775</Value>
          <Value>vmwAttributeUsage:775:1:55a73700-c891-46fd-8f5c-72bc827f2ef5:20160407213829.245:775</Value>
        </AttributeMetadata>
      </AttributeSchemaEntry>
      <AttributeSchemaEntry>
        <Name>groupMembershipSAM</Name>
        <AttributeMetadata>
          <Value>attributeID:127:1:55a73700-c891-46fd-8f5c-72bc827f2ef5:20160407213828.215:127</Value>
          <Value>attributeSyntax:127:1:55a73700-c891-46fd-8f5c-72bc827f2ef5:20160407213828.215:127</Value>
          <Value>cn:127:1:55a73700-c891-46fd-8f5c-72bc827f2ef5:20160407213828.215:127</Value>
          <Value>createTimeStamp:127:1:55a73700-c891-46fd-8f5c-72bc827f2ef5:20160407213828.215:127</Value>
          <Value>entryDN:127:1:55a73700-c891-46fd-8f5c-72bc827f2ef5:20160407213828.215:127</Value>
          <Value>isSingleValued:127:1:55a73700-c891-46fd-8f5c-72bc827f2ef5:20160407213828.215:127</Value>
          <Value>lDAPDisplayName:127:1:55a73700-c891-46fd-8f5c-72bc827f2ef5:20160407213828.215:127</Value>
          <Value>modifyTimeStamp:127:1:55a73700-c891-46fd-8f5c-72bc827f2ef5:20160407213828.215:127</Value>
          <Value>objectClass:127:1:55a73700-c891-46fd-8f5c-72bc827f2ef5:20160407213828.215:127</Value>
          <Value>objectGUID:127:1:55a73700-c891-46fd-8f5c-72bc827f2ef5:20160407213828.215:127</Value>
          <Value>oMSyntax:127:1:55a73700-c891-46fd-8f5c-72bc827f2ef5:20160407213828.215:127</Value>
          <Value>schemaIDGUID:127:1:55a73700-c891-46fd-8f5c-72bc827f2ef5:20160407213828.215:127</Value>
          <Value>uSNChanged:127:1:55a73700-c891-46fd-8f5c-72bc827f2ef5:20160407213828.215:127</Value>
          <Value>uSNCreated:127:1:55a73700-c891-46fd-8f5c-72bc827f2ef5:20160407213828.215:127</Value>
          <Value>vmwAttributeUsage:127:1:55a73700-c891-46fd-8f5c-72bc827f2ef5:20160407213828.215:127</Value>
        </AttributeMetadata>
      </AttributeSchemaEntry>
      <AttributeSchemaEntry>
        <Name>groupPriority</Name>
        <AttributeMetadata>
          <Value>attributeID:1063:1:55a73700-c891-46fd-8f5c-72bc827f2ef5:20160407213829.740:1063</Value>
          <Value>attributeSyntax:1063:1:55a73700-c891-46fd-8f5c-72bc827f2ef5:20160407213829.740:1063</Value>
          <Value>cn:1063:1:55a73700-c891-46fd-8f5c-72bc827f2ef5:20160407213829.740:1063</Value>
          <Value>createTimeStamp:1063:1:55a73700-c891-46fd-8f5c-72bc827f2ef5:20160407213829.740:1063</Value>
          <Value>entryDN:1063:1:55a73700-c891-46fd-8f5c-72bc827f2ef5:20160407213829.740:1063</Value>
          <Value>isSingleValued:1063:1:55a73700-c891-46fd-8f5c-72bc827f2ef5:20160407213829.740:1063</Value>
          <Value>lDAPDisplayName:1063:1:55a73700-c891-46fd-8f5c-72bc827f2ef5:20160407213829.740:1063</Value>
          <Value>modifyTimeStamp:1063:1:55a73700-c891-46fd-8f5c-72bc827f2ef5:20160407213829.740:1063</Value>
          <Value>objectClass:1063:1:55a73700-c891-46fd-8f5c-72bc827f2ef5:20160407213829.740:1063</Value>
          <Value>objectGUID:1063:1:55a73700-c891-46fd-8f5c-72bc827f2ef5:20160407213829.740:1063</Value>
          <Value>oMSyntax:1063:1:55a73700-c891-46fd-8f5c-72bc827f2ef5:20160407213829.740:1063</Value>
          <Value>schemaIDGUID:1063:1:55a73700-c891-46fd-8f5c-72bc827f2ef5:20160407213829.740:1063</Value>
          <Value>uSNChanged:1063:1:55a73700-c891-46fd-8f5c-72bc827f2ef5:20160407213829.740:1063</Value>
          <Value>uSNCreated:1063:1:55a73700-c891-46fd-8f5c-72bc827f2ef5:20160407213829.740:1063</Value>
          <Value>vmwAttributeUsage:1063:1:55a73700-c891-46fd-8f5c-72bc827f2ef5:20160407213829.740:1063</Value>
        </AttributeMetadata>
      </AttributeSchemaEntry>
      <AttributeSchemaEntry>
        <Name>groupsToIgnore</Name>
        <AttributeMetadata>
          <Value>attributeID:954:1:55a73700-c891-46fd-8f5c-72bc827f2ef5:20160407213829.557:954</Value>
          <Value>attributeSyntax:954:1:55a73700-c891-46fd-8f5c-72bc827f2ef5:20160407213829.557:954</Value>
          <Value>cn:954:1:55a73700-c891-46fd-8f5c-72bc827f2ef5:20160407213829.557:954</Value>
          <Value>createTimeStamp:954:1:55a73700-c891-46fd-8f5c-72bc827f2ef5:20160407213829.557:954</Value>
          <Value>entryDN:954:1:55a73700-c891-46fd-8f5c-72bc827f2ef5:20160407213829.557:954</Value>
          <Value>isSingleValued:954:1:55a73700-c891-46fd-8f5c-72bc827f2ef5:20160407213829.557:954</Value>
          <Value>lDAPDisplayName:954:1:55a73700-c891-46fd-8f5c-72bc827f2ef5:20160407213829.557:954</Value>
          <Value>modifyTimeStamp:954:1:55a73700-c891-46fd-8f5c-72bc827f2ef5:20160407213829.557:954</Value>
          <Value>objectClass:954:1:55a73700-c891-46fd-8f5c-72bc827f2ef5:20160407213829.557:954</Value>
          <Value>objectGUID:954:1:55a73700-c891-46fd-8f5c-72bc827f2ef5:20160407213829.557:954</Value>
          <Value>oMSyntax:954:1:55a73700-c891-46fd-8f5c-72bc827f2ef5:20160407213829.557:954</Value>
          <Value>schemaIDGUID:954:1:55a73700-c891-46fd-8f5c-72bc827f2ef5:20160407213829.557:954</Value>
          <Value>uSNChanged:954:1:55a73700-c891-46fd-8f5c-72bc827f2ef5:20160407213829.557:954</Value>
          <Value>uSNCreated:954:1:55a73700-c891-46fd-8f5c-72bc827f2ef5:20160407213829.557:954</Value>
          <Value>vmwAttributeUsage:954:1:55a73700-c891-46fd-8f5c-72bc827f2ef5:20160407213829.557:954</Value>
        </AttributeMetadata>
      </AttributeSchemaEntry>
      <AttributeSchemaEntry>
        <Name>groupType</Name>
        <AttributeMetadata>
          <Value>attributeID:407:1:55a73700-c891-46fd-8f5c-72bc827f2ef5:20160407213828.627:407</Value>
          <Value>attributeSyntax:407:1:55a73700-c891-46fd-8f5c-72bc827f2ef5:20160407213828.627:407</Value>
          <Value>cn:407:1:55a73700-c891-46fd-8f5c-72bc827f2ef5:20160407213828.627:407</Value>
          <Value>createTimeStamp:407:1:55a73700-c891-46fd-8f5c-72bc827f2ef5:20160407213828.627:407</Value>
          <Value>entryDN:407:1:55a73700-c891-46fd-8f5c-72bc827f2ef5:20160407213828.627:407</Value>
          <Value>isSingleValued:407:1:55a73700-c891-46fd-8f5c-72bc827f2ef5:20160407213828.627:407</Value>
          <Value>lDAPDisplayName:407:1:55a73700-c891-46fd-8f5c-72bc827f2ef5:20160407213828.627:407</Value>
          <Value>modifyTimeStamp:407:1:55a73700-c891-46fd-8f5c-72bc827f2ef5:20160407213828.627:407</Value>
          <Value>objectClass:407:1:55a73700-c891-46fd-8f5c-72bc827f2ef5:20160407213828.627:407</Value>
          <Value>objectGUID:407:1:55a73700-c891-46fd-8f5c-72bc827f2ef5:20160407213828.627:407</Value>
          <Value>oMSyntax:407:1:55a73700-c891-46fd-8f5c-72bc827f2ef5:20160407213828.627:407</Value>
          <Value>schemaIDGUID:407:1:55a73700-c891-46fd-8f5c-72bc827f2ef5:20160407213828.627:407</Value>
          <Value>uSNChanged:407:1:55a73700-c891-46fd-8f5c-72bc827f2ef5:20160407213828.627:407</Value>
          <Value>uSNCreated:407:1:55a73700-c891-46fd-8f5c-72bc827f2ef5:20160407213828.627:407</Value>
          <Value>vmwAttributeUsage:407:1:55a73700-c891-46fd-8f5c-72bc827f2ef5:20160407213828.627:407</Value>
        </AttributeMetadata>
      </AttributeSchemaEntry>
      <AttributeSchemaEntry>
        <Name>hasMasterNCs</Name>
        <AttributeMetadata>
          <Value>attributeID:260:1:55a73700-c891-46fd-8f5c-72bc827f2ef5:20160407213828.411:260</Value>
          <Value>attributeSyntax:260:1:55a73700-c891-46fd-8f5c-72bc827f2ef5:20160407213828.411:260</Value>
          <Value>cn:260:1:55a73700-c891-46fd-8f5c-72bc827f2ef5:20160407213828.411:260</Value>
          <Value>createTimeStamp:260:1:55a73700-c891-46fd-8f5c-72bc827f2ef5:20160407213828.411:260</Value>
          <Value>entryDN:260:1:55a73700-c891-46fd-8f5c-72bc827f2ef5:20160407213828.411:260</Value>
          <Value>isSingleValued:260:1:55a73700-c891-46fd-8f5c-72bc827f2ef5:20160407213828.411:260</Value>
          <Value>lDAPDisplayName:260:1:55a73700-c891-46fd-8f5c-72bc827f2ef5:20160407213828.411:260</Value>
          <Value>modifyTimeStamp:260:1:55a73700-c891-46fd-8f5c-72bc827f2ef5:20160407213828.411:260</Value>
          <Value>objectClass:260:1:55a73700-c891-46fd-8f5c-72bc827f2ef5:20160407213828.411:260</Value>
          <Value>objectGUID:260:1:55a73700-c891-46fd-8f5c-72bc827f2ef5:20160407213828.411:260</Value>
          <Value>oMSyntax:260:1:55a73700-c891-46fd-8f5c-72bc827f2ef5:20160407213828.411:260</Value>
          <Value>schemaIDGUID:260:1:55a73700-c891-46fd-8f5c-72bc827f2ef5:20160407213828.411:260</Value>
          <Value>uSNChanged:260:1:55a73700-c891-46fd-8f5c-72bc827f2ef5:20160407213828.411:260</Value>
          <Value>uSNCreated:260:1:55a73700-c891-46fd-8f5c-72bc827f2ef5:20160407213828.411:260</Value>
          <Value>vmwAttributeUsage:260:1:55a73700-c891-46fd-8f5c-72bc827f2ef5:20160407213828.411:260</Value>
        </AttributeMetadata>
      </AttributeSchemaEntry>
      <AttributeSchemaEntry>
        <Name>hasPartialReplicaNCs</Name>
        <AttributeMetadata>
          <Value>attributeID:1069:1:55a73700-c891-46fd-8f5c-72bc827f2ef5:20160407213829.748:1069</Value>
          <Value>attributeSyntax:1069:1:55a73700-c891-46fd-8f5c-72bc827f2ef5:20160407213829.748:1069</Value>
          <Value>cn:1069:1:55a73700-c891-46fd-8f5c-72bc827f2ef5:20160407213829.748:1069</Value>
          <Value>createTimeStamp:1069:1:55a73700-c891-46fd-8f5c-72bc827f2ef5:20160407213829.748:1069</Value>
          <Value>entryDN:1069:1:55a73700-c891-46fd-8f5c-72bc827f2ef5:20160407213829.748:1069</Value>
          <Value>isSingleValued:1069:1:55a73700-c891-46fd-8f5c-72bc827f2ef5:20160407213829.748:1069</Value>
          <Value>lDAPDisplayName:1069:1:55a73700-c891-46fd-8f5c-72bc827f2ef5:20160407213829.748:1069</Value>
          <Value>modifyTimeStamp:1069:1:55a73700-c891-46fd-8f5c-72bc827f2ef5:20160407213829.748:1069</Value>
          <Value>objectClass:1069:1:55a73700-c891-46fd-8f5c-72bc827f2ef5:20160407213829.748:1069</Value>
          <Value>objectGUID:1069:1:55a73700-c891-46fd-8f5c-72bc827f2ef5:20160407213829.748:1069</Value>
          <Value>oMSyntax:1069:1:55a73700-c891-46fd-8f5c-72bc827f2ef5:20160407213829.748:1069</Value>
          <Value>schemaIDGUID:1069:1:55a73700-c891-46fd-8f5c-72bc827f2ef5:20160407213829.748:1069</Value>
          <Value>uSNChanged:1069:1:55a73700-c891-46fd-8f5c-72bc827f2ef5:20160407213829.748:1069</Value>
          <Value>uSNCreated:1069:1:55a73700-c891-46fd-8f5c-72bc827f2ef5:20160407213829.748:1069</Value>
          <Value>vmwAttributeUsage:1069:1:55a73700-c891-46fd-8f5c-72bc827f2ef5:20160407213829.748:1069</Value>
        </AttributeMetadata>
      </AttributeSchemaEntry>
      <AttributeSchemaEntry>
        <Name>hasSubordinates</Name>
        <AttributeMetadata>
          <Value>attributeID:1691:1:55a73700-c891-46fd-8f5c-72bc827f2ef5:20160407213830.819:1691</Value>
          <Value>attributeSyntax:1691:1:55a73700-c891-46fd-8f5c-72bc827f2ef5:20160407213830.819:1691</Value>
          <Value>cn:1691:1:55a73700-c891-46fd-8f5c-72bc827f2ef5:20160407213830.819:1691</Value>
          <Value>createTimeStamp:1691:1:55a73700-c891-46fd-8f5c-72bc827f2ef5:20160407213830.819:1691</Value>
          <Value>description:1691:1:55a73700-c891-46fd-8f5c-72bc827f2ef5:20160407213830.819:1691</Value>
          <Value>entryDN:1691:1:55a73700-c891-46fd-8f5c-72bc827f2ef5:20160407213830.819:1691</Value>
          <Value>isSingleValued:1691:1:55a73700-c891-46fd-8f5c-72bc827f2ef5:20160407213830.819:1691</Value>
          <Value>lDAPDisplayName:1691:1:55a73700-c891-46fd-8f5c-72bc827f2ef5:20160407213830.819:1691</Value>
          <Value>modifyTimeStamp:1691:1:55a73700-c891-46fd-8f5c-72bc827f2ef5:20160407213830.819:1691</Value>
          <Value>objectClass:1691:1:55a73700-c891-46fd-8f5c-72bc827f2ef5:20160407213830.819:1691</Value>
          <Value>objectGUID:1691:1:55a73700-c891-46fd-8f5c-72bc827f2ef5:20160407213830.819:1691</Value>
          <Value>oMSyntax:1691:1:55a73700-c891-46fd-8f5c-72bc827f2ef5:20160407213830.819:1691</Value>
          <Value>schemaIDGUID:1691:1:55a73700-c891-46fd-8f5c-72bc827f2ef5:20160407213830.819:1691</Value>
          <Value>uSNChanged:1691:1:55a73700-c891-46fd-8f5c-72bc827f2ef5:20160407213830.819:1691</Value>
          <Value>uSNCreated:1691:1:55a73700-c891-46fd-8f5c-72bc827f2ef5:20160407213830.819:1691</Value>
          <Value>vmwAttributeUsage:1691:1:55a73700-c891-46fd-8f5c-72bc827f2ef5:20160407213830.819:1691</Value>
        </AttributeMetadata>
      </AttributeSchemaEntry>
      <AttributeSchemaEntry>
        <Name>helpData16</Name>
        <AttributeMetadata>
          <Value>attributeID:845:1:55a73700-c891-46fd-8f5c-72bc827f2ef5:20160407213829.364:845</Value>
          <Value>attributeSyntax:845:1:55a73700-c891-46fd-8f5c-72bc827f2ef5:20160407213829.364:845</Value>
          <Value>cn:845:1:55a73700-c891-46fd-8f5c-72bc827f2ef5:20160407213829.364:845</Value>
          <Value>createTimeStamp:845:1:55a73700-c891-46fd-8f5c-72bc827f2ef5:20160407213829.364:845</Value>
          <Value>entryDN:845:1:55a73700-c891-46fd-8f5c-72bc827f2ef5:20160407213829.364:845</Value>
          <Value>isSingleValued:845:1:55a73700-c891-46fd-8f5c-72bc827f2ef5:20160407213829.364:845</Value>
          <Value>lDAPDisplayName:845:1:55a73700-c891-46fd-8f5c-72bc827f2ef5:20160407213829.364:845</Value>
          <Value>modifyTimeStamp:845:1:55a73700-c891-46fd-8f5c-72bc827f2ef5:20160407213829.364:845</Value>
          <Value>objectClass:845:1:55a73700-c891-46fd-8f5c-72bc827f2ef5:20160407213829.364:845</Value>
          <Value>objectGUID:845:1:55a73700-c891-46fd-8f5c-72bc827f2ef5:20160407213829.364:845</Value>
          <Value>oMSyntax:845:1:55a73700-c891-46fd-8f5c-72bc827f2ef5:20160407213829.364:845</Value>
          <Value>schemaIDGUID:845:1:55a73700-c891-46fd-8f5c-72bc827f2ef5:20160407213829.364:845</Value>
          <Value>uSNChanged:845:1:55a73700-c891-46fd-8f5c-72bc827f2ef5:20160407213829.364:845</Value>
          <Value>uSNCreated:845:1:55a73700-c891-46fd-8f5c-72bc827f2ef5:20160407213829.364:845</Value>
          <Value>vmwAttributeUsage:845:1:55a73700-c891-46fd-8f5c-72bc827f2ef5:20160407213829.364:845</Value>
        </AttributeMetadata>
      </AttributeSchemaEntry>
      <AttributeSchemaEntry>
        <Name>helpData32</Name>
        <AttributeMetadata>
          <Value>attributeID:891:1:55a73700-c891-46fd-8f5c-72bc827f2ef5:20160407213829.450:891</Value>
          <Value>attributeSyntax:891:1:55a73700-c891-46fd-8f5c-72bc827f2ef5:20160407213829.450:891</Value>
          <Value>cn:891:1:55a73700-c891-46fd-8f5c-72bc827f2ef5:20160407213829.450:891</Value>
          <Value>createTimeStamp:891:1:55a73700-c891-46fd-8f5c-72bc827f2ef5:20160407213829.450:891</Value>
          <Value>entryDN:891:1:55a73700-c891-46fd-8f5c-72bc827f2ef5:20160407213829.450:891</Value>
          <Value>isSingleValued:891:1:55a73700-c891-46fd-8f5c-72bc827f2ef5:20160407213829.450:891</Value>
          <Value>lDAPDisplayName:891:1:55a73700-c891-46fd-8f5c-72bc827f2ef5:20160407213829.450:891</Value>
          <Value>modifyTimeStamp:891:1:55a73700-c891-46fd-8f5c-72bc827f2ef5:20160407213829.450:891</Value>
          <Value>objectClass:891:1:55a73700-c891-46fd-8f5c-72bc827f2ef5:20160407213829.450:891</Value>
          <Value>objectGUID:891:1:55a73700-c891-46fd-8f5c-72bc827f2ef5:20160407213829.450:891</Value>
          <Value>oMSyntax:891:1:55a73700-c891-46fd-8f5c-72bc827f2ef5:20160407213829.450:891</Value>
          <Value>schemaIDGUID:891:1:55a73700-c891-46fd-8f5c-72bc827f2ef5:20160407213829.450:891</Value>
          <Value>uSNChanged:891:1:55a73700-c891-46fd-8f5c-72bc827f2ef5:20160407213829.450:891</Value>
          <Value>uSNCreated:891:1:55a73700-c891-46fd-8f5c-72bc827f2ef5:20160407213829.450:891</Value>
          <Value>vmwAttributeUsage:891:1:55a73700-c891-46fd-8f5c-72bc827f2ef5:20160407213829.450:891</Value>
        </AttributeMetadata>
      </AttributeSchemaEntry>
      <AttributeSchemaEntry>
        <Name>helpFileName</Name>
        <AttributeMetadata>
          <Value>attributeID:1536:1:55a73700-c891-46fd-8f5c-72bc827f2ef5:20160407213830.556:1536</Value>
          <Value>attributeSyntax:1536:1:55a73700-c891-46fd-8f5c-72bc827f2ef5:20160407213830.556:1536</Value>
          <Value>cn:1536:1:55a73700-c891-46fd-8f5c-72bc827f2ef5:20160407213830.556:1536</Value>
          <Value>createTimeStamp:1536:1:55a73700-c891-46fd-8f5c-72bc827f2ef5:20160407213830.556:1536</Value>
          <Value>entryDN:1536:1:55a73700-c891-46fd-8f5c-72bc827f2ef5:20160407213830.556:1536</Value>
          <Value>isSingleValued:1536:1:55a73700-c891-46fd-8f5c-72bc827f2ef5:20160407213830.556:1536</Value>
          <Value>lDAPDisplayName:1536:1:55a73700-c891-46fd-8f5c-72bc827f2ef5:20160407213830.556:1536</Value>
          <Value>modifyTimeStamp:1536:1:55a73700-c891-46fd-8f5c-72bc827f2ef5:20160407213830.556:1536</Value>
          <Value>objectClass:1536:1:55a73700-c891-46fd-8f5c-72bc827f2ef5:20160407213830.556:1536</Value>
          <Value>objectGUID:1536:1:55a73700-c891-46fd-8f5c-72bc827f2ef5:20160407213830.556:1536</Value>
          <Value>oMSyntax:1536:1:55a73700-c891-46fd-8f5c-72bc827f2ef5:20160407213830.556:1536</Value>
          <Value>schemaIDGUID:1536:1:55a73700-c891-46fd-8f5c-72bc827f2ef5:20160407213830.556:1536</Value>
          <Value>uSNChanged:1536:1:55a73700-c891-46fd-8f5c-72bc827f2ef5:20160407213830.556:1536</Value>
          <Value>uSNCreated:1536:1:55a73700-c891-46fd-8f5c-72bc827f2ef5:20160407213830.556:1536</Value>
          <Value>vmwAttributeUsage:1536:1:55a73700-c891-46fd-8f5c-72bc827f2ef5:20160407213830.556:1536</Value>
        </AttributeMetadata>
      </AttributeSchemaEntry>
      <AttributeSchemaEntry>
        <Name>hideFromAB</Name>
        <AttributeMetadata>
          <Value>attributeID:1382:1:55a73700-c891-46fd-8f5c-72bc827f2ef5:20160407213830.298:1382</Value>
          <Value>attributeSyntax:1382:1:55a73700-c891-46fd-8f5c-72bc827f2ef5:20160407213830.298:1382</Value>
          <Value>cn:1382:1:55a73700-c891-46fd-8f5c-72bc827f2ef5:20160407213830.298:1382</Value>
          <Value>createTimeStamp:1382:1:55a73700-c891-46fd-8f5c-72bc827f2ef5:20160407213830.298:1382</Value>
          <Value>entryDN:1382:1:55a73700-c891-46fd-8f5c-72bc827f2ef5:20160407213830.298:1382</Value>
          <Value>isSingleValued:1382:1:55a73700-c891-46fd-8f5c-72bc827f2ef5:20160407213830.298:1382</Value>
          <Value>lDAPDisplayName:1382:1:55a73700-c891-46fd-8f5c-72bc827f2ef5:20160407213830.298:1382</Value>
          <Value>modifyTimeStamp:1382:1:55a73700-c891-46fd-8f5c-72bc827f2ef5:20160407213830.298:1382</Value>
          <Value>objectClass:1382:1:55a73700-c891-46fd-8f5c-72bc827f2ef5:20160407213830.298:1382</Value>
          <Value>objectGUID:1382:1:55a73700-c891-46fd-8f5c-72bc827f2ef5:20160407213830.298:1382</Value>
          <Value>oMSyntax:1382:1:55a73700-c891-46fd-8f5c-72bc827f2ef5:20160407213830.298:1382</Value>
          <Value>schemaIDGUID:1382:1:55a73700-c891-46fd-8f5c-72bc827f2ef5:20160407213830.298:1382</Value>
          <Value>uSNChanged:1382:1:55a73700-c891-46fd-8f5c-72bc827f2ef5:20160407213830.298:1382</Value>
          <Value>uSNCreated:1382:1:55a73700-c891-46fd-8f5c-72bc827f2ef5:20160407213830.298:1382</Value>
          <Value>vmwAttributeUsage:1382:1:55a73700-c891-46fd-8f5c-72bc827f2ef5:20160407213830.298:1382</Value>
        </AttributeMetadata>
      </AttributeSchemaEntry>
      <AttributeSchemaEntry>
        <Name>highestCommittedUSN</Name>
        <AttributeMetadata>
          <Value>attributeID:1392:1:55a73700-c891-46fd-8f5c-72bc827f2ef5:20160407213830.315:1392</Value>
          <Value>attributeSyntax:1392:1:55a73700-c891-46fd-8f5c-72bc827f2ef5:20160407213830.315:1392</Value>
          <Value>cn:1392:1:55a73700-c891-46fd-8f5c-72bc827f2ef5:20160407213830.315:1392</Value>
          <Value>createTimeStamp:1392:1:55a73700-c891-46fd-8f5c-72bc827f2ef5:20160407213830.315:1392</Value>
          <Value>description:1392:1:55a73700-c891-46fd-8f5c-72bc827f2ef5:20160407213830.315:1392</Value>
          <Value>entryDN:1392:1:55a73700-c891-46fd-8f5c-72bc827f2ef5:20160407213830.315:1392</Value>
          <Value>isSingleValued:1392:1:55a73700-c891-46fd-8f5c-72bc827f2ef5:20160407213830.315:1392</Value>
          <Value>lDAPDisplayName:1392:1:55a73700-c891-46fd-8f5c-72bc827f2ef5:20160407213830.315:1392</Value>
          <Value>modifyTimeStamp:1392:1:55a73700-c891-46fd-8f5c-72bc827f2ef5:20160407213830.315:1392</Value>
          <Value>objectClass:1392:1:55a73700-c891-46fd-8f5c-72bc827f2ef5:20160407213830.315:1392</Value>
          <Value>objectGUID:1392:1:55a73700-c891-46fd-8f5c-72bc827f2ef5:20160407213830.315:1392</Value>
          <Value>oMSyntax:1392:1:55a73700-c891-46fd-8f5c-72bc827f2ef5:20160407213830.315:1392</Value>
          <Value>schemaIDGUID:1392:1:55a73700-c891-46fd-8f5c-72bc827f2ef5:20160407213830.315:1392</Value>
          <Value>uSNChanged:1392:1:55a73700-c891-46fd-8f5c-72bc827f2ef5:20160407213830.315:1392</Value>
          <Value>uSNCreated:1392:1:55a73700-c891-46fd-8f5c-72bc827f2ef5:20160407213830.315:1392</Value>
          <Value>vmwAttributeUsage:1392:1:55a73700-c891-46fd-8f5c-72bc827f2ef5:20160407213830.315:1392</Value>
        </AttributeMetadata>
      </AttributeSchemaEntry>
      <AttributeSchemaEntry>
        <Name>homeDirectory</Name>
        <AttributeMetadata>
          <Value>attributeID:841:1:55a73700-c891-46fd-8f5c-72bc827f2ef5:20160407213829.360:841</Value>
          <Value>attributeSyntax:841:1:55a73700-c891-46fd-8f5c-72bc827f2ef5:20160407213829.360:841</Value>
          <Value>cn:841:1:55a73700-c891-46fd-8f5c-72bc827f2ef5:20160407213829.360:841</Value>
          <Value>createTimeStamp:841:1:55a73700-c891-46fd-8f5c-72bc827f2ef5:20160407213829.360:841</Value>
          <Value>entryDN:841:1:55a73700-c891-46fd-8f5c-72bc827f2ef5:20160407213829.360:841</Value>
          <Value>isSingleValued:841:1:55a73700-c891-46fd-8f5c-72bc827f2ef5:20160407213829.360:841</Value>
          <Value>lDAPDisplayName:841:1:55a73700-c891-46fd-8f5c-72bc827f2ef5:20160407213829.360:841</Value>
          <Value>modifyTimeStamp:841:1:55a73700-c891-46fd-8f5c-72bc827f2ef5:20160407213829.360:841</Value>
          <Value>objectClass:841:1:55a73700-c891-46fd-8f5c-72bc827f2ef5:20160407213829.360:841</Value>
          <Value>objectGUID:841:1:55a73700-c891-46fd-8f5c-72bc827f2ef5:20160407213829.360:841</Value>
          <Value>oMSyntax:841:1:55a73700-c891-46fd-8f5c-72bc827f2ef5:20160407213829.360:841</Value>
          <Value>schemaIDGUID:841:1:55a73700-c891-46fd-8f5c-72bc827f2ef5:20160407213829.360:841</Value>
          <Value>uSNChanged:841:1:55a73700-c891-46fd-8f5c-72bc827f2ef5:20160407213829.360:841</Value>
          <Value>uSNCreated:841:1:55a73700-c891-46fd-8f5c-72bc827f2ef5:20160407213829.360:841</Value>
          <Value>vmwAttributeUsage:841:1:55a73700-c891-46fd-8f5c-72bc827f2ef5:20160407213829.360:841</Value>
        </AttributeMetadata>
      </AttributeSchemaEntry>
      <AttributeSchemaEntry>
        <Name>homeDrive</Name>
        <AttributeMetadata>
          <Value>attributeID:269:1:55a73700-c891-46fd-8f5c-72bc827f2ef5:20160407213828.419:269</Value>
          <Value>attributeSyntax:269:1:55a73700-c891-46fd-8f5c-72bc827f2ef5:20160407213828.419:269</Value>
          <Value>cn:269:1:55a73700-c891-46fd-8f5c-72bc827f2ef5:20160407213828.419:269</Value>
          <Value>createTimeStamp:269:1:55a73700-c891-46fd-8f5c-72bc827f2ef5:20160407213828.419:269</Value>
          <Value>entryDN:269:1:55a73700-c891-46fd-8f5c-72bc827f2ef5:20160407213828.419:269</Value>
          <Value>isSingleValued:269:1:55a73700-c891-46fd-8f5c-72bc827f2ef5:20160407213828.419:269</Value>
          <Value>lDAPDisplayName:269:1:55a73700-c891-46fd-8f5c-72bc827f2ef5:20160407213828.419:269</Value>
          <Value>modifyTimeStamp:269:1:55a73700-c891-46fd-8f5c-72bc827f2ef5:20160407213828.419:269</Value>
          <Value>objectClass:269:1:55a73700-c891-46fd-8f5c-72bc827f2ef5:20160407213828.419:269</Value>
          <Value>objectGUID:269:1:55a73700-c891-46fd-8f5c-72bc827f2ef5:20160407213828.419:269</Value>
          <Value>oMSyntax:269:1:55a73700-c891-46fd-8f5c-72bc827f2ef5:20160407213828.419:269</Value>
          <Value>schemaIDGUID:269:1:55a73700-c891-46fd-8f5c-72bc827f2ef5:20160407213828.419:269</Value>
          <Value>uSNChanged:269:1:55a73700-c891-46fd-8f5c-72bc827f2ef5:20160407213828.419:269</Value>
          <Value>uSNCreated:269:1:55a73700-c891-46fd-8f5c-72bc827f2ef5:20160407213828.419:269</Value>
          <Value>vmwAttributeUsage:269:1:55a73700-c891-46fd-8f5c-72bc827f2ef5:20160407213828.419:269</Value>
        </AttributeMetadata>
      </AttributeSchemaEntry>
      <AttributeSchemaEntry>
        <Name>homePhone</Name>
        <AttributeMetadata>
          <Value>attributeID:1229:1:55a73700-c891-46fd-8f5c-72bc827f2ef5:20160407213830.041:1229</Value>
          <Value>attributeSyntax:1229:1:55a73700-c891-46fd-8f5c-72bc827f2ef5:20160407213830.041:1229</Value>
          <Value>cn:1229:1:55a73700-c891-46fd-8f5c-72bc827f2ef5:20160407213830.041:1229</Value>
          <Value>createTimeStamp:1229:1:55a73700-c891-46fd-8f5c-72bc827f2ef5:20160407213830.041:1229</Value>
          <Value>entryDN:1229:1:55a73700-c891-46fd-8f5c-72bc827f2ef5:20160407213830.041:1229</Value>
          <Value>isSingleValued:1229:1:55a73700-c891-46fd-8f5c-72bc827f2ef5:20160407213830.041:1229</Value>
          <Value>lDAPDisplayName:1229:1:55a73700-c891-46fd-8f5c-72bc827f2ef5:20160407213830.041:1229</Value>
          <Value>modifyTimeStamp:1229:1:55a73700-c891-46fd-8f5c-72bc827f2ef5:20160407213830.041:1229</Value>
          <Value>objectClass:1229:1:55a73700-c891-46fd-8f5c-72bc827f2ef5:20160407213830.041:1229</Value>
          <Value>objectGUID:1229:1:55a73700-c891-46fd-8f5c-72bc827f2ef5:20160407213830.041:1229</Value>
          <Value>oMSyntax:1229:1:55a73700-c891-46fd-8f5c-72bc827f2ef5:20160407213830.041:1229</Value>
          <Value>schemaIDGUID:1229:1:55a73700-c891-46fd-8f5c-72bc827f2ef5:20160407213830.041:1229</Value>
          <Value>uSNChanged:1229:1:55a73700-c891-46fd-8f5c-72bc827f2ef5:20160407213830.041:1229</Value>
          <Value>uSNCreated:1229:1:55a73700-c891-46fd-8f5c-72bc827f2ef5:20160407213830.041:1229</Value>
          <Value>vmwAttributeUsage:1229:1:55a73700-c891-46fd-8f5c-72bc827f2ef5:20160407213830.041:1229</Value>
        </AttributeMetadata>
      </AttributeSchemaEntry>
      <AttributeSchemaEntry>
        <Name>homePostalAddress</Name>
        <AttributeMetadata>
          <Value>attributeID:1409:1:55a73700-c891-46fd-8f5c-72bc827f2ef5:20160407213830.336:1409</Value>
          <Value>attributeSyntax:1409:1:55a73700-c891-46fd-8f5c-72bc827f2ef5:20160407213830.336:1409</Value>
          <Value>cn:1409:1:55a73700-c891-46fd-8f5c-72bc827f2ef5:20160407213830.336:1409</Value>
          <Value>createTimeStamp:1409:1:55a73700-c891-46fd-8f5c-72bc827f2ef5:20160407213830.336:1409</Value>
          <Value>entryDN:1409:1:55a73700-c891-46fd-8f5c-72bc827f2ef5:20160407213830.336:1409</Value>
          <Value>isSingleValued:1409:1:55a73700-c891-46fd-8f5c-72bc827f2ef5:20160407213830.336:1409</Value>
          <Value>lDAPDisplayName:1409:1:55a73700-c891-46fd-8f5c-72bc827f2ef5:20160407213830.336:1409</Value>
          <Value>modifyTimeStamp:1409:1:55a73700-c891-46fd-8f5c-72bc827f2ef5:20160407213830.336:1409</Value>
          <Value>objectClass:1409:1:55a73700-c891-46fd-8f5c-72bc827f2ef5:20160407213830.336:1409</Value>
          <Value>objectGUID:1409:1:55a73700-c891-46fd-8f5c-72bc827f2ef5:20160407213830.336:1409</Value>
          <Value>oMSyntax:1409:1:55a73700-c891-46fd-8f5c-72bc827f2ef5:20160407213830.336:1409</Value>
          <Value>schemaIDGUID:1409:1:55a73700-c891-46fd-8f5c-72bc827f2ef5:20160407213830.336:1409</Value>
          <Value>uSNChanged:1409:1:55a73700-c891-46fd-8f5c-72bc827f2ef5:20160407213830.336:1409</Value>
          <Value>uSNCreated:1409:1:55a73700-c891-46fd-8f5c-72bc827f2ef5:20160407213830.336:1409</Value>
          <Value>vmwAttributeUsage:1409:1:55a73700-c891-46fd-8f5c-72bc827f2ef5:20160407213830.336:1409</Value>
        </AttributeMetadata>
      </AttributeSchemaEntry>
      <AttributeSchemaEntry>
        <Name>host</Name>
        <AttributeMetadata>
          <Value>attributeID:1512:1:55a73700-c891-46fd-8f5c-72bc827f2ef5:20160407213830.509:1512</Value>
          <Value>attributeSyntax:1512:1:55a73700-c891-46fd-8f5c-72bc827f2ef5:20160407213830.509:1512</Value>
          <Value>cn:1512:1:55a73700-c891-46fd-8f5c-72bc827f2ef5:20160407213830.509:1512</Value>
          <Value>createTimeStamp:1512:1:55a73700-c891-46fd-8f5c-72bc827f2ef5:20160407213830.509:1512</Value>
          <Value>entryDN:1512:1:55a73700-c891-46fd-8f5c-72bc827f2ef5:20160407213830.509:1512</Value>
          <Value>isSingleValued:1512:1:55a73700-c891-46fd-8f5c-72bc827f2ef5:20160407213830.509:1512</Value>
          <Value>lDAPDisplayName:1512:1:55a73700-c891-46fd-8f5c-72bc827f2ef5:20160407213830.509:1512</Value>
          <Value>modifyTimeStamp:1512:1:55a73700-c891-46fd-8f5c-72bc827f2ef5:20160407213830.509:1512</Value>
          <Value>objectClass:1512:1:55a73700-c891-46fd-8f5c-72bc827f2ef5:20160407213830.509:1512</Value>
          <Value>objectGUID:1512:1:55a73700-c891-46fd-8f5c-72bc827f2ef5:20160407213830.509:1512</Value>
          <Value>oMSyntax:1512:1:55a73700-c891-46fd-8f5c-72bc827f2ef5:20160407213830.509:1512</Value>
          <Value>schemaIDGUID:1512:1:55a73700-c891-46fd-8f5c-72bc827f2ef5:20160407213830.509:1512</Value>
          <Value>uSNChanged:1512:1:55a73700-c891-46fd-8f5c-72bc827f2ef5:20160407213830.509:1512</Value>
          <Value>uSNCreated:1512:1:55a73700-c891-46fd-8f5c-72bc827f2ef5:20160407213830.509:1512</Value>
          <Value>vmwAttributeUsage:1512:1:55a73700-c891-46fd-8f5c-72bc827f2ef5:20160407213830.509:1512</Value>
        </AttributeMetadata>
      </AttributeSchemaEntry>
      <AttributeSchemaEntry>
        <Name>houseIdentifier</Name>
        <AttributeMetadata>
          <Value>attributeID:1515:1:55a73700-c891-46fd-8f5c-72bc827f2ef5:20160407213830.513:1515</Value>
          <Value>attributeSyntax:1515:1:55a73700-c891-46fd-8f5c-72bc827f2ef5:20160407213830.513:1515</Value>
          <Value>cn:1515:1:55a73700-c891-46fd-8f5c-72bc827f2ef5:20160407213830.513:1515</Value>
          <Value>createTimeStamp:1515:1:55a73700-c891-46fd-8f5c-72bc827f2ef5:20160407213830.513:1515</Value>
          <Value>entryDN:1515:1:55a73700-c891-46fd-8f5c-72bc827f2ef5:20160407213830.513:1515</Value>
          <Value>isSingleValued:1515:1:55a73700-c891-46fd-8f5c-72bc827f2ef5:20160407213830.513:1515</Value>
          <Value>lDAPDisplayName:1515:1:55a73700-c891-46fd-8f5c-72bc827f2ef5:20160407213830.513:1515</Value>
          <Value>modifyTimeStamp:1515:1:55a73700-c891-46fd-8f5c-72bc827f2ef5:20160407213830.513:1515</Value>
          <Value>objectClass:1515:1:55a73700-c891-46fd-8f5c-72bc827f2ef5:20160407213830.513:1515</Value>
          <Value>objectGUID:1515:1:55a73700-c891-46fd-8f5c-72bc827f2ef5:20160407213830.513:1515</Value>
          <Value>oMSyntax:1515:1:55a73700-c891-46fd-8f5c-72bc827f2ef5:20160407213830.513:1515</Value>
          <Value>schemaIDGUID:1515:1:55a73700-c891-46fd-8f5c-72bc827f2ef5:20160407213830.513:1515</Value>
          <Value>uSNChanged:1515:1:55a73700-c891-46fd-8f5c-72bc827f2ef5:20160407213830.513:1515</Value>
          <Value>uSNCreated:1515:1:55a73700-c891-46fd-8f5c-72bc827f2ef5:20160407213830.513:1515</Value>
          <Value>vmwAttributeUsage:1515:1:55a73700-c891-46fd-8f5c-72bc827f2ef5:20160407213830.513:1515</Value>
        </AttributeMetadata>
      </AttributeSchemaEntry>
      <AttributeSchemaEntry>
        <Name>iconPath</Name>
        <AttributeMetadata>
          <Value>attributeID:1588:1:55a73700-c891-46fd-8f5c-72bc827f2ef5:20160407213830.639:1588</Value>
          <Value>attributeSyntax:1588:1:55a73700-c891-46fd-8f5c-72bc827f2ef5:20160407213830.639:1588</Value>
          <Value>cn:1588:1:55a73700-c891-46fd-8f5c-72bc827f2ef5:20160407213830.639:1588</Value>
          <Value>createTimeStamp:1588:1:55a73700-c891-46fd-8f5c-72bc827f2ef5:20160407213830.639:1588</Value>
          <Value>entryDN:1588:1:55a73700-c891-46fd-8f5c-72bc827f2ef5:20160407213830.639:1588</Value>
          <Value>isSingleValued:1588:1:55a73700-c891-46fd-8f5c-72bc827f2ef5:20160407213830.639:1588</Value>
          <Value>lDAPDisplayName:1588:1:55a73700-c891-46fd-8f5c-72bc827f2ef5:20160407213830.639:1588</Value>
          <Value>modifyTimeStamp:1588:1:55a73700-c891-46fd-8f5c-72bc827f2ef5:20160407213830.639:1588</Value>
          <Value>objectClass:1588:1:55a73700-c891-46fd-8f5c-72bc827f2ef5:20160407213830.639:1588</Value>
          <Value>objectGUID:1588:1:55a73700-c891-46fd-8f5c-72bc827f2ef5:20160407213830.639:1588</Value>
          <Value>oMSyntax:1588:1:55a73700-c891-46fd-8f5c-72bc827f2ef5:20160407213830.639:1588</Value>
          <Value>schemaIDGUID:1588:1:55a73700-c891-46fd-8f5c-72bc827f2ef5:20160407213830.639:1588</Value>
          <Value>uSNChanged:1588:1:55a73700-c891-46fd-8f5c-72bc827f2ef5:20160407213830.639:1588</Value>
          <Value>uSNCreated:1588:1:55a73700-c891-46fd-8f5c-72bc827f2ef5:20160407213830.639:1588</Value>
          <Value>vmwAttributeUsage:1588:1:55a73700-c891-46fd-8f5c-72bc827f2ef5:20160407213830.639:1588</Value>
        </AttributeMetadata>
      </AttributeSchemaEntry>
      <AttributeSchemaEntry>
        <Name>implementedCategories</Name>
        <AttributeMetadata>
          <Value>attributeID:688:1:55a73700-c891-46fd-8f5c-72bc827f2ef5:20160407213829.098:688</Value>
          <Value>attributeSyntax:688:1:55a73700-c891-46fd-8f5c-72bc827f2ef5:20160407213829.098:688</Value>
          <Value>cn:688:1:55a73700-c891-46fd-8f5c-72bc827f2ef5:20160407213829.098:688</Value>
          <Value>createTimeStamp:688:1:55a73700-c891-46fd-8f5c-72bc827f2ef5:20160407213829.098:688</Value>
          <Value>entryDN:688:1:55a73700-c891-46fd-8f5c-72bc827f2ef5:20160407213829.098:688</Value>
          <Value>isSingleValued:688:1:55a73700-c891-46fd-8f5c-72bc827f2ef5:20160407213829.098:688</Value>
          <Value>lDAPDisplayName:688:1:55a73700-c891-46fd-8f5c-72bc827f2ef5:20160407213829.098:688</Value>
          <Value>modifyTimeStamp:688:1:55a73700-c891-46fd-8f5c-72bc827f2ef5:20160407213829.098:688</Value>
          <Value>objectClass:688:1:55a73700-c891-46fd-8f5c-72bc827f2ef5:20160407213829.098:688</Value>
          <Value>objectGUID:688:1:55a73700-c891-46fd-8f5c-72bc827f2ef5:20160407213829.098:688</Value>
          <Value>oMSyntax:688:1:55a73700-c891-46fd-8f5c-72bc827f2ef5:20160407213829.098:688</Value>
          <Value>schemaIDGUID:688:1:55a73700-c891-46fd-8f5c-72bc827f2ef5:20160407213829.098:688</Value>
          <Value>uSNChanged:688:1:55a73700-c891-46fd-8f5c-72bc827f2ef5:20160407213829.098:688</Value>
          <Value>uSNCreated:688:1:55a73700-c891-46fd-8f5c-72bc827f2ef5:20160407213829.098:688</Value>
          <Value>vmwAttributeUsage:688:1:55a73700-c891-46fd-8f5c-72bc827f2ef5:20160407213829.098:688</Value>
        </AttributeMetadata>
      </AttributeSchemaEntry>
      <AttributeSchemaEntry>
        <Name>indexedScopes</Name>
        <AttributeMetadata>
          <Value>attributeID:732:1:55a73700-c891-46fd-8f5c-72bc827f2ef5:20160407213829.177:732</Value>
          <Value>attributeSyntax:732:1:55a73700-c891-46fd-8f5c-72bc827f2ef5:20160407213829.177:732</Value>
          <Value>cn:732:1:55a73700-c891-46fd-8f5c-72bc827f2ef5:20160407213829.177:732</Value>
          <Value>createTimeStamp:732:1:55a73700-c891-46fd-8f5c-72bc827f2ef5:20160407213829.177:732</Value>
          <Value>entryDN:732:1:55a73700-c891-46fd-8f5c-72bc827f2ef5:20160407213829.177:732</Value>
          <Value>isSingleValued:732:1:55a73700-c891-46fd-8f5c-72bc827f2ef5:20160407213829.177:732</Value>
          <Value>lDAPDisplayName:732:1:55a73700-c891-46fd-8f5c-72bc827f2ef5:20160407213829.177:732</Value>
          <Value>modifyTimeStamp:732:1:55a73700-c891-46fd-8f5c-72bc827f2ef5:20160407213829.177:732</Value>
          <Value>objectClass:732:1:55a73700-c891-46fd-8f5c-72bc827f2ef5:20160407213829.177:732</Value>
          <Value>objectGUID:732:1:55a73700-c891-46fd-8f5c-72bc827f2ef5:20160407213829.177:732</Value>
          <Value>oMSyntax:732:1:55a73700-c891-46fd-8f5c-72bc827f2ef5:20160407213829.177:732</Value>
          <Value>schemaIDGUID:732:1:55a73700-c891-46fd-8f5c-72bc827f2ef5:20160407213829.177:732</Value>
          <Value>uSNChanged:732:1:55a73700-c891-46fd-8f5c-72bc827f2ef5:20160407213829.177:732</Value>
          <Value>uSNCreated:732:1:55a73700-c891-46fd-8f5c-72bc827f2ef5:20160407213829.177:732</Value>
          <Value>vmwAttributeUsage:732:1:55a73700-c891-46fd-8f5c-72bc827f2ef5:20160407213829.177:732</Value>
        </AttributeMetadata>
      </AttributeSchemaEntry>
      <AttributeSchemaEntry>
        <Name>info</Name>
        <AttributeMetadata>
          <Value>attributeID:1597:1:55a73700-c891-46fd-8f5c-72bc827f2ef5:20160407213830.654:1597</Value>
          <Value>attributeSyntax:1597:1:55a73700-c891-46fd-8f5c-72bc827f2ef5:20160407213830.654:1597</Value>
          <Value>cn:1597:1:55a73700-c891-46fd-8f5c-72bc827f2ef5:20160407213830.654:1597</Value>
          <Value>createTimeStamp:1597:1:55a73700-c891-46fd-8f5c-72bc827f2ef5:20160407213830.654:1597</Value>
          <Value>entryDN:1597:1:55a73700-c891-46fd-8f5c-72bc827f2ef5:20160407213830.654:1597</Value>
          <Value>isSingleValued:1597:1:55a73700-c891-46fd-8f5c-72bc827f2ef5:20160407213830.654:1597</Value>
          <Value>lDAPDisplayName:1597:1:55a73700-c891-46fd-8f5c-72bc827f2ef5:20160407213830.654:1597</Value>
          <Value>modifyTimeStamp:1597:1:55a73700-c891-46fd-8f5c-72bc827f2ef5:20160407213830.654:1597</Value>
          <Value>objectClass:1597:1:55a73700-c891-46fd-8f5c-72bc827f2ef5:20160407213830.654:1597</Value>
          <Value>objectGUID:1597:1:55a73700-c891-46fd-8f5c-72bc827f2ef5:20160407213830.654:1597</Value>
          <Value>oMSyntax:1597:1:55a73700-c891-46fd-8f5c-72bc827f2ef5:20160407213830.654:1597</Value>
          <Value>schemaIDGUID:1597:1:55a73700-c891-46fd-8f5c-72bc827f2ef5:20160407213830.654:1597</Value>
          <Value>uSNChanged:1597:1:55a73700-c891-46fd-8f5c-72bc827f2ef5:20160407213830.654:1597</Value>
          <Value>uSNCreated:1597:1:55a73700-c891-46fd-8f5c-72bc827f2ef5:20160407213830.654:1597</Value>
          <Value>vmwAttributeUsage:1597:1:55a73700-c891-46fd-8f5c-72bc827f2ef5:20160407213830.654:1597</Value>
        </AttributeMetadata>
      </AttributeSchemaEntry>
      <AttributeSchemaEntry>
        <Name>initialAuthIncoming</Name>
        <AttributeMetadata>
          <Value>attributeID:1265:1:55a73700-c891-46fd-8f5c-72bc827f2ef5:20160407213830.110:1265</Value>
          <Value>attributeSyntax:1265:1:55a73700-c891-46fd-8f5c-72bc827f2ef5:20160407213830.110:1265</Value>
          <Value>cn:1265:1:55a73700-c891-46fd-8f5c-72bc827f2ef5:20160407213830.110:1265</Value>
          <Value>createTimeStamp:1265:1:55a73700-c891-46fd-8f5c-72bc827f2ef5:20160407213830.110:1265</Value>
          <Value>entryDN:1265:1:55a73700-c891-46fd-8f5c-72bc827f2ef5:20160407213830.110:1265</Value>
          <Value>isSingleValued:1265:1:55a73700-c891-46fd-8f5c-72bc827f2ef5:20160407213830.110:1265</Value>
          <Value>lDAPDisplayName:1265:1:55a73700-c891-46fd-8f5c-72bc827f2ef5:20160407213830.110:1265</Value>
          <Value>modifyTimeStamp:1265:1:55a73700-c891-46fd-8f5c-72bc827f2ef5:20160407213830.110:1265</Value>
          <Value>objectClass:1265:1:55a73700-c891-46fd-8f5c-72bc827f2ef5:20160407213830.110:1265</Value>
          <Value>objectGUID:1265:1:55a73700-c891-46fd-8f5c-72bc827f2ef5:20160407213830.110:1265</Value>
          <Value>oMSyntax:1265:1:55a73700-c891-46fd-8f5c-72bc827f2ef5:20160407213830.110:1265</Value>
          <Value>schemaIDGUID:1265:1:55a73700-c891-46fd-8f5c-72bc827f2ef5:20160407213830.110:1265</Value>
          <Value>uSNChanged:1265:1:55a73700-c891-46fd-8f5c-72bc827f2ef5:20160407213830.110:1265</Value>
          <Value>uSNCreated:1265:1:55a73700-c891-46fd-8f5c-72bc827f2ef5:20160407213830.110:1265</Value>
          <Value>vmwAttributeUsage:1265:1:55a73700-c891-46fd-8f5c-72bc827f2ef5:20160407213830.110:1265</Value>
        </AttributeMetadata>
      </AttributeSchemaEntry>
      <AttributeSchemaEntry>
        <Name>initialAuthOutgoing</Name>
        <AttributeMetadata>
          <Value>attributeID:1419:1:55a73700-c891-46fd-8f5c-72bc827f2ef5:20160407213830.357:1419</Value>
          <Value>attributeSyntax:1419:1:55a73700-c891-46fd-8f5c-72bc827f2ef5:20160407213830.357:1419</Value>
          <Value>cn:1419:1:55a73700-c891-46fd-8f5c-72bc827f2ef5:20160407213830.357:1419</Value>
          <Value>createTimeStamp:1419:1:55a73700-c891-46fd-8f5c-72bc827f2ef5:20160407213830.357:1419</Value>
          <Value>entryDN:1419:1:55a73700-c891-46fd-8f5c-72bc827f2ef5:20160407213830.357:1419</Value>
          <Value>isSingleValued:1419:1:55a73700-c891-46fd-8f5c-72bc827f2ef5:20160407213830.357:1419</Value>
          <Value>lDAPDisplayName:1419:1:55a73700-c891-46fd-8f5c-72bc827f2ef5:20160407213830.357:1419</Value>
          <Value>modifyTimeStamp:1419:1:55a73700-c891-46fd-8f5c-72bc827f2ef5:20160407213830.357:1419</Value>
          <Value>objectClass:1419:1:55a73700-c891-46fd-8f5c-72bc827f2ef5:20160407213830.357:1419</Value>
          <Value>objectGUID:1419:1:55a73700-c891-46fd-8f5c-72bc827f2ef5:20160407213830.357:1419</Value>
          <Value>oMSyntax:1419:1:55a73700-c891-46fd-8f5c-72bc827f2ef5:20160407213830.357:1419</Value>
          <Value>schemaIDGUID:1419:1:55a73700-c891-46fd-8f5c-72bc827f2ef5:20160407213830.357:1419</Value>
          <Value>uSNChanged:1419:1:55a73700-c891-46fd-8f5c-72bc827f2ef5:20160407213830.357:1419</Value>
          <Value>uSNCreated:1419:1:55a73700-c891-46fd-8f5c-72bc827f2ef5:20160407213830.357:1419</Value>
          <Value>vmwAttributeUsage:1419:1:55a73700-c891-46fd-8f5c-72bc827f2ef5:20160407213830.357:1419</Value>
        </AttributeMetadata>
      </AttributeSchemaEntry>
      <AttributeSchemaEntry>
        <Name>initials</Name>
        <AttributeMetadata>
          <Value>attributeID:328:1:55a73700-c891-46fd-8f5c-72bc827f2ef5:20160407213828.506:328</Value>
          <Value>attributeSyntax:328:1:55a73700-c891-46fd-8f5c-72bc827f2ef5:20160407213828.506:328</Value>
          <Value>cn:328:1:55a73700-c891-46fd-8f5c-72bc827f2ef5:20160407213828.506:328</Value>
          <Value>createTimeStamp:328:1:55a73700-c891-46fd-8f5c-72bc827f2ef5:20160407213828.506:328</Value>
          <Value>entryDN:328:1:55a73700-c891-46fd-8f5c-72bc827f2ef5:20160407213828.506:328</Value>
          <Value>isSingleValued:328:1:55a73700-c891-46fd-8f5c-72bc827f2ef5:20160407213828.506:328</Value>
          <Value>lDAPDisplayName:328:1:55a73700-c891-46fd-8f5c-72bc827f2ef5:20160407213828.506:328</Value>
          <Value>modifyTimeStamp:328:1:55a73700-c891-46fd-8f5c-72bc827f2ef5:20160407213828.506:328</Value>
          <Value>objectClass:328:1:55a73700-c891-46fd-8f5c-72bc827f2ef5:20160407213828.506:328</Value>
          <Value>objectGUID:328:1:55a73700-c891-46fd-8f5c-72bc827f2ef5:20160407213828.506:328</Value>
          <Value>oMSyntax:328:1:55a73700-c891-46fd-8f5c-72bc827f2ef5:20160407213828.506:328</Value>
          <Value>schemaIDGUID:328:1:55a73700-c891-46fd-8f5c-72bc827f2ef5:20160407213828.506:328</Value>
          <Value>uSNChanged:328:1:55a73700-c891-46fd-8f5c-72bc827f2ef5:20160407213828.506:328</Value>
          <Value>uSNCreated:328:1:55a73700-c891-46fd-8f5c-72bc827f2ef5:20160407213828.506:328</Value>
          <Value>vmwAttributeUsage:328:1:55a73700-c891-46fd-8f5c-72bc827f2ef5:20160407213828.506:328</Value>
        </AttributeMetadata>
      </AttributeSchemaEntry>
      <AttributeSchemaEntry>
        <Name>installUiLevel</Name>
        <AttributeMetadata>
          <Value>attributeID:774:1:55a73700-c891-46fd-8f5c-72bc827f2ef5:20160407213829.244:774</Value>
          <Value>attributeSyntax:774:1:55a73700-c891-46fd-8f5c-72bc827f2ef5:20160407213829.244:774</Value>
          <Value>cn:774:1:55a73700-c891-46fd-8f5c-72bc827f2ef5:20160407213829.244:774</Value>
          <Value>createTimeStamp:774:1:55a73700-c891-46fd-8f5c-72bc827f2ef5:20160407213829.244:774</Value>
          <Value>entryDN:774:1:55a73700-c891-46fd-8f5c-72bc827f2ef5:20160407213829.244:774</Value>
          <Value>isSingleValued:774:1:55a73700-c891-46fd-8f5c-72bc827f2ef5:20160407213829.244:774</Value>
          <Value>lDAPDisplayName:774:1:55a73700-c891-46fd-8f5c-72bc827f2ef5:20160407213829.244:774</Value>
          <Value>modifyTimeStamp:774:1:55a73700-c891-46fd-8f5c-72bc827f2ef5:20160407213829.244:774</Value>
          <Value>objectClass:774:1:55a73700-c891-46fd-8f5c-72bc827f2ef5:20160407213829.244:774</Value>
          <Value>objectGUID:774:1:55a73700-c891-46fd-8f5c-72bc827f2ef5:20160407213829.244:774</Value>
          <Value>oMSyntax:774:1:55a73700-c891-46fd-8f5c-72bc827f2ef5:20160407213829.244:774</Value>
          <Value>schemaIDGUID:774:1:55a73700-c891-46fd-8f5c-72bc827f2ef5:20160407213829.244:774</Value>
          <Value>uSNChanged:774:1:55a73700-c891-46fd-8f5c-72bc827f2ef5:20160407213829.244:774</Value>
          <Value>uSNCreated:774:1:55a73700-c891-46fd-8f5c-72bc827f2ef5:20160407213829.244:774</Value>
          <Value>vmwAttributeUsage:774:1:55a73700-c891-46fd-8f5c-72bc827f2ef5:20160407213829.244:774</Value>
        </AttributeMetadata>
      </AttributeSchemaEntry>
      <AttributeSchemaEntry>
        <Name>instanceType</Name>
        <AttributeMetadata>
          <Value>attributeID:247:1:55a73700-c891-46fd-8f5c-72bc827f2ef5:20160407213828.389:247</Value>
          <Value>attributeSyntax:247:1:55a73700-c891-46fd-8f5c-72bc827f2ef5:20160407213828.389:247</Value>
          <Value>cn:247:1:55a73700-c891-46fd-8f5c-72bc827f2ef5:20160407213828.389:247</Value>
          <Value>createTimeStamp:247:1:55a73700-c891-46fd-8f5c-72bc827f2ef5:20160407213828.389:247</Value>
          <Value>entryDN:247:1:55a73700-c891-46fd-8f5c-72bc827f2ef5:20160407213828.389:247</Value>
          <Value>isSingleValued:247:1:55a73700-c891-46fd-8f5c-72bc827f2ef5:20160407213828.389:247</Value>
          <Value>lDAPDisplayName:247:1:55a73700-c891-46fd-8f5c-72bc827f2ef5:20160407213828.389:247</Value>
          <Value>modifyTimeStamp:247:1:55a73700-c891-46fd-8f5c-72bc827f2ef5:20160407213828.389:247</Value>
          <Value>objectClass:247:1:55a73700-c891-46fd-8f5c-72bc827f2ef5:20160407213828.389:247</Value>
          <Value>objectGUID:247:1:55a73700-c891-46fd-8f5c-72bc827f2ef5:20160407213828.389:247</Value>
          <Value>oMSyntax:247:1:55a73700-c891-46fd-8f5c-72bc827f2ef5:20160407213828.389:247</Value>
          <Value>schemaIDGUID:247:1:55a73700-c891-46fd-8f5c-72bc827f2ef5:20160407213828.389:247</Value>
          <Value>uSNChanged:247:1:55a73700-c891-46fd-8f5c-72bc827f2ef5:20160407213828.389:247</Value>
          <Value>uSNCreated:247:1:55a73700-c891-46fd-8f5c-72bc827f2ef5:20160407213828.389:247</Value>
          <Value>vmwAttributeUsage:247:1:55a73700-c891-46fd-8f5c-72bc827f2ef5:20160407213828.389:247</Value>
        </AttributeMetadata>
      </AttributeSchemaEntry>
      <AttributeSchemaEntry>
        <Name>internationalISDNNumber</Name>
        <AttributeMetadata>
          <Value>attributeID:1556:1:55a73700-c891-46fd-8f5c-72bc827f2ef5:20160407213830.588:1556</Value>
          <Value>attributeSyntax:1556:1:55a73700-c891-46fd-8f5c-72bc827f2ef5:20160407213830.588:1556</Value>
          <Value>cn:1556:1:55a73700-c891-46fd-8f5c-72bc827f2ef5:20160407213830.588:1556</Value>
          <Value>createTimeStamp:1556:1:55a73700-c891-46fd-8f5c-72bc827f2ef5:20160407213830.588:1556</Value>
          <Value>entryDN:1556:1:55a73700-c891-46fd-8f5c-72bc827f2ef5:20160407213830.588:1556</Value>
          <Value>isSingleValued:1556:1:55a73700-c891-46fd-8f5c-72bc827f2ef5:20160407213830.588:1556</Value>
          <Value>lDAPDisplayName:1556:1:55a73700-c891-46fd-8f5c-72bc827f2ef5:20160407213830.588:1556</Value>
          <Value>modifyTimeStamp:1556:1:55a73700-c891-46fd-8f5c-72bc827f2ef5:20160407213830.588:1556</Value>
          <Value>objectClass:1556:1:55a73700-c891-46fd-8f5c-72bc827f2ef5:20160407213830.588:1556</Value>
          <Value>objectGUID:1556:1:55a73700-c891-46fd-8f5c-72bc827f2ef5:20160407213830.588:1556</Value>
          <Value>oMSyntax:1556:1:55a73700-c891-46fd-8f5c-72bc827f2ef5:20160407213830.588:1556</Value>
          <Value>schemaIDGUID:1556:1:55a73700-c891-46fd-8f5c-72bc827f2ef5:20160407213830.588:1556</Value>
          <Value>uSNChanged:1556:1:55a73700-c891-46fd-8f5c-72bc827f2ef5:20160407213830.588:1556</Value>
          <Value>uSNCreated:1556:1:55a73700-c891-46fd-8f5c-72bc827f2ef5:20160407213830.588:1556</Value>
          <Value>vmwAttributeUsage:1556:1:55a73700-c891-46fd-8f5c-72bc827f2ef5:20160407213830.588:1556</Value>
        </AttributeMetadata>
      </AttributeSchemaEntry>
      <AttributeSchemaEntry>
        <Name>interSiteTopologyFailover</Name>
        <AttributeMetadata>
          <Value>attributeID:669:1:55a73700-c891-46fd-8f5c-72bc827f2ef5:20160407213829.066:669</Value>
          <Value>attributeSyntax:669:1:55a73700-c891-46fd-8f5c-72bc827f2ef5:20160407213829.066:669</Value>
          <Value>cn:669:1:55a73700-c891-46fd-8f5c-72bc827f2ef5:20160407213829.066:669</Value>
          <Value>createTimeStamp:669:1:55a73700-c891-46fd-8f5c-72bc827f2ef5:20160407213829.066:669</Value>
          <Value>entryDN:669:1:55a73700-c891-46fd-8f5c-72bc827f2ef5:20160407213829.066:669</Value>
          <Value>isSingleValued:669:1:55a73700-c891-46fd-8f5c-72bc827f2ef5:20160407213829.066:669</Value>
          <Value>lDAPDisplayName:669:1:55a73700-c891-46fd-8f5c-72bc827f2ef5:20160407213829.066:669</Value>
          <Value>modifyTimeStamp:669:1:55a73700-c891-46fd-8f5c-72bc827f2ef5:20160407213829.066:669</Value>
          <Value>objectClass:669:1:55a73700-c891-46fd-8f5c-72bc827f2ef5:20160407213829.066:669</Value>
          <Value>objectGUID:669:1:55a73700-c891-46fd-8f5c-72bc827f2ef5:20160407213829.066:669</Value>
          <Value>oMSyntax:669:1:55a73700-c891-46fd-8f5c-72bc827f2ef5:20160407213829.066:669</Value>
          <Value>schemaIDGUID:669:1:55a73700-c891-46fd-8f5c-72bc827f2ef5:20160407213829.066:669</Value>
          <Value>uSNChanged:669:1:55a73700-c891-46fd-8f5c-72bc827f2ef5:20160407213829.066:669</Value>
          <Value>uSNCreated:669:1:55a73700-c891-46fd-8f5c-72bc827f2ef5:20160407213829.066:669</Value>
          <Value>vmwAttributeUsage:669:1:55a73700-c891-46fd-8f5c-72bc827f2ef5:20160407213829.066:669</Value>
        </AttributeMetadata>
      </AttributeSchemaEntry>
      <AttributeSchemaEntry>
        <Name>interSiteTopologyGenerator</Name>
        <AttributeMetadata>
          <Value>attributeID:884:1:55a73700-c891-46fd-8f5c-72bc827f2ef5:20160407213829.442:884</Value>
          <Value>attributeSyntax:884:1:55a73700-c891-46fd-8f5c-72bc827f2ef5:20160407213829.442:884</Value>
          <Value>cn:884:1:55a73700-c891-46fd-8f5c-72bc827f2ef5:20160407213829.442:884</Value>
          <Value>createTimeStamp:884:1:55a73700-c891-46fd-8f5c-72bc827f2ef5:20160407213829.442:884</Value>
          <Value>entryDN:884:1:55a73700-c891-46fd-8f5c-72bc827f2ef5:20160407213829.442:884</Value>
          <Value>isSingleValued:884:1:55a73700-c891-46fd-8f5c-72bc827f2ef5:20160407213829.442:884</Value>
          <Value>lDAPDisplayName:884:1:55a73700-c891-46fd-8f5c-72bc827f2ef5:20160407213829.442:884</Value>
          <Value>modifyTimeStamp:884:1:55a73700-c891-46fd-8f5c-72bc827f2ef5:20160407213829.442:884</Value>
          <Value>objectClass:884:1:55a73700-c891-46fd-8f5c-72bc827f2ef5:20160407213829.442:884</Value>
          <Value>objectGUID:884:1:55a73700-c891-46fd-8f5c-72bc827f2ef5:20160407213829.442:884</Value>
          <Value>oMSyntax:884:1:55a73700-c891-46fd-8f5c-72bc827f2ef5:20160407213829.442:884</Value>
          <Value>schemaIDGUID:884:1:55a73700-c891-46fd-8f5c-72bc827f2ef5:20160407213829.442:884</Value>
          <Value>uSNChanged:884:1:55a73700-c891-46fd-8f5c-72bc827f2ef5:20160407213829.442:884</Value>
          <Value>uSNCreated:884:1:55a73700-c891-46fd-8f5c-72bc827f2ef5:20160407213829.442:884</Value>
          <Value>vmwAttributeUsage:884:1:55a73700-c891-46fd-8f5c-72bc827f2ef5:20160407213829.442:884</Value>
        </AttributeMetadata>
      </AttributeSchemaEntry>
      <AttributeSchemaEntry>
        <Name>interSiteTopologyRenew</Name>
        <AttributeMetadata>
          <Value>attributeID:340:1:55a73700-c891-46fd-8f5c-72bc827f2ef5:20160407213828.530:340</Value>
          <Value>attributeSyntax:340:1:55a73700-c891-46fd-8f5c-72bc827f2ef5:20160407213828.530:340</Value>
          <Value>cn:340:1:55a73700-c891-46fd-8f5c-72bc827f2ef5:20160407213828.530:340</Value>
          <Value>createTimeStamp:340:1:55a73700-c891-46fd-8f5c-72bc827f2ef5:20160407213828.530:340</Value>
          <Value>entryDN:340:1:55a73700-c891-46fd-8f5c-72bc827f2ef5:20160407213828.530:340</Value>
          <Value>isSingleValued:340:1:55a73700-c891-46fd-8f5c-72bc827f2ef5:20160407213828.530:340</Value>
          <Value>lDAPDisplayName:340:1:55a73700-c891-46fd-8f5c-72bc827f2ef5:20160407213828.530:340</Value>
          <Value>modifyTimeStamp:340:1:55a73700-c891-46fd-8f5c-72bc827f2ef5:20160407213828.530:340</Value>
          <Value>objectClass:340:1:55a73700-c891-46fd-8f5c-72bc827f2ef5:20160407213828.530:340</Value>
          <Value>objectGUID:340:1:55a73700-c891-46fd-8f5c-72bc827f2ef5:20160407213828.530:340</Value>
          <Value>oMSyntax:340:1:55a73700-c891-46fd-8f5c-72bc827f2ef5:20160407213828.530:340</Value>
          <Value>schemaIDGUID:340:1:55a73700-c891-46fd-8f5c-72bc827f2ef5:20160407213828.530:340</Value>
          <Value>uSNChanged:340:1:55a73700-c891-46fd-8f5c-72bc827f2ef5:20160407213828.530:340</Value>
          <Value>uSNCreated:340:1:55a73700-c891-46fd-8f5c-72bc827f2ef5:20160407213828.530:340</Value>
          <Value>vmwAttributeUsage:340:1:55a73700-c891-46fd-8f5c-72bc827f2ef5:20160407213828.530:340</Value>
        </AttributeMetadata>
      </AttributeSchemaEntry>
      <AttributeSchemaEntry>
        <Name>invocationId</Name>
        <AttributeMetadata>
          <Value>attributeID:225:1:55a73700-c891-46fd-8f5c-72bc827f2ef5:20160407213828.357:225</Value>
          <Value>attributeSyntax:225:1:55a73700-c891-46fd-8f5c-72bc827f2ef5:20160407213828.357:225</Value>
          <Value>cn:225:1:55a73700-c891-46fd-8f5c-72bc827f2ef5:20160407213828.357:225</Value>
          <Value>createTimeStamp:225:1:55a73700-c891-46fd-8f5c-72bc827f2ef5:20160407213828.357:225</Value>
          <Value>entryDN:225:1:55a73700-c891-46fd-8f5c-72bc827f2ef5:20160407213828.357:225</Value>
          <Value>isSingleValued:225:1:55a73700-c891-46fd-8f5c-72bc827f2ef5:20160407213828.357:225</Value>
          <Value>lDAPDisplayName:225:1:55a73700-c891-46fd-8f5c-72bc827f2ef5:20160407213828.357:225</Value>
          <Value>modifyTimeStamp:225:1:55a73700-c891-46fd-8f5c-72bc827f2ef5:20160407213828.357:225</Value>
          <Value>objectClass:225:1:55a73700-c891-46fd-8f5c-72bc827f2ef5:20160407213828.357:225</Value>
          <Value>objectGUID:225:1:55a73700-c891-46fd-8f5c-72bc827f2ef5:20160407213828.357:225</Value>
          <Value>oMSyntax:225:1:55a73700-c891-46fd-8f5c-72bc827f2ef5:20160407213828.357:225</Value>
          <Value>schemaIDGUID:225:1:55a73700-c891-46fd-8f5c-72bc827f2ef5:20160407213828.357:225</Value>
          <Value>uSNChanged:225:1:55a73700-c891-46fd-8f5c-72bc827f2ef5:20160407213828.357:225</Value>
          <Value>uSNCreated:225:1:55a73700-c891-46fd-8f5c-72bc827f2ef5:20160407213828.357:225</Value>
          <Value>vmwAttributeUsage:225:1:55a73700-c891-46fd-8f5c-72bc827f2ef5:20160407213828.357:225</Value>
        </AttributeMetadata>
      </AttributeSchemaEntry>
      <AttributeSchemaEntry>
        <Name>ipHostNumber</Name>
        <AttributeMetadata>
          <Value>attributeID:1141:1:55a73700-c891-46fd-8f5c-72bc827f2ef5:20160407213829.890:1141</Value>
          <Value>attributeSyntax:1141:1:55a73700-c891-46fd-8f5c-72bc827f2ef5:20160407213829.890:1141</Value>
          <Value>cn:1141:1:55a73700-c891-46fd-8f5c-72bc827f2ef5:20160407213829.890:1141</Value>
          <Value>createTimeStamp:1141:1:55a73700-c891-46fd-8f5c-72bc827f2ef5:20160407213829.890:1141</Value>
          <Value>entryDN:1141:1:55a73700-c891-46fd-8f5c-72bc827f2ef5:20160407213829.890:1141</Value>
          <Value>isSingleValued:1141:1:55a73700-c891-46fd-8f5c-72bc827f2ef5:20160407213829.890:1141</Value>
          <Value>lDAPDisplayName:1141:1:55a73700-c891-46fd-8f5c-72bc827f2ef5:20160407213829.890:1141</Value>
          <Value>modifyTimeStamp:1141:1:55a73700-c891-46fd-8f5c-72bc827f2ef5:20160407213829.890:1141</Value>
          <Value>objectClass:1141:1:55a73700-c891-46fd-8f5c-72bc827f2ef5:20160407213829.890:1141</Value>
          <Value>objectGUID:1141:1:55a73700-c891-46fd-8f5c-72bc827f2ef5:20160407213829.890:1141</Value>
          <Value>oMSyntax:1141:1:55a73700-c891-46fd-8f5c-72bc827f2ef5:20160407213829.890:1141</Value>
          <Value>schemaIDGUID:1141:1:55a73700-c891-46fd-8f5c-72bc827f2ef5:20160407213829.890:1141</Value>
          <Value>uSNChanged:1141:1:55a73700-c891-46fd-8f5c-72bc827f2ef5:20160407213829.890:1141</Value>
          <Value>uSNCreated:1141:1:55a73700-c891-46fd-8f5c-72bc827f2ef5:20160407213829.890:1141</Value>
          <Value>vmwAttributeUsage:1141:1:55a73700-c891-46fd-8f5c-72bc827f2ef5:20160407213829.890:1141</Value>
        </AttributeMetadata>
      </AttributeSchemaEntry>
      <AttributeSchemaEntry>
        <Name>ipNetmaskNumber</Name>
        <AttributeMetadata>
          <Value>attributeID:1094:1:55a73700-c891-46fd-8f5c-72bc827f2ef5:20160407213829.804:1094</Value>
          <Value>attributeSyntax:1094:1:55a73700-c891-46fd-8f5c-72bc827f2ef5:20160407213829.804:1094</Value>
          <Value>cn:1094:1:55a73700-c891-46fd-8f5c-72bc827f2ef5:20160407213829.804:1094</Value>
          <Value>createTimeStamp:1094:1:55a73700-c891-46fd-8f5c-72bc827f2ef5:20160407213829.804:1094</Value>
          <Value>entryDN:1094:1:55a73700-c891-46fd-8f5c-72bc827f2ef5:20160407213829.804:1094</Value>
          <Value>isSingleValued:1094:1:55a73700-c891-46fd-8f5c-72bc827f2ef5:20160407213829.804:1094</Value>
          <Value>lDAPDisplayName:1094:1:55a73700-c891-46fd-8f5c-72bc827f2ef5:20160407213829.804:1094</Value>
          <Value>modifyTimeStamp:1094:1:55a73700-c891-46fd-8f5c-72bc827f2ef5:20160407213829.804:1094</Value>
          <Value>objectClass:1094:1:55a73700-c891-46fd-8f5c-72bc827f2ef5:20160407213829.804:1094</Value>
          <Value>objectGUID:1094:1:55a73700-c891-46fd-8f5c-72bc827f2ef5:20160407213829.804:1094</Value>
          <Value>oMSyntax:1094:1:55a73700-c891-46fd-8f5c-72bc827f2ef5:20160407213829.804:1094</Value>
          <Value>schemaIDGUID:1094:1:55a73700-c891-46fd-8f5c-72bc827f2ef5:20160407213829.804:1094</Value>
          <Value>uSNChanged:1094:1:55a73700-c891-46fd-8f5c-72bc827f2ef5:20160407213829.804:1094</Value>
          <Value>uSNCreated:1094:1:55a73700-c891-46fd-8f5c-72bc827f2ef5:20160407213829.804:1094</Value>
          <Value>vmwAttributeUsage:1094:1:55a73700-c891-46fd-8f5c-72bc827f2ef5:20160407213829.804:1094</Value>
        </AttributeMetadata>
      </AttributeSchemaEntry>
      <AttributeSchemaEntry>
        <Name>ipNetworkNumber</Name>
        <AttributeMetadata>
          <Value>attributeID:700:1:55a73700-c891-46fd-8f5c-72bc827f2ef5:20160407213829.122:700</Value>
          <Value>attributeSyntax:700:1:55a73700-c891-46fd-8f5c-72bc827f2ef5:20160407213829.122:700</Value>
          <Value>cn:700:1:55a73700-c891-46fd-8f5c-72bc827f2ef5:20160407213829.122:700</Value>
          <Value>createTimeStamp:700:1:55a73700-c891-46fd-8f5c-72bc827f2ef5:20160407213829.122:700</Value>
          <Value>entryDN:700:1:55a73700-c891-46fd-8f5c-72bc827f2ef5:20160407213829.122:700</Value>
          <Value>isSingleValued:700:1:55a73700-c891-46fd-8f5c-72bc827f2ef5:20160407213829.122:700</Value>
          <Value>lDAPDisplayName:700:1:55a73700-c891-46fd-8f5c-72bc827f2ef5:20160407213829.122:700</Value>
          <Value>modifyTimeStamp:700:1:55a73700-c891-46fd-8f5c-72bc827f2ef5:20160407213829.122:700</Value>
          <Value>objectClass:700:1:55a73700-c891-46fd-8f5c-72bc827f2ef5:20160407213829.122:700</Value>
          <Value>objectGUID:700:1:55a73700-c891-46fd-8f5c-72bc827f2ef5:20160407213829.122:700</Value>
          <Value>oMSyntax:700:1:55a73700-c891-46fd-8f5c-72bc827f2ef5:20160407213829.122:700</Value>
          <Value>schemaIDGUID:700:1:55a73700-c891-46fd-8f5c-72bc827f2ef5:20160407213829.122:700</Value>
          <Value>uSNChanged:700:1:55a73700-c891-46fd-8f5c-72bc827f2ef5:20160407213829.122:700</Value>
          <Value>uSNCreated:700:1:55a73700-c891-46fd-8f5c-72bc827f2ef5:20160407213829.122:700</Value>
          <Value>vmwAttributeUsage:700:1:55a73700-c891-46fd-8f5c-72bc827f2ef5:20160407213829.122:700</Value>
        </AttributeMetadata>
      </AttributeSchemaEntry>
      <AttributeSchemaEntry>
        <Name>ipPhone</Name>
        <AttributeMetadata>
          <Value>attributeID:207:1:55a73700-c891-46fd-8f5c-72bc827f2ef5:20160407213828.329:207</Value>
          <Value>attributeSyntax:207:1:55a73700-c891-46fd-8f5c-72bc827f2ef5:20160407213828.329:207</Value>
          <Value>cn:207:1:55a73700-c891-46fd-8f5c-72bc827f2ef5:20160407213828.329:207</Value>
          <Value>createTimeStamp:207:1:55a73700-c891-46fd-8f5c-72bc827f2ef5:20160407213828.329:207</Value>
          <Value>entryDN:207:1:55a73700-c891-46fd-8f5c-72bc827f2ef5:20160407213828.329:207</Value>
          <Value>isSingleValued:207:1:55a73700-c891-46fd-8f5c-72bc827f2ef5:20160407213828.329:207</Value>
          <Value>lDAPDisplayName:207:1:55a73700-c891-46fd-8f5c-72bc827f2ef5:20160407213828.329:207</Value>
          <Value>modifyTimeStamp:207:1:55a73700-c891-46fd-8f5c-72bc827f2ef5:20160407213828.329:207</Value>
          <Value>objectClass:207:1:55a73700-c891-46fd-8f5c-72bc827f2ef5:20160407213828.329:207</Value>
          <Value>objectGUID:207:1:55a73700-c891-46fd-8f5c-72bc827f2ef5:20160407213828.329:207</Value>
          <Value>oMSyntax:207:1:55a73700-c891-46fd-8f5c-72bc827f2ef5:20160407213828.329:207</Value>
          <Value>schemaIDGUID:207:1:55a73700-c891-46fd-8f5c-72bc827f2ef5:20160407213828.329:207</Value>
          <Value>uSNChanged:207:1:55a73700-c891-46fd-8f5c-72bc827f2ef5:20160407213828.329:207</Value>
          <Value>uSNCreated:207:1:55a73700-c891-46fd-8f5c-72bc827f2ef5:20160407213828.329:207</Value>
          <Value>vmwAttributeUsage:207:1:55a73700-c891-46fd-8f5c-72bc827f2ef5:20160407213828.329:207</Value>
        </AttributeMetadata>
      </AttributeSchemaEntry>
      <AttributeSchemaEntry>
        <Name>ipProtocolNumber</Name>
        <AttributeMetadata>
          <Value>attributeID:1537:1:55a73700-c891-46fd-8f5c-72bc827f2ef5:20160407213830.557:1537</Value>
          <Value>attributeSyntax:1537:1:55a73700-c891-46fd-8f5c-72bc827f2ef5:20160407213830.557:1537</Value>
          <Value>cn:1537:1:55a73700-c891-46fd-8f5c-72bc827f2ef5:20160407213830.557:1537</Value>
          <Value>createTimeStamp:1537:1:55a73700-c891-46fd-8f5c-72bc827f2ef5:20160407213830.557:1537</Value>
          <Value>entryDN:1537:1:55a73700-c891-46fd-8f5c-72bc827f2ef5:20160407213830.557:1537</Value>
          <Value>isSingleValued:1537:1:55a73700-c891-46fd-8f5c-72bc827f2ef5:20160407213830.557:1537</Value>
          <Value>lDAPDisplayName:1537:1:55a73700-c891-46fd-8f5c-72bc827f2ef5:20160407213830.557:1537</Value>
          <Value>modifyTimeStamp:1537:1:55a73700-c891-46fd-8f5c-72bc827f2ef5:20160407213830.557:1537</Value>
          <Value>objectClass:1537:1:55a73700-c891-46fd-8f5c-72bc827f2ef5:20160407213830.557:1537</Value>
          <Value>objectGUID:1537:1:55a73700-c891-46fd-8f5c-72bc827f2ef5:20160407213830.557:1537</Value>
          <Value>oMSyntax:1537:1:55a73700-c891-46fd-8f5c-72bc827f2ef5:20160407213830.557:1537</Value>
          <Value>schemaIDGUID:1537:1:55a73700-c891-46fd-8f5c-72bc827f2ef5:20160407213830.557:1537</Value>
          <Value>uSNChanged:1537:1:55a73700-c891-46fd-8f5c-72bc827f2ef5:20160407213830.557:1537</Value>
          <Value>uSNCreated:1537:1:55a73700-c891-46fd-8f5c-72bc827f2ef5:20160407213830.557:1537</Value>
          <Value>vmwAttributeUsage:1537:1:55a73700-c891-46fd-8f5c-72bc827f2ef5:20160407213830.557:1537</Value>
        </AttributeMetadata>
      </AttributeSchemaEntry>
      <AttributeSchemaEntry>
        <Name>ipsecData</Name>
        <AttributeMetadata>
          <Value>attributeID:852:1:55a73700-c891-46fd-8f5c-72bc827f2ef5:20160407213829.383:852</Value>
          <Value>attributeSyntax:852:1:55a73700-c891-46fd-8f5c-72bc827f2ef5:20160407213829.383:852</Value>
          <Value>cn:852:1:55a73700-c891-46fd-8f5c-72bc827f2ef5:20160407213829.383:852</Value>
          <Value>createTimeStamp:852:1:55a73700-c891-46fd-8f5c-72bc827f2ef5:20160407213829.383:852</Value>
          <Value>entryDN:852:1:55a73700-c891-46fd-8f5c-72bc827f2ef5:20160407213829.383:852</Value>
          <Value>isSingleValued:852:1:55a73700-c891-46fd-8f5c-72bc827f2ef5:20160407213829.383:852</Value>
          <Value>lDAPDisplayName:852:1:55a73700-c891-46fd-8f5c-72bc827f2ef5:20160407213829.383:852</Value>
          <Value>modifyTimeStamp:852:1:55a73700-c891-46fd-8f5c-72bc827f2ef5:20160407213829.383:852</Value>
          <Value>objectClass:852:1:55a73700-c891-46fd-8f5c-72bc827f2ef5:20160407213829.383:852</Value>
          <Value>objectGUID:852:1:55a73700-c891-46fd-8f5c-72bc827f2ef5:20160407213829.383:852</Value>
          <Value>oMSyntax:852:1:55a73700-c891-46fd-8f5c-72bc827f2ef5:20160407213829.383:852</Value>
          <Value>schemaIDGUID:852:1:55a73700-c891-46fd-8f5c-72bc827f2ef5:20160407213829.383:852</Value>
          <Value>uSNChanged:852:1:55a73700-c891-46fd-8f5c-72bc827f2ef5:20160407213829.383:852</Value>
          <Value>uSNCreated:852:1:55a73700-c891-46fd-8f5c-72bc827f2ef5:20160407213829.383:852</Value>
          <Value>vmwAttributeUsage:852:1:55a73700-c891-46fd-8f5c-72bc827f2ef5:20160407213829.383:852</Value>
        </AttributeMetadata>
      </AttributeSchemaEntry>
      <AttributeSchemaEntry>
        <Name>ipsecDataType</Name>
        <AttributeMetadata>
          <Value>attributeID:893:1:55a73700-c891-46fd-8f5c-72bc827f2ef5:20160407213829.452:893</Value>
          <Value>attributeSyntax:893:1:55a73700-c891-46fd-8f5c-72bc827f2ef5:20160407213829.452:893</Value>
          <Value>cn:893:1:55a73700-c891-46fd-8f5c-72bc827f2ef5:20160407213829.452:893</Value>
          <Value>createTimeStamp:893:1:55a73700-c891-46fd-8f5c-72bc827f2ef5:20160407213829.452:893</Value>
          <Value>entryDN:893:1:55a73700-c891-46fd-8f5c-72bc827f2ef5:20160407213829.452:893</Value>
          <Value>isSingleValued:893:1:55a73700-c891-46fd-8f5c-72bc827f2ef5:20160407213829.452:893</Value>
          <Value>lDAPDisplayName:893:1:55a73700-c891-46fd-8f5c-72bc827f2ef5:20160407213829.452:893</Value>
          <Value>modifyTimeStamp:893:1:55a73700-c891-46fd-8f5c-72bc827f2ef5:20160407213829.452:893</Value>
          <Value>objectClass:893:1:55a73700-c891-46fd-8f5c-72bc827f2ef5:20160407213829.452:893</Value>
          <Value>objectGUID:893:1:55a73700-c891-46fd-8f5c-72bc827f2ef5:20160407213829.452:893</Value>
          <Value>oMSyntax:893:1:55a73700-c891-46fd-8f5c-72bc827f2ef5:20160407213829.452:893</Value>
          <Value>schemaIDGUID:893:1:55a73700-c891-46fd-8f5c-72bc827f2ef5:20160407213829.452:893</Value>
          <Value>uSNChanged:893:1:55a73700-c891-46fd-8f5c-72bc827f2ef5:20160407213829.452:893</Value>
          <Value>uSNCreated:893:1:55a73700-c891-46fd-8f5c-72bc827f2ef5:20160407213829.452:893</Value>
          <Value>vmwAttributeUsage:893:1:55a73700-c891-46fd-8f5c-72bc827f2ef5:20160407213829.452:893</Value>
        </AttributeMetadata>
      </AttributeSchemaEntry>
      <AttributeSchemaEntry>
        <Name>ipsecFilterReference</Name>
        <AttributeMetadata>
          <Value>attributeID:746:1:55a73700-c891-46fd-8f5c-72bc827f2ef5:20160407213829.200:746</Value>
          <Value>attributeSyntax:746:1:55a73700-c891-46fd-8f5c-72bc827f2ef5:20160407213829.200:746</Value>
          <Value>cn:746:1:55a73700-c891-46fd-8f5c-72bc827f2ef5:20160407213829.200:746</Value>
          <Value>createTimeStamp:746:1:55a73700-c891-46fd-8f5c-72bc827f2ef5:20160407213829.200:746</Value>
          <Value>entryDN:746:1:55a73700-c891-46fd-8f5c-72bc827f2ef5:20160407213829.200:746</Value>
          <Value>isSingleValued:746:1:55a73700-c891-46fd-8f5c-72bc827f2ef5:20160407213829.200:746</Value>
          <Value>lDAPDisplayName:746:1:55a73700-c891-46fd-8f5c-72bc827f2ef5:20160407213829.200:746</Value>
          <Value>modifyTimeStamp:746:1:55a73700-c891-46fd-8f5c-72bc827f2ef5:20160407213829.200:746</Value>
          <Value>objectClass:746:1:55a73700-c891-46fd-8f5c-72bc827f2ef5:20160407213829.200:746</Value>
          <Value>objectGUID:746:1:55a73700-c891-46fd-8f5c-72bc827f2ef5:20160407213829.200:746</Value>
          <Value>oMSyntax:746:1:55a73700-c891-46fd-8f5c-72bc827f2ef5:20160407213829.200:746</Value>
          <Value>schemaIDGUID:746:1:55a73700-c891-46fd-8f5c-72bc827f2ef5:20160407213829.200:746</Value>
          <Value>uSNChanged:746:1:55a73700-c891-46fd-8f5c-72bc827f2ef5:20160407213829.200:746</Value>
          <Value>uSNCreated:746:1:55a73700-c891-46fd-8f5c-72bc827f2ef5:20160407213829.200:746</Value>
          <Value>vmwAttributeUsage:746:1:55a73700-c891-46fd-8f5c-72bc827f2ef5:20160407213829.200:746</Value>
        </AttributeMetadata>
      </AttributeSchemaEntry>
      <AttributeSchemaEntry>
        <Name>ipsecID</Name>
        <AttributeMetadata>
          <Value>attributeID:1533:1:55a73700-c891-46fd-8f5c-72bc827f2ef5:20160407213830.543:1533</Value>
          <Value>attributeSyntax:1533:1:55a73700-c891-46fd-8f5c-72bc827f2ef5:20160407213830.543:1533</Value>
          <Value>cn:1533:1:55a73700-c891-46fd-8f5c-72bc827f2ef5:20160407213830.543:1533</Value>
          <Value>createTimeStamp:1533:1:55a73700-c891-46fd-8f5c-72bc827f2ef5:20160407213830.543:1533</Value>
          <Value>entryDN:1533:1:55a73700-c891-46fd-8f5c-72bc827f2ef5:20160407213830.543:1533</Value>
          <Value>isSingleValued:1533:1:55a73700-c891-46fd-8f5c-72bc827f2ef5:20160407213830.543:1533</Value>
          <Value>lDAPDisplayName:1533:1:55a73700-c891-46fd-8f5c-72bc827f2ef5:20160407213830.543:1533</Value>
          <Value>modifyTimeStamp:1533:1:55a73700-c891-46fd-8f5c-72bc827f2ef5:20160407213830.543:1533</Value>
          <Value>objectClass:1533:1:55a73700-c891-46fd-8f5c-72bc827f2ef5:20160407213830.543:1533</Value>
          <Value>objectGUID:1533:1:55a73700-c891-46fd-8f5c-72bc827f2ef5:20160407213830.543:1533</Value>
          <Value>oMSyntax:1533:1:55a73700-c891-46fd-8f5c-72bc827f2ef5:20160407213830.543:1533</Value>
          <Value>schemaIDGUID:1533:1:55a73700-c891-46fd-8f5c-72bc827f2ef5:20160407213830.543:1533</Value>
          <Value>uSNChanged:1533:1:55a73700-c891-46fd-8f5c-72bc827f2ef5:20160407213830.543:1533</Value>
          <Value>uSNCreated:1533:1:55a73700-c891-46fd-8f5c-72bc827f2ef5:20160407213830.543:1533</Value>
          <Value>vmwAttributeUsage:1533:1:55a73700-c891-46fd-8f5c-72bc827f2ef5:20160407213830.543:1533</Value>
        </AttributeMetadata>
      </AttributeSchemaEntry>
      <AttributeSchemaEntry>
        <Name>ipsecISAKMPReference</Name>
        <AttributeMetadata>
          <Value>attributeID:420:1:55a73700-c891-46fd-8f5c-72bc827f2ef5:20160407213828.650:420</Value>
          <Value>attributeSyntax:420:1:55a73700-c891-46fd-8f5c-72bc827f2ef5:20160407213828.650:420</Value>
          <Value>cn:420:1:55a73700-c891-46fd-8f5c-72bc827f2ef5:20160407213828.650:420</Value>
          <Value>createTimeStamp:420:1:55a73700-c891-46fd-8f5c-72bc827f2ef5:20160407213828.650:420</Value>
          <Value>entryDN:420:1:55a73700-c891-46fd-8f5c-72bc827f2ef5:20160407213828.650:420</Value>
          <Value>isSingleValued:420:1:55a73700-c891-46fd-8f5c-72bc827f2ef5:20160407213828.650:420</Value>
          <Value>lDAPDisplayName:420:1:55a73700-c891-46fd-8f5c-72bc827f2ef5:20160407213828.650:420</Value>
          <Value>modifyTimeStamp:420:1:55a73700-c891-46fd-8f5c-72bc827f2ef5:20160407213828.650:420</Value>
          <Value>objectClass:420:1:55a73700-c891-46fd-8f5c-72bc827f2ef5:20160407213828.650:420</Value>
          <Value>objectGUID:420:1:55a73700-c891-46fd-8f5c-72bc827f2ef5:20160407213828.650:420</Value>
          <Value>oMSyntax:420:1:55a73700-c891-46fd-8f5c-72bc827f2ef5:20160407213828.650:420</Value>
          <Value>schemaIDGUID:420:1:55a73700-c891-46fd-8f5c-72bc827f2ef5:20160407213828.650:420</Value>
          <Value>uSNChanged:420:1:55a73700-c891-46fd-8f5c-72bc827f2ef5:20160407213828.650:420</Value>
          <Value>uSNCreated:420:1:55a73700-c891-46fd-8f5c-72bc827f2ef5:20160407213828.650:420</Value>
          <Value>vmwAttributeUsage:420:1:55a73700-c891-46fd-8f5c-72bc827f2ef5:20160407213828.650:420</Value>
        </AttributeMetadata>
      </AttributeSchemaEntry>
      <AttributeSchemaEntry>
        <Name>ipsecName</Name>
        <AttributeMetadata>
          <Value>attributeID:535:1:55a73700-c891-46fd-8f5c-72bc827f2ef5:20160407213828.833:535</Value>
          <Value>attributeSyntax:535:1:55a73700-c891-46fd-8f5c-72bc827f2ef5:20160407213828.833:535</Value>
          <Value>cn:535:1:55a73700-c891-46fd-8f5c-72bc827f2ef5:20160407213828.833:535</Value>
          <Value>createTimeStamp:535:1:55a73700-c891-46fd-8f5c-72bc827f2ef5:20160407213828.833:535</Value>
          <Value>entryDN:535:1:55a73700-c891-46fd-8f5c-72bc827f2ef5:20160407213828.833:535</Value>
          <Value>isSingleValued:535:1:55a73700-c891-46fd-8f5c-72bc827f2ef5:20160407213828.833:535</Value>
          <Value>lDAPDisplayName:535:1:55a73700-c891-46fd-8f5c-72bc827f2ef5:20160407213828.833:535</Value>
          <Value>modifyTimeStamp:535:1:55a73700-c891-46fd-8f5c-72bc827f2ef5:20160407213828.833:535</Value>
          <Value>objectClass:535:1:55a73700-c891-46fd-8f5c-72bc827f2ef5:20160407213828.833:535</Value>
          <Value>objectGUID:535:1:55a73700-c891-46fd-8f5c-72bc827f2ef5:20160407213828.833:535</Value>
          <Value>oMSyntax:535:1:55a73700-c891-46fd-8f5c-72bc827f2ef5:20160407213828.833:535</Value>
          <Value>schemaIDGUID:535:1:55a73700-c891-46fd-8f5c-72bc827f2ef5:20160407213828.833:535</Value>
          <Value>uSNChanged:535:1:55a73700-c891-46fd-8f5c-72bc827f2ef5:20160407213828.833:535</Value>
          <Value>uSNCreated:535:1:55a73700-c891-46fd-8f5c-72bc827f2ef5:20160407213828.833:535</Value>
          <Value>vmwAttributeUsage:535:1:55a73700-c891-46fd-8f5c-72bc827f2ef5:20160407213828.833:535</Value>
        </AttributeMetadata>
      </AttributeSchemaEntry>
      <AttributeSchemaEntry>
        <Name>iPSECNegotiationPolicyAction</Name>
        <AttributeMetadata>
          <Value>attributeID:1528:1:55a73700-c891-46fd-8f5c-72bc827f2ef5:20160407213830.538:1528</Value>
          <Value>attributeSyntax:1528:1:55a73700-c891-46fd-8f5c-72bc827f2ef5:20160407213830.538:1528</Value>
          <Value>cn:1528:1:55a73700-c891-46fd-8f5c-72bc827f2ef5:20160407213830.538:1528</Value>
          <Value>createTimeStamp:1528:1:55a73700-c891-46fd-8f5c-72bc827f2ef5:20160407213830.538:1528</Value>
          <Value>entryDN:1528:1:55a73700-c891-46fd-8f5c-72bc827f2ef5:20160407213830.538:1528</Value>
          <Value>isSingleValued:1528:1:55a73700-c891-46fd-8f5c-72bc827f2ef5:20160407213830.538:1528</Value>
          <Value>lDAPDisplayName:1528:1:55a73700-c891-46fd-8f5c-72bc827f2ef5:20160407213830.538:1528</Value>
          <Value>modifyTimeStamp:1528:1:55a73700-c891-46fd-8f5c-72bc827f2ef5:20160407213830.538:1528</Value>
          <Value>objectClass:1528:1:55a73700-c891-46fd-8f5c-72bc827f2ef5:20160407213830.538:1528</Value>
          <Value>objectGUID:1528:1:55a73700-c891-46fd-8f5c-72bc827f2ef5:20160407213830.538:1528</Value>
          <Value>oMSyntax:1528:1:55a73700-c891-46fd-8f5c-72bc827f2ef5:20160407213830.538:1528</Value>
          <Value>schemaIDGUID:1528:1:55a73700-c891-46fd-8f5c-72bc827f2ef5:20160407213830.538:1528</Value>
          <Value>uSNChanged:1528:1:55a73700-c891-46fd-8f5c-72bc827f2ef5:20160407213830.538:1528</Value>
          <Value>uSNCreated:1528:1:55a73700-c891-46fd-8f5c-72bc827f2ef5:20160407213830.538:1528</Value>
          <Value>vmwAttributeUsage:1528:1:55a73700-c891-46fd-8f5c-72bc827f2ef5:20160407213830.538:1528</Value>
        </AttributeMetadata>
      </AttributeSchemaEntry>
      <AttributeSchemaEntry>
        <Name>ipsecNegotiationPolicyReference</Name>
        <AttributeMetadata>
          <Value>attributeID:1569:1:55a73700-c891-46fd-8f5c-72bc827f2ef5:20160407213830.602:1569</Value>
          <Value>attributeSyntax:1569:1:55a73700-c891-46fd-8f5c-72bc827f2ef5:20160407213830.602:1569</Value>
          <Value>cn:1569:1:55a73700-c891-46fd-8f5c-72bc827f2ef5:20160407213830.602:1569</Value>
          <Value>createTimeStamp:1569:1:55a73700-c891-46fd-8f5c-72bc827f2ef5:20160407213830.602:1569</Value>
          <Value>entryDN:1569:1:55a73700-c891-46fd-8f5c-72bc827f2ef5:20160407213830.602:1569</Value>
          <Value>isSingleValued:1569:1:55a73700-c891-46fd-8f5c-72bc827f2ef5:20160407213830.602:1569</Value>
          <Value>lDAPDisplayName:1569:1:55a73700-c891-46fd-8f5c-72bc827f2ef5:20160407213830.602:1569</Value>
          <Value>modifyTimeStamp:1569:1:55a73700-c891-46fd-8f5c-72bc827f2ef5:20160407213830.602:1569</Value>
          <Value>objectClass:1569:1:55a73700-c891-46fd-8f5c-72bc827f2ef5:20160407213830.602:1569</Value>
          <Value>objectGUID:1569:1:55a73700-c891-46fd-8f5c-72bc827f2ef5:20160407213830.602:1569</Value>
          <Value>oMSyntax:1569:1:55a73700-c891-46fd-8f5c-72bc827f2ef5:20160407213830.602:1569</Value>
          <Value>schemaIDGUID:1569:1:55a73700-c891-46fd-8f5c-72bc827f2ef5:20160407213830.602:1569</Value>
          <Value>uSNChanged:1569:1:55a73700-c891-46fd-8f5c-72bc827f2ef5:20160407213830.602:1569</Value>
          <Value>uSNCreated:1569:1:55a73700-c891-46fd-8f5c-72bc827f2ef5:20160407213830.602:1569</Value>
          <Value>vmwAttributeUsage:1569:1:55a73700-c891-46fd-8f5c-72bc827f2ef5:20160407213830.602:1569</Value>
        </AttributeMetadata>
      </AttributeSchemaEntry>
      <AttributeSchemaEntry>
        <Name>iPSECNegotiationPolicyType</Name>
        <AttributeMetadata>
          <Value>attributeID:395:1:55a73700-c891-46fd-8f5c-72bc827f2ef5:20160407213828.615:395</Value>
          <Value>attributeSyntax:395:1:55a73700-c891-46fd-8f5c-72bc827f2ef5:20160407213828.615:395</Value>
          <Value>cn:395:1:55a73700-c891-46fd-8f5c-72bc827f2ef5:20160407213828.615:395</Value>
          <Value>createTimeStamp:395:1:55a73700-c891-46fd-8f5c-72bc827f2ef5:20160407213828.615:395</Value>
          <Value>entryDN:395:1:55a73700-c891-46fd-8f5c-72bc827f2ef5:20160407213828.615:395</Value>
          <Value>isSingleValued:395:1:55a73700-c891-46fd-8f5c-72bc827f2ef5:20160407213828.615:395</Value>
          <Value>lDAPDisplayName:395:1:55a73700-c891-46fd-8f5c-72bc827f2ef5:20160407213828.615:395</Value>
          <Value>modifyTimeStamp:395:1:55a73700-c891-46fd-8f5c-72bc827f2ef5:20160407213828.615:395</Value>
          <Value>objectClass:395:1:55a73700-c891-46fd-8f5c-72bc827f2ef5:20160407213828.615:395</Value>
          <Value>objectGUID:395:1:55a73700-c891-46fd-8f5c-72bc827f2ef5:20160407213828.615:395</Value>
          <Value>oMSyntax:395:1:55a73700-c891-46fd-8f5c-72bc827f2ef5:20160407213828.615:395</Value>
          <Value>schemaIDGUID:395:1:55a73700-c891-46fd-8f5c-72bc827f2ef5:20160407213828.615:395</Value>
          <Value>uSNChanged:395:1:55a73700-c891-46fd-8f5c-72bc827f2ef5:20160407213828.615:395</Value>
          <Value>uSNCreated:395:1:55a73700-c891-46fd-8f5c-72bc827f2ef5:20160407213828.615:395</Value>
          <Value>vmwAttributeUsage:395:1:55a73700-c891-46fd-8f5c-72bc827f2ef5:20160407213828.615:395</Value>
        </AttributeMetadata>
      </AttributeSchemaEntry>
      <AttributeSchemaEntry>
        <Name>ipsecNFAReference</Name>
        <AttributeMetadata>
          <Value>attributeID:1741:1:55a73700-c891-46fd-8f5c-72bc827f2ef5:20160407213830.897:1741</Value>
          <Value>attributeSyntax:1741:1:55a73700-c891-46fd-8f5c-72bc827f2ef5:20160407213830.897:1741</Value>
          <Value>cn:1741:1:55a73700-c891-46fd-8f5c-72bc827f2ef5:20160407213830.897:1741</Value>
          <Value>createTimeStamp:1741:1:55a73700-c891-46fd-8f5c-72bc827f2ef5:20160407213830.897:1741</Value>
          <Value>entryDN:1741:1:55a73700-c891-46fd-8f5c-72bc827f2ef5:20160407213830.897:1741</Value>
          <Value>isSingleValued:1741:1:55a73700-c891-46fd-8f5c-72bc827f2ef5:20160407213830.897:1741</Value>
          <Value>lDAPDisplayName:1741:1:55a73700-c891-46fd-8f5c-72bc827f2ef5:20160407213830.897:1741</Value>
          <Value>modifyTimeStamp:1741:1:55a73700-c891-46fd-8f5c-72bc827f2ef5:20160407213830.897:1741</Value>
          <Value>objectClass:1741:1:55a73700-c891-46fd-8f5c-72bc827f2ef5:20160407213830.897:1741</Value>
          <Value>objectGUID:1741:1:55a73700-c891-46fd-8f5c-72bc827f2ef5:20160407213830.897:1741</Value>
          <Value>oMSyntax:1741:1:55a73700-c891-46fd-8f5c-72bc827f2ef5:20160407213830.897:1741</Value>
          <Value>schemaIDGUID:1741:1:55a73700-c891-46fd-8f5c-72bc827f2ef5:20160407213830.897:1741</Value>
          <Value>uSNChanged:1741:1:55a73700-c891-46fd-8f5c-72bc827f2ef5:20160407213830.897:1741</Value>
          <Value>uSNCreated:1741:1:55a73700-c891-46fd-8f5c-72bc827f2ef5:20160407213830.897:1741</Value>
          <Value>vmwAttributeUsage:1741:1:55a73700-c891-46fd-8f5c-72bc827f2ef5:20160407213830.897:1741</Value>
        </AttributeMetadata>
      </AttributeSchemaEntry>
      <AttributeSchemaEntry>
        <Name>ipsecOwnersReference</Name>
        <AttributeMetadata>
          <Value>attributeID:906:1:55a73700-c891-46fd-8f5c-72bc827f2ef5:20160407213829.475:906</Value>
          <Value>attributeSyntax:906:1:55a73700-c891-46fd-8f5c-72bc827f2ef5:20160407213829.475:906</Value>
          <Value>cn:906:1:55a73700-c891-46fd-8f5c-72bc827f2ef5:20160407213829.475:906</Value>
          <Value>createTimeStamp:906:1:55a73700-c891-46fd-8f5c-72bc827f2ef5:20160407213829.475:906</Value>
          <Value>entryDN:906:1:55a73700-c891-46fd-8f5c-72bc827f2ef5:20160407213829.475:906</Value>
          <Value>isSingleValued:906:1:55a73700-c891-46fd-8f5c-72bc827f2ef5:20160407213829.475:906</Value>
          <Value>lDAPDisplayName:906:1:55a73700-c891-46fd-8f5c-72bc827f2ef5:20160407213829.475:906</Value>
          <Value>modifyTimeStamp:906:1:55a73700-c891-46fd-8f5c-72bc827f2ef5:20160407213829.475:906</Value>
          <Value>objectClass:906:1:55a73700-c891-46fd-8f5c-72bc827f2ef5:20160407213829.475:906</Value>
          <Value>objectGUID:906:1:55a73700-c891-46fd-8f5c-72bc827f2ef5:20160407213829.475:906</Value>
          <Value>oMSyntax:906:1:55a73700-c891-46fd-8f5c-72bc827f2ef5:20160407213829.475:906</Value>
          <Value>schemaIDGUID:906:1:55a73700-c891-46fd-8f5c-72bc827f2ef5:20160407213829.475:906</Value>
          <Value>uSNChanged:906:1:55a73700-c891-46fd-8f5c-72bc827f2ef5:20160407213829.475:906</Value>
          <Value>uSNCreated:906:1:55a73700-c891-46fd-8f5c-72bc827f2ef5:20160407213829.475:906</Value>
          <Value>vmwAttributeUsage:906:1:55a73700-c891-46fd-8f5c-72bc827f2ef5:20160407213829.475:906</Value>
        </AttributeMetadata>
      </AttributeSchemaEntry>
      <AttributeSchemaEntry>
        <Name>ipsecPolicyReference</Name>
        <AttributeMetadata>
          <Value>attributeID:1439:1:55a73700-c891-46fd-8f5c-72bc827f2ef5:20160407213830.389:1439</Value>
          <Value>attributeSyntax:1439:1:55a73700-c891-46fd-8f5c-72bc827f2ef5:20160407213830.389:1439</Value>
          <Value>cn:1439:1:55a73700-c891-46fd-8f5c-72bc827f2ef5:20160407213830.389:1439</Value>
          <Value>createTimeStamp:1439:1:55a73700-c891-46fd-8f5c-72bc827f2ef5:20160407213830.389:1439</Value>
          <Value>entryDN:1439:1:55a73700-c891-46fd-8f5c-72bc827f2ef5:20160407213830.389:1439</Value>
          <Value>isSingleValued:1439:1:55a73700-c891-46fd-8f5c-72bc827f2ef5:20160407213830.389:1439</Value>
          <Value>lDAPDisplayName:1439:1:55a73700-c891-46fd-8f5c-72bc827f2ef5:20160407213830.389:1439</Value>
          <Value>modifyTimeStamp:1439:1:55a73700-c891-46fd-8f5c-72bc827f2ef5:20160407213830.389:1439</Value>
          <Value>objectClass:1439:1:55a73700-c891-46fd-8f5c-72bc827f2ef5:20160407213830.389:1439</Value>
          <Value>objectGUID:1439:1:55a73700-c891-46fd-8f5c-72bc827f2ef5:20160407213830.389:1439</Value>
          <Value>oMSyntax:1439:1:55a73700-c891-46fd-8f5c-72bc827f2ef5:20160407213830.389:1439</Value>
          <Value>schemaIDGUID:1439:1:55a73700-c891-46fd-8f5c-72bc827f2ef5:20160407213830.389:1439</Value>
          <Value>uSNChanged:1439:1:55a73700-c891-46fd-8f5c-72bc827f2ef5:20160407213830.389:1439</Value>
          <Value>uSNCreated:1439:1:55a73700-c891-46fd-8f5c-72bc827f2ef5:20160407213830.389:1439</Value>
          <Value>vmwAttributeUsage:1439:1:55a73700-c891-46fd-8f5c-72bc827f2ef5:20160407213830.389:1439</Value>
        </AttributeMetadata>
      </AttributeSchemaEntry>
      <AttributeSchemaEntry>
        <Name>ipServicePort</Name>
        <AttributeMetadata>
          <Value>attributeID:895:1:55a73700-c891-46fd-8f5c-72bc827f2ef5:20160407213829.454:895</Value>
          <Value>attributeSyntax:895:1:55a73700-c891-46fd-8f5c-72bc827f2ef5:20160407213829.454:895</Value>
          <Value>cn:895:1:55a73700-c891-46fd-8f5c-72bc827f2ef5:20160407213829.454:895</Value>
          <Value>createTimeStamp:895:1:55a73700-c891-46fd-8f5c-72bc827f2ef5:20160407213829.454:895</Value>
          <Value>entryDN:895:1:55a73700-c891-46fd-8f5c-72bc827f2ef5:20160407213829.454:895</Value>
          <Value>isSingleValued:895:1:55a73700-c891-46fd-8f5c-72bc827f2ef5:20160407213829.454:895</Value>
          <Value>lDAPDisplayName:895:1:55a73700-c891-46fd-8f5c-72bc827f2ef5:20160407213829.454:895</Value>
          <Value>modifyTimeStamp:895:1:55a73700-c891-46fd-8f5c-72bc827f2ef5:20160407213829.454:895</Value>
          <Value>objectClass:895:1:55a73700-c891-46fd-8f5c-72bc827f2ef5:20160407213829.454:895</Value>
          <Value>objectGUID:895:1:55a73700-c891-46fd-8f5c-72bc827f2ef5:20160407213829.454:895</Value>
          <Value>oMSyntax:895:1:55a73700-c891-46fd-8f5c-72bc827f2ef5:20160407213829.454:895</Value>
          <Value>schemaIDGUID:895:1:55a73700-c891-46fd-8f5c-72bc827f2ef5:20160407213829.454:895</Value>
          <Value>uSNChanged:895:1:55a73700-c891-46fd-8f5c-72bc827f2ef5:20160407213829.454:895</Value>
          <Value>uSNCreated:895:1:55a73700-c891-46fd-8f5c-72bc827f2ef5:20160407213829.454:895</Value>
          <Value>vmwAttributeUsage:895:1:55a73700-c891-46fd-8f5c-72bc827f2ef5:20160407213829.454:895</Value>
        </AttributeMetadata>
      </AttributeSchemaEntry>
      <AttributeSchemaEntry>
        <Name>ipServiceProtocol</Name>
        <AttributeMetadata>
          <Value>attributeID:910:1:55a73700-c891-46fd-8f5c-72bc827f2ef5:20160407213829.479:910</Value>
          <Value>attributeSyntax:910:1:55a73700-c891-46fd-8f5c-72bc827f2ef5:20160407213829.479:910</Value>
          <Value>cn:910:1:55a73700-c891-46fd-8f5c-72bc827f2ef5:20160407213829.479:910</Value>
          <Value>createTimeStamp:910:1:55a73700-c891-46fd-8f5c-72bc827f2ef5:20160407213829.479:910</Value>
          <Value>entryDN:910:1:55a73700-c891-46fd-8f5c-72bc827f2ef5:20160407213829.479:910</Value>
          <Value>isSingleValued:910:1:55a73700-c891-46fd-8f5c-72bc827f2ef5:20160407213829.479:910</Value>
          <Value>lDAPDisplayName:910:1:55a73700-c891-46fd-8f5c-72bc827f2ef5:20160407213829.479:910</Value>
          <Value>modifyTimeStamp:910:1:55a73700-c891-46fd-8f5c-72bc827f2ef5:20160407213829.479:910</Value>
          <Value>objectClass:910:1:55a73700-c891-46fd-8f5c-72bc827f2ef5:20160407213829.479:910</Value>
          <Value>objectGUID:910:1:55a73700-c891-46fd-8f5c-72bc827f2ef5:20160407213829.479:910</Value>
          <Value>oMSyntax:910:1:55a73700-c891-46fd-8f5c-72bc827f2ef5:20160407213829.479:910</Value>
          <Value>schemaIDGUID:910:1:55a73700-c891-46fd-8f5c-72bc827f2ef5:20160407213829.479:910</Value>
          <Value>uSNChanged:910:1:55a73700-c891-46fd-8f5c-72bc827f2ef5:20160407213829.479:910</Value>
          <Value>uSNCreated:910:1:55a73700-c891-46fd-8f5c-72bc827f2ef5:20160407213829.479:910</Value>
          <Value>vmwAttributeUsage:910:1:55a73700-c891-46fd-8f5c-72bc827f2ef5:20160407213829.479:910</Value>
        </AttributeMetadata>
      </AttributeSchemaEntry>
      <AttributeSchemaEntry>
        <Name>isCriticalSystemObject</Name>
        <AttributeMetadata>
          <Value>attributeID:1473:1:55a73700-c891-46fd-8f5c-72bc827f2ef5:20160407213830.446:1473</Value>
          <Value>attributeSyntax:1473:1:55a73700-c891-46fd-8f5c-72bc827f2ef5:20160407213830.446:1473</Value>
          <Value>cn:1473:1:55a73700-c891-46fd-8f5c-72bc827f2ef5:20160407213830.446:1473</Value>
          <Value>createTimeStamp:1473:1:55a73700-c891-46fd-8f5c-72bc827f2ef5:20160407213830.446:1473</Value>
          <Value>entryDN:1473:1:55a73700-c891-46fd-8f5c-72bc827f2ef5:20160407213830.446:1473</Value>
          <Value>isSingleValued:1473:1:55a73700-c891-46fd-8f5c-72bc827f2ef5:20160407213830.446:1473</Value>
          <Value>lDAPDisplayName:1473:1:55a73700-c891-46fd-8f5c-72bc827f2ef5:20160407213830.446:1473</Value>
          <Value>modifyTimeStamp:1473:1:55a73700-c891-46fd-8f5c-72bc827f2ef5:20160407213830.446:1473</Value>
          <Value>objectClass:1473:1:55a73700-c891-46fd-8f5c-72bc827f2ef5:20160407213830.446:1473</Value>
          <Value>objectGUID:1473:1:55a73700-c891-46fd-8f5c-72bc827f2ef5:20160407213830.446:1473</Value>
          <Value>oMSyntax:1473:1:55a73700-c891-46fd-8f5c-72bc827f2ef5:20160407213830.446:1473</Value>
          <Value>schemaIDGUID:1473:1:55a73700-c891-46fd-8f5c-72bc827f2ef5:20160407213830.446:1473</Value>
          <Value>uSNChanged:1473:1:55a73700-c891-46fd-8f5c-72bc827f2ef5:20160407213830.446:1473</Value>
          <Value>uSNCreated:1473:1:55a73700-c891-46fd-8f5c-72bc827f2ef5:20160407213830.446:1473</Value>
          <Value>vmwAttributeUsage:1473:1:55a73700-c891-46fd-8f5c-72bc827f2ef5:20160407213830.446:1473</Value>
        </AttributeMetadata>
      </AttributeSchemaEntry>
      <AttributeSchemaEntry>
        <Name>isDefunct</Name>
        <AttributeMetadata>
          <Value>attributeID:1017:1:55a73700-c891-46fd-8f5c-72bc827f2ef5:20160407213829.655:1017</Value>
          <Value>attributeSyntax:1017:1:55a73700-c891-46fd-8f5c-72bc827f2ef5:20160407213829.655:1017</Value>
          <Value>cn:1017:1:55a73700-c891-46fd-8f5c-72bc827f2ef5:20160407213829.655:1017</Value>
          <Value>createTimeStamp:1017:1:55a73700-c891-46fd-8f5c-72bc827f2ef5:20160407213829.655:1017</Value>
          <Value>entryDN:1017:1:55a73700-c891-46fd-8f5c-72bc827f2ef5:20160407213829.655:1017</Value>
          <Value>isSingleValued:1017:1:55a73700-c891-46fd-8f5c-72bc827f2ef5:20160407213829.655:1017</Value>
          <Value>lDAPDisplayName:1017:1:55a73700-c891-46fd-8f5c-72bc827f2ef5:20160407213829.655:1017</Value>
          <Value>modifyTimeStamp:1017:1:55a73700-c891-46fd-8f5c-72bc827f2ef5:20160407213829.655:1017</Value>
          <Value>objectClass:1017:1:55a73700-c891-46fd-8f5c-72bc827f2ef5:20160407213829.655:1017</Value>
          <Value>objectGUID:1017:1:55a73700-c891-46fd-8f5c-72bc827f2ef5:20160407213829.655:1017</Value>
          <Value>oMSyntax:1017:1:55a73700-c891-46fd-8f5c-72bc827f2ef5:20160407213829.655:1017</Value>
          <Value>schemaIDGUID:1017:1:55a73700-c891-46fd-8f5c-72bc827f2ef5:20160407213829.655:1017</Value>
          <Value>uSNChanged:1017:1:55a73700-c891-46fd-8f5c-72bc827f2ef5:20160407213829.655:1017</Value>
          <Value>uSNCreated:1017:1:55a73700-c891-46fd-8f5c-72bc827f2ef5:20160407213829.655:1017</Value>
          <Value>vmwAttributeUsage:1017:1:55a73700-c891-46fd-8f5c-72bc827f2ef5:20160407213829.655:1017</Value>
        </AttributeMetadata>
      </AttributeSchemaEntry>
      <AttributeSchemaEntry>
        <Name>isDeleted</Name>
        <AttributeMetadata>
          <Value>attributeID:1181:1:55a73700-c891-46fd-8f5c-72bc827f2ef5:20160407213829.965:1181</Value>
          <Value>attributeSyntax:1181:1:55a73700-c891-46fd-8f5c-72bc827f2ef5:20160407213829.965:1181</Value>
          <Value>cn:1181:1:55a73700-c891-46fd-8f5c-72bc827f2ef5:20160407213829.965:1181</Value>
          <Value>createTimeStamp:1181:1:55a73700-c891-46fd-8f5c-72bc827f2ef5:20160407213829.965:1181</Value>
          <Value>description:1181:1:55a73700-c891-46fd-8f5c-72bc827f2ef5:20160407213829.965:1181</Value>
          <Value>entryDN:1181:1:55a73700-c891-46fd-8f5c-72bc827f2ef5:20160407213829.965:1181</Value>
          <Value>isSingleValued:1181:1:55a73700-c891-46fd-8f5c-72bc827f2ef5:20160407213829.965:1181</Value>
          <Value>lDAPDisplayName:1181:1:55a73700-c891-46fd-8f5c-72bc827f2ef5:20160407213829.965:1181</Value>
          <Value>modifyTimeStamp:1181:1:55a73700-c891-46fd-8f5c-72bc827f2ef5:20160407213829.965:1181</Value>
          <Value>objectClass:1181:1:55a73700-c891-46fd-8f5c-72bc827f2ef5:20160407213829.965:1181</Value>
          <Value>objectGUID:1181:1:55a73700-c891-46fd-8f5c-72bc827f2ef5:20160407213829.965:1181</Value>
          <Value>oMSyntax:1181:1:55a73700-c891-46fd-8f5c-72bc827f2ef5:20160407213829.965:1181</Value>
          <Value>schemaIDGUID:1181:1:55a73700-c891-46fd-8f5c-72bc827f2ef5:20160407213829.965:1181</Value>
          <Value>uSNChanged:1181:1:55a73700-c891-46fd-8f5c-72bc827f2ef5:20160407213829.965:1181</Value>
          <Value>uSNCreated:1181:1:55a73700-c891-46fd-8f5c-72bc827f2ef5:20160407213829.965:1181</Value>
          <Value>vmwAttributeUsage:1181:1:55a73700-c891-46fd-8f5c-72bc827f2ef5:20160407213829.965:1181</Value>
        </AttributeMetadata>
      </AttributeSchemaEntry>
      <AttributeSchemaEntry>
        <Name>isEphemeral</Name>
        <AttributeMetadata>
          <Value>attributeID:1076:1:55a73700-c891-46fd-8f5c-72bc827f2ef5:20160407213829.767:1076</Value>
          <Value>attributeSyntax:1076:1:55a73700-c891-46fd-8f5c-72bc827f2ef5:20160407213829.767:1076</Value>
          <Value>cn:1076:1:55a73700-c891-46fd-8f5c-72bc827f2ef5:20160407213829.767:1076</Value>
          <Value>createTimeStamp:1076:1:55a73700-c891-46fd-8f5c-72bc827f2ef5:20160407213829.767:1076</Value>
          <Value>entryDN:1076:1:55a73700-c891-46fd-8f5c-72bc827f2ef5:20160407213829.767:1076</Value>
          <Value>isSingleValued:1076:1:55a73700-c891-46fd-8f5c-72bc827f2ef5:20160407213829.767:1076</Value>
          <Value>lDAPDisplayName:1076:1:55a73700-c891-46fd-8f5c-72bc827f2ef5:20160407213829.767:1076</Value>
          <Value>modifyTimeStamp:1076:1:55a73700-c891-46fd-8f5c-72bc827f2ef5:20160407213829.767:1076</Value>
          <Value>objectClass:1076:1:55a73700-c891-46fd-8f5c-72bc827f2ef5:20160407213829.767:1076</Value>
          <Value>objectGUID:1076:1:55a73700-c891-46fd-8f5c-72bc827f2ef5:20160407213829.767:1076</Value>
          <Value>oMSyntax:1076:1:55a73700-c891-46fd-8f5c-72bc827f2ef5:20160407213829.767:1076</Value>
          <Value>schemaIDGUID:1076:1:55a73700-c891-46fd-8f5c-72bc827f2ef5:20160407213829.767:1076</Value>
          <Value>uSNChanged:1076:1:55a73700-c891-46fd-8f5c-72bc827f2ef5:20160407213829.767:1076</Value>
          <Value>uSNCreated:1076:1:55a73700-c891-46fd-8f5c-72bc827f2ef5:20160407213829.767:1076</Value>
          <Value>vmwAttributeUsage:1076:1:55a73700-c891-46fd-8f5c-72bc827f2ef5:20160407213829.767:1076</Value>
        </AttributeMetadata>
      </AttributeSchemaEntry>
      <AttributeSchemaEntry>
        <Name>isMemberOfPartialAttributeSet</Name>
        <AttributeMetadata>
          <Value>attributeID:627:1:55a73700-c891-46fd-8f5c-72bc827f2ef5:20160407213828.997:627</Value>
          <Value>attributeSyntax:627:1:55a73700-c891-46fd-8f5c-72bc827f2ef5:20160407213828.997:627</Value>
          <Value>cn:627:1:55a73700-c891-46fd-8f5c-72bc827f2ef5:20160407213828.997:627</Value>
          <Value>createTimeStamp:627:1:55a73700-c891-46fd-8f5c-72bc827f2ef5:20160407213828.997:627</Value>
          <Value>entryDN:627:1:55a73700-c891-46fd-8f5c-72bc827f2ef5:20160407213828.997:627</Value>
          <Value>isSingleValued:627:1:55a73700-c891-46fd-8f5c-72bc827f2ef5:20160407213828.997:627</Value>
          <Value>lDAPDisplayName:627:1:55a73700-c891-46fd-8f5c-72bc827f2ef5:20160407213828.997:627</Value>
          <Value>modifyTimeStamp:627:1:55a73700-c891-46fd-8f5c-72bc827f2ef5:20160407213828.997:627</Value>
          <Value>objectClass:627:1:55a73700-c891-46fd-8f5c-72bc827f2ef5:20160407213828.997:627</Value>
          <Value>objectGUID:627:1:55a73700-c891-46fd-8f5c-72bc827f2ef5:20160407213828.997:627</Value>
          <Value>oMSyntax:627:1:55a73700-c891-46fd-8f5c-72bc827f2ef5:20160407213828.997:627</Value>
          <Value>schemaIDGUID:627:1:55a73700-c891-46fd-8f5c-72bc827f2ef5:20160407213828.997:627</Value>
          <Value>uSNChanged:627:1:55a73700-c891-46fd-8f5c-72bc827f2ef5:20160407213828.997:627</Value>
          <Value>uSNCreated:627:1:55a73700-c891-46fd-8f5c-72bc827f2ef5:20160407213828.997:627</Value>
          <Value>vmwAttributeUsage:627:1:55a73700-c891-46fd-8f5c-72bc827f2ef5:20160407213828.997:627</Value>
        </AttributeMetadata>
      </AttributeSchemaEntry>
      <AttributeSchemaEntry>
        <Name>isPrivilegeHolder</Name>
        <AttributeMetadata>
          <Value>attributeID:1185:1:55a73700-c891-46fd-8f5c-72bc827f2ef5:20160407213829.970:1185</Value>
          <Value>attributeSyntax:1185:1:55a73700-c891-46fd-8f5c-72bc827f2ef5:20160407213829.970:1185</Value>
          <Value>cn:1185:1:55a73700-c891-46fd-8f5c-72bc827f2ef5:20160407213829.970:1185</Value>
          <Value>createTimeStamp:1185:1:55a73700-c891-46fd-8f5c-72bc827f2ef5:20160407213829.970:1185</Value>
          <Value>entryDN:1185:1:55a73700-c891-46fd-8f5c-72bc827f2ef5:20160407213829.970:1185</Value>
          <Value>isSingleValued:1185:1:55a73700-c891-46fd-8f5c-72bc827f2ef5:20160407213829.970:1185</Value>
          <Value>lDAPDisplayName:1185:1:55a73700-c891-46fd-8f5c-72bc827f2ef5:20160407213829.970:1185</Value>
          <Value>modifyTimeStamp:1185:1:55a73700-c891-46fd-8f5c-72bc827f2ef5:20160407213829.970:1185</Value>
          <Value>objectClass:1185:1:55a73700-c891-46fd-8f5c-72bc827f2ef5:20160407213829.970:1185</Value>
          <Value>objectGUID:1185:1:55a73700-c891-46fd-8f5c-72bc827f2ef5:20160407213829.970:1185</Value>
          <Value>oMSyntax:1185:1:55a73700-c891-46fd-8f5c-72bc827f2ef5:20160407213829.970:1185</Value>
          <Value>schemaIDGUID:1185:1:55a73700-c891-46fd-8f5c-72bc827f2ef5:20160407213829.970:1185</Value>
          <Value>uSNChanged:1185:1:55a73700-c891-46fd-8f5c-72bc827f2ef5:20160407213829.970:1185</Value>
          <Value>uSNCreated:1185:1:55a73700-c891-46fd-8f5c-72bc827f2ef5:20160407213829.970:1185</Value>
          <Value>vmwAttributeUsage:1185:1:55a73700-c891-46fd-8f5c-72bc827f2ef5:20160407213829.970:1185</Value>
        </AttributeMetadata>
      </AttributeSchemaEntry>
      <AttributeSchemaEntry>
        <Name>isRecycled</Name>
        <AttributeMetadata>
          <Value>attributeID:1243:1:55a73700-c891-46fd-8f5c-72bc827f2ef5:20160407213830.066:1243</Value>
          <Value>attributeSyntax:1243:1:55a73700-c891-46fd-8f5c-72bc827f2ef5:20160407213830.066:1243</Value>
          <Value>cn:1243:1:55a73700-c891-46fd-8f5c-72bc827f2ef5:20160407213830.066:1243</Value>
          <Value>createTimeStamp:1243:1:55a73700-c891-46fd-8f5c-72bc827f2ef5:20160407213830.066:1243</Value>
          <Value>entryDN:1243:1:55a73700-c891-46fd-8f5c-72bc827f2ef5:20160407213830.066:1243</Value>
          <Value>isSingleValued:1243:1:55a73700-c891-46fd-8f5c-72bc827f2ef5:20160407213830.066:1243</Value>
          <Value>lDAPDisplayName:1243:1:55a73700-c891-46fd-8f5c-72bc827f2ef5:20160407213830.066:1243</Value>
          <Value>modifyTimeStamp:1243:1:55a73700-c891-46fd-8f5c-72bc827f2ef5:20160407213830.066:1243</Value>
          <Value>objectClass:1243:1:55a73700-c891-46fd-8f5c-72bc827f2ef5:20160407213830.066:1243</Value>
          <Value>objectGUID:1243:1:55a73700-c891-46fd-8f5c-72bc827f2ef5:20160407213830.066:1243</Value>
          <Value>oMSyntax:1243:1:55a73700-c891-46fd-8f5c-72bc827f2ef5:20160407213830.066:1243</Value>
          <Value>schemaIDGUID:1243:1:55a73700-c891-46fd-8f5c-72bc827f2ef5:20160407213830.066:1243</Value>
          <Value>uSNChanged:1243:1:55a73700-c891-46fd-8f5c-72bc827f2ef5:20160407213830.066:1243</Value>
          <Value>uSNCreated:1243:1:55a73700-c891-46fd-8f5c-72bc827f2ef5:20160407213830.066:1243</Value>
          <Value>vmwAttributeUsage:1243:1:55a73700-c891-46fd-8f5c-72bc827f2ef5:20160407213830.066:1243</Value>
        </AttributeMetadata>
      </AttributeSchemaEntry>
      <AttributeSchemaEntry>
        <Name>isSingleValued</Name>
        <AttributeMetadata>
          <Value>attributeID:105:1:55a73700-c891-46fd-8f5c-72bc827f2ef5:20160407213828.187:105</Value>
          <Value>attributeSyntax:105:1:55a73700-c891-46fd-8f5c-72bc827f2ef5:20160407213828.187:105</Value>
          <Value>cn:105:1:55a73700-c891-46fd-8f5c-72bc827f2ef5:20160407213828.187:105</Value>
          <Value>createTimeStamp:105:1:55a73700-c891-46fd-8f5c-72bc827f2ef5:20160407213828.187:105</Value>
          <Value>entryDN:105:1:55a73700-c891-46fd-8f5c-72bc827f2ef5:20160407213828.187:105</Value>
          <Value>isSingleValued:105:1:55a73700-c891-46fd-8f5c-72bc827f2ef5:20160407213828.187:105</Value>
          <Value>lDAPDisplayName:105:1:55a73700-c891-46fd-8f5c-72bc827f2ef5:20160407213828.187:105</Value>
          <Value>modifyTimeStamp:105:1:55a73700-c891-46fd-8f5c-72bc827f2ef5:20160407213828.187:105</Value>
          <Value>objectClass:105:1:55a73700-c891-46fd-8f5c-72bc827f2ef5:20160407213828.187:105</Value>
          <Value>objectGUID:105:1:55a73700-c891-46fd-8f5c-72bc827f2ef5:20160407213828.187:105</Value>
          <Value>oMSyntax:105:1:55a73700-c891-46fd-8f5c-72bc827f2ef5:20160407213828.187:105</Value>
          <Value>schemaIDGUID:105:1:55a73700-c891-46fd-8f5c-72bc827f2ef5:20160407213828.187:105</Value>
          <Value>uSNChanged:105:1:55a73700-c891-46fd-8f5c-72bc827f2ef5:20160407213828.187:105</Value>
          <Value>uSNCreated:105:1:55a73700-c891-46fd-8f5c-72bc827f2ef5:20160407213828.187:105</Value>
          <Value>vmwAttributeUsage:105:1:55a73700-c891-46fd-8f5c-72bc827f2ef5:20160407213828.187:105</Value>
        </AttributeMetadata>
      </AttributeSchemaEntry>
      <AttributeSchemaEntry>
        <Name>jpegPhoto</Name>
        <AttributeMetadata>
          <Value>attributeID:1696:1:55a73700-c891-46fd-8f5c-72bc827f2ef5:20160407213830.827:1696</Value>
          <Value>attributeSyntax:1696:1:55a73700-c891-46fd-8f5c-72bc827f2ef5:20160407213830.827:1696</Value>
          <Value>cn:1696:1:55a73700-c891-46fd-8f5c-72bc827f2ef5:20160407213830.827:1696</Value>
          <Value>createTimeStamp:1696:1:55a73700-c891-46fd-8f5c-72bc827f2ef5:20160407213830.827:1696</Value>
          <Value>entryDN:1696:1:55a73700-c891-46fd-8f5c-72bc827f2ef5:20160407213830.827:1696</Value>
          <Value>isSingleValued:1696:1:55a73700-c891-46fd-8f5c-72bc827f2ef5:20160407213830.827:1696</Value>
          <Value>lDAPDisplayName:1696:1:55a73700-c891-46fd-8f5c-72bc827f2ef5:20160407213830.827:1696</Value>
          <Value>modifyTimeStamp:1696:1:55a73700-c891-46fd-8f5c-72bc827f2ef5:20160407213830.827:1696</Value>
          <Value>objectClass:1696:1:55a73700-c891-46fd-8f5c-72bc827f2ef5:20160407213830.827:1696</Value>
          <Value>objectGUID:1696:1:55a73700-c891-46fd-8f5c-72bc827f2ef5:20160407213830.827:1696</Value>
          <Value>oMSyntax:1696:1:55a73700-c891-46fd-8f5c-72bc827f2ef5:20160407213830.827:1696</Value>
          <Value>schemaIDGUID:1696:1:55a73700-c891-46fd-8f5c-72bc827f2ef5:20160407213830.827:1696</Value>
          <Value>uSNChanged:1696:1:55a73700-c891-46fd-8f5c-72bc827f2ef5:20160407213830.827:1696</Value>
          <Value>uSNCreated:1696:1:55a73700-c891-46fd-8f5c-72bc827f2ef5:20160407213830.827:1696</Value>
          <Value>vmwAttributeUsage:1696:1:55a73700-c891-46fd-8f5c-72bc827f2ef5:20160407213830.827:1696</Value>
        </AttributeMetadata>
      </AttributeSchemaEntry>
      <AttributeSchemaEntry>
        <Name>keywords</Name>
        <AttributeMetadata>
          <Value>attributeID:1593:1:55a73700-c891-46fd-8f5c-72bc827f2ef5:20160407213830.650:1593</Value>
          <Value>attributeSyntax:1593:1:55a73700-c891-46fd-8f5c-72bc827f2ef5:20160407213830.650:1593</Value>
          <Value>cn:1593:1:55a73700-c891-46fd-8f5c-72bc827f2ef5:20160407213830.650:1593</Value>
          <Value>createTimeStamp:1593:1:55a73700-c891-46fd-8f5c-72bc827f2ef5:20160407213830.650:1593</Value>
          <Value>entryDN:1593:1:55a73700-c891-46fd-8f5c-72bc827f2ef5:20160407213830.650:1593</Value>
          <Value>isSingleValued:1593:1:55a73700-c891-46fd-8f5c-72bc827f2ef5:20160407213830.650:1593</Value>
          <Value>lDAPDisplayName:1593:1:55a73700-c891-46fd-8f5c-72bc827f2ef5:20160407213830.650:1593</Value>
          <Value>modifyTimeStamp:1593:1:55a73700-c891-46fd-8f5c-72bc827f2ef5:20160407213830.650:1593</Value>
          <Value>objectClass:1593:1:55a73700-c891-46fd-8f5c-72bc827f2ef5:20160407213830.650:1593</Value>
          <Value>objectGUID:1593:1:55a73700-c891-46fd-8f5c-72bc827f2ef5:20160407213830.650:1593</Value>
          <Value>oMSyntax:1593:1:55a73700-c891-46fd-8f5c-72bc827f2ef5:20160407213830.650:1593</Value>
          <Value>schemaIDGUID:1593:1:55a73700-c891-46fd-8f5c-72bc827f2ef5:20160407213830.650:1593</Value>
          <Value>uSNChanged:1593:1:55a73700-c891-46fd-8f5c-72bc827f2ef5:20160407213830.650:1593</Value>
          <Value>uSNCreated:1593:1:55a73700-c891-46fd-8f5c-72bc827f2ef5:20160407213830.650:1593</Value>
          <Value>vmwAttributeUsage:1593:1:55a73700-c891-46fd-8f5c-72bc827f2ef5:20160407213830.650:1593</Value>
        </AttributeMetadata>
      </AttributeSchemaEntry>
      <AttributeSchemaEntry>
        <Name>knowledgeInformation</Name>
        <AttributeMetadata>
          <Value>attributeID:188:1:55a73700-c891-46fd-8f5c-72bc827f2ef5:20160407213828.302:188</Value>
          <Value>attributeSyntax:188:1:55a73700-c891-46fd-8f5c-72bc827f2ef5:20160407213828.302:188</Value>
          <Value>cn:188:1:55a73700-c891-46fd-8f5c-72bc827f2ef5:20160407213828.302:188</Value>
          <Value>createTimeStamp:188:1:55a73700-c891-46fd-8f5c-72bc827f2ef5:20160407213828.302:188</Value>
          <Value>entryDN:188:1:55a73700-c891-46fd-8f5c-72bc827f2ef5:20160407213828.302:188</Value>
          <Value>isSingleValued:188:1:55a73700-c891-46fd-8f5c-72bc827f2ef5:20160407213828.302:188</Value>
          <Value>lDAPDisplayName:188:1:55a73700-c891-46fd-8f5c-72bc827f2ef5:20160407213828.302:188</Value>
          <Value>modifyTimeStamp:188:1:55a73700-c891-46fd-8f5c-72bc827f2ef5:20160407213828.302:188</Value>
          <Value>objectClass:188:1:55a73700-c891-46fd-8f5c-72bc827f2ef5:20160407213828.302:188</Value>
          <Value>objectGUID:188:1:55a73700-c891-46fd-8f5c-72bc827f2ef5:20160407213828.302:188</Value>
          <Value>oMSyntax:188:1:55a73700-c891-46fd-8f5c-72bc827f2ef5:20160407213828.302:188</Value>
          <Value>schemaIDGUID:188:1:55a73700-c891-46fd-8f5c-72bc827f2ef5:20160407213828.302:188</Value>
          <Value>uSNChanged:188:1:55a73700-c891-46fd-8f5c-72bc827f2ef5:20160407213828.302:188</Value>
          <Value>uSNCreated:188:1:55a73700-c891-46fd-8f5c-72bc827f2ef5:20160407213828.302:188</Value>
          <Value>vmwAttributeUsage:188:1:55a73700-c891-46fd-8f5c-72bc827f2ef5:20160407213828.302:188</Value>
        </AttributeMetadata>
      </AttributeSchemaEntry>
      <AttributeSchemaEntry>
        <Name>krbAdmServers</Name>
        <AttributeMetadata>
          <Value>attributeID:622:1:55a73700-c891-46fd-8f5c-72bc827f2ef5:20160407213828.980:622</Value>
          <Value>attributeSyntax:622:1:55a73700-c891-46fd-8f5c-72bc827f2ef5:20160407213828.980:622</Value>
          <Value>cn:622:1:55a73700-c891-46fd-8f5c-72bc827f2ef5:20160407213828.980:622</Value>
          <Value>createTimeStamp:622:1:55a73700-c891-46fd-8f5c-72bc827f2ef5:20160407213828.980:622</Value>
          <Value>entryDN:622:1:55a73700-c891-46fd-8f5c-72bc827f2ef5:20160407213828.980:622</Value>
          <Value>isSingleValued:622:1:55a73700-c891-46fd-8f5c-72bc827f2ef5:20160407213828.980:622</Value>
          <Value>lDAPDisplayName:622:1:55a73700-c891-46fd-8f5c-72bc827f2ef5:20160407213828.980:622</Value>
          <Value>modifyTimeStamp:622:1:55a73700-c891-46fd-8f5c-72bc827f2ef5:20160407213828.980:622</Value>
          <Value>objectClass:622:1:55a73700-c891-46fd-8f5c-72bc827f2ef5:20160407213828.980:622</Value>
          <Value>objectGUID:622:1:55a73700-c891-46fd-8f5c-72bc827f2ef5:20160407213828.980:622</Value>
          <Value>oMSyntax:622:1:55a73700-c891-46fd-8f5c-72bc827f2ef5:20160407213828.980:622</Value>
          <Value>schemaIDGUID:622:1:55a73700-c891-46fd-8f5c-72bc827f2ef5:20160407213828.980:622</Value>
          <Value>uSNChanged:622:1:55a73700-c891-46fd-8f5c-72bc827f2ef5:20160407213828.980:622</Value>
          <Value>uSNCreated:622:1:55a73700-c891-46fd-8f5c-72bc827f2ef5:20160407213828.980:622</Value>
          <Value>vmwAttributeUsage:622:1:55a73700-c891-46fd-8f5c-72bc827f2ef5:20160407213828.980:622</Value>
        </AttributeMetadata>
      </AttributeSchemaEntry>
      <AttributeSchemaEntry>
        <Name>krbAllowedToDelegateTo</Name>
        <AttributeMetadata>
          <Value>attributeID:1735:1:55a73700-c891-46fd-8f5c-72bc827f2ef5:20160407213830.891:1735</Value>
          <Value>attributeSyntax:1735:1:55a73700-c891-46fd-8f5c-72bc827f2ef5:20160407213830.891:1735</Value>
          <Value>cn:1735:1:55a73700-c891-46fd-8f5c-72bc827f2ef5:20160407213830.891:1735</Value>
          <Value>createTimeStamp:1735:1:55a73700-c891-46fd-8f5c-72bc827f2ef5:20160407213830.891:1735</Value>
          <Value>entryDN:1735:1:55a73700-c891-46fd-8f5c-72bc827f2ef5:20160407213830.891:1735</Value>
          <Value>isSingleValued:1735:1:55a73700-c891-46fd-8f5c-72bc827f2ef5:20160407213830.891:1735</Value>
          <Value>lDAPDisplayName:1735:1:55a73700-c891-46fd-8f5c-72bc827f2ef5:20160407213830.891:1735</Value>
          <Value>modifyTimeStamp:1735:1:55a73700-c891-46fd-8f5c-72bc827f2ef5:20160407213830.891:1735</Value>
          <Value>objectClass:1735:1:55a73700-c891-46fd-8f5c-72bc827f2ef5:20160407213830.891:1735</Value>
          <Value>objectGUID:1735:1:55a73700-c891-46fd-8f5c-72bc827f2ef5:20160407213830.891:1735</Value>
          <Value>oMSyntax:1735:1:55a73700-c891-46fd-8f5c-72bc827f2ef5:20160407213830.891:1735</Value>
          <Value>schemaIDGUID:1735:1:55a73700-c891-46fd-8f5c-72bc827f2ef5:20160407213830.891:1735</Value>
          <Value>uSNChanged:1735:1:55a73700-c891-46fd-8f5c-72bc827f2ef5:20160407213830.891:1735</Value>
          <Value>uSNCreated:1735:1:55a73700-c891-46fd-8f5c-72bc827f2ef5:20160407213830.891:1735</Value>
          <Value>vmwAttributeUsage:1735:1:55a73700-c891-46fd-8f5c-72bc827f2ef5:20160407213830.891:1735</Value>
        </AttributeMetadata>
      </AttributeSchemaEntry>
      <AttributeSchemaEntry>
        <Name>krbCanonicalName</Name>
        <AttributeMetadata>
          <Value>attributeID:886:1:55a73700-c891-46fd-8f5c-72bc827f2ef5:20160407213829.445:886</Value>
          <Value>attributeSyntax:886:1:55a73700-c891-46fd-8f5c-72bc827f2ef5:20160407213829.445:886</Value>
          <Value>cn:886:1:55a73700-c891-46fd-8f5c-72bc827f2ef5:20160407213829.445:886</Value>
          <Value>createTimeStamp:886:1:55a73700-c891-46fd-8f5c-72bc827f2ef5:20160407213829.445:886</Value>
          <Value>entryDN:886:1:55a73700-c891-46fd-8f5c-72bc827f2ef5:20160407213829.445:886</Value>
          <Value>isSingleValued:886:1:55a73700-c891-46fd-8f5c-72bc827f2ef5:20160407213829.445:886</Value>
          <Value>lDAPDisplayName:886:1:55a73700-c891-46fd-8f5c-72bc827f2ef5:20160407213829.445:886</Value>
          <Value>modifyTimeStamp:886:1:55a73700-c891-46fd-8f5c-72bc827f2ef5:20160407213829.445:886</Value>
          <Value>objectClass:886:1:55a73700-c891-46fd-8f5c-72bc827f2ef5:20160407213829.445:886</Value>
          <Value>objectGUID:886:1:55a73700-c891-46fd-8f5c-72bc827f2ef5:20160407213829.445:886</Value>
          <Value>oMSyntax:886:1:55a73700-c891-46fd-8f5c-72bc827f2ef5:20160407213829.445:886</Value>
          <Value>schemaIDGUID:886:1:55a73700-c891-46fd-8f5c-72bc827f2ef5:20160407213829.445:886</Value>
          <Value>uSNChanged:886:1:55a73700-c891-46fd-8f5c-72bc827f2ef5:20160407213829.445:886</Value>
          <Value>uSNCreated:886:1:55a73700-c891-46fd-8f5c-72bc827f2ef5:20160407213829.445:886</Value>
          <Value>vmwAttributeUsage:886:1:55a73700-c891-46fd-8f5c-72bc827f2ef5:20160407213829.445:886</Value>
        </AttributeMetadata>
      </AttributeSchemaEntry>
      <AttributeSchemaEntry>
        <Name>krbDefaultEncSaltTypes</Name>
        <AttributeMetadata>
          <Value>attributeID:249:1:55a73700-c891-46fd-8f5c-72bc827f2ef5:20160407213828.391:249</Value>
          <Value>attributeSyntax:249:1:55a73700-c891-46fd-8f5c-72bc827f2ef5:20160407213828.391:249</Value>
          <Value>cn:249:1:55a73700-c891-46fd-8f5c-72bc827f2ef5:20160407213828.391:249</Value>
          <Value>createTimeStamp:249:1:55a73700-c891-46fd-8f5c-72bc827f2ef5:20160407213828.391:249</Value>
          <Value>entryDN:249:1:55a73700-c891-46fd-8f5c-72bc827f2ef5:20160407213828.391:249</Value>
          <Value>isSingleValued:249:1:55a73700-c891-46fd-8f5c-72bc827f2ef5:20160407213828.391:249</Value>
          <Value>lDAPDisplayName:249:1:55a73700-c891-46fd-8f5c-72bc827f2ef5:20160407213828.391:249</Value>
          <Value>modifyTimeStamp:249:1:55a73700-c891-46fd-8f5c-72bc827f2ef5:20160407213828.391:249</Value>
          <Value>objectClass:249:1:55a73700-c891-46fd-8f5c-72bc827f2ef5:20160407213828.391:249</Value>
          <Value>objectGUID:249:1:55a73700-c891-46fd-8f5c-72bc827f2ef5:20160407213828.391:249</Value>
          <Value>oMSyntax:249:1:55a73700-c891-46fd-8f5c-72bc827f2ef5:20160407213828.391:249</Value>
          <Value>schemaIDGUID:249:1:55a73700-c891-46fd-8f5c-72bc827f2ef5:20160407213828.391:249</Value>
          <Value>uSNChanged:249:1:55a73700-c891-46fd-8f5c-72bc827f2ef5:20160407213828.391:249</Value>
          <Value>uSNCreated:249:1:55a73700-c891-46fd-8f5c-72bc827f2ef5:20160407213828.391:249</Value>
          <Value>vmwAttributeUsage:249:1:55a73700-c891-46fd-8f5c-72bc827f2ef5:20160407213828.391:249</Value>
        </AttributeMetadata>
      </AttributeSchemaEntry>
      <AttributeSchemaEntry>
        <Name>krbExtraData</Name>
        <AttributeMetadata>
          <Value>attributeID:1328:1:55a73700-c891-46fd-8f5c-72bc827f2ef5:20160407213830.208:1328</Value>
          <Value>attributeSyntax:1328:1:55a73700-c891-46fd-8f5c-72bc827f2ef5:20160407213830.208:1328</Value>
          <Value>cn:1328:1:55a73700-c891-46fd-8f5c-72bc827f2ef5:20160407213830.208:1328</Value>
          <Value>createTimeStamp:1328:1:55a73700-c891-46fd-8f5c-72bc827f2ef5:20160407213830.208:1328</Value>
          <Value>entryDN:1328:1:55a73700-c891-46fd-8f5c-72bc827f2ef5:20160407213830.208:1328</Value>
          <Value>isSingleValued:1328:1:55a73700-c891-46fd-8f5c-72bc827f2ef5:20160407213830.208:1328</Value>
          <Value>lDAPDisplayName:1328:1:55a73700-c891-46fd-8f5c-72bc827f2ef5:20160407213830.208:1328</Value>
          <Value>modifyTimeStamp:1328:1:55a73700-c891-46fd-8f5c-72bc827f2ef5:20160407213830.208:1328</Value>
          <Value>objectClass:1328:1:55a73700-c891-46fd-8f5c-72bc827f2ef5:20160407213830.208:1328</Value>
          <Value>objectGUID:1328:1:55a73700-c891-46fd-8f5c-72bc827f2ef5:20160407213830.208:1328</Value>
          <Value>oMSyntax:1328:1:55a73700-c891-46fd-8f5c-72bc827f2ef5:20160407213830.208:1328</Value>
          <Value>schemaIDGUID:1328:1:55a73700-c891-46fd-8f5c-72bc827f2ef5:20160407213830.208:1328</Value>
          <Value>uSNChanged:1328:1:55a73700-c891-46fd-8f5c-72bc827f2ef5:20160407213830.208:1328</Value>
          <Value>uSNCreated:1328:1:55a73700-c891-46fd-8f5c-72bc827f2ef5:20160407213830.208:1328</Value>
          <Value>vmwAttributeUsage:1328:1:55a73700-c891-46fd-8f5c-72bc827f2ef5:20160407213830.208:1328</Value>
        </AttributeMetadata>
      </AttributeSchemaEntry>
      <AttributeSchemaEntry>
        <Name>krbHostServer</Name>
        <AttributeMetadata>
          <Value>attributeID:764:1:55a73700-c891-46fd-8f5c-72bc827f2ef5:20160407213829.233:764</Value>
          <Value>attributeSyntax:764:1:55a73700-c891-46fd-8f5c-72bc827f2ef5:20160407213829.233:764</Value>
          <Value>cn:764:1:55a73700-c891-46fd-8f5c-72bc827f2ef5:20160407213829.233:764</Value>
          <Value>createTimeStamp:764:1:55a73700-c891-46fd-8f5c-72bc827f2ef5:20160407213829.233:764</Value>
          <Value>entryDN:764:1:55a73700-c891-46fd-8f5c-72bc827f2ef5:20160407213829.233:764</Value>
          <Value>isSingleValued:764:1:55a73700-c891-46fd-8f5c-72bc827f2ef5:20160407213829.233:764</Value>
          <Value>lDAPDisplayName:764:1:55a73700-c891-46fd-8f5c-72bc827f2ef5:20160407213829.233:764</Value>
          <Value>modifyTimeStamp:764:1:55a73700-c891-46fd-8f5c-72bc827f2ef5:20160407213829.233:764</Value>
          <Value>objectClass:764:1:55a73700-c891-46fd-8f5c-72bc827f2ef5:20160407213829.233:764</Value>
          <Value>objectGUID:764:1:55a73700-c891-46fd-8f5c-72bc827f2ef5:20160407213829.233:764</Value>
          <Value>oMSyntax:764:1:55a73700-c891-46fd-8f5c-72bc827f2ef5:20160407213829.233:764</Value>
          <Value>schemaIDGUID:764:1:55a73700-c891-46fd-8f5c-72bc827f2ef5:20160407213829.233:764</Value>
          <Value>uSNChanged:764:1:55a73700-c891-46fd-8f5c-72bc827f2ef5:20160407213829.233:764</Value>
          <Value>uSNCreated:764:1:55a73700-c891-46fd-8f5c-72bc827f2ef5:20160407213829.233:764</Value>
          <Value>vmwAttributeUsage:764:1:55a73700-c891-46fd-8f5c-72bc827f2ef5:20160407213829.233:764</Value>
        </AttributeMetadata>
      </AttributeSchemaEntry>
      <AttributeSchemaEntry>
        <Name>krbKdcServers</Name>
        <AttributeMetadata>
          <Value>attributeID:222:1:55a73700-c891-46fd-8f5c-72bc827f2ef5:20160407213828.354:222</Value>
          <Value>attributeSyntax:222:1:55a73700-c891-46fd-8f5c-72bc827f2ef5:20160407213828.354:222</Value>
          <Value>cn:222:1:55a73700-c891-46fd-8f5c-72bc827f2ef5:20160407213828.354:222</Value>
          <Value>createTimeStamp:222:1:55a73700-c891-46fd-8f5c-72bc827f2ef5:20160407213828.354:222</Value>
          <Value>entryDN:222:1:55a73700-c891-46fd-8f5c-72bc827f2ef5:20160407213828.354:222</Value>
          <Value>isSingleValued:222:1:55a73700-c891-46fd-8f5c-72bc827f2ef5:20160407213828.354:222</Value>
          <Value>lDAPDisplayName:222:1:55a73700-c891-46fd-8f5c-72bc827f2ef5:20160407213828.354:222</Value>
          <Value>modifyTimeStamp:222:1:55a73700-c891-46fd-8f5c-72bc827f2ef5:20160407213828.354:222</Value>
          <Value>objectClass:222:1:55a73700-c891-46fd-8f5c-72bc827f2ef5:20160407213828.354:222</Value>
          <Value>objectGUID:222:1:55a73700-c891-46fd-8f5c-72bc827f2ef5:20160407213828.354:222</Value>
          <Value>oMSyntax:222:1:55a73700-c891-46fd-8f5c-72bc827f2ef5:20160407213828.354:222</Value>
          <Value>schemaIDGUID:222:1:55a73700-c891-46fd-8f5c-72bc827f2ef5:20160407213828.354:222</Value>
          <Value>uSNChanged:222:1:55a73700-c891-46fd-8f5c-72bc827f2ef5:20160407213828.354:222</Value>
          <Value>uSNCreated:222:1:55a73700-c891-46fd-8f5c-72bc827f2ef5:20160407213828.354:222</Value>
          <Value>vmwAttributeUsage:222:1:55a73700-c891-46fd-8f5c-72bc827f2ef5:20160407213828.354:222</Value>
        </AttributeMetadata>
      </AttributeSchemaEntry>
      <AttributeSchemaEntry>
        <Name>krbLastAdminUnlock</Name>
        <AttributeMetadata>
          <Value>attributeID:835:1:55a73700-c891-46fd-8f5c-72bc827f2ef5:20160407213829.353:835</Value>
          <Value>attributeSyntax:835:1:55a73700-c891-46fd-8f5c-72bc827f2ef5:20160407213829.353:835</Value>
          <Value>cn:835:1:55a73700-c891-46fd-8f5c-72bc827f2ef5:20160407213829.353:835</Value>
          <Value>createTimeStamp:835:1:55a73700-c891-46fd-8f5c-72bc827f2ef5:20160407213829.353:835</Value>
          <Value>entryDN:835:1:55a73700-c891-46fd-8f5c-72bc827f2ef5:20160407213829.353:835</Value>
          <Value>isSingleValued:835:1:55a73700-c891-46fd-8f5c-72bc827f2ef5:20160407213829.353:835</Value>
          <Value>lDAPDisplayName:835:1:55a73700-c891-46fd-8f5c-72bc827f2ef5:20160407213829.353:835</Value>
          <Value>modifyTimeStamp:835:1:55a73700-c891-46fd-8f5c-72bc827f2ef5:20160407213829.353:835</Value>
          <Value>objectClass:835:1:55a73700-c891-46fd-8f5c-72bc827f2ef5:20160407213829.353:835</Value>
          <Value>objectGUID:835:1:55a73700-c891-46fd-8f5c-72bc827f2ef5:20160407213829.353:835</Value>
          <Value>oMSyntax:835:1:55a73700-c891-46fd-8f5c-72bc827f2ef5:20160407213829.353:835</Value>
          <Value>schemaIDGUID:835:1:55a73700-c891-46fd-8f5c-72bc827f2ef5:20160407213829.353:835</Value>
          <Value>uSNChanged:835:1:55a73700-c891-46fd-8f5c-72bc827f2ef5:20160407213829.353:835</Value>
          <Value>uSNCreated:835:1:55a73700-c891-46fd-8f5c-72bc827f2ef5:20160407213829.353:835</Value>
          <Value>vmwAttributeUsage:835:1:55a73700-c891-46fd-8f5c-72bc827f2ef5:20160407213829.353:835</Value>
        </AttributeMetadata>
      </AttributeSchemaEntry>
      <AttributeSchemaEntry>
        <Name>krbLastFailedAuth</Name>
        <AttributeMetadata>
          <Value>attributeID:278:1:55a73700-c891-46fd-8f5c-72bc827f2ef5:20160407213828.436:278</Value>
          <Value>attributeSyntax:278:1:55a73700-c891-46fd-8f5c-72bc827f2ef5:20160407213828.436:278</Value>
          <Value>cn:278:1:55a73700-c891-46fd-8f5c-72bc827f2ef5:20160407213828.436:278</Value>
          <Value>createTimeStamp:278:1:55a73700-c891-46fd-8f5c-72bc827f2ef5:20160407213828.436:278</Value>
          <Value>entryDN:278:1:55a73700-c891-46fd-8f5c-72bc827f2ef5:20160407213828.436:278</Value>
          <Value>isSingleValued:278:1:55a73700-c891-46fd-8f5c-72bc827f2ef5:20160407213828.436:278</Value>
          <Value>lDAPDisplayName:278:1:55a73700-c891-46fd-8f5c-72bc827f2ef5:20160407213828.436:278</Value>
          <Value>modifyTimeStamp:278:1:55a73700-c891-46fd-8f5c-72bc827f2ef5:20160407213828.436:278</Value>
          <Value>objectClass:278:1:55a73700-c891-46fd-8f5c-72bc827f2ef5:20160407213828.436:278</Value>
          <Value>objectGUID:278:1:55a73700-c891-46fd-8f5c-72bc827f2ef5:20160407213828.436:278</Value>
          <Value>oMSyntax:278:1:55a73700-c891-46fd-8f5c-72bc827f2ef5:20160407213828.436:278</Value>
          <Value>schemaIDGUID:278:1:55a73700-c891-46fd-8f5c-72bc827f2ef5:20160407213828.436:278</Value>
          <Value>uSNChanged:278:1:55a73700-c891-46fd-8f5c-72bc827f2ef5:20160407213828.436:278</Value>
          <Value>uSNCreated:278:1:55a73700-c891-46fd-8f5c-72bc827f2ef5:20160407213828.436:278</Value>
          <Value>vmwAttributeUsage:278:1:55a73700-c891-46fd-8f5c-72bc827f2ef5:20160407213828.436:278</Value>
        </AttributeMetadata>
      </AttributeSchemaEntry>
      <AttributeSchemaEntry>
        <Name>krbLastPwdChange</Name>
        <AttributeMetadata>
          <Value>attributeID:948:1:55a73700-c891-46fd-8f5c-72bc827f2ef5:20160407213829.542:948</Value>
          <Value>attributeSyntax:948:1:55a73700-c891-46fd-8f5c-72bc827f2ef5:20160407213829.542:948</Value>
          <Value>cn:948:1:55a73700-c891-46fd-8f5c-72bc827f2ef5:20160407213829.542:948</Value>
          <Value>createTimeStamp:948:1:55a73700-c891-46fd-8f5c-72bc827f2ef5:20160407213829.542:948</Value>
          <Value>entryDN:948:1:55a73700-c891-46fd-8f5c-72bc827f2ef5:20160407213829.542:948</Value>
          <Value>isSingleValued:948:1:55a73700-c891-46fd-8f5c-72bc827f2ef5:20160407213829.542:948</Value>
          <Value>lDAPDisplayName:948:1:55a73700-c891-46fd-8f5c-72bc827f2ef5:20160407213829.542:948</Value>
          <Value>modifyTimeStamp:948:1:55a73700-c891-46fd-8f5c-72bc827f2ef5:20160407213829.542:948</Value>
          <Value>objectClass:948:1:55a73700-c891-46fd-8f5c-72bc827f2ef5:20160407213829.542:948</Value>
          <Value>objectGUID:948:1:55a73700-c891-46fd-8f5c-72bc827f2ef5:20160407213829.542:948</Value>
          <Value>oMSyntax:948:1:55a73700-c891-46fd-8f5c-72bc827f2ef5:20160407213829.542:948</Value>
          <Value>schemaIDGUID:948:1:55a73700-c891-46fd-8f5c-72bc827f2ef5:20160407213829.542:948</Value>
          <Value>uSNChanged:948:1:55a73700-c891-46fd-8f5c-72bc827f2ef5:20160407213829.542:948</Value>
          <Value>uSNCreated:948:1:55a73700-c891-46fd-8f5c-72bc827f2ef5:20160407213829.542:948</Value>
          <Value>vmwAttributeUsage:948:1:55a73700-c891-46fd-8f5c-72bc827f2ef5:20160407213829.542:948</Value>
        </AttributeMetadata>
      </AttributeSchemaEntry>
      <AttributeSchemaEntry>
        <Name>krbLastSuccessfulAuth</Name>
        <AttributeMetadata>
          <Value>attributeID:1128:1:55a73700-c891-46fd-8f5c-72bc827f2ef5:20160407213829.875:1128</Value>
          <Value>attributeSyntax:1128:1:55a73700-c891-46fd-8f5c-72bc827f2ef5:20160407213829.875:1128</Value>
          <Value>cn:1128:1:55a73700-c891-46fd-8f5c-72bc827f2ef5:20160407213829.875:1128</Value>
          <Value>createTimeStamp:1128:1:55a73700-c891-46fd-8f5c-72bc827f2ef5:20160407213829.875:1128</Value>
          <Value>entryDN:1128:1:55a73700-c891-46fd-8f5c-72bc827f2ef5:20160407213829.875:1128</Value>
          <Value>isSingleValued:1128:1:55a73700-c891-46fd-8f5c-72bc827f2ef5:20160407213829.875:1128</Value>
          <Value>lDAPDisplayName:1128:1:55a73700-c891-46fd-8f5c-72bc827f2ef5:20160407213829.875:1128</Value>
          <Value>modifyTimeStamp:1128:1:55a73700-c891-46fd-8f5c-72bc827f2ef5:20160407213829.875:1128</Value>
          <Value>objectClass:1128:1:55a73700-c891-46fd-8f5c-72bc827f2ef5:20160407213829.875:1128</Value>
          <Value>objectGUID:1128:1:55a73700-c891-46fd-8f5c-72bc827f2ef5:20160407213829.875:1128</Value>
          <Value>oMSyntax:1128:1:55a73700-c891-46fd-8f5c-72bc827f2ef5:20160407213829.875:1128</Value>
          <Value>schemaIDGUID:1128:1:55a73700-c891-46fd-8f5c-72bc827f2ef5:20160407213829.875:1128</Value>
          <Value>uSNChanged:1128:1:55a73700-c891-46fd-8f5c-72bc827f2ef5:20160407213829.875:1128</Value>
          <Value>uSNCreated:1128:1:55a73700-c891-46fd-8f5c-72bc827f2ef5:20160407213829.875:1128</Value>
          <Value>vmwAttributeUsage:1128:1:55a73700-c891-46fd-8f5c-72bc827f2ef5:20160407213829.875:1128</Value>
        </AttributeMetadata>
      </AttributeSchemaEntry>
      <AttributeSchemaEntry>
        <Name>krbLdapServers</Name>
        <AttributeMetadata>
          <Value>attributeID:842:1:55a73700-c891-46fd-8f5c-72bc827f2ef5:20160407213829.361:842</Value>
          <Value>attributeSyntax:842:1:55a73700-c891-46fd-8f5c-72bc827f2ef5:20160407213829.361:842</Value>
          <Value>cn:842:1:55a73700-c891-46fd-8f5c-72bc827f2ef5:20160407213829.361:842</Value>
          <Value>createTimeStamp:842:1:55a73700-c891-46fd-8f5c-72bc827f2ef5:20160407213829.361:842</Value>
          <Value>entryDN:842:1:55a73700-c891-46fd-8f5c-72bc827f2ef5:20160407213829.361:842</Value>
          <Value>isSingleValued:842:1:55a73700-c891-46fd-8f5c-72bc827f2ef5:20160407213829.361:842</Value>
          <Value>lDAPDisplayName:842:1:55a73700-c891-46fd-8f5c-72bc827f2ef5:20160407213829.361:842</Value>
          <Value>modifyTimeStamp:842:1:55a73700-c891-46fd-8f5c-72bc827f2ef5:20160407213829.361:842</Value>
          <Value>objectClass:842:1:55a73700-c891-46fd-8f5c-72bc827f2ef5:20160407213829.361:842</Value>
          <Value>objectGUID:842:1:55a73700-c891-46fd-8f5c-72bc827f2ef5:20160407213829.361:842</Value>
          <Value>oMSyntax:842:1:55a73700-c891-46fd-8f5c-72bc827f2ef5:20160407213829.361:842</Value>
          <Value>schemaIDGUID:842:1:55a73700-c891-46fd-8f5c-72bc827f2ef5:20160407213829.361:842</Value>
          <Value>uSNChanged:842:1:55a73700-c891-46fd-8f5c-72bc827f2ef5:20160407213829.361:842</Value>
          <Value>uSNCreated:842:1:55a73700-c891-46fd-8f5c-72bc827f2ef5:20160407213829.361:842</Value>
          <Value>vmwAttributeUsage:842:1:55a73700-c891-46fd-8f5c-72bc827f2ef5:20160407213829.361:842</Value>
        </AttributeMetadata>
      </AttributeSchemaEntry>
      <AttributeSchemaEntry>
        <Name>krbLoginFailedCount</Name>
        <AttributeMetadata>
          <Value>attributeID:316:1:55a73700-c891-46fd-8f5c-72bc827f2ef5:20160407213828.492:316</Value>
          <Value>attributeSyntax:316:1:55a73700-c891-46fd-8f5c-72bc827f2ef5:20160407213828.492:316</Value>
          <Value>cn:316:1:55a73700-c891-46fd-8f5c-72bc827f2ef5:20160407213828.492:316</Value>
          <Value>createTimeStamp:316:1:55a73700-c891-46fd-8f5c-72bc827f2ef5:20160407213828.492:316</Value>
          <Value>entryDN:316:1:55a73700-c891-46fd-8f5c-72bc827f2ef5:20160407213828.492:316</Value>
          <Value>isSingleValued:316:1:55a73700-c891-46fd-8f5c-72bc827f2ef5:20160407213828.492:316</Value>
          <Value>lDAPDisplayName:316:1:55a73700-c891-46fd-8f5c-72bc827f2ef5:20160407213828.492:316</Value>
          <Value>modifyTimeStamp:316:1:55a73700-c891-46fd-8f5c-72bc827f2ef5:20160407213828.492:316</Value>
          <Value>objectClass:316:1:55a73700-c891-46fd-8f5c-72bc827f2ef5:20160407213828.492:316</Value>
          <Value>objectGUID:316:1:55a73700-c891-46fd-8f5c-72bc827f2ef5:20160407213828.492:316</Value>
          <Value>oMSyntax:316:1:55a73700-c891-46fd-8f5c-72bc827f2ef5:20160407213828.492:316</Value>
          <Value>schemaIDGUID:316:1:55a73700-c891-46fd-8f5c-72bc827f2ef5:20160407213828.492:316</Value>
          <Value>uSNChanged:316:1:55a73700-c891-46fd-8f5c-72bc827f2ef5:20160407213828.492:316</Value>
          <Value>uSNCreated:316:1:55a73700-c891-46fd-8f5c-72bc827f2ef5:20160407213828.492:316</Value>
          <Value>vmwAttributeUsage:316:1:55a73700-c891-46fd-8f5c-72bc827f2ef5:20160407213828.492:316</Value>
        </AttributeMetadata>
      </AttributeSchemaEntry>
      <AttributeSchemaEntry>
        <Name>krbMaxPwdLife</Name>
        <AttributeMetadata>
          <Value>attributeID:1125:1:55a73700-c891-46fd-8f5c-72bc827f2ef5:20160407213829.863:1125</Value>
          <Value>attributeSyntax:1125:1:55a73700-c891-46fd-8f5c-72bc827f2ef5:20160407213829.863:1125</Value>
          <Value>cn:1125:1:55a73700-c891-46fd-8f5c-72bc827f2ef5:20160407213829.863:1125</Value>
          <Value>createTimeStamp:1125:1:55a73700-c891-46fd-8f5c-72bc827f2ef5:20160407213829.863:1125</Value>
          <Value>entryDN:1125:1:55a73700-c891-46fd-8f5c-72bc827f2ef5:20160407213829.863:1125</Value>
          <Value>isSingleValued:1125:1:55a73700-c891-46fd-8f5c-72bc827f2ef5:20160407213829.863:1125</Value>
          <Value>lDAPDisplayName:1125:1:55a73700-c891-46fd-8f5c-72bc827f2ef5:20160407213829.863:1125</Value>
          <Value>modifyTimeStamp:1125:1:55a73700-c891-46fd-8f5c-72bc827f2ef5:20160407213829.863:1125</Value>
          <Value>objectClass:1125:1:55a73700-c891-46fd-8f5c-72bc827f2ef5:20160407213829.863:1125</Value>
          <Value>objectGUID:1125:1:55a73700-c891-46fd-8f5c-72bc827f2ef5:20160407213829.863:1125</Value>
          <Value>oMSyntax:1125:1:55a73700-c891-46fd-8f5c-72bc827f2ef5:20160407213829.863:1125</Value>
          <Value>schemaIDGUID:1125:1:55a73700-c891-46fd-8f5c-72bc827f2ef5:20160407213829.863:1125</Value>
          <Value>uSNChanged:1125:1:55a73700-c891-46fd-8f5c-72bc827f2ef5:20160407213829.863:1125</Value>
          <Value>uSNCreated:1125:1:55a73700-c891-46fd-8f5c-72bc827f2ef5:20160407213829.863:1125</Value>
          <Value>vmwAttributeUsage:1125:1:55a73700-c891-46fd-8f5c-72bc827f2ef5:20160407213829.863:1125</Value>
        </AttributeMetadata>
      </AttributeSchemaEntry>
      <AttributeSchemaEntry>
        <Name>krbMaxRenewableAge</Name>
        <AttributeMetadata>
          <Value>attributeID:180:1:55a73700-c891-46fd-8f5c-72bc827f2ef5:20160407213828.296:180</Value>
          <Value>attributeSyntax:180:1:55a73700-c891-46fd-8f5c-72bc827f2ef5:20160407213828.296:180</Value>
          <Value>cn:180:1:55a73700-c891-46fd-8f5c-72bc827f2ef5:20160407213828.296:180</Value>
          <Value>createTimeStamp:180:1:55a73700-c891-46fd-8f5c-72bc827f2ef5:20160407213828.296:180</Value>
          <Value>entryDN:180:1:55a73700-c891-46fd-8f5c-72bc827f2ef5:20160407213828.296:180</Value>
          <Value>isSingleValued:180:1:55a73700-c891-46fd-8f5c-72bc827f2ef5:20160407213828.296:180</Value>
          <Value>lDAPDisplayName:180:1:55a73700-c891-46fd-8f5c-72bc827f2ef5:20160407213828.296:180</Value>
          <Value>modifyTimeStamp:180:1:55a73700-c891-46fd-8f5c-72bc827f2ef5:20160407213828.296:180</Value>
          <Value>objectClass:180:1:55a73700-c891-46fd-8f5c-72bc827f2ef5:20160407213828.296:180</Value>
          <Value>objectGUID:180:1:55a73700-c891-46fd-8f5c-72bc827f2ef5:20160407213828.296:180</Value>
          <Value>oMSyntax:180:1:55a73700-c891-46fd-8f5c-72bc827f2ef5:20160407213828.296:180</Value>
          <Value>schemaIDGUID:180:1:55a73700-c891-46fd-8f5c-72bc827f2ef5:20160407213828.296:180</Value>
          <Value>uSNChanged:180:1:55a73700-c891-46fd-8f5c-72bc827f2ef5:20160407213828.296:180</Value>
          <Value>uSNCreated:180:1:55a73700-c891-46fd-8f5c-72bc827f2ef5:20160407213828.296:180</Value>
          <Value>vmwAttributeUsage:180:1:55a73700-c891-46fd-8f5c-72bc827f2ef5:20160407213828.296:180</Value>
        </AttributeMetadata>
      </AttributeSchemaEntry>
      <AttributeSchemaEntry>
        <Name>krbMaxTicketLife</Name>
        <AttributeMetadata>
          <Value>attributeID:274:1:55a73700-c891-46fd-8f5c-72bc827f2ef5:20160407213828.423:274</Value>
          <Value>attributeSyntax:274:1:55a73700-c891-46fd-8f5c-72bc827f2ef5:20160407213828.423:274</Value>
          <Value>cn:274:1:55a73700-c891-46fd-8f5c-72bc827f2ef5:20160407213828.423:274</Value>
          <Value>createTimeStamp:274:1:55a73700-c891-46fd-8f5c-72bc827f2ef5:20160407213828.423:274</Value>
          <Value>entryDN:274:1:55a73700-c891-46fd-8f5c-72bc827f2ef5:20160407213828.423:274</Value>
          <Value>isSingleValued:274:1:55a73700-c891-46fd-8f5c-72bc827f2ef5:20160407213828.423:274</Value>
          <Value>lDAPDisplayName:274:1:55a73700-c891-46fd-8f5c-72bc827f2ef5:20160407213828.423:274</Value>
          <Value>modifyTimeStamp:274:1:55a73700-c891-46fd-8f5c-72bc827f2ef5:20160407213828.423:274</Value>
          <Value>objectClass:274:1:55a73700-c891-46fd-8f5c-72bc827f2ef5:20160407213828.423:274</Value>
          <Value>objectGUID:274:1:55a73700-c891-46fd-8f5c-72bc827f2ef5:20160407213828.423:274</Value>
          <Value>oMSyntax:274:1:55a73700-c891-46fd-8f5c-72bc827f2ef5:20160407213828.423:274</Value>
          <Value>schemaIDGUID:274:1:55a73700-c891-46fd-8f5c-72bc827f2ef5:20160407213828.423:274</Value>
          <Value>uSNChanged:274:1:55a73700-c891-46fd-8f5c-72bc827f2ef5:20160407213828.423:274</Value>
          <Value>uSNCreated:274:1:55a73700-c891-46fd-8f5c-72bc827f2ef5:20160407213828.423:274</Value>
          <Value>vmwAttributeUsage:274:1:55a73700-c891-46fd-8f5c-72bc827f2ef5:20160407213828.423:274</Value>
        </AttributeMetadata>
      </AttributeSchemaEntry>
      <AttributeSchemaEntry>
        <Name>krbMinPwdLife</Name>
        <AttributeMetadata>
          <Value>attributeID:1086:1:55a73700-c891-46fd-8f5c-72bc827f2ef5:20160407213829.792:1086</Value>
          <Value>attributeSyntax:1086:1:55a73700-c891-46fd-8f5c-72bc827f2ef5:20160407213829.792:1086</Value>
          <Value>cn:1086:1:55a73700-c891-46fd-8f5c-72bc827f2ef5:20160407213829.792:1086</Value>
          <Value>createTimeStamp:1086:1:55a73700-c891-46fd-8f5c-72bc827f2ef5:20160407213829.792:1086</Value>
          <Value>entryDN:1086:1:55a73700-c891-46fd-8f5c-72bc827f2ef5:20160407213829.792:1086</Value>
          <Value>isSingleValued:1086:1:55a73700-c891-46fd-8f5c-72bc827f2ef5:20160407213829.792:1086</Value>
          <Value>lDAPDisplayName:1086:1:55a73700-c891-46fd-8f5c-72bc827f2ef5:20160407213829.792:1086</Value>
          <Value>modifyTimeStamp:1086:1:55a73700-c891-46fd-8f5c-72bc827f2ef5:20160407213829.792:1086</Value>
          <Value>objectClass:1086:1:55a73700-c891-46fd-8f5c-72bc827f2ef5:20160407213829.792:1086</Value>
          <Value>objectGUID:1086:1:55a73700-c891-46fd-8f5c-72bc827f2ef5:20160407213829.792:1086</Value>
          <Value>oMSyntax:1086:1:55a73700-c891-46fd-8f5c-72bc827f2ef5:20160407213829.792:1086</Value>
          <Value>schemaIDGUID:1086:1:55a73700-c891-46fd-8f5c-72bc827f2ef5:20160407213829.792:1086</Value>
          <Value>uSNChanged:1086:1:55a73700-c891-46fd-8f5c-72bc827f2ef5:20160407213829.792:1086</Value>
          <Value>uSNCreated:1086:1:55a73700-c891-46fd-8f5c-72bc827f2ef5:20160407213829.792:1086</Value>
          <Value>vmwAttributeUsage:1086:1:55a73700-c891-46fd-8f5c-72bc827f2ef5:20160407213829.792:1086</Value>
        </AttributeMetadata>
      </AttributeSchemaEntry>
      <AttributeSchemaEntry>
        <Name>krbMKey</Name>
        <AttributeMetadata>
          <Value>attributeID:1071:1:55a73700-c891-46fd-8f5c-72bc827f2ef5:20160407213829.760:1071</Value>
          <Value>attributeSyntax:1071:1:55a73700-c891-46fd-8f5c-72bc827f2ef5:20160407213829.760:1071</Value>
          <Value>cn:1071:1:55a73700-c891-46fd-8f5c-72bc827f2ef5:20160407213829.760:1071</Value>
          <Value>createTimeStamp:1071:1:55a73700-c891-46fd-8f5c-72bc827f2ef5:20160407213829.760:1071</Value>
          <Value>entryDN:1071:1:55a73700-c891-46fd-8f5c-72bc827f2ef5:20160407213829.760:1071</Value>
          <Value>isSingleValued:1071:1:55a73700-c891-46fd-8f5c-72bc827f2ef5:20160407213829.760:1071</Value>
          <Value>lDAPDisplayName:1071:1:55a73700-c891-46fd-8f5c-72bc827f2ef5:20160407213829.760:1071</Value>
          <Value>modifyTimeStamp:1071:1:55a73700-c891-46fd-8f5c-72bc827f2ef5:20160407213829.760:1071</Value>
          <Value>objectClass:1071:1:55a73700-c891-46fd-8f5c-72bc827f2ef5:20160407213829.760:1071</Value>
          <Value>objectGUID:1071:1:55a73700-c891-46fd-8f5c-72bc827f2ef5:20160407213829.760:1071</Value>
          <Value>oMSyntax:1071:1:55a73700-c891-46fd-8f5c-72bc827f2ef5:20160407213829.760:1071</Value>
          <Value>schemaIDGUID:1071:1:55a73700-c891-46fd-8f5c-72bc827f2ef5:20160407213829.760:1071</Value>
          <Value>uSNChanged:1071:1:55a73700-c891-46fd-8f5c-72bc827f2ef5:20160407213829.760:1071</Value>
          <Value>uSNCreated:1071:1:55a73700-c891-46fd-8f5c-72bc827f2ef5:20160407213829.760:1071</Value>
          <Value>vmwAttributeUsage:1071:1:55a73700-c891-46fd-8f5c-72bc827f2ef5:20160407213829.760:1071</Value>
        </AttributeMetadata>
      </AttributeSchemaEntry>
      <AttributeSchemaEntry>
        <Name>krbObjectReferences</Name>
        <AttributeMetadata>
          <Value>attributeID:345:1:55a73700-c891-46fd-8f5c-72bc827f2ef5:20160407213828.534:345</Value>
          <Value>attributeSyntax:345:1:55a73700-c891-46fd-8f5c-72bc827f2ef5:20160407213828.534:345</Value>
          <Value>cn:345:1:55a73700-c891-46fd-8f5c-72bc827f2ef5:20160407213828.534:345</Value>
          <Value>createTimeStamp:345:1:55a73700-c891-46fd-8f5c-72bc827f2ef5:20160407213828.534:345</Value>
          <Value>entryDN:345:1:55a73700-c891-46fd-8f5c-72bc827f2ef5:20160407213828.534:345</Value>
          <Value>isSingleValued:345:1:55a73700-c891-46fd-8f5c-72bc827f2ef5:20160407213828.534:345</Value>
          <Value>lDAPDisplayName:345:1:55a73700-c891-46fd-8f5c-72bc827f2ef5:20160407213828.534:345</Value>
          <Value>modifyTimeStamp:345:1:55a73700-c891-46fd-8f5c-72bc827f2ef5:20160407213828.534:345</Value>
          <Value>objectClass:345:1:55a73700-c891-46fd-8f5c-72bc827f2ef5:20160407213828.534:345</Value>
          <Value>objectGUID:345:1:55a73700-c891-46fd-8f5c-72bc827f2ef5:20160407213828.534:345</Value>
          <Value>oMSyntax:345:1:55a73700-c891-46fd-8f5c-72bc827f2ef5:20160407213828.534:345</Value>
          <Value>schemaIDGUID:345:1:55a73700-c891-46fd-8f5c-72bc827f2ef5:20160407213828.534:345</Value>
          <Value>uSNChanged:345:1:55a73700-c891-46fd-8f5c-72bc827f2ef5:20160407213828.534:345</Value>
          <Value>uSNCreated:345:1:55a73700-c891-46fd-8f5c-72bc827f2ef5:20160407213828.534:345</Value>
          <Value>vmwAttributeUsage:345:1:55a73700-c891-46fd-8f5c-72bc827f2ef5:20160407213828.534:345</Value>
        </AttributeMetadata>
      </AttributeSchemaEntry>
      <AttributeSchemaEntry>
        <Name>krbPasswordExpiration</Name>
        <AttributeMetadata>
          <Value>attributeID:1573:1:55a73700-c891-46fd-8f5c-72bc827f2ef5:20160407213830.617:1573</Value>
          <Value>attributeSyntax:1573:1:55a73700-c891-46fd-8f5c-72bc827f2ef5:20160407213830.617:1573</Value>
          <Value>cn:1573:1:55a73700-c891-46fd-8f5c-72bc827f2ef5:20160407213830.617:1573</Value>
          <Value>createTimeStamp:1573:1:55a73700-c891-46fd-8f5c-72bc827f2ef5:20160407213830.617:1573</Value>
          <Value>entryDN:1573:1:55a73700-c891-46fd-8f5c-72bc827f2ef5:20160407213830.617:1573</Value>
          <Value>isSingleValued:1573:1:55a73700-c891-46fd-8f5c-72bc827f2ef5:20160407213830.617:1573</Value>
          <Value>lDAPDisplayName:1573:1:55a73700-c891-46fd-8f5c-72bc827f2ef5:20160407213830.617:1573</Value>
          <Value>modifyTimeStamp:1573:1:55a73700-c891-46fd-8f5c-72bc827f2ef5:20160407213830.617:1573</Value>
          <Value>objectClass:1573:1:55a73700-c891-46fd-8f5c-72bc827f2ef5:20160407213830.617:1573</Value>
          <Value>objectGUID:1573:1:55a73700-c891-46fd-8f5c-72bc827f2ef5:20160407213830.617:1573</Value>
          <Value>oMSyntax:1573:1:55a73700-c891-46fd-8f5c-72bc827f2ef5:20160407213830.617:1573</Value>
          <Value>schemaIDGUID:1573:1:55a73700-c891-46fd-8f5c-72bc827f2ef5:20160407213830.617:1573</Value>
          <Value>uSNChanged:1573:1:55a73700-c891-46fd-8f5c-72bc827f2ef5:20160407213830.617:1573</Value>
          <Value>uSNCreated:1573:1:55a73700-c891-46fd-8f5c-72bc827f2ef5:20160407213830.617:1573</Value>
          <Value>vmwAttributeUsage:1573:1:55a73700-c891-46fd-8f5c-72bc827f2ef5:20160407213830.617:1573</Value>
        </AttributeMetadata>
      </AttributeSchemaEntry>
      <AttributeSchemaEntry>
        <Name>krbPrincContainerRef</Name>
        <AttributeMetadata>
          <Value>attributeID:1389:1:55a73700-c891-46fd-8f5c-72bc827f2ef5:20160407213830.306:1389</Value>
          <Value>attributeSyntax:1389:1:55a73700-c891-46fd-8f5c-72bc827f2ef5:20160407213830.306:1389</Value>
          <Value>cn:1389:1:55a73700-c891-46fd-8f5c-72bc827f2ef5:20160407213830.306:1389</Value>
          <Value>createTimeStamp:1389:1:55a73700-c891-46fd-8f5c-72bc827f2ef5:20160407213830.306:1389</Value>
          <Value>entryDN:1389:1:55a73700-c891-46fd-8f5c-72bc827f2ef5:20160407213830.306:1389</Value>
          <Value>isSingleValued:1389:1:55a73700-c891-46fd-8f5c-72bc827f2ef5:20160407213830.306:1389</Value>
          <Value>lDAPDisplayName:1389:1:55a73700-c891-46fd-8f5c-72bc827f2ef5:20160407213830.306:1389</Value>
          <Value>modifyTimeStamp:1389:1:55a73700-c891-46fd-8f5c-72bc827f2ef5:20160407213830.306:1389</Value>
          <Value>objectClass:1389:1:55a73700-c891-46fd-8f5c-72bc827f2ef5:20160407213830.306:1389</Value>
          <Value>objectGUID:1389:1:55a73700-c891-46fd-8f5c-72bc827f2ef5:20160407213830.306:1389</Value>
          <Value>oMSyntax:1389:1:55a73700-c891-46fd-8f5c-72bc827f2ef5:20160407213830.306:1389</Value>
          <Value>schemaIDGUID:1389:1:55a73700-c891-46fd-8f5c-72bc827f2ef5:20160407213830.306:1389</Value>
          <Value>uSNChanged:1389:1:55a73700-c891-46fd-8f5c-72bc827f2ef5:20160407213830.306:1389</Value>
          <Value>uSNCreated:1389:1:55a73700-c891-46fd-8f5c-72bc827f2ef5:20160407213830.306:1389</Value>
          <Value>vmwAttributeUsage:1389:1:55a73700-c891-46fd-8f5c-72bc827f2ef5:20160407213830.306:1389</Value>
        </AttributeMetadata>
      </AttributeSchemaEntry>
      <AttributeSchemaEntry>
        <Name>krbPrincipalAliases</Name>
        <AttributeMetadata>
          <Value>attributeID:160:1:55a73700-c891-46fd-8f5c-72bc827f2ef5:20160407213828.268:160</Value>
          <Value>attributeSyntax:160:1:55a73700-c891-46fd-8f5c-72bc827f2ef5:20160407213828.268:160</Value>
          <Value>cn:160:1:55a73700-c891-46fd-8f5c-72bc827f2ef5:20160407213828.268:160</Value>
          <Value>createTimeStamp:160:1:55a73700-c891-46fd-8f5c-72bc827f2ef5:20160407213828.268:160</Value>
          <Value>entryDN:160:1:55a73700-c891-46fd-8f5c-72bc827f2ef5:20160407213828.268:160</Value>
          <Value>isSingleValued:160:1:55a73700-c891-46fd-8f5c-72bc827f2ef5:20160407213828.268:160</Value>
          <Value>lDAPDisplayName:160:1:55a73700-c891-46fd-8f5c-72bc827f2ef5:20160407213828.268:160</Value>
          <Value>modifyTimeStamp:160:1:55a73700-c891-46fd-8f5c-72bc827f2ef5:20160407213828.268:160</Value>
          <Value>objectClass:160:1:55a73700-c891-46fd-8f5c-72bc827f2ef5:20160407213828.268:160</Value>
          <Value>objectGUID:160:1:55a73700-c891-46fd-8f5c-72bc827f2ef5:20160407213828.268:160</Value>
          <Value>oMSyntax:160:1:55a73700-c891-46fd-8f5c-72bc827f2ef5:20160407213828.268:160</Value>
          <Value>schemaIDGUID:160:1:55a73700-c891-46fd-8f5c-72bc827f2ef5:20160407213828.268:160</Value>
          <Value>uSNChanged:160:1:55a73700-c891-46fd-8f5c-72bc827f2ef5:20160407213828.268:160</Value>
          <Value>uSNCreated:160:1:55a73700-c891-46fd-8f5c-72bc827f2ef5:20160407213828.268:160</Value>
          <Value>vmwAttributeUsage:160:1:55a73700-c891-46fd-8f5c-72bc827f2ef5:20160407213828.268:160</Value>
        </AttributeMetadata>
      </AttributeSchemaEntry>
      <AttributeSchemaEntry>
        <Name>krbPrincipalExpiration</Name>
        <AttributeMetadata>
          <Value>attributeID:1590:1:55a73700-c891-46fd-8f5c-72bc827f2ef5:20160407213830.646:1590</Value>
          <Value>attributeSyntax:1590:1:55a73700-c891-46fd-8f5c-72bc827f2ef5:20160407213830.646:1590</Value>
          <Value>cn:1590:1:55a73700-c891-46fd-8f5c-72bc827f2ef5:20160407213830.646:1590</Value>
          <Value>createTimeStamp:1590:1:55a73700-c891-46fd-8f5c-72bc827f2ef5:20160407213830.646:1590</Value>
          <Value>entryDN:1590:1:55a73700-c891-46fd-8f5c-72bc827f2ef5:20160407213830.646:1590</Value>
          <Value>isSingleValued:1590:1:55a73700-c891-46fd-8f5c-72bc827f2ef5:20160407213830.646:1590</Value>
          <Value>lDAPDisplayName:1590:1:55a73700-c891-46fd-8f5c-72bc827f2ef5:20160407213830.646:1590</Value>
          <Value>modifyTimeStamp:1590:1:55a73700-c891-46fd-8f5c-72bc827f2ef5:20160407213830.646:1590</Value>
          <Value>objectClass:1590:1:55a73700-c891-46fd-8f5c-72bc827f2ef5:20160407213830.646:1590</Value>
          <Value>objectGUID:1590:1:55a73700-c891-46fd-8f5c-72bc827f2ef5:20160407213830.646:1590</Value>
          <Value>oMSyntax:1590:1:55a73700-c891-46fd-8f5c-72bc827f2ef5:20160407213830.646:1590</Value>
          <Value>schemaIDGUID:1590:1:55a73700-c891-46fd-8f5c-72bc827f2ef5:20160407213830.646:1590</Value>
          <Value>uSNChanged:1590:1:55a73700-c891-46fd-8f5c-72bc827f2ef5:20160407213830.646:1590</Value>
          <Value>uSNCreated:1590:1:55a73700-c891-46fd-8f5c-72bc827f2ef5:20160407213830.646:1590</Value>
          <Value>vmwAttributeUsage:1590:1:55a73700-c891-46fd-8f5c-72bc827f2ef5:20160407213830.646:1590</Value>
        </AttributeMetadata>
      </AttributeSchemaEntry>
      <AttributeSchemaEntry>
        <Name>krbPrincipalKey</Name>
        <AttributeMetadata>
          <Value>attributeID:1095:1:55a73700-c891-46fd-8f5c-72bc827f2ef5:20160407213829.805:1095</Value>
          <Value>attributeSyntax:1095:1:55a73700-c891-46fd-8f5c-72bc827f2ef5:20160407213829.805:1095</Value>
          <Value>cn:1095:1:55a73700-c891-46fd-8f5c-72bc827f2ef5:20160407213829.805:1095</Value>
          <Value>createTimeStamp:1095:1:55a73700-c891-46fd-8f5c-72bc827f2ef5:20160407213829.805:1095</Value>
          <Value>entryDN:1095:1:55a73700-c891-46fd-8f5c-72bc827f2ef5:20160407213829.805:1095</Value>
          <Value>isSingleValued:1095:1:55a73700-c891-46fd-8f5c-72bc827f2ef5:20160407213829.805:1095</Value>
          <Value>lDAPDisplayName:1095:1:55a73700-c891-46fd-8f5c-72bc827f2ef5:20160407213829.805:1095</Value>
          <Value>modifyTimeStamp:1095:1:55a73700-c891-46fd-8f5c-72bc827f2ef5:20160407213829.805:1095</Value>
          <Value>objectClass:1095:1:55a73700-c891-46fd-8f5c-72bc827f2ef5:20160407213829.805:1095</Value>
          <Value>objectGUID:1095:1:55a73700-c891-46fd-8f5c-72bc827f2ef5:20160407213829.805:1095</Value>
          <Value>oMSyntax:1095:1:55a73700-c891-46fd-8f5c-72bc827f2ef5:20160407213829.805:1095</Value>
          <Value>schemaIDGUID:1095:1:55a73700-c891-46fd-8f5c-72bc827f2ef5:20160407213829.805:1095</Value>
          <Value>uSNChanged:1095:1:55a73700-c891-46fd-8f5c-72bc827f2ef5:20160407213829.805:1095</Value>
          <Value>uSNCreated:1095:1:55a73700-c891-46fd-8f5c-72bc827f2ef5:20160407213829.805:1095</Value>
          <Value>vmwAttributeUsage:1095:1:55a73700-c891-46fd-8f5c-72bc827f2ef5:20160407213829.805:1095</Value>
        </AttributeMetadata>
      </AttributeSchemaEntry>
      <AttributeSchemaEntry>
        <Name>krbPrincipalName</Name>
        <AttributeMetadata>
          <Value>attributeID:1325:1:55a73700-c891-46fd-8f5c-72bc827f2ef5:20160407213830.204:1325</Value>
          <Value>attributeSyntax:1325:1:55a73700-c891-46fd-8f5c-72bc827f2ef5:20160407213830.204:1325</Value>
          <Value>cn:1325:1:55a73700-c891-46fd-8f5c-72bc827f2ef5:20160407213830.204:1325</Value>
          <Value>createTimeStamp:1325:1:55a73700-c891-46fd-8f5c-72bc827f2ef5:20160407213830.204:1325</Value>
          <Value>entryDN:1325:1:55a73700-c891-46fd-8f5c-72bc827f2ef5:20160407213830.204:1325</Value>
          <Value>isSingleValued:1325:1:55a73700-c891-46fd-8f5c-72bc827f2ef5:20160407213830.204:1325</Value>
          <Value>lDAPDisplayName:1325:1:55a73700-c891-46fd-8f5c-72bc827f2ef5:20160407213830.204:1325</Value>
          <Value>modifyTimeStamp:1325:1:55a73700-c891-46fd-8f5c-72bc827f2ef5:20160407213830.204:1325</Value>
          <Value>objectClass:1325:1:55a73700-c891-46fd-8f5c-72bc827f2ef5:20160407213830.204:1325</Value>
          <Value>objectGUID:1325:1:55a73700-c891-46fd-8f5c-72bc827f2ef5:20160407213830.204:1325</Value>
          <Value>oMSyntax:1325:1:55a73700-c891-46fd-8f5c-72bc827f2ef5:20160407213830.204:1325</Value>
          <Value>schemaIDGUID:1325:1:55a73700-c891-46fd-8f5c-72bc827f2ef5:20160407213830.204:1325</Value>
          <Value>uSNChanged:1325:1:55a73700-c891-46fd-8f5c-72bc827f2ef5:20160407213830.204:1325</Value>
          <Value>uSNCreated:1325:1:55a73700-c891-46fd-8f5c-72bc827f2ef5:20160407213830.204:1325</Value>
          <Value>vmwAttributeUsage:1325:1:55a73700-c891-46fd-8f5c-72bc827f2ef5:20160407213830.204:1325</Value>
        </AttributeMetadata>
      </AttributeSchemaEntry>
      <AttributeSchemaEntry>
        <Name>krbPrincipalReferences</Name>
        <AttributeMetadata>
          <Value>attributeID:1057:1:55a73700-c891-46fd-8f5c-72bc827f2ef5:20160407213829.732:1057</Value>
          <Value>attributeSyntax:1057:1:55a73700-c891-46fd-8f5c-72bc827f2ef5:20160407213829.732:1057</Value>
          <Value>cn:1057:1:55a73700-c891-46fd-8f5c-72bc827f2ef5:20160407213829.732:1057</Value>
          <Value>createTimeStamp:1057:1:55a73700-c891-46fd-8f5c-72bc827f2ef5:20160407213829.732:1057</Value>
          <Value>entryDN:1057:1:55a73700-c891-46fd-8f5c-72bc827f2ef5:20160407213829.732:1057</Value>
          <Value>isSingleValued:1057:1:55a73700-c891-46fd-8f5c-72bc827f2ef5:20160407213829.732:1057</Value>
          <Value>lDAPDisplayName:1057:1:55a73700-c891-46fd-8f5c-72bc827f2ef5:20160407213829.732:1057</Value>
          <Value>modifyTimeStamp:1057:1:55a73700-c891-46fd-8f5c-72bc827f2ef5:20160407213829.732:1057</Value>
          <Value>objectClass:1057:1:55a73700-c891-46fd-8f5c-72bc827f2ef5:20160407213829.732:1057</Value>
          <Value>objectGUID:1057:1:55a73700-c891-46fd-8f5c-72bc827f2ef5:20160407213829.732:1057</Value>
          <Value>oMSyntax:1057:1:55a73700-c891-46fd-8f5c-72bc827f2ef5:20160407213829.732:1057</Value>
          <Value>schemaIDGUID:1057:1:55a73700-c891-46fd-8f5c-72bc827f2ef5:20160407213829.732:1057</Value>
          <Value>uSNChanged:1057:1:55a73700-c891-46fd-8f5c-72bc827f2ef5:20160407213829.732:1057</Value>
          <Value>uSNCreated:1057:1:55a73700-c891-46fd-8f5c-72bc827f2ef5:20160407213829.732:1057</Value>
          <Value>vmwAttributeUsage:1057:1:55a73700-c891-46fd-8f5c-72bc827f2ef5:20160407213829.732:1057</Value>
        </AttributeMetadata>
      </AttributeSchemaEntry>
      <AttributeSchemaEntry>
        <Name>krbPrincipalType</Name>
        <AttributeMetadata>
          <Value>attributeID:963:1:55a73700-c891-46fd-8f5c-72bc827f2ef5:20160407213829.566:963</Value>
          <Value>attributeSyntax:963:1:55a73700-c891-46fd-8f5c-72bc827f2ef5:20160407213829.566:963</Value>
          <Value>cn:963:1:55a73700-c891-46fd-8f5c-72bc827f2ef5:20160407213829.566:963</Value>
          <Value>createTimeStamp:963:1:55a73700-c891-46fd-8f5c-72bc827f2ef5:20160407213829.566:963</Value>
          <Value>entryDN:963:1:55a73700-c891-46fd-8f5c-72bc827f2ef5:20160407213829.566:963</Value>
          <Value>isSingleValued:963:1:55a73700-c891-46fd-8f5c-72bc827f2ef5:20160407213829.566:963</Value>
          <Value>lDAPDisplayName:963:1:55a73700-c891-46fd-8f5c-72bc827f2ef5:20160407213829.566:963</Value>
          <Value>modifyTimeStamp:963:1:55a73700-c891-46fd-8f5c-72bc827f2ef5:20160407213829.566:963</Value>
          <Value>objectClass:963:1:55a73700-c891-46fd-8f5c-72bc827f2ef5:20160407213829.566:963</Value>
          <Value>objectGUID:963:1:55a73700-c891-46fd-8f5c-72bc827f2ef5:20160407213829.566:963</Value>
          <Value>oMSyntax:963:1:55a73700-c891-46fd-8f5c-72bc827f2ef5:20160407213829.566:963</Value>
          <Value>schemaIDGUID:963:1:55a73700-c891-46fd-8f5c-72bc827f2ef5:20160407213829.566:963</Value>
          <Value>uSNChanged:963:1:55a73700-c891-46fd-8f5c-72bc827f2ef5:20160407213829.566:963</Value>
          <Value>uSNCreated:963:1:55a73700-c891-46fd-8f5c-72bc827f2ef5:20160407213829.566:963</Value>
          <Value>vmwAttributeUsage:963:1:55a73700-c891-46fd-8f5c-72bc827f2ef5:20160407213829.566:963</Value>
        </AttributeMetadata>
      </AttributeSchemaEntry>
      <AttributeSchemaEntry>
        <Name>krbPrincNamingAttr</Name>
        <AttributeMetadata>
          <Value>attributeID:257:1:55a73700-c891-46fd-8f5c-72bc827f2ef5:20160407213828.407:257</Value>
          <Value>attributeSyntax:257:1:55a73700-c891-46fd-8f5c-72bc827f2ef5:20160407213828.407:257</Value>
          <Value>cn:257:1:55a73700-c891-46fd-8f5c-72bc827f2ef5:20160407213828.407:257</Value>
          <Value>createTimeStamp:257:1:55a73700-c891-46fd-8f5c-72bc827f2ef5:20160407213828.407:257</Value>
          <Value>entryDN:257:1:55a73700-c891-46fd-8f5c-72bc827f2ef5:20160407213828.407:257</Value>
          <Value>isSingleValued:257:1:55a73700-c891-46fd-8f5c-72bc827f2ef5:20160407213828.407:257</Value>
          <Value>lDAPDisplayName:257:1:55a73700-c891-46fd-8f5c-72bc827f2ef5:20160407213828.407:257</Value>
          <Value>modifyTimeStamp:257:1:55a73700-c891-46fd-8f5c-72bc827f2ef5:20160407213828.407:257</Value>
          <Value>objectClass:257:1:55a73700-c891-46fd-8f5c-72bc827f2ef5:20160407213828.407:257</Value>
          <Value>objectGUID:257:1:55a73700-c891-46fd-8f5c-72bc827f2ef5:20160407213828.407:257</Value>
          <Value>oMSyntax:257:1:55a73700-c891-46fd-8f5c-72bc827f2ef5:20160407213828.407:257</Value>
          <Value>schemaIDGUID:257:1:55a73700-c891-46fd-8f5c-72bc827f2ef5:20160407213828.407:257</Value>
          <Value>uSNChanged:257:1:55a73700-c891-46fd-8f5c-72bc827f2ef5:20160407213828.407:257</Value>
          <Value>uSNCreated:257:1:55a73700-c891-46fd-8f5c-72bc827f2ef5:20160407213828.407:257</Value>
          <Value>vmwAttributeUsage:257:1:55a73700-c891-46fd-8f5c-72bc827f2ef5:20160407213828.407:257</Value>
        </AttributeMetadata>
      </AttributeSchemaEntry>
      <AttributeSchemaEntry>
        <Name>krbPwdFailureCountInterval</Name>
        <AttributeMetadata>
          <Value>attributeID:983:1:55a73700-c891-46fd-8f5c-72bc827f2ef5:20160407213829.598:983</Value>
          <Value>attributeSyntax:983:1:55a73700-c891-46fd-8f5c-72bc827f2ef5:20160407213829.598:983</Value>
          <Value>cn:983:1:55a73700-c891-46fd-8f5c-72bc827f2ef5:20160407213829.598:983</Value>
          <Value>createTimeStamp:983:1:55a73700-c891-46fd-8f5c-72bc827f2ef5:20160407213829.598:983</Value>
          <Value>entryDN:983:1:55a73700-c891-46fd-8f5c-72bc827f2ef5:20160407213829.598:983</Value>
          <Value>isSingleValued:983:1:55a73700-c891-46fd-8f5c-72bc827f2ef5:20160407213829.598:983</Value>
          <Value>lDAPDisplayName:983:1:55a73700-c891-46fd-8f5c-72bc827f2ef5:20160407213829.598:983</Value>
          <Value>modifyTimeStamp:983:1:55a73700-c891-46fd-8f5c-72bc827f2ef5:20160407213829.598:983</Value>
          <Value>objectClass:983:1:55a73700-c891-46fd-8f5c-72bc827f2ef5:20160407213829.598:983</Value>
          <Value>objectGUID:983:1:55a73700-c891-46fd-8f5c-72bc827f2ef5:20160407213829.598:983</Value>
          <Value>oMSyntax:983:1:55a73700-c891-46fd-8f5c-72bc827f2ef5:20160407213829.598:983</Value>
          <Value>schemaIDGUID:983:1:55a73700-c891-46fd-8f5c-72bc827f2ef5:20160407213829.598:983</Value>
          <Value>uSNChanged:983:1:55a73700-c891-46fd-8f5c-72bc827f2ef5:20160407213829.598:983</Value>
          <Value>uSNCreated:983:1:55a73700-c891-46fd-8f5c-72bc827f2ef5:20160407213829.598:983</Value>
          <Value>vmwAttributeUsage:983:1:55a73700-c891-46fd-8f5c-72bc827f2ef5:20160407213829.598:983</Value>
        </AttributeMetadata>
      </AttributeSchemaEntry>
      <AttributeSchemaEntry>
        <Name>krbPwdHistory</Name>
        <AttributeMetadata>
          <Value>attributeID:427:1:55a73700-c891-46fd-8f5c-72bc827f2ef5:20160407213828.658:427</Value>
          <Value>attributeSyntax:427:1:55a73700-c891-46fd-8f5c-72bc827f2ef5:20160407213828.658:427</Value>
          <Value>cn:427:1:55a73700-c891-46fd-8f5c-72bc827f2ef5:20160407213828.658:427</Value>
          <Value>createTimeStamp:427:1:55a73700-c891-46fd-8f5c-72bc827f2ef5:20160407213828.658:427</Value>
          <Value>entryDN:427:1:55a73700-c891-46fd-8f5c-72bc827f2ef5:20160407213828.658:427</Value>
          <Value>isSingleValued:427:1:55a73700-c891-46fd-8f5c-72bc827f2ef5:20160407213828.658:427</Value>
          <Value>lDAPDisplayName:427:1:55a73700-c891-46fd-8f5c-72bc827f2ef5:20160407213828.658:427</Value>
          <Value>modifyTimeStamp:427:1:55a73700-c891-46fd-8f5c-72bc827f2ef5:20160407213828.658:427</Value>
          <Value>objectClass:427:1:55a73700-c891-46fd-8f5c-72bc827f2ef5:20160407213828.658:427</Value>
          <Value>objectGUID:427:1:55a73700-c891-46fd-8f5c-72bc827f2ef5:20160407213828.658:427</Value>
          <Value>oMSyntax:427:1:55a73700-c891-46fd-8f5c-72bc827f2ef5:20160407213828.658:427</Value>
          <Value>schemaIDGUID:427:1:55a73700-c891-46fd-8f5c-72bc827f2ef5:20160407213828.658:427</Value>
          <Value>uSNChanged:427:1:55a73700-c891-46fd-8f5c-72bc827f2ef5:20160407213828.658:427</Value>
          <Value>uSNCreated:427:1:55a73700-c891-46fd-8f5c-72bc827f2ef5:20160407213828.658:427</Value>
          <Value>vmwAttributeUsage:427:1:55a73700-c891-46fd-8f5c-72bc827f2ef5:20160407213828.658:427</Value>
        </AttributeMetadata>
      </AttributeSchemaEntry>
      <AttributeSchemaEntry>
        <Name>krbPwdHistoryLength</Name>
        <AttributeMetadata>
          <Value>attributeID:1681:1:55a73700-c891-46fd-8f5c-72bc827f2ef5:20160407213830.800:1681</Value>
          <Value>attributeSyntax:1681:1:55a73700-c891-46fd-8f5c-72bc827f2ef5:20160407213830.800:1681</Value>
          <Value>cn:1681:1:55a73700-c891-46fd-8f5c-72bc827f2ef5:20160407213830.800:1681</Value>
          <Value>createTimeStamp:1681:1:55a73700-c891-46fd-8f5c-72bc827f2ef5:20160407213830.800:1681</Value>
          <Value>entryDN:1681:1:55a73700-c891-46fd-8f5c-72bc827f2ef5:20160407213830.800:1681</Value>
          <Value>isSingleValued:1681:1:55a73700-c891-46fd-8f5c-72bc827f2ef5:20160407213830.800:1681</Value>
          <Value>lDAPDisplayName:1681:1:55a73700-c891-46fd-8f5c-72bc827f2ef5:20160407213830.800:1681</Value>
          <Value>modifyTimeStamp:1681:1:55a73700-c891-46fd-8f5c-72bc827f2ef5:20160407213830.800:1681</Value>
          <Value>objectClass:1681:1:55a73700-c891-46fd-8f5c-72bc827f2ef5:20160407213830.800:1681</Value>
          <Value>objectGUID:1681:1:55a73700-c891-46fd-8f5c-72bc827f2ef5:20160407213830.800:1681</Value>
          <Value>oMSyntax:1681:1:55a73700-c891-46fd-8f5c-72bc827f2ef5:20160407213830.800:1681</Value>
          <Value>schemaIDGUID:1681:1:55a73700-c891-46fd-8f5c-72bc827f2ef5:20160407213830.800:1681</Value>
          <Value>uSNChanged:1681:1:55a73700-c891-46fd-8f5c-72bc827f2ef5:20160407213830.800:1681</Value>
          <Value>uSNCreated:1681:1:55a73700-c891-46fd-8f5c-72bc827f2ef5:20160407213830.800:1681</Value>
          <Value>vmwAttributeUsage:1681:1:55a73700-c891-46fd-8f5c-72bc827f2ef5:20160407213830.800:1681</Value>
        </AttributeMetadata>
      </AttributeSchemaEntry>
      <AttributeSchemaEntry>
        <Name>krbPwdLockoutDuration</Name>
        <AttributeMetadata>
          <Value>attributeID:375:1:55a73700-c891-46fd-8f5c-72bc827f2ef5:20160407213828.585:375</Value>
          <Value>attributeSyntax:375:1:55a73700-c891-46fd-8f5c-72bc827f2ef5:20160407213828.585:375</Value>
          <Value>cn:375:1:55a73700-c891-46fd-8f5c-72bc827f2ef5:20160407213828.585:375</Value>
          <Value>createTimeStamp:375:1:55a73700-c891-46fd-8f5c-72bc827f2ef5:20160407213828.585:375</Value>
          <Value>entryDN:375:1:55a73700-c891-46fd-8f5c-72bc827f2ef5:20160407213828.585:375</Value>
          <Value>isSingleValued:375:1:55a73700-c891-46fd-8f5c-72bc827f2ef5:20160407213828.585:375</Value>
          <Value>lDAPDisplayName:375:1:55a73700-c891-46fd-8f5c-72bc827f2ef5:20160407213828.585:375</Value>
          <Value>modifyTimeStamp:375:1:55a73700-c891-46fd-8f5c-72bc827f2ef5:20160407213828.585:375</Value>
          <Value>objectClass:375:1:55a73700-c891-46fd-8f5c-72bc827f2ef5:20160407213828.585:375</Value>
          <Value>objectGUID:375:1:55a73700-c891-46fd-8f5c-72bc827f2ef5:20160407213828.585:375</Value>
          <Value>oMSyntax:375:1:55a73700-c891-46fd-8f5c-72bc827f2ef5:20160407213828.585:375</Value>
          <Value>schemaIDGUID:375:1:55a73700-c891-46fd-8f5c-72bc827f2ef5:20160407213828.585:375</Value>
          <Value>uSNChanged:375:1:55a73700-c891-46fd-8f5c-72bc827f2ef5:20160407213828.585:375</Value>
          <Value>uSNCreated:375:1:55a73700-c891-46fd-8f5c-72bc827f2ef5:20160407213828.585:375</Value>
          <Value>vmwAttributeUsage:375:1:55a73700-c891-46fd-8f5c-72bc827f2ef5:20160407213828.585:375</Value>
        </AttributeMetadata>
      </AttributeSchemaEntry>
      <AttributeSchemaEntry>
        <Name>krbPwdMaxFailure</Name>
        <AttributeMetadata>
          <Value>attributeID:625:1:55a73700-c891-46fd-8f5c-72bc827f2ef5:20160407213828.991:625</Value>
          <Value>attributeSyntax:625:1:55a73700-c891-46fd-8f5c-72bc827f2ef5:20160407213828.991:625</Value>
          <Value>cn:625:1:55a73700-c891-46fd-8f5c-72bc827f2ef5:20160407213828.991:625</Value>
          <Value>createTimeStamp:625:1:55a73700-c891-46fd-8f5c-72bc827f2ef5:20160407213828.991:625</Value>
          <Value>entryDN:625:1:55a73700-c891-46fd-8f5c-72bc827f2ef5:20160407213828.991:625</Value>
          <Value>isSingleValued:625:1:55a73700-c891-46fd-8f5c-72bc827f2ef5:20160407213828.991:625</Value>
          <Value>lDAPDisplayName:625:1:55a73700-c891-46fd-8f5c-72bc827f2ef5:20160407213828.991:625</Value>
          <Value>modifyTimeStamp:625:1:55a73700-c891-46fd-8f5c-72bc827f2ef5:20160407213828.991:625</Value>
          <Value>objectClass:625:1:55a73700-c891-46fd-8f5c-72bc827f2ef5:20160407213828.991:625</Value>
          <Value>objectGUID:625:1:55a73700-c891-46fd-8f5c-72bc827f2ef5:20160407213828.991:625</Value>
          <Value>oMSyntax:625:1:55a73700-c891-46fd-8f5c-72bc827f2ef5:20160407213828.991:625</Value>
          <Value>schemaIDGUID:625:1:55a73700-c891-46fd-8f5c-72bc827f2ef5:20160407213828.991:625</Value>
          <Value>uSNChanged:625:1:55a73700-c891-46fd-8f5c-72bc827f2ef5:20160407213828.991:625</Value>
          <Value>uSNCreated:625:1:55a73700-c891-46fd-8f5c-72bc827f2ef5:20160407213828.991:625</Value>
          <Value>vmwAttributeUsage:625:1:55a73700-c891-46fd-8f5c-72bc827f2ef5:20160407213828.991:625</Value>
        </AttributeMetadata>
      </AttributeSchemaEntry>
      <AttributeSchemaEntry>
        <Name>krbPwdMinDiffChars</Name>
        <AttributeMetadata>
          <Value>attributeID:868:1:55a73700-c891-46fd-8f5c-72bc827f2ef5:20160407213829.413:868</Value>
          <Value>attributeSyntax:868:1:55a73700-c891-46fd-8f5c-72bc827f2ef5:20160407213829.413:868</Value>
          <Value>cn:868:1:55a73700-c891-46fd-8f5c-72bc827f2ef5:20160407213829.413:868</Value>
          <Value>createTimeStamp:868:1:55a73700-c891-46fd-8f5c-72bc827f2ef5:20160407213829.413:868</Value>
          <Value>entryDN:868:1:55a73700-c891-46fd-8f5c-72bc827f2ef5:20160407213829.413:868</Value>
          <Value>isSingleValued:868:1:55a73700-c891-46fd-8f5c-72bc827f2ef5:20160407213829.413:868</Value>
          <Value>lDAPDisplayName:868:1:55a73700-c891-46fd-8f5c-72bc827f2ef5:20160407213829.413:868</Value>
          <Value>modifyTimeStamp:868:1:55a73700-c891-46fd-8f5c-72bc827f2ef5:20160407213829.413:868</Value>
          <Value>objectClass:868:1:55a73700-c891-46fd-8f5c-72bc827f2ef5:20160407213829.413:868</Value>
          <Value>objectGUID:868:1:55a73700-c891-46fd-8f5c-72bc827f2ef5:20160407213829.413:868</Value>
          <Value>oMSyntax:868:1:55a73700-c891-46fd-8f5c-72bc827f2ef5:20160407213829.413:868</Value>
          <Value>schemaIDGUID:868:1:55a73700-c891-46fd-8f5c-72bc827f2ef5:20160407213829.413:868</Value>
          <Value>uSNChanged:868:1:55a73700-c891-46fd-8f5c-72bc827f2ef5:20160407213829.413:868</Value>
          <Value>uSNCreated:868:1:55a73700-c891-46fd-8f5c-72bc827f2ef5:20160407213829.413:868</Value>
          <Value>vmwAttributeUsage:868:1:55a73700-c891-46fd-8f5c-72bc827f2ef5:20160407213829.413:868</Value>
        </AttributeMetadata>
      </AttributeSchemaEntry>
      <AttributeSchemaEntry>
        <Name>krbPwdMinLength</Name>
        <AttributeMetadata>
          <Value>attributeID:1134:1:55a73700-c891-46fd-8f5c-72bc827f2ef5:20160407213829.882:1134</Value>
          <Value>attributeSyntax:1134:1:55a73700-c891-46fd-8f5c-72bc827f2ef5:20160407213829.882:1134</Value>
          <Value>cn:1134:1:55a73700-c891-46fd-8f5c-72bc827f2ef5:20160407213829.882:1134</Value>
          <Value>createTimeStamp:1134:1:55a73700-c891-46fd-8f5c-72bc827f2ef5:20160407213829.882:1134</Value>
          <Value>entryDN:1134:1:55a73700-c891-46fd-8f5c-72bc827f2ef5:20160407213829.882:1134</Value>
          <Value>isSingleValued:1134:1:55a73700-c891-46fd-8f5c-72bc827f2ef5:20160407213829.882:1134</Value>
          <Value>lDAPDisplayName:1134:1:55a73700-c891-46fd-8f5c-72bc827f2ef5:20160407213829.882:1134</Value>
          <Value>modifyTimeStamp:1134:1:55a73700-c891-46fd-8f5c-72bc827f2ef5:20160407213829.882:1134</Value>
          <Value>objectClass:1134:1:55a73700-c891-46fd-8f5c-72bc827f2ef5:20160407213829.882:1134</Value>
          <Value>objectGUID:1134:1:55a73700-c891-46fd-8f5c-72bc827f2ef5:20160407213829.882:1134</Value>
          <Value>oMSyntax:1134:1:55a73700-c891-46fd-8f5c-72bc827f2ef5:20160407213829.882:1134</Value>
          <Value>schemaIDGUID:1134:1:55a73700-c891-46fd-8f5c-72bc827f2ef5:20160407213829.882:1134</Value>
          <Value>uSNChanged:1134:1:55a73700-c891-46fd-8f5c-72bc827f2ef5:20160407213829.882:1134</Value>
          <Value>uSNCreated:1134:1:55a73700-c891-46fd-8f5c-72bc827f2ef5:20160407213829.882:1134</Value>
          <Value>vmwAttributeUsage:1134:1:55a73700-c891-46fd-8f5c-72bc827f2ef5:20160407213829.882:1134</Value>
        </AttributeMetadata>
      </AttributeSchemaEntry>
      <AttributeSchemaEntry>
        <Name>krbPwdPolicyReference</Name>
        <AttributeMetadata>
          <Value>attributeID:1364:1:55a73700-c891-46fd-8f5c-72bc827f2ef5:20160407213830.268:1364</Value>
          <Value>attributeSyntax:1364:1:55a73700-c891-46fd-8f5c-72bc827f2ef5:20160407213830.268:1364</Value>
          <Value>cn:1364:1:55a73700-c891-46fd-8f5c-72bc827f2ef5:20160407213830.268:1364</Value>
          <Value>createTimeStamp:1364:1:55a73700-c891-46fd-8f5c-72bc827f2ef5:20160407213830.268:1364</Value>
          <Value>entryDN:1364:1:55a73700-c891-46fd-8f5c-72bc827f2ef5:20160407213830.268:1364</Value>
          <Value>isSingleValued:1364:1:55a73700-c891-46fd-8f5c-72bc827f2ef5:20160407213830.268:1364</Value>
          <Value>lDAPDisplayName:1364:1:55a73700-c891-46fd-8f5c-72bc827f2ef5:20160407213830.268:1364</Value>
          <Value>modifyTimeStamp:1364:1:55a73700-c891-46fd-8f5c-72bc827f2ef5:20160407213830.268:1364</Value>
          <Value>objectClass:1364:1:55a73700-c891-46fd-8f5c-72bc827f2ef5:20160407213830.268:1364</Value>
          <Value>objectGUID:1364:1:55a73700-c891-46fd-8f5c-72bc827f2ef5:20160407213830.268:1364</Value>
          <Value>oMSyntax:1364:1:55a73700-c891-46fd-8f5c-72bc827f2ef5:20160407213830.268:1364</Value>
          <Value>schemaIDGUID:1364:1:55a73700-c891-46fd-8f5c-72bc827f2ef5:20160407213830.268:1364</Value>
          <Value>uSNChanged:1364:1:55a73700-c891-46fd-8f5c-72bc827f2ef5:20160407213830.268:1364</Value>
          <Value>uSNCreated:1364:1:55a73700-c891-46fd-8f5c-72bc827f2ef5:20160407213830.268:1364</Value>
          <Value>vmwAttributeUsage:1364:1:55a73700-c891-46fd-8f5c-72bc827f2ef5:20160407213830.268:1364</Value>
        </AttributeMetadata>
      </AttributeSchemaEntry>
      <AttributeSchemaEntry>
        <Name>krbPwdServers</Name>
        <AttributeMetadata>
          <Value>attributeID:131:1:55a73700-c891-46fd-8f5c-72bc827f2ef5:20160407213828.218:131</Value>
          <Value>attributeSyntax:131:1:55a73700-c891-46fd-8f5c-72bc827f2ef5:20160407213828.218:131</Value>
          <Value>cn:131:1:55a73700-c891-46fd-8f5c-72bc827f2ef5:20160407213828.218:131</Value>
          <Value>createTimeStamp:131:1:55a73700-c891-46fd-8f5c-72bc827f2ef5:20160407213828.218:131</Value>
          <Value>entryDN:131:1:55a73700-c891-46fd-8f5c-72bc827f2ef5:20160407213828.218:131</Value>
          <Value>isSingleValued:131:1:55a73700-c891-46fd-8f5c-72bc827f2ef5:20160407213828.218:131</Value>
          <Value>lDAPDisplayName:131:1:55a73700-c891-46fd-8f5c-72bc827f2ef5:20160407213828.218:131</Value>
          <Value>modifyTimeStamp:131:1:55a73700-c891-46fd-8f5c-72bc827f2ef5:20160407213828.218:131</Value>
          <Value>objectClass:131:1:55a73700-c891-46fd-8f5c-72bc827f2ef5:20160407213828.218:131</Value>
          <Value>objectGUID:131:1:55a73700-c891-46fd-8f5c-72bc827f2ef5:20160407213828.218:131</Value>
          <Value>oMSyntax:131:1:55a73700-c891-46fd-8f5c-72bc827f2ef5:20160407213828.218:131</Value>
          <Value>schemaIDGUID:131:1:55a73700-c891-46fd-8f5c-72bc827f2ef5:20160407213828.218:131</Value>
          <Value>uSNChanged:131:1:55a73700-c891-46fd-8f5c-72bc827f2ef5:20160407213828.218:131</Value>
          <Value>uSNCreated:131:1:55a73700-c891-46fd-8f5c-72bc827f2ef5:20160407213828.218:131</Value>
          <Value>vmwAttributeUsage:131:1:55a73700-c891-46fd-8f5c-72bc827f2ef5:20160407213828.218:131</Value>
        </AttributeMetadata>
      </AttributeSchemaEntry>
      <AttributeSchemaEntry>
        <Name>krbRealmReferences</Name>
        <AttributeMetadata>
          <Value>attributeID:905:1:55a73700-c891-46fd-8f5c-72bc827f2ef5:20160407213829.474:905</Value>
          <Value>attributeSyntax:905:1:55a73700-c891-46fd-8f5c-72bc827f2ef5:20160407213829.474:905</Value>
          <Value>cn:905:1:55a73700-c891-46fd-8f5c-72bc827f2ef5:20160407213829.474:905</Value>
          <Value>createTimeStamp:905:1:55a73700-c891-46fd-8f5c-72bc827f2ef5:20160407213829.474:905</Value>
          <Value>entryDN:905:1:55a73700-c891-46fd-8f5c-72bc827f2ef5:20160407213829.474:905</Value>
          <Value>isSingleValued:905:1:55a73700-c891-46fd-8f5c-72bc827f2ef5:20160407213829.474:905</Value>
          <Value>lDAPDisplayName:905:1:55a73700-c891-46fd-8f5c-72bc827f2ef5:20160407213829.474:905</Value>
          <Value>modifyTimeStamp:905:1:55a73700-c891-46fd-8f5c-72bc827f2ef5:20160407213829.474:905</Value>
          <Value>objectClass:905:1:55a73700-c891-46fd-8f5c-72bc827f2ef5:20160407213829.474:905</Value>
          <Value>objectGUID:905:1:55a73700-c891-46fd-8f5c-72bc827f2ef5:20160407213829.474:905</Value>
          <Value>oMSyntax:905:1:55a73700-c891-46fd-8f5c-72bc827f2ef5:20160407213829.474:905</Value>
          <Value>schemaIDGUID:905:1:55a73700-c891-46fd-8f5c-72bc827f2ef5:20160407213829.474:905</Value>
          <Value>uSNChanged:905:1:55a73700-c891-46fd-8f5c-72bc827f2ef5:20160407213829.474:905</Value>
          <Value>uSNCreated:905:1:55a73700-c891-46fd-8f5c-72bc827f2ef5:20160407213829.474:905</Value>
          <Value>vmwAttributeUsage:905:1:55a73700-c891-46fd-8f5c-72bc827f2ef5:20160407213829.474:905</Value>
        </AttributeMetadata>
      </AttributeSchemaEntry>
      <AttributeSchemaEntry>
        <Name>krbSearchScope</Name>
        <AttributeMetadata>
          <Value>attributeID:193:1:55a73700-c891-46fd-8f5c-72bc827f2ef5:20160407213828.315:193</Value>
          <Value>attributeSyntax:193:1:55a73700-c891-46fd-8f5c-72bc827f2ef5:20160407213828.315:193</Value>
          <Value>cn:193:1:55a73700-c891-46fd-8f5c-72bc827f2ef5:20160407213828.315:193</Value>
          <Value>createTimeStamp:193:1:55a73700-c891-46fd-8f5c-72bc827f2ef5:20160407213828.315:193</Value>
          <Value>entryDN:193:1:55a73700-c891-46fd-8f5c-72bc827f2ef5:20160407213828.315:193</Value>
          <Value>isSingleValued:193:1:55a73700-c891-46fd-8f5c-72bc827f2ef5:20160407213828.315:193</Value>
          <Value>lDAPDisplayName:193:1:55a73700-c891-46fd-8f5c-72bc827f2ef5:20160407213828.315:193</Value>
          <Value>modifyTimeStamp:193:1:55a73700-c891-46fd-8f5c-72bc827f2ef5:20160407213828.315:193</Value>
          <Value>objectClass:193:1:55a73700-c891-46fd-8f5c-72bc827f2ef5:20160407213828.315:193</Value>
          <Value>objectGUID:193:1:55a73700-c891-46fd-8f5c-72bc827f2ef5:20160407213828.315:193</Value>
          <Value>oMSyntax:193:1:55a73700-c891-46fd-8f5c-72bc827f2ef5:20160407213828.315:193</Value>
          <Value>schemaIDGUID:193:1:55a73700-c891-46fd-8f5c-72bc827f2ef5:20160407213828.315:193</Value>
          <Value>uSNChanged:193:1:55a73700-c891-46fd-8f5c-72bc827f2ef5:20160407213828.315:193</Value>
          <Value>uSNCreated:193:1:55a73700-c891-46fd-8f5c-72bc827f2ef5:20160407213828.315:193</Value>
          <Value>vmwAttributeUsage:193:1:55a73700-c891-46fd-8f5c-72bc827f2ef5:20160407213828.315:193</Value>
        </AttributeMetadata>
      </AttributeSchemaEntry>
      <AttributeSchemaEntry>
        <Name>krbSubTrees</Name>
        <AttributeMetadata>
          <Value>attributeID:503:1:55a73700-c891-46fd-8f5c-72bc827f2ef5:20160407213828.788:503</Value>
          <Value>attributeSyntax:503:1:55a73700-c891-46fd-8f5c-72bc827f2ef5:20160407213828.788:503</Value>
          <Value>cn:503:1:55a73700-c891-46fd-8f5c-72bc827f2ef5:20160407213828.788:503</Value>
          <Value>createTimeStamp:503:1:55a73700-c891-46fd-8f5c-72bc827f2ef5:20160407213828.788:503</Value>
          <Value>entryDN:503:1:55a73700-c891-46fd-8f5c-72bc827f2ef5:20160407213828.788:503</Value>
          <Value>isSingleValued:503:1:55a73700-c891-46fd-8f5c-72bc827f2ef5:20160407213828.788:503</Value>
          <Value>lDAPDisplayName:503:1:55a73700-c891-46fd-8f5c-72bc827f2ef5:20160407213828.788:503</Value>
          <Value>modifyTimeStamp:503:1:55a73700-c891-46fd-8f5c-72bc827f2ef5:20160407213828.788:503</Value>
          <Value>objectClass:503:1:55a73700-c891-46fd-8f5c-72bc827f2ef5:20160407213828.788:503</Value>
          <Value>objectGUID:503:1:55a73700-c891-46fd-8f5c-72bc827f2ef5:20160407213828.788:503</Value>
          <Value>oMSyntax:503:1:55a73700-c891-46fd-8f5c-72bc827f2ef5:20160407213828.788:503</Value>
          <Value>schemaIDGUID:503:1:55a73700-c891-46fd-8f5c-72bc827f2ef5:20160407213828.788:503</Value>
          <Value>uSNChanged:503:1:55a73700-c891-46fd-8f5c-72bc827f2ef5:20160407213828.788:503</Value>
          <Value>uSNCreated:503:1:55a73700-c891-46fd-8f5c-72bc827f2ef5:20160407213828.788:503</Value>
          <Value>vmwAttributeUsage:503:1:55a73700-c891-46fd-8f5c-72bc827f2ef5:20160407213828.788:503</Value>
        </AttributeMetadata>
      </AttributeSchemaEntry>
      <AttributeSchemaEntry>
        <Name>krbSupportedEncSaltTypes</Name>
        <AttributeMetadata>
          <Value>attributeID:1273:1:55a73700-c891-46fd-8f5c-72bc827f2ef5:20160407213830.120:1273</Value>
          <Value>attributeSyntax:1273:1:55a73700-c891-46fd-8f5c-72bc827f2ef5:20160407213830.120:1273</Value>
          <Value>cn:1273:1:55a73700-c891-46fd-8f5c-72bc827f2ef5:20160407213830.120:1273</Value>
          <Value>createTimeStamp:1273:1:55a73700-c891-46fd-8f5c-72bc827f2ef5:20160407213830.120:1273</Value>
          <Value>entryDN:1273:1:55a73700-c891-46fd-8f5c-72bc827f2ef5:20160407213830.120:1273</Value>
          <Value>isSingleValued:1273:1:55a73700-c891-46fd-8f5c-72bc827f2ef5:20160407213830.120:1273</Value>
          <Value>lDAPDisplayName:1273:1:55a73700-c891-46fd-8f5c-72bc827f2ef5:20160407213830.120:1273</Value>
          <Value>modifyTimeStamp:1273:1:55a73700-c891-46fd-8f5c-72bc827f2ef5:20160407213830.120:1273</Value>
          <Value>objectClass:1273:1:55a73700-c891-46fd-8f5c-72bc827f2ef5:20160407213830.120:1273</Value>
          <Value>objectGUID:1273:1:55a73700-c891-46fd-8f5c-72bc827f2ef5:20160407213830.120:1273</Value>
          <Value>oMSyntax:1273:1:55a73700-c891-46fd-8f5c-72bc827f2ef5:20160407213830.120:1273</Value>
          <Value>schemaIDGUID:1273:1:55a73700-c891-46fd-8f5c-72bc827f2ef5:20160407213830.120:1273</Value>
          <Value>uSNChanged:1273:1:55a73700-c891-46fd-8f5c-72bc827f2ef5:20160407213830.120:1273</Value>
          <Value>uSNCreated:1273:1:55a73700-c891-46fd-8f5c-72bc827f2ef5:20160407213830.120:1273</Value>
          <Value>vmwAttributeUsage:1273:1:55a73700-c891-46fd-8f5c-72bc827f2ef5:20160407213830.120:1273</Value>
        </AttributeMetadata>
      </AttributeSchemaEntry>
      <AttributeSchemaEntry>
        <Name>krbTicketFlags</Name>
        <AttributeMetadata>
          <Value>attributeID:639:1:55a73700-c891-46fd-8f5c-72bc827f2ef5:20160407213829.012:639</Value>
          <Value>attributeSyntax:639:1:55a73700-c891-46fd-8f5c-72bc827f2ef5:20160407213829.012:639</Value>
          <Value>cn:639:1:55a73700-c891-46fd-8f5c-72bc827f2ef5:20160407213829.012:639</Value>
          <Value>createTimeStamp:639:1:55a73700-c891-46fd-8f5c-72bc827f2ef5:20160407213829.012:639</Value>
          <Value>entryDN:639:1:55a73700-c891-46fd-8f5c-72bc827f2ef5:20160407213829.012:639</Value>
          <Value>isSingleValued:639:1:55a73700-c891-46fd-8f5c-72bc827f2ef5:20160407213829.012:639</Value>
          <Value>lDAPDisplayName:639:1:55a73700-c891-46fd-8f5c-72bc827f2ef5:20160407213829.012:639</Value>
          <Value>modifyTimeStamp:639:1:55a73700-c891-46fd-8f5c-72bc827f2ef5:20160407213829.012:639</Value>
          <Value>objectClass:639:1:55a73700-c891-46fd-8f5c-72bc827f2ef5:20160407213829.012:639</Value>
          <Value>objectGUID:639:1:55a73700-c891-46fd-8f5c-72bc827f2ef5:20160407213829.012:639</Value>
          <Value>oMSyntax:639:1:55a73700-c891-46fd-8f5c-72bc827f2ef5:20160407213829.012:639</Value>
          <Value>schemaIDGUID:639:1:55a73700-c891-46fd-8f5c-72bc827f2ef5:20160407213829.012:639</Value>
          <Value>uSNChanged:639:1:55a73700-c891-46fd-8f5c-72bc827f2ef5:20160407213829.012:639</Value>
          <Value>uSNCreated:639:1:55a73700-c891-46fd-8f5c-72bc827f2ef5:20160407213829.012:639</Value>
          <Value>vmwAttributeUsage:639:1:55a73700-c891-46fd-8f5c-72bc827f2ef5:20160407213829.012:639</Value>
        </AttributeMetadata>
      </AttributeSchemaEntry>
      <AttributeSchemaEntry>
        <Name>krbTicketPolicyReference</Name>
        <AttributeMetadata>
          <Value>attributeID:1720:1:55a73700-c891-46fd-8f5c-72bc827f2ef5:20160407213830.864:1720</Value>
          <Value>attributeSyntax:1720:1:55a73700-c891-46fd-8f5c-72bc827f2ef5:20160407213830.864:1720</Value>
          <Value>cn:1720:1:55a73700-c891-46fd-8f5c-72bc827f2ef5:20160407213830.864:1720</Value>
          <Value>createTimeStamp:1720:1:55a73700-c891-46fd-8f5c-72bc827f2ef5:20160407213830.864:1720</Value>
          <Value>entryDN:1720:1:55a73700-c891-46fd-8f5c-72bc827f2ef5:20160407213830.864:1720</Value>
          <Value>isSingleValued:1720:1:55a73700-c891-46fd-8f5c-72bc827f2ef5:20160407213830.864:1720</Value>
          <Value>lDAPDisplayName:1720:1:55a73700-c891-46fd-8f5c-72bc827f2ef5:20160407213830.864:1720</Value>
          <Value>modifyTimeStamp:1720:1:55a73700-c891-46fd-8f5c-72bc827f2ef5:20160407213830.864:1720</Value>
          <Value>objectClass:1720:1:55a73700-c891-46fd-8f5c-72bc827f2ef5:20160407213830.864:1720</Value>
          <Value>objectGUID:1720:1:55a73700-c891-46fd-8f5c-72bc827f2ef5:20160407213830.864:1720</Value>
          <Value>oMSyntax:1720:1:55a73700-c891-46fd-8f5c-72bc827f2ef5:20160407213830.864:1720</Value>
          <Value>schemaIDGUID:1720:1:55a73700-c891-46fd-8f5c-72bc827f2ef5:20160407213830.864:1720</Value>
          <Value>uSNChanged:1720:1:55a73700-c891-46fd-8f5c-72bc827f2ef5:20160407213830.864:1720</Value>
          <Value>uSNCreated:1720:1:55a73700-c891-46fd-8f5c-72bc827f2ef5:20160407213830.864:1720</Value>
          <Value>vmwAttributeUsage:1720:1:55a73700-c891-46fd-8f5c-72bc827f2ef5:20160407213830.864:1720</Value>
        </AttributeMetadata>
      </AttributeSchemaEntry>
      <AttributeSchemaEntry>
        <Name>krbUPEnabled</Name>
        <AttributeMetadata>
          <Value>attributeID:1618:1:55a73700-c891-46fd-8f5c-72bc827f2ef5:20160407213830.686:1618</Value>
          <Value>attributeSyntax:1618:1:55a73700-c891-46fd-8f5c-72bc827f2ef5:20160407213830.686:1618</Value>
          <Value>cn:1618:1:55a73700-c891-46fd-8f5c-72bc827f2ef5:20160407213830.686:1618</Value>
          <Value>createTimeStamp:1618:1:55a73700-c891-46fd-8f5c-72bc827f2ef5:20160407213830.686:1618</Value>
          <Value>description:1618:1:55a73700-c891-46fd-8f5c-72bc827f2ef5:20160407213830.686:1618</Value>
          <Value>entryDN:1618:1:55a73700-c891-46fd-8f5c-72bc827f2ef5:20160407213830.686:1618</Value>
          <Value>isSingleValued:1618:1:55a73700-c891-46fd-8f5c-72bc827f2ef5:20160407213830.686:1618</Value>
          <Value>lDAPDisplayName:1618:1:55a73700-c891-46fd-8f5c-72bc827f2ef5:20160407213830.686:1618</Value>
          <Value>modifyTimeStamp:1618:1:55a73700-c891-46fd-8f5c-72bc827f2ef5:20160407213830.686:1618</Value>
          <Value>objectClass:1618:1:55a73700-c891-46fd-8f5c-72bc827f2ef5:20160407213830.686:1618</Value>
          <Value>objectGUID:1618:1:55a73700-c891-46fd-8f5c-72bc827f2ef5:20160407213830.686:1618</Value>
          <Value>oMSyntax:1618:1:55a73700-c891-46fd-8f5c-72bc827f2ef5:20160407213830.686:1618</Value>
          <Value>schemaIDGUID:1618:1:55a73700-c891-46fd-8f5c-72bc827f2ef5:20160407213830.686:1618</Value>
          <Value>uSNChanged:1618:1:55a73700-c891-46fd-8f5c-72bc827f2ef5:20160407213830.686:1618</Value>
          <Value>uSNCreated:1618:1:55a73700-c891-46fd-8f5c-72bc827f2ef5:20160407213830.686:1618</Value>
          <Value>vmwAttributeUsage:1618:1:55a73700-c891-46fd-8f5c-72bc827f2ef5:20160407213830.686:1618</Value>
        </AttributeMetadata>
      </AttributeSchemaEntry>
      <AttributeSchemaEntry>
        <Name>l</Name>
        <AttributeMetadata>
          <Value>attributeID:163:1:55a73700-c891-46fd-8f5c-72bc827f2ef5:20160407213828.270:163</Value>
          <Value>attributeSyntax:163:1:55a73700-c891-46fd-8f5c-72bc827f2ef5:20160407213828.270:163</Value>
          <Value>cn:163:1:55a73700-c891-46fd-8f5c-72bc827f2ef5:20160407213828.270:163</Value>
          <Value>createTimeStamp:163:1:55a73700-c891-46fd-8f5c-72bc827f2ef5:20160407213828.270:163</Value>
          <Value>entryDN:163:1:55a73700-c891-46fd-8f5c-72bc827f2ef5:20160407213828.270:163</Value>
          <Value>isSingleValued:163:1:55a73700-c891-46fd-8f5c-72bc827f2ef5:20160407213828.270:163</Value>
          <Value>lDAPDisplayName:163:1:55a73700-c891-46fd-8f5c-72bc827f2ef5:20160407213828.270:163</Value>
          <Value>modifyTimeStamp:163:1:55a73700-c891-46fd-8f5c-72bc827f2ef5:20160407213828.270:163</Value>
          <Value>objectClass:163:1:55a73700-c891-46fd-8f5c-72bc827f2ef5:20160407213828.270:163</Value>
          <Value>objectGUID:163:1:55a73700-c891-46fd-8f5c-72bc827f2ef5:20160407213828.270:163</Value>
          <Value>oMSyntax:163:1:55a73700-c891-46fd-8f5c-72bc827f2ef5:20160407213828.270:163</Value>
          <Value>schemaIDGUID:163:1:55a73700-c891-46fd-8f5c-72bc827f2ef5:20160407213828.270:163</Value>
          <Value>uSNChanged:163:1:55a73700-c891-46fd-8f5c-72bc827f2ef5:20160407213828.270:163</Value>
          <Value>uSNCreated:163:1:55a73700-c891-46fd-8f5c-72bc827f2ef5:20160407213828.270:163</Value>
          <Value>vmwAttributeUsage:163:1:55a73700-c891-46fd-8f5c-72bc827f2ef5:20160407213828.270:163</Value>
        </AttributeMetadata>
      </AttributeSchemaEntry>
      <AttributeSchemaEntry>
        <Name>labeledURI</Name>
        <AttributeMetadata>
          <Value>attributeID:779:1:55a73700-c891-46fd-8f5c-72bc827f2ef5:20160407213829.259:779</Value>
          <Value>attributeSyntax:779:1:55a73700-c891-46fd-8f5c-72bc827f2ef5:20160407213829.259:779</Value>
          <Value>cn:779:1:55a73700-c891-46fd-8f5c-72bc827f2ef5:20160407213829.259:779</Value>
          <Value>createTimeStamp:779:1:55a73700-c891-46fd-8f5c-72bc827f2ef5:20160407213829.259:779</Value>
          <Value>entryDN:779:1:55a73700-c891-46fd-8f5c-72bc827f2ef5:20160407213829.259:779</Value>
          <Value>isSingleValued:779:1:55a73700-c891-46fd-8f5c-72bc827f2ef5:20160407213829.259:779</Value>
          <Value>lDAPDisplayName:779:1:55a73700-c891-46fd-8f5c-72bc827f2ef5:20160407213829.259:779</Value>
          <Value>modifyTimeStamp:779:1:55a73700-c891-46fd-8f5c-72bc827f2ef5:20160407213829.259:779</Value>
          <Value>objectClass:779:1:55a73700-c891-46fd-8f5c-72bc827f2ef5:20160407213829.259:779</Value>
          <Value>objectGUID:779:1:55a73700-c891-46fd-8f5c-72bc827f2ef5:20160407213829.259:779</Value>
          <Value>oMSyntax:779:1:55a73700-c891-46fd-8f5c-72bc827f2ef5:20160407213829.259:779</Value>
          <Value>schemaIDGUID:779:1:55a73700-c891-46fd-8f5c-72bc827f2ef5:20160407213829.259:779</Value>
          <Value>uSNChanged:779:1:55a73700-c891-46fd-8f5c-72bc827f2ef5:20160407213829.259:779</Value>
          <Value>uSNCreated:779:1:55a73700-c891-46fd-8f5c-72bc827f2ef5:20160407213829.259:779</Value>
          <Value>vmwAttributeUsage:779:1:55a73700-c891-46fd-8f5c-72bc827f2ef5:20160407213829.259:779</Value>
        </AttributeMetadata>
      </AttributeSchemaEntry>
      <AttributeSchemaEntry>
        <Name>lastBackupRestorationTime</Name>
        <AttributeMetadata>
          <Value>attributeID:1469:1:55a73700-c891-46fd-8f5c-72bc827f2ef5:20160407213830.442:1469</Value>
          <Value>attributeSyntax:1469:1:55a73700-c891-46fd-8f5c-72bc827f2ef5:20160407213830.442:1469</Value>
          <Value>cn:1469:1:55a73700-c891-46fd-8f5c-72bc827f2ef5:20160407213830.442:1469</Value>
          <Value>createTimeStamp:1469:1:55a73700-c891-46fd-8f5c-72bc827f2ef5:20160407213830.442:1469</Value>
          <Value>entryDN:1469:1:55a73700-c891-46fd-8f5c-72bc827f2ef5:20160407213830.442:1469</Value>
          <Value>isSingleValued:1469:1:55a73700-c891-46fd-8f5c-72bc827f2ef5:20160407213830.442:1469</Value>
          <Value>lDAPDisplayName:1469:1:55a73700-c891-46fd-8f5c-72bc827f2ef5:20160407213830.442:1469</Value>
          <Value>modifyTimeStamp:1469:1:55a73700-c891-46fd-8f5c-72bc827f2ef5:20160407213830.442:1469</Value>
          <Value>objectClass:1469:1:55a73700-c891-46fd-8f5c-72bc827f2ef5:20160407213830.442:1469</Value>
          <Value>objectGUID:1469:1:55a73700-c891-46fd-8f5c-72bc827f2ef5:20160407213830.442:1469</Value>
          <Value>oMSyntax:1469:1:55a73700-c891-46fd-8f5c-72bc827f2ef5:20160407213830.442:1469</Value>
          <Value>schemaIDGUID:1469:1:55a73700-c891-46fd-8f5c-72bc827f2ef5:20160407213830.442:1469</Value>
          <Value>uSNChanged:1469:1:55a73700-c891-46fd-8f5c-72bc827f2ef5:20160407213830.442:1469</Value>
          <Value>uSNCreated:1469:1:55a73700-c891-46fd-8f5c-72bc827f2ef5:20160407213830.442:1469</Value>
          <Value>vmwAttributeUsage:1469:1:55a73700-c891-46fd-8f5c-72bc827f2ef5:20160407213830.442:1469</Value>
        </AttributeMetadata>
      </AttributeSchemaEntry>
      <AttributeSchemaEntry>
        <Name>lastContentIndexed</Name>
        <AttributeMetadata>
          <Value>attributeID:369:1:55a73700-c891-46fd-8f5c-72bc827f2ef5:20160407213828.568:369</Value>
          <Value>attributeSyntax:369:1:55a73700-c891-46fd-8f5c-72bc827f2ef5:20160407213828.568:369</Value>
          <Value>cn:369:1:55a73700-c891-46fd-8f5c-72bc827f2ef5:20160407213828.568:369</Value>
          <Value>createTimeStamp:369:1:55a73700-c891-46fd-8f5c-72bc827f2ef5:20160407213828.568:369</Value>
          <Value>entryDN:369:1:55a73700-c891-46fd-8f5c-72bc827f2ef5:20160407213828.568:369</Value>
          <Value>isSingleValued:369:1:55a73700-c891-46fd-8f5c-72bc827f2ef5:20160407213828.568:369</Value>
          <Value>lDAPDisplayName:369:1:55a73700-c891-46fd-8f5c-72bc827f2ef5:20160407213828.568:369</Value>
          <Value>modifyTimeStamp:369:1:55a73700-c891-46fd-8f5c-72bc827f2ef5:20160407213828.568:369</Value>
          <Value>objectClass:369:1:55a73700-c891-46fd-8f5c-72bc827f2ef5:20160407213828.568:369</Value>
          <Value>objectGUID:369:1:55a73700-c891-46fd-8f5c-72bc827f2ef5:20160407213828.568:369</Value>
          <Value>oMSyntax:369:1:55a73700-c891-46fd-8f5c-72bc827f2ef5:20160407213828.568:369</Value>
          <Value>schemaIDGUID:369:1:55a73700-c891-46fd-8f5c-72bc827f2ef5:20160407213828.568:369</Value>
          <Value>uSNChanged:369:1:55a73700-c891-46fd-8f5c-72bc827f2ef5:20160407213828.568:369</Value>
          <Value>uSNCreated:369:1:55a73700-c891-46fd-8f5c-72bc827f2ef5:20160407213828.568:369</Value>
          <Value>vmwAttributeUsage:369:1:55a73700-c891-46fd-8f5c-72bc827f2ef5:20160407213828.568:369</Value>
        </AttributeMetadata>
      </AttributeSchemaEntry>
      <AttributeSchemaEntry>
        <Name>lastKnownDn</Name>
        <AttributeMetadata>
          <Value>attributeID:405:1:55a73700-c891-46fd-8f5c-72bc827f2ef5:20160407213828.625:405</Value>
          <Value>attributeSyntax:405:1:55a73700-c891-46fd-8f5c-72bc827f2ef5:20160407213828.625:405</Value>
          <Value>cn:405:1:55a73700-c891-46fd-8f5c-72bc827f2ef5:20160407213828.625:405</Value>
          <Value>createTimeStamp:405:1:55a73700-c891-46fd-8f5c-72bc827f2ef5:20160407213828.625:405</Value>
          <Value>description:405:1:55a73700-c891-46fd-8f5c-72bc827f2ef5:20160407213828.625:405</Value>
          <Value>entryDN:405:1:55a73700-c891-46fd-8f5c-72bc827f2ef5:20160407213828.625:405</Value>
          <Value>isSingleValued:405:1:55a73700-c891-46fd-8f5c-72bc827f2ef5:20160407213828.625:405</Value>
          <Value>lDAPDisplayName:405:1:55a73700-c891-46fd-8f5c-72bc827f2ef5:20160407213828.625:405</Value>
          <Value>modifyTimeStamp:405:1:55a73700-c891-46fd-8f5c-72bc827f2ef5:20160407213828.625:405</Value>
          <Value>objectClass:405:1:55a73700-c891-46fd-8f5c-72bc827f2ef5:20160407213828.625:405</Value>
          <Value>objectGUID:405:1:55a73700-c891-46fd-8f5c-72bc827f2ef5:20160407213828.625:405</Value>
          <Value>oMSyntax:405:1:55a73700-c891-46fd-8f5c-72bc827f2ef5:20160407213828.625:405</Value>
          <Value>schemaIDGUID:405:1:55a73700-c891-46fd-8f5c-72bc827f2ef5:20160407213828.625:405</Value>
          <Value>uSNChanged:405:1:55a73700-c891-46fd-8f5c-72bc827f2ef5:20160407213828.625:405</Value>
          <Value>uSNCreated:405:1:55a73700-c891-46fd-8f5c-72bc827f2ef5:20160407213828.625:405</Value>
          <Value>vmwAttributeUsage:405:1:55a73700-c891-46fd-8f5c-72bc827f2ef5:20160407213828.625:405</Value>
        </AttributeMetadata>
      </AttributeSchemaEntry>
      <AttributeSchemaEntry>
        <Name>lastKnownParent</Name>
        <AttributeMetadata>
          <Value>attributeID:820:1:55a73700-c891-46fd-8f5c-72bc827f2ef5:20160407213829.326:820</Value>
          <Value>attributeSyntax:820:1:55a73700-c891-46fd-8f5c-72bc827f2ef5:20160407213829.326:820</Value>
          <Value>cn:820:1:55a73700-c891-46fd-8f5c-72bc827f2ef5:20160407213829.326:820</Value>
          <Value>createTimeStamp:820:1:55a73700-c891-46fd-8f5c-72bc827f2ef5:20160407213829.326:820</Value>
          <Value>entryDN:820:1:55a73700-c891-46fd-8f5c-72bc827f2ef5:20160407213829.326:820</Value>
          <Value>isSingleValued:820:1:55a73700-c891-46fd-8f5c-72bc827f2ef5:20160407213829.326:820</Value>
          <Value>lDAPDisplayName:820:1:55a73700-c891-46fd-8f5c-72bc827f2ef5:20160407213829.326:820</Value>
          <Value>modifyTimeStamp:820:1:55a73700-c891-46fd-8f5c-72bc827f2ef5:20160407213829.326:820</Value>
          <Value>objectClass:820:1:55a73700-c891-46fd-8f5c-72bc827f2ef5:20160407213829.326:820</Value>
          <Value>objectGUID:820:1:55a73700-c891-46fd-8f5c-72bc827f2ef5:20160407213829.326:820</Value>
          <Value>oMSyntax:820:1:55a73700-c891-46fd-8f5c-72bc827f2ef5:20160407213829.326:820</Value>
          <Value>schemaIDGUID:820:1:55a73700-c891-46fd-8f5c-72bc827f2ef5:20160407213829.326:820</Value>
          <Value>uSNChanged:820:1:55a73700-c891-46fd-8f5c-72bc827f2ef5:20160407213829.326:820</Value>
          <Value>uSNCreated:820:1:55a73700-c891-46fd-8f5c-72bc827f2ef5:20160407213829.326:820</Value>
          <Value>vmwAttributeUsage:820:1:55a73700-c891-46fd-8f5c-72bc827f2ef5:20160407213829.326:820</Value>
        </AttributeMetadata>
      </AttributeSchemaEntry>
      <AttributeSchemaEntry>
        <Name>lastLocalUsnProcessed</Name>
        <AttributeMetadata>
          <Value>attributeID:1310:1:55a73700-c891-46fd-8f5c-72bc827f2ef5:20160407213830.179:1310</Value>
          <Value>attributeSyntax:1310:1:55a73700-c891-46fd-8f5c-72bc827f2ef5:20160407213830.179:1310</Value>
          <Value>cn:1310:1:55a73700-c891-46fd-8f5c-72bc827f2ef5:20160407213830.179:1310</Value>
          <Value>createTimeStamp:1310:1:55a73700-c891-46fd-8f5c-72bc827f2ef5:20160407213830.179:1310</Value>
          <Value>description:1310:1:55a73700-c891-46fd-8f5c-72bc827f2ef5:20160407213830.179:1310</Value>
          <Value>entryDN:1310:1:55a73700-c891-46fd-8f5c-72bc827f2ef5:20160407213830.179:1310</Value>
          <Value>isSingleValued:1310:1:55a73700-c891-46fd-8f5c-72bc827f2ef5:20160407213830.179:1310</Value>
          <Value>lDAPDisplayName:1310:1:55a73700-c891-46fd-8f5c-72bc827f2ef5:20160407213830.179:1310</Value>
          <Value>modifyTimeStamp:1310:1:55a73700-c891-46fd-8f5c-72bc827f2ef5:20160407213830.179:1310</Value>
          <Value>objectClass:1310:1:55a73700-c891-46fd-8f5c-72bc827f2ef5:20160407213830.179:1310</Value>
          <Value>objectGUID:1310:1:55a73700-c891-46fd-8f5c-72bc827f2ef5:20160407213830.179:1310</Value>
          <Value>oMSyntax:1310:1:55a73700-c891-46fd-8f5c-72bc827f2ef5:20160407213830.179:1310</Value>
          <Value>schemaIDGUID:1310:1:55a73700-c891-46fd-8f5c-72bc827f2ef5:20160407213830.179:1310</Value>
          <Value>uSNChanged:1310:1:55a73700-c891-46fd-8f5c-72bc827f2ef5:20160407213830.179:1310</Value>
          <Value>uSNCreated:1310:1:55a73700-c891-46fd-8f5c-72bc827f2ef5:20160407213830.179:1310</Value>
          <Value>vmwAttributeUsage:1310:1:55a73700-c891-46fd-8f5c-72bc827f2ef5:20160407213830.179:1310</Value>
        </AttributeMetadata>
      </AttributeSchemaEntry>
      <AttributeSchemaEntry>
        <Name>lastLogoff</Name>
        <AttributeMetadata>
          <Value>attributeID:1012:1:55a73700-c891-46fd-8f5c-72bc827f2ef5:20160407213829.649:1012</Value>
          <Value>attributeSyntax:1012:1:55a73700-c891-46fd-8f5c-72bc827f2ef5:20160407213829.649:1012</Value>
          <Value>cn:1012:1:55a73700-c891-46fd-8f5c-72bc827f2ef5:20160407213829.649:1012</Value>
          <Value>createTimeStamp:1012:1:55a73700-c891-46fd-8f5c-72bc827f2ef5:20160407213829.649:1012</Value>
          <Value>entryDN:1012:1:55a73700-c891-46fd-8f5c-72bc827f2ef5:20160407213829.649:1012</Value>
          <Value>isSingleValued:1012:1:55a73700-c891-46fd-8f5c-72bc827f2ef5:20160407213829.649:1012</Value>
          <Value>lDAPDisplayName:1012:1:55a73700-c891-46fd-8f5c-72bc827f2ef5:20160407213829.649:1012</Value>
          <Value>modifyTimeStamp:1012:1:55a73700-c891-46fd-8f5c-72bc827f2ef5:20160407213829.649:1012</Value>
          <Value>objectClass:1012:1:55a73700-c891-46fd-8f5c-72bc827f2ef5:20160407213829.649:1012</Value>
          <Value>objectGUID:1012:1:55a73700-c891-46fd-8f5c-72bc827f2ef5:20160407213829.649:1012</Value>
          <Value>oMSyntax:1012:1:55a73700-c891-46fd-8f5c-72bc827f2ef5:20160407213829.649:1012</Value>
          <Value>schemaIDGUID:1012:1:55a73700-c891-46fd-8f5c-72bc827f2ef5:20160407213829.649:1012</Value>
          <Value>uSNChanged:1012:1:55a73700-c891-46fd-8f5c-72bc827f2ef5:20160407213829.649:1012</Value>
          <Value>uSNCreated:1012:1:55a73700-c891-46fd-8f5c-72bc827f2ef5:20160407213829.649:1012</Value>
          <Value>vmwAttributeUsage:1012:1:55a73700-c891-46fd-8f5c-72bc827f2ef5:20160407213829.649:1012</Value>
        </AttributeMetadata>
      </AttributeSchemaEntry>
      <AttributeSchemaEntry>
        <Name>lastLogon</Name>
        <AttributeMetadata>
          <Value>attributeID:1595:1:55a73700-c891-46fd-8f5c-72bc827f2ef5:20160407213830.652:1595</Value>
          <Value>attributeSyntax:1595:1:55a73700-c891-46fd-8f5c-72bc827f2ef5:20160407213830.652:1595</Value>
          <Value>cn:1595:1:55a73700-c891-46fd-8f5c-72bc827f2ef5:20160407213830.652:1595</Value>
          <Value>createTimeStamp:1595:1:55a73700-c891-46fd-8f5c-72bc827f2ef5:20160407213830.652:1595</Value>
          <Value>entryDN:1595:1:55a73700-c891-46fd-8f5c-72bc827f2ef5:20160407213830.652:1595</Value>
          <Value>isSingleValued:1595:1:55a73700-c891-46fd-8f5c-72bc827f2ef5:20160407213830.652:1595</Value>
          <Value>lDAPDisplayName:1595:1:55a73700-c891-46fd-8f5c-72bc827f2ef5:20160407213830.652:1595</Value>
          <Value>modifyTimeStamp:1595:1:55a73700-c891-46fd-8f5c-72bc827f2ef5:20160407213830.652:1595</Value>
          <Value>objectClass:1595:1:55a73700-c891-46fd-8f5c-72bc827f2ef5:20160407213830.652:1595</Value>
          <Value>objectGUID:1595:1:55a73700-c891-46fd-8f5c-72bc827f2ef5:20160407213830.652:1595</Value>
          <Value>oMSyntax:1595:1:55a73700-c891-46fd-8f5c-72bc827f2ef5:20160407213830.652:1595</Value>
          <Value>schemaIDGUID:1595:1:55a73700-c891-46fd-8f5c-72bc827f2ef5:20160407213830.652:1595</Value>
          <Value>uSNChanged:1595:1:55a73700-c891-46fd-8f5c-72bc827f2ef5:20160407213830.652:1595</Value>
          <Value>uSNCreated:1595:1:55a73700-c891-46fd-8f5c-72bc827f2ef5:20160407213830.652:1595</Value>
          <Value>vmwAttributeUsage:1595:1:55a73700-c891-46fd-8f5c-72bc827f2ef5:20160407213830.652:1595</Value>
        </AttributeMetadata>
      </AttributeSchemaEntry>
      <AttributeSchemaEntry>
        <Name>lastLogonTimestamp</Name>
        <AttributeMetadata>
          <Value>attributeID:267:1:55a73700-c891-46fd-8f5c-72bc827f2ef5:20160407213828.417:267</Value>
          <Value>attributeSyntax:267:1:55a73700-c891-46fd-8f5c-72bc827f2ef5:20160407213828.417:267</Value>
          <Value>cn:267:1:55a73700-c891-46fd-8f5c-72bc827f2ef5:20160407213828.417:267</Value>
          <Value>createTimeStamp:267:1:55a73700-c891-46fd-8f5c-72bc827f2ef5:20160407213828.417:267</Value>
          <Value>entryDN:267:1:55a73700-c891-46fd-8f5c-72bc827f2ef5:20160407213828.417:267</Value>
          <Value>isSingleValued:267:1:55a73700-c891-46fd-8f5c-72bc827f2ef5:20160407213828.417:267</Value>
          <Value>lDAPDisplayName:267:1:55a73700-c891-46fd-8f5c-72bc827f2ef5:20160407213828.417:267</Value>
          <Value>modifyTimeStamp:267:1:55a73700-c891-46fd-8f5c-72bc827f2ef5:20160407213828.417:267</Value>
          <Value>objectClass:267:1:55a73700-c891-46fd-8f5c-72bc827f2ef5:20160407213828.417:267</Value>
          <Value>objectGUID:267:1:55a73700-c891-46fd-8f5c-72bc827f2ef5:20160407213828.417:267</Value>
          <Value>oMSyntax:267:1:55a73700-c891-46fd-8f5c-72bc827f2ef5:20160407213828.417:267</Value>
          <Value>schemaIDGUID:267:1:55a73700-c891-46fd-8f5c-72bc827f2ef5:20160407213828.417:267</Value>
          <Value>uSNChanged:267:1:55a73700-c891-46fd-8f5c-72bc827f2ef5:20160407213828.417:267</Value>
          <Value>uSNCreated:267:1:55a73700-c891-46fd-8f5c-72bc827f2ef5:20160407213828.417:267</Value>
          <Value>vmwAttributeUsage:267:1:55a73700-c891-46fd-8f5c-72bc827f2ef5:20160407213828.417:267</Value>
        </AttributeMetadata>
      </AttributeSchemaEntry>
      <AttributeSchemaEntry>
        <Name>lastSetTime</Name>
        <AttributeMetadata>
          <Value>attributeID:141:1:55a73700-c891-46fd-8f5c-72bc827f2ef5:20160407213828.240:141</Value>
          <Value>attributeSyntax:141:1:55a73700-c891-46fd-8f5c-72bc827f2ef5:20160407213828.240:141</Value>
          <Value>cn:141:1:55a73700-c891-46fd-8f5c-72bc827f2ef5:20160407213828.240:141</Value>
          <Value>createTimeStamp:141:1:55a73700-c891-46fd-8f5c-72bc827f2ef5:20160407213828.240:141</Value>
          <Value>entryDN:141:1:55a73700-c891-46fd-8f5c-72bc827f2ef5:20160407213828.240:141</Value>
          <Value>isSingleValued:141:1:55a73700-c891-46fd-8f5c-72bc827f2ef5:20160407213828.240:141</Value>
          <Value>lDAPDisplayName:141:1:55a73700-c891-46fd-8f5c-72bc827f2ef5:20160407213828.240:141</Value>
          <Value>modifyTimeStamp:141:1:55a73700-c891-46fd-8f5c-72bc827f2ef5:20160407213828.240:141</Value>
          <Value>objectClass:141:1:55a73700-c891-46fd-8f5c-72bc827f2ef5:20160407213828.240:141</Value>
          <Value>objectGUID:141:1:55a73700-c891-46fd-8f5c-72bc827f2ef5:20160407213828.240:141</Value>
          <Value>oMSyntax:141:1:55a73700-c891-46fd-8f5c-72bc827f2ef5:20160407213828.240:141</Value>
          <Value>schemaIDGUID:141:1:55a73700-c891-46fd-8f5c-72bc827f2ef5:20160407213828.240:141</Value>
          <Value>uSNChanged:141:1:55a73700-c891-46fd-8f5c-72bc827f2ef5:20160407213828.240:141</Value>
          <Value>uSNCreated:141:1:55a73700-c891-46fd-8f5c-72bc827f2ef5:20160407213828.240:141</Value>
          <Value>vmwAttributeUsage:141:1:55a73700-c891-46fd-8f5c-72bc827f2ef5:20160407213828.240:141</Value>
        </AttributeMetadata>
      </AttributeSchemaEntry>
      <AttributeSchemaEntry>
        <Name>lastUpdateSequence</Name>
        <AttributeMetadata>
          <Value>attributeID:810:1:55a73700-c891-46fd-8f5c-72bc827f2ef5:20160407213829.304:810</Value>
          <Value>attributeSyntax:810:1:55a73700-c891-46fd-8f5c-72bc827f2ef5:20160407213829.304:810</Value>
          <Value>cn:810:1:55a73700-c891-46fd-8f5c-72bc827f2ef5:20160407213829.304:810</Value>
          <Value>createTimeStamp:810:1:55a73700-c891-46fd-8f5c-72bc827f2ef5:20160407213829.304:810</Value>
          <Value>entryDN:810:1:55a73700-c891-46fd-8f5c-72bc827f2ef5:20160407213829.304:810</Value>
          <Value>isSingleValued:810:1:55a73700-c891-46fd-8f5c-72bc827f2ef5:20160407213829.304:810</Value>
          <Value>lDAPDisplayName:810:1:55a73700-c891-46fd-8f5c-72bc827f2ef5:20160407213829.304:810</Value>
          <Value>modifyTimeStamp:810:1:55a73700-c891-46fd-8f5c-72bc827f2ef5:20160407213829.304:810</Value>
          <Value>objectClass:810:1:55a73700-c891-46fd-8f5c-72bc827f2ef5:20160407213829.304:810</Value>
          <Value>objectGUID:810:1:55a73700-c891-46fd-8f5c-72bc827f2ef5:20160407213829.304:810</Value>
          <Value>oMSyntax:810:1:55a73700-c891-46fd-8f5c-72bc827f2ef5:20160407213829.304:810</Value>
          <Value>schemaIDGUID:810:1:55a73700-c891-46fd-8f5c-72bc827f2ef5:20160407213829.304:810</Value>
          <Value>uSNChanged:810:1:55a73700-c891-46fd-8f5c-72bc827f2ef5:20160407213829.304:810</Value>
          <Value>uSNCreated:810:1:55a73700-c891-46fd-8f5c-72bc827f2ef5:20160407213829.304:810</Value>
          <Value>vmwAttributeUsage:810:1:55a73700-c891-46fd-8f5c-72bc827f2ef5:20160407213829.304:810</Value>
        </AttributeMetadata>
      </AttributeSchemaEntry>
      <AttributeSchemaEntry>
        <Name>lDAPAdminLimits</Name>
        <AttributeMetadata>
          <Value>attributeID:883:1:55a73700-c891-46fd-8f5c-72bc827f2ef5:20160407213829.441:883</Value>
          <Value>attributeSyntax:883:1:55a73700-c891-46fd-8f5c-72bc827f2ef5:20160407213829.441:883</Value>
          <Value>cn:883:1:55a73700-c891-46fd-8f5c-72bc827f2ef5:20160407213829.441:883</Value>
          <Value>createTimeStamp:883:1:55a73700-c891-46fd-8f5c-72bc827f2ef5:20160407213829.441:883</Value>
          <Value>entryDN:883:1:55a73700-c891-46fd-8f5c-72bc827f2ef5:20160407213829.441:883</Value>
          <Value>isSingleValued:883:1:55a73700-c891-46fd-8f5c-72bc827f2ef5:20160407213829.441:883</Value>
          <Value>lDAPDisplayName:883:1:55a73700-c891-46fd-8f5c-72bc827f2ef5:20160407213829.441:883</Value>
          <Value>modifyTimeStamp:883:1:55a73700-c891-46fd-8f5c-72bc827f2ef5:20160407213829.441:883</Value>
          <Value>objectClass:883:1:55a73700-c891-46fd-8f5c-72bc827f2ef5:20160407213829.441:883</Value>
          <Value>objectGUID:883:1:55a73700-c891-46fd-8f5c-72bc827f2ef5:20160407213829.441:883</Value>
          <Value>oMSyntax:883:1:55a73700-c891-46fd-8f5c-72bc827f2ef5:20160407213829.441:883</Value>
          <Value>schemaIDGUID:883:1:55a73700-c891-46fd-8f5c-72bc827f2ef5:20160407213829.441:883</Value>
          <Value>uSNChanged:883:1:55a73700-c891-46fd-8f5c-72bc827f2ef5:20160407213829.441:883</Value>
          <Value>uSNCreated:883:1:55a73700-c891-46fd-8f5c-72bc827f2ef5:20160407213829.441:883</Value>
          <Value>vmwAttributeUsage:883:1:55a73700-c891-46fd-8f5c-72bc827f2ef5:20160407213829.441:883</Value>
        </AttributeMetadata>
      </AttributeSchemaEntry>
      <AttributeSchemaEntry>
        <Name>lDAPDisplayName</Name>
        <AttributeMetadata>
          <Value>attributeID:999:1:55a73700-c891-46fd-8f5c-72bc827f2ef5:20160407213829.625:999</Value>
          <Value>attributeSyntax:999:1:55a73700-c891-46fd-8f5c-72bc827f2ef5:20160407213829.625:999</Value>
          <Value>cn:999:1:55a73700-c891-46fd-8f5c-72bc827f2ef5:20160407213829.625:999</Value>
          <Value>createTimeStamp:999:1:55a73700-c891-46fd-8f5c-72bc827f2ef5:20160407213829.625:999</Value>
          <Value>entryDN:999:1:55a73700-c891-46fd-8f5c-72bc827f2ef5:20160407213829.625:999</Value>
          <Value>isSingleValued:999:1:55a73700-c891-46fd-8f5c-72bc827f2ef5:20160407213829.625:999</Value>
          <Value>lDAPDisplayName:999:1:55a73700-c891-46fd-8f5c-72bc827f2ef5:20160407213829.625:999</Value>
          <Value>modifyTimeStamp:999:1:55a73700-c891-46fd-8f5c-72bc827f2ef5:20160407213829.625:999</Value>
          <Value>objectClass:999:1:55a73700-c891-46fd-8f5c-72bc827f2ef5:20160407213829.625:999</Value>
          <Value>objectGUID:999:1:55a73700-c891-46fd-8f5c-72bc827f2ef5:20160407213829.625:999</Value>
          <Value>oMSyntax:999:1:55a73700-c891-46fd-8f5c-72bc827f2ef5:20160407213829.625:999</Value>
          <Value>schemaIDGUID:999:1:55a73700-c891-46fd-8f5c-72bc827f2ef5:20160407213829.625:999</Value>
          <Value>uSNChanged:999:1:55a73700-c891-46fd-8f5c-72bc827f2ef5:20160407213829.625:999</Value>
          <Value>uSNCreated:999:1:55a73700-c891-46fd-8f5c-72bc827f2ef5:20160407213829.625:999</Value>
          <Value>vmwAttributeUsage:999:1:55a73700-c891-46fd-8f5c-72bc827f2ef5:20160407213829.625:999</Value>
        </AttributeMetadata>
      </AttributeSchemaEntry>
      <AttributeSchemaEntry>
        <Name>lDAPIPDenyList</Name>
        <AttributeMetadata>
          <Value>attributeID:1702:1:55a73700-c891-46fd-8f5c-72bc827f2ef5:20160407213830.833:1702</Value>
          <Value>attributeSyntax:1702:1:55a73700-c891-46fd-8f5c-72bc827f2ef5:20160407213830.833:1702</Value>
          <Value>cn:1702:1:55a73700-c891-46fd-8f5c-72bc827f2ef5:20160407213830.833:1702</Value>
          <Value>createTimeStamp:1702:1:55a73700-c891-46fd-8f5c-72bc827f2ef5:20160407213830.833:1702</Value>
          <Value>entryDN:1702:1:55a73700-c891-46fd-8f5c-72bc827f2ef5:20160407213830.833:1702</Value>
          <Value>isSingleValued:1702:1:55a73700-c891-46fd-8f5c-72bc827f2ef5:20160407213830.833:1702</Value>
          <Value>lDAPDisplayName:1702:1:55a73700-c891-46fd-8f5c-72bc827f2ef5:20160407213830.833:1702</Value>
          <Value>modifyTimeStamp:1702:1:55a73700-c891-46fd-8f5c-72bc827f2ef5:20160407213830.833:1702</Value>
          <Value>objectClass:1702:1:55a73700-c891-46fd-8f5c-72bc827f2ef5:20160407213830.833:1702</Value>
          <Value>objectGUID:1702:1:55a73700-c891-46fd-8f5c-72bc827f2ef5:20160407213830.833:1702</Value>
          <Value>oMSyntax:1702:1:55a73700-c891-46fd-8f5c-72bc827f2ef5:20160407213830.833:1702</Value>
          <Value>schemaIDGUID:1702:1:55a73700-c891-46fd-8f5c-72bc827f2ef5:20160407213830.833:1702</Value>
          <Value>uSNChanged:1702:1:55a73700-c891-46fd-8f5c-72bc827f2ef5:20160407213830.833:1702</Value>
          <Value>uSNCreated:1702:1:55a73700-c891-46fd-8f5c-72bc827f2ef5:20160407213830.833:1702</Value>
          <Value>vmwAttributeUsage:1702:1:55a73700-c891-46fd-8f5c-72bc827f2ef5:20160407213830.833:1702</Value>
        </AttributeMetadata>
      </AttributeSchemaEntry>
      <AttributeSchemaEntry>
        <Name>ldapSyntaxes</Name>
        <AttributeMetadata>
          <Value>attributeID:377:1:55a73700-c891-46fd-8f5c-72bc827f2ef5:20160407213828.587:377</Value>
          <Value>attributeSyntax:377:1:55a73700-c891-46fd-8f5c-72bc827f2ef5:20160407213828.587:377</Value>
          <Value>cn:377:1:55a73700-c891-46fd-8f5c-72bc827f2ef5:20160407213828.587:377</Value>
          <Value>createTimeStamp:377:1:55a73700-c891-46fd-8f5c-72bc827f2ef5:20160407213828.587:377</Value>
          <Value>description:377:1:55a73700-c891-46fd-8f5c-72bc827f2ef5:20160407213828.587:377</Value>
          <Value>entryDN:377:1:55a73700-c891-46fd-8f5c-72bc827f2ef5:20160407213828.587:377</Value>
          <Value>isSingleValued:377:1:55a73700-c891-46fd-8f5c-72bc827f2ef5:20160407213828.587:377</Value>
          <Value>lDAPDisplayName:377:1:55a73700-c891-46fd-8f5c-72bc827f2ef5:20160407213828.587:377</Value>
          <Value>modifyTimeStamp:377:1:55a73700-c891-46fd-8f5c-72bc827f2ef5:20160407213828.587:377</Value>
          <Value>objectClass:377:1:55a73700-c891-46fd-8f5c-72bc827f2ef5:20160407213828.587:377</Value>
          <Value>objectGUID:377:1:55a73700-c891-46fd-8f5c-72bc827f2ef5:20160407213828.587:377</Value>
          <Value>oMSyntax:377:1:55a73700-c891-46fd-8f5c-72bc827f2ef5:20160407213828.587:377</Value>
          <Value>schemaIDGUID:377:1:55a73700-c891-46fd-8f5c-72bc827f2ef5:20160407213828.587:377</Value>
          <Value>uSNChanged:377:1:55a73700-c891-46fd-8f5c-72bc827f2ef5:20160407213828.587:377</Value>
          <Value>uSNCreated:377:1:55a73700-c891-46fd-8f5c-72bc827f2ef5:20160407213828.587:377</Value>
          <Value>vmwAttributeUsage:377:1:55a73700-c891-46fd-8f5c-72bc827f2ef5:20160407213828.587:377</Value>
        </AttributeMetadata>
      </AttributeSchemaEntry>
      <AttributeSchemaEntry>
        <Name>legacyExchangeDN</Name>
        <AttributeMetadata>
          <Value>attributeID:277:1:55a73700-c891-46fd-8f5c-72bc827f2ef5:20160407213828.433:277</Value>
          <Value>attributeSyntax:277:1:55a73700-c891-46fd-8f5c-72bc827f2ef5:20160407213828.433:277</Value>
          <Value>cn:277:1:55a73700-c891-46fd-8f5c-72bc827f2ef5:20160407213828.433:277</Value>
          <Value>createTimeStamp:277:1:55a73700-c891-46fd-8f5c-72bc827f2ef5:20160407213828.433:277</Value>
          <Value>entryDN:277:1:55a73700-c891-46fd-8f5c-72bc827f2ef5:20160407213828.433:277</Value>
          <Value>isSingleValued:277:1:55a73700-c891-46fd-8f5c-72bc827f2ef5:20160407213828.433:277</Value>
          <Value>lDAPDisplayName:277:1:55a73700-c891-46fd-8f5c-72bc827f2ef5:20160407213828.433:277</Value>
          <Value>modifyTimeStamp:277:1:55a73700-c891-46fd-8f5c-72bc827f2ef5:20160407213828.433:277</Value>
          <Value>objectClass:277:1:55a73700-c891-46fd-8f5c-72bc827f2ef5:20160407213828.433:277</Value>
          <Value>objectGUID:277:1:55a73700-c891-46fd-8f5c-72bc827f2ef5:20160407213828.433:277</Value>
          <Value>oMSyntax:277:1:55a73700-c891-46fd-8f5c-72bc827f2ef5:20160407213828.433:277</Value>
          <Value>schemaIDGUID:277:1:55a73700-c891-46fd-8f5c-72bc827f2ef5:20160407213828.433:277</Value>
          <Value>uSNChanged:277:1:55a73700-c891-46fd-8f5c-72bc827f2ef5:20160407213828.433:277</Value>
          <Value>uSNCreated:277:1:55a73700-c891-46fd-8f5c-72bc827f2ef5:20160407213828.433:277</Value>
          <Value>vmwAttributeUsage:277:1:55a73700-c891-46fd-8f5c-72bc827f2ef5:20160407213828.433:277</Value>
        </AttributeMetadata>
      </AttributeSchemaEntry>
      <AttributeSchemaEntry>
        <Name>linkID</Name>
        <AttributeMetadata>
          <Value>attributeID:707:1:55a73700-c891-46fd-8f5c-72bc827f2ef5:20160407213829.129:707</Value>
          <Value>attributeSyntax:707:1:55a73700-c891-46fd-8f5c-72bc827f2ef5:20160407213829.129:707</Value>
          <Value>cn:707:1:55a73700-c891-46fd-8f5c-72bc827f2ef5:20160407213829.129:707</Value>
          <Value>createTimeStamp:707:1:55a73700-c891-46fd-8f5c-72bc827f2ef5:20160407213829.129:707</Value>
          <Value>entryDN:707:1:55a73700-c891-46fd-8f5c-72bc827f2ef5:20160407213829.129:707</Value>
          <Value>isSingleValued:707:1:55a73700-c891-46fd-8f5c-72bc827f2ef5:20160407213829.129:707</Value>
          <Value>lDAPDisplayName:707:1:55a73700-c891-46fd-8f5c-72bc827f2ef5:20160407213829.129:707</Value>
          <Value>modifyTimeStamp:707:1:55a73700-c891-46fd-8f5c-72bc827f2ef5:20160407213829.129:707</Value>
          <Value>objectClass:707:1:55a73700-c891-46fd-8f5c-72bc827f2ef5:20160407213829.129:707</Value>
          <Value>objectGUID:707:1:55a73700-c891-46fd-8f5c-72bc827f2ef5:20160407213829.129:707</Value>
          <Value>oMSyntax:707:1:55a73700-c891-46fd-8f5c-72bc827f2ef5:20160407213829.129:707</Value>
          <Value>schemaIDGUID:707:1:55a73700-c891-46fd-8f5c-72bc827f2ef5:20160407213829.129:707</Value>
          <Value>uSNChanged:707:1:55a73700-c891-46fd-8f5c-72bc827f2ef5:20160407213829.129:707</Value>
          <Value>uSNCreated:707:1:55a73700-c891-46fd-8f5c-72bc827f2ef5:20160407213829.129:707</Value>
          <Value>vmwAttributeUsage:707:1:55a73700-c891-46fd-8f5c-72bc827f2ef5:20160407213829.129:707</Value>
        </AttributeMetadata>
      </AttributeSchemaEntry>
      <AttributeSchemaEntry>
        <Name>linkTrackSecret</Name>
        <AttributeMetadata>
          <Value>attributeID:759:1:55a73700-c891-46fd-8f5c-72bc827f2ef5:20160407213829.216:759</Value>
          <Value>attributeSyntax:759:1:55a73700-c891-46fd-8f5c-72bc827f2ef5:20160407213829.216:759</Value>
          <Value>cn:759:1:55a73700-c891-46fd-8f5c-72bc827f2ef5:20160407213829.216:759</Value>
          <Value>createTimeStamp:759:1:55a73700-c891-46fd-8f5c-72bc827f2ef5:20160407213829.216:759</Value>
          <Value>entryDN:759:1:55a73700-c891-46fd-8f5c-72bc827f2ef5:20160407213829.216:759</Value>
          <Value>isSingleValued:759:1:55a73700-c891-46fd-8f5c-72bc827f2ef5:20160407213829.216:759</Value>
          <Value>lDAPDisplayName:759:1:55a73700-c891-46fd-8f5c-72bc827f2ef5:20160407213829.216:759</Value>
          <Value>modifyTimeStamp:759:1:55a73700-c891-46fd-8f5c-72bc827f2ef5:20160407213829.216:759</Value>
          <Value>objectClass:759:1:55a73700-c891-46fd-8f5c-72bc827f2ef5:20160407213829.216:759</Value>
          <Value>objectGUID:759:1:55a73700-c891-46fd-8f5c-72bc827f2ef5:20160407213829.216:759</Value>
          <Value>oMSyntax:759:1:55a73700-c891-46fd-8f5c-72bc827f2ef5:20160407213829.216:759</Value>
          <Value>schemaIDGUID:759:1:55a73700-c891-46fd-8f5c-72bc827f2ef5:20160407213829.216:759</Value>
          <Value>uSNChanged:759:1:55a73700-c891-46fd-8f5c-72bc827f2ef5:20160407213829.216:759</Value>
          <Value>uSNCreated:759:1:55a73700-c891-46fd-8f5c-72bc827f2ef5:20160407213829.216:759</Value>
          <Value>vmwAttributeUsage:759:1:55a73700-c891-46fd-8f5c-72bc827f2ef5:20160407213829.216:759</Value>
        </AttributeMetadata>
      </AttributeSchemaEntry>
      <AttributeSchemaEntry>
        <Name>lmPwdHistory</Name>
        <AttributeMetadata>
          <Value>attributeID:1365:1:55a73700-c891-46fd-8f5c-72bc827f2ef5:20160407213830.268:1365</Value>
          <Value>attributeSyntax:1365:1:55a73700-c891-46fd-8f5c-72bc827f2ef5:20160407213830.268:1365</Value>
          <Value>cn:1365:1:55a73700-c891-46fd-8f5c-72bc827f2ef5:20160407213830.268:1365</Value>
          <Value>createTimeStamp:1365:1:55a73700-c891-46fd-8f5c-72bc827f2ef5:20160407213830.268:1365</Value>
          <Value>entryDN:1365:1:55a73700-c891-46fd-8f5c-72bc827f2ef5:20160407213830.268:1365</Value>
          <Value>isSingleValued:1365:1:55a73700-c891-46fd-8f5c-72bc827f2ef5:20160407213830.268:1365</Value>
          <Value>lDAPDisplayName:1365:1:55a73700-c891-46fd-8f5c-72bc827f2ef5:20160407213830.268:1365</Value>
          <Value>modifyTimeStamp:1365:1:55a73700-c891-46fd-8f5c-72bc827f2ef5:20160407213830.268:1365</Value>
          <Value>objectClass:1365:1:55a73700-c891-46fd-8f5c-72bc827f2ef5:20160407213830.268:1365</Value>
          <Value>objectGUID:1365:1:55a73700-c891-46fd-8f5c-72bc827f2ef5:20160407213830.268:1365</Value>
          <Value>oMSyntax:1365:1:55a73700-c891-46fd-8f5c-72bc827f2ef5:20160407213830.268:1365</Value>
          <Value>schemaIDGUID:1365:1:55a73700-c891-46fd-8f5c-72bc827f2ef5:20160407213830.268:1365</Value>
          <Value>uSNChanged:1365:1:55a73700-c891-46fd-8f5c-72bc827f2ef5:20160407213830.268:1365</Value>
          <Value>uSNCreated:1365:1:55a73700-c891-46fd-8f5c-72bc827f2ef5:20160407213830.268:1365</Value>
          <Value>vmwAttributeUsage:1365:1:55a73700-c891-46fd-8f5c-72bc827f2ef5:20160407213830.268:1365</Value>
        </AttributeMetadata>
      </AttributeSchemaEntry>
      <AttributeSchemaEntry>
        <Name>localeID</Name>
        <AttributeMetadata>
          <Value>attributeID:196:1:55a73700-c891-46fd-8f5c-72bc827f2ef5:20160407213828.318:196</Value>
          <Value>attributeSyntax:196:1:55a73700-c891-46fd-8f5c-72bc827f2ef5:20160407213828.318:196</Value>
          <Value>cn:196:1:55a73700-c891-46fd-8f5c-72bc827f2ef5:20160407213828.318:196</Value>
          <Value>createTimeStamp:196:1:55a73700-c891-46fd-8f5c-72bc827f2ef5:20160407213828.318:196</Value>
          <Value>entryDN:196:1:55a73700-c891-46fd-8f5c-72bc827f2ef5:20160407213828.318:196</Value>
          <Value>isSingleValued:196:1:55a73700-c891-46fd-8f5c-72bc827f2ef5:20160407213828.318:196</Value>
          <Value>lDAPDisplayName:196:1:55a73700-c891-46fd-8f5c-72bc827f2ef5:20160407213828.318:196</Value>
          <Value>modifyTimeStamp:196:1:55a73700-c891-46fd-8f5c-72bc827f2ef5:20160407213828.318:196</Value>
          <Value>objectClass:196:1:55a73700-c891-46fd-8f5c-72bc827f2ef5:20160407213828.318:196</Value>
          <Value>objectGUID:196:1:55a73700-c891-46fd-8f5c-72bc827f2ef5:20160407213828.318:196</Value>
          <Value>oMSyntax:196:1:55a73700-c891-46fd-8f5c-72bc827f2ef5:20160407213828.318:196</Value>
          <Value>schemaIDGUID:196:1:55a73700-c891-46fd-8f5c-72bc827f2ef5:20160407213828.318:196</Value>
          <Value>uSNChanged:196:1:55a73700-c891-46fd-8f5c-72bc827f2ef5:20160407213828.318:196</Value>
          <Value>uSNCreated:196:1:55a73700-c891-46fd-8f5c-72bc827f2ef5:20160407213828.318:196</Value>
          <Value>vmwAttributeUsage:196:1:55a73700-c891-46fd-8f5c-72bc827f2ef5:20160407213828.318:196</Value>
        </AttributeMetadata>
      </AttributeSchemaEntry>
      <AttributeSchemaEntry>
        <Name>localizationDisplayId</Name>
        <AttributeMetadata>
          <Value>attributeID:1014:1:55a73700-c891-46fd-8f5c-72bc827f2ef5:20160407213829.652:1014</Value>
          <Value>attributeSyntax:1014:1:55a73700-c891-46fd-8f5c-72bc827f2ef5:20160407213829.652:1014</Value>
          <Value>cn:1014:1:55a73700-c891-46fd-8f5c-72bc827f2ef5:20160407213829.652:1014</Value>
          <Value>createTimeStamp:1014:1:55a73700-c891-46fd-8f5c-72bc827f2ef5:20160407213829.652:1014</Value>
          <Value>entryDN:1014:1:55a73700-c891-46fd-8f5c-72bc827f2ef5:20160407213829.652:1014</Value>
          <Value>isSingleValued:1014:1:55a73700-c891-46fd-8f5c-72bc827f2ef5:20160407213829.652:1014</Value>
          <Value>lDAPDisplayName:1014:1:55a73700-c891-46fd-8f5c-72bc827f2ef5:20160407213829.652:1014</Value>
          <Value>modifyTimeStamp:1014:1:55a73700-c891-46fd-8f5c-72bc827f2ef5:20160407213829.652:1014</Value>
          <Value>objectClass:1014:1:55a73700-c891-46fd-8f5c-72bc827f2ef5:20160407213829.652:1014</Value>
          <Value>objectGUID:1014:1:55a73700-c891-46fd-8f5c-72bc827f2ef5:20160407213829.652:1014</Value>
          <Value>oMSyntax:1014:1:55a73700-c891-46fd-8f5c-72bc827f2ef5:20160407213829.652:1014</Value>
          <Value>schemaIDGUID:1014:1:55a73700-c891-46fd-8f5c-72bc827f2ef5:20160407213829.652:1014</Value>
          <Value>uSNChanged:1014:1:55a73700-c891-46fd-8f5c-72bc827f2ef5:20160407213829.652:1014</Value>
          <Value>uSNCreated:1014:1:55a73700-c891-46fd-8f5c-72bc827f2ef5:20160407213829.652:1014</Value>
          <Value>vmwAttributeUsage:1014:1:55a73700-c891-46fd-8f5c-72bc827f2ef5:20160407213829.652:1014</Value>
        </AttributeMetadata>
      </AttributeSchemaEntry>
      <AttributeSchemaEntry>
        <Name>localizedDescription</Name>
        <AttributeMetadata>
          <Value>attributeID:907:1:55a73700-c891-46fd-8f5c-72bc827f2ef5:20160407213829.476:907</Value>
          <Value>attributeSyntax:907:1:55a73700-c891-46fd-8f5c-72bc827f2ef5:20160407213829.476:907</Value>
          <Value>cn:907:1:55a73700-c891-46fd-8f5c-72bc827f2ef5:20160407213829.476:907</Value>
          <Value>createTimeStamp:907:1:55a73700-c891-46fd-8f5c-72bc827f2ef5:20160407213829.476:907</Value>
          <Value>entryDN:907:1:55a73700-c891-46fd-8f5c-72bc827f2ef5:20160407213829.476:907</Value>
          <Value>isSingleValued:907:1:55a73700-c891-46fd-8f5c-72bc827f2ef5:20160407213829.476:907</Value>
          <Value>lDAPDisplayName:907:1:55a73700-c891-46fd-8f5c-72bc827f2ef5:20160407213829.476:907</Value>
          <Value>modifyTimeStamp:907:1:55a73700-c891-46fd-8f5c-72bc827f2ef5:20160407213829.476:907</Value>
          <Value>objectClass:907:1:55a73700-c891-46fd-8f5c-72bc827f2ef5:20160407213829.476:907</Value>
          <Value>objectGUID:907:1:55a73700-c891-46fd-8f5c-72bc827f2ef5:20160407213829.476:907</Value>
          <Value>oMSyntax:907:1:55a73700-c891-46fd-8f5c-72bc827f2ef5:20160407213829.476:907</Value>
          <Value>schemaIDGUID:907:1:55a73700-c891-46fd-8f5c-72bc827f2ef5:20160407213829.476:907</Value>
          <Value>uSNChanged:907:1:55a73700-c891-46fd-8f5c-72bc827f2ef5:20160407213829.476:907</Value>
          <Value>uSNCreated:907:1:55a73700-c891-46fd-8f5c-72bc827f2ef5:20160407213829.476:907</Value>
          <Value>vmwAttributeUsage:907:1:55a73700-c891-46fd-8f5c-72bc827f2ef5:20160407213829.476:907</Value>
        </AttributeMetadata>
      </AttributeSchemaEntry>
      <AttributeSchemaEntry>
        <Name>localPolicyFlags</Name>
        <AttributeMetadata>
          <Value>attributeID:647:1:55a73700-c891-46fd-8f5c-72bc827f2ef5:20160407213829.031:647</Value>
          <Value>attributeSyntax:647:1:55a73700-c891-46fd-8f5c-72bc827f2ef5:20160407213829.031:647</Value>
          <Value>cn:647:1:55a73700-c891-46fd-8f5c-72bc827f2ef5:20160407213829.031:647</Value>
          <Value>createTimeStamp:647:1:55a73700-c891-46fd-8f5c-72bc827f2ef5:20160407213829.031:647</Value>
          <Value>entryDN:647:1:55a73700-c891-46fd-8f5c-72bc827f2ef5:20160407213829.031:647</Value>
          <Value>isSingleValued:647:1:55a73700-c891-46fd-8f5c-72bc827f2ef5:20160407213829.031:647</Value>
          <Value>lDAPDisplayName:647:1:55a73700-c891-46fd-8f5c-72bc827f2ef5:20160407213829.031:647</Value>
          <Value>modifyTimeStamp:647:1:55a73700-c891-46fd-8f5c-72bc827f2ef5:20160407213829.031:647</Value>
          <Value>objectClass:647:1:55a73700-c891-46fd-8f5c-72bc827f2ef5:20160407213829.031:647</Value>
          <Value>objectGUID:647:1:55a73700-c891-46fd-8f5c-72bc827f2ef5:20160407213829.031:647</Value>
          <Value>oMSyntax:647:1:55a73700-c891-46fd-8f5c-72bc827f2ef5:20160407213829.031:647</Value>
          <Value>schemaIDGUID:647:1:55a73700-c891-46fd-8f5c-72bc827f2ef5:20160407213829.031:647</Value>
          <Value>uSNChanged:647:1:55a73700-c891-46fd-8f5c-72bc827f2ef5:20160407213829.031:647</Value>
          <Value>uSNCreated:647:1:55a73700-c891-46fd-8f5c-72bc827f2ef5:20160407213829.031:647</Value>
          <Value>vmwAttributeUsage:647:1:55a73700-c891-46fd-8f5c-72bc827f2ef5:20160407213829.031:647</Value>
        </AttributeMetadata>
      </AttributeSchemaEntry>
      <AttributeSchemaEntry>
        <Name>localPolicyReference</Name>
        <AttributeMetadata>
          <Value>attributeID:211:1:55a73700-c891-46fd-8f5c-72bc827f2ef5:20160407213828.332:211</Value>
          <Value>attributeSyntax:211:1:55a73700-c891-46fd-8f5c-72bc827f2ef5:20160407213828.332:211</Value>
          <Value>cn:211:1:55a73700-c891-46fd-8f5c-72bc827f2ef5:20160407213828.332:211</Value>
          <Value>createTimeStamp:211:1:55a73700-c891-46fd-8f5c-72bc827f2ef5:20160407213828.332:211</Value>
          <Value>entryDN:211:1:55a73700-c891-46fd-8f5c-72bc827f2ef5:20160407213828.332:211</Value>
          <Value>isSingleValued:211:1:55a73700-c891-46fd-8f5c-72bc827f2ef5:20160407213828.332:211</Value>
          <Value>lDAPDisplayName:211:1:55a73700-c891-46fd-8f5c-72bc827f2ef5:20160407213828.332:211</Value>
          <Value>modifyTimeStamp:211:1:55a73700-c891-46fd-8f5c-72bc827f2ef5:20160407213828.332:211</Value>
          <Value>objectClass:211:1:55a73700-c891-46fd-8f5c-72bc827f2ef5:20160407213828.332:211</Value>
          <Value>objectGUID:211:1:55a73700-c891-46fd-8f5c-72bc827f2ef5:20160407213828.332:211</Value>
          <Value>oMSyntax:211:1:55a73700-c891-46fd-8f5c-72bc827f2ef5:20160407213828.332:211</Value>
          <Value>schemaIDGUID:211:1:55a73700-c891-46fd-8f5c-72bc827f2ef5:20160407213828.332:211</Value>
          <Value>uSNChanged:211:1:55a73700-c891-46fd-8f5c-72bc827f2ef5:20160407213828.332:211</Value>
          <Value>uSNCreated:211:1:55a73700-c891-46fd-8f5c-72bc827f2ef5:20160407213828.332:211</Value>
          <Value>vmwAttributeUsage:211:1:55a73700-c891-46fd-8f5c-72bc827f2ef5:20160407213828.332:211</Value>
        </AttributeMetadata>
      </AttributeSchemaEntry>
      <AttributeSchemaEntry>
        <Name>location</Name>
        <AttributeMetadata>
          <Value>attributeID:817:1:55a73700-c891-46fd-8f5c-72bc827f2ef5:20160407213829.323:817</Value>
          <Value>attributeSyntax:817:1:55a73700-c891-46fd-8f5c-72bc827f2ef5:20160407213829.323:817</Value>
          <Value>cn:817:1:55a73700-c891-46fd-8f5c-72bc827f2ef5:20160407213829.323:817</Value>
          <Value>createTimeStamp:817:1:55a73700-c891-46fd-8f5c-72bc827f2ef5:20160407213829.323:817</Value>
          <Value>entryDN:817:1:55a73700-c891-46fd-8f5c-72bc827f2ef5:20160407213829.323:817</Value>
          <Value>isSingleValued:817:1:55a73700-c891-46fd-8f5c-72bc827f2ef5:20160407213829.323:817</Value>
          <Value>lDAPDisplayName:817:1:55a73700-c891-46fd-8f5c-72bc827f2ef5:20160407213829.323:817</Value>
          <Value>modifyTimeStamp:817:1:55a73700-c891-46fd-8f5c-72bc827f2ef5:20160407213829.323:817</Value>
          <Value>objectClass:817:1:55a73700-c891-46fd-8f5c-72bc827f2ef5:20160407213829.323:817</Value>
          <Value>objectGUID:817:1:55a73700-c891-46fd-8f5c-72bc827f2ef5:20160407213829.323:817</Value>
          <Value>oMSyntax:817:1:55a73700-c891-46fd-8f5c-72bc827f2ef5:20160407213829.323:817</Value>
          <Value>schemaIDGUID:817:1:55a73700-c891-46fd-8f5c-72bc827f2ef5:20160407213829.323:817</Value>
          <Value>uSNChanged:817:1:55a73700-c891-46fd-8f5c-72bc827f2ef5:20160407213829.323:817</Value>
          <Value>uSNCreated:817:1:55a73700-c891-46fd-8f5c-72bc827f2ef5:20160407213829.323:817</Value>
          <Value>vmwAttributeUsage:817:1:55a73700-c891-46fd-8f5c-72bc827f2ef5:20160407213829.323:817</Value>
        </AttributeMetadata>
      </AttributeSchemaEntry>
      <AttributeSchemaEntry>
        <Name>lockoutDuration</Name>
        <AttributeMetadata>
          <Value>attributeID:1602:1:55a73700-c891-46fd-8f5c-72bc827f2ef5:20160407213830.659:1602</Value>
          <Value>attributeSyntax:1602:1:55a73700-c891-46fd-8f5c-72bc827f2ef5:20160407213830.659:1602</Value>
          <Value>cn:1602:1:55a73700-c891-46fd-8f5c-72bc827f2ef5:20160407213830.659:1602</Value>
          <Value>createTimeStamp:1602:1:55a73700-c891-46fd-8f5c-72bc827f2ef5:20160407213830.659:1602</Value>
          <Value>entryDN:1602:1:55a73700-c891-46fd-8f5c-72bc827f2ef5:20160407213830.659:1602</Value>
          <Value>isSingleValued:1602:1:55a73700-c891-46fd-8f5c-72bc827f2ef5:20160407213830.659:1602</Value>
          <Value>lDAPDisplayName:1602:1:55a73700-c891-46fd-8f5c-72bc827f2ef5:20160407213830.659:1602</Value>
          <Value>modifyTimeStamp:1602:1:55a73700-c891-46fd-8f5c-72bc827f2ef5:20160407213830.659:1602</Value>
          <Value>objectClass:1602:1:55a73700-c891-46fd-8f5c-72bc827f2ef5:20160407213830.659:1602</Value>
          <Value>objectGUID:1602:1:55a73700-c891-46fd-8f5c-72bc827f2ef5:20160407213830.659:1602</Value>
          <Value>oMSyntax:1602:1:55a73700-c891-46fd-8f5c-72bc827f2ef5:20160407213830.659:1602</Value>
          <Value>schemaIDGUID:1602:1:55a73700-c891-46fd-8f5c-72bc827f2ef5:20160407213830.659:1602</Value>
          <Value>uSNChanged:1602:1:55a73700-c891-46fd-8f5c-72bc827f2ef5:20160407213830.659:1602</Value>
          <Value>uSNCreated:1602:1:55a73700-c891-46fd-8f5c-72bc827f2ef5:20160407213830.659:1602</Value>
          <Value>vmwAttributeUsage:1602:1:55a73700-c891-46fd-8f5c-72bc827f2ef5:20160407213830.659:1602</Value>
        </AttributeMetadata>
      </AttributeSchemaEntry>
      <AttributeSchemaEntry>
        <Name>lockOutObservationWindow</Name>
        <AttributeMetadata>
          <Value>attributeID:827:1:55a73700-c891-46fd-8f5c-72bc827f2ef5:20160407213829.334:827</Value>
          <Value>attributeSyntax:827:1:55a73700-c891-46fd-8f5c-72bc827f2ef5:20160407213829.334:827</Value>
          <Value>cn:827:1:55a73700-c891-46fd-8f5c-72bc827f2ef5:20160407213829.334:827</Value>
          <Value>createTimeStamp:827:1:55a73700-c891-46fd-8f5c-72bc827f2ef5:20160407213829.334:827</Value>
          <Value>entryDN:827:1:55a73700-c891-46fd-8f5c-72bc827f2ef5:20160407213829.334:827</Value>
          <Value>isSingleValued:827:1:55a73700-c891-46fd-8f5c-72bc827f2ef5:20160407213829.334:827</Value>
          <Value>lDAPDisplayName:827:1:55a73700-c891-46fd-8f5c-72bc827f2ef5:20160407213829.334:827</Value>
          <Value>modifyTimeStamp:827:1:55a73700-c891-46fd-8f5c-72bc827f2ef5:20160407213829.334:827</Value>
          <Value>objectClass:827:1:55a73700-c891-46fd-8f5c-72bc827f2ef5:20160407213829.334:827</Value>
          <Value>objectGUID:827:1:55a73700-c891-46fd-8f5c-72bc827f2ef5:20160407213829.334:827</Value>
          <Value>oMSyntax:827:1:55a73700-c891-46fd-8f5c-72bc827f2ef5:20160407213829.334:827</Value>
          <Value>schemaIDGUID:827:1:55a73700-c891-46fd-8f5c-72bc827f2ef5:20160407213829.334:827</Value>
          <Value>uSNChanged:827:1:55a73700-c891-46fd-8f5c-72bc827f2ef5:20160407213829.334:827</Value>
          <Value>uSNCreated:827:1:55a73700-c891-46fd-8f5c-72bc827f2ef5:20160407213829.334:827</Value>
          <Value>vmwAttributeUsage:827:1:55a73700-c891-46fd-8f5c-72bc827f2ef5:20160407213829.334:827</Value>
        </AttributeMetadata>
      </AttributeSchemaEntry>
      <AttributeSchemaEntry>
        <Name>lockoutThreshold</Name>
        <AttributeMetadata>
          <Value>attributeID:605:1:55a73700-c891-46fd-8f5c-72bc827f2ef5:20160407213828.951:605</Value>
          <Value>attributeSyntax:605:1:55a73700-c891-46fd-8f5c-72bc827f2ef5:20160407213828.951:605</Value>
          <Value>cn:605:1:55a73700-c891-46fd-8f5c-72bc827f2ef5:20160407213828.951:605</Value>
          <Value>createTimeStamp:605:1:55a73700-c891-46fd-8f5c-72bc827f2ef5:20160407213828.951:605</Value>
          <Value>entryDN:605:1:55a73700-c891-46fd-8f5c-72bc827f2ef5:20160407213828.951:605</Value>
          <Value>isSingleValued:605:1:55a73700-c891-46fd-8f5c-72bc827f2ef5:20160407213828.951:605</Value>
          <Value>lDAPDisplayName:605:1:55a73700-c891-46fd-8f5c-72bc827f2ef5:20160407213828.951:605</Value>
          <Value>modifyTimeStamp:605:1:55a73700-c891-46fd-8f5c-72bc827f2ef5:20160407213828.951:605</Value>
          <Value>objectClass:605:1:55a73700-c891-46fd-8f5c-72bc827f2ef5:20160407213828.951:605</Value>
          <Value>objectGUID:605:1:55a73700-c891-46fd-8f5c-72bc827f2ef5:20160407213828.951:605</Value>
          <Value>oMSyntax:605:1:55a73700-c891-46fd-8f5c-72bc827f2ef5:20160407213828.951:605</Value>
          <Value>schemaIDGUID:605:1:55a73700-c891-46fd-8f5c-72bc827f2ef5:20160407213828.951:605</Value>
          <Value>uSNChanged:605:1:55a73700-c891-46fd-8f5c-72bc827f2ef5:20160407213828.951:605</Value>
          <Value>uSNCreated:605:1:55a73700-c891-46fd-8f5c-72bc827f2ef5:20160407213828.951:605</Value>
          <Value>vmwAttributeUsage:605:1:55a73700-c891-46fd-8f5c-72bc827f2ef5:20160407213828.951:605</Value>
        </AttributeMetadata>
      </AttributeSchemaEntry>
      <AttributeSchemaEntry>
        <Name>lockoutTime</Name>
        <AttributeMetadata>
          <Value>attributeID:271:1:55a73700-c891-46fd-8f5c-72bc827f2ef5:20160407213828.420:271</Value>
          <Value>attributeSyntax:271:1:55a73700-c891-46fd-8f5c-72bc827f2ef5:20160407213828.420:271</Value>
          <Value>cn:271:1:55a73700-c891-46fd-8f5c-72bc827f2ef5:20160407213828.420:271</Value>
          <Value>createTimeStamp:271:1:55a73700-c891-46fd-8f5c-72bc827f2ef5:20160407213828.420:271</Value>
          <Value>entryDN:271:1:55a73700-c891-46fd-8f5c-72bc827f2ef5:20160407213828.420:271</Value>
          <Value>isSingleValued:271:1:55a73700-c891-46fd-8f5c-72bc827f2ef5:20160407213828.420:271</Value>
          <Value>lDAPDisplayName:271:1:55a73700-c891-46fd-8f5c-72bc827f2ef5:20160407213828.420:271</Value>
          <Value>modifyTimeStamp:271:1:55a73700-c891-46fd-8f5c-72bc827f2ef5:20160407213828.420:271</Value>
          <Value>objectClass:271:1:55a73700-c891-46fd-8f5c-72bc827f2ef5:20160407213828.420:271</Value>
          <Value>objectGUID:271:1:55a73700-c891-46fd-8f5c-72bc827f2ef5:20160407213828.420:271</Value>
          <Value>oMSyntax:271:1:55a73700-c891-46fd-8f5c-72bc827f2ef5:20160407213828.420:271</Value>
          <Value>schemaIDGUID:271:1:55a73700-c891-46fd-8f5c-72bc827f2ef5:20160407213828.420:271</Value>
          <Value>uSNChanged:271:1:55a73700-c891-46fd-8f5c-72bc827f2ef5:20160407213828.420:271</Value>
          <Value>uSNCreated:271:1:55a73700-c891-46fd-8f5c-72bc827f2ef5:20160407213828.420:271</Value>
          <Value>vmwAttributeUsage:271:1:55a73700-c891-46fd-8f5c-72bc827f2ef5:20160407213828.420:271</Value>
        </AttributeMetadata>
      </AttributeSchemaEntry>
      <AttributeSchemaEntry>
        <Name>loginShell</Name>
        <AttributeMetadata>
          <Value>attributeID:1041:1:55a73700-c891-46fd-8f5c-72bc827f2ef5:20160407213829.699:1041</Value>
          <Value>attributeSyntax:1041:1:55a73700-c891-46fd-8f5c-72bc827f2ef5:20160407213829.699:1041</Value>
          <Value>cn:1041:1:55a73700-c891-46fd-8f5c-72bc827f2ef5:20160407213829.699:1041</Value>
          <Value>createTimeStamp:1041:1:55a73700-c891-46fd-8f5c-72bc827f2ef5:20160407213829.699:1041</Value>
          <Value>entryDN:1041:1:55a73700-c891-46fd-8f5c-72bc827f2ef5:20160407213829.699:1041</Value>
          <Value>isSingleValued:1041:1:55a73700-c891-46fd-8f5c-72bc827f2ef5:20160407213829.699:1041</Value>
          <Value>lDAPDisplayName:1041:1:55a73700-c891-46fd-8f5c-72bc827f2ef5:20160407213829.699:1041</Value>
          <Value>modifyTimeStamp:1041:1:55a73700-c891-46fd-8f5c-72bc827f2ef5:20160407213829.699:1041</Value>
          <Value>objectClass:1041:1:55a73700-c891-46fd-8f5c-72bc827f2ef5:20160407213829.699:1041</Value>
          <Value>objectGUID:1041:1:55a73700-c891-46fd-8f5c-72bc827f2ef5:20160407213829.699:1041</Value>
          <Value>oMSyntax:1041:1:55a73700-c891-46fd-8f5c-72bc827f2ef5:20160407213829.699:1041</Value>
          <Value>schemaIDGUID:1041:1:55a73700-c891-46fd-8f5c-72bc827f2ef5:20160407213829.699:1041</Value>
          <Value>uSNChanged:1041:1:55a73700-c891-46fd-8f5c-72bc827f2ef5:20160407213829.699:1041</Value>
          <Value>uSNCreated:1041:1:55a73700-c891-46fd-8f5c-72bc827f2ef5:20160407213829.699:1041</Value>
          <Value>vmwAttributeUsage:1041:1:55a73700-c891-46fd-8f5c-72bc827f2ef5:20160407213829.699:1041</Value>
        </AttributeMetadata>
      </AttributeSchemaEntry>
      <AttributeSchemaEntry>
        <Name>logonCount</Name>
        <AttributeMetadata>
          <Value>attributeID:1227:1:55a73700-c891-46fd-8f5c-72bc827f2ef5:20160407213830.039:1227</Value>
          <Value>attributeSyntax:1227:1:55a73700-c891-46fd-8f5c-72bc827f2ef5:20160407213830.039:1227</Value>
          <Value>cn:1227:1:55a73700-c891-46fd-8f5c-72bc827f2ef5:20160407213830.039:1227</Value>
          <Value>createTimeStamp:1227:1:55a73700-c891-46fd-8f5c-72bc827f2ef5:20160407213830.039:1227</Value>
          <Value>entryDN:1227:1:55a73700-c891-46fd-8f5c-72bc827f2ef5:20160407213830.039:1227</Value>
          <Value>isSingleValued:1227:1:55a73700-c891-46fd-8f5c-72bc827f2ef5:20160407213830.039:1227</Value>
          <Value>lDAPDisplayName:1227:1:55a73700-c891-46fd-8f5c-72bc827f2ef5:20160407213830.039:1227</Value>
          <Value>modifyTimeStamp:1227:1:55a73700-c891-46fd-8f5c-72bc827f2ef5:20160407213830.039:1227</Value>
          <Value>objectClass:1227:1:55a73700-c891-46fd-8f5c-72bc827f2ef5:20160407213830.039:1227</Value>
          <Value>objectGUID:1227:1:55a73700-c891-46fd-8f5c-72bc827f2ef5:20160407213830.039:1227</Value>
          <Value>oMSyntax:1227:1:55a73700-c891-46fd-8f5c-72bc827f2ef5:20160407213830.039:1227</Value>
          <Value>schemaIDGUID:1227:1:55a73700-c891-46fd-8f5c-72bc827f2ef5:20160407213830.039:1227</Value>
          <Value>uSNChanged:1227:1:55a73700-c891-46fd-8f5c-72bc827f2ef5:20160407213830.039:1227</Value>
          <Value>uSNCreated:1227:1:55a73700-c891-46fd-8f5c-72bc827f2ef5:20160407213830.039:1227</Value>
          <Value>vmwAttributeUsage:1227:1:55a73700-c891-46fd-8f5c-72bc827f2ef5:20160407213830.039:1227</Value>
        </AttributeMetadata>
      </AttributeSchemaEntry>
      <AttributeSchemaEntry>
        <Name>logonHours</Name>
        <AttributeMetadata>
          <Value>attributeID:1436:1:55a73700-c891-46fd-8f5c-72bc827f2ef5:20160407213830.386:1436</Value>
          <Value>attributeSyntax:1436:1:55a73700-c891-46fd-8f5c-72bc827f2ef5:20160407213830.386:1436</Value>
          <Value>cn:1436:1:55a73700-c891-46fd-8f5c-72bc827f2ef5:20160407213830.386:1436</Value>
          <Value>createTimeStamp:1436:1:55a73700-c891-46fd-8f5c-72bc827f2ef5:20160407213830.386:1436</Value>
          <Value>entryDN:1436:1:55a73700-c891-46fd-8f5c-72bc827f2ef5:20160407213830.386:1436</Value>
          <Value>isSingleValued:1436:1:55a73700-c891-46fd-8f5c-72bc827f2ef5:20160407213830.386:1436</Value>
          <Value>lDAPDisplayName:1436:1:55a73700-c891-46fd-8f5c-72bc827f2ef5:20160407213830.386:1436</Value>
          <Value>modifyTimeStamp:1436:1:55a73700-c891-46fd-8f5c-72bc827f2ef5:20160407213830.386:1436</Value>
          <Value>objectClass:1436:1:55a73700-c891-46fd-8f5c-72bc827f2ef5:20160407213830.386:1436</Value>
          <Value>objectGUID:1436:1:55a73700-c891-46fd-8f5c-72bc827f2ef5:20160407213830.386:1436</Value>
          <Value>oMSyntax:1436:1:55a73700-c891-46fd-8f5c-72bc827f2ef5:20160407213830.386:1436</Value>
          <Value>schemaIDGUID:1436:1:55a73700-c891-46fd-8f5c-72bc827f2ef5:20160407213830.386:1436</Value>
          <Value>uSNChanged:1436:1:55a73700-c891-46fd-8f5c-72bc827f2ef5:20160407213830.386:1436</Value>
          <Value>uSNCreated:1436:1:55a73700-c891-46fd-8f5c-72bc827f2ef5:20160407213830.386:1436</Value>
          <Value>vmwAttributeUsage:1436:1:55a73700-c891-46fd-8f5c-72bc827f2ef5:20160407213830.386:1436</Value>
        </AttributeMetadata>
      </AttributeSchemaEntry>
      <AttributeSchemaEntry>
        <Name>logonWorkstation</Name>
        <AttributeMetadata>
          <Value>attributeID:882:1:55a73700-c891-46fd-8f5c-72bc827f2ef5:20160407213829.440:882</Value>
          <Value>attributeSyntax:882:1:55a73700-c891-46fd-8f5c-72bc827f2ef5:20160407213829.440:882</Value>
          <Value>cn:882:1:55a73700-c891-46fd-8f5c-72bc827f2ef5:20160407213829.440:882</Value>
          <Value>createTimeStamp:882:1:55a73700-c891-46fd-8f5c-72bc827f2ef5:20160407213829.440:882</Value>
          <Value>entryDN:882:1:55a73700-c891-46fd-8f5c-72bc827f2ef5:20160407213829.440:882</Value>
          <Value>isSingleValued:882:1:55a73700-c891-46fd-8f5c-72bc827f2ef5:20160407213829.440:882</Value>
          <Value>lDAPDisplayName:882:1:55a73700-c891-46fd-8f5c-72bc827f2ef5:20160407213829.440:882</Value>
          <Value>modifyTimeStamp:882:1:55a73700-c891-46fd-8f5c-72bc827f2ef5:20160407213829.440:882</Value>
          <Value>objectClass:882:1:55a73700-c891-46fd-8f5c-72bc827f2ef5:20160407213829.440:882</Value>
          <Value>objectGUID:882:1:55a73700-c891-46fd-8f5c-72bc827f2ef5:20160407213829.440:882</Value>
          <Value>oMSyntax:882:1:55a73700-c891-46fd-8f5c-72bc827f2ef5:20160407213829.440:882</Value>
          <Value>schemaIDGUID:882:1:55a73700-c891-46fd-8f5c-72bc827f2ef5:20160407213829.440:882</Value>
          <Value>uSNChanged:882:1:55a73700-c891-46fd-8f5c-72bc827f2ef5:20160407213829.440:882</Value>
          <Value>uSNCreated:882:1:55a73700-c891-46fd-8f5c-72bc827f2ef5:20160407213829.440:882</Value>
          <Value>vmwAttributeUsage:882:1:55a73700-c891-46fd-8f5c-72bc827f2ef5:20160407213829.440:882</Value>
        </AttributeMetadata>
      </AttributeSchemaEntry>
      <AttributeSchemaEntry>
        <Name>lSACreationTime</Name>
        <AttributeMetadata>
          <Value>attributeID:155:1:55a73700-c891-46fd-8f5c-72bc827f2ef5:20160407213828.263:155</Value>
          <Value>attributeSyntax:155:1:55a73700-c891-46fd-8f5c-72bc827f2ef5:20160407213828.263:155</Value>
          <Value>cn:155:1:55a73700-c891-46fd-8f5c-72bc827f2ef5:20160407213828.263:155</Value>
          <Value>createTimeStamp:155:1:55a73700-c891-46fd-8f5c-72bc827f2ef5:20160407213828.263:155</Value>
          <Value>entryDN:155:1:55a73700-c891-46fd-8f5c-72bc827f2ef5:20160407213828.263:155</Value>
          <Value>isSingleValued:155:1:55a73700-c891-46fd-8f5c-72bc827f2ef5:20160407213828.263:155</Value>
          <Value>lDAPDisplayName:155:1:55a73700-c891-46fd-8f5c-72bc827f2ef5:20160407213828.263:155</Value>
          <Value>modifyTimeStamp:155:1:55a73700-c891-46fd-8f5c-72bc827f2ef5:20160407213828.263:155</Value>
          <Value>objectClass:155:1:55a73700-c891-46fd-8f5c-72bc827f2ef5:20160407213828.263:155</Value>
          <Value>objectGUID:155:1:55a73700-c891-46fd-8f5c-72bc827f2ef5:20160407213828.263:155</Value>
          <Value>oMSyntax:155:1:55a73700-c891-46fd-8f5c-72bc827f2ef5:20160407213828.263:155</Value>
          <Value>schemaIDGUID:155:1:55a73700-c891-46fd-8f5c-72bc827f2ef5:20160407213828.263:155</Value>
          <Value>uSNChanged:155:1:55a73700-c891-46fd-8f5c-72bc827f2ef5:20160407213828.263:155</Value>
          <Value>uSNCreated:155:1:55a73700-c891-46fd-8f5c-72bc827f2ef5:20160407213828.263:155</Value>
          <Value>vmwAttributeUsage:155:1:55a73700-c891-46fd-8f5c-72bc827f2ef5:20160407213828.263:155</Value>
        </AttributeMetadata>
      </AttributeSchemaEntry>
      <AttributeSchemaEntry>
        <Name>lSAModifiedCount</Name>
        <AttributeMetadata>
          <Value>attributeID:1742:1:55a73700-c891-46fd-8f5c-72bc827f2ef5:20160407213830.903:1742</Value>
          <Value>attributeSyntax:1742:1:55a73700-c891-46fd-8f5c-72bc827f2ef5:20160407213830.903:1742</Value>
          <Value>cn:1742:1:55a73700-c891-46fd-8f5c-72bc827f2ef5:20160407213830.903:1742</Value>
          <Value>createTimeStamp:1742:1:55a73700-c891-46fd-8f5c-72bc827f2ef5:20160407213830.903:1742</Value>
          <Value>entryDN:1742:1:55a73700-c891-46fd-8f5c-72bc827f2ef5:20160407213830.903:1742</Value>
          <Value>isSingleValued:1742:1:55a73700-c891-46fd-8f5c-72bc827f2ef5:20160407213830.903:1742</Value>
          <Value>lDAPDisplayName:1742:1:55a73700-c891-46fd-8f5c-72bc827f2ef5:20160407213830.903:1742</Value>
          <Value>modifyTimeStamp:1742:1:55a73700-c891-46fd-8f5c-72bc827f2ef5:20160407213830.903:1742</Value>
          <Value>objectClass:1742:1:55a73700-c891-46fd-8f5c-72bc827f2ef5:20160407213830.903:1742</Value>
          <Value>objectGUID:1742:1:55a73700-c891-46fd-8f5c-72bc827f2ef5:20160407213830.903:1742</Value>
          <Value>oMSyntax:1742:1:55a73700-c891-46fd-8f5c-72bc827f2ef5:20160407213830.903:1742</Value>
          <Value>schemaIDGUID:1742:1:55a73700-c891-46fd-8f5c-72bc827f2ef5:20160407213830.903:1742</Value>
          <Value>uSNChanged:1742:1:55a73700-c891-46fd-8f5c-72bc827f2ef5:20160407213830.903:1742</Value>
          <Value>uSNCreated:1742:1:55a73700-c891-46fd-8f5c-72bc827f2ef5:20160407213830.903:1742</Value>
          <Value>vmwAttributeUsage:1742:1:55a73700-c891-46fd-8f5c-72bc827f2ef5:20160407213830.903:1742</Value>
        </AttributeMetadata>
      </AttributeSchemaEntry>
      <AttributeSchemaEntry>
        <Name>macAddress</Name>
        <AttributeMetadata>
          <Value>attributeID:347:1:55a73700-c891-46fd-8f5c-72bc827f2ef5:20160407213828.537:347</Value>
          <Value>attributeSyntax:347:1:55a73700-c891-46fd-8f5c-72bc827f2ef5:20160407213828.537:347</Value>
          <Value>cn:347:1:55a73700-c891-46fd-8f5c-72bc827f2ef5:20160407213828.537:347</Value>
          <Value>createTimeStamp:347:1:55a73700-c891-46fd-8f5c-72bc827f2ef5:20160407213828.537:347</Value>
          <Value>entryDN:347:1:55a73700-c891-46fd-8f5c-72bc827f2ef5:20160407213828.537:347</Value>
          <Value>isSingleValued:347:1:55a73700-c891-46fd-8f5c-72bc827f2ef5:20160407213828.537:347</Value>
          <Value>lDAPDisplayName:347:1:55a73700-c891-46fd-8f5c-72bc827f2ef5:20160407213828.537:347</Value>
          <Value>modifyTimeStamp:347:1:55a73700-c891-46fd-8f5c-72bc827f2ef5:20160407213828.537:347</Value>
          <Value>objectClass:347:1:55a73700-c891-46fd-8f5c-72bc827f2ef5:20160407213828.537:347</Value>
          <Value>objectGUID:347:1:55a73700-c891-46fd-8f5c-72bc827f2ef5:20160407213828.537:347</Value>
          <Value>oMSyntax:347:1:55a73700-c891-46fd-8f5c-72bc827f2ef5:20160407213828.537:347</Value>
          <Value>schemaIDGUID:347:1:55a73700-c891-46fd-8f5c-72bc827f2ef5:20160407213828.537:347</Value>
          <Value>uSNChanged:347:1:55a73700-c891-46fd-8f5c-72bc827f2ef5:20160407213828.537:347</Value>
          <Value>uSNCreated:347:1:55a73700-c891-46fd-8f5c-72bc827f2ef5:20160407213828.537:347</Value>
          <Value>vmwAttributeUsage:347:1:55a73700-c891-46fd-8f5c-72bc827f2ef5:20160407213828.537:347</Value>
        </AttributeMetadata>
      </AttributeSchemaEntry>
      <AttributeSchemaEntry>
        <Name>machineArchitecture</Name>
        <AttributeMetadata>
          <Value>attributeID:596:1:55a73700-c891-46fd-8f5c-72bc827f2ef5:20160407213828.941:596</Value>
          <Value>attributeSyntax:596:1:55a73700-c891-46fd-8f5c-72bc827f2ef5:20160407213828.941:596</Value>
          <Value>cn:596:1:55a73700-c891-46fd-8f5c-72bc827f2ef5:20160407213828.941:596</Value>
          <Value>createTimeStamp:596:1:55a73700-c891-46fd-8f5c-72bc827f2ef5:20160407213828.941:596</Value>
          <Value>entryDN:596:1:55a73700-c891-46fd-8f5c-72bc827f2ef5:20160407213828.941:596</Value>
          <Value>isSingleValued:596:1:55a73700-c891-46fd-8f5c-72bc827f2ef5:20160407213828.941:596</Value>
          <Value>lDAPDisplayName:596:1:55a73700-c891-46fd-8f5c-72bc827f2ef5:20160407213828.941:596</Value>
          <Value>modifyTimeStamp:596:1:55a73700-c891-46fd-8f5c-72bc827f2ef5:20160407213828.941:596</Value>
          <Value>objectClass:596:1:55a73700-c891-46fd-8f5c-72bc827f2ef5:20160407213828.941:596</Value>
          <Value>objectGUID:596:1:55a73700-c891-46fd-8f5c-72bc827f2ef5:20160407213828.941:596</Value>
          <Value>oMSyntax:596:1:55a73700-c891-46fd-8f5c-72bc827f2ef5:20160407213828.941:596</Value>
          <Value>schemaIDGUID:596:1:55a73700-c891-46fd-8f5c-72bc827f2ef5:20160407213828.941:596</Value>
          <Value>uSNChanged:596:1:55a73700-c891-46fd-8f5c-72bc827f2ef5:20160407213828.941:596</Value>
          <Value>uSNCreated:596:1:55a73700-c891-46fd-8f5c-72bc827f2ef5:20160407213828.941:596</Value>
          <Value>vmwAttributeUsage:596:1:55a73700-c891-46fd-8f5c-72bc827f2ef5:20160407213828.941:596</Value>
        </AttributeMetadata>
      </AttributeSchemaEntry>
      <AttributeSchemaEntry>
        <Name>machinePasswordChangeInterval</Name>
        <AttributeMetadata>
          <Value>attributeID:1317:1:55a73700-c891-46fd-8f5c-72bc827f2ef5:20160407213830.187:1317</Value>
          <Value>attributeSyntax:1317:1:55a73700-c891-46fd-8f5c-72bc827f2ef5:20160407213830.187:1317</Value>
          <Value>cn:1317:1:55a73700-c891-46fd-8f5c-72bc827f2ef5:20160407213830.187:1317</Value>
          <Value>createTimeStamp:1317:1:55a73700-c891-46fd-8f5c-72bc827f2ef5:20160407213830.187:1317</Value>
          <Value>entryDN:1317:1:55a73700-c891-46fd-8f5c-72bc827f2ef5:20160407213830.187:1317</Value>
          <Value>isSingleValued:1317:1:55a73700-c891-46fd-8f5c-72bc827f2ef5:20160407213830.187:1317</Value>
          <Value>lDAPDisplayName:1317:1:55a73700-c891-46fd-8f5c-72bc827f2ef5:20160407213830.187:1317</Value>
          <Value>modifyTimeStamp:1317:1:55a73700-c891-46fd-8f5c-72bc827f2ef5:20160407213830.187:1317</Value>
          <Value>objectClass:1317:1:55a73700-c891-46fd-8f5c-72bc827f2ef5:20160407213830.187:1317</Value>
          <Value>objectGUID:1317:1:55a73700-c891-46fd-8f5c-72bc827f2ef5:20160407213830.187:1317</Value>
          <Value>oMSyntax:1317:1:55a73700-c891-46fd-8f5c-72bc827f2ef5:20160407213830.187:1317</Value>
          <Value>schemaIDGUID:1317:1:55a73700-c891-46fd-8f5c-72bc827f2ef5:20160407213830.187:1317</Value>
          <Value>uSNChanged:1317:1:55a73700-c891-46fd-8f5c-72bc827f2ef5:20160407213830.187:1317</Value>
          <Value>uSNCreated:1317:1:55a73700-c891-46fd-8f5c-72bc827f2ef5:20160407213830.187:1317</Value>
          <Value>vmwAttributeUsage:1317:1:55a73700-c891-46fd-8f5c-72bc827f2ef5:20160407213830.187:1317</Value>
        </AttributeMetadata>
      </AttributeSchemaEntry>
      <AttributeSchemaEntry>
        <Name>machineRole</Name>
        <AttributeMetadata>
          <Value>attributeID:1502:1:55a73700-c891-46fd-8f5c-72bc827f2ef5:20160407213830.498:1502</Value>
          <Value>attributeSyntax:1502:1:55a73700-c891-46fd-8f5c-72bc827f2ef5:20160407213830.498:1502</Value>
          <Value>cn:1502:1:55a73700-c891-46fd-8f5c-72bc827f2ef5:20160407213830.498:1502</Value>
          <Value>createTimeStamp:1502:1:55a73700-c891-46fd-8f5c-72bc827f2ef5:20160407213830.498:1502</Value>
          <Value>entryDN:1502:1:55a73700-c891-46fd-8f5c-72bc827f2ef5:20160407213830.498:1502</Value>
          <Value>isSingleValued:1502:1:55a73700-c891-46fd-8f5c-72bc827f2ef5:20160407213830.498:1502</Value>
          <Value>lDAPDisplayName:1502:1:55a73700-c891-46fd-8f5c-72bc827f2ef5:20160407213830.498:1502</Value>
          <Value>modifyTimeStamp:1502:1:55a73700-c891-46fd-8f5c-72bc827f2ef5:20160407213830.498:1502</Value>
          <Value>objectClass:1502:1:55a73700-c891-46fd-8f5c-72bc827f2ef5:20160407213830.498:1502</Value>
          <Value>objectGUID:1502:1:55a73700-c891-46fd-8f5c-72bc827f2ef5:20160407213830.498:1502</Value>
          <Value>oMSyntax:1502:1:55a73700-c891-46fd-8f5c-72bc827f2ef5:20160407213830.498:1502</Value>
          <Value>schemaIDGUID:1502:1:55a73700-c891-46fd-8f5c-72bc827f2ef5:20160407213830.498:1502</Value>
          <Value>uSNChanged:1502:1:55a73700-c891-46fd-8f5c-72bc827f2ef5:20160407213830.498:1502</Value>
          <Value>uSNCreated:1502:1:55a73700-c891-46fd-8f5c-72bc827f2ef5:20160407213830.498:1502</Value>
          <Value>vmwAttributeUsage:1502:1:55a73700-c891-46fd-8f5c-72bc827f2ef5:20160407213830.498:1502</Value>
        </AttributeMetadata>
      </AttributeSchemaEntry>
      <AttributeSchemaEntry>
        <Name>machineWidePolicy</Name>
        <AttributeMetadata>
          <Value>attributeID:324:1:55a73700-c891-46fd-8f5c-72bc827f2ef5:20160407213828.502:324</Value>
          <Value>attributeSyntax:324:1:55a73700-c891-46fd-8f5c-72bc827f2ef5:20160407213828.502:324</Value>
          <Value>cn:324:1:55a73700-c891-46fd-8f5c-72bc827f2ef5:20160407213828.502:324</Value>
          <Value>createTimeStamp:324:1:55a73700-c891-46fd-8f5c-72bc827f2ef5:20160407213828.502:324</Value>
          <Value>entryDN:324:1:55a73700-c891-46fd-8f5c-72bc827f2ef5:20160407213828.502:324</Value>
          <Value>isSingleValued:324:1:55a73700-c891-46fd-8f5c-72bc827f2ef5:20160407213828.502:324</Value>
          <Value>lDAPDisplayName:324:1:55a73700-c891-46fd-8f5c-72bc827f2ef5:20160407213828.502:324</Value>
          <Value>modifyTimeStamp:324:1:55a73700-c891-46fd-8f5c-72bc827f2ef5:20160407213828.502:324</Value>
          <Value>objectClass:324:1:55a73700-c891-46fd-8f5c-72bc827f2ef5:20160407213828.502:324</Value>
          <Value>objectGUID:324:1:55a73700-c891-46fd-8f5c-72bc827f2ef5:20160407213828.502:324</Value>
          <Value>oMSyntax:324:1:55a73700-c891-46fd-8f5c-72bc827f2ef5:20160407213828.502:324</Value>
          <Value>schemaIDGUID:324:1:55a73700-c891-46fd-8f5c-72bc827f2ef5:20160407213828.502:324</Value>
          <Value>uSNChanged:324:1:55a73700-c891-46fd-8f5c-72bc827f2ef5:20160407213828.502:324</Value>
          <Value>uSNCreated:324:1:55a73700-c891-46fd-8f5c-72bc827f2ef5:20160407213828.502:324</Value>
          <Value>vmwAttributeUsage:324:1:55a73700-c891-46fd-8f5c-72bc827f2ef5:20160407213828.502:324</Value>
        </AttributeMetadata>
      </AttributeSchemaEntry>
      <AttributeSchemaEntry>
        <Name>mail</Name>
        <AttributeMetadata>
          <Value>attributeID:1701:1:55a73700-c891-46fd-8f5c-72bc827f2ef5:20160407213830.832:1701</Value>
          <Value>attributeSyntax:1701:1:55a73700-c891-46fd-8f5c-72bc827f2ef5:20160407213830.832:1701</Value>
          <Value>cn:1701:1:55a73700-c891-46fd-8f5c-72bc827f2ef5:20160407213830.832:1701</Value>
          <Value>createTimeStamp:1701:1:55a73700-c891-46fd-8f5c-72bc827f2ef5:20160407213830.832:1701</Value>
          <Value>entryDN:1701:1:55a73700-c891-46fd-8f5c-72bc827f2ef5:20160407213830.832:1701</Value>
          <Value>isSingleValued:1701:1:55a73700-c891-46fd-8f5c-72bc827f2ef5:20160407213830.832:1701</Value>
          <Value>lDAPDisplayName:1701:1:55a73700-c891-46fd-8f5c-72bc827f2ef5:20160407213830.832:1701</Value>
          <Value>modifyTimeStamp:1701:1:55a73700-c891-46fd-8f5c-72bc827f2ef5:20160407213830.832:1701</Value>
          <Value>objectClass:1701:1:55a73700-c891-46fd-8f5c-72bc827f2ef5:20160407213830.832:1701</Value>
          <Value>objectGUID:1701:1:55a73700-c891-46fd-8f5c-72bc827f2ef5:20160407213830.832:1701</Value>
          <Value>oMSyntax:1701:1:55a73700-c891-46fd-8f5c-72bc827f2ef5:20160407213830.832:1701</Value>
          <Value>schemaIDGUID:1701:1:55a73700-c891-46fd-8f5c-72bc827f2ef5:20160407213830.832:1701</Value>
          <Value>uSNChanged:1701:1:55a73700-c891-46fd-8f5c-72bc827f2ef5:20160407213830.832:1701</Value>
          <Value>uSNCreated:1701:1:55a73700-c891-46fd-8f5c-72bc827f2ef5:20160407213830.832:1701</Value>
          <Value>vmwAttributeUsage:1701:1:55a73700-c891-46fd-8f5c-72bc827f2ef5:20160407213830.832:1701</Value>
        </AttributeMetadata>
      </AttributeSchemaEntry>
      <AttributeSchemaEntry>
        <Name>mailAddress</Name>
        <AttributeMetadata>
          <Value>attributeID:240:1:55a73700-c891-46fd-8f5c-72bc827f2ef5:20160407213828.382:240</Value>
          <Value>attributeSyntax:240:1:55a73700-c891-46fd-8f5c-72bc827f2ef5:20160407213828.382:240</Value>
          <Value>cn:240:1:55a73700-c891-46fd-8f5c-72bc827f2ef5:20160407213828.382:240</Value>
          <Value>createTimeStamp:240:1:55a73700-c891-46fd-8f5c-72bc827f2ef5:20160407213828.382:240</Value>
          <Value>entryDN:240:1:55a73700-c891-46fd-8f5c-72bc827f2ef5:20160407213828.382:240</Value>
          <Value>isSingleValued:240:1:55a73700-c891-46fd-8f5c-72bc827f2ef5:20160407213828.382:240</Value>
          <Value>lDAPDisplayName:240:1:55a73700-c891-46fd-8f5c-72bc827f2ef5:20160407213828.382:240</Value>
          <Value>modifyTimeStamp:240:1:55a73700-c891-46fd-8f5c-72bc827f2ef5:20160407213828.382:240</Value>
          <Value>objectClass:240:1:55a73700-c891-46fd-8f5c-72bc827f2ef5:20160407213828.382:240</Value>
          <Value>objectGUID:240:1:55a73700-c891-46fd-8f5c-72bc827f2ef5:20160407213828.382:240</Value>
          <Value>oMSyntax:240:1:55a73700-c891-46fd-8f5c-72bc827f2ef5:20160407213828.382:240</Value>
          <Value>schemaIDGUID:240:1:55a73700-c891-46fd-8f5c-72bc827f2ef5:20160407213828.382:240</Value>
          <Value>uSNChanged:240:1:55a73700-c891-46fd-8f5c-72bc827f2ef5:20160407213828.382:240</Value>
          <Value>uSNCreated:240:1:55a73700-c891-46fd-8f5c-72bc827f2ef5:20160407213828.382:240</Value>
          <Value>vmwAttributeUsage:240:1:55a73700-c891-46fd-8f5c-72bc827f2ef5:20160407213828.382:240</Value>
        </AttributeMetadata>
      </AttributeSchemaEntry>
      <AttributeSchemaEntry>
        <Name>managedBy</Name>
        <AttributeMetadata>
          <Value>attributeID:899:1:55a73700-c891-46fd-8f5c-72bc827f2ef5:20160407213829.468:899</Value>
          <Value>attributeSyntax:899:1:55a73700-c891-46fd-8f5c-72bc827f2ef5:20160407213829.468:899</Value>
          <Value>cn:899:1:55a73700-c891-46fd-8f5c-72bc827f2ef5:20160407213829.468:899</Value>
          <Value>createTimeStamp:899:1:55a73700-c891-46fd-8f5c-72bc827f2ef5:20160407213829.468:899</Value>
          <Value>entryDN:899:1:55a73700-c891-46fd-8f5c-72bc827f2ef5:20160407213829.468:899</Value>
          <Value>isSingleValued:899:1:55a73700-c891-46fd-8f5c-72bc827f2ef5:20160407213829.468:899</Value>
          <Value>lDAPDisplayName:899:1:55a73700-c891-46fd-8f5c-72bc827f2ef5:20160407213829.468:899</Value>
          <Value>modifyTimeStamp:899:1:55a73700-c891-46fd-8f5c-72bc827f2ef5:20160407213829.468:899</Value>
          <Value>objectClass:899:1:55a73700-c891-46fd-8f5c-72bc827f2ef5:20160407213829.468:899</Value>
          <Value>objectGUID:899:1:55a73700-c891-46fd-8f5c-72bc827f2ef5:20160407213829.468:899</Value>
          <Value>oMSyntax:899:1:55a73700-c891-46fd-8f5c-72bc827f2ef5:20160407213829.468:899</Value>
          <Value>schemaIDGUID:899:1:55a73700-c891-46fd-8f5c-72bc827f2ef5:20160407213829.468:899</Value>
          <Value>uSNChanged:899:1:55a73700-c891-46fd-8f5c-72bc827f2ef5:20160407213829.468:899</Value>
          <Value>uSNCreated:899:1:55a73700-c891-46fd-8f5c-72bc827f2ef5:20160407213829.468:899</Value>
          <Value>vmwAttributeUsage:899:1:55a73700-c891-46fd-8f5c-72bc827f2ef5:20160407213829.468:899</Value>
        </AttributeMetadata>
      </AttributeSchemaEntry>
      <AttributeSchemaEntry>
        <Name>managedObjects</Name>
        <AttributeMetadata>
          <Value>attributeID:216:1:55a73700-c891-46fd-8f5c-72bc827f2ef5:20160407213828.344:216</Value>
          <Value>attributeSyntax:216:1:55a73700-c891-46fd-8f5c-72bc827f2ef5:20160407213828.344:216</Value>
          <Value>cn:216:1:55a73700-c891-46fd-8f5c-72bc827f2ef5:20160407213828.344:216</Value>
          <Value>createTimeStamp:216:1:55a73700-c891-46fd-8f5c-72bc827f2ef5:20160407213828.344:216</Value>
          <Value>entryDN:216:1:55a73700-c891-46fd-8f5c-72bc827f2ef5:20160407213828.344:216</Value>
          <Value>isSingleValued:216:1:55a73700-c891-46fd-8f5c-72bc827f2ef5:20160407213828.344:216</Value>
          <Value>lDAPDisplayName:216:1:55a73700-c891-46fd-8f5c-72bc827f2ef5:20160407213828.344:216</Value>
          <Value>modifyTimeStamp:216:1:55a73700-c891-46fd-8f5c-72bc827f2ef5:20160407213828.344:216</Value>
          <Value>objectClass:216:1:55a73700-c891-46fd-8f5c-72bc827f2ef5:20160407213828.344:216</Value>
          <Value>objectGUID:216:1:55a73700-c891-46fd-8f5c-72bc827f2ef5:20160407213828.344:216</Value>
          <Value>oMSyntax:216:1:55a73700-c891-46fd-8f5c-72bc827f2ef5:20160407213828.344:216</Value>
          <Value>schemaIDGUID:216:1:55a73700-c891-46fd-8f5c-72bc827f2ef5:20160407213828.344:216</Value>
          <Value>uSNChanged:216:1:55a73700-c891-46fd-8f5c-72bc827f2ef5:20160407213828.344:216</Value>
          <Value>uSNCreated:216:1:55a73700-c891-46fd-8f5c-72bc827f2ef5:20160407213828.344:216</Value>
          <Value>vmwAttributeUsage:216:1:55a73700-c891-46fd-8f5c-72bc827f2ef5:20160407213828.344:216</Value>
        </AttributeMetadata>
      </AttributeSchemaEntry>
      <AttributeSchemaEntry>
        <Name>manager</Name>
        <AttributeMetadata>
          <Value>attributeID:984:1:55a73700-c891-46fd-8f5c-72bc827f2ef5:20160407213829.599:984</Value>
          <Value>attributeSyntax:984:1:55a73700-c891-46fd-8f5c-72bc827f2ef5:20160407213829.599:984</Value>
          <Value>cn:984:1:55a73700-c891-46fd-8f5c-72bc827f2ef5:20160407213829.599:984</Value>
          <Value>createTimeStamp:984:1:55a73700-c891-46fd-8f5c-72bc827f2ef5:20160407213829.599:984</Value>
          <Value>entryDN:984:1:55a73700-c891-46fd-8f5c-72bc827f2ef5:20160407213829.599:984</Value>
          <Value>isSingleValued:984:1:55a73700-c891-46fd-8f5c-72bc827f2ef5:20160407213829.599:984</Value>
          <Value>lDAPDisplayName:984:1:55a73700-c891-46fd-8f5c-72bc827f2ef5:20160407213829.599:984</Value>
          <Value>modifyTimeStamp:984:1:55a73700-c891-46fd-8f5c-72bc827f2ef5:20160407213829.599:984</Value>
          <Value>objectClass:984:1:55a73700-c891-46fd-8f5c-72bc827f2ef5:20160407213829.599:984</Value>
          <Value>objectGUID:984:1:55a73700-c891-46fd-8f5c-72bc827f2ef5:20160407213829.599:984</Value>
          <Value>oMSyntax:984:1:55a73700-c891-46fd-8f5c-72bc827f2ef5:20160407213829.599:984</Value>
          <Value>schemaIDGUID:984:1:55a73700-c891-46fd-8f5c-72bc827f2ef5:20160407213829.599:984</Value>
          <Value>uSNChanged:984:1:55a73700-c891-46fd-8f5c-72bc827f2ef5:20160407213829.599:984</Value>
          <Value>uSNCreated:984:1:55a73700-c891-46fd-8f5c-72bc827f2ef5:20160407213829.599:984</Value>
          <Value>vmwAttributeUsage:984:1:55a73700-c891-46fd-8f5c-72bc827f2ef5:20160407213829.599:984</Value>
        </AttributeMetadata>
      </AttributeSchemaEntry>
      <AttributeSchemaEntry>
        <Name>mAPIID</Name>
        <AttributeMetadata>
          <Value>attributeID:673:1:55a73700-c891-46fd-8f5c-72bc827f2ef5:20160407213829.070:673</Value>
          <Value>attributeSyntax:673:1:55a73700-c891-46fd-8f5c-72bc827f2ef5:20160407213829.070:673</Value>
          <Value>cn:673:1:55a73700-c891-46fd-8f5c-72bc827f2ef5:20160407213829.070:673</Value>
          <Value>createTimeStamp:673:1:55a73700-c891-46fd-8f5c-72bc827f2ef5:20160407213829.070:673</Value>
          <Value>entryDN:673:1:55a73700-c891-46fd-8f5c-72bc827f2ef5:20160407213829.070:673</Value>
          <Value>isSingleValued:673:1:55a73700-c891-46fd-8f5c-72bc827f2ef5:20160407213829.070:673</Value>
          <Value>lDAPDisplayName:673:1:55a73700-c891-46fd-8f5c-72bc827f2ef5:20160407213829.070:673</Value>
          <Value>modifyTimeStamp:673:1:55a73700-c891-46fd-8f5c-72bc827f2ef5:20160407213829.070:673</Value>
          <Value>objectClass:673:1:55a73700-c891-46fd-8f5c-72bc827f2ef5:20160407213829.070:673</Value>
          <Value>objectGUID:673:1:55a73700-c891-46fd-8f5c-72bc827f2ef5:20160407213829.070:673</Value>
          <Value>oMSyntax:673:1:55a73700-c891-46fd-8f5c-72bc827f2ef5:20160407213829.070:673</Value>
          <Value>schemaIDGUID:673:1:55a73700-c891-46fd-8f5c-72bc827f2ef5:20160407213829.070:673</Value>
          <Value>uSNChanged:673:1:55a73700-c891-46fd-8f5c-72bc827f2ef5:20160407213829.070:673</Value>
          <Value>uSNCreated:673:1:55a73700-c891-46fd-8f5c-72bc827f2ef5:20160407213829.070:673</Value>
          <Value>vmwAttributeUsage:673:1:55a73700-c891-46fd-8f5c-72bc827f2ef5:20160407213829.070:673</Value>
        </AttributeMetadata>
      </AttributeSchemaEntry>
      <AttributeSchemaEntry>
        <Name>marshalledInterface</Name>
        <AttributeMetadata>
          <Value>attributeID:609:1:55a73700-c891-46fd-8f5c-72bc827f2ef5:20160407213828.965:609</Value>
          <Value>attributeSyntax:609:1:55a73700-c891-46fd-8f5c-72bc827f2ef5:20160407213828.965:609</Value>
          <Value>cn:609:1:55a73700-c891-46fd-8f5c-72bc827f2ef5:20160407213828.965:609</Value>
          <Value>createTimeStamp:609:1:55a73700-c891-46fd-8f5c-72bc827f2ef5:20160407213828.965:609</Value>
          <Value>entryDN:609:1:55a73700-c891-46fd-8f5c-72bc827f2ef5:20160407213828.965:609</Value>
          <Value>isSingleValued:609:1:55a73700-c891-46fd-8f5c-72bc827f2ef5:20160407213828.965:609</Value>
          <Value>lDAPDisplayName:609:1:55a73700-c891-46fd-8f5c-72bc827f2ef5:20160407213828.965:609</Value>
          <Value>modifyTimeStamp:609:1:55a73700-c891-46fd-8f5c-72bc827f2ef5:20160407213828.965:609</Value>
          <Value>objectClass:609:1:55a73700-c891-46fd-8f5c-72bc827f2ef5:20160407213828.965:609</Value>
          <Value>objectGUID:609:1:55a73700-c891-46fd-8f5c-72bc827f2ef5:20160407213828.965:609</Value>
          <Value>oMSyntax:609:1:55a73700-c891-46fd-8f5c-72bc827f2ef5:20160407213828.965:609</Value>
          <Value>schemaIDGUID:609:1:55a73700-c891-46fd-8f5c-72bc827f2ef5:20160407213828.965:609</Value>
          <Value>uSNChanged:609:1:55a73700-c891-46fd-8f5c-72bc827f2ef5:20160407213828.965:609</Value>
          <Value>uSNCreated:609:1:55a73700-c891-46fd-8f5c-72bc827f2ef5:20160407213828.965:609</Value>
          <Value>vmwAttributeUsage:609:1:55a73700-c891-46fd-8f5c-72bc827f2ef5:20160407213828.965:609</Value>
        </AttributeMetadata>
      </AttributeSchemaEntry>
      <AttributeSchemaEntry>
        <Name>masteredBy</Name>
        <AttributeMetadata>
          <Value>attributeID:992:1:55a73700-c891-46fd-8f5c-72bc827f2ef5:20160407213829.618:992</Value>
          <Value>attributeSyntax:992:1:55a73700-c891-46fd-8f5c-72bc827f2ef5:20160407213829.618:992</Value>
          <Value>cn:992:1:55a73700-c891-46fd-8f5c-72bc827f2ef5:20160407213829.618:992</Value>
          <Value>createTimeStamp:992:1:55a73700-c891-46fd-8f5c-72bc827f2ef5:20160407213829.618:992</Value>
          <Value>entryDN:992:1:55a73700-c891-46fd-8f5c-72bc827f2ef5:20160407213829.618:992</Value>
          <Value>isSingleValued:992:1:55a73700-c891-46fd-8f5c-72bc827f2ef5:20160407213829.618:992</Value>
          <Value>lDAPDisplayName:992:1:55a73700-c891-46fd-8f5c-72bc827f2ef5:20160407213829.618:992</Value>
          <Value>modifyTimeStamp:992:1:55a73700-c891-46fd-8f5c-72bc827f2ef5:20160407213829.618:992</Value>
          <Value>objectClass:992:1:55a73700-c891-46fd-8f5c-72bc827f2ef5:20160407213829.618:992</Value>
          <Value>objectGUID:992:1:55a73700-c891-46fd-8f5c-72bc827f2ef5:20160407213829.618:992</Value>
          <Value>oMSyntax:992:1:55a73700-c891-46fd-8f5c-72bc827f2ef5:20160407213829.618:992</Value>
          <Value>schemaIDGUID:992:1:55a73700-c891-46fd-8f5c-72bc827f2ef5:20160407213829.618:992</Value>
          <Value>uSNChanged:992:1:55a73700-c891-46fd-8f5c-72bc827f2ef5:20160407213829.618:992</Value>
          <Value>uSNCreated:992:1:55a73700-c891-46fd-8f5c-72bc827f2ef5:20160407213829.618:992</Value>
          <Value>vmwAttributeUsage:992:1:55a73700-c891-46fd-8f5c-72bc827f2ef5:20160407213829.618:992</Value>
        </AttributeMetadata>
      </AttributeSchemaEntry>
      <AttributeSchemaEntry>
        <Name>matchingRules</Name>
        <AttributeMetadata>
          <Value>attributeID:1475:1:55a73700-c891-46fd-8f5c-72bc827f2ef5:20160407213830.448:1475</Value>
          <Value>attributeSyntax:1475:1:55a73700-c891-46fd-8f5c-72bc827f2ef5:20160407213830.448:1475</Value>
          <Value>cn:1475:1:55a73700-c891-46fd-8f5c-72bc827f2ef5:20160407213830.448:1475</Value>
          <Value>createTimeStamp:1475:1:55a73700-c891-46fd-8f5c-72bc827f2ef5:20160407213830.448:1475</Value>
          <Value>description:1475:1:55a73700-c891-46fd-8f5c-72bc827f2ef5:20160407213830.448:1475</Value>
          <Value>entryDN:1475:1:55a73700-c891-46fd-8f5c-72bc827f2ef5:20160407213830.448:1475</Value>
          <Value>isSingleValued:1475:1:55a73700-c891-46fd-8f5c-72bc827f2ef5:20160407213830.448:1475</Value>
          <Value>lDAPDisplayName:1475:1:55a73700-c891-46fd-8f5c-72bc827f2ef5:20160407213830.448:1475</Value>
          <Value>modifyTimeStamp:1475:1:55a73700-c891-46fd-8f5c-72bc827f2ef5:20160407213830.448:1475</Value>
          <Value>objectClass:1475:1:55a73700-c891-46fd-8f5c-72bc827f2ef5:20160407213830.448:1475</Value>
          <Value>objectGUID:1475:1:55a73700-c891-46fd-8f5c-72bc827f2ef5:20160407213830.448:1475</Value>
          <Value>oMSyntax:1475:1:55a73700-c891-46fd-8f5c-72bc827f2ef5:20160407213830.448:1475</Value>
          <Value>schemaIDGUID:1475:1:55a73700-c891-46fd-8f5c-72bc827f2ef5:20160407213830.448:1475</Value>
          <Value>uSNChanged:1475:1:55a73700-c891-46fd-8f5c-72bc827f2ef5:20160407213830.448:1475</Value>
          <Value>uSNCreated:1475:1:55a73700-c891-46fd-8f5c-72bc827f2ef5:20160407213830.448:1475</Value>
          <Value>vmwAttributeUsage:1475:1:55a73700-c891-46fd-8f5c-72bc827f2ef5:20160407213830.448:1475</Value>
        </AttributeMetadata>
      </AttributeSchemaEntry>
      <AttributeSchemaEntry>
        <Name>matchingRuleUse</Name>
        <AttributeMetadata>
          <Value>attributeID:166:1:55a73700-c891-46fd-8f5c-72bc827f2ef5:20160407213828.274:166</Value>
          <Value>attributeSyntax:166:1:55a73700-c891-46fd-8f5c-72bc827f2ef5:20160407213828.274:166</Value>
          <Value>cn:166:1:55a73700-c891-46fd-8f5c-72bc827f2ef5:20160407213828.274:166</Value>
          <Value>createTimeStamp:166:1:55a73700-c891-46fd-8f5c-72bc827f2ef5:20160407213828.274:166</Value>
          <Value>description:166:1:55a73700-c891-46fd-8f5c-72bc827f2ef5:20160407213828.274:166</Value>
          <Value>entryDN:166:1:55a73700-c891-46fd-8f5c-72bc827f2ef5:20160407213828.274:166</Value>
          <Value>isSingleValued:166:1:55a73700-c891-46fd-8f5c-72bc827f2ef5:20160407213828.274:166</Value>
          <Value>lDAPDisplayName:166:1:55a73700-c891-46fd-8f5c-72bc827f2ef5:20160407213828.274:166</Value>
          <Value>modifyTimeStamp:166:1:55a73700-c891-46fd-8f5c-72bc827f2ef5:20160407213828.274:166</Value>
          <Value>objectClass:166:1:55a73700-c891-46fd-8f5c-72bc827f2ef5:20160407213828.274:166</Value>
          <Value>objectGUID:166:1:55a73700-c891-46fd-8f5c-72bc827f2ef5:20160407213828.274:166</Value>
          <Value>oMSyntax:166:1:55a73700-c891-46fd-8f5c-72bc827f2ef5:20160407213828.274:166</Value>
          <Value>schemaIDGUID:166:1:55a73700-c891-46fd-8f5c-72bc827f2ef5:20160407213828.274:166</Value>
          <Value>uSNChanged:166:1:55a73700-c891-46fd-8f5c-72bc827f2ef5:20160407213828.274:166</Value>
          <Value>uSNCreated:166:1:55a73700-c891-46fd-8f5c-72bc827f2ef5:20160407213828.274:166</Value>
          <Value>vmwAttributeUsage:166:1:55a73700-c891-46fd-8f5c-72bc827f2ef5:20160407213828.274:166</Value>
        </AttributeMetadata>
      </AttributeSchemaEntry>
      <AttributeSchemaEntry>
        <Name>maxPwdAge</Name>
        <AttributeMetadata>
          <Value>attributeID:183:1:55a73700-c891-46fd-8f5c-72bc827f2ef5:20160407213828.299:183</Value>
          <Value>attributeSyntax:183:1:55a73700-c891-46fd-8f5c-72bc827f2ef5:20160407213828.299:183</Value>
          <Value>cn:183:1:55a73700-c891-46fd-8f5c-72bc827f2ef5:20160407213828.299:183</Value>
          <Value>createTimeStamp:183:1:55a73700-c891-46fd-8f5c-72bc827f2ef5:20160407213828.299:183</Value>
          <Value>entryDN:183:1:55a73700-c891-46fd-8f5c-72bc827f2ef5:20160407213828.299:183</Value>
          <Value>isSingleValued:183:1:55a73700-c891-46fd-8f5c-72bc827f2ef5:20160407213828.299:183</Value>
          <Value>lDAPDisplayName:183:1:55a73700-c891-46fd-8f5c-72bc827f2ef5:20160407213828.299:183</Value>
          <Value>modifyTimeStamp:183:1:55a73700-c891-46fd-8f5c-72bc827f2ef5:20160407213828.299:183</Value>
          <Value>objectClass:183:1:55a73700-c891-46fd-8f5c-72bc827f2ef5:20160407213828.299:183</Value>
          <Value>objectGUID:183:1:55a73700-c891-46fd-8f5c-72bc827f2ef5:20160407213828.299:183</Value>
          <Value>oMSyntax:183:1:55a73700-c891-46fd-8f5c-72bc827f2ef5:20160407213828.299:183</Value>
          <Value>schemaIDGUID:183:1:55a73700-c891-46fd-8f5c-72bc827f2ef5:20160407213828.299:183</Value>
          <Value>uSNChanged:183:1:55a73700-c891-46fd-8f5c-72bc827f2ef5:20160407213828.299:183</Value>
          <Value>uSNCreated:183:1:55a73700-c891-46fd-8f5c-72bc827f2ef5:20160407213828.299:183</Value>
          <Value>vmwAttributeUsage:183:1:55a73700-c891-46fd-8f5c-72bc827f2ef5:20160407213828.299:183</Value>
        </AttributeMetadata>
      </AttributeSchemaEntry>
      <AttributeSchemaEntry>
        <Name>maxRenewAge</Name>
        <AttributeMetadata>
          <Value>attributeID:507:1:55a73700-c891-46fd-8f5c-72bc827f2ef5:20160407213828.794:507</Value>
          <Value>attributeSyntax:507:1:55a73700-c891-46fd-8f5c-72bc827f2ef5:20160407213828.794:507</Value>
          <Value>cn:507:1:55a73700-c891-46fd-8f5c-72bc827f2ef5:20160407213828.794:507</Value>
          <Value>createTimeStamp:507:1:55a73700-c891-46fd-8f5c-72bc827f2ef5:20160407213828.794:507</Value>
          <Value>entryDN:507:1:55a73700-c891-46fd-8f5c-72bc827f2ef5:20160407213828.794:507</Value>
          <Value>isSingleValued:507:1:55a73700-c891-46fd-8f5c-72bc827f2ef5:20160407213828.794:507</Value>
          <Value>lDAPDisplayName:507:1:55a73700-c891-46fd-8f5c-72bc827f2ef5:20160407213828.794:507</Value>
          <Value>modifyTimeStamp:507:1:55a73700-c891-46fd-8f5c-72bc827f2ef5:20160407213828.794:507</Value>
          <Value>objectClass:507:1:55a73700-c891-46fd-8f5c-72bc827f2ef5:20160407213828.794:507</Value>
          <Value>objectGUID:507:1:55a73700-c891-46fd-8f5c-72bc827f2ef5:20160407213828.794:507</Value>
          <Value>oMSyntax:507:1:55a73700-c891-46fd-8f5c-72bc827f2ef5:20160407213828.794:507</Value>
          <Value>schemaIDGUID:507:1:55a73700-c891-46fd-8f5c-72bc827f2ef5:20160407213828.794:507</Value>
          <Value>uSNChanged:507:1:55a73700-c891-46fd-8f5c-72bc827f2ef5:20160407213828.794:507</Value>
          <Value>uSNCreated:507:1:55a73700-c891-46fd-8f5c-72bc827f2ef5:20160407213828.794:507</Value>
          <Value>vmwAttributeUsage:507:1:55a73700-c891-46fd-8f5c-72bc827f2ef5:20160407213828.794:507</Value>
        </AttributeMetadata>
      </AttributeSchemaEntry>
      <AttributeSchemaEntry>
        <Name>maxStorage</Name>
        <AttributeMetadata>
          <Value>attributeID:1189:1:55a73700-c891-46fd-8f5c-72bc827f2ef5:20160407213829.975:1189</Value>
          <Value>attributeSyntax:1189:1:55a73700-c891-46fd-8f5c-72bc827f2ef5:20160407213829.975:1189</Value>
          <Value>cn:1189:1:55a73700-c891-46fd-8f5c-72bc827f2ef5:20160407213829.975:1189</Value>
          <Value>createTimeStamp:1189:1:55a73700-c891-46fd-8f5c-72bc827f2ef5:20160407213829.975:1189</Value>
          <Value>entryDN:1189:1:55a73700-c891-46fd-8f5c-72bc827f2ef5:20160407213829.975:1189</Value>
          <Value>isSingleValued:1189:1:55a73700-c891-46fd-8f5c-72bc827f2ef5:20160407213829.975:1189</Value>
          <Value>lDAPDisplayName:1189:1:55a73700-c891-46fd-8f5c-72bc827f2ef5:20160407213829.975:1189</Value>
          <Value>modifyTimeStamp:1189:1:55a73700-c891-46fd-8f5c-72bc827f2ef5:20160407213829.975:1189</Value>
          <Value>objectClass:1189:1:55a73700-c891-46fd-8f5c-72bc827f2ef5:20160407213829.975:1189</Value>
          <Value>objectGUID:1189:1:55a73700-c891-46fd-8f5c-72bc827f2ef5:20160407213829.975:1189</Value>
          <Value>oMSyntax:1189:1:55a73700-c891-46fd-8f5c-72bc827f2ef5:20160407213829.975:1189</Value>
          <Value>schemaIDGUID:1189:1:55a73700-c891-46fd-8f5c-72bc827f2ef5:20160407213829.975:1189</Value>
          <Value>uSNChanged:1189:1:55a73700-c891-46fd-8f5c-72bc827f2ef5:20160407213829.975:1189</Value>
          <Value>uSNCreated:1189:1:55a73700-c891-46fd-8f5c-72bc827f2ef5:20160407213829.975:1189</Value>
          <Value>vmwAttributeUsage:1189:1:55a73700-c891-46fd-8f5c-72bc827f2ef5:20160407213829.975:1189</Value>
        </AttributeMetadata>
      </AttributeSchemaEntry>
      <AttributeSchemaEntry>
        <Name>maxTicketAge</Name>
        <AttributeMetadata>
          <Value>attributeID:296:1:55a73700-c891-46fd-8f5c-72bc827f2ef5:20160407213828.463:296</Value>
          <Value>attributeSyntax:296:1:55a73700-c891-46fd-8f5c-72bc827f2ef5:20160407213828.463:296</Value>
          <Value>cn:296:1:55a73700-c891-46fd-8f5c-72bc827f2ef5:20160407213828.463:296</Value>
          <Value>createTimeStamp:296:1:55a73700-c891-46fd-8f5c-72bc827f2ef5:20160407213828.463:296</Value>
          <Value>entryDN:296:1:55a73700-c891-46fd-8f5c-72bc827f2ef5:20160407213828.463:296</Value>
          <Value>isSingleValued:296:1:55a73700-c891-46fd-8f5c-72bc827f2ef5:20160407213828.463:296</Value>
          <Value>lDAPDisplayName:296:1:55a73700-c891-46fd-8f5c-72bc827f2ef5:20160407213828.463:296</Value>
          <Value>modifyTimeStamp:296:1:55a73700-c891-46fd-8f5c-72bc827f2ef5:20160407213828.463:296</Value>
          <Value>objectClass:296:1:55a73700-c891-46fd-8f5c-72bc827f2ef5:20160407213828.463:296</Value>
          <Value>objectGUID:296:1:55a73700-c891-46fd-8f5c-72bc827f2ef5:20160407213828.463:296</Value>
          <Value>oMSyntax:296:1:55a73700-c891-46fd-8f5c-72bc827f2ef5:20160407213828.463:296</Value>
          <Value>schemaIDGUID:296:1:55a73700-c891-46fd-8f5c-72bc827f2ef5:20160407213828.463:296</Value>
          <Value>uSNChanged:296:1:55a73700-c891-46fd-8f5c-72bc827f2ef5:20160407213828.463:296</Value>
          <Value>uSNCreated:296:1:55a73700-c891-46fd-8f5c-72bc827f2ef5:20160407213828.463:296</Value>
          <Value>vmwAttributeUsage:296:1:55a73700-c891-46fd-8f5c-72bc827f2ef5:20160407213828.463:296</Value>
        </AttributeMetadata>
      </AttributeSchemaEntry>
      <AttributeSchemaEntry>
        <Name>mayContain</Name>
        <AttributeMetadata>
          <Value>attributeID:1124:1:55a73700-c891-46fd-8f5c-72bc827f2ef5:20160407213829.862:1124</Value>
          <Value>attributeSyntax:1124:1:55a73700-c891-46fd-8f5c-72bc827f2ef5:20160407213829.862:1124</Value>
          <Value>cn:1124:1:55a73700-c891-46fd-8f5c-72bc827f2ef5:20160407213829.862:1124</Value>
          <Value>createTimeStamp:1124:1:55a73700-c891-46fd-8f5c-72bc827f2ef5:20160407213829.862:1124</Value>
          <Value>entryDN:1124:1:55a73700-c891-46fd-8f5c-72bc827f2ef5:20160407213829.862:1124</Value>
          <Value>isSingleValued:1124:1:55a73700-c891-46fd-8f5c-72bc827f2ef5:20160407213829.862:1124</Value>
          <Value>lDAPDisplayName:1124:1:55a73700-c891-46fd-8f5c-72bc827f2ef5:20160407213829.862:1124</Value>
          <Value>modifyTimeStamp:1124:1:55a73700-c891-46fd-8f5c-72bc827f2ef5:20160407213829.862:1124</Value>
          <Value>objectClass:1124:1:55a73700-c891-46fd-8f5c-72bc827f2ef5:20160407213829.862:1124</Value>
          <Value>objectGUID:1124:1:55a73700-c891-46fd-8f5c-72bc827f2ef5:20160407213829.862:1124</Value>
          <Value>oMSyntax:1124:1:55a73700-c891-46fd-8f5c-72bc827f2ef5:20160407213829.862:1124</Value>
          <Value>schemaIDGUID:1124:1:55a73700-c891-46fd-8f5c-72bc827f2ef5:20160407213829.862:1124</Value>
          <Value>uSNChanged:1124:1:55a73700-c891-46fd-8f5c-72bc827f2ef5:20160407213829.862:1124</Value>
          <Value>uSNCreated:1124:1:55a73700-c891-46fd-8f5c-72bc827f2ef5:20160407213829.862:1124</Value>
          <Value>vmwAttributeUsage:1124:1:55a73700-c891-46fd-8f5c-72bc827f2ef5:20160407213829.862:1124</Value>
        </AttributeMetadata>
      </AttributeSchemaEntry>
      <AttributeSchemaEntry>
        <Name>meetingAdvertiseScope</Name>
        <AttributeMetadata>
          <Value>attributeID:1355:1:55a73700-c891-46fd-8f5c-72bc827f2ef5:20160407213830.247:1355</Value>
          <Value>attributeSyntax:1355:1:55a73700-c891-46fd-8f5c-72bc827f2ef5:20160407213830.247:1355</Value>
          <Value>cn:1355:1:55a73700-c891-46fd-8f5c-72bc827f2ef5:20160407213830.247:1355</Value>
          <Value>createTimeStamp:1355:1:55a73700-c891-46fd-8f5c-72bc827f2ef5:20160407213830.247:1355</Value>
          <Value>entryDN:1355:1:55a73700-c891-46fd-8f5c-72bc827f2ef5:20160407213830.247:1355</Value>
          <Value>isSingleValued:1355:1:55a73700-c891-46fd-8f5c-72bc827f2ef5:20160407213830.247:1355</Value>
          <Value>lDAPDisplayName:1355:1:55a73700-c891-46fd-8f5c-72bc827f2ef5:20160407213830.247:1355</Value>
          <Value>modifyTimeStamp:1355:1:55a73700-c891-46fd-8f5c-72bc827f2ef5:20160407213830.247:1355</Value>
          <Value>objectClass:1355:1:55a73700-c891-46fd-8f5c-72bc827f2ef5:20160407213830.247:1355</Value>
          <Value>objectGUID:1355:1:55a73700-c891-46fd-8f5c-72bc827f2ef5:20160407213830.247:1355</Value>
          <Value>oMSyntax:1355:1:55a73700-c891-46fd-8f5c-72bc827f2ef5:20160407213830.247:1355</Value>
          <Value>schemaIDGUID:1355:1:55a73700-c891-46fd-8f5c-72bc827f2ef5:20160407213830.247:1355</Value>
          <Value>uSNChanged:1355:1:55a73700-c891-46fd-8f5c-72bc827f2ef5:20160407213830.247:1355</Value>
          <Value>uSNCreated:1355:1:55a73700-c891-46fd-8f5c-72bc827f2ef5:20160407213830.247:1355</Value>
          <Value>vmwAttributeUsage:1355:1:55a73700-c891-46fd-8f5c-72bc827f2ef5:20160407213830.247:1355</Value>
        </AttributeMetadata>
      </AttributeSchemaEntry>
      <AttributeSchemaEntry>
        <Name>meetingApplication</Name>
        <AttributeMetadata>
          <Value>attributeID:1213:1:55a73700-c891-46fd-8f5c-72bc827f2ef5:20160407213830.012:1213</Value>
          <Value>attributeSyntax:1213:1:55a73700-c891-46fd-8f5c-72bc827f2ef5:20160407213830.012:1213</Value>
          <Value>cn:1213:1:55a73700-c891-46fd-8f5c-72bc827f2ef5:20160407213830.012:1213</Value>
          <Value>createTimeStamp:1213:1:55a73700-c891-46fd-8f5c-72bc827f2ef5:20160407213830.012:1213</Value>
          <Value>entryDN:1213:1:55a73700-c891-46fd-8f5c-72bc827f2ef5:20160407213830.012:1213</Value>
          <Value>isSingleValued:1213:1:55a73700-c891-46fd-8f5c-72bc827f2ef5:20160407213830.012:1213</Value>
          <Value>lDAPDisplayName:1213:1:55a73700-c891-46fd-8f5c-72bc827f2ef5:20160407213830.012:1213</Value>
          <Value>modifyTimeStamp:1213:1:55a73700-c891-46fd-8f5c-72bc827f2ef5:20160407213830.012:1213</Value>
          <Value>objectClass:1213:1:55a73700-c891-46fd-8f5c-72bc827f2ef5:20160407213830.012:1213</Value>
          <Value>objectGUID:1213:1:55a73700-c891-46fd-8f5c-72bc827f2ef5:20160407213830.012:1213</Value>
          <Value>oMSyntax:1213:1:55a73700-c891-46fd-8f5c-72bc827f2ef5:20160407213830.012:1213</Value>
          <Value>schemaIDGUID:1213:1:55a73700-c891-46fd-8f5c-72bc827f2ef5:20160407213830.012:1213</Value>
          <Value>uSNChanged:1213:1:55a73700-c891-46fd-8f5c-72bc827f2ef5:20160407213830.012:1213</Value>
          <Value>uSNCreated:1213:1:55a73700-c891-46fd-8f5c-72bc827f2ef5:20160407213830.012:1213</Value>
          <Value>vmwAttributeUsage:1213:1:55a73700-c891-46fd-8f5c-72bc827f2ef5:20160407213830.012:1213</Value>
        </AttributeMetadata>
      </AttributeSchemaEntry>
      <AttributeSchemaEntry>
        <Name>meetingBandwidth</Name>
        <AttributeMetadata>
          <Value>attributeID:1133:1:55a73700-c891-46fd-8f5c-72bc827f2ef5:20160407213829.881:1133</Value>
          <Value>attributeSyntax:1133:1:55a73700-c891-46fd-8f5c-72bc827f2ef5:20160407213829.881:1133</Value>
          <Value>cn:1133:1:55a73700-c891-46fd-8f5c-72bc827f2ef5:20160407213829.881:1133</Value>
          <Value>createTimeStamp:1133:1:55a73700-c891-46fd-8f5c-72bc827f2ef5:20160407213829.881:1133</Value>
          <Value>entryDN:1133:1:55a73700-c891-46fd-8f5c-72bc827f2ef5:20160407213829.881:1133</Value>
          <Value>isSingleValued:1133:1:55a73700-c891-46fd-8f5c-72bc827f2ef5:20160407213829.881:1133</Value>
          <Value>lDAPDisplayName:1133:1:55a73700-c891-46fd-8f5c-72bc827f2ef5:20160407213829.881:1133</Value>
          <Value>modifyTimeStamp:1133:1:55a73700-c891-46fd-8f5c-72bc827f2ef5:20160407213829.881:1133</Value>
          <Value>objectClass:1133:1:55a73700-c891-46fd-8f5c-72bc827f2ef5:20160407213829.881:1133</Value>
          <Value>objectGUID:1133:1:55a73700-c891-46fd-8f5c-72bc827f2ef5:20160407213829.881:1133</Value>
          <Value>oMSyntax:1133:1:55a73700-c891-46fd-8f5c-72bc827f2ef5:20160407213829.881:1133</Value>
          <Value>schemaIDGUID:1133:1:55a73700-c891-46fd-8f5c-72bc827f2ef5:20160407213829.881:1133</Value>
          <Value>uSNChanged:1133:1:55a73700-c891-46fd-8f5c-72bc827f2ef5:20160407213829.881:1133</Value>
          <Value>uSNCreated:1133:1:55a73700-c891-46fd-8f5c-72bc827f2ef5:20160407213829.881:1133</Value>
          <Value>vmwAttributeUsage:1133:1:55a73700-c891-46fd-8f5c-72bc827f2ef5:20160407213829.881:1133</Value>
        </AttributeMetadata>
      </AttributeSchemaEntry>
      <AttributeSchemaEntry>
        <Name>meetingBlob</Name>
        <AttributeMetadata>
          <Value>attributeID:1603:1:55a73700-c891-46fd-8f5c-72bc827f2ef5:20160407213830.660:1603</Value>
          <Value>attributeSyntax:1603:1:55a73700-c891-46fd-8f5c-72bc827f2ef5:20160407213830.660:1603</Value>
          <Value>cn:1603:1:55a73700-c891-46fd-8f5c-72bc827f2ef5:20160407213830.660:1603</Value>
          <Value>createTimeStamp:1603:1:55a73700-c891-46fd-8f5c-72bc827f2ef5:20160407213830.660:1603</Value>
          <Value>entryDN:1603:1:55a73700-c891-46fd-8f5c-72bc827f2ef5:20160407213830.660:1603</Value>
          <Value>isSingleValued:1603:1:55a73700-c891-46fd-8f5c-72bc827f2ef5:20160407213830.660:1603</Value>
          <Value>lDAPDisplayName:1603:1:55a73700-c891-46fd-8f5c-72bc827f2ef5:20160407213830.660:1603</Value>
          <Value>modifyTimeStamp:1603:1:55a73700-c891-46fd-8f5c-72bc827f2ef5:20160407213830.660:1603</Value>
          <Value>objectClass:1603:1:55a73700-c891-46fd-8f5c-72bc827f2ef5:20160407213830.660:1603</Value>
          <Value>objectGUID:1603:1:55a73700-c891-46fd-8f5c-72bc827f2ef5:20160407213830.660:1603</Value>
          <Value>oMSyntax:1603:1:55a73700-c891-46fd-8f5c-72bc827f2ef5:20160407213830.660:1603</Value>
          <Value>schemaIDGUID:1603:1:55a73700-c891-46fd-8f5c-72bc827f2ef5:20160407213830.660:1603</Value>
          <Value>uSNChanged:1603:1:55a73700-c891-46fd-8f5c-72bc827f2ef5:20160407213830.660:1603</Value>
          <Value>uSNCreated:1603:1:55a73700-c891-46fd-8f5c-72bc827f2ef5:20160407213830.660:1603</Value>
          <Value>vmwAttributeUsage:1603:1:55a73700-c891-46fd-8f5c-72bc827f2ef5:20160407213830.660:1603</Value>
        </AttributeMetadata>
      </AttributeSchemaEntry>
      <AttributeSchemaEntry>
        <Name>meetingContactInfo</Name>
        <AttributeMetadata>
          <Value>attributeID:1312:1:55a73700-c891-46fd-8f5c-72bc827f2ef5:20160407213830.181:1312</Value>
          <Value>attributeSyntax:1312:1:55a73700-c891-46fd-8f5c-72bc827f2ef5:20160407213830.181:1312</Value>
          <Value>cn:1312:1:55a73700-c891-46fd-8f5c-72bc827f2ef5:20160407213830.181:1312</Value>
          <Value>createTimeStamp:1312:1:55a73700-c891-46fd-8f5c-72bc827f2ef5:20160407213830.181:1312</Value>
          <Value>entryDN:1312:1:55a73700-c891-46fd-8f5c-72bc827f2ef5:20160407213830.181:1312</Value>
          <Value>isSingleValued:1312:1:55a73700-c891-46fd-8f5c-72bc827f2ef5:20160407213830.181:1312</Value>
          <Value>lDAPDisplayName:1312:1:55a73700-c891-46fd-8f5c-72bc827f2ef5:20160407213830.181:1312</Value>
          <Value>modifyTimeStamp:1312:1:55a73700-c891-46fd-8f5c-72bc827f2ef5:20160407213830.181:1312</Value>
          <Value>objectClass:1312:1:55a73700-c891-46fd-8f5c-72bc827f2ef5:20160407213830.181:1312</Value>
          <Value>objectGUID:1312:1:55a73700-c891-46fd-8f5c-72bc827f2ef5:20160407213830.181:1312</Value>
          <Value>oMSyntax:1312:1:55a73700-c891-46fd-8f5c-72bc827f2ef5:20160407213830.181:1312</Value>
          <Value>schemaIDGUID:1312:1:55a73700-c891-46fd-8f5c-72bc827f2ef5:20160407213830.181:1312</Value>
          <Value>uSNChanged:1312:1:55a73700-c891-46fd-8f5c-72bc827f2ef5:20160407213830.181:1312</Value>
          <Value>uSNCreated:1312:1:55a73700-c891-46fd-8f5c-72bc827f2ef5:20160407213830.181:1312</Value>
          <Value>vmwAttributeUsage:1312:1:55a73700-c891-46fd-8f5c-72bc827f2ef5:20160407213830.181:1312</Value>
        </AttributeMetadata>
      </AttributeSchemaEntry>
      <AttributeSchemaEntry>
        <Name>meetingDescription</Name>
        <AttributeMetadata>
          <Value>attributeID:1250:1:55a73700-c891-46fd-8f5c-72bc827f2ef5:20160407213830.083:1250</Value>
          <Value>attributeSyntax:1250:1:55a73700-c891-46fd-8f5c-72bc827f2ef5:20160407213830.083:1250</Value>
          <Value>cn:1250:1:55a73700-c891-46fd-8f5c-72bc827f2ef5:20160407213830.083:1250</Value>
          <Value>createTimeStamp:1250:1:55a73700-c891-46fd-8f5c-72bc827f2ef5:20160407213830.083:1250</Value>
          <Value>entryDN:1250:1:55a73700-c891-46fd-8f5c-72bc827f2ef5:20160407213830.083:1250</Value>
          <Value>isSingleValued:1250:1:55a73700-c891-46fd-8f5c-72bc827f2ef5:20160407213830.083:1250</Value>
          <Value>lDAPDisplayName:1250:1:55a73700-c891-46fd-8f5c-72bc827f2ef5:20160407213830.083:1250</Value>
          <Value>modifyTimeStamp:1250:1:55a73700-c891-46fd-8f5c-72bc827f2ef5:20160407213830.083:1250</Value>
          <Value>objectClass:1250:1:55a73700-c891-46fd-8f5c-72bc827f2ef5:20160407213830.083:1250</Value>
          <Value>objectGUID:1250:1:55a73700-c891-46fd-8f5c-72bc827f2ef5:20160407213830.083:1250</Value>
          <Value>oMSyntax:1250:1:55a73700-c891-46fd-8f5c-72bc827f2ef5:20160407213830.083:1250</Value>
          <Value>schemaIDGUID:1250:1:55a73700-c891-46fd-8f5c-72bc827f2ef5:20160407213830.083:1250</Value>
          <Value>uSNChanged:1250:1:55a73700-c891-46fd-8f5c-72bc827f2ef5:20160407213830.083:1250</Value>
          <Value>uSNCreated:1250:1:55a73700-c891-46fd-8f5c-72bc827f2ef5:20160407213830.083:1250</Value>
          <Value>vmwAttributeUsage:1250:1:55a73700-c891-46fd-8f5c-72bc827f2ef5:20160407213830.083:1250</Value>
        </AttributeMetadata>
      </AttributeSchemaEntry>
      <AttributeSchemaEntry>
        <Name>meetingEndTime</Name>
        <AttributeMetadata>
          <Value>attributeID:1384:1:55a73700-c891-46fd-8f5c-72bc827f2ef5:20160407213830.300:1384</Value>
          <Value>attributeSyntax:1384:1:55a73700-c891-46fd-8f5c-72bc827f2ef5:20160407213830.300:1384</Value>
          <Value>cn:1384:1:55a73700-c891-46fd-8f5c-72bc827f2ef5:20160407213830.300:1384</Value>
          <Value>createTimeStamp:1384:1:55a73700-c891-46fd-8f5c-72bc827f2ef5:20160407213830.300:1384</Value>
          <Value>entryDN:1384:1:55a73700-c891-46fd-8f5c-72bc827f2ef5:20160407213830.300:1384</Value>
          <Value>isSingleValued:1384:1:55a73700-c891-46fd-8f5c-72bc827f2ef5:20160407213830.300:1384</Value>
          <Value>lDAPDisplayName:1384:1:55a73700-c891-46fd-8f5c-72bc827f2ef5:20160407213830.300:1384</Value>
          <Value>modifyTimeStamp:1384:1:55a73700-c891-46fd-8f5c-72bc827f2ef5:20160407213830.300:1384</Value>
          <Value>objectClass:1384:1:55a73700-c891-46fd-8f5c-72bc827f2ef5:20160407213830.300:1384</Value>
          <Value>objectGUID:1384:1:55a73700-c891-46fd-8f5c-72bc827f2ef5:20160407213830.300:1384</Value>
          <Value>oMSyntax:1384:1:55a73700-c891-46fd-8f5c-72bc827f2ef5:20160407213830.300:1384</Value>
          <Value>schemaIDGUID:1384:1:55a73700-c891-46fd-8f5c-72bc827f2ef5:20160407213830.300:1384</Value>
          <Value>uSNChanged:1384:1:55a73700-c891-46fd-8f5c-72bc827f2ef5:20160407213830.300:1384</Value>
          <Value>uSNCreated:1384:1:55a73700-c891-46fd-8f5c-72bc827f2ef5:20160407213830.300:1384</Value>
          <Value>vmwAttributeUsage:1384:1:55a73700-c891-46fd-8f5c-72bc827f2ef5:20160407213830.300:1384</Value>
        </AttributeMetadata>
      </AttributeSchemaEntry>
      <AttributeSchemaEntry>
        <Name>meetingID</Name>
        <AttributeMetadata>
          <Value>attributeID:1559:1:55a73700-c891-46fd-8f5c-72bc827f2ef5:20160407213830.591:1559</Value>
          <Value>attributeSyntax:1559:1:55a73700-c891-46fd-8f5c-72bc827f2ef5:20160407213830.591:1559</Value>
          <Value>cn:1559:1:55a73700-c891-46fd-8f5c-72bc827f2ef5:20160407213830.591:1559</Value>
          <Value>createTimeStamp:1559:1:55a73700-c891-46fd-8f5c-72bc827f2ef5:20160407213830.591:1559</Value>
          <Value>entryDN:1559:1:55a73700-c891-46fd-8f5c-72bc827f2ef5:20160407213830.591:1559</Value>
          <Value>isSingleValued:1559:1:55a73700-c891-46fd-8f5c-72bc827f2ef5:20160407213830.591:1559</Value>
          <Value>lDAPDisplayName:1559:1:55a73700-c891-46fd-8f5c-72bc827f2ef5:20160407213830.591:1559</Value>
          <Value>modifyTimeStamp:1559:1:55a73700-c891-46fd-8f5c-72bc827f2ef5:20160407213830.591:1559</Value>
          <Value>objectClass:1559:1:55a73700-c891-46fd-8f5c-72bc827f2ef5:20160407213830.591:1559</Value>
          <Value>objectGUID:1559:1:55a73700-c891-46fd-8f5c-72bc827f2ef5:20160407213830.591:1559</Value>
          <Value>oMSyntax:1559:1:55a73700-c891-46fd-8f5c-72bc827f2ef5:20160407213830.591:1559</Value>
          <Value>schemaIDGUID:1559:1:55a73700-c891-46fd-8f5c-72bc827f2ef5:20160407213830.591:1559</Value>
          <Value>uSNChanged:1559:1:55a73700-c891-46fd-8f5c-72bc827f2ef5:20160407213830.591:1559</Value>
          <Value>uSNCreated:1559:1:55a73700-c891-46fd-8f5c-72bc827f2ef5:20160407213830.591:1559</Value>
          <Value>vmwAttributeUsage:1559:1:55a73700-c891-46fd-8f5c-72bc827f2ef5:20160407213830.591:1559</Value>
        </AttributeMetadata>
      </AttributeSchemaEntry>
      <AttributeSchemaEntry>
        <Name>meetingIP</Name>
        <AttributeMetadata>
          <Value>attributeID:1568:1:55a73700-c891-46fd-8f5c-72bc827f2ef5:20160407213830.601:1568</Value>
          <Value>attributeSyntax:1568:1:55a73700-c891-46fd-8f5c-72bc827f2ef5:20160407213830.601:1568</Value>
          <Value>cn:1568:1:55a73700-c891-46fd-8f5c-72bc827f2ef5:20160407213830.601:1568</Value>
          <Value>createTimeStamp:1568:1:55a73700-c891-46fd-8f5c-72bc827f2ef5:20160407213830.601:1568</Value>
          <Value>entryDN:1568:1:55a73700-c891-46fd-8f5c-72bc827f2ef5:20160407213830.601:1568</Value>
          <Value>isSingleValued:1568:1:55a73700-c891-46fd-8f5c-72bc827f2ef5:20160407213830.601:1568</Value>
          <Value>lDAPDisplayName:1568:1:55a73700-c891-46fd-8f5c-72bc827f2ef5:20160407213830.601:1568</Value>
          <Value>modifyTimeStamp:1568:1:55a73700-c891-46fd-8f5c-72bc827f2ef5:20160407213830.601:1568</Value>
          <Value>objectClass:1568:1:55a73700-c891-46fd-8f5c-72bc827f2ef5:20160407213830.601:1568</Value>
          <Value>objectGUID:1568:1:55a73700-c891-46fd-8f5c-72bc827f2ef5:20160407213830.601:1568</Value>
          <Value>oMSyntax:1568:1:55a73700-c891-46fd-8f5c-72bc827f2ef5:20160407213830.601:1568</Value>
          <Value>schemaIDGUID:1568:1:55a73700-c891-46fd-8f5c-72bc827f2ef5:20160407213830.601:1568</Value>
          <Value>uSNChanged:1568:1:55a73700-c891-46fd-8f5c-72bc827f2ef5:20160407213830.601:1568</Value>
          <Value>uSNCreated:1568:1:55a73700-c891-46fd-8f5c-72bc827f2ef5:20160407213830.601:1568</Value>
          <Value>vmwAttributeUsage:1568:1:55a73700-c891-46fd-8f5c-72bc827f2ef5:20160407213830.601:1568</Value>
        </AttributeMetadata>
      </AttributeSchemaEntry>
      <AttributeSchemaEntry>
        <Name>meetingIsEncrypted</Name>
        <AttributeMetadata>
          <Value>attributeID:1219:1:55a73700-c891-46fd-8f5c-72bc827f2ef5:20160407213830.030:1219</Value>
          <Value>attributeSyntax:1219:1:55a73700-c891-46fd-8f5c-72bc827f2ef5:20160407213830.030:1219</Value>
          <Value>cn:1219:1:55a73700-c891-46fd-8f5c-72bc827f2ef5:20160407213830.030:1219</Value>
          <Value>createTimeStamp:1219:1:55a73700-c891-46fd-8f5c-72bc827f2ef5:20160407213830.030:1219</Value>
          <Value>entryDN:1219:1:55a73700-c891-46fd-8f5c-72bc827f2ef5:20160407213830.030:1219</Value>
          <Value>isSingleValued:1219:1:55a73700-c891-46fd-8f5c-72bc827f2ef5:20160407213830.030:1219</Value>
          <Value>lDAPDisplayName:1219:1:55a73700-c891-46fd-8f5c-72bc827f2ef5:20160407213830.030:1219</Value>
          <Value>modifyTimeStamp:1219:1:55a73700-c891-46fd-8f5c-72bc827f2ef5:20160407213830.030:1219</Value>
          <Value>objectClass:1219:1:55a73700-c891-46fd-8f5c-72bc827f2ef5:20160407213830.030:1219</Value>
          <Value>objectGUID:1219:1:55a73700-c891-46fd-8f5c-72bc827f2ef5:20160407213830.030:1219</Value>
          <Value>oMSyntax:1219:1:55a73700-c891-46fd-8f5c-72bc827f2ef5:20160407213830.030:1219</Value>
          <Value>schemaIDGUID:1219:1:55a73700-c891-46fd-8f5c-72bc827f2ef5:20160407213830.030:1219</Value>
          <Value>uSNChanged:1219:1:55a73700-c891-46fd-8f5c-72bc827f2ef5:20160407213830.030:1219</Value>
          <Value>uSNCreated:1219:1:55a73700-c891-46fd-8f5c-72bc827f2ef5:20160407213830.030:1219</Value>
          <Value>vmwAttributeUsage:1219:1:55a73700-c891-46fd-8f5c-72bc827f2ef5:20160407213830.030:1219</Value>
        </AttributeMetadata>
      </AttributeSchemaEntry>
      <AttributeSchemaEntry>
        <Name>meetingKeyword</Name>
        <AttributeMetadata>
          <Value>attributeID:1715:1:55a73700-c891-46fd-8f5c-72bc827f2ef5:20160407213830.857:1715</Value>
          <Value>attributeSyntax:1715:1:55a73700-c891-46fd-8f5c-72bc827f2ef5:20160407213830.857:1715</Value>
          <Value>cn:1715:1:55a73700-c891-46fd-8f5c-72bc827f2ef5:20160407213830.857:1715</Value>
          <Value>createTimeStamp:1715:1:55a73700-c891-46fd-8f5c-72bc827f2ef5:20160407213830.857:1715</Value>
          <Value>entryDN:1715:1:55a73700-c891-46fd-8f5c-72bc827f2ef5:20160407213830.857:1715</Value>
          <Value>isSingleValued:1715:1:55a73700-c891-46fd-8f5c-72bc827f2ef5:20160407213830.857:1715</Value>
          <Value>lDAPDisplayName:1715:1:55a73700-c891-46fd-8f5c-72bc827f2ef5:20160407213830.857:1715</Value>
          <Value>modifyTimeStamp:1715:1:55a73700-c891-46fd-8f5c-72bc827f2ef5:20160407213830.857:1715</Value>
          <Value>objectClass:1715:1:55a73700-c891-46fd-8f5c-72bc827f2ef5:20160407213830.857:1715</Value>
          <Value>objectGUID:1715:1:55a73700-c891-46fd-8f5c-72bc827f2ef5:20160407213830.857:1715</Value>
          <Value>oMSyntax:1715:1:55a73700-c891-46fd-8f5c-72bc827f2ef5:20160407213830.857:1715</Value>
          <Value>schemaIDGUID:1715:1:55a73700-c891-46fd-8f5c-72bc827f2ef5:20160407213830.857:1715</Value>
          <Value>uSNChanged:1715:1:55a73700-c891-46fd-8f5c-72bc827f2ef5:20160407213830.857:1715</Value>
          <Value>uSNCreated:1715:1:55a73700-c891-46fd-8f5c-72bc827f2ef5:20160407213830.857:1715</Value>
          <Value>vmwAttributeUsage:1715:1:55a73700-c891-46fd-8f5c-72bc827f2ef5:20160407213830.857:1715</Value>
        </AttributeMetadata>
      </AttributeSchemaEntry>
      <AttributeSchemaEntry>
        <Name>meetingLanguage</Name>
        <AttributeMetadata>
          <Value>attributeID:771:1:55a73700-c891-46fd-8f5c-72bc827f2ef5:20160407213829.241:771</Value>
          <Value>attributeSyntax:771:1:55a73700-c891-46fd-8f5c-72bc827f2ef5:20160407213829.241:771</Value>
          <Value>cn:771:1:55a73700-c891-46fd-8f5c-72bc827f2ef5:20160407213829.241:771</Value>
          <Value>createTimeStamp:771:1:55a73700-c891-46fd-8f5c-72bc827f2ef5:20160407213829.241:771</Value>
          <Value>entryDN:771:1:55a73700-c891-46fd-8f5c-72bc827f2ef5:20160407213829.241:771</Value>
          <Value>isSingleValued:771:1:55a73700-c891-46fd-8f5c-72bc827f2ef5:20160407213829.241:771</Value>
          <Value>lDAPDisplayName:771:1:55a73700-c891-46fd-8f5c-72bc827f2ef5:20160407213829.241:771</Value>
          <Value>modifyTimeStamp:771:1:55a73700-c891-46fd-8f5c-72bc827f2ef5:20160407213829.241:771</Value>
          <Value>objectClass:771:1:55a73700-c891-46fd-8f5c-72bc827f2ef5:20160407213829.241:771</Value>
          <Value>objectGUID:771:1:55a73700-c891-46fd-8f5c-72bc827f2ef5:20160407213829.241:771</Value>
          <Value>oMSyntax:771:1:55a73700-c891-46fd-8f5c-72bc827f2ef5:20160407213829.241:771</Value>
          <Value>schemaIDGUID:771:1:55a73700-c891-46fd-8f5c-72bc827f2ef5:20160407213829.241:771</Value>
          <Value>uSNChanged:771:1:55a73700-c891-46fd-8f5c-72bc827f2ef5:20160407213829.241:771</Value>
          <Value>uSNCreated:771:1:55a73700-c891-46fd-8f5c-72bc827f2ef5:20160407213829.241:771</Value>
          <Value>vmwAttributeUsage:771:1:55a73700-c891-46fd-8f5c-72bc827f2ef5:20160407213829.241:771</Value>
        </AttributeMetadata>
      </AttributeSchemaEntry>
      <AttributeSchemaEntry>
        <Name>meetingLocation</Name>
        <AttributeMetadata>
          <Value>attributeID:169:1:55a73700-c891-46fd-8f5c-72bc827f2ef5:20160407213828.276:169</Value>
          <Value>attributeSyntax:169:1:55a73700-c891-46fd-8f5c-72bc827f2ef5:20160407213828.276:169</Value>
          <Value>cn:169:1:55a73700-c891-46fd-8f5c-72bc827f2ef5:20160407213828.276:169</Value>
          <Value>createTimeStamp:169:1:55a73700-c891-46fd-8f5c-72bc827f2ef5:20160407213828.276:169</Value>
          <Value>entryDN:169:1:55a73700-c891-46fd-8f5c-72bc827f2ef5:20160407213828.276:169</Value>
          <Value>isSingleValued:169:1:55a73700-c891-46fd-8f5c-72bc827f2ef5:20160407213828.276:169</Value>
          <Value>lDAPDisplayName:169:1:55a73700-c891-46fd-8f5c-72bc827f2ef5:20160407213828.276:169</Value>
          <Value>modifyTimeStamp:169:1:55a73700-c891-46fd-8f5c-72bc827f2ef5:20160407213828.276:169</Value>
          <Value>objectClass:169:1:55a73700-c891-46fd-8f5c-72bc827f2ef5:20160407213828.276:169</Value>
          <Value>objectGUID:169:1:55a73700-c891-46fd-8f5c-72bc827f2ef5:20160407213828.276:169</Value>
          <Value>oMSyntax:169:1:55a73700-c891-46fd-8f5c-72bc827f2ef5:20160407213828.276:169</Value>
          <Value>schemaIDGUID:169:1:55a73700-c891-46fd-8f5c-72bc827f2ef5:20160407213828.276:169</Value>
          <Value>uSNChanged:169:1:55a73700-c891-46fd-8f5c-72bc827f2ef5:20160407213828.276:169</Value>
          <Value>uSNCreated:169:1:55a73700-c891-46fd-8f5c-72bc827f2ef5:20160407213828.276:169</Value>
          <Value>vmwAttributeUsage:169:1:55a73700-c891-46fd-8f5c-72bc827f2ef5:20160407213828.276:169</Value>
        </AttributeMetadata>
      </AttributeSchemaEntry>
      <AttributeSchemaEntry>
        <Name>meetingMaxParticipants</Name>
        <AttributeMetadata>
          <Value>attributeID:577:1:55a73700-c891-46fd-8f5c-72bc827f2ef5:20160407213828.911:577</Value>
          <Value>attributeSyntax:577:1:55a73700-c891-46fd-8f5c-72bc827f2ef5:20160407213828.911:577</Value>
          <Value>cn:577:1:55a73700-c891-46fd-8f5c-72bc827f2ef5:20160407213828.911:577</Value>
          <Value>createTimeStamp:577:1:55a73700-c891-46fd-8f5c-72bc827f2ef5:20160407213828.911:577</Value>
          <Value>entryDN:577:1:55a73700-c891-46fd-8f5c-72bc827f2ef5:20160407213828.911:577</Value>
          <Value>isSingleValued:577:1:55a73700-c891-46fd-8f5c-72bc827f2ef5:20160407213828.911:577</Value>
          <Value>lDAPDisplayName:577:1:55a73700-c891-46fd-8f5c-72bc827f2ef5:20160407213828.911:577</Value>
          <Value>modifyTimeStamp:577:1:55a73700-c891-46fd-8f5c-72bc827f2ef5:20160407213828.911:577</Value>
          <Value>objectClass:577:1:55a73700-c891-46fd-8f5c-72bc827f2ef5:20160407213828.911:577</Value>
          <Value>objectGUID:577:1:55a73700-c891-46fd-8f5c-72bc827f2ef5:20160407213828.911:577</Value>
          <Value>oMSyntax:577:1:55a73700-c891-46fd-8f5c-72bc827f2ef5:20160407213828.911:577</Value>
          <Value>schemaIDGUID:577:1:55a73700-c891-46fd-8f5c-72bc827f2ef5:20160407213828.911:577</Value>
          <Value>uSNChanged:577:1:55a73700-c891-46fd-8f5c-72bc827f2ef5:20160407213828.911:577</Value>
          <Value>uSNCreated:577:1:55a73700-c891-46fd-8f5c-72bc827f2ef5:20160407213828.911:577</Value>
          <Value>vmwAttributeUsage:577:1:55a73700-c891-46fd-8f5c-72bc827f2ef5:20160407213828.911:577</Value>
        </AttributeMetadata>
      </AttributeSchemaEntry>
      <AttributeSchemaEntry>
        <Name>meetingName</Name>
        <AttributeMetadata>
          <Value>attributeID:624:1:55a73700-c891-46fd-8f5c-72bc827f2ef5:20160407213828.982:624</Value>
          <Value>attributeSyntax:624:1:55a73700-c891-46fd-8f5c-72bc827f2ef5:20160407213828.982:624</Value>
          <Value>cn:624:1:55a73700-c891-46fd-8f5c-72bc827f2ef5:20160407213828.982:624</Value>
          <Value>createTimeStamp:624:1:55a73700-c891-46fd-8f5c-72bc827f2ef5:20160407213828.982:624</Value>
          <Value>entryDN:624:1:55a73700-c891-46fd-8f5c-72bc827f2ef5:20160407213828.982:624</Value>
          <Value>isSingleValued:624:1:55a73700-c891-46fd-8f5c-72bc827f2ef5:20160407213828.982:624</Value>
          <Value>lDAPDisplayName:624:1:55a73700-c891-46fd-8f5c-72bc827f2ef5:20160407213828.982:624</Value>
          <Value>modifyTimeStamp:624:1:55a73700-c891-46fd-8f5c-72bc827f2ef5:20160407213828.982:624</Value>
          <Value>objectClass:624:1:55a73700-c891-46fd-8f5c-72bc827f2ef5:20160407213828.982:624</Value>
          <Value>objectGUID:624:1:55a73700-c891-46fd-8f5c-72bc827f2ef5:20160407213828.982:624</Value>
          <Value>oMSyntax:624:1:55a73700-c891-46fd-8f5c-72bc827f2ef5:20160407213828.982:624</Value>
          <Value>schemaIDGUID:624:1:55a73700-c891-46fd-8f5c-72bc827f2ef5:20160407213828.982:624</Value>
          <Value>uSNChanged:624:1:55a73700-c891-46fd-8f5c-72bc827f2ef5:20160407213828.982:624</Value>
          <Value>uSNCreated:624:1:55a73700-c891-46fd-8f5c-72bc827f2ef5:20160407213828.982:624</Value>
          <Value>vmwAttributeUsage:624:1:55a73700-c891-46fd-8f5c-72bc827f2ef5:20160407213828.982:624</Value>
        </AttributeMetadata>
      </AttributeSchemaEntry>
      <AttributeSchemaEntry>
        <Name>meetingOriginator</Name>
        <AttributeMetadata>
          <Value>attributeID:1234:1:55a73700-c891-46fd-8f5c-72bc827f2ef5:20160407213830.056:1234</Value>
          <Value>attributeSyntax:1234:1:55a73700-c891-46fd-8f5c-72bc827f2ef5:20160407213830.056:1234</Value>
          <Value>cn:1234:1:55a73700-c891-46fd-8f5c-72bc827f2ef5:20160407213830.056:1234</Value>
          <Value>createTimeStamp:1234:1:55a73700-c891-46fd-8f5c-72bc827f2ef5:20160407213830.056:1234</Value>
          <Value>entryDN:1234:1:55a73700-c891-46fd-8f5c-72bc827f2ef5:20160407213830.056:1234</Value>
          <Value>isSingleValued:1234:1:55a73700-c891-46fd-8f5c-72bc827f2ef5:20160407213830.056:1234</Value>
          <Value>lDAPDisplayName:1234:1:55a73700-c891-46fd-8f5c-72bc827f2ef5:20160407213830.056:1234</Value>
          <Value>modifyTimeStamp:1234:1:55a73700-c891-46fd-8f5c-72bc827f2ef5:20160407213830.056:1234</Value>
          <Value>objectClass:1234:1:55a73700-c891-46fd-8f5c-72bc827f2ef5:20160407213830.056:1234</Value>
          <Value>objectGUID:1234:1:55a73700-c891-46fd-8f5c-72bc827f2ef5:20160407213830.056:1234</Value>
          <Value>oMSyntax:1234:1:55a73700-c891-46fd-8f5c-72bc827f2ef5:20160407213830.056:1234</Value>
          <Value>schemaIDGUID:1234:1:55a73700-c891-46fd-8f5c-72bc827f2ef5:20160407213830.056:1234</Value>
          <Value>uSNChanged:1234:1:55a73700-c891-46fd-8f5c-72bc827f2ef5:20160407213830.056:1234</Value>
          <Value>uSNCreated:1234:1:55a73700-c891-46fd-8f5c-72bc827f2ef5:20160407213830.056:1234</Value>
          <Value>vmwAttributeUsage:1234:1:55a73700-c891-46fd-8f5c-72bc827f2ef5:20160407213830.056:1234</Value>
        </AttributeMetadata>
      </AttributeSchemaEntry>
      <AttributeSchemaEntry>
        <Name>meetingOwner</Name>
        <AttributeMetadata>
          <Value>attributeID:1240:1:55a73700-c891-46fd-8f5c-72bc827f2ef5:20160407213830.063:1240</Value>
          <Value>attributeSyntax:1240:1:55a73700-c891-46fd-8f5c-72bc827f2ef5:20160407213830.063:1240</Value>
          <Value>cn:1240:1:55a73700-c891-46fd-8f5c-72bc827f2ef5:20160407213830.063:1240</Value>
          <Value>createTimeStamp:1240:1:55a73700-c891-46fd-8f5c-72bc827f2ef5:20160407213830.063:1240</Value>
          <Value>entryDN:1240:1:55a73700-c891-46fd-8f5c-72bc827f2ef5:20160407213830.063:1240</Value>
          <Value>isSingleValued:1240:1:55a73700-c891-46fd-8f5c-72bc827f2ef5:20160407213830.063:1240</Value>
          <Value>lDAPDisplayName:1240:1:55a73700-c891-46fd-8f5c-72bc827f2ef5:20160407213830.063:1240</Value>
          <Value>modifyTimeStamp:1240:1:55a73700-c891-46fd-8f5c-72bc827f2ef5:20160407213830.063:1240</Value>
          <Value>objectClass:1240:1:55a73700-c891-46fd-8f5c-72bc827f2ef5:20160407213830.063:1240</Value>
          <Value>objectGUID:1240:1:55a73700-c891-46fd-8f5c-72bc827f2ef5:20160407213830.063:1240</Value>
          <Value>oMSyntax:1240:1:55a73700-c891-46fd-8f5c-72bc827f2ef5:20160407213830.063:1240</Value>
          <Value>schemaIDGUID:1240:1:55a73700-c891-46fd-8f5c-72bc827f2ef5:20160407213830.063:1240</Value>
          <Value>uSNChanged:1240:1:55a73700-c891-46fd-8f5c-72bc827f2ef5:20160407213830.063:1240</Value>
          <Value>uSNCreated:1240:1:55a73700-c891-46fd-8f5c-72bc827f2ef5:20160407213830.063:1240</Value>
          <Value>vmwAttributeUsage:1240:1:55a73700-c891-46fd-8f5c-72bc827f2ef5:20160407213830.063:1240</Value>
        </AttributeMetadata>
      </AttributeSchemaEntry>
      <AttributeSchemaEntry>
        <Name>meetingProtocol</Name>
        <AttributeMetadata>
          <Value>attributeID:1416:1:55a73700-c891-46fd-8f5c-72bc827f2ef5:20160407213830.354:1416</Value>
          <Value>attributeSyntax:1416:1:55a73700-c891-46fd-8f5c-72bc827f2ef5:20160407213830.354:1416</Value>
          <Value>cn:1416:1:55a73700-c891-46fd-8f5c-72bc827f2ef5:20160407213830.354:1416</Value>
          <Value>createTimeStamp:1416:1:55a73700-c891-46fd-8f5c-72bc827f2ef5:20160407213830.354:1416</Value>
          <Value>entryDN:1416:1:55a73700-c891-46fd-8f5c-72bc827f2ef5:20160407213830.354:1416</Value>
          <Value>isSingleValued:1416:1:55a73700-c891-46fd-8f5c-72bc827f2ef5:20160407213830.354:1416</Value>
          <Value>lDAPDisplayName:1416:1:55a73700-c891-46fd-8f5c-72bc827f2ef5:20160407213830.354:1416</Value>
          <Value>modifyTimeStamp:1416:1:55a73700-c891-46fd-8f5c-72bc827f2ef5:20160407213830.354:1416</Value>
          <Value>objectClass:1416:1:55a73700-c891-46fd-8f5c-72bc827f2ef5:20160407213830.354:1416</Value>
          <Value>objectGUID:1416:1:55a73700-c891-46fd-8f5c-72bc827f2ef5:20160407213830.354:1416</Value>
          <Value>oMSyntax:1416:1:55a73700-c891-46fd-8f5c-72bc827f2ef5:20160407213830.354:1416</Value>
          <Value>schemaIDGUID:1416:1:55a73700-c891-46fd-8f5c-72bc827f2ef5:20160407213830.354:1416</Value>
          <Value>uSNChanged:1416:1:55a73700-c891-46fd-8f5c-72bc827f2ef5:20160407213830.354:1416</Value>
          <Value>uSNCreated:1416:1:55a73700-c891-46fd-8f5c-72bc827f2ef5:20160407213830.354:1416</Value>
          <Value>vmwAttributeUsage:1416:1:55a73700-c891-46fd-8f5c-72bc827f2ef5:20160407213830.354:1416</Value>
        </AttributeMetadata>
      </AttributeSchemaEntry>
      <AttributeSchemaEntry>
        <Name>meetingRating</Name>
        <AttributeMetadata>
          <Value>attributeID:1565:1:55a73700-c891-46fd-8f5c-72bc827f2ef5:20160407213830.598:1565</Value>
          <Value>attributeSyntax:1565:1:55a73700-c891-46fd-8f5c-72bc827f2ef5:20160407213830.598:1565</Value>
          <Value>cn:1565:1:55a73700-c891-46fd-8f5c-72bc827f2ef5:20160407213830.598:1565</Value>
          <Value>createTimeStamp:1565:1:55a73700-c891-46fd-8f5c-72bc827f2ef5:20160407213830.598:1565</Value>
          <Value>entryDN:1565:1:55a73700-c891-46fd-8f5c-72bc827f2ef5:20160407213830.598:1565</Value>
          <Value>isSingleValued:1565:1:55a73700-c891-46fd-8f5c-72bc827f2ef5:20160407213830.598:1565</Value>
          <Value>lDAPDisplayName:1565:1:55a73700-c891-46fd-8f5c-72bc827f2ef5:20160407213830.598:1565</Value>
          <Value>modifyTimeStamp:1565:1:55a73700-c891-46fd-8f5c-72bc827f2ef5:20160407213830.598:1565</Value>
          <Value>objectClass:1565:1:55a73700-c891-46fd-8f5c-72bc827f2ef5:20160407213830.598:1565</Value>
          <Value>objectGUID:1565:1:55a73700-c891-46fd-8f5c-72bc827f2ef5:20160407213830.598:1565</Value>
          <Value>oMSyntax:1565:1:55a73700-c891-46fd-8f5c-72bc827f2ef5:20160407213830.598:1565</Value>
          <Value>schemaIDGUID:1565:1:55a73700-c891-46fd-8f5c-72bc827f2ef5:20160407213830.598:1565</Value>
          <Value>uSNChanged:1565:1:55a73700-c891-46fd-8f5c-72bc827f2ef5:20160407213830.598:1565</Value>
          <Value>uSNCreated:1565:1:55a73700-c891-46fd-8f5c-72bc827f2ef5:20160407213830.598:1565</Value>
          <Value>vmwAttributeUsage:1565:1:55a73700-c891-46fd-8f5c-72bc827f2ef5:20160407213830.598:1565</Value>
        </AttributeMetadata>
      </AttributeSchemaEntry>
      <AttributeSchemaEntry>
        <Name>meetingRecurrence</Name>
        <AttributeMetadata>
          <Value>attributeID:607:1:55a73700-c891-46fd-8f5c-72bc827f2ef5:20160407213828.953:607</Value>
          <Value>attributeSyntax:607:1:55a73700-c891-46fd-8f5c-72bc827f2ef5:20160407213828.953:607</Value>
          <Value>cn:607:1:55a73700-c891-46fd-8f5c-72bc827f2ef5:20160407213828.953:607</Value>
          <Value>createTimeStamp:607:1:55a73700-c891-46fd-8f5c-72bc827f2ef5:20160407213828.953:607</Value>
          <Value>entryDN:607:1:55a73700-c891-46fd-8f5c-72bc827f2ef5:20160407213828.953:607</Value>
          <Value>isSingleValued:607:1:55a73700-c891-46fd-8f5c-72bc827f2ef5:20160407213828.953:607</Value>
          <Value>lDAPDisplayName:607:1:55a73700-c891-46fd-8f5c-72bc827f2ef5:20160407213828.953:607</Value>
          <Value>modifyTimeStamp:607:1:55a73700-c891-46fd-8f5c-72bc827f2ef5:20160407213828.953:607</Value>
          <Value>objectClass:607:1:55a73700-c891-46fd-8f5c-72bc827f2ef5:20160407213828.953:607</Value>
          <Value>objectGUID:607:1:55a73700-c891-46fd-8f5c-72bc827f2ef5:20160407213828.953:607</Value>
          <Value>oMSyntax:607:1:55a73700-c891-46fd-8f5c-72bc827f2ef5:20160407213828.953:607</Value>
          <Value>schemaIDGUID:607:1:55a73700-c891-46fd-8f5c-72bc827f2ef5:20160407213828.953:607</Value>
          <Value>uSNChanged:607:1:55a73700-c891-46fd-8f5c-72bc827f2ef5:20160407213828.953:607</Value>
          <Value>uSNCreated:607:1:55a73700-c891-46fd-8f5c-72bc827f2ef5:20160407213828.953:607</Value>
          <Value>vmwAttributeUsage:607:1:55a73700-c891-46fd-8f5c-72bc827f2ef5:20160407213828.953:607</Value>
        </AttributeMetadata>
      </AttributeSchemaEntry>
      <AttributeSchemaEntry>
        <Name>meetingScope</Name>
        <AttributeMetadata>
          <Value>attributeID:279:1:55a73700-c891-46fd-8f5c-72bc827f2ef5:20160407213828.438:279</Value>
          <Value>attributeSyntax:279:1:55a73700-c891-46fd-8f5c-72bc827f2ef5:20160407213828.438:279</Value>
          <Value>cn:279:1:55a73700-c891-46fd-8f5c-72bc827f2ef5:20160407213828.438:279</Value>
          <Value>createTimeStamp:279:1:55a73700-c891-46fd-8f5c-72bc827f2ef5:20160407213828.438:279</Value>
          <Value>entryDN:279:1:55a73700-c891-46fd-8f5c-72bc827f2ef5:20160407213828.438:279</Value>
          <Value>isSingleValued:279:1:55a73700-c891-46fd-8f5c-72bc827f2ef5:20160407213828.438:279</Value>
          <Value>lDAPDisplayName:279:1:55a73700-c891-46fd-8f5c-72bc827f2ef5:20160407213828.438:279</Value>
          <Value>modifyTimeStamp:279:1:55a73700-c891-46fd-8f5c-72bc827f2ef5:20160407213828.438:279</Value>
          <Value>objectClass:279:1:55a73700-c891-46fd-8f5c-72bc827f2ef5:20160407213828.438:279</Value>
          <Value>objectGUID:279:1:55a73700-c891-46fd-8f5c-72bc827f2ef5:20160407213828.438:279</Value>
          <Value>oMSyntax:279:1:55a73700-c891-46fd-8f5c-72bc827f2ef5:20160407213828.438:279</Value>
          <Value>schemaIDGUID:279:1:55a73700-c891-46fd-8f5c-72bc827f2ef5:20160407213828.438:279</Value>
          <Value>uSNChanged:279:1:55a73700-c891-46fd-8f5c-72bc827f2ef5:20160407213828.438:279</Value>
          <Value>uSNCreated:279:1:55a73700-c891-46fd-8f5c-72bc827f2ef5:20160407213828.438:279</Value>
          <Value>vmwAttributeUsage:279:1:55a73700-c891-46fd-8f5c-72bc827f2ef5:20160407213828.438:279</Value>
        </AttributeMetadata>
      </AttributeSchemaEntry>
      <AttributeSchemaEntry>
        <Name>meetingStartTime</Name>
        <AttributeMetadata>
          <Value>attributeID:1442:1:55a73700-c891-46fd-8f5c-72bc827f2ef5:20160407213830.392:1442</Value>
          <Value>attributeSyntax:1442:1:55a73700-c891-46fd-8f5c-72bc827f2ef5:20160407213830.392:1442</Value>
          <Value>cn:1442:1:55a73700-c891-46fd-8f5c-72bc827f2ef5:20160407213830.392:1442</Value>
          <Value>createTimeStamp:1442:1:55a73700-c891-46fd-8f5c-72bc827f2ef5:20160407213830.392:1442</Value>
          <Value>entryDN:1442:1:55a73700-c891-46fd-8f5c-72bc827f2ef5:20160407213830.392:1442</Value>
          <Value>isSingleValued:1442:1:55a73700-c891-46fd-8f5c-72bc827f2ef5:20160407213830.392:1442</Value>
          <Value>lDAPDisplayName:1442:1:55a73700-c891-46fd-8f5c-72bc827f2ef5:20160407213830.392:1442</Value>
          <Value>modifyTimeStamp:1442:1:55a73700-c891-46fd-8f5c-72bc827f2ef5:20160407213830.392:1442</Value>
          <Value>objectClass:1442:1:55a73700-c891-46fd-8f5c-72bc827f2ef5:20160407213830.392:1442</Value>
          <Value>objectGUID:1442:1:55a73700-c891-46fd-8f5c-72bc827f2ef5:20160407213830.392:1442</Value>
          <Value>oMSyntax:1442:1:55a73700-c891-46fd-8f5c-72bc827f2ef5:20160407213830.392:1442</Value>
          <Value>schemaIDGUID:1442:1:55a73700-c891-46fd-8f5c-72bc827f2ef5:20160407213830.392:1442</Value>
          <Value>uSNChanged:1442:1:55a73700-c891-46fd-8f5c-72bc827f2ef5:20160407213830.392:1442</Value>
          <Value>uSNCreated:1442:1:55a73700-c891-46fd-8f5c-72bc827f2ef5:20160407213830.392:1442</Value>
          <Value>vmwAttributeUsage:1442:1:55a73700-c891-46fd-8f5c-72bc827f2ef5:20160407213830.392:1442</Value>
        </AttributeMetadata>
      </AttributeSchemaEntry>
      <AttributeSchemaEntry>
        <Name>meetingType</Name>
        <AttributeMetadata>
          <Value>attributeID:252:1:55a73700-c891-46fd-8f5c-72bc827f2ef5:20160407213828.394:252</Value>
          <Value>attributeSyntax:252:1:55a73700-c891-46fd-8f5c-72bc827f2ef5:20160407213828.394:252</Value>
          <Value>cn:252:1:55a73700-c891-46fd-8f5c-72bc827f2ef5:20160407213828.394:252</Value>
          <Value>createTimeStamp:252:1:55a73700-c891-46fd-8f5c-72bc827f2ef5:20160407213828.394:252</Value>
          <Value>entryDN:252:1:55a73700-c891-46fd-8f5c-72bc827f2ef5:20160407213828.394:252</Value>
          <Value>isSingleValued:252:1:55a73700-c891-46fd-8f5c-72bc827f2ef5:20160407213828.394:252</Value>
          <Value>lDAPDisplayName:252:1:55a73700-c891-46fd-8f5c-72bc827f2ef5:20160407213828.394:252</Value>
          <Value>modifyTimeStamp:252:1:55a73700-c891-46fd-8f5c-72bc827f2ef5:20160407213828.394:252</Value>
          <Value>objectClass:252:1:55a73700-c891-46fd-8f5c-72bc827f2ef5:20160407213828.394:252</Value>
          <Value>objectGUID:252:1:55a73700-c891-46fd-8f5c-72bc827f2ef5:20160407213828.394:252</Value>
          <Value>oMSyntax:252:1:55a73700-c891-46fd-8f5c-72bc827f2ef5:20160407213828.394:252</Value>
          <Value>schemaIDGUID:252:1:55a73700-c891-46fd-8f5c-72bc827f2ef5:20160407213828.394:252</Value>
          <Value>uSNChanged:252:1:55a73700-c891-46fd-8f5c-72bc827f2ef5:20160407213828.394:252</Value>
          <Value>uSNCreated:252:1:55a73700-c891-46fd-8f5c-72bc827f2ef5:20160407213828.394:252</Value>
          <Value>vmwAttributeUsage:252:1:55a73700-c891-46fd-8f5c-72bc827f2ef5:20160407213828.394:252</Value>
        </AttributeMetadata>
      </AttributeSchemaEntry>
      <AttributeSchemaEntry>
        <Name>meetingURL</Name>
        <AttributeMetadata>
          <Value>attributeID:456:1:55a73700-c891-46fd-8f5c-72bc827f2ef5:20160407213828.709:456</Value>
          <Value>attributeSyntax:456:1:55a73700-c891-46fd-8f5c-72bc827f2ef5:20160407213828.709:456</Value>
          <Value>cn:456:1:55a73700-c891-46fd-8f5c-72bc827f2ef5:20160407213828.709:456</Value>
          <Value>createTimeStamp:456:1:55a73700-c891-46fd-8f5c-72bc827f2ef5:20160407213828.709:456</Value>
          <Value>entryDN:456:1:55a73700-c891-46fd-8f5c-72bc827f2ef5:20160407213828.709:456</Value>
          <Value>isSingleValued:456:1:55a73700-c891-46fd-8f5c-72bc827f2ef5:20160407213828.709:456</Value>
          <Value>lDAPDisplayName:456:1:55a73700-c891-46fd-8f5c-72bc827f2ef5:20160407213828.709:456</Value>
          <Value>modifyTimeStamp:456:1:55a73700-c891-46fd-8f5c-72bc827f2ef5:20160407213828.709:456</Value>
          <Value>objectClass:456:1:55a73700-c891-46fd-8f5c-72bc827f2ef5:20160407213828.709:456</Value>
          <Value>objectGUID:456:1:55a73700-c891-46fd-8f5c-72bc827f2ef5:20160407213828.709:456</Value>
          <Value>oMSyntax:456:1:55a73700-c891-46fd-8f5c-72bc827f2ef5:20160407213828.709:456</Value>
          <Value>schemaIDGUID:456:1:55a73700-c891-46fd-8f5c-72bc827f2ef5:20160407213828.709:456</Value>
          <Value>uSNChanged:456:1:55a73700-c891-46fd-8f5c-72bc827f2ef5:20160407213828.709:456</Value>
          <Value>uSNCreated:456:1:55a73700-c891-46fd-8f5c-72bc827f2ef5:20160407213828.709:456</Value>
          <Value>vmwAttributeUsage:456:1:55a73700-c891-46fd-8f5c-72bc827f2ef5:20160407213828.709:456</Value>
        </AttributeMetadata>
      </AttributeSchemaEntry>
      <AttributeSchemaEntry>
        <Name>member</Name>
        <AttributeMetadata>
          <Value>attributeID:1397:1:55a73700-c891-46fd-8f5c-72bc827f2ef5:20160407213830.324:1397</Value>
          <Value>attributeSyntax:1397:1:55a73700-c891-46fd-8f5c-72bc827f2ef5:20160407213830.324:1397</Value>
          <Value>cn:1397:1:55a73700-c891-46fd-8f5c-72bc827f2ef5:20160407213830.324:1397</Value>
          <Value>createTimeStamp:1397:1:55a73700-c891-46fd-8f5c-72bc827f2ef5:20160407213830.324:1397</Value>
          <Value>entryDN:1397:1:55a73700-c891-46fd-8f5c-72bc827f2ef5:20160407213830.324:1397</Value>
          <Value>isSingleValued:1397:1:55a73700-c891-46fd-8f5c-72bc827f2ef5:20160407213830.324:1397</Value>
          <Value>lDAPDisplayName:1397:1:55a73700-c891-46fd-8f5c-72bc827f2ef5:20160407213830.324:1397</Value>
          <Value>modifyTimeStamp:1397:1:55a73700-c891-46fd-8f5c-72bc827f2ef5:20160407213830.324:1397</Value>
          <Value>objectClass:1397:1:55a73700-c891-46fd-8f5c-72bc827f2ef5:20160407213830.324:1397</Value>
          <Value>objectGUID:1397:1:55a73700-c891-46fd-8f5c-72bc827f2ef5:20160407213830.324:1397</Value>
          <Value>oMSyntax:1397:1:55a73700-c891-46fd-8f5c-72bc827f2ef5:20160407213830.324:1397</Value>
          <Value>schemaIDGUID:1397:1:55a73700-c891-46fd-8f5c-72bc827f2ef5:20160407213830.324:1397</Value>
          <Value>uSNChanged:1397:1:55a73700-c891-46fd-8f5c-72bc827f2ef5:20160407213830.324:1397</Value>
          <Value>uSNCreated:1397:1:55a73700-c891-46fd-8f5c-72bc827f2ef5:20160407213830.324:1397</Value>
          <Value>vmwAttributeUsage:1397:1:55a73700-c891-46fd-8f5c-72bc827f2ef5:20160407213830.324:1397</Value>
        </AttributeMetadata>
      </AttributeSchemaEntry>
      <AttributeSchemaEntry>
        <Name>memberNisNetgroup</Name>
        <AttributeMetadata>
          <Value>attributeID:1404:1:55a73700-c891-46fd-8f5c-72bc827f2ef5:20160407213830.332:1404</Value>
          <Value>attributeSyntax:1404:1:55a73700-c891-46fd-8f5c-72bc827f2ef5:20160407213830.332:1404</Value>
          <Value>cn:1404:1:55a73700-c891-46fd-8f5c-72bc827f2ef5:20160407213830.332:1404</Value>
          <Value>createTimeStamp:1404:1:55a73700-c891-46fd-8f5c-72bc827f2ef5:20160407213830.332:1404</Value>
          <Value>entryDN:1404:1:55a73700-c891-46fd-8f5c-72bc827f2ef5:20160407213830.332:1404</Value>
          <Value>isSingleValued:1404:1:55a73700-c891-46fd-8f5c-72bc827f2ef5:20160407213830.332:1404</Value>
          <Value>lDAPDisplayName:1404:1:55a73700-c891-46fd-8f5c-72bc827f2ef5:20160407213830.332:1404</Value>
          <Value>modifyTimeStamp:1404:1:55a73700-c891-46fd-8f5c-72bc827f2ef5:20160407213830.332:1404</Value>
          <Value>objectClass:1404:1:55a73700-c891-46fd-8f5c-72bc827f2ef5:20160407213830.332:1404</Value>
          <Value>objectGUID:1404:1:55a73700-c891-46fd-8f5c-72bc827f2ef5:20160407213830.332:1404</Value>
          <Value>oMSyntax:1404:1:55a73700-c891-46fd-8f5c-72bc827f2ef5:20160407213830.332:1404</Value>
          <Value>schemaIDGUID:1404:1:55a73700-c891-46fd-8f5c-72bc827f2ef5:20160407213830.332:1404</Value>
          <Value>uSNChanged:1404:1:55a73700-c891-46fd-8f5c-72bc827f2ef5:20160407213830.332:1404</Value>
          <Value>uSNCreated:1404:1:55a73700-c891-46fd-8f5c-72bc827f2ef5:20160407213830.332:1404</Value>
          <Value>vmwAttributeUsage:1404:1:55a73700-c891-46fd-8f5c-72bc827f2ef5:20160407213830.332:1404</Value>
        </AttributeMetadata>
      </AttributeSchemaEntry>
      <AttributeSchemaEntry>
        <Name>memberOf</Name>
        <AttributeMetadata>
          <Value>attributeID:1362:1:55a73700-c891-46fd-8f5c-72bc827f2ef5:20160407213830.265:1362</Value>
          <Value>attributeSyntax:1362:1:55a73700-c891-46fd-8f5c-72bc827f2ef5:20160407213830.265:1362</Value>
          <Value>cn:1362:1:55a73700-c891-46fd-8f5c-72bc827f2ef5:20160407213830.265:1362</Value>
          <Value>createTimeStamp:1362:1:55a73700-c891-46fd-8f5c-72bc827f2ef5:20160407213830.265:1362</Value>
          <Value>entryDN:1362:1:55a73700-c891-46fd-8f5c-72bc827f2ef5:20160407213830.265:1362</Value>
          <Value>isSingleValued:1362:1:55a73700-c891-46fd-8f5c-72bc827f2ef5:20160407213830.265:1362</Value>
          <Value>lDAPDisplayName:1362:1:55a73700-c891-46fd-8f5c-72bc827f2ef5:20160407213830.265:1362</Value>
          <Value>modifyTimeStamp:1362:1:55a73700-c891-46fd-8f5c-72bc827f2ef5:20160407213830.265:1362</Value>
          <Value>objectClass:1362:1:55a73700-c891-46fd-8f5c-72bc827f2ef5:20160407213830.265:1362</Value>
          <Value>objectGUID:1362:1:55a73700-c891-46fd-8f5c-72bc827f2ef5:20160407213830.265:1362</Value>
          <Value>oMSyntax:1362:1:55a73700-c891-46fd-8f5c-72bc827f2ef5:20160407213830.265:1362</Value>
          <Value>schemaIDGUID:1362:1:55a73700-c891-46fd-8f5c-72bc827f2ef5:20160407213830.265:1362</Value>
          <Value>uSNChanged:1362:1:55a73700-c891-46fd-8f5c-72bc827f2ef5:20160407213830.265:1362</Value>
          <Value>uSNCreated:1362:1:55a73700-c891-46fd-8f5c-72bc827f2ef5:20160407213830.265:1362</Value>
          <Value>vmwAttributeUsage:1362:1:55a73700-c891-46fd-8f5c-72bc827f2ef5:20160407213830.265:1362</Value>
        </AttributeMetadata>
      </AttributeSchemaEntry>
      <AttributeSchemaEntry>
        <Name>memberUid</Name>
        <AttributeMetadata>
          <Value>attributeID:458:1:55a73700-c891-46fd-8f5c-72bc827f2ef5:20160407213828.711:458</Value>
          <Value>attributeSyntax:458:1:55a73700-c891-46fd-8f5c-72bc827f2ef5:20160407213828.711:458</Value>
          <Value>cn:458:1:55a73700-c891-46fd-8f5c-72bc827f2ef5:20160407213828.711:458</Value>
          <Value>createTimeStamp:458:1:55a73700-c891-46fd-8f5c-72bc827f2ef5:20160407213828.711:458</Value>
          <Value>entryDN:458:1:55a73700-c891-46fd-8f5c-72bc827f2ef5:20160407213828.711:458</Value>
          <Value>isSingleValued:458:1:55a73700-c891-46fd-8f5c-72bc827f2ef5:20160407213828.711:458</Value>
          <Value>lDAPDisplayName:458:1:55a73700-c891-46fd-8f5c-72bc827f2ef5:20160407213828.711:458</Value>
          <Value>modifyTimeStamp:458:1:55a73700-c891-46fd-8f5c-72bc827f2ef5:20160407213828.711:458</Value>
          <Value>objectClass:458:1:55a73700-c891-46fd-8f5c-72bc827f2ef5:20160407213828.711:458</Value>
          <Value>objectGUID:458:1:55a73700-c891-46fd-8f5c-72bc827f2ef5:20160407213828.711:458</Value>
          <Value>oMSyntax:458:1:55a73700-c891-46fd-8f5c-72bc827f2ef5:20160407213828.711:458</Value>
          <Value>schemaIDGUID:458:1:55a73700-c891-46fd-8f5c-72bc827f2ef5:20160407213828.711:458</Value>
          <Value>uSNChanged:458:1:55a73700-c891-46fd-8f5c-72bc827f2ef5:20160407213828.711:458</Value>
          <Value>uSNCreated:458:1:55a73700-c891-46fd-8f5c-72bc827f2ef5:20160407213828.711:458</Value>
          <Value>vmwAttributeUsage:458:1:55a73700-c891-46fd-8f5c-72bc827f2ef5:20160407213828.711:458</Value>
        </AttributeMetadata>
      </AttributeSchemaEntry>
      <AttributeSchemaEntry>
        <Name>mhsORAddress</Name>
        <AttributeMetadata>
          <Value>attributeID:1474:1:55a73700-c891-46fd-8f5c-72bc827f2ef5:20160407213830.447:1474</Value>
          <Value>attributeSyntax:1474:1:55a73700-c891-46fd-8f5c-72bc827f2ef5:20160407213830.447:1474</Value>
          <Value>cn:1474:1:55a73700-c891-46fd-8f5c-72bc827f2ef5:20160407213830.447:1474</Value>
          <Value>createTimeStamp:1474:1:55a73700-c891-46fd-8f5c-72bc827f2ef5:20160407213830.447:1474</Value>
          <Value>entryDN:1474:1:55a73700-c891-46fd-8f5c-72bc827f2ef5:20160407213830.447:1474</Value>
          <Value>isSingleValued:1474:1:55a73700-c891-46fd-8f5c-72bc827f2ef5:20160407213830.447:1474</Value>
          <Value>lDAPDisplayName:1474:1:55a73700-c891-46fd-8f5c-72bc827f2ef5:20160407213830.447:1474</Value>
          <Value>modifyTimeStamp:1474:1:55a73700-c891-46fd-8f5c-72bc827f2ef5:20160407213830.447:1474</Value>
          <Value>objectClass:1474:1:55a73700-c891-46fd-8f5c-72bc827f2ef5:20160407213830.447:1474</Value>
          <Value>objectGUID:1474:1:55a73700-c891-46fd-8f5c-72bc827f2ef5:20160407213830.447:1474</Value>
          <Value>oMSyntax:1474:1:55a73700-c891-46fd-8f5c-72bc827f2ef5:20160407213830.447:1474</Value>
          <Value>schemaIDGUID:1474:1:55a73700-c891-46fd-8f5c-72bc827f2ef5:20160407213830.447:1474</Value>
          <Value>uSNChanged:1474:1:55a73700-c891-46fd-8f5c-72bc827f2ef5:20160407213830.447:1474</Value>
          <Value>uSNCreated:1474:1:55a73700-c891-46fd-8f5c-72bc827f2ef5:20160407213830.447:1474</Value>
          <Value>vmwAttributeUsage:1474:1:55a73700-c891-46fd-8f5c-72bc827f2ef5:20160407213830.447:1474</Value>
        </AttributeMetadata>
      </AttributeSchemaEntry>
      <AttributeSchemaEntry>
        <Name>middleName</Name>
        <AttributeMetadata>
          <Value>attributeID:1199:1:55a73700-c891-46fd-8f5c-72bc827f2ef5:20160407213829.996:1199</Value>
          <Value>attributeSyntax:1199:1:55a73700-c891-46fd-8f5c-72bc827f2ef5:20160407213829.996:1199</Value>
          <Value>cn:1199:1:55a73700-c891-46fd-8f5c-72bc827f2ef5:20160407213829.996:1199</Value>
          <Value>createTimeStamp:1199:1:55a73700-c891-46fd-8f5c-72bc827f2ef5:20160407213829.996:1199</Value>
          <Value>entryDN:1199:1:55a73700-c891-46fd-8f5c-72bc827f2ef5:20160407213829.996:1199</Value>
          <Value>isSingleValued:1199:1:55a73700-c891-46fd-8f5c-72bc827f2ef5:20160407213829.996:1199</Value>
          <Value>lDAPDisplayName:1199:1:55a73700-c891-46fd-8f5c-72bc827f2ef5:20160407213829.996:1199</Value>
          <Value>modifyTimeStamp:1199:1:55a73700-c891-46fd-8f5c-72bc827f2ef5:20160407213829.996:1199</Value>
          <Value>objectClass:1199:1:55a73700-c891-46fd-8f5c-72bc827f2ef5:20160407213829.996:1199</Value>
          <Value>objectGUID:1199:1:55a73700-c891-46fd-8f5c-72bc827f2ef5:20160407213829.996:1199</Value>
          <Value>oMSyntax:1199:1:55a73700-c891-46fd-8f5c-72bc827f2ef5:20160407213829.996:1199</Value>
          <Value>schemaIDGUID:1199:1:55a73700-c891-46fd-8f5c-72bc827f2ef5:20160407213829.996:1199</Value>
          <Value>uSNChanged:1199:1:55a73700-c891-46fd-8f5c-72bc827f2ef5:20160407213829.996:1199</Value>
          <Value>uSNCreated:1199:1:55a73700-c891-46fd-8f5c-72bc827f2ef5:20160407213829.996:1199</Value>
          <Value>vmwAttributeUsage:1199:1:55a73700-c891-46fd-8f5c-72bc827f2ef5:20160407213829.996:1199</Value>
        </AttributeMetadata>
      </AttributeSchemaEntry>
      <AttributeSchemaEntry>
        <Name>minPwdAge</Name>
        <AttributeMetadata>
          <Value>attributeID:752:1:55a73700-c891-46fd-8f5c-72bc827f2ef5:20160407213829.208:752</Value>
          <Value>attributeSyntax:752:1:55a73700-c891-46fd-8f5c-72bc827f2ef5:20160407213829.208:752</Value>
          <Value>cn:752:1:55a73700-c891-46fd-8f5c-72bc827f2ef5:20160407213829.208:752</Value>
          <Value>createTimeStamp:752:1:55a73700-c891-46fd-8f5c-72bc827f2ef5:20160407213829.208:752</Value>
          <Value>entryDN:752:1:55a73700-c891-46fd-8f5c-72bc827f2ef5:20160407213829.208:752</Value>
          <Value>isSingleValued:752:1:55a73700-c891-46fd-8f5c-72bc827f2ef5:20160407213829.208:752</Value>
          <Value>lDAPDisplayName:752:1:55a73700-c891-46fd-8f5c-72bc827f2ef5:20160407213829.208:752</Value>
          <Value>modifyTimeStamp:752:1:55a73700-c891-46fd-8f5c-72bc827f2ef5:20160407213829.208:752</Value>
          <Value>objectClass:752:1:55a73700-c891-46fd-8f5c-72bc827f2ef5:20160407213829.208:752</Value>
          <Value>objectGUID:752:1:55a73700-c891-46fd-8f5c-72bc827f2ef5:20160407213829.208:752</Value>
          <Value>oMSyntax:752:1:55a73700-c891-46fd-8f5c-72bc827f2ef5:20160407213829.208:752</Value>
          <Value>schemaIDGUID:752:1:55a73700-c891-46fd-8f5c-72bc827f2ef5:20160407213829.208:752</Value>
          <Value>uSNChanged:752:1:55a73700-c891-46fd-8f5c-72bc827f2ef5:20160407213829.208:752</Value>
          <Value>uSNCreated:752:1:55a73700-c891-46fd-8f5c-72bc827f2ef5:20160407213829.208:752</Value>
          <Value>vmwAttributeUsage:752:1:55a73700-c891-46fd-8f5c-72bc827f2ef5:20160407213829.208:752</Value>
        </AttributeMetadata>
      </AttributeSchemaEntry>
      <AttributeSchemaEntry>
        <Name>minPwdLength</Name>
        <AttributeMetadata>
          <Value>attributeID:454:1:55a73700-c891-46fd-8f5c-72bc827f2ef5:20160407213828.707:454</Value>
          <Value>attributeSyntax:454:1:55a73700-c891-46fd-8f5c-72bc827f2ef5:20160407213828.707:454</Value>
          <Value>cn:454:1:55a73700-c891-46fd-8f5c-72bc827f2ef5:20160407213828.707:454</Value>
          <Value>createTimeStamp:454:1:55a73700-c891-46fd-8f5c-72bc827f2ef5:20160407213828.707:454</Value>
          <Value>entryDN:454:1:55a73700-c891-46fd-8f5c-72bc827f2ef5:20160407213828.707:454</Value>
          <Value>isSingleValued:454:1:55a73700-c891-46fd-8f5c-72bc827f2ef5:20160407213828.707:454</Value>
          <Value>lDAPDisplayName:454:1:55a73700-c891-46fd-8f5c-72bc827f2ef5:20160407213828.707:454</Value>
          <Value>modifyTimeStamp:454:1:55a73700-c891-46fd-8f5c-72bc827f2ef5:20160407213828.707:454</Value>
          <Value>objectClass:454:1:55a73700-c891-46fd-8f5c-72bc827f2ef5:20160407213828.707:454</Value>
          <Value>objectGUID:454:1:55a73700-c891-46fd-8f5c-72bc827f2ef5:20160407213828.707:454</Value>
          <Value>oMSyntax:454:1:55a73700-c891-46fd-8f5c-72bc827f2ef5:20160407213828.707:454</Value>
          <Value>schemaIDGUID:454:1:55a73700-c891-46fd-8f5c-72bc827f2ef5:20160407213828.707:454</Value>
          <Value>uSNChanged:454:1:55a73700-c891-46fd-8f5c-72bc827f2ef5:20160407213828.707:454</Value>
          <Value>uSNCreated:454:1:55a73700-c891-46fd-8f5c-72bc827f2ef5:20160407213828.707:454</Value>
          <Value>vmwAttributeUsage:454:1:55a73700-c891-46fd-8f5c-72bc827f2ef5:20160407213828.707:454</Value>
        </AttributeMetadata>
      </AttributeSchemaEntry>
      <AttributeSchemaEntry>
        <Name>minTicketAge</Name>
        <AttributeMetadata>
          <Value>attributeID:1452:1:55a73700-c891-46fd-8f5c-72bc827f2ef5:20160407213830.415:1452</Value>
          <Value>attributeSyntax:1452:1:55a73700-c891-46fd-8f5c-72bc827f2ef5:20160407213830.415:1452</Value>
          <Value>cn:1452:1:55a73700-c891-46fd-8f5c-72bc827f2ef5:20160407213830.415:1452</Value>
          <Value>createTimeStamp:1452:1:55a73700-c891-46fd-8f5c-72bc827f2ef5:20160407213830.415:1452</Value>
          <Value>entryDN:1452:1:55a73700-c891-46fd-8f5c-72bc827f2ef5:20160407213830.415:1452</Value>
          <Value>isSingleValued:1452:1:55a73700-c891-46fd-8f5c-72bc827f2ef5:20160407213830.415:1452</Value>
          <Value>lDAPDisplayName:1452:1:55a73700-c891-46fd-8f5c-72bc827f2ef5:20160407213830.415:1452</Value>
          <Value>modifyTimeStamp:1452:1:55a73700-c891-46fd-8f5c-72bc827f2ef5:20160407213830.415:1452</Value>
          <Value>objectClass:1452:1:55a73700-c891-46fd-8f5c-72bc827f2ef5:20160407213830.415:1452</Value>
          <Value>objectGUID:1452:1:55a73700-c891-46fd-8f5c-72bc827f2ef5:20160407213830.415:1452</Value>
          <Value>oMSyntax:1452:1:55a73700-c891-46fd-8f5c-72bc827f2ef5:20160407213830.415:1452</Value>
          <Value>schemaIDGUID:1452:1:55a73700-c891-46fd-8f5c-72bc827f2ef5:20160407213830.415:1452</Value>
          <Value>uSNChanged:1452:1:55a73700-c891-46fd-8f5c-72bc827f2ef5:20160407213830.415:1452</Value>
          <Value>uSNCreated:1452:1:55a73700-c891-46fd-8f5c-72bc827f2ef5:20160407213830.415:1452</Value>
          <Value>vmwAttributeUsage:1452:1:55a73700-c891-46fd-8f5c-72bc827f2ef5:20160407213830.415:1452</Value>
        </AttributeMetadata>
      </AttributeSchemaEntry>
      <AttributeSchemaEntry>
        <Name>mobile</Name>
        <AttributeMetadata>
          <Value>attributeID:908:1:55a73700-c891-46fd-8f5c-72bc827f2ef5:20160407213829.477:908</Value>
          <Value>attributeSyntax:908:1:55a73700-c891-46fd-8f5c-72bc827f2ef5:20160407213829.477:908</Value>
          <Value>cn:908:1:55a73700-c891-46fd-8f5c-72bc827f2ef5:20160407213829.477:908</Value>
          <Value>createTimeStamp:908:1:55a73700-c891-46fd-8f5c-72bc827f2ef5:20160407213829.477:908</Value>
          <Value>entryDN:908:1:55a73700-c891-46fd-8f5c-72bc827f2ef5:20160407213829.477:908</Value>
          <Value>isSingleValued:908:1:55a73700-c891-46fd-8f5c-72bc827f2ef5:20160407213829.477:908</Value>
          <Value>lDAPDisplayName:908:1:55a73700-c891-46fd-8f5c-72bc827f2ef5:20160407213829.477:908</Value>
          <Value>modifyTimeStamp:908:1:55a73700-c891-46fd-8f5c-72bc827f2ef5:20160407213829.477:908</Value>
          <Value>objectClass:908:1:55a73700-c891-46fd-8f5c-72bc827f2ef5:20160407213829.477:908</Value>
          <Value>objectGUID:908:1:55a73700-c891-46fd-8f5c-72bc827f2ef5:20160407213829.477:908</Value>
          <Value>oMSyntax:908:1:55a73700-c891-46fd-8f5c-72bc827f2ef5:20160407213829.477:908</Value>
          <Value>schemaIDGUID:908:1:55a73700-c891-46fd-8f5c-72bc827f2ef5:20160407213829.477:908</Value>
          <Value>uSNChanged:908:1:55a73700-c891-46fd-8f5c-72bc827f2ef5:20160407213829.477:908</Value>
          <Value>uSNCreated:908:1:55a73700-c891-46fd-8f5c-72bc827f2ef5:20160407213829.477:908</Value>
          <Value>vmwAttributeUsage:908:1:55a73700-c891-46fd-8f5c-72bc827f2ef5:20160407213829.477:908</Value>
        </AttributeMetadata>
      </AttributeSchemaEntry>
      <AttributeSchemaEntry>
        <Name>modifiedCount</Name>
        <AttributeMetadata>
          <Value>attributeID:929:1:55a73700-c891-46fd-8f5c-72bc827f2ef5:20160407213829.511:929</Value>
          <Value>attributeSyntax:929:1:55a73700-c891-46fd-8f5c-72bc827f2ef5:20160407213829.511:929</Value>
          <Value>cn:929:1:55a73700-c891-46fd-8f5c-72bc827f2ef5:20160407213829.511:929</Value>
          <Value>createTimeStamp:929:1:55a73700-c891-46fd-8f5c-72bc827f2ef5:20160407213829.511:929</Value>
          <Value>entryDN:929:1:55a73700-c891-46fd-8f5c-72bc827f2ef5:20160407213829.511:929</Value>
          <Value>isSingleValued:929:1:55a73700-c891-46fd-8f5c-72bc827f2ef5:20160407213829.511:929</Value>
          <Value>lDAPDisplayName:929:1:55a73700-c891-46fd-8f5c-72bc827f2ef5:20160407213829.511:929</Value>
          <Value>modifyTimeStamp:929:1:55a73700-c891-46fd-8f5c-72bc827f2ef5:20160407213829.511:929</Value>
          <Value>objectClass:929:1:55a73700-c891-46fd-8f5c-72bc827f2ef5:20160407213829.511:929</Value>
          <Value>objectGUID:929:1:55a73700-c891-46fd-8f5c-72bc827f2ef5:20160407213829.511:929</Value>
          <Value>oMSyntax:929:1:55a73700-c891-46fd-8f5c-72bc827f2ef5:20160407213829.511:929</Value>
          <Value>schemaIDGUID:929:1:55a73700-c891-46fd-8f5c-72bc827f2ef5:20160407213829.511:929</Value>
          <Value>uSNChanged:929:1:55a73700-c891-46fd-8f5c-72bc827f2ef5:20160407213829.511:929</Value>
          <Value>uSNCreated:929:1:55a73700-c891-46fd-8f5c-72bc827f2ef5:20160407213829.511:929</Value>
          <Value>vmwAttributeUsage:929:1:55a73700-c891-46fd-8f5c-72bc827f2ef5:20160407213829.511:929</Value>
        </AttributeMetadata>
      </AttributeSchemaEntry>
      <AttributeSchemaEntry>
        <Name>modifiedCountAtLastProm</Name>
        <AttributeMetadata>
          <Value>attributeID:477:1:55a73700-c891-46fd-8f5c-72bc827f2ef5:20160407213828.740:477</Value>
          <Value>attributeSyntax:477:1:55a73700-c891-46fd-8f5c-72bc827f2ef5:20160407213828.740:477</Value>
          <Value>cn:477:1:55a73700-c891-46fd-8f5c-72bc827f2ef5:20160407213828.740:477</Value>
          <Value>createTimeStamp:477:1:55a73700-c891-46fd-8f5c-72bc827f2ef5:20160407213828.740:477</Value>
          <Value>entryDN:477:1:55a73700-c891-46fd-8f5c-72bc827f2ef5:20160407213828.740:477</Value>
          <Value>isSingleValued:477:1:55a73700-c891-46fd-8f5c-72bc827f2ef5:20160407213828.740:477</Value>
          <Value>lDAPDisplayName:477:1:55a73700-c891-46fd-8f5c-72bc827f2ef5:20160407213828.740:477</Value>
          <Value>modifyTimeStamp:477:1:55a73700-c891-46fd-8f5c-72bc827f2ef5:20160407213828.740:477</Value>
          <Value>objectClass:477:1:55a73700-c891-46fd-8f5c-72bc827f2ef5:20160407213828.740:477</Value>
          <Value>objectGUID:477:1:55a73700-c891-46fd-8f5c-72bc827f2ef5:20160407213828.740:477</Value>
          <Value>oMSyntax:477:1:55a73700-c891-46fd-8f5c-72bc827f2ef5:20160407213828.740:477</Value>
          <Value>schemaIDGUID:477:1:55a73700-c891-46fd-8f5c-72bc827f2ef5:20160407213828.740:477</Value>
          <Value>uSNChanged:477:1:55a73700-c891-46fd-8f5c-72bc827f2ef5:20160407213828.740:477</Value>
          <Value>uSNCreated:477:1:55a73700-c891-46fd-8f5c-72bc827f2ef5:20160407213828.740:477</Value>
          <Value>vmwAttributeUsage:477:1:55a73700-c891-46fd-8f5c-72bc827f2ef5:20160407213828.740:477</Value>
        </AttributeMetadata>
      </AttributeSchemaEntry>
      <AttributeSchemaEntry>
        <Name>modifiersName</Name>
        <AttributeMetadata>
          <Value>attributeID:865:1:55a73700-c891-46fd-8f5c-72bc827f2ef5:20160407213829.407:865</Value>
          <Value>attributeSyntax:865:1:55a73700-c891-46fd-8f5c-72bc827f2ef5:20160407213829.407:865</Value>
          <Value>cn:865:1:55a73700-c891-46fd-8f5c-72bc827f2ef5:20160407213829.407:865</Value>
          <Value>createTimeStamp:865:1:55a73700-c891-46fd-8f5c-72bc827f2ef5:20160407213829.407:865</Value>
          <Value>description:865:1:55a73700-c891-46fd-8f5c-72bc827f2ef5:20160407213829.407:865</Value>
          <Value>entryDN:865:1:55a73700-c891-46fd-8f5c-72bc827f2ef5:20160407213829.407:865</Value>
          <Value>isSingleValued:865:1:55a73700-c891-46fd-8f5c-72bc827f2ef5:20160407213829.407:865</Value>
          <Value>lDAPDisplayName:865:1:55a73700-c891-46fd-8f5c-72bc827f2ef5:20160407213829.407:865</Value>
          <Value>modifyTimeStamp:865:1:55a73700-c891-46fd-8f5c-72bc827f2ef5:20160407213829.407:865</Value>
          <Value>objectClass:865:1:55a73700-c891-46fd-8f5c-72bc827f2ef5:20160407213829.407:865</Value>
          <Value>objectGUID:865:1:55a73700-c891-46fd-8f5c-72bc827f2ef5:20160407213829.407:865</Value>
          <Value>oMSyntax:865:1:55a73700-c891-46fd-8f5c-72bc827f2ef5:20160407213829.407:865</Value>
          <Value>schemaIDGUID:865:1:55a73700-c891-46fd-8f5c-72bc827f2ef5:20160407213829.407:865</Value>
          <Value>uSNChanged:865:1:55a73700-c891-46fd-8f5c-72bc827f2ef5:20160407213829.407:865</Value>
          <Value>uSNCreated:865:1:55a73700-c891-46fd-8f5c-72bc827f2ef5:20160407213829.407:865</Value>
          <Value>vmwAttributeUsage:865:1:55a73700-c891-46fd-8f5c-72bc827f2ef5:20160407213829.407:865</Value>
        </AttributeMetadata>
      </AttributeSchemaEntry>
      <AttributeSchemaEntry>
        <Name>modifyTimeStamp</Name>
        <AttributeMetadata>
          <Value>attributeID:972:1:55a73700-c891-46fd-8f5c-72bc827f2ef5:20160407213829.585:972</Value>
          <Value>attributeSyntax:972:1:55a73700-c891-46fd-8f5c-72bc827f2ef5:20160407213829.585:972</Value>
          <Value>cn:972:1:55a73700-c891-46fd-8f5c-72bc827f2ef5:20160407213829.585:972</Value>
          <Value>createTimeStamp:972:1:55a73700-c891-46fd-8f5c-72bc827f2ef5:20160407213829.585:972</Value>
          <Value>entryDN:972:1:55a73700-c891-46fd-8f5c-72bc827f2ef5:20160407213829.585:972</Value>
          <Value>isSingleValued:972:1:55a73700-c891-46fd-8f5c-72bc827f2ef5:20160407213829.585:972</Value>
          <Value>lDAPDisplayName:972:1:55a73700-c891-46fd-8f5c-72bc827f2ef5:20160407213829.585:972</Value>
          <Value>modifyTimeStamp:972:1:55a73700-c891-46fd-8f5c-72bc827f2ef5:20160407213829.585:972</Value>
          <Value>objectClass:972:1:55a73700-c891-46fd-8f5c-72bc827f2ef5:20160407213829.585:972</Value>
          <Value>objectGUID:972:1:55a73700-c891-46fd-8f5c-72bc827f2ef5:20160407213829.585:972</Value>
          <Value>oMSyntax:972:1:55a73700-c891-46fd-8f5c-72bc827f2ef5:20160407213829.585:972</Value>
          <Value>schemaIDGUID:972:1:55a73700-c891-46fd-8f5c-72bc827f2ef5:20160407213829.585:972</Value>
          <Value>uSNChanged:972:1:55a73700-c891-46fd-8f5c-72bc827f2ef5:20160407213829.585:972</Value>
          <Value>uSNCreated:972:1:55a73700-c891-46fd-8f5c-72bc827f2ef5:20160407213829.585:972</Value>
          <Value>vmwAttributeUsage:972:1:55a73700-c891-46fd-8f5c-72bc827f2ef5:20160407213829.585:972</Value>
        </AttributeMetadata>
      </AttributeSchemaEntry>
      <AttributeSchemaEntry>
        <Name>moniker</Name>
        <AttributeMetadata>
          <Value>attributeID:1323:1:55a73700-c891-46fd-8f5c-72bc827f2ef5:20160407213830.202:1323</Value>
          <Value>attributeSyntax:1323:1:55a73700-c891-46fd-8f5c-72bc827f2ef5:20160407213830.202:1323</Value>
          <Value>cn:1323:1:55a73700-c891-46fd-8f5c-72bc827f2ef5:20160407213830.202:1323</Value>
          <Value>createTimeStamp:1323:1:55a73700-c891-46fd-8f5c-72bc827f2ef5:20160407213830.202:1323</Value>
          <Value>entryDN:1323:1:55a73700-c891-46fd-8f5c-72bc827f2ef5:20160407213830.202:1323</Value>
          <Value>isSingleValued:1323:1:55a73700-c891-46fd-8f5c-72bc827f2ef5:20160407213830.202:1323</Value>
          <Value>lDAPDisplayName:1323:1:55a73700-c891-46fd-8f5c-72bc827f2ef5:20160407213830.202:1323</Value>
          <Value>modifyTimeStamp:1323:1:55a73700-c891-46fd-8f5c-72bc827f2ef5:20160407213830.202:1323</Value>
          <Value>objectClass:1323:1:55a73700-c891-46fd-8f5c-72bc827f2ef5:20160407213830.202:1323</Value>
          <Value>objectGUID:1323:1:55a73700-c891-46fd-8f5c-72bc827f2ef5:20160407213830.202:1323</Value>
          <Value>oMSyntax:1323:1:55a73700-c891-46fd-8f5c-72bc827f2ef5:20160407213830.202:1323</Value>
          <Value>schemaIDGUID:1323:1:55a73700-c891-46fd-8f5c-72bc827f2ef5:20160407213830.202:1323</Value>
          <Value>uSNChanged:1323:1:55a73700-c891-46fd-8f5c-72bc827f2ef5:20160407213830.202:1323</Value>
          <Value>uSNCreated:1323:1:55a73700-c891-46fd-8f5c-72bc827f2ef5:20160407213830.202:1323</Value>
          <Value>vmwAttributeUsage:1323:1:55a73700-c891-46fd-8f5c-72bc827f2ef5:20160407213830.202:1323</Value>
        </AttributeMetadata>
      </AttributeSchemaEntry>
      <AttributeSchemaEntry>
        <Name>monikerDisplayName</Name>
        <AttributeMetadata>
          <Value>attributeID:1495:1:55a73700-c891-46fd-8f5c-72bc827f2ef5:20160407213830.481:1495</Value>
          <Value>attributeSyntax:1495:1:55a73700-c891-46fd-8f5c-72bc827f2ef5:20160407213830.481:1495</Value>
          <Value>cn:1495:1:55a73700-c891-46fd-8f5c-72bc827f2ef5:20160407213830.481:1495</Value>
          <Value>createTimeStamp:1495:1:55a73700-c891-46fd-8f5c-72bc827f2ef5:20160407213830.481:1495</Value>
          <Value>entryDN:1495:1:55a73700-c891-46fd-8f5c-72bc827f2ef5:20160407213830.481:1495</Value>
          <Value>isSingleValued:1495:1:55a73700-c891-46fd-8f5c-72bc827f2ef5:20160407213830.481:1495</Value>
          <Value>lDAPDisplayName:1495:1:55a73700-c891-46fd-8f5c-72bc827f2ef5:20160407213830.481:1495</Value>
          <Value>modifyTimeStamp:1495:1:55a73700-c891-46fd-8f5c-72bc827f2ef5:20160407213830.481:1495</Value>
          <Value>objectClass:1495:1:55a73700-c891-46fd-8f5c-72bc827f2ef5:20160407213830.481:1495</Value>
          <Value>objectGUID:1495:1:55a73700-c891-46fd-8f5c-72bc827f2ef5:20160407213830.481:1495</Value>
          <Value>oMSyntax:1495:1:55a73700-c891-46fd-8f5c-72bc827f2ef5:20160407213830.481:1495</Value>
          <Value>schemaIDGUID:1495:1:55a73700-c891-46fd-8f5c-72bc827f2ef5:20160407213830.481:1495</Value>
          <Value>uSNChanged:1495:1:55a73700-c891-46fd-8f5c-72bc827f2ef5:20160407213830.481:1495</Value>
          <Value>uSNCreated:1495:1:55a73700-c891-46fd-8f5c-72bc827f2ef5:20160407213830.481:1495</Value>
          <Value>vmwAttributeUsage:1495:1:55a73700-c891-46fd-8f5c-72bc827f2ef5:20160407213830.481:1495</Value>
        </AttributeMetadata>
      </AttributeSchemaEntry>
      <AttributeSchemaEntry>
        <Name>moveTreeState</Name>
        <AttributeMetadata>
          <Value>attributeID:466:1:55a73700-c891-46fd-8f5c-72bc827f2ef5:20160407213828.728:466</Value>
          <Value>attributeSyntax:466:1:55a73700-c891-46fd-8f5c-72bc827f2ef5:20160407213828.728:466</Value>
          <Value>cn:466:1:55a73700-c891-46fd-8f5c-72bc827f2ef5:20160407213828.728:466</Value>
          <Value>createTimeStamp:466:1:55a73700-c891-46fd-8f5c-72bc827f2ef5:20160407213828.728:466</Value>
          <Value>entryDN:466:1:55a73700-c891-46fd-8f5c-72bc827f2ef5:20160407213828.728:466</Value>
          <Value>isSingleValued:466:1:55a73700-c891-46fd-8f5c-72bc827f2ef5:20160407213828.728:466</Value>
          <Value>lDAPDisplayName:466:1:55a73700-c891-46fd-8f5c-72bc827f2ef5:20160407213828.728:466</Value>
          <Value>modifyTimeStamp:466:1:55a73700-c891-46fd-8f5c-72bc827f2ef5:20160407213828.728:466</Value>
          <Value>objectClass:466:1:55a73700-c891-46fd-8f5c-72bc827f2ef5:20160407213828.728:466</Value>
          <Value>objectGUID:466:1:55a73700-c891-46fd-8f5c-72bc827f2ef5:20160407213828.728:466</Value>
          <Value>oMSyntax:466:1:55a73700-c891-46fd-8f5c-72bc827f2ef5:20160407213828.728:466</Value>
          <Value>schemaIDGUID:466:1:55a73700-c891-46fd-8f5c-72bc827f2ef5:20160407213828.728:466</Value>
          <Value>uSNChanged:466:1:55a73700-c891-46fd-8f5c-72bc827f2ef5:20160407213828.728:466</Value>
          <Value>uSNCreated:466:1:55a73700-c891-46fd-8f5c-72bc827f2ef5:20160407213828.728:466</Value>
          <Value>vmwAttributeUsage:466:1:55a73700-c891-46fd-8f5c-72bc827f2ef5:20160407213828.728:466</Value>
        </AttributeMetadata>
      </AttributeSchemaEntry>
      <AttributeSchemaEntry>
        <Name>msCOM-DefaultPartitionLink</Name>
        <AttributeMetadata>
          <Value>attributeID:351:1:55a73700-c891-46fd-8f5c-72bc827f2ef5:20160407213828.540:351</Value>
          <Value>attributeSyntax:351:1:55a73700-c891-46fd-8f5c-72bc827f2ef5:20160407213828.540:351</Value>
          <Value>cn:351:1:55a73700-c891-46fd-8f5c-72bc827f2ef5:20160407213828.540:351</Value>
          <Value>createTimeStamp:351:1:55a73700-c891-46fd-8f5c-72bc827f2ef5:20160407213828.540:351</Value>
          <Value>entryDN:351:1:55a73700-c891-46fd-8f5c-72bc827f2ef5:20160407213828.540:351</Value>
          <Value>isSingleValued:351:1:55a73700-c891-46fd-8f5c-72bc827f2ef5:20160407213828.540:351</Value>
          <Value>lDAPDisplayName:351:1:55a73700-c891-46fd-8f5c-72bc827f2ef5:20160407213828.540:351</Value>
          <Value>modifyTimeStamp:351:1:55a73700-c891-46fd-8f5c-72bc827f2ef5:20160407213828.540:351</Value>
          <Value>objectClass:351:1:55a73700-c891-46fd-8f5c-72bc827f2ef5:20160407213828.540:351</Value>
          <Value>objectGUID:351:1:55a73700-c891-46fd-8f5c-72bc827f2ef5:20160407213828.540:351</Value>
          <Value>oMSyntax:351:1:55a73700-c891-46fd-8f5c-72bc827f2ef5:20160407213828.540:351</Value>
          <Value>schemaIDGUID:351:1:55a73700-c891-46fd-8f5c-72bc827f2ef5:20160407213828.540:351</Value>
          <Value>uSNChanged:351:1:55a73700-c891-46fd-8f5c-72bc827f2ef5:20160407213828.540:351</Value>
          <Value>uSNCreated:351:1:55a73700-c891-46fd-8f5c-72bc827f2ef5:20160407213828.540:351</Value>
          <Value>vmwAttributeUsage:351:1:55a73700-c891-46fd-8f5c-72bc827f2ef5:20160407213828.540:351</Value>
        </AttributeMetadata>
      </AttributeSchemaEntry>
      <AttributeSchemaEntry>
        <Name>msCOM-ObjectId</Name>
        <AttributeMetadata>
          <Value>attributeID:1412:1:55a73700-c891-46fd-8f5c-72bc827f2ef5:20160407213830.349:1412</Value>
          <Value>attributeSyntax:1412:1:55a73700-c891-46fd-8f5c-72bc827f2ef5:20160407213830.349:1412</Value>
          <Value>cn:1412:1:55a73700-c891-46fd-8f5c-72bc827f2ef5:20160407213830.349:1412</Value>
          <Value>createTimeStamp:1412:1:55a73700-c891-46fd-8f5c-72bc827f2ef5:20160407213830.349:1412</Value>
          <Value>entryDN:1412:1:55a73700-c891-46fd-8f5c-72bc827f2ef5:20160407213830.349:1412</Value>
          <Value>isSingleValued:1412:1:55a73700-c891-46fd-8f5c-72bc827f2ef5:20160407213830.349:1412</Value>
          <Value>lDAPDisplayName:1412:1:55a73700-c891-46fd-8f5c-72bc827f2ef5:20160407213830.349:1412</Value>
          <Value>modifyTimeStamp:1412:1:55a73700-c891-46fd-8f5c-72bc827f2ef5:20160407213830.349:1412</Value>
          <Value>objectClass:1412:1:55a73700-c891-46fd-8f5c-72bc827f2ef5:20160407213830.349:1412</Value>
          <Value>objectGUID:1412:1:55a73700-c891-46fd-8f5c-72bc827f2ef5:20160407213830.349:1412</Value>
          <Value>oMSyntax:1412:1:55a73700-c891-46fd-8f5c-72bc827f2ef5:20160407213830.349:1412</Value>
          <Value>schemaIDGUID:1412:1:55a73700-c891-46fd-8f5c-72bc827f2ef5:20160407213830.349:1412</Value>
          <Value>uSNChanged:1412:1:55a73700-c891-46fd-8f5c-72bc827f2ef5:20160407213830.349:1412</Value>
          <Value>uSNCreated:1412:1:55a73700-c891-46fd-8f5c-72bc827f2ef5:20160407213830.349:1412</Value>
          <Value>vmwAttributeUsage:1412:1:55a73700-c891-46fd-8f5c-72bc827f2ef5:20160407213830.349:1412</Value>
        </AttributeMetadata>
      </AttributeSchemaEntry>
      <AttributeSchemaEntry>
        <Name>msCOM-PartitionLink</Name>
        <AttributeMetadata>
          <Value>attributeID:1363:1:55a73700-c891-46fd-8f5c-72bc827f2ef5:20160407213830.266:1363</Value>
          <Value>attributeSyntax:1363:1:55a73700-c891-46fd-8f5c-72bc827f2ef5:20160407213830.266:1363</Value>
          <Value>cn:1363:1:55a73700-c891-46fd-8f5c-72bc827f2ef5:20160407213830.266:1363</Value>
          <Value>createTimeStamp:1363:1:55a73700-c891-46fd-8f5c-72bc827f2ef5:20160407213830.266:1363</Value>
          <Value>entryDN:1363:1:55a73700-c891-46fd-8f5c-72bc827f2ef5:20160407213830.266:1363</Value>
          <Value>isSingleValued:1363:1:55a73700-c891-46fd-8f5c-72bc827f2ef5:20160407213830.266:1363</Value>
          <Value>lDAPDisplayName:1363:1:55a73700-c891-46fd-8f5c-72bc827f2ef5:20160407213830.266:1363</Value>
          <Value>modifyTimeStamp:1363:1:55a73700-c891-46fd-8f5c-72bc827f2ef5:20160407213830.266:1363</Value>
          <Value>objectClass:1363:1:55a73700-c891-46fd-8f5c-72bc827f2ef5:20160407213830.266:1363</Value>
          <Value>objectGUID:1363:1:55a73700-c891-46fd-8f5c-72bc827f2ef5:20160407213830.266:1363</Value>
          <Value>oMSyntax:1363:1:55a73700-c891-46fd-8f5c-72bc827f2ef5:20160407213830.266:1363</Value>
          <Value>schemaIDGUID:1363:1:55a73700-c891-46fd-8f5c-72bc827f2ef5:20160407213830.266:1363</Value>
          <Value>uSNChanged:1363:1:55a73700-c891-46fd-8f5c-72bc827f2ef5:20160407213830.266:1363</Value>
          <Value>uSNCreated:1363:1:55a73700-c891-46fd-8f5c-72bc827f2ef5:20160407213830.266:1363</Value>
          <Value>vmwAttributeUsage:1363:1:55a73700-c891-46fd-8f5c-72bc827f2ef5:20160407213830.266:1363</Value>
        </AttributeMetadata>
      </AttributeSchemaEntry>
      <AttributeSchemaEntry>
        <Name>msCOM-PartitionSetLink</Name>
        <AttributeMetadata>
          <Value>attributeID:1611:1:55a73700-c891-46fd-8f5c-72bc827f2ef5:20160407213830.679:1611</Value>
          <Value>attributeSyntax:1611:1:55a73700-c891-46fd-8f5c-72bc827f2ef5:20160407213830.679:1611</Value>
          <Value>cn:1611:1:55a73700-c891-46fd-8f5c-72bc827f2ef5:20160407213830.679:1611</Value>
          <Value>createTimeStamp:1611:1:55a73700-c891-46fd-8f5c-72bc827f2ef5:20160407213830.679:1611</Value>
          <Value>entryDN:1611:1:55a73700-c891-46fd-8f5c-72bc827f2ef5:20160407213830.679:1611</Value>
          <Value>isSingleValued:1611:1:55a73700-c891-46fd-8f5c-72bc827f2ef5:20160407213830.679:1611</Value>
          <Value>lDAPDisplayName:1611:1:55a73700-c891-46fd-8f5c-72bc827f2ef5:20160407213830.679:1611</Value>
          <Value>modifyTimeStamp:1611:1:55a73700-c891-46fd-8f5c-72bc827f2ef5:20160407213830.679:1611</Value>
          <Value>objectClass:1611:1:55a73700-c891-46fd-8f5c-72bc827f2ef5:20160407213830.679:1611</Value>
          <Value>objectGUID:1611:1:55a73700-c891-46fd-8f5c-72bc827f2ef5:20160407213830.679:1611</Value>
          <Value>oMSyntax:1611:1:55a73700-c891-46fd-8f5c-72bc827f2ef5:20160407213830.679:1611</Value>
          <Value>schemaIDGUID:1611:1:55a73700-c891-46fd-8f5c-72bc827f2ef5:20160407213830.679:1611</Value>
          <Value>uSNChanged:1611:1:55a73700-c891-46fd-8f5c-72bc827f2ef5:20160407213830.679:1611</Value>
          <Value>uSNCreated:1611:1:55a73700-c891-46fd-8f5c-72bc827f2ef5:20160407213830.679:1611</Value>
          <Value>vmwAttributeUsage:1611:1:55a73700-c891-46fd-8f5c-72bc827f2ef5:20160407213830.679:1611</Value>
        </AttributeMetadata>
      </AttributeSchemaEntry>
      <AttributeSchemaEntry>
        <Name>msCOM-UserLink</Name>
        <AttributeMetadata>
          <Value>attributeID:1232:1:55a73700-c891-46fd-8f5c-72bc827f2ef5:20160407213830.053:1232</Value>
          <Value>attributeSyntax:1232:1:55a73700-c891-46fd-8f5c-72bc827f2ef5:20160407213830.053:1232</Value>
          <Value>cn:1232:1:55a73700-c891-46fd-8f5c-72bc827f2ef5:20160407213830.053:1232</Value>
          <Value>createTimeStamp:1232:1:55a73700-c891-46fd-8f5c-72bc827f2ef5:20160407213830.053:1232</Value>
          <Value>entryDN:1232:1:55a73700-c891-46fd-8f5c-72bc827f2ef5:20160407213830.053:1232</Value>
          <Value>isSingleValued:1232:1:55a73700-c891-46fd-8f5c-72bc827f2ef5:20160407213830.053:1232</Value>
          <Value>lDAPDisplayName:1232:1:55a73700-c891-46fd-8f5c-72bc827f2ef5:20160407213830.053:1232</Value>
          <Value>modifyTimeStamp:1232:1:55a73700-c891-46fd-8f5c-72bc827f2ef5:20160407213830.053:1232</Value>
          <Value>objectClass:1232:1:55a73700-c891-46fd-8f5c-72bc827f2ef5:20160407213830.053:1232</Value>
          <Value>objectGUID:1232:1:55a73700-c891-46fd-8f5c-72bc827f2ef5:20160407213830.053:1232</Value>
          <Value>oMSyntax:1232:1:55a73700-c891-46fd-8f5c-72bc827f2ef5:20160407213830.053:1232</Value>
          <Value>schemaIDGUID:1232:1:55a73700-c891-46fd-8f5c-72bc827f2ef5:20160407213830.053:1232</Value>
          <Value>uSNChanged:1232:1:55a73700-c891-46fd-8f5c-72bc827f2ef5:20160407213830.053:1232</Value>
          <Value>uSNCreated:1232:1:55a73700-c891-46fd-8f5c-72bc827f2ef5:20160407213830.053:1232</Value>
          <Value>vmwAttributeUsage:1232:1:55a73700-c891-46fd-8f5c-72bc827f2ef5:20160407213830.053:1232</Value>
        </AttributeMetadata>
      </AttributeSchemaEntry>
      <AttributeSchemaEntry>
        <Name>msCOM-UserPartitionSetLink</Name>
        <AttributeMetadata>
          <Value>attributeID:402:1:55a73700-c891-46fd-8f5c-72bc827f2ef5:20160407213828.622:402</Value>
          <Value>attributeSyntax:402:1:55a73700-c891-46fd-8f5c-72bc827f2ef5:20160407213828.622:402</Value>
          <Value>cn:402:1:55a73700-c891-46fd-8f5c-72bc827f2ef5:20160407213828.622:402</Value>
          <Value>createTimeStamp:402:1:55a73700-c891-46fd-8f5c-72bc827f2ef5:20160407213828.622:402</Value>
          <Value>entryDN:402:1:55a73700-c891-46fd-8f5c-72bc827f2ef5:20160407213828.622:402</Value>
          <Value>isSingleValued:402:1:55a73700-c891-46fd-8f5c-72bc827f2ef5:20160407213828.622:402</Value>
          <Value>lDAPDisplayName:402:1:55a73700-c891-46fd-8f5c-72bc827f2ef5:20160407213828.622:402</Value>
          <Value>modifyTimeStamp:402:1:55a73700-c891-46fd-8f5c-72bc827f2ef5:20160407213828.622:402</Value>
          <Value>objectClass:402:1:55a73700-c891-46fd-8f5c-72bc827f2ef5:20160407213828.622:402</Value>
          <Value>objectGUID:402:1:55a73700-c891-46fd-8f5c-72bc827f2ef5:20160407213828.622:402</Value>
          <Value>oMSyntax:402:1:55a73700-c891-46fd-8f5c-72bc827f2ef5:20160407213828.622:402</Value>
          <Value>schemaIDGUID:402:1:55a73700-c891-46fd-8f5c-72bc827f2ef5:20160407213828.622:402</Value>
          <Value>uSNChanged:402:1:55a73700-c891-46fd-8f5c-72bc827f2ef5:20160407213828.622:402</Value>
          <Value>uSNCreated:402:1:55a73700-c891-46fd-8f5c-72bc827f2ef5:20160407213828.622:402</Value>
          <Value>vmwAttributeUsage:402:1:55a73700-c891-46fd-8f5c-72bc827f2ef5:20160407213828.622:402</Value>
        </AttributeMetadata>
      </AttributeSchemaEntry>
      <AttributeSchemaEntry>
        <Name>mscopeId</Name>
        <AttributeMetadata>
          <Value>attributeID:1640:1:55a73700-c891-46fd-8f5c-72bc827f2ef5:20160407213830.732:1640</Value>
          <Value>attributeSyntax:1640:1:55a73700-c891-46fd-8f5c-72bc827f2ef5:20160407213830.732:1640</Value>
          <Value>cn:1640:1:55a73700-c891-46fd-8f5c-72bc827f2ef5:20160407213830.732:1640</Value>
          <Value>createTimeStamp:1640:1:55a73700-c891-46fd-8f5c-72bc827f2ef5:20160407213830.732:1640</Value>
          <Value>entryDN:1640:1:55a73700-c891-46fd-8f5c-72bc827f2ef5:20160407213830.732:1640</Value>
          <Value>isSingleValued:1640:1:55a73700-c891-46fd-8f5c-72bc827f2ef5:20160407213830.732:1640</Value>
          <Value>lDAPDisplayName:1640:1:55a73700-c891-46fd-8f5c-72bc827f2ef5:20160407213830.732:1640</Value>
          <Value>modifyTimeStamp:1640:1:55a73700-c891-46fd-8f5c-72bc827f2ef5:20160407213830.732:1640</Value>
          <Value>objectClass:1640:1:55a73700-c891-46fd-8f5c-72bc827f2ef5:20160407213830.732:1640</Value>
          <Value>objectGUID:1640:1:55a73700-c891-46fd-8f5c-72bc827f2ef5:20160407213830.732:1640</Value>
          <Value>oMSyntax:1640:1:55a73700-c891-46fd-8f5c-72bc827f2ef5:20160407213830.732:1640</Value>
          <Value>schemaIDGUID:1640:1:55a73700-c891-46fd-8f5c-72bc827f2ef5:20160407213830.732:1640</Value>
          <Value>uSNChanged:1640:1:55a73700-c891-46fd-8f5c-72bc827f2ef5:20160407213830.732:1640</Value>
          <Value>uSNCreated:1640:1:55a73700-c891-46fd-8f5c-72bc827f2ef5:20160407213830.732:1640</Value>
          <Value>vmwAttributeUsage:1640:1:55a73700-c891-46fd-8f5c-72bc827f2ef5:20160407213830.732:1640</Value>
        </AttributeMetadata>
      </AttributeSchemaEntry>
      <AttributeSchemaEntry>
        <Name>msDFS-Commentv2</Name>
        <AttributeMetadata>
          <Value>attributeID:777:1:55a73700-c891-46fd-8f5c-72bc827f2ef5:20160407213829.248:777</Value>
          <Value>attributeSyntax:777:1:55a73700-c891-46fd-8f5c-72bc827f2ef5:20160407213829.248:777</Value>
          <Value>cn:777:1:55a73700-c891-46fd-8f5c-72bc827f2ef5:20160407213829.248:777</Value>
          <Value>createTimeStamp:777:1:55a73700-c891-46fd-8f5c-72bc827f2ef5:20160407213829.248:777</Value>
          <Value>entryDN:777:1:55a73700-c891-46fd-8f5c-72bc827f2ef5:20160407213829.248:777</Value>
          <Value>isSingleValued:777:1:55a73700-c891-46fd-8f5c-72bc827f2ef5:20160407213829.248:777</Value>
          <Value>lDAPDisplayName:777:1:55a73700-c891-46fd-8f5c-72bc827f2ef5:20160407213829.248:777</Value>
          <Value>modifyTimeStamp:777:1:55a73700-c891-46fd-8f5c-72bc827f2ef5:20160407213829.248:777</Value>
          <Value>objectClass:777:1:55a73700-c891-46fd-8f5c-72bc827f2ef5:20160407213829.248:777</Value>
          <Value>objectGUID:777:1:55a73700-c891-46fd-8f5c-72bc827f2ef5:20160407213829.248:777</Value>
          <Value>oMSyntax:777:1:55a73700-c891-46fd-8f5c-72bc827f2ef5:20160407213829.248:777</Value>
          <Value>schemaIDGUID:777:1:55a73700-c891-46fd-8f5c-72bc827f2ef5:20160407213829.248:777</Value>
          <Value>uSNChanged:777:1:55a73700-c891-46fd-8f5c-72bc827f2ef5:20160407213829.248:777</Value>
          <Value>uSNCreated:777:1:55a73700-c891-46fd-8f5c-72bc827f2ef5:20160407213829.248:777</Value>
          <Value>vmwAttributeUsage:777:1:55a73700-c891-46fd-8f5c-72bc827f2ef5:20160407213829.248:777</Value>
        </AttributeMetadata>
      </AttributeSchemaEntry>
      <AttributeSchemaEntry>
        <Name>msDFS-GenerationGUIDv2</Name>
        <AttributeMetadata>
          <Value>attributeID:1729:1:55a73700-c891-46fd-8f5c-72bc827f2ef5:20160407213830.884:1729</Value>
          <Value>attributeSyntax:1729:1:55a73700-c891-46fd-8f5c-72bc827f2ef5:20160407213830.884:1729</Value>
          <Value>cn:1729:1:55a73700-c891-46fd-8f5c-72bc827f2ef5:20160407213830.884:1729</Value>
          <Value>createTimeStamp:1729:1:55a73700-c891-46fd-8f5c-72bc827f2ef5:20160407213830.884:1729</Value>
          <Value>entryDN:1729:1:55a73700-c891-46fd-8f5c-72bc827f2ef5:20160407213830.884:1729</Value>
          <Value>isSingleValued:1729:1:55a73700-c891-46fd-8f5c-72bc827f2ef5:20160407213830.884:1729</Value>
          <Value>lDAPDisplayName:1729:1:55a73700-c891-46fd-8f5c-72bc827f2ef5:20160407213830.884:1729</Value>
          <Value>modifyTimeStamp:1729:1:55a73700-c891-46fd-8f5c-72bc827f2ef5:20160407213830.884:1729</Value>
          <Value>objectClass:1729:1:55a73700-c891-46fd-8f5c-72bc827f2ef5:20160407213830.884:1729</Value>
          <Value>objectGUID:1729:1:55a73700-c891-46fd-8f5c-72bc827f2ef5:20160407213830.884:1729</Value>
          <Value>oMSyntax:1729:1:55a73700-c891-46fd-8f5c-72bc827f2ef5:20160407213830.884:1729</Value>
          <Value>schemaIDGUID:1729:1:55a73700-c891-46fd-8f5c-72bc827f2ef5:20160407213830.884:1729</Value>
          <Value>uSNChanged:1729:1:55a73700-c891-46fd-8f5c-72bc827f2ef5:20160407213830.884:1729</Value>
          <Value>uSNCreated:1729:1:55a73700-c891-46fd-8f5c-72bc827f2ef5:20160407213830.884:1729</Value>
          <Value>vmwAttributeUsage:1729:1:55a73700-c891-46fd-8f5c-72bc827f2ef5:20160407213830.884:1729</Value>
        </AttributeMetadata>
      </AttributeSchemaEntry>
      <AttributeSchemaEntry>
        <Name>msDFS-LastModifiedv2</Name>
        <AttributeMetadata>
          <Value>attributeID:219:1:55a73700-c891-46fd-8f5c-72bc827f2ef5:20160407213828.350:219</Value>
          <Value>attributeSyntax:219:1:55a73700-c891-46fd-8f5c-72bc827f2ef5:20160407213828.350:219</Value>
          <Value>cn:219:1:55a73700-c891-46fd-8f5c-72bc827f2ef5:20160407213828.350:219</Value>
          <Value>createTimeStamp:219:1:55a73700-c891-46fd-8f5c-72bc827f2ef5:20160407213828.350:219</Value>
          <Value>entryDN:219:1:55a73700-c891-46fd-8f5c-72bc827f2ef5:20160407213828.350:219</Value>
          <Value>isSingleValued:219:1:55a73700-c891-46fd-8f5c-72bc827f2ef5:20160407213828.350:219</Value>
          <Value>lDAPDisplayName:219:1:55a73700-c891-46fd-8f5c-72bc827f2ef5:20160407213828.350:219</Value>
          <Value>modifyTimeStamp:219:1:55a73700-c891-46fd-8f5c-72bc827f2ef5:20160407213828.350:219</Value>
          <Value>objectClass:219:1:55a73700-c891-46fd-8f5c-72bc827f2ef5:20160407213828.350:219</Value>
          <Value>objectGUID:219:1:55a73700-c891-46fd-8f5c-72bc827f2ef5:20160407213828.350:219</Value>
          <Value>oMSyntax:219:1:55a73700-c891-46fd-8f5c-72bc827f2ef5:20160407213828.350:219</Value>
          <Value>schemaIDGUID:219:1:55a73700-c891-46fd-8f5c-72bc827f2ef5:20160407213828.350:219</Value>
          <Value>uSNChanged:219:1:55a73700-c891-46fd-8f5c-72bc827f2ef5:20160407213828.350:219</Value>
          <Value>uSNCreated:219:1:55a73700-c891-46fd-8f5c-72bc827f2ef5:20160407213828.350:219</Value>
          <Value>vmwAttributeUsage:219:1:55a73700-c891-46fd-8f5c-72bc827f2ef5:20160407213828.350:219</Value>
        </AttributeMetadata>
      </AttributeSchemaEntry>
      <AttributeSchemaEntry>
        <Name>msDFS-LinkIdentityGUIDv2</Name>
        <AttributeMetadata>
          <Value>attributeID:880:1:55a73700-c891-46fd-8f5c-72bc827f2ef5:20160407213829.439:880</Value>
          <Value>attributeSyntax:880:1:55a73700-c891-46fd-8f5c-72bc827f2ef5:20160407213829.439:880</Value>
          <Value>cn:880:1:55a73700-c891-46fd-8f5c-72bc827f2ef5:20160407213829.439:880</Value>
          <Value>createTimeStamp:880:1:55a73700-c891-46fd-8f5c-72bc827f2ef5:20160407213829.439:880</Value>
          <Value>entryDN:880:1:55a73700-c891-46fd-8f5c-72bc827f2ef5:20160407213829.439:880</Value>
          <Value>isSingleValued:880:1:55a73700-c891-46fd-8f5c-72bc827f2ef5:20160407213829.439:880</Value>
          <Value>lDAPDisplayName:880:1:55a73700-c891-46fd-8f5c-72bc827f2ef5:20160407213829.439:880</Value>
          <Value>modifyTimeStamp:880:1:55a73700-c891-46fd-8f5c-72bc827f2ef5:20160407213829.439:880</Value>
          <Value>objectClass:880:1:55a73700-c891-46fd-8f5c-72bc827f2ef5:20160407213829.439:880</Value>
          <Value>objectGUID:880:1:55a73700-c891-46fd-8f5c-72bc827f2ef5:20160407213829.439:880</Value>
          <Value>oMSyntax:880:1:55a73700-c891-46fd-8f5c-72bc827f2ef5:20160407213829.439:880</Value>
          <Value>schemaIDGUID:880:1:55a73700-c891-46fd-8f5c-72bc827f2ef5:20160407213829.439:880</Value>
          <Value>uSNChanged:880:1:55a73700-c891-46fd-8f5c-72bc827f2ef5:20160407213829.439:880</Value>
          <Value>uSNCreated:880:1:55a73700-c891-46fd-8f5c-72bc827f2ef5:20160407213829.439:880</Value>
          <Value>vmwAttributeUsage:880:1:55a73700-c891-46fd-8f5c-72bc827f2ef5:20160407213829.439:880</Value>
        </AttributeMetadata>
      </AttributeSchemaEntry>
      <AttributeSchemaEntry>
        <Name>msDFS-LinkPathv2</Name>
        <AttributeMetadata>
          <Value>attributeID:1727:1:55a73700-c891-46fd-8f5c-72bc827f2ef5:20160407213830.882:1727</Value>
          <Value>attributeSyntax:1727:1:55a73700-c891-46fd-8f5c-72bc827f2ef5:20160407213830.882:1727</Value>
          <Value>cn:1727:1:55a73700-c891-46fd-8f5c-72bc827f2ef5:20160407213830.882:1727</Value>
          <Value>createTimeStamp:1727:1:55a73700-c891-46fd-8f5c-72bc827f2ef5:20160407213830.882:1727</Value>
          <Value>entryDN:1727:1:55a73700-c891-46fd-8f5c-72bc827f2ef5:20160407213830.882:1727</Value>
          <Value>isSingleValued:1727:1:55a73700-c891-46fd-8f5c-72bc827f2ef5:20160407213830.882:1727</Value>
          <Value>lDAPDisplayName:1727:1:55a73700-c891-46fd-8f5c-72bc827f2ef5:20160407213830.882:1727</Value>
          <Value>modifyTimeStamp:1727:1:55a73700-c891-46fd-8f5c-72bc827f2ef5:20160407213830.882:1727</Value>
          <Value>objectClass:1727:1:55a73700-c891-46fd-8f5c-72bc827f2ef5:20160407213830.882:1727</Value>
          <Value>objectGUID:1727:1:55a73700-c891-46fd-8f5c-72bc827f2ef5:20160407213830.882:1727</Value>
          <Value>oMSyntax:1727:1:55a73700-c891-46fd-8f5c-72bc827f2ef5:20160407213830.882:1727</Value>
          <Value>schemaIDGUID:1727:1:55a73700-c891-46fd-8f5c-72bc827f2ef5:20160407213830.882:1727</Value>
          <Value>uSNChanged:1727:1:55a73700-c891-46fd-8f5c-72bc827f2ef5:20160407213830.882:1727</Value>
          <Value>uSNCreated:1727:1:55a73700-c891-46fd-8f5c-72bc827f2ef5:20160407213830.882:1727</Value>
          <Value>vmwAttributeUsage:1727:1:55a73700-c891-46fd-8f5c-72bc827f2ef5:20160407213830.882:1727</Value>
        </AttributeMetadata>
      </AttributeSchemaEntry>
      <AttributeSchemaEntry>
        <Name>msDFS-LinkSecurityDescriptorv2</Name>
        <AttributeMetadata>
          <Value>attributeID:1353:1:55a73700-c891-46fd-8f5c-72bc827f2ef5:20160407213830.245:1353</Value>
          <Value>attributeSyntax:1353:1:55a73700-c891-46fd-8f5c-72bc827f2ef5:20160407213830.245:1353</Value>
          <Value>cn:1353:1:55a73700-c891-46fd-8f5c-72bc827f2ef5:20160407213830.245:1353</Value>
          <Value>createTimeStamp:1353:1:55a73700-c891-46fd-8f5c-72bc827f2ef5:20160407213830.245:1353</Value>
          <Value>entryDN:1353:1:55a73700-c891-46fd-8f5c-72bc827f2ef5:20160407213830.245:1353</Value>
          <Value>isSingleValued:1353:1:55a73700-c891-46fd-8f5c-72bc827f2ef5:20160407213830.245:1353</Value>
          <Value>lDAPDisplayName:1353:1:55a73700-c891-46fd-8f5c-72bc827f2ef5:20160407213830.245:1353</Value>
          <Value>modifyTimeStamp:1353:1:55a73700-c891-46fd-8f5c-72bc827f2ef5:20160407213830.245:1353</Value>
          <Value>objectClass:1353:1:55a73700-c891-46fd-8f5c-72bc827f2ef5:20160407213830.245:1353</Value>
          <Value>objectGUID:1353:1:55a73700-c891-46fd-8f5c-72bc827f2ef5:20160407213830.245:1353</Value>
          <Value>oMSyntax:1353:1:55a73700-c891-46fd-8f5c-72bc827f2ef5:20160407213830.245:1353</Value>
          <Value>schemaIDGUID:1353:1:55a73700-c891-46fd-8f5c-72bc827f2ef5:20160407213830.245:1353</Value>
          <Value>uSNChanged:1353:1:55a73700-c891-46fd-8f5c-72bc827f2ef5:20160407213830.245:1353</Value>
          <Value>uSNCreated:1353:1:55a73700-c891-46fd-8f5c-72bc827f2ef5:20160407213830.245:1353</Value>
          <Value>vmwAttributeUsage:1353:1:55a73700-c891-46fd-8f5c-72bc827f2ef5:20160407213830.245:1353</Value>
        </AttributeMetadata>
      </AttributeSchemaEntry>
      <AttributeSchemaEntry>
        <Name>msDFS-NamespaceIdentityGUIDv2</Name>
        <AttributeMetadata>
          <Value>attributeID:598:1:55a73700-c891-46fd-8f5c-72bc827f2ef5:20160407213828.943:598</Value>
          <Value>attributeSyntax:598:1:55a73700-c891-46fd-8f5c-72bc827f2ef5:20160407213828.943:598</Value>
          <Value>cn:598:1:55a73700-c891-46fd-8f5c-72bc827f2ef5:20160407213828.943:598</Value>
          <Value>createTimeStamp:598:1:55a73700-c891-46fd-8f5c-72bc827f2ef5:20160407213828.943:598</Value>
          <Value>entryDN:598:1:55a73700-c891-46fd-8f5c-72bc827f2ef5:20160407213828.943:598</Value>
          <Value>isSingleValued:598:1:55a73700-c891-46fd-8f5c-72bc827f2ef5:20160407213828.943:598</Value>
          <Value>lDAPDisplayName:598:1:55a73700-c891-46fd-8f5c-72bc827f2ef5:20160407213828.943:598</Value>
          <Value>modifyTimeStamp:598:1:55a73700-c891-46fd-8f5c-72bc827f2ef5:20160407213828.943:598</Value>
          <Value>objectClass:598:1:55a73700-c891-46fd-8f5c-72bc827f2ef5:20160407213828.943:598</Value>
          <Value>objectGUID:598:1:55a73700-c891-46fd-8f5c-72bc827f2ef5:20160407213828.943:598</Value>
          <Value>oMSyntax:598:1:55a73700-c891-46fd-8f5c-72bc827f2ef5:20160407213828.943:598</Value>
          <Value>schemaIDGUID:598:1:55a73700-c891-46fd-8f5c-72bc827f2ef5:20160407213828.943:598</Value>
          <Value>uSNChanged:598:1:55a73700-c891-46fd-8f5c-72bc827f2ef5:20160407213828.943:598</Value>
          <Value>uSNCreated:598:1:55a73700-c891-46fd-8f5c-72bc827f2ef5:20160407213828.943:598</Value>
          <Value>vmwAttributeUsage:598:1:55a73700-c891-46fd-8f5c-72bc827f2ef5:20160407213828.943:598</Value>
        </AttributeMetadata>
      </AttributeSchemaEntry>
      <AttributeSchemaEntry>
        <Name>msDFS-Propertiesv2</Name>
        <AttributeMetadata>
          <Value>attributeID:273:1:55a73700-c891-46fd-8f5c-72bc827f2ef5:20160407213828.422:273</Value>
          <Value>attributeSyntax:273:1:55a73700-c891-46fd-8f5c-72bc827f2ef5:20160407213828.422:273</Value>
          <Value>cn:273:1:55a73700-c891-46fd-8f5c-72bc827f2ef5:20160407213828.422:273</Value>
          <Value>createTimeStamp:273:1:55a73700-c891-46fd-8f5c-72bc827f2ef5:20160407213828.422:273</Value>
          <Value>entryDN:273:1:55a73700-c891-46fd-8f5c-72bc827f2ef5:20160407213828.422:273</Value>
          <Value>isSingleValued:273:1:55a73700-c891-46fd-8f5c-72bc827f2ef5:20160407213828.422:273</Value>
          <Value>lDAPDisplayName:273:1:55a73700-c891-46fd-8f5c-72bc827f2ef5:20160407213828.422:273</Value>
          <Value>modifyTimeStamp:273:1:55a73700-c891-46fd-8f5c-72bc827f2ef5:20160407213828.422:273</Value>
          <Value>objectClass:273:1:55a73700-c891-46fd-8f5c-72bc827f2ef5:20160407213828.422:273</Value>
          <Value>objectGUID:273:1:55a73700-c891-46fd-8f5c-72bc827f2ef5:20160407213828.422:273</Value>
          <Value>oMSyntax:273:1:55a73700-c891-46fd-8f5c-72bc827f2ef5:20160407213828.422:273</Value>
          <Value>schemaIDGUID:273:1:55a73700-c891-46fd-8f5c-72bc827f2ef5:20160407213828.422:273</Value>
          <Value>uSNChanged:273:1:55a73700-c891-46fd-8f5c-72bc827f2ef5:20160407213828.422:273</Value>
          <Value>uSNCreated:273:1:55a73700-c891-46fd-8f5c-72bc827f2ef5:20160407213828.422:273</Value>
          <Value>vmwAttributeUsage:273:1:55a73700-c891-46fd-8f5c-72bc827f2ef5:20160407213828.422:273</Value>
        </AttributeMetadata>
      </AttributeSchemaEntry>
      <AttributeSchemaEntry>
        <Name>msDFSR-CachePolicy</Name>
        <AttributeMetadata>
          <Value>attributeID:938:1:55a73700-c891-46fd-8f5c-72bc827f2ef5:20160407213829.531:938</Value>
          <Value>attributeSyntax:938:1:55a73700-c891-46fd-8f5c-72bc827f2ef5:20160407213829.531:938</Value>
          <Value>cn:938:1:55a73700-c891-46fd-8f5c-72bc827f2ef5:20160407213829.531:938</Value>
          <Value>createTimeStamp:938:1:55a73700-c891-46fd-8f5c-72bc827f2ef5:20160407213829.531:938</Value>
          <Value>entryDN:938:1:55a73700-c891-46fd-8f5c-72bc827f2ef5:20160407213829.531:938</Value>
          <Value>isSingleValued:938:1:55a73700-c891-46fd-8f5c-72bc827f2ef5:20160407213829.531:938</Value>
          <Value>lDAPDisplayName:938:1:55a73700-c891-46fd-8f5c-72bc827f2ef5:20160407213829.531:938</Value>
          <Value>modifyTimeStamp:938:1:55a73700-c891-46fd-8f5c-72bc827f2ef5:20160407213829.531:938</Value>
          <Value>objectClass:938:1:55a73700-c891-46fd-8f5c-72bc827f2ef5:20160407213829.531:938</Value>
          <Value>objectGUID:938:1:55a73700-c891-46fd-8f5c-72bc827f2ef5:20160407213829.531:938</Value>
          <Value>oMSyntax:938:1:55a73700-c891-46fd-8f5c-72bc827f2ef5:20160407213829.531:938</Value>
          <Value>schemaIDGUID:938:1:55a73700-c891-46fd-8f5c-72bc827f2ef5:20160407213829.531:938</Value>
          <Value>uSNChanged:938:1:55a73700-c891-46fd-8f5c-72bc827f2ef5:20160407213829.531:938</Value>
          <Value>uSNCreated:938:1:55a73700-c891-46fd-8f5c-72bc827f2ef5:20160407213829.531:938</Value>
          <Value>vmwAttributeUsage:938:1:55a73700-c891-46fd-8f5c-72bc827f2ef5:20160407213829.531:938</Value>
        </AttributeMetadata>
      </AttributeSchemaEntry>
      <AttributeSchemaEntry>
        <Name>msDFSR-CommonStagingPath</Name>
        <AttributeMetadata>
          <Value>attributeID:628:1:55a73700-c891-46fd-8f5c-72bc827f2ef5:20160407213828.999:628</Value>
          <Value>attributeSyntax:628:1:55a73700-c891-46fd-8f5c-72bc827f2ef5:20160407213828.999:628</Value>
          <Value>cn:628:1:55a73700-c891-46fd-8f5c-72bc827f2ef5:20160407213828.999:628</Value>
          <Value>createTimeStamp:628:1:55a73700-c891-46fd-8f5c-72bc827f2ef5:20160407213828.999:628</Value>
          <Value>entryDN:628:1:55a73700-c891-46fd-8f5c-72bc827f2ef5:20160407213828.999:628</Value>
          <Value>isSingleValued:628:1:55a73700-c891-46fd-8f5c-72bc827f2ef5:20160407213828.999:628</Value>
          <Value>lDAPDisplayName:628:1:55a73700-c891-46fd-8f5c-72bc827f2ef5:20160407213828.999:628</Value>
          <Value>modifyTimeStamp:628:1:55a73700-c891-46fd-8f5c-72bc827f2ef5:20160407213828.999:628</Value>
          <Value>objectClass:628:1:55a73700-c891-46fd-8f5c-72bc827f2ef5:20160407213828.999:628</Value>
          <Value>objectGUID:628:1:55a73700-c891-46fd-8f5c-72bc827f2ef5:20160407213828.999:628</Value>
          <Value>oMSyntax:628:1:55a73700-c891-46fd-8f5c-72bc827f2ef5:20160407213828.999:628</Value>
          <Value>schemaIDGUID:628:1:55a73700-c891-46fd-8f5c-72bc827f2ef5:20160407213828.999:628</Value>
          <Value>uSNChanged:628:1:55a73700-c891-46fd-8f5c-72bc827f2ef5:20160407213828.999:628</Value>
          <Value>uSNCreated:628:1:55a73700-c891-46fd-8f5c-72bc827f2ef5:20160407213828.999:628</Value>
          <Value>vmwAttributeUsage:628:1:55a73700-c891-46fd-8f5c-72bc827f2ef5:20160407213828.999:628</Value>
        </AttributeMetadata>
      </AttributeSchemaEntry>
      <AttributeSchemaEntry>
        <Name>msDFSR-CommonStagingSizeInMb</Name>
        <AttributeMetadata>
          <Value>attributeID:397:1:55a73700-c891-46fd-8f5c-72bc827f2ef5:20160407213828.617:397</Value>
          <Value>attributeSyntax:397:1:55a73700-c891-46fd-8f5c-72bc827f2ef5:20160407213828.617:397</Value>
          <Value>cn:397:1:55a73700-c891-46fd-8f5c-72bc827f2ef5:20160407213828.617:397</Value>
          <Value>createTimeStamp:397:1:55a73700-c891-46fd-8f5c-72bc827f2ef5:20160407213828.617:397</Value>
          <Value>entryDN:397:1:55a73700-c891-46fd-8f5c-72bc827f2ef5:20160407213828.617:397</Value>
          <Value>isSingleValued:397:1:55a73700-c891-46fd-8f5c-72bc827f2ef5:20160407213828.617:397</Value>
          <Value>lDAPDisplayName:397:1:55a73700-c891-46fd-8f5c-72bc827f2ef5:20160407213828.617:397</Value>
          <Value>modifyTimeStamp:397:1:55a73700-c891-46fd-8f5c-72bc827f2ef5:20160407213828.617:397</Value>
          <Value>objectClass:397:1:55a73700-c891-46fd-8f5c-72bc827f2ef5:20160407213828.617:397</Value>
          <Value>objectGUID:397:1:55a73700-c891-46fd-8f5c-72bc827f2ef5:20160407213828.617:397</Value>
          <Value>oMSyntax:397:1:55a73700-c891-46fd-8f5c-72bc827f2ef5:20160407213828.617:397</Value>
          <Value>schemaIDGUID:397:1:55a73700-c891-46fd-8f5c-72bc827f2ef5:20160407213828.617:397</Value>
          <Value>uSNChanged:397:1:55a73700-c891-46fd-8f5c-72bc827f2ef5:20160407213828.617:397</Value>
          <Value>uSNCreated:397:1:55a73700-c891-46fd-8f5c-72bc827f2ef5:20160407213828.617:397</Value>
          <Value>vmwAttributeUsage:397:1:55a73700-c891-46fd-8f5c-72bc827f2ef5:20160407213828.617:397</Value>
        </AttributeMetadata>
      </AttributeSchemaEntry>
      <AttributeSchemaEntry>
        <Name>msDFSR-ComputerReference</Name>
        <AttributeMetadata>
          <Value>attributeID:224:1:55a73700-c891-46fd-8f5c-72bc827f2ef5:20160407213828.355:224</Value>
          <Value>attributeSyntax:224:1:55a73700-c891-46fd-8f5c-72bc827f2ef5:20160407213828.355:224</Value>
          <Value>cn:224:1:55a73700-c891-46fd-8f5c-72bc827f2ef5:20160407213828.355:224</Value>
          <Value>createTimeStamp:224:1:55a73700-c891-46fd-8f5c-72bc827f2ef5:20160407213828.355:224</Value>
          <Value>entryDN:224:1:55a73700-c891-46fd-8f5c-72bc827f2ef5:20160407213828.355:224</Value>
          <Value>isSingleValued:224:1:55a73700-c891-46fd-8f5c-72bc827f2ef5:20160407213828.355:224</Value>
          <Value>lDAPDisplayName:224:1:55a73700-c891-46fd-8f5c-72bc827f2ef5:20160407213828.355:224</Value>
          <Value>modifyTimeStamp:224:1:55a73700-c891-46fd-8f5c-72bc827f2ef5:20160407213828.355:224</Value>
          <Value>objectClass:224:1:55a73700-c891-46fd-8f5c-72bc827f2ef5:20160407213828.355:224</Value>
          <Value>objectGUID:224:1:55a73700-c891-46fd-8f5c-72bc827f2ef5:20160407213828.355:224</Value>
          <Value>oMSyntax:224:1:55a73700-c891-46fd-8f5c-72bc827f2ef5:20160407213828.355:224</Value>
          <Value>schemaIDGUID:224:1:55a73700-c891-46fd-8f5c-72bc827f2ef5:20160407213828.355:224</Value>
          <Value>uSNChanged:224:1:55a73700-c891-46fd-8f5c-72bc827f2ef5:20160407213828.355:224</Value>
          <Value>uSNCreated:224:1:55a73700-c891-46fd-8f5c-72bc827f2ef5:20160407213828.355:224</Value>
          <Value>vmwAttributeUsage:224:1:55a73700-c891-46fd-8f5c-72bc827f2ef5:20160407213828.355:224</Value>
        </AttributeMetadata>
      </AttributeSchemaEntry>
      <AttributeSchemaEntry>
        <Name>msDFSR-ComputerReferenceBL</Name>
        <AttributeMetadata>
          <Value>attributeID:590:1:55a73700-c891-46fd-8f5c-72bc827f2ef5:20160407213828.931:590</Value>
          <Value>attributeSyntax:590:1:55a73700-c891-46fd-8f5c-72bc827f2ef5:20160407213828.931:590</Value>
          <Value>cn:590:1:55a73700-c891-46fd-8f5c-72bc827f2ef5:20160407213828.931:590</Value>
          <Value>createTimeStamp:590:1:55a73700-c891-46fd-8f5c-72bc827f2ef5:20160407213828.931:590</Value>
          <Value>entryDN:590:1:55a73700-c891-46fd-8f5c-72bc827f2ef5:20160407213828.931:590</Value>
          <Value>isSingleValued:590:1:55a73700-c891-46fd-8f5c-72bc827f2ef5:20160407213828.931:590</Value>
          <Value>lDAPDisplayName:590:1:55a73700-c891-46fd-8f5c-72bc827f2ef5:20160407213828.931:590</Value>
          <Value>modifyTimeStamp:590:1:55a73700-c891-46fd-8f5c-72bc827f2ef5:20160407213828.931:590</Value>
          <Value>objectClass:590:1:55a73700-c891-46fd-8f5c-72bc827f2ef5:20160407213828.931:590</Value>
          <Value>objectGUID:590:1:55a73700-c891-46fd-8f5c-72bc827f2ef5:20160407213828.931:590</Value>
          <Value>oMSyntax:590:1:55a73700-c891-46fd-8f5c-72bc827f2ef5:20160407213828.931:590</Value>
          <Value>schemaIDGUID:590:1:55a73700-c891-46fd-8f5c-72bc827f2ef5:20160407213828.931:590</Value>
          <Value>uSNChanged:590:1:55a73700-c891-46fd-8f5c-72bc827f2ef5:20160407213828.931:590</Value>
          <Value>uSNCreated:590:1:55a73700-c891-46fd-8f5c-72bc827f2ef5:20160407213828.931:590</Value>
          <Value>vmwAttributeUsage:590:1:55a73700-c891-46fd-8f5c-72bc827f2ef5:20160407213828.931:590</Value>
        </AttributeMetadata>
      </AttributeSchemaEntry>
      <AttributeSchemaEntry>
        <Name>msDFSR-ConflictPath</Name>
        <AttributeMetadata>
          <Value>attributeID:1369:1:55a73700-c891-46fd-8f5c-72bc827f2ef5:20160407213830.273:1369</Value>
          <Value>attributeSyntax:1369:1:55a73700-c891-46fd-8f5c-72bc827f2ef5:20160407213830.273:1369</Value>
          <Value>cn:1369:1:55a73700-c891-46fd-8f5c-72bc827f2ef5:20160407213830.273:1369</Value>
          <Value>createTimeStamp:1369:1:55a73700-c891-46fd-8f5c-72bc827f2ef5:20160407213830.273:1369</Value>
          <Value>entryDN:1369:1:55a73700-c891-46fd-8f5c-72bc827f2ef5:20160407213830.273:1369</Value>
          <Value>isSingleValued:1369:1:55a73700-c891-46fd-8f5c-72bc827f2ef5:20160407213830.273:1369</Value>
          <Value>lDAPDisplayName:1369:1:55a73700-c891-46fd-8f5c-72bc827f2ef5:20160407213830.273:1369</Value>
          <Value>modifyTimeStamp:1369:1:55a73700-c891-46fd-8f5c-72bc827f2ef5:20160407213830.273:1369</Value>
          <Value>objectClass:1369:1:55a73700-c891-46fd-8f5c-72bc827f2ef5:20160407213830.273:1369</Value>
          <Value>objectGUID:1369:1:55a73700-c891-46fd-8f5c-72bc827f2ef5:20160407213830.273:1369</Value>
          <Value>oMSyntax:1369:1:55a73700-c891-46fd-8f5c-72bc827f2ef5:20160407213830.273:1369</Value>
          <Value>schemaIDGUID:1369:1:55a73700-c891-46fd-8f5c-72bc827f2ef5:20160407213830.273:1369</Value>
          <Value>uSNChanged:1369:1:55a73700-c891-46fd-8f5c-72bc827f2ef5:20160407213830.273:1369</Value>
          <Value>uSNCreated:1369:1:55a73700-c891-46fd-8f5c-72bc827f2ef5:20160407213830.273:1369</Value>
          <Value>vmwAttributeUsage:1369:1:55a73700-c891-46fd-8f5c-72bc827f2ef5:20160407213830.273:1369</Value>
        </AttributeMetadata>
      </AttributeSchemaEntry>
      <AttributeSchemaEntry>
        <Name>msDFSR-ConflictSizeInMb</Name>
        <AttributeMetadata>
          <Value>attributeID:1722:1:55a73700-c891-46fd-8f5c-72bc827f2ef5:20160407213830.866:1722</Value>
          <Value>attributeSyntax:1722:1:55a73700-c891-46fd-8f5c-72bc827f2ef5:20160407213830.866:1722</Value>
          <Value>cn:1722:1:55a73700-c891-46fd-8f5c-72bc827f2ef5:20160407213830.866:1722</Value>
          <Value>createTimeStamp:1722:1:55a73700-c891-46fd-8f5c-72bc827f2ef5:20160407213830.866:1722</Value>
          <Value>entryDN:1722:1:55a73700-c891-46fd-8f5c-72bc827f2ef5:20160407213830.866:1722</Value>
          <Value>isSingleValued:1722:1:55a73700-c891-46fd-8f5c-72bc827f2ef5:20160407213830.866:1722</Value>
          <Value>lDAPDisplayName:1722:1:55a73700-c891-46fd-8f5c-72bc827f2ef5:20160407213830.866:1722</Value>
          <Value>modifyTimeStamp:1722:1:55a73700-c891-46fd-8f5c-72bc827f2ef5:20160407213830.866:1722</Value>
          <Value>objectClass:1722:1:55a73700-c891-46fd-8f5c-72bc827f2ef5:20160407213830.866:1722</Value>
          <Value>objectGUID:1722:1:55a73700-c891-46fd-8f5c-72bc827f2ef5:20160407213830.866:1722</Value>
          <Value>oMSyntax:1722:1:55a73700-c891-46fd-8f5c-72bc827f2ef5:20160407213830.866:1722</Value>
          <Value>schemaIDGUID:1722:1:55a73700-c891-46fd-8f5c-72bc827f2ef5:20160407213830.866:1722</Value>
          <Value>uSNChanged:1722:1:55a73700-c891-46fd-8f5c-72bc827f2ef5:20160407213830.866:1722</Value>
          <Value>uSNCreated:1722:1:55a73700-c891-46fd-8f5c-72bc827f2ef5:20160407213830.866:1722</Value>
          <Value>vmwAttributeUsage:1722:1:55a73700-c891-46fd-8f5c-72bc827f2ef5:20160407213830.866:1722</Value>
        </AttributeMetadata>
      </AttributeSchemaEntry>
      <AttributeSchemaEntry>
        <Name>msDFSR-ContentSetGuid</Name>
        <AttributeMetadata>
          <Value>attributeID:857:1:55a73700-c891-46fd-8f5c-72bc827f2ef5:20160407213829.389:857</Value>
          <Value>attributeSyntax:857:1:55a73700-c891-46fd-8f5c-72bc827f2ef5:20160407213829.389:857</Value>
          <Value>cn:857:1:55a73700-c891-46fd-8f5c-72bc827f2ef5:20160407213829.389:857</Value>
          <Value>createTimeStamp:857:1:55a73700-c891-46fd-8f5c-72bc827f2ef5:20160407213829.389:857</Value>
          <Value>entryDN:857:1:55a73700-c891-46fd-8f5c-72bc827f2ef5:20160407213829.389:857</Value>
          <Value>isSingleValued:857:1:55a73700-c891-46fd-8f5c-72bc827f2ef5:20160407213829.389:857</Value>
          <Value>lDAPDisplayName:857:1:55a73700-c891-46fd-8f5c-72bc827f2ef5:20160407213829.389:857</Value>
          <Value>modifyTimeStamp:857:1:55a73700-c891-46fd-8f5c-72bc827f2ef5:20160407213829.389:857</Value>
          <Value>objectClass:857:1:55a73700-c891-46fd-8f5c-72bc827f2ef5:20160407213829.389:857</Value>
          <Value>objectGUID:857:1:55a73700-c891-46fd-8f5c-72bc827f2ef5:20160407213829.389:857</Value>
          <Value>oMSyntax:857:1:55a73700-c891-46fd-8f5c-72bc827f2ef5:20160407213829.389:857</Value>
          <Value>schemaIDGUID:857:1:55a73700-c891-46fd-8f5c-72bc827f2ef5:20160407213829.389:857</Value>
          <Value>uSNChanged:857:1:55a73700-c891-46fd-8f5c-72bc827f2ef5:20160407213829.389:857</Value>
          <Value>uSNCreated:857:1:55a73700-c891-46fd-8f5c-72bc827f2ef5:20160407213829.389:857</Value>
          <Value>vmwAttributeUsage:857:1:55a73700-c891-46fd-8f5c-72bc827f2ef5:20160407213829.389:857</Value>
        </AttributeMetadata>
      </AttributeSchemaEntry>
      <AttributeSchemaEntry>
        <Name>msDFSR-DefaultCompressionExclusionFilter</Name>
        <AttributeMetadata>
          <Value>attributeID:1525:1:55a73700-c891-46fd-8f5c-72bc827f2ef5:20160407213830.535:1525</Value>
          <Value>attributeSyntax:1525:1:55a73700-c891-46fd-8f5c-72bc827f2ef5:20160407213830.535:1525</Value>
          <Value>cn:1525:1:55a73700-c891-46fd-8f5c-72bc827f2ef5:20160407213830.535:1525</Value>
          <Value>createTimeStamp:1525:1:55a73700-c891-46fd-8f5c-72bc827f2ef5:20160407213830.535:1525</Value>
          <Value>entryDN:1525:1:55a73700-c891-46fd-8f5c-72bc827f2ef5:20160407213830.535:1525</Value>
          <Value>isSingleValued:1525:1:55a73700-c891-46fd-8f5c-72bc827f2ef5:20160407213830.535:1525</Value>
          <Value>lDAPDisplayName:1525:1:55a73700-c891-46fd-8f5c-72bc827f2ef5:20160407213830.535:1525</Value>
          <Value>modifyTimeStamp:1525:1:55a73700-c891-46fd-8f5c-72bc827f2ef5:20160407213830.535:1525</Value>
          <Value>objectClass:1525:1:55a73700-c891-46fd-8f5c-72bc827f2ef5:20160407213830.535:1525</Value>
          <Value>objectGUID:1525:1:55a73700-c891-46fd-8f5c-72bc827f2ef5:20160407213830.535:1525</Value>
          <Value>oMSyntax:1525:1:55a73700-c891-46fd-8f5c-72bc827f2ef5:20160407213830.535:1525</Value>
          <Value>schemaIDGUID:1525:1:55a73700-c891-46fd-8f5c-72bc827f2ef5:20160407213830.535:1525</Value>
          <Value>uSNChanged:1525:1:55a73700-c891-46fd-8f5c-72bc827f2ef5:20160407213830.535:1525</Value>
          <Value>uSNCreated:1525:1:55a73700-c891-46fd-8f5c-72bc827f2ef5:20160407213830.535:1525</Value>
          <Value>vmwAttributeUsage:1525:1:55a73700-c891-46fd-8f5c-72bc827f2ef5:20160407213830.535:1525</Value>
        </AttributeMetadata>
      </AttributeSchemaEntry>
      <AttributeSchemaEntry>
        <Name>msDFSR-DeletedPath</Name>
        <AttributeMetadata>
          <Value>attributeID:256:1:55a73700-c891-46fd-8f5c-72bc827f2ef5:20160407213828.406:256</Value>
          <Value>attributeSyntax:256:1:55a73700-c891-46fd-8f5c-72bc827f2ef5:20160407213828.406:256</Value>
          <Value>cn:256:1:55a73700-c891-46fd-8f5c-72bc827f2ef5:20160407213828.406:256</Value>
          <Value>createTimeStamp:256:1:55a73700-c891-46fd-8f5c-72bc827f2ef5:20160407213828.406:256</Value>
          <Value>entryDN:256:1:55a73700-c891-46fd-8f5c-72bc827f2ef5:20160407213828.406:256</Value>
          <Value>isSingleValued:256:1:55a73700-c891-46fd-8f5c-72bc827f2ef5:20160407213828.406:256</Value>
          <Value>lDAPDisplayName:256:1:55a73700-c891-46fd-8f5c-72bc827f2ef5:20160407213828.406:256</Value>
          <Value>modifyTimeStamp:256:1:55a73700-c891-46fd-8f5c-72bc827f2ef5:20160407213828.406:256</Value>
          <Value>objectClass:256:1:55a73700-c891-46fd-8f5c-72bc827f2ef5:20160407213828.406:256</Value>
          <Value>objectGUID:256:1:55a73700-c891-46fd-8f5c-72bc827f2ef5:20160407213828.406:256</Value>
          <Value>oMSyntax:256:1:55a73700-c891-46fd-8f5c-72bc827f2ef5:20160407213828.406:256</Value>
          <Value>schemaIDGUID:256:1:55a73700-c891-46fd-8f5c-72bc827f2ef5:20160407213828.406:256</Value>
          <Value>uSNChanged:256:1:55a73700-c891-46fd-8f5c-72bc827f2ef5:20160407213828.406:256</Value>
          <Value>uSNCreated:256:1:55a73700-c891-46fd-8f5c-72bc827f2ef5:20160407213828.406:256</Value>
          <Value>vmwAttributeUsage:256:1:55a73700-c891-46fd-8f5c-72bc827f2ef5:20160407213828.406:256</Value>
        </AttributeMetadata>
      </AttributeSchemaEntry>
      <AttributeSchemaEntry>
        <Name>msDFSR-DeletedSizeInMb</Name>
        <AttributeMetadata>
          <Value>attributeID:731:1:55a73700-c891-46fd-8f5c-72bc827f2ef5:20160407213829.176:731</Value>
          <Value>attributeSyntax:731:1:55a73700-c891-46fd-8f5c-72bc827f2ef5:20160407213829.176:731</Value>
          <Value>cn:731:1:55a73700-c891-46fd-8f5c-72bc827f2ef5:20160407213829.176:731</Value>
          <Value>createTimeStamp:731:1:55a73700-c891-46fd-8f5c-72bc827f2ef5:20160407213829.176:731</Value>
          <Value>entryDN:731:1:55a73700-c891-46fd-8f5c-72bc827f2ef5:20160407213829.176:731</Value>
          <Value>isSingleValued:731:1:55a73700-c891-46fd-8f5c-72bc827f2ef5:20160407213829.176:731</Value>
          <Value>lDAPDisplayName:731:1:55a73700-c891-46fd-8f5c-72bc827f2ef5:20160407213829.176:731</Value>
          <Value>modifyTimeStamp:731:1:55a73700-c891-46fd-8f5c-72bc827f2ef5:20160407213829.176:731</Value>
          <Value>objectClass:731:1:55a73700-c891-46fd-8f5c-72bc827f2ef5:20160407213829.176:731</Value>
          <Value>objectGUID:731:1:55a73700-c891-46fd-8f5c-72bc827f2ef5:20160407213829.176:731</Value>
          <Value>oMSyntax:731:1:55a73700-c891-46fd-8f5c-72bc827f2ef5:20160407213829.176:731</Value>
          <Value>schemaIDGUID:731:1:55a73700-c891-46fd-8f5c-72bc827f2ef5:20160407213829.176:731</Value>
          <Value>uSNChanged:731:1:55a73700-c891-46fd-8f5c-72bc827f2ef5:20160407213829.176:731</Value>
          <Value>uSNCreated:731:1:55a73700-c891-46fd-8f5c-72bc827f2ef5:20160407213829.176:731</Value>
          <Value>vmwAttributeUsage:731:1:55a73700-c891-46fd-8f5c-72bc827f2ef5:20160407213829.176:731</Value>
        </AttributeMetadata>
      </AttributeSchemaEntry>
      <AttributeSchemaEntry>
        <Name>msDFSR-DfsLinkTarget</Name>
        <AttributeMetadata>
          <Value>attributeID:1679:1:55a73700-c891-46fd-8f5c-72bc827f2ef5:20160407213830.798:1679</Value>
          <Value>attributeSyntax:1679:1:55a73700-c891-46fd-8f5c-72bc827f2ef5:20160407213830.798:1679</Value>
          <Value>cn:1679:1:55a73700-c891-46fd-8f5c-72bc827f2ef5:20160407213830.798:1679</Value>
          <Value>createTimeStamp:1679:1:55a73700-c891-46fd-8f5c-72bc827f2ef5:20160407213830.798:1679</Value>
          <Value>entryDN:1679:1:55a73700-c891-46fd-8f5c-72bc827f2ef5:20160407213830.798:1679</Value>
          <Value>isSingleValued:1679:1:55a73700-c891-46fd-8f5c-72bc827f2ef5:20160407213830.798:1679</Value>
          <Value>lDAPDisplayName:1679:1:55a73700-c891-46fd-8f5c-72bc827f2ef5:20160407213830.798:1679</Value>
          <Value>modifyTimeStamp:1679:1:55a73700-c891-46fd-8f5c-72bc827f2ef5:20160407213830.798:1679</Value>
          <Value>objectClass:1679:1:55a73700-c891-46fd-8f5c-72bc827f2ef5:20160407213830.798:1679</Value>
          <Value>objectGUID:1679:1:55a73700-c891-46fd-8f5c-72bc827f2ef5:20160407213830.798:1679</Value>
          <Value>oMSyntax:1679:1:55a73700-c891-46fd-8f5c-72bc827f2ef5:20160407213830.798:1679</Value>
          <Value>schemaIDGUID:1679:1:55a73700-c891-46fd-8f5c-72bc827f2ef5:20160407213830.798:1679</Value>
          <Value>uSNChanged:1679:1:55a73700-c891-46fd-8f5c-72bc827f2ef5:20160407213830.798:1679</Value>
          <Value>uSNCreated:1679:1:55a73700-c891-46fd-8f5c-72bc827f2ef5:20160407213830.798:1679</Value>
          <Value>vmwAttributeUsage:1679:1:55a73700-c891-46fd-8f5c-72bc827f2ef5:20160407213830.798:1679</Value>
        </AttributeMetadata>
      </AttributeSchemaEntry>
      <AttributeSchemaEntry>
        <Name>msDFSR-DfsPath</Name>
        <AttributeMetadata>
          <Value>attributeID:1263:1:55a73700-c891-46fd-8f5c-72bc827f2ef5:20160407213830.100:1263</Value>
          <Value>attributeSyntax:1263:1:55a73700-c891-46fd-8f5c-72bc827f2ef5:20160407213830.100:1263</Value>
          <Value>cn:1263:1:55a73700-c891-46fd-8f5c-72bc827f2ef5:20160407213830.100:1263</Value>
          <Value>createTimeStamp:1263:1:55a73700-c891-46fd-8f5c-72bc827f2ef5:20160407213830.100:1263</Value>
          <Value>entryDN:1263:1:55a73700-c891-46fd-8f5c-72bc827f2ef5:20160407213830.100:1263</Value>
          <Value>isSingleValued:1263:1:55a73700-c891-46fd-8f5c-72bc827f2ef5:20160407213830.100:1263</Value>
          <Value>lDAPDisplayName:1263:1:55a73700-c891-46fd-8f5c-72bc827f2ef5:20160407213830.100:1263</Value>
          <Value>modifyTimeStamp:1263:1:55a73700-c891-46fd-8f5c-72bc827f2ef5:20160407213830.100:1263</Value>
          <Value>objectClass:1263:1:55a73700-c891-46fd-8f5c-72bc827f2ef5:20160407213830.100:1263</Value>
          <Value>objectGUID:1263:1:55a73700-c891-46fd-8f5c-72bc827f2ef5:20160407213830.100:1263</Value>
          <Value>oMSyntax:1263:1:55a73700-c891-46fd-8f5c-72bc827f2ef5:20160407213830.100:1263</Value>
          <Value>schemaIDGUID:1263:1:55a73700-c891-46fd-8f5c-72bc827f2ef5:20160407213830.100:1263</Value>
          <Value>uSNChanged:1263:1:55a73700-c891-46fd-8f5c-72bc827f2ef5:20160407213830.100:1263</Value>
          <Value>uSNCreated:1263:1:55a73700-c891-46fd-8f5c-72bc827f2ef5:20160407213830.100:1263</Value>
          <Value>vmwAttributeUsage:1263:1:55a73700-c891-46fd-8f5c-72bc827f2ef5:20160407213830.100:1263</Value>
        </AttributeMetadata>
      </AttributeSchemaEntry>
      <AttributeSchemaEntry>
        <Name>msDFSR-DirectoryFilter</Name>
        <AttributeMetadata>
          <Value>attributeID:741:1:55a73700-c891-46fd-8f5c-72bc827f2ef5:20160407213829.187:741</Value>
          <Value>attributeSyntax:741:1:55a73700-c891-46fd-8f5c-72bc827f2ef5:20160407213829.187:741</Value>
          <Value>cn:741:1:55a73700-c891-46fd-8f5c-72bc827f2ef5:20160407213829.187:741</Value>
          <Value>createTimeStamp:741:1:55a73700-c891-46fd-8f5c-72bc827f2ef5:20160407213829.187:741</Value>
          <Value>entryDN:741:1:55a73700-c891-46fd-8f5c-72bc827f2ef5:20160407213829.187:741</Value>
          <Value>isSingleValued:741:1:55a73700-c891-46fd-8f5c-72bc827f2ef5:20160407213829.187:741</Value>
          <Value>lDAPDisplayName:741:1:55a73700-c891-46fd-8f5c-72bc827f2ef5:20160407213829.187:741</Value>
          <Value>modifyTimeStamp:741:1:55a73700-c891-46fd-8f5c-72bc827f2ef5:20160407213829.187:741</Value>
          <Value>objectClass:741:1:55a73700-c891-46fd-8f5c-72bc827f2ef5:20160407213829.187:741</Value>
          <Value>objectGUID:741:1:55a73700-c891-46fd-8f5c-72bc827f2ef5:20160407213829.187:741</Value>
          <Value>oMSyntax:741:1:55a73700-c891-46fd-8f5c-72bc827f2ef5:20160407213829.187:741</Value>
          <Value>schemaIDGUID:741:1:55a73700-c891-46fd-8f5c-72bc827f2ef5:20160407213829.187:741</Value>
          <Value>uSNChanged:741:1:55a73700-c891-46fd-8f5c-72bc827f2ef5:20160407213829.187:741</Value>
          <Value>uSNCreated:741:1:55a73700-c891-46fd-8f5c-72bc827f2ef5:20160407213829.187:741</Value>
          <Value>vmwAttributeUsage:741:1:55a73700-c891-46fd-8f5c-72bc827f2ef5:20160407213829.187:741</Value>
        </AttributeMetadata>
      </AttributeSchemaEntry>
      <AttributeSchemaEntry>
        <Name>msDFSR-DisablePacketPrivacy</Name>
        <AttributeMetadata>
          <Value>attributeID:221:1:55a73700-c891-46fd-8f5c-72bc827f2ef5:20160407213828.353:221</Value>
          <Value>attributeSyntax:221:1:55a73700-c891-46fd-8f5c-72bc827f2ef5:20160407213828.353:221</Value>
          <Value>cn:221:1:55a73700-c891-46fd-8f5c-72bc827f2ef5:20160407213828.353:221</Value>
          <Value>createTimeStamp:221:1:55a73700-c891-46fd-8f5c-72bc827f2ef5:20160407213828.353:221</Value>
          <Value>entryDN:221:1:55a73700-c891-46fd-8f5c-72bc827f2ef5:20160407213828.353:221</Value>
          <Value>isSingleValued:221:1:55a73700-c891-46fd-8f5c-72bc827f2ef5:20160407213828.353:221</Value>
          <Value>lDAPDisplayName:221:1:55a73700-c891-46fd-8f5c-72bc827f2ef5:20160407213828.353:221</Value>
          <Value>modifyTimeStamp:221:1:55a73700-c891-46fd-8f5c-72bc827f2ef5:20160407213828.353:221</Value>
          <Value>objectClass:221:1:55a73700-c891-46fd-8f5c-72bc827f2ef5:20160407213828.353:221</Value>
          <Value>objectGUID:221:1:55a73700-c891-46fd-8f5c-72bc827f2ef5:20160407213828.353:221</Value>
          <Value>oMSyntax:221:1:55a73700-c891-46fd-8f5c-72bc827f2ef5:20160407213828.353:221</Value>
          <Value>schemaIDGUID:221:1:55a73700-c891-46fd-8f5c-72bc827f2ef5:20160407213828.353:221</Value>
          <Value>uSNChanged:221:1:55a73700-c891-46fd-8f5c-72bc827f2ef5:20160407213828.353:221</Value>
          <Value>uSNCreated:221:1:55a73700-c891-46fd-8f5c-72bc827f2ef5:20160407213828.353:221</Value>
          <Value>vmwAttributeUsage:221:1:55a73700-c891-46fd-8f5c-72bc827f2ef5:20160407213828.353:221</Value>
        </AttributeMetadata>
      </AttributeSchemaEntry>
      <AttributeSchemaEntry>
        <Name>msDFSR-Enabled</Name>
        <AttributeMetadata>
          <Value>attributeID:1147:1:55a73700-c891-46fd-8f5c-72bc827f2ef5:20160407213829.903:1147</Value>
          <Value>attributeSyntax:1147:1:55a73700-c891-46fd-8f5c-72bc827f2ef5:20160407213829.903:1147</Value>
          <Value>cn:1147:1:55a73700-c891-46fd-8f5c-72bc827f2ef5:20160407213829.903:1147</Value>
          <Value>createTimeStamp:1147:1:55a73700-c891-46fd-8f5c-72bc827f2ef5:20160407213829.903:1147</Value>
          <Value>entryDN:1147:1:55a73700-c891-46fd-8f5c-72bc827f2ef5:20160407213829.903:1147</Value>
          <Value>isSingleValued:1147:1:55a73700-c891-46fd-8f5c-72bc827f2ef5:20160407213829.903:1147</Value>
          <Value>lDAPDisplayName:1147:1:55a73700-c891-46fd-8f5c-72bc827f2ef5:20160407213829.903:1147</Value>
          <Value>modifyTimeStamp:1147:1:55a73700-c891-46fd-8f5c-72bc827f2ef5:20160407213829.903:1147</Value>
          <Value>objectClass:1147:1:55a73700-c891-46fd-8f5c-72bc827f2ef5:20160407213829.903:1147</Value>
          <Value>objectGUID:1147:1:55a73700-c891-46fd-8f5c-72bc827f2ef5:20160407213829.903:1147</Value>
          <Value>oMSyntax:1147:1:55a73700-c891-46fd-8f5c-72bc827f2ef5:20160407213829.903:1147</Value>
          <Value>schemaIDGUID:1147:1:55a73700-c891-46fd-8f5c-72bc827f2ef5:20160407213829.903:1147</Value>
          <Value>uSNChanged:1147:1:55a73700-c891-46fd-8f5c-72bc827f2ef5:20160407213829.903:1147</Value>
          <Value>uSNCreated:1147:1:55a73700-c891-46fd-8f5c-72bc827f2ef5:20160407213829.903:1147</Value>
          <Value>vmwAttributeUsage:1147:1:55a73700-c891-46fd-8f5c-72bc827f2ef5:20160407213829.903:1147</Value>
        </AttributeMetadata>
      </AttributeSchemaEntry>
      <AttributeSchemaEntry>
        <Name>msDFSR-Extension</Name>
        <AttributeMetadata>
          <Value>attributeID:565:1:55a73700-c891-46fd-8f5c-72bc827f2ef5:20160407213828.888:565</Value>
          <Value>attributeSyntax:565:1:55a73700-c891-46fd-8f5c-72bc827f2ef5:20160407213828.888:565</Value>
          <Value>cn:565:1:55a73700-c891-46fd-8f5c-72bc827f2ef5:20160407213828.888:565</Value>
          <Value>createTimeStamp:565:1:55a73700-c891-46fd-8f5c-72bc827f2ef5:20160407213828.888:565</Value>
          <Value>entryDN:565:1:55a73700-c891-46fd-8f5c-72bc827f2ef5:20160407213828.888:565</Value>
          <Value>isSingleValued:565:1:55a73700-c891-46fd-8f5c-72bc827f2ef5:20160407213828.888:565</Value>
          <Value>lDAPDisplayName:565:1:55a73700-c891-46fd-8f5c-72bc827f2ef5:20160407213828.888:565</Value>
          <Value>modifyTimeStamp:565:1:55a73700-c891-46fd-8f5c-72bc827f2ef5:20160407213828.888:565</Value>
          <Value>objectClass:565:1:55a73700-c891-46fd-8f5c-72bc827f2ef5:20160407213828.888:565</Value>
          <Value>objectGUID:565:1:55a73700-c891-46fd-8f5c-72bc827f2ef5:20160407213828.888:565</Value>
          <Value>oMSyntax:565:1:55a73700-c891-46fd-8f5c-72bc827f2ef5:20160407213828.888:565</Value>
          <Value>schemaIDGUID:565:1:55a73700-c891-46fd-8f5c-72bc827f2ef5:20160407213828.888:565</Value>
          <Value>uSNChanged:565:1:55a73700-c891-46fd-8f5c-72bc827f2ef5:20160407213828.888:565</Value>
          <Value>uSNCreated:565:1:55a73700-c891-46fd-8f5c-72bc827f2ef5:20160407213828.888:565</Value>
          <Value>vmwAttributeUsage:565:1:55a73700-c891-46fd-8f5c-72bc827f2ef5:20160407213828.888:565</Value>
        </AttributeMetadata>
      </AttributeSchemaEntry>
      <AttributeSchemaEntry>
        <Name>msDFSR-FileFilter</Name>
        <AttributeMetadata>
          <Value>attributeID:686:1:55a73700-c891-46fd-8f5c-72bc827f2ef5:20160407213829.096:686</Value>
          <Value>attributeSyntax:686:1:55a73700-c891-46fd-8f5c-72bc827f2ef5:20160407213829.096:686</Value>
          <Value>cn:686:1:55a73700-c891-46fd-8f5c-72bc827f2ef5:20160407213829.096:686</Value>
          <Value>createTimeStamp:686:1:55a73700-c891-46fd-8f5c-72bc827f2ef5:20160407213829.096:686</Value>
          <Value>entryDN:686:1:55a73700-c891-46fd-8f5c-72bc827f2ef5:20160407213829.096:686</Value>
          <Value>isSingleValued:686:1:55a73700-c891-46fd-8f5c-72bc827f2ef5:20160407213829.096:686</Value>
          <Value>lDAPDisplayName:686:1:55a73700-c891-46fd-8f5c-72bc827f2ef5:20160407213829.096:686</Value>
          <Value>modifyTimeStamp:686:1:55a73700-c891-46fd-8f5c-72bc827f2ef5:20160407213829.096:686</Value>
          <Value>objectClass:686:1:55a73700-c891-46fd-8f5c-72bc827f2ef5:20160407213829.096:686</Value>
          <Value>objectGUID:686:1:55a73700-c891-46fd-8f5c-72bc827f2ef5:20160407213829.096:686</Value>
          <Value>oMSyntax:686:1:55a73700-c891-46fd-8f5c-72bc827f2ef5:20160407213829.096:686</Value>
          <Value>schemaIDGUID:686:1:55a73700-c891-46fd-8f5c-72bc827f2ef5:20160407213829.096:686</Value>
          <Value>uSNChanged:686:1:55a73700-c891-46fd-8f5c-72bc827f2ef5:20160407213829.096:686</Value>
          <Value>uSNCreated:686:1:55a73700-c891-46fd-8f5c-72bc827f2ef5:20160407213829.096:686</Value>
          <Value>vmwAttributeUsage:686:1:55a73700-c891-46fd-8f5c-72bc827f2ef5:20160407213829.096:686</Value>
        </AttributeMetadata>
      </AttributeSchemaEntry>
      <AttributeSchemaEntry>
        <Name>msDFSR-Flags</Name>
        <AttributeMetadata>
          <Value>attributeID:1505:1:55a73700-c891-46fd-8f5c-72bc827f2ef5:20160407213830.502:1505</Value>
          <Value>attributeSyntax:1505:1:55a73700-c891-46fd-8f5c-72bc827f2ef5:20160407213830.502:1505</Value>
          <Value>cn:1505:1:55a73700-c891-46fd-8f5c-72bc827f2ef5:20160407213830.502:1505</Value>
          <Value>createTimeStamp:1505:1:55a73700-c891-46fd-8f5c-72bc827f2ef5:20160407213830.502:1505</Value>
          <Value>entryDN:1505:1:55a73700-c891-46fd-8f5c-72bc827f2ef5:20160407213830.502:1505</Value>
          <Value>isSingleValued:1505:1:55a73700-c891-46fd-8f5c-72bc827f2ef5:20160407213830.502:1505</Value>
          <Value>lDAPDisplayName:1505:1:55a73700-c891-46fd-8f5c-72bc827f2ef5:20160407213830.502:1505</Value>
          <Value>modifyTimeStamp:1505:1:55a73700-c891-46fd-8f5c-72bc827f2ef5:20160407213830.502:1505</Value>
          <Value>objectClass:1505:1:55a73700-c891-46fd-8f5c-72bc827f2ef5:20160407213830.502:1505</Value>
          <Value>objectGUID:1505:1:55a73700-c891-46fd-8f5c-72bc827f2ef5:20160407213830.502:1505</Value>
          <Value>oMSyntax:1505:1:55a73700-c891-46fd-8f5c-72bc827f2ef5:20160407213830.502:1505</Value>
          <Value>schemaIDGUID:1505:1:55a73700-c891-46fd-8f5c-72bc827f2ef5:20160407213830.502:1505</Value>
          <Value>uSNChanged:1505:1:55a73700-c891-46fd-8f5c-72bc827f2ef5:20160407213830.502:1505</Value>
          <Value>uSNCreated:1505:1:55a73700-c891-46fd-8f5c-72bc827f2ef5:20160407213830.502:1505</Value>
          <Value>vmwAttributeUsage:1505:1:55a73700-c891-46fd-8f5c-72bc827f2ef5:20160407213830.502:1505</Value>
        </AttributeMetadata>
      </AttributeSchemaEntry>
      <AttributeSchemaEntry>
        <Name>msDFSR-Keywords</Name>
        <AttributeMetadata>
          <Value>attributeID:1414:1:55a73700-c891-46fd-8f5c-72bc827f2ef5:20160407213830.352:1414</Value>
          <Value>attributeSyntax:1414:1:55a73700-c891-46fd-8f5c-72bc827f2ef5:20160407213830.352:1414</Value>
          <Value>cn:1414:1:55a73700-c891-46fd-8f5c-72bc827f2ef5:20160407213830.352:1414</Value>
          <Value>createTimeStamp:1414:1:55a73700-c891-46fd-8f5c-72bc827f2ef5:20160407213830.352:1414</Value>
          <Value>entryDN:1414:1:55a73700-c891-46fd-8f5c-72bc827f2ef5:20160407213830.352:1414</Value>
          <Value>isSingleValued:1414:1:55a73700-c891-46fd-8f5c-72bc827f2ef5:20160407213830.352:1414</Value>
          <Value>lDAPDisplayName:1414:1:55a73700-c891-46fd-8f5c-72bc827f2ef5:20160407213830.352:1414</Value>
          <Value>modifyTimeStamp:1414:1:55a73700-c891-46fd-8f5c-72bc827f2ef5:20160407213830.352:1414</Value>
          <Value>objectClass:1414:1:55a73700-c891-46fd-8f5c-72bc827f2ef5:20160407213830.352:1414</Value>
          <Value>objectGUID:1414:1:55a73700-c891-46fd-8f5c-72bc827f2ef5:20160407213830.352:1414</Value>
          <Value>oMSyntax:1414:1:55a73700-c891-46fd-8f5c-72bc827f2ef5:20160407213830.352:1414</Value>
          <Value>schemaIDGUID:1414:1:55a73700-c891-46fd-8f5c-72bc827f2ef5:20160407213830.352:1414</Value>
          <Value>uSNChanged:1414:1:55a73700-c891-46fd-8f5c-72bc827f2ef5:20160407213830.352:1414</Value>
          <Value>uSNCreated:1414:1:55a73700-c891-46fd-8f5c-72bc827f2ef5:20160407213830.352:1414</Value>
          <Value>vmwAttributeUsage:1414:1:55a73700-c891-46fd-8f5c-72bc827f2ef5:20160407213830.352:1414</Value>
        </AttributeMetadata>
      </AttributeSchemaEntry>
      <AttributeSchemaEntry>
        <Name>msDFSR-MaxAgeInCacheInMin</Name>
        <AttributeMetadata>
          <Value>attributeID:1440:1:55a73700-c891-46fd-8f5c-72bc827f2ef5:20160407213830.390:1440</Value>
          <Value>attributeSyntax:1440:1:55a73700-c891-46fd-8f5c-72bc827f2ef5:20160407213830.390:1440</Value>
          <Value>cn:1440:1:55a73700-c891-46fd-8f5c-72bc827f2ef5:20160407213830.390:1440</Value>
          <Value>createTimeStamp:1440:1:55a73700-c891-46fd-8f5c-72bc827f2ef5:20160407213830.390:1440</Value>
          <Value>entryDN:1440:1:55a73700-c891-46fd-8f5c-72bc827f2ef5:20160407213830.390:1440</Value>
          <Value>isSingleValued:1440:1:55a73700-c891-46fd-8f5c-72bc827f2ef5:20160407213830.390:1440</Value>
          <Value>lDAPDisplayName:1440:1:55a73700-c891-46fd-8f5c-72bc827f2ef5:20160407213830.390:1440</Value>
          <Value>modifyTimeStamp:1440:1:55a73700-c891-46fd-8f5c-72bc827f2ef5:20160407213830.390:1440</Value>
          <Value>objectClass:1440:1:55a73700-c891-46fd-8f5c-72bc827f2ef5:20160407213830.390:1440</Value>
          <Value>objectGUID:1440:1:55a73700-c891-46fd-8f5c-72bc827f2ef5:20160407213830.390:1440</Value>
          <Value>oMSyntax:1440:1:55a73700-c891-46fd-8f5c-72bc827f2ef5:20160407213830.390:1440</Value>
          <Value>schemaIDGUID:1440:1:55a73700-c891-46fd-8f5c-72bc827f2ef5:20160407213830.390:1440</Value>
          <Value>uSNChanged:1440:1:55a73700-c891-46fd-8f5c-72bc827f2ef5:20160407213830.390:1440</Value>
          <Value>uSNCreated:1440:1:55a73700-c891-46fd-8f5c-72bc827f2ef5:20160407213830.390:1440</Value>
          <Value>vmwAttributeUsage:1440:1:55a73700-c891-46fd-8f5c-72bc827f2ef5:20160407213830.390:1440</Value>
        </AttributeMetadata>
      </AttributeSchemaEntry>
      <AttributeSchemaEntry>
        <Name>msDFSR-MemberReference</Name>
        <AttributeMetadata>
          <Value>attributeID:1379:1:55a73700-c891-46fd-8f5c-72bc827f2ef5:20160407213830.295:1379</Value>
          <Value>attributeSyntax:1379:1:55a73700-c891-46fd-8f5c-72bc827f2ef5:20160407213830.295:1379</Value>
          <Value>cn:1379:1:55a73700-c891-46fd-8f5c-72bc827f2ef5:20160407213830.295:1379</Value>
          <Value>createTimeStamp:1379:1:55a73700-c891-46fd-8f5c-72bc827f2ef5:20160407213830.295:1379</Value>
          <Value>entryDN:1379:1:55a73700-c891-46fd-8f5c-72bc827f2ef5:20160407213830.295:1379</Value>
          <Value>isSingleValued:1379:1:55a73700-c891-46fd-8f5c-72bc827f2ef5:20160407213830.295:1379</Value>
          <Value>lDAPDisplayName:1379:1:55a73700-c891-46fd-8f5c-72bc827f2ef5:20160407213830.295:1379</Value>
          <Value>modifyTimeStamp:1379:1:55a73700-c891-46fd-8f5c-72bc827f2ef5:20160407213830.295:1379</Value>
          <Value>objectClass:1379:1:55a73700-c891-46fd-8f5c-72bc827f2ef5:20160407213830.295:1379</Value>
          <Value>objectGUID:1379:1:55a73700-c891-46fd-8f5c-72bc827f2ef5:20160407213830.295:1379</Value>
          <Value>oMSyntax:1379:1:55a73700-c891-46fd-8f5c-72bc827f2ef5:20160407213830.295:1379</Value>
          <Value>schemaIDGUID:1379:1:55a73700-c891-46fd-8f5c-72bc827f2ef5:20160407213830.295:1379</Value>
          <Value>uSNChanged:1379:1:55a73700-c891-46fd-8f5c-72bc827f2ef5:20160407213830.295:1379</Value>
          <Value>uSNCreated:1379:1:55a73700-c891-46fd-8f5c-72bc827f2ef5:20160407213830.295:1379</Value>
          <Value>vmwAttributeUsage:1379:1:55a73700-c891-46fd-8f5c-72bc827f2ef5:20160407213830.295:1379</Value>
        </AttributeMetadata>
      </AttributeSchemaEntry>
      <AttributeSchemaEntry>
        <Name>msDFSR-MemberReferenceBL</Name>
        <AttributeMetadata>
          <Value>attributeID:1497:1:55a73700-c891-46fd-8f5c-72bc827f2ef5:20160407213830.483:1497</Value>
          <Value>attributeSyntax:1497:1:55a73700-c891-46fd-8f5c-72bc827f2ef5:20160407213830.483:1497</Value>
          <Value>cn:1497:1:55a73700-c891-46fd-8f5c-72bc827f2ef5:20160407213830.483:1497</Value>
          <Value>createTimeStamp:1497:1:55a73700-c891-46fd-8f5c-72bc827f2ef5:20160407213830.483:1497</Value>
          <Value>entryDN:1497:1:55a73700-c891-46fd-8f5c-72bc827f2ef5:20160407213830.483:1497</Value>
          <Value>isSingleValued:1497:1:55a73700-c891-46fd-8f5c-72bc827f2ef5:20160407213830.483:1497</Value>
          <Value>lDAPDisplayName:1497:1:55a73700-c891-46fd-8f5c-72bc827f2ef5:20160407213830.483:1497</Value>
          <Value>modifyTimeStamp:1497:1:55a73700-c891-46fd-8f5c-72bc827f2ef5:20160407213830.483:1497</Value>
          <Value>objectClass:1497:1:55a73700-c891-46fd-8f5c-72bc827f2ef5:20160407213830.483:1497</Value>
          <Value>objectGUID:1497:1:55a73700-c891-46fd-8f5c-72bc827f2ef5:20160407213830.483:1497</Value>
          <Value>oMSyntax:1497:1:55a73700-c891-46fd-8f5c-72bc827f2ef5:20160407213830.483:1497</Value>
          <Value>schemaIDGUID:1497:1:55a73700-c891-46fd-8f5c-72bc827f2ef5:20160407213830.483:1497</Value>
          <Value>uSNChanged:1497:1:55a73700-c891-46fd-8f5c-72bc827f2ef5:20160407213830.483:1497</Value>
          <Value>uSNCreated:1497:1:55a73700-c891-46fd-8f5c-72bc827f2ef5:20160407213830.483:1497</Value>
          <Value>vmwAttributeUsage:1497:1:55a73700-c891-46fd-8f5c-72bc827f2ef5:20160407213830.483:1497</Value>
        </AttributeMetadata>
      </AttributeSchemaEntry>
      <AttributeSchemaEntry>
        <Name>msDFSR-MinDurationCacheInMin</Name>
        <AttributeMetadata>
          <Value>attributeID:1337:1:55a73700-c891-46fd-8f5c-72bc827f2ef5:20160407213830.217:1337</Value>
          <Value>attributeSyntax:1337:1:55a73700-c891-46fd-8f5c-72bc827f2ef5:20160407213830.217:1337</Value>
          <Value>cn:1337:1:55a73700-c891-46fd-8f5c-72bc827f2ef5:20160407213830.217:1337</Value>
          <Value>createTimeStamp:1337:1:55a73700-c891-46fd-8f5c-72bc827f2ef5:20160407213830.217:1337</Value>
          <Value>entryDN:1337:1:55a73700-c891-46fd-8f5c-72bc827f2ef5:20160407213830.217:1337</Value>
          <Value>isSingleValued:1337:1:55a73700-c891-46fd-8f5c-72bc827f2ef5:20160407213830.217:1337</Value>
          <Value>lDAPDisplayName:1337:1:55a73700-c891-46fd-8f5c-72bc827f2ef5:20160407213830.217:1337</Value>
          <Value>modifyTimeStamp:1337:1:55a73700-c891-46fd-8f5c-72bc827f2ef5:20160407213830.217:1337</Value>
          <Value>objectClass:1337:1:55a73700-c891-46fd-8f5c-72bc827f2ef5:20160407213830.217:1337</Value>
          <Value>objectGUID:1337:1:55a73700-c891-46fd-8f5c-72bc827f2ef5:20160407213830.217:1337</Value>
          <Value>oMSyntax:1337:1:55a73700-c891-46fd-8f5c-72bc827f2ef5:20160407213830.217:1337</Value>
          <Value>schemaIDGUID:1337:1:55a73700-c891-46fd-8f5c-72bc827f2ef5:20160407213830.217:1337</Value>
          <Value>uSNChanged:1337:1:55a73700-c891-46fd-8f5c-72bc827f2ef5:20160407213830.217:1337</Value>
          <Value>uSNCreated:1337:1:55a73700-c891-46fd-8f5c-72bc827f2ef5:20160407213830.217:1337</Value>
          <Value>vmwAttributeUsage:1337:1:55a73700-c891-46fd-8f5c-72bc827f2ef5:20160407213830.217:1337</Value>
        </AttributeMetadata>
      </AttributeSchemaEntry>
      <AttributeSchemaEntry>
        <Name>msDFSR-OnDemandExclusionDirectoryFilter</Name>
        <AttributeMetadata>
          <Value>attributeID:888:1:55a73700-c891-46fd-8f5c-72bc827f2ef5:20160407213829.447:888</Value>
          <Value>attributeSyntax:888:1:55a73700-c891-46fd-8f5c-72bc827f2ef5:20160407213829.447:888</Value>
          <Value>cn:888:1:55a73700-c891-46fd-8f5c-72bc827f2ef5:20160407213829.447:888</Value>
          <Value>createTimeStamp:888:1:55a73700-c891-46fd-8f5c-72bc827f2ef5:20160407213829.447:888</Value>
          <Value>entryDN:888:1:55a73700-c891-46fd-8f5c-72bc827f2ef5:20160407213829.447:888</Value>
          <Value>isSingleValued:888:1:55a73700-c891-46fd-8f5c-72bc827f2ef5:20160407213829.447:888</Value>
          <Value>lDAPDisplayName:888:1:55a73700-c891-46fd-8f5c-72bc827f2ef5:20160407213829.447:888</Value>
          <Value>modifyTimeStamp:888:1:55a73700-c891-46fd-8f5c-72bc827f2ef5:20160407213829.447:888</Value>
          <Value>objectClass:888:1:55a73700-c891-46fd-8f5c-72bc827f2ef5:20160407213829.447:888</Value>
          <Value>objectGUID:888:1:55a73700-c891-46fd-8f5c-72bc827f2ef5:20160407213829.447:888</Value>
          <Value>oMSyntax:888:1:55a73700-c891-46fd-8f5c-72bc827f2ef5:20160407213829.447:888</Value>
          <Value>schemaIDGUID:888:1:55a73700-c891-46fd-8f5c-72bc827f2ef5:20160407213829.447:888</Value>
          <Value>uSNChanged:888:1:55a73700-c891-46fd-8f5c-72bc827f2ef5:20160407213829.447:888</Value>
          <Value>uSNCreated:888:1:55a73700-c891-46fd-8f5c-72bc827f2ef5:20160407213829.447:888</Value>
          <Value>vmwAttributeUsage:888:1:55a73700-c891-46fd-8f5c-72bc827f2ef5:20160407213829.447:888</Value>
        </AttributeMetadata>
      </AttributeSchemaEntry>
      <AttributeSchemaEntry>
        <Name>msDFSR-OnDemandExclusionFileFilter</Name>
        <AttributeMetadata>
          <Value>attributeID:1519:1:55a73700-c891-46fd-8f5c-72bc827f2ef5:20160407213830.526:1519</Value>
          <Value>attributeSyntax:1519:1:55a73700-c891-46fd-8f5c-72bc827f2ef5:20160407213830.526:1519</Value>
          <Value>cn:1519:1:55a73700-c891-46fd-8f5c-72bc827f2ef5:20160407213830.526:1519</Value>
          <Value>createTimeStamp:1519:1:55a73700-c891-46fd-8f5c-72bc827f2ef5:20160407213830.526:1519</Value>
          <Value>entryDN:1519:1:55a73700-c891-46fd-8f5c-72bc827f2ef5:20160407213830.526:1519</Value>
          <Value>isSingleValued:1519:1:55a73700-c891-46fd-8f5c-72bc827f2ef5:20160407213830.526:1519</Value>
          <Value>lDAPDisplayName:1519:1:55a73700-c891-46fd-8f5c-72bc827f2ef5:20160407213830.526:1519</Value>
          <Value>modifyTimeStamp:1519:1:55a73700-c891-46fd-8f5c-72bc827f2ef5:20160407213830.526:1519</Value>
          <Value>objectClass:1519:1:55a73700-c891-46fd-8f5c-72bc827f2ef5:20160407213830.526:1519</Value>
          <Value>objectGUID:1519:1:55a73700-c891-46fd-8f5c-72bc827f2ef5:20160407213830.526:1519</Value>
          <Value>oMSyntax:1519:1:55a73700-c891-46fd-8f5c-72bc827f2ef5:20160407213830.526:1519</Value>
          <Value>schemaIDGUID:1519:1:55a73700-c891-46fd-8f5c-72bc827f2ef5:20160407213830.526:1519</Value>
          <Value>uSNChanged:1519:1:55a73700-c891-46fd-8f5c-72bc827f2ef5:20160407213830.526:1519</Value>
          <Value>uSNCreated:1519:1:55a73700-c891-46fd-8f5c-72bc827f2ef5:20160407213830.526:1519</Value>
          <Value>vmwAttributeUsage:1519:1:55a73700-c891-46fd-8f5c-72bc827f2ef5:20160407213830.526:1519</Value>
        </AttributeMetadata>
      </AttributeSchemaEntry>
      <AttributeSchemaEntry>
        <Name>msDFSR-Options</Name>
        <AttributeMetadata>
          <Value>attributeID:1007:1:55a73700-c891-46fd-8f5c-72bc827f2ef5:20160407213829.642:1007</Value>
          <Value>attributeSyntax:1007:1:55a73700-c891-46fd-8f5c-72bc827f2ef5:20160407213829.642:1007</Value>
          <Value>cn:1007:1:55a73700-c891-46fd-8f5c-72bc827f2ef5:20160407213829.642:1007</Value>
          <Value>createTimeStamp:1007:1:55a73700-c891-46fd-8f5c-72bc827f2ef5:20160407213829.642:1007</Value>
          <Value>entryDN:1007:1:55a73700-c891-46fd-8f5c-72bc827f2ef5:20160407213829.642:1007</Value>
          <Value>isSingleValued:1007:1:55a73700-c891-46fd-8f5c-72bc827f2ef5:20160407213829.642:1007</Value>
          <Value>lDAPDisplayName:1007:1:55a73700-c891-46fd-8f5c-72bc827f2ef5:20160407213829.642:1007</Value>
          <Value>modifyTimeStamp:1007:1:55a73700-c891-46fd-8f5c-72bc827f2ef5:20160407213829.642:1007</Value>
          <Value>objectClass:1007:1:55a73700-c891-46fd-8f5c-72bc827f2ef5:20160407213829.642:1007</Value>
          <Value>objectGUID:1007:1:55a73700-c891-46fd-8f5c-72bc827f2ef5:20160407213829.642:1007</Value>
          <Value>oMSyntax:1007:1:55a73700-c891-46fd-8f5c-72bc827f2ef5:20160407213829.642:1007</Value>
          <Value>schemaIDGUID:1007:1:55a73700-c891-46fd-8f5c-72bc827f2ef5:20160407213829.642:1007</Value>
          <Value>uSNChanged:1007:1:55a73700-c891-46fd-8f5c-72bc827f2ef5:20160407213829.642:1007</Value>
          <Value>uSNCreated:1007:1:55a73700-c891-46fd-8f5c-72bc827f2ef5:20160407213829.642:1007</Value>
          <Value>vmwAttributeUsage:1007:1:55a73700-c891-46fd-8f5c-72bc827f2ef5:20160407213829.642:1007</Value>
        </AttributeMetadata>
      </AttributeSchemaEntry>
      <AttributeSchemaEntry>
        <Name>msDFSR-Options2</Name>
        <AttributeMetadata>
          <Value>attributeID:382:1:55a73700-c891-46fd-8f5c-72bc827f2ef5:20160407213828.592:382</Value>
          <Value>attributeSyntax:382:1:55a73700-c891-46fd-8f5c-72bc827f2ef5:20160407213828.592:382</Value>
          <Value>cn:382:1:55a73700-c891-46fd-8f5c-72bc827f2ef5:20160407213828.592:382</Value>
          <Value>createTimeStamp:382:1:55a73700-c891-46fd-8f5c-72bc827f2ef5:20160407213828.592:382</Value>
          <Value>entryDN:382:1:55a73700-c891-46fd-8f5c-72bc827f2ef5:20160407213828.592:382</Value>
          <Value>isSingleValued:382:1:55a73700-c891-46fd-8f5c-72bc827f2ef5:20160407213828.592:382</Value>
          <Value>lDAPDisplayName:382:1:55a73700-c891-46fd-8f5c-72bc827f2ef5:20160407213828.592:382</Value>
          <Value>modifyTimeStamp:382:1:55a73700-c891-46fd-8f5c-72bc827f2ef5:20160407213828.592:382</Value>
          <Value>objectClass:382:1:55a73700-c891-46fd-8f5c-72bc827f2ef5:20160407213828.592:382</Value>
          <Value>objectGUID:382:1:55a73700-c891-46fd-8f5c-72bc827f2ef5:20160407213828.592:382</Value>
          <Value>oMSyntax:382:1:55a73700-c891-46fd-8f5c-72bc827f2ef5:20160407213828.592:382</Value>
          <Value>schemaIDGUID:382:1:55a73700-c891-46fd-8f5c-72bc827f2ef5:20160407213828.592:382</Value>
          <Value>uSNChanged:382:1:55a73700-c891-46fd-8f5c-72bc827f2ef5:20160407213828.592:382</Value>
          <Value>uSNCreated:382:1:55a73700-c891-46fd-8f5c-72bc827f2ef5:20160407213828.592:382</Value>
          <Value>vmwAttributeUsage:382:1:55a73700-c891-46fd-8f5c-72bc827f2ef5:20160407213828.592:382</Value>
        </AttributeMetadata>
      </AttributeSchemaEntry>
      <AttributeSchemaEntry>
        <Name>msDFSR-Priority</Name>
        <AttributeMetadata>
          <Value>attributeID:128:1:55a73700-c891-46fd-8f5c-72bc827f2ef5:20160407213828.216:128</Value>
          <Value>attributeSyntax:128:1:55a73700-c891-46fd-8f5c-72bc827f2ef5:20160407213828.216:128</Value>
          <Value>cn:128:1:55a73700-c891-46fd-8f5c-72bc827f2ef5:20160407213828.216:128</Value>
          <Value>createTimeStamp:128:1:55a73700-c891-46fd-8f5c-72bc827f2ef5:20160407213828.216:128</Value>
          <Value>entryDN:128:1:55a73700-c891-46fd-8f5c-72bc827f2ef5:20160407213828.216:128</Value>
          <Value>isSingleValued:128:1:55a73700-c891-46fd-8f5c-72bc827f2ef5:20160407213828.216:128</Value>
          <Value>lDAPDisplayName:128:1:55a73700-c891-46fd-8f5c-72bc827f2ef5:20160407213828.216:128</Value>
          <Value>modifyTimeStamp:128:1:55a73700-c891-46fd-8f5c-72bc827f2ef5:20160407213828.216:128</Value>
          <Value>objectClass:128:1:55a73700-c891-46fd-8f5c-72bc827f2ef5:20160407213828.216:128</Value>
          <Value>objectGUID:128:1:55a73700-c891-46fd-8f5c-72bc827f2ef5:20160407213828.216:128</Value>
          <Value>oMSyntax:128:1:55a73700-c891-46fd-8f5c-72bc827f2ef5:20160407213828.216:128</Value>
          <Value>schemaIDGUID:128:1:55a73700-c891-46fd-8f5c-72bc827f2ef5:20160407213828.216:128</Value>
          <Value>uSNChanged:128:1:55a73700-c891-46fd-8f5c-72bc827f2ef5:20160407213828.216:128</Value>
          <Value>uSNCreated:128:1:55a73700-c891-46fd-8f5c-72bc827f2ef5:20160407213828.216:128</Value>
          <Value>vmwAttributeUsage:128:1:55a73700-c891-46fd-8f5c-72bc827f2ef5:20160407213828.216:128</Value>
        </AttributeMetadata>
      </AttributeSchemaEntry>
      <AttributeSchemaEntry>
        <Name>msDFSR-RdcEnabled</Name>
        <AttributeMetadata>
          <Value>attributeID:630:1:55a73700-c891-46fd-8f5c-72bc827f2ef5:20160407213829.002:630</Value>
          <Value>attributeSyntax:630:1:55a73700-c891-46fd-8f5c-72bc827f2ef5:20160407213829.002:630</Value>
          <Value>cn:630:1:55a73700-c891-46fd-8f5c-72bc827f2ef5:20160407213829.002:630</Value>
          <Value>createTimeStamp:630:1:55a73700-c891-46fd-8f5c-72bc827f2ef5:20160407213829.002:630</Value>
          <Value>entryDN:630:1:55a73700-c891-46fd-8f5c-72bc827f2ef5:20160407213829.002:630</Value>
          <Value>isSingleValued:630:1:55a73700-c891-46fd-8f5c-72bc827f2ef5:20160407213829.002:630</Value>
          <Value>lDAPDisplayName:630:1:55a73700-c891-46fd-8f5c-72bc827f2ef5:20160407213829.002:630</Value>
          <Value>modifyTimeStamp:630:1:55a73700-c891-46fd-8f5c-72bc827f2ef5:20160407213829.002:630</Value>
          <Value>objectClass:630:1:55a73700-c891-46fd-8f5c-72bc827f2ef5:20160407213829.002:630</Value>
          <Value>objectGUID:630:1:55a73700-c891-46fd-8f5c-72bc827f2ef5:20160407213829.002:630</Value>
          <Value>oMSyntax:630:1:55a73700-c891-46fd-8f5c-72bc827f2ef5:20160407213829.002:630</Value>
          <Value>schemaIDGUID:630:1:55a73700-c891-46fd-8f5c-72bc827f2ef5:20160407213829.002:630</Value>
          <Value>uSNChanged:630:1:55a73700-c891-46fd-8f5c-72bc827f2ef5:20160407213829.002:630</Value>
          <Value>uSNCreated:630:1:55a73700-c891-46fd-8f5c-72bc827f2ef5:20160407213829.002:630</Value>
          <Value>vmwAttributeUsage:630:1:55a73700-c891-46fd-8f5c-72bc827f2ef5:20160407213829.002:630</Value>
        </AttributeMetadata>
      </AttributeSchemaEntry>
      <AttributeSchemaEntry>
        <Name>msDFSR-RdcMinFileSizeInKb</Name>
        <AttributeMetadata>
          <Value>attributeID:1276:1:55a73700-c891-46fd-8f5c-72bc827f2ef5:20160407213830.123:1276</Value>
          <Value>attributeSyntax:1276:1:55a73700-c891-46fd-8f5c-72bc827f2ef5:20160407213830.123:1276</Value>
          <Value>cn:1276:1:55a73700-c891-46fd-8f5c-72bc827f2ef5:20160407213830.123:1276</Value>
          <Value>createTimeStamp:1276:1:55a73700-c891-46fd-8f5c-72bc827f2ef5:20160407213830.123:1276</Value>
          <Value>entryDN:1276:1:55a73700-c891-46fd-8f5c-72bc827f2ef5:20160407213830.123:1276</Value>
          <Value>isSingleValued:1276:1:55a73700-c891-46fd-8f5c-72bc827f2ef5:20160407213830.123:1276</Value>
          <Value>lDAPDisplayName:1276:1:55a73700-c891-46fd-8f5c-72bc827f2ef5:20160407213830.123:1276</Value>
          <Value>modifyTimeStamp:1276:1:55a73700-c891-46fd-8f5c-72bc827f2ef5:20160407213830.123:1276</Value>
          <Value>objectClass:1276:1:55a73700-c891-46fd-8f5c-72bc827f2ef5:20160407213830.123:1276</Value>
          <Value>objectGUID:1276:1:55a73700-c891-46fd-8f5c-72bc827f2ef5:20160407213830.123:1276</Value>
          <Value>oMSyntax:1276:1:55a73700-c891-46fd-8f5c-72bc827f2ef5:20160407213830.123:1276</Value>
          <Value>schemaIDGUID:1276:1:55a73700-c891-46fd-8f5c-72bc827f2ef5:20160407213830.123:1276</Value>
          <Value>uSNChanged:1276:1:55a73700-c891-46fd-8f5c-72bc827f2ef5:20160407213830.123:1276</Value>
          <Value>uSNCreated:1276:1:55a73700-c891-46fd-8f5c-72bc827f2ef5:20160407213830.123:1276</Value>
          <Value>vmwAttributeUsage:1276:1:55a73700-c891-46fd-8f5c-72bc827f2ef5:20160407213830.123:1276</Value>
        </AttributeMetadata>
      </AttributeSchemaEntry>
      <AttributeSchemaEntry>
        <Name>msDFSR-ReadOnly</Name>
        <AttributeMetadata>
          <Value>attributeID:646:1:55a73700-c891-46fd-8f5c-72bc827f2ef5:20160407213829.031:646</Value>
          <Value>attributeSyntax:646:1:55a73700-c891-46fd-8f5c-72bc827f2ef5:20160407213829.031:646</Value>
          <Value>cn:646:1:55a73700-c891-46fd-8f5c-72bc827f2ef5:20160407213829.031:646</Value>
          <Value>createTimeStamp:646:1:55a73700-c891-46fd-8f5c-72bc827f2ef5:20160407213829.031:646</Value>
          <Value>entryDN:646:1:55a73700-c891-46fd-8f5c-72bc827f2ef5:20160407213829.031:646</Value>
          <Value>isSingleValued:646:1:55a73700-c891-46fd-8f5c-72bc827f2ef5:20160407213829.031:646</Value>
          <Value>lDAPDisplayName:646:1:55a73700-c891-46fd-8f5c-72bc827f2ef5:20160407213829.031:646</Value>
          <Value>modifyTimeStamp:646:1:55a73700-c891-46fd-8f5c-72bc827f2ef5:20160407213829.031:646</Value>
          <Value>objectClass:646:1:55a73700-c891-46fd-8f5c-72bc827f2ef5:20160407213829.031:646</Value>
          <Value>objectGUID:646:1:55a73700-c891-46fd-8f5c-72bc827f2ef5:20160407213829.031:646</Value>
          <Value>oMSyntax:646:1:55a73700-c891-46fd-8f5c-72bc827f2ef5:20160407213829.031:646</Value>
          <Value>schemaIDGUID:646:1:55a73700-c891-46fd-8f5c-72bc827f2ef5:20160407213829.031:646</Value>
          <Value>uSNChanged:646:1:55a73700-c891-46fd-8f5c-72bc827f2ef5:20160407213829.031:646</Value>
          <Value>uSNCreated:646:1:55a73700-c891-46fd-8f5c-72bc827f2ef5:20160407213829.031:646</Value>
          <Value>vmwAttributeUsage:646:1:55a73700-c891-46fd-8f5c-72bc827f2ef5:20160407213829.031:646</Value>
        </AttributeMetadata>
      </AttributeSchemaEntry>
      <AttributeSchemaEntry>
        <Name>msDFSR-ReplicationGroupGuid</Name>
        <AttributeMetadata>
          <Value>attributeID:546:1:55a73700-c891-46fd-8f5c-72bc827f2ef5:20160407213828.856:546</Value>
          <Value>attributeSyntax:546:1:55a73700-c891-46fd-8f5c-72bc827f2ef5:20160407213828.856:546</Value>
          <Value>cn:546:1:55a73700-c891-46fd-8f5c-72bc827f2ef5:20160407213828.856:546</Value>
          <Value>createTimeStamp:546:1:55a73700-c891-46fd-8f5c-72bc827f2ef5:20160407213828.856:546</Value>
          <Value>entryDN:546:1:55a73700-c891-46fd-8f5c-72bc827f2ef5:20160407213828.856:546</Value>
          <Value>isSingleValued:546:1:55a73700-c891-46fd-8f5c-72bc827f2ef5:20160407213828.856:546</Value>
          <Value>lDAPDisplayName:546:1:55a73700-c891-46fd-8f5c-72bc827f2ef5:20160407213828.856:546</Value>
          <Value>modifyTimeStamp:546:1:55a73700-c891-46fd-8f5c-72bc827f2ef5:20160407213828.856:546</Value>
          <Value>objectClass:546:1:55a73700-c891-46fd-8f5c-72bc827f2ef5:20160407213828.856:546</Value>
          <Value>objectGUID:546:1:55a73700-c891-46fd-8f5c-72bc827f2ef5:20160407213828.856:546</Value>
          <Value>oMSyntax:546:1:55a73700-c891-46fd-8f5c-72bc827f2ef5:20160407213828.856:546</Value>
          <Value>schemaIDGUID:546:1:55a73700-c891-46fd-8f5c-72bc827f2ef5:20160407213828.856:546</Value>
          <Value>uSNChanged:546:1:55a73700-c891-46fd-8f5c-72bc827f2ef5:20160407213828.856:546</Value>
          <Value>uSNCreated:546:1:55a73700-c891-46fd-8f5c-72bc827f2ef5:20160407213828.856:546</Value>
          <Value>vmwAttributeUsage:546:1:55a73700-c891-46fd-8f5c-72bc827f2ef5:20160407213828.856:546</Value>
        </AttributeMetadata>
      </AttributeSchemaEntry>
      <AttributeSchemaEntry>
        <Name>msDFSR-ReplicationGroupType</Name>
        <AttributeMetadata>
          <Value>attributeID:276:1:55a73700-c891-46fd-8f5c-72bc827f2ef5:20160407213828.431:276</Value>
          <Value>attributeSyntax:276:1:55a73700-c891-46fd-8f5c-72bc827f2ef5:20160407213828.431:276</Value>
          <Value>cn:276:1:55a73700-c891-46fd-8f5c-72bc827f2ef5:20160407213828.431:276</Value>
          <Value>createTimeStamp:276:1:55a73700-c891-46fd-8f5c-72bc827f2ef5:20160407213828.431:276</Value>
          <Value>entryDN:276:1:55a73700-c891-46fd-8f5c-72bc827f2ef5:20160407213828.431:276</Value>
          <Value>isSingleValued:276:1:55a73700-c891-46fd-8f5c-72bc827f2ef5:20160407213828.431:276</Value>
          <Value>lDAPDisplayName:276:1:55a73700-c891-46fd-8f5c-72bc827f2ef5:20160407213828.431:276</Value>
          <Value>modifyTimeStamp:276:1:55a73700-c891-46fd-8f5c-72bc827f2ef5:20160407213828.431:276</Value>
          <Value>objectClass:276:1:55a73700-c891-46fd-8f5c-72bc827f2ef5:20160407213828.431:276</Value>
          <Value>objectGUID:276:1:55a73700-c891-46fd-8f5c-72bc827f2ef5:20160407213828.431:276</Value>
          <Value>oMSyntax:276:1:55a73700-c891-46fd-8f5c-72bc827f2ef5:20160407213828.431:276</Value>
          <Value>schemaIDGUID:276:1:55a73700-c891-46fd-8f5c-72bc827f2ef5:20160407213828.431:276</Value>
          <Value>uSNChanged:276:1:55a73700-c891-46fd-8f5c-72bc827f2ef5:20160407213828.431:276</Value>
          <Value>uSNCreated:276:1:55a73700-c891-46fd-8f5c-72bc827f2ef5:20160407213828.431:276</Value>
          <Value>vmwAttributeUsage:276:1:55a73700-c891-46fd-8f5c-72bc827f2ef5:20160407213828.431:276</Value>
        </AttributeMetadata>
      </AttributeSchemaEntry>
      <AttributeSchemaEntry>
        <Name>msDFSR-RootFence</Name>
        <AttributeMetadata>
          <Value>attributeID:527:1:55a73700-c891-46fd-8f5c-72bc827f2ef5:20160407213828.826:527</Value>
          <Value>attributeSyntax:527:1:55a73700-c891-46fd-8f5c-72bc827f2ef5:20160407213828.826:527</Value>
          <Value>cn:527:1:55a73700-c891-46fd-8f5c-72bc827f2ef5:20160407213828.826:527</Value>
          <Value>createTimeStamp:527:1:55a73700-c891-46fd-8f5c-72bc827f2ef5:20160407213828.826:527</Value>
          <Value>entryDN:527:1:55a73700-c891-46fd-8f5c-72bc827f2ef5:20160407213828.826:527</Value>
          <Value>isSingleValued:527:1:55a73700-c891-46fd-8f5c-72bc827f2ef5:20160407213828.826:527</Value>
          <Value>lDAPDisplayName:527:1:55a73700-c891-46fd-8f5c-72bc827f2ef5:20160407213828.826:527</Value>
          <Value>modifyTimeStamp:527:1:55a73700-c891-46fd-8f5c-72bc827f2ef5:20160407213828.826:527</Value>
          <Value>objectClass:527:1:55a73700-c891-46fd-8f5c-72bc827f2ef5:20160407213828.826:527</Value>
          <Value>objectGUID:527:1:55a73700-c891-46fd-8f5c-72bc827f2ef5:20160407213828.826:527</Value>
          <Value>oMSyntax:527:1:55a73700-c891-46fd-8f5c-72bc827f2ef5:20160407213828.826:527</Value>
          <Value>schemaIDGUID:527:1:55a73700-c891-46fd-8f5c-72bc827f2ef5:20160407213828.826:527</Value>
          <Value>uSNChanged:527:1:55a73700-c891-46fd-8f5c-72bc827f2ef5:20160407213828.826:527</Value>
          <Value>uSNCreated:527:1:55a73700-c891-46fd-8f5c-72bc827f2ef5:20160407213828.826:527</Value>
          <Value>vmwAttributeUsage:527:1:55a73700-c891-46fd-8f5c-72bc827f2ef5:20160407213828.826:527</Value>
        </AttributeMetadata>
      </AttributeSchemaEntry>
      <AttributeSchemaEntry>
        <Name>msDFSR-RootPath</Name>
        <AttributeMetadata>
          <Value>attributeID:294:1:55a73700-c891-46fd-8f5c-72bc827f2ef5:20160407213828.452:294</Value>
          <Value>attributeSyntax:294:1:55a73700-c891-46fd-8f5c-72bc827f2ef5:20160407213828.452:294</Value>
          <Value>cn:294:1:55a73700-c891-46fd-8f5c-72bc827f2ef5:20160407213828.452:294</Value>
          <Value>createTimeStamp:294:1:55a73700-c891-46fd-8f5c-72bc827f2ef5:20160407213828.452:294</Value>
          <Value>entryDN:294:1:55a73700-c891-46fd-8f5c-72bc827f2ef5:20160407213828.452:294</Value>
          <Value>isSingleValued:294:1:55a73700-c891-46fd-8f5c-72bc827f2ef5:20160407213828.452:294</Value>
          <Value>lDAPDisplayName:294:1:55a73700-c891-46fd-8f5c-72bc827f2ef5:20160407213828.452:294</Value>
          <Value>modifyTimeStamp:294:1:55a73700-c891-46fd-8f5c-72bc827f2ef5:20160407213828.452:294</Value>
          <Value>objectClass:294:1:55a73700-c891-46fd-8f5c-72bc827f2ef5:20160407213828.452:294</Value>
          <Value>objectGUID:294:1:55a73700-c891-46fd-8f5c-72bc827f2ef5:20160407213828.452:294</Value>
          <Value>oMSyntax:294:1:55a73700-c891-46fd-8f5c-72bc827f2ef5:20160407213828.452:294</Value>
          <Value>schemaIDGUID:294:1:55a73700-c891-46fd-8f5c-72bc827f2ef5:20160407213828.452:294</Value>
          <Value>uSNChanged:294:1:55a73700-c891-46fd-8f5c-72bc827f2ef5:20160407213828.452:294</Value>
          <Value>uSNCreated:294:1:55a73700-c891-46fd-8f5c-72bc827f2ef5:20160407213828.452:294</Value>
          <Value>vmwAttributeUsage:294:1:55a73700-c891-46fd-8f5c-72bc827f2ef5:20160407213828.452:294</Value>
        </AttributeMetadata>
      </AttributeSchemaEntry>
      <AttributeSchemaEntry>
        <Name>msDFSR-RootSizeInMb</Name>
        <AttributeMetadata>
          <Value>attributeID:1252:1:55a73700-c891-46fd-8f5c-72bc827f2ef5:20160407213830.087:1252</Value>
          <Value>attributeSyntax:1252:1:55a73700-c891-46fd-8f5c-72bc827f2ef5:20160407213830.087:1252</Value>
          <Value>cn:1252:1:55a73700-c891-46fd-8f5c-72bc827f2ef5:20160407213830.087:1252</Value>
          <Value>createTimeStamp:1252:1:55a73700-c891-46fd-8f5c-72bc827f2ef5:20160407213830.087:1252</Value>
          <Value>entryDN:1252:1:55a73700-c891-46fd-8f5c-72bc827f2ef5:20160407213830.087:1252</Value>
          <Value>isSingleValued:1252:1:55a73700-c891-46fd-8f5c-72bc827f2ef5:20160407213830.087:1252</Value>
          <Value>lDAPDisplayName:1252:1:55a73700-c891-46fd-8f5c-72bc827f2ef5:20160407213830.087:1252</Value>
          <Value>modifyTimeStamp:1252:1:55a73700-c891-46fd-8f5c-72bc827f2ef5:20160407213830.087:1252</Value>
          <Value>objectClass:1252:1:55a73700-c891-46fd-8f5c-72bc827f2ef5:20160407213830.087:1252</Value>
          <Value>objectGUID:1252:1:55a73700-c891-46fd-8f5c-72bc827f2ef5:20160407213830.087:1252</Value>
          <Value>oMSyntax:1252:1:55a73700-c891-46fd-8f5c-72bc827f2ef5:20160407213830.087:1252</Value>
          <Value>schemaIDGUID:1252:1:55a73700-c891-46fd-8f5c-72bc827f2ef5:20160407213830.087:1252</Value>
          <Value>uSNChanged:1252:1:55a73700-c891-46fd-8f5c-72bc827f2ef5:20160407213830.087:1252</Value>
          <Value>uSNCreated:1252:1:55a73700-c891-46fd-8f5c-72bc827f2ef5:20160407213830.087:1252</Value>
          <Value>vmwAttributeUsage:1252:1:55a73700-c891-46fd-8f5c-72bc827f2ef5:20160407213830.087:1252</Value>
        </AttributeMetadata>
      </AttributeSchemaEntry>
      <AttributeSchemaEntry>
        <Name>msDFSR-Schedule</Name>
        <AttributeMetadata>
          <Value>attributeID:515:1:55a73700-c891-46fd-8f5c-72bc827f2ef5:20160407213828.803:515</Value>
          <Value>attributeSyntax:515:1:55a73700-c891-46fd-8f5c-72bc827f2ef5:20160407213828.803:515</Value>
          <Value>cn:515:1:55a73700-c891-46fd-8f5c-72bc827f2ef5:20160407213828.803:515</Value>
          <Value>createTimeStamp:515:1:55a73700-c891-46fd-8f5c-72bc827f2ef5:20160407213828.803:515</Value>
          <Value>entryDN:515:1:55a73700-c891-46fd-8f5c-72bc827f2ef5:20160407213828.803:515</Value>
          <Value>isSingleValued:515:1:55a73700-c891-46fd-8f5c-72bc827f2ef5:20160407213828.803:515</Value>
          <Value>lDAPDisplayName:515:1:55a73700-c891-46fd-8f5c-72bc827f2ef5:20160407213828.803:515</Value>
          <Value>modifyTimeStamp:515:1:55a73700-c891-46fd-8f5c-72bc827f2ef5:20160407213828.803:515</Value>
          <Value>objectClass:515:1:55a73700-c891-46fd-8f5c-72bc827f2ef5:20160407213828.803:515</Value>
          <Value>objectGUID:515:1:55a73700-c891-46fd-8f5c-72bc827f2ef5:20160407213828.803:515</Value>
          <Value>oMSyntax:515:1:55a73700-c891-46fd-8f5c-72bc827f2ef5:20160407213828.803:515</Value>
          <Value>schemaIDGUID:515:1:55a73700-c891-46fd-8f5c-72bc827f2ef5:20160407213828.803:515</Value>
          <Value>uSNChanged:515:1:55a73700-c891-46fd-8f5c-72bc827f2ef5:20160407213828.803:515</Value>
          <Value>uSNCreated:515:1:55a73700-c891-46fd-8f5c-72bc827f2ef5:20160407213828.803:515</Value>
          <Value>vmwAttributeUsage:515:1:55a73700-c891-46fd-8f5c-72bc827f2ef5:20160407213828.803:515</Value>
        </AttributeMetadata>
      </AttributeSchemaEntry>
      <AttributeSchemaEntry>
        <Name>msDFSR-StagingCleanupTriggerInPercent</Name>
        <AttributeMetadata>
          <Value>attributeID:1235:1:55a73700-c891-46fd-8f5c-72bc827f2ef5:20160407213830.057:1235</Value>
          <Value>attributeSyntax:1235:1:55a73700-c891-46fd-8f5c-72bc827f2ef5:20160407213830.057:1235</Value>
          <Value>cn:1235:1:55a73700-c891-46fd-8f5c-72bc827f2ef5:20160407213830.057:1235</Value>
          <Value>createTimeStamp:1235:1:55a73700-c891-46fd-8f5c-72bc827f2ef5:20160407213830.057:1235</Value>
          <Value>entryDN:1235:1:55a73700-c891-46fd-8f5c-72bc827f2ef5:20160407213830.057:1235</Value>
          <Value>isSingleValued:1235:1:55a73700-c891-46fd-8f5c-72bc827f2ef5:20160407213830.057:1235</Value>
          <Value>lDAPDisplayName:1235:1:55a73700-c891-46fd-8f5c-72bc827f2ef5:20160407213830.057:1235</Value>
          <Value>modifyTimeStamp:1235:1:55a73700-c891-46fd-8f5c-72bc827f2ef5:20160407213830.057:1235</Value>
          <Value>objectClass:1235:1:55a73700-c891-46fd-8f5c-72bc827f2ef5:20160407213830.057:1235</Value>
          <Value>objectGUID:1235:1:55a73700-c891-46fd-8f5c-72bc827f2ef5:20160407213830.057:1235</Value>
          <Value>oMSyntax:1235:1:55a73700-c891-46fd-8f5c-72bc827f2ef5:20160407213830.057:1235</Value>
          <Value>schemaIDGUID:1235:1:55a73700-c891-46fd-8f5c-72bc827f2ef5:20160407213830.057:1235</Value>
          <Value>uSNChanged:1235:1:55a73700-c891-46fd-8f5c-72bc827f2ef5:20160407213830.057:1235</Value>
          <Value>uSNCreated:1235:1:55a73700-c891-46fd-8f5c-72bc827f2ef5:20160407213830.057:1235</Value>
          <Value>vmwAttributeUsage:1235:1:55a73700-c891-46fd-8f5c-72bc827f2ef5:20160407213830.057:1235</Value>
        </AttributeMetadata>
      </AttributeSchemaEntry>
      <AttributeSchemaEntry>
        <Name>msDFSR-StagingPath</Name>
        <AttributeMetadata>
          <Value>attributeID:780:1:55a73700-c891-46fd-8f5c-72bc827f2ef5:20160407213829.261:780</Value>
          <Value>attributeSyntax:780:1:55a73700-c891-46fd-8f5c-72bc827f2ef5:20160407213829.261:780</Value>
          <Value>cn:780:1:55a73700-c891-46fd-8f5c-72bc827f2ef5:20160407213829.261:780</Value>
          <Value>createTimeStamp:780:1:55a73700-c891-46fd-8f5c-72bc827f2ef5:20160407213829.261:780</Value>
          <Value>entryDN:780:1:55a73700-c891-46fd-8f5c-72bc827f2ef5:20160407213829.261:780</Value>
          <Value>isSingleValued:780:1:55a73700-c891-46fd-8f5c-72bc827f2ef5:20160407213829.261:780</Value>
          <Value>lDAPDisplayName:780:1:55a73700-c891-46fd-8f5c-72bc827f2ef5:20160407213829.261:780</Value>
          <Value>modifyTimeStamp:780:1:55a73700-c891-46fd-8f5c-72bc827f2ef5:20160407213829.261:780</Value>
          <Value>objectClass:780:1:55a73700-c891-46fd-8f5c-72bc827f2ef5:20160407213829.261:780</Value>
          <Value>objectGUID:780:1:55a73700-c891-46fd-8f5c-72bc827f2ef5:20160407213829.261:780</Value>
          <Value>oMSyntax:780:1:55a73700-c891-46fd-8f5c-72bc827f2ef5:20160407213829.261:780</Value>
          <Value>schemaIDGUID:780:1:55a73700-c891-46fd-8f5c-72bc827f2ef5:20160407213829.261:780</Value>
          <Value>uSNChanged:780:1:55a73700-c891-46fd-8f5c-72bc827f2ef5:20160407213829.261:780</Value>
          <Value>uSNCreated:780:1:55a73700-c891-46fd-8f5c-72bc827f2ef5:20160407213829.261:780</Value>
          <Value>vmwAttributeUsage:780:1:55a73700-c891-46fd-8f5c-72bc827f2ef5:20160407213829.261:780</Value>
        </AttributeMetadata>
      </AttributeSchemaEntry>
      <AttributeSchemaEntry>
        <Name>msDFSR-StagingSizeInMb</Name>
        <AttributeMetadata>
          <Value>attributeID:170:1:55a73700-c891-46fd-8f5c-72bc827f2ef5:20160407213828.276:170</Value>
          <Value>attributeSyntax:170:1:55a73700-c891-46fd-8f5c-72bc827f2ef5:20160407213828.276:170</Value>
          <Value>cn:170:1:55a73700-c891-46fd-8f5c-72bc827f2ef5:20160407213828.276:170</Value>
          <Value>createTimeStamp:170:1:55a73700-c891-46fd-8f5c-72bc827f2ef5:20160407213828.276:170</Value>
          <Value>entryDN:170:1:55a73700-c891-46fd-8f5c-72bc827f2ef5:20160407213828.276:170</Value>
          <Value>isSingleValued:170:1:55a73700-c891-46fd-8f5c-72bc827f2ef5:20160407213828.276:170</Value>
          <Value>lDAPDisplayName:170:1:55a73700-c891-46fd-8f5c-72bc827f2ef5:20160407213828.276:170</Value>
          <Value>modifyTimeStamp:170:1:55a73700-c891-46fd-8f5c-72bc827f2ef5:20160407213828.276:170</Value>
          <Value>objectClass:170:1:55a73700-c891-46fd-8f5c-72bc827f2ef5:20160407213828.276:170</Value>
          <Value>objectGUID:170:1:55a73700-c891-46fd-8f5c-72bc827f2ef5:20160407213828.276:170</Value>
          <Value>oMSyntax:170:1:55a73700-c891-46fd-8f5c-72bc827f2ef5:20160407213828.276:170</Value>
          <Value>schemaIDGUID:170:1:55a73700-c891-46fd-8f5c-72bc827f2ef5:20160407213828.276:170</Value>
          <Value>uSNChanged:170:1:55a73700-c891-46fd-8f5c-72bc827f2ef5:20160407213828.276:170</Value>
          <Value>uSNCreated:170:1:55a73700-c891-46fd-8f5c-72bc827f2ef5:20160407213828.276:170</Value>
          <Value>vmwAttributeUsage:170:1:55a73700-c891-46fd-8f5c-72bc827f2ef5:20160407213828.276:170</Value>
        </AttributeMetadata>
      </AttributeSchemaEntry>
      <AttributeSchemaEntry>
        <Name>msDFSR-TombstoneExpiryInMin</Name>
        <AttributeMetadata>
          <Value>attributeID:1577:1:55a73700-c891-46fd-8f5c-72bc827f2ef5:20160407213830.622:1577</Value>
          <Value>attributeSyntax:1577:1:55a73700-c891-46fd-8f5c-72bc827f2ef5:20160407213830.622:1577</Value>
          <Value>cn:1577:1:55a73700-c891-46fd-8f5c-72bc827f2ef5:20160407213830.622:1577</Value>
          <Value>createTimeStamp:1577:1:55a73700-c891-46fd-8f5c-72bc827f2ef5:20160407213830.622:1577</Value>
          <Value>entryDN:1577:1:55a73700-c891-46fd-8f5c-72bc827f2ef5:20160407213830.622:1577</Value>
          <Value>isSingleValued:1577:1:55a73700-c891-46fd-8f5c-72bc827f2ef5:20160407213830.622:1577</Value>
          <Value>lDAPDisplayName:1577:1:55a73700-c891-46fd-8f5c-72bc827f2ef5:20160407213830.622:1577</Value>
          <Value>modifyTimeStamp:1577:1:55a73700-c891-46fd-8f5c-72bc827f2ef5:20160407213830.622:1577</Value>
          <Value>objectClass:1577:1:55a73700-c891-46fd-8f5c-72bc827f2ef5:20160407213830.622:1577</Value>
          <Value>objectGUID:1577:1:55a73700-c891-46fd-8f5c-72bc827f2ef5:20160407213830.622:1577</Value>
          <Value>oMSyntax:1577:1:55a73700-c891-46fd-8f5c-72bc827f2ef5:20160407213830.622:1577</Value>
          <Value>schemaIDGUID:1577:1:55a73700-c891-46fd-8f5c-72bc827f2ef5:20160407213830.622:1577</Value>
          <Value>uSNChanged:1577:1:55a73700-c891-46fd-8f5c-72bc827f2ef5:20160407213830.622:1577</Value>
          <Value>uSNCreated:1577:1:55a73700-c891-46fd-8f5c-72bc827f2ef5:20160407213830.622:1577</Value>
          <Value>vmwAttributeUsage:1577:1:55a73700-c891-46fd-8f5c-72bc827f2ef5:20160407213830.622:1577</Value>
        </AttributeMetadata>
      </AttributeSchemaEntry>
      <AttributeSchemaEntry>
        <Name>msDFSR-Version</Name>
        <AttributeMetadata>
          <Value>attributeID:482:1:55a73700-c891-46fd-8f5c-72bc827f2ef5:20160407213828.745:482</Value>
          <Value>attributeSyntax:482:1:55a73700-c891-46fd-8f5c-72bc827f2ef5:20160407213828.745:482</Value>
          <Value>cn:482:1:55a73700-c891-46fd-8f5c-72bc827f2ef5:20160407213828.745:482</Value>
          <Value>createTimeStamp:482:1:55a73700-c891-46fd-8f5c-72bc827f2ef5:20160407213828.745:482</Value>
          <Value>entryDN:482:1:55a73700-c891-46fd-8f5c-72bc827f2ef5:20160407213828.745:482</Value>
          <Value>isSingleValued:482:1:55a73700-c891-46fd-8f5c-72bc827f2ef5:20160407213828.745:482</Value>
          <Value>lDAPDisplayName:482:1:55a73700-c891-46fd-8f5c-72bc827f2ef5:20160407213828.745:482</Value>
          <Value>modifyTimeStamp:482:1:55a73700-c891-46fd-8f5c-72bc827f2ef5:20160407213828.745:482</Value>
          <Value>objectClass:482:1:55a73700-c891-46fd-8f5c-72bc827f2ef5:20160407213828.745:482</Value>
          <Value>objectGUID:482:1:55a73700-c891-46fd-8f5c-72bc827f2ef5:20160407213828.745:482</Value>
          <Value>oMSyntax:482:1:55a73700-c891-46fd-8f5c-72bc827f2ef5:20160407213828.745:482</Value>
          <Value>schemaIDGUID:482:1:55a73700-c891-46fd-8f5c-72bc827f2ef5:20160407213828.745:482</Value>
          <Value>uSNChanged:482:1:55a73700-c891-46fd-8f5c-72bc827f2ef5:20160407213828.745:482</Value>
          <Value>uSNCreated:482:1:55a73700-c891-46fd-8f5c-72bc827f2ef5:20160407213828.745:482</Value>
          <Value>vmwAttributeUsage:482:1:55a73700-c891-46fd-8f5c-72bc827f2ef5:20160407213828.745:482</Value>
        </AttributeMetadata>
      </AttributeSchemaEntry>
      <AttributeSchemaEntry>
        <Name>msDFS-SchemaMajorVersion</Name>
        <AttributeMetadata>
          <Value>attributeID:789:1:55a73700-c891-46fd-8f5c-72bc827f2ef5:20160407213829.273:789</Value>
          <Value>attributeSyntax:789:1:55a73700-c891-46fd-8f5c-72bc827f2ef5:20160407213829.273:789</Value>
          <Value>cn:789:1:55a73700-c891-46fd-8f5c-72bc827f2ef5:20160407213829.273:789</Value>
          <Value>createTimeStamp:789:1:55a73700-c891-46fd-8f5c-72bc827f2ef5:20160407213829.273:789</Value>
          <Value>entryDN:789:1:55a73700-c891-46fd-8f5c-72bc827f2ef5:20160407213829.273:789</Value>
          <Value>isSingleValued:789:1:55a73700-c891-46fd-8f5c-72bc827f2ef5:20160407213829.273:789</Value>
          <Value>lDAPDisplayName:789:1:55a73700-c891-46fd-8f5c-72bc827f2ef5:20160407213829.273:789</Value>
          <Value>modifyTimeStamp:789:1:55a73700-c891-46fd-8f5c-72bc827f2ef5:20160407213829.273:789</Value>
          <Value>objectClass:789:1:55a73700-c891-46fd-8f5c-72bc827f2ef5:20160407213829.273:789</Value>
          <Value>objectGUID:789:1:55a73700-c891-46fd-8f5c-72bc827f2ef5:20160407213829.273:789</Value>
          <Value>oMSyntax:789:1:55a73700-c891-46fd-8f5c-72bc827f2ef5:20160407213829.273:789</Value>
          <Value>schemaIDGUID:789:1:55a73700-c891-46fd-8f5c-72bc827f2ef5:20160407213829.273:789</Value>
          <Value>uSNChanged:789:1:55a73700-c891-46fd-8f5c-72bc827f2ef5:20160407213829.273:789</Value>
          <Value>uSNCreated:789:1:55a73700-c891-46fd-8f5c-72bc827f2ef5:20160407213829.273:789</Value>
          <Value>vmwAttributeUsage:789:1:55a73700-c891-46fd-8f5c-72bc827f2ef5:20160407213829.273:789</Value>
        </AttributeMetadata>
      </AttributeSchemaEntry>
      <AttributeSchemaEntry>
        <Name>msDFS-SchemaMinorVersion</Name>
        <AttributeMetadata>
          <Value>attributeID:108:1:55a73700-c891-46fd-8f5c-72bc827f2ef5:20160407213828.199:108</Value>
          <Value>attributeSyntax:108:1:55a73700-c891-46fd-8f5c-72bc827f2ef5:20160407213828.199:108</Value>
          <Value>cn:108:1:55a73700-c891-46fd-8f5c-72bc827f2ef5:20160407213828.199:108</Value>
          <Value>createTimeStamp:108:1:55a73700-c891-46fd-8f5c-72bc827f2ef5:20160407213828.199:108</Value>
          <Value>entryDN:108:1:55a73700-c891-46fd-8f5c-72bc827f2ef5:20160407213828.199:108</Value>
          <Value>isSingleValued:108:1:55a73700-c891-46fd-8f5c-72bc827f2ef5:20160407213828.199:108</Value>
          <Value>lDAPDisplayName:108:1:55a73700-c891-46fd-8f5c-72bc827f2ef5:20160407213828.199:108</Value>
          <Value>modifyTimeStamp:108:1:55a73700-c891-46fd-8f5c-72bc827f2ef5:20160407213828.199:108</Value>
          <Value>objectClass:108:1:55a73700-c891-46fd-8f5c-72bc827f2ef5:20160407213828.199:108</Value>
          <Value>objectGUID:108:1:55a73700-c891-46fd-8f5c-72bc827f2ef5:20160407213828.199:108</Value>
          <Value>oMSyntax:108:1:55a73700-c891-46fd-8f5c-72bc827f2ef5:20160407213828.199:108</Value>
          <Value>schemaIDGUID:108:1:55a73700-c891-46fd-8f5c-72bc827f2ef5:20160407213828.199:108</Value>
          <Value>uSNChanged:108:1:55a73700-c891-46fd-8f5c-72bc827f2ef5:20160407213828.199:108</Value>
          <Value>uSNCreated:108:1:55a73700-c891-46fd-8f5c-72bc827f2ef5:20160407213828.199:108</Value>
          <Value>vmwAttributeUsage:108:1:55a73700-c891-46fd-8f5c-72bc827f2ef5:20160407213828.199:108</Value>
        </AttributeMetadata>
      </AttributeSchemaEntry>
      <AttributeSchemaEntry>
        <Name>msDFS-ShortNameLinkPathv2</Name>
        <AttributeMetadata>
          <Value>attributeID:1060:1:55a73700-c891-46fd-8f5c-72bc827f2ef5:20160407213829.736:1060</Value>
          <Value>attributeSyntax:1060:1:55a73700-c891-46fd-8f5c-72bc827f2ef5:20160407213829.736:1060</Value>
          <Value>cn:1060:1:55a73700-c891-46fd-8f5c-72bc827f2ef5:20160407213829.736:1060</Value>
          <Value>createTimeStamp:1060:1:55a73700-c891-46fd-8f5c-72bc827f2ef5:20160407213829.736:1060</Value>
          <Value>entryDN:1060:1:55a73700-c891-46fd-8f5c-72bc827f2ef5:20160407213829.736:1060</Value>
          <Value>isSingleValued:1060:1:55a73700-c891-46fd-8f5c-72bc827f2ef5:20160407213829.736:1060</Value>
          <Value>lDAPDisplayName:1060:1:55a73700-c891-46fd-8f5c-72bc827f2ef5:20160407213829.736:1060</Value>
          <Value>modifyTimeStamp:1060:1:55a73700-c891-46fd-8f5c-72bc827f2ef5:20160407213829.736:1060</Value>
          <Value>objectClass:1060:1:55a73700-c891-46fd-8f5c-72bc827f2ef5:20160407213829.736:1060</Value>
          <Value>objectGUID:1060:1:55a73700-c891-46fd-8f5c-72bc827f2ef5:20160407213829.736:1060</Value>
          <Value>oMSyntax:1060:1:55a73700-c891-46fd-8f5c-72bc827f2ef5:20160407213829.736:1060</Value>
          <Value>schemaIDGUID:1060:1:55a73700-c891-46fd-8f5c-72bc827f2ef5:20160407213829.736:1060</Value>
          <Value>uSNChanged:1060:1:55a73700-c891-46fd-8f5c-72bc827f2ef5:20160407213829.736:1060</Value>
          <Value>uSNCreated:1060:1:55a73700-c891-46fd-8f5c-72bc827f2ef5:20160407213829.736:1060</Value>
          <Value>vmwAttributeUsage:1060:1:55a73700-c891-46fd-8f5c-72bc827f2ef5:20160407213829.736:1060</Value>
        </AttributeMetadata>
      </AttributeSchemaEntry>
      <AttributeSchemaEntry>
        <Name>msDFS-TargetListv2</Name>
        <AttributeMetadata>
          <Value>attributeID:368:1:55a73700-c891-46fd-8f5c-72bc827f2ef5:20160407213828.568:368</Value>
          <Value>attributeSyntax:368:1:55a73700-c891-46fd-8f5c-72bc827f2ef5:20160407213828.568:368</Value>
          <Value>cn:368:1:55a73700-c891-46fd-8f5c-72bc827f2ef5:20160407213828.568:368</Value>
          <Value>createTimeStamp:368:1:55a73700-c891-46fd-8f5c-72bc827f2ef5:20160407213828.568:368</Value>
          <Value>entryDN:368:1:55a73700-c891-46fd-8f5c-72bc827f2ef5:20160407213828.568:368</Value>
          <Value>isSingleValued:368:1:55a73700-c891-46fd-8f5c-72bc827f2ef5:20160407213828.568:368</Value>
          <Value>lDAPDisplayName:368:1:55a73700-c891-46fd-8f5c-72bc827f2ef5:20160407213828.568:368</Value>
          <Value>modifyTimeStamp:368:1:55a73700-c891-46fd-8f5c-72bc827f2ef5:20160407213828.568:368</Value>
          <Value>objectClass:368:1:55a73700-c891-46fd-8f5c-72bc827f2ef5:20160407213828.568:368</Value>
          <Value>objectGUID:368:1:55a73700-c891-46fd-8f5c-72bc827f2ef5:20160407213828.568:368</Value>
          <Value>oMSyntax:368:1:55a73700-c891-46fd-8f5c-72bc827f2ef5:20160407213828.568:368</Value>
          <Value>schemaIDGUID:368:1:55a73700-c891-46fd-8f5c-72bc827f2ef5:20160407213828.568:368</Value>
          <Value>uSNChanged:368:1:55a73700-c891-46fd-8f5c-72bc827f2ef5:20160407213828.568:368</Value>
          <Value>uSNCreated:368:1:55a73700-c891-46fd-8f5c-72bc827f2ef5:20160407213828.568:368</Value>
          <Value>vmwAttributeUsage:368:1:55a73700-c891-46fd-8f5c-72bc827f2ef5:20160407213828.568:368</Value>
        </AttributeMetadata>
      </AttributeSchemaEntry>
      <AttributeSchemaEntry>
        <Name>msDFS-Ttlv2</Name>
        <AttributeMetadata>
          <Value>attributeID:643:1:55a73700-c891-46fd-8f5c-72bc827f2ef5:20160407213829.026:643</Value>
          <Value>attributeSyntax:643:1:55a73700-c891-46fd-8f5c-72bc827f2ef5:20160407213829.026:643</Value>
          <Value>cn:643:1:55a73700-c891-46fd-8f5c-72bc827f2ef5:20160407213829.026:643</Value>
          <Value>createTimeStamp:643:1:55a73700-c891-46fd-8f5c-72bc827f2ef5:20160407213829.026:643</Value>
          <Value>entryDN:643:1:55a73700-c891-46fd-8f5c-72bc827f2ef5:20160407213829.026:643</Value>
          <Value>isSingleValued:643:1:55a73700-c891-46fd-8f5c-72bc827f2ef5:20160407213829.026:643</Value>
          <Value>lDAPDisplayName:643:1:55a73700-c891-46fd-8f5c-72bc827f2ef5:20160407213829.026:643</Value>
          <Value>modifyTimeStamp:643:1:55a73700-c891-46fd-8f5c-72bc827f2ef5:20160407213829.026:643</Value>
          <Value>objectClass:643:1:55a73700-c891-46fd-8f5c-72bc827f2ef5:20160407213829.026:643</Value>
          <Value>objectGUID:643:1:55a73700-c891-46fd-8f5c-72bc827f2ef5:20160407213829.026:643</Value>
          <Value>oMSyntax:643:1:55a73700-c891-46fd-8f5c-72bc827f2ef5:20160407213829.026:643</Value>
          <Value>schemaIDGUID:643:1:55a73700-c891-46fd-8f5c-72bc827f2ef5:20160407213829.026:643</Value>
          <Value>uSNChanged:643:1:55a73700-c891-46fd-8f5c-72bc827f2ef5:20160407213829.026:643</Value>
          <Value>uSNCreated:643:1:55a73700-c891-46fd-8f5c-72bc827f2ef5:20160407213829.026:643</Value>
          <Value>vmwAttributeUsage:643:1:55a73700-c891-46fd-8f5c-72bc827f2ef5:20160407213829.026:643</Value>
        </AttributeMetadata>
      </AttributeSchemaEntry>
      <AttributeSchemaEntry>
        <Name>msDRM-IdentityCertificate</Name>
        <AttributeMetadata>
          <Value>attributeID:1428:1:55a73700-c891-46fd-8f5c-72bc827f2ef5:20160407213830.366:1428</Value>
          <Value>attributeSyntax:1428:1:55a73700-c891-46fd-8f5c-72bc827f2ef5:20160407213830.366:1428</Value>
          <Value>cn:1428:1:55a73700-c891-46fd-8f5c-72bc827f2ef5:20160407213830.366:1428</Value>
          <Value>createTimeStamp:1428:1:55a73700-c891-46fd-8f5c-72bc827f2ef5:20160407213830.366:1428</Value>
          <Value>entryDN:1428:1:55a73700-c891-46fd-8f5c-72bc827f2ef5:20160407213830.366:1428</Value>
          <Value>isSingleValued:1428:1:55a73700-c891-46fd-8f5c-72bc827f2ef5:20160407213830.366:1428</Value>
          <Value>lDAPDisplayName:1428:1:55a73700-c891-46fd-8f5c-72bc827f2ef5:20160407213830.366:1428</Value>
          <Value>modifyTimeStamp:1428:1:55a73700-c891-46fd-8f5c-72bc827f2ef5:20160407213830.366:1428</Value>
          <Value>objectClass:1428:1:55a73700-c891-46fd-8f5c-72bc827f2ef5:20160407213830.366:1428</Value>
          <Value>objectGUID:1428:1:55a73700-c891-46fd-8f5c-72bc827f2ef5:20160407213830.366:1428</Value>
          <Value>oMSyntax:1428:1:55a73700-c891-46fd-8f5c-72bc827f2ef5:20160407213830.366:1428</Value>
          <Value>schemaIDGUID:1428:1:55a73700-c891-46fd-8f5c-72bc827f2ef5:20160407213830.366:1428</Value>
          <Value>uSNChanged:1428:1:55a73700-c891-46fd-8f5c-72bc827f2ef5:20160407213830.366:1428</Value>
          <Value>uSNCreated:1428:1:55a73700-c891-46fd-8f5c-72bc827f2ef5:20160407213830.366:1428</Value>
          <Value>vmwAttributeUsage:1428:1:55a73700-c891-46fd-8f5c-72bc827f2ef5:20160407213830.366:1428</Value>
        </AttributeMetadata>
      </AttributeSchemaEntry>
      <AttributeSchemaEntry>
        <Name>msDS-AdditionalDnsHostName</Name>
        <AttributeMetadata>
          <Value>attributeID:1194:1:55a73700-c891-46fd-8f5c-72bc827f2ef5:20160407213829.981:1194</Value>
          <Value>attributeSyntax:1194:1:55a73700-c891-46fd-8f5c-72bc827f2ef5:20160407213829.981:1194</Value>
          <Value>cn:1194:1:55a73700-c891-46fd-8f5c-72bc827f2ef5:20160407213829.981:1194</Value>
          <Value>createTimeStamp:1194:1:55a73700-c891-46fd-8f5c-72bc827f2ef5:20160407213829.981:1194</Value>
          <Value>entryDN:1194:1:55a73700-c891-46fd-8f5c-72bc827f2ef5:20160407213829.981:1194</Value>
          <Value>isSingleValued:1194:1:55a73700-c891-46fd-8f5c-72bc827f2ef5:20160407213829.981:1194</Value>
          <Value>lDAPDisplayName:1194:1:55a73700-c891-46fd-8f5c-72bc827f2ef5:20160407213829.981:1194</Value>
          <Value>modifyTimeStamp:1194:1:55a73700-c891-46fd-8f5c-72bc827f2ef5:20160407213829.981:1194</Value>
          <Value>objectClass:1194:1:55a73700-c891-46fd-8f5c-72bc827f2ef5:20160407213829.981:1194</Value>
          <Value>objectGUID:1194:1:55a73700-c891-46fd-8f5c-72bc827f2ef5:20160407213829.981:1194</Value>
          <Value>oMSyntax:1194:1:55a73700-c891-46fd-8f5c-72bc827f2ef5:20160407213829.981:1194</Value>
          <Value>schemaIDGUID:1194:1:55a73700-c891-46fd-8f5c-72bc827f2ef5:20160407213829.981:1194</Value>
          <Value>uSNChanged:1194:1:55a73700-c891-46fd-8f5c-72bc827f2ef5:20160407213829.981:1194</Value>
          <Value>uSNCreated:1194:1:55a73700-c891-46fd-8f5c-72bc827f2ef5:20160407213829.981:1194</Value>
          <Value>vmwAttributeUsage:1194:1:55a73700-c891-46fd-8f5c-72bc827f2ef5:20160407213829.981:1194</Value>
        </AttributeMetadata>
      </AttributeSchemaEntry>
      <AttributeSchemaEntry>
        <Name>msDS-AdditionalSamAccountName</Name>
        <AttributeMetadata>
          <Value>attributeID:1268:1:55a73700-c891-46fd-8f5c-72bc827f2ef5:20160407213830.115:1268</Value>
          <Value>attributeSyntax:1268:1:55a73700-c891-46fd-8f5c-72bc827f2ef5:20160407213830.115:1268</Value>
          <Value>cn:1268:1:55a73700-c891-46fd-8f5c-72bc827f2ef5:20160407213830.115:1268</Value>
          <Value>createTimeStamp:1268:1:55a73700-c891-46fd-8f5c-72bc827f2ef5:20160407213830.115:1268</Value>
          <Value>entryDN:1268:1:55a73700-c891-46fd-8f5c-72bc827f2ef5:20160407213830.115:1268</Value>
          <Value>isSingleValued:1268:1:55a73700-c891-46fd-8f5c-72bc827f2ef5:20160407213830.115:1268</Value>
          <Value>lDAPDisplayName:1268:1:55a73700-c891-46fd-8f5c-72bc827f2ef5:20160407213830.115:1268</Value>
          <Value>modifyTimeStamp:1268:1:55a73700-c891-46fd-8f5c-72bc827f2ef5:20160407213830.115:1268</Value>
          <Value>objectClass:1268:1:55a73700-c891-46fd-8f5c-72bc827f2ef5:20160407213830.115:1268</Value>
          <Value>objectGUID:1268:1:55a73700-c891-46fd-8f5c-72bc827f2ef5:20160407213830.115:1268</Value>
          <Value>oMSyntax:1268:1:55a73700-c891-46fd-8f5c-72bc827f2ef5:20160407213830.115:1268</Value>
          <Value>schemaIDGUID:1268:1:55a73700-c891-46fd-8f5c-72bc827f2ef5:20160407213830.115:1268</Value>
          <Value>uSNChanged:1268:1:55a73700-c891-46fd-8f5c-72bc827f2ef5:20160407213830.115:1268</Value>
          <Value>uSNCreated:1268:1:55a73700-c891-46fd-8f5c-72bc827f2ef5:20160407213830.115:1268</Value>
          <Value>vmwAttributeUsage:1268:1:55a73700-c891-46fd-8f5c-72bc827f2ef5:20160407213830.115:1268</Value>
        </AttributeMetadata>
      </AttributeSchemaEntry>
      <AttributeSchemaEntry>
        <Name>msDS-AllowedDNSSuffixes</Name>
        <AttributeMetadata>
          <Value>attributeID:662:1:55a73700-c891-46fd-8f5c-72bc827f2ef5:20160407213829.059:662</Value>
          <Value>attributeSyntax:662:1:55a73700-c891-46fd-8f5c-72bc827f2ef5:20160407213829.059:662</Value>
          <Value>cn:662:1:55a73700-c891-46fd-8f5c-72bc827f2ef5:20160407213829.059:662</Value>
          <Value>createTimeStamp:662:1:55a73700-c891-46fd-8f5c-72bc827f2ef5:20160407213829.059:662</Value>
          <Value>entryDN:662:1:55a73700-c891-46fd-8f5c-72bc827f2ef5:20160407213829.059:662</Value>
          <Value>isSingleValued:662:1:55a73700-c891-46fd-8f5c-72bc827f2ef5:20160407213829.059:662</Value>
          <Value>lDAPDisplayName:662:1:55a73700-c891-46fd-8f5c-72bc827f2ef5:20160407213829.059:662</Value>
          <Value>modifyTimeStamp:662:1:55a73700-c891-46fd-8f5c-72bc827f2ef5:20160407213829.059:662</Value>
          <Value>objectClass:662:1:55a73700-c891-46fd-8f5c-72bc827f2ef5:20160407213829.059:662</Value>
          <Value>objectGUID:662:1:55a73700-c891-46fd-8f5c-72bc827f2ef5:20160407213829.059:662</Value>
          <Value>oMSyntax:662:1:55a73700-c891-46fd-8f5c-72bc827f2ef5:20160407213829.059:662</Value>
          <Value>schemaIDGUID:662:1:55a73700-c891-46fd-8f5c-72bc827f2ef5:20160407213829.059:662</Value>
          <Value>uSNChanged:662:1:55a73700-c891-46fd-8f5c-72bc827f2ef5:20160407213829.059:662</Value>
          <Value>uSNCreated:662:1:55a73700-c891-46fd-8f5c-72bc827f2ef5:20160407213829.059:662</Value>
          <Value>vmwAttributeUsage:662:1:55a73700-c891-46fd-8f5c-72bc827f2ef5:20160407213829.059:662</Value>
        </AttributeMetadata>
      </AttributeSchemaEntry>
      <AttributeSchemaEntry>
        <Name>msDS-AllowedToDelegateTo</Name>
        <AttributeMetadata>
          <Value>attributeID:1739:1:55a73700-c891-46fd-8f5c-72bc827f2ef5:20160407213830.895:1739</Value>
          <Value>attributeSyntax:1739:1:55a73700-c891-46fd-8f5c-72bc827f2ef5:20160407213830.895:1739</Value>
          <Value>cn:1739:1:55a73700-c891-46fd-8f5c-72bc827f2ef5:20160407213830.895:1739</Value>
          <Value>createTimeStamp:1739:1:55a73700-c891-46fd-8f5c-72bc827f2ef5:20160407213830.895:1739</Value>
          <Value>entryDN:1739:1:55a73700-c891-46fd-8f5c-72bc827f2ef5:20160407213830.895:1739</Value>
          <Value>isSingleValued:1739:1:55a73700-c891-46fd-8f5c-72bc827f2ef5:20160407213830.895:1739</Value>
          <Value>lDAPDisplayName:1739:1:55a73700-c891-46fd-8f5c-72bc827f2ef5:20160407213830.895:1739</Value>
          <Value>modifyTimeStamp:1739:1:55a73700-c891-46fd-8f5c-72bc827f2ef5:20160407213830.895:1739</Value>
          <Value>objectClass:1739:1:55a73700-c891-46fd-8f5c-72bc827f2ef5:20160407213830.895:1739</Value>
          <Value>objectGUID:1739:1:55a73700-c891-46fd-8f5c-72bc827f2ef5:20160407213830.895:1739</Value>
          <Value>oMSyntax:1739:1:55a73700-c891-46fd-8f5c-72bc827f2ef5:20160407213830.895:1739</Value>
          <Value>schemaIDGUID:1739:1:55a73700-c891-46fd-8f5c-72bc827f2ef5:20160407213830.895:1739</Value>
          <Value>uSNChanged:1739:1:55a73700-c891-46fd-8f5c-72bc827f2ef5:20160407213830.895:1739</Value>
          <Value>uSNCreated:1739:1:55a73700-c891-46fd-8f5c-72bc827f2ef5:20160407213830.895:1739</Value>
          <Value>vmwAttributeUsage:1739:1:55a73700-c891-46fd-8f5c-72bc827f2ef5:20160407213830.895:1739</Value>
        </AttributeMetadata>
      </AttributeSchemaEntry>
      <AttributeSchemaEntry>
        <Name>msDS-AllUsersTrustQuota</Name>
        <AttributeMetadata>
          <Value>attributeID:599:1:55a73700-c891-46fd-8f5c-72bc827f2ef5:20160407213828.944:599</Value>
          <Value>attributeSyntax:599:1:55a73700-c891-46fd-8f5c-72bc827f2ef5:20160407213828.944:599</Value>
          <Value>cn:599:1:55a73700-c891-46fd-8f5c-72bc827f2ef5:20160407213828.944:599</Value>
          <Value>createTimeStamp:599:1:55a73700-c891-46fd-8f5c-72bc827f2ef5:20160407213828.944:599</Value>
          <Value>entryDN:599:1:55a73700-c891-46fd-8f5c-72bc827f2ef5:20160407213828.944:599</Value>
          <Value>isSingleValued:599:1:55a73700-c891-46fd-8f5c-72bc827f2ef5:20160407213828.944:599</Value>
          <Value>lDAPDisplayName:599:1:55a73700-c891-46fd-8f5c-72bc827f2ef5:20160407213828.944:599</Value>
          <Value>modifyTimeStamp:599:1:55a73700-c891-46fd-8f5c-72bc827f2ef5:20160407213828.944:599</Value>
          <Value>objectClass:599:1:55a73700-c891-46fd-8f5c-72bc827f2ef5:20160407213828.944:599</Value>
          <Value>objectGUID:599:1:55a73700-c891-46fd-8f5c-72bc827f2ef5:20160407213828.944:599</Value>
          <Value>oMSyntax:599:1:55a73700-c891-46fd-8f5c-72bc827f2ef5:20160407213828.944:599</Value>
          <Value>schemaIDGUID:599:1:55a73700-c891-46fd-8f5c-72bc827f2ef5:20160407213828.944:599</Value>
          <Value>uSNChanged:599:1:55a73700-c891-46fd-8f5c-72bc827f2ef5:20160407213828.944:599</Value>
          <Value>uSNCreated:599:1:55a73700-c891-46fd-8f5c-72bc827f2ef5:20160407213828.944:599</Value>
          <Value>vmwAttributeUsage:599:1:55a73700-c891-46fd-8f5c-72bc827f2ef5:20160407213828.944:599</Value>
        </AttributeMetadata>
      </AttributeSchemaEntry>
      <AttributeSchemaEntry>
        <Name>msDS-Approx-Immed-Subordinates</Name>
        <AttributeMetadata>
          <Value>attributeID:1115:1:55a73700-c891-46fd-8f5c-72bc827f2ef5:20160407213829.852:1115</Value>
          <Value>attributeSyntax:1115:1:55a73700-c891-46fd-8f5c-72bc827f2ef5:20160407213829.852:1115</Value>
          <Value>cn:1115:1:55a73700-c891-46fd-8f5c-72bc827f2ef5:20160407213829.852:1115</Value>
          <Value>createTimeStamp:1115:1:55a73700-c891-46fd-8f5c-72bc827f2ef5:20160407213829.852:1115</Value>
          <Value>entryDN:1115:1:55a73700-c891-46fd-8f5c-72bc827f2ef5:20160407213829.852:1115</Value>
          <Value>isSingleValued:1115:1:55a73700-c891-46fd-8f5c-72bc827f2ef5:20160407213829.852:1115</Value>
          <Value>lDAPDisplayName:1115:1:55a73700-c891-46fd-8f5c-72bc827f2ef5:20160407213829.852:1115</Value>
          <Value>modifyTimeStamp:1115:1:55a73700-c891-46fd-8f5c-72bc827f2ef5:20160407213829.852:1115</Value>
          <Value>objectClass:1115:1:55a73700-c891-46fd-8f5c-72bc827f2ef5:20160407213829.852:1115</Value>
          <Value>objectGUID:1115:1:55a73700-c891-46fd-8f5c-72bc827f2ef5:20160407213829.852:1115</Value>
          <Value>oMSyntax:1115:1:55a73700-c891-46fd-8f5c-72bc827f2ef5:20160407213829.852:1115</Value>
          <Value>schemaIDGUID:1115:1:55a73700-c891-46fd-8f5c-72bc827f2ef5:20160407213829.852:1115</Value>
          <Value>uSNChanged:1115:1:55a73700-c891-46fd-8f5c-72bc827f2ef5:20160407213829.852:1115</Value>
          <Value>uSNCreated:1115:1:55a73700-c891-46fd-8f5c-72bc827f2ef5:20160407213829.852:1115</Value>
          <Value>vmwAttributeUsage:1115:1:55a73700-c891-46fd-8f5c-72bc827f2ef5:20160407213829.852:1115</Value>
        </AttributeMetadata>
      </AttributeSchemaEntry>
      <AttributeSchemaEntry>
        <Name>msDS-AuthenticatedAtDC</Name>
        <AttributeMetadata>
          <Value>attributeID:472:1:55a73700-c891-46fd-8f5c-72bc827f2ef5:20160407213828.736:472</Value>
          <Value>attributeSyntax:472:1:55a73700-c891-46fd-8f5c-72bc827f2ef5:20160407213828.736:472</Value>
          <Value>cn:472:1:55a73700-c891-46fd-8f5c-72bc827f2ef5:20160407213828.736:472</Value>
          <Value>createTimeStamp:472:1:55a73700-c891-46fd-8f5c-72bc827f2ef5:20160407213828.736:472</Value>
          <Value>entryDN:472:1:55a73700-c891-46fd-8f5c-72bc827f2ef5:20160407213828.736:472</Value>
          <Value>isSingleValued:472:1:55a73700-c891-46fd-8f5c-72bc827f2ef5:20160407213828.736:472</Value>
          <Value>lDAPDisplayName:472:1:55a73700-c891-46fd-8f5c-72bc827f2ef5:20160407213828.736:472</Value>
          <Value>modifyTimeStamp:472:1:55a73700-c891-46fd-8f5c-72bc827f2ef5:20160407213828.736:472</Value>
          <Value>objectClass:472:1:55a73700-c891-46fd-8f5c-72bc827f2ef5:20160407213828.736:472</Value>
          <Value>objectGUID:472:1:55a73700-c891-46fd-8f5c-72bc827f2ef5:20160407213828.736:472</Value>
          <Value>oMSyntax:472:1:55a73700-c891-46fd-8f5c-72bc827f2ef5:20160407213828.736:472</Value>
          <Value>schemaIDGUID:472:1:55a73700-c891-46fd-8f5c-72bc827f2ef5:20160407213828.736:472</Value>
          <Value>uSNChanged:472:1:55a73700-c891-46fd-8f5c-72bc827f2ef5:20160407213828.736:472</Value>
          <Value>uSNCreated:472:1:55a73700-c891-46fd-8f5c-72bc827f2ef5:20160407213828.736:472</Value>
          <Value>vmwAttributeUsage:472:1:55a73700-c891-46fd-8f5c-72bc827f2ef5:20160407213828.736:472</Value>
        </AttributeMetadata>
      </AttributeSchemaEntry>
      <AttributeSchemaEntry>
        <Name>msDS-AuthenticatedToAccountlist</Name>
        <AttributeMetadata>
          <Value>attributeID:921:1:55a73700-c891-46fd-8f5c-72bc827f2ef5:20160407213829.502:921</Value>
          <Value>attributeSyntax:921:1:55a73700-c891-46fd-8f5c-72bc827f2ef5:20160407213829.502:921</Value>
          <Value>cn:921:1:55a73700-c891-46fd-8f5c-72bc827f2ef5:20160407213829.502:921</Value>
          <Value>createTimeStamp:921:1:55a73700-c891-46fd-8f5c-72bc827f2ef5:20160407213829.502:921</Value>
          <Value>entryDN:921:1:55a73700-c891-46fd-8f5c-72bc827f2ef5:20160407213829.502:921</Value>
          <Value>isSingleValued:921:1:55a73700-c891-46fd-8f5c-72bc827f2ef5:20160407213829.502:921</Value>
          <Value>lDAPDisplayName:921:1:55a73700-c891-46fd-8f5c-72bc827f2ef5:20160407213829.502:921</Value>
          <Value>modifyTimeStamp:921:1:55a73700-c891-46fd-8f5c-72bc827f2ef5:20160407213829.502:921</Value>
          <Value>objectClass:921:1:55a73700-c891-46fd-8f5c-72bc827f2ef5:20160407213829.502:921</Value>
          <Value>objectGUID:921:1:55a73700-c891-46fd-8f5c-72bc827f2ef5:20160407213829.502:921</Value>
          <Value>oMSyntax:921:1:55a73700-c891-46fd-8f5c-72bc827f2ef5:20160407213829.502:921</Value>
          <Value>schemaIDGUID:921:1:55a73700-c891-46fd-8f5c-72bc827f2ef5:20160407213829.502:921</Value>
          <Value>uSNChanged:921:1:55a73700-c891-46fd-8f5c-72bc827f2ef5:20160407213829.502:921</Value>
          <Value>uSNCreated:921:1:55a73700-c891-46fd-8f5c-72bc827f2ef5:20160407213829.502:921</Value>
          <Value>vmwAttributeUsage:921:1:55a73700-c891-46fd-8f5c-72bc827f2ef5:20160407213829.502:921</Value>
        </AttributeMetadata>
      </AttributeSchemaEntry>
      <AttributeSchemaEntry>
        <Name>msDS-Auxiliary-Classes</Name>
        <AttributeMetadata>
          <Value>attributeID:550:1:55a73700-c891-46fd-8f5c-72bc827f2ef5:20160407213828.860:550</Value>
          <Value>attributeSyntax:550:1:55a73700-c891-46fd-8f5c-72bc827f2ef5:20160407213828.860:550</Value>
          <Value>cn:550:1:55a73700-c891-46fd-8f5c-72bc827f2ef5:20160407213828.860:550</Value>
          <Value>createTimeStamp:550:1:55a73700-c891-46fd-8f5c-72bc827f2ef5:20160407213828.860:550</Value>
          <Value>entryDN:550:1:55a73700-c891-46fd-8f5c-72bc827f2ef5:20160407213828.860:550</Value>
          <Value>isSingleValued:550:1:55a73700-c891-46fd-8f5c-72bc827f2ef5:20160407213828.860:550</Value>
          <Value>lDAPDisplayName:550:1:55a73700-c891-46fd-8f5c-72bc827f2ef5:20160407213828.860:550</Value>
          <Value>modifyTimeStamp:550:1:55a73700-c891-46fd-8f5c-72bc827f2ef5:20160407213828.860:550</Value>
          <Value>objectClass:550:1:55a73700-c891-46fd-8f5c-72bc827f2ef5:20160407213828.860:550</Value>
          <Value>objectGUID:550:1:55a73700-c891-46fd-8f5c-72bc827f2ef5:20160407213828.860:550</Value>
          <Value>oMSyntax:550:1:55a73700-c891-46fd-8f5c-72bc827f2ef5:20160407213828.860:550</Value>
          <Value>schemaIDGUID:550:1:55a73700-c891-46fd-8f5c-72bc827f2ef5:20160407213828.860:550</Value>
          <Value>uSNChanged:550:1:55a73700-c891-46fd-8f5c-72bc827f2ef5:20160407213828.860:550</Value>
          <Value>uSNCreated:550:1:55a73700-c891-46fd-8f5c-72bc827f2ef5:20160407213828.860:550</Value>
          <Value>vmwAttributeUsage:550:1:55a73700-c891-46fd-8f5c-72bc827f2ef5:20160407213828.860:550</Value>
        </AttributeMetadata>
      </AttributeSchemaEntry>
      <AttributeSchemaEntry>
        <Name>msDS-AzApplicationData</Name>
        <AttributeMetadata>
          <Value>attributeID:1646:1:55a73700-c891-46fd-8f5c-72bc827f2ef5:20160407213830.740:1646</Value>
          <Value>attributeSyntax:1646:1:55a73700-c891-46fd-8f5c-72bc827f2ef5:20160407213830.740:1646</Value>
          <Value>cn:1646:1:55a73700-c891-46fd-8f5c-72bc827f2ef5:20160407213830.740:1646</Value>
          <Value>createTimeStamp:1646:1:55a73700-c891-46fd-8f5c-72bc827f2ef5:20160407213830.740:1646</Value>
          <Value>entryDN:1646:1:55a73700-c891-46fd-8f5c-72bc827f2ef5:20160407213830.740:1646</Value>
          <Value>isSingleValued:1646:1:55a73700-c891-46fd-8f5c-72bc827f2ef5:20160407213830.740:1646</Value>
          <Value>lDAPDisplayName:1646:1:55a73700-c891-46fd-8f5c-72bc827f2ef5:20160407213830.740:1646</Value>
          <Value>modifyTimeStamp:1646:1:55a73700-c891-46fd-8f5c-72bc827f2ef5:20160407213830.740:1646</Value>
          <Value>objectClass:1646:1:55a73700-c891-46fd-8f5c-72bc827f2ef5:20160407213830.740:1646</Value>
          <Value>objectGUID:1646:1:55a73700-c891-46fd-8f5c-72bc827f2ef5:20160407213830.740:1646</Value>
          <Value>oMSyntax:1646:1:55a73700-c891-46fd-8f5c-72bc827f2ef5:20160407213830.740:1646</Value>
          <Value>schemaIDGUID:1646:1:55a73700-c891-46fd-8f5c-72bc827f2ef5:20160407213830.740:1646</Value>
          <Value>uSNChanged:1646:1:55a73700-c891-46fd-8f5c-72bc827f2ef5:20160407213830.740:1646</Value>
          <Value>uSNCreated:1646:1:55a73700-c891-46fd-8f5c-72bc827f2ef5:20160407213830.740:1646</Value>
          <Value>vmwAttributeUsage:1646:1:55a73700-c891-46fd-8f5c-72bc827f2ef5:20160407213830.740:1646</Value>
        </AttributeMetadata>
      </AttributeSchemaEntry>
      <AttributeSchemaEntry>
        <Name>msDS-AzApplicationName</Name>
        <AttributeMetadata>
          <Value>attributeID:1335:1:55a73700-c891-46fd-8f5c-72bc827f2ef5:20160407213830.215:1335</Value>
          <Value>attributeSyntax:1335:1:55a73700-c891-46fd-8f5c-72bc827f2ef5:20160407213830.215:1335</Value>
          <Value>cn:1335:1:55a73700-c891-46fd-8f5c-72bc827f2ef5:20160407213830.215:1335</Value>
          <Value>createTimeStamp:1335:1:55a73700-c891-46fd-8f5c-72bc827f2ef5:20160407213830.215:1335</Value>
          <Value>entryDN:1335:1:55a73700-c891-46fd-8f5c-72bc827f2ef5:20160407213830.215:1335</Value>
          <Value>isSingleValued:1335:1:55a73700-c891-46fd-8f5c-72bc827f2ef5:20160407213830.215:1335</Value>
          <Value>lDAPDisplayName:1335:1:55a73700-c891-46fd-8f5c-72bc827f2ef5:20160407213830.215:1335</Value>
          <Value>modifyTimeStamp:1335:1:55a73700-c891-46fd-8f5c-72bc827f2ef5:20160407213830.215:1335</Value>
          <Value>objectClass:1335:1:55a73700-c891-46fd-8f5c-72bc827f2ef5:20160407213830.215:1335</Value>
          <Value>objectGUID:1335:1:55a73700-c891-46fd-8f5c-72bc827f2ef5:20160407213830.215:1335</Value>
          <Value>oMSyntax:1335:1:55a73700-c891-46fd-8f5c-72bc827f2ef5:20160407213830.215:1335</Value>
          <Value>schemaIDGUID:1335:1:55a73700-c891-46fd-8f5c-72bc827f2ef5:20160407213830.215:1335</Value>
          <Value>uSNChanged:1335:1:55a73700-c891-46fd-8f5c-72bc827f2ef5:20160407213830.215:1335</Value>
          <Value>uSNCreated:1335:1:55a73700-c891-46fd-8f5c-72bc827f2ef5:20160407213830.215:1335</Value>
          <Value>vmwAttributeUsage:1335:1:55a73700-c891-46fd-8f5c-72bc827f2ef5:20160407213830.215:1335</Value>
        </AttributeMetadata>
      </AttributeSchemaEntry>
      <AttributeSchemaEntry>
        <Name>msDS-AzApplicationVersion</Name>
        <AttributeMetadata>
          <Value>attributeID:993:1:55a73700-c891-46fd-8f5c-72bc827f2ef5:20160407213829.618:993</Value>
          <Value>attributeSyntax:993:1:55a73700-c891-46fd-8f5c-72bc827f2ef5:20160407213829.618:993</Value>
          <Value>cn:993:1:55a73700-c891-46fd-8f5c-72bc827f2ef5:20160407213829.618:993</Value>
          <Value>createTimeStamp:993:1:55a73700-c891-46fd-8f5c-72bc827f2ef5:20160407213829.618:993</Value>
          <Value>entryDN:993:1:55a73700-c891-46fd-8f5c-72bc827f2ef5:20160407213829.618:993</Value>
          <Value>isSingleValued:993:1:55a73700-c891-46fd-8f5c-72bc827f2ef5:20160407213829.618:993</Value>
          <Value>lDAPDisplayName:993:1:55a73700-c891-46fd-8f5c-72bc827f2ef5:20160407213829.618:993</Value>
          <Value>modifyTimeStamp:993:1:55a73700-c891-46fd-8f5c-72bc827f2ef5:20160407213829.618:993</Value>
          <Value>objectClass:993:1:55a73700-c891-46fd-8f5c-72bc827f2ef5:20160407213829.618:993</Value>
          <Value>objectGUID:993:1:55a73700-c891-46fd-8f5c-72bc827f2ef5:20160407213829.618:993</Value>
          <Value>oMSyntax:993:1:55a73700-c891-46fd-8f5c-72bc827f2ef5:20160407213829.618:993</Value>
          <Value>schemaIDGUID:993:1:55a73700-c891-46fd-8f5c-72bc827f2ef5:20160407213829.618:993</Value>
          <Value>uSNChanged:993:1:55a73700-c891-46fd-8f5c-72bc827f2ef5:20160407213829.618:993</Value>
          <Value>uSNCreated:993:1:55a73700-c891-46fd-8f5c-72bc827f2ef5:20160407213829.618:993</Value>
          <Value>vmwAttributeUsage:993:1:55a73700-c891-46fd-8f5c-72bc827f2ef5:20160407213829.618:993</Value>
        </AttributeMetadata>
      </AttributeSchemaEntry>
      <AttributeSchemaEntry>
        <Name>msDS-AzBizRule</Name>
        <AttributeMetadata>
          <Value>attributeID:1370:1:55a73700-c891-46fd-8f5c-72bc827f2ef5:20160407213830.274:1370</Value>
          <Value>attributeSyntax:1370:1:55a73700-c891-46fd-8f5c-72bc827f2ef5:20160407213830.274:1370</Value>
          <Value>cn:1370:1:55a73700-c891-46fd-8f5c-72bc827f2ef5:20160407213830.274:1370</Value>
          <Value>createTimeStamp:1370:1:55a73700-c891-46fd-8f5c-72bc827f2ef5:20160407213830.274:1370</Value>
          <Value>entryDN:1370:1:55a73700-c891-46fd-8f5c-72bc827f2ef5:20160407213830.274:1370</Value>
          <Value>isSingleValued:1370:1:55a73700-c891-46fd-8f5c-72bc827f2ef5:20160407213830.274:1370</Value>
          <Value>lDAPDisplayName:1370:1:55a73700-c891-46fd-8f5c-72bc827f2ef5:20160407213830.274:1370</Value>
          <Value>modifyTimeStamp:1370:1:55a73700-c891-46fd-8f5c-72bc827f2ef5:20160407213830.274:1370</Value>
          <Value>objectClass:1370:1:55a73700-c891-46fd-8f5c-72bc827f2ef5:20160407213830.274:1370</Value>
          <Value>objectGUID:1370:1:55a73700-c891-46fd-8f5c-72bc827f2ef5:20160407213830.274:1370</Value>
          <Value>oMSyntax:1370:1:55a73700-c891-46fd-8f5c-72bc827f2ef5:20160407213830.274:1370</Value>
          <Value>schemaIDGUID:1370:1:55a73700-c891-46fd-8f5c-72bc827f2ef5:20160407213830.274:1370</Value>
          <Value>uSNChanged:1370:1:55a73700-c891-46fd-8f5c-72bc827f2ef5:20160407213830.274:1370</Value>
          <Value>uSNCreated:1370:1:55a73700-c891-46fd-8f5c-72bc827f2ef5:20160407213830.274:1370</Value>
          <Value>vmwAttributeUsage:1370:1:55a73700-c891-46fd-8f5c-72bc827f2ef5:20160407213830.274:1370</Value>
        </AttributeMetadata>
      </AttributeSchemaEntry>
      <AttributeSchemaEntry>
        <Name>msDS-AzBizRuleLanguage</Name>
        <AttributeMetadata>
          <Value>attributeID:253:1:55a73700-c891-46fd-8f5c-72bc827f2ef5:20160407213828.403:253</Value>
          <Value>attributeSyntax:253:1:55a73700-c891-46fd-8f5c-72bc827f2ef5:20160407213828.403:253</Value>
          <Value>cn:253:1:55a73700-c891-46fd-8f5c-72bc827f2ef5:20160407213828.403:253</Value>
          <Value>createTimeStamp:253:1:55a73700-c891-46fd-8f5c-72bc827f2ef5:20160407213828.403:253</Value>
          <Value>entryDN:253:1:55a73700-c891-46fd-8f5c-72bc827f2ef5:20160407213828.403:253</Value>
          <Value>isSingleValued:253:1:55a73700-c891-46fd-8f5c-72bc827f2ef5:20160407213828.403:253</Value>
          <Value>lDAPDisplayName:253:1:55a73700-c891-46fd-8f5c-72bc827f2ef5:20160407213828.403:253</Value>
          <Value>modifyTimeStamp:253:1:55a73700-c891-46fd-8f5c-72bc827f2ef5:20160407213828.403:253</Value>
          <Value>objectClass:253:1:55a73700-c891-46fd-8f5c-72bc827f2ef5:20160407213828.403:253</Value>
          <Value>objectGUID:253:1:55a73700-c891-46fd-8f5c-72bc827f2ef5:20160407213828.403:253</Value>
          <Value>oMSyntax:253:1:55a73700-c891-46fd-8f5c-72bc827f2ef5:20160407213828.403:253</Value>
          <Value>schemaIDGUID:253:1:55a73700-c891-46fd-8f5c-72bc827f2ef5:20160407213828.403:253</Value>
          <Value>uSNChanged:253:1:55a73700-c891-46fd-8f5c-72bc827f2ef5:20160407213828.403:253</Value>
          <Value>uSNCreated:253:1:55a73700-c891-46fd-8f5c-72bc827f2ef5:20160407213828.403:253</Value>
          <Value>vmwAttributeUsage:253:1:55a73700-c891-46fd-8f5c-72bc827f2ef5:20160407213828.403:253</Value>
        </AttributeMetadata>
      </AttributeSchemaEntry>
      <AttributeSchemaEntry>
        <Name>msDS-AzClassId</Name>
        <AttributeMetadata>
          <Value>attributeID:1062:1:55a73700-c891-46fd-8f5c-72bc827f2ef5:20160407213829.739:1062</Value>
          <Value>attributeSyntax:1062:1:55a73700-c891-46fd-8f5c-72bc827f2ef5:20160407213829.739:1062</Value>
          <Value>cn:1062:1:55a73700-c891-46fd-8f5c-72bc827f2ef5:20160407213829.739:1062</Value>
          <Value>createTimeStamp:1062:1:55a73700-c891-46fd-8f5c-72bc827f2ef5:20160407213829.739:1062</Value>
          <Value>entryDN:1062:1:55a73700-c891-46fd-8f5c-72bc827f2ef5:20160407213829.739:1062</Value>
          <Value>isSingleValued:1062:1:55a73700-c891-46fd-8f5c-72bc827f2ef5:20160407213829.739:1062</Value>
          <Value>lDAPDisplayName:1062:1:55a73700-c891-46fd-8f5c-72bc827f2ef5:20160407213829.739:1062</Value>
          <Value>modifyTimeStamp:1062:1:55a73700-c891-46fd-8f5c-72bc827f2ef5:20160407213829.739:1062</Value>
          <Value>objectClass:1062:1:55a73700-c891-46fd-8f5c-72bc827f2ef5:20160407213829.739:1062</Value>
          <Value>objectGUID:1062:1:55a73700-c891-46fd-8f5c-72bc827f2ef5:20160407213829.739:1062</Value>
          <Value>oMSyntax:1062:1:55a73700-c891-46fd-8f5c-72bc827f2ef5:20160407213829.739:1062</Value>
          <Value>schemaIDGUID:1062:1:55a73700-c891-46fd-8f5c-72bc827f2ef5:20160407213829.739:1062</Value>
          <Value>uSNChanged:1062:1:55a73700-c891-46fd-8f5c-72bc827f2ef5:20160407213829.739:1062</Value>
          <Value>uSNCreated:1062:1:55a73700-c891-46fd-8f5c-72bc827f2ef5:20160407213829.739:1062</Value>
          <Value>vmwAttributeUsage:1062:1:55a73700-c891-46fd-8f5c-72bc827f2ef5:20160407213829.739:1062</Value>
        </AttributeMetadata>
      </AttributeSchemaEntry>
      <AttributeSchemaEntry>
        <Name>msDS-AzDomainTimeout</Name>
        <AttributeMetadata>
          <Value>attributeID:935:1:55a73700-c891-46fd-8f5c-72bc827f2ef5:20160407213829.528:935</Value>
          <Value>attributeSyntax:935:1:55a73700-c891-46fd-8f5c-72bc827f2ef5:20160407213829.528:935</Value>
          <Value>cn:935:1:55a73700-c891-46fd-8f5c-72bc827f2ef5:20160407213829.528:935</Value>
          <Value>createTimeStamp:935:1:55a73700-c891-46fd-8f5c-72bc827f2ef5:20160407213829.528:935</Value>
          <Value>entryDN:935:1:55a73700-c891-46fd-8f5c-72bc827f2ef5:20160407213829.528:935</Value>
          <Value>isSingleValued:935:1:55a73700-c891-46fd-8f5c-72bc827f2ef5:20160407213829.528:935</Value>
          <Value>lDAPDisplayName:935:1:55a73700-c891-46fd-8f5c-72bc827f2ef5:20160407213829.528:935</Value>
          <Value>modifyTimeStamp:935:1:55a73700-c891-46fd-8f5c-72bc827f2ef5:20160407213829.528:935</Value>
          <Value>objectClass:935:1:55a73700-c891-46fd-8f5c-72bc827f2ef5:20160407213829.528:935</Value>
          <Value>objectGUID:935:1:55a73700-c891-46fd-8f5c-72bc827f2ef5:20160407213829.528:935</Value>
          <Value>oMSyntax:935:1:55a73700-c891-46fd-8f5c-72bc827f2ef5:20160407213829.528:935</Value>
          <Value>schemaIDGUID:935:1:55a73700-c891-46fd-8f5c-72bc827f2ef5:20160407213829.528:935</Value>
          <Value>uSNChanged:935:1:55a73700-c891-46fd-8f5c-72bc827f2ef5:20160407213829.528:935</Value>
          <Value>uSNCreated:935:1:55a73700-c891-46fd-8f5c-72bc827f2ef5:20160407213829.528:935</Value>
          <Value>vmwAttributeUsage:935:1:55a73700-c891-46fd-8f5c-72bc827f2ef5:20160407213829.528:935</Value>
        </AttributeMetadata>
      </AttributeSchemaEntry>
      <AttributeSchemaEntry>
        <Name>msDS-AzGenerateAudits</Name>
        <AttributeMetadata>
          <Value>attributeID:1609:1:55a73700-c891-46fd-8f5c-72bc827f2ef5:20160407213830.677:1609</Value>
          <Value>attributeSyntax:1609:1:55a73700-c891-46fd-8f5c-72bc827f2ef5:20160407213830.677:1609</Value>
          <Value>cn:1609:1:55a73700-c891-46fd-8f5c-72bc827f2ef5:20160407213830.677:1609</Value>
          <Value>createTimeStamp:1609:1:55a73700-c891-46fd-8f5c-72bc827f2ef5:20160407213830.677:1609</Value>
          <Value>entryDN:1609:1:55a73700-c891-46fd-8f5c-72bc827f2ef5:20160407213830.677:1609</Value>
          <Value>isSingleValued:1609:1:55a73700-c891-46fd-8f5c-72bc827f2ef5:20160407213830.677:1609</Value>
          <Value>lDAPDisplayName:1609:1:55a73700-c891-46fd-8f5c-72bc827f2ef5:20160407213830.677:1609</Value>
          <Value>modifyTimeStamp:1609:1:55a73700-c891-46fd-8f5c-72bc827f2ef5:20160407213830.677:1609</Value>
          <Value>objectClass:1609:1:55a73700-c891-46fd-8f5c-72bc827f2ef5:20160407213830.677:1609</Value>
          <Value>objectGUID:1609:1:55a73700-c891-46fd-8f5c-72bc827f2ef5:20160407213830.677:1609</Value>
          <Value>oMSyntax:1609:1:55a73700-c891-46fd-8f5c-72bc827f2ef5:20160407213830.677:1609</Value>
          <Value>schemaIDGUID:1609:1:55a73700-c891-46fd-8f5c-72bc827f2ef5:20160407213830.677:1609</Value>
          <Value>uSNChanged:1609:1:55a73700-c891-46fd-8f5c-72bc827f2ef5:20160407213830.677:1609</Value>
          <Value>uSNCreated:1609:1:55a73700-c891-46fd-8f5c-72bc827f2ef5:20160407213830.677:1609</Value>
          <Value>vmwAttributeUsage:1609:1:55a73700-c891-46fd-8f5c-72bc827f2ef5:20160407213830.677:1609</Value>
        </AttributeMetadata>
      </AttributeSchemaEntry>
      <AttributeSchemaEntry>
        <Name>msDS-AzGenericData</Name>
        <AttributeMetadata>
          <Value>attributeID:1048:1:55a73700-c891-46fd-8f5c-72bc827f2ef5:20160407213829.712:1048</Value>
          <Value>attributeSyntax:1048:1:55a73700-c891-46fd-8f5c-72bc827f2ef5:20160407213829.712:1048</Value>
          <Value>cn:1048:1:55a73700-c891-46fd-8f5c-72bc827f2ef5:20160407213829.712:1048</Value>
          <Value>createTimeStamp:1048:1:55a73700-c891-46fd-8f5c-72bc827f2ef5:20160407213829.712:1048</Value>
          <Value>entryDN:1048:1:55a73700-c891-46fd-8f5c-72bc827f2ef5:20160407213829.712:1048</Value>
          <Value>isSingleValued:1048:1:55a73700-c891-46fd-8f5c-72bc827f2ef5:20160407213829.712:1048</Value>
          <Value>lDAPDisplayName:1048:1:55a73700-c891-46fd-8f5c-72bc827f2ef5:20160407213829.712:1048</Value>
          <Value>modifyTimeStamp:1048:1:55a73700-c891-46fd-8f5c-72bc827f2ef5:20160407213829.712:1048</Value>
          <Value>objectClass:1048:1:55a73700-c891-46fd-8f5c-72bc827f2ef5:20160407213829.712:1048</Value>
          <Value>objectGUID:1048:1:55a73700-c891-46fd-8f5c-72bc827f2ef5:20160407213829.712:1048</Value>
          <Value>oMSyntax:1048:1:55a73700-c891-46fd-8f5c-72bc827f2ef5:20160407213829.712:1048</Value>
          <Value>schemaIDGUID:1048:1:55a73700-c891-46fd-8f5c-72bc827f2ef5:20160407213829.712:1048</Value>
          <Value>uSNChanged:1048:1:55a73700-c891-46fd-8f5c-72bc827f2ef5:20160407213829.712:1048</Value>
          <Value>uSNCreated:1048:1:55a73700-c891-46fd-8f5c-72bc827f2ef5:20160407213829.712:1048</Value>
          <Value>vmwAttributeUsage:1048:1:55a73700-c891-46fd-8f5c-72bc827f2ef5:20160407213829.712:1048</Value>
        </AttributeMetadata>
      </AttributeSchemaEntry>
      <AttributeSchemaEntry>
        <Name>msDS-AzLastImportedBizRulePath</Name>
        <AttributeMetadata>
          <Value>attributeID:1434:1:55a73700-c891-46fd-8f5c-72bc827f2ef5:20160407213830.383:1434</Value>
          <Value>attributeSyntax:1434:1:55a73700-c891-46fd-8f5c-72bc827f2ef5:20160407213830.383:1434</Value>
          <Value>cn:1434:1:55a73700-c891-46fd-8f5c-72bc827f2ef5:20160407213830.383:1434</Value>
          <Value>createTimeStamp:1434:1:55a73700-c891-46fd-8f5c-72bc827f2ef5:20160407213830.383:1434</Value>
          <Value>entryDN:1434:1:55a73700-c891-46fd-8f5c-72bc827f2ef5:20160407213830.383:1434</Value>
          <Value>isSingleValued:1434:1:55a73700-c891-46fd-8f5c-72bc827f2ef5:20160407213830.383:1434</Value>
          <Value>lDAPDisplayName:1434:1:55a73700-c891-46fd-8f5c-72bc827f2ef5:20160407213830.383:1434</Value>
          <Value>modifyTimeStamp:1434:1:55a73700-c891-46fd-8f5c-72bc827f2ef5:20160407213830.383:1434</Value>
          <Value>objectClass:1434:1:55a73700-c891-46fd-8f5c-72bc827f2ef5:20160407213830.383:1434</Value>
          <Value>objectGUID:1434:1:55a73700-c891-46fd-8f5c-72bc827f2ef5:20160407213830.383:1434</Value>
          <Value>oMSyntax:1434:1:55a73700-c891-46fd-8f5c-72bc827f2ef5:20160407213830.383:1434</Value>
          <Value>schemaIDGUID:1434:1:55a73700-c891-46fd-8f5c-72bc827f2ef5:20160407213830.383:1434</Value>
          <Value>uSNChanged:1434:1:55a73700-c891-46fd-8f5c-72bc827f2ef5:20160407213830.383:1434</Value>
          <Value>uSNCreated:1434:1:55a73700-c891-46fd-8f5c-72bc827f2ef5:20160407213830.383:1434</Value>
          <Value>vmwAttributeUsage:1434:1:55a73700-c891-46fd-8f5c-72bc827f2ef5:20160407213830.383:1434</Value>
        </AttributeMetadata>
      </AttributeSchemaEntry>
      <AttributeSchemaEntry>
        <Name>msDS-AzLDAPQuery</Name>
        <AttributeMetadata>
          <Value>attributeID:1209:1:55a73700-c891-46fd-8f5c-72bc827f2ef5:20160407213830.008:1209</Value>
          <Value>attributeSyntax:1209:1:55a73700-c891-46fd-8f5c-72bc827f2ef5:20160407213830.008:1209</Value>
          <Value>cn:1209:1:55a73700-c891-46fd-8f5c-72bc827f2ef5:20160407213830.008:1209</Value>
          <Value>createTimeStamp:1209:1:55a73700-c891-46fd-8f5c-72bc827f2ef5:20160407213830.008:1209</Value>
          <Value>entryDN:1209:1:55a73700-c891-46fd-8f5c-72bc827f2ef5:20160407213830.008:1209</Value>
          <Value>isSingleValued:1209:1:55a73700-c891-46fd-8f5c-72bc827f2ef5:20160407213830.008:1209</Value>
          <Value>lDAPDisplayName:1209:1:55a73700-c891-46fd-8f5c-72bc827f2ef5:20160407213830.008:1209</Value>
          <Value>modifyTimeStamp:1209:1:55a73700-c891-46fd-8f5c-72bc827f2ef5:20160407213830.008:1209</Value>
          <Value>objectClass:1209:1:55a73700-c891-46fd-8f5c-72bc827f2ef5:20160407213830.008:1209</Value>
          <Value>objectGUID:1209:1:55a73700-c891-46fd-8f5c-72bc827f2ef5:20160407213830.008:1209</Value>
          <Value>oMSyntax:1209:1:55a73700-c891-46fd-8f5c-72bc827f2ef5:20160407213830.008:1209</Value>
          <Value>schemaIDGUID:1209:1:55a73700-c891-46fd-8f5c-72bc827f2ef5:20160407213830.008:1209</Value>
          <Value>uSNChanged:1209:1:55a73700-c891-46fd-8f5c-72bc827f2ef5:20160407213830.008:1209</Value>
          <Value>uSNCreated:1209:1:55a73700-c891-46fd-8f5c-72bc827f2ef5:20160407213830.008:1209</Value>
          <Value>vmwAttributeUsage:1209:1:55a73700-c891-46fd-8f5c-72bc827f2ef5:20160407213830.008:1209</Value>
        </AttributeMetadata>
      </AttributeSchemaEntry>
      <AttributeSchemaEntry>
        <Name>msDS-AzMajorVersion</Name>
        <AttributeMetadata>
          <Value>attributeID:847:1:55a73700-c891-46fd-8f5c-72bc827f2ef5:20160407213829.366:847</Value>
          <Value>attributeSyntax:847:1:55a73700-c891-46fd-8f5c-72bc827f2ef5:20160407213829.366:847</Value>
          <Value>cn:847:1:55a73700-c891-46fd-8f5c-72bc827f2ef5:20160407213829.366:847</Value>
          <Value>createTimeStamp:847:1:55a73700-c891-46fd-8f5c-72bc827f2ef5:20160407213829.366:847</Value>
          <Value>entryDN:847:1:55a73700-c891-46fd-8f5c-72bc827f2ef5:20160407213829.366:847</Value>
          <Value>isSingleValued:847:1:55a73700-c891-46fd-8f5c-72bc827f2ef5:20160407213829.366:847</Value>
          <Value>lDAPDisplayName:847:1:55a73700-c891-46fd-8f5c-72bc827f2ef5:20160407213829.366:847</Value>
          <Value>modifyTimeStamp:847:1:55a73700-c891-46fd-8f5c-72bc827f2ef5:20160407213829.366:847</Value>
          <Value>objectClass:847:1:55a73700-c891-46fd-8f5c-72bc827f2ef5:20160407213829.366:847</Value>
          <Value>objectGUID:847:1:55a73700-c891-46fd-8f5c-72bc827f2ef5:20160407213829.366:847</Value>
          <Value>oMSyntax:847:1:55a73700-c891-46fd-8f5c-72bc827f2ef5:20160407213829.366:847</Value>
          <Value>schemaIDGUID:847:1:55a73700-c891-46fd-8f5c-72bc827f2ef5:20160407213829.366:847</Value>
          <Value>uSNChanged:847:1:55a73700-c891-46fd-8f5c-72bc827f2ef5:20160407213829.366:847</Value>
          <Value>uSNCreated:847:1:55a73700-c891-46fd-8f5c-72bc827f2ef5:20160407213829.366:847</Value>
          <Value>vmwAttributeUsage:847:1:55a73700-c891-46fd-8f5c-72bc827f2ef5:20160407213829.366:847</Value>
        </AttributeMetadata>
      </AttributeSchemaEntry>
      <AttributeSchemaEntry>
        <Name>msDS-AzMinorVersion</Name>
        <AttributeMetadata>
          <Value>attributeID:174:1:55a73700-c891-46fd-8f5c-72bc827f2ef5:20160407213828.290:174</Value>
          <Value>attributeSyntax:174:1:55a73700-c891-46fd-8f5c-72bc827f2ef5:20160407213828.290:174</Value>
          <Value>cn:174:1:55a73700-c891-46fd-8f5c-72bc827f2ef5:20160407213828.290:174</Value>
          <Value>createTimeStamp:174:1:55a73700-c891-46fd-8f5c-72bc827f2ef5:20160407213828.290:174</Value>
          <Value>entryDN:174:1:55a73700-c891-46fd-8f5c-72bc827f2ef5:20160407213828.290:174</Value>
          <Value>isSingleValued:174:1:55a73700-c891-46fd-8f5c-72bc827f2ef5:20160407213828.290:174</Value>
          <Value>lDAPDisplayName:174:1:55a73700-c891-46fd-8f5c-72bc827f2ef5:20160407213828.290:174</Value>
          <Value>modifyTimeStamp:174:1:55a73700-c891-46fd-8f5c-72bc827f2ef5:20160407213828.290:174</Value>
          <Value>objectClass:174:1:55a73700-c891-46fd-8f5c-72bc827f2ef5:20160407213828.290:174</Value>
          <Value>objectGUID:174:1:55a73700-c891-46fd-8f5c-72bc827f2ef5:20160407213828.290:174</Value>
          <Value>oMSyntax:174:1:55a73700-c891-46fd-8f5c-72bc827f2ef5:20160407213828.290:174</Value>
          <Value>schemaIDGUID:174:1:55a73700-c891-46fd-8f5c-72bc827f2ef5:20160407213828.290:174</Value>
          <Value>uSNChanged:174:1:55a73700-c891-46fd-8f5c-72bc827f2ef5:20160407213828.290:174</Value>
          <Value>uSNCreated:174:1:55a73700-c891-46fd-8f5c-72bc827f2ef5:20160407213828.290:174</Value>
          <Value>vmwAttributeUsage:174:1:55a73700-c891-46fd-8f5c-72bc827f2ef5:20160407213828.290:174</Value>
        </AttributeMetadata>
      </AttributeSchemaEntry>
      <AttributeSchemaEntry>
        <Name>msDS-AzObjectGuid</Name>
        <AttributeMetadata>
          <Value>attributeID:459:1:55a73700-c891-46fd-8f5c-72bc827f2ef5:20160407213828.712:459</Value>
          <Value>attributeSyntax:459:1:55a73700-c891-46fd-8f5c-72bc827f2ef5:20160407213828.712:459</Value>
          <Value>cn:459:1:55a73700-c891-46fd-8f5c-72bc827f2ef5:20160407213828.712:459</Value>
          <Value>createTimeStamp:459:1:55a73700-c891-46fd-8f5c-72bc827f2ef5:20160407213828.712:459</Value>
          <Value>entryDN:459:1:55a73700-c891-46fd-8f5c-72bc827f2ef5:20160407213828.712:459</Value>
          <Value>isSingleValued:459:1:55a73700-c891-46fd-8f5c-72bc827f2ef5:20160407213828.712:459</Value>
          <Value>lDAPDisplayName:459:1:55a73700-c891-46fd-8f5c-72bc827f2ef5:20160407213828.712:459</Value>
          <Value>modifyTimeStamp:459:1:55a73700-c891-46fd-8f5c-72bc827f2ef5:20160407213828.712:459</Value>
          <Value>objectClass:459:1:55a73700-c891-46fd-8f5c-72bc827f2ef5:20160407213828.712:459</Value>
          <Value>objectGUID:459:1:55a73700-c891-46fd-8f5c-72bc827f2ef5:20160407213828.712:459</Value>
          <Value>oMSyntax:459:1:55a73700-c891-46fd-8f5c-72bc827f2ef5:20160407213828.712:459</Value>
          <Value>schemaIDGUID:459:1:55a73700-c891-46fd-8f5c-72bc827f2ef5:20160407213828.712:459</Value>
          <Value>uSNChanged:459:1:55a73700-c891-46fd-8f5c-72bc827f2ef5:20160407213828.712:459</Value>
          <Value>uSNCreated:459:1:55a73700-c891-46fd-8f5c-72bc827f2ef5:20160407213828.712:459</Value>
          <Value>vmwAttributeUsage:459:1:55a73700-c891-46fd-8f5c-72bc827f2ef5:20160407213828.712:459</Value>
        </AttributeMetadata>
      </AttributeSchemaEntry>
      <AttributeSchemaEntry>
        <Name>msDS-AzOperationID</Name>
        <AttributeMetadata>
          <Value>attributeID:1415:1:55a73700-c891-46fd-8f5c-72bc827f2ef5:20160407213830.353:1415</Value>
          <Value>attributeSyntax:1415:1:55a73700-c891-46fd-8f5c-72bc827f2ef5:20160407213830.353:1415</Value>
          <Value>cn:1415:1:55a73700-c891-46fd-8f5c-72bc827f2ef5:20160407213830.353:1415</Value>
          <Value>createTimeStamp:1415:1:55a73700-c891-46fd-8f5c-72bc827f2ef5:20160407213830.353:1415</Value>
          <Value>entryDN:1415:1:55a73700-c891-46fd-8f5c-72bc827f2ef5:20160407213830.353:1415</Value>
          <Value>isSingleValued:1415:1:55a73700-c891-46fd-8f5c-72bc827f2ef5:20160407213830.353:1415</Value>
          <Value>lDAPDisplayName:1415:1:55a73700-c891-46fd-8f5c-72bc827f2ef5:20160407213830.353:1415</Value>
          <Value>modifyTimeStamp:1415:1:55a73700-c891-46fd-8f5c-72bc827f2ef5:20160407213830.353:1415</Value>
          <Value>objectClass:1415:1:55a73700-c891-46fd-8f5c-72bc827f2ef5:20160407213830.353:1415</Value>
          <Value>objectGUID:1415:1:55a73700-c891-46fd-8f5c-72bc827f2ef5:20160407213830.353:1415</Value>
          <Value>oMSyntax:1415:1:55a73700-c891-46fd-8f5c-72bc827f2ef5:20160407213830.353:1415</Value>
          <Value>schemaIDGUID:1415:1:55a73700-c891-46fd-8f5c-72bc827f2ef5:20160407213830.353:1415</Value>
          <Value>uSNChanged:1415:1:55a73700-c891-46fd-8f5c-72bc827f2ef5:20160407213830.353:1415</Value>
          <Value>uSNCreated:1415:1:55a73700-c891-46fd-8f5c-72bc827f2ef5:20160407213830.353:1415</Value>
          <Value>vmwAttributeUsage:1415:1:55a73700-c891-46fd-8f5c-72bc827f2ef5:20160407213830.353:1415</Value>
        </AttributeMetadata>
      </AttributeSchemaEntry>
      <AttributeSchemaEntry>
        <Name>msDS-AzScopeName</Name>
        <AttributeMetadata>
          <Value>attributeID:1287:1:55a73700-c891-46fd-8f5c-72bc827f2ef5:20160407213830.145:1287</Value>
          <Value>attributeSyntax:1287:1:55a73700-c891-46fd-8f5c-72bc827f2ef5:20160407213830.145:1287</Value>
          <Value>cn:1287:1:55a73700-c891-46fd-8f5c-72bc827f2ef5:20160407213830.145:1287</Value>
          <Value>createTimeStamp:1287:1:55a73700-c891-46fd-8f5c-72bc827f2ef5:20160407213830.145:1287</Value>
          <Value>entryDN:1287:1:55a73700-c891-46fd-8f5c-72bc827f2ef5:20160407213830.145:1287</Value>
          <Value>isSingleValued:1287:1:55a73700-c891-46fd-8f5c-72bc827f2ef5:20160407213830.145:1287</Value>
          <Value>lDAPDisplayName:1287:1:55a73700-c891-46fd-8f5c-72bc827f2ef5:20160407213830.145:1287</Value>
          <Value>modifyTimeStamp:1287:1:55a73700-c891-46fd-8f5c-72bc827f2ef5:20160407213830.145:1287</Value>
          <Value>objectClass:1287:1:55a73700-c891-46fd-8f5c-72bc827f2ef5:20160407213830.145:1287</Value>
          <Value>objectGUID:1287:1:55a73700-c891-46fd-8f5c-72bc827f2ef5:20160407213830.145:1287</Value>
          <Value>oMSyntax:1287:1:55a73700-c891-46fd-8f5c-72bc827f2ef5:20160407213830.145:1287</Value>
          <Value>schemaIDGUID:1287:1:55a73700-c891-46fd-8f5c-72bc827f2ef5:20160407213830.145:1287</Value>
          <Value>uSNChanged:1287:1:55a73700-c891-46fd-8f5c-72bc827f2ef5:20160407213830.145:1287</Value>
          <Value>uSNCreated:1287:1:55a73700-c891-46fd-8f5c-72bc827f2ef5:20160407213830.145:1287</Value>
          <Value>vmwAttributeUsage:1287:1:55a73700-c891-46fd-8f5c-72bc827f2ef5:20160407213830.145:1287</Value>
        </AttributeMetadata>
      </AttributeSchemaEntry>
      <AttributeSchemaEntry>
        <Name>msDS-AzScriptEngineCacheMax</Name>
        <AttributeMetadata>
          <Value>attributeID:544:1:55a73700-c891-46fd-8f5c-72bc827f2ef5:20160407213828.854:544</Value>
          <Value>attributeSyntax:544:1:55a73700-c891-46fd-8f5c-72bc827f2ef5:20160407213828.854:544</Value>
          <Value>cn:544:1:55a73700-c891-46fd-8f5c-72bc827f2ef5:20160407213828.854:544</Value>
          <Value>createTimeStamp:544:1:55a73700-c891-46fd-8f5c-72bc827f2ef5:20160407213828.854:544</Value>
          <Value>entryDN:544:1:55a73700-c891-46fd-8f5c-72bc827f2ef5:20160407213828.854:544</Value>
          <Value>isSingleValued:544:1:55a73700-c891-46fd-8f5c-72bc827f2ef5:20160407213828.854:544</Value>
          <Value>lDAPDisplayName:544:1:55a73700-c891-46fd-8f5c-72bc827f2ef5:20160407213828.854:544</Value>
          <Value>modifyTimeStamp:544:1:55a73700-c891-46fd-8f5c-72bc827f2ef5:20160407213828.854:544</Value>
          <Value>objectClass:544:1:55a73700-c891-46fd-8f5c-72bc827f2ef5:20160407213828.854:544</Value>
          <Value>objectGUID:544:1:55a73700-c891-46fd-8f5c-72bc827f2ef5:20160407213828.854:544</Value>
          <Value>oMSyntax:544:1:55a73700-c891-46fd-8f5c-72bc827f2ef5:20160407213828.854:544</Value>
          <Value>schemaIDGUID:544:1:55a73700-c891-46fd-8f5c-72bc827f2ef5:20160407213828.854:544</Value>
          <Value>uSNChanged:544:1:55a73700-c891-46fd-8f5c-72bc827f2ef5:20160407213828.854:544</Value>
          <Value>uSNCreated:544:1:55a73700-c891-46fd-8f5c-72bc827f2ef5:20160407213828.854:544</Value>
          <Value>vmwAttributeUsage:544:1:55a73700-c891-46fd-8f5c-72bc827f2ef5:20160407213828.854:544</Value>
        </AttributeMetadata>
      </AttributeSchemaEntry>
      <AttributeSchemaEntry>
        <Name>msDS-AzScriptTimeout</Name>
        <AttributeMetadata>
          <Value>attributeID:1642:1:55a73700-c891-46fd-8f5c-72bc827f2ef5:20160407213830.736:1642</Value>
          <Value>attributeSyntax:1642:1:55a73700-c891-46fd-8f5c-72bc827f2ef5:20160407213830.736:1642</Value>
          <Value>cn:1642:1:55a73700-c891-46fd-8f5c-72bc827f2ef5:20160407213830.736:1642</Value>
          <Value>createTimeStamp:1642:1:55a73700-c891-46fd-8f5c-72bc827f2ef5:20160407213830.736:1642</Value>
          <Value>entryDN:1642:1:55a73700-c891-46fd-8f5c-72bc827f2ef5:20160407213830.736:1642</Value>
          <Value>isSingleValued:1642:1:55a73700-c891-46fd-8f5c-72bc827f2ef5:20160407213830.736:1642</Value>
          <Value>lDAPDisplayName:1642:1:55a73700-c891-46fd-8f5c-72bc827f2ef5:20160407213830.736:1642</Value>
          <Value>modifyTimeStamp:1642:1:55a73700-c891-46fd-8f5c-72bc827f2ef5:20160407213830.736:1642</Value>
          <Value>objectClass:1642:1:55a73700-c891-46fd-8f5c-72bc827f2ef5:20160407213830.736:1642</Value>
          <Value>objectGUID:1642:1:55a73700-c891-46fd-8f5c-72bc827f2ef5:20160407213830.736:1642</Value>
          <Value>oMSyntax:1642:1:55a73700-c891-46fd-8f5c-72bc827f2ef5:20160407213830.736:1642</Value>
          <Value>schemaIDGUID:1642:1:55a73700-c891-46fd-8f5c-72bc827f2ef5:20160407213830.736:1642</Value>
          <Value>uSNChanged:1642:1:55a73700-c891-46fd-8f5c-72bc827f2ef5:20160407213830.736:1642</Value>
          <Value>uSNCreated:1642:1:55a73700-c891-46fd-8f5c-72bc827f2ef5:20160407213830.736:1642</Value>
          <Value>vmwAttributeUsage:1642:1:55a73700-c891-46fd-8f5c-72bc827f2ef5:20160407213830.736:1642</Value>
        </AttributeMetadata>
      </AttributeSchemaEntry>
      <AttributeSchemaEntry>
        <Name>msDS-AzTaskIsRoleDefinition</Name>
        <AttributeMetadata>
          <Value>attributeID:1118:1:55a73700-c891-46fd-8f5c-72bc827f2ef5:20160407213829.855:1118</Value>
          <Value>attributeSyntax:1118:1:55a73700-c891-46fd-8f5c-72bc827f2ef5:20160407213829.855:1118</Value>
          <Value>cn:1118:1:55a73700-c891-46fd-8f5c-72bc827f2ef5:20160407213829.855:1118</Value>
          <Value>createTimeStamp:1118:1:55a73700-c891-46fd-8f5c-72bc827f2ef5:20160407213829.855:1118</Value>
          <Value>entryDN:1118:1:55a73700-c891-46fd-8f5c-72bc827f2ef5:20160407213829.855:1118</Value>
          <Value>isSingleValued:1118:1:55a73700-c891-46fd-8f5c-72bc827f2ef5:20160407213829.855:1118</Value>
          <Value>lDAPDisplayName:1118:1:55a73700-c891-46fd-8f5c-72bc827f2ef5:20160407213829.855:1118</Value>
          <Value>modifyTimeStamp:1118:1:55a73700-c891-46fd-8f5c-72bc827f2ef5:20160407213829.855:1118</Value>
          <Value>objectClass:1118:1:55a73700-c891-46fd-8f5c-72bc827f2ef5:20160407213829.855:1118</Value>
          <Value>objectGUID:1118:1:55a73700-c891-46fd-8f5c-72bc827f2ef5:20160407213829.855:1118</Value>
          <Value>oMSyntax:1118:1:55a73700-c891-46fd-8f5c-72bc827f2ef5:20160407213829.855:1118</Value>
          <Value>schemaIDGUID:1118:1:55a73700-c891-46fd-8f5c-72bc827f2ef5:20160407213829.855:1118</Value>
          <Value>uSNChanged:1118:1:55a73700-c891-46fd-8f5c-72bc827f2ef5:20160407213829.855:1118</Value>
          <Value>uSNCreated:1118:1:55a73700-c891-46fd-8f5c-72bc827f2ef5:20160407213829.855:1118</Value>
          <Value>vmwAttributeUsage:1118:1:55a73700-c891-46fd-8f5c-72bc827f2ef5:20160407213829.855:1118</Value>
        </AttributeMetadata>
      </AttributeSchemaEntry>
      <AttributeSchemaEntry>
        <Name>msDS-Behavior-Version</Name>
        <AttributeMetadata>
          <Value>attributeID:1627:1:55a73700-c891-46fd-8f5c-72bc827f2ef5:20160407213830.708:1627</Value>
          <Value>attributeSyntax:1627:1:55a73700-c891-46fd-8f5c-72bc827f2ef5:20160407213830.708:1627</Value>
          <Value>cn:1627:1:55a73700-c891-46fd-8f5c-72bc827f2ef5:20160407213830.708:1627</Value>
          <Value>createTimeStamp:1627:1:55a73700-c891-46fd-8f5c-72bc827f2ef5:20160407213830.708:1627</Value>
          <Value>entryDN:1627:1:55a73700-c891-46fd-8f5c-72bc827f2ef5:20160407213830.708:1627</Value>
          <Value>isSingleValued:1627:1:55a73700-c891-46fd-8f5c-72bc827f2ef5:20160407213830.708:1627</Value>
          <Value>lDAPDisplayName:1627:1:55a73700-c891-46fd-8f5c-72bc827f2ef5:20160407213830.708:1627</Value>
          <Value>modifyTimeStamp:1627:1:55a73700-c891-46fd-8f5c-72bc827f2ef5:20160407213830.708:1627</Value>
          <Value>objectClass:1627:1:55a73700-c891-46fd-8f5c-72bc827f2ef5:20160407213830.708:1627</Value>
          <Value>objectGUID:1627:1:55a73700-c891-46fd-8f5c-72bc827f2ef5:20160407213830.708:1627</Value>
          <Value>oMSyntax:1627:1:55a73700-c891-46fd-8f5c-72bc827f2ef5:20160407213830.708:1627</Value>
          <Value>schemaIDGUID:1627:1:55a73700-c891-46fd-8f5c-72bc827f2ef5:20160407213830.708:1627</Value>
          <Value>uSNChanged:1627:1:55a73700-c891-46fd-8f5c-72bc827f2ef5:20160407213830.708:1627</Value>
          <Value>uSNCreated:1627:1:55a73700-c891-46fd-8f5c-72bc827f2ef5:20160407213830.708:1627</Value>
          <Value>vmwAttributeUsage:1627:1:55a73700-c891-46fd-8f5c-72bc827f2ef5:20160407213830.708:1627</Value>
        </AttributeMetadata>
      </AttributeSchemaEntry>
      <AttributeSchemaEntry>
        <Name>msDS-BridgeHeadServersUsed</Name>
        <AttributeMetadata>
          <Value>attributeID:1667:1:55a73700-c891-46fd-8f5c-72bc827f2ef5:20160407213830.773:1667</Value>
          <Value>attributeSyntax:1667:1:55a73700-c891-46fd-8f5c-72bc827f2ef5:20160407213830.773:1667</Value>
          <Value>cn:1667:1:55a73700-c891-46fd-8f5c-72bc827f2ef5:20160407213830.773:1667</Value>
          <Value>createTimeStamp:1667:1:55a73700-c891-46fd-8f5c-72bc827f2ef5:20160407213830.773:1667</Value>
          <Value>entryDN:1667:1:55a73700-c891-46fd-8f5c-72bc827f2ef5:20160407213830.773:1667</Value>
          <Value>isSingleValued:1667:1:55a73700-c891-46fd-8f5c-72bc827f2ef5:20160407213830.773:1667</Value>
          <Value>lDAPDisplayName:1667:1:55a73700-c891-46fd-8f5c-72bc827f2ef5:20160407213830.773:1667</Value>
          <Value>modifyTimeStamp:1667:1:55a73700-c891-46fd-8f5c-72bc827f2ef5:20160407213830.773:1667</Value>
          <Value>objectClass:1667:1:55a73700-c891-46fd-8f5c-72bc827f2ef5:20160407213830.773:1667</Value>
          <Value>objectGUID:1667:1:55a73700-c891-46fd-8f5c-72bc827f2ef5:20160407213830.773:1667</Value>
          <Value>oMSyntax:1667:1:55a73700-c891-46fd-8f5c-72bc827f2ef5:20160407213830.773:1667</Value>
          <Value>schemaIDGUID:1667:1:55a73700-c891-46fd-8f5c-72bc827f2ef5:20160407213830.773:1667</Value>
          <Value>uSNChanged:1667:1:55a73700-c891-46fd-8f5c-72bc827f2ef5:20160407213830.773:1667</Value>
          <Value>uSNCreated:1667:1:55a73700-c891-46fd-8f5c-72bc827f2ef5:20160407213830.773:1667</Value>
          <Value>vmwAttributeUsage:1667:1:55a73700-c891-46fd-8f5c-72bc827f2ef5:20160407213830.773:1667</Value>
        </AttributeMetadata>
      </AttributeSchemaEntry>
      <AttributeSchemaEntry>
        <Name>msDS-ByteArray</Name>
        <AttributeMetadata>
          <Value>attributeID:1191:1:55a73700-c891-46fd-8f5c-72bc827f2ef5:20160407213829.978:1191</Value>
          <Value>attributeSyntax:1191:1:55a73700-c891-46fd-8f5c-72bc827f2ef5:20160407213829.978:1191</Value>
          <Value>cn:1191:1:55a73700-c891-46fd-8f5c-72bc827f2ef5:20160407213829.978:1191</Value>
          <Value>createTimeStamp:1191:1:55a73700-c891-46fd-8f5c-72bc827f2ef5:20160407213829.978:1191</Value>
          <Value>entryDN:1191:1:55a73700-c891-46fd-8f5c-72bc827f2ef5:20160407213829.978:1191</Value>
          <Value>isSingleValued:1191:1:55a73700-c891-46fd-8f5c-72bc827f2ef5:20160407213829.978:1191</Value>
          <Value>lDAPDisplayName:1191:1:55a73700-c891-46fd-8f5c-72bc827f2ef5:20160407213829.978:1191</Value>
          <Value>modifyTimeStamp:1191:1:55a73700-c891-46fd-8f5c-72bc827f2ef5:20160407213829.978:1191</Value>
          <Value>objectClass:1191:1:55a73700-c891-46fd-8f5c-72bc827f2ef5:20160407213829.978:1191</Value>
          <Value>objectGUID:1191:1:55a73700-c891-46fd-8f5c-72bc827f2ef5:20160407213829.978:1191</Value>
          <Value>oMSyntax:1191:1:55a73700-c891-46fd-8f5c-72bc827f2ef5:20160407213829.978:1191</Value>
          <Value>schemaIDGUID:1191:1:55a73700-c891-46fd-8f5c-72bc827f2ef5:20160407213829.978:1191</Value>
          <Value>uSNChanged:1191:1:55a73700-c891-46fd-8f5c-72bc827f2ef5:20160407213829.978:1191</Value>
          <Value>uSNCreated:1191:1:55a73700-c891-46fd-8f5c-72bc827f2ef5:20160407213829.978:1191</Value>
          <Value>vmwAttributeUsage:1191:1:55a73700-c891-46fd-8f5c-72bc827f2ef5:20160407213829.978:1191</Value>
        </AttributeMetadata>
      </AttributeSchemaEntry>
      <AttributeSchemaEntry>
        <Name>msDS-Cached-Membership</Name>
        <AttributeMetadata>
          <Value>attributeID:451:1:55a73700-c891-46fd-8f5c-72bc827f2ef5:20160407213828.704:451</Value>
          <Value>attributeSyntax:451:1:55a73700-c891-46fd-8f5c-72bc827f2ef5:20160407213828.704:451</Value>
          <Value>cn:451:1:55a73700-c891-46fd-8f5c-72bc827f2ef5:20160407213828.704:451</Value>
          <Value>createTimeStamp:451:1:55a73700-c891-46fd-8f5c-72bc827f2ef5:20160407213828.704:451</Value>
          <Value>entryDN:451:1:55a73700-c891-46fd-8f5c-72bc827f2ef5:20160407213828.704:451</Value>
          <Value>isSingleValued:451:1:55a73700-c891-46fd-8f5c-72bc827f2ef5:20160407213828.704:451</Value>
          <Value>lDAPDisplayName:451:1:55a73700-c891-46fd-8f5c-72bc827f2ef5:20160407213828.704:451</Value>
          <Value>modifyTimeStamp:451:1:55a73700-c891-46fd-8f5c-72bc827f2ef5:20160407213828.704:451</Value>
          <Value>objectClass:451:1:55a73700-c891-46fd-8f5c-72bc827f2ef5:20160407213828.704:451</Value>
          <Value>objectGUID:451:1:55a73700-c891-46fd-8f5c-72bc827f2ef5:20160407213828.704:451</Value>
          <Value>oMSyntax:451:1:55a73700-c891-46fd-8f5c-72bc827f2ef5:20160407213828.704:451</Value>
          <Value>schemaIDGUID:451:1:55a73700-c891-46fd-8f5c-72bc827f2ef5:20160407213828.704:451</Value>
          <Value>uSNChanged:451:1:55a73700-c891-46fd-8f5c-72bc827f2ef5:20160407213828.704:451</Value>
          <Value>uSNCreated:451:1:55a73700-c891-46fd-8f5c-72bc827f2ef5:20160407213828.704:451</Value>
          <Value>vmwAttributeUsage:451:1:55a73700-c891-46fd-8f5c-72bc827f2ef5:20160407213828.704:451</Value>
        </AttributeMetadata>
      </AttributeSchemaEntry>
      <AttributeSchemaEntry>
        <Name>msDS-Cached-Membership-Time-Stamp</Name>
        <AttributeMetadata>
          <Value>attributeID:1000:1:55a73700-c891-46fd-8f5c-72bc827f2ef5:20160407213829.626:1000</Value>
          <Value>attributeSyntax:1000:1:55a73700-c891-46fd-8f5c-72bc827f2ef5:20160407213829.626:1000</Value>
          <Value>cn:1000:1:55a73700-c891-46fd-8f5c-72bc827f2ef5:20160407213829.626:1000</Value>
          <Value>createTimeStamp:1000:1:55a73700-c891-46fd-8f5c-72bc827f2ef5:20160407213829.626:1000</Value>
          <Value>entryDN:1000:1:55a73700-c891-46fd-8f5c-72bc827f2ef5:20160407213829.626:1000</Value>
          <Value>isSingleValued:1000:1:55a73700-c891-46fd-8f5c-72bc827f2ef5:20160407213829.626:1000</Value>
          <Value>lDAPDisplayName:1000:1:55a73700-c891-46fd-8f5c-72bc827f2ef5:20160407213829.626:1000</Value>
          <Value>modifyTimeStamp:1000:1:55a73700-c891-46fd-8f5c-72bc827f2ef5:20160407213829.626:1000</Value>
          <Value>objectClass:1000:1:55a73700-c891-46fd-8f5c-72bc827f2ef5:20160407213829.626:1000</Value>
          <Value>objectGUID:1000:1:55a73700-c891-46fd-8f5c-72bc827f2ef5:20160407213829.626:1000</Value>
          <Value>oMSyntax:1000:1:55a73700-c891-46fd-8f5c-72bc827f2ef5:20160407213829.626:1000</Value>
          <Value>schemaIDGUID:1000:1:55a73700-c891-46fd-8f5c-72bc827f2ef5:20160407213829.626:1000</Value>
          <Value>uSNChanged:1000:1:55a73700-c891-46fd-8f5c-72bc827f2ef5:20160407213829.626:1000</Value>
          <Value>uSNCreated:1000:1:55a73700-c891-46fd-8f5c-72bc827f2ef5:20160407213829.626:1000</Value>
          <Value>vmwAttributeUsage:1000:1:55a73700-c891-46fd-8f5c-72bc827f2ef5:20160407213829.626:1000</Value>
        </AttributeMetadata>
      </AttributeSchemaEntry>
      <AttributeSchemaEntry>
        <Name>mS-DS-ConsistencyChildCount</Name>
        <AttributeMetadata>
          <Value>attributeID:484:1:55a73700-c891-46fd-8f5c-72bc827f2ef5:20160407213828.747:484</Value>
          <Value>attributeSyntax:484:1:55a73700-c891-46fd-8f5c-72bc827f2ef5:20160407213828.747:484</Value>
          <Value>cn:484:1:55a73700-c891-46fd-8f5c-72bc827f2ef5:20160407213828.747:484</Value>
          <Value>createTimeStamp:484:1:55a73700-c891-46fd-8f5c-72bc827f2ef5:20160407213828.747:484</Value>
          <Value>entryDN:484:1:55a73700-c891-46fd-8f5c-72bc827f2ef5:20160407213828.747:484</Value>
          <Value>isSingleValued:484:1:55a73700-c891-46fd-8f5c-72bc827f2ef5:20160407213828.747:484</Value>
          <Value>lDAPDisplayName:484:1:55a73700-c891-46fd-8f5c-72bc827f2ef5:20160407213828.747:484</Value>
          <Value>modifyTimeStamp:484:1:55a73700-c891-46fd-8f5c-72bc827f2ef5:20160407213828.747:484</Value>
          <Value>objectClass:484:1:55a73700-c891-46fd-8f5c-72bc827f2ef5:20160407213828.747:484</Value>
          <Value>objectGUID:484:1:55a73700-c891-46fd-8f5c-72bc827f2ef5:20160407213828.747:484</Value>
          <Value>oMSyntax:484:1:55a73700-c891-46fd-8f5c-72bc827f2ef5:20160407213828.747:484</Value>
          <Value>schemaIDGUID:484:1:55a73700-c891-46fd-8f5c-72bc827f2ef5:20160407213828.747:484</Value>
          <Value>uSNChanged:484:1:55a73700-c891-46fd-8f5c-72bc827f2ef5:20160407213828.747:484</Value>
          <Value>uSNCreated:484:1:55a73700-c891-46fd-8f5c-72bc827f2ef5:20160407213828.747:484</Value>
          <Value>vmwAttributeUsage:484:1:55a73700-c891-46fd-8f5c-72bc827f2ef5:20160407213828.747:484</Value>
        </AttributeMetadata>
      </AttributeSchemaEntry>
      <AttributeSchemaEntry>
        <Name>mS-DS-ConsistencyGuid</Name>
        <AttributeMetadata>
          <Value>attributeID:246:1:55a73700-c891-46fd-8f5c-72bc827f2ef5:20160407213828.388:246</Value>
          <Value>attributeSyntax:246:1:55a73700-c891-46fd-8f5c-72bc827f2ef5:20160407213828.388:246</Value>
          <Value>cn:246:1:55a73700-c891-46fd-8f5c-72bc827f2ef5:20160407213828.388:246</Value>
          <Value>createTimeStamp:246:1:55a73700-c891-46fd-8f5c-72bc827f2ef5:20160407213828.388:246</Value>
          <Value>entryDN:246:1:55a73700-c891-46fd-8f5c-72bc827f2ef5:20160407213828.388:246</Value>
          <Value>isSingleValued:246:1:55a73700-c891-46fd-8f5c-72bc827f2ef5:20160407213828.388:246</Value>
          <Value>lDAPDisplayName:246:1:55a73700-c891-46fd-8f5c-72bc827f2ef5:20160407213828.388:246</Value>
          <Value>modifyTimeStamp:246:1:55a73700-c891-46fd-8f5c-72bc827f2ef5:20160407213828.388:246</Value>
          <Value>objectClass:246:1:55a73700-c891-46fd-8f5c-72bc827f2ef5:20160407213828.388:246</Value>
          <Value>objectGUID:246:1:55a73700-c891-46fd-8f5c-72bc827f2ef5:20160407213828.388:246</Value>
          <Value>oMSyntax:246:1:55a73700-c891-46fd-8f5c-72bc827f2ef5:20160407213828.388:246</Value>
          <Value>schemaIDGUID:246:1:55a73700-c891-46fd-8f5c-72bc827f2ef5:20160407213828.388:246</Value>
          <Value>uSNChanged:246:1:55a73700-c891-46fd-8f5c-72bc827f2ef5:20160407213828.388:246</Value>
          <Value>uSNCreated:246:1:55a73700-c891-46fd-8f5c-72bc827f2ef5:20160407213828.388:246</Value>
          <Value>vmwAttributeUsage:246:1:55a73700-c891-46fd-8f5c-72bc827f2ef5:20160407213828.388:246</Value>
        </AttributeMetadata>
      </AttributeSchemaEntry>
      <AttributeSchemaEntry>
        <Name>mS-DS-CreatorSID</Name>
        <AttributeMetadata>
          <Value>attributeID:1106:1:55a73700-c891-46fd-8f5c-72bc827f2ef5:20160407213829.831:1106</Value>
          <Value>attributeSyntax:1106:1:55a73700-c891-46fd-8f5c-72bc827f2ef5:20160407213829.831:1106</Value>
          <Value>cn:1106:1:55a73700-c891-46fd-8f5c-72bc827f2ef5:20160407213829.831:1106</Value>
          <Value>createTimeStamp:1106:1:55a73700-c891-46fd-8f5c-72bc827f2ef5:20160407213829.831:1106</Value>
          <Value>entryDN:1106:1:55a73700-c891-46fd-8f5c-72bc827f2ef5:20160407213829.831:1106</Value>
          <Value>isSingleValued:1106:1:55a73700-c891-46fd-8f5c-72bc827f2ef5:20160407213829.831:1106</Value>
          <Value>lDAPDisplayName:1106:1:55a73700-c891-46fd-8f5c-72bc827f2ef5:20160407213829.831:1106</Value>
          <Value>modifyTimeStamp:1106:1:55a73700-c891-46fd-8f5c-72bc827f2ef5:20160407213829.831:1106</Value>
          <Value>objectClass:1106:1:55a73700-c891-46fd-8f5c-72bc827f2ef5:20160407213829.831:1106</Value>
          <Value>objectGUID:1106:1:55a73700-c891-46fd-8f5c-72bc827f2ef5:20160407213829.831:1106</Value>
          <Value>oMSyntax:1106:1:55a73700-c891-46fd-8f5c-72bc827f2ef5:20160407213829.831:1106</Value>
          <Value>schemaIDGUID:1106:1:55a73700-c891-46fd-8f5c-72bc827f2ef5:20160407213829.831:1106</Value>
          <Value>uSNChanged:1106:1:55a73700-c891-46fd-8f5c-72bc827f2ef5:20160407213829.831:1106</Value>
          <Value>uSNCreated:1106:1:55a73700-c891-46fd-8f5c-72bc827f2ef5:20160407213829.831:1106</Value>
          <Value>vmwAttributeUsage:1106:1:55a73700-c891-46fd-8f5c-72bc827f2ef5:20160407213829.831:1106</Value>
        </AttributeMetadata>
      </AttributeSchemaEntry>
      <AttributeSchemaEntry>
        <Name>msDS-DateTime</Name>
        <AttributeMetadata>
          <Value>attributeID:1077:1:55a73700-c891-46fd-8f5c-72bc827f2ef5:20160407213829.769:1077</Value>
          <Value>attributeSyntax:1077:1:55a73700-c891-46fd-8f5c-72bc827f2ef5:20160407213829.769:1077</Value>
          <Value>cn:1077:1:55a73700-c891-46fd-8f5c-72bc827f2ef5:20160407213829.769:1077</Value>
          <Value>createTimeStamp:1077:1:55a73700-c891-46fd-8f5c-72bc827f2ef5:20160407213829.769:1077</Value>
          <Value>entryDN:1077:1:55a73700-c891-46fd-8f5c-72bc827f2ef5:20160407213829.769:1077</Value>
          <Value>isSingleValued:1077:1:55a73700-c891-46fd-8f5c-72bc827f2ef5:20160407213829.769:1077</Value>
          <Value>lDAPDisplayName:1077:1:55a73700-c891-46fd-8f5c-72bc827f2ef5:20160407213829.769:1077</Value>
          <Value>modifyTimeStamp:1077:1:55a73700-c891-46fd-8f5c-72bc827f2ef5:20160407213829.769:1077</Value>
          <Value>objectClass:1077:1:55a73700-c891-46fd-8f5c-72bc827f2ef5:20160407213829.769:1077</Value>
          <Value>objectGUID:1077:1:55a73700-c891-46fd-8f5c-72bc827f2ef5:20160407213829.769:1077</Value>
          <Value>oMSyntax:1077:1:55a73700-c891-46fd-8f5c-72bc827f2ef5:20160407213829.769:1077</Value>
          <Value>schemaIDGUID:1077:1:55a73700-c891-46fd-8f5c-72bc827f2ef5:20160407213829.769:1077</Value>
          <Value>uSNChanged:1077:1:55a73700-c891-46fd-8f5c-72bc827f2ef5:20160407213829.769:1077</Value>
          <Value>uSNCreated:1077:1:55a73700-c891-46fd-8f5c-72bc827f2ef5:20160407213829.769:1077</Value>
          <Value>vmwAttributeUsage:1077:1:55a73700-c891-46fd-8f5c-72bc827f2ef5:20160407213829.769:1077</Value>
        </AttributeMetadata>
      </AttributeSchemaEntry>
      <AttributeSchemaEntry>
        <Name>msDS-DefaultQuota</Name>
        <AttributeMetadata>
          <Value>attributeID:1262:1:55a73700-c891-46fd-8f5c-72bc827f2ef5:20160407213830.099:1262</Value>
          <Value>attributeSyntax:1262:1:55a73700-c891-46fd-8f5c-72bc827f2ef5:20160407213830.099:1262</Value>
          <Value>cn:1262:1:55a73700-c891-46fd-8f5c-72bc827f2ef5:20160407213830.099:1262</Value>
          <Value>createTimeStamp:1262:1:55a73700-c891-46fd-8f5c-72bc827f2ef5:20160407213830.099:1262</Value>
          <Value>entryDN:1262:1:55a73700-c891-46fd-8f5c-72bc827f2ef5:20160407213830.099:1262</Value>
          <Value>isSingleValued:1262:1:55a73700-c891-46fd-8f5c-72bc827f2ef5:20160407213830.099:1262</Value>
          <Value>lDAPDisplayName:1262:1:55a73700-c891-46fd-8f5c-72bc827f2ef5:20160407213830.099:1262</Value>
          <Value>modifyTimeStamp:1262:1:55a73700-c891-46fd-8f5c-72bc827f2ef5:20160407213830.099:1262</Value>
          <Value>objectClass:1262:1:55a73700-c891-46fd-8f5c-72bc827f2ef5:20160407213830.099:1262</Value>
          <Value>objectGUID:1262:1:55a73700-c891-46fd-8f5c-72bc827f2ef5:20160407213830.099:1262</Value>
          <Value>oMSyntax:1262:1:55a73700-c891-46fd-8f5c-72bc827f2ef5:20160407213830.099:1262</Value>
          <Value>schemaIDGUID:1262:1:55a73700-c891-46fd-8f5c-72bc827f2ef5:20160407213830.099:1262</Value>
          <Value>uSNChanged:1262:1:55a73700-c891-46fd-8f5c-72bc827f2ef5:20160407213830.099:1262</Value>
          <Value>uSNCreated:1262:1:55a73700-c891-46fd-8f5c-72bc827f2ef5:20160407213830.099:1262</Value>
          <Value>vmwAttributeUsage:1262:1:55a73700-c891-46fd-8f5c-72bc827f2ef5:20160407213830.099:1262</Value>
        </AttributeMetadata>
      </AttributeSchemaEntry>
      <AttributeSchemaEntry>
        <Name>msDS-DeletedObjectLifetime</Name>
        <AttributeMetadata>
          <Value>attributeID:724:1:55a73700-c891-46fd-8f5c-72bc827f2ef5:20160407213829.157:724</Value>
          <Value>attributeSyntax:724:1:55a73700-c891-46fd-8f5c-72bc827f2ef5:20160407213829.157:724</Value>
          <Value>cn:724:1:55a73700-c891-46fd-8f5c-72bc827f2ef5:20160407213829.157:724</Value>
          <Value>createTimeStamp:724:1:55a73700-c891-46fd-8f5c-72bc827f2ef5:20160407213829.157:724</Value>
          <Value>entryDN:724:1:55a73700-c891-46fd-8f5c-72bc827f2ef5:20160407213829.157:724</Value>
          <Value>isSingleValued:724:1:55a73700-c891-46fd-8f5c-72bc827f2ef5:20160407213829.157:724</Value>
          <Value>lDAPDisplayName:724:1:55a73700-c891-46fd-8f5c-72bc827f2ef5:20160407213829.157:724</Value>
          <Value>modifyTimeStamp:724:1:55a73700-c891-46fd-8f5c-72bc827f2ef5:20160407213829.157:724</Value>
          <Value>objectClass:724:1:55a73700-c891-46fd-8f5c-72bc827f2ef5:20160407213829.157:724</Value>
          <Value>objectGUID:724:1:55a73700-c891-46fd-8f5c-72bc827f2ef5:20160407213829.157:724</Value>
          <Value>oMSyntax:724:1:55a73700-c891-46fd-8f5c-72bc827f2ef5:20160407213829.157:724</Value>
          <Value>schemaIDGUID:724:1:55a73700-c891-46fd-8f5c-72bc827f2ef5:20160407213829.157:724</Value>
          <Value>uSNChanged:724:1:55a73700-c891-46fd-8f5c-72bc827f2ef5:20160407213829.157:724</Value>
          <Value>uSNCreated:724:1:55a73700-c891-46fd-8f5c-72bc827f2ef5:20160407213829.157:724</Value>
          <Value>vmwAttributeUsage:724:1:55a73700-c891-46fd-8f5c-72bc827f2ef5:20160407213829.157:724</Value>
        </AttributeMetadata>
      </AttributeSchemaEntry>
      <AttributeSchemaEntry>
        <Name>msDS-DnsRootAlias</Name>
        <AttributeMetadata>
          <Value>attributeID:740:1:55a73700-c891-46fd-8f5c-72bc827f2ef5:20160407213829.186:740</Value>
          <Value>attributeSyntax:740:1:55a73700-c891-46fd-8f5c-72bc827f2ef5:20160407213829.186:740</Value>
          <Value>cn:740:1:55a73700-c891-46fd-8f5c-72bc827f2ef5:20160407213829.186:740</Value>
          <Value>createTimeStamp:740:1:55a73700-c891-46fd-8f5c-72bc827f2ef5:20160407213829.186:740</Value>
          <Value>entryDN:740:1:55a73700-c891-46fd-8f5c-72bc827f2ef5:20160407213829.186:740</Value>
          <Value>isSingleValued:740:1:55a73700-c891-46fd-8f5c-72bc827f2ef5:20160407213829.186:740</Value>
          <Value>lDAPDisplayName:740:1:55a73700-c891-46fd-8f5c-72bc827f2ef5:20160407213829.186:740</Value>
          <Value>modifyTimeStamp:740:1:55a73700-c891-46fd-8f5c-72bc827f2ef5:20160407213829.186:740</Value>
          <Value>objectClass:740:1:55a73700-c891-46fd-8f5c-72bc827f2ef5:20160407213829.186:740</Value>
          <Value>objectGUID:740:1:55a73700-c891-46fd-8f5c-72bc827f2ef5:20160407213829.186:740</Value>
          <Value>oMSyntax:740:1:55a73700-c891-46fd-8f5c-72bc827f2ef5:20160407213829.186:740</Value>
          <Value>schemaIDGUID:740:1:55a73700-c891-46fd-8f5c-72bc827f2ef5:20160407213829.186:740</Value>
          <Value>uSNChanged:740:1:55a73700-c891-46fd-8f5c-72bc827f2ef5:20160407213829.186:740</Value>
          <Value>uSNCreated:740:1:55a73700-c891-46fd-8f5c-72bc827f2ef5:20160407213829.186:740</Value>
          <Value>vmwAttributeUsage:740:1:55a73700-c891-46fd-8f5c-72bc827f2ef5:20160407213829.186:740</Value>
        </AttributeMetadata>
      </AttributeSchemaEntry>
      <AttributeSchemaEntry>
        <Name>msDS-EnabledFeature</Name>
        <AttributeMetadata>
          <Value>attributeID:1097:1:55a73700-c891-46fd-8f5c-72bc827f2ef5:20160407213829.815:1097</Value>
          <Value>attributeSyntax:1097:1:55a73700-c891-46fd-8f5c-72bc827f2ef5:20160407213829.815:1097</Value>
          <Value>cn:1097:1:55a73700-c891-46fd-8f5c-72bc827f2ef5:20160407213829.815:1097</Value>
          <Value>createTimeStamp:1097:1:55a73700-c891-46fd-8f5c-72bc827f2ef5:20160407213829.815:1097</Value>
          <Value>entryDN:1097:1:55a73700-c891-46fd-8f5c-72bc827f2ef5:20160407213829.815:1097</Value>
          <Value>isSingleValued:1097:1:55a73700-c891-46fd-8f5c-72bc827f2ef5:20160407213829.815:1097</Value>
          <Value>lDAPDisplayName:1097:1:55a73700-c891-46fd-8f5c-72bc827f2ef5:20160407213829.815:1097</Value>
          <Value>modifyTimeStamp:1097:1:55a73700-c891-46fd-8f5c-72bc827f2ef5:20160407213829.815:1097</Value>
          <Value>objectClass:1097:1:55a73700-c891-46fd-8f5c-72bc827f2ef5:20160407213829.815:1097</Value>
          <Value>objectGUID:1097:1:55a73700-c891-46fd-8f5c-72bc827f2ef5:20160407213829.815:1097</Value>
          <Value>oMSyntax:1097:1:55a73700-c891-46fd-8f5c-72bc827f2ef5:20160407213829.815:1097</Value>
          <Value>schemaIDGUID:1097:1:55a73700-c891-46fd-8f5c-72bc827f2ef5:20160407213829.815:1097</Value>
          <Value>uSNChanged:1097:1:55a73700-c891-46fd-8f5c-72bc827f2ef5:20160407213829.815:1097</Value>
          <Value>uSNCreated:1097:1:55a73700-c891-46fd-8f5c-72bc827f2ef5:20160407213829.815:1097</Value>
          <Value>vmwAttributeUsage:1097:1:55a73700-c891-46fd-8f5c-72bc827f2ef5:20160407213829.815:1097</Value>
        </AttributeMetadata>
      </AttributeSchemaEntry>
      <AttributeSchemaEntry>
        <Name>msDS-EnabledFeatureBL</Name>
        <AttributeMetadata>
          <Value>attributeID:1006:1:55a73700-c891-46fd-8f5c-72bc827f2ef5:20160407213829.640:1006</Value>
          <Value>attributeSyntax:1006:1:55a73700-c891-46fd-8f5c-72bc827f2ef5:20160407213829.640:1006</Value>
          <Value>cn:1006:1:55a73700-c891-46fd-8f5c-72bc827f2ef5:20160407213829.640:1006</Value>
          <Value>createTimeStamp:1006:1:55a73700-c891-46fd-8f5c-72bc827f2ef5:20160407213829.640:1006</Value>
          <Value>entryDN:1006:1:55a73700-c891-46fd-8f5c-72bc827f2ef5:20160407213829.640:1006</Value>
          <Value>isSingleValued:1006:1:55a73700-c891-46fd-8f5c-72bc827f2ef5:20160407213829.640:1006</Value>
          <Value>lDAPDisplayName:1006:1:55a73700-c891-46fd-8f5c-72bc827f2ef5:20160407213829.640:1006</Value>
          <Value>modifyTimeStamp:1006:1:55a73700-c891-46fd-8f5c-72bc827f2ef5:20160407213829.640:1006</Value>
          <Value>objectClass:1006:1:55a73700-c891-46fd-8f5c-72bc827f2ef5:20160407213829.640:1006</Value>
          <Value>objectGUID:1006:1:55a73700-c891-46fd-8f5c-72bc827f2ef5:20160407213829.640:1006</Value>
          <Value>oMSyntax:1006:1:55a73700-c891-46fd-8f5c-72bc827f2ef5:20160407213829.640:1006</Value>
          <Value>schemaIDGUID:1006:1:55a73700-c891-46fd-8f5c-72bc827f2ef5:20160407213829.640:1006</Value>
          <Value>uSNChanged:1006:1:55a73700-c891-46fd-8f5c-72bc827f2ef5:20160407213829.640:1006</Value>
          <Value>uSNCreated:1006:1:55a73700-c891-46fd-8f5c-72bc827f2ef5:20160407213829.640:1006</Value>
          <Value>vmwAttributeUsage:1006:1:55a73700-c891-46fd-8f5c-72bc827f2ef5:20160407213829.640:1006</Value>
        </AttributeMetadata>
      </AttributeSchemaEntry>
      <AttributeSchemaEntry>
        <Name>msDS-Entry-Time-To-Die</Name>
        <AttributeMetadata>
          <Value>attributeID:1566:1:55a73700-c891-46fd-8f5c-72bc827f2ef5:20160407213830.599:1566</Value>
          <Value>attributeSyntax:1566:1:55a73700-c891-46fd-8f5c-72bc827f2ef5:20160407213830.599:1566</Value>
          <Value>cn:1566:1:55a73700-c891-46fd-8f5c-72bc827f2ef5:20160407213830.599:1566</Value>
          <Value>createTimeStamp:1566:1:55a73700-c891-46fd-8f5c-72bc827f2ef5:20160407213830.599:1566</Value>
          <Value>entryDN:1566:1:55a73700-c891-46fd-8f5c-72bc827f2ef5:20160407213830.599:1566</Value>
          <Value>isSingleValued:1566:1:55a73700-c891-46fd-8f5c-72bc827f2ef5:20160407213830.599:1566</Value>
          <Value>lDAPDisplayName:1566:1:55a73700-c891-46fd-8f5c-72bc827f2ef5:20160407213830.599:1566</Value>
          <Value>modifyTimeStamp:1566:1:55a73700-c891-46fd-8f5c-72bc827f2ef5:20160407213830.599:1566</Value>
          <Value>objectClass:1566:1:55a73700-c891-46fd-8f5c-72bc827f2ef5:20160407213830.599:1566</Value>
          <Value>objectGUID:1566:1:55a73700-c891-46fd-8f5c-72bc827f2ef5:20160407213830.599:1566</Value>
          <Value>oMSyntax:1566:1:55a73700-c891-46fd-8f5c-72bc827f2ef5:20160407213830.599:1566</Value>
          <Value>schemaIDGUID:1566:1:55a73700-c891-46fd-8f5c-72bc827f2ef5:20160407213830.599:1566</Value>
          <Value>uSNChanged:1566:1:55a73700-c891-46fd-8f5c-72bc827f2ef5:20160407213830.599:1566</Value>
          <Value>uSNCreated:1566:1:55a73700-c891-46fd-8f5c-72bc827f2ef5:20160407213830.599:1566</Value>
          <Value>vmwAttributeUsage:1566:1:55a73700-c891-46fd-8f5c-72bc827f2ef5:20160407213830.599:1566</Value>
        </AttributeMetadata>
      </AttributeSchemaEntry>
      <AttributeSchemaEntry>
        <Name>msDS-ExecuteScriptPassword</Name>
        <AttributeMetadata>
          <Value>attributeID:573:1:55a73700-c891-46fd-8f5c-72bc827f2ef5:20160407213828.907:573</Value>
          <Value>attributeSyntax:573:1:55a73700-c891-46fd-8f5c-72bc827f2ef5:20160407213828.907:573</Value>
          <Value>cn:573:1:55a73700-c891-46fd-8f5c-72bc827f2ef5:20160407213828.907:573</Value>
          <Value>createTimeStamp:573:1:55a73700-c891-46fd-8f5c-72bc827f2ef5:20160407213828.907:573</Value>
          <Value>entryDN:573:1:55a73700-c891-46fd-8f5c-72bc827f2ef5:20160407213828.907:573</Value>
          <Value>isSingleValued:573:1:55a73700-c891-46fd-8f5c-72bc827f2ef5:20160407213828.907:573</Value>
          <Value>lDAPDisplayName:573:1:55a73700-c891-46fd-8f5c-72bc827f2ef5:20160407213828.907:573</Value>
          <Value>modifyTimeStamp:573:1:55a73700-c891-46fd-8f5c-72bc827f2ef5:20160407213828.907:573</Value>
          <Value>objectClass:573:1:55a73700-c891-46fd-8f5c-72bc827f2ef5:20160407213828.907:573</Value>
          <Value>objectGUID:573:1:55a73700-c891-46fd-8f5c-72bc827f2ef5:20160407213828.907:573</Value>
          <Value>oMSyntax:573:1:55a73700-c891-46fd-8f5c-72bc827f2ef5:20160407213828.907:573</Value>
          <Value>schemaIDGUID:573:1:55a73700-c891-46fd-8f5c-72bc827f2ef5:20160407213828.907:573</Value>
          <Value>uSNChanged:573:1:55a73700-c891-46fd-8f5c-72bc827f2ef5:20160407213828.907:573</Value>
          <Value>uSNCreated:573:1:55a73700-c891-46fd-8f5c-72bc827f2ef5:20160407213828.907:573</Value>
          <Value>vmwAttributeUsage:573:1:55a73700-c891-46fd-8f5c-72bc827f2ef5:20160407213828.907:573</Value>
        </AttributeMetadata>
      </AttributeSchemaEntry>
      <AttributeSchemaEntry>
        <Name>msDS-ExternalKey</Name>
        <AttributeMetadata>
          <Value>attributeID:1272:1:55a73700-c891-46fd-8f5c-72bc827f2ef5:20160407213830.119:1272</Value>
          <Value>attributeSyntax:1272:1:55a73700-c891-46fd-8f5c-72bc827f2ef5:20160407213830.119:1272</Value>
          <Value>cn:1272:1:55a73700-c891-46fd-8f5c-72bc827f2ef5:20160407213830.119:1272</Value>
          <Value>createTimeStamp:1272:1:55a73700-c891-46fd-8f5c-72bc827f2ef5:20160407213830.119:1272</Value>
          <Value>entryDN:1272:1:55a73700-c891-46fd-8f5c-72bc827f2ef5:20160407213830.119:1272</Value>
          <Value>isSingleValued:1272:1:55a73700-c891-46fd-8f5c-72bc827f2ef5:20160407213830.119:1272</Value>
          <Value>lDAPDisplayName:1272:1:55a73700-c891-46fd-8f5c-72bc827f2ef5:20160407213830.119:1272</Value>
          <Value>modifyTimeStamp:1272:1:55a73700-c891-46fd-8f5c-72bc827f2ef5:20160407213830.119:1272</Value>
          <Value>objectClass:1272:1:55a73700-c891-46fd-8f5c-72bc827f2ef5:20160407213830.119:1272</Value>
          <Value>objectGUID:1272:1:55a73700-c891-46fd-8f5c-72bc827f2ef5:20160407213830.119:1272</Value>
          <Value>oMSyntax:1272:1:55a73700-c891-46fd-8f5c-72bc827f2ef5:20160407213830.119:1272</Value>
          <Value>schemaIDGUID:1272:1:55a73700-c891-46fd-8f5c-72bc827f2ef5:20160407213830.119:1272</Value>
          <Value>uSNChanged:1272:1:55a73700-c891-46fd-8f5c-72bc827f2ef5:20160407213830.119:1272</Value>
          <Value>uSNCreated:1272:1:55a73700-c891-46fd-8f5c-72bc827f2ef5:20160407213830.119:1272</Value>
          <Value>vmwAttributeUsage:1272:1:55a73700-c891-46fd-8f5c-72bc827f2ef5:20160407213830.119:1272</Value>
        </AttributeMetadata>
      </AttributeSchemaEntry>
      <AttributeSchemaEntry>
        <Name>msDS-ExternalStore</Name>
        <AttributeMetadata>
          <Value>attributeID:633:1:55a73700-c891-46fd-8f5c-72bc827f2ef5:20160407213829.005:633</Value>
          <Value>attributeSyntax:633:1:55a73700-c891-46fd-8f5c-72bc827f2ef5:20160407213829.005:633</Value>
          <Value>cn:633:1:55a73700-c891-46fd-8f5c-72bc827f2ef5:20160407213829.005:633</Value>
          <Value>createTimeStamp:633:1:55a73700-c891-46fd-8f5c-72bc827f2ef5:20160407213829.005:633</Value>
          <Value>entryDN:633:1:55a73700-c891-46fd-8f5c-72bc827f2ef5:20160407213829.005:633</Value>
          <Value>isSingleValued:633:1:55a73700-c891-46fd-8f5c-72bc827f2ef5:20160407213829.005:633</Value>
          <Value>lDAPDisplayName:633:1:55a73700-c891-46fd-8f5c-72bc827f2ef5:20160407213829.005:633</Value>
          <Value>modifyTimeStamp:633:1:55a73700-c891-46fd-8f5c-72bc827f2ef5:20160407213829.005:633</Value>
          <Value>objectClass:633:1:55a73700-c891-46fd-8f5c-72bc827f2ef5:20160407213829.005:633</Value>
          <Value>objectGUID:633:1:55a73700-c891-46fd-8f5c-72bc827f2ef5:20160407213829.005:633</Value>
          <Value>oMSyntax:633:1:55a73700-c891-46fd-8f5c-72bc827f2ef5:20160407213829.005:633</Value>
          <Value>schemaIDGUID:633:1:55a73700-c891-46fd-8f5c-72bc827f2ef5:20160407213829.005:633</Value>
          <Value>uSNChanged:633:1:55a73700-c891-46fd-8f5c-72bc827f2ef5:20160407213829.005:633</Value>
          <Value>uSNCreated:633:1:55a73700-c891-46fd-8f5c-72bc827f2ef5:20160407213829.005:633</Value>
          <Value>vmwAttributeUsage:633:1:55a73700-c891-46fd-8f5c-72bc827f2ef5:20160407213829.005:633</Value>
        </AttributeMetadata>
      </AttributeSchemaEntry>
      <AttributeSchemaEntry>
        <Name>msDS-FailedInteractiveLogonCount</Name>
        <AttributeMetadata>
          <Value>attributeID:1143:1:55a73700-c891-46fd-8f5c-72bc827f2ef5:20160407213829.893:1143</Value>
          <Value>attributeSyntax:1143:1:55a73700-c891-46fd-8f5c-72bc827f2ef5:20160407213829.893:1143</Value>
          <Value>cn:1143:1:55a73700-c891-46fd-8f5c-72bc827f2ef5:20160407213829.893:1143</Value>
          <Value>createTimeStamp:1143:1:55a73700-c891-46fd-8f5c-72bc827f2ef5:20160407213829.893:1143</Value>
          <Value>entryDN:1143:1:55a73700-c891-46fd-8f5c-72bc827f2ef5:20160407213829.893:1143</Value>
          <Value>isSingleValued:1143:1:55a73700-c891-46fd-8f5c-72bc827f2ef5:20160407213829.893:1143</Value>
          <Value>lDAPDisplayName:1143:1:55a73700-c891-46fd-8f5c-72bc827f2ef5:20160407213829.893:1143</Value>
          <Value>modifyTimeStamp:1143:1:55a73700-c891-46fd-8f5c-72bc827f2ef5:20160407213829.893:1143</Value>
          <Value>objectClass:1143:1:55a73700-c891-46fd-8f5c-72bc827f2ef5:20160407213829.893:1143</Value>
          <Value>objectGUID:1143:1:55a73700-c891-46fd-8f5c-72bc827f2ef5:20160407213829.893:1143</Value>
          <Value>oMSyntax:1143:1:55a73700-c891-46fd-8f5c-72bc827f2ef5:20160407213829.893:1143</Value>
          <Value>schemaIDGUID:1143:1:55a73700-c891-46fd-8f5c-72bc827f2ef5:20160407213829.893:1143</Value>
          <Value>uSNChanged:1143:1:55a73700-c891-46fd-8f5c-72bc827f2ef5:20160407213829.893:1143</Value>
          <Value>uSNCreated:1143:1:55a73700-c891-46fd-8f5c-72bc827f2ef5:20160407213829.893:1143</Value>
          <Value>vmwAttributeUsage:1143:1:55a73700-c891-46fd-8f5c-72bc827f2ef5:20160407213829.893:1143</Value>
        </AttributeMetadata>
      </AttributeSchemaEntry>
      <AttributeSchemaEntry>
        <Name>msDS-FailedInteractiveLogonCountAtLastSuccessfulLogon</Name>
        <AttributeMetadata>
          <Value>attributeID:499:1:55a73700-c891-46fd-8f5c-72bc827f2ef5:20160407213828.774:499</Value>
          <Value>attributeSyntax:499:1:55a73700-c891-46fd-8f5c-72bc827f2ef5:20160407213828.774:499</Value>
          <Value>cn:499:1:55a73700-c891-46fd-8f5c-72bc827f2ef5:20160407213828.774:499</Value>
          <Value>createTimeStamp:499:1:55a73700-c891-46fd-8f5c-72bc827f2ef5:20160407213828.774:499</Value>
          <Value>entryDN:499:1:55a73700-c891-46fd-8f5c-72bc827f2ef5:20160407213828.774:499</Value>
          <Value>isSingleValued:499:1:55a73700-c891-46fd-8f5c-72bc827f2ef5:20160407213828.774:499</Value>
          <Value>lDAPDisplayName:499:1:55a73700-c891-46fd-8f5c-72bc827f2ef5:20160407213828.774:499</Value>
          <Value>modifyTimeStamp:499:1:55a73700-c891-46fd-8f5c-72bc827f2ef5:20160407213828.774:499</Value>
          <Value>objectClass:499:1:55a73700-c891-46fd-8f5c-72bc827f2ef5:20160407213828.774:499</Value>
          <Value>objectGUID:499:1:55a73700-c891-46fd-8f5c-72bc827f2ef5:20160407213828.774:499</Value>
          <Value>oMSyntax:499:1:55a73700-c891-46fd-8f5c-72bc827f2ef5:20160407213828.774:499</Value>
          <Value>schemaIDGUID:499:1:55a73700-c891-46fd-8f5c-72bc827f2ef5:20160407213828.774:499</Value>
          <Value>uSNChanged:499:1:55a73700-c891-46fd-8f5c-72bc827f2ef5:20160407213828.774:499</Value>
          <Value>uSNCreated:499:1:55a73700-c891-46fd-8f5c-72bc827f2ef5:20160407213828.774:499</Value>
          <Value>vmwAttributeUsage:499:1:55a73700-c891-46fd-8f5c-72bc827f2ef5:20160407213828.774:499</Value>
        </AttributeMetadata>
      </AttributeSchemaEntry>
      <AttributeSchemaEntry>
        <Name>msDS-FilterContainers</Name>
        <AttributeMetadata>
          <Value>attributeID:623:1:55a73700-c891-46fd-8f5c-72bc827f2ef5:20160407213828.981:623</Value>
          <Value>attributeSyntax:623:1:55a73700-c891-46fd-8f5c-72bc827f2ef5:20160407213828.981:623</Value>
          <Value>cn:623:1:55a73700-c891-46fd-8f5c-72bc827f2ef5:20160407213828.981:623</Value>
          <Value>createTimeStamp:623:1:55a73700-c891-46fd-8f5c-72bc827f2ef5:20160407213828.981:623</Value>
          <Value>entryDN:623:1:55a73700-c891-46fd-8f5c-72bc827f2ef5:20160407213828.981:623</Value>
          <Value>isSingleValued:623:1:55a73700-c891-46fd-8f5c-72bc827f2ef5:20160407213828.981:623</Value>
          <Value>lDAPDisplayName:623:1:55a73700-c891-46fd-8f5c-72bc827f2ef5:20160407213828.981:623</Value>
          <Value>modifyTimeStamp:623:1:55a73700-c891-46fd-8f5c-72bc827f2ef5:20160407213828.981:623</Value>
          <Value>objectClass:623:1:55a73700-c891-46fd-8f5c-72bc827f2ef5:20160407213828.981:623</Value>
          <Value>objectGUID:623:1:55a73700-c891-46fd-8f5c-72bc827f2ef5:20160407213828.981:623</Value>
          <Value>oMSyntax:623:1:55a73700-c891-46fd-8f5c-72bc827f2ef5:20160407213828.981:623</Value>
          <Value>schemaIDGUID:623:1:55a73700-c891-46fd-8f5c-72bc827f2ef5:20160407213828.981:623</Value>
          <Value>uSNChanged:623:1:55a73700-c891-46fd-8f5c-72bc827f2ef5:20160407213828.981:623</Value>
          <Value>uSNCreated:623:1:55a73700-c891-46fd-8f5c-72bc827f2ef5:20160407213828.981:623</Value>
          <Value>vmwAttributeUsage:623:1:55a73700-c891-46fd-8f5c-72bc827f2ef5:20160407213828.981:623</Value>
        </AttributeMetadata>
      </AttributeSchemaEntry>
      <AttributeSchemaEntry>
        <Name>msDS-HABSeniorityIndex</Name>
        <AttributeMetadata>
          <Value>attributeID:1091:1:55a73700-c891-46fd-8f5c-72bc827f2ef5:20160407213829.799:1091</Value>
          <Value>attributeSyntax:1091:1:55a73700-c891-46fd-8f5c-72bc827f2ef5:20160407213829.799:1091</Value>
          <Value>cn:1091:1:55a73700-c891-46fd-8f5c-72bc827f2ef5:20160407213829.799:1091</Value>
          <Value>createTimeStamp:1091:1:55a73700-c891-46fd-8f5c-72bc827f2ef5:20160407213829.799:1091</Value>
          <Value>entryDN:1091:1:55a73700-c891-46fd-8f5c-72bc827f2ef5:20160407213829.799:1091</Value>
          <Value>isSingleValued:1091:1:55a73700-c891-46fd-8f5c-72bc827f2ef5:20160407213829.799:1091</Value>
          <Value>lDAPDisplayName:1091:1:55a73700-c891-46fd-8f5c-72bc827f2ef5:20160407213829.799:1091</Value>
          <Value>modifyTimeStamp:1091:1:55a73700-c891-46fd-8f5c-72bc827f2ef5:20160407213829.799:1091</Value>
          <Value>objectClass:1091:1:55a73700-c891-46fd-8f5c-72bc827f2ef5:20160407213829.799:1091</Value>
          <Value>objectGUID:1091:1:55a73700-c891-46fd-8f5c-72bc827f2ef5:20160407213829.799:1091</Value>
          <Value>oMSyntax:1091:1:55a73700-c891-46fd-8f5c-72bc827f2ef5:20160407213829.799:1091</Value>
          <Value>schemaIDGUID:1091:1:55a73700-c891-46fd-8f5c-72bc827f2ef5:20160407213829.799:1091</Value>
          <Value>uSNChanged:1091:1:55a73700-c891-46fd-8f5c-72bc827f2ef5:20160407213829.799:1091</Value>
          <Value>uSNCreated:1091:1:55a73700-c891-46fd-8f5c-72bc827f2ef5:20160407213829.799:1091</Value>
          <Value>vmwAttributeUsage:1091:1:55a73700-c891-46fd-8f5c-72bc827f2ef5:20160407213829.799:1091</Value>
        </AttributeMetadata>
      </AttributeSchemaEntry>
      <AttributeSchemaEntry>
        <Name>msDS-HasDomainNCs</Name>
        <AttributeMetadata>
          <Value>attributeID:856:1:55a73700-c891-46fd-8f5c-72bc827f2ef5:20160407213829.387:856</Value>
          <Value>attributeSyntax:856:1:55a73700-c891-46fd-8f5c-72bc827f2ef5:20160407213829.387:856</Value>
          <Value>cn:856:1:55a73700-c891-46fd-8f5c-72bc827f2ef5:20160407213829.387:856</Value>
          <Value>createTimeStamp:856:1:55a73700-c891-46fd-8f5c-72bc827f2ef5:20160407213829.387:856</Value>
          <Value>entryDN:856:1:55a73700-c891-46fd-8f5c-72bc827f2ef5:20160407213829.387:856</Value>
          <Value>isSingleValued:856:1:55a73700-c891-46fd-8f5c-72bc827f2ef5:20160407213829.387:856</Value>
          <Value>lDAPDisplayName:856:1:55a73700-c891-46fd-8f5c-72bc827f2ef5:20160407213829.387:856</Value>
          <Value>modifyTimeStamp:856:1:55a73700-c891-46fd-8f5c-72bc827f2ef5:20160407213829.387:856</Value>
          <Value>objectClass:856:1:55a73700-c891-46fd-8f5c-72bc827f2ef5:20160407213829.387:856</Value>
          <Value>objectGUID:856:1:55a73700-c891-46fd-8f5c-72bc827f2ef5:20160407213829.387:856</Value>
          <Value>oMSyntax:856:1:55a73700-c891-46fd-8f5c-72bc827f2ef5:20160407213829.387:856</Value>
          <Value>schemaIDGUID:856:1:55a73700-c891-46fd-8f5c-72bc827f2ef5:20160407213829.387:856</Value>
          <Value>uSNChanged:856:1:55a73700-c891-46fd-8f5c-72bc827f2ef5:20160407213829.387:856</Value>
          <Value>uSNCreated:856:1:55a73700-c891-46fd-8f5c-72bc827f2ef5:20160407213829.387:856</Value>
          <Value>vmwAttributeUsage:856:1:55a73700-c891-46fd-8f5c-72bc827f2ef5:20160407213829.387:856</Value>
        </AttributeMetadata>
      </AttributeSchemaEntry>
      <AttributeSchemaEntry>
        <Name>msDS-hasFullReplicaNCs</Name>
        <AttributeMetadata>
          <Value>attributeID:564:1:55a73700-c891-46fd-8f5c-72bc827f2ef5:20160407213828.887:564</Value>
          <Value>attributeSyntax:564:1:55a73700-c891-46fd-8f5c-72bc827f2ef5:20160407213828.887:564</Value>
          <Value>cn:564:1:55a73700-c891-46fd-8f5c-72bc827f2ef5:20160407213828.887:564</Value>
          <Value>createTimeStamp:564:1:55a73700-c891-46fd-8f5c-72bc827f2ef5:20160407213828.887:564</Value>
          <Value>entryDN:564:1:55a73700-c891-46fd-8f5c-72bc827f2ef5:20160407213828.887:564</Value>
          <Value>isSingleValued:564:1:55a73700-c891-46fd-8f5c-72bc827f2ef5:20160407213828.887:564</Value>
          <Value>lDAPDisplayName:564:1:55a73700-c891-46fd-8f5c-72bc827f2ef5:20160407213828.887:564</Value>
          <Value>modifyTimeStamp:564:1:55a73700-c891-46fd-8f5c-72bc827f2ef5:20160407213828.887:564</Value>
          <Value>objectClass:564:1:55a73700-c891-46fd-8f5c-72bc827f2ef5:20160407213828.887:564</Value>
          <Value>objectGUID:564:1:55a73700-c891-46fd-8f5c-72bc827f2ef5:20160407213828.887:564</Value>
          <Value>oMSyntax:564:1:55a73700-c891-46fd-8f5c-72bc827f2ef5:20160407213828.887:564</Value>
          <Value>schemaIDGUID:564:1:55a73700-c891-46fd-8f5c-72bc827f2ef5:20160407213828.887:564</Value>
          <Value>uSNChanged:564:1:55a73700-c891-46fd-8f5c-72bc827f2ef5:20160407213828.887:564</Value>
          <Value>uSNCreated:564:1:55a73700-c891-46fd-8f5c-72bc827f2ef5:20160407213828.887:564</Value>
          <Value>vmwAttributeUsage:564:1:55a73700-c891-46fd-8f5c-72bc827f2ef5:20160407213828.887:564</Value>
        </AttributeMetadata>
      </AttributeSchemaEntry>
      <AttributeSchemaEntry>
        <Name>msDS-HasInstantiatedNCs</Name>
        <AttributeMetadata>
          <Value>attributeID:996:1:55a73700-c891-46fd-8f5c-72bc827f2ef5:20160407213829.622:996</Value>
          <Value>attributeSyntax:996:1:55a73700-c891-46fd-8f5c-72bc827f2ef5:20160407213829.622:996</Value>
          <Value>cn:996:1:55a73700-c891-46fd-8f5c-72bc827f2ef5:20160407213829.622:996</Value>
          <Value>createTimeStamp:996:1:55a73700-c891-46fd-8f5c-72bc827f2ef5:20160407213829.622:996</Value>
          <Value>entryDN:996:1:55a73700-c891-46fd-8f5c-72bc827f2ef5:20160407213829.622:996</Value>
          <Value>isSingleValued:996:1:55a73700-c891-46fd-8f5c-72bc827f2ef5:20160407213829.622:996</Value>
          <Value>lDAPDisplayName:996:1:55a73700-c891-46fd-8f5c-72bc827f2ef5:20160407213829.622:996</Value>
          <Value>modifyTimeStamp:996:1:55a73700-c891-46fd-8f5c-72bc827f2ef5:20160407213829.622:996</Value>
          <Value>objectClass:996:1:55a73700-c891-46fd-8f5c-72bc827f2ef5:20160407213829.622:996</Value>
          <Value>objectGUID:996:1:55a73700-c891-46fd-8f5c-72bc827f2ef5:20160407213829.622:996</Value>
          <Value>oMSyntax:996:1:55a73700-c891-46fd-8f5c-72bc827f2ef5:20160407213829.622:996</Value>
          <Value>schemaIDGUID:996:1:55a73700-c891-46fd-8f5c-72bc827f2ef5:20160407213829.622:996</Value>
          <Value>uSNChanged:996:1:55a73700-c891-46fd-8f5c-72bc827f2ef5:20160407213829.622:996</Value>
          <Value>uSNCreated:996:1:55a73700-c891-46fd-8f5c-72bc827f2ef5:20160407213829.622:996</Value>
          <Value>vmwAttributeUsage:996:1:55a73700-c891-46fd-8f5c-72bc827f2ef5:20160407213829.622:996</Value>
        </AttributeMetadata>
      </AttributeSchemaEntry>
      <AttributeSchemaEntry>
        <Name>msDS-hasMasterNCs</Name>
        <AttributeMetadata>
          <Value>attributeID:488:1:55a73700-c891-46fd-8f5c-72bc827f2ef5:20160407213828.761:488</Value>
          <Value>attributeSyntax:488:1:55a73700-c891-46fd-8f5c-72bc827f2ef5:20160407213828.761:488</Value>
          <Value>cn:488:1:55a73700-c891-46fd-8f5c-72bc827f2ef5:20160407213828.761:488</Value>
          <Value>createTimeStamp:488:1:55a73700-c891-46fd-8f5c-72bc827f2ef5:20160407213828.761:488</Value>
          <Value>entryDN:488:1:55a73700-c891-46fd-8f5c-72bc827f2ef5:20160407213828.761:488</Value>
          <Value>isSingleValued:488:1:55a73700-c891-46fd-8f5c-72bc827f2ef5:20160407213828.761:488</Value>
          <Value>lDAPDisplayName:488:1:55a73700-c891-46fd-8f5c-72bc827f2ef5:20160407213828.761:488</Value>
          <Value>modifyTimeStamp:488:1:55a73700-c891-46fd-8f5c-72bc827f2ef5:20160407213828.761:488</Value>
          <Value>objectClass:488:1:55a73700-c891-46fd-8f5c-72bc827f2ef5:20160407213828.761:488</Value>
          <Value>objectGUID:488:1:55a73700-c891-46fd-8f5c-72bc827f2ef5:20160407213828.761:488</Value>
          <Value>oMSyntax:488:1:55a73700-c891-46fd-8f5c-72bc827f2ef5:20160407213828.761:488</Value>
          <Value>schemaIDGUID:488:1:55a73700-c891-46fd-8f5c-72bc827f2ef5:20160407213828.761:488</Value>
          <Value>uSNChanged:488:1:55a73700-c891-46fd-8f5c-72bc827f2ef5:20160407213828.761:488</Value>
          <Value>uSNCreated:488:1:55a73700-c891-46fd-8f5c-72bc827f2ef5:20160407213828.761:488</Value>
          <Value>vmwAttributeUsage:488:1:55a73700-c891-46fd-8f5c-72bc827f2ef5:20160407213828.761:488</Value>
        </AttributeMetadata>
      </AttributeSchemaEntry>
      <AttributeSchemaEntry>
        <Name>msDS-HostServiceAccount</Name>
        <AttributeMetadata>
          <Value>attributeID:309:1:55a73700-c891-46fd-8f5c-72bc827f2ef5:20160407213828.477:309</Value>
          <Value>attributeSyntax:309:1:55a73700-c891-46fd-8f5c-72bc827f2ef5:20160407213828.477:309</Value>
          <Value>cn:309:1:55a73700-c891-46fd-8f5c-72bc827f2ef5:20160407213828.477:309</Value>
          <Value>createTimeStamp:309:1:55a73700-c891-46fd-8f5c-72bc827f2ef5:20160407213828.477:309</Value>
          <Value>entryDN:309:1:55a73700-c891-46fd-8f5c-72bc827f2ef5:20160407213828.477:309</Value>
          <Value>isSingleValued:309:1:55a73700-c891-46fd-8f5c-72bc827f2ef5:20160407213828.477:309</Value>
          <Value>lDAPDisplayName:309:1:55a73700-c891-46fd-8f5c-72bc827f2ef5:20160407213828.477:309</Value>
          <Value>modifyTimeStamp:309:1:55a73700-c891-46fd-8f5c-72bc827f2ef5:20160407213828.477:309</Value>
          <Value>objectClass:309:1:55a73700-c891-46fd-8f5c-72bc827f2ef5:20160407213828.477:309</Value>
          <Value>objectGUID:309:1:55a73700-c891-46fd-8f5c-72bc827f2ef5:20160407213828.477:309</Value>
          <Value>oMSyntax:309:1:55a73700-c891-46fd-8f5c-72bc827f2ef5:20160407213828.477:309</Value>
          <Value>schemaIDGUID:309:1:55a73700-c891-46fd-8f5c-72bc827f2ef5:20160407213828.477:309</Value>
          <Value>uSNChanged:309:1:55a73700-c891-46fd-8f5c-72bc827f2ef5:20160407213828.477:309</Value>
          <Value>uSNCreated:309:1:55a73700-c891-46fd-8f5c-72bc827f2ef5:20160407213828.477:309</Value>
          <Value>vmwAttributeUsage:309:1:55a73700-c891-46fd-8f5c-72bc827f2ef5:20160407213828.477:309</Value>
        </AttributeMetadata>
      </AttributeSchemaEntry>
      <AttributeSchemaEntry>
        <Name>msDS-HostServiceAccountBL</Name>
        <AttributeMetadata>
          <Value>attributeID:1454:1:55a73700-c891-46fd-8f5c-72bc827f2ef5:20160407213830.416:1454</Value>
          <Value>attributeSyntax:1454:1:55a73700-c891-46fd-8f5c-72bc827f2ef5:20160407213830.416:1454</Value>
          <Value>cn:1454:1:55a73700-c891-46fd-8f5c-72bc827f2ef5:20160407213830.416:1454</Value>
          <Value>createTimeStamp:1454:1:55a73700-c891-46fd-8f5c-72bc827f2ef5:20160407213830.416:1454</Value>
          <Value>entryDN:1454:1:55a73700-c891-46fd-8f5c-72bc827f2ef5:20160407213830.416:1454</Value>
          <Value>isSingleValued:1454:1:55a73700-c891-46fd-8f5c-72bc827f2ef5:20160407213830.416:1454</Value>
          <Value>lDAPDisplayName:1454:1:55a73700-c891-46fd-8f5c-72bc827f2ef5:20160407213830.416:1454</Value>
          <Value>modifyTimeStamp:1454:1:55a73700-c891-46fd-8f5c-72bc827f2ef5:20160407213830.416:1454</Value>
          <Value>objectClass:1454:1:55a73700-c891-46fd-8f5c-72bc827f2ef5:20160407213830.416:1454</Value>
          <Value>objectGUID:1454:1:55a73700-c891-46fd-8f5c-72bc827f2ef5:20160407213830.416:1454</Value>
          <Value>oMSyntax:1454:1:55a73700-c891-46fd-8f5c-72bc827f2ef5:20160407213830.416:1454</Value>
          <Value>schemaIDGUID:1454:1:55a73700-c891-46fd-8f5c-72bc827f2ef5:20160407213830.416:1454</Value>
          <Value>uSNChanged:1454:1:55a73700-c891-46fd-8f5c-72bc827f2ef5:20160407213830.416:1454</Value>
          <Value>uSNCreated:1454:1:55a73700-c891-46fd-8f5c-72bc827f2ef5:20160407213830.416:1454</Value>
          <Value>vmwAttributeUsage:1454:1:55a73700-c891-46fd-8f5c-72bc827f2ef5:20160407213830.416:1454</Value>
        </AttributeMetadata>
      </AttributeSchemaEntry>
      <AttributeSchemaEntry>
        <Name>msDS-Integer</Name>
        <AttributeMetadata>
          <Value>attributeID:107:1:55a73700-c891-46fd-8f5c-72bc827f2ef5:20160407213828.198:107</Value>
          <Value>attributeSyntax:107:1:55a73700-c891-46fd-8f5c-72bc827f2ef5:20160407213828.198:107</Value>
          <Value>cn:107:1:55a73700-c891-46fd-8f5c-72bc827f2ef5:20160407213828.198:107</Value>
          <Value>createTimeStamp:107:1:55a73700-c891-46fd-8f5c-72bc827f2ef5:20160407213828.198:107</Value>
          <Value>entryDN:107:1:55a73700-c891-46fd-8f5c-72bc827f2ef5:20160407213828.198:107</Value>
          <Value>isSingleValued:107:1:55a73700-c891-46fd-8f5c-72bc827f2ef5:20160407213828.198:107</Value>
          <Value>lDAPDisplayName:107:1:55a73700-c891-46fd-8f5c-72bc827f2ef5:20160407213828.198:107</Value>
          <Value>modifyTimeStamp:107:1:55a73700-c891-46fd-8f5c-72bc827f2ef5:20160407213828.198:107</Value>
          <Value>objectClass:107:1:55a73700-c891-46fd-8f5c-72bc827f2ef5:20160407213828.198:107</Value>
          <Value>objectGUID:107:1:55a73700-c891-46fd-8f5c-72bc827f2ef5:20160407213828.198:107</Value>
          <Value>oMSyntax:107:1:55a73700-c891-46fd-8f5c-72bc827f2ef5:20160407213828.198:107</Value>
          <Value>schemaIDGUID:107:1:55a73700-c891-46fd-8f5c-72bc827f2ef5:20160407213828.198:107</Value>
          <Value>uSNChanged:107:1:55a73700-c891-46fd-8f5c-72bc827f2ef5:20160407213828.198:107</Value>
          <Value>uSNCreated:107:1:55a73700-c891-46fd-8f5c-72bc827f2ef5:20160407213828.198:107</Value>
          <Value>vmwAttributeUsage:107:1:55a73700-c891-46fd-8f5c-72bc827f2ef5:20160407213828.198:107</Value>
        </AttributeMetadata>
      </AttributeSchemaEntry>
      <AttributeSchemaEntry>
        <Name>msDS-IntId</Name>
        <AttributeMetadata>
          <Value>attributeID:702:1:55a73700-c891-46fd-8f5c-72bc827f2ef5:20160407213829.124:702</Value>
          <Value>attributeSyntax:702:1:55a73700-c891-46fd-8f5c-72bc827f2ef5:20160407213829.124:702</Value>
          <Value>cn:702:1:55a73700-c891-46fd-8f5c-72bc827f2ef5:20160407213829.124:702</Value>
          <Value>createTimeStamp:702:1:55a73700-c891-46fd-8f5c-72bc827f2ef5:20160407213829.124:702</Value>
          <Value>entryDN:702:1:55a73700-c891-46fd-8f5c-72bc827f2ef5:20160407213829.124:702</Value>
          <Value>isSingleValued:702:1:55a73700-c891-46fd-8f5c-72bc827f2ef5:20160407213829.124:702</Value>
          <Value>lDAPDisplayName:702:1:55a73700-c891-46fd-8f5c-72bc827f2ef5:20160407213829.124:702</Value>
          <Value>modifyTimeStamp:702:1:55a73700-c891-46fd-8f5c-72bc827f2ef5:20160407213829.124:702</Value>
          <Value>objectClass:702:1:55a73700-c891-46fd-8f5c-72bc827f2ef5:20160407213829.124:702</Value>
          <Value>objectGUID:702:1:55a73700-c891-46fd-8f5c-72bc827f2ef5:20160407213829.124:702</Value>
          <Value>oMSyntax:702:1:55a73700-c891-46fd-8f5c-72bc827f2ef5:20160407213829.124:702</Value>
          <Value>schemaIDGUID:702:1:55a73700-c891-46fd-8f5c-72bc827f2ef5:20160407213829.124:702</Value>
          <Value>uSNChanged:702:1:55a73700-c891-46fd-8f5c-72bc827f2ef5:20160407213829.124:702</Value>
          <Value>uSNCreated:702:1:55a73700-c891-46fd-8f5c-72bc827f2ef5:20160407213829.124:702</Value>
          <Value>vmwAttributeUsage:702:1:55a73700-c891-46fd-8f5c-72bc827f2ef5:20160407213829.124:702</Value>
        </AttributeMetadata>
      </AttributeSchemaEntry>
      <AttributeSchemaEntry>
        <Name>msDS-IsDomainFor</Name>
        <AttributeMetadata>
          <Value>attributeID:1038:1:55a73700-c891-46fd-8f5c-72bc827f2ef5:20160407213829.687:1038</Value>
          <Value>attributeSyntax:1038:1:55a73700-c891-46fd-8f5c-72bc827f2ef5:20160407213829.687:1038</Value>
          <Value>cn:1038:1:55a73700-c891-46fd-8f5c-72bc827f2ef5:20160407213829.687:1038</Value>
          <Value>createTimeStamp:1038:1:55a73700-c891-46fd-8f5c-72bc827f2ef5:20160407213829.687:1038</Value>
          <Value>entryDN:1038:1:55a73700-c891-46fd-8f5c-72bc827f2ef5:20160407213829.687:1038</Value>
          <Value>isSingleValued:1038:1:55a73700-c891-46fd-8f5c-72bc827f2ef5:20160407213829.687:1038</Value>
          <Value>lDAPDisplayName:1038:1:55a73700-c891-46fd-8f5c-72bc827f2ef5:20160407213829.687:1038</Value>
          <Value>modifyTimeStamp:1038:1:55a73700-c891-46fd-8f5c-72bc827f2ef5:20160407213829.687:1038</Value>
          <Value>objectClass:1038:1:55a73700-c891-46fd-8f5c-72bc827f2ef5:20160407213829.687:1038</Value>
          <Value>objectGUID:1038:1:55a73700-c891-46fd-8f5c-72bc827f2ef5:20160407213829.687:1038</Value>
          <Value>oMSyntax:1038:1:55a73700-c891-46fd-8f5c-72bc827f2ef5:20160407213829.687:1038</Value>
          <Value>schemaIDGUID:1038:1:55a73700-c891-46fd-8f5c-72bc827f2ef5:20160407213829.687:1038</Value>
          <Value>uSNChanged:1038:1:55a73700-c891-46fd-8f5c-72bc827f2ef5:20160407213829.687:1038</Value>
          <Value>uSNCreated:1038:1:55a73700-c891-46fd-8f5c-72bc827f2ef5:20160407213829.687:1038</Value>
          <Value>vmwAttributeUsage:1038:1:55a73700-c891-46fd-8f5c-72bc827f2ef5:20160407213829.687:1038</Value>
        </AttributeMetadata>
      </AttributeSchemaEntry>
      <AttributeSchemaEntry>
        <Name>msDS-IsFullReplicaFor</Name>
        <AttributeMetadata>
          <Value>attributeID:1692:1:55a73700-c891-46fd-8f5c-72bc827f2ef5:20160407213830.821:1692</Value>
          <Value>attributeSyntax:1692:1:55a73700-c891-46fd-8f5c-72bc827f2ef5:20160407213830.821:1692</Value>
          <Value>cn:1692:1:55a73700-c891-46fd-8f5c-72bc827f2ef5:20160407213830.821:1692</Value>
          <Value>createTimeStamp:1692:1:55a73700-c891-46fd-8f5c-72bc827f2ef5:20160407213830.821:1692</Value>
          <Value>entryDN:1692:1:55a73700-c891-46fd-8f5c-72bc827f2ef5:20160407213830.821:1692</Value>
          <Value>isSingleValued:1692:1:55a73700-c891-46fd-8f5c-72bc827f2ef5:20160407213830.821:1692</Value>
          <Value>lDAPDisplayName:1692:1:55a73700-c891-46fd-8f5c-72bc827f2ef5:20160407213830.821:1692</Value>
          <Value>modifyTimeStamp:1692:1:55a73700-c891-46fd-8f5c-72bc827f2ef5:20160407213830.821:1692</Value>
          <Value>objectClass:1692:1:55a73700-c891-46fd-8f5c-72bc827f2ef5:20160407213830.821:1692</Value>
          <Value>objectGUID:1692:1:55a73700-c891-46fd-8f5c-72bc827f2ef5:20160407213830.821:1692</Value>
          <Value>oMSyntax:1692:1:55a73700-c891-46fd-8f5c-72bc827f2ef5:20160407213830.821:1692</Value>
          <Value>schemaIDGUID:1692:1:55a73700-c891-46fd-8f5c-72bc827f2ef5:20160407213830.821:1692</Value>
          <Value>uSNChanged:1692:1:55a73700-c891-46fd-8f5c-72bc827f2ef5:20160407213830.821:1692</Value>
          <Value>uSNCreated:1692:1:55a73700-c891-46fd-8f5c-72bc827f2ef5:20160407213830.821:1692</Value>
          <Value>vmwAttributeUsage:1692:1:55a73700-c891-46fd-8f5c-72bc827f2ef5:20160407213830.821:1692</Value>
        </AttributeMetadata>
      </AttributeSchemaEntry>
      <AttributeSchemaEntry>
        <Name>msDS-isGC</Name>
        <AttributeMetadata>
          <Value>attributeID:1402:1:55a73700-c891-46fd-8f5c-72bc827f2ef5:20160407213830.329:1402</Value>
          <Value>attributeSyntax:1402:1:55a73700-c891-46fd-8f5c-72bc827f2ef5:20160407213830.329:1402</Value>
          <Value>cn:1402:1:55a73700-c891-46fd-8f5c-72bc827f2ef5:20160407213830.329:1402</Value>
          <Value>createTimeStamp:1402:1:55a73700-c891-46fd-8f5c-72bc827f2ef5:20160407213830.329:1402</Value>
          <Value>entryDN:1402:1:55a73700-c891-46fd-8f5c-72bc827f2ef5:20160407213830.329:1402</Value>
          <Value>isSingleValued:1402:1:55a73700-c891-46fd-8f5c-72bc827f2ef5:20160407213830.329:1402</Value>
          <Value>lDAPDisplayName:1402:1:55a73700-c891-46fd-8f5c-72bc827f2ef5:20160407213830.329:1402</Value>
          <Value>modifyTimeStamp:1402:1:55a73700-c891-46fd-8f5c-72bc827f2ef5:20160407213830.329:1402</Value>
          <Value>objectClass:1402:1:55a73700-c891-46fd-8f5c-72bc827f2ef5:20160407213830.329:1402</Value>
          <Value>objectGUID:1402:1:55a73700-c891-46fd-8f5c-72bc827f2ef5:20160407213830.329:1402</Value>
          <Value>oMSyntax:1402:1:55a73700-c891-46fd-8f5c-72bc827f2ef5:20160407213830.329:1402</Value>
          <Value>schemaIDGUID:1402:1:55a73700-c891-46fd-8f5c-72bc827f2ef5:20160407213830.329:1402</Value>
          <Value>uSNChanged:1402:1:55a73700-c891-46fd-8f5c-72bc827f2ef5:20160407213830.329:1402</Value>
          <Value>uSNCreated:1402:1:55a73700-c891-46fd-8f5c-72bc827f2ef5:20160407213830.329:1402</Value>
          <Value>vmwAttributeUsage:1402:1:55a73700-c891-46fd-8f5c-72bc827f2ef5:20160407213830.329:1402</Value>
        </AttributeMetadata>
      </AttributeSchemaEntry>
      <AttributeSchemaEntry>
        <Name>msDS-IsPartialReplicaFor</Name>
        <AttributeMetadata>
          <Value>attributeID:134:1:55a73700-c891-46fd-8f5c-72bc827f2ef5:20160407213828.229:134</Value>
          <Value>attributeSyntax:134:1:55a73700-c891-46fd-8f5c-72bc827f2ef5:20160407213828.229:134</Value>
          <Value>cn:134:1:55a73700-c891-46fd-8f5c-72bc827f2ef5:20160407213828.229:134</Value>
          <Value>createTimeStamp:134:1:55a73700-c891-46fd-8f5c-72bc827f2ef5:20160407213828.229:134</Value>
          <Value>entryDN:134:1:55a73700-c891-46fd-8f5c-72bc827f2ef5:20160407213828.229:134</Value>
          <Value>isSingleValued:134:1:55a73700-c891-46fd-8f5c-72bc827f2ef5:20160407213828.229:134</Value>
          <Value>lDAPDisplayName:134:1:55a73700-c891-46fd-8f5c-72bc827f2ef5:20160407213828.229:134</Value>
          <Value>modifyTimeStamp:134:1:55a73700-c891-46fd-8f5c-72bc827f2ef5:20160407213828.229:134</Value>
          <Value>objectClass:134:1:55a73700-c891-46fd-8f5c-72bc827f2ef5:20160407213828.229:134</Value>
          <Value>objectGUID:134:1:55a73700-c891-46fd-8f5c-72bc827f2ef5:20160407213828.229:134</Value>
          <Value>oMSyntax:134:1:55a73700-c891-46fd-8f5c-72bc827f2ef5:20160407213828.229:134</Value>
          <Value>schemaIDGUID:134:1:55a73700-c891-46fd-8f5c-72bc827f2ef5:20160407213828.229:134</Value>
          <Value>uSNChanged:134:1:55a73700-c891-46fd-8f5c-72bc827f2ef5:20160407213828.229:134</Value>
          <Value>uSNCreated:134:1:55a73700-c891-46fd-8f5c-72bc827f2ef5:20160407213828.229:134</Value>
          <Value>vmwAttributeUsage:134:1:55a73700-c891-46fd-8f5c-72bc827f2ef5:20160407213828.229:134</Value>
        </AttributeMetadata>
      </AttributeSchemaEntry>
      <AttributeSchemaEntry>
        <Name>msDS-isRODC</Name>
        <AttributeMetadata>
          <Value>attributeID:829:1:55a73700-c891-46fd-8f5c-72bc827f2ef5:20160407213829.336:829</Value>
          <Value>attributeSyntax:829:1:55a73700-c891-46fd-8f5c-72bc827f2ef5:20160407213829.336:829</Value>
          <Value>cn:829:1:55a73700-c891-46fd-8f5c-72bc827f2ef5:20160407213829.336:829</Value>
          <Value>createTimeStamp:829:1:55a73700-c891-46fd-8f5c-72bc827f2ef5:20160407213829.336:829</Value>
          <Value>entryDN:829:1:55a73700-c891-46fd-8f5c-72bc827f2ef5:20160407213829.336:829</Value>
          <Value>isSingleValued:829:1:55a73700-c891-46fd-8f5c-72bc827f2ef5:20160407213829.336:829</Value>
          <Value>lDAPDisplayName:829:1:55a73700-c891-46fd-8f5c-72bc827f2ef5:20160407213829.336:829</Value>
          <Value>modifyTimeStamp:829:1:55a73700-c891-46fd-8f5c-72bc827f2ef5:20160407213829.336:829</Value>
          <Value>objectClass:829:1:55a73700-c891-46fd-8f5c-72bc827f2ef5:20160407213829.336:829</Value>
          <Value>objectGUID:829:1:55a73700-c891-46fd-8f5c-72bc827f2ef5:20160407213829.336:829</Value>
          <Value>oMSyntax:829:1:55a73700-c891-46fd-8f5c-72bc827f2ef5:20160407213829.336:829</Value>
          <Value>schemaIDGUID:829:1:55a73700-c891-46fd-8f5c-72bc827f2ef5:20160407213829.336:829</Value>
          <Value>uSNChanged:829:1:55a73700-c891-46fd-8f5c-72bc827f2ef5:20160407213829.336:829</Value>
          <Value>uSNCreated:829:1:55a73700-c891-46fd-8f5c-72bc827f2ef5:20160407213829.336:829</Value>
          <Value>vmwAttributeUsage:829:1:55a73700-c891-46fd-8f5c-72bc827f2ef5:20160407213829.336:829</Value>
        </AttributeMetadata>
      </AttributeSchemaEntry>
      <AttributeSchemaEntry>
        <Name>msDS-IsUserCachableAtRodc</Name>
        <AttributeMetadata>
          <Value>attributeID:1029:1:55a73700-c891-46fd-8f5c-72bc827f2ef5:20160407213829.677:1029</Value>
          <Value>attributeSyntax:1029:1:55a73700-c891-46fd-8f5c-72bc827f2ef5:20160407213829.677:1029</Value>
          <Value>cn:1029:1:55a73700-c891-46fd-8f5c-72bc827f2ef5:20160407213829.677:1029</Value>
          <Value>createTimeStamp:1029:1:55a73700-c891-46fd-8f5c-72bc827f2ef5:20160407213829.677:1029</Value>
          <Value>entryDN:1029:1:55a73700-c891-46fd-8f5c-72bc827f2ef5:20160407213829.677:1029</Value>
          <Value>isSingleValued:1029:1:55a73700-c891-46fd-8f5c-72bc827f2ef5:20160407213829.677:1029</Value>
          <Value>lDAPDisplayName:1029:1:55a73700-c891-46fd-8f5c-72bc827f2ef5:20160407213829.677:1029</Value>
          <Value>modifyTimeStamp:1029:1:55a73700-c891-46fd-8f5c-72bc827f2ef5:20160407213829.677:1029</Value>
          <Value>objectClass:1029:1:55a73700-c891-46fd-8f5c-72bc827f2ef5:20160407213829.677:1029</Value>
          <Value>objectGUID:1029:1:55a73700-c891-46fd-8f5c-72bc827f2ef5:20160407213829.677:1029</Value>
          <Value>oMSyntax:1029:1:55a73700-c891-46fd-8f5c-72bc827f2ef5:20160407213829.677:1029</Value>
          <Value>schemaIDGUID:1029:1:55a73700-c891-46fd-8f5c-72bc827f2ef5:20160407213829.677:1029</Value>
          <Value>uSNChanged:1029:1:55a73700-c891-46fd-8f5c-72bc827f2ef5:20160407213829.677:1029</Value>
          <Value>uSNCreated:1029:1:55a73700-c891-46fd-8f5c-72bc827f2ef5:20160407213829.677:1029</Value>
          <Value>vmwAttributeUsage:1029:1:55a73700-c891-46fd-8f5c-72bc827f2ef5:20160407213829.677:1029</Value>
        </AttributeMetadata>
      </AttributeSchemaEntry>
      <AttributeSchemaEntry>
        <Name>msDS-KeyVersionNumber</Name>
        <AttributeMetadata>
          <Value>attributeID:1319:1:55a73700-c891-46fd-8f5c-72bc827f2ef5:20160407213830.189:1319</Value>
          <Value>attributeSyntax:1319:1:55a73700-c891-46fd-8f5c-72bc827f2ef5:20160407213830.189:1319</Value>
          <Value>cn:1319:1:55a73700-c891-46fd-8f5c-72bc827f2ef5:20160407213830.189:1319</Value>
          <Value>createTimeStamp:1319:1:55a73700-c891-46fd-8f5c-72bc827f2ef5:20160407213830.189:1319</Value>
          <Value>entryDN:1319:1:55a73700-c891-46fd-8f5c-72bc827f2ef5:20160407213830.189:1319</Value>
          <Value>isSingleValued:1319:1:55a73700-c891-46fd-8f5c-72bc827f2ef5:20160407213830.189:1319</Value>
          <Value>lDAPDisplayName:1319:1:55a73700-c891-46fd-8f5c-72bc827f2ef5:20160407213830.189:1319</Value>
          <Value>modifyTimeStamp:1319:1:55a73700-c891-46fd-8f5c-72bc827f2ef5:20160407213830.189:1319</Value>
          <Value>objectClass:1319:1:55a73700-c891-46fd-8f5c-72bc827f2ef5:20160407213830.189:1319</Value>
          <Value>objectGUID:1319:1:55a73700-c891-46fd-8f5c-72bc827f2ef5:20160407213830.189:1319</Value>
          <Value>oMSyntax:1319:1:55a73700-c891-46fd-8f5c-72bc827f2ef5:20160407213830.189:1319</Value>
          <Value>schemaIDGUID:1319:1:55a73700-c891-46fd-8f5c-72bc827f2ef5:20160407213830.189:1319</Value>
          <Value>uSNChanged:1319:1:55a73700-c891-46fd-8f5c-72bc827f2ef5:20160407213830.189:1319</Value>
          <Value>uSNCreated:1319:1:55a73700-c891-46fd-8f5c-72bc827f2ef5:20160407213830.189:1319</Value>
          <Value>vmwAttributeUsage:1319:1:55a73700-c891-46fd-8f5c-72bc827f2ef5:20160407213830.189:1319</Value>
        </AttributeMetadata>
      </AttributeSchemaEntry>
      <AttributeSchemaEntry>
        <Name>msDS-KrbTgtLink</Name>
        <AttributeMetadata>
          <Value>attributeID:822:1:55a73700-c891-46fd-8f5c-72bc827f2ef5:20160407213829.328:822</Value>
          <Value>attributeSyntax:822:1:55a73700-c891-46fd-8f5c-72bc827f2ef5:20160407213829.328:822</Value>
          <Value>cn:822:1:55a73700-c891-46fd-8f5c-72bc827f2ef5:20160407213829.328:822</Value>
          <Value>createTimeStamp:822:1:55a73700-c891-46fd-8f5c-72bc827f2ef5:20160407213829.328:822</Value>
          <Value>entryDN:822:1:55a73700-c891-46fd-8f5c-72bc827f2ef5:20160407213829.328:822</Value>
          <Value>isSingleValued:822:1:55a73700-c891-46fd-8f5c-72bc827f2ef5:20160407213829.328:822</Value>
          <Value>lDAPDisplayName:822:1:55a73700-c891-46fd-8f5c-72bc827f2ef5:20160407213829.328:822</Value>
          <Value>modifyTimeStamp:822:1:55a73700-c891-46fd-8f5c-72bc827f2ef5:20160407213829.328:822</Value>
          <Value>objectClass:822:1:55a73700-c891-46fd-8f5c-72bc827f2ef5:20160407213829.328:822</Value>
          <Value>objectGUID:822:1:55a73700-c891-46fd-8f5c-72bc827f2ef5:20160407213829.328:822</Value>
          <Value>oMSyntax:822:1:55a73700-c891-46fd-8f5c-72bc827f2ef5:20160407213829.328:822</Value>
          <Value>schemaIDGUID:822:1:55a73700-c891-46fd-8f5c-72bc827f2ef5:20160407213829.328:822</Value>
          <Value>uSNChanged:822:1:55a73700-c891-46fd-8f5c-72bc827f2ef5:20160407213829.328:822</Value>
          <Value>uSNCreated:822:1:55a73700-c891-46fd-8f5c-72bc827f2ef5:20160407213829.328:822</Value>
          <Value>vmwAttributeUsage:822:1:55a73700-c891-46fd-8f5c-72bc827f2ef5:20160407213829.328:822</Value>
        </AttributeMetadata>
      </AttributeSchemaEntry>
      <AttributeSchemaEntry>
        <Name>msDS-KrbTgtLinkBl</Name>
        <AttributeMetadata>
          <Value>attributeID:1375:1:55a73700-c891-46fd-8f5c-72bc827f2ef5:20160407213830.287:1375</Value>
          <Value>attributeSyntax:1375:1:55a73700-c891-46fd-8f5c-72bc827f2ef5:20160407213830.287:1375</Value>
          <Value>cn:1375:1:55a73700-c891-46fd-8f5c-72bc827f2ef5:20160407213830.287:1375</Value>
          <Value>createTimeStamp:1375:1:55a73700-c891-46fd-8f5c-72bc827f2ef5:20160407213830.287:1375</Value>
          <Value>entryDN:1375:1:55a73700-c891-46fd-8f5c-72bc827f2ef5:20160407213830.287:1375</Value>
          <Value>isSingleValued:1375:1:55a73700-c891-46fd-8f5c-72bc827f2ef5:20160407213830.287:1375</Value>
          <Value>lDAPDisplayName:1375:1:55a73700-c891-46fd-8f5c-72bc827f2ef5:20160407213830.287:1375</Value>
          <Value>modifyTimeStamp:1375:1:55a73700-c891-46fd-8f5c-72bc827f2ef5:20160407213830.287:1375</Value>
          <Value>objectClass:1375:1:55a73700-c891-46fd-8f5c-72bc827f2ef5:20160407213830.287:1375</Value>
          <Value>objectGUID:1375:1:55a73700-c891-46fd-8f5c-72bc827f2ef5:20160407213830.287:1375</Value>
          <Value>oMSyntax:1375:1:55a73700-c891-46fd-8f5c-72bc827f2ef5:20160407213830.287:1375</Value>
          <Value>schemaIDGUID:1375:1:55a73700-c891-46fd-8f5c-72bc827f2ef5:20160407213830.287:1375</Value>
          <Value>uSNChanged:1375:1:55a73700-c891-46fd-8f5c-72bc827f2ef5:20160407213830.287:1375</Value>
          <Value>uSNCreated:1375:1:55a73700-c891-46fd-8f5c-72bc827f2ef5:20160407213830.287:1375</Value>
          <Value>vmwAttributeUsage:1375:1:55a73700-c891-46fd-8f5c-72bc827f2ef5:20160407213830.287:1375</Value>
        </AttributeMetadata>
      </AttributeSchemaEntry>
      <AttributeSchemaEntry>
        <Name>msDS-LastFailedInteractiveLogonTime</Name>
        <AttributeMetadata>
          <Value>attributeID:233:1:55a73700-c891-46fd-8f5c-72bc827f2ef5:20160407213828.365:233</Value>
          <Value>attributeSyntax:233:1:55a73700-c891-46fd-8f5c-72bc827f2ef5:20160407213828.365:233</Value>
          <Value>cn:233:1:55a73700-c891-46fd-8f5c-72bc827f2ef5:20160407213828.365:233</Value>
          <Value>createTimeStamp:233:1:55a73700-c891-46fd-8f5c-72bc827f2ef5:20160407213828.365:233</Value>
          <Value>entryDN:233:1:55a73700-c891-46fd-8f5c-72bc827f2ef5:20160407213828.365:233</Value>
          <Value>isSingleValued:233:1:55a73700-c891-46fd-8f5c-72bc827f2ef5:20160407213828.365:233</Value>
          <Value>lDAPDisplayName:233:1:55a73700-c891-46fd-8f5c-72bc827f2ef5:20160407213828.365:233</Value>
          <Value>modifyTimeStamp:233:1:55a73700-c891-46fd-8f5c-72bc827f2ef5:20160407213828.365:233</Value>
          <Value>objectClass:233:1:55a73700-c891-46fd-8f5c-72bc827f2ef5:20160407213828.365:233</Value>
          <Value>objectGUID:233:1:55a73700-c891-46fd-8f5c-72bc827f2ef5:20160407213828.365:233</Value>
          <Value>oMSyntax:233:1:55a73700-c891-46fd-8f5c-72bc827f2ef5:20160407213828.365:233</Value>
          <Value>schemaIDGUID:233:1:55a73700-c891-46fd-8f5c-72bc827f2ef5:20160407213828.365:233</Value>
          <Value>uSNChanged:233:1:55a73700-c891-46fd-8f5c-72bc827f2ef5:20160407213828.365:233</Value>
          <Value>uSNCreated:233:1:55a73700-c891-46fd-8f5c-72bc827f2ef5:20160407213828.365:233</Value>
          <Value>vmwAttributeUsage:233:1:55a73700-c891-46fd-8f5c-72bc827f2ef5:20160407213828.365:233</Value>
        </AttributeMetadata>
      </AttributeSchemaEntry>
      <AttributeSchemaEntry>
        <Name>msDS-LastKnownRDN</Name>
        <AttributeMetadata>
          <Value>attributeID:1066:1:55a73700-c891-46fd-8f5c-72bc827f2ef5:20160407213829.743:1066</Value>
          <Value>attributeSyntax:1066:1:55a73700-c891-46fd-8f5c-72bc827f2ef5:20160407213829.743:1066</Value>
          <Value>cn:1066:1:55a73700-c891-46fd-8f5c-72bc827f2ef5:20160407213829.743:1066</Value>
          <Value>createTimeStamp:1066:1:55a73700-c891-46fd-8f5c-72bc827f2ef5:20160407213829.743:1066</Value>
          <Value>entryDN:1066:1:55a73700-c891-46fd-8f5c-72bc827f2ef5:20160407213829.743:1066</Value>
          <Value>isSingleValued:1066:1:55a73700-c891-46fd-8f5c-72bc827f2ef5:20160407213829.743:1066</Value>
          <Value>lDAPDisplayName:1066:1:55a73700-c891-46fd-8f5c-72bc827f2ef5:20160407213829.743:1066</Value>
          <Value>modifyTimeStamp:1066:1:55a73700-c891-46fd-8f5c-72bc827f2ef5:20160407213829.743:1066</Value>
          <Value>objectClass:1066:1:55a73700-c891-46fd-8f5c-72bc827f2ef5:20160407213829.743:1066</Value>
          <Value>objectGUID:1066:1:55a73700-c891-46fd-8f5c-72bc827f2ef5:20160407213829.743:1066</Value>
          <Value>oMSyntax:1066:1:55a73700-c891-46fd-8f5c-72bc827f2ef5:20160407213829.743:1066</Value>
          <Value>schemaIDGUID:1066:1:55a73700-c891-46fd-8f5c-72bc827f2ef5:20160407213829.743:1066</Value>
          <Value>uSNChanged:1066:1:55a73700-c891-46fd-8f5c-72bc827f2ef5:20160407213829.743:1066</Value>
          <Value>uSNCreated:1066:1:55a73700-c891-46fd-8f5c-72bc827f2ef5:20160407213829.743:1066</Value>
          <Value>vmwAttributeUsage:1066:1:55a73700-c891-46fd-8f5c-72bc827f2ef5:20160407213829.743:1066</Value>
        </AttributeMetadata>
      </AttributeSchemaEntry>
      <AttributeSchemaEntry>
        <Name>msDS-LastSuccessfulInteractiveLogonTime</Name>
        <AttributeMetadata>
          <Value>attributeID:615:1:55a73700-c891-46fd-8f5c-72bc827f2ef5:20160407213828.973:615</Value>
          <Value>attributeSyntax:615:1:55a73700-c891-46fd-8f5c-72bc827f2ef5:20160407213828.973:615</Value>
          <Value>cn:615:1:55a73700-c891-46fd-8f5c-72bc827f2ef5:20160407213828.973:615</Value>
          <Value>createTimeStamp:615:1:55a73700-c891-46fd-8f5c-72bc827f2ef5:20160407213828.973:615</Value>
          <Value>entryDN:615:1:55a73700-c891-46fd-8f5c-72bc827f2ef5:20160407213828.973:615</Value>
          <Value>isSingleValued:615:1:55a73700-c891-46fd-8f5c-72bc827f2ef5:20160407213828.973:615</Value>
          <Value>lDAPDisplayName:615:1:55a73700-c891-46fd-8f5c-72bc827f2ef5:20160407213828.973:615</Value>
          <Value>modifyTimeStamp:615:1:55a73700-c891-46fd-8f5c-72bc827f2ef5:20160407213828.973:615</Value>
          <Value>objectClass:615:1:55a73700-c891-46fd-8f5c-72bc827f2ef5:20160407213828.973:615</Value>
          <Value>objectGUID:615:1:55a73700-c891-46fd-8f5c-72bc827f2ef5:20160407213828.973:615</Value>
          <Value>oMSyntax:615:1:55a73700-c891-46fd-8f5c-72bc827f2ef5:20160407213828.973:615</Value>
          <Value>schemaIDGUID:615:1:55a73700-c891-46fd-8f5c-72bc827f2ef5:20160407213828.973:615</Value>
          <Value>uSNChanged:615:1:55a73700-c891-46fd-8f5c-72bc827f2ef5:20160407213828.973:615</Value>
          <Value>uSNCreated:615:1:55a73700-c891-46fd-8f5c-72bc827f2ef5:20160407213828.973:615</Value>
          <Value>vmwAttributeUsage:615:1:55a73700-c891-46fd-8f5c-72bc827f2ef5:20160407213828.973:615</Value>
        </AttributeMetadata>
      </AttributeSchemaEntry>
      <AttributeSchemaEntry>
        <Name>msDS-LocalEffectiveDeletionTime</Name>
        <AttributeMetadata>
          <Value>attributeID:939:1:55a73700-c891-46fd-8f5c-72bc827f2ef5:20160407213829.533:939</Value>
          <Value>attributeSyntax:939:1:55a73700-c891-46fd-8f5c-72bc827f2ef5:20160407213829.533:939</Value>
          <Value>cn:939:1:55a73700-c891-46fd-8f5c-72bc827f2ef5:20160407213829.533:939</Value>
          <Value>createTimeStamp:939:1:55a73700-c891-46fd-8f5c-72bc827f2ef5:20160407213829.533:939</Value>
          <Value>entryDN:939:1:55a73700-c891-46fd-8f5c-72bc827f2ef5:20160407213829.533:939</Value>
          <Value>isSingleValued:939:1:55a73700-c891-46fd-8f5c-72bc827f2ef5:20160407213829.533:939</Value>
          <Value>lDAPDisplayName:939:1:55a73700-c891-46fd-8f5c-72bc827f2ef5:20160407213829.533:939</Value>
          <Value>modifyTimeStamp:939:1:55a73700-c891-46fd-8f5c-72bc827f2ef5:20160407213829.533:939</Value>
          <Value>objectClass:939:1:55a73700-c891-46fd-8f5c-72bc827f2ef5:20160407213829.533:939</Value>
          <Value>objectGUID:939:1:55a73700-c891-46fd-8f5c-72bc827f2ef5:20160407213829.533:939</Value>
          <Value>oMSyntax:939:1:55a73700-c891-46fd-8f5c-72bc827f2ef5:20160407213829.533:939</Value>
          <Value>schemaIDGUID:939:1:55a73700-c891-46fd-8f5c-72bc827f2ef5:20160407213829.533:939</Value>
          <Value>uSNChanged:939:1:55a73700-c891-46fd-8f5c-72bc827f2ef5:20160407213829.533:939</Value>
          <Value>uSNCreated:939:1:55a73700-c891-46fd-8f5c-72bc827f2ef5:20160407213829.533:939</Value>
          <Value>vmwAttributeUsage:939:1:55a73700-c891-46fd-8f5c-72bc827f2ef5:20160407213829.533:939</Value>
        </AttributeMetadata>
      </AttributeSchemaEntry>
      <AttributeSchemaEntry>
        <Name>msDS-LocalEffectiveRecycleTime</Name>
        <AttributeMetadata>
          <Value>attributeID:1380:1:55a73700-c891-46fd-8f5c-72bc827f2ef5:20160407213830.296:1380</Value>
          <Value>attributeSyntax:1380:1:55a73700-c891-46fd-8f5c-72bc827f2ef5:20160407213830.296:1380</Value>
          <Value>cn:1380:1:55a73700-c891-46fd-8f5c-72bc827f2ef5:20160407213830.296:1380</Value>
          <Value>createTimeStamp:1380:1:55a73700-c891-46fd-8f5c-72bc827f2ef5:20160407213830.296:1380</Value>
          <Value>entryDN:1380:1:55a73700-c891-46fd-8f5c-72bc827f2ef5:20160407213830.296:1380</Value>
          <Value>isSingleValued:1380:1:55a73700-c891-46fd-8f5c-72bc827f2ef5:20160407213830.296:1380</Value>
          <Value>lDAPDisplayName:1380:1:55a73700-c891-46fd-8f5c-72bc827f2ef5:20160407213830.296:1380</Value>
          <Value>modifyTimeStamp:1380:1:55a73700-c891-46fd-8f5c-72bc827f2ef5:20160407213830.296:1380</Value>
          <Value>objectClass:1380:1:55a73700-c891-46fd-8f5c-72bc827f2ef5:20160407213830.296:1380</Value>
          <Value>objectGUID:1380:1:55a73700-c891-46fd-8f5c-72bc827f2ef5:20160407213830.296:1380</Value>
          <Value>oMSyntax:1380:1:55a73700-c891-46fd-8f5c-72bc827f2ef5:20160407213830.296:1380</Value>
          <Value>schemaIDGUID:1380:1:55a73700-c891-46fd-8f5c-72bc827f2ef5:20160407213830.296:1380</Value>
          <Value>uSNChanged:1380:1:55a73700-c891-46fd-8f5c-72bc827f2ef5:20160407213830.296:1380</Value>
          <Value>uSNCreated:1380:1:55a73700-c891-46fd-8f5c-72bc827f2ef5:20160407213830.296:1380</Value>
          <Value>vmwAttributeUsage:1380:1:55a73700-c891-46fd-8f5c-72bc827f2ef5:20160407213830.296:1380</Value>
        </AttributeMetadata>
      </AttributeSchemaEntry>
      <AttributeSchemaEntry>
        <Name>msDS-LockoutDuration</Name>
        <AttributeMetadata>
          <Value>attributeID:1687:1:55a73700-c891-46fd-8f5c-72bc827f2ef5:20160407213830.806:1687</Value>
          <Value>attributeSyntax:1687:1:55a73700-c891-46fd-8f5c-72bc827f2ef5:20160407213830.806:1687</Value>
          <Value>cn:1687:1:55a73700-c891-46fd-8f5c-72bc827f2ef5:20160407213830.806:1687</Value>
          <Value>createTimeStamp:1687:1:55a73700-c891-46fd-8f5c-72bc827f2ef5:20160407213830.806:1687</Value>
          <Value>entryDN:1687:1:55a73700-c891-46fd-8f5c-72bc827f2ef5:20160407213830.806:1687</Value>
          <Value>isSingleValued:1687:1:55a73700-c891-46fd-8f5c-72bc827f2ef5:20160407213830.806:1687</Value>
          <Value>lDAPDisplayName:1687:1:55a73700-c891-46fd-8f5c-72bc827f2ef5:20160407213830.806:1687</Value>
          <Value>modifyTimeStamp:1687:1:55a73700-c891-46fd-8f5c-72bc827f2ef5:20160407213830.806:1687</Value>
          <Value>objectClass:1687:1:55a73700-c891-46fd-8f5c-72bc827f2ef5:20160407213830.806:1687</Value>
          <Value>objectGUID:1687:1:55a73700-c891-46fd-8f5c-72bc827f2ef5:20160407213830.806:1687</Value>
          <Value>oMSyntax:1687:1:55a73700-c891-46fd-8f5c-72bc827f2ef5:20160407213830.806:1687</Value>
          <Value>schemaIDGUID:1687:1:55a73700-c891-46fd-8f5c-72bc827f2ef5:20160407213830.806:1687</Value>
          <Value>uSNChanged:1687:1:55a73700-c891-46fd-8f5c-72bc827f2ef5:20160407213830.806:1687</Value>
          <Value>uSNCreated:1687:1:55a73700-c891-46fd-8f5c-72bc827f2ef5:20160407213830.806:1687</Value>
          <Value>vmwAttributeUsage:1687:1:55a73700-c891-46fd-8f5c-72bc827f2ef5:20160407213830.806:1687</Value>
        </AttributeMetadata>
      </AttributeSchemaEntry>
      <AttributeSchemaEntry>
        <Name>msDS-LockoutObservationWindow</Name>
        <AttributeMetadata>
          <Value>attributeID:942:1:55a73700-c891-46fd-8f5c-72bc827f2ef5:20160407213829.536:942</Value>
          <Value>attributeSyntax:942:1:55a73700-c891-46fd-8f5c-72bc827f2ef5:20160407213829.536:942</Value>
          <Value>cn:942:1:55a73700-c891-46fd-8f5c-72bc827f2ef5:20160407213829.536:942</Value>
          <Value>createTimeStamp:942:1:55a73700-c891-46fd-8f5c-72bc827f2ef5:20160407213829.536:942</Value>
          <Value>entryDN:942:1:55a73700-c891-46fd-8f5c-72bc827f2ef5:20160407213829.536:942</Value>
          <Value>isSingleValued:942:1:55a73700-c891-46fd-8f5c-72bc827f2ef5:20160407213829.536:942</Value>
          <Value>lDAPDisplayName:942:1:55a73700-c891-46fd-8f5c-72bc827f2ef5:20160407213829.536:942</Value>
          <Value>modifyTimeStamp:942:1:55a73700-c891-46fd-8f5c-72bc827f2ef5:20160407213829.536:942</Value>
          <Value>objectClass:942:1:55a73700-c891-46fd-8f5c-72bc827f2ef5:20160407213829.536:942</Value>
          <Value>objectGUID:942:1:55a73700-c891-46fd-8f5c-72bc827f2ef5:20160407213829.536:942</Value>
          <Value>oMSyntax:942:1:55a73700-c891-46fd-8f5c-72bc827f2ef5:20160407213829.536:942</Value>
          <Value>schemaIDGUID:942:1:55a73700-c891-46fd-8f5c-72bc827f2ef5:20160407213829.536:942</Value>
          <Value>uSNChanged:942:1:55a73700-c891-46fd-8f5c-72bc827f2ef5:20160407213829.536:942</Value>
          <Value>uSNCreated:942:1:55a73700-c891-46fd-8f5c-72bc827f2ef5:20160407213829.536:942</Value>
          <Value>vmwAttributeUsage:942:1:55a73700-c891-46fd-8f5c-72bc827f2ef5:20160407213829.536:942</Value>
        </AttributeMetadata>
      </AttributeSchemaEntry>
      <AttributeSchemaEntry>
        <Name>msDS-LockoutThreshold</Name>
        <AttributeMetadata>
          <Value>attributeID:715:1:55a73700-c891-46fd-8f5c-72bc827f2ef5:20160407213829.148:715</Value>
          <Value>attributeSyntax:715:1:55a73700-c891-46fd-8f5c-72bc827f2ef5:20160407213829.148:715</Value>
          <Value>cn:715:1:55a73700-c891-46fd-8f5c-72bc827f2ef5:20160407213829.148:715</Value>
          <Value>createTimeStamp:715:1:55a73700-c891-46fd-8f5c-72bc827f2ef5:20160407213829.148:715</Value>
          <Value>entryDN:715:1:55a73700-c891-46fd-8f5c-72bc827f2ef5:20160407213829.148:715</Value>
          <Value>isSingleValued:715:1:55a73700-c891-46fd-8f5c-72bc827f2ef5:20160407213829.148:715</Value>
          <Value>lDAPDisplayName:715:1:55a73700-c891-46fd-8f5c-72bc827f2ef5:20160407213829.148:715</Value>
          <Value>modifyTimeStamp:715:1:55a73700-c891-46fd-8f5c-72bc827f2ef5:20160407213829.148:715</Value>
          <Value>objectClass:715:1:55a73700-c891-46fd-8f5c-72bc827f2ef5:20160407213829.148:715</Value>
          <Value>objectGUID:715:1:55a73700-c891-46fd-8f5c-72bc827f2ef5:20160407213829.148:715</Value>
          <Value>oMSyntax:715:1:55a73700-c891-46fd-8f5c-72bc827f2ef5:20160407213829.148:715</Value>
          <Value>schemaIDGUID:715:1:55a73700-c891-46fd-8f5c-72bc827f2ef5:20160407213829.148:715</Value>
          <Value>uSNChanged:715:1:55a73700-c891-46fd-8f5c-72bc827f2ef5:20160407213829.148:715</Value>
          <Value>uSNCreated:715:1:55a73700-c891-46fd-8f5c-72bc827f2ef5:20160407213829.148:715</Value>
          <Value>vmwAttributeUsage:715:1:55a73700-c891-46fd-8f5c-72bc827f2ef5:20160407213829.148:715</Value>
        </AttributeMetadata>
      </AttributeSchemaEntry>
      <AttributeSchemaEntry>
        <Name>msDS-LogonTimeSyncInterval</Name>
        <AttributeMetadata>
          <Value>attributeID:902:1:55a73700-c891-46fd-8f5c-72bc827f2ef5:20160407213829.471:902</Value>
          <Value>attributeSyntax:902:1:55a73700-c891-46fd-8f5c-72bc827f2ef5:20160407213829.471:902</Value>
          <Value>cn:902:1:55a73700-c891-46fd-8f5c-72bc827f2ef5:20160407213829.471:902</Value>
          <Value>createTimeStamp:902:1:55a73700-c891-46fd-8f5c-72bc827f2ef5:20160407213829.471:902</Value>
          <Value>entryDN:902:1:55a73700-c891-46fd-8f5c-72bc827f2ef5:20160407213829.471:902</Value>
          <Value>isSingleValued:902:1:55a73700-c891-46fd-8f5c-72bc827f2ef5:20160407213829.471:902</Value>
          <Value>lDAPDisplayName:902:1:55a73700-c891-46fd-8f5c-72bc827f2ef5:20160407213829.471:902</Value>
          <Value>modifyTimeStamp:902:1:55a73700-c891-46fd-8f5c-72bc827f2ef5:20160407213829.471:902</Value>
          <Value>objectClass:902:1:55a73700-c891-46fd-8f5c-72bc827f2ef5:20160407213829.471:902</Value>
          <Value>objectGUID:902:1:55a73700-c891-46fd-8f5c-72bc827f2ef5:20160407213829.471:902</Value>
          <Value>oMSyntax:902:1:55a73700-c891-46fd-8f5c-72bc827f2ef5:20160407213829.471:902</Value>
          <Value>schemaIDGUID:902:1:55a73700-c891-46fd-8f5c-72bc827f2ef5:20160407213829.471:902</Value>
          <Value>uSNChanged:902:1:55a73700-c891-46fd-8f5c-72bc827f2ef5:20160407213829.471:902</Value>
          <Value>uSNCreated:902:1:55a73700-c891-46fd-8f5c-72bc827f2ef5:20160407213829.471:902</Value>
          <Value>vmwAttributeUsage:902:1:55a73700-c891-46fd-8f5c-72bc827f2ef5:20160407213829.471:902</Value>
        </AttributeMetadata>
      </AttributeSchemaEntry>
      <AttributeSchemaEntry>
        <Name>ms-DS-MachineAccountQuota</Name>
        <AttributeMetadata>
          <Value>attributeID:1030:1:55a73700-c891-46fd-8f5c-72bc827f2ef5:20160407213829.678:1030</Value>
          <Value>attributeSyntax:1030:1:55a73700-c891-46fd-8f5c-72bc827f2ef5:20160407213829.678:1030</Value>
          <Value>cn:1030:1:55a73700-c891-46fd-8f5c-72bc827f2ef5:20160407213829.678:1030</Value>
          <Value>createTimeStamp:1030:1:55a73700-c891-46fd-8f5c-72bc827f2ef5:20160407213829.678:1030</Value>
          <Value>entryDN:1030:1:55a73700-c891-46fd-8f5c-72bc827f2ef5:20160407213829.678:1030</Value>
          <Value>isSingleValued:1030:1:55a73700-c891-46fd-8f5c-72bc827f2ef5:20160407213829.678:1030</Value>
          <Value>lDAPDisplayName:1030:1:55a73700-c891-46fd-8f5c-72bc827f2ef5:20160407213829.678:1030</Value>
          <Value>modifyTimeStamp:1030:1:55a73700-c891-46fd-8f5c-72bc827f2ef5:20160407213829.678:1030</Value>
          <Value>objectClass:1030:1:55a73700-c891-46fd-8f5c-72bc827f2ef5:20160407213829.678:1030</Value>
          <Value>objectGUID:1030:1:55a73700-c891-46fd-8f5c-72bc827f2ef5:20160407213829.678:1030</Value>
          <Value>oMSyntax:1030:1:55a73700-c891-46fd-8f5c-72bc827f2ef5:20160407213829.678:1030</Value>
          <Value>schemaIDGUID:1030:1:55a73700-c891-46fd-8f5c-72bc827f2ef5:20160407213829.678:1030</Value>
          <Value>uSNChanged:1030:1:55a73700-c891-46fd-8f5c-72bc827f2ef5:20160407213829.678:1030</Value>
          <Value>uSNCreated:1030:1:55a73700-c891-46fd-8f5c-72bc827f2ef5:20160407213829.678:1030</Value>
          <Value>vmwAttributeUsage:1030:1:55a73700-c891-46fd-8f5c-72bc827f2ef5:20160407213829.678:1030</Value>
        </AttributeMetadata>
      </AttributeSchemaEntry>
      <AttributeSchemaEntry>
        <Name>msDs-masteredBy</Name>
        <AttributeMetadata>
          <Value>attributeID:1600:1:55a73700-c891-46fd-8f5c-72bc827f2ef5:20160407213830.657:1600</Value>
          <Value>attributeSyntax:1600:1:55a73700-c891-46fd-8f5c-72bc827f2ef5:20160407213830.657:1600</Value>
          <Value>cn:1600:1:55a73700-c891-46fd-8f5c-72bc827f2ef5:20160407213830.657:1600</Value>
          <Value>createTimeStamp:1600:1:55a73700-c891-46fd-8f5c-72bc827f2ef5:20160407213830.657:1600</Value>
          <Value>entryDN:1600:1:55a73700-c891-46fd-8f5c-72bc827f2ef5:20160407213830.657:1600</Value>
          <Value>isSingleValued:1600:1:55a73700-c891-46fd-8f5c-72bc827f2ef5:20160407213830.657:1600</Value>
          <Value>lDAPDisplayName:1600:1:55a73700-c891-46fd-8f5c-72bc827f2ef5:20160407213830.657:1600</Value>
          <Value>modifyTimeStamp:1600:1:55a73700-c891-46fd-8f5c-72bc827f2ef5:20160407213830.657:1600</Value>
          <Value>objectClass:1600:1:55a73700-c891-46fd-8f5c-72bc827f2ef5:20160407213830.657:1600</Value>
          <Value>objectGUID:1600:1:55a73700-c891-46fd-8f5c-72bc827f2ef5:20160407213830.657:1600</Value>
          <Value>oMSyntax:1600:1:55a73700-c891-46fd-8f5c-72bc827f2ef5:20160407213830.657:1600</Value>
          <Value>schemaIDGUID:1600:1:55a73700-c891-46fd-8f5c-72bc827f2ef5:20160407213830.657:1600</Value>
          <Value>uSNChanged:1600:1:55a73700-c891-46fd-8f5c-72bc827f2ef5:20160407213830.657:1600</Value>
          <Value>uSNCreated:1600:1:55a73700-c891-46fd-8f5c-72bc827f2ef5:20160407213830.657:1600</Value>
          <Value>vmwAttributeUsage:1600:1:55a73700-c891-46fd-8f5c-72bc827f2ef5:20160407213830.657:1600</Value>
        </AttributeMetadata>
      </AttributeSchemaEntry>
      <AttributeSchemaEntry>
        <Name>msDS-MaximumPasswordAge</Name>
        <AttributeMetadata>
          <Value>attributeID:1059:1:55a73700-c891-46fd-8f5c-72bc827f2ef5:20160407213829.735:1059</Value>
          <Value>attributeSyntax:1059:1:55a73700-c891-46fd-8f5c-72bc827f2ef5:20160407213829.735:1059</Value>
          <Value>cn:1059:1:55a73700-c891-46fd-8f5c-72bc827f2ef5:20160407213829.735:1059</Value>
          <Value>createTimeStamp:1059:1:55a73700-c891-46fd-8f5c-72bc827f2ef5:20160407213829.735:1059</Value>
          <Value>entryDN:1059:1:55a73700-c891-46fd-8f5c-72bc827f2ef5:20160407213829.735:1059</Value>
          <Value>isSingleValued:1059:1:55a73700-c891-46fd-8f5c-72bc827f2ef5:20160407213829.735:1059</Value>
          <Value>lDAPDisplayName:1059:1:55a73700-c891-46fd-8f5c-72bc827f2ef5:20160407213829.735:1059</Value>
          <Value>modifyTimeStamp:1059:1:55a73700-c891-46fd-8f5c-72bc827f2ef5:20160407213829.735:1059</Value>
          <Value>objectClass:1059:1:55a73700-c891-46fd-8f5c-72bc827f2ef5:20160407213829.735:1059</Value>
          <Value>objectGUID:1059:1:55a73700-c891-46fd-8f5c-72bc827f2ef5:20160407213829.735:1059</Value>
          <Value>oMSyntax:1059:1:55a73700-c891-46fd-8f5c-72bc827f2ef5:20160407213829.735:1059</Value>
          <Value>schemaIDGUID:1059:1:55a73700-c891-46fd-8f5c-72bc827f2ef5:20160407213829.735:1059</Value>
          <Value>uSNChanged:1059:1:55a73700-c891-46fd-8f5c-72bc827f2ef5:20160407213829.735:1059</Value>
          <Value>uSNCreated:1059:1:55a73700-c891-46fd-8f5c-72bc827f2ef5:20160407213829.735:1059</Value>
          <Value>vmwAttributeUsage:1059:1:55a73700-c891-46fd-8f5c-72bc827f2ef5:20160407213829.735:1059</Value>
        </AttributeMetadata>
      </AttributeSchemaEntry>
      <AttributeSchemaEntry>
        <Name>msDs-MaxValues</Name>
        <AttributeMetadata>
          <Value>attributeID:650:1:55a73700-c891-46fd-8f5c-72bc827f2ef5:20160407213829.035:650</Value>
          <Value>attributeSyntax:650:1:55a73700-c891-46fd-8f5c-72bc827f2ef5:20160407213829.035:650</Value>
          <Value>cn:650:1:55a73700-c891-46fd-8f5c-72bc827f2ef5:20160407213829.035:650</Value>
          <Value>createTimeStamp:650:1:55a73700-c891-46fd-8f5c-72bc827f2ef5:20160407213829.035:650</Value>
          <Value>entryDN:650:1:55a73700-c891-46fd-8f5c-72bc827f2ef5:20160407213829.035:650</Value>
          <Value>isSingleValued:650:1:55a73700-c891-46fd-8f5c-72bc827f2ef5:20160407213829.035:650</Value>
          <Value>lDAPDisplayName:650:1:55a73700-c891-46fd-8f5c-72bc827f2ef5:20160407213829.035:650</Value>
          <Value>modifyTimeStamp:650:1:55a73700-c891-46fd-8f5c-72bc827f2ef5:20160407213829.035:650</Value>
          <Value>objectClass:650:1:55a73700-c891-46fd-8f5c-72bc827f2ef5:20160407213829.035:650</Value>
          <Value>objectGUID:650:1:55a73700-c891-46fd-8f5c-72bc827f2ef5:20160407213829.035:650</Value>
          <Value>oMSyntax:650:1:55a73700-c891-46fd-8f5c-72bc827f2ef5:20160407213829.035:650</Value>
          <Value>schemaIDGUID:650:1:55a73700-c891-46fd-8f5c-72bc827f2ef5:20160407213829.035:650</Value>
          <Value>uSNChanged:650:1:55a73700-c891-46fd-8f5c-72bc827f2ef5:20160407213829.035:650</Value>
          <Value>uSNCreated:650:1:55a73700-c891-46fd-8f5c-72bc827f2ef5:20160407213829.035:650</Value>
          <Value>vmwAttributeUsage:650:1:55a73700-c891-46fd-8f5c-72bc827f2ef5:20160407213829.035:650</Value>
        </AttributeMetadata>
      </AttributeSchemaEntry>
      <AttributeSchemaEntry>
        <Name>msDS-MembersForAzRole</Name>
        <AttributeMetadata>
          <Value>attributeID:1724:1:55a73700-c891-46fd-8f5c-72bc827f2ef5:20160407213830.874:1724</Value>
          <Value>attributeSyntax:1724:1:55a73700-c891-46fd-8f5c-72bc827f2ef5:20160407213830.874:1724</Value>
          <Value>cn:1724:1:55a73700-c891-46fd-8f5c-72bc827f2ef5:20160407213830.874:1724</Value>
          <Value>createTimeStamp:1724:1:55a73700-c891-46fd-8f5c-72bc827f2ef5:20160407213830.874:1724</Value>
          <Value>entryDN:1724:1:55a73700-c891-46fd-8f5c-72bc827f2ef5:20160407213830.874:1724</Value>
          <Value>isSingleValued:1724:1:55a73700-c891-46fd-8f5c-72bc827f2ef5:20160407213830.874:1724</Value>
          <Value>lDAPDisplayName:1724:1:55a73700-c891-46fd-8f5c-72bc827f2ef5:20160407213830.874:1724</Value>
          <Value>modifyTimeStamp:1724:1:55a73700-c891-46fd-8f5c-72bc827f2ef5:20160407213830.874:1724</Value>
          <Value>objectClass:1724:1:55a73700-c891-46fd-8f5c-72bc827f2ef5:20160407213830.874:1724</Value>
          <Value>objectGUID:1724:1:55a73700-c891-46fd-8f5c-72bc827f2ef5:20160407213830.874:1724</Value>
          <Value>oMSyntax:1724:1:55a73700-c891-46fd-8f5c-72bc827f2ef5:20160407213830.874:1724</Value>
          <Value>schemaIDGUID:1724:1:55a73700-c891-46fd-8f5c-72bc827f2ef5:20160407213830.874:1724</Value>
          <Value>uSNChanged:1724:1:55a73700-c891-46fd-8f5c-72bc827f2ef5:20160407213830.874:1724</Value>
          <Value>uSNCreated:1724:1:55a73700-c891-46fd-8f5c-72bc827f2ef5:20160407213830.874:1724</Value>
          <Value>vmwAttributeUsage:1724:1:55a73700-c891-46fd-8f5c-72bc827f2ef5:20160407213830.874:1724</Value>
        </AttributeMetadata>
      </AttributeSchemaEntry>
      <AttributeSchemaEntry>
        <Name>msDS-MembersForAzRoleBL</Name>
        <AttributeMetadata>
          <Value>attributeID:953:1:55a73700-c891-46fd-8f5c-72bc827f2ef5:20160407213829.556:953</Value>
          <Value>attributeSyntax:953:1:55a73700-c891-46fd-8f5c-72bc827f2ef5:20160407213829.556:953</Value>
          <Value>cn:953:1:55a73700-c891-46fd-8f5c-72bc827f2ef5:20160407213829.556:953</Value>
          <Value>createTimeStamp:953:1:55a73700-c891-46fd-8f5c-72bc827f2ef5:20160407213829.556:953</Value>
          <Value>entryDN:953:1:55a73700-c891-46fd-8f5c-72bc827f2ef5:20160407213829.556:953</Value>
          <Value>isSingleValued:953:1:55a73700-c891-46fd-8f5c-72bc827f2ef5:20160407213829.556:953</Value>
          <Value>lDAPDisplayName:953:1:55a73700-c891-46fd-8f5c-72bc827f2ef5:20160407213829.556:953</Value>
          <Value>modifyTimeStamp:953:1:55a73700-c891-46fd-8f5c-72bc827f2ef5:20160407213829.556:953</Value>
          <Value>objectClass:953:1:55a73700-c891-46fd-8f5c-72bc827f2ef5:20160407213829.556:953</Value>
          <Value>objectGUID:953:1:55a73700-c891-46fd-8f5c-72bc827f2ef5:20160407213829.556:953</Value>
          <Value>oMSyntax:953:1:55a73700-c891-46fd-8f5c-72bc827f2ef5:20160407213829.556:953</Value>
          <Value>schemaIDGUID:953:1:55a73700-c891-46fd-8f5c-72bc827f2ef5:20160407213829.556:953</Value>
          <Value>uSNChanged:953:1:55a73700-c891-46fd-8f5c-72bc827f2ef5:20160407213829.556:953</Value>
          <Value>uSNCreated:953:1:55a73700-c891-46fd-8f5c-72bc827f2ef5:20160407213829.556:953</Value>
          <Value>vmwAttributeUsage:953:1:55a73700-c891-46fd-8f5c-72bc827f2ef5:20160407213829.556:953</Value>
        </AttributeMetadata>
      </AttributeSchemaEntry>
      <AttributeSchemaEntry>
        <Name>msDS-MinimumPasswordAge</Name>
        <AttributeMetadata>
          <Value>attributeID:556:1:55a73700-c891-46fd-8f5c-72bc827f2ef5:20160407213828.877:556</Value>
          <Value>attributeSyntax:556:1:55a73700-c891-46fd-8f5c-72bc827f2ef5:20160407213828.877:556</Value>
          <Value>cn:556:1:55a73700-c891-46fd-8f5c-72bc827f2ef5:20160407213828.877:556</Value>
          <Value>createTimeStamp:556:1:55a73700-c891-46fd-8f5c-72bc827f2ef5:20160407213828.877:556</Value>
          <Value>entryDN:556:1:55a73700-c891-46fd-8f5c-72bc827f2ef5:20160407213828.877:556</Value>
          <Value>isSingleValued:556:1:55a73700-c891-46fd-8f5c-72bc827f2ef5:20160407213828.877:556</Value>
          <Value>lDAPDisplayName:556:1:55a73700-c891-46fd-8f5c-72bc827f2ef5:20160407213828.877:556</Value>
          <Value>modifyTimeStamp:556:1:55a73700-c891-46fd-8f5c-72bc827f2ef5:20160407213828.877:556</Value>
          <Value>objectClass:556:1:55a73700-c891-46fd-8f5c-72bc827f2ef5:20160407213828.877:556</Value>
          <Value>objectGUID:556:1:55a73700-c891-46fd-8f5c-72bc827f2ef5:20160407213828.877:556</Value>
          <Value>oMSyntax:556:1:55a73700-c891-46fd-8f5c-72bc827f2ef5:20160407213828.877:556</Value>
          <Value>schemaIDGUID:556:1:55a73700-c891-46fd-8f5c-72bc827f2ef5:20160407213828.877:556</Value>
          <Value>uSNChanged:556:1:55a73700-c891-46fd-8f5c-72bc827f2ef5:20160407213828.877:556</Value>
          <Value>uSNCreated:556:1:55a73700-c891-46fd-8f5c-72bc827f2ef5:20160407213828.877:556</Value>
          <Value>vmwAttributeUsage:556:1:55a73700-c891-46fd-8f5c-72bc827f2ef5:20160407213828.877:556</Value>
        </AttributeMetadata>
      </AttributeSchemaEntry>
      <AttributeSchemaEntry>
        <Name>msDS-MinimumPasswordLength</Name>
        <AttributeMetadata>
          <Value>attributeID:1680:1:55a73700-c891-46fd-8f5c-72bc827f2ef5:20160407213830.799:1680</Value>
          <Value>attributeSyntax:1680:1:55a73700-c891-46fd-8f5c-72bc827f2ef5:20160407213830.799:1680</Value>
          <Value>cn:1680:1:55a73700-c891-46fd-8f5c-72bc827f2ef5:20160407213830.799:1680</Value>
          <Value>createTimeStamp:1680:1:55a73700-c891-46fd-8f5c-72bc827f2ef5:20160407213830.799:1680</Value>
          <Value>entryDN:1680:1:55a73700-c891-46fd-8f5c-72bc827f2ef5:20160407213830.799:1680</Value>
          <Value>isSingleValued:1680:1:55a73700-c891-46fd-8f5c-72bc827f2ef5:20160407213830.799:1680</Value>
          <Value>lDAPDisplayName:1680:1:55a73700-c891-46fd-8f5c-72bc827f2ef5:20160407213830.799:1680</Value>
          <Value>modifyTimeStamp:1680:1:55a73700-c891-46fd-8f5c-72bc827f2ef5:20160407213830.799:1680</Value>
          <Value>objectClass:1680:1:55a73700-c891-46fd-8f5c-72bc827f2ef5:20160407213830.799:1680</Value>
          <Value>objectGUID:1680:1:55a73700-c891-46fd-8f5c-72bc827f2ef5:20160407213830.799:1680</Value>
          <Value>oMSyntax:1680:1:55a73700-c891-46fd-8f5c-72bc827f2ef5:20160407213830.799:1680</Value>
          <Value>schemaIDGUID:1680:1:55a73700-c891-46fd-8f5c-72bc827f2ef5:20160407213830.799:1680</Value>
          <Value>uSNChanged:1680:1:55a73700-c891-46fd-8f5c-72bc827f2ef5:20160407213830.799:1680</Value>
          <Value>uSNCreated:1680:1:55a73700-c891-46fd-8f5c-72bc827f2ef5:20160407213830.799:1680</Value>
          <Value>vmwAttributeUsage:1680:1:55a73700-c891-46fd-8f5c-72bc827f2ef5:20160407213830.799:1680</Value>
        </AttributeMetadata>
      </AttributeSchemaEntry>
      <AttributeSchemaEntry>
        <Name>msDS-NCReplCursors</Name>
        <AttributeMetadata>
          <Value>attributeID:390:1:55a73700-c891-46fd-8f5c-72bc827f2ef5:20160407213828.599:390</Value>
          <Value>attributeSyntax:390:1:55a73700-c891-46fd-8f5c-72bc827f2ef5:20160407213828.599:390</Value>
          <Value>cn:390:1:55a73700-c891-46fd-8f5c-72bc827f2ef5:20160407213828.599:390</Value>
          <Value>createTimeStamp:390:1:55a73700-c891-46fd-8f5c-72bc827f2ef5:20160407213828.599:390</Value>
          <Value>entryDN:390:1:55a73700-c891-46fd-8f5c-72bc827f2ef5:20160407213828.599:390</Value>
          <Value>isSingleValued:390:1:55a73700-c891-46fd-8f5c-72bc827f2ef5:20160407213828.599:390</Value>
          <Value>lDAPDisplayName:390:1:55a73700-c891-46fd-8f5c-72bc827f2ef5:20160407213828.599:390</Value>
          <Value>modifyTimeStamp:390:1:55a73700-c891-46fd-8f5c-72bc827f2ef5:20160407213828.599:390</Value>
          <Value>objectClass:390:1:55a73700-c891-46fd-8f5c-72bc827f2ef5:20160407213828.599:390</Value>
          <Value>objectGUID:390:1:55a73700-c891-46fd-8f5c-72bc827f2ef5:20160407213828.599:390</Value>
          <Value>oMSyntax:390:1:55a73700-c891-46fd-8f5c-72bc827f2ef5:20160407213828.599:390</Value>
          <Value>schemaIDGUID:390:1:55a73700-c891-46fd-8f5c-72bc827f2ef5:20160407213828.599:390</Value>
          <Value>uSNChanged:390:1:55a73700-c891-46fd-8f5c-72bc827f2ef5:20160407213828.599:390</Value>
          <Value>uSNCreated:390:1:55a73700-c891-46fd-8f5c-72bc827f2ef5:20160407213828.599:390</Value>
          <Value>vmwAttributeUsage:390:1:55a73700-c891-46fd-8f5c-72bc827f2ef5:20160407213828.599:390</Value>
        </AttributeMetadata>
      </AttributeSchemaEntry>
      <AttributeSchemaEntry>
        <Name>msDS-NC-Replica-Locations</Name>
        <AttributeMetadata>
          <Value>attributeID:1433:1:55a73700-c891-46fd-8f5c-72bc827f2ef5:20160407213830.382:1433</Value>
          <Value>attributeSyntax:1433:1:55a73700-c891-46fd-8f5c-72bc827f2ef5:20160407213830.382:1433</Value>
          <Value>cn:1433:1:55a73700-c891-46fd-8f5c-72bc827f2ef5:20160407213830.382:1433</Value>
          <Value>createTimeStamp:1433:1:55a73700-c891-46fd-8f5c-72bc827f2ef5:20160407213830.382:1433</Value>
          <Value>entryDN:1433:1:55a73700-c891-46fd-8f5c-72bc827f2ef5:20160407213830.382:1433</Value>
          <Value>isSingleValued:1433:1:55a73700-c891-46fd-8f5c-72bc827f2ef5:20160407213830.382:1433</Value>
          <Value>lDAPDisplayName:1433:1:55a73700-c891-46fd-8f5c-72bc827f2ef5:20160407213830.382:1433</Value>
          <Value>modifyTimeStamp:1433:1:55a73700-c891-46fd-8f5c-72bc827f2ef5:20160407213830.382:1433</Value>
          <Value>objectClass:1433:1:55a73700-c891-46fd-8f5c-72bc827f2ef5:20160407213830.382:1433</Value>
          <Value>objectGUID:1433:1:55a73700-c891-46fd-8f5c-72bc827f2ef5:20160407213830.382:1433</Value>
          <Value>oMSyntax:1433:1:55a73700-c891-46fd-8f5c-72bc827f2ef5:20160407213830.382:1433</Value>
          <Value>schemaIDGUID:1433:1:55a73700-c891-46fd-8f5c-72bc827f2ef5:20160407213830.382:1433</Value>
          <Value>uSNChanged:1433:1:55a73700-c891-46fd-8f5c-72bc827f2ef5:20160407213830.382:1433</Value>
          <Value>uSNCreated:1433:1:55a73700-c891-46fd-8f5c-72bc827f2ef5:20160407213830.382:1433</Value>
          <Value>vmwAttributeUsage:1433:1:55a73700-c891-46fd-8f5c-72bc827f2ef5:20160407213830.382:1433</Value>
        </AttributeMetadata>
      </AttributeSchemaEntry>
      <AttributeSchemaEntry>
        <Name>msDS-NCReplInboundNeighbors</Name>
        <AttributeMetadata>
          <Value>attributeID:1301:1:55a73700-c891-46fd-8f5c-72bc827f2ef5:20160407213830.160:1301</Value>
          <Value>attributeSyntax:1301:1:55a73700-c891-46fd-8f5c-72bc827f2ef5:20160407213830.160:1301</Value>
          <Value>cn:1301:1:55a73700-c891-46fd-8f5c-72bc827f2ef5:20160407213830.160:1301</Value>
          <Value>createTimeStamp:1301:1:55a73700-c891-46fd-8f5c-72bc827f2ef5:20160407213830.160:1301</Value>
          <Value>entryDN:1301:1:55a73700-c891-46fd-8f5c-72bc827f2ef5:20160407213830.160:1301</Value>
          <Value>isSingleValued:1301:1:55a73700-c891-46fd-8f5c-72bc827f2ef5:20160407213830.160:1301</Value>
          <Value>lDAPDisplayName:1301:1:55a73700-c891-46fd-8f5c-72bc827f2ef5:20160407213830.160:1301</Value>
          <Value>modifyTimeStamp:1301:1:55a73700-c891-46fd-8f5c-72bc827f2ef5:20160407213830.160:1301</Value>
          <Value>objectClass:1301:1:55a73700-c891-46fd-8f5c-72bc827f2ef5:20160407213830.160:1301</Value>
          <Value>objectGUID:1301:1:55a73700-c891-46fd-8f5c-72bc827f2ef5:20160407213830.160:1301</Value>
          <Value>oMSyntax:1301:1:55a73700-c891-46fd-8f5c-72bc827f2ef5:20160407213830.160:1301</Value>
          <Value>schemaIDGUID:1301:1:55a73700-c891-46fd-8f5c-72bc827f2ef5:20160407213830.160:1301</Value>
          <Value>uSNChanged:1301:1:55a73700-c891-46fd-8f5c-72bc827f2ef5:20160407213830.160:1301</Value>
          <Value>uSNCreated:1301:1:55a73700-c891-46fd-8f5c-72bc827f2ef5:20160407213830.160:1301</Value>
          <Value>vmwAttributeUsage:1301:1:55a73700-c891-46fd-8f5c-72bc827f2ef5:20160407213830.160:1301</Value>
        </AttributeMetadata>
      </AttributeSchemaEntry>
      <AttributeSchemaEntry>
        <Name>msDS-NCReplOutboundNeighbors</Name>
        <AttributeMetadata>
          <Value>attributeID:1471:1:55a73700-c891-46fd-8f5c-72bc827f2ef5:20160407213830.444:1471</Value>
          <Value>attributeSyntax:1471:1:55a73700-c891-46fd-8f5c-72bc827f2ef5:20160407213830.444:1471</Value>
          <Value>cn:1471:1:55a73700-c891-46fd-8f5c-72bc827f2ef5:20160407213830.444:1471</Value>
          <Value>createTimeStamp:1471:1:55a73700-c891-46fd-8f5c-72bc827f2ef5:20160407213830.444:1471</Value>
          <Value>entryDN:1471:1:55a73700-c891-46fd-8f5c-72bc827f2ef5:20160407213830.444:1471</Value>
          <Value>isSingleValued:1471:1:55a73700-c891-46fd-8f5c-72bc827f2ef5:20160407213830.444:1471</Value>
          <Value>lDAPDisplayName:1471:1:55a73700-c891-46fd-8f5c-72bc827f2ef5:20160407213830.444:1471</Value>
          <Value>modifyTimeStamp:1471:1:55a73700-c891-46fd-8f5c-72bc827f2ef5:20160407213830.444:1471</Value>
          <Value>objectClass:1471:1:55a73700-c891-46fd-8f5c-72bc827f2ef5:20160407213830.444:1471</Value>
          <Value>objectGUID:1471:1:55a73700-c891-46fd-8f5c-72bc827f2ef5:20160407213830.444:1471</Value>
          <Value>oMSyntax:1471:1:55a73700-c891-46fd-8f5c-72bc827f2ef5:20160407213830.444:1471</Value>
          <Value>schemaIDGUID:1471:1:55a73700-c891-46fd-8f5c-72bc827f2ef5:20160407213830.444:1471</Value>
          <Value>uSNChanged:1471:1:55a73700-c891-46fd-8f5c-72bc827f2ef5:20160407213830.444:1471</Value>
          <Value>uSNCreated:1471:1:55a73700-c891-46fd-8f5c-72bc827f2ef5:20160407213830.444:1471</Value>
          <Value>vmwAttributeUsage:1471:1:55a73700-c891-46fd-8f5c-72bc827f2ef5:20160407213830.444:1471</Value>
        </AttributeMetadata>
      </AttributeSchemaEntry>
      <AttributeSchemaEntry>
        <Name>msDS-NC-RO-Replica-Locations</Name>
        <AttributeMetadata>
          <Value>attributeID:1705:1:55a73700-c891-46fd-8f5c-72bc827f2ef5:20160407213830.837:1705</Value>
          <Value>attributeSyntax:1705:1:55a73700-c891-46fd-8f5c-72bc827f2ef5:20160407213830.837:1705</Value>
          <Value>cn:1705:1:55a73700-c891-46fd-8f5c-72bc827f2ef5:20160407213830.837:1705</Value>
          <Value>createTimeStamp:1705:1:55a73700-c891-46fd-8f5c-72bc827f2ef5:20160407213830.837:1705</Value>
          <Value>entryDN:1705:1:55a73700-c891-46fd-8f5c-72bc827f2ef5:20160407213830.837:1705</Value>
          <Value>isSingleValued:1705:1:55a73700-c891-46fd-8f5c-72bc827f2ef5:20160407213830.837:1705</Value>
          <Value>lDAPDisplayName:1705:1:55a73700-c891-46fd-8f5c-72bc827f2ef5:20160407213830.837:1705</Value>
          <Value>modifyTimeStamp:1705:1:55a73700-c891-46fd-8f5c-72bc827f2ef5:20160407213830.837:1705</Value>
          <Value>objectClass:1705:1:55a73700-c891-46fd-8f5c-72bc827f2ef5:20160407213830.837:1705</Value>
          <Value>objectGUID:1705:1:55a73700-c891-46fd-8f5c-72bc827f2ef5:20160407213830.837:1705</Value>
          <Value>oMSyntax:1705:1:55a73700-c891-46fd-8f5c-72bc827f2ef5:20160407213830.837:1705</Value>
          <Value>schemaIDGUID:1705:1:55a73700-c891-46fd-8f5c-72bc827f2ef5:20160407213830.837:1705</Value>
          <Value>uSNChanged:1705:1:55a73700-c891-46fd-8f5c-72bc827f2ef5:20160407213830.837:1705</Value>
          <Value>uSNCreated:1705:1:55a73700-c891-46fd-8f5c-72bc827f2ef5:20160407213830.837:1705</Value>
          <Value>vmwAttributeUsage:1705:1:55a73700-c891-46fd-8f5c-72bc827f2ef5:20160407213830.837:1705</Value>
        </AttributeMetadata>
      </AttributeSchemaEntry>
      <AttributeSchemaEntry>
        <Name>msDS-NC-RO-Replica-Locations-BL</Name>
        <AttributeMetadata>
          <Value>attributeID:950:1:55a73700-c891-46fd-8f5c-72bc827f2ef5:20160407213829.552:950</Value>
          <Value>attributeSyntax:950:1:55a73700-c891-46fd-8f5c-72bc827f2ef5:20160407213829.552:950</Value>
          <Value>cn:950:1:55a73700-c891-46fd-8f5c-72bc827f2ef5:20160407213829.552:950</Value>
          <Value>createTimeStamp:950:1:55a73700-c891-46fd-8f5c-72bc827f2ef5:20160407213829.552:950</Value>
          <Value>entryDN:950:1:55a73700-c891-46fd-8f5c-72bc827f2ef5:20160407213829.552:950</Value>
          <Value>isSingleValued:950:1:55a73700-c891-46fd-8f5c-72bc827f2ef5:20160407213829.552:950</Value>
          <Value>lDAPDisplayName:950:1:55a73700-c891-46fd-8f5c-72bc827f2ef5:20160407213829.552:950</Value>
          <Value>modifyTimeStamp:950:1:55a73700-c891-46fd-8f5c-72bc827f2ef5:20160407213829.552:950</Value>
          <Value>objectClass:950:1:55a73700-c891-46fd-8f5c-72bc827f2ef5:20160407213829.552:950</Value>
          <Value>objectGUID:950:1:55a73700-c891-46fd-8f5c-72bc827f2ef5:20160407213829.552:950</Value>
          <Value>oMSyntax:950:1:55a73700-c891-46fd-8f5c-72bc827f2ef5:20160407213829.552:950</Value>
          <Value>schemaIDGUID:950:1:55a73700-c891-46fd-8f5c-72bc827f2ef5:20160407213829.552:950</Value>
          <Value>uSNChanged:950:1:55a73700-c891-46fd-8f5c-72bc827f2ef5:20160407213829.552:950</Value>
          <Value>uSNCreated:950:1:55a73700-c891-46fd-8f5c-72bc827f2ef5:20160407213829.552:950</Value>
          <Value>vmwAttributeUsage:950:1:55a73700-c891-46fd-8f5c-72bc827f2ef5:20160407213829.552:950</Value>
        </AttributeMetadata>
      </AttributeSchemaEntry>
      <AttributeSchemaEntry>
        <Name>msDS-NcType</Name>
        <AttributeMetadata>
          <Value>attributeID:1282:1:55a73700-c891-46fd-8f5c-72bc827f2ef5:20160407213830.129:1282</Value>
          <Value>attributeSyntax:1282:1:55a73700-c891-46fd-8f5c-72bc827f2ef5:20160407213830.129:1282</Value>
          <Value>cn:1282:1:55a73700-c891-46fd-8f5c-72bc827f2ef5:20160407213830.129:1282</Value>
          <Value>createTimeStamp:1282:1:55a73700-c891-46fd-8f5c-72bc827f2ef5:20160407213830.129:1282</Value>
          <Value>entryDN:1282:1:55a73700-c891-46fd-8f5c-72bc827f2ef5:20160407213830.129:1282</Value>
          <Value>isSingleValued:1282:1:55a73700-c891-46fd-8f5c-72bc827f2ef5:20160407213830.129:1282</Value>
          <Value>lDAPDisplayName:1282:1:55a73700-c891-46fd-8f5c-72bc827f2ef5:20160407213830.129:1282</Value>
          <Value>modifyTimeStamp:1282:1:55a73700-c891-46fd-8f5c-72bc827f2ef5:20160407213830.129:1282</Value>
          <Value>objectClass:1282:1:55a73700-c891-46fd-8f5c-72bc827f2ef5:20160407213830.129:1282</Value>
          <Value>objectGUID:1282:1:55a73700-c891-46fd-8f5c-72bc827f2ef5:20160407213830.129:1282</Value>
          <Value>oMSyntax:1282:1:55a73700-c891-46fd-8f5c-72bc827f2ef5:20160407213830.129:1282</Value>
          <Value>schemaIDGUID:1282:1:55a73700-c891-46fd-8f5c-72bc827f2ef5:20160407213830.129:1282</Value>
          <Value>uSNChanged:1282:1:55a73700-c891-46fd-8f5c-72bc827f2ef5:20160407213830.129:1282</Value>
          <Value>uSNCreated:1282:1:55a73700-c891-46fd-8f5c-72bc827f2ef5:20160407213830.129:1282</Value>
          <Value>vmwAttributeUsage:1282:1:55a73700-c891-46fd-8f5c-72bc827f2ef5:20160407213830.129:1282</Value>
        </AttributeMetadata>
      </AttributeSchemaEntry>
      <AttributeSchemaEntry>
        <Name>msDS-NeverRevealGroup</Name>
        <AttributeMetadata>
          <Value>attributeID:1550:1:55a73700-c891-46fd-8f5c-72bc827f2ef5:20160407213830.572:1550</Value>
          <Value>attributeSyntax:1550:1:55a73700-c891-46fd-8f5c-72bc827f2ef5:20160407213830.572:1550</Value>
          <Value>cn:1550:1:55a73700-c891-46fd-8f5c-72bc827f2ef5:20160407213830.572:1550</Value>
          <Value>createTimeStamp:1550:1:55a73700-c891-46fd-8f5c-72bc827f2ef5:20160407213830.572:1550</Value>
          <Value>entryDN:1550:1:55a73700-c891-46fd-8f5c-72bc827f2ef5:20160407213830.572:1550</Value>
          <Value>isSingleValued:1550:1:55a73700-c891-46fd-8f5c-72bc827f2ef5:20160407213830.572:1550</Value>
          <Value>lDAPDisplayName:1550:1:55a73700-c891-46fd-8f5c-72bc827f2ef5:20160407213830.572:1550</Value>
          <Value>modifyTimeStamp:1550:1:55a73700-c891-46fd-8f5c-72bc827f2ef5:20160407213830.572:1550</Value>
          <Value>objectClass:1550:1:55a73700-c891-46fd-8f5c-72bc827f2ef5:20160407213830.572:1550</Value>
          <Value>objectGUID:1550:1:55a73700-c891-46fd-8f5c-72bc827f2ef5:20160407213830.572:1550</Value>
          <Value>oMSyntax:1550:1:55a73700-c891-46fd-8f5c-72bc827f2ef5:20160407213830.572:1550</Value>
          <Value>schemaIDGUID:1550:1:55a73700-c891-46fd-8f5c-72bc827f2ef5:20160407213830.572:1550</Value>
          <Value>uSNChanged:1550:1:55a73700-c891-46fd-8f5c-72bc827f2ef5:20160407213830.572:1550</Value>
          <Value>uSNCreated:1550:1:55a73700-c891-46fd-8f5c-72bc827f2ef5:20160407213830.572:1550</Value>
          <Value>vmwAttributeUsage:1550:1:55a73700-c891-46fd-8f5c-72bc827f2ef5:20160407213830.572:1550</Value>
        </AttributeMetadata>
      </AttributeSchemaEntry>
      <AttributeSchemaEntry>
        <Name>msDS-NonMembers</Name>
        <AttributeMetadata>
          <Value>attributeID:1015:1:55a73700-c891-46fd-8f5c-72bc827f2ef5:20160407213829.653:1015</Value>
          <Value>attributeSyntax:1015:1:55a73700-c891-46fd-8f5c-72bc827f2ef5:20160407213829.653:1015</Value>
          <Value>cn:1015:1:55a73700-c891-46fd-8f5c-72bc827f2ef5:20160407213829.653:1015</Value>
          <Value>createTimeStamp:1015:1:55a73700-c891-46fd-8f5c-72bc827f2ef5:20160407213829.653:1015</Value>
          <Value>entryDN:1015:1:55a73700-c891-46fd-8f5c-72bc827f2ef5:20160407213829.653:1015</Value>
          <Value>isSingleValued:1015:1:55a73700-c891-46fd-8f5c-72bc827f2ef5:20160407213829.653:1015</Value>
          <Value>lDAPDisplayName:1015:1:55a73700-c891-46fd-8f5c-72bc827f2ef5:20160407213829.653:1015</Value>
          <Value>modifyTimeStamp:1015:1:55a73700-c891-46fd-8f5c-72bc827f2ef5:20160407213829.653:1015</Value>
          <Value>objectClass:1015:1:55a73700-c891-46fd-8f5c-72bc827f2ef5:20160407213829.653:1015</Value>
          <Value>objectGUID:1015:1:55a73700-c891-46fd-8f5c-72bc827f2ef5:20160407213829.653:1015</Value>
          <Value>oMSyntax:1015:1:55a73700-c891-46fd-8f5c-72bc827f2ef5:20160407213829.653:1015</Value>
          <Value>schemaIDGUID:1015:1:55a73700-c891-46fd-8f5c-72bc827f2ef5:20160407213829.653:1015</Value>
          <Value>uSNChanged:1015:1:55a73700-c891-46fd-8f5c-72bc827f2ef5:20160407213829.653:1015</Value>
          <Value>uSNCreated:1015:1:55a73700-c891-46fd-8f5c-72bc827f2ef5:20160407213829.653:1015</Value>
          <Value>vmwAttributeUsage:1015:1:55a73700-c891-46fd-8f5c-72bc827f2ef5:20160407213829.653:1015</Value>
        </AttributeMetadata>
      </AttributeSchemaEntry>
      <AttributeSchemaEntry>
        <Name>msDS-NonMembersBL</Name>
        <AttributeMetadata>
          <Value>attributeID:1489:1:55a73700-c891-46fd-8f5c-72bc827f2ef5:20160407213830.474:1489</Value>
          <Value>attributeSyntax:1489:1:55a73700-c891-46fd-8f5c-72bc827f2ef5:20160407213830.474:1489</Value>
          <Value>cn:1489:1:55a73700-c891-46fd-8f5c-72bc827f2ef5:20160407213830.474:1489</Value>
          <Value>createTimeStamp:1489:1:55a73700-c891-46fd-8f5c-72bc827f2ef5:20160407213830.474:1489</Value>
          <Value>entryDN:1489:1:55a73700-c891-46fd-8f5c-72bc827f2ef5:20160407213830.474:1489</Value>
          <Value>isSingleValued:1489:1:55a73700-c891-46fd-8f5c-72bc827f2ef5:20160407213830.474:1489</Value>
          <Value>lDAPDisplayName:1489:1:55a73700-c891-46fd-8f5c-72bc827f2ef5:20160407213830.474:1489</Value>
          <Value>modifyTimeStamp:1489:1:55a73700-c891-46fd-8f5c-72bc827f2ef5:20160407213830.474:1489</Value>
          <Value>objectClass:1489:1:55a73700-c891-46fd-8f5c-72bc827f2ef5:20160407213830.474:1489</Value>
          <Value>objectGUID:1489:1:55a73700-c891-46fd-8f5c-72bc827f2ef5:20160407213830.474:1489</Value>
          <Value>oMSyntax:1489:1:55a73700-c891-46fd-8f5c-72bc827f2ef5:20160407213830.474:1489</Value>
          <Value>schemaIDGUID:1489:1:55a73700-c891-46fd-8f5c-72bc827f2ef5:20160407213830.474:1489</Value>
          <Value>uSNChanged:1489:1:55a73700-c891-46fd-8f5c-72bc827f2ef5:20160407213830.474:1489</Value>
          <Value>uSNCreated:1489:1:55a73700-c891-46fd-8f5c-72bc827f2ef5:20160407213830.474:1489</Value>
          <Value>vmwAttributeUsage:1489:1:55a73700-c891-46fd-8f5c-72bc827f2ef5:20160407213830.474:1489</Value>
        </AttributeMetadata>
      </AttributeSchemaEntry>
      <AttributeSchemaEntry>
        <Name>msDS-Non-Security-Group-Extra-Classes</Name>
        <AttributeMetadata>
          <Value>attributeID:575:1:55a73700-c891-46fd-8f5c-72bc827f2ef5:20160407213828.909:575</Value>
          <Value>attributeSyntax:575:1:55a73700-c891-46fd-8f5c-72bc827f2ef5:20160407213828.909:575</Value>
          <Value>cn:575:1:55a73700-c891-46fd-8f5c-72bc827f2ef5:20160407213828.909:575</Value>
          <Value>createTimeStamp:575:1:55a73700-c891-46fd-8f5c-72bc827f2ef5:20160407213828.909:575</Value>
          <Value>entryDN:575:1:55a73700-c891-46fd-8f5c-72bc827f2ef5:20160407213828.909:575</Value>
          <Value>isSingleValued:575:1:55a73700-c891-46fd-8f5c-72bc827f2ef5:20160407213828.909:575</Value>
          <Value>lDAPDisplayName:575:1:55a73700-c891-46fd-8f5c-72bc827f2ef5:20160407213828.909:575</Value>
          <Value>modifyTimeStamp:575:1:55a73700-c891-46fd-8f5c-72bc827f2ef5:20160407213828.909:575</Value>
          <Value>objectClass:575:1:55a73700-c891-46fd-8f5c-72bc827f2ef5:20160407213828.909:575</Value>
          <Value>objectGUID:575:1:55a73700-c891-46fd-8f5c-72bc827f2ef5:20160407213828.909:575</Value>
          <Value>oMSyntax:575:1:55a73700-c891-46fd-8f5c-72bc827f2ef5:20160407213828.909:575</Value>
          <Value>schemaIDGUID:575:1:55a73700-c891-46fd-8f5c-72bc827f2ef5:20160407213828.909:575</Value>
          <Value>uSNChanged:575:1:55a73700-c891-46fd-8f5c-72bc827f2ef5:20160407213828.909:575</Value>
          <Value>uSNCreated:575:1:55a73700-c891-46fd-8f5c-72bc827f2ef5:20160407213828.909:575</Value>
          <Value>vmwAttributeUsage:575:1:55a73700-c891-46fd-8f5c-72bc827f2ef5:20160407213828.909:575</Value>
        </AttributeMetadata>
      </AttributeSchemaEntry>
      <AttributeSchemaEntry>
        <Name>msDS-ObjectReference</Name>
        <AttributeMetadata>
          <Value>attributeID:1211:1:55a73700-c891-46fd-8f5c-72bc827f2ef5:20160407213830.010:1211</Value>
          <Value>attributeSyntax:1211:1:55a73700-c891-46fd-8f5c-72bc827f2ef5:20160407213830.010:1211</Value>
          <Value>cn:1211:1:55a73700-c891-46fd-8f5c-72bc827f2ef5:20160407213830.010:1211</Value>
          <Value>createTimeStamp:1211:1:55a73700-c891-46fd-8f5c-72bc827f2ef5:20160407213830.010:1211</Value>
          <Value>entryDN:1211:1:55a73700-c891-46fd-8f5c-72bc827f2ef5:20160407213830.010:1211</Value>
          <Value>isSingleValued:1211:1:55a73700-c891-46fd-8f5c-72bc827f2ef5:20160407213830.010:1211</Value>
          <Value>lDAPDisplayName:1211:1:55a73700-c891-46fd-8f5c-72bc827f2ef5:20160407213830.010:1211</Value>
          <Value>modifyTimeStamp:1211:1:55a73700-c891-46fd-8f5c-72bc827f2ef5:20160407213830.010:1211</Value>
          <Value>objectClass:1211:1:55a73700-c891-46fd-8f5c-72bc827f2ef5:20160407213830.010:1211</Value>
          <Value>objectGUID:1211:1:55a73700-c891-46fd-8f5c-72bc827f2ef5:20160407213830.010:1211</Value>
          <Value>oMSyntax:1211:1:55a73700-c891-46fd-8f5c-72bc827f2ef5:20160407213830.010:1211</Value>
          <Value>schemaIDGUID:1211:1:55a73700-c891-46fd-8f5c-72bc827f2ef5:20160407213830.010:1211</Value>
          <Value>uSNChanged:1211:1:55a73700-c891-46fd-8f5c-72bc827f2ef5:20160407213830.010:1211</Value>
          <Value>uSNCreated:1211:1:55a73700-c891-46fd-8f5c-72bc827f2ef5:20160407213830.010:1211</Value>
          <Value>vmwAttributeUsage:1211:1:55a73700-c891-46fd-8f5c-72bc827f2ef5:20160407213830.010:1211</Value>
        </AttributeMetadata>
      </AttributeSchemaEntry>
      <AttributeSchemaEntry>
        <Name>msDS-ObjectReferenceBL</Name>
        <AttributeMetadata>
          <Value>attributeID:787:1:55a73700-c891-46fd-8f5c-72bc827f2ef5:20160407213829.270:787</Value>
          <Value>attributeSyntax:787:1:55a73700-c891-46fd-8f5c-72bc827f2ef5:20160407213829.270:787</Value>
          <Value>cn:787:1:55a73700-c891-46fd-8f5c-72bc827f2ef5:20160407213829.270:787</Value>
          <Value>createTimeStamp:787:1:55a73700-c891-46fd-8f5c-72bc827f2ef5:20160407213829.270:787</Value>
          <Value>entryDN:787:1:55a73700-c891-46fd-8f5c-72bc827f2ef5:20160407213829.270:787</Value>
          <Value>isSingleValued:787:1:55a73700-c891-46fd-8f5c-72bc827f2ef5:20160407213829.270:787</Value>
          <Value>lDAPDisplayName:787:1:55a73700-c891-46fd-8f5c-72bc827f2ef5:20160407213829.270:787</Value>
          <Value>modifyTimeStamp:787:1:55a73700-c891-46fd-8f5c-72bc827f2ef5:20160407213829.270:787</Value>
          <Value>objectClass:787:1:55a73700-c891-46fd-8f5c-72bc827f2ef5:20160407213829.270:787</Value>
          <Value>objectGUID:787:1:55a73700-c891-46fd-8f5c-72bc827f2ef5:20160407213829.270:787</Value>
          <Value>oMSyntax:787:1:55a73700-c891-46fd-8f5c-72bc827f2ef5:20160407213829.270:787</Value>
          <Value>schemaIDGUID:787:1:55a73700-c891-46fd-8f5c-72bc827f2ef5:20160407213829.270:787</Value>
          <Value>uSNChanged:787:1:55a73700-c891-46fd-8f5c-72bc827f2ef5:20160407213829.270:787</Value>
          <Value>uSNCreated:787:1:55a73700-c891-46fd-8f5c-72bc827f2ef5:20160407213829.270:787</Value>
          <Value>vmwAttributeUsage:787:1:55a73700-c891-46fd-8f5c-72bc827f2ef5:20160407213829.270:787</Value>
        </AttributeMetadata>
      </AttributeSchemaEntry>
      <AttributeSchemaEntry>
        <Name>msDS-OIDToGroupLink</Name>
        <AttributeMetadata>
          <Value>attributeID:961:1:55a73700-c891-46fd-8f5c-72bc827f2ef5:20160407213829.564:961</Value>
          <Value>attributeSyntax:961:1:55a73700-c891-46fd-8f5c-72bc827f2ef5:20160407213829.564:961</Value>
          <Value>cn:961:1:55a73700-c891-46fd-8f5c-72bc827f2ef5:20160407213829.564:961</Value>
          <Value>createTimeStamp:961:1:55a73700-c891-46fd-8f5c-72bc827f2ef5:20160407213829.564:961</Value>
          <Value>entryDN:961:1:55a73700-c891-46fd-8f5c-72bc827f2ef5:20160407213829.564:961</Value>
          <Value>isSingleValued:961:1:55a73700-c891-46fd-8f5c-72bc827f2ef5:20160407213829.564:961</Value>
          <Value>lDAPDisplayName:961:1:55a73700-c891-46fd-8f5c-72bc827f2ef5:20160407213829.564:961</Value>
          <Value>modifyTimeStamp:961:1:55a73700-c891-46fd-8f5c-72bc827f2ef5:20160407213829.564:961</Value>
          <Value>objectClass:961:1:55a73700-c891-46fd-8f5c-72bc827f2ef5:20160407213829.564:961</Value>
          <Value>objectGUID:961:1:55a73700-c891-46fd-8f5c-72bc827f2ef5:20160407213829.564:961</Value>
          <Value>oMSyntax:961:1:55a73700-c891-46fd-8f5c-72bc827f2ef5:20160407213829.564:961</Value>
          <Value>schemaIDGUID:961:1:55a73700-c891-46fd-8f5c-72bc827f2ef5:20160407213829.564:961</Value>
          <Value>uSNChanged:961:1:55a73700-c891-46fd-8f5c-72bc827f2ef5:20160407213829.564:961</Value>
          <Value>uSNCreated:961:1:55a73700-c891-46fd-8f5c-72bc827f2ef5:20160407213829.564:961</Value>
          <Value>vmwAttributeUsage:961:1:55a73700-c891-46fd-8f5c-72bc827f2ef5:20160407213829.564:961</Value>
        </AttributeMetadata>
      </AttributeSchemaEntry>
      <AttributeSchemaEntry>
        <Name>msDS-OIDToGroupLinkBl</Name>
        <AttributeMetadata>
          <Value>attributeID:1214:1:55a73700-c891-46fd-8f5c-72bc827f2ef5:20160407213830.020:1214</Value>
          <Value>attributeSyntax:1214:1:55a73700-c891-46fd-8f5c-72bc827f2ef5:20160407213830.020:1214</Value>
          <Value>cn:1214:1:55a73700-c891-46fd-8f5c-72bc827f2ef5:20160407213830.020:1214</Value>
          <Value>createTimeStamp:1214:1:55a73700-c891-46fd-8f5c-72bc827f2ef5:20160407213830.020:1214</Value>
          <Value>entryDN:1214:1:55a73700-c891-46fd-8f5c-72bc827f2ef5:20160407213830.020:1214</Value>
          <Value>isSingleValued:1214:1:55a73700-c891-46fd-8f5c-72bc827f2ef5:20160407213830.020:1214</Value>
          <Value>lDAPDisplayName:1214:1:55a73700-c891-46fd-8f5c-72bc827f2ef5:20160407213830.020:1214</Value>
          <Value>modifyTimeStamp:1214:1:55a73700-c891-46fd-8f5c-72bc827f2ef5:20160407213830.020:1214</Value>
          <Value>objectClass:1214:1:55a73700-c891-46fd-8f5c-72bc827f2ef5:20160407213830.020:1214</Value>
          <Value>objectGUID:1214:1:55a73700-c891-46fd-8f5c-72bc827f2ef5:20160407213830.020:1214</Value>
          <Value>oMSyntax:1214:1:55a73700-c891-46fd-8f5c-72bc827f2ef5:20160407213830.020:1214</Value>
          <Value>schemaIDGUID:1214:1:55a73700-c891-46fd-8f5c-72bc827f2ef5:20160407213830.020:1214</Value>
          <Value>uSNChanged:1214:1:55a73700-c891-46fd-8f5c-72bc827f2ef5:20160407213830.020:1214</Value>
          <Value>uSNCreated:1214:1:55a73700-c891-46fd-8f5c-72bc827f2ef5:20160407213830.020:1214</Value>
          <Value>vmwAttributeUsage:1214:1:55a73700-c891-46fd-8f5c-72bc827f2ef5:20160407213830.020:1214</Value>
        </AttributeMetadata>
      </AttributeSchemaEntry>
      <AttributeSchemaEntry>
        <Name>msDS-OperationsForAzRole</Name>
        <AttributeMetadata>
          <Value>attributeID:1496:1:55a73700-c891-46fd-8f5c-72bc827f2ef5:20160407213830.482:1496</Value>
          <Value>attributeSyntax:1496:1:55a73700-c891-46fd-8f5c-72bc827f2ef5:20160407213830.482:1496</Value>
          <Value>cn:1496:1:55a73700-c891-46fd-8f5c-72bc827f2ef5:20160407213830.482:1496</Value>
          <Value>createTimeStamp:1496:1:55a73700-c891-46fd-8f5c-72bc827f2ef5:20160407213830.482:1496</Value>
          <Value>entryDN:1496:1:55a73700-c891-46fd-8f5c-72bc827f2ef5:20160407213830.482:1496</Value>
          <Value>isSingleValued:1496:1:55a73700-c891-46fd-8f5c-72bc827f2ef5:20160407213830.482:1496</Value>
          <Value>lDAPDisplayName:1496:1:55a73700-c891-46fd-8f5c-72bc827f2ef5:20160407213830.482:1496</Value>
          <Value>modifyTimeStamp:1496:1:55a73700-c891-46fd-8f5c-72bc827f2ef5:20160407213830.482:1496</Value>
          <Value>objectClass:1496:1:55a73700-c891-46fd-8f5c-72bc827f2ef5:20160407213830.482:1496</Value>
          <Value>objectGUID:1496:1:55a73700-c891-46fd-8f5c-72bc827f2ef5:20160407213830.482:1496</Value>
          <Value>oMSyntax:1496:1:55a73700-c891-46fd-8f5c-72bc827f2ef5:20160407213830.482:1496</Value>
          <Value>schemaIDGUID:1496:1:55a73700-c891-46fd-8f5c-72bc827f2ef5:20160407213830.482:1496</Value>
          <Value>uSNChanged:1496:1:55a73700-c891-46fd-8f5c-72bc827f2ef5:20160407213830.482:1496</Value>
          <Value>uSNCreated:1496:1:55a73700-c891-46fd-8f5c-72bc827f2ef5:20160407213830.482:1496</Value>
          <Value>vmwAttributeUsage:1496:1:55a73700-c891-46fd-8f5c-72bc827f2ef5:20160407213830.482:1496</Value>
        </AttributeMetadata>
      </AttributeSchemaEntry>
      <AttributeSchemaEntry>
        <Name>msDS-OperationsForAzRoleBL</Name>
        <AttributeMetadata>
          <Value>attributeID:1247:1:55a73700-c891-46fd-8f5c-72bc827f2ef5:20160407213830.070:1247</Value>
          <Value>attributeSyntax:1247:1:55a73700-c891-46fd-8f5c-72bc827f2ef5:20160407213830.070:1247</Value>
          <Value>cn:1247:1:55a73700-c891-46fd-8f5c-72bc827f2ef5:20160407213830.070:1247</Value>
          <Value>createTimeStamp:1247:1:55a73700-c891-46fd-8f5c-72bc827f2ef5:20160407213830.070:1247</Value>
          <Value>entryDN:1247:1:55a73700-c891-46fd-8f5c-72bc827f2ef5:20160407213830.070:1247</Value>
          <Value>isSingleValued:1247:1:55a73700-c891-46fd-8f5c-72bc827f2ef5:20160407213830.070:1247</Value>
          <Value>lDAPDisplayName:1247:1:55a73700-c891-46fd-8f5c-72bc827f2ef5:20160407213830.070:1247</Value>
          <Value>modifyTimeStamp:1247:1:55a73700-c891-46fd-8f5c-72bc827f2ef5:20160407213830.070:1247</Value>
          <Value>objectClass:1247:1:55a73700-c891-46fd-8f5c-72bc827f2ef5:20160407213830.070:1247</Value>
          <Value>objectGUID:1247:1:55a73700-c891-46fd-8f5c-72bc827f2ef5:20160407213830.070:1247</Value>
          <Value>oMSyntax:1247:1:55a73700-c891-46fd-8f5c-72bc827f2ef5:20160407213830.070:1247</Value>
          <Value>schemaIDGUID:1247:1:55a73700-c891-46fd-8f5c-72bc827f2ef5:20160407213830.070:1247</Value>
          <Value>uSNChanged:1247:1:55a73700-c891-46fd-8f5c-72bc827f2ef5:20160407213830.070:1247</Value>
          <Value>uSNCreated:1247:1:55a73700-c891-46fd-8f5c-72bc827f2ef5:20160407213830.070:1247</Value>
          <Value>vmwAttributeUsage:1247:1:55a73700-c891-46fd-8f5c-72bc827f2ef5:20160407213830.070:1247</Value>
        </AttributeMetadata>
      </AttributeSchemaEntry>
      <AttributeSchemaEntry>
        <Name>msDS-OperationsForAzTask</Name>
        <AttributeMetadata>
          <Value>attributeID:313:1:55a73700-c891-46fd-8f5c-72bc827f2ef5:20160407213828.481:313</Value>
          <Value>attributeSyntax:313:1:55a73700-c891-46fd-8f5c-72bc827f2ef5:20160407213828.481:313</Value>
          <Value>cn:313:1:55a73700-c891-46fd-8f5c-72bc827f2ef5:20160407213828.481:313</Value>
          <Value>createTimeStamp:313:1:55a73700-c891-46fd-8f5c-72bc827f2ef5:20160407213828.481:313</Value>
          <Value>entryDN:313:1:55a73700-c891-46fd-8f5c-72bc827f2ef5:20160407213828.481:313</Value>
          <Value>isSingleValued:313:1:55a73700-c891-46fd-8f5c-72bc827f2ef5:20160407213828.481:313</Value>
          <Value>lDAPDisplayName:313:1:55a73700-c891-46fd-8f5c-72bc827f2ef5:20160407213828.481:313</Value>
          <Value>modifyTimeStamp:313:1:55a73700-c891-46fd-8f5c-72bc827f2ef5:20160407213828.481:313</Value>
          <Value>objectClass:313:1:55a73700-c891-46fd-8f5c-72bc827f2ef5:20160407213828.481:313</Value>
          <Value>objectGUID:313:1:55a73700-c891-46fd-8f5c-72bc827f2ef5:20160407213828.481:313</Value>
          <Value>oMSyntax:313:1:55a73700-c891-46fd-8f5c-72bc827f2ef5:20160407213828.481:313</Value>
          <Value>schemaIDGUID:313:1:55a73700-c891-46fd-8f5c-72bc827f2ef5:20160407213828.481:313</Value>
          <Value>uSNChanged:313:1:55a73700-c891-46fd-8f5c-72bc827f2ef5:20160407213828.481:313</Value>
          <Value>uSNCreated:313:1:55a73700-c891-46fd-8f5c-72bc827f2ef5:20160407213828.481:313</Value>
          <Value>vmwAttributeUsage:313:1:55a73700-c891-46fd-8f5c-72bc827f2ef5:20160407213828.481:313</Value>
        </AttributeMetadata>
      </AttributeSchemaEntry>
      <AttributeSchemaEntry>
        <Name>msDS-OperationsForAzTaskBL</Name>
        <AttributeMetadata>
          <Value>attributeID:1698:1:55a73700-c891-46fd-8f5c-72bc827f2ef5:20160407213830.829:1698</Value>
          <Value>attributeSyntax:1698:1:55a73700-c891-46fd-8f5c-72bc827f2ef5:20160407213830.829:1698</Value>
          <Value>cn:1698:1:55a73700-c891-46fd-8f5c-72bc827f2ef5:20160407213830.829:1698</Value>
          <Value>createTimeStamp:1698:1:55a73700-c891-46fd-8f5c-72bc827f2ef5:20160407213830.829:1698</Value>
          <Value>entryDN:1698:1:55a73700-c891-46fd-8f5c-72bc827f2ef5:20160407213830.829:1698</Value>
          <Value>isSingleValued:1698:1:55a73700-c891-46fd-8f5c-72bc827f2ef5:20160407213830.829:1698</Value>
          <Value>lDAPDisplayName:1698:1:55a73700-c891-46fd-8f5c-72bc827f2ef5:20160407213830.829:1698</Value>
          <Value>modifyTimeStamp:1698:1:55a73700-c891-46fd-8f5c-72bc827f2ef5:20160407213830.829:1698</Value>
          <Value>objectClass:1698:1:55a73700-c891-46fd-8f5c-72bc827f2ef5:20160407213830.829:1698</Value>
          <Value>objectGUID:1698:1:55a73700-c891-46fd-8f5c-72bc827f2ef5:20160407213830.829:1698</Value>
          <Value>oMSyntax:1698:1:55a73700-c891-46fd-8f5c-72bc827f2ef5:20160407213830.829:1698</Value>
          <Value>schemaIDGUID:1698:1:55a73700-c891-46fd-8f5c-72bc827f2ef5:20160407213830.829:1698</Value>
          <Value>uSNChanged:1698:1:55a73700-c891-46fd-8f5c-72bc827f2ef5:20160407213830.829:1698</Value>
          <Value>uSNCreated:1698:1:55a73700-c891-46fd-8f5c-72bc827f2ef5:20160407213830.829:1698</Value>
          <Value>vmwAttributeUsage:1698:1:55a73700-c891-46fd-8f5c-72bc827f2ef5:20160407213830.829:1698</Value>
        </AttributeMetadata>
      </AttributeSchemaEntry>
      <AttributeSchemaEntry>
        <Name>msDS-OptionalFeatureFlags</Name>
        <AttributeMetadata>
          <Value>attributeID:245:1:55a73700-c891-46fd-8f5c-72bc827f2ef5:20160407213828.387:245</Value>
          <Value>attributeSyntax:245:1:55a73700-c891-46fd-8f5c-72bc827f2ef5:20160407213828.387:245</Value>
          <Value>cn:245:1:55a73700-c891-46fd-8f5c-72bc827f2ef5:20160407213828.387:245</Value>
          <Value>createTimeStamp:245:1:55a73700-c891-46fd-8f5c-72bc827f2ef5:20160407213828.387:245</Value>
          <Value>entryDN:245:1:55a73700-c891-46fd-8f5c-72bc827f2ef5:20160407213828.387:245</Value>
          <Value>isSingleValued:245:1:55a73700-c891-46fd-8f5c-72bc827f2ef5:20160407213828.387:245</Value>
          <Value>lDAPDisplayName:245:1:55a73700-c891-46fd-8f5c-72bc827f2ef5:20160407213828.387:245</Value>
          <Value>modifyTimeStamp:245:1:55a73700-c891-46fd-8f5c-72bc827f2ef5:20160407213828.387:245</Value>
          <Value>objectClass:245:1:55a73700-c891-46fd-8f5c-72bc827f2ef5:20160407213828.387:245</Value>
          <Value>objectGUID:245:1:55a73700-c891-46fd-8f5c-72bc827f2ef5:20160407213828.387:245</Value>
          <Value>oMSyntax:245:1:55a73700-c891-46fd-8f5c-72bc827f2ef5:20160407213828.387:245</Value>
          <Value>schemaIDGUID:245:1:55a73700-c891-46fd-8f5c-72bc827f2ef5:20160407213828.387:245</Value>
          <Value>uSNChanged:245:1:55a73700-c891-46fd-8f5c-72bc827f2ef5:20160407213828.387:245</Value>
          <Value>uSNCreated:245:1:55a73700-c891-46fd-8f5c-72bc827f2ef5:20160407213828.387:245</Value>
          <Value>vmwAttributeUsage:245:1:55a73700-c891-46fd-8f5c-72bc827f2ef5:20160407213828.387:245</Value>
        </AttributeMetadata>
      </AttributeSchemaEntry>
      <AttributeSchemaEntry>
        <Name>msDS-OptionalFeatureGUID</Name>
        <AttributeMetadata>
          <Value>attributeID:1354:1:55a73700-c891-46fd-8f5c-72bc827f2ef5:20160407213830.246:1354</Value>
          <Value>attributeSyntax:1354:1:55a73700-c891-46fd-8f5c-72bc827f2ef5:20160407213830.246:1354</Value>
          <Value>cn:1354:1:55a73700-c891-46fd-8f5c-72bc827f2ef5:20160407213830.246:1354</Value>
          <Value>createTimeStamp:1354:1:55a73700-c891-46fd-8f5c-72bc827f2ef5:20160407213830.246:1354</Value>
          <Value>entryDN:1354:1:55a73700-c891-46fd-8f5c-72bc827f2ef5:20160407213830.246:1354</Value>
          <Value>isSingleValued:1354:1:55a73700-c891-46fd-8f5c-72bc827f2ef5:20160407213830.246:1354</Value>
          <Value>lDAPDisplayName:1354:1:55a73700-c891-46fd-8f5c-72bc827f2ef5:20160407213830.246:1354</Value>
          <Value>modifyTimeStamp:1354:1:55a73700-c891-46fd-8f5c-72bc827f2ef5:20160407213830.246:1354</Value>
          <Value>objectClass:1354:1:55a73700-c891-46fd-8f5c-72bc827f2ef5:20160407213830.246:1354</Value>
          <Value>objectGUID:1354:1:55a73700-c891-46fd-8f5c-72bc827f2ef5:20160407213830.246:1354</Value>
          <Value>oMSyntax:1354:1:55a73700-c891-46fd-8f5c-72bc827f2ef5:20160407213830.246:1354</Value>
          <Value>schemaIDGUID:1354:1:55a73700-c891-46fd-8f5c-72bc827f2ef5:20160407213830.246:1354</Value>
          <Value>uSNChanged:1354:1:55a73700-c891-46fd-8f5c-72bc827f2ef5:20160407213830.246:1354</Value>
          <Value>uSNCreated:1354:1:55a73700-c891-46fd-8f5c-72bc827f2ef5:20160407213830.246:1354</Value>
          <Value>vmwAttributeUsage:1354:1:55a73700-c891-46fd-8f5c-72bc827f2ef5:20160407213830.246:1354</Value>
        </AttributeMetadata>
      </AttributeSchemaEntry>
      <AttributeSchemaEntry>
        <Name>msDS-Other-Settings</Name>
        <AttributeMetadata>
          <Value>attributeID:378:1:55a73700-c891-46fd-8f5c-72bc827f2ef5:20160407213828.588:378</Value>
          <Value>attributeSyntax:378:1:55a73700-c891-46fd-8f5c-72bc827f2ef5:20160407213828.588:378</Value>
          <Value>cn:378:1:55a73700-c891-46fd-8f5c-72bc827f2ef5:20160407213828.588:378</Value>
          <Value>createTimeStamp:378:1:55a73700-c891-46fd-8f5c-72bc827f2ef5:20160407213828.588:378</Value>
          <Value>entryDN:378:1:55a73700-c891-46fd-8f5c-72bc827f2ef5:20160407213828.588:378</Value>
          <Value>isSingleValued:378:1:55a73700-c891-46fd-8f5c-72bc827f2ef5:20160407213828.588:378</Value>
          <Value>lDAPDisplayName:378:1:55a73700-c891-46fd-8f5c-72bc827f2ef5:20160407213828.588:378</Value>
          <Value>modifyTimeStamp:378:1:55a73700-c891-46fd-8f5c-72bc827f2ef5:20160407213828.588:378</Value>
          <Value>objectClass:378:1:55a73700-c891-46fd-8f5c-72bc827f2ef5:20160407213828.588:378</Value>
          <Value>objectGUID:378:1:55a73700-c891-46fd-8f5c-72bc827f2ef5:20160407213828.588:378</Value>
          <Value>oMSyntax:378:1:55a73700-c891-46fd-8f5c-72bc827f2ef5:20160407213828.588:378</Value>
          <Value>schemaIDGUID:378:1:55a73700-c891-46fd-8f5c-72bc827f2ef5:20160407213828.588:378</Value>
          <Value>uSNChanged:378:1:55a73700-c891-46fd-8f5c-72bc827f2ef5:20160407213828.588:378</Value>
          <Value>uSNCreated:378:1:55a73700-c891-46fd-8f5c-72bc827f2ef5:20160407213828.588:378</Value>
          <Value>vmwAttributeUsage:378:1:55a73700-c891-46fd-8f5c-72bc827f2ef5:20160407213828.588:378</Value>
        </AttributeMetadata>
      </AttributeSchemaEntry>
      <AttributeSchemaEntry>
        <Name>msDS-PasswordComplexityEnabled</Name>
        <AttributeMetadata>
          <Value>attributeID:1491:1:55a73700-c891-46fd-8f5c-72bc827f2ef5:20160407213830.476:1491</Value>
          <Value>attributeSyntax:1491:1:55a73700-c891-46fd-8f5c-72bc827f2ef5:20160407213830.476:1491</Value>
          <Value>cn:1491:1:55a73700-c891-46fd-8f5c-72bc827f2ef5:20160407213830.476:1491</Value>
          <Value>createTimeStamp:1491:1:55a73700-c891-46fd-8f5c-72bc827f2ef5:20160407213830.476:1491</Value>
          <Value>entryDN:1491:1:55a73700-c891-46fd-8f5c-72bc827f2ef5:20160407213830.476:1491</Value>
          <Value>isSingleValued:1491:1:55a73700-c891-46fd-8f5c-72bc827f2ef5:20160407213830.476:1491</Value>
          <Value>lDAPDisplayName:1491:1:55a73700-c891-46fd-8f5c-72bc827f2ef5:20160407213830.476:1491</Value>
          <Value>modifyTimeStamp:1491:1:55a73700-c891-46fd-8f5c-72bc827f2ef5:20160407213830.476:1491</Value>
          <Value>objectClass:1491:1:55a73700-c891-46fd-8f5c-72bc827f2ef5:20160407213830.476:1491</Value>
          <Value>objectGUID:1491:1:55a73700-c891-46fd-8f5c-72bc827f2ef5:20160407213830.476:1491</Value>
          <Value>oMSyntax:1491:1:55a73700-c891-46fd-8f5c-72bc827f2ef5:20160407213830.476:1491</Value>
          <Value>schemaIDGUID:1491:1:55a73700-c891-46fd-8f5c-72bc827f2ef5:20160407213830.476:1491</Value>
          <Value>uSNChanged:1491:1:55a73700-c891-46fd-8f5c-72bc827f2ef5:20160407213830.476:1491</Value>
          <Value>uSNCreated:1491:1:55a73700-c891-46fd-8f5c-72bc827f2ef5:20160407213830.476:1491</Value>
          <Value>vmwAttributeUsage:1491:1:55a73700-c891-46fd-8f5c-72bc827f2ef5:20160407213830.476:1491</Value>
        </AttributeMetadata>
      </AttributeSchemaEntry>
      <AttributeSchemaEntry>
        <Name>msDS-PasswordHistoryLength</Name>
        <AttributeMetadata>
          <Value>attributeID:399:1:55a73700-c891-46fd-8f5c-72bc827f2ef5:20160407213828.619:399</Value>
          <Value>attributeSyntax:399:1:55a73700-c891-46fd-8f5c-72bc827f2ef5:20160407213828.619:399</Value>
          <Value>cn:399:1:55a73700-c891-46fd-8f5c-72bc827f2ef5:20160407213828.619:399</Value>
          <Value>createTimeStamp:399:1:55a73700-c891-46fd-8f5c-72bc827f2ef5:20160407213828.619:399</Value>
          <Value>entryDN:399:1:55a73700-c891-46fd-8f5c-72bc827f2ef5:20160407213828.619:399</Value>
          <Value>isSingleValued:399:1:55a73700-c891-46fd-8f5c-72bc827f2ef5:20160407213828.619:399</Value>
          <Value>lDAPDisplayName:399:1:55a73700-c891-46fd-8f5c-72bc827f2ef5:20160407213828.619:399</Value>
          <Value>modifyTimeStamp:399:1:55a73700-c891-46fd-8f5c-72bc827f2ef5:20160407213828.619:399</Value>
          <Value>objectClass:399:1:55a73700-c891-46fd-8f5c-72bc827f2ef5:20160407213828.619:399</Value>
          <Value>objectGUID:399:1:55a73700-c891-46fd-8f5c-72bc827f2ef5:20160407213828.619:399</Value>
          <Value>oMSyntax:399:1:55a73700-c891-46fd-8f5c-72bc827f2ef5:20160407213828.619:399</Value>
          <Value>schemaIDGUID:399:1:55a73700-c891-46fd-8f5c-72bc827f2ef5:20160407213828.619:399</Value>
          <Value>uSNChanged:399:1:55a73700-c891-46fd-8f5c-72bc827f2ef5:20160407213828.619:399</Value>
          <Value>uSNCreated:399:1:55a73700-c891-46fd-8f5c-72bc827f2ef5:20160407213828.619:399</Value>
          <Value>vmwAttributeUsage:399:1:55a73700-c891-46fd-8f5c-72bc827f2ef5:20160407213828.619:399</Value>
        </AttributeMetadata>
      </AttributeSchemaEntry>
      <AttributeSchemaEntry>
        <Name>msDS-PasswordReversibleEncryptionEnabled</Name>
        <AttributeMetadata>
          <Value>attributeID:1677:1:55a73700-c891-46fd-8f5c-72bc827f2ef5:20160407213830.796:1677</Value>
          <Value>attributeSyntax:1677:1:55a73700-c891-46fd-8f5c-72bc827f2ef5:20160407213830.796:1677</Value>
          <Value>cn:1677:1:55a73700-c891-46fd-8f5c-72bc827f2ef5:20160407213830.796:1677</Value>
          <Value>createTimeStamp:1677:1:55a73700-c891-46fd-8f5c-72bc827f2ef5:20160407213830.796:1677</Value>
          <Value>entryDN:1677:1:55a73700-c891-46fd-8f5c-72bc827f2ef5:20160407213830.796:1677</Value>
          <Value>isSingleValued:1677:1:55a73700-c891-46fd-8f5c-72bc827f2ef5:20160407213830.796:1677</Value>
          <Value>lDAPDisplayName:1677:1:55a73700-c891-46fd-8f5c-72bc827f2ef5:20160407213830.796:1677</Value>
          <Value>modifyTimeStamp:1677:1:55a73700-c891-46fd-8f5c-72bc827f2ef5:20160407213830.796:1677</Value>
          <Value>objectClass:1677:1:55a73700-c891-46fd-8f5c-72bc827f2ef5:20160407213830.796:1677</Value>
          <Value>objectGUID:1677:1:55a73700-c891-46fd-8f5c-72bc827f2ef5:20160407213830.796:1677</Value>
          <Value>oMSyntax:1677:1:55a73700-c891-46fd-8f5c-72bc827f2ef5:20160407213830.796:1677</Value>
          <Value>schemaIDGUID:1677:1:55a73700-c891-46fd-8f5c-72bc827f2ef5:20160407213830.796:1677</Value>
          <Value>uSNChanged:1677:1:55a73700-c891-46fd-8f5c-72bc827f2ef5:20160407213830.796:1677</Value>
          <Value>uSNCreated:1677:1:55a73700-c891-46fd-8f5c-72bc827f2ef5:20160407213830.796:1677</Value>
          <Value>vmwAttributeUsage:1677:1:55a73700-c891-46fd-8f5c-72bc827f2ef5:20160407213830.796:1677</Value>
        </AttributeMetadata>
      </AttributeSchemaEntry>
      <AttributeSchemaEntry>
        <Name>msDS-PasswordSettingsPrecedence</Name>
        <AttributeMetadata>
          <Value>attributeID:1638:1:55a73700-c891-46fd-8f5c-72bc827f2ef5:20160407213830.720:1638</Value>
          <Value>attributeSyntax:1638:1:55a73700-c891-46fd-8f5c-72bc827f2ef5:20160407213830.720:1638</Value>
          <Value>cn:1638:1:55a73700-c891-46fd-8f5c-72bc827f2ef5:20160407213830.720:1638</Value>
          <Value>createTimeStamp:1638:1:55a73700-c891-46fd-8f5c-72bc827f2ef5:20160407213830.720:1638</Value>
          <Value>entryDN:1638:1:55a73700-c891-46fd-8f5c-72bc827f2ef5:20160407213830.720:1638</Value>
          <Value>isSingleValued:1638:1:55a73700-c891-46fd-8f5c-72bc827f2ef5:20160407213830.720:1638</Value>
          <Value>lDAPDisplayName:1638:1:55a73700-c891-46fd-8f5c-72bc827f2ef5:20160407213830.720:1638</Value>
          <Value>modifyTimeStamp:1638:1:55a73700-c891-46fd-8f5c-72bc827f2ef5:20160407213830.720:1638</Value>
          <Value>objectClass:1638:1:55a73700-c891-46fd-8f5c-72bc827f2ef5:20160407213830.720:1638</Value>
          <Value>objectGUID:1638:1:55a73700-c891-46fd-8f5c-72bc827f2ef5:20160407213830.720:1638</Value>
          <Value>oMSyntax:1638:1:55a73700-c891-46fd-8f5c-72bc827f2ef5:20160407213830.720:1638</Value>
          <Value>schemaIDGUID:1638:1:55a73700-c891-46fd-8f5c-72bc827f2ef5:20160407213830.720:1638</Value>
          <Value>uSNChanged:1638:1:55a73700-c891-46fd-8f5c-72bc827f2ef5:20160407213830.720:1638</Value>
          <Value>uSNCreated:1638:1:55a73700-c891-46fd-8f5c-72bc827f2ef5:20160407213830.720:1638</Value>
          <Value>vmwAttributeUsage:1638:1:55a73700-c891-46fd-8f5c-72bc827f2ef5:20160407213830.720:1638</Value>
        </AttributeMetadata>
      </AttributeSchemaEntry>
      <AttributeSchemaEntry>
        <Name>msDS-PerUserTrustQuota</Name>
        <AttributeMetadata>
          <Value>attributeID:558:1:55a73700-c891-46fd-8f5c-72bc827f2ef5:20160407213828.880:558</Value>
          <Value>attributeSyntax:558:1:55a73700-c891-46fd-8f5c-72bc827f2ef5:20160407213828.880:558</Value>
          <Value>cn:558:1:55a73700-c891-46fd-8f5c-72bc827f2ef5:20160407213828.880:558</Value>
          <Value>createTimeStamp:558:1:55a73700-c891-46fd-8f5c-72bc827f2ef5:20160407213828.880:558</Value>
          <Value>entryDN:558:1:55a73700-c891-46fd-8f5c-72bc827f2ef5:20160407213828.880:558</Value>
          <Value>isSingleValued:558:1:55a73700-c891-46fd-8f5c-72bc827f2ef5:20160407213828.880:558</Value>
          <Value>lDAPDisplayName:558:1:55a73700-c891-46fd-8f5c-72bc827f2ef5:20160407213828.880:558</Value>
          <Value>modifyTimeStamp:558:1:55a73700-c891-46fd-8f5c-72bc827f2ef5:20160407213828.880:558</Value>
          <Value>objectClass:558:1:55a73700-c891-46fd-8f5c-72bc827f2ef5:20160407213828.880:558</Value>
          <Value>objectGUID:558:1:55a73700-c891-46fd-8f5c-72bc827f2ef5:20160407213828.880:558</Value>
          <Value>oMSyntax:558:1:55a73700-c891-46fd-8f5c-72bc827f2ef5:20160407213828.880:558</Value>
          <Value>schemaIDGUID:558:1:55a73700-c891-46fd-8f5c-72bc827f2ef5:20160407213828.880:558</Value>
          <Value>uSNChanged:558:1:55a73700-c891-46fd-8f5c-72bc827f2ef5:20160407213828.880:558</Value>
          <Value>uSNCreated:558:1:55a73700-c891-46fd-8f5c-72bc827f2ef5:20160407213828.880:558</Value>
          <Value>vmwAttributeUsage:558:1:55a73700-c891-46fd-8f5c-72bc827f2ef5:20160407213828.880:558</Value>
        </AttributeMetadata>
      </AttributeSchemaEntry>
      <AttributeSchemaEntry>
        <Name>msDS-PerUserTrustTombstonesQuota</Name>
        <AttributeMetadata>
          <Value>attributeID:301:1:55a73700-c891-46fd-8f5c-72bc827f2ef5:20160407213828.470:301</Value>
          <Value>attributeSyntax:301:1:55a73700-c891-46fd-8f5c-72bc827f2ef5:20160407213828.470:301</Value>
          <Value>cn:301:1:55a73700-c891-46fd-8f5c-72bc827f2ef5:20160407213828.470:301</Value>
          <Value>createTimeStamp:301:1:55a73700-c891-46fd-8f5c-72bc827f2ef5:20160407213828.470:301</Value>
          <Value>entryDN:301:1:55a73700-c891-46fd-8f5c-72bc827f2ef5:20160407213828.470:301</Value>
          <Value>isSingleValued:301:1:55a73700-c891-46fd-8f5c-72bc827f2ef5:20160407213828.470:301</Value>
          <Value>lDAPDisplayName:301:1:55a73700-c891-46fd-8f5c-72bc827f2ef5:20160407213828.470:301</Value>
          <Value>modifyTimeStamp:301:1:55a73700-c891-46fd-8f5c-72bc827f2ef5:20160407213828.470:301</Value>
          <Value>objectClass:301:1:55a73700-c891-46fd-8f5c-72bc827f2ef5:20160407213828.470:301</Value>
          <Value>objectGUID:301:1:55a73700-c891-46fd-8f5c-72bc827f2ef5:20160407213828.470:301</Value>
          <Value>oMSyntax:301:1:55a73700-c891-46fd-8f5c-72bc827f2ef5:20160407213828.470:301</Value>
          <Value>schemaIDGUID:301:1:55a73700-c891-46fd-8f5c-72bc827f2ef5:20160407213828.470:301</Value>
          <Value>uSNChanged:301:1:55a73700-c891-46fd-8f5c-72bc827f2ef5:20160407213828.470:301</Value>
          <Value>uSNCreated:301:1:55a73700-c891-46fd-8f5c-72bc827f2ef5:20160407213828.470:301</Value>
          <Value>vmwAttributeUsage:301:1:55a73700-c891-46fd-8f5c-72bc827f2ef5:20160407213828.470:301</Value>
        </AttributeMetadata>
      </AttributeSchemaEntry>
      <AttributeSchemaEntry>
        <Name>msDS-PhoneticCompanyName</Name>
        <AttributeMetadata>
          <Value>attributeID:1361:1:55a73700-c891-46fd-8f5c-72bc827f2ef5:20160407213830.264:1361</Value>
          <Value>attributeSyntax:1361:1:55a73700-c891-46fd-8f5c-72bc827f2ef5:20160407213830.264:1361</Value>
          <Value>cn:1361:1:55a73700-c891-46fd-8f5c-72bc827f2ef5:20160407213830.264:1361</Value>
          <Value>createTimeStamp:1361:1:55a73700-c891-46fd-8f5c-72bc827f2ef5:20160407213830.264:1361</Value>
          <Value>entryDN:1361:1:55a73700-c891-46fd-8f5c-72bc827f2ef5:20160407213830.264:1361</Value>
          <Value>isSingleValued:1361:1:55a73700-c891-46fd-8f5c-72bc827f2ef5:20160407213830.264:1361</Value>
          <Value>lDAPDisplayName:1361:1:55a73700-c891-46fd-8f5c-72bc827f2ef5:20160407213830.264:1361</Value>
          <Value>modifyTimeStamp:1361:1:55a73700-c891-46fd-8f5c-72bc827f2ef5:20160407213830.264:1361</Value>
          <Value>objectClass:1361:1:55a73700-c891-46fd-8f5c-72bc827f2ef5:20160407213830.264:1361</Value>
          <Value>objectGUID:1361:1:55a73700-c891-46fd-8f5c-72bc827f2ef5:20160407213830.264:1361</Value>
          <Value>oMSyntax:1361:1:55a73700-c891-46fd-8f5c-72bc827f2ef5:20160407213830.264:1361</Value>
          <Value>schemaIDGUID:1361:1:55a73700-c891-46fd-8f5c-72bc827f2ef5:20160407213830.264:1361</Value>
          <Value>uSNChanged:1361:1:55a73700-c891-46fd-8f5c-72bc827f2ef5:20160407213830.264:1361</Value>
          <Value>uSNCreated:1361:1:55a73700-c891-46fd-8f5c-72bc827f2ef5:20160407213830.264:1361</Value>
          <Value>vmwAttributeUsage:1361:1:55a73700-c891-46fd-8f5c-72bc827f2ef5:20160407213830.264:1361</Value>
        </AttributeMetadata>
      </AttributeSchemaEntry>
      <AttributeSchemaEntry>
        <Name>msDS-PhoneticDepartment</Name>
        <AttributeMetadata>
          <Value>attributeID:1713:1:55a73700-c891-46fd-8f5c-72bc827f2ef5:20160407213830.855:1713</Value>
          <Value>attributeSyntax:1713:1:55a73700-c891-46fd-8f5c-72bc827f2ef5:20160407213830.855:1713</Value>
          <Value>cn:1713:1:55a73700-c891-46fd-8f5c-72bc827f2ef5:20160407213830.855:1713</Value>
          <Value>createTimeStamp:1713:1:55a73700-c891-46fd-8f5c-72bc827f2ef5:20160407213830.855:1713</Value>
          <Value>entryDN:1713:1:55a73700-c891-46fd-8f5c-72bc827f2ef5:20160407213830.855:1713</Value>
          <Value>isSingleValued:1713:1:55a73700-c891-46fd-8f5c-72bc827f2ef5:20160407213830.855:1713</Value>
          <Value>lDAPDisplayName:1713:1:55a73700-c891-46fd-8f5c-72bc827f2ef5:20160407213830.855:1713</Value>
          <Value>modifyTimeStamp:1713:1:55a73700-c891-46fd-8f5c-72bc827f2ef5:20160407213830.855:1713</Value>
          <Value>objectClass:1713:1:55a73700-c891-46fd-8f5c-72bc827f2ef5:20160407213830.855:1713</Value>
          <Value>objectGUID:1713:1:55a73700-c891-46fd-8f5c-72bc827f2ef5:20160407213830.855:1713</Value>
          <Value>oMSyntax:1713:1:55a73700-c891-46fd-8f5c-72bc827f2ef5:20160407213830.855:1713</Value>
          <Value>schemaIDGUID:1713:1:55a73700-c891-46fd-8f5c-72bc827f2ef5:20160407213830.855:1713</Value>
          <Value>uSNChanged:1713:1:55a73700-c891-46fd-8f5c-72bc827f2ef5:20160407213830.855:1713</Value>
          <Value>uSNCreated:1713:1:55a73700-c891-46fd-8f5c-72bc827f2ef5:20160407213830.855:1713</Value>
          <Value>vmwAttributeUsage:1713:1:55a73700-c891-46fd-8f5c-72bc827f2ef5:20160407213830.855:1713</Value>
        </AttributeMetadata>
      </AttributeSchemaEntry>
      <AttributeSchemaEntry>
        <Name>msDS-PhoneticDisplayName</Name>
        <AttributeMetadata>
          <Value>attributeID:1315:1:55a73700-c891-46fd-8f5c-72bc827f2ef5:20160407213830.185:1315</Value>
          <Value>attributeSyntax:1315:1:55a73700-c891-46fd-8f5c-72bc827f2ef5:20160407213830.185:1315</Value>
          <Value>cn:1315:1:55a73700-c891-46fd-8f5c-72bc827f2ef5:20160407213830.185:1315</Value>
          <Value>createTimeStamp:1315:1:55a73700-c891-46fd-8f5c-72bc827f2ef5:20160407213830.185:1315</Value>
          <Value>entryDN:1315:1:55a73700-c891-46fd-8f5c-72bc827f2ef5:20160407213830.185:1315</Value>
          <Value>isSingleValued:1315:1:55a73700-c891-46fd-8f5c-72bc827f2ef5:20160407213830.185:1315</Value>
          <Value>lDAPDisplayName:1315:1:55a73700-c891-46fd-8f5c-72bc827f2ef5:20160407213830.185:1315</Value>
          <Value>modifyTimeStamp:1315:1:55a73700-c891-46fd-8f5c-72bc827f2ef5:20160407213830.185:1315</Value>
          <Value>objectClass:1315:1:55a73700-c891-46fd-8f5c-72bc827f2ef5:20160407213830.185:1315</Value>
          <Value>objectGUID:1315:1:55a73700-c891-46fd-8f5c-72bc827f2ef5:20160407213830.185:1315</Value>
          <Value>oMSyntax:1315:1:55a73700-c891-46fd-8f5c-72bc827f2ef5:20160407213830.185:1315</Value>
          <Value>schemaIDGUID:1315:1:55a73700-c891-46fd-8f5c-72bc827f2ef5:20160407213830.185:1315</Value>
          <Value>uSNChanged:1315:1:55a73700-c891-46fd-8f5c-72bc827f2ef5:20160407213830.185:1315</Value>
          <Value>uSNCreated:1315:1:55a73700-c891-46fd-8f5c-72bc827f2ef5:20160407213830.185:1315</Value>
          <Value>vmwAttributeUsage:1315:1:55a73700-c891-46fd-8f5c-72bc827f2ef5:20160407213830.185:1315</Value>
        </AttributeMetadata>
      </AttributeSchemaEntry>
      <AttributeSchemaEntry>
        <Name>msDS-PhoneticFirstName</Name>
        <AttributeMetadata>
          <Value>attributeID:416:1:55a73700-c891-46fd-8f5c-72bc827f2ef5:20160407213828.646:416</Value>
          <Value>attributeSyntax:416:1:55a73700-c891-46fd-8f5c-72bc827f2ef5:20160407213828.646:416</Value>
          <Value>cn:416:1:55a73700-c891-46fd-8f5c-72bc827f2ef5:20160407213828.646:416</Value>
          <Value>createTimeStamp:416:1:55a73700-c891-46fd-8f5c-72bc827f2ef5:20160407213828.646:416</Value>
          <Value>entryDN:416:1:55a73700-c891-46fd-8f5c-72bc827f2ef5:20160407213828.646:416</Value>
          <Value>isSingleValued:416:1:55a73700-c891-46fd-8f5c-72bc827f2ef5:20160407213828.646:416</Value>
          <Value>lDAPDisplayName:416:1:55a73700-c891-46fd-8f5c-72bc827f2ef5:20160407213828.646:416</Value>
          <Value>modifyTimeStamp:416:1:55a73700-c891-46fd-8f5c-72bc827f2ef5:20160407213828.646:416</Value>
          <Value>objectClass:416:1:55a73700-c891-46fd-8f5c-72bc827f2ef5:20160407213828.646:416</Value>
          <Value>objectGUID:416:1:55a73700-c891-46fd-8f5c-72bc827f2ef5:20160407213828.646:416</Value>
          <Value>oMSyntax:416:1:55a73700-c891-46fd-8f5c-72bc827f2ef5:20160407213828.646:416</Value>
          <Value>schemaIDGUID:416:1:55a73700-c891-46fd-8f5c-72bc827f2ef5:20160407213828.646:416</Value>
          <Value>uSNChanged:416:1:55a73700-c891-46fd-8f5c-72bc827f2ef5:20160407213828.646:416</Value>
          <Value>uSNCreated:416:1:55a73700-c891-46fd-8f5c-72bc827f2ef5:20160407213828.646:416</Value>
          <Value>vmwAttributeUsage:416:1:55a73700-c891-46fd-8f5c-72bc827f2ef5:20160407213828.646:416</Value>
        </AttributeMetadata>
      </AttributeSchemaEntry>
      <AttributeSchemaEntry>
        <Name>msDS-PhoneticLastName</Name>
        <AttributeMetadata>
          <Value>attributeID:1683:1:55a73700-c891-46fd-8f5c-72bc827f2ef5:20160407213830.802:1683</Value>
          <Value>attributeSyntax:1683:1:55a73700-c891-46fd-8f5c-72bc827f2ef5:20160407213830.802:1683</Value>
          <Value>cn:1683:1:55a73700-c891-46fd-8f5c-72bc827f2ef5:20160407213830.802:1683</Value>
          <Value>createTimeStamp:1683:1:55a73700-c891-46fd-8f5c-72bc827f2ef5:20160407213830.802:1683</Value>
          <Value>entryDN:1683:1:55a73700-c891-46fd-8f5c-72bc827f2ef5:20160407213830.802:1683</Value>
          <Value>isSingleValued:1683:1:55a73700-c891-46fd-8f5c-72bc827f2ef5:20160407213830.802:1683</Value>
          <Value>lDAPDisplayName:1683:1:55a73700-c891-46fd-8f5c-72bc827f2ef5:20160407213830.802:1683</Value>
          <Value>modifyTimeStamp:1683:1:55a73700-c891-46fd-8f5c-72bc827f2ef5:20160407213830.802:1683</Value>
          <Value>objectClass:1683:1:55a73700-c891-46fd-8f5c-72bc827f2ef5:20160407213830.802:1683</Value>
          <Value>objectGUID:1683:1:55a73700-c891-46fd-8f5c-72bc827f2ef5:20160407213830.802:1683</Value>
          <Value>oMSyntax:1683:1:55a73700-c891-46fd-8f5c-72bc827f2ef5:20160407213830.802:1683</Value>
          <Value>schemaIDGUID:1683:1:55a73700-c891-46fd-8f5c-72bc827f2ef5:20160407213830.802:1683</Value>
          <Value>uSNChanged:1683:1:55a73700-c891-46fd-8f5c-72bc827f2ef5:20160407213830.802:1683</Value>
          <Value>uSNCreated:1683:1:55a73700-c891-46fd-8f5c-72bc827f2ef5:20160407213830.802:1683</Value>
          <Value>vmwAttributeUsage:1683:1:55a73700-c891-46fd-8f5c-72bc827f2ef5:20160407213830.802:1683</Value>
        </AttributeMetadata>
      </AttributeSchemaEntry>
      <AttributeSchemaEntry>
        <Name>msDS-Preferred-GC-Site</Name>
        <AttributeMetadata>
          <Value>attributeID:1584:1:55a73700-c891-46fd-8f5c-72bc827f2ef5:20160407213830.630:1584</Value>
          <Value>attributeSyntax:1584:1:55a73700-c891-46fd-8f5c-72bc827f2ef5:20160407213830.630:1584</Value>
          <Value>cn:1584:1:55a73700-c891-46fd-8f5c-72bc827f2ef5:20160407213830.630:1584</Value>
          <Value>createTimeStamp:1584:1:55a73700-c891-46fd-8f5c-72bc827f2ef5:20160407213830.630:1584</Value>
          <Value>entryDN:1584:1:55a73700-c891-46fd-8f5c-72bc827f2ef5:20160407213830.630:1584</Value>
          <Value>isSingleValued:1584:1:55a73700-c891-46fd-8f5c-72bc827f2ef5:20160407213830.630:1584</Value>
          <Value>lDAPDisplayName:1584:1:55a73700-c891-46fd-8f5c-72bc827f2ef5:20160407213830.630:1584</Value>
          <Value>modifyTimeStamp:1584:1:55a73700-c891-46fd-8f5c-72bc827f2ef5:20160407213830.630:1584</Value>
          <Value>objectClass:1584:1:55a73700-c891-46fd-8f5c-72bc827f2ef5:20160407213830.630:1584</Value>
          <Value>objectGUID:1584:1:55a73700-c891-46fd-8f5c-72bc827f2ef5:20160407213830.630:1584</Value>
          <Value>oMSyntax:1584:1:55a73700-c891-46fd-8f5c-72bc827f2ef5:20160407213830.630:1584</Value>
          <Value>schemaIDGUID:1584:1:55a73700-c891-46fd-8f5c-72bc827f2ef5:20160407213830.630:1584</Value>
          <Value>uSNChanged:1584:1:55a73700-c891-46fd-8f5c-72bc827f2ef5:20160407213830.630:1584</Value>
          <Value>uSNCreated:1584:1:55a73700-c891-46fd-8f5c-72bc827f2ef5:20160407213830.630:1584</Value>
          <Value>vmwAttributeUsage:1584:1:55a73700-c891-46fd-8f5c-72bc827f2ef5:20160407213830.630:1584</Value>
        </AttributeMetadata>
      </AttributeSchemaEntry>
      <AttributeSchemaEntry>
        <Name>msDS-PrincipalName</Name>
        <AttributeMetadata>
          <Value>attributeID:976:1:55a73700-c891-46fd-8f5c-72bc827f2ef5:20160407213829.590:976</Value>
          <Value>attributeSyntax:976:1:55a73700-c891-46fd-8f5c-72bc827f2ef5:20160407213829.590:976</Value>
          <Value>cn:976:1:55a73700-c891-46fd-8f5c-72bc827f2ef5:20160407213829.590:976</Value>
          <Value>createTimeStamp:976:1:55a73700-c891-46fd-8f5c-72bc827f2ef5:20160407213829.590:976</Value>
          <Value>entryDN:976:1:55a73700-c891-46fd-8f5c-72bc827f2ef5:20160407213829.590:976</Value>
          <Value>isSingleValued:976:1:55a73700-c891-46fd-8f5c-72bc827f2ef5:20160407213829.590:976</Value>
          <Value>lDAPDisplayName:976:1:55a73700-c891-46fd-8f5c-72bc827f2ef5:20160407213829.590:976</Value>
          <Value>modifyTimeStamp:976:1:55a73700-c891-46fd-8f5c-72bc827f2ef5:20160407213829.590:976</Value>
          <Value>objectClass:976:1:55a73700-c891-46fd-8f5c-72bc827f2ef5:20160407213829.590:976</Value>
          <Value>objectGUID:976:1:55a73700-c891-46fd-8f5c-72bc827f2ef5:20160407213829.590:976</Value>
          <Value>oMSyntax:976:1:55a73700-c891-46fd-8f5c-72bc827f2ef5:20160407213829.590:976</Value>
          <Value>schemaIDGUID:976:1:55a73700-c891-46fd-8f5c-72bc827f2ef5:20160407213829.590:976</Value>
          <Value>uSNChanged:976:1:55a73700-c891-46fd-8f5c-72bc827f2ef5:20160407213829.590:976</Value>
          <Value>uSNCreated:976:1:55a73700-c891-46fd-8f5c-72bc827f2ef5:20160407213829.590:976</Value>
          <Value>vmwAttributeUsage:976:1:55a73700-c891-46fd-8f5c-72bc827f2ef5:20160407213829.590:976</Value>
        </AttributeMetadata>
      </AttributeSchemaEntry>
      <AttributeSchemaEntry>
        <Name>msDS-PromotionSettings</Name>
        <AttributeMetadata>
          <Value>attributeID:1288:1:55a73700-c891-46fd-8f5c-72bc827f2ef5:20160407213830.146:1288</Value>
          <Value>attributeSyntax:1288:1:55a73700-c891-46fd-8f5c-72bc827f2ef5:20160407213830.146:1288</Value>
          <Value>cn:1288:1:55a73700-c891-46fd-8f5c-72bc827f2ef5:20160407213830.146:1288</Value>
          <Value>createTimeStamp:1288:1:55a73700-c891-46fd-8f5c-72bc827f2ef5:20160407213830.146:1288</Value>
          <Value>entryDN:1288:1:55a73700-c891-46fd-8f5c-72bc827f2ef5:20160407213830.146:1288</Value>
          <Value>isSingleValued:1288:1:55a73700-c891-46fd-8f5c-72bc827f2ef5:20160407213830.146:1288</Value>
          <Value>lDAPDisplayName:1288:1:55a73700-c891-46fd-8f5c-72bc827f2ef5:20160407213830.146:1288</Value>
          <Value>modifyTimeStamp:1288:1:55a73700-c891-46fd-8f5c-72bc827f2ef5:20160407213830.146:1288</Value>
          <Value>objectClass:1288:1:55a73700-c891-46fd-8f5c-72bc827f2ef5:20160407213830.146:1288</Value>
          <Value>objectGUID:1288:1:55a73700-c891-46fd-8f5c-72bc827f2ef5:20160407213830.146:1288</Value>
          <Value>oMSyntax:1288:1:55a73700-c891-46fd-8f5c-72bc827f2ef5:20160407213830.146:1288</Value>
          <Value>schemaIDGUID:1288:1:55a73700-c891-46fd-8f5c-72bc827f2ef5:20160407213830.146:1288</Value>
          <Value>uSNChanged:1288:1:55a73700-c891-46fd-8f5c-72bc827f2ef5:20160407213830.146:1288</Value>
          <Value>uSNCreated:1288:1:55a73700-c891-46fd-8f5c-72bc827f2ef5:20160407213830.146:1288</Value>
          <Value>vmwAttributeUsage:1288:1:55a73700-c891-46fd-8f5c-72bc827f2ef5:20160407213830.146:1288</Value>
        </AttributeMetadata>
      </AttributeSchemaEntry>
      <AttributeSchemaEntry>
        <Name>msDS-PSOApplied</Name>
        <AttributeMetadata>
          <Value>attributeID:1435:1:55a73700-c891-46fd-8f5c-72bc827f2ef5:20160407213830.385:1435</Value>
          <Value>attributeSyntax:1435:1:55a73700-c891-46fd-8f5c-72bc827f2ef5:20160407213830.385:1435</Value>
          <Value>cn:1435:1:55a73700-c891-46fd-8f5c-72bc827f2ef5:20160407213830.385:1435</Value>
          <Value>createTimeStamp:1435:1:55a73700-c891-46fd-8f5c-72bc827f2ef5:20160407213830.385:1435</Value>
          <Value>entryDN:1435:1:55a73700-c891-46fd-8f5c-72bc827f2ef5:20160407213830.385:1435</Value>
          <Value>isSingleValued:1435:1:55a73700-c891-46fd-8f5c-72bc827f2ef5:20160407213830.385:1435</Value>
          <Value>lDAPDisplayName:1435:1:55a73700-c891-46fd-8f5c-72bc827f2ef5:20160407213830.385:1435</Value>
          <Value>modifyTimeStamp:1435:1:55a73700-c891-46fd-8f5c-72bc827f2ef5:20160407213830.385:1435</Value>
          <Value>objectClass:1435:1:55a73700-c891-46fd-8f5c-72bc827f2ef5:20160407213830.385:1435</Value>
          <Value>objectGUID:1435:1:55a73700-c891-46fd-8f5c-72bc827f2ef5:20160407213830.385:1435</Value>
          <Value>oMSyntax:1435:1:55a73700-c891-46fd-8f5c-72bc827f2ef5:20160407213830.385:1435</Value>
          <Value>schemaIDGUID:1435:1:55a73700-c891-46fd-8f5c-72bc827f2ef5:20160407213830.385:1435</Value>
          <Value>uSNChanged:1435:1:55a73700-c891-46fd-8f5c-72bc827f2ef5:20160407213830.385:1435</Value>
          <Value>uSNCreated:1435:1:55a73700-c891-46fd-8f5c-72bc827f2ef5:20160407213830.385:1435</Value>
          <Value>vmwAttributeUsage:1435:1:55a73700-c891-46fd-8f5c-72bc827f2ef5:20160407213830.385:1435</Value>
        </AttributeMetadata>
      </AttributeSchemaEntry>
      <AttributeSchemaEntry>
        <Name>msDS-PSOAppliesTo</Name>
        <AttributeMetadata>
          <Value>attributeID:1127:1:55a73700-c891-46fd-8f5c-72bc827f2ef5:20160407213829.865:1127</Value>
          <Value>attributeSyntax:1127:1:55a73700-c891-46fd-8f5c-72bc827f2ef5:20160407213829.865:1127</Value>
          <Value>cn:1127:1:55a73700-c891-46fd-8f5c-72bc827f2ef5:20160407213829.865:1127</Value>
          <Value>createTimeStamp:1127:1:55a73700-c891-46fd-8f5c-72bc827f2ef5:20160407213829.865:1127</Value>
          <Value>entryDN:1127:1:55a73700-c891-46fd-8f5c-72bc827f2ef5:20160407213829.865:1127</Value>
          <Value>isSingleValued:1127:1:55a73700-c891-46fd-8f5c-72bc827f2ef5:20160407213829.865:1127</Value>
          <Value>lDAPDisplayName:1127:1:55a73700-c891-46fd-8f5c-72bc827f2ef5:20160407213829.865:1127</Value>
          <Value>modifyTimeStamp:1127:1:55a73700-c891-46fd-8f5c-72bc827f2ef5:20160407213829.865:1127</Value>
          <Value>objectClass:1127:1:55a73700-c891-46fd-8f5c-72bc827f2ef5:20160407213829.865:1127</Value>
          <Value>objectGUID:1127:1:55a73700-c891-46fd-8f5c-72bc827f2ef5:20160407213829.865:1127</Value>
          <Value>oMSyntax:1127:1:55a73700-c891-46fd-8f5c-72bc827f2ef5:20160407213829.865:1127</Value>
          <Value>schemaIDGUID:1127:1:55a73700-c891-46fd-8f5c-72bc827f2ef5:20160407213829.865:1127</Value>
          <Value>uSNChanged:1127:1:55a73700-c891-46fd-8f5c-72bc827f2ef5:20160407213829.865:1127</Value>
          <Value>uSNCreated:1127:1:55a73700-c891-46fd-8f5c-72bc827f2ef5:20160407213829.865:1127</Value>
          <Value>vmwAttributeUsage:1127:1:55a73700-c891-46fd-8f5c-72bc827f2ef5:20160407213829.865:1127</Value>
        </AttributeMetadata>
      </AttributeSchemaEntry>
      <AttributeSchemaEntry>
        <Name>msDS-QuotaAmount</Name>
        <AttributeMetadata>
          <Value>attributeID:406:1:55a73700-c891-46fd-8f5c-72bc827f2ef5:20160407213828.626:406</Value>
          <Value>attributeSyntax:406:1:55a73700-c891-46fd-8f5c-72bc827f2ef5:20160407213828.626:406</Value>
          <Value>cn:406:1:55a73700-c891-46fd-8f5c-72bc827f2ef5:20160407213828.626:406</Value>
          <Value>createTimeStamp:406:1:55a73700-c891-46fd-8f5c-72bc827f2ef5:20160407213828.626:406</Value>
          <Value>entryDN:406:1:55a73700-c891-46fd-8f5c-72bc827f2ef5:20160407213828.626:406</Value>
          <Value>isSingleValued:406:1:55a73700-c891-46fd-8f5c-72bc827f2ef5:20160407213828.626:406</Value>
          <Value>lDAPDisplayName:406:1:55a73700-c891-46fd-8f5c-72bc827f2ef5:20160407213828.626:406</Value>
          <Value>modifyTimeStamp:406:1:55a73700-c891-46fd-8f5c-72bc827f2ef5:20160407213828.626:406</Value>
          <Value>objectClass:406:1:55a73700-c891-46fd-8f5c-72bc827f2ef5:20160407213828.626:406</Value>
          <Value>objectGUID:406:1:55a73700-c891-46fd-8f5c-72bc827f2ef5:20160407213828.626:406</Value>
          <Value>oMSyntax:406:1:55a73700-c891-46fd-8f5c-72bc827f2ef5:20160407213828.626:406</Value>
          <Value>schemaIDGUID:406:1:55a73700-c891-46fd-8f5c-72bc827f2ef5:20160407213828.626:406</Value>
          <Value>uSNChanged:406:1:55a73700-c891-46fd-8f5c-72bc827f2ef5:20160407213828.626:406</Value>
          <Value>uSNCreated:406:1:55a73700-c891-46fd-8f5c-72bc827f2ef5:20160407213828.626:406</Value>
          <Value>vmwAttributeUsage:406:1:55a73700-c891-46fd-8f5c-72bc827f2ef5:20160407213828.626:406</Value>
        </AttributeMetadata>
      </AttributeSchemaEntry>
      <AttributeSchemaEntry>
        <Name>msDS-QuotaEffective</Name>
        <AttributeMetadata>
          <Value>attributeID:1431:1:55a73700-c891-46fd-8f5c-72bc827f2ef5:20160407213830.377:1431</Value>
          <Value>attributeSyntax:1431:1:55a73700-c891-46fd-8f5c-72bc827f2ef5:20160407213830.377:1431</Value>
          <Value>cn:1431:1:55a73700-c891-46fd-8f5c-72bc827f2ef5:20160407213830.377:1431</Value>
          <Value>createTimeStamp:1431:1:55a73700-c891-46fd-8f5c-72bc827f2ef5:20160407213830.377:1431</Value>
          <Value>entryDN:1431:1:55a73700-c891-46fd-8f5c-72bc827f2ef5:20160407213830.377:1431</Value>
          <Value>isSingleValued:1431:1:55a73700-c891-46fd-8f5c-72bc827f2ef5:20160407213830.377:1431</Value>
          <Value>lDAPDisplayName:1431:1:55a73700-c891-46fd-8f5c-72bc827f2ef5:20160407213830.377:1431</Value>
          <Value>modifyTimeStamp:1431:1:55a73700-c891-46fd-8f5c-72bc827f2ef5:20160407213830.377:1431</Value>
          <Value>objectClass:1431:1:55a73700-c891-46fd-8f5c-72bc827f2ef5:20160407213830.377:1431</Value>
          <Value>objectGUID:1431:1:55a73700-c891-46fd-8f5c-72bc827f2ef5:20160407213830.377:1431</Value>
          <Value>oMSyntax:1431:1:55a73700-c891-46fd-8f5c-72bc827f2ef5:20160407213830.377:1431</Value>
          <Value>schemaIDGUID:1431:1:55a73700-c891-46fd-8f5c-72bc827f2ef5:20160407213830.377:1431</Value>
          <Value>uSNChanged:1431:1:55a73700-c891-46fd-8f5c-72bc827f2ef5:20160407213830.377:1431</Value>
          <Value>uSNCreated:1431:1:55a73700-c891-46fd-8f5c-72bc827f2ef5:20160407213830.377:1431</Value>
          <Value>vmwAttributeUsage:1431:1:55a73700-c891-46fd-8f5c-72bc827f2ef5:20160407213830.377:1431</Value>
        </AttributeMetadata>
      </AttributeSchemaEntry>
      <AttributeSchemaEntry>
        <Name>msDS-QuotaTrustee</Name>
        <AttributeMetadata>
          <Value>attributeID:903:1:55a73700-c891-46fd-8f5c-72bc827f2ef5:20160407213829.472:903</Value>
          <Value>attributeSyntax:903:1:55a73700-c891-46fd-8f5c-72bc827f2ef5:20160407213829.472:903</Value>
          <Value>cn:903:1:55a73700-c891-46fd-8f5c-72bc827f2ef5:20160407213829.472:903</Value>
          <Value>createTimeStamp:903:1:55a73700-c891-46fd-8f5c-72bc827f2ef5:20160407213829.472:903</Value>
          <Value>entryDN:903:1:55a73700-c891-46fd-8f5c-72bc827f2ef5:20160407213829.472:903</Value>
          <Value>isSingleValued:903:1:55a73700-c891-46fd-8f5c-72bc827f2ef5:20160407213829.472:903</Value>
          <Value>lDAPDisplayName:903:1:55a73700-c891-46fd-8f5c-72bc827f2ef5:20160407213829.472:903</Value>
          <Value>modifyTimeStamp:903:1:55a73700-c891-46fd-8f5c-72bc827f2ef5:20160407213829.472:903</Value>
          <Value>objectClass:903:1:55a73700-c891-46fd-8f5c-72bc827f2ef5:20160407213829.472:903</Value>
          <Value>objectGUID:903:1:55a73700-c891-46fd-8f5c-72bc827f2ef5:20160407213829.472:903</Value>
          <Value>oMSyntax:903:1:55a73700-c891-46fd-8f5c-72bc827f2ef5:20160407213829.472:903</Value>
          <Value>schemaIDGUID:903:1:55a73700-c891-46fd-8f5c-72bc827f2ef5:20160407213829.472:903</Value>
          <Value>uSNChanged:903:1:55a73700-c891-46fd-8f5c-72bc827f2ef5:20160407213829.472:903</Value>
          <Value>uSNCreated:903:1:55a73700-c891-46fd-8f5c-72bc827f2ef5:20160407213829.472:903</Value>
          <Value>vmwAttributeUsage:903:1:55a73700-c891-46fd-8f5c-72bc827f2ef5:20160407213829.472:903</Value>
        </AttributeMetadata>
      </AttributeSchemaEntry>
      <AttributeSchemaEntry>
        <Name>msDS-QuotaUsed</Name>
        <AttributeMetadata>
          <Value>attributeID:202:1:55a73700-c891-46fd-8f5c-72bc827f2ef5:20160407213828.324:202</Value>
          <Value>attributeSyntax:202:1:55a73700-c891-46fd-8f5c-72bc827f2ef5:20160407213828.324:202</Value>
          <Value>cn:202:1:55a73700-c891-46fd-8f5c-72bc827f2ef5:20160407213828.324:202</Value>
          <Value>createTimeStamp:202:1:55a73700-c891-46fd-8f5c-72bc827f2ef5:20160407213828.324:202</Value>
          <Value>entryDN:202:1:55a73700-c891-46fd-8f5c-72bc827f2ef5:20160407213828.324:202</Value>
          <Value>isSingleValued:202:1:55a73700-c891-46fd-8f5c-72bc827f2ef5:20160407213828.324:202</Value>
          <Value>lDAPDisplayName:202:1:55a73700-c891-46fd-8f5c-72bc827f2ef5:20160407213828.324:202</Value>
          <Value>modifyTimeStamp:202:1:55a73700-c891-46fd-8f5c-72bc827f2ef5:20160407213828.324:202</Value>
          <Value>objectClass:202:1:55a73700-c891-46fd-8f5c-72bc827f2ef5:20160407213828.324:202</Value>
          <Value>objectGUID:202:1:55a73700-c891-46fd-8f5c-72bc827f2ef5:20160407213828.324:202</Value>
          <Value>oMSyntax:202:1:55a73700-c891-46fd-8f5c-72bc827f2ef5:20160407213828.324:202</Value>
          <Value>schemaIDGUID:202:1:55a73700-c891-46fd-8f5c-72bc827f2ef5:20160407213828.324:202</Value>
          <Value>uSNChanged:202:1:55a73700-c891-46fd-8f5c-72bc827f2ef5:20160407213828.324:202</Value>
          <Value>uSNCreated:202:1:55a73700-c891-46fd-8f5c-72bc827f2ef5:20160407213828.324:202</Value>
          <Value>vmwAttributeUsage:202:1:55a73700-c891-46fd-8f5c-72bc827f2ef5:20160407213828.324:202</Value>
        </AttributeMetadata>
      </AttributeSchemaEntry>
      <AttributeSchemaEntry>
        <Name>msDS-ReplAttributeMetaData</Name>
        <AttributeMetadata>
          <Value>attributeID:1064:1:55a73700-c891-46fd-8f5c-72bc827f2ef5:20160407213829.741:1064</Value>
          <Value>attributeSyntax:1064:1:55a73700-c891-46fd-8f5c-72bc827f2ef5:20160407213829.741:1064</Value>
          <Value>cn:1064:1:55a73700-c891-46fd-8f5c-72bc827f2ef5:20160407213829.741:1064</Value>
          <Value>createTimeStamp:1064:1:55a73700-c891-46fd-8f5c-72bc827f2ef5:20160407213829.741:1064</Value>
          <Value>entryDN:1064:1:55a73700-c891-46fd-8f5c-72bc827f2ef5:20160407213829.741:1064</Value>
          <Value>isSingleValued:1064:1:55a73700-c891-46fd-8f5c-72bc827f2ef5:20160407213829.741:1064</Value>
          <Value>lDAPDisplayName:1064:1:55a73700-c891-46fd-8f5c-72bc827f2ef5:20160407213829.741:1064</Value>
          <Value>modifyTimeStamp:1064:1:55a73700-c891-46fd-8f5c-72bc827f2ef5:20160407213829.741:1064</Value>
          <Value>objectClass:1064:1:55a73700-c891-46fd-8f5c-72bc827f2ef5:20160407213829.741:1064</Value>
          <Value>objectGUID:1064:1:55a73700-c891-46fd-8f5c-72bc827f2ef5:20160407213829.741:1064</Value>
          <Value>oMSyntax:1064:1:55a73700-c891-46fd-8f5c-72bc827f2ef5:20160407213829.741:1064</Value>
          <Value>schemaIDGUID:1064:1:55a73700-c891-46fd-8f5c-72bc827f2ef5:20160407213829.741:1064</Value>
          <Value>uSNChanged:1064:1:55a73700-c891-46fd-8f5c-72bc827f2ef5:20160407213829.741:1064</Value>
          <Value>uSNCreated:1064:1:55a73700-c891-46fd-8f5c-72bc827f2ef5:20160407213829.741:1064</Value>
          <Value>vmwAttributeUsage:1064:1:55a73700-c891-46fd-8f5c-72bc827f2ef5:20160407213829.741:1064</Value>
        </AttributeMetadata>
      </AttributeSchemaEntry>
      <AttributeSchemaEntry>
        <Name>mS-DS-ReplicatesNCReason</Name>
        <AttributeMetadata>
          <Value>attributeID:1604:1:55a73700-c891-46fd-8f5c-72bc827f2ef5:20160407213830.661:1604</Value>
          <Value>attributeSyntax:1604:1:55a73700-c891-46fd-8f5c-72bc827f2ef5:20160407213830.661:1604</Value>
          <Value>cn:1604:1:55a73700-c891-46fd-8f5c-72bc827f2ef5:20160407213830.661:1604</Value>
          <Value>createTimeStamp:1604:1:55a73700-c891-46fd-8f5c-72bc827f2ef5:20160407213830.661:1604</Value>
          <Value>entryDN:1604:1:55a73700-c891-46fd-8f5c-72bc827f2ef5:20160407213830.661:1604</Value>
          <Value>isSingleValued:1604:1:55a73700-c891-46fd-8f5c-72bc827f2ef5:20160407213830.661:1604</Value>
          <Value>lDAPDisplayName:1604:1:55a73700-c891-46fd-8f5c-72bc827f2ef5:20160407213830.661:1604</Value>
          <Value>modifyTimeStamp:1604:1:55a73700-c891-46fd-8f5c-72bc827f2ef5:20160407213830.661:1604</Value>
          <Value>objectClass:1604:1:55a73700-c891-46fd-8f5c-72bc827f2ef5:20160407213830.661:1604</Value>
          <Value>objectGUID:1604:1:55a73700-c891-46fd-8f5c-72bc827f2ef5:20160407213830.661:1604</Value>
          <Value>oMSyntax:1604:1:55a73700-c891-46fd-8f5c-72bc827f2ef5:20160407213830.661:1604</Value>
          <Value>schemaIDGUID:1604:1:55a73700-c891-46fd-8f5c-72bc827f2ef5:20160407213830.661:1604</Value>
          <Value>uSNChanged:1604:1:55a73700-c891-46fd-8f5c-72bc827f2ef5:20160407213830.661:1604</Value>
          <Value>uSNCreated:1604:1:55a73700-c891-46fd-8f5c-72bc827f2ef5:20160407213830.661:1604</Value>
          <Value>vmwAttributeUsage:1604:1:55a73700-c891-46fd-8f5c-72bc827f2ef5:20160407213830.661:1604</Value>
        </AttributeMetadata>
      </AttributeSchemaEntry>
      <AttributeSchemaEntry>
        <Name>msDS-ReplicationEpoch</Name>
        <AttributeMetadata>
          <Value>attributeID:855:1:55a73700-c891-46fd-8f5c-72bc827f2ef5:20160407213829.387:855</Value>
          <Value>attributeSyntax:855:1:55a73700-c891-46fd-8f5c-72bc827f2ef5:20160407213829.387:855</Value>
          <Value>cn:855:1:55a73700-c891-46fd-8f5c-72bc827f2ef5:20160407213829.387:855</Value>
          <Value>createTimeStamp:855:1:55a73700-c891-46fd-8f5c-72bc827f2ef5:20160407213829.387:855</Value>
          <Value>entryDN:855:1:55a73700-c891-46fd-8f5c-72bc827f2ef5:20160407213829.387:855</Value>
          <Value>isSingleValued:855:1:55a73700-c891-46fd-8f5c-72bc827f2ef5:20160407213829.387:855</Value>
          <Value>lDAPDisplayName:855:1:55a73700-c891-46fd-8f5c-72bc827f2ef5:20160407213829.387:855</Value>
          <Value>modifyTimeStamp:855:1:55a73700-c891-46fd-8f5c-72bc827f2ef5:20160407213829.387:855</Value>
          <Value>objectClass:855:1:55a73700-c891-46fd-8f5c-72bc827f2ef5:20160407213829.387:855</Value>
          <Value>objectGUID:855:1:55a73700-c891-46fd-8f5c-72bc827f2ef5:20160407213829.387:855</Value>
          <Value>oMSyntax:855:1:55a73700-c891-46fd-8f5c-72bc827f2ef5:20160407213829.387:855</Value>
          <Value>schemaIDGUID:855:1:55a73700-c891-46fd-8f5c-72bc827f2ef5:20160407213829.387:855</Value>
          <Value>uSNChanged:855:1:55a73700-c891-46fd-8f5c-72bc827f2ef5:20160407213829.387:855</Value>
          <Value>uSNCreated:855:1:55a73700-c891-46fd-8f5c-72bc827f2ef5:20160407213829.387:855</Value>
          <Value>vmwAttributeUsage:855:1:55a73700-c891-46fd-8f5c-72bc827f2ef5:20160407213829.387:855</Value>
        </AttributeMetadata>
      </AttributeSchemaEntry>
      <AttributeSchemaEntry>
        <Name>msDS-Replication-Notify-First-DSA-Delay</Name>
        <AttributeMetadata>
          <Value>attributeID:1113:1:55a73700-c891-46fd-8f5c-72bc827f2ef5:20160407213829.848:1113</Value>
          <Value>attributeSyntax:1113:1:55a73700-c891-46fd-8f5c-72bc827f2ef5:20160407213829.848:1113</Value>
          <Value>cn:1113:1:55a73700-c891-46fd-8f5c-72bc827f2ef5:20160407213829.848:1113</Value>
          <Value>createTimeStamp:1113:1:55a73700-c891-46fd-8f5c-72bc827f2ef5:20160407213829.848:1113</Value>
          <Value>entryDN:1113:1:55a73700-c891-46fd-8f5c-72bc827f2ef5:20160407213829.848:1113</Value>
          <Value>isSingleValued:1113:1:55a73700-c891-46fd-8f5c-72bc827f2ef5:20160407213829.848:1113</Value>
          <Value>lDAPDisplayName:1113:1:55a73700-c891-46fd-8f5c-72bc827f2ef5:20160407213829.848:1113</Value>
          <Value>modifyTimeStamp:1113:1:55a73700-c891-46fd-8f5c-72bc827f2ef5:20160407213829.848:1113</Value>
          <Value>objectClass:1113:1:55a73700-c891-46fd-8f5c-72bc827f2ef5:20160407213829.848:1113</Value>
          <Value>objectGUID:1113:1:55a73700-c891-46fd-8f5c-72bc827f2ef5:20160407213829.848:1113</Value>
          <Value>oMSyntax:1113:1:55a73700-c891-46fd-8f5c-72bc827f2ef5:20160407213829.848:1113</Value>
          <Value>schemaIDGUID:1113:1:55a73700-c891-46fd-8f5c-72bc827f2ef5:20160407213829.848:1113</Value>
          <Value>uSNChanged:1113:1:55a73700-c891-46fd-8f5c-72bc827f2ef5:20160407213829.848:1113</Value>
          <Value>uSNCreated:1113:1:55a73700-c891-46fd-8f5c-72bc827f2ef5:20160407213829.848:1113</Value>
          <Value>vmwAttributeUsage:1113:1:55a73700-c891-46fd-8f5c-72bc827f2ef5:20160407213829.848:1113</Value>
        </AttributeMetadata>
      </AttributeSchemaEntry>
      <AttributeSchemaEntry>
        <Name>msDS-Replication-Notify-Subsequent-DSA-Delay</Name>
        <AttributeMetadata>
          <Value>attributeID:1146:1:55a73700-c891-46fd-8f5c-72bc827f2ef5:20160407213829.901:1146</Value>
          <Value>attributeSyntax:1146:1:55a73700-c891-46fd-8f5c-72bc827f2ef5:20160407213829.901:1146</Value>
          <Value>cn:1146:1:55a73700-c891-46fd-8f5c-72bc827f2ef5:20160407213829.901:1146</Value>
          <Value>createTimeStamp:1146:1:55a73700-c891-46fd-8f5c-72bc827f2ef5:20160407213829.901:1146</Value>
          <Value>entryDN:1146:1:55a73700-c891-46fd-8f5c-72bc827f2ef5:20160407213829.901:1146</Value>
          <Value>isSingleValued:1146:1:55a73700-c891-46fd-8f5c-72bc827f2ef5:20160407213829.901:1146</Value>
          <Value>lDAPDisplayName:1146:1:55a73700-c891-46fd-8f5c-72bc827f2ef5:20160407213829.901:1146</Value>
          <Value>modifyTimeStamp:1146:1:55a73700-c891-46fd-8f5c-72bc827f2ef5:20160407213829.901:1146</Value>
          <Value>objectClass:1146:1:55a73700-c891-46fd-8f5c-72bc827f2ef5:20160407213829.901:1146</Value>
          <Value>objectGUID:1146:1:55a73700-c891-46fd-8f5c-72bc827f2ef5:20160407213829.901:1146</Value>
          <Value>oMSyntax:1146:1:55a73700-c891-46fd-8f5c-72bc827f2ef5:20160407213829.901:1146</Value>
          <Value>schemaIDGUID:1146:1:55a73700-c891-46fd-8f5c-72bc827f2ef5:20160407213829.901:1146</Value>
          <Value>uSNChanged:1146:1:55a73700-c891-46fd-8f5c-72bc827f2ef5:20160407213829.901:1146</Value>
          <Value>uSNCreated:1146:1:55a73700-c891-46fd-8f5c-72bc827f2ef5:20160407213829.901:1146</Value>
          <Value>vmwAttributeUsage:1146:1:55a73700-c891-46fd-8f5c-72bc827f2ef5:20160407213829.901:1146</Value>
        </AttributeMetadata>
      </AttributeSchemaEntry>
      <AttributeSchemaEntry>
        <Name>msDS-ReplValueMetaData</Name>
        <AttributeMetadata>
          <Value>attributeID:1725:1:55a73700-c891-46fd-8f5c-72bc827f2ef5:20160407213830.879:1725</Value>
          <Value>attributeSyntax:1725:1:55a73700-c891-46fd-8f5c-72bc827f2ef5:20160407213830.879:1725</Value>
          <Value>cn:1725:1:55a73700-c891-46fd-8f5c-72bc827f2ef5:20160407213830.879:1725</Value>
          <Value>createTimeStamp:1725:1:55a73700-c891-46fd-8f5c-72bc827f2ef5:20160407213830.879:1725</Value>
          <Value>entryDN:1725:1:55a73700-c891-46fd-8f5c-72bc827f2ef5:20160407213830.879:1725</Value>
          <Value>isSingleValued:1725:1:55a73700-c891-46fd-8f5c-72bc827f2ef5:20160407213830.879:1725</Value>
          <Value>lDAPDisplayName:1725:1:55a73700-c891-46fd-8f5c-72bc827f2ef5:20160407213830.879:1725</Value>
          <Value>modifyTimeStamp:1725:1:55a73700-c891-46fd-8f5c-72bc827f2ef5:20160407213830.879:1725</Value>
          <Value>objectClass:1725:1:55a73700-c891-46fd-8f5c-72bc827f2ef5:20160407213830.879:1725</Value>
          <Value>objectGUID:1725:1:55a73700-c891-46fd-8f5c-72bc827f2ef5:20160407213830.879:1725</Value>
          <Value>oMSyntax:1725:1:55a73700-c891-46fd-8f5c-72bc827f2ef5:20160407213830.879:1725</Value>
          <Value>schemaIDGUID:1725:1:55a73700-c891-46fd-8f5c-72bc827f2ef5:20160407213830.879:1725</Value>
          <Value>uSNChanged:1725:1:55a73700-c891-46fd-8f5c-72bc827f2ef5:20160407213830.879:1725</Value>
          <Value>uSNCreated:1725:1:55a73700-c891-46fd-8f5c-72bc827f2ef5:20160407213830.879:1725</Value>
          <Value>vmwAttributeUsage:1725:1:55a73700-c891-46fd-8f5c-72bc827f2ef5:20160407213830.879:1725</Value>
        </AttributeMetadata>
      </AttributeSchemaEntry>
      <AttributeSchemaEntry>
        <Name>msDS-RequiredDomainBehaviorVersion</Name>
        <AttributeMetadata>
          <Value>attributeID:111:1:55a73700-c891-46fd-8f5c-72bc827f2ef5:20160407213828.201:111</Value>
          <Value>attributeSyntax:111:1:55a73700-c891-46fd-8f5c-72bc827f2ef5:20160407213828.201:111</Value>
          <Value>cn:111:1:55a73700-c891-46fd-8f5c-72bc827f2ef5:20160407213828.201:111</Value>
          <Value>createTimeStamp:111:1:55a73700-c891-46fd-8f5c-72bc827f2ef5:20160407213828.201:111</Value>
          <Value>entryDN:111:1:55a73700-c891-46fd-8f5c-72bc827f2ef5:20160407213828.201:111</Value>
          <Value>isSingleValued:111:1:55a73700-c891-46fd-8f5c-72bc827f2ef5:20160407213828.201:111</Value>
          <Value>lDAPDisplayName:111:1:55a73700-c891-46fd-8f5c-72bc827f2ef5:20160407213828.201:111</Value>
          <Value>modifyTimeStamp:111:1:55a73700-c891-46fd-8f5c-72bc827f2ef5:20160407213828.201:111</Value>
          <Value>objectClass:111:1:55a73700-c891-46fd-8f5c-72bc827f2ef5:20160407213828.201:111</Value>
          <Value>objectGUID:111:1:55a73700-c891-46fd-8f5c-72bc827f2ef5:20160407213828.201:111</Value>
          <Value>oMSyntax:111:1:55a73700-c891-46fd-8f5c-72bc827f2ef5:20160407213828.201:111</Value>
          <Value>schemaIDGUID:111:1:55a73700-c891-46fd-8f5c-72bc827f2ef5:20160407213828.201:111</Value>
          <Value>uSNChanged:111:1:55a73700-c891-46fd-8f5c-72bc827f2ef5:20160407213828.201:111</Value>
          <Value>uSNCreated:111:1:55a73700-c891-46fd-8f5c-72bc827f2ef5:20160407213828.201:111</Value>
          <Value>vmwAttributeUsage:111:1:55a73700-c891-46fd-8f5c-72bc827f2ef5:20160407213828.201:111</Value>
        </AttributeMetadata>
      </AttributeSchemaEntry>
      <AttributeSchemaEntry>
        <Name>msDS-RequiredForestBehaviorVersion</Name>
        <AttributeMetadata>
          <Value>attributeID:703:1:55a73700-c891-46fd-8f5c-72bc827f2ef5:20160407213829.125:703</Value>
          <Value>attributeSyntax:703:1:55a73700-c891-46fd-8f5c-72bc827f2ef5:20160407213829.125:703</Value>
          <Value>cn:703:1:55a73700-c891-46fd-8f5c-72bc827f2ef5:20160407213829.125:703</Value>
          <Value>createTimeStamp:703:1:55a73700-c891-46fd-8f5c-72bc827f2ef5:20160407213829.125:703</Value>
          <Value>entryDN:703:1:55a73700-c891-46fd-8f5c-72bc827f2ef5:20160407213829.125:703</Value>
          <Value>isSingleValued:703:1:55a73700-c891-46fd-8f5c-72bc827f2ef5:20160407213829.125:703</Value>
          <Value>lDAPDisplayName:703:1:55a73700-c891-46fd-8f5c-72bc827f2ef5:20160407213829.125:703</Value>
          <Value>modifyTimeStamp:703:1:55a73700-c891-46fd-8f5c-72bc827f2ef5:20160407213829.125:703</Value>
          <Value>objectClass:703:1:55a73700-c891-46fd-8f5c-72bc827f2ef5:20160407213829.125:703</Value>
          <Value>objectGUID:703:1:55a73700-c891-46fd-8f5c-72bc827f2ef5:20160407213829.125:703</Value>
          <Value>oMSyntax:703:1:55a73700-c891-46fd-8f5c-72bc827f2ef5:20160407213829.125:703</Value>
          <Value>schemaIDGUID:703:1:55a73700-c891-46fd-8f5c-72bc827f2ef5:20160407213829.125:703</Value>
          <Value>uSNChanged:703:1:55a73700-c891-46fd-8f5c-72bc827f2ef5:20160407213829.125:703</Value>
          <Value>uSNCreated:703:1:55a73700-c891-46fd-8f5c-72bc827f2ef5:20160407213829.125:703</Value>
          <Value>vmwAttributeUsage:703:1:55a73700-c891-46fd-8f5c-72bc827f2ef5:20160407213829.125:703</Value>
        </AttributeMetadata>
      </AttributeSchemaEntry>
      <AttributeSchemaEntry>
        <Name>msDS-ResultantPSO</Name>
        <AttributeMetadata>
          <Value>attributeID:1367:1:55a73700-c891-46fd-8f5c-72bc827f2ef5:20160407213830.271:1367</Value>
          <Value>attributeSyntax:1367:1:55a73700-c891-46fd-8f5c-72bc827f2ef5:20160407213830.271:1367</Value>
          <Value>cn:1367:1:55a73700-c891-46fd-8f5c-72bc827f2ef5:20160407213830.271:1367</Value>
          <Value>createTimeStamp:1367:1:55a73700-c891-46fd-8f5c-72bc827f2ef5:20160407213830.271:1367</Value>
          <Value>entryDN:1367:1:55a73700-c891-46fd-8f5c-72bc827f2ef5:20160407213830.271:1367</Value>
          <Value>isSingleValued:1367:1:55a73700-c891-46fd-8f5c-72bc827f2ef5:20160407213830.271:1367</Value>
          <Value>lDAPDisplayName:1367:1:55a73700-c891-46fd-8f5c-72bc827f2ef5:20160407213830.271:1367</Value>
          <Value>modifyTimeStamp:1367:1:55a73700-c891-46fd-8f5c-72bc827f2ef5:20160407213830.271:1367</Value>
          <Value>objectClass:1367:1:55a73700-c891-46fd-8f5c-72bc827f2ef5:20160407213830.271:1367</Value>
          <Value>objectGUID:1367:1:55a73700-c891-46fd-8f5c-72bc827f2ef5:20160407213830.271:1367</Value>
          <Value>oMSyntax:1367:1:55a73700-c891-46fd-8f5c-72bc827f2ef5:20160407213830.271:1367</Value>
          <Value>schemaIDGUID:1367:1:55a73700-c891-46fd-8f5c-72bc827f2ef5:20160407213830.271:1367</Value>
          <Value>uSNChanged:1367:1:55a73700-c891-46fd-8f5c-72bc827f2ef5:20160407213830.271:1367</Value>
          <Value>uSNCreated:1367:1:55a73700-c891-46fd-8f5c-72bc827f2ef5:20160407213830.271:1367</Value>
          <Value>vmwAttributeUsage:1367:1:55a73700-c891-46fd-8f5c-72bc827f2ef5:20160407213830.271:1367</Value>
        </AttributeMetadata>
      </AttributeSchemaEntry>
      <AttributeSchemaEntry>
        <Name>msDS-RetiredReplNCSignatures</Name>
        <AttributeMetadata>
          <Value>attributeID:697:1:55a73700-c891-46fd-8f5c-72bc827f2ef5:20160407213829.118:697</Value>
          <Value>attributeSyntax:697:1:55a73700-c891-46fd-8f5c-72bc827f2ef5:20160407213829.118:697</Value>
          <Value>cn:697:1:55a73700-c891-46fd-8f5c-72bc827f2ef5:20160407213829.118:697</Value>
          <Value>createTimeStamp:697:1:55a73700-c891-46fd-8f5c-72bc827f2ef5:20160407213829.118:697</Value>
          <Value>entryDN:697:1:55a73700-c891-46fd-8f5c-72bc827f2ef5:20160407213829.118:697</Value>
          <Value>isSingleValued:697:1:55a73700-c891-46fd-8f5c-72bc827f2ef5:20160407213829.118:697</Value>
          <Value>lDAPDisplayName:697:1:55a73700-c891-46fd-8f5c-72bc827f2ef5:20160407213829.118:697</Value>
          <Value>modifyTimeStamp:697:1:55a73700-c891-46fd-8f5c-72bc827f2ef5:20160407213829.118:697</Value>
          <Value>objectClass:697:1:55a73700-c891-46fd-8f5c-72bc827f2ef5:20160407213829.118:697</Value>
          <Value>objectGUID:697:1:55a73700-c891-46fd-8f5c-72bc827f2ef5:20160407213829.118:697</Value>
          <Value>oMSyntax:697:1:55a73700-c891-46fd-8f5c-72bc827f2ef5:20160407213829.118:697</Value>
          <Value>schemaIDGUID:697:1:55a73700-c891-46fd-8f5c-72bc827f2ef5:20160407213829.118:697</Value>
          <Value>uSNChanged:697:1:55a73700-c891-46fd-8f5c-72bc827f2ef5:20160407213829.118:697</Value>
          <Value>uSNCreated:697:1:55a73700-c891-46fd-8f5c-72bc827f2ef5:20160407213829.118:697</Value>
          <Value>vmwAttributeUsage:697:1:55a73700-c891-46fd-8f5c-72bc827f2ef5:20160407213829.118:697</Value>
        </AttributeMetadata>
      </AttributeSchemaEntry>
      <AttributeSchemaEntry>
        <Name>msDS-RevealedDSAs</Name>
        <AttributeMetadata>
          <Value>attributeID:1532:1:55a73700-c891-46fd-8f5c-72bc827f2ef5:20160407213830.542:1532</Value>
          <Value>attributeSyntax:1532:1:55a73700-c891-46fd-8f5c-72bc827f2ef5:20160407213830.542:1532</Value>
          <Value>cn:1532:1:55a73700-c891-46fd-8f5c-72bc827f2ef5:20160407213830.542:1532</Value>
          <Value>createTimeStamp:1532:1:55a73700-c891-46fd-8f5c-72bc827f2ef5:20160407213830.542:1532</Value>
          <Value>entryDN:1532:1:55a73700-c891-46fd-8f5c-72bc827f2ef5:20160407213830.542:1532</Value>
          <Value>isSingleValued:1532:1:55a73700-c891-46fd-8f5c-72bc827f2ef5:20160407213830.542:1532</Value>
          <Value>lDAPDisplayName:1532:1:55a73700-c891-46fd-8f5c-72bc827f2ef5:20160407213830.542:1532</Value>
          <Value>modifyTimeStamp:1532:1:55a73700-c891-46fd-8f5c-72bc827f2ef5:20160407213830.542:1532</Value>
          <Value>objectClass:1532:1:55a73700-c891-46fd-8f5c-72bc827f2ef5:20160407213830.542:1532</Value>
          <Value>objectGUID:1532:1:55a73700-c891-46fd-8f5c-72bc827f2ef5:20160407213830.542:1532</Value>
          <Value>oMSyntax:1532:1:55a73700-c891-46fd-8f5c-72bc827f2ef5:20160407213830.542:1532</Value>
          <Value>schemaIDGUID:1532:1:55a73700-c891-46fd-8f5c-72bc827f2ef5:20160407213830.542:1532</Value>
          <Value>uSNChanged:1532:1:55a73700-c891-46fd-8f5c-72bc827f2ef5:20160407213830.542:1532</Value>
          <Value>uSNCreated:1532:1:55a73700-c891-46fd-8f5c-72bc827f2ef5:20160407213830.542:1532</Value>
          <Value>vmwAttributeUsage:1532:1:55a73700-c891-46fd-8f5c-72bc827f2ef5:20160407213830.542:1532</Value>
        </AttributeMetadata>
      </AttributeSchemaEntry>
      <AttributeSchemaEntry>
        <Name>msDS-RevealedList</Name>
        <AttributeMetadata>
          <Value>attributeID:467:1:55a73700-c891-46fd-8f5c-72bc827f2ef5:20160407213828.729:467</Value>
          <Value>attributeSyntax:467:1:55a73700-c891-46fd-8f5c-72bc827f2ef5:20160407213828.729:467</Value>
          <Value>cn:467:1:55a73700-c891-46fd-8f5c-72bc827f2ef5:20160407213828.729:467</Value>
          <Value>createTimeStamp:467:1:55a73700-c891-46fd-8f5c-72bc827f2ef5:20160407213828.729:467</Value>
          <Value>entryDN:467:1:55a73700-c891-46fd-8f5c-72bc827f2ef5:20160407213828.729:467</Value>
          <Value>isSingleValued:467:1:55a73700-c891-46fd-8f5c-72bc827f2ef5:20160407213828.729:467</Value>
          <Value>lDAPDisplayName:467:1:55a73700-c891-46fd-8f5c-72bc827f2ef5:20160407213828.729:467</Value>
          <Value>modifyTimeStamp:467:1:55a73700-c891-46fd-8f5c-72bc827f2ef5:20160407213828.729:467</Value>
          <Value>objectClass:467:1:55a73700-c891-46fd-8f5c-72bc827f2ef5:20160407213828.729:467</Value>
          <Value>objectGUID:467:1:55a73700-c891-46fd-8f5c-72bc827f2ef5:20160407213828.729:467</Value>
          <Value>oMSyntax:467:1:55a73700-c891-46fd-8f5c-72bc827f2ef5:20160407213828.729:467</Value>
          <Value>schemaIDGUID:467:1:55a73700-c891-46fd-8f5c-72bc827f2ef5:20160407213828.729:467</Value>
          <Value>uSNChanged:467:1:55a73700-c891-46fd-8f5c-72bc827f2ef5:20160407213828.729:467</Value>
          <Value>uSNCreated:467:1:55a73700-c891-46fd-8f5c-72bc827f2ef5:20160407213828.729:467</Value>
          <Value>vmwAttributeUsage:467:1:55a73700-c891-46fd-8f5c-72bc827f2ef5:20160407213828.729:467</Value>
        </AttributeMetadata>
      </AttributeSchemaEntry>
      <AttributeSchemaEntry>
        <Name>msDS-RevealedListBL</Name>
        <AttributeMetadata>
          <Value>attributeID:423:1:55a73700-c891-46fd-8f5c-72bc827f2ef5:20160407213828.654:423</Value>
          <Value>attributeSyntax:423:1:55a73700-c891-46fd-8f5c-72bc827f2ef5:20160407213828.654:423</Value>
          <Value>cn:423:1:55a73700-c891-46fd-8f5c-72bc827f2ef5:20160407213828.654:423</Value>
          <Value>createTimeStamp:423:1:55a73700-c891-46fd-8f5c-72bc827f2ef5:20160407213828.654:423</Value>
          <Value>entryDN:423:1:55a73700-c891-46fd-8f5c-72bc827f2ef5:20160407213828.654:423</Value>
          <Value>isSingleValued:423:1:55a73700-c891-46fd-8f5c-72bc827f2ef5:20160407213828.654:423</Value>
          <Value>lDAPDisplayName:423:1:55a73700-c891-46fd-8f5c-72bc827f2ef5:20160407213828.654:423</Value>
          <Value>modifyTimeStamp:423:1:55a73700-c891-46fd-8f5c-72bc827f2ef5:20160407213828.654:423</Value>
          <Value>objectClass:423:1:55a73700-c891-46fd-8f5c-72bc827f2ef5:20160407213828.654:423</Value>
          <Value>objectGUID:423:1:55a73700-c891-46fd-8f5c-72bc827f2ef5:20160407213828.654:423</Value>
          <Value>oMSyntax:423:1:55a73700-c891-46fd-8f5c-72bc827f2ef5:20160407213828.654:423</Value>
          <Value>schemaIDGUID:423:1:55a73700-c891-46fd-8f5c-72bc827f2ef5:20160407213828.654:423</Value>
          <Value>uSNChanged:423:1:55a73700-c891-46fd-8f5c-72bc827f2ef5:20160407213828.654:423</Value>
          <Value>uSNCreated:423:1:55a73700-c891-46fd-8f5c-72bc827f2ef5:20160407213828.654:423</Value>
          <Value>vmwAttributeUsage:423:1:55a73700-c891-46fd-8f5c-72bc827f2ef5:20160407213828.654:423</Value>
        </AttributeMetadata>
      </AttributeSchemaEntry>
      <AttributeSchemaEntry>
        <Name>msDS-RevealedUsers</Name>
        <AttributeMetadata>
          <Value>attributeID:417:1:55a73700-c891-46fd-8f5c-72bc827f2ef5:20160407213828.647:417</Value>
          <Value>attributeSyntax:417:1:55a73700-c891-46fd-8f5c-72bc827f2ef5:20160407213828.647:417</Value>
          <Value>cn:417:1:55a73700-c891-46fd-8f5c-72bc827f2ef5:20160407213828.647:417</Value>
          <Value>createTimeStamp:417:1:55a73700-c891-46fd-8f5c-72bc827f2ef5:20160407213828.647:417</Value>
          <Value>entryDN:417:1:55a73700-c891-46fd-8f5c-72bc827f2ef5:20160407213828.647:417</Value>
          <Value>isSingleValued:417:1:55a73700-c891-46fd-8f5c-72bc827f2ef5:20160407213828.647:417</Value>
          <Value>lDAPDisplayName:417:1:55a73700-c891-46fd-8f5c-72bc827f2ef5:20160407213828.647:417</Value>
          <Value>modifyTimeStamp:417:1:55a73700-c891-46fd-8f5c-72bc827f2ef5:20160407213828.647:417</Value>
          <Value>objectClass:417:1:55a73700-c891-46fd-8f5c-72bc827f2ef5:20160407213828.647:417</Value>
          <Value>objectGUID:417:1:55a73700-c891-46fd-8f5c-72bc827f2ef5:20160407213828.647:417</Value>
          <Value>oMSyntax:417:1:55a73700-c891-46fd-8f5c-72bc827f2ef5:20160407213828.647:417</Value>
          <Value>schemaIDGUID:417:1:55a73700-c891-46fd-8f5c-72bc827f2ef5:20160407213828.647:417</Value>
          <Value>uSNChanged:417:1:55a73700-c891-46fd-8f5c-72bc827f2ef5:20160407213828.647:417</Value>
          <Value>uSNCreated:417:1:55a73700-c891-46fd-8f5c-72bc827f2ef5:20160407213828.647:417</Value>
          <Value>vmwAttributeUsage:417:1:55a73700-c891-46fd-8f5c-72bc827f2ef5:20160407213828.647:417</Value>
        </AttributeMetadata>
      </AttributeSchemaEntry>
      <AttributeSchemaEntry>
        <Name>msDS-RevealOnDemandGroup</Name>
        <AttributeMetadata>
          <Value>attributeID:682:1:55a73700-c891-46fd-8f5c-72bc827f2ef5:20160407213829.091:682</Value>
          <Value>attributeSyntax:682:1:55a73700-c891-46fd-8f5c-72bc827f2ef5:20160407213829.091:682</Value>
          <Value>cn:682:1:55a73700-c891-46fd-8f5c-72bc827f2ef5:20160407213829.091:682</Value>
          <Value>createTimeStamp:682:1:55a73700-c891-46fd-8f5c-72bc827f2ef5:20160407213829.091:682</Value>
          <Value>entryDN:682:1:55a73700-c891-46fd-8f5c-72bc827f2ef5:20160407213829.091:682</Value>
          <Value>isSingleValued:682:1:55a73700-c891-46fd-8f5c-72bc827f2ef5:20160407213829.091:682</Value>
          <Value>lDAPDisplayName:682:1:55a73700-c891-46fd-8f5c-72bc827f2ef5:20160407213829.091:682</Value>
          <Value>modifyTimeStamp:682:1:55a73700-c891-46fd-8f5c-72bc827f2ef5:20160407213829.091:682</Value>
          <Value>objectClass:682:1:55a73700-c891-46fd-8f5c-72bc827f2ef5:20160407213829.091:682</Value>
          <Value>objectGUID:682:1:55a73700-c891-46fd-8f5c-72bc827f2ef5:20160407213829.091:682</Value>
          <Value>oMSyntax:682:1:55a73700-c891-46fd-8f5c-72bc827f2ef5:20160407213829.091:682</Value>
          <Value>schemaIDGUID:682:1:55a73700-c891-46fd-8f5c-72bc827f2ef5:20160407213829.091:682</Value>
          <Value>uSNChanged:682:1:55a73700-c891-46fd-8f5c-72bc827f2ef5:20160407213829.091:682</Value>
          <Value>uSNCreated:682:1:55a73700-c891-46fd-8f5c-72bc827f2ef5:20160407213829.091:682</Value>
          <Value>vmwAttributeUsage:682:1:55a73700-c891-46fd-8f5c-72bc827f2ef5:20160407213829.091:682</Value>
        </AttributeMetadata>
      </AttributeSchemaEntry>
      <AttributeSchemaEntry>
        <Name>msDs-Schema-Extensions</Name>
        <AttributeMetadata>
          <Value>attributeID:525:1:55a73700-c891-46fd-8f5c-72bc827f2ef5:20160407213828.823:525</Value>
          <Value>attributeSyntax:525:1:55a73700-c891-46fd-8f5c-72bc827f2ef5:20160407213828.823:525</Value>
          <Value>cn:525:1:55a73700-c891-46fd-8f5c-72bc827f2ef5:20160407213828.823:525</Value>
          <Value>createTimeStamp:525:1:55a73700-c891-46fd-8f5c-72bc827f2ef5:20160407213828.823:525</Value>
          <Value>entryDN:525:1:55a73700-c891-46fd-8f5c-72bc827f2ef5:20160407213828.823:525</Value>
          <Value>isSingleValued:525:1:55a73700-c891-46fd-8f5c-72bc827f2ef5:20160407213828.823:525</Value>
          <Value>lDAPDisplayName:525:1:55a73700-c891-46fd-8f5c-72bc827f2ef5:20160407213828.823:525</Value>
          <Value>modifyTimeStamp:525:1:55a73700-c891-46fd-8f5c-72bc827f2ef5:20160407213828.823:525</Value>
          <Value>objectClass:525:1:55a73700-c891-46fd-8f5c-72bc827f2ef5:20160407213828.823:525</Value>
          <Value>objectGUID:525:1:55a73700-c891-46fd-8f5c-72bc827f2ef5:20160407213828.823:525</Value>
          <Value>oMSyntax:525:1:55a73700-c891-46fd-8f5c-72bc827f2ef5:20160407213828.823:525</Value>
          <Value>schemaIDGUID:525:1:55a73700-c891-46fd-8f5c-72bc827f2ef5:20160407213828.823:525</Value>
          <Value>uSNChanged:525:1:55a73700-c891-46fd-8f5c-72bc827f2ef5:20160407213828.823:525</Value>
          <Value>uSNCreated:525:1:55a73700-c891-46fd-8f5c-72bc827f2ef5:20160407213828.823:525</Value>
          <Value>vmwAttributeUsage:525:1:55a73700-c891-46fd-8f5c-72bc827f2ef5:20160407213828.823:525</Value>
        </AttributeMetadata>
      </AttributeSchemaEntry>
      <AttributeSchemaEntry>
        <Name>msDS-SDReferenceDomain</Name>
        <AttributeMetadata>
          <Value>attributeID:318:1:55a73700-c891-46fd-8f5c-72bc827f2ef5:20160407213828.496:318</Value>
          <Value>attributeSyntax:318:1:55a73700-c891-46fd-8f5c-72bc827f2ef5:20160407213828.496:318</Value>
          <Value>cn:318:1:55a73700-c891-46fd-8f5c-72bc827f2ef5:20160407213828.496:318</Value>
          <Value>createTimeStamp:318:1:55a73700-c891-46fd-8f5c-72bc827f2ef5:20160407213828.496:318</Value>
          <Value>entryDN:318:1:55a73700-c891-46fd-8f5c-72bc827f2ef5:20160407213828.496:318</Value>
          <Value>isSingleValued:318:1:55a73700-c891-46fd-8f5c-72bc827f2ef5:20160407213828.496:318</Value>
          <Value>lDAPDisplayName:318:1:55a73700-c891-46fd-8f5c-72bc827f2ef5:20160407213828.496:318</Value>
          <Value>modifyTimeStamp:318:1:55a73700-c891-46fd-8f5c-72bc827f2ef5:20160407213828.496:318</Value>
          <Value>objectClass:318:1:55a73700-c891-46fd-8f5c-72bc827f2ef5:20160407213828.496:318</Value>
          <Value>objectGUID:318:1:55a73700-c891-46fd-8f5c-72bc827f2ef5:20160407213828.496:318</Value>
          <Value>oMSyntax:318:1:55a73700-c891-46fd-8f5c-72bc827f2ef5:20160407213828.496:318</Value>
          <Value>schemaIDGUID:318:1:55a73700-c891-46fd-8f5c-72bc827f2ef5:20160407213828.496:318</Value>
          <Value>uSNChanged:318:1:55a73700-c891-46fd-8f5c-72bc827f2ef5:20160407213828.496:318</Value>
          <Value>uSNCreated:318:1:55a73700-c891-46fd-8f5c-72bc827f2ef5:20160407213828.496:318</Value>
          <Value>vmwAttributeUsage:318:1:55a73700-c891-46fd-8f5c-72bc827f2ef5:20160407213828.496:318</Value>
        </AttributeMetadata>
      </AttributeSchemaEntry>
      <AttributeSchemaEntry>
        <Name>msDS-SecondaryKrbTgtNumber</Name>
        <AttributeMetadata>
          <Value>attributeID:1306:1:55a73700-c891-46fd-8f5c-72bc827f2ef5:20160407213830.175:1306</Value>
          <Value>attributeSyntax:1306:1:55a73700-c891-46fd-8f5c-72bc827f2ef5:20160407213830.175:1306</Value>
          <Value>cn:1306:1:55a73700-c891-46fd-8f5c-72bc827f2ef5:20160407213830.175:1306</Value>
          <Value>createTimeStamp:1306:1:55a73700-c891-46fd-8f5c-72bc827f2ef5:20160407213830.175:1306</Value>
          <Value>entryDN:1306:1:55a73700-c891-46fd-8f5c-72bc827f2ef5:20160407213830.175:1306</Value>
          <Value>isSingleValued:1306:1:55a73700-c891-46fd-8f5c-72bc827f2ef5:20160407213830.175:1306</Value>
          <Value>lDAPDisplayName:1306:1:55a73700-c891-46fd-8f5c-72bc827f2ef5:20160407213830.175:1306</Value>
          <Value>modifyTimeStamp:1306:1:55a73700-c891-46fd-8f5c-72bc827f2ef5:20160407213830.175:1306</Value>
          <Value>objectClass:1306:1:55a73700-c891-46fd-8f5c-72bc827f2ef5:20160407213830.175:1306</Value>
          <Value>objectGUID:1306:1:55a73700-c891-46fd-8f5c-72bc827f2ef5:20160407213830.175:1306</Value>
          <Value>oMSyntax:1306:1:55a73700-c891-46fd-8f5c-72bc827f2ef5:20160407213830.175:1306</Value>
          <Value>schemaIDGUID:1306:1:55a73700-c891-46fd-8f5c-72bc827f2ef5:20160407213830.175:1306</Value>
          <Value>uSNChanged:1306:1:55a73700-c891-46fd-8f5c-72bc827f2ef5:20160407213830.175:1306</Value>
          <Value>uSNCreated:1306:1:55a73700-c891-46fd-8f5c-72bc827f2ef5:20160407213830.175:1306</Value>
          <Value>vmwAttributeUsage:1306:1:55a73700-c891-46fd-8f5c-72bc827f2ef5:20160407213830.175:1306</Value>
        </AttributeMetadata>
      </AttributeSchemaEntry>
      <AttributeSchemaEntry>
        <Name>msDS-Security-Group-Extra-Classes</Name>
        <AttributeMetadata>
          <Value>attributeID:1331:1:55a73700-c891-46fd-8f5c-72bc827f2ef5:20160407213830.211:1331</Value>
          <Value>attributeSyntax:1331:1:55a73700-c891-46fd-8f5c-72bc827f2ef5:20160407213830.211:1331</Value>
          <Value>cn:1331:1:55a73700-c891-46fd-8f5c-72bc827f2ef5:20160407213830.211:1331</Value>
          <Value>createTimeStamp:1331:1:55a73700-c891-46fd-8f5c-72bc827f2ef5:20160407213830.211:1331</Value>
          <Value>entryDN:1331:1:55a73700-c891-46fd-8f5c-72bc827f2ef5:20160407213830.211:1331</Value>
          <Value>isSingleValued:1331:1:55a73700-c891-46fd-8f5c-72bc827f2ef5:20160407213830.211:1331</Value>
          <Value>lDAPDisplayName:1331:1:55a73700-c891-46fd-8f5c-72bc827f2ef5:20160407213830.211:1331</Value>
          <Value>modifyTimeStamp:1331:1:55a73700-c891-46fd-8f5c-72bc827f2ef5:20160407213830.211:1331</Value>
          <Value>objectClass:1331:1:55a73700-c891-46fd-8f5c-72bc827f2ef5:20160407213830.211:1331</Value>
          <Value>objectGUID:1331:1:55a73700-c891-46fd-8f5c-72bc827f2ef5:20160407213830.211:1331</Value>
          <Value>oMSyntax:1331:1:55a73700-c891-46fd-8f5c-72bc827f2ef5:20160407213830.211:1331</Value>
          <Value>schemaIDGUID:1331:1:55a73700-c891-46fd-8f5c-72bc827f2ef5:20160407213830.211:1331</Value>
          <Value>uSNChanged:1331:1:55a73700-c891-46fd-8f5c-72bc827f2ef5:20160407213830.211:1331</Value>
          <Value>uSNCreated:1331:1:55a73700-c891-46fd-8f5c-72bc827f2ef5:20160407213830.211:1331</Value>
          <Value>vmwAttributeUsage:1331:1:55a73700-c891-46fd-8f5c-72bc827f2ef5:20160407213830.211:1331</Value>
        </AttributeMetadata>
      </AttributeSchemaEntry>
      <AttributeSchemaEntry>
        <Name>msDS-Settings</Name>
        <AttributeMetadata>
          <Value>attributeID:238:1:55a73700-c891-46fd-8f5c-72bc827f2ef5:20160407213828.380:238</Value>
          <Value>attributeSyntax:238:1:55a73700-c891-46fd-8f5c-72bc827f2ef5:20160407213828.380:238</Value>
          <Value>cn:238:1:55a73700-c891-46fd-8f5c-72bc827f2ef5:20160407213828.380:238</Value>
          <Value>createTimeStamp:238:1:55a73700-c891-46fd-8f5c-72bc827f2ef5:20160407213828.380:238</Value>
          <Value>entryDN:238:1:55a73700-c891-46fd-8f5c-72bc827f2ef5:20160407213828.380:238</Value>
          <Value>isSingleValued:238:1:55a73700-c891-46fd-8f5c-72bc827f2ef5:20160407213828.380:238</Value>
          <Value>lDAPDisplayName:238:1:55a73700-c891-46fd-8f5c-72bc827f2ef5:20160407213828.380:238</Value>
          <Value>modifyTimeStamp:238:1:55a73700-c891-46fd-8f5c-72bc827f2ef5:20160407213828.380:238</Value>
          <Value>objectClass:238:1:55a73700-c891-46fd-8f5c-72bc827f2ef5:20160407213828.380:238</Value>
          <Value>objectGUID:238:1:55a73700-c891-46fd-8f5c-72bc827f2ef5:20160407213828.380:238</Value>
          <Value>oMSyntax:238:1:55a73700-c891-46fd-8f5c-72bc827f2ef5:20160407213828.380:238</Value>
          <Value>schemaIDGUID:238:1:55a73700-c891-46fd-8f5c-72bc827f2ef5:20160407213828.380:238</Value>
          <Value>uSNChanged:238:1:55a73700-c891-46fd-8f5c-72bc827f2ef5:20160407213828.380:238</Value>
          <Value>uSNCreated:238:1:55a73700-c891-46fd-8f5c-72bc827f2ef5:20160407213828.380:238</Value>
          <Value>vmwAttributeUsage:238:1:55a73700-c891-46fd-8f5c-72bc827f2ef5:20160407213828.380:238</Value>
        </AttributeMetadata>
      </AttributeSchemaEntry>
      <AttributeSchemaEntry>
        <Name>msDS-Site-Affinity</Name>
        <AttributeMetadata>
          <Value>attributeID:563:1:55a73700-c891-46fd-8f5c-72bc827f2ef5:20160407213828.885:563</Value>
          <Value>attributeSyntax:563:1:55a73700-c891-46fd-8f5c-72bc827f2ef5:20160407213828.885:563</Value>
          <Value>cn:563:1:55a73700-c891-46fd-8f5c-72bc827f2ef5:20160407213828.885:563</Value>
          <Value>createTimeStamp:563:1:55a73700-c891-46fd-8f5c-72bc827f2ef5:20160407213828.885:563</Value>
          <Value>entryDN:563:1:55a73700-c891-46fd-8f5c-72bc827f2ef5:20160407213828.885:563</Value>
          <Value>isSingleValued:563:1:55a73700-c891-46fd-8f5c-72bc827f2ef5:20160407213828.885:563</Value>
          <Value>lDAPDisplayName:563:1:55a73700-c891-46fd-8f5c-72bc827f2ef5:20160407213828.885:563</Value>
          <Value>modifyTimeStamp:563:1:55a73700-c891-46fd-8f5c-72bc827f2ef5:20160407213828.885:563</Value>
          <Value>objectClass:563:1:55a73700-c891-46fd-8f5c-72bc827f2ef5:20160407213828.885:563</Value>
          <Value>objectGUID:563:1:55a73700-c891-46fd-8f5c-72bc827f2ef5:20160407213828.885:563</Value>
          <Value>oMSyntax:563:1:55a73700-c891-46fd-8f5c-72bc827f2ef5:20160407213828.885:563</Value>
          <Value>schemaIDGUID:563:1:55a73700-c891-46fd-8f5c-72bc827f2ef5:20160407213828.885:563</Value>
          <Value>uSNChanged:563:1:55a73700-c891-46fd-8f5c-72bc827f2ef5:20160407213828.885:563</Value>
          <Value>uSNCreated:563:1:55a73700-c891-46fd-8f5c-72bc827f2ef5:20160407213828.885:563</Value>
          <Value>vmwAttributeUsage:563:1:55a73700-c891-46fd-8f5c-72bc827f2ef5:20160407213828.885:563</Value>
        </AttributeMetadata>
      </AttributeSchemaEntry>
      <AttributeSchemaEntry>
        <Name>msDS-SiteName</Name>
        <AttributeMetadata>
          <Value>attributeID:365:1:55a73700-c891-46fd-8f5c-72bc827f2ef5:20160407213828.565:365</Value>
          <Value>attributeSyntax:365:1:55a73700-c891-46fd-8f5c-72bc827f2ef5:20160407213828.565:365</Value>
          <Value>cn:365:1:55a73700-c891-46fd-8f5c-72bc827f2ef5:20160407213828.565:365</Value>
          <Value>createTimeStamp:365:1:55a73700-c891-46fd-8f5c-72bc827f2ef5:20160407213828.565:365</Value>
          <Value>entryDN:365:1:55a73700-c891-46fd-8f5c-72bc827f2ef5:20160407213828.565:365</Value>
          <Value>isSingleValued:365:1:55a73700-c891-46fd-8f5c-72bc827f2ef5:20160407213828.565:365</Value>
          <Value>lDAPDisplayName:365:1:55a73700-c891-46fd-8f5c-72bc827f2ef5:20160407213828.565:365</Value>
          <Value>modifyTimeStamp:365:1:55a73700-c891-46fd-8f5c-72bc827f2ef5:20160407213828.565:365</Value>
          <Value>objectClass:365:1:55a73700-c891-46fd-8f5c-72bc827f2ef5:20160407213828.565:365</Value>
          <Value>objectGUID:365:1:55a73700-c891-46fd-8f5c-72bc827f2ef5:20160407213828.565:365</Value>
          <Value>oMSyntax:365:1:55a73700-c891-46fd-8f5c-72bc827f2ef5:20160407213828.565:365</Value>
          <Value>schemaIDGUID:365:1:55a73700-c891-46fd-8f5c-72bc827f2ef5:20160407213828.565:365</Value>
          <Value>uSNChanged:365:1:55a73700-c891-46fd-8f5c-72bc827f2ef5:20160407213828.565:365</Value>
          <Value>uSNCreated:365:1:55a73700-c891-46fd-8f5c-72bc827f2ef5:20160407213828.565:365</Value>
          <Value>vmwAttributeUsage:365:1:55a73700-c891-46fd-8f5c-72bc827f2ef5:20160407213828.565:365</Value>
        </AttributeMetadata>
      </AttributeSchemaEntry>
      <AttributeSchemaEntry>
        <Name>msDS-SourceObjectDN</Name>
        <AttributeMetadata>
          <Value>attributeID:435:1:55a73700-c891-46fd-8f5c-72bc827f2ef5:20160407213828.677:435</Value>
          <Value>attributeSyntax:435:1:55a73700-c891-46fd-8f5c-72bc827f2ef5:20160407213828.677:435</Value>
          <Value>cn:435:1:55a73700-c891-46fd-8f5c-72bc827f2ef5:20160407213828.677:435</Value>
          <Value>createTimeStamp:435:1:55a73700-c891-46fd-8f5c-72bc827f2ef5:20160407213828.677:435</Value>
          <Value>entryDN:435:1:55a73700-c891-46fd-8f5c-72bc827f2ef5:20160407213828.677:435</Value>
          <Value>isSingleValued:435:1:55a73700-c891-46fd-8f5c-72bc827f2ef5:20160407213828.677:435</Value>
          <Value>lDAPDisplayName:435:1:55a73700-c891-46fd-8f5c-72bc827f2ef5:20160407213828.677:435</Value>
          <Value>modifyTimeStamp:435:1:55a73700-c891-46fd-8f5c-72bc827f2ef5:20160407213828.677:435</Value>
          <Value>objectClass:435:1:55a73700-c891-46fd-8f5c-72bc827f2ef5:20160407213828.677:435</Value>
          <Value>objectGUID:435:1:55a73700-c891-46fd-8f5c-72bc827f2ef5:20160407213828.677:435</Value>
          <Value>oMSyntax:435:1:55a73700-c891-46fd-8f5c-72bc827f2ef5:20160407213828.677:435</Value>
          <Value>schemaIDGUID:435:1:55a73700-c891-46fd-8f5c-72bc827f2ef5:20160407213828.677:435</Value>
          <Value>uSNChanged:435:1:55a73700-c891-46fd-8f5c-72bc827f2ef5:20160407213828.677:435</Value>
          <Value>uSNCreated:435:1:55a73700-c891-46fd-8f5c-72bc827f2ef5:20160407213828.677:435</Value>
          <Value>vmwAttributeUsage:435:1:55a73700-c891-46fd-8f5c-72bc827f2ef5:20160407213828.677:435</Value>
        </AttributeMetadata>
      </AttributeSchemaEntry>
      <AttributeSchemaEntry>
        <Name>msDS-SPNSuffixes</Name>
        <AttributeMetadata>
          <Value>attributeID:737:1:55a73700-c891-46fd-8f5c-72bc827f2ef5:20160407213829.183:737</Value>
          <Value>attributeSyntax:737:1:55a73700-c891-46fd-8f5c-72bc827f2ef5:20160407213829.183:737</Value>
          <Value>cn:737:1:55a73700-c891-46fd-8f5c-72bc827f2ef5:20160407213829.183:737</Value>
          <Value>createTimeStamp:737:1:55a73700-c891-46fd-8f5c-72bc827f2ef5:20160407213829.183:737</Value>
          <Value>entryDN:737:1:55a73700-c891-46fd-8f5c-72bc827f2ef5:20160407213829.183:737</Value>
          <Value>isSingleValued:737:1:55a73700-c891-46fd-8f5c-72bc827f2ef5:20160407213829.183:737</Value>
          <Value>lDAPDisplayName:737:1:55a73700-c891-46fd-8f5c-72bc827f2ef5:20160407213829.183:737</Value>
          <Value>modifyTimeStamp:737:1:55a73700-c891-46fd-8f5c-72bc827f2ef5:20160407213829.183:737</Value>
          <Value>objectClass:737:1:55a73700-c891-46fd-8f5c-72bc827f2ef5:20160407213829.183:737</Value>
          <Value>objectGUID:737:1:55a73700-c891-46fd-8f5c-72bc827f2ef5:20160407213829.183:737</Value>
          <Value>oMSyntax:737:1:55a73700-c891-46fd-8f5c-72bc827f2ef5:20160407213829.183:737</Value>
          <Value>schemaIDGUID:737:1:55a73700-c891-46fd-8f5c-72bc827f2ef5:20160407213829.183:737</Value>
          <Value>uSNChanged:737:1:55a73700-c891-46fd-8f5c-72bc827f2ef5:20160407213829.183:737</Value>
          <Value>uSNCreated:737:1:55a73700-c891-46fd-8f5c-72bc827f2ef5:20160407213829.183:737</Value>
          <Value>vmwAttributeUsage:737:1:55a73700-c891-46fd-8f5c-72bc827f2ef5:20160407213829.183:737</Value>
        </AttributeMetadata>
      </AttributeSchemaEntry>
      <AttributeSchemaEntry>
        <Name>msDS-SupportedEncryptionTypes</Name>
        <AttributeMetadata>
          <Value>attributeID:788:1:55a73700-c891-46fd-8f5c-72bc827f2ef5:20160407213829.272:788</Value>
          <Value>attributeSyntax:788:1:55a73700-c891-46fd-8f5c-72bc827f2ef5:20160407213829.272:788</Value>
          <Value>cn:788:1:55a73700-c891-46fd-8f5c-72bc827f2ef5:20160407213829.272:788</Value>
          <Value>createTimeStamp:788:1:55a73700-c891-46fd-8f5c-72bc827f2ef5:20160407213829.272:788</Value>
          <Value>entryDN:788:1:55a73700-c891-46fd-8f5c-72bc827f2ef5:20160407213829.272:788</Value>
          <Value>isSingleValued:788:1:55a73700-c891-46fd-8f5c-72bc827f2ef5:20160407213829.272:788</Value>
          <Value>lDAPDisplayName:788:1:55a73700-c891-46fd-8f5c-72bc827f2ef5:20160407213829.272:788</Value>
          <Value>modifyTimeStamp:788:1:55a73700-c891-46fd-8f5c-72bc827f2ef5:20160407213829.272:788</Value>
          <Value>objectClass:788:1:55a73700-c891-46fd-8f5c-72bc827f2ef5:20160407213829.272:788</Value>
          <Value>objectGUID:788:1:55a73700-c891-46fd-8f5c-72bc827f2ef5:20160407213829.272:788</Value>
          <Value>oMSyntax:788:1:55a73700-c891-46fd-8f5c-72bc827f2ef5:20160407213829.272:788</Value>
          <Value>schemaIDGUID:788:1:55a73700-c891-46fd-8f5c-72bc827f2ef5:20160407213829.272:788</Value>
          <Value>uSNChanged:788:1:55a73700-c891-46fd-8f5c-72bc827f2ef5:20160407213829.272:788</Value>
          <Value>uSNCreated:788:1:55a73700-c891-46fd-8f5c-72bc827f2ef5:20160407213829.272:788</Value>
          <Value>vmwAttributeUsage:788:1:55a73700-c891-46fd-8f5c-72bc827f2ef5:20160407213829.272:788</Value>
        </AttributeMetadata>
      </AttributeSchemaEntry>
      <AttributeSchemaEntry>
        <Name>msDS-TasksForAzRole</Name>
        <AttributeMetadata>
          <Value>attributeID:104:1:55a73700-c891-46fd-8f5c-72bc827f2ef5:20160407213828.185:104</Value>
          <Value>attributeSyntax:104:1:55a73700-c891-46fd-8f5c-72bc827f2ef5:20160407213828.185:104</Value>
          <Value>cn:104:1:55a73700-c891-46fd-8f5c-72bc827f2ef5:20160407213828.185:104</Value>
          <Value>createTimeStamp:104:1:55a73700-c891-46fd-8f5c-72bc827f2ef5:20160407213828.185:104</Value>
          <Value>entryDN:104:1:55a73700-c891-46fd-8f5c-72bc827f2ef5:20160407213828.185:104</Value>
          <Value>isSingleValued:104:1:55a73700-c891-46fd-8f5c-72bc827f2ef5:20160407213828.185:104</Value>
          <Value>lDAPDisplayName:104:1:55a73700-c891-46fd-8f5c-72bc827f2ef5:20160407213828.185:104</Value>
          <Value>modifyTimeStamp:104:1:55a73700-c891-46fd-8f5c-72bc827f2ef5:20160407213828.185:104</Value>
          <Value>objectClass:104:1:55a73700-c891-46fd-8f5c-72bc827f2ef5:20160407213828.185:104</Value>
          <Value>objectGUID:104:1:55a73700-c891-46fd-8f5c-72bc827f2ef5:20160407213828.185:104</Value>
          <Value>oMSyntax:104:1:55a73700-c891-46fd-8f5c-72bc827f2ef5:20160407213828.185:104</Value>
          <Value>schemaIDGUID:104:1:55a73700-c891-46fd-8f5c-72bc827f2ef5:20160407213828.185:104</Value>
          <Value>uSNChanged:104:1:55a73700-c891-46fd-8f5c-72bc827f2ef5:20160407213828.185:104</Value>
          <Value>uSNCreated:104:1:55a73700-c891-46fd-8f5c-72bc827f2ef5:20160407213828.185:104</Value>
          <Value>vmwAttributeUsage:104:1:55a73700-c891-46fd-8f5c-72bc827f2ef5:20160407213828.185:104</Value>
        </AttributeMetadata>
      </AttributeSchemaEntry>
      <AttributeSchemaEntry>
        <Name>msDS-TasksForAzRoleBL</Name>
        <AttributeMetadata>
          <Value>attributeID:839:1:55a73700-c891-46fd-8f5c-72bc827f2ef5:20160407213829.358:839</Value>
          <Value>attributeSyntax:839:1:55a73700-c891-46fd-8f5c-72bc827f2ef5:20160407213829.358:839</Value>
          <Value>cn:839:1:55a73700-c891-46fd-8f5c-72bc827f2ef5:20160407213829.358:839</Value>
          <Value>createTimeStamp:839:1:55a73700-c891-46fd-8f5c-72bc827f2ef5:20160407213829.358:839</Value>
          <Value>entryDN:839:1:55a73700-c891-46fd-8f5c-72bc827f2ef5:20160407213829.358:839</Value>
          <Value>isSingleValued:839:1:55a73700-c891-46fd-8f5c-72bc827f2ef5:20160407213829.358:839</Value>
          <Value>lDAPDisplayName:839:1:55a73700-c891-46fd-8f5c-72bc827f2ef5:20160407213829.358:839</Value>
          <Value>modifyTimeStamp:839:1:55a73700-c891-46fd-8f5c-72bc827f2ef5:20160407213829.358:839</Value>
          <Value>objectClass:839:1:55a73700-c891-46fd-8f5c-72bc827f2ef5:20160407213829.358:839</Value>
          <Value>objectGUID:839:1:55a73700-c891-46fd-8f5c-72bc827f2ef5:20160407213829.358:839</Value>
          <Value>oMSyntax:839:1:55a73700-c891-46fd-8f5c-72bc827f2ef5:20160407213829.358:839</Value>
          <Value>schemaIDGUID:839:1:55a73700-c891-46fd-8f5c-72bc827f2ef5:20160407213829.358:839</Value>
          <Value>uSNChanged:839:1:55a73700-c891-46fd-8f5c-72bc827f2ef5:20160407213829.358:839</Value>
          <Value>uSNCreated:839:1:55a73700-c891-46fd-8f5c-72bc827f2ef5:20160407213829.358:839</Value>
          <Value>vmwAttributeUsage:839:1:55a73700-c891-46fd-8f5c-72bc827f2ef5:20160407213829.358:839</Value>
        </AttributeMetadata>
      </AttributeSchemaEntry>
      <AttributeSchemaEntry>
        <Name>msDS-TasksForAzTask</Name>
        <AttributeMetadata>
          <Value>attributeID:611:1:55a73700-c891-46fd-8f5c-72bc827f2ef5:20160407213828.968:611</Value>
          <Value>attributeSyntax:611:1:55a73700-c891-46fd-8f5c-72bc827f2ef5:20160407213828.968:611</Value>
          <Value>cn:611:1:55a73700-c891-46fd-8f5c-72bc827f2ef5:20160407213828.968:611</Value>
          <Value>createTimeStamp:611:1:55a73700-c891-46fd-8f5c-72bc827f2ef5:20160407213828.968:611</Value>
          <Value>entryDN:611:1:55a73700-c891-46fd-8f5c-72bc827f2ef5:20160407213828.968:611</Value>
          <Value>isSingleValued:611:1:55a73700-c891-46fd-8f5c-72bc827f2ef5:20160407213828.968:611</Value>
          <Value>lDAPDisplayName:611:1:55a73700-c891-46fd-8f5c-72bc827f2ef5:20160407213828.968:611</Value>
          <Value>modifyTimeStamp:611:1:55a73700-c891-46fd-8f5c-72bc827f2ef5:20160407213828.968:611</Value>
          <Value>objectClass:611:1:55a73700-c891-46fd-8f5c-72bc827f2ef5:20160407213828.968:611</Value>
          <Value>objectGUID:611:1:55a73700-c891-46fd-8f5c-72bc827f2ef5:20160407213828.968:611</Value>
          <Value>oMSyntax:611:1:55a73700-c891-46fd-8f5c-72bc827f2ef5:20160407213828.968:611</Value>
          <Value>schemaIDGUID:611:1:55a73700-c891-46fd-8f5c-72bc827f2ef5:20160407213828.968:611</Value>
          <Value>uSNChanged:611:1:55a73700-c891-46fd-8f5c-72bc827f2ef5:20160407213828.968:611</Value>
          <Value>uSNCreated:611:1:55a73700-c891-46fd-8f5c-72bc827f2ef5:20160407213828.968:611</Value>
          <Value>vmwAttributeUsage:611:1:55a73700-c891-46fd-8f5c-72bc827f2ef5:20160407213828.968:611</Value>
        </AttributeMetadata>
      </AttributeSchemaEntry>
      <AttributeSchemaEntry>
        <Name>msDS-TasksForAzTaskBL</Name>
        <AttributeMetadata>
          <Value>attributeID:1293:1:55a73700-c891-46fd-8f5c-72bc827f2ef5:20160407213830.151:1293</Value>
          <Value>attributeSyntax:1293:1:55a73700-c891-46fd-8f5c-72bc827f2ef5:20160407213830.151:1293</Value>
          <Value>cn:1293:1:55a73700-c891-46fd-8f5c-72bc827f2ef5:20160407213830.151:1293</Value>
          <Value>createTimeStamp:1293:1:55a73700-c891-46fd-8f5c-72bc827f2ef5:20160407213830.151:1293</Value>
          <Value>entryDN:1293:1:55a73700-c891-46fd-8f5c-72bc827f2ef5:20160407213830.151:1293</Value>
          <Value>isSingleValued:1293:1:55a73700-c891-46fd-8f5c-72bc827f2ef5:20160407213830.151:1293</Value>
          <Value>lDAPDisplayName:1293:1:55a73700-c891-46fd-8f5c-72bc827f2ef5:20160407213830.151:1293</Value>
          <Value>modifyTimeStamp:1293:1:55a73700-c891-46fd-8f5c-72bc827f2ef5:20160407213830.151:1293</Value>
          <Value>objectClass:1293:1:55a73700-c891-46fd-8f5c-72bc827f2ef5:20160407213830.151:1293</Value>
          <Value>objectGUID:1293:1:55a73700-c891-46fd-8f5c-72bc827f2ef5:20160407213830.151:1293</Value>
          <Value>oMSyntax:1293:1:55a73700-c891-46fd-8f5c-72bc827f2ef5:20160407213830.151:1293</Value>
          <Value>schemaIDGUID:1293:1:55a73700-c891-46fd-8f5c-72bc827f2ef5:20160407213830.151:1293</Value>
          <Value>uSNChanged:1293:1:55a73700-c891-46fd-8f5c-72bc827f2ef5:20160407213830.151:1293</Value>
          <Value>uSNCreated:1293:1:55a73700-c891-46fd-8f5c-72bc827f2ef5:20160407213830.151:1293</Value>
          <Value>vmwAttributeUsage:1293:1:55a73700-c891-46fd-8f5c-72bc827f2ef5:20160407213830.151:1293</Value>
        </AttributeMetadata>
      </AttributeSchemaEntry>
      <AttributeSchemaEntry>
        <Name>msDS-TombstoneQuotaFactor</Name>
        <AttributeMetadata>
          <Value>attributeID:912:1:55a73700-c891-46fd-8f5c-72bc827f2ef5:20160407213829.481:912</Value>
          <Value>attributeSyntax:912:1:55a73700-c891-46fd-8f5c-72bc827f2ef5:20160407213829.481:912</Value>
          <Value>cn:912:1:55a73700-c891-46fd-8f5c-72bc827f2ef5:20160407213829.481:912</Value>
          <Value>createTimeStamp:912:1:55a73700-c891-46fd-8f5c-72bc827f2ef5:20160407213829.481:912</Value>
          <Value>entryDN:912:1:55a73700-c891-46fd-8f5c-72bc827f2ef5:20160407213829.481:912</Value>
          <Value>isSingleValued:912:1:55a73700-c891-46fd-8f5c-72bc827f2ef5:20160407213829.481:912</Value>
          <Value>lDAPDisplayName:912:1:55a73700-c891-46fd-8f5c-72bc827f2ef5:20160407213829.481:912</Value>
          <Value>modifyTimeStamp:912:1:55a73700-c891-46fd-8f5c-72bc827f2ef5:20160407213829.481:912</Value>
          <Value>objectClass:912:1:55a73700-c891-46fd-8f5c-72bc827f2ef5:20160407213829.481:912</Value>
          <Value>objectGUID:912:1:55a73700-c891-46fd-8f5c-72bc827f2ef5:20160407213829.481:912</Value>
          <Value>oMSyntax:912:1:55a73700-c891-46fd-8f5c-72bc827f2ef5:20160407213829.481:912</Value>
          <Value>schemaIDGUID:912:1:55a73700-c891-46fd-8f5c-72bc827f2ef5:20160407213829.481:912</Value>
          <Value>uSNChanged:912:1:55a73700-c891-46fd-8f5c-72bc827f2ef5:20160407213829.481:912</Value>
          <Value>uSNCreated:912:1:55a73700-c891-46fd-8f5c-72bc827f2ef5:20160407213829.481:912</Value>
          <Value>vmwAttributeUsage:912:1:55a73700-c891-46fd-8f5c-72bc827f2ef5:20160407213829.481:912</Value>
        </AttributeMetadata>
      </AttributeSchemaEntry>
      <AttributeSchemaEntry>
        <Name>msDS-TopQuotaUsage</Name>
        <AttributeMetadata>
          <Value>attributeID:290:1:55a73700-c891-46fd-8f5c-72bc827f2ef5:20160407213828.449:290</Value>
          <Value>attributeSyntax:290:1:55a73700-c891-46fd-8f5c-72bc827f2ef5:20160407213828.449:290</Value>
          <Value>cn:290:1:55a73700-c891-46fd-8f5c-72bc827f2ef5:20160407213828.449:290</Value>
          <Value>createTimeStamp:290:1:55a73700-c891-46fd-8f5c-72bc827f2ef5:20160407213828.449:290</Value>
          <Value>entryDN:290:1:55a73700-c891-46fd-8f5c-72bc827f2ef5:20160407213828.449:290</Value>
          <Value>isSingleValued:290:1:55a73700-c891-46fd-8f5c-72bc827f2ef5:20160407213828.449:290</Value>
          <Value>lDAPDisplayName:290:1:55a73700-c891-46fd-8f5c-72bc827f2ef5:20160407213828.449:290</Value>
          <Value>modifyTimeStamp:290:1:55a73700-c891-46fd-8f5c-72bc827f2ef5:20160407213828.449:290</Value>
          <Value>objectClass:290:1:55a73700-c891-46fd-8f5c-72bc827f2ef5:20160407213828.449:290</Value>
          <Value>objectGUID:290:1:55a73700-c891-46fd-8f5c-72bc827f2ef5:20160407213828.449:290</Value>
          <Value>oMSyntax:290:1:55a73700-c891-46fd-8f5c-72bc827f2ef5:20160407213828.449:290</Value>
          <Value>schemaIDGUID:290:1:55a73700-c891-46fd-8f5c-72bc827f2ef5:20160407213828.449:290</Value>
          <Value>uSNChanged:290:1:55a73700-c891-46fd-8f5c-72bc827f2ef5:20160407213828.449:290</Value>
          <Value>uSNCreated:290:1:55a73700-c891-46fd-8f5c-72bc827f2ef5:20160407213828.449:290</Value>
          <Value>vmwAttributeUsage:290:1:55a73700-c891-46fd-8f5c-72bc827f2ef5:20160407213828.449:290</Value>
        </AttributeMetadata>
      </AttributeSchemaEntry>
      <AttributeSchemaEntry>
        <Name>msDS-TrustForestTrustInfo</Name>
        <AttributeMetadata>
          <Value>attributeID:1117:1:55a73700-c891-46fd-8f5c-72bc827f2ef5:20160407213829.854:1117</Value>
          <Value>attributeSyntax:1117:1:55a73700-c891-46fd-8f5c-72bc827f2ef5:20160407213829.854:1117</Value>
          <Value>cn:1117:1:55a73700-c891-46fd-8f5c-72bc827f2ef5:20160407213829.854:1117</Value>
          <Value>createTimeStamp:1117:1:55a73700-c891-46fd-8f5c-72bc827f2ef5:20160407213829.854:1117</Value>
          <Value>entryDN:1117:1:55a73700-c891-46fd-8f5c-72bc827f2ef5:20160407213829.854:1117</Value>
          <Value>isSingleValued:1117:1:55a73700-c891-46fd-8f5c-72bc827f2ef5:20160407213829.854:1117</Value>
          <Value>lDAPDisplayName:1117:1:55a73700-c891-46fd-8f5c-72bc827f2ef5:20160407213829.854:1117</Value>
          <Value>modifyTimeStamp:1117:1:55a73700-c891-46fd-8f5c-72bc827f2ef5:20160407213829.854:1117</Value>
          <Value>objectClass:1117:1:55a73700-c891-46fd-8f5c-72bc827f2ef5:20160407213829.854:1117</Value>
          <Value>objectGUID:1117:1:55a73700-c891-46fd-8f5c-72bc827f2ef5:20160407213829.854:1117</Value>
          <Value>oMSyntax:1117:1:55a73700-c891-46fd-8f5c-72bc827f2ef5:20160407213829.854:1117</Value>
          <Value>schemaIDGUID:1117:1:55a73700-c891-46fd-8f5c-72bc827f2ef5:20160407213829.854:1117</Value>
          <Value>uSNChanged:1117:1:55a73700-c891-46fd-8f5c-72bc827f2ef5:20160407213829.854:1117</Value>
          <Value>uSNCreated:1117:1:55a73700-c891-46fd-8f5c-72bc827f2ef5:20160407213829.854:1117</Value>
          <Value>vmwAttributeUsage:1117:1:55a73700-c891-46fd-8f5c-72bc827f2ef5:20160407213829.854:1117</Value>
        </AttributeMetadata>
      </AttributeSchemaEntry>
      <AttributeSchemaEntry>
        <Name>msDS-UpdateScript</Name>
        <AttributeMetadata>
          <Value>attributeID:1042:1:55a73700-c891-46fd-8f5c-72bc827f2ef5:20160407213829.701:1042</Value>
          <Value>attributeSyntax:1042:1:55a73700-c891-46fd-8f5c-72bc827f2ef5:20160407213829.701:1042</Value>
          <Value>cn:1042:1:55a73700-c891-46fd-8f5c-72bc827f2ef5:20160407213829.701:1042</Value>
          <Value>createTimeStamp:1042:1:55a73700-c891-46fd-8f5c-72bc827f2ef5:20160407213829.701:1042</Value>
          <Value>entryDN:1042:1:55a73700-c891-46fd-8f5c-72bc827f2ef5:20160407213829.701:1042</Value>
          <Value>isSingleValued:1042:1:55a73700-c891-46fd-8f5c-72bc827f2ef5:20160407213829.701:1042</Value>
          <Value>lDAPDisplayName:1042:1:55a73700-c891-46fd-8f5c-72bc827f2ef5:20160407213829.701:1042</Value>
          <Value>modifyTimeStamp:1042:1:55a73700-c891-46fd-8f5c-72bc827f2ef5:20160407213829.701:1042</Value>
          <Value>objectClass:1042:1:55a73700-c891-46fd-8f5c-72bc827f2ef5:20160407213829.701:1042</Value>
          <Value>objectGUID:1042:1:55a73700-c891-46fd-8f5c-72bc827f2ef5:20160407213829.701:1042</Value>
          <Value>oMSyntax:1042:1:55a73700-c891-46fd-8f5c-72bc827f2ef5:20160407213829.701:1042</Value>
          <Value>schemaIDGUID:1042:1:55a73700-c891-46fd-8f5c-72bc827f2ef5:20160407213829.701:1042</Value>
          <Value>uSNChanged:1042:1:55a73700-c891-46fd-8f5c-72bc827f2ef5:20160407213829.701:1042</Value>
          <Value>uSNCreated:1042:1:55a73700-c891-46fd-8f5c-72bc827f2ef5:20160407213829.701:1042</Value>
          <Value>vmwAttributeUsage:1042:1:55a73700-c891-46fd-8f5c-72bc827f2ef5:20160407213829.701:1042</Value>
        </AttributeMetadata>
      </AttributeSchemaEntry>
      <AttributeSchemaEntry>
        <Name>msDS-User-Account-Control-Computed</Name>
        <AttributeMetadata>
          <Value>attributeID:497:1:55a73700-c891-46fd-8f5c-72bc827f2ef5:20160407213828.771:497</Value>
          <Value>attributeSyntax:497:1:55a73700-c891-46fd-8f5c-72bc827f2ef5:20160407213828.771:497</Value>
          <Value>cn:497:1:55a73700-c891-46fd-8f5c-72bc827f2ef5:20160407213828.771:497</Value>
          <Value>createTimeStamp:497:1:55a73700-c891-46fd-8f5c-72bc827f2ef5:20160407213828.771:497</Value>
          <Value>entryDN:497:1:55a73700-c891-46fd-8f5c-72bc827f2ef5:20160407213828.771:497</Value>
          <Value>isSingleValued:497:1:55a73700-c891-46fd-8f5c-72bc827f2ef5:20160407213828.771:497</Value>
          <Value>lDAPDisplayName:497:1:55a73700-c891-46fd-8f5c-72bc827f2ef5:20160407213828.771:497</Value>
          <Value>modifyTimeStamp:497:1:55a73700-c891-46fd-8f5c-72bc827f2ef5:20160407213828.771:497</Value>
          <Value>objectClass:497:1:55a73700-c891-46fd-8f5c-72bc827f2ef5:20160407213828.771:497</Value>
          <Value>objectGUID:497:1:55a73700-c891-46fd-8f5c-72bc827f2ef5:20160407213828.771:497</Value>
          <Value>oMSyntax:497:1:55a73700-c891-46fd-8f5c-72bc827f2ef5:20160407213828.771:497</Value>
          <Value>schemaIDGUID:497:1:55a73700-c891-46fd-8f5c-72bc827f2ef5:20160407213828.771:497</Value>
          <Value>uSNChanged:497:1:55a73700-c891-46fd-8f5c-72bc827f2ef5:20160407213828.771:497</Value>
          <Value>uSNCreated:497:1:55a73700-c891-46fd-8f5c-72bc827f2ef5:20160407213828.771:497</Value>
          <Value>vmwAttributeUsage:497:1:55a73700-c891-46fd-8f5c-72bc827f2ef5:20160407213828.771:497</Value>
        </AttributeMetadata>
      </AttributeSchemaEntry>
      <AttributeSchemaEntry>
        <Name>msDS-UserPasswordExpiryTimeComputed</Name>
        <AttributeMetadata>
          <Value>attributeID:1285:1:55a73700-c891-46fd-8f5c-72bc827f2ef5:20160407213830.140:1285</Value>
          <Value>attributeSyntax:1285:1:55a73700-c891-46fd-8f5c-72bc827f2ef5:20160407213830.140:1285</Value>
          <Value>cn:1285:1:55a73700-c891-46fd-8f5c-72bc827f2ef5:20160407213830.140:1285</Value>
          <Value>createTimeStamp:1285:1:55a73700-c891-46fd-8f5c-72bc827f2ef5:20160407213830.140:1285</Value>
          <Value>entryDN:1285:1:55a73700-c891-46fd-8f5c-72bc827f2ef5:20160407213830.140:1285</Value>
          <Value>isSingleValued:1285:1:55a73700-c891-46fd-8f5c-72bc827f2ef5:20160407213830.140:1285</Value>
          <Value>lDAPDisplayName:1285:1:55a73700-c891-46fd-8f5c-72bc827f2ef5:20160407213830.140:1285</Value>
          <Value>modifyTimeStamp:1285:1:55a73700-c891-46fd-8f5c-72bc827f2ef5:20160407213830.140:1285</Value>
          <Value>objectClass:1285:1:55a73700-c891-46fd-8f5c-72bc827f2ef5:20160407213830.140:1285</Value>
          <Value>objectGUID:1285:1:55a73700-c891-46fd-8f5c-72bc827f2ef5:20160407213830.140:1285</Value>
          <Value>oMSyntax:1285:1:55a73700-c891-46fd-8f5c-72bc827f2ef5:20160407213830.140:1285</Value>
          <Value>schemaIDGUID:1285:1:55a73700-c891-46fd-8f5c-72bc827f2ef5:20160407213830.140:1285</Value>
          <Value>uSNChanged:1285:1:55a73700-c891-46fd-8f5c-72bc827f2ef5:20160407213830.140:1285</Value>
          <Value>uSNCreated:1285:1:55a73700-c891-46fd-8f5c-72bc827f2ef5:20160407213830.140:1285</Value>
          <Value>vmwAttributeUsage:1285:1:55a73700-c891-46fd-8f5c-72bc827f2ef5:20160407213830.140:1285</Value>
        </AttributeMetadata>
      </AttributeSchemaEntry>
      <AttributeSchemaEntry>
        <Name>msDS-USNLastSyncSuccess</Name>
        <AttributeMetadata>
          <Value>attributeID:432:1:55a73700-c891-46fd-8f5c-72bc827f2ef5:20160407213828.674:432</Value>
          <Value>attributeSyntax:432:1:55a73700-c891-46fd-8f5c-72bc827f2ef5:20160407213828.674:432</Value>
          <Value>cn:432:1:55a73700-c891-46fd-8f5c-72bc827f2ef5:20160407213828.674:432</Value>
          <Value>createTimeStamp:432:1:55a73700-c891-46fd-8f5c-72bc827f2ef5:20160407213828.674:432</Value>
          <Value>entryDN:432:1:55a73700-c891-46fd-8f5c-72bc827f2ef5:20160407213828.674:432</Value>
          <Value>isSingleValued:432:1:55a73700-c891-46fd-8f5c-72bc827f2ef5:20160407213828.674:432</Value>
          <Value>lDAPDisplayName:432:1:55a73700-c891-46fd-8f5c-72bc827f2ef5:20160407213828.674:432</Value>
          <Value>modifyTimeStamp:432:1:55a73700-c891-46fd-8f5c-72bc827f2ef5:20160407213828.674:432</Value>
          <Value>objectClass:432:1:55a73700-c891-46fd-8f5c-72bc827f2ef5:20160407213828.674:432</Value>
          <Value>objectGUID:432:1:55a73700-c891-46fd-8f5c-72bc827f2ef5:20160407213828.674:432</Value>
          <Value>oMSyntax:432:1:55a73700-c891-46fd-8f5c-72bc827f2ef5:20160407213828.674:432</Value>
          <Value>schemaIDGUID:432:1:55a73700-c891-46fd-8f5c-72bc827f2ef5:20160407213828.674:432</Value>
          <Value>uSNChanged:432:1:55a73700-c891-46fd-8f5c-72bc827f2ef5:20160407213828.674:432</Value>
          <Value>uSNCreated:432:1:55a73700-c891-46fd-8f5c-72bc827f2ef5:20160407213828.674:432</Value>
          <Value>vmwAttributeUsage:432:1:55a73700-c891-46fd-8f5c-72bc827f2ef5:20160407213828.674:432</Value>
        </AttributeMetadata>
      </AttributeSchemaEntry>
      <AttributeSchemaEntry>
        <Name>msExchAssistantName</Name>
        <AttributeMetadata>
          <Value>attributeID:1378:1:55a73700-c891-46fd-8f5c-72bc827f2ef5:20160407213830.294:1378</Value>
          <Value>attributeSyntax:1378:1:55a73700-c891-46fd-8f5c-72bc827f2ef5:20160407213830.294:1378</Value>
          <Value>cn:1378:1:55a73700-c891-46fd-8f5c-72bc827f2ef5:20160407213830.294:1378</Value>
          <Value>createTimeStamp:1378:1:55a73700-c891-46fd-8f5c-72bc827f2ef5:20160407213830.294:1378</Value>
          <Value>entryDN:1378:1:55a73700-c891-46fd-8f5c-72bc827f2ef5:20160407213830.294:1378</Value>
          <Value>isSingleValued:1378:1:55a73700-c891-46fd-8f5c-72bc827f2ef5:20160407213830.294:1378</Value>
          <Value>lDAPDisplayName:1378:1:55a73700-c891-46fd-8f5c-72bc827f2ef5:20160407213830.294:1378</Value>
          <Value>modifyTimeStamp:1378:1:55a73700-c891-46fd-8f5c-72bc827f2ef5:20160407213830.294:1378</Value>
          <Value>objectClass:1378:1:55a73700-c891-46fd-8f5c-72bc827f2ef5:20160407213830.294:1378</Value>
          <Value>objectGUID:1378:1:55a73700-c891-46fd-8f5c-72bc827f2ef5:20160407213830.294:1378</Value>
          <Value>oMSyntax:1378:1:55a73700-c891-46fd-8f5c-72bc827f2ef5:20160407213830.294:1378</Value>
          <Value>schemaIDGUID:1378:1:55a73700-c891-46fd-8f5c-72bc827f2ef5:20160407213830.294:1378</Value>
          <Value>uSNChanged:1378:1:55a73700-c891-46fd-8f5c-72bc827f2ef5:20160407213830.294:1378</Value>
          <Value>uSNCreated:1378:1:55a73700-c891-46fd-8f5c-72bc827f2ef5:20160407213830.294:1378</Value>
          <Value>vmwAttributeUsage:1378:1:55a73700-c891-46fd-8f5c-72bc827f2ef5:20160407213830.294:1378</Value>
        </AttributeMetadata>
      </AttributeSchemaEntry>
      <AttributeSchemaEntry>
        <Name>msExchHouseIdentifier</Name>
        <AttributeMetadata>
          <Value>attributeID:1738:1:55a73700-c891-46fd-8f5c-72bc827f2ef5:20160407213830.893:1738</Value>
          <Value>attributeSyntax:1738:1:55a73700-c891-46fd-8f5c-72bc827f2ef5:20160407213830.893:1738</Value>
          <Value>cn:1738:1:55a73700-c891-46fd-8f5c-72bc827f2ef5:20160407213830.893:1738</Value>
          <Value>createTimeStamp:1738:1:55a73700-c891-46fd-8f5c-72bc827f2ef5:20160407213830.893:1738</Value>
          <Value>entryDN:1738:1:55a73700-c891-46fd-8f5c-72bc827f2ef5:20160407213830.893:1738</Value>
          <Value>isSingleValued:1738:1:55a73700-c891-46fd-8f5c-72bc827f2ef5:20160407213830.893:1738</Value>
          <Value>lDAPDisplayName:1738:1:55a73700-c891-46fd-8f5c-72bc827f2ef5:20160407213830.893:1738</Value>
          <Value>modifyTimeStamp:1738:1:55a73700-c891-46fd-8f5c-72bc827f2ef5:20160407213830.893:1738</Value>
          <Value>objectClass:1738:1:55a73700-c891-46fd-8f5c-72bc827f2ef5:20160407213830.893:1738</Value>
          <Value>objectGUID:1738:1:55a73700-c891-46fd-8f5c-72bc827f2ef5:20160407213830.893:1738</Value>
          <Value>oMSyntax:1738:1:55a73700-c891-46fd-8f5c-72bc827f2ef5:20160407213830.893:1738</Value>
          <Value>schemaIDGUID:1738:1:55a73700-c891-46fd-8f5c-72bc827f2ef5:20160407213830.893:1738</Value>
          <Value>uSNChanged:1738:1:55a73700-c891-46fd-8f5c-72bc827f2ef5:20160407213830.893:1738</Value>
          <Value>uSNCreated:1738:1:55a73700-c891-46fd-8f5c-72bc827f2ef5:20160407213830.893:1738</Value>
          <Value>vmwAttributeUsage:1738:1:55a73700-c891-46fd-8f5c-72bc827f2ef5:20160407213830.893:1738</Value>
        </AttributeMetadata>
      </AttributeSchemaEntry>
      <AttributeSchemaEntry>
        <Name>msExchLabeledURI</Name>
        <AttributeMetadata>
          <Value>attributeID:776:1:55a73700-c891-46fd-8f5c-72bc827f2ef5:20160407213829.247:776</Value>
          <Value>attributeSyntax:776:1:55a73700-c891-46fd-8f5c-72bc827f2ef5:20160407213829.247:776</Value>
          <Value>cn:776:1:55a73700-c891-46fd-8f5c-72bc827f2ef5:20160407213829.247:776</Value>
          <Value>createTimeStamp:776:1:55a73700-c891-46fd-8f5c-72bc827f2ef5:20160407213829.247:776</Value>
          <Value>entryDN:776:1:55a73700-c891-46fd-8f5c-72bc827f2ef5:20160407213829.247:776</Value>
          <Value>isSingleValued:776:1:55a73700-c891-46fd-8f5c-72bc827f2ef5:20160407213829.247:776</Value>
          <Value>lDAPDisplayName:776:1:55a73700-c891-46fd-8f5c-72bc827f2ef5:20160407213829.247:776</Value>
          <Value>modifyTimeStamp:776:1:55a73700-c891-46fd-8f5c-72bc827f2ef5:20160407213829.247:776</Value>
          <Value>objectClass:776:1:55a73700-c891-46fd-8f5c-72bc827f2ef5:20160407213829.247:776</Value>
          <Value>objectGUID:776:1:55a73700-c891-46fd-8f5c-72bc827f2ef5:20160407213829.247:776</Value>
          <Value>oMSyntax:776:1:55a73700-c891-46fd-8f5c-72bc827f2ef5:20160407213829.247:776</Value>
          <Value>schemaIDGUID:776:1:55a73700-c891-46fd-8f5c-72bc827f2ef5:20160407213829.247:776</Value>
          <Value>uSNChanged:776:1:55a73700-c891-46fd-8f5c-72bc827f2ef5:20160407213829.247:776</Value>
          <Value>uSNCreated:776:1:55a73700-c891-46fd-8f5c-72bc827f2ef5:20160407213829.247:776</Value>
          <Value>vmwAttributeUsage:776:1:55a73700-c891-46fd-8f5c-72bc827f2ef5:20160407213829.247:776</Value>
        </AttributeMetadata>
      </AttributeSchemaEntry>
      <AttributeSchemaEntry>
        <Name>msFRS-Hub-Member</Name>
        <AttributeMetadata>
          <Value>attributeID:1608:1:55a73700-c891-46fd-8f5c-72bc827f2ef5:20160407213830.675:1608</Value>
          <Value>attributeSyntax:1608:1:55a73700-c891-46fd-8f5c-72bc827f2ef5:20160407213830.675:1608</Value>
          <Value>cn:1608:1:55a73700-c891-46fd-8f5c-72bc827f2ef5:20160407213830.675:1608</Value>
          <Value>createTimeStamp:1608:1:55a73700-c891-46fd-8f5c-72bc827f2ef5:20160407213830.675:1608</Value>
          <Value>entryDN:1608:1:55a73700-c891-46fd-8f5c-72bc827f2ef5:20160407213830.675:1608</Value>
          <Value>isSingleValued:1608:1:55a73700-c891-46fd-8f5c-72bc827f2ef5:20160407213830.675:1608</Value>
          <Value>lDAPDisplayName:1608:1:55a73700-c891-46fd-8f5c-72bc827f2ef5:20160407213830.675:1608</Value>
          <Value>modifyTimeStamp:1608:1:55a73700-c891-46fd-8f5c-72bc827f2ef5:20160407213830.675:1608</Value>
          <Value>objectClass:1608:1:55a73700-c891-46fd-8f5c-72bc827f2ef5:20160407213830.675:1608</Value>
          <Value>objectGUID:1608:1:55a73700-c891-46fd-8f5c-72bc827f2ef5:20160407213830.675:1608</Value>
          <Value>oMSyntax:1608:1:55a73700-c891-46fd-8f5c-72bc827f2ef5:20160407213830.675:1608</Value>
          <Value>schemaIDGUID:1608:1:55a73700-c891-46fd-8f5c-72bc827f2ef5:20160407213830.675:1608</Value>
          <Value>uSNChanged:1608:1:55a73700-c891-46fd-8f5c-72bc827f2ef5:20160407213830.675:1608</Value>
          <Value>uSNCreated:1608:1:55a73700-c891-46fd-8f5c-72bc827f2ef5:20160407213830.675:1608</Value>
          <Value>vmwAttributeUsage:1608:1:55a73700-c891-46fd-8f5c-72bc827f2ef5:20160407213830.675:1608</Value>
        </AttributeMetadata>
      </AttributeSchemaEntry>
      <AttributeSchemaEntry>
        <Name>msFRS-Topology-Pref</Name>
        <AttributeMetadata>
          <Value>attributeID:304:1:55a73700-c891-46fd-8f5c-72bc827f2ef5:20160407213828.473:304</Value>
          <Value>attributeSyntax:304:1:55a73700-c891-46fd-8f5c-72bc827f2ef5:20160407213828.473:304</Value>
          <Value>cn:304:1:55a73700-c891-46fd-8f5c-72bc827f2ef5:20160407213828.473:304</Value>
          <Value>createTimeStamp:304:1:55a73700-c891-46fd-8f5c-72bc827f2ef5:20160407213828.473:304</Value>
          <Value>entryDN:304:1:55a73700-c891-46fd-8f5c-72bc827f2ef5:20160407213828.473:304</Value>
          <Value>isSingleValued:304:1:55a73700-c891-46fd-8f5c-72bc827f2ef5:20160407213828.473:304</Value>
          <Value>lDAPDisplayName:304:1:55a73700-c891-46fd-8f5c-72bc827f2ef5:20160407213828.473:304</Value>
          <Value>modifyTimeStamp:304:1:55a73700-c891-46fd-8f5c-72bc827f2ef5:20160407213828.473:304</Value>
          <Value>objectClass:304:1:55a73700-c891-46fd-8f5c-72bc827f2ef5:20160407213828.473:304</Value>
          <Value>objectGUID:304:1:55a73700-c891-46fd-8f5c-72bc827f2ef5:20160407213828.473:304</Value>
          <Value>oMSyntax:304:1:55a73700-c891-46fd-8f5c-72bc827f2ef5:20160407213828.473:304</Value>
          <Value>schemaIDGUID:304:1:55a73700-c891-46fd-8f5c-72bc827f2ef5:20160407213828.473:304</Value>
          <Value>uSNChanged:304:1:55a73700-c891-46fd-8f5c-72bc827f2ef5:20160407213828.473:304</Value>
          <Value>uSNCreated:304:1:55a73700-c891-46fd-8f5c-72bc827f2ef5:20160407213828.473:304</Value>
          <Value>vmwAttributeUsage:304:1:55a73700-c891-46fd-8f5c-72bc827f2ef5:20160407213828.473:304</Value>
        </AttributeMetadata>
      </AttributeSchemaEntry>
      <AttributeSchemaEntry>
        <Name>msFVE-KeyPackage</Name>
        <AttributeMetadata>
          <Value>attributeID:204:1:55a73700-c891-46fd-8f5c-72bc827f2ef5:20160407213828.326:204</Value>
          <Value>attributeSyntax:204:1:55a73700-c891-46fd-8f5c-72bc827f2ef5:20160407213828.326:204</Value>
          <Value>cn:204:1:55a73700-c891-46fd-8f5c-72bc827f2ef5:20160407213828.326:204</Value>
          <Value>createTimeStamp:204:1:55a73700-c891-46fd-8f5c-72bc827f2ef5:20160407213828.326:204</Value>
          <Value>entryDN:204:1:55a73700-c891-46fd-8f5c-72bc827f2ef5:20160407213828.326:204</Value>
          <Value>isSingleValued:204:1:55a73700-c891-46fd-8f5c-72bc827f2ef5:20160407213828.326:204</Value>
          <Value>lDAPDisplayName:204:1:55a73700-c891-46fd-8f5c-72bc827f2ef5:20160407213828.326:204</Value>
          <Value>modifyTimeStamp:204:1:55a73700-c891-46fd-8f5c-72bc827f2ef5:20160407213828.326:204</Value>
          <Value>objectClass:204:1:55a73700-c891-46fd-8f5c-72bc827f2ef5:20160407213828.326:204</Value>
          <Value>objectGUID:204:1:55a73700-c891-46fd-8f5c-72bc827f2ef5:20160407213828.326:204</Value>
          <Value>oMSyntax:204:1:55a73700-c891-46fd-8f5c-72bc827f2ef5:20160407213828.326:204</Value>
          <Value>schemaIDGUID:204:1:55a73700-c891-46fd-8f5c-72bc827f2ef5:20160407213828.326:204</Value>
          <Value>uSNChanged:204:1:55a73700-c891-46fd-8f5c-72bc827f2ef5:20160407213828.326:204</Value>
          <Value>uSNCreated:204:1:55a73700-c891-46fd-8f5c-72bc827f2ef5:20160407213828.326:204</Value>
          <Value>vmwAttributeUsage:204:1:55a73700-c891-46fd-8f5c-72bc827f2ef5:20160407213828.326:204</Value>
        </AttributeMetadata>
      </AttributeSchemaEntry>
      <AttributeSchemaEntry>
        <Name>msFVE-RecoveryGuid</Name>
        <AttributeMetadata>
          <Value>attributeID:1686:1:55a73700-c891-46fd-8f5c-72bc827f2ef5:20160407213830.805:1686</Value>
          <Value>attributeSyntax:1686:1:55a73700-c891-46fd-8f5c-72bc827f2ef5:20160407213830.805:1686</Value>
          <Value>cn:1686:1:55a73700-c891-46fd-8f5c-72bc827f2ef5:20160407213830.805:1686</Value>
          <Value>createTimeStamp:1686:1:55a73700-c891-46fd-8f5c-72bc827f2ef5:20160407213830.805:1686</Value>
          <Value>entryDN:1686:1:55a73700-c891-46fd-8f5c-72bc827f2ef5:20160407213830.805:1686</Value>
          <Value>isSingleValued:1686:1:55a73700-c891-46fd-8f5c-72bc827f2ef5:20160407213830.805:1686</Value>
          <Value>lDAPDisplayName:1686:1:55a73700-c891-46fd-8f5c-72bc827f2ef5:20160407213830.805:1686</Value>
          <Value>modifyTimeStamp:1686:1:55a73700-c891-46fd-8f5c-72bc827f2ef5:20160407213830.805:1686</Value>
          <Value>objectClass:1686:1:55a73700-c891-46fd-8f5c-72bc827f2ef5:20160407213830.805:1686</Value>
          <Value>objectGUID:1686:1:55a73700-c891-46fd-8f5c-72bc827f2ef5:20160407213830.805:1686</Value>
          <Value>oMSyntax:1686:1:55a73700-c891-46fd-8f5c-72bc827f2ef5:20160407213830.805:1686</Value>
          <Value>schemaIDGUID:1686:1:55a73700-c891-46fd-8f5c-72bc827f2ef5:20160407213830.805:1686</Value>
          <Value>uSNChanged:1686:1:55a73700-c891-46fd-8f5c-72bc827f2ef5:20160407213830.805:1686</Value>
          <Value>uSNCreated:1686:1:55a73700-c891-46fd-8f5c-72bc827f2ef5:20160407213830.805:1686</Value>
          <Value>vmwAttributeUsage:1686:1:55a73700-c891-46fd-8f5c-72bc827f2ef5:20160407213830.805:1686</Value>
        </AttributeMetadata>
      </AttributeSchemaEntry>
      <AttributeSchemaEntry>
        <Name>msFVE-RecoveryPassword</Name>
        <AttributeMetadata>
          <Value>attributeID:729:1:55a73700-c891-46fd-8f5c-72bc827f2ef5:20160407213829.173:729</Value>
          <Value>attributeSyntax:729:1:55a73700-c891-46fd-8f5c-72bc827f2ef5:20160407213829.173:729</Value>
          <Value>cn:729:1:55a73700-c891-46fd-8f5c-72bc827f2ef5:20160407213829.173:729</Value>
          <Value>createTimeStamp:729:1:55a73700-c891-46fd-8f5c-72bc827f2ef5:20160407213829.173:729</Value>
          <Value>entryDN:729:1:55a73700-c891-46fd-8f5c-72bc827f2ef5:20160407213829.173:729</Value>
          <Value>isSingleValued:729:1:55a73700-c891-46fd-8f5c-72bc827f2ef5:20160407213829.173:729</Value>
          <Value>lDAPDisplayName:729:1:55a73700-c891-46fd-8f5c-72bc827f2ef5:20160407213829.173:729</Value>
          <Value>modifyTimeStamp:729:1:55a73700-c891-46fd-8f5c-72bc827f2ef5:20160407213829.173:729</Value>
          <Value>objectClass:729:1:55a73700-c891-46fd-8f5c-72bc827f2ef5:20160407213829.173:729</Value>
          <Value>objectGUID:729:1:55a73700-c891-46fd-8f5c-72bc827f2ef5:20160407213829.173:729</Value>
          <Value>oMSyntax:729:1:55a73700-c891-46fd-8f5c-72bc827f2ef5:20160407213829.173:729</Value>
          <Value>schemaIDGUID:729:1:55a73700-c891-46fd-8f5c-72bc827f2ef5:20160407213829.173:729</Value>
          <Value>uSNChanged:729:1:55a73700-c891-46fd-8f5c-72bc827f2ef5:20160407213829.173:729</Value>
          <Value>uSNCreated:729:1:55a73700-c891-46fd-8f5c-72bc827f2ef5:20160407213829.173:729</Value>
          <Value>vmwAttributeUsage:729:1:55a73700-c891-46fd-8f5c-72bc827f2ef5:20160407213829.173:729</Value>
        </AttributeMetadata>
      </AttributeSchemaEntry>
      <AttributeSchemaEntry>
        <Name>msFVE-VolumeGuid</Name>
        <AttributeMetadata>
          <Value>attributeID:1298:1:55a73700-c891-46fd-8f5c-72bc827f2ef5:20160407213830.157:1298</Value>
          <Value>attributeSyntax:1298:1:55a73700-c891-46fd-8f5c-72bc827f2ef5:20160407213830.157:1298</Value>
          <Value>cn:1298:1:55a73700-c891-46fd-8f5c-72bc827f2ef5:20160407213830.157:1298</Value>
          <Value>createTimeStamp:1298:1:55a73700-c891-46fd-8f5c-72bc827f2ef5:20160407213830.157:1298</Value>
          <Value>entryDN:1298:1:55a73700-c891-46fd-8f5c-72bc827f2ef5:20160407213830.157:1298</Value>
          <Value>isSingleValued:1298:1:55a73700-c891-46fd-8f5c-72bc827f2ef5:20160407213830.157:1298</Value>
          <Value>lDAPDisplayName:1298:1:55a73700-c891-46fd-8f5c-72bc827f2ef5:20160407213830.157:1298</Value>
          <Value>modifyTimeStamp:1298:1:55a73700-c891-46fd-8f5c-72bc827f2ef5:20160407213830.157:1298</Value>
          <Value>objectClass:1298:1:55a73700-c891-46fd-8f5c-72bc827f2ef5:20160407213830.157:1298</Value>
          <Value>objectGUID:1298:1:55a73700-c891-46fd-8f5c-72bc827f2ef5:20160407213830.157:1298</Value>
          <Value>oMSyntax:1298:1:55a73700-c891-46fd-8f5c-72bc827f2ef5:20160407213830.157:1298</Value>
          <Value>schemaIDGUID:1298:1:55a73700-c891-46fd-8f5c-72bc827f2ef5:20160407213830.157:1298</Value>
          <Value>uSNChanged:1298:1:55a73700-c891-46fd-8f5c-72bc827f2ef5:20160407213830.157:1298</Value>
          <Value>uSNCreated:1298:1:55a73700-c891-46fd-8f5c-72bc827f2ef5:20160407213830.157:1298</Value>
          <Value>vmwAttributeUsage:1298:1:55a73700-c891-46fd-8f5c-72bc827f2ef5:20160407213830.157:1298</Value>
        </AttributeMetadata>
      </AttributeSchemaEntry>
      <AttributeSchemaEntry>
        <Name>msieee80211-Data</Name>
        <AttributeMetadata>
          <Value>attributeID:411:1:55a73700-c891-46fd-8f5c-72bc827f2ef5:20160407213828.640:411</Value>
          <Value>attributeSyntax:411:1:55a73700-c891-46fd-8f5c-72bc827f2ef5:20160407213828.640:411</Value>
          <Value>cn:411:1:55a73700-c891-46fd-8f5c-72bc827f2ef5:20160407213828.640:411</Value>
          <Value>createTimeStamp:411:1:55a73700-c891-46fd-8f5c-72bc827f2ef5:20160407213828.640:411</Value>
          <Value>entryDN:411:1:55a73700-c891-46fd-8f5c-72bc827f2ef5:20160407213828.640:411</Value>
          <Value>isSingleValued:411:1:55a73700-c891-46fd-8f5c-72bc827f2ef5:20160407213828.640:411</Value>
          <Value>lDAPDisplayName:411:1:55a73700-c891-46fd-8f5c-72bc827f2ef5:20160407213828.640:411</Value>
          <Value>modifyTimeStamp:411:1:55a73700-c891-46fd-8f5c-72bc827f2ef5:20160407213828.640:411</Value>
          <Value>objectClass:411:1:55a73700-c891-46fd-8f5c-72bc827f2ef5:20160407213828.640:411</Value>
          <Value>objectGUID:411:1:55a73700-c891-46fd-8f5c-72bc827f2ef5:20160407213828.640:411</Value>
          <Value>oMSyntax:411:1:55a73700-c891-46fd-8f5c-72bc827f2ef5:20160407213828.640:411</Value>
          <Value>schemaIDGUID:411:1:55a73700-c891-46fd-8f5c-72bc827f2ef5:20160407213828.640:411</Value>
          <Value>uSNChanged:411:1:55a73700-c891-46fd-8f5c-72bc827f2ef5:20160407213828.640:411</Value>
          <Value>uSNCreated:411:1:55a73700-c891-46fd-8f5c-72bc827f2ef5:20160407213828.640:411</Value>
          <Value>vmwAttributeUsage:411:1:55a73700-c891-46fd-8f5c-72bc827f2ef5:20160407213828.640:411</Value>
        </AttributeMetadata>
      </AttributeSchemaEntry>
      <AttributeSchemaEntry>
        <Name>msieee80211-DataType</Name>
        <AttributeMetadata>
          <Value>attributeID:1446:1:55a73700-c891-46fd-8f5c-72bc827f2ef5:20160407213830.396:1446</Value>
          <Value>attributeSyntax:1446:1:55a73700-c891-46fd-8f5c-72bc827f2ef5:20160407213830.396:1446</Value>
          <Value>cn:1446:1:55a73700-c891-46fd-8f5c-72bc827f2ef5:20160407213830.396:1446</Value>
          <Value>createTimeStamp:1446:1:55a73700-c891-46fd-8f5c-72bc827f2ef5:20160407213830.396:1446</Value>
          <Value>entryDN:1446:1:55a73700-c891-46fd-8f5c-72bc827f2ef5:20160407213830.396:1446</Value>
          <Value>isSingleValued:1446:1:55a73700-c891-46fd-8f5c-72bc827f2ef5:20160407213830.396:1446</Value>
          <Value>lDAPDisplayName:1446:1:55a73700-c891-46fd-8f5c-72bc827f2ef5:20160407213830.396:1446</Value>
          <Value>modifyTimeStamp:1446:1:55a73700-c891-46fd-8f5c-72bc827f2ef5:20160407213830.396:1446</Value>
          <Value>objectClass:1446:1:55a73700-c891-46fd-8f5c-72bc827f2ef5:20160407213830.396:1446</Value>
          <Value>objectGUID:1446:1:55a73700-c891-46fd-8f5c-72bc827f2ef5:20160407213830.396:1446</Value>
          <Value>oMSyntax:1446:1:55a73700-c891-46fd-8f5c-72bc827f2ef5:20160407213830.396:1446</Value>
          <Value>schemaIDGUID:1446:1:55a73700-c891-46fd-8f5c-72bc827f2ef5:20160407213830.396:1446</Value>
          <Value>uSNChanged:1446:1:55a73700-c891-46fd-8f5c-72bc827f2ef5:20160407213830.396:1446</Value>
          <Value>uSNCreated:1446:1:55a73700-c891-46fd-8f5c-72bc827f2ef5:20160407213830.396:1446</Value>
          <Value>vmwAttributeUsage:1446:1:55a73700-c891-46fd-8f5c-72bc827f2ef5:20160407213830.396:1446</Value>
        </AttributeMetadata>
      </AttributeSchemaEntry>
      <AttributeSchemaEntry>
        <Name>msieee80211-ID</Name>
        <AttributeMetadata>
          <Value>attributeID:846:1:55a73700-c891-46fd-8f5c-72bc827f2ef5:20160407213829.365:846</Value>
          <Value>attributeSyntax:846:1:55a73700-c891-46fd-8f5c-72bc827f2ef5:20160407213829.365:846</Value>
          <Value>cn:846:1:55a73700-c891-46fd-8f5c-72bc827f2ef5:20160407213829.365:846</Value>
          <Value>createTimeStamp:846:1:55a73700-c891-46fd-8f5c-72bc827f2ef5:20160407213829.365:846</Value>
          <Value>entryDN:846:1:55a73700-c891-46fd-8f5c-72bc827f2ef5:20160407213829.365:846</Value>
          <Value>isSingleValued:846:1:55a73700-c891-46fd-8f5c-72bc827f2ef5:20160407213829.365:846</Value>
          <Value>lDAPDisplayName:846:1:55a73700-c891-46fd-8f5c-72bc827f2ef5:20160407213829.365:846</Value>
          <Value>modifyTimeStamp:846:1:55a73700-c891-46fd-8f5c-72bc827f2ef5:20160407213829.365:846</Value>
          <Value>objectClass:846:1:55a73700-c891-46fd-8f5c-72bc827f2ef5:20160407213829.365:846</Value>
          <Value>objectGUID:846:1:55a73700-c891-46fd-8f5c-72bc827f2ef5:20160407213829.365:846</Value>
          <Value>oMSyntax:846:1:55a73700-c891-46fd-8f5c-72bc827f2ef5:20160407213829.365:846</Value>
          <Value>schemaIDGUID:846:1:55a73700-c891-46fd-8f5c-72bc827f2ef5:20160407213829.365:846</Value>
          <Value>uSNChanged:846:1:55a73700-c891-46fd-8f5c-72bc827f2ef5:20160407213829.365:846</Value>
          <Value>uSNCreated:846:1:55a73700-c891-46fd-8f5c-72bc827f2ef5:20160407213829.365:846</Value>
          <Value>vmwAttributeUsage:846:1:55a73700-c891-46fd-8f5c-72bc827f2ef5:20160407213829.365:846</Value>
        </AttributeMetadata>
      </AttributeSchemaEntry>
      <AttributeSchemaEntry>
        <Name>msiFileList</Name>
        <AttributeMetadata>
          <Value>attributeID:384:1:55a73700-c891-46fd-8f5c-72bc827f2ef5:20160407213828.594:384</Value>
          <Value>attributeSyntax:384:1:55a73700-c891-46fd-8f5c-72bc827f2ef5:20160407213828.594:384</Value>
          <Value>cn:384:1:55a73700-c891-46fd-8f5c-72bc827f2ef5:20160407213828.594:384</Value>
          <Value>createTimeStamp:384:1:55a73700-c891-46fd-8f5c-72bc827f2ef5:20160407213828.594:384</Value>
          <Value>entryDN:384:1:55a73700-c891-46fd-8f5c-72bc827f2ef5:20160407213828.594:384</Value>
          <Value>isSingleValued:384:1:55a73700-c891-46fd-8f5c-72bc827f2ef5:20160407213828.594:384</Value>
          <Value>lDAPDisplayName:384:1:55a73700-c891-46fd-8f5c-72bc827f2ef5:20160407213828.594:384</Value>
          <Value>modifyTimeStamp:384:1:55a73700-c891-46fd-8f5c-72bc827f2ef5:20160407213828.594:384</Value>
          <Value>objectClass:384:1:55a73700-c891-46fd-8f5c-72bc827f2ef5:20160407213828.594:384</Value>
          <Value>objectGUID:384:1:55a73700-c891-46fd-8f5c-72bc827f2ef5:20160407213828.594:384</Value>
          <Value>oMSyntax:384:1:55a73700-c891-46fd-8f5c-72bc827f2ef5:20160407213828.594:384</Value>
          <Value>schemaIDGUID:384:1:55a73700-c891-46fd-8f5c-72bc827f2ef5:20160407213828.594:384</Value>
          <Value>uSNChanged:384:1:55a73700-c891-46fd-8f5c-72bc827f2ef5:20160407213828.594:384</Value>
          <Value>uSNCreated:384:1:55a73700-c891-46fd-8f5c-72bc827f2ef5:20160407213828.594:384</Value>
          <Value>vmwAttributeUsage:384:1:55a73700-c891-46fd-8f5c-72bc827f2ef5:20160407213828.594:384</Value>
        </AttributeMetadata>
      </AttributeSchemaEntry>
      <AttributeSchemaEntry>
        <Name>msIIS-FTPDir</Name>
        <AttributeMetadata>
          <Value>attributeID:579:1:55a73700-c891-46fd-8f5c-72bc827f2ef5:20160407213828.913:579</Value>
          <Value>attributeSyntax:579:1:55a73700-c891-46fd-8f5c-72bc827f2ef5:20160407213828.913:579</Value>
          <Value>cn:579:1:55a73700-c891-46fd-8f5c-72bc827f2ef5:20160407213828.913:579</Value>
          <Value>createTimeStamp:579:1:55a73700-c891-46fd-8f5c-72bc827f2ef5:20160407213828.913:579</Value>
          <Value>entryDN:579:1:55a73700-c891-46fd-8f5c-72bc827f2ef5:20160407213828.913:579</Value>
          <Value>isSingleValued:579:1:55a73700-c891-46fd-8f5c-72bc827f2ef5:20160407213828.913:579</Value>
          <Value>lDAPDisplayName:579:1:55a73700-c891-46fd-8f5c-72bc827f2ef5:20160407213828.913:579</Value>
          <Value>modifyTimeStamp:579:1:55a73700-c891-46fd-8f5c-72bc827f2ef5:20160407213828.913:579</Value>
          <Value>objectClass:579:1:55a73700-c891-46fd-8f5c-72bc827f2ef5:20160407213828.913:579</Value>
          <Value>objectGUID:579:1:55a73700-c891-46fd-8f5c-72bc827f2ef5:20160407213828.913:579</Value>
          <Value>oMSyntax:579:1:55a73700-c891-46fd-8f5c-72bc827f2ef5:20160407213828.913:579</Value>
          <Value>schemaIDGUID:579:1:55a73700-c891-46fd-8f5c-72bc827f2ef5:20160407213828.913:579</Value>
          <Value>uSNChanged:579:1:55a73700-c891-46fd-8f5c-72bc827f2ef5:20160407213828.913:579</Value>
          <Value>uSNCreated:579:1:55a73700-c891-46fd-8f5c-72bc827f2ef5:20160407213828.913:579</Value>
          <Value>vmwAttributeUsage:579:1:55a73700-c891-46fd-8f5c-72bc827f2ef5:20160407213828.913:579</Value>
        </AttributeMetadata>
      </AttributeSchemaEntry>
      <AttributeSchemaEntry>
        <Name>msIIS-FTPRoot</Name>
        <AttributeMetadata>
          <Value>attributeID:1088:1:55a73700-c891-46fd-8f5c-72bc827f2ef5:20160407213829.796:1088</Value>
          <Value>attributeSyntax:1088:1:55a73700-c891-46fd-8f5c-72bc827f2ef5:20160407213829.796:1088</Value>
          <Value>cn:1088:1:55a73700-c891-46fd-8f5c-72bc827f2ef5:20160407213829.796:1088</Value>
          <Value>createTimeStamp:1088:1:55a73700-c891-46fd-8f5c-72bc827f2ef5:20160407213829.796:1088</Value>
          <Value>entryDN:1088:1:55a73700-c891-46fd-8f5c-72bc827f2ef5:20160407213829.796:1088</Value>
          <Value>isSingleValued:1088:1:55a73700-c891-46fd-8f5c-72bc827f2ef5:20160407213829.796:1088</Value>
          <Value>lDAPDisplayName:1088:1:55a73700-c891-46fd-8f5c-72bc827f2ef5:20160407213829.796:1088</Value>
          <Value>modifyTimeStamp:1088:1:55a73700-c891-46fd-8f5c-72bc827f2ef5:20160407213829.796:1088</Value>
          <Value>objectClass:1088:1:55a73700-c891-46fd-8f5c-72bc827f2ef5:20160407213829.796:1088</Value>
          <Value>objectGUID:1088:1:55a73700-c891-46fd-8f5c-72bc827f2ef5:20160407213829.796:1088</Value>
          <Value>oMSyntax:1088:1:55a73700-c891-46fd-8f5c-72bc827f2ef5:20160407213829.796:1088</Value>
          <Value>schemaIDGUID:1088:1:55a73700-c891-46fd-8f5c-72bc827f2ef5:20160407213829.796:1088</Value>
          <Value>uSNChanged:1088:1:55a73700-c891-46fd-8f5c-72bc827f2ef5:20160407213829.796:1088</Value>
          <Value>uSNCreated:1088:1:55a73700-c891-46fd-8f5c-72bc827f2ef5:20160407213829.796:1088</Value>
          <Value>vmwAttributeUsage:1088:1:55a73700-c891-46fd-8f5c-72bc827f2ef5:20160407213829.796:1088</Value>
        </AttributeMetadata>
      </AttributeSchemaEntry>
      <AttributeSchemaEntry>
        <Name>msImaging-PSPIdentifier</Name>
        <AttributeMetadata>
          <Value>attributeID:1631:1:55a73700-c891-46fd-8f5c-72bc827f2ef5:20160407213830.713:1631</Value>
          <Value>attributeSyntax:1631:1:55a73700-c891-46fd-8f5c-72bc827f2ef5:20160407213830.713:1631</Value>
          <Value>cn:1631:1:55a73700-c891-46fd-8f5c-72bc827f2ef5:20160407213830.713:1631</Value>
          <Value>createTimeStamp:1631:1:55a73700-c891-46fd-8f5c-72bc827f2ef5:20160407213830.713:1631</Value>
          <Value>entryDN:1631:1:55a73700-c891-46fd-8f5c-72bc827f2ef5:20160407213830.713:1631</Value>
          <Value>isSingleValued:1631:1:55a73700-c891-46fd-8f5c-72bc827f2ef5:20160407213830.713:1631</Value>
          <Value>lDAPDisplayName:1631:1:55a73700-c891-46fd-8f5c-72bc827f2ef5:20160407213830.713:1631</Value>
          <Value>modifyTimeStamp:1631:1:55a73700-c891-46fd-8f5c-72bc827f2ef5:20160407213830.713:1631</Value>
          <Value>objectClass:1631:1:55a73700-c891-46fd-8f5c-72bc827f2ef5:20160407213830.713:1631</Value>
          <Value>objectGUID:1631:1:55a73700-c891-46fd-8f5c-72bc827f2ef5:20160407213830.713:1631</Value>
          <Value>oMSyntax:1631:1:55a73700-c891-46fd-8f5c-72bc827f2ef5:20160407213830.713:1631</Value>
          <Value>schemaIDGUID:1631:1:55a73700-c891-46fd-8f5c-72bc827f2ef5:20160407213830.713:1631</Value>
          <Value>uSNChanged:1631:1:55a73700-c891-46fd-8f5c-72bc827f2ef5:20160407213830.713:1631</Value>
          <Value>uSNCreated:1631:1:55a73700-c891-46fd-8f5c-72bc827f2ef5:20160407213830.713:1631</Value>
          <Value>vmwAttributeUsage:1631:1:55a73700-c891-46fd-8f5c-72bc827f2ef5:20160407213830.713:1631</Value>
        </AttributeMetadata>
      </AttributeSchemaEntry>
      <AttributeSchemaEntry>
        <Name>msImaging-PSPString</Name>
        <AttributeMetadata>
          <Value>attributeID:151:1:55a73700-c891-46fd-8f5c-72bc827f2ef5:20160407213828.257:151</Value>
          <Value>attributeSyntax:151:1:55a73700-c891-46fd-8f5c-72bc827f2ef5:20160407213828.257:151</Value>
          <Value>cn:151:1:55a73700-c891-46fd-8f5c-72bc827f2ef5:20160407213828.257:151</Value>
          <Value>createTimeStamp:151:1:55a73700-c891-46fd-8f5c-72bc827f2ef5:20160407213828.257:151</Value>
          <Value>entryDN:151:1:55a73700-c891-46fd-8f5c-72bc827f2ef5:20160407213828.257:151</Value>
          <Value>isSingleValued:151:1:55a73700-c891-46fd-8f5c-72bc827f2ef5:20160407213828.257:151</Value>
          <Value>lDAPDisplayName:151:1:55a73700-c891-46fd-8f5c-72bc827f2ef5:20160407213828.257:151</Value>
          <Value>modifyTimeStamp:151:1:55a73700-c891-46fd-8f5c-72bc827f2ef5:20160407213828.257:151</Value>
          <Value>objectClass:151:1:55a73700-c891-46fd-8f5c-72bc827f2ef5:20160407213828.257:151</Value>
          <Value>objectGUID:151:1:55a73700-c891-46fd-8f5c-72bc827f2ef5:20160407213828.257:151</Value>
          <Value>oMSyntax:151:1:55a73700-c891-46fd-8f5c-72bc827f2ef5:20160407213828.257:151</Value>
          <Value>schemaIDGUID:151:1:55a73700-c891-46fd-8f5c-72bc827f2ef5:20160407213828.257:151</Value>
          <Value>uSNChanged:151:1:55a73700-c891-46fd-8f5c-72bc827f2ef5:20160407213828.257:151</Value>
          <Value>uSNCreated:151:1:55a73700-c891-46fd-8f5c-72bc827f2ef5:20160407213828.257:151</Value>
          <Value>vmwAttributeUsage:151:1:55a73700-c891-46fd-8f5c-72bc827f2ef5:20160407213828.257:151</Value>
        </AttributeMetadata>
      </AttributeSchemaEntry>
      <AttributeSchemaEntry>
        <Name>msiScript</Name>
        <AttributeMetadata>
          <Value>attributeID:769:1:55a73700-c891-46fd-8f5c-72bc827f2ef5:20160407213829.239:769</Value>
          <Value>attributeSyntax:769:1:55a73700-c891-46fd-8f5c-72bc827f2ef5:20160407213829.239:769</Value>
          <Value>cn:769:1:55a73700-c891-46fd-8f5c-72bc827f2ef5:20160407213829.239:769</Value>
          <Value>createTimeStamp:769:1:55a73700-c891-46fd-8f5c-72bc827f2ef5:20160407213829.239:769</Value>
          <Value>entryDN:769:1:55a73700-c891-46fd-8f5c-72bc827f2ef5:20160407213829.239:769</Value>
          <Value>isSingleValued:769:1:55a73700-c891-46fd-8f5c-72bc827f2ef5:20160407213829.239:769</Value>
          <Value>lDAPDisplayName:769:1:55a73700-c891-46fd-8f5c-72bc827f2ef5:20160407213829.239:769</Value>
          <Value>modifyTimeStamp:769:1:55a73700-c891-46fd-8f5c-72bc827f2ef5:20160407213829.239:769</Value>
          <Value>objectClass:769:1:55a73700-c891-46fd-8f5c-72bc827f2ef5:20160407213829.239:769</Value>
          <Value>objectGUID:769:1:55a73700-c891-46fd-8f5c-72bc827f2ef5:20160407213829.239:769</Value>
          <Value>oMSyntax:769:1:55a73700-c891-46fd-8f5c-72bc827f2ef5:20160407213829.239:769</Value>
          <Value>schemaIDGUID:769:1:55a73700-c891-46fd-8f5c-72bc827f2ef5:20160407213829.239:769</Value>
          <Value>uSNChanged:769:1:55a73700-c891-46fd-8f5c-72bc827f2ef5:20160407213829.239:769</Value>
          <Value>uSNCreated:769:1:55a73700-c891-46fd-8f5c-72bc827f2ef5:20160407213829.239:769</Value>
          <Value>vmwAttributeUsage:769:1:55a73700-c891-46fd-8f5c-72bc827f2ef5:20160407213829.239:769</Value>
        </AttributeMetadata>
      </AttributeSchemaEntry>
      <AttributeSchemaEntry>
        <Name>msiScriptName</Name>
        <AttributeMetadata>
          <Value>attributeID:595:1:55a73700-c891-46fd-8f5c-72bc827f2ef5:20160407213828.940:595</Value>
          <Value>attributeSyntax:595:1:55a73700-c891-46fd-8f5c-72bc827f2ef5:20160407213828.940:595</Value>
          <Value>cn:595:1:55a73700-c891-46fd-8f5c-72bc827f2ef5:20160407213828.940:595</Value>
          <Value>createTimeStamp:595:1:55a73700-c891-46fd-8f5c-72bc827f2ef5:20160407213828.940:595</Value>
          <Value>entryDN:595:1:55a73700-c891-46fd-8f5c-72bc827f2ef5:20160407213828.940:595</Value>
          <Value>isSingleValued:595:1:55a73700-c891-46fd-8f5c-72bc827f2ef5:20160407213828.940:595</Value>
          <Value>lDAPDisplayName:595:1:55a73700-c891-46fd-8f5c-72bc827f2ef5:20160407213828.940:595</Value>
          <Value>modifyTimeStamp:595:1:55a73700-c891-46fd-8f5c-72bc827f2ef5:20160407213828.940:595</Value>
          <Value>objectClass:595:1:55a73700-c891-46fd-8f5c-72bc827f2ef5:20160407213828.940:595</Value>
          <Value>objectGUID:595:1:55a73700-c891-46fd-8f5c-72bc827f2ef5:20160407213828.940:595</Value>
          <Value>oMSyntax:595:1:55a73700-c891-46fd-8f5c-72bc827f2ef5:20160407213828.940:595</Value>
          <Value>schemaIDGUID:595:1:55a73700-c891-46fd-8f5c-72bc827f2ef5:20160407213828.940:595</Value>
          <Value>uSNChanged:595:1:55a73700-c891-46fd-8f5c-72bc827f2ef5:20160407213828.940:595</Value>
          <Value>uSNCreated:595:1:55a73700-c891-46fd-8f5c-72bc827f2ef5:20160407213828.940:595</Value>
          <Value>vmwAttributeUsage:595:1:55a73700-c891-46fd-8f5c-72bc827f2ef5:20160407213828.940:595</Value>
        </AttributeMetadata>
      </AttributeSchemaEntry>
      <AttributeSchemaEntry>
        <Name>msiScriptPath</Name>
        <AttributeMetadata>
          <Value>attributeID:1388:1:55a73700-c891-46fd-8f5c-72bc827f2ef5:20160407213830.305:1388</Value>
          <Value>attributeSyntax:1388:1:55a73700-c891-46fd-8f5c-72bc827f2ef5:20160407213830.305:1388</Value>
          <Value>cn:1388:1:55a73700-c891-46fd-8f5c-72bc827f2ef5:20160407213830.305:1388</Value>
          <Value>createTimeStamp:1388:1:55a73700-c891-46fd-8f5c-72bc827f2ef5:20160407213830.305:1388</Value>
          <Value>entryDN:1388:1:55a73700-c891-46fd-8f5c-72bc827f2ef5:20160407213830.305:1388</Value>
          <Value>isSingleValued:1388:1:55a73700-c891-46fd-8f5c-72bc827f2ef5:20160407213830.305:1388</Value>
          <Value>lDAPDisplayName:1388:1:55a73700-c891-46fd-8f5c-72bc827f2ef5:20160407213830.305:1388</Value>
          <Value>modifyTimeStamp:1388:1:55a73700-c891-46fd-8f5c-72bc827f2ef5:20160407213830.305:1388</Value>
          <Value>objectClass:1388:1:55a73700-c891-46fd-8f5c-72bc827f2ef5:20160407213830.305:1388</Value>
          <Value>objectGUID:1388:1:55a73700-c891-46fd-8f5c-72bc827f2ef5:20160407213830.305:1388</Value>
          <Value>oMSyntax:1388:1:55a73700-c891-46fd-8f5c-72bc827f2ef5:20160407213830.305:1388</Value>
          <Value>schemaIDGUID:1388:1:55a73700-c891-46fd-8f5c-72bc827f2ef5:20160407213830.305:1388</Value>
          <Value>uSNChanged:1388:1:55a73700-c891-46fd-8f5c-72bc827f2ef5:20160407213830.305:1388</Value>
          <Value>uSNCreated:1388:1:55a73700-c891-46fd-8f5c-72bc827f2ef5:20160407213830.305:1388</Value>
          <Value>vmwAttributeUsage:1388:1:55a73700-c891-46fd-8f5c-72bc827f2ef5:20160407213830.305:1388</Value>
        </AttributeMetadata>
      </AttributeSchemaEntry>
      <AttributeSchemaEntry>
        <Name>msiScriptSize</Name>
        <AttributeMetadata>
          <Value>attributeID:872:1:55a73700-c891-46fd-8f5c-72bc827f2ef5:20160407213829.419:872</Value>
          <Value>attributeSyntax:872:1:55a73700-c891-46fd-8f5c-72bc827f2ef5:20160407213829.419:872</Value>
          <Value>cn:872:1:55a73700-c891-46fd-8f5c-72bc827f2ef5:20160407213829.419:872</Value>
          <Value>createTimeStamp:872:1:55a73700-c891-46fd-8f5c-72bc827f2ef5:20160407213829.419:872</Value>
          <Value>entryDN:872:1:55a73700-c891-46fd-8f5c-72bc827f2ef5:20160407213829.419:872</Value>
          <Value>isSingleValued:872:1:55a73700-c891-46fd-8f5c-72bc827f2ef5:20160407213829.419:872</Value>
          <Value>lDAPDisplayName:872:1:55a73700-c891-46fd-8f5c-72bc827f2ef5:20160407213829.419:872</Value>
          <Value>modifyTimeStamp:872:1:55a73700-c891-46fd-8f5c-72bc827f2ef5:20160407213829.419:872</Value>
          <Value>objectClass:872:1:55a73700-c891-46fd-8f5c-72bc827f2ef5:20160407213829.419:872</Value>
          <Value>objectGUID:872:1:55a73700-c891-46fd-8f5c-72bc827f2ef5:20160407213829.419:872</Value>
          <Value>oMSyntax:872:1:55a73700-c891-46fd-8f5c-72bc827f2ef5:20160407213829.419:872</Value>
          <Value>schemaIDGUID:872:1:55a73700-c891-46fd-8f5c-72bc827f2ef5:20160407213829.419:872</Value>
          <Value>uSNChanged:872:1:55a73700-c891-46fd-8f5c-72bc827f2ef5:20160407213829.419:872</Value>
          <Value>uSNCreated:872:1:55a73700-c891-46fd-8f5c-72bc827f2ef5:20160407213829.419:872</Value>
          <Value>vmwAttributeUsage:872:1:55a73700-c891-46fd-8f5c-72bc827f2ef5:20160407213829.419:872</Value>
        </AttributeMetadata>
      </AttributeSchemaEntry>
      <AttributeSchemaEntry>
        <Name>mSMQAuthenticate</Name>
        <AttributeMetadata>
          <Value>attributeID:1197:1:55a73700-c891-46fd-8f5c-72bc827f2ef5:20160407213829.991:1197</Value>
          <Value>attributeSyntax:1197:1:55a73700-c891-46fd-8f5c-72bc827f2ef5:20160407213829.991:1197</Value>
          <Value>cn:1197:1:55a73700-c891-46fd-8f5c-72bc827f2ef5:20160407213829.991:1197</Value>
          <Value>createTimeStamp:1197:1:55a73700-c891-46fd-8f5c-72bc827f2ef5:20160407213829.991:1197</Value>
          <Value>entryDN:1197:1:55a73700-c891-46fd-8f5c-72bc827f2ef5:20160407213829.991:1197</Value>
          <Value>isSingleValued:1197:1:55a73700-c891-46fd-8f5c-72bc827f2ef5:20160407213829.991:1197</Value>
          <Value>lDAPDisplayName:1197:1:55a73700-c891-46fd-8f5c-72bc827f2ef5:20160407213829.991:1197</Value>
          <Value>modifyTimeStamp:1197:1:55a73700-c891-46fd-8f5c-72bc827f2ef5:20160407213829.991:1197</Value>
          <Value>objectClass:1197:1:55a73700-c891-46fd-8f5c-72bc827f2ef5:20160407213829.991:1197</Value>
          <Value>objectGUID:1197:1:55a73700-c891-46fd-8f5c-72bc827f2ef5:20160407213829.991:1197</Value>
          <Value>oMSyntax:1197:1:55a73700-c891-46fd-8f5c-72bc827f2ef5:20160407213829.991:1197</Value>
          <Value>schemaIDGUID:1197:1:55a73700-c891-46fd-8f5c-72bc827f2ef5:20160407213829.991:1197</Value>
          <Value>uSNChanged:1197:1:55a73700-c891-46fd-8f5c-72bc827f2ef5:20160407213829.991:1197</Value>
          <Value>uSNCreated:1197:1:55a73700-c891-46fd-8f5c-72bc827f2ef5:20160407213829.991:1197</Value>
          <Value>vmwAttributeUsage:1197:1:55a73700-c891-46fd-8f5c-72bc827f2ef5:20160407213829.991:1197</Value>
        </AttributeMetadata>
      </AttributeSchemaEntry>
      <AttributeSchemaEntry>
        <Name>mSMQBasePriority</Name>
        <AttributeMetadata>
          <Value>attributeID:831:1:55a73700-c891-46fd-8f5c-72bc827f2ef5:20160407213829.344:831</Value>
          <Value>attributeSyntax:831:1:55a73700-c891-46fd-8f5c-72bc827f2ef5:20160407213829.344:831</Value>
          <Value>cn:831:1:55a73700-c891-46fd-8f5c-72bc827f2ef5:20160407213829.344:831</Value>
          <Value>createTimeStamp:831:1:55a73700-c891-46fd-8f5c-72bc827f2ef5:20160407213829.344:831</Value>
          <Value>entryDN:831:1:55a73700-c891-46fd-8f5c-72bc827f2ef5:20160407213829.344:831</Value>
          <Value>isSingleValued:831:1:55a73700-c891-46fd-8f5c-72bc827f2ef5:20160407213829.344:831</Value>
          <Value>lDAPDisplayName:831:1:55a73700-c891-46fd-8f5c-72bc827f2ef5:20160407213829.344:831</Value>
          <Value>modifyTimeStamp:831:1:55a73700-c891-46fd-8f5c-72bc827f2ef5:20160407213829.344:831</Value>
          <Value>objectClass:831:1:55a73700-c891-46fd-8f5c-72bc827f2ef5:20160407213829.344:831</Value>
          <Value>objectGUID:831:1:55a73700-c891-46fd-8f5c-72bc827f2ef5:20160407213829.344:831</Value>
          <Value>oMSyntax:831:1:55a73700-c891-46fd-8f5c-72bc827f2ef5:20160407213829.344:831</Value>
          <Value>schemaIDGUID:831:1:55a73700-c891-46fd-8f5c-72bc827f2ef5:20160407213829.344:831</Value>
          <Value>uSNChanged:831:1:55a73700-c891-46fd-8f5c-72bc827f2ef5:20160407213829.344:831</Value>
          <Value>uSNCreated:831:1:55a73700-c891-46fd-8f5c-72bc827f2ef5:20160407213829.344:831</Value>
          <Value>vmwAttributeUsage:831:1:55a73700-c891-46fd-8f5c-72bc827f2ef5:20160407213829.344:831</Value>
        </AttributeMetadata>
      </AttributeSchemaEntry>
      <AttributeSchemaEntry>
        <Name>mSMQComputerType</Name>
        <AttributeMetadata>
          <Value>attributeID:1198:1:55a73700-c891-46fd-8f5c-72bc827f2ef5:20160407213829.993:1198</Value>
          <Value>attributeSyntax:1198:1:55a73700-c891-46fd-8f5c-72bc827f2ef5:20160407213829.993:1198</Value>
          <Value>cn:1198:1:55a73700-c891-46fd-8f5c-72bc827f2ef5:20160407213829.993:1198</Value>
          <Value>createTimeStamp:1198:1:55a73700-c891-46fd-8f5c-72bc827f2ef5:20160407213829.993:1198</Value>
          <Value>entryDN:1198:1:55a73700-c891-46fd-8f5c-72bc827f2ef5:20160407213829.993:1198</Value>
          <Value>isSingleValued:1198:1:55a73700-c891-46fd-8f5c-72bc827f2ef5:20160407213829.993:1198</Value>
          <Value>lDAPDisplayName:1198:1:55a73700-c891-46fd-8f5c-72bc827f2ef5:20160407213829.993:1198</Value>
          <Value>modifyTimeStamp:1198:1:55a73700-c891-46fd-8f5c-72bc827f2ef5:20160407213829.993:1198</Value>
          <Value>objectClass:1198:1:55a73700-c891-46fd-8f5c-72bc827f2ef5:20160407213829.993:1198</Value>
          <Value>objectGUID:1198:1:55a73700-c891-46fd-8f5c-72bc827f2ef5:20160407213829.993:1198</Value>
          <Value>oMSyntax:1198:1:55a73700-c891-46fd-8f5c-72bc827f2ef5:20160407213829.993:1198</Value>
          <Value>schemaIDGUID:1198:1:55a73700-c891-46fd-8f5c-72bc827f2ef5:20160407213829.993:1198</Value>
          <Value>uSNChanged:1198:1:55a73700-c891-46fd-8f5c-72bc827f2ef5:20160407213829.993:1198</Value>
          <Value>uSNCreated:1198:1:55a73700-c891-46fd-8f5c-72bc827f2ef5:20160407213829.993:1198</Value>
          <Value>vmwAttributeUsage:1198:1:55a73700-c891-46fd-8f5c-72bc827f2ef5:20160407213829.993:1198</Value>
        </AttributeMetadata>
      </AttributeSchemaEntry>
      <AttributeSchemaEntry>
        <Name>mSMQComputerTypeEx</Name>
        <AttributeMetadata>
          <Value>attributeID:213:1:55a73700-c891-46fd-8f5c-72bc827f2ef5:20160407213828.334:213</Value>
          <Value>attributeSyntax:213:1:55a73700-c891-46fd-8f5c-72bc827f2ef5:20160407213828.334:213</Value>
          <Value>cn:213:1:55a73700-c891-46fd-8f5c-72bc827f2ef5:20160407213828.334:213</Value>
          <Value>createTimeStamp:213:1:55a73700-c891-46fd-8f5c-72bc827f2ef5:20160407213828.334:213</Value>
          <Value>entryDN:213:1:55a73700-c891-46fd-8f5c-72bc827f2ef5:20160407213828.334:213</Value>
          <Value>isSingleValued:213:1:55a73700-c891-46fd-8f5c-72bc827f2ef5:20160407213828.334:213</Value>
          <Value>lDAPDisplayName:213:1:55a73700-c891-46fd-8f5c-72bc827f2ef5:20160407213828.334:213</Value>
          <Value>modifyTimeStamp:213:1:55a73700-c891-46fd-8f5c-72bc827f2ef5:20160407213828.334:213</Value>
          <Value>objectClass:213:1:55a73700-c891-46fd-8f5c-72bc827f2ef5:20160407213828.334:213</Value>
          <Value>objectGUID:213:1:55a73700-c891-46fd-8f5c-72bc827f2ef5:20160407213828.334:213</Value>
          <Value>oMSyntax:213:1:55a73700-c891-46fd-8f5c-72bc827f2ef5:20160407213828.334:213</Value>
          <Value>schemaIDGUID:213:1:55a73700-c891-46fd-8f5c-72bc827f2ef5:20160407213828.334:213</Value>
          <Value>uSNChanged:213:1:55a73700-c891-46fd-8f5c-72bc827f2ef5:20160407213828.334:213</Value>
          <Value>uSNCreated:213:1:55a73700-c891-46fd-8f5c-72bc827f2ef5:20160407213828.334:213</Value>
          <Value>vmwAttributeUsage:213:1:55a73700-c891-46fd-8f5c-72bc827f2ef5:20160407213828.334:213</Value>
        </AttributeMetadata>
      </AttributeSchemaEntry>
      <AttributeSchemaEntry>
        <Name>mSMQCost</Name>
        <AttributeMetadata>
          <Value>attributeID:308:1:55a73700-c891-46fd-8f5c-72bc827f2ef5:20160407213828.476:308</Value>
          <Value>attributeSyntax:308:1:55a73700-c891-46fd-8f5c-72bc827f2ef5:20160407213828.476:308</Value>
          <Value>cn:308:1:55a73700-c891-46fd-8f5c-72bc827f2ef5:20160407213828.476:308</Value>
          <Value>createTimeStamp:308:1:55a73700-c891-46fd-8f5c-72bc827f2ef5:20160407213828.476:308</Value>
          <Value>entryDN:308:1:55a73700-c891-46fd-8f5c-72bc827f2ef5:20160407213828.476:308</Value>
          <Value>isSingleValued:308:1:55a73700-c891-46fd-8f5c-72bc827f2ef5:20160407213828.476:308</Value>
          <Value>lDAPDisplayName:308:1:55a73700-c891-46fd-8f5c-72bc827f2ef5:20160407213828.476:308</Value>
          <Value>modifyTimeStamp:308:1:55a73700-c891-46fd-8f5c-72bc827f2ef5:20160407213828.476:308</Value>
          <Value>objectClass:308:1:55a73700-c891-46fd-8f5c-72bc827f2ef5:20160407213828.476:308</Value>
          <Value>objectGUID:308:1:55a73700-c891-46fd-8f5c-72bc827f2ef5:20160407213828.476:308</Value>
          <Value>oMSyntax:308:1:55a73700-c891-46fd-8f5c-72bc827f2ef5:20160407213828.476:308</Value>
          <Value>schemaIDGUID:308:1:55a73700-c891-46fd-8f5c-72bc827f2ef5:20160407213828.476:308</Value>
          <Value>uSNChanged:308:1:55a73700-c891-46fd-8f5c-72bc827f2ef5:20160407213828.476:308</Value>
          <Value>uSNCreated:308:1:55a73700-c891-46fd-8f5c-72bc827f2ef5:20160407213828.476:308</Value>
          <Value>vmwAttributeUsage:308:1:55a73700-c891-46fd-8f5c-72bc827f2ef5:20160407213828.476:308</Value>
        </AttributeMetadata>
      </AttributeSchemaEntry>
      <AttributeSchemaEntry>
        <Name>mSMQCSPName</Name>
        <AttributeMetadata>
          <Value>attributeID:1553:1:55a73700-c891-46fd-8f5c-72bc827f2ef5:20160407213830.583:1553</Value>
          <Value>attributeSyntax:1553:1:55a73700-c891-46fd-8f5c-72bc827f2ef5:20160407213830.583:1553</Value>
          <Value>cn:1553:1:55a73700-c891-46fd-8f5c-72bc827f2ef5:20160407213830.583:1553</Value>
          <Value>createTimeStamp:1553:1:55a73700-c891-46fd-8f5c-72bc827f2ef5:20160407213830.583:1553</Value>
          <Value>entryDN:1553:1:55a73700-c891-46fd-8f5c-72bc827f2ef5:20160407213830.583:1553</Value>
          <Value>isSingleValued:1553:1:55a73700-c891-46fd-8f5c-72bc827f2ef5:20160407213830.583:1553</Value>
          <Value>lDAPDisplayName:1553:1:55a73700-c891-46fd-8f5c-72bc827f2ef5:20160407213830.583:1553</Value>
          <Value>modifyTimeStamp:1553:1:55a73700-c891-46fd-8f5c-72bc827f2ef5:20160407213830.583:1553</Value>
          <Value>objectClass:1553:1:55a73700-c891-46fd-8f5c-72bc827f2ef5:20160407213830.583:1553</Value>
          <Value>objectGUID:1553:1:55a73700-c891-46fd-8f5c-72bc827f2ef5:20160407213830.583:1553</Value>
          <Value>oMSyntax:1553:1:55a73700-c891-46fd-8f5c-72bc827f2ef5:20160407213830.583:1553</Value>
          <Value>schemaIDGUID:1553:1:55a73700-c891-46fd-8f5c-72bc827f2ef5:20160407213830.583:1553</Value>
          <Value>uSNChanged:1553:1:55a73700-c891-46fd-8f5c-72bc827f2ef5:20160407213830.583:1553</Value>
          <Value>uSNCreated:1553:1:55a73700-c891-46fd-8f5c-72bc827f2ef5:20160407213830.583:1553</Value>
          <Value>vmwAttributeUsage:1553:1:55a73700-c891-46fd-8f5c-72bc827f2ef5:20160407213830.583:1553</Value>
        </AttributeMetadata>
      </AttributeSchemaEntry>
      <AttributeSchemaEntry>
        <Name>mSMQDependentClientService</Name>
        <AttributeMetadata>
          <Value>attributeID:1522:1:55a73700-c891-46fd-8f5c-72bc827f2ef5:20160407213830.532:1522</Value>
          <Value>attributeSyntax:1522:1:55a73700-c891-46fd-8f5c-72bc827f2ef5:20160407213830.532:1522</Value>
          <Value>cn:1522:1:55a73700-c891-46fd-8f5c-72bc827f2ef5:20160407213830.532:1522</Value>
          <Value>createTimeStamp:1522:1:55a73700-c891-46fd-8f5c-72bc827f2ef5:20160407213830.532:1522</Value>
          <Value>entryDN:1522:1:55a73700-c891-46fd-8f5c-72bc827f2ef5:20160407213830.532:1522</Value>
          <Value>isSingleValued:1522:1:55a73700-c891-46fd-8f5c-72bc827f2ef5:20160407213830.532:1522</Value>
          <Value>lDAPDisplayName:1522:1:55a73700-c891-46fd-8f5c-72bc827f2ef5:20160407213830.532:1522</Value>
          <Value>modifyTimeStamp:1522:1:55a73700-c891-46fd-8f5c-72bc827f2ef5:20160407213830.532:1522</Value>
          <Value>objectClass:1522:1:55a73700-c891-46fd-8f5c-72bc827f2ef5:20160407213830.532:1522</Value>
          <Value>objectGUID:1522:1:55a73700-c891-46fd-8f5c-72bc827f2ef5:20160407213830.532:1522</Value>
          <Value>oMSyntax:1522:1:55a73700-c891-46fd-8f5c-72bc827f2ef5:20160407213830.532:1522</Value>
          <Value>schemaIDGUID:1522:1:55a73700-c891-46fd-8f5c-72bc827f2ef5:20160407213830.532:1522</Value>
          <Value>uSNChanged:1522:1:55a73700-c891-46fd-8f5c-72bc827f2ef5:20160407213830.532:1522</Value>
          <Value>uSNCreated:1522:1:55a73700-c891-46fd-8f5c-72bc827f2ef5:20160407213830.532:1522</Value>
          <Value>vmwAttributeUsage:1522:1:55a73700-c891-46fd-8f5c-72bc827f2ef5:20160407213830.532:1522</Value>
        </AttributeMetadata>
      </AttributeSchemaEntry>
      <AttributeSchemaEntry>
        <Name>mSMQDependentClientServices</Name>
        <AttributeMetadata>
          <Value>attributeID:1527:1:55a73700-c891-46fd-8f5c-72bc827f2ef5:20160407213830.537:1527</Value>
          <Value>attributeSyntax:1527:1:55a73700-c891-46fd-8f5c-72bc827f2ef5:20160407213830.537:1527</Value>
          <Value>cn:1527:1:55a73700-c891-46fd-8f5c-72bc827f2ef5:20160407213830.537:1527</Value>
          <Value>createTimeStamp:1527:1:55a73700-c891-46fd-8f5c-72bc827f2ef5:20160407213830.537:1527</Value>
          <Value>entryDN:1527:1:55a73700-c891-46fd-8f5c-72bc827f2ef5:20160407213830.537:1527</Value>
          <Value>isSingleValued:1527:1:55a73700-c891-46fd-8f5c-72bc827f2ef5:20160407213830.537:1527</Value>
          <Value>lDAPDisplayName:1527:1:55a73700-c891-46fd-8f5c-72bc827f2ef5:20160407213830.537:1527</Value>
          <Value>modifyTimeStamp:1527:1:55a73700-c891-46fd-8f5c-72bc827f2ef5:20160407213830.537:1527</Value>
          <Value>objectClass:1527:1:55a73700-c891-46fd-8f5c-72bc827f2ef5:20160407213830.537:1527</Value>
          <Value>objectGUID:1527:1:55a73700-c891-46fd-8f5c-72bc827f2ef5:20160407213830.537:1527</Value>
          <Value>oMSyntax:1527:1:55a73700-c891-46fd-8f5c-72bc827f2ef5:20160407213830.537:1527</Value>
          <Value>schemaIDGUID:1527:1:55a73700-c891-46fd-8f5c-72bc827f2ef5:20160407213830.537:1527</Value>
          <Value>uSNChanged:1527:1:55a73700-c891-46fd-8f5c-72bc827f2ef5:20160407213830.537:1527</Value>
          <Value>uSNCreated:1527:1:55a73700-c891-46fd-8f5c-72bc827f2ef5:20160407213830.537:1527</Value>
          <Value>vmwAttributeUsage:1527:1:55a73700-c891-46fd-8f5c-72bc827f2ef5:20160407213830.537:1527</Value>
        </AttributeMetadata>
      </AttributeSchemaEntry>
      <AttributeSchemaEntry>
        <Name>mSMQDigests</Name>
        <AttributeMetadata>
          <Value>attributeID:495:1:55a73700-c891-46fd-8f5c-72bc827f2ef5:20160407213828.770:495</Value>
          <Value>attributeSyntax:495:1:55a73700-c891-46fd-8f5c-72bc827f2ef5:20160407213828.770:495</Value>
          <Value>cn:495:1:55a73700-c891-46fd-8f5c-72bc827f2ef5:20160407213828.770:495</Value>
          <Value>createTimeStamp:495:1:55a73700-c891-46fd-8f5c-72bc827f2ef5:20160407213828.770:495</Value>
          <Value>entryDN:495:1:55a73700-c891-46fd-8f5c-72bc827f2ef5:20160407213828.770:495</Value>
          <Value>isSingleValued:495:1:55a73700-c891-46fd-8f5c-72bc827f2ef5:20160407213828.770:495</Value>
          <Value>lDAPDisplayName:495:1:55a73700-c891-46fd-8f5c-72bc827f2ef5:20160407213828.770:495</Value>
          <Value>modifyTimeStamp:495:1:55a73700-c891-46fd-8f5c-72bc827f2ef5:20160407213828.770:495</Value>
          <Value>objectClass:495:1:55a73700-c891-46fd-8f5c-72bc827f2ef5:20160407213828.770:495</Value>
          <Value>objectGUID:495:1:55a73700-c891-46fd-8f5c-72bc827f2ef5:20160407213828.770:495</Value>
          <Value>oMSyntax:495:1:55a73700-c891-46fd-8f5c-72bc827f2ef5:20160407213828.770:495</Value>
          <Value>schemaIDGUID:495:1:55a73700-c891-46fd-8f5c-72bc827f2ef5:20160407213828.770:495</Value>
          <Value>uSNChanged:495:1:55a73700-c891-46fd-8f5c-72bc827f2ef5:20160407213828.770:495</Value>
          <Value>uSNCreated:495:1:55a73700-c891-46fd-8f5c-72bc827f2ef5:20160407213828.770:495</Value>
          <Value>vmwAttributeUsage:495:1:55a73700-c891-46fd-8f5c-72bc827f2ef5:20160407213828.770:495</Value>
        </AttributeMetadata>
      </AttributeSchemaEntry>
      <AttributeSchemaEntry>
        <Name>mSMQDigestsMig</Name>
        <AttributeMetadata>
          <Value>attributeID:1663:1:55a73700-c891-46fd-8f5c-72bc827f2ef5:20160407213830.769:1663</Value>
          <Value>attributeSyntax:1663:1:55a73700-c891-46fd-8f5c-72bc827f2ef5:20160407213830.769:1663</Value>
          <Value>cn:1663:1:55a73700-c891-46fd-8f5c-72bc827f2ef5:20160407213830.769:1663</Value>
          <Value>createTimeStamp:1663:1:55a73700-c891-46fd-8f5c-72bc827f2ef5:20160407213830.769:1663</Value>
          <Value>entryDN:1663:1:55a73700-c891-46fd-8f5c-72bc827f2ef5:20160407213830.769:1663</Value>
          <Value>isSingleValued:1663:1:55a73700-c891-46fd-8f5c-72bc827f2ef5:20160407213830.769:1663</Value>
          <Value>lDAPDisplayName:1663:1:55a73700-c891-46fd-8f5c-72bc827f2ef5:20160407213830.769:1663</Value>
          <Value>modifyTimeStamp:1663:1:55a73700-c891-46fd-8f5c-72bc827f2ef5:20160407213830.769:1663</Value>
          <Value>objectClass:1663:1:55a73700-c891-46fd-8f5c-72bc827f2ef5:20160407213830.769:1663</Value>
          <Value>objectGUID:1663:1:55a73700-c891-46fd-8f5c-72bc827f2ef5:20160407213830.769:1663</Value>
          <Value>oMSyntax:1663:1:55a73700-c891-46fd-8f5c-72bc827f2ef5:20160407213830.769:1663</Value>
          <Value>schemaIDGUID:1663:1:55a73700-c891-46fd-8f5c-72bc827f2ef5:20160407213830.769:1663</Value>
          <Value>uSNChanged:1663:1:55a73700-c891-46fd-8f5c-72bc827f2ef5:20160407213830.769:1663</Value>
          <Value>uSNCreated:1663:1:55a73700-c891-46fd-8f5c-72bc827f2ef5:20160407213830.769:1663</Value>
          <Value>vmwAttributeUsage:1663:1:55a73700-c891-46fd-8f5c-72bc827f2ef5:20160407213830.769:1663</Value>
        </AttributeMetadata>
      </AttributeSchemaEntry>
      <AttributeSchemaEntry>
        <Name>mSMQDsService</Name>
        <AttributeMetadata>
          <Value>attributeID:122:1:55a73700-c891-46fd-8f5c-72bc827f2ef5:20160407213828.211:122</Value>
          <Value>attributeSyntax:122:1:55a73700-c891-46fd-8f5c-72bc827f2ef5:20160407213828.211:122</Value>
          <Value>cn:122:1:55a73700-c891-46fd-8f5c-72bc827f2ef5:20160407213828.211:122</Value>
          <Value>createTimeStamp:122:1:55a73700-c891-46fd-8f5c-72bc827f2ef5:20160407213828.211:122</Value>
          <Value>entryDN:122:1:55a73700-c891-46fd-8f5c-72bc827f2ef5:20160407213828.211:122</Value>
          <Value>isSingleValued:122:1:55a73700-c891-46fd-8f5c-72bc827f2ef5:20160407213828.211:122</Value>
          <Value>lDAPDisplayName:122:1:55a73700-c891-46fd-8f5c-72bc827f2ef5:20160407213828.211:122</Value>
          <Value>modifyTimeStamp:122:1:55a73700-c891-46fd-8f5c-72bc827f2ef5:20160407213828.211:122</Value>
          <Value>objectClass:122:1:55a73700-c891-46fd-8f5c-72bc827f2ef5:20160407213828.211:122</Value>
          <Value>objectGUID:122:1:55a73700-c891-46fd-8f5c-72bc827f2ef5:20160407213828.211:122</Value>
          <Value>oMSyntax:122:1:55a73700-c891-46fd-8f5c-72bc827f2ef5:20160407213828.211:122</Value>
          <Value>schemaIDGUID:122:1:55a73700-c891-46fd-8f5c-72bc827f2ef5:20160407213828.211:122</Value>
          <Value>uSNChanged:122:1:55a73700-c891-46fd-8f5c-72bc827f2ef5:20160407213828.211:122</Value>
          <Value>uSNCreated:122:1:55a73700-c891-46fd-8f5c-72bc827f2ef5:20160407213828.211:122</Value>
          <Value>vmwAttributeUsage:122:1:55a73700-c891-46fd-8f5c-72bc827f2ef5:20160407213828.211:122</Value>
        </AttributeMetadata>
      </AttributeSchemaEntry>
      <AttributeSchemaEntry>
        <Name>mSMQDsServices</Name>
        <AttributeMetadata>
          <Value>attributeID:819:1:55a73700-c891-46fd-8f5c-72bc827f2ef5:20160407213829.325:819</Value>
          <Value>attributeSyntax:819:1:55a73700-c891-46fd-8f5c-72bc827f2ef5:20160407213829.325:819</Value>
          <Value>cn:819:1:55a73700-c891-46fd-8f5c-72bc827f2ef5:20160407213829.325:819</Value>
          <Value>createTimeStamp:819:1:55a73700-c891-46fd-8f5c-72bc827f2ef5:20160407213829.325:819</Value>
          <Value>entryDN:819:1:55a73700-c891-46fd-8f5c-72bc827f2ef5:20160407213829.325:819</Value>
          <Value>isSingleValued:819:1:55a73700-c891-46fd-8f5c-72bc827f2ef5:20160407213829.325:819</Value>
          <Value>lDAPDisplayName:819:1:55a73700-c891-46fd-8f5c-72bc827f2ef5:20160407213829.325:819</Value>
          <Value>modifyTimeStamp:819:1:55a73700-c891-46fd-8f5c-72bc827f2ef5:20160407213829.325:819</Value>
          <Value>objectClass:819:1:55a73700-c891-46fd-8f5c-72bc827f2ef5:20160407213829.325:819</Value>
          <Value>objectGUID:819:1:55a73700-c891-46fd-8f5c-72bc827f2ef5:20160407213829.325:819</Value>
          <Value>oMSyntax:819:1:55a73700-c891-46fd-8f5c-72bc827f2ef5:20160407213829.325:819</Value>
          <Value>schemaIDGUID:819:1:55a73700-c891-46fd-8f5c-72bc827f2ef5:20160407213829.325:819</Value>
          <Value>uSNChanged:819:1:55a73700-c891-46fd-8f5c-72bc827f2ef5:20160407213829.325:819</Value>
          <Value>uSNCreated:819:1:55a73700-c891-46fd-8f5c-72bc827f2ef5:20160407213829.325:819</Value>
          <Value>vmwAttributeUsage:819:1:55a73700-c891-46fd-8f5c-72bc827f2ef5:20160407213829.325:819</Value>
        </AttributeMetadata>
      </AttributeSchemaEntry>
      <AttributeSchemaEntry>
        <Name>mSMQEncryptKey</Name>
        <AttributeMetadata>
          <Value>attributeID:998:1:55a73700-c891-46fd-8f5c-72bc827f2ef5:20160407213829.624:998</Value>
          <Value>attributeSyntax:998:1:55a73700-c891-46fd-8f5c-72bc827f2ef5:20160407213829.624:998</Value>
          <Value>cn:998:1:55a73700-c891-46fd-8f5c-72bc827f2ef5:20160407213829.624:998</Value>
          <Value>createTimeStamp:998:1:55a73700-c891-46fd-8f5c-72bc827f2ef5:20160407213829.624:998</Value>
          <Value>entryDN:998:1:55a73700-c891-46fd-8f5c-72bc827f2ef5:20160407213829.624:998</Value>
          <Value>isSingleValued:998:1:55a73700-c891-46fd-8f5c-72bc827f2ef5:20160407213829.624:998</Value>
          <Value>lDAPDisplayName:998:1:55a73700-c891-46fd-8f5c-72bc827f2ef5:20160407213829.624:998</Value>
          <Value>modifyTimeStamp:998:1:55a73700-c891-46fd-8f5c-72bc827f2ef5:20160407213829.624:998</Value>
          <Value>objectClass:998:1:55a73700-c891-46fd-8f5c-72bc827f2ef5:20160407213829.624:998</Value>
          <Value>objectGUID:998:1:55a73700-c891-46fd-8f5c-72bc827f2ef5:20160407213829.624:998</Value>
          <Value>oMSyntax:998:1:55a73700-c891-46fd-8f5c-72bc827f2ef5:20160407213829.624:998</Value>
          <Value>schemaIDGUID:998:1:55a73700-c891-46fd-8f5c-72bc827f2ef5:20160407213829.624:998</Value>
          <Value>uSNChanged:998:1:55a73700-c891-46fd-8f5c-72bc827f2ef5:20160407213829.624:998</Value>
          <Value>uSNCreated:998:1:55a73700-c891-46fd-8f5c-72bc827f2ef5:20160407213829.624:998</Value>
          <Value>vmwAttributeUsage:998:1:55a73700-c891-46fd-8f5c-72bc827f2ef5:20160407213829.624:998</Value>
        </AttributeMetadata>
      </AttributeSchemaEntry>
      <AttributeSchemaEntry>
        <Name>mSMQForeign</Name>
        <AttributeMetadata>
          <Value>attributeID:320:1:55a73700-c891-46fd-8f5c-72bc827f2ef5:20160407213828.498:320</Value>
          <Value>attributeSyntax:320:1:55a73700-c891-46fd-8f5c-72bc827f2ef5:20160407213828.498:320</Value>
          <Value>cn:320:1:55a73700-c891-46fd-8f5c-72bc827f2ef5:20160407213828.498:320</Value>
          <Value>createTimeStamp:320:1:55a73700-c891-46fd-8f5c-72bc827f2ef5:20160407213828.498:320</Value>
          <Value>entryDN:320:1:55a73700-c891-46fd-8f5c-72bc827f2ef5:20160407213828.498:320</Value>
          <Value>isSingleValued:320:1:55a73700-c891-46fd-8f5c-72bc827f2ef5:20160407213828.498:320</Value>
          <Value>lDAPDisplayName:320:1:55a73700-c891-46fd-8f5c-72bc827f2ef5:20160407213828.498:320</Value>
          <Value>modifyTimeStamp:320:1:55a73700-c891-46fd-8f5c-72bc827f2ef5:20160407213828.498:320</Value>
          <Value>objectClass:320:1:55a73700-c891-46fd-8f5c-72bc827f2ef5:20160407213828.498:320</Value>
          <Value>objectGUID:320:1:55a73700-c891-46fd-8f5c-72bc827f2ef5:20160407213828.498:320</Value>
          <Value>oMSyntax:320:1:55a73700-c891-46fd-8f5c-72bc827f2ef5:20160407213828.498:320</Value>
          <Value>schemaIDGUID:320:1:55a73700-c891-46fd-8f5c-72bc827f2ef5:20160407213828.498:320</Value>
          <Value>uSNChanged:320:1:55a73700-c891-46fd-8f5c-72bc827f2ef5:20160407213828.498:320</Value>
          <Value>uSNCreated:320:1:55a73700-c891-46fd-8f5c-72bc827f2ef5:20160407213828.498:320</Value>
          <Value>vmwAttributeUsage:320:1:55a73700-c891-46fd-8f5c-72bc827f2ef5:20160407213828.498:320</Value>
        </AttributeMetadata>
      </AttributeSchemaEntry>
      <AttributeSchemaEntry>
        <Name>mSMQInRoutingServers</Name>
        <AttributeMetadata>
          <Value>attributeID:922:1:55a73700-c891-46fd-8f5c-72bc827f2ef5:20160407213829.504:922</Value>
          <Value>attributeSyntax:922:1:55a73700-c891-46fd-8f5c-72bc827f2ef5:20160407213829.504:922</Value>
          <Value>cn:922:1:55a73700-c891-46fd-8f5c-72bc827f2ef5:20160407213829.504:922</Value>
          <Value>createTimeStamp:922:1:55a73700-c891-46fd-8f5c-72bc827f2ef5:20160407213829.504:922</Value>
          <Value>entryDN:922:1:55a73700-c891-46fd-8f5c-72bc827f2ef5:20160407213829.504:922</Value>
          <Value>isSingleValued:922:1:55a73700-c891-46fd-8f5c-72bc827f2ef5:20160407213829.504:922</Value>
          <Value>lDAPDisplayName:922:1:55a73700-c891-46fd-8f5c-72bc827f2ef5:20160407213829.504:922</Value>
          <Value>modifyTimeStamp:922:1:55a73700-c891-46fd-8f5c-72bc827f2ef5:20160407213829.504:922</Value>
          <Value>objectClass:922:1:55a73700-c891-46fd-8f5c-72bc827f2ef5:20160407213829.504:922</Value>
          <Value>objectGUID:922:1:55a73700-c891-46fd-8f5c-72bc827f2ef5:20160407213829.504:922</Value>
          <Value>oMSyntax:922:1:55a73700-c891-46fd-8f5c-72bc827f2ef5:20160407213829.504:922</Value>
          <Value>schemaIDGUID:922:1:55a73700-c891-46fd-8f5c-72bc827f2ef5:20160407213829.504:922</Value>
          <Value>uSNChanged:922:1:55a73700-c891-46fd-8f5c-72bc827f2ef5:20160407213829.504:922</Value>
          <Value>uSNCreated:922:1:55a73700-c891-46fd-8f5c-72bc827f2ef5:20160407213829.504:922</Value>
          <Value>vmwAttributeUsage:922:1:55a73700-c891-46fd-8f5c-72bc827f2ef5:20160407213829.504:922</Value>
        </AttributeMetadata>
      </AttributeSchemaEntry>
      <AttributeSchemaEntry>
        <Name>mSMQInterval1</Name>
        <AttributeMetadata>
          <Value>attributeID:1172:1:55a73700-c891-46fd-8f5c-72bc827f2ef5:20160407213829.946:1172</Value>
          <Value>attributeSyntax:1172:1:55a73700-c891-46fd-8f5c-72bc827f2ef5:20160407213829.946:1172</Value>
          <Value>cn:1172:1:55a73700-c891-46fd-8f5c-72bc827f2ef5:20160407213829.946:1172</Value>
          <Value>createTimeStamp:1172:1:55a73700-c891-46fd-8f5c-72bc827f2ef5:20160407213829.946:1172</Value>
          <Value>entryDN:1172:1:55a73700-c891-46fd-8f5c-72bc827f2ef5:20160407213829.946:1172</Value>
          <Value>isSingleValued:1172:1:55a73700-c891-46fd-8f5c-72bc827f2ef5:20160407213829.946:1172</Value>
          <Value>lDAPDisplayName:1172:1:55a73700-c891-46fd-8f5c-72bc827f2ef5:20160407213829.946:1172</Value>
          <Value>modifyTimeStamp:1172:1:55a73700-c891-46fd-8f5c-72bc827f2ef5:20160407213829.946:1172</Value>
          <Value>objectClass:1172:1:55a73700-c891-46fd-8f5c-72bc827f2ef5:20160407213829.946:1172</Value>
          <Value>objectGUID:1172:1:55a73700-c891-46fd-8f5c-72bc827f2ef5:20160407213829.946:1172</Value>
          <Value>oMSyntax:1172:1:55a73700-c891-46fd-8f5c-72bc827f2ef5:20160407213829.946:1172</Value>
          <Value>schemaIDGUID:1172:1:55a73700-c891-46fd-8f5c-72bc827f2ef5:20160407213829.946:1172</Value>
          <Value>uSNChanged:1172:1:55a73700-c891-46fd-8f5c-72bc827f2ef5:20160407213829.946:1172</Value>
          <Value>uSNCreated:1172:1:55a73700-c891-46fd-8f5c-72bc827f2ef5:20160407213829.946:1172</Value>
          <Value>vmwAttributeUsage:1172:1:55a73700-c891-46fd-8f5c-72bc827f2ef5:20160407213829.946:1172</Value>
        </AttributeMetadata>
      </AttributeSchemaEntry>
      <AttributeSchemaEntry>
        <Name>mSMQInterval2</Name>
        <AttributeMetadata>
          <Value>attributeID:1173:1:55a73700-c891-46fd-8f5c-72bc827f2ef5:20160407213829.947:1173</Value>
          <Value>attributeSyntax:1173:1:55a73700-c891-46fd-8f5c-72bc827f2ef5:20160407213829.947:1173</Value>
          <Value>cn:1173:1:55a73700-c891-46fd-8f5c-72bc827f2ef5:20160407213829.947:1173</Value>
          <Value>createTimeStamp:1173:1:55a73700-c891-46fd-8f5c-72bc827f2ef5:20160407213829.947:1173</Value>
          <Value>entryDN:1173:1:55a73700-c891-46fd-8f5c-72bc827f2ef5:20160407213829.947:1173</Value>
          <Value>isSingleValued:1173:1:55a73700-c891-46fd-8f5c-72bc827f2ef5:20160407213829.947:1173</Value>
          <Value>lDAPDisplayName:1173:1:55a73700-c891-46fd-8f5c-72bc827f2ef5:20160407213829.947:1173</Value>
          <Value>modifyTimeStamp:1173:1:55a73700-c891-46fd-8f5c-72bc827f2ef5:20160407213829.947:1173</Value>
          <Value>objectClass:1173:1:55a73700-c891-46fd-8f5c-72bc827f2ef5:20160407213829.947:1173</Value>
          <Value>objectGUID:1173:1:55a73700-c891-46fd-8f5c-72bc827f2ef5:20160407213829.947:1173</Value>
          <Value>oMSyntax:1173:1:55a73700-c891-46fd-8f5c-72bc827f2ef5:20160407213829.947:1173</Value>
          <Value>schemaIDGUID:1173:1:55a73700-c891-46fd-8f5c-72bc827f2ef5:20160407213829.947:1173</Value>
          <Value>uSNChanged:1173:1:55a73700-c891-46fd-8f5c-72bc827f2ef5:20160407213829.947:1173</Value>
          <Value>uSNCreated:1173:1:55a73700-c891-46fd-8f5c-72bc827f2ef5:20160407213829.947:1173</Value>
          <Value>vmwAttributeUsage:1173:1:55a73700-c891-46fd-8f5c-72bc827f2ef5:20160407213829.947:1173</Value>
        </AttributeMetadata>
      </AttributeSchemaEntry>
      <AttributeSchemaEntry>
        <Name>mSMQJournal</Name>
        <AttributeMetadata>
          <Value>attributeID:1670:1:55a73700-c891-46fd-8f5c-72bc827f2ef5:20160407213830.776:1670</Value>
          <Value>attributeSyntax:1670:1:55a73700-c891-46fd-8f5c-72bc827f2ef5:20160407213830.776:1670</Value>
          <Value>cn:1670:1:55a73700-c891-46fd-8f5c-72bc827f2ef5:20160407213830.776:1670</Value>
          <Value>createTimeStamp:1670:1:55a73700-c891-46fd-8f5c-72bc827f2ef5:20160407213830.776:1670</Value>
          <Value>entryDN:1670:1:55a73700-c891-46fd-8f5c-72bc827f2ef5:20160407213830.776:1670</Value>
          <Value>isSingleValued:1670:1:55a73700-c891-46fd-8f5c-72bc827f2ef5:20160407213830.776:1670</Value>
          <Value>lDAPDisplayName:1670:1:55a73700-c891-46fd-8f5c-72bc827f2ef5:20160407213830.776:1670</Value>
          <Value>modifyTimeStamp:1670:1:55a73700-c891-46fd-8f5c-72bc827f2ef5:20160407213830.776:1670</Value>
          <Value>objectClass:1670:1:55a73700-c891-46fd-8f5c-72bc827f2ef5:20160407213830.776:1670</Value>
          <Value>objectGUID:1670:1:55a73700-c891-46fd-8f5c-72bc827f2ef5:20160407213830.776:1670</Value>
          <Value>oMSyntax:1670:1:55a73700-c891-46fd-8f5c-72bc827f2ef5:20160407213830.776:1670</Value>
          <Value>schemaIDGUID:1670:1:55a73700-c891-46fd-8f5c-72bc827f2ef5:20160407213830.776:1670</Value>
          <Value>uSNChanged:1670:1:55a73700-c891-46fd-8f5c-72bc827f2ef5:20160407213830.776:1670</Value>
          <Value>uSNCreated:1670:1:55a73700-c891-46fd-8f5c-72bc827f2ef5:20160407213830.776:1670</Value>
          <Value>vmwAttributeUsage:1670:1:55a73700-c891-46fd-8f5c-72bc827f2ef5:20160407213830.776:1670</Value>
        </AttributeMetadata>
      </AttributeSchemaEntry>
      <AttributeSchemaEntry>
        <Name>mSMQJournalQuota</Name>
        <AttributeMetadata>
          <Value>attributeID:768:1:55a73700-c891-46fd-8f5c-72bc827f2ef5:20160407213829.238:768</Value>
          <Value>attributeSyntax:768:1:55a73700-c891-46fd-8f5c-72bc827f2ef5:20160407213829.238:768</Value>
          <Value>cn:768:1:55a73700-c891-46fd-8f5c-72bc827f2ef5:20160407213829.238:768</Value>
          <Value>createTimeStamp:768:1:55a73700-c891-46fd-8f5c-72bc827f2ef5:20160407213829.238:768</Value>
          <Value>entryDN:768:1:55a73700-c891-46fd-8f5c-72bc827f2ef5:20160407213829.238:768</Value>
          <Value>isSingleValued:768:1:55a73700-c891-46fd-8f5c-72bc827f2ef5:20160407213829.238:768</Value>
          <Value>lDAPDisplayName:768:1:55a73700-c891-46fd-8f5c-72bc827f2ef5:20160407213829.238:768</Value>
          <Value>modifyTimeStamp:768:1:55a73700-c891-46fd-8f5c-72bc827f2ef5:20160407213829.238:768</Value>
          <Value>objectClass:768:1:55a73700-c891-46fd-8f5c-72bc827f2ef5:20160407213829.238:768</Value>
          <Value>objectGUID:768:1:55a73700-c891-46fd-8f5c-72bc827f2ef5:20160407213829.238:768</Value>
          <Value>oMSyntax:768:1:55a73700-c891-46fd-8f5c-72bc827f2ef5:20160407213829.238:768</Value>
          <Value>schemaIDGUID:768:1:55a73700-c891-46fd-8f5c-72bc827f2ef5:20160407213829.238:768</Value>
          <Value>uSNChanged:768:1:55a73700-c891-46fd-8f5c-72bc827f2ef5:20160407213829.238:768</Value>
          <Value>uSNCreated:768:1:55a73700-c891-46fd-8f5c-72bc827f2ef5:20160407213829.238:768</Value>
          <Value>vmwAttributeUsage:768:1:55a73700-c891-46fd-8f5c-72bc827f2ef5:20160407213829.238:768</Value>
        </AttributeMetadata>
      </AttributeSchemaEntry>
      <AttributeSchemaEntry>
        <Name>mSMQLabel</Name>
        <AttributeMetadata>
          <Value>attributeID:159:1:55a73700-c891-46fd-8f5c-72bc827f2ef5:20160407213828.267:159</Value>
          <Value>attributeSyntax:159:1:55a73700-c891-46fd-8f5c-72bc827f2ef5:20160407213828.267:159</Value>
          <Value>cn:159:1:55a73700-c891-46fd-8f5c-72bc827f2ef5:20160407213828.267:159</Value>
          <Value>createTimeStamp:159:1:55a73700-c891-46fd-8f5c-72bc827f2ef5:20160407213828.267:159</Value>
          <Value>entryDN:159:1:55a73700-c891-46fd-8f5c-72bc827f2ef5:20160407213828.267:159</Value>
          <Value>isSingleValued:159:1:55a73700-c891-46fd-8f5c-72bc827f2ef5:20160407213828.267:159</Value>
          <Value>lDAPDisplayName:159:1:55a73700-c891-46fd-8f5c-72bc827f2ef5:20160407213828.267:159</Value>
          <Value>modifyTimeStamp:159:1:55a73700-c891-46fd-8f5c-72bc827f2ef5:20160407213828.267:159</Value>
          <Value>objectClass:159:1:55a73700-c891-46fd-8f5c-72bc827f2ef5:20160407213828.267:159</Value>
          <Value>objectGUID:159:1:55a73700-c891-46fd-8f5c-72bc827f2ef5:20160407213828.267:159</Value>
          <Value>oMSyntax:159:1:55a73700-c891-46fd-8f5c-72bc827f2ef5:20160407213828.267:159</Value>
          <Value>schemaIDGUID:159:1:55a73700-c891-46fd-8f5c-72bc827f2ef5:20160407213828.267:159</Value>
          <Value>uSNChanged:159:1:55a73700-c891-46fd-8f5c-72bc827f2ef5:20160407213828.267:159</Value>
          <Value>uSNCreated:159:1:55a73700-c891-46fd-8f5c-72bc827f2ef5:20160407213828.267:159</Value>
          <Value>vmwAttributeUsage:159:1:55a73700-c891-46fd-8f5c-72bc827f2ef5:20160407213828.267:159</Value>
        </AttributeMetadata>
      </AttributeSchemaEntry>
      <AttributeSchemaEntry>
        <Name>mSMQLabelEx</Name>
        <AttributeMetadata>
          <Value>attributeID:1274:1:55a73700-c891-46fd-8f5c-72bc827f2ef5:20160407213830.121:1274</Value>
          <Value>attributeSyntax:1274:1:55a73700-c891-46fd-8f5c-72bc827f2ef5:20160407213830.121:1274</Value>
          <Value>cn:1274:1:55a73700-c891-46fd-8f5c-72bc827f2ef5:20160407213830.121:1274</Value>
          <Value>createTimeStamp:1274:1:55a73700-c891-46fd-8f5c-72bc827f2ef5:20160407213830.121:1274</Value>
          <Value>entryDN:1274:1:55a73700-c891-46fd-8f5c-72bc827f2ef5:20160407213830.121:1274</Value>
          <Value>isSingleValued:1274:1:55a73700-c891-46fd-8f5c-72bc827f2ef5:20160407213830.121:1274</Value>
          <Value>lDAPDisplayName:1274:1:55a73700-c891-46fd-8f5c-72bc827f2ef5:20160407213830.121:1274</Value>
          <Value>modifyTimeStamp:1274:1:55a73700-c891-46fd-8f5c-72bc827f2ef5:20160407213830.121:1274</Value>
          <Value>objectClass:1274:1:55a73700-c891-46fd-8f5c-72bc827f2ef5:20160407213830.121:1274</Value>
          <Value>objectGUID:1274:1:55a73700-c891-46fd-8f5c-72bc827f2ef5:20160407213830.121:1274</Value>
          <Value>oMSyntax:1274:1:55a73700-c891-46fd-8f5c-72bc827f2ef5:20160407213830.121:1274</Value>
          <Value>schemaIDGUID:1274:1:55a73700-c891-46fd-8f5c-72bc827f2ef5:20160407213830.121:1274</Value>
          <Value>uSNChanged:1274:1:55a73700-c891-46fd-8f5c-72bc827f2ef5:20160407213830.121:1274</Value>
          <Value>uSNCreated:1274:1:55a73700-c891-46fd-8f5c-72bc827f2ef5:20160407213830.121:1274</Value>
          <Value>vmwAttributeUsage:1274:1:55a73700-c891-46fd-8f5c-72bc827f2ef5:20160407213830.121:1274</Value>
        </AttributeMetadata>
      </AttributeSchemaEntry>
      <AttributeSchemaEntry>
        <Name>mSMQLongLived</Name>
        <AttributeMetadata>
          <Value>attributeID:655:1:55a73700-c891-46fd-8f5c-72bc827f2ef5:20160407213829.040:655</Value>
          <Value>attributeSyntax:655:1:55a73700-c891-46fd-8f5c-72bc827f2ef5:20160407213829.040:655</Value>
          <Value>cn:655:1:55a73700-c891-46fd-8f5c-72bc827f2ef5:20160407213829.040:655</Value>
          <Value>createTimeStamp:655:1:55a73700-c891-46fd-8f5c-72bc827f2ef5:20160407213829.040:655</Value>
          <Value>entryDN:655:1:55a73700-c891-46fd-8f5c-72bc827f2ef5:20160407213829.040:655</Value>
          <Value>isSingleValued:655:1:55a73700-c891-46fd-8f5c-72bc827f2ef5:20160407213829.040:655</Value>
          <Value>lDAPDisplayName:655:1:55a73700-c891-46fd-8f5c-72bc827f2ef5:20160407213829.040:655</Value>
          <Value>modifyTimeStamp:655:1:55a73700-c891-46fd-8f5c-72bc827f2ef5:20160407213829.040:655</Value>
          <Value>objectClass:655:1:55a73700-c891-46fd-8f5c-72bc827f2ef5:20160407213829.040:655</Value>
          <Value>objectGUID:655:1:55a73700-c891-46fd-8f5c-72bc827f2ef5:20160407213829.040:655</Value>
          <Value>oMSyntax:655:1:55a73700-c891-46fd-8f5c-72bc827f2ef5:20160407213829.040:655</Value>
          <Value>schemaIDGUID:655:1:55a73700-c891-46fd-8f5c-72bc827f2ef5:20160407213829.040:655</Value>
          <Value>uSNChanged:655:1:55a73700-c891-46fd-8f5c-72bc827f2ef5:20160407213829.040:655</Value>
          <Value>uSNCreated:655:1:55a73700-c891-46fd-8f5c-72bc827f2ef5:20160407213829.040:655</Value>
          <Value>vmwAttributeUsage:655:1:55a73700-c891-46fd-8f5c-72bc827f2ef5:20160407213829.040:655</Value>
        </AttributeMetadata>
      </AttributeSchemaEntry>
      <AttributeSchemaEntry>
        <Name>mSMQMigrated</Name>
        <AttributeMetadata>
          <Value>attributeID:1039:1:55a73700-c891-46fd-8f5c-72bc827f2ef5:20160407213829.688:1039</Value>
          <Value>attributeSyntax:1039:1:55a73700-c891-46fd-8f5c-72bc827f2ef5:20160407213829.688:1039</Value>
          <Value>cn:1039:1:55a73700-c891-46fd-8f5c-72bc827f2ef5:20160407213829.688:1039</Value>
          <Value>createTimeStamp:1039:1:55a73700-c891-46fd-8f5c-72bc827f2ef5:20160407213829.688:1039</Value>
          <Value>entryDN:1039:1:55a73700-c891-46fd-8f5c-72bc827f2ef5:20160407213829.688:1039</Value>
          <Value>isSingleValued:1039:1:55a73700-c891-46fd-8f5c-72bc827f2ef5:20160407213829.688:1039</Value>
          <Value>lDAPDisplayName:1039:1:55a73700-c891-46fd-8f5c-72bc827f2ef5:20160407213829.688:1039</Value>
          <Value>modifyTimeStamp:1039:1:55a73700-c891-46fd-8f5c-72bc827f2ef5:20160407213829.688:1039</Value>
          <Value>objectClass:1039:1:55a73700-c891-46fd-8f5c-72bc827f2ef5:20160407213829.688:1039</Value>
          <Value>objectGUID:1039:1:55a73700-c891-46fd-8f5c-72bc827f2ef5:20160407213829.688:1039</Value>
          <Value>oMSyntax:1039:1:55a73700-c891-46fd-8f5c-72bc827f2ef5:20160407213829.688:1039</Value>
          <Value>schemaIDGUID:1039:1:55a73700-c891-46fd-8f5c-72bc827f2ef5:20160407213829.688:1039</Value>
          <Value>uSNChanged:1039:1:55a73700-c891-46fd-8f5c-72bc827f2ef5:20160407213829.688:1039</Value>
          <Value>uSNCreated:1039:1:55a73700-c891-46fd-8f5c-72bc827f2ef5:20160407213829.688:1039</Value>
          <Value>vmwAttributeUsage:1039:1:55a73700-c891-46fd-8f5c-72bc827f2ef5:20160407213829.688:1039</Value>
        </AttributeMetadata>
      </AttributeSchemaEntry>
      <AttributeSchemaEntry>
        <Name>MSMQ-MulticastAddress</Name>
        <AttributeMetadata>
          <Value>attributeID:809:1:55a73700-c891-46fd-8f5c-72bc827f2ef5:20160407213829.303:809</Value>
          <Value>attributeSyntax:809:1:55a73700-c891-46fd-8f5c-72bc827f2ef5:20160407213829.303:809</Value>
          <Value>cn:809:1:55a73700-c891-46fd-8f5c-72bc827f2ef5:20160407213829.303:809</Value>
          <Value>createTimeStamp:809:1:55a73700-c891-46fd-8f5c-72bc827f2ef5:20160407213829.303:809</Value>
          <Value>entryDN:809:1:55a73700-c891-46fd-8f5c-72bc827f2ef5:20160407213829.303:809</Value>
          <Value>isSingleValued:809:1:55a73700-c891-46fd-8f5c-72bc827f2ef5:20160407213829.303:809</Value>
          <Value>lDAPDisplayName:809:1:55a73700-c891-46fd-8f5c-72bc827f2ef5:20160407213829.303:809</Value>
          <Value>modifyTimeStamp:809:1:55a73700-c891-46fd-8f5c-72bc827f2ef5:20160407213829.303:809</Value>
          <Value>objectClass:809:1:55a73700-c891-46fd-8f5c-72bc827f2ef5:20160407213829.303:809</Value>
          <Value>objectGUID:809:1:55a73700-c891-46fd-8f5c-72bc827f2ef5:20160407213829.303:809</Value>
          <Value>oMSyntax:809:1:55a73700-c891-46fd-8f5c-72bc827f2ef5:20160407213829.303:809</Value>
          <Value>schemaIDGUID:809:1:55a73700-c891-46fd-8f5c-72bc827f2ef5:20160407213829.303:809</Value>
          <Value>uSNChanged:809:1:55a73700-c891-46fd-8f5c-72bc827f2ef5:20160407213829.303:809</Value>
          <Value>uSNCreated:809:1:55a73700-c891-46fd-8f5c-72bc827f2ef5:20160407213829.303:809</Value>
          <Value>vmwAttributeUsage:809:1:55a73700-c891-46fd-8f5c-72bc827f2ef5:20160407213829.303:809</Value>
        </AttributeMetadata>
      </AttributeSchemaEntry>
      <AttributeSchemaEntry>
        <Name>mSMQNameStyle</Name>
        <AttributeMetadata>
          <Value>attributeID:1448:1:55a73700-c891-46fd-8f5c-72bc827f2ef5:20160407213830.409:1448</Value>
          <Value>attributeSyntax:1448:1:55a73700-c891-46fd-8f5c-72bc827f2ef5:20160407213830.409:1448</Value>
          <Value>cn:1448:1:55a73700-c891-46fd-8f5c-72bc827f2ef5:20160407213830.409:1448</Value>
          <Value>createTimeStamp:1448:1:55a73700-c891-46fd-8f5c-72bc827f2ef5:20160407213830.409:1448</Value>
          <Value>entryDN:1448:1:55a73700-c891-46fd-8f5c-72bc827f2ef5:20160407213830.409:1448</Value>
          <Value>isSingleValued:1448:1:55a73700-c891-46fd-8f5c-72bc827f2ef5:20160407213830.409:1448</Value>
          <Value>lDAPDisplayName:1448:1:55a73700-c891-46fd-8f5c-72bc827f2ef5:20160407213830.409:1448</Value>
          <Value>modifyTimeStamp:1448:1:55a73700-c891-46fd-8f5c-72bc827f2ef5:20160407213830.409:1448</Value>
          <Value>objectClass:1448:1:55a73700-c891-46fd-8f5c-72bc827f2ef5:20160407213830.409:1448</Value>
          <Value>objectGUID:1448:1:55a73700-c891-46fd-8f5c-72bc827f2ef5:20160407213830.409:1448</Value>
          <Value>oMSyntax:1448:1:55a73700-c891-46fd-8f5c-72bc827f2ef5:20160407213830.409:1448</Value>
          <Value>schemaIDGUID:1448:1:55a73700-c891-46fd-8f5c-72bc827f2ef5:20160407213830.409:1448</Value>
          <Value>uSNChanged:1448:1:55a73700-c891-46fd-8f5c-72bc827f2ef5:20160407213830.409:1448</Value>
          <Value>uSNCreated:1448:1:55a73700-c891-46fd-8f5c-72bc827f2ef5:20160407213830.409:1448</Value>
          <Value>vmwAttributeUsage:1448:1:55a73700-c891-46fd-8f5c-72bc827f2ef5:20160407213830.409:1448</Value>
        </AttributeMetadata>
      </AttributeSchemaEntry>
      <AttributeSchemaEntry>
        <Name>mSMQNt4Flags</Name>
        <AttributeMetadata>
          <Value>attributeID:443:1:55a73700-c891-46fd-8f5c-72bc827f2ef5:20160407213828.685:443</Value>
          <Value>attributeSyntax:443:1:55a73700-c891-46fd-8f5c-72bc827f2ef5:20160407213828.685:443</Value>
          <Value>cn:443:1:55a73700-c891-46fd-8f5c-72bc827f2ef5:20160407213828.685:443</Value>
          <Value>createTimeStamp:443:1:55a73700-c891-46fd-8f5c-72bc827f2ef5:20160407213828.685:443</Value>
          <Value>entryDN:443:1:55a73700-c891-46fd-8f5c-72bc827f2ef5:20160407213828.685:443</Value>
          <Value>isSingleValued:443:1:55a73700-c891-46fd-8f5c-72bc827f2ef5:20160407213828.685:443</Value>
          <Value>lDAPDisplayName:443:1:55a73700-c891-46fd-8f5c-72bc827f2ef5:20160407213828.685:443</Value>
          <Value>modifyTimeStamp:443:1:55a73700-c891-46fd-8f5c-72bc827f2ef5:20160407213828.685:443</Value>
          <Value>objectClass:443:1:55a73700-c891-46fd-8f5c-72bc827f2ef5:20160407213828.685:443</Value>
          <Value>objectGUID:443:1:55a73700-c891-46fd-8f5c-72bc827f2ef5:20160407213828.685:443</Value>
          <Value>oMSyntax:443:1:55a73700-c891-46fd-8f5c-72bc827f2ef5:20160407213828.685:443</Value>
          <Value>schemaIDGUID:443:1:55a73700-c891-46fd-8f5c-72bc827f2ef5:20160407213828.685:443</Value>
          <Value>uSNChanged:443:1:55a73700-c891-46fd-8f5c-72bc827f2ef5:20160407213828.685:443</Value>
          <Value>uSNCreated:443:1:55a73700-c891-46fd-8f5c-72bc827f2ef5:20160407213828.685:443</Value>
          <Value>vmwAttributeUsage:443:1:55a73700-c891-46fd-8f5c-72bc827f2ef5:20160407213828.685:443</Value>
        </AttributeMetadata>
      </AttributeSchemaEntry>
      <AttributeSchemaEntry>
        <Name>mSMQNt4Stub</Name>
        <AttributeMetadata>
          <Value>attributeID:656:1:55a73700-c891-46fd-8f5c-72bc827f2ef5:20160407213829.041:656</Value>
          <Value>attributeSyntax:656:1:55a73700-c891-46fd-8f5c-72bc827f2ef5:20160407213829.041:656</Value>
          <Value>cn:656:1:55a73700-c891-46fd-8f5c-72bc827f2ef5:20160407213829.041:656</Value>
          <Value>createTimeStamp:656:1:55a73700-c891-46fd-8f5c-72bc827f2ef5:20160407213829.041:656</Value>
          <Value>entryDN:656:1:55a73700-c891-46fd-8f5c-72bc827f2ef5:20160407213829.041:656</Value>
          <Value>isSingleValued:656:1:55a73700-c891-46fd-8f5c-72bc827f2ef5:20160407213829.041:656</Value>
          <Value>lDAPDisplayName:656:1:55a73700-c891-46fd-8f5c-72bc827f2ef5:20160407213829.041:656</Value>
          <Value>modifyTimeStamp:656:1:55a73700-c891-46fd-8f5c-72bc827f2ef5:20160407213829.041:656</Value>
          <Value>objectClass:656:1:55a73700-c891-46fd-8f5c-72bc827f2ef5:20160407213829.041:656</Value>
          <Value>objectGUID:656:1:55a73700-c891-46fd-8f5c-72bc827f2ef5:20160407213829.041:656</Value>
          <Value>oMSyntax:656:1:55a73700-c891-46fd-8f5c-72bc827f2ef5:20160407213829.041:656</Value>
          <Value>schemaIDGUID:656:1:55a73700-c891-46fd-8f5c-72bc827f2ef5:20160407213829.041:656</Value>
          <Value>uSNChanged:656:1:55a73700-c891-46fd-8f5c-72bc827f2ef5:20160407213829.041:656</Value>
          <Value>uSNCreated:656:1:55a73700-c891-46fd-8f5c-72bc827f2ef5:20160407213829.041:656</Value>
          <Value>vmwAttributeUsage:656:1:55a73700-c891-46fd-8f5c-72bc827f2ef5:20160407213829.041:656</Value>
        </AttributeMetadata>
      </AttributeSchemaEntry>
      <AttributeSchemaEntry>
        <Name>mSMQOSType</Name>
        <AttributeMetadata>
          <Value>attributeID:867:1:55a73700-c891-46fd-8f5c-72bc827f2ef5:20160407213829.412:867</Value>
          <Value>attributeSyntax:867:1:55a73700-c891-46fd-8f5c-72bc827f2ef5:20160407213829.412:867</Value>
          <Value>cn:867:1:55a73700-c891-46fd-8f5c-72bc827f2ef5:20160407213829.412:867</Value>
          <Value>createTimeStamp:867:1:55a73700-c891-46fd-8f5c-72bc827f2ef5:20160407213829.412:867</Value>
          <Value>entryDN:867:1:55a73700-c891-46fd-8f5c-72bc827f2ef5:20160407213829.412:867</Value>
          <Value>isSingleValued:867:1:55a73700-c891-46fd-8f5c-72bc827f2ef5:20160407213829.412:867</Value>
          <Value>lDAPDisplayName:867:1:55a73700-c891-46fd-8f5c-72bc827f2ef5:20160407213829.412:867</Value>
          <Value>modifyTimeStamp:867:1:55a73700-c891-46fd-8f5c-72bc827f2ef5:20160407213829.412:867</Value>
          <Value>objectClass:867:1:55a73700-c891-46fd-8f5c-72bc827f2ef5:20160407213829.412:867</Value>
          <Value>objectGUID:867:1:55a73700-c891-46fd-8f5c-72bc827f2ef5:20160407213829.412:867</Value>
          <Value>oMSyntax:867:1:55a73700-c891-46fd-8f5c-72bc827f2ef5:20160407213829.412:867</Value>
          <Value>schemaIDGUID:867:1:55a73700-c891-46fd-8f5c-72bc827f2ef5:20160407213829.412:867</Value>
          <Value>uSNChanged:867:1:55a73700-c891-46fd-8f5c-72bc827f2ef5:20160407213829.412:867</Value>
          <Value>uSNCreated:867:1:55a73700-c891-46fd-8f5c-72bc827f2ef5:20160407213829.412:867</Value>
          <Value>vmwAttributeUsage:867:1:55a73700-c891-46fd-8f5c-72bc827f2ef5:20160407213829.412:867</Value>
        </AttributeMetadata>
      </AttributeSchemaEntry>
      <AttributeSchemaEntry>
        <Name>mSMQOutRoutingServers</Name>
        <AttributeMetadata>
          <Value>attributeID:530:1:55a73700-c891-46fd-8f5c-72bc827f2ef5:20160407213828.829:530</Value>
          <Value>attributeSyntax:530:1:55a73700-c891-46fd-8f5c-72bc827f2ef5:20160407213828.829:530</Value>
          <Value>cn:530:1:55a73700-c891-46fd-8f5c-72bc827f2ef5:20160407213828.829:530</Value>
          <Value>createTimeStamp:530:1:55a73700-c891-46fd-8f5c-72bc827f2ef5:20160407213828.829:530</Value>
          <Value>entryDN:530:1:55a73700-c891-46fd-8f5c-72bc827f2ef5:20160407213828.829:530</Value>
          <Value>isSingleValued:530:1:55a73700-c891-46fd-8f5c-72bc827f2ef5:20160407213828.829:530</Value>
          <Value>lDAPDisplayName:530:1:55a73700-c891-46fd-8f5c-72bc827f2ef5:20160407213828.829:530</Value>
          <Value>modifyTimeStamp:530:1:55a73700-c891-46fd-8f5c-72bc827f2ef5:20160407213828.829:530</Value>
          <Value>objectClass:530:1:55a73700-c891-46fd-8f5c-72bc827f2ef5:20160407213828.829:530</Value>
          <Value>objectGUID:530:1:55a73700-c891-46fd-8f5c-72bc827f2ef5:20160407213828.829:530</Value>
          <Value>oMSyntax:530:1:55a73700-c891-46fd-8f5c-72bc827f2ef5:20160407213828.829:530</Value>
          <Value>schemaIDGUID:530:1:55a73700-c891-46fd-8f5c-72bc827f2ef5:20160407213828.829:530</Value>
          <Value>uSNChanged:530:1:55a73700-c891-46fd-8f5c-72bc827f2ef5:20160407213828.829:530</Value>
          <Value>uSNCreated:530:1:55a73700-c891-46fd-8f5c-72bc827f2ef5:20160407213828.829:530</Value>
          <Value>vmwAttributeUsage:530:1:55a73700-c891-46fd-8f5c-72bc827f2ef5:20160407213828.829:530</Value>
        </AttributeMetadata>
      </AttributeSchemaEntry>
      <AttributeSchemaEntry>
        <Name>mSMQOwnerID</Name>
        <AttributeMetadata>
          <Value>attributeID:1458:1:55a73700-c891-46fd-8f5c-72bc827f2ef5:20160407213830.422:1458</Value>
          <Value>attributeSyntax:1458:1:55a73700-c891-46fd-8f5c-72bc827f2ef5:20160407213830.422:1458</Value>
          <Value>cn:1458:1:55a73700-c891-46fd-8f5c-72bc827f2ef5:20160407213830.422:1458</Value>
          <Value>createTimeStamp:1458:1:55a73700-c891-46fd-8f5c-72bc827f2ef5:20160407213830.422:1458</Value>
          <Value>entryDN:1458:1:55a73700-c891-46fd-8f5c-72bc827f2ef5:20160407213830.422:1458</Value>
          <Value>isSingleValued:1458:1:55a73700-c891-46fd-8f5c-72bc827f2ef5:20160407213830.422:1458</Value>
          <Value>lDAPDisplayName:1458:1:55a73700-c891-46fd-8f5c-72bc827f2ef5:20160407213830.422:1458</Value>
          <Value>modifyTimeStamp:1458:1:55a73700-c891-46fd-8f5c-72bc827f2ef5:20160407213830.422:1458</Value>
          <Value>objectClass:1458:1:55a73700-c891-46fd-8f5c-72bc827f2ef5:20160407213830.422:1458</Value>
          <Value>objectGUID:1458:1:55a73700-c891-46fd-8f5c-72bc827f2ef5:20160407213830.422:1458</Value>
          <Value>oMSyntax:1458:1:55a73700-c891-46fd-8f5c-72bc827f2ef5:20160407213830.422:1458</Value>
          <Value>schemaIDGUID:1458:1:55a73700-c891-46fd-8f5c-72bc827f2ef5:20160407213830.422:1458</Value>
          <Value>uSNChanged:1458:1:55a73700-c891-46fd-8f5c-72bc827f2ef5:20160407213830.422:1458</Value>
          <Value>uSNCreated:1458:1:55a73700-c891-46fd-8f5c-72bc827f2ef5:20160407213830.422:1458</Value>
          <Value>vmwAttributeUsage:1458:1:55a73700-c891-46fd-8f5c-72bc827f2ef5:20160407213830.422:1458</Value>
        </AttributeMetadata>
      </AttributeSchemaEntry>
      <AttributeSchemaEntry>
        <Name>mSMQPrevSiteGates</Name>
        <AttributeMetadata>
          <Value>attributeID:315:1:55a73700-c891-46fd-8f5c-72bc827f2ef5:20160407213828.490:315</Value>
          <Value>attributeSyntax:315:1:55a73700-c891-46fd-8f5c-72bc827f2ef5:20160407213828.490:315</Value>
          <Value>cn:315:1:55a73700-c891-46fd-8f5c-72bc827f2ef5:20160407213828.490:315</Value>
          <Value>createTimeStamp:315:1:55a73700-c891-46fd-8f5c-72bc827f2ef5:20160407213828.490:315</Value>
          <Value>entryDN:315:1:55a73700-c891-46fd-8f5c-72bc827f2ef5:20160407213828.490:315</Value>
          <Value>isSingleValued:315:1:55a73700-c891-46fd-8f5c-72bc827f2ef5:20160407213828.490:315</Value>
          <Value>lDAPDisplayName:315:1:55a73700-c891-46fd-8f5c-72bc827f2ef5:20160407213828.490:315</Value>
          <Value>modifyTimeStamp:315:1:55a73700-c891-46fd-8f5c-72bc827f2ef5:20160407213828.490:315</Value>
          <Value>objectClass:315:1:55a73700-c891-46fd-8f5c-72bc827f2ef5:20160407213828.490:315</Value>
          <Value>objectGUID:315:1:55a73700-c891-46fd-8f5c-72bc827f2ef5:20160407213828.490:315</Value>
          <Value>oMSyntax:315:1:55a73700-c891-46fd-8f5c-72bc827f2ef5:20160407213828.490:315</Value>
          <Value>schemaIDGUID:315:1:55a73700-c891-46fd-8f5c-72bc827f2ef5:20160407213828.490:315</Value>
          <Value>uSNChanged:315:1:55a73700-c891-46fd-8f5c-72bc827f2ef5:20160407213828.490:315</Value>
          <Value>uSNCreated:315:1:55a73700-c891-46fd-8f5c-72bc827f2ef5:20160407213828.490:315</Value>
          <Value>vmwAttributeUsage:315:1:55a73700-c891-46fd-8f5c-72bc827f2ef5:20160407213828.490:315</Value>
        </AttributeMetadata>
      </AttributeSchemaEntry>
      <AttributeSchemaEntry>
        <Name>mSMQPrivacyLevel</Name>
        <AttributeMetadata>
          <Value>attributeID:1429:1:55a73700-c891-46fd-8f5c-72bc827f2ef5:20160407213830.367:1429</Value>
          <Value>attributeSyntax:1429:1:55a73700-c891-46fd-8f5c-72bc827f2ef5:20160407213830.367:1429</Value>
          <Value>cn:1429:1:55a73700-c891-46fd-8f5c-72bc827f2ef5:20160407213830.367:1429</Value>
          <Value>createTimeStamp:1429:1:55a73700-c891-46fd-8f5c-72bc827f2ef5:20160407213830.367:1429</Value>
          <Value>entryDN:1429:1:55a73700-c891-46fd-8f5c-72bc827f2ef5:20160407213830.367:1429</Value>
          <Value>isSingleValued:1429:1:55a73700-c891-46fd-8f5c-72bc827f2ef5:20160407213830.367:1429</Value>
          <Value>lDAPDisplayName:1429:1:55a73700-c891-46fd-8f5c-72bc827f2ef5:20160407213830.367:1429</Value>
          <Value>modifyTimeStamp:1429:1:55a73700-c891-46fd-8f5c-72bc827f2ef5:20160407213830.367:1429</Value>
          <Value>objectClass:1429:1:55a73700-c891-46fd-8f5c-72bc827f2ef5:20160407213830.367:1429</Value>
          <Value>objectGUID:1429:1:55a73700-c891-46fd-8f5c-72bc827f2ef5:20160407213830.367:1429</Value>
          <Value>oMSyntax:1429:1:55a73700-c891-46fd-8f5c-72bc827f2ef5:20160407213830.367:1429</Value>
          <Value>schemaIDGUID:1429:1:55a73700-c891-46fd-8f5c-72bc827f2ef5:20160407213830.367:1429</Value>
          <Value>uSNChanged:1429:1:55a73700-c891-46fd-8f5c-72bc827f2ef5:20160407213830.367:1429</Value>
          <Value>uSNCreated:1429:1:55a73700-c891-46fd-8f5c-72bc827f2ef5:20160407213830.367:1429</Value>
          <Value>vmwAttributeUsage:1429:1:55a73700-c891-46fd-8f5c-72bc827f2ef5:20160407213830.367:1429</Value>
        </AttributeMetadata>
      </AttributeSchemaEntry>
      <AttributeSchemaEntry>
        <Name>mSMQQMID</Name>
        <AttributeMetadata>
          <Value>attributeID:1373:1:55a73700-c891-46fd-8f5c-72bc827f2ef5:20160407213830.277:1373</Value>
          <Value>attributeSyntax:1373:1:55a73700-c891-46fd-8f5c-72bc827f2ef5:20160407213830.277:1373</Value>
          <Value>cn:1373:1:55a73700-c891-46fd-8f5c-72bc827f2ef5:20160407213830.277:1373</Value>
          <Value>createTimeStamp:1373:1:55a73700-c891-46fd-8f5c-72bc827f2ef5:20160407213830.277:1373</Value>
          <Value>entryDN:1373:1:55a73700-c891-46fd-8f5c-72bc827f2ef5:20160407213830.277:1373</Value>
          <Value>isSingleValued:1373:1:55a73700-c891-46fd-8f5c-72bc827f2ef5:20160407213830.277:1373</Value>
          <Value>lDAPDisplayName:1373:1:55a73700-c891-46fd-8f5c-72bc827f2ef5:20160407213830.277:1373</Value>
          <Value>modifyTimeStamp:1373:1:55a73700-c891-46fd-8f5c-72bc827f2ef5:20160407213830.277:1373</Value>
          <Value>objectClass:1373:1:55a73700-c891-46fd-8f5c-72bc827f2ef5:20160407213830.277:1373</Value>
          <Value>objectGUID:1373:1:55a73700-c891-46fd-8f5c-72bc827f2ef5:20160407213830.277:1373</Value>
          <Value>oMSyntax:1373:1:55a73700-c891-46fd-8f5c-72bc827f2ef5:20160407213830.277:1373</Value>
          <Value>schemaIDGUID:1373:1:55a73700-c891-46fd-8f5c-72bc827f2ef5:20160407213830.277:1373</Value>
          <Value>uSNChanged:1373:1:55a73700-c891-46fd-8f5c-72bc827f2ef5:20160407213830.277:1373</Value>
          <Value>uSNCreated:1373:1:55a73700-c891-46fd-8f5c-72bc827f2ef5:20160407213830.277:1373</Value>
          <Value>vmwAttributeUsage:1373:1:55a73700-c891-46fd-8f5c-72bc827f2ef5:20160407213830.277:1373</Value>
        </AttributeMetadata>
      </AttributeSchemaEntry>
      <AttributeSchemaEntry>
        <Name>mSMQQueueJournalQuota</Name>
        <AttributeMetadata>
          <Value>attributeID:1486:1:55a73700-c891-46fd-8f5c-72bc827f2ef5:20160407213830.470:1486</Value>
          <Value>attributeSyntax:1486:1:55a73700-c891-46fd-8f5c-72bc827f2ef5:20160407213830.470:1486</Value>
          <Value>cn:1486:1:55a73700-c891-46fd-8f5c-72bc827f2ef5:20160407213830.470:1486</Value>
          <Value>createTimeStamp:1486:1:55a73700-c891-46fd-8f5c-72bc827f2ef5:20160407213830.470:1486</Value>
          <Value>entryDN:1486:1:55a73700-c891-46fd-8f5c-72bc827f2ef5:20160407213830.470:1486</Value>
          <Value>isSingleValued:1486:1:55a73700-c891-46fd-8f5c-72bc827f2ef5:20160407213830.470:1486</Value>
          <Value>lDAPDisplayName:1486:1:55a73700-c891-46fd-8f5c-72bc827f2ef5:20160407213830.470:1486</Value>
          <Value>modifyTimeStamp:1486:1:55a73700-c891-46fd-8f5c-72bc827f2ef5:20160407213830.470:1486</Value>
          <Value>objectClass:1486:1:55a73700-c891-46fd-8f5c-72bc827f2ef5:20160407213830.470:1486</Value>
          <Value>objectGUID:1486:1:55a73700-c891-46fd-8f5c-72bc827f2ef5:20160407213830.470:1486</Value>
          <Value>oMSyntax:1486:1:55a73700-c891-46fd-8f5c-72bc827f2ef5:20160407213830.470:1486</Value>
          <Value>schemaIDGUID:1486:1:55a73700-c891-46fd-8f5c-72bc827f2ef5:20160407213830.470:1486</Value>
          <Value>uSNChanged:1486:1:55a73700-c891-46fd-8f5c-72bc827f2ef5:20160407213830.470:1486</Value>
          <Value>uSNCreated:1486:1:55a73700-c891-46fd-8f5c-72bc827f2ef5:20160407213830.470:1486</Value>
          <Value>vmwAttributeUsage:1486:1:55a73700-c891-46fd-8f5c-72bc827f2ef5:20160407213830.470:1486</Value>
        </AttributeMetadata>
      </AttributeSchemaEntry>
      <AttributeSchemaEntry>
        <Name>mSMQQueueNameExt</Name>
        <AttributeMetadata>
          <Value>attributeID:557:1:55a73700-c891-46fd-8f5c-72bc827f2ef5:20160407213828.879:557</Value>
          <Value>attributeSyntax:557:1:55a73700-c891-46fd-8f5c-72bc827f2ef5:20160407213828.879:557</Value>
          <Value>cn:557:1:55a73700-c891-46fd-8f5c-72bc827f2ef5:20160407213828.879:557</Value>
          <Value>createTimeStamp:557:1:55a73700-c891-46fd-8f5c-72bc827f2ef5:20160407213828.879:557</Value>
          <Value>entryDN:557:1:55a73700-c891-46fd-8f5c-72bc827f2ef5:20160407213828.879:557</Value>
          <Value>isSingleValued:557:1:55a73700-c891-46fd-8f5c-72bc827f2ef5:20160407213828.879:557</Value>
          <Value>lDAPDisplayName:557:1:55a73700-c891-46fd-8f5c-72bc827f2ef5:20160407213828.879:557</Value>
          <Value>modifyTimeStamp:557:1:55a73700-c891-46fd-8f5c-72bc827f2ef5:20160407213828.879:557</Value>
          <Value>objectClass:557:1:55a73700-c891-46fd-8f5c-72bc827f2ef5:20160407213828.879:557</Value>
          <Value>objectGUID:557:1:55a73700-c891-46fd-8f5c-72bc827f2ef5:20160407213828.879:557</Value>
          <Value>oMSyntax:557:1:55a73700-c891-46fd-8f5c-72bc827f2ef5:20160407213828.879:557</Value>
          <Value>schemaIDGUID:557:1:55a73700-c891-46fd-8f5c-72bc827f2ef5:20160407213828.879:557</Value>
          <Value>uSNChanged:557:1:55a73700-c891-46fd-8f5c-72bc827f2ef5:20160407213828.879:557</Value>
          <Value>uSNCreated:557:1:55a73700-c891-46fd-8f5c-72bc827f2ef5:20160407213828.879:557</Value>
          <Value>vmwAttributeUsage:557:1:55a73700-c891-46fd-8f5c-72bc827f2ef5:20160407213828.879:557</Value>
        </AttributeMetadata>
      </AttributeSchemaEntry>
      <AttributeSchemaEntry>
        <Name>mSMQQueueQuota</Name>
        <AttributeMetadata>
          <Value>attributeID:1341:1:55a73700-c891-46fd-8f5c-72bc827f2ef5:20160407213830.232:1341</Value>
          <Value>attributeSyntax:1341:1:55a73700-c891-46fd-8f5c-72bc827f2ef5:20160407213830.232:1341</Value>
          <Value>cn:1341:1:55a73700-c891-46fd-8f5c-72bc827f2ef5:20160407213830.232:1341</Value>
          <Value>createTimeStamp:1341:1:55a73700-c891-46fd-8f5c-72bc827f2ef5:20160407213830.232:1341</Value>
          <Value>entryDN:1341:1:55a73700-c891-46fd-8f5c-72bc827f2ef5:20160407213830.232:1341</Value>
          <Value>isSingleValued:1341:1:55a73700-c891-46fd-8f5c-72bc827f2ef5:20160407213830.232:1341</Value>
          <Value>lDAPDisplayName:1341:1:55a73700-c891-46fd-8f5c-72bc827f2ef5:20160407213830.232:1341</Value>
          <Value>modifyTimeStamp:1341:1:55a73700-c891-46fd-8f5c-72bc827f2ef5:20160407213830.232:1341</Value>
          <Value>objectClass:1341:1:55a73700-c891-46fd-8f5c-72bc827f2ef5:20160407213830.232:1341</Value>
          <Value>objectGUID:1341:1:55a73700-c891-46fd-8f5c-72bc827f2ef5:20160407213830.232:1341</Value>
          <Value>oMSyntax:1341:1:55a73700-c891-46fd-8f5c-72bc827f2ef5:20160407213830.232:1341</Value>
          <Value>schemaIDGUID:1341:1:55a73700-c891-46fd-8f5c-72bc827f2ef5:20160407213830.232:1341</Value>
          <Value>uSNChanged:1341:1:55a73700-c891-46fd-8f5c-72bc827f2ef5:20160407213830.232:1341</Value>
          <Value>uSNCreated:1341:1:55a73700-c891-46fd-8f5c-72bc827f2ef5:20160407213830.232:1341</Value>
          <Value>vmwAttributeUsage:1341:1:55a73700-c891-46fd-8f5c-72bc827f2ef5:20160407213830.232:1341</Value>
        </AttributeMetadata>
      </AttributeSchemaEntry>
      <AttributeSchemaEntry>
        <Name>mSMQQueueType</Name>
        <AttributeMetadata>
          <Value>attributeID:415:1:55a73700-c891-46fd-8f5c-72bc827f2ef5:20160407213828.645:415</Value>
          <Value>attributeSyntax:415:1:55a73700-c891-46fd-8f5c-72bc827f2ef5:20160407213828.645:415</Value>
          <Value>cn:415:1:55a73700-c891-46fd-8f5c-72bc827f2ef5:20160407213828.645:415</Value>
          <Value>createTimeStamp:415:1:55a73700-c891-46fd-8f5c-72bc827f2ef5:20160407213828.645:415</Value>
          <Value>entryDN:415:1:55a73700-c891-46fd-8f5c-72bc827f2ef5:20160407213828.645:415</Value>
          <Value>isSingleValued:415:1:55a73700-c891-46fd-8f5c-72bc827f2ef5:20160407213828.645:415</Value>
          <Value>lDAPDisplayName:415:1:55a73700-c891-46fd-8f5c-72bc827f2ef5:20160407213828.645:415</Value>
          <Value>modifyTimeStamp:415:1:55a73700-c891-46fd-8f5c-72bc827f2ef5:20160407213828.645:415</Value>
          <Value>objectClass:415:1:55a73700-c891-46fd-8f5c-72bc827f2ef5:20160407213828.645:415</Value>
          <Value>objectGUID:415:1:55a73700-c891-46fd-8f5c-72bc827f2ef5:20160407213828.645:415</Value>
          <Value>oMSyntax:415:1:55a73700-c891-46fd-8f5c-72bc827f2ef5:20160407213828.645:415</Value>
          <Value>schemaIDGUID:415:1:55a73700-c891-46fd-8f5c-72bc827f2ef5:20160407213828.645:415</Value>
          <Value>uSNChanged:415:1:55a73700-c891-46fd-8f5c-72bc827f2ef5:20160407213828.645:415</Value>
          <Value>uSNCreated:415:1:55a73700-c891-46fd-8f5c-72bc827f2ef5:20160407213828.645:415</Value>
          <Value>vmwAttributeUsage:415:1:55a73700-c891-46fd-8f5c-72bc827f2ef5:20160407213828.645:415</Value>
        </AttributeMetadata>
      </AttributeSchemaEntry>
      <AttributeSchemaEntry>
        <Name>mSMQQuota</Name>
        <AttributeMetadata>
          <Value>attributeID:1540:1:55a73700-c891-46fd-8f5c-72bc827f2ef5:20160407213830.561:1540</Value>
          <Value>attributeSyntax:1540:1:55a73700-c891-46fd-8f5c-72bc827f2ef5:20160407213830.561:1540</Value>
          <Value>cn:1540:1:55a73700-c891-46fd-8f5c-72bc827f2ef5:20160407213830.561:1540</Value>
          <Value>createTimeStamp:1540:1:55a73700-c891-46fd-8f5c-72bc827f2ef5:20160407213830.561:1540</Value>
          <Value>entryDN:1540:1:55a73700-c891-46fd-8f5c-72bc827f2ef5:20160407213830.561:1540</Value>
          <Value>isSingleValued:1540:1:55a73700-c891-46fd-8f5c-72bc827f2ef5:20160407213830.561:1540</Value>
          <Value>lDAPDisplayName:1540:1:55a73700-c891-46fd-8f5c-72bc827f2ef5:20160407213830.561:1540</Value>
          <Value>modifyTimeStamp:1540:1:55a73700-c891-46fd-8f5c-72bc827f2ef5:20160407213830.561:1540</Value>
          <Value>objectClass:1540:1:55a73700-c891-46fd-8f5c-72bc827f2ef5:20160407213830.561:1540</Value>
          <Value>objectGUID:1540:1:55a73700-c891-46fd-8f5c-72bc827f2ef5:20160407213830.561:1540</Value>
          <Value>oMSyntax:1540:1:55a73700-c891-46fd-8f5c-72bc827f2ef5:20160407213830.561:1540</Value>
          <Value>schemaIDGUID:1540:1:55a73700-c891-46fd-8f5c-72bc827f2ef5:20160407213830.561:1540</Value>
          <Value>uSNChanged:1540:1:55a73700-c891-46fd-8f5c-72bc827f2ef5:20160407213830.561:1540</Value>
          <Value>uSNCreated:1540:1:55a73700-c891-46fd-8f5c-72bc827f2ef5:20160407213830.561:1540</Value>
          <Value>vmwAttributeUsage:1540:1:55a73700-c891-46fd-8f5c-72bc827f2ef5:20160407213830.561:1540</Value>
        </AttributeMetadata>
      </AttributeSchemaEntry>
      <AttributeSchemaEntry>
        <Name>msMQ-Recipient-FormatName</Name>
        <AttributeMetadata>
          <Value>attributeID:1052:1:55a73700-c891-46fd-8f5c-72bc827f2ef5:20160407213829.716:1052</Value>
          <Value>attributeSyntax:1052:1:55a73700-c891-46fd-8f5c-72bc827f2ef5:20160407213829.716:1052</Value>
          <Value>cn:1052:1:55a73700-c891-46fd-8f5c-72bc827f2ef5:20160407213829.716:1052</Value>
          <Value>createTimeStamp:1052:1:55a73700-c891-46fd-8f5c-72bc827f2ef5:20160407213829.716:1052</Value>
          <Value>entryDN:1052:1:55a73700-c891-46fd-8f5c-72bc827f2ef5:20160407213829.716:1052</Value>
          <Value>isSingleValued:1052:1:55a73700-c891-46fd-8f5c-72bc827f2ef5:20160407213829.716:1052</Value>
          <Value>lDAPDisplayName:1052:1:55a73700-c891-46fd-8f5c-72bc827f2ef5:20160407213829.716:1052</Value>
          <Value>modifyTimeStamp:1052:1:55a73700-c891-46fd-8f5c-72bc827f2ef5:20160407213829.716:1052</Value>
          <Value>objectClass:1052:1:55a73700-c891-46fd-8f5c-72bc827f2ef5:20160407213829.716:1052</Value>
          <Value>objectGUID:1052:1:55a73700-c891-46fd-8f5c-72bc827f2ef5:20160407213829.716:1052</Value>
          <Value>oMSyntax:1052:1:55a73700-c891-46fd-8f5c-72bc827f2ef5:20160407213829.716:1052</Value>
          <Value>schemaIDGUID:1052:1:55a73700-c891-46fd-8f5c-72bc827f2ef5:20160407213829.716:1052</Value>
          <Value>uSNChanged:1052:1:55a73700-c891-46fd-8f5c-72bc827f2ef5:20160407213829.716:1052</Value>
          <Value>uSNCreated:1052:1:55a73700-c891-46fd-8f5c-72bc827f2ef5:20160407213829.716:1052</Value>
          <Value>vmwAttributeUsage:1052:1:55a73700-c891-46fd-8f5c-72bc827f2ef5:20160407213829.716:1052</Value>
        </AttributeMetadata>
      </AttributeSchemaEntry>
      <AttributeSchemaEntry>
        <Name>mSMQRoutingService</Name>
        <AttributeMetadata>
          <Value>attributeID:1269:1:55a73700-c891-46fd-8f5c-72bc827f2ef5:20160407213830.116:1269</Value>
          <Value>attributeSyntax:1269:1:55a73700-c891-46fd-8f5c-72bc827f2ef5:20160407213830.116:1269</Value>
          <Value>cn:1269:1:55a73700-c891-46fd-8f5c-72bc827f2ef5:20160407213830.116:1269</Value>
          <Value>createTimeStamp:1269:1:55a73700-c891-46fd-8f5c-72bc827f2ef5:20160407213830.116:1269</Value>
          <Value>entryDN:1269:1:55a73700-c891-46fd-8f5c-72bc827f2ef5:20160407213830.116:1269</Value>
          <Value>isSingleValued:1269:1:55a73700-c891-46fd-8f5c-72bc827f2ef5:20160407213830.116:1269</Value>
          <Value>lDAPDisplayName:1269:1:55a73700-c891-46fd-8f5c-72bc827f2ef5:20160407213830.116:1269</Value>
          <Value>modifyTimeStamp:1269:1:55a73700-c891-46fd-8f5c-72bc827f2ef5:20160407213830.116:1269</Value>
          <Value>objectClass:1269:1:55a73700-c891-46fd-8f5c-72bc827f2ef5:20160407213830.116:1269</Value>
          <Value>objectGUID:1269:1:55a73700-c891-46fd-8f5c-72bc827f2ef5:20160407213830.116:1269</Value>
          <Value>oMSyntax:1269:1:55a73700-c891-46fd-8f5c-72bc827f2ef5:20160407213830.116:1269</Value>
          <Value>schemaIDGUID:1269:1:55a73700-c891-46fd-8f5c-72bc827f2ef5:20160407213830.116:1269</Value>
          <Value>uSNChanged:1269:1:55a73700-c891-46fd-8f5c-72bc827f2ef5:20160407213830.116:1269</Value>
          <Value>uSNCreated:1269:1:55a73700-c891-46fd-8f5c-72bc827f2ef5:20160407213830.116:1269</Value>
          <Value>vmwAttributeUsage:1269:1:55a73700-c891-46fd-8f5c-72bc827f2ef5:20160407213830.116:1269</Value>
        </AttributeMetadata>
      </AttributeSchemaEntry>
      <AttributeSchemaEntry>
        <Name>mSMQRoutingServices</Name>
        <AttributeMetadata>
          <Value>attributeID:487:1:55a73700-c891-46fd-8f5c-72bc827f2ef5:20160407213828.760:487</Value>
          <Value>attributeSyntax:487:1:55a73700-c891-46fd-8f5c-72bc827f2ef5:20160407213828.760:487</Value>
          <Value>cn:487:1:55a73700-c891-46fd-8f5c-72bc827f2ef5:20160407213828.760:487</Value>
          <Value>createTimeStamp:487:1:55a73700-c891-46fd-8f5c-72bc827f2ef5:20160407213828.760:487</Value>
          <Value>entryDN:487:1:55a73700-c891-46fd-8f5c-72bc827f2ef5:20160407213828.760:487</Value>
          <Value>isSingleValued:487:1:55a73700-c891-46fd-8f5c-72bc827f2ef5:20160407213828.760:487</Value>
          <Value>lDAPDisplayName:487:1:55a73700-c891-46fd-8f5c-72bc827f2ef5:20160407213828.760:487</Value>
          <Value>modifyTimeStamp:487:1:55a73700-c891-46fd-8f5c-72bc827f2ef5:20160407213828.760:487</Value>
          <Value>objectClass:487:1:55a73700-c891-46fd-8f5c-72bc827f2ef5:20160407213828.760:487</Value>
          <Value>objectGUID:487:1:55a73700-c891-46fd-8f5c-72bc827f2ef5:20160407213828.760:487</Value>
          <Value>oMSyntax:487:1:55a73700-c891-46fd-8f5c-72bc827f2ef5:20160407213828.760:487</Value>
          <Value>schemaIDGUID:487:1:55a73700-c891-46fd-8f5c-72bc827f2ef5:20160407213828.760:487</Value>
          <Value>uSNChanged:487:1:55a73700-c891-46fd-8f5c-72bc827f2ef5:20160407213828.760:487</Value>
          <Value>uSNCreated:487:1:55a73700-c891-46fd-8f5c-72bc827f2ef5:20160407213828.760:487</Value>
          <Value>vmwAttributeUsage:487:1:55a73700-c891-46fd-8f5c-72bc827f2ef5:20160407213828.760:487</Value>
        </AttributeMetadata>
      </AttributeSchemaEntry>
      <AttributeSchemaEntry>
        <Name>MSMQ-SecuredSource</Name>
        <AttributeMetadata>
          <Value>attributeID:1531:1:55a73700-c891-46fd-8f5c-72bc827f2ef5:20160407213830.541:1531</Value>
          <Value>attributeSyntax:1531:1:55a73700-c891-46fd-8f5c-72bc827f2ef5:20160407213830.541:1531</Value>
          <Value>cn:1531:1:55a73700-c891-46fd-8f5c-72bc827f2ef5:20160407213830.541:1531</Value>
          <Value>createTimeStamp:1531:1:55a73700-c891-46fd-8f5c-72bc827f2ef5:20160407213830.541:1531</Value>
          <Value>entryDN:1531:1:55a73700-c891-46fd-8f5c-72bc827f2ef5:20160407213830.541:1531</Value>
          <Value>isSingleValued:1531:1:55a73700-c891-46fd-8f5c-72bc827f2ef5:20160407213830.541:1531</Value>
          <Value>lDAPDisplayName:1531:1:55a73700-c891-46fd-8f5c-72bc827f2ef5:20160407213830.541:1531</Value>
          <Value>modifyTimeStamp:1531:1:55a73700-c891-46fd-8f5c-72bc827f2ef5:20160407213830.541:1531</Value>
          <Value>objectClass:1531:1:55a73700-c891-46fd-8f5c-72bc827f2ef5:20160407213830.541:1531</Value>
          <Value>objectGUID:1531:1:55a73700-c891-46fd-8f5c-72bc827f2ef5:20160407213830.541:1531</Value>
          <Value>oMSyntax:1531:1:55a73700-c891-46fd-8f5c-72bc827f2ef5:20160407213830.541:1531</Value>
          <Value>schemaIDGUID:1531:1:55a73700-c891-46fd-8f5c-72bc827f2ef5:20160407213830.541:1531</Value>
          <Value>uSNChanged:1531:1:55a73700-c891-46fd-8f5c-72bc827f2ef5:20160407213830.541:1531</Value>
          <Value>uSNCreated:1531:1:55a73700-c891-46fd-8f5c-72bc827f2ef5:20160407213830.541:1531</Value>
          <Value>vmwAttributeUsage:1531:1:55a73700-c891-46fd-8f5c-72bc827f2ef5:20160407213830.541:1531</Value>
        </AttributeMetadata>
      </AttributeSchemaEntry>
      <AttributeSchemaEntry>
        <Name>mSMQServices</Name>
        <AttributeMetadata>
          <Value>attributeID:419:1:55a73700-c891-46fd-8f5c-72bc827f2ef5:20160407213828.649:419</Value>
          <Value>attributeSyntax:419:1:55a73700-c891-46fd-8f5c-72bc827f2ef5:20160407213828.649:419</Value>
          <Value>cn:419:1:55a73700-c891-46fd-8f5c-72bc827f2ef5:20160407213828.649:419</Value>
          <Value>createTimeStamp:419:1:55a73700-c891-46fd-8f5c-72bc827f2ef5:20160407213828.649:419</Value>
          <Value>entryDN:419:1:55a73700-c891-46fd-8f5c-72bc827f2ef5:20160407213828.649:419</Value>
          <Value>isSingleValued:419:1:55a73700-c891-46fd-8f5c-72bc827f2ef5:20160407213828.649:419</Value>
          <Value>lDAPDisplayName:419:1:55a73700-c891-46fd-8f5c-72bc827f2ef5:20160407213828.649:419</Value>
          <Value>modifyTimeStamp:419:1:55a73700-c891-46fd-8f5c-72bc827f2ef5:20160407213828.649:419</Value>
          <Value>objectClass:419:1:55a73700-c891-46fd-8f5c-72bc827f2ef5:20160407213828.649:419</Value>
          <Value>objectGUID:419:1:55a73700-c891-46fd-8f5c-72bc827f2ef5:20160407213828.649:419</Value>
          <Value>oMSyntax:419:1:55a73700-c891-46fd-8f5c-72bc827f2ef5:20160407213828.649:419</Value>
          <Value>schemaIDGUID:419:1:55a73700-c891-46fd-8f5c-72bc827f2ef5:20160407213828.649:419</Value>
          <Value>uSNChanged:419:1:55a73700-c891-46fd-8f5c-72bc827f2ef5:20160407213828.649:419</Value>
          <Value>uSNCreated:419:1:55a73700-c891-46fd-8f5c-72bc827f2ef5:20160407213828.649:419</Value>
          <Value>vmwAttributeUsage:419:1:55a73700-c891-46fd-8f5c-72bc827f2ef5:20160407213828.649:419</Value>
        </AttributeMetadata>
      </AttributeSchemaEntry>
      <AttributeSchemaEntry>
        <Name>mSMQServiceType</Name>
        <AttributeMetadata>
          <Value>attributeID:1222:1:55a73700-c891-46fd-8f5c-72bc827f2ef5:20160407213830.033:1222</Value>
          <Value>attributeSyntax:1222:1:55a73700-c891-46fd-8f5c-72bc827f2ef5:20160407213830.033:1222</Value>
          <Value>cn:1222:1:55a73700-c891-46fd-8f5c-72bc827f2ef5:20160407213830.033:1222</Value>
          <Value>createTimeStamp:1222:1:55a73700-c891-46fd-8f5c-72bc827f2ef5:20160407213830.033:1222</Value>
          <Value>entryDN:1222:1:55a73700-c891-46fd-8f5c-72bc827f2ef5:20160407213830.033:1222</Value>
          <Value>isSingleValued:1222:1:55a73700-c891-46fd-8f5c-72bc827f2ef5:20160407213830.033:1222</Value>
          <Value>lDAPDisplayName:1222:1:55a73700-c891-46fd-8f5c-72bc827f2ef5:20160407213830.033:1222</Value>
          <Value>modifyTimeStamp:1222:1:55a73700-c891-46fd-8f5c-72bc827f2ef5:20160407213830.033:1222</Value>
          <Value>objectClass:1222:1:55a73700-c891-46fd-8f5c-72bc827f2ef5:20160407213830.033:1222</Value>
          <Value>objectGUID:1222:1:55a73700-c891-46fd-8f5c-72bc827f2ef5:20160407213830.033:1222</Value>
          <Value>oMSyntax:1222:1:55a73700-c891-46fd-8f5c-72bc827f2ef5:20160407213830.033:1222</Value>
          <Value>schemaIDGUID:1222:1:55a73700-c891-46fd-8f5c-72bc827f2ef5:20160407213830.033:1222</Value>
          <Value>uSNChanged:1222:1:55a73700-c891-46fd-8f5c-72bc827f2ef5:20160407213830.033:1222</Value>
          <Value>uSNCreated:1222:1:55a73700-c891-46fd-8f5c-72bc827f2ef5:20160407213830.033:1222</Value>
          <Value>vmwAttributeUsage:1222:1:55a73700-c891-46fd-8f5c-72bc827f2ef5:20160407213830.033:1222</Value>
        </AttributeMetadata>
      </AttributeSchemaEntry>
      <AttributeSchemaEntry>
        <Name>mSMQSignCertificates</Name>
        <AttributeMetadata>
          <Value>attributeID:641:1:55a73700-c891-46fd-8f5c-72bc827f2ef5:20160407213829.021:641</Value>
          <Value>attributeSyntax:641:1:55a73700-c891-46fd-8f5c-72bc827f2ef5:20160407213829.021:641</Value>
          <Value>cn:641:1:55a73700-c891-46fd-8f5c-72bc827f2ef5:20160407213829.021:641</Value>
          <Value>createTimeStamp:641:1:55a73700-c891-46fd-8f5c-72bc827f2ef5:20160407213829.021:641</Value>
          <Value>entryDN:641:1:55a73700-c891-46fd-8f5c-72bc827f2ef5:20160407213829.021:641</Value>
          <Value>isSingleValued:641:1:55a73700-c891-46fd-8f5c-72bc827f2ef5:20160407213829.021:641</Value>
          <Value>lDAPDisplayName:641:1:55a73700-c891-46fd-8f5c-72bc827f2ef5:20160407213829.021:641</Value>
          <Value>modifyTimeStamp:641:1:55a73700-c891-46fd-8f5c-72bc827f2ef5:20160407213829.021:641</Value>
          <Value>objectClass:641:1:55a73700-c891-46fd-8f5c-72bc827f2ef5:20160407213829.021:641</Value>
          <Value>objectGUID:641:1:55a73700-c891-46fd-8f5c-72bc827f2ef5:20160407213829.021:641</Value>
          <Value>oMSyntax:641:1:55a73700-c891-46fd-8f5c-72bc827f2ef5:20160407213829.021:641</Value>
          <Value>schemaIDGUID:641:1:55a73700-c891-46fd-8f5c-72bc827f2ef5:20160407213829.021:641</Value>
          <Value>uSNChanged:641:1:55a73700-c891-46fd-8f5c-72bc827f2ef5:20160407213829.021:641</Value>
          <Value>uSNCreated:641:1:55a73700-c891-46fd-8f5c-72bc827f2ef5:20160407213829.021:641</Value>
          <Value>vmwAttributeUsage:641:1:55a73700-c891-46fd-8f5c-72bc827f2ef5:20160407213829.021:641</Value>
        </AttributeMetadata>
      </AttributeSchemaEntry>
      <AttributeSchemaEntry>
        <Name>mSMQSignCertificatesMig</Name>
        <AttributeMetadata>
          <Value>attributeID:291:1:55a73700-c891-46fd-8f5c-72bc827f2ef5:20160407213828.450:291</Value>
          <Value>attributeSyntax:291:1:55a73700-c891-46fd-8f5c-72bc827f2ef5:20160407213828.450:291</Value>
          <Value>cn:291:1:55a73700-c891-46fd-8f5c-72bc827f2ef5:20160407213828.450:291</Value>
          <Value>createTimeStamp:291:1:55a73700-c891-46fd-8f5c-72bc827f2ef5:20160407213828.450:291</Value>
          <Value>entryDN:291:1:55a73700-c891-46fd-8f5c-72bc827f2ef5:20160407213828.450:291</Value>
          <Value>isSingleValued:291:1:55a73700-c891-46fd-8f5c-72bc827f2ef5:20160407213828.450:291</Value>
          <Value>lDAPDisplayName:291:1:55a73700-c891-46fd-8f5c-72bc827f2ef5:20160407213828.450:291</Value>
          <Value>modifyTimeStamp:291:1:55a73700-c891-46fd-8f5c-72bc827f2ef5:20160407213828.450:291</Value>
          <Value>objectClass:291:1:55a73700-c891-46fd-8f5c-72bc827f2ef5:20160407213828.450:291</Value>
          <Value>objectGUID:291:1:55a73700-c891-46fd-8f5c-72bc827f2ef5:20160407213828.450:291</Value>
          <Value>oMSyntax:291:1:55a73700-c891-46fd-8f5c-72bc827f2ef5:20160407213828.450:291</Value>
          <Value>schemaIDGUID:291:1:55a73700-c891-46fd-8f5c-72bc827f2ef5:20160407213828.450:291</Value>
          <Value>uSNChanged:291:1:55a73700-c891-46fd-8f5c-72bc827f2ef5:20160407213828.450:291</Value>
          <Value>uSNCreated:291:1:55a73700-c891-46fd-8f5c-72bc827f2ef5:20160407213828.450:291</Value>
          <Value>vmwAttributeUsage:291:1:55a73700-c891-46fd-8f5c-72bc827f2ef5:20160407213828.450:291</Value>
        </AttributeMetadata>
      </AttributeSchemaEntry>
      <AttributeSchemaEntry>
        <Name>mSMQSignKey</Name>
        <AttributeMetadata>
          <Value>attributeID:1028:1:55a73700-c891-46fd-8f5c-72bc827f2ef5:20160407213829.676:1028</Value>
          <Value>attributeSyntax:1028:1:55a73700-c891-46fd-8f5c-72bc827f2ef5:20160407213829.676:1028</Value>
          <Value>cn:1028:1:55a73700-c891-46fd-8f5c-72bc827f2ef5:20160407213829.676:1028</Value>
          <Value>createTimeStamp:1028:1:55a73700-c891-46fd-8f5c-72bc827f2ef5:20160407213829.676:1028</Value>
          <Value>entryDN:1028:1:55a73700-c891-46fd-8f5c-72bc827f2ef5:20160407213829.676:1028</Value>
          <Value>isSingleValued:1028:1:55a73700-c891-46fd-8f5c-72bc827f2ef5:20160407213829.676:1028</Value>
          <Value>lDAPDisplayName:1028:1:55a73700-c891-46fd-8f5c-72bc827f2ef5:20160407213829.676:1028</Value>
          <Value>modifyTimeStamp:1028:1:55a73700-c891-46fd-8f5c-72bc827f2ef5:20160407213829.676:1028</Value>
          <Value>objectClass:1028:1:55a73700-c891-46fd-8f5c-72bc827f2ef5:20160407213829.676:1028</Value>
          <Value>objectGUID:1028:1:55a73700-c891-46fd-8f5c-72bc827f2ef5:20160407213829.676:1028</Value>
          <Value>oMSyntax:1028:1:55a73700-c891-46fd-8f5c-72bc827f2ef5:20160407213829.676:1028</Value>
          <Value>schemaIDGUID:1028:1:55a73700-c891-46fd-8f5c-72bc827f2ef5:20160407213829.676:1028</Value>
          <Value>uSNChanged:1028:1:55a73700-c891-46fd-8f5c-72bc827f2ef5:20160407213829.676:1028</Value>
          <Value>uSNCreated:1028:1:55a73700-c891-46fd-8f5c-72bc827f2ef5:20160407213829.676:1028</Value>
          <Value>vmwAttributeUsage:1028:1:55a73700-c891-46fd-8f5c-72bc827f2ef5:20160407213829.676:1028</Value>
        </AttributeMetadata>
      </AttributeSchemaEntry>
      <AttributeSchemaEntry>
        <Name>mSMQSite1</Name>
        <AttributeMetadata>
          <Value>attributeID:742:1:55a73700-c891-46fd-8f5c-72bc827f2ef5:20160407213829.188:742</Value>
          <Value>attributeSyntax:742:1:55a73700-c891-46fd-8f5c-72bc827f2ef5:20160407213829.188:742</Value>
          <Value>cn:742:1:55a73700-c891-46fd-8f5c-72bc827f2ef5:20160407213829.188:742</Value>
          <Value>createTimeStamp:742:1:55a73700-c891-46fd-8f5c-72bc827f2ef5:20160407213829.188:742</Value>
          <Value>entryDN:742:1:55a73700-c891-46fd-8f5c-72bc827f2ef5:20160407213829.188:742</Value>
          <Value>isSingleValued:742:1:55a73700-c891-46fd-8f5c-72bc827f2ef5:20160407213829.188:742</Value>
          <Value>lDAPDisplayName:742:1:55a73700-c891-46fd-8f5c-72bc827f2ef5:20160407213829.188:742</Value>
          <Value>modifyTimeStamp:742:1:55a73700-c891-46fd-8f5c-72bc827f2ef5:20160407213829.188:742</Value>
          <Value>objectClass:742:1:55a73700-c891-46fd-8f5c-72bc827f2ef5:20160407213829.188:742</Value>
          <Value>objectGUID:742:1:55a73700-c891-46fd-8f5c-72bc827f2ef5:20160407213829.188:742</Value>
          <Value>oMSyntax:742:1:55a73700-c891-46fd-8f5c-72bc827f2ef5:20160407213829.188:742</Value>
          <Value>schemaIDGUID:742:1:55a73700-c891-46fd-8f5c-72bc827f2ef5:20160407213829.188:742</Value>
          <Value>uSNChanged:742:1:55a73700-c891-46fd-8f5c-72bc827f2ef5:20160407213829.188:742</Value>
          <Value>uSNCreated:742:1:55a73700-c891-46fd-8f5c-72bc827f2ef5:20160407213829.188:742</Value>
          <Value>vmwAttributeUsage:742:1:55a73700-c891-46fd-8f5c-72bc827f2ef5:20160407213829.188:742</Value>
        </AttributeMetadata>
      </AttributeSchemaEntry>
      <AttributeSchemaEntry>
        <Name>mSMQSite2</Name>
        <AttributeMetadata>
          <Value>attributeID:743:1:55a73700-c891-46fd-8f5c-72bc827f2ef5:20160407213829.189:743</Value>
          <Value>attributeSyntax:743:1:55a73700-c891-46fd-8f5c-72bc827f2ef5:20160407213829.189:743</Value>
          <Value>cn:743:1:55a73700-c891-46fd-8f5c-72bc827f2ef5:20160407213829.189:743</Value>
          <Value>createTimeStamp:743:1:55a73700-c891-46fd-8f5c-72bc827f2ef5:20160407213829.189:743</Value>
          <Value>entryDN:743:1:55a73700-c891-46fd-8f5c-72bc827f2ef5:20160407213829.189:743</Value>
          <Value>isSingleValued:743:1:55a73700-c891-46fd-8f5c-72bc827f2ef5:20160407213829.189:743</Value>
          <Value>lDAPDisplayName:743:1:55a73700-c891-46fd-8f5c-72bc827f2ef5:20160407213829.189:743</Value>
          <Value>modifyTimeStamp:743:1:55a73700-c891-46fd-8f5c-72bc827f2ef5:20160407213829.189:743</Value>
          <Value>objectClass:743:1:55a73700-c891-46fd-8f5c-72bc827f2ef5:20160407213829.189:743</Value>
          <Value>objectGUID:743:1:55a73700-c891-46fd-8f5c-72bc827f2ef5:20160407213829.189:743</Value>
          <Value>oMSyntax:743:1:55a73700-c891-46fd-8f5c-72bc827f2ef5:20160407213829.189:743</Value>
          <Value>schemaIDGUID:743:1:55a73700-c891-46fd-8f5c-72bc827f2ef5:20160407213829.189:743</Value>
          <Value>uSNChanged:743:1:55a73700-c891-46fd-8f5c-72bc827f2ef5:20160407213829.189:743</Value>
          <Value>uSNCreated:743:1:55a73700-c891-46fd-8f5c-72bc827f2ef5:20160407213829.189:743</Value>
          <Value>vmwAttributeUsage:743:1:55a73700-c891-46fd-8f5c-72bc827f2ef5:20160407213829.189:743</Value>
        </AttributeMetadata>
      </AttributeSchemaEntry>
      <AttributeSchemaEntry>
        <Name>mSMQSiteForeign</Name>
        <AttributeMetadata>
          <Value>attributeID:492:1:55a73700-c891-46fd-8f5c-72bc827f2ef5:20160407213828.766:492</Value>
          <Value>attributeSyntax:492:1:55a73700-c891-46fd-8f5c-72bc827f2ef5:20160407213828.766:492</Value>
          <Value>cn:492:1:55a73700-c891-46fd-8f5c-72bc827f2ef5:20160407213828.766:492</Value>
          <Value>createTimeStamp:492:1:55a73700-c891-46fd-8f5c-72bc827f2ef5:20160407213828.766:492</Value>
          <Value>entryDN:492:1:55a73700-c891-46fd-8f5c-72bc827f2ef5:20160407213828.766:492</Value>
          <Value>isSingleValued:492:1:55a73700-c891-46fd-8f5c-72bc827f2ef5:20160407213828.766:492</Value>
          <Value>lDAPDisplayName:492:1:55a73700-c891-46fd-8f5c-72bc827f2ef5:20160407213828.766:492</Value>
          <Value>modifyTimeStamp:492:1:55a73700-c891-46fd-8f5c-72bc827f2ef5:20160407213828.766:492</Value>
          <Value>objectClass:492:1:55a73700-c891-46fd-8f5c-72bc827f2ef5:20160407213828.766:492</Value>
          <Value>objectGUID:492:1:55a73700-c891-46fd-8f5c-72bc827f2ef5:20160407213828.766:492</Value>
          <Value>oMSyntax:492:1:55a73700-c891-46fd-8f5c-72bc827f2ef5:20160407213828.766:492</Value>
          <Value>schemaIDGUID:492:1:55a73700-c891-46fd-8f5c-72bc827f2ef5:20160407213828.766:492</Value>
          <Value>uSNChanged:492:1:55a73700-c891-46fd-8f5c-72bc827f2ef5:20160407213828.766:492</Value>
          <Value>uSNCreated:492:1:55a73700-c891-46fd-8f5c-72bc827f2ef5:20160407213828.766:492</Value>
          <Value>vmwAttributeUsage:492:1:55a73700-c891-46fd-8f5c-72bc827f2ef5:20160407213828.766:492</Value>
        </AttributeMetadata>
      </AttributeSchemaEntry>
      <AttributeSchemaEntry>
        <Name>mSMQSiteGates</Name>
        <AttributeMetadata>
          <Value>attributeID:1653:1:55a73700-c891-46fd-8f5c-72bc827f2ef5:20160407213830.747:1653</Value>
          <Value>attributeSyntax:1653:1:55a73700-c891-46fd-8f5c-72bc827f2ef5:20160407213830.747:1653</Value>
          <Value>cn:1653:1:55a73700-c891-46fd-8f5c-72bc827f2ef5:20160407213830.747:1653</Value>
          <Value>createTimeStamp:1653:1:55a73700-c891-46fd-8f5c-72bc827f2ef5:20160407213830.747:1653</Value>
          <Value>entryDN:1653:1:55a73700-c891-46fd-8f5c-72bc827f2ef5:20160407213830.747:1653</Value>
          <Value>isSingleValued:1653:1:55a73700-c891-46fd-8f5c-72bc827f2ef5:20160407213830.747:1653</Value>
          <Value>lDAPDisplayName:1653:1:55a73700-c891-46fd-8f5c-72bc827f2ef5:20160407213830.747:1653</Value>
          <Value>modifyTimeStamp:1653:1:55a73700-c891-46fd-8f5c-72bc827f2ef5:20160407213830.747:1653</Value>
          <Value>objectClass:1653:1:55a73700-c891-46fd-8f5c-72bc827f2ef5:20160407213830.747:1653</Value>
          <Value>objectGUID:1653:1:55a73700-c891-46fd-8f5c-72bc827f2ef5:20160407213830.747:1653</Value>
          <Value>oMSyntax:1653:1:55a73700-c891-46fd-8f5c-72bc827f2ef5:20160407213830.747:1653</Value>
          <Value>schemaIDGUID:1653:1:55a73700-c891-46fd-8f5c-72bc827f2ef5:20160407213830.747:1653</Value>
          <Value>uSNChanged:1653:1:55a73700-c891-46fd-8f5c-72bc827f2ef5:20160407213830.747:1653</Value>
          <Value>uSNCreated:1653:1:55a73700-c891-46fd-8f5c-72bc827f2ef5:20160407213830.747:1653</Value>
          <Value>vmwAttributeUsage:1653:1:55a73700-c891-46fd-8f5c-72bc827f2ef5:20160407213830.747:1653</Value>
        </AttributeMetadata>
      </AttributeSchemaEntry>
      <AttributeSchemaEntry>
        <Name>mSMQSiteGatesMig</Name>
        <AttributeMetadata>
          <Value>attributeID:849:1:55a73700-c891-46fd-8f5c-72bc827f2ef5:20160407213829.376:849</Value>
          <Value>attributeSyntax:849:1:55a73700-c891-46fd-8f5c-72bc827f2ef5:20160407213829.376:849</Value>
          <Value>cn:849:1:55a73700-c891-46fd-8f5c-72bc827f2ef5:20160407213829.376:849</Value>
          <Value>createTimeStamp:849:1:55a73700-c891-46fd-8f5c-72bc827f2ef5:20160407213829.376:849</Value>
          <Value>entryDN:849:1:55a73700-c891-46fd-8f5c-72bc827f2ef5:20160407213829.376:849</Value>
          <Value>isSingleValued:849:1:55a73700-c891-46fd-8f5c-72bc827f2ef5:20160407213829.376:849</Value>
          <Value>lDAPDisplayName:849:1:55a73700-c891-46fd-8f5c-72bc827f2ef5:20160407213829.376:849</Value>
          <Value>modifyTimeStamp:849:1:55a73700-c891-46fd-8f5c-72bc827f2ef5:20160407213829.376:849</Value>
          <Value>objectClass:849:1:55a73700-c891-46fd-8f5c-72bc827f2ef5:20160407213829.376:849</Value>
          <Value>objectGUID:849:1:55a73700-c891-46fd-8f5c-72bc827f2ef5:20160407213829.376:849</Value>
          <Value>oMSyntax:849:1:55a73700-c891-46fd-8f5c-72bc827f2ef5:20160407213829.376:849</Value>
          <Value>schemaIDGUID:849:1:55a73700-c891-46fd-8f5c-72bc827f2ef5:20160407213829.376:849</Value>
          <Value>uSNChanged:849:1:55a73700-c891-46fd-8f5c-72bc827f2ef5:20160407213829.376:849</Value>
          <Value>uSNCreated:849:1:55a73700-c891-46fd-8f5c-72bc827f2ef5:20160407213829.376:849</Value>
          <Value>vmwAttributeUsage:849:1:55a73700-c891-46fd-8f5c-72bc827f2ef5:20160407213829.376:849</Value>
        </AttributeMetadata>
      </AttributeSchemaEntry>
      <AttributeSchemaEntry>
        <Name>mSMQSiteID</Name>
        <AttributeMetadata>
          <Value>attributeID:962:1:55a73700-c891-46fd-8f5c-72bc827f2ef5:20160407213829.565:962</Value>
          <Value>attributeSyntax:962:1:55a73700-c891-46fd-8f5c-72bc827f2ef5:20160407213829.565:962</Value>
          <Value>cn:962:1:55a73700-c891-46fd-8f5c-72bc827f2ef5:20160407213829.565:962</Value>
          <Value>createTimeStamp:962:1:55a73700-c891-46fd-8f5c-72bc827f2ef5:20160407213829.565:962</Value>
          <Value>entryDN:962:1:55a73700-c891-46fd-8f5c-72bc827f2ef5:20160407213829.565:962</Value>
          <Value>isSingleValued:962:1:55a73700-c891-46fd-8f5c-72bc827f2ef5:20160407213829.565:962</Value>
          <Value>lDAPDisplayName:962:1:55a73700-c891-46fd-8f5c-72bc827f2ef5:20160407213829.565:962</Value>
          <Value>modifyTimeStamp:962:1:55a73700-c891-46fd-8f5c-72bc827f2ef5:20160407213829.565:962</Value>
          <Value>objectClass:962:1:55a73700-c891-46fd-8f5c-72bc827f2ef5:20160407213829.565:962</Value>
          <Value>objectGUID:962:1:55a73700-c891-46fd-8f5c-72bc827f2ef5:20160407213829.565:962</Value>
          <Value>oMSyntax:962:1:55a73700-c891-46fd-8f5c-72bc827f2ef5:20160407213829.565:962</Value>
          <Value>schemaIDGUID:962:1:55a73700-c891-46fd-8f5c-72bc827f2ef5:20160407213829.565:962</Value>
          <Value>uSNChanged:962:1:55a73700-c891-46fd-8f5c-72bc827f2ef5:20160407213829.565:962</Value>
          <Value>uSNCreated:962:1:55a73700-c891-46fd-8f5c-72bc827f2ef5:20160407213829.565:962</Value>
          <Value>vmwAttributeUsage:962:1:55a73700-c891-46fd-8f5c-72bc827f2ef5:20160407213829.565:962</Value>
        </AttributeMetadata>
      </AttributeSchemaEntry>
      <AttributeSchemaEntry>
        <Name>mSMQSiteName</Name>
        <AttributeMetadata>
          <Value>attributeID:1587:1:55a73700-c891-46fd-8f5c-72bc827f2ef5:20160407213830.633:1587</Value>
          <Value>attributeSyntax:1587:1:55a73700-c891-46fd-8f5c-72bc827f2ef5:20160407213830.633:1587</Value>
          <Value>cn:1587:1:55a73700-c891-46fd-8f5c-72bc827f2ef5:20160407213830.633:1587</Value>
          <Value>createTimeStamp:1587:1:55a73700-c891-46fd-8f5c-72bc827f2ef5:20160407213830.633:1587</Value>
          <Value>entryDN:1587:1:55a73700-c891-46fd-8f5c-72bc827f2ef5:20160407213830.633:1587</Value>
          <Value>isSingleValued:1587:1:55a73700-c891-46fd-8f5c-72bc827f2ef5:20160407213830.633:1587</Value>
          <Value>lDAPDisplayName:1587:1:55a73700-c891-46fd-8f5c-72bc827f2ef5:20160407213830.633:1587</Value>
          <Value>modifyTimeStamp:1587:1:55a73700-c891-46fd-8f5c-72bc827f2ef5:20160407213830.633:1587</Value>
          <Value>objectClass:1587:1:55a73700-c891-46fd-8f5c-72bc827f2ef5:20160407213830.633:1587</Value>
          <Value>objectGUID:1587:1:55a73700-c891-46fd-8f5c-72bc827f2ef5:20160407213830.633:1587</Value>
          <Value>oMSyntax:1587:1:55a73700-c891-46fd-8f5c-72bc827f2ef5:20160407213830.633:1587</Value>
          <Value>schemaIDGUID:1587:1:55a73700-c891-46fd-8f5c-72bc827f2ef5:20160407213830.633:1587</Value>
          <Value>uSNChanged:1587:1:55a73700-c891-46fd-8f5c-72bc827f2ef5:20160407213830.633:1587</Value>
          <Value>uSNCreated:1587:1:55a73700-c891-46fd-8f5c-72bc827f2ef5:20160407213830.633:1587</Value>
          <Value>vmwAttributeUsage:1587:1:55a73700-c891-46fd-8f5c-72bc827f2ef5:20160407213830.633:1587</Value>
        </AttributeMetadata>
      </AttributeSchemaEntry>
      <AttributeSchemaEntry>
        <Name>mSMQSiteNameEx</Name>
        <AttributeMetadata>
          <Value>attributeID:843:1:55a73700-c891-46fd-8f5c-72bc827f2ef5:20160407213829.362:843</Value>
          <Value>attributeSyntax:843:1:55a73700-c891-46fd-8f5c-72bc827f2ef5:20160407213829.362:843</Value>
          <Value>cn:843:1:55a73700-c891-46fd-8f5c-72bc827f2ef5:20160407213829.362:843</Value>
          <Value>createTimeStamp:843:1:55a73700-c891-46fd-8f5c-72bc827f2ef5:20160407213829.362:843</Value>
          <Value>entryDN:843:1:55a73700-c891-46fd-8f5c-72bc827f2ef5:20160407213829.362:843</Value>
          <Value>isSingleValued:843:1:55a73700-c891-46fd-8f5c-72bc827f2ef5:20160407213829.362:843</Value>
          <Value>lDAPDisplayName:843:1:55a73700-c891-46fd-8f5c-72bc827f2ef5:20160407213829.362:843</Value>
          <Value>modifyTimeStamp:843:1:55a73700-c891-46fd-8f5c-72bc827f2ef5:20160407213829.362:843</Value>
          <Value>objectClass:843:1:55a73700-c891-46fd-8f5c-72bc827f2ef5:20160407213829.362:843</Value>
          <Value>objectGUID:843:1:55a73700-c891-46fd-8f5c-72bc827f2ef5:20160407213829.362:843</Value>
          <Value>oMSyntax:843:1:55a73700-c891-46fd-8f5c-72bc827f2ef5:20160407213829.362:843</Value>
          <Value>schemaIDGUID:843:1:55a73700-c891-46fd-8f5c-72bc827f2ef5:20160407213829.362:843</Value>
          <Value>uSNChanged:843:1:55a73700-c891-46fd-8f5c-72bc827f2ef5:20160407213829.362:843</Value>
          <Value>uSNCreated:843:1:55a73700-c891-46fd-8f5c-72bc827f2ef5:20160407213829.362:843</Value>
          <Value>vmwAttributeUsage:843:1:55a73700-c891-46fd-8f5c-72bc827f2ef5:20160407213829.362:843</Value>
        </AttributeMetadata>
      </AttributeSchemaEntry>
      <AttributeSchemaEntry>
        <Name>mSMQSites</Name>
        <AttributeMetadata>
          <Value>attributeID:760:1:55a73700-c891-46fd-8f5c-72bc827f2ef5:20160407213829.218:760</Value>
          <Value>attributeSyntax:760:1:55a73700-c891-46fd-8f5c-72bc827f2ef5:20160407213829.218:760</Value>
          <Value>cn:760:1:55a73700-c891-46fd-8f5c-72bc827f2ef5:20160407213829.218:760</Value>
          <Value>createTimeStamp:760:1:55a73700-c891-46fd-8f5c-72bc827f2ef5:20160407213829.218:760</Value>
          <Value>entryDN:760:1:55a73700-c891-46fd-8f5c-72bc827f2ef5:20160407213829.218:760</Value>
          <Value>isSingleValued:760:1:55a73700-c891-46fd-8f5c-72bc827f2ef5:20160407213829.218:760</Value>
          <Value>lDAPDisplayName:760:1:55a73700-c891-46fd-8f5c-72bc827f2ef5:20160407213829.218:760</Value>
          <Value>modifyTimeStamp:760:1:55a73700-c891-46fd-8f5c-72bc827f2ef5:20160407213829.218:760</Value>
          <Value>objectClass:760:1:55a73700-c891-46fd-8f5c-72bc827f2ef5:20160407213829.218:760</Value>
          <Value>objectGUID:760:1:55a73700-c891-46fd-8f5c-72bc827f2ef5:20160407213829.218:760</Value>
          <Value>oMSyntax:760:1:55a73700-c891-46fd-8f5c-72bc827f2ef5:20160407213829.218:760</Value>
          <Value>schemaIDGUID:760:1:55a73700-c891-46fd-8f5c-72bc827f2ef5:20160407213829.218:760</Value>
          <Value>uSNChanged:760:1:55a73700-c891-46fd-8f5c-72bc827f2ef5:20160407213829.218:760</Value>
          <Value>uSNCreated:760:1:55a73700-c891-46fd-8f5c-72bc827f2ef5:20160407213829.218:760</Value>
          <Value>vmwAttributeUsage:760:1:55a73700-c891-46fd-8f5c-72bc827f2ef5:20160407213829.218:760</Value>
        </AttributeMetadata>
      </AttributeSchemaEntry>
      <AttributeSchemaEntry>
        <Name>mSMQTransactional</Name>
        <AttributeMetadata>
          <Value>attributeID:952:1:55a73700-c891-46fd-8f5c-72bc827f2ef5:20160407213829.554:952</Value>
          <Value>attributeSyntax:952:1:55a73700-c891-46fd-8f5c-72bc827f2ef5:20160407213829.554:952</Value>
          <Value>cn:952:1:55a73700-c891-46fd-8f5c-72bc827f2ef5:20160407213829.554:952</Value>
          <Value>createTimeStamp:952:1:55a73700-c891-46fd-8f5c-72bc827f2ef5:20160407213829.554:952</Value>
          <Value>entryDN:952:1:55a73700-c891-46fd-8f5c-72bc827f2ef5:20160407213829.554:952</Value>
          <Value>isSingleValued:952:1:55a73700-c891-46fd-8f5c-72bc827f2ef5:20160407213829.554:952</Value>
          <Value>lDAPDisplayName:952:1:55a73700-c891-46fd-8f5c-72bc827f2ef5:20160407213829.554:952</Value>
          <Value>modifyTimeStamp:952:1:55a73700-c891-46fd-8f5c-72bc827f2ef5:20160407213829.554:952</Value>
          <Value>objectClass:952:1:55a73700-c891-46fd-8f5c-72bc827f2ef5:20160407213829.554:952</Value>
          <Value>objectGUID:952:1:55a73700-c891-46fd-8f5c-72bc827f2ef5:20160407213829.554:952</Value>
          <Value>oMSyntax:952:1:55a73700-c891-46fd-8f5c-72bc827f2ef5:20160407213829.554:952</Value>
          <Value>schemaIDGUID:952:1:55a73700-c891-46fd-8f5c-72bc827f2ef5:20160407213829.554:952</Value>
          <Value>uSNChanged:952:1:55a73700-c891-46fd-8f5c-72bc827f2ef5:20160407213829.554:952</Value>
          <Value>uSNCreated:952:1:55a73700-c891-46fd-8f5c-72bc827f2ef5:20160407213829.554:952</Value>
          <Value>vmwAttributeUsage:952:1:55a73700-c891-46fd-8f5c-72bc827f2ef5:20160407213829.554:952</Value>
        </AttributeMetadata>
      </AttributeSchemaEntry>
      <AttributeSchemaEntry>
        <Name>mSMQUserSid</Name>
        <AttributeMetadata>
          <Value>attributeID:379:1:55a73700-c891-46fd-8f5c-72bc827f2ef5:20160407213828.589:379</Value>
          <Value>attributeSyntax:379:1:55a73700-c891-46fd-8f5c-72bc827f2ef5:20160407213828.589:379</Value>
          <Value>cn:379:1:55a73700-c891-46fd-8f5c-72bc827f2ef5:20160407213828.589:379</Value>
          <Value>createTimeStamp:379:1:55a73700-c891-46fd-8f5c-72bc827f2ef5:20160407213828.589:379</Value>
          <Value>entryDN:379:1:55a73700-c891-46fd-8f5c-72bc827f2ef5:20160407213828.589:379</Value>
          <Value>isSingleValued:379:1:55a73700-c891-46fd-8f5c-72bc827f2ef5:20160407213828.589:379</Value>
          <Value>lDAPDisplayName:379:1:55a73700-c891-46fd-8f5c-72bc827f2ef5:20160407213828.589:379</Value>
          <Value>modifyTimeStamp:379:1:55a73700-c891-46fd-8f5c-72bc827f2ef5:20160407213828.589:379</Value>
          <Value>objectClass:379:1:55a73700-c891-46fd-8f5c-72bc827f2ef5:20160407213828.589:379</Value>
          <Value>objectGUID:379:1:55a73700-c891-46fd-8f5c-72bc827f2ef5:20160407213828.589:379</Value>
          <Value>oMSyntax:379:1:55a73700-c891-46fd-8f5c-72bc827f2ef5:20160407213828.589:379</Value>
          <Value>schemaIDGUID:379:1:55a73700-c891-46fd-8f5c-72bc827f2ef5:20160407213828.589:379</Value>
          <Value>uSNChanged:379:1:55a73700-c891-46fd-8f5c-72bc827f2ef5:20160407213828.589:379</Value>
          <Value>uSNCreated:379:1:55a73700-c891-46fd-8f5c-72bc827f2ef5:20160407213828.589:379</Value>
          <Value>vmwAttributeUsage:379:1:55a73700-c891-46fd-8f5c-72bc827f2ef5:20160407213828.589:379</Value>
        </AttributeMetadata>
      </AttributeSchemaEntry>
      <AttributeSchemaEntry>
        <Name>mSMQVersion</Name>
        <AttributeMetadata>
          <Value>attributeID:325:1:55a73700-c891-46fd-8f5c-72bc827f2ef5:20160407213828.503:325</Value>
          <Value>attributeSyntax:325:1:55a73700-c891-46fd-8f5c-72bc827f2ef5:20160407213828.503:325</Value>
          <Value>cn:325:1:55a73700-c891-46fd-8f5c-72bc827f2ef5:20160407213828.503:325</Value>
          <Value>createTimeStamp:325:1:55a73700-c891-46fd-8f5c-72bc827f2ef5:20160407213828.503:325</Value>
          <Value>entryDN:325:1:55a73700-c891-46fd-8f5c-72bc827f2ef5:20160407213828.503:325</Value>
          <Value>isSingleValued:325:1:55a73700-c891-46fd-8f5c-72bc827f2ef5:20160407213828.503:325</Value>
          <Value>lDAPDisplayName:325:1:55a73700-c891-46fd-8f5c-72bc827f2ef5:20160407213828.503:325</Value>
          <Value>modifyTimeStamp:325:1:55a73700-c891-46fd-8f5c-72bc827f2ef5:20160407213828.503:325</Value>
          <Value>objectClass:325:1:55a73700-c891-46fd-8f5c-72bc827f2ef5:20160407213828.503:325</Value>
          <Value>objectGUID:325:1:55a73700-c891-46fd-8f5c-72bc827f2ef5:20160407213828.503:325</Value>
          <Value>oMSyntax:325:1:55a73700-c891-46fd-8f5c-72bc827f2ef5:20160407213828.503:325</Value>
          <Value>schemaIDGUID:325:1:55a73700-c891-46fd-8f5c-72bc827f2ef5:20160407213828.503:325</Value>
          <Value>uSNChanged:325:1:55a73700-c891-46fd-8f5c-72bc827f2ef5:20160407213828.503:325</Value>
          <Value>uSNCreated:325:1:55a73700-c891-46fd-8f5c-72bc827f2ef5:20160407213828.503:325</Value>
          <Value>vmwAttributeUsage:325:1:55a73700-c891-46fd-8f5c-72bc827f2ef5:20160407213828.503:325</Value>
        </AttributeMetadata>
      </AttributeSchemaEntry>
      <AttributeSchemaEntry>
        <Name>ms-net-ieee-80211-GP-PolicyData</Name>
        <AttributeMetadata>
          <Value>attributeID:990:1:55a73700-c891-46fd-8f5c-72bc827f2ef5:20160407213829.616:990</Value>
          <Value>attributeSyntax:990:1:55a73700-c891-46fd-8f5c-72bc827f2ef5:20160407213829.616:990</Value>
          <Value>cn:990:1:55a73700-c891-46fd-8f5c-72bc827f2ef5:20160407213829.616:990</Value>
          <Value>createTimeStamp:990:1:55a73700-c891-46fd-8f5c-72bc827f2ef5:20160407213829.616:990</Value>
          <Value>entryDN:990:1:55a73700-c891-46fd-8f5c-72bc827f2ef5:20160407213829.616:990</Value>
          <Value>isSingleValued:990:1:55a73700-c891-46fd-8f5c-72bc827f2ef5:20160407213829.616:990</Value>
          <Value>lDAPDisplayName:990:1:55a73700-c891-46fd-8f5c-72bc827f2ef5:20160407213829.616:990</Value>
          <Value>modifyTimeStamp:990:1:55a73700-c891-46fd-8f5c-72bc827f2ef5:20160407213829.616:990</Value>
          <Value>objectClass:990:1:55a73700-c891-46fd-8f5c-72bc827f2ef5:20160407213829.616:990</Value>
          <Value>objectGUID:990:1:55a73700-c891-46fd-8f5c-72bc827f2ef5:20160407213829.616:990</Value>
          <Value>oMSyntax:990:1:55a73700-c891-46fd-8f5c-72bc827f2ef5:20160407213829.616:990</Value>
          <Value>schemaIDGUID:990:1:55a73700-c891-46fd-8f5c-72bc827f2ef5:20160407213829.616:990</Value>
          <Value>uSNChanged:990:1:55a73700-c891-46fd-8f5c-72bc827f2ef5:20160407213829.616:990</Value>
          <Value>uSNCreated:990:1:55a73700-c891-46fd-8f5c-72bc827f2ef5:20160407213829.616:990</Value>
          <Value>vmwAttributeUsage:990:1:55a73700-c891-46fd-8f5c-72bc827f2ef5:20160407213829.616:990</Value>
        </AttributeMetadata>
      </AttributeSchemaEntry>
      <AttributeSchemaEntry>
        <Name>ms-net-ieee-80211-GP-PolicyGUID</Name>
        <AttributeMetadata>
          <Value>attributeID:587:1:55a73700-c891-46fd-8f5c-72bc827f2ef5:20160407213828.921:587</Value>
          <Value>attributeSyntax:587:1:55a73700-c891-46fd-8f5c-72bc827f2ef5:20160407213828.921:587</Value>
          <Value>cn:587:1:55a73700-c891-46fd-8f5c-72bc827f2ef5:20160407213828.921:587</Value>
          <Value>createTimeStamp:587:1:55a73700-c891-46fd-8f5c-72bc827f2ef5:20160407213828.921:587</Value>
          <Value>entryDN:587:1:55a73700-c891-46fd-8f5c-72bc827f2ef5:20160407213828.921:587</Value>
          <Value>isSingleValued:587:1:55a73700-c891-46fd-8f5c-72bc827f2ef5:20160407213828.921:587</Value>
          <Value>lDAPDisplayName:587:1:55a73700-c891-46fd-8f5c-72bc827f2ef5:20160407213828.921:587</Value>
          <Value>modifyTimeStamp:587:1:55a73700-c891-46fd-8f5c-72bc827f2ef5:20160407213828.921:587</Value>
          <Value>objectClass:587:1:55a73700-c891-46fd-8f5c-72bc827f2ef5:20160407213828.921:587</Value>
          <Value>objectGUID:587:1:55a73700-c891-46fd-8f5c-72bc827f2ef5:20160407213828.921:587</Value>
          <Value>oMSyntax:587:1:55a73700-c891-46fd-8f5c-72bc827f2ef5:20160407213828.921:587</Value>
          <Value>schemaIDGUID:587:1:55a73700-c891-46fd-8f5c-72bc827f2ef5:20160407213828.921:587</Value>
          <Value>uSNChanged:587:1:55a73700-c891-46fd-8f5c-72bc827f2ef5:20160407213828.921:587</Value>
          <Value>uSNCreated:587:1:55a73700-c891-46fd-8f5c-72bc827f2ef5:20160407213828.921:587</Value>
          <Value>vmwAttributeUsage:587:1:55a73700-c891-46fd-8f5c-72bc827f2ef5:20160407213828.921:587</Value>
        </AttributeMetadata>
      </AttributeSchemaEntry>
      <AttributeSchemaEntry>
        <Name>ms-net-ieee-80211-GP-PolicyReserved</Name>
        <AttributeMetadata>
          <Value>attributeID:1672:1:55a73700-c891-46fd-8f5c-72bc827f2ef5:20160407213830.778:1672</Value>
          <Value>attributeSyntax:1672:1:55a73700-c891-46fd-8f5c-72bc827f2ef5:20160407213830.778:1672</Value>
          <Value>cn:1672:1:55a73700-c891-46fd-8f5c-72bc827f2ef5:20160407213830.778:1672</Value>
          <Value>createTimeStamp:1672:1:55a73700-c891-46fd-8f5c-72bc827f2ef5:20160407213830.778:1672</Value>
          <Value>entryDN:1672:1:55a73700-c891-46fd-8f5c-72bc827f2ef5:20160407213830.778:1672</Value>
          <Value>isSingleValued:1672:1:55a73700-c891-46fd-8f5c-72bc827f2ef5:20160407213830.778:1672</Value>
          <Value>lDAPDisplayName:1672:1:55a73700-c891-46fd-8f5c-72bc827f2ef5:20160407213830.778:1672</Value>
          <Value>modifyTimeStamp:1672:1:55a73700-c891-46fd-8f5c-72bc827f2ef5:20160407213830.778:1672</Value>
          <Value>objectClass:1672:1:55a73700-c891-46fd-8f5c-72bc827f2ef5:20160407213830.778:1672</Value>
          <Value>objectGUID:1672:1:55a73700-c891-46fd-8f5c-72bc827f2ef5:20160407213830.778:1672</Value>
          <Value>oMSyntax:1672:1:55a73700-c891-46fd-8f5c-72bc827f2ef5:20160407213830.778:1672</Value>
          <Value>schemaIDGUID:1672:1:55a73700-c891-46fd-8f5c-72bc827f2ef5:20160407213830.778:1672</Value>
          <Value>uSNChanged:1672:1:55a73700-c891-46fd-8f5c-72bc827f2ef5:20160407213830.778:1672</Value>
          <Value>uSNCreated:1672:1:55a73700-c891-46fd-8f5c-72bc827f2ef5:20160407213830.778:1672</Value>
          <Value>vmwAttributeUsage:1672:1:55a73700-c891-46fd-8f5c-72bc827f2ef5:20160407213830.778:1672</Value>
        </AttributeMetadata>
      </AttributeSchemaEntry>
      <AttributeSchemaEntry>
        <Name>ms-net-ieee-8023-GP-PolicyData</Name>
        <AttributeMetadata>
          <Value>attributeID:361:1:55a73700-c891-46fd-8f5c-72bc827f2ef5:20160407213828.560:361</Value>
          <Value>attributeSyntax:361:1:55a73700-c891-46fd-8f5c-72bc827f2ef5:20160407213828.560:361</Value>
          <Value>cn:361:1:55a73700-c891-46fd-8f5c-72bc827f2ef5:20160407213828.560:361</Value>
          <Value>createTimeStamp:361:1:55a73700-c891-46fd-8f5c-72bc827f2ef5:20160407213828.560:361</Value>
          <Value>entryDN:361:1:55a73700-c891-46fd-8f5c-72bc827f2ef5:20160407213828.560:361</Value>
          <Value>isSingleValued:361:1:55a73700-c891-46fd-8f5c-72bc827f2ef5:20160407213828.560:361</Value>
          <Value>lDAPDisplayName:361:1:55a73700-c891-46fd-8f5c-72bc827f2ef5:20160407213828.560:361</Value>
          <Value>modifyTimeStamp:361:1:55a73700-c891-46fd-8f5c-72bc827f2ef5:20160407213828.560:361</Value>
          <Value>objectClass:361:1:55a73700-c891-46fd-8f5c-72bc827f2ef5:20160407213828.560:361</Value>
          <Value>objectGUID:361:1:55a73700-c891-46fd-8f5c-72bc827f2ef5:20160407213828.560:361</Value>
          <Value>oMSyntax:361:1:55a73700-c891-46fd-8f5c-72bc827f2ef5:20160407213828.560:361</Value>
          <Value>schemaIDGUID:361:1:55a73700-c891-46fd-8f5c-72bc827f2ef5:20160407213828.560:361</Value>
          <Value>uSNChanged:361:1:55a73700-c891-46fd-8f5c-72bc827f2ef5:20160407213828.560:361</Value>
          <Value>uSNCreated:361:1:55a73700-c891-46fd-8f5c-72bc827f2ef5:20160407213828.560:361</Value>
          <Value>vmwAttributeUsage:361:1:55a73700-c891-46fd-8f5c-72bc827f2ef5:20160407213828.560:361</Value>
        </AttributeMetadata>
      </AttributeSchemaEntry>
      <AttributeSchemaEntry>
        <Name>ms-net-ieee-8023-GP-PolicyGUID</Name>
        <AttributeMetadata>
          <Value>attributeID:1613:1:55a73700-c891-46fd-8f5c-72bc827f2ef5:20160407213830.681:1613</Value>
          <Value>attributeSyntax:1613:1:55a73700-c891-46fd-8f5c-72bc827f2ef5:20160407213830.681:1613</Value>
          <Value>cn:1613:1:55a73700-c891-46fd-8f5c-72bc827f2ef5:20160407213830.681:1613</Value>
          <Value>createTimeStamp:1613:1:55a73700-c891-46fd-8f5c-72bc827f2ef5:20160407213830.681:1613</Value>
          <Value>entryDN:1613:1:55a73700-c891-46fd-8f5c-72bc827f2ef5:20160407213830.681:1613</Value>
          <Value>isSingleValued:1613:1:55a73700-c891-46fd-8f5c-72bc827f2ef5:20160407213830.681:1613</Value>
          <Value>lDAPDisplayName:1613:1:55a73700-c891-46fd-8f5c-72bc827f2ef5:20160407213830.681:1613</Value>
          <Value>modifyTimeStamp:1613:1:55a73700-c891-46fd-8f5c-72bc827f2ef5:20160407213830.681:1613</Value>
          <Value>objectClass:1613:1:55a73700-c891-46fd-8f5c-72bc827f2ef5:20160407213830.681:1613</Value>
          <Value>objectGUID:1613:1:55a73700-c891-46fd-8f5c-72bc827f2ef5:20160407213830.681:1613</Value>
          <Value>oMSyntax:1613:1:55a73700-c891-46fd-8f5c-72bc827f2ef5:20160407213830.681:1613</Value>
          <Value>schemaIDGUID:1613:1:55a73700-c891-46fd-8f5c-72bc827f2ef5:20160407213830.681:1613</Value>
          <Value>uSNChanged:1613:1:55a73700-c891-46fd-8f5c-72bc827f2ef5:20160407213830.681:1613</Value>
          <Value>uSNCreated:1613:1:55a73700-c891-46fd-8f5c-72bc827f2ef5:20160407213830.681:1613</Value>
          <Value>vmwAttributeUsage:1613:1:55a73700-c891-46fd-8f5c-72bc827f2ef5:20160407213830.681:1613</Value>
        </AttributeMetadata>
      </AttributeSchemaEntry>
      <AttributeSchemaEntry>
        <Name>ms-net-ieee-8023-GP-PolicyReserved</Name>
        <AttributeMetadata>
          <Value>attributeID:182:1:55a73700-c891-46fd-8f5c-72bc827f2ef5:20160407213828.298:182</Value>
          <Value>attributeSyntax:182:1:55a73700-c891-46fd-8f5c-72bc827f2ef5:20160407213828.298:182</Value>
          <Value>cn:182:1:55a73700-c891-46fd-8f5c-72bc827f2ef5:20160407213828.298:182</Value>
          <Value>createTimeStamp:182:1:55a73700-c891-46fd-8f5c-72bc827f2ef5:20160407213828.298:182</Value>
          <Value>entryDN:182:1:55a73700-c891-46fd-8f5c-72bc827f2ef5:20160407213828.298:182</Value>
          <Value>isSingleValued:182:1:55a73700-c891-46fd-8f5c-72bc827f2ef5:20160407213828.298:182</Value>
          <Value>lDAPDisplayName:182:1:55a73700-c891-46fd-8f5c-72bc827f2ef5:20160407213828.298:182</Value>
          <Value>modifyTimeStamp:182:1:55a73700-c891-46fd-8f5c-72bc827f2ef5:20160407213828.298:182</Value>
          <Value>objectClass:182:1:55a73700-c891-46fd-8f5c-72bc827f2ef5:20160407213828.298:182</Value>
          <Value>objectGUID:182:1:55a73700-c891-46fd-8f5c-72bc827f2ef5:20160407213828.298:182</Value>
          <Value>oMSyntax:182:1:55a73700-c891-46fd-8f5c-72bc827f2ef5:20160407213828.298:182</Value>
          <Value>schemaIDGUID:182:1:55a73700-c891-46fd-8f5c-72bc827f2ef5:20160407213828.298:182</Value>
          <Value>uSNChanged:182:1:55a73700-c891-46fd-8f5c-72bc827f2ef5:20160407213828.298:182</Value>
          <Value>uSNCreated:182:1:55a73700-c891-46fd-8f5c-72bc827f2ef5:20160407213828.298:182</Value>
          <Value>vmwAttributeUsage:182:1:55a73700-c891-46fd-8f5c-72bc827f2ef5:20160407213828.298:182</Value>
        </AttributeMetadata>
      </AttributeSchemaEntry>
      <AttributeSchemaEntry>
        <Name>msNPAllowDialin</Name>
        <AttributeMetadata>
          <Value>attributeID:991:1:55a73700-c891-46fd-8f5c-72bc827f2ef5:20160407213829.616:991</Value>
          <Value>attributeSyntax:991:1:55a73700-c891-46fd-8f5c-72bc827f2ef5:20160407213829.616:991</Value>
          <Value>cn:991:1:55a73700-c891-46fd-8f5c-72bc827f2ef5:20160407213829.616:991</Value>
          <Value>createTimeStamp:991:1:55a73700-c891-46fd-8f5c-72bc827f2ef5:20160407213829.616:991</Value>
          <Value>entryDN:991:1:55a73700-c891-46fd-8f5c-72bc827f2ef5:20160407213829.616:991</Value>
          <Value>isSingleValued:991:1:55a73700-c891-46fd-8f5c-72bc827f2ef5:20160407213829.616:991</Value>
          <Value>lDAPDisplayName:991:1:55a73700-c891-46fd-8f5c-72bc827f2ef5:20160407213829.616:991</Value>
          <Value>modifyTimeStamp:991:1:55a73700-c891-46fd-8f5c-72bc827f2ef5:20160407213829.616:991</Value>
          <Value>objectClass:991:1:55a73700-c891-46fd-8f5c-72bc827f2ef5:20160407213829.616:991</Value>
          <Value>objectGUID:991:1:55a73700-c891-46fd-8f5c-72bc827f2ef5:20160407213829.616:991</Value>
          <Value>oMSyntax:991:1:55a73700-c891-46fd-8f5c-72bc827f2ef5:20160407213829.616:991</Value>
          <Value>schemaIDGUID:991:1:55a73700-c891-46fd-8f5c-72bc827f2ef5:20160407213829.616:991</Value>
          <Value>uSNChanged:991:1:55a73700-c891-46fd-8f5c-72bc827f2ef5:20160407213829.616:991</Value>
          <Value>uSNCreated:991:1:55a73700-c891-46fd-8f5c-72bc827f2ef5:20160407213829.616:991</Value>
          <Value>vmwAttributeUsage:991:1:55a73700-c891-46fd-8f5c-72bc827f2ef5:20160407213829.616:991</Value>
        </AttributeMetadata>
      </AttributeSchemaEntry>
      <AttributeSchemaEntry>
        <Name>msNPCalledStationID</Name>
        <AttributeMetadata>
          <Value>attributeID:1357:1:55a73700-c891-46fd-8f5c-72bc827f2ef5:20160407213830.259:1357</Value>
          <Value>attributeSyntax:1357:1:55a73700-c891-46fd-8f5c-72bc827f2ef5:20160407213830.259:1357</Value>
          <Value>cn:1357:1:55a73700-c891-46fd-8f5c-72bc827f2ef5:20160407213830.259:1357</Value>
          <Value>createTimeStamp:1357:1:55a73700-c891-46fd-8f5c-72bc827f2ef5:20160407213830.259:1357</Value>
          <Value>entryDN:1357:1:55a73700-c891-46fd-8f5c-72bc827f2ef5:20160407213830.259:1357</Value>
          <Value>isSingleValued:1357:1:55a73700-c891-46fd-8f5c-72bc827f2ef5:20160407213830.259:1357</Value>
          <Value>lDAPDisplayName:1357:1:55a73700-c891-46fd-8f5c-72bc827f2ef5:20160407213830.259:1357</Value>
          <Value>modifyTimeStamp:1357:1:55a73700-c891-46fd-8f5c-72bc827f2ef5:20160407213830.259:1357</Value>
          <Value>objectClass:1357:1:55a73700-c891-46fd-8f5c-72bc827f2ef5:20160407213830.259:1357</Value>
          <Value>objectGUID:1357:1:55a73700-c891-46fd-8f5c-72bc827f2ef5:20160407213830.259:1357</Value>
          <Value>oMSyntax:1357:1:55a73700-c891-46fd-8f5c-72bc827f2ef5:20160407213830.259:1357</Value>
          <Value>schemaIDGUID:1357:1:55a73700-c891-46fd-8f5c-72bc827f2ef5:20160407213830.259:1357</Value>
          <Value>uSNChanged:1357:1:55a73700-c891-46fd-8f5c-72bc827f2ef5:20160407213830.259:1357</Value>
          <Value>uSNCreated:1357:1:55a73700-c891-46fd-8f5c-72bc827f2ef5:20160407213830.259:1357</Value>
          <Value>vmwAttributeUsage:1357:1:55a73700-c891-46fd-8f5c-72bc827f2ef5:20160407213830.259:1357</Value>
        </AttributeMetadata>
      </AttributeSchemaEntry>
      <AttributeSchemaEntry>
        <Name>msNPCallingStationID</Name>
        <AttributeMetadata>
          <Value>attributeID:1650:1:55a73700-c891-46fd-8f5c-72bc827f2ef5:20160407213830.744:1650</Value>
          <Value>attributeSyntax:1650:1:55a73700-c891-46fd-8f5c-72bc827f2ef5:20160407213830.744:1650</Value>
          <Value>cn:1650:1:55a73700-c891-46fd-8f5c-72bc827f2ef5:20160407213830.744:1650</Value>
          <Value>createTimeStamp:1650:1:55a73700-c891-46fd-8f5c-72bc827f2ef5:20160407213830.744:1650</Value>
          <Value>entryDN:1650:1:55a73700-c891-46fd-8f5c-72bc827f2ef5:20160407213830.744:1650</Value>
          <Value>isSingleValued:1650:1:55a73700-c891-46fd-8f5c-72bc827f2ef5:20160407213830.744:1650</Value>
          <Value>lDAPDisplayName:1650:1:55a73700-c891-46fd-8f5c-72bc827f2ef5:20160407213830.744:1650</Value>
          <Value>modifyTimeStamp:1650:1:55a73700-c891-46fd-8f5c-72bc827f2ef5:20160407213830.744:1650</Value>
          <Value>objectClass:1650:1:55a73700-c891-46fd-8f5c-72bc827f2ef5:20160407213830.744:1650</Value>
          <Value>objectGUID:1650:1:55a73700-c891-46fd-8f5c-72bc827f2ef5:20160407213830.744:1650</Value>
          <Value>oMSyntax:1650:1:55a73700-c891-46fd-8f5c-72bc827f2ef5:20160407213830.744:1650</Value>
          <Value>schemaIDGUID:1650:1:55a73700-c891-46fd-8f5c-72bc827f2ef5:20160407213830.744:1650</Value>
          <Value>uSNChanged:1650:1:55a73700-c891-46fd-8f5c-72bc827f2ef5:20160407213830.744:1650</Value>
          <Value>uSNCreated:1650:1:55a73700-c891-46fd-8f5c-72bc827f2ef5:20160407213830.744:1650</Value>
          <Value>vmwAttributeUsage:1650:1:55a73700-c891-46fd-8f5c-72bc827f2ef5:20160407213830.744:1650</Value>
        </AttributeMetadata>
      </AttributeSchemaEntry>
      <AttributeSchemaEntry>
        <Name>msNPSavedCallingStationID</Name>
        <AttributeMetadata>
          <Value>attributeID:110:1:55a73700-c891-46fd-8f5c-72bc827f2ef5:20160407213828.200:110</Value>
          <Value>attributeSyntax:110:1:55a73700-c891-46fd-8f5c-72bc827f2ef5:20160407213828.200:110</Value>
          <Value>cn:110:1:55a73700-c891-46fd-8f5c-72bc827f2ef5:20160407213828.200:110</Value>
          <Value>createTimeStamp:110:1:55a73700-c891-46fd-8f5c-72bc827f2ef5:20160407213828.200:110</Value>
          <Value>entryDN:110:1:55a73700-c891-46fd-8f5c-72bc827f2ef5:20160407213828.200:110</Value>
          <Value>isSingleValued:110:1:55a73700-c891-46fd-8f5c-72bc827f2ef5:20160407213828.200:110</Value>
          <Value>lDAPDisplayName:110:1:55a73700-c891-46fd-8f5c-72bc827f2ef5:20160407213828.200:110</Value>
          <Value>modifyTimeStamp:110:1:55a73700-c891-46fd-8f5c-72bc827f2ef5:20160407213828.200:110</Value>
          <Value>objectClass:110:1:55a73700-c891-46fd-8f5c-72bc827f2ef5:20160407213828.200:110</Value>
          <Value>objectGUID:110:1:55a73700-c891-46fd-8f5c-72bc827f2ef5:20160407213828.200:110</Value>
          <Value>oMSyntax:110:1:55a73700-c891-46fd-8f5c-72bc827f2ef5:20160407213828.200:110</Value>
          <Value>schemaIDGUID:110:1:55a73700-c891-46fd-8f5c-72bc827f2ef5:20160407213828.200:110</Value>
          <Value>uSNChanged:110:1:55a73700-c891-46fd-8f5c-72bc827f2ef5:20160407213828.200:110</Value>
          <Value>uSNCreated:110:1:55a73700-c891-46fd-8f5c-72bc827f2ef5:20160407213828.200:110</Value>
          <Value>vmwAttributeUsage:110:1:55a73700-c891-46fd-8f5c-72bc827f2ef5:20160407213828.200:110</Value>
        </AttributeMetadata>
      </AttributeSchemaEntry>
      <AttributeSchemaEntry>
        <Name>msPKIAccountCredentials</Name>
        <AttributeMetadata>
          <Value>attributeID:1563:1:55a73700-c891-46fd-8f5c-72bc827f2ef5:20160407213830.596:1563</Value>
          <Value>attributeSyntax:1563:1:55a73700-c891-46fd-8f5c-72bc827f2ef5:20160407213830.596:1563</Value>
          <Value>cn:1563:1:55a73700-c891-46fd-8f5c-72bc827f2ef5:20160407213830.596:1563</Value>
          <Value>createTimeStamp:1563:1:55a73700-c891-46fd-8f5c-72bc827f2ef5:20160407213830.596:1563</Value>
          <Value>entryDN:1563:1:55a73700-c891-46fd-8f5c-72bc827f2ef5:20160407213830.596:1563</Value>
          <Value>isSingleValued:1563:1:55a73700-c891-46fd-8f5c-72bc827f2ef5:20160407213830.596:1563</Value>
          <Value>lDAPDisplayName:1563:1:55a73700-c891-46fd-8f5c-72bc827f2ef5:20160407213830.596:1563</Value>
          <Value>modifyTimeStamp:1563:1:55a73700-c891-46fd-8f5c-72bc827f2ef5:20160407213830.596:1563</Value>
          <Value>objectClass:1563:1:55a73700-c891-46fd-8f5c-72bc827f2ef5:20160407213830.596:1563</Value>
          <Value>objectGUID:1563:1:55a73700-c891-46fd-8f5c-72bc827f2ef5:20160407213830.596:1563</Value>
          <Value>oMSyntax:1563:1:55a73700-c891-46fd-8f5c-72bc827f2ef5:20160407213830.596:1563</Value>
          <Value>schemaIDGUID:1563:1:55a73700-c891-46fd-8f5c-72bc827f2ef5:20160407213830.596:1563</Value>
          <Value>uSNChanged:1563:1:55a73700-c891-46fd-8f5c-72bc827f2ef5:20160407213830.596:1563</Value>
          <Value>uSNCreated:1563:1:55a73700-c891-46fd-8f5c-72bc827f2ef5:20160407213830.596:1563</Value>
          <Value>vmwAttributeUsage:1563:1:55a73700-c891-46fd-8f5c-72bc827f2ef5:20160407213830.596:1563</Value>
        </AttributeMetadata>
      </AttributeSchemaEntry>
      <AttributeSchemaEntry>
        <Name>msPKI-Certificate-Application-Policy</Name>
        <AttributeMetadata>
          <Value>attributeID:1592:1:55a73700-c891-46fd-8f5c-72bc827f2ef5:20160407213830.649:1592</Value>
          <Value>attributeSyntax:1592:1:55a73700-c891-46fd-8f5c-72bc827f2ef5:20160407213830.649:1592</Value>
          <Value>cn:1592:1:55a73700-c891-46fd-8f5c-72bc827f2ef5:20160407213830.649:1592</Value>
          <Value>createTimeStamp:1592:1:55a73700-c891-46fd-8f5c-72bc827f2ef5:20160407213830.649:1592</Value>
          <Value>entryDN:1592:1:55a73700-c891-46fd-8f5c-72bc827f2ef5:20160407213830.649:1592</Value>
          <Value>isSingleValued:1592:1:55a73700-c891-46fd-8f5c-72bc827f2ef5:20160407213830.649:1592</Value>
          <Value>lDAPDisplayName:1592:1:55a73700-c891-46fd-8f5c-72bc827f2ef5:20160407213830.649:1592</Value>
          <Value>modifyTimeStamp:1592:1:55a73700-c891-46fd-8f5c-72bc827f2ef5:20160407213830.649:1592</Value>
          <Value>objectClass:1592:1:55a73700-c891-46fd-8f5c-72bc827f2ef5:20160407213830.649:1592</Value>
          <Value>objectGUID:1592:1:55a73700-c891-46fd-8f5c-72bc827f2ef5:20160407213830.649:1592</Value>
          <Value>oMSyntax:1592:1:55a73700-c891-46fd-8f5c-72bc827f2ef5:20160407213830.649:1592</Value>
          <Value>schemaIDGUID:1592:1:55a73700-c891-46fd-8f5c-72bc827f2ef5:20160407213830.649:1592</Value>
          <Value>uSNChanged:1592:1:55a73700-c891-46fd-8f5c-72bc827f2ef5:20160407213830.649:1592</Value>
          <Value>uSNCreated:1592:1:55a73700-c891-46fd-8f5c-72bc827f2ef5:20160407213830.649:1592</Value>
          <Value>vmwAttributeUsage:1592:1:55a73700-c891-46fd-8f5c-72bc827f2ef5:20160407213830.649:1592</Value>
        </AttributeMetadata>
      </AttributeSchemaEntry>
      <AttributeSchemaEntry>
        <Name>msPKI-Certificate-Name-Flag</Name>
        <AttributeMetadata>
          <Value>attributeID:173:1:55a73700-c891-46fd-8f5c-72bc827f2ef5:20160407213828.289:173</Value>
          <Value>attributeSyntax:173:1:55a73700-c891-46fd-8f5c-72bc827f2ef5:20160407213828.289:173</Value>
          <Value>cn:173:1:55a73700-c891-46fd-8f5c-72bc827f2ef5:20160407213828.289:173</Value>
          <Value>createTimeStamp:173:1:55a73700-c891-46fd-8f5c-72bc827f2ef5:20160407213828.289:173</Value>
          <Value>entryDN:173:1:55a73700-c891-46fd-8f5c-72bc827f2ef5:20160407213828.289:173</Value>
          <Value>isSingleValued:173:1:55a73700-c891-46fd-8f5c-72bc827f2ef5:20160407213828.289:173</Value>
          <Value>lDAPDisplayName:173:1:55a73700-c891-46fd-8f5c-72bc827f2ef5:20160407213828.289:173</Value>
          <Value>modifyTimeStamp:173:1:55a73700-c891-46fd-8f5c-72bc827f2ef5:20160407213828.289:173</Value>
          <Value>objectClass:173:1:55a73700-c891-46fd-8f5c-72bc827f2ef5:20160407213828.289:173</Value>
          <Value>objectGUID:173:1:55a73700-c891-46fd-8f5c-72bc827f2ef5:20160407213828.289:173</Value>
          <Value>oMSyntax:173:1:55a73700-c891-46fd-8f5c-72bc827f2ef5:20160407213828.289:173</Value>
          <Value>schemaIDGUID:173:1:55a73700-c891-46fd-8f5c-72bc827f2ef5:20160407213828.289:173</Value>
          <Value>uSNChanged:173:1:55a73700-c891-46fd-8f5c-72bc827f2ef5:20160407213828.289:173</Value>
          <Value>uSNCreated:173:1:55a73700-c891-46fd-8f5c-72bc827f2ef5:20160407213828.289:173</Value>
          <Value>vmwAttributeUsage:173:1:55a73700-c891-46fd-8f5c-72bc827f2ef5:20160407213828.289:173</Value>
        </AttributeMetadata>
      </AttributeSchemaEntry>
      <AttributeSchemaEntry>
        <Name>msPKI-Certificate-Policy</Name>
        <AttributeMetadata>
          <Value>attributeID:367:1:55a73700-c891-46fd-8f5c-72bc827f2ef5:20160407213828.567:367</Value>
          <Value>attributeSyntax:367:1:55a73700-c891-46fd-8f5c-72bc827f2ef5:20160407213828.567:367</Value>
          <Value>cn:367:1:55a73700-c891-46fd-8f5c-72bc827f2ef5:20160407213828.567:367</Value>
          <Value>createTimeStamp:367:1:55a73700-c891-46fd-8f5c-72bc827f2ef5:20160407213828.567:367</Value>
          <Value>entryDN:367:1:55a73700-c891-46fd-8f5c-72bc827f2ef5:20160407213828.567:367</Value>
          <Value>isSingleValued:367:1:55a73700-c891-46fd-8f5c-72bc827f2ef5:20160407213828.567:367</Value>
          <Value>lDAPDisplayName:367:1:55a73700-c891-46fd-8f5c-72bc827f2ef5:20160407213828.567:367</Value>
          <Value>modifyTimeStamp:367:1:55a73700-c891-46fd-8f5c-72bc827f2ef5:20160407213828.567:367</Value>
          <Value>objectClass:367:1:55a73700-c891-46fd-8f5c-72bc827f2ef5:20160407213828.567:367</Value>
          <Value>objectGUID:367:1:55a73700-c891-46fd-8f5c-72bc827f2ef5:20160407213828.567:367</Value>
          <Value>oMSyntax:367:1:55a73700-c891-46fd-8f5c-72bc827f2ef5:20160407213828.567:367</Value>
          <Value>schemaIDGUID:367:1:55a73700-c891-46fd-8f5c-72bc827f2ef5:20160407213828.567:367</Value>
          <Value>uSNChanged:367:1:55a73700-c891-46fd-8f5c-72bc827f2ef5:20160407213828.567:367</Value>
          <Value>uSNCreated:367:1:55a73700-c891-46fd-8f5c-72bc827f2ef5:20160407213828.567:367</Value>
          <Value>vmwAttributeUsage:367:1:55a73700-c891-46fd-8f5c-72bc827f2ef5:20160407213828.567:367</Value>
        </AttributeMetadata>
      </AttributeSchemaEntry>
      <AttributeSchemaEntry>
        <Name>msPKI-Cert-Template-OID</Name>
        <AttributeMetadata>
          <Value>attributeID:1499:1:55a73700-c891-46fd-8f5c-72bc827f2ef5:20160407213830.485:1499</Value>
          <Value>attributeSyntax:1499:1:55a73700-c891-46fd-8f5c-72bc827f2ef5:20160407213830.485:1499</Value>
          <Value>cn:1499:1:55a73700-c891-46fd-8f5c-72bc827f2ef5:20160407213830.485:1499</Value>
          <Value>createTimeStamp:1499:1:55a73700-c891-46fd-8f5c-72bc827f2ef5:20160407213830.485:1499</Value>
          <Value>entryDN:1499:1:55a73700-c891-46fd-8f5c-72bc827f2ef5:20160407213830.485:1499</Value>
          <Value>isSingleValued:1499:1:55a73700-c891-46fd-8f5c-72bc827f2ef5:20160407213830.485:1499</Value>
          <Value>lDAPDisplayName:1499:1:55a73700-c891-46fd-8f5c-72bc827f2ef5:20160407213830.485:1499</Value>
          <Value>modifyTimeStamp:1499:1:55a73700-c891-46fd-8f5c-72bc827f2ef5:20160407213830.485:1499</Value>
          <Value>objectClass:1499:1:55a73700-c891-46fd-8f5c-72bc827f2ef5:20160407213830.485:1499</Value>
          <Value>objectGUID:1499:1:55a73700-c891-46fd-8f5c-72bc827f2ef5:20160407213830.485:1499</Value>
          <Value>oMSyntax:1499:1:55a73700-c891-46fd-8f5c-72bc827f2ef5:20160407213830.485:1499</Value>
          <Value>schemaIDGUID:1499:1:55a73700-c891-46fd-8f5c-72bc827f2ef5:20160407213830.485:1499</Value>
          <Value>uSNChanged:1499:1:55a73700-c891-46fd-8f5c-72bc827f2ef5:20160407213830.485:1499</Value>
          <Value>uSNCreated:1499:1:55a73700-c891-46fd-8f5c-72bc827f2ef5:20160407213830.485:1499</Value>
          <Value>vmwAttributeUsage:1499:1:55a73700-c891-46fd-8f5c-72bc827f2ef5:20160407213830.485:1499</Value>
        </AttributeMetadata>
      </AttributeSchemaEntry>
      <AttributeSchemaEntry>
        <Name>msPKI-CredentialRoamingTokens</Name>
        <AttributeMetadata>
          <Value>attributeID:1137:1:55a73700-c891-46fd-8f5c-72bc827f2ef5:20160407213829.886:1137</Value>
          <Value>attributeSyntax:1137:1:55a73700-c891-46fd-8f5c-72bc827f2ef5:20160407213829.886:1137</Value>
          <Value>cn:1137:1:55a73700-c891-46fd-8f5c-72bc827f2ef5:20160407213829.886:1137</Value>
          <Value>createTimeStamp:1137:1:55a73700-c891-46fd-8f5c-72bc827f2ef5:20160407213829.886:1137</Value>
          <Value>entryDN:1137:1:55a73700-c891-46fd-8f5c-72bc827f2ef5:20160407213829.886:1137</Value>
          <Value>isSingleValued:1137:1:55a73700-c891-46fd-8f5c-72bc827f2ef5:20160407213829.886:1137</Value>
          <Value>lDAPDisplayName:1137:1:55a73700-c891-46fd-8f5c-72bc827f2ef5:20160407213829.886:1137</Value>
          <Value>modifyTimeStamp:1137:1:55a73700-c891-46fd-8f5c-72bc827f2ef5:20160407213829.886:1137</Value>
          <Value>objectClass:1137:1:55a73700-c891-46fd-8f5c-72bc827f2ef5:20160407213829.886:1137</Value>
          <Value>objectGUID:1137:1:55a73700-c891-46fd-8f5c-72bc827f2ef5:20160407213829.886:1137</Value>
          <Value>oMSyntax:1137:1:55a73700-c891-46fd-8f5c-72bc827f2ef5:20160407213829.886:1137</Value>
          <Value>schemaIDGUID:1137:1:55a73700-c891-46fd-8f5c-72bc827f2ef5:20160407213829.886:1137</Value>
          <Value>uSNChanged:1137:1:55a73700-c891-46fd-8f5c-72bc827f2ef5:20160407213829.886:1137</Value>
          <Value>uSNCreated:1137:1:55a73700-c891-46fd-8f5c-72bc827f2ef5:20160407213829.886:1137</Value>
          <Value>vmwAttributeUsage:1137:1:55a73700-c891-46fd-8f5c-72bc827f2ef5:20160407213829.886:1137</Value>
        </AttributeMetadata>
      </AttributeSchemaEntry>
      <AttributeSchemaEntry>
        <Name>msPKIDPAPIMasterKeys</Name>
        <AttributeMetadata>
          <Value>attributeID:1058:1:55a73700-c891-46fd-8f5c-72bc827f2ef5:20160407213829.734:1058</Value>
          <Value>attributeSyntax:1058:1:55a73700-c891-46fd-8f5c-72bc827f2ef5:20160407213829.734:1058</Value>
          <Value>cn:1058:1:55a73700-c891-46fd-8f5c-72bc827f2ef5:20160407213829.734:1058</Value>
          <Value>createTimeStamp:1058:1:55a73700-c891-46fd-8f5c-72bc827f2ef5:20160407213829.734:1058</Value>
          <Value>entryDN:1058:1:55a73700-c891-46fd-8f5c-72bc827f2ef5:20160407213829.734:1058</Value>
          <Value>isSingleValued:1058:1:55a73700-c891-46fd-8f5c-72bc827f2ef5:20160407213829.734:1058</Value>
          <Value>lDAPDisplayName:1058:1:55a73700-c891-46fd-8f5c-72bc827f2ef5:20160407213829.734:1058</Value>
          <Value>modifyTimeStamp:1058:1:55a73700-c891-46fd-8f5c-72bc827f2ef5:20160407213829.734:1058</Value>
          <Value>objectClass:1058:1:55a73700-c891-46fd-8f5c-72bc827f2ef5:20160407213829.734:1058</Value>
          <Value>objectGUID:1058:1:55a73700-c891-46fd-8f5c-72bc827f2ef5:20160407213829.734:1058</Value>
          <Value>oMSyntax:1058:1:55a73700-c891-46fd-8f5c-72bc827f2ef5:20160407213829.734:1058</Value>
          <Value>schemaIDGUID:1058:1:55a73700-c891-46fd-8f5c-72bc827f2ef5:20160407213829.734:1058</Value>
          <Value>uSNChanged:1058:1:55a73700-c891-46fd-8f5c-72bc827f2ef5:20160407213829.734:1058</Value>
          <Value>uSNCreated:1058:1:55a73700-c891-46fd-8f5c-72bc827f2ef5:20160407213829.734:1058</Value>
          <Value>vmwAttributeUsage:1058:1:55a73700-c891-46fd-8f5c-72bc827f2ef5:20160407213829.734:1058</Value>
        </AttributeMetadata>
      </AttributeSchemaEntry>
      <AttributeSchemaEntry>
        <Name>msPKI-Enrollment-Flag</Name>
        <AttributeMetadata>
          <Value>attributeID:1583:1:55a73700-c891-46fd-8f5c-72bc827f2ef5:20160407213830.628:1583</Value>
          <Value>attributeSyntax:1583:1:55a73700-c891-46fd-8f5c-72bc827f2ef5:20160407213830.628:1583</Value>
          <Value>cn:1583:1:55a73700-c891-46fd-8f5c-72bc827f2ef5:20160407213830.628:1583</Value>
          <Value>createTimeStamp:1583:1:55a73700-c891-46fd-8f5c-72bc827f2ef5:20160407213830.628:1583</Value>
          <Value>entryDN:1583:1:55a73700-c891-46fd-8f5c-72bc827f2ef5:20160407213830.628:1583</Value>
          <Value>isSingleValued:1583:1:55a73700-c891-46fd-8f5c-72bc827f2ef5:20160407213830.628:1583</Value>
          <Value>lDAPDisplayName:1583:1:55a73700-c891-46fd-8f5c-72bc827f2ef5:20160407213830.628:1583</Value>
          <Value>modifyTimeStamp:1583:1:55a73700-c891-46fd-8f5c-72bc827f2ef5:20160407213830.628:1583</Value>
          <Value>objectClass:1583:1:55a73700-c891-46fd-8f5c-72bc827f2ef5:20160407213830.628:1583</Value>
          <Value>objectGUID:1583:1:55a73700-c891-46fd-8f5c-72bc827f2ef5:20160407213830.628:1583</Value>
          <Value>oMSyntax:1583:1:55a73700-c891-46fd-8f5c-72bc827f2ef5:20160407213830.628:1583</Value>
          <Value>schemaIDGUID:1583:1:55a73700-c891-46fd-8f5c-72bc827f2ef5:20160407213830.628:1583</Value>
          <Value>uSNChanged:1583:1:55a73700-c891-46fd-8f5c-72bc827f2ef5:20160407213830.628:1583</Value>
          <Value>uSNCreated:1583:1:55a73700-c891-46fd-8f5c-72bc827f2ef5:20160407213830.628:1583</Value>
          <Value>vmwAttributeUsage:1583:1:55a73700-c891-46fd-8f5c-72bc827f2ef5:20160407213830.628:1583</Value>
        </AttributeMetadata>
      </AttributeSchemaEntry>
      <AttributeSchemaEntry>
        <Name>msPKI-Enrollment-Servers</Name>
        <AttributeMetadata>
          <Value>attributeID:555:1:55a73700-c891-46fd-8f5c-72bc827f2ef5:20160407213828.871:555</Value>
          <Value>attributeSyntax:555:1:55a73700-c891-46fd-8f5c-72bc827f2ef5:20160407213828.871:555</Value>
          <Value>cn:555:1:55a73700-c891-46fd-8f5c-72bc827f2ef5:20160407213828.871:555</Value>
          <Value>createTimeStamp:555:1:55a73700-c891-46fd-8f5c-72bc827f2ef5:20160407213828.871:555</Value>
          <Value>entryDN:555:1:55a73700-c891-46fd-8f5c-72bc827f2ef5:20160407213828.871:555</Value>
          <Value>isSingleValued:555:1:55a73700-c891-46fd-8f5c-72bc827f2ef5:20160407213828.871:555</Value>
          <Value>lDAPDisplayName:555:1:55a73700-c891-46fd-8f5c-72bc827f2ef5:20160407213828.871:555</Value>
          <Value>modifyTimeStamp:555:1:55a73700-c891-46fd-8f5c-72bc827f2ef5:20160407213828.871:555</Value>
          <Value>objectClass:555:1:55a73700-c891-46fd-8f5c-72bc827f2ef5:20160407213828.871:555</Value>
          <Value>objectGUID:555:1:55a73700-c891-46fd-8f5c-72bc827f2ef5:20160407213828.871:555</Value>
          <Value>oMSyntax:555:1:55a73700-c891-46fd-8f5c-72bc827f2ef5:20160407213828.871:555</Value>
          <Value>schemaIDGUID:555:1:55a73700-c891-46fd-8f5c-72bc827f2ef5:20160407213828.871:555</Value>
          <Value>uSNChanged:555:1:55a73700-c891-46fd-8f5c-72bc827f2ef5:20160407213828.871:555</Value>
          <Value>uSNCreated:555:1:55a73700-c891-46fd-8f5c-72bc827f2ef5:20160407213828.871:555</Value>
          <Value>vmwAttributeUsage:555:1:55a73700-c891-46fd-8f5c-72bc827f2ef5:20160407213828.871:555</Value>
        </AttributeMetadata>
      </AttributeSchemaEntry>
      <AttributeSchemaEntry>
        <Name>msPKI-Minimal-Key-Size</Name>
        <AttributeMetadata>
          <Value>attributeID:1658:1:55a73700-c891-46fd-8f5c-72bc827f2ef5:20160407213830.761:1658</Value>
          <Value>attributeSyntax:1658:1:55a73700-c891-46fd-8f5c-72bc827f2ef5:20160407213830.761:1658</Value>
          <Value>cn:1658:1:55a73700-c891-46fd-8f5c-72bc827f2ef5:20160407213830.761:1658</Value>
          <Value>createTimeStamp:1658:1:55a73700-c891-46fd-8f5c-72bc827f2ef5:20160407213830.761:1658</Value>
          <Value>entryDN:1658:1:55a73700-c891-46fd-8f5c-72bc827f2ef5:20160407213830.761:1658</Value>
          <Value>isSingleValued:1658:1:55a73700-c891-46fd-8f5c-72bc827f2ef5:20160407213830.761:1658</Value>
          <Value>lDAPDisplayName:1658:1:55a73700-c891-46fd-8f5c-72bc827f2ef5:20160407213830.761:1658</Value>
          <Value>modifyTimeStamp:1658:1:55a73700-c891-46fd-8f5c-72bc827f2ef5:20160407213830.761:1658</Value>
          <Value>objectClass:1658:1:55a73700-c891-46fd-8f5c-72bc827f2ef5:20160407213830.761:1658</Value>
          <Value>objectGUID:1658:1:55a73700-c891-46fd-8f5c-72bc827f2ef5:20160407213830.761:1658</Value>
          <Value>oMSyntax:1658:1:55a73700-c891-46fd-8f5c-72bc827f2ef5:20160407213830.761:1658</Value>
          <Value>schemaIDGUID:1658:1:55a73700-c891-46fd-8f5c-72bc827f2ef5:20160407213830.761:1658</Value>
          <Value>uSNChanged:1658:1:55a73700-c891-46fd-8f5c-72bc827f2ef5:20160407213830.761:1658</Value>
          <Value>uSNCreated:1658:1:55a73700-c891-46fd-8f5c-72bc827f2ef5:20160407213830.761:1658</Value>
          <Value>vmwAttributeUsage:1658:1:55a73700-c891-46fd-8f5c-72bc827f2ef5:20160407213830.761:1658</Value>
        </AttributeMetadata>
      </AttributeSchemaEntry>
      <AttributeSchemaEntry>
        <Name>msPKI-OID-Attribute</Name>
        <AttributeMetadata>
          <Value>attributeID:850:1:55a73700-c891-46fd-8f5c-72bc827f2ef5:20160407213829.379:850</Value>
          <Value>attributeSyntax:850:1:55a73700-c891-46fd-8f5c-72bc827f2ef5:20160407213829.379:850</Value>
          <Value>cn:850:1:55a73700-c891-46fd-8f5c-72bc827f2ef5:20160407213829.379:850</Value>
          <Value>createTimeStamp:850:1:55a73700-c891-46fd-8f5c-72bc827f2ef5:20160407213829.379:850</Value>
          <Value>entryDN:850:1:55a73700-c891-46fd-8f5c-72bc827f2ef5:20160407213829.379:850</Value>
          <Value>isSingleValued:850:1:55a73700-c891-46fd-8f5c-72bc827f2ef5:20160407213829.379:850</Value>
          <Value>lDAPDisplayName:850:1:55a73700-c891-46fd-8f5c-72bc827f2ef5:20160407213829.379:850</Value>
          <Value>modifyTimeStamp:850:1:55a73700-c891-46fd-8f5c-72bc827f2ef5:20160407213829.379:850</Value>
          <Value>objectClass:850:1:55a73700-c891-46fd-8f5c-72bc827f2ef5:20160407213829.379:850</Value>
          <Value>objectGUID:850:1:55a73700-c891-46fd-8f5c-72bc827f2ef5:20160407213829.379:850</Value>
          <Value>oMSyntax:850:1:55a73700-c891-46fd-8f5c-72bc827f2ef5:20160407213829.379:850</Value>
          <Value>schemaIDGUID:850:1:55a73700-c891-46fd-8f5c-72bc827f2ef5:20160407213829.379:850</Value>
          <Value>uSNChanged:850:1:55a73700-c891-46fd-8f5c-72bc827f2ef5:20160407213829.379:850</Value>
          <Value>uSNCreated:850:1:55a73700-c891-46fd-8f5c-72bc827f2ef5:20160407213829.379:850</Value>
          <Value>vmwAttributeUsage:850:1:55a73700-c891-46fd-8f5c-72bc827f2ef5:20160407213829.379:850</Value>
        </AttributeMetadata>
      </AttributeSchemaEntry>
      <AttributeSchemaEntry>
        <Name>msPKI-OID-CPS</Name>
        <AttributeMetadata>
          <Value>attributeID:1246:1:55a73700-c891-46fd-8f5c-72bc827f2ef5:20160407213830.070:1246</Value>
          <Value>attributeSyntax:1246:1:55a73700-c891-46fd-8f5c-72bc827f2ef5:20160407213830.070:1246</Value>
          <Value>cn:1246:1:55a73700-c891-46fd-8f5c-72bc827f2ef5:20160407213830.070:1246</Value>
          <Value>createTimeStamp:1246:1:55a73700-c891-46fd-8f5c-72bc827f2ef5:20160407213830.070:1246</Value>
          <Value>entryDN:1246:1:55a73700-c891-46fd-8f5c-72bc827f2ef5:20160407213830.070:1246</Value>
          <Value>isSingleValued:1246:1:55a73700-c891-46fd-8f5c-72bc827f2ef5:20160407213830.070:1246</Value>
          <Value>lDAPDisplayName:1246:1:55a73700-c891-46fd-8f5c-72bc827f2ef5:20160407213830.070:1246</Value>
          <Value>modifyTimeStamp:1246:1:55a73700-c891-46fd-8f5c-72bc827f2ef5:20160407213830.070:1246</Value>
          <Value>objectClass:1246:1:55a73700-c891-46fd-8f5c-72bc827f2ef5:20160407213830.070:1246</Value>
          <Value>objectGUID:1246:1:55a73700-c891-46fd-8f5c-72bc827f2ef5:20160407213830.070:1246</Value>
          <Value>oMSyntax:1246:1:55a73700-c891-46fd-8f5c-72bc827f2ef5:20160407213830.070:1246</Value>
          <Value>schemaIDGUID:1246:1:55a73700-c891-46fd-8f5c-72bc827f2ef5:20160407213830.070:1246</Value>
          <Value>uSNChanged:1246:1:55a73700-c891-46fd-8f5c-72bc827f2ef5:20160407213830.070:1246</Value>
          <Value>uSNCreated:1246:1:55a73700-c891-46fd-8f5c-72bc827f2ef5:20160407213830.070:1246</Value>
          <Value>vmwAttributeUsage:1246:1:55a73700-c891-46fd-8f5c-72bc827f2ef5:20160407213830.070:1246</Value>
        </AttributeMetadata>
      </AttributeSchemaEntry>
      <AttributeSchemaEntry>
        <Name>msPKI-OIDLocalizedName</Name>
        <AttributeMetadata>
          <Value>attributeID:1249:1:55a73700-c891-46fd-8f5c-72bc827f2ef5:20160407213830.079:1249</Value>
          <Value>attributeSyntax:1249:1:55a73700-c891-46fd-8f5c-72bc827f2ef5:20160407213830.079:1249</Value>
          <Value>cn:1249:1:55a73700-c891-46fd-8f5c-72bc827f2ef5:20160407213830.079:1249</Value>
          <Value>createTimeStamp:1249:1:55a73700-c891-46fd-8f5c-72bc827f2ef5:20160407213830.079:1249</Value>
          <Value>entryDN:1249:1:55a73700-c891-46fd-8f5c-72bc827f2ef5:20160407213830.079:1249</Value>
          <Value>isSingleValued:1249:1:55a73700-c891-46fd-8f5c-72bc827f2ef5:20160407213830.079:1249</Value>
          <Value>lDAPDisplayName:1249:1:55a73700-c891-46fd-8f5c-72bc827f2ef5:20160407213830.079:1249</Value>
          <Value>modifyTimeStamp:1249:1:55a73700-c891-46fd-8f5c-72bc827f2ef5:20160407213830.079:1249</Value>
          <Value>objectClass:1249:1:55a73700-c891-46fd-8f5c-72bc827f2ef5:20160407213830.079:1249</Value>
          <Value>objectGUID:1249:1:55a73700-c891-46fd-8f5c-72bc827f2ef5:20160407213830.079:1249</Value>
          <Value>oMSyntax:1249:1:55a73700-c891-46fd-8f5c-72bc827f2ef5:20160407213830.079:1249</Value>
          <Value>schemaIDGUID:1249:1:55a73700-c891-46fd-8f5c-72bc827f2ef5:20160407213830.079:1249</Value>
          <Value>uSNChanged:1249:1:55a73700-c891-46fd-8f5c-72bc827f2ef5:20160407213830.079:1249</Value>
          <Value>uSNCreated:1249:1:55a73700-c891-46fd-8f5c-72bc827f2ef5:20160407213830.079:1249</Value>
          <Value>vmwAttributeUsage:1249:1:55a73700-c891-46fd-8f5c-72bc827f2ef5:20160407213830.079:1249</Value>
        </AttributeMetadata>
      </AttributeSchemaEntry>
      <AttributeSchemaEntry>
        <Name>msPKI-OID-User-Notice</Name>
        <AttributeMetadata>
          <Value>attributeID:878:1:55a73700-c891-46fd-8f5c-72bc827f2ef5:20160407213829.436:878</Value>
          <Value>attributeSyntax:878:1:55a73700-c891-46fd-8f5c-72bc827f2ef5:20160407213829.436:878</Value>
          <Value>cn:878:1:55a73700-c891-46fd-8f5c-72bc827f2ef5:20160407213829.436:878</Value>
          <Value>createTimeStamp:878:1:55a73700-c891-46fd-8f5c-72bc827f2ef5:20160407213829.436:878</Value>
          <Value>entryDN:878:1:55a73700-c891-46fd-8f5c-72bc827f2ef5:20160407213829.436:878</Value>
          <Value>isSingleValued:878:1:55a73700-c891-46fd-8f5c-72bc827f2ef5:20160407213829.436:878</Value>
          <Value>lDAPDisplayName:878:1:55a73700-c891-46fd-8f5c-72bc827f2ef5:20160407213829.436:878</Value>
          <Value>modifyTimeStamp:878:1:55a73700-c891-46fd-8f5c-72bc827f2ef5:20160407213829.436:878</Value>
          <Value>objectClass:878:1:55a73700-c891-46fd-8f5c-72bc827f2ef5:20160407213829.436:878</Value>
          <Value>objectGUID:878:1:55a73700-c891-46fd-8f5c-72bc827f2ef5:20160407213829.436:878</Value>
          <Value>oMSyntax:878:1:55a73700-c891-46fd-8f5c-72bc827f2ef5:20160407213829.436:878</Value>
          <Value>schemaIDGUID:878:1:55a73700-c891-46fd-8f5c-72bc827f2ef5:20160407213829.436:878</Value>
          <Value>uSNChanged:878:1:55a73700-c891-46fd-8f5c-72bc827f2ef5:20160407213829.436:878</Value>
          <Value>uSNCreated:878:1:55a73700-c891-46fd-8f5c-72bc827f2ef5:20160407213829.436:878</Value>
          <Value>vmwAttributeUsage:878:1:55a73700-c891-46fd-8f5c-72bc827f2ef5:20160407213829.436:878</Value>
        </AttributeMetadata>
      </AttributeSchemaEntry>
      <AttributeSchemaEntry>
        <Name>msPKI-Private-Key-Flag</Name>
        <AttributeMetadata>
          <Value>attributeID:551:1:55a73700-c891-46fd-8f5c-72bc827f2ef5:20160407213828.861:551</Value>
          <Value>attributeSyntax:551:1:55a73700-c891-46fd-8f5c-72bc827f2ef5:20160407213828.861:551</Value>
          <Value>cn:551:1:55a73700-c891-46fd-8f5c-72bc827f2ef5:20160407213828.861:551</Value>
          <Value>createTimeStamp:551:1:55a73700-c891-46fd-8f5c-72bc827f2ef5:20160407213828.861:551</Value>
          <Value>entryDN:551:1:55a73700-c891-46fd-8f5c-72bc827f2ef5:20160407213828.861:551</Value>
          <Value>isSingleValued:551:1:55a73700-c891-46fd-8f5c-72bc827f2ef5:20160407213828.861:551</Value>
          <Value>lDAPDisplayName:551:1:55a73700-c891-46fd-8f5c-72bc827f2ef5:20160407213828.861:551</Value>
          <Value>modifyTimeStamp:551:1:55a73700-c891-46fd-8f5c-72bc827f2ef5:20160407213828.861:551</Value>
          <Value>objectClass:551:1:55a73700-c891-46fd-8f5c-72bc827f2ef5:20160407213828.861:551</Value>
          <Value>objectGUID:551:1:55a73700-c891-46fd-8f5c-72bc827f2ef5:20160407213828.861:551</Value>
          <Value>oMSyntax:551:1:55a73700-c891-46fd-8f5c-72bc827f2ef5:20160407213828.861:551</Value>
          <Value>schemaIDGUID:551:1:55a73700-c891-46fd-8f5c-72bc827f2ef5:20160407213828.861:551</Value>
          <Value>uSNChanged:551:1:55a73700-c891-46fd-8f5c-72bc827f2ef5:20160407213828.861:551</Value>
          <Value>uSNCreated:551:1:55a73700-c891-46fd-8f5c-72bc827f2ef5:20160407213828.861:551</Value>
          <Value>vmwAttributeUsage:551:1:55a73700-c891-46fd-8f5c-72bc827f2ef5:20160407213828.861:551</Value>
        </AttributeMetadata>
      </AttributeSchemaEntry>
      <AttributeSchemaEntry>
        <Name>msPKI-RA-Application-Policies</Name>
        <AttributeMetadata>
          <Value>attributeID:1202:1:55a73700-c891-46fd-8f5c-72bc827f2ef5:20160407213830.000:1202</Value>
          <Value>attributeSyntax:1202:1:55a73700-c891-46fd-8f5c-72bc827f2ef5:20160407213830.000:1202</Value>
          <Value>cn:1202:1:55a73700-c891-46fd-8f5c-72bc827f2ef5:20160407213830.000:1202</Value>
          <Value>createTimeStamp:1202:1:55a73700-c891-46fd-8f5c-72bc827f2ef5:20160407213830.000:1202</Value>
          <Value>entryDN:1202:1:55a73700-c891-46fd-8f5c-72bc827f2ef5:20160407213830.000:1202</Value>
          <Value>isSingleValued:1202:1:55a73700-c891-46fd-8f5c-72bc827f2ef5:20160407213830.000:1202</Value>
          <Value>lDAPDisplayName:1202:1:55a73700-c891-46fd-8f5c-72bc827f2ef5:20160407213830.000:1202</Value>
          <Value>modifyTimeStamp:1202:1:55a73700-c891-46fd-8f5c-72bc827f2ef5:20160407213830.000:1202</Value>
          <Value>objectClass:1202:1:55a73700-c891-46fd-8f5c-72bc827f2ef5:20160407213830.000:1202</Value>
          <Value>objectGUID:1202:1:55a73700-c891-46fd-8f5c-72bc827f2ef5:20160407213830.000:1202</Value>
          <Value>oMSyntax:1202:1:55a73700-c891-46fd-8f5c-72bc827f2ef5:20160407213830.000:1202</Value>
          <Value>schemaIDGUID:1202:1:55a73700-c891-46fd-8f5c-72bc827f2ef5:20160407213830.000:1202</Value>
          <Value>uSNChanged:1202:1:55a73700-c891-46fd-8f5c-72bc827f2ef5:20160407213830.000:1202</Value>
          <Value>uSNCreated:1202:1:55a73700-c891-46fd-8f5c-72bc827f2ef5:20160407213830.000:1202</Value>
          <Value>vmwAttributeUsage:1202:1:55a73700-c891-46fd-8f5c-72bc827f2ef5:20160407213830.000:1202</Value>
        </AttributeMetadata>
      </AttributeSchemaEntry>
      <AttributeSchemaEntry>
        <Name>msPKI-RA-Policies</Name>
        <AttributeMetadata>
          <Value>attributeID:723:1:55a73700-c891-46fd-8f5c-72bc827f2ef5:20160407213829.156:723</Value>
          <Value>attributeSyntax:723:1:55a73700-c891-46fd-8f5c-72bc827f2ef5:20160407213829.156:723</Value>
          <Value>cn:723:1:55a73700-c891-46fd-8f5c-72bc827f2ef5:20160407213829.156:723</Value>
          <Value>createTimeStamp:723:1:55a73700-c891-46fd-8f5c-72bc827f2ef5:20160407213829.156:723</Value>
          <Value>entryDN:723:1:55a73700-c891-46fd-8f5c-72bc827f2ef5:20160407213829.156:723</Value>
          <Value>isSingleValued:723:1:55a73700-c891-46fd-8f5c-72bc827f2ef5:20160407213829.156:723</Value>
          <Value>lDAPDisplayName:723:1:55a73700-c891-46fd-8f5c-72bc827f2ef5:20160407213829.156:723</Value>
          <Value>modifyTimeStamp:723:1:55a73700-c891-46fd-8f5c-72bc827f2ef5:20160407213829.156:723</Value>
          <Value>objectClass:723:1:55a73700-c891-46fd-8f5c-72bc827f2ef5:20160407213829.156:723</Value>
          <Value>objectGUID:723:1:55a73700-c891-46fd-8f5c-72bc827f2ef5:20160407213829.156:723</Value>
          <Value>oMSyntax:723:1:55a73700-c891-46fd-8f5c-72bc827f2ef5:20160407213829.156:723</Value>
          <Value>schemaIDGUID:723:1:55a73700-c891-46fd-8f5c-72bc827f2ef5:20160407213829.156:723</Value>
          <Value>uSNChanged:723:1:55a73700-c891-46fd-8f5c-72bc827f2ef5:20160407213829.156:723</Value>
          <Value>uSNCreated:723:1:55a73700-c891-46fd-8f5c-72bc827f2ef5:20160407213829.156:723</Value>
          <Value>vmwAttributeUsage:723:1:55a73700-c891-46fd-8f5c-72bc827f2ef5:20160407213829.156:723</Value>
        </AttributeMetadata>
      </AttributeSchemaEntry>
      <AttributeSchemaEntry>
        <Name>msPKI-RA-Signature</Name>
        <AttributeMetadata>
          <Value>attributeID:1152:1:55a73700-c891-46fd-8f5c-72bc827f2ef5:20160407213829.913:1152</Value>
          <Value>attributeSyntax:1152:1:55a73700-c891-46fd-8f5c-72bc827f2ef5:20160407213829.913:1152</Value>
          <Value>cn:1152:1:55a73700-c891-46fd-8f5c-72bc827f2ef5:20160407213829.913:1152</Value>
          <Value>createTimeStamp:1152:1:55a73700-c891-46fd-8f5c-72bc827f2ef5:20160407213829.913:1152</Value>
          <Value>entryDN:1152:1:55a73700-c891-46fd-8f5c-72bc827f2ef5:20160407213829.913:1152</Value>
          <Value>isSingleValued:1152:1:55a73700-c891-46fd-8f5c-72bc827f2ef5:20160407213829.913:1152</Value>
          <Value>lDAPDisplayName:1152:1:55a73700-c891-46fd-8f5c-72bc827f2ef5:20160407213829.913:1152</Value>
          <Value>modifyTimeStamp:1152:1:55a73700-c891-46fd-8f5c-72bc827f2ef5:20160407213829.913:1152</Value>
          <Value>objectClass:1152:1:55a73700-c891-46fd-8f5c-72bc827f2ef5:20160407213829.913:1152</Value>
          <Value>objectGUID:1152:1:55a73700-c891-46fd-8f5c-72bc827f2ef5:20160407213829.913:1152</Value>
          <Value>oMSyntax:1152:1:55a73700-c891-46fd-8f5c-72bc827f2ef5:20160407213829.913:1152</Value>
          <Value>schemaIDGUID:1152:1:55a73700-c891-46fd-8f5c-72bc827f2ef5:20160407213829.913:1152</Value>
          <Value>uSNChanged:1152:1:55a73700-c891-46fd-8f5c-72bc827f2ef5:20160407213829.913:1152</Value>
          <Value>uSNCreated:1152:1:55a73700-c891-46fd-8f5c-72bc827f2ef5:20160407213829.913:1152</Value>
          <Value>vmwAttributeUsage:1152:1:55a73700-c891-46fd-8f5c-72bc827f2ef5:20160407213829.913:1152</Value>
        </AttributeMetadata>
      </AttributeSchemaEntry>
      <AttributeSchemaEntry>
        <Name>msPKIRoamingTimeStamp</Name>
        <AttributeMetadata>
          <Value>attributeID:574:1:55a73700-c891-46fd-8f5c-72bc827f2ef5:20160407213828.908:574</Value>
          <Value>attributeSyntax:574:1:55a73700-c891-46fd-8f5c-72bc827f2ef5:20160407213828.908:574</Value>
          <Value>cn:574:1:55a73700-c891-46fd-8f5c-72bc827f2ef5:20160407213828.908:574</Value>
          <Value>createTimeStamp:574:1:55a73700-c891-46fd-8f5c-72bc827f2ef5:20160407213828.908:574</Value>
          <Value>entryDN:574:1:55a73700-c891-46fd-8f5c-72bc827f2ef5:20160407213828.908:574</Value>
          <Value>isSingleValued:574:1:55a73700-c891-46fd-8f5c-72bc827f2ef5:20160407213828.908:574</Value>
          <Value>lDAPDisplayName:574:1:55a73700-c891-46fd-8f5c-72bc827f2ef5:20160407213828.908:574</Value>
          <Value>modifyTimeStamp:574:1:55a73700-c891-46fd-8f5c-72bc827f2ef5:20160407213828.908:574</Value>
          <Value>objectClass:574:1:55a73700-c891-46fd-8f5c-72bc827f2ef5:20160407213828.908:574</Value>
          <Value>objectGUID:574:1:55a73700-c891-46fd-8f5c-72bc827f2ef5:20160407213828.908:574</Value>
          <Value>oMSyntax:574:1:55a73700-c891-46fd-8f5c-72bc827f2ef5:20160407213828.908:574</Value>
          <Value>schemaIDGUID:574:1:55a73700-c891-46fd-8f5c-72bc827f2ef5:20160407213828.908:574</Value>
          <Value>uSNChanged:574:1:55a73700-c891-46fd-8f5c-72bc827f2ef5:20160407213828.908:574</Value>
          <Value>uSNCreated:574:1:55a73700-c891-46fd-8f5c-72bc827f2ef5:20160407213828.908:574</Value>
          <Value>vmwAttributeUsage:574:1:55a73700-c891-46fd-8f5c-72bc827f2ef5:20160407213828.908:574</Value>
        </AttributeMetadata>
      </AttributeSchemaEntry>
      <AttributeSchemaEntry>
        <Name>msPKI-Site-Name</Name>
        <AttributeMetadata>
          <Value>attributeID:1068:1:55a73700-c891-46fd-8f5c-72bc827f2ef5:20160407213829.746:1068</Value>
          <Value>attributeSyntax:1068:1:55a73700-c891-46fd-8f5c-72bc827f2ef5:20160407213829.746:1068</Value>
          <Value>cn:1068:1:55a73700-c891-46fd-8f5c-72bc827f2ef5:20160407213829.746:1068</Value>
          <Value>createTimeStamp:1068:1:55a73700-c891-46fd-8f5c-72bc827f2ef5:20160407213829.746:1068</Value>
          <Value>entryDN:1068:1:55a73700-c891-46fd-8f5c-72bc827f2ef5:20160407213829.746:1068</Value>
          <Value>isSingleValued:1068:1:55a73700-c891-46fd-8f5c-72bc827f2ef5:20160407213829.746:1068</Value>
          <Value>lDAPDisplayName:1068:1:55a73700-c891-46fd-8f5c-72bc827f2ef5:20160407213829.746:1068</Value>
          <Value>modifyTimeStamp:1068:1:55a73700-c891-46fd-8f5c-72bc827f2ef5:20160407213829.746:1068</Value>
          <Value>objectClass:1068:1:55a73700-c891-46fd-8f5c-72bc827f2ef5:20160407213829.746:1068</Value>
          <Value>objectGUID:1068:1:55a73700-c891-46fd-8f5c-72bc827f2ef5:20160407213829.746:1068</Value>
          <Value>oMSyntax:1068:1:55a73700-c891-46fd-8f5c-72bc827f2ef5:20160407213829.746:1068</Value>
          <Value>schemaIDGUID:1068:1:55a73700-c891-46fd-8f5c-72bc827f2ef5:20160407213829.746:1068</Value>
          <Value>uSNChanged:1068:1:55a73700-c891-46fd-8f5c-72bc827f2ef5:20160407213829.746:1068</Value>
          <Value>uSNCreated:1068:1:55a73700-c891-46fd-8f5c-72bc827f2ef5:20160407213829.746:1068</Value>
          <Value>vmwAttributeUsage:1068:1:55a73700-c891-46fd-8f5c-72bc827f2ef5:20160407213829.746:1068</Value>
        </AttributeMetadata>
      </AttributeSchemaEntry>
      <AttributeSchemaEntry>
        <Name>msPKI-Supersede-Templates</Name>
        <AttributeMetadata>
          <Value>attributeID:1314:1:55a73700-c891-46fd-8f5c-72bc827f2ef5:20160407213830.184:1314</Value>
          <Value>attributeSyntax:1314:1:55a73700-c891-46fd-8f5c-72bc827f2ef5:20160407213830.184:1314</Value>
          <Value>cn:1314:1:55a73700-c891-46fd-8f5c-72bc827f2ef5:20160407213830.184:1314</Value>
          <Value>createTimeStamp:1314:1:55a73700-c891-46fd-8f5c-72bc827f2ef5:20160407213830.184:1314</Value>
          <Value>entryDN:1314:1:55a73700-c891-46fd-8f5c-72bc827f2ef5:20160407213830.184:1314</Value>
          <Value>isSingleValued:1314:1:55a73700-c891-46fd-8f5c-72bc827f2ef5:20160407213830.184:1314</Value>
          <Value>lDAPDisplayName:1314:1:55a73700-c891-46fd-8f5c-72bc827f2ef5:20160407213830.184:1314</Value>
          <Value>modifyTimeStamp:1314:1:55a73700-c891-46fd-8f5c-72bc827f2ef5:20160407213830.184:1314</Value>
          <Value>objectClass:1314:1:55a73700-c891-46fd-8f5c-72bc827f2ef5:20160407213830.184:1314</Value>
          <Value>objectGUID:1314:1:55a73700-c891-46fd-8f5c-72bc827f2ef5:20160407213830.184:1314</Value>
          <Value>oMSyntax:1314:1:55a73700-c891-46fd-8f5c-72bc827f2ef5:20160407213830.184:1314</Value>
          <Value>schemaIDGUID:1314:1:55a73700-c891-46fd-8f5c-72bc827f2ef5:20160407213830.184:1314</Value>
          <Value>uSNChanged:1314:1:55a73700-c891-46fd-8f5c-72bc827f2ef5:20160407213830.184:1314</Value>
          <Value>uSNCreated:1314:1:55a73700-c891-46fd-8f5c-72bc827f2ef5:20160407213830.184:1314</Value>
          <Value>vmwAttributeUsage:1314:1:55a73700-c891-46fd-8f5c-72bc827f2ef5:20160407213830.184:1314</Value>
        </AttributeMetadata>
      </AttributeSchemaEntry>
      <AttributeSchemaEntry>
        <Name>msPKI-Template-Minor-Revision</Name>
        <AttributeMetadata>
          <Value>attributeID:1610:1:55a73700-c891-46fd-8f5c-72bc827f2ef5:20160407213830.678:1610</Value>
          <Value>attributeSyntax:1610:1:55a73700-c891-46fd-8f5c-72bc827f2ef5:20160407213830.678:1610</Value>
          <Value>cn:1610:1:55a73700-c891-46fd-8f5c-72bc827f2ef5:20160407213830.678:1610</Value>
          <Value>createTimeStamp:1610:1:55a73700-c891-46fd-8f5c-72bc827f2ef5:20160407213830.678:1610</Value>
          <Value>entryDN:1610:1:55a73700-c891-46fd-8f5c-72bc827f2ef5:20160407213830.678:1610</Value>
          <Value>isSingleValued:1610:1:55a73700-c891-46fd-8f5c-72bc827f2ef5:20160407213830.678:1610</Value>
          <Value>lDAPDisplayName:1610:1:55a73700-c891-46fd-8f5c-72bc827f2ef5:20160407213830.678:1610</Value>
          <Value>modifyTimeStamp:1610:1:55a73700-c891-46fd-8f5c-72bc827f2ef5:20160407213830.678:1610</Value>
          <Value>objectClass:1610:1:55a73700-c891-46fd-8f5c-72bc827f2ef5:20160407213830.678:1610</Value>
          <Value>objectGUID:1610:1:55a73700-c891-46fd-8f5c-72bc827f2ef5:20160407213830.678:1610</Value>
          <Value>oMSyntax:1610:1:55a73700-c891-46fd-8f5c-72bc827f2ef5:20160407213830.678:1610</Value>
          <Value>schemaIDGUID:1610:1:55a73700-c891-46fd-8f5c-72bc827f2ef5:20160407213830.678:1610</Value>
          <Value>uSNChanged:1610:1:55a73700-c891-46fd-8f5c-72bc827f2ef5:20160407213830.678:1610</Value>
          <Value>uSNCreated:1610:1:55a73700-c891-46fd-8f5c-72bc827f2ef5:20160407213830.678:1610</Value>
          <Value>vmwAttributeUsage:1610:1:55a73700-c891-46fd-8f5c-72bc827f2ef5:20160407213830.678:1610</Value>
        </AttributeMetadata>
      </AttributeSchemaEntry>
      <AttributeSchemaEntry>
        <Name>msPKI-Template-Schema-Version</Name>
        <AttributeMetadata>
          <Value>attributeID:632:1:55a73700-c891-46fd-8f5c-72bc827f2ef5:20160407213829.004:632</Value>
          <Value>attributeSyntax:632:1:55a73700-c891-46fd-8f5c-72bc827f2ef5:20160407213829.004:632</Value>
          <Value>cn:632:1:55a73700-c891-46fd-8f5c-72bc827f2ef5:20160407213829.004:632</Value>
          <Value>createTimeStamp:632:1:55a73700-c891-46fd-8f5c-72bc827f2ef5:20160407213829.004:632</Value>
          <Value>entryDN:632:1:55a73700-c891-46fd-8f5c-72bc827f2ef5:20160407213829.004:632</Value>
          <Value>isSingleValued:632:1:55a73700-c891-46fd-8f5c-72bc827f2ef5:20160407213829.004:632</Value>
          <Value>lDAPDisplayName:632:1:55a73700-c891-46fd-8f5c-72bc827f2ef5:20160407213829.004:632</Value>
          <Value>modifyTimeStamp:632:1:55a73700-c891-46fd-8f5c-72bc827f2ef5:20160407213829.004:632</Value>
          <Value>objectClass:632:1:55a73700-c891-46fd-8f5c-72bc827f2ef5:20160407213829.004:632</Value>
          <Value>objectGUID:632:1:55a73700-c891-46fd-8f5c-72bc827f2ef5:20160407213829.004:632</Value>
          <Value>oMSyntax:632:1:55a73700-c891-46fd-8f5c-72bc827f2ef5:20160407213829.004:632</Value>
          <Value>schemaIDGUID:632:1:55a73700-c891-46fd-8f5c-72bc827f2ef5:20160407213829.004:632</Value>
          <Value>uSNChanged:632:1:55a73700-c891-46fd-8f5c-72bc827f2ef5:20160407213829.004:632</Value>
          <Value>uSNCreated:632:1:55a73700-c891-46fd-8f5c-72bc827f2ef5:20160407213829.004:632</Value>
          <Value>vmwAttributeUsage:632:1:55a73700-c891-46fd-8f5c-72bc827f2ef5:20160407213829.004:632</Value>
        </AttributeMetadata>
      </AttributeSchemaEntry>
      <AttributeSchemaEntry>
        <Name>msRADIUSCallbackNumber</Name>
        <AttributeMetadata>
          <Value>attributeID:1662:1:55a73700-c891-46fd-8f5c-72bc827f2ef5:20160407213830.767:1662</Value>
          <Value>attributeSyntax:1662:1:55a73700-c891-46fd-8f5c-72bc827f2ef5:20160407213830.767:1662</Value>
          <Value>cn:1662:1:55a73700-c891-46fd-8f5c-72bc827f2ef5:20160407213830.767:1662</Value>
          <Value>createTimeStamp:1662:1:55a73700-c891-46fd-8f5c-72bc827f2ef5:20160407213830.767:1662</Value>
          <Value>entryDN:1662:1:55a73700-c891-46fd-8f5c-72bc827f2ef5:20160407213830.767:1662</Value>
          <Value>isSingleValued:1662:1:55a73700-c891-46fd-8f5c-72bc827f2ef5:20160407213830.767:1662</Value>
          <Value>lDAPDisplayName:1662:1:55a73700-c891-46fd-8f5c-72bc827f2ef5:20160407213830.767:1662</Value>
          <Value>modifyTimeStamp:1662:1:55a73700-c891-46fd-8f5c-72bc827f2ef5:20160407213830.767:1662</Value>
          <Value>objectClass:1662:1:55a73700-c891-46fd-8f5c-72bc827f2ef5:20160407213830.767:1662</Value>
          <Value>objectGUID:1662:1:55a73700-c891-46fd-8f5c-72bc827f2ef5:20160407213830.767:1662</Value>
          <Value>oMSyntax:1662:1:55a73700-c891-46fd-8f5c-72bc827f2ef5:20160407213830.767:1662</Value>
          <Value>schemaIDGUID:1662:1:55a73700-c891-46fd-8f5c-72bc827f2ef5:20160407213830.767:1662</Value>
          <Value>uSNChanged:1662:1:55a73700-c891-46fd-8f5c-72bc827f2ef5:20160407213830.767:1662</Value>
          <Value>uSNCreated:1662:1:55a73700-c891-46fd-8f5c-72bc827f2ef5:20160407213830.767:1662</Value>
          <Value>vmwAttributeUsage:1662:1:55a73700-c891-46fd-8f5c-72bc827f2ef5:20160407213830.767:1662</Value>
        </AttributeMetadata>
      </AttributeSchemaEntry>
      <AttributeSchemaEntry>
        <Name>msRADIUS-FramedInterfaceId</Name>
        <AttributeMetadata>
          <Value>attributeID:1513:1:55a73700-c891-46fd-8f5c-72bc827f2ef5:20160407213830.510:1513</Value>
          <Value>attributeSyntax:1513:1:55a73700-c891-46fd-8f5c-72bc827f2ef5:20160407213830.510:1513</Value>
          <Value>cn:1513:1:55a73700-c891-46fd-8f5c-72bc827f2ef5:20160407213830.510:1513</Value>
          <Value>createTimeStamp:1513:1:55a73700-c891-46fd-8f5c-72bc827f2ef5:20160407213830.510:1513</Value>
          <Value>entryDN:1513:1:55a73700-c891-46fd-8f5c-72bc827f2ef5:20160407213830.510:1513</Value>
          <Value>isSingleValued:1513:1:55a73700-c891-46fd-8f5c-72bc827f2ef5:20160407213830.510:1513</Value>
          <Value>lDAPDisplayName:1513:1:55a73700-c891-46fd-8f5c-72bc827f2ef5:20160407213830.510:1513</Value>
          <Value>modifyTimeStamp:1513:1:55a73700-c891-46fd-8f5c-72bc827f2ef5:20160407213830.510:1513</Value>
          <Value>objectClass:1513:1:55a73700-c891-46fd-8f5c-72bc827f2ef5:20160407213830.510:1513</Value>
          <Value>objectGUID:1513:1:55a73700-c891-46fd-8f5c-72bc827f2ef5:20160407213830.510:1513</Value>
          <Value>oMSyntax:1513:1:55a73700-c891-46fd-8f5c-72bc827f2ef5:20160407213830.510:1513</Value>
          <Value>schemaIDGUID:1513:1:55a73700-c891-46fd-8f5c-72bc827f2ef5:20160407213830.510:1513</Value>
          <Value>uSNChanged:1513:1:55a73700-c891-46fd-8f5c-72bc827f2ef5:20160407213830.510:1513</Value>
          <Value>uSNCreated:1513:1:55a73700-c891-46fd-8f5c-72bc827f2ef5:20160407213830.510:1513</Value>
          <Value>vmwAttributeUsage:1513:1:55a73700-c891-46fd-8f5c-72bc827f2ef5:20160407213830.510:1513</Value>
        </AttributeMetadata>
      </AttributeSchemaEntry>
      <AttributeSchemaEntry>
        <Name>msRADIUSFramedIPAddress</Name>
        <AttributeMetadata>
          <Value>attributeID:1150:1:55a73700-c891-46fd-8f5c-72bc827f2ef5:20160407213829.911:1150</Value>
          <Value>attributeSyntax:1150:1:55a73700-c891-46fd-8f5c-72bc827f2ef5:20160407213829.911:1150</Value>
          <Value>cn:1150:1:55a73700-c891-46fd-8f5c-72bc827f2ef5:20160407213829.911:1150</Value>
          <Value>createTimeStamp:1150:1:55a73700-c891-46fd-8f5c-72bc827f2ef5:20160407213829.911:1150</Value>
          <Value>entryDN:1150:1:55a73700-c891-46fd-8f5c-72bc827f2ef5:20160407213829.911:1150</Value>
          <Value>isSingleValued:1150:1:55a73700-c891-46fd-8f5c-72bc827f2ef5:20160407213829.911:1150</Value>
          <Value>lDAPDisplayName:1150:1:55a73700-c891-46fd-8f5c-72bc827f2ef5:20160407213829.911:1150</Value>
          <Value>modifyTimeStamp:1150:1:55a73700-c891-46fd-8f5c-72bc827f2ef5:20160407213829.911:1150</Value>
          <Value>objectClass:1150:1:55a73700-c891-46fd-8f5c-72bc827f2ef5:20160407213829.911:1150</Value>
          <Value>objectGUID:1150:1:55a73700-c891-46fd-8f5c-72bc827f2ef5:20160407213829.911:1150</Value>
          <Value>oMSyntax:1150:1:55a73700-c891-46fd-8f5c-72bc827f2ef5:20160407213829.911:1150</Value>
          <Value>schemaIDGUID:1150:1:55a73700-c891-46fd-8f5c-72bc827f2ef5:20160407213829.911:1150</Value>
          <Value>uSNChanged:1150:1:55a73700-c891-46fd-8f5c-72bc827f2ef5:20160407213829.911:1150</Value>
          <Value>uSNCreated:1150:1:55a73700-c891-46fd-8f5c-72bc827f2ef5:20160407213829.911:1150</Value>
          <Value>vmwAttributeUsage:1150:1:55a73700-c891-46fd-8f5c-72bc827f2ef5:20160407213829.911:1150</Value>
        </AttributeMetadata>
      </AttributeSchemaEntry>
      <AttributeSchemaEntry>
        <Name>msRADIUS-FramedIpv6Prefix</Name>
        <AttributeMetadata>
          <Value>attributeID:1090:1:55a73700-c891-46fd-8f5c-72bc827f2ef5:20160407213829.798:1090</Value>
          <Value>attributeSyntax:1090:1:55a73700-c891-46fd-8f5c-72bc827f2ef5:20160407213829.798:1090</Value>
          <Value>cn:1090:1:55a73700-c891-46fd-8f5c-72bc827f2ef5:20160407213829.798:1090</Value>
          <Value>createTimeStamp:1090:1:55a73700-c891-46fd-8f5c-72bc827f2ef5:20160407213829.798:1090</Value>
          <Value>entryDN:1090:1:55a73700-c891-46fd-8f5c-72bc827f2ef5:20160407213829.798:1090</Value>
          <Value>isSingleValued:1090:1:55a73700-c891-46fd-8f5c-72bc827f2ef5:20160407213829.798:1090</Value>
          <Value>lDAPDisplayName:1090:1:55a73700-c891-46fd-8f5c-72bc827f2ef5:20160407213829.798:1090</Value>
          <Value>modifyTimeStamp:1090:1:55a73700-c891-46fd-8f5c-72bc827f2ef5:20160407213829.798:1090</Value>
          <Value>objectClass:1090:1:55a73700-c891-46fd-8f5c-72bc827f2ef5:20160407213829.798:1090</Value>
          <Value>objectGUID:1090:1:55a73700-c891-46fd-8f5c-72bc827f2ef5:20160407213829.798:1090</Value>
          <Value>oMSyntax:1090:1:55a73700-c891-46fd-8f5c-72bc827f2ef5:20160407213829.798:1090</Value>
          <Value>schemaIDGUID:1090:1:55a73700-c891-46fd-8f5c-72bc827f2ef5:20160407213829.798:1090</Value>
          <Value>uSNChanged:1090:1:55a73700-c891-46fd-8f5c-72bc827f2ef5:20160407213829.798:1090</Value>
          <Value>uSNCreated:1090:1:55a73700-c891-46fd-8f5c-72bc827f2ef5:20160407213829.798:1090</Value>
          <Value>vmwAttributeUsage:1090:1:55a73700-c891-46fd-8f5c-72bc827f2ef5:20160407213829.798:1090</Value>
        </AttributeMetadata>
      </AttributeSchemaEntry>
      <AttributeSchemaEntry>
        <Name>msRADIUS-FramedIpv6Route</Name>
        <AttributeMetadata>
          <Value>attributeID:1523:1:55a73700-c891-46fd-8f5c-72bc827f2ef5:20160407213830.533:1523</Value>
          <Value>attributeSyntax:1523:1:55a73700-c891-46fd-8f5c-72bc827f2ef5:20160407213830.533:1523</Value>
          <Value>cn:1523:1:55a73700-c891-46fd-8f5c-72bc827f2ef5:20160407213830.533:1523</Value>
          <Value>createTimeStamp:1523:1:55a73700-c891-46fd-8f5c-72bc827f2ef5:20160407213830.533:1523</Value>
          <Value>entryDN:1523:1:55a73700-c891-46fd-8f5c-72bc827f2ef5:20160407213830.533:1523</Value>
          <Value>isSingleValued:1523:1:55a73700-c891-46fd-8f5c-72bc827f2ef5:20160407213830.533:1523</Value>
          <Value>lDAPDisplayName:1523:1:55a73700-c891-46fd-8f5c-72bc827f2ef5:20160407213830.533:1523</Value>
          <Value>modifyTimeStamp:1523:1:55a73700-c891-46fd-8f5c-72bc827f2ef5:20160407213830.533:1523</Value>
          <Value>objectClass:1523:1:55a73700-c891-46fd-8f5c-72bc827f2ef5:20160407213830.533:1523</Value>
          <Value>objectGUID:1523:1:55a73700-c891-46fd-8f5c-72bc827f2ef5:20160407213830.533:1523</Value>
          <Value>oMSyntax:1523:1:55a73700-c891-46fd-8f5c-72bc827f2ef5:20160407213830.533:1523</Value>
          <Value>schemaIDGUID:1523:1:55a73700-c891-46fd-8f5c-72bc827f2ef5:20160407213830.533:1523</Value>
          <Value>uSNChanged:1523:1:55a73700-c891-46fd-8f5c-72bc827f2ef5:20160407213830.533:1523</Value>
          <Value>uSNCreated:1523:1:55a73700-c891-46fd-8f5c-72bc827f2ef5:20160407213830.533:1523</Value>
          <Value>vmwAttributeUsage:1523:1:55a73700-c891-46fd-8f5c-72bc827f2ef5:20160407213830.533:1523</Value>
        </AttributeMetadata>
      </AttributeSchemaEntry>
      <AttributeSchemaEntry>
        <Name>msRADIUSFramedRoute</Name>
        <AttributeMetadata>
          <Value>attributeID:143:1:55a73700-c891-46fd-8f5c-72bc827f2ef5:20160407213828.242:143</Value>
          <Value>attributeSyntax:143:1:55a73700-c891-46fd-8f5c-72bc827f2ef5:20160407213828.242:143</Value>
          <Value>cn:143:1:55a73700-c891-46fd-8f5c-72bc827f2ef5:20160407213828.242:143</Value>
          <Value>createTimeStamp:143:1:55a73700-c891-46fd-8f5c-72bc827f2ef5:20160407213828.242:143</Value>
          <Value>entryDN:143:1:55a73700-c891-46fd-8f5c-72bc827f2ef5:20160407213828.242:143</Value>
          <Value>isSingleValued:143:1:55a73700-c891-46fd-8f5c-72bc827f2ef5:20160407213828.242:143</Value>
          <Value>lDAPDisplayName:143:1:55a73700-c891-46fd-8f5c-72bc827f2ef5:20160407213828.242:143</Value>
          <Value>modifyTimeStamp:143:1:55a73700-c891-46fd-8f5c-72bc827f2ef5:20160407213828.242:143</Value>
          <Value>objectClass:143:1:55a73700-c891-46fd-8f5c-72bc827f2ef5:20160407213828.242:143</Value>
          <Value>objectGUID:143:1:55a73700-c891-46fd-8f5c-72bc827f2ef5:20160407213828.242:143</Value>
          <Value>oMSyntax:143:1:55a73700-c891-46fd-8f5c-72bc827f2ef5:20160407213828.242:143</Value>
          <Value>schemaIDGUID:143:1:55a73700-c891-46fd-8f5c-72bc827f2ef5:20160407213828.242:143</Value>
          <Value>uSNChanged:143:1:55a73700-c891-46fd-8f5c-72bc827f2ef5:20160407213828.242:143</Value>
          <Value>uSNCreated:143:1:55a73700-c891-46fd-8f5c-72bc827f2ef5:20160407213828.242:143</Value>
          <Value>vmwAttributeUsage:143:1:55a73700-c891-46fd-8f5c-72bc827f2ef5:20160407213828.242:143</Value>
        </AttributeMetadata>
      </AttributeSchemaEntry>
      <AttributeSchemaEntry>
        <Name>msRADIUS-SavedFramedInterfaceId</Name>
        <AttributeMetadata>
          <Value>attributeID:322:1:55a73700-c891-46fd-8f5c-72bc827f2ef5:20160407213828.500:322</Value>
          <Value>attributeSyntax:322:1:55a73700-c891-46fd-8f5c-72bc827f2ef5:20160407213828.500:322</Value>
          <Value>cn:322:1:55a73700-c891-46fd-8f5c-72bc827f2ef5:20160407213828.500:322</Value>
          <Value>createTimeStamp:322:1:55a73700-c891-46fd-8f5c-72bc827f2ef5:20160407213828.500:322</Value>
          <Value>entryDN:322:1:55a73700-c891-46fd-8f5c-72bc827f2ef5:20160407213828.500:322</Value>
          <Value>isSingleValued:322:1:55a73700-c891-46fd-8f5c-72bc827f2ef5:20160407213828.500:322</Value>
          <Value>lDAPDisplayName:322:1:55a73700-c891-46fd-8f5c-72bc827f2ef5:20160407213828.500:322</Value>
          <Value>modifyTimeStamp:322:1:55a73700-c891-46fd-8f5c-72bc827f2ef5:20160407213828.500:322</Value>
          <Value>objectClass:322:1:55a73700-c891-46fd-8f5c-72bc827f2ef5:20160407213828.500:322</Value>
          <Value>objectGUID:322:1:55a73700-c891-46fd-8f5c-72bc827f2ef5:20160407213828.500:322</Value>
          <Value>oMSyntax:322:1:55a73700-c891-46fd-8f5c-72bc827f2ef5:20160407213828.500:322</Value>
          <Value>schemaIDGUID:322:1:55a73700-c891-46fd-8f5c-72bc827f2ef5:20160407213828.500:322</Value>
          <Value>uSNChanged:322:1:55a73700-c891-46fd-8f5c-72bc827f2ef5:20160407213828.500:322</Value>
          <Value>uSNCreated:322:1:55a73700-c891-46fd-8f5c-72bc827f2ef5:20160407213828.500:322</Value>
          <Value>vmwAttributeUsage:322:1:55a73700-c891-46fd-8f5c-72bc827f2ef5:20160407213828.500:322</Value>
        </AttributeMetadata>
      </AttributeSchemaEntry>
      <AttributeSchemaEntry>
        <Name>msRADIUS-SavedFramedIpv6Prefix</Name>
        <AttributeMetadata>
          <Value>attributeID:1013:1:55a73700-c891-46fd-8f5c-72bc827f2ef5:20160407213829.651:1013</Value>
          <Value>attributeSyntax:1013:1:55a73700-c891-46fd-8f5c-72bc827f2ef5:20160407213829.651:1013</Value>
          <Value>cn:1013:1:55a73700-c891-46fd-8f5c-72bc827f2ef5:20160407213829.651:1013</Value>
          <Value>createTimeStamp:1013:1:55a73700-c891-46fd-8f5c-72bc827f2ef5:20160407213829.651:1013</Value>
          <Value>entryDN:1013:1:55a73700-c891-46fd-8f5c-72bc827f2ef5:20160407213829.651:1013</Value>
          <Value>isSingleValued:1013:1:55a73700-c891-46fd-8f5c-72bc827f2ef5:20160407213829.651:1013</Value>
          <Value>lDAPDisplayName:1013:1:55a73700-c891-46fd-8f5c-72bc827f2ef5:20160407213829.651:1013</Value>
          <Value>modifyTimeStamp:1013:1:55a73700-c891-46fd-8f5c-72bc827f2ef5:20160407213829.651:1013</Value>
          <Value>objectClass:1013:1:55a73700-c891-46fd-8f5c-72bc827f2ef5:20160407213829.651:1013</Value>
          <Value>objectGUID:1013:1:55a73700-c891-46fd-8f5c-72bc827f2ef5:20160407213829.651:1013</Value>
          <Value>oMSyntax:1013:1:55a73700-c891-46fd-8f5c-72bc827f2ef5:20160407213829.651:1013</Value>
          <Value>schemaIDGUID:1013:1:55a73700-c891-46fd-8f5c-72bc827f2ef5:20160407213829.651:1013</Value>
          <Value>uSNChanged:1013:1:55a73700-c891-46fd-8f5c-72bc827f2ef5:20160407213829.651:1013</Value>
          <Value>uSNCreated:1013:1:55a73700-c891-46fd-8f5c-72bc827f2ef5:20160407213829.651:1013</Value>
          <Value>vmwAttributeUsage:1013:1:55a73700-c891-46fd-8f5c-72bc827f2ef5:20160407213829.651:1013</Value>
        </AttributeMetadata>
      </AttributeSchemaEntry>
      <AttributeSchemaEntry>
        <Name>msRADIUS-SavedFramedIpv6Route</Name>
        <AttributeMetadata>
          <Value>attributeID:1270:1:55a73700-c891-46fd-8f5c-72bc827f2ef5:20160407213830.117:1270</Value>
          <Value>attributeSyntax:1270:1:55a73700-c891-46fd-8f5c-72bc827f2ef5:20160407213830.117:1270</Value>
          <Value>cn:1270:1:55a73700-c891-46fd-8f5c-72bc827f2ef5:20160407213830.117:1270</Value>
          <Value>createTimeStamp:1270:1:55a73700-c891-46fd-8f5c-72bc827f2ef5:20160407213830.117:1270</Value>
          <Value>entryDN:1270:1:55a73700-c891-46fd-8f5c-72bc827f2ef5:20160407213830.117:1270</Value>
          <Value>isSingleValued:1270:1:55a73700-c891-46fd-8f5c-72bc827f2ef5:20160407213830.117:1270</Value>
          <Value>lDAPDisplayName:1270:1:55a73700-c891-46fd-8f5c-72bc827f2ef5:20160407213830.117:1270</Value>
          <Value>modifyTimeStamp:1270:1:55a73700-c891-46fd-8f5c-72bc827f2ef5:20160407213830.117:1270</Value>
          <Value>objectClass:1270:1:55a73700-c891-46fd-8f5c-72bc827f2ef5:20160407213830.117:1270</Value>
          <Value>objectGUID:1270:1:55a73700-c891-46fd-8f5c-72bc827f2ef5:20160407213830.117:1270</Value>
          <Value>oMSyntax:1270:1:55a73700-c891-46fd-8f5c-72bc827f2ef5:20160407213830.117:1270</Value>
          <Value>schemaIDGUID:1270:1:55a73700-c891-46fd-8f5c-72bc827f2ef5:20160407213830.117:1270</Value>
          <Value>uSNChanged:1270:1:55a73700-c891-46fd-8f5c-72bc827f2ef5:20160407213830.117:1270</Value>
          <Value>uSNCreated:1270:1:55a73700-c891-46fd-8f5c-72bc827f2ef5:20160407213830.117:1270</Value>
          <Value>vmwAttributeUsage:1270:1:55a73700-c891-46fd-8f5c-72bc827f2ef5:20160407213830.117:1270</Value>
        </AttributeMetadata>
      </AttributeSchemaEntry>
      <AttributeSchemaEntry>
        <Name>msRADIUSServiceType</Name>
        <AttributeMetadata>
          <Value>attributeID:118:1:55a73700-c891-46fd-8f5c-72bc827f2ef5:20160407213828.208:118</Value>
          <Value>attributeSyntax:118:1:55a73700-c891-46fd-8f5c-72bc827f2ef5:20160407213828.208:118</Value>
          <Value>cn:118:1:55a73700-c891-46fd-8f5c-72bc827f2ef5:20160407213828.208:118</Value>
          <Value>createTimeStamp:118:1:55a73700-c891-46fd-8f5c-72bc827f2ef5:20160407213828.208:118</Value>
          <Value>entryDN:118:1:55a73700-c891-46fd-8f5c-72bc827f2ef5:20160407213828.208:118</Value>
          <Value>isSingleValued:118:1:55a73700-c891-46fd-8f5c-72bc827f2ef5:20160407213828.208:118</Value>
          <Value>lDAPDisplayName:118:1:55a73700-c891-46fd-8f5c-72bc827f2ef5:20160407213828.208:118</Value>
          <Value>modifyTimeStamp:118:1:55a73700-c891-46fd-8f5c-72bc827f2ef5:20160407213828.208:118</Value>
          <Value>objectClass:118:1:55a73700-c891-46fd-8f5c-72bc827f2ef5:20160407213828.208:118</Value>
          <Value>objectGUID:118:1:55a73700-c891-46fd-8f5c-72bc827f2ef5:20160407213828.208:118</Value>
          <Value>oMSyntax:118:1:55a73700-c891-46fd-8f5c-72bc827f2ef5:20160407213828.208:118</Value>
          <Value>schemaIDGUID:118:1:55a73700-c891-46fd-8f5c-72bc827f2ef5:20160407213828.208:118</Value>
          <Value>uSNChanged:118:1:55a73700-c891-46fd-8f5c-72bc827f2ef5:20160407213828.208:118</Value>
          <Value>uSNCreated:118:1:55a73700-c891-46fd-8f5c-72bc827f2ef5:20160407213828.208:118</Value>
          <Value>vmwAttributeUsage:118:1:55a73700-c891-46fd-8f5c-72bc827f2ef5:20160407213828.208:118</Value>
        </AttributeMetadata>
      </AttributeSchemaEntry>
      <AttributeSchemaEntry>
        <Name>msRASSavedCallbackNumber</Name>
        <AttributeMetadata>
          <Value>attributeID:306:1:55a73700-c891-46fd-8f5c-72bc827f2ef5:20160407213828.474:306</Value>
          <Value>attributeSyntax:306:1:55a73700-c891-46fd-8f5c-72bc827f2ef5:20160407213828.474:306</Value>
          <Value>cn:306:1:55a73700-c891-46fd-8f5c-72bc827f2ef5:20160407213828.474:306</Value>
          <Value>createTimeStamp:306:1:55a73700-c891-46fd-8f5c-72bc827f2ef5:20160407213828.474:306</Value>
          <Value>entryDN:306:1:55a73700-c891-46fd-8f5c-72bc827f2ef5:20160407213828.474:306</Value>
          <Value>isSingleValued:306:1:55a73700-c891-46fd-8f5c-72bc827f2ef5:20160407213828.474:306</Value>
          <Value>lDAPDisplayName:306:1:55a73700-c891-46fd-8f5c-72bc827f2ef5:20160407213828.474:306</Value>
          <Value>modifyTimeStamp:306:1:55a73700-c891-46fd-8f5c-72bc827f2ef5:20160407213828.474:306</Value>
          <Value>objectClass:306:1:55a73700-c891-46fd-8f5c-72bc827f2ef5:20160407213828.474:306</Value>
          <Value>objectGUID:306:1:55a73700-c891-46fd-8f5c-72bc827f2ef5:20160407213828.474:306</Value>
          <Value>oMSyntax:306:1:55a73700-c891-46fd-8f5c-72bc827f2ef5:20160407213828.474:306</Value>
          <Value>schemaIDGUID:306:1:55a73700-c891-46fd-8f5c-72bc827f2ef5:20160407213828.474:306</Value>
          <Value>uSNChanged:306:1:55a73700-c891-46fd-8f5c-72bc827f2ef5:20160407213828.474:306</Value>
          <Value>uSNCreated:306:1:55a73700-c891-46fd-8f5c-72bc827f2ef5:20160407213828.474:306</Value>
          <Value>vmwAttributeUsage:306:1:55a73700-c891-46fd-8f5c-72bc827f2ef5:20160407213828.474:306</Value>
        </AttributeMetadata>
      </AttributeSchemaEntry>
      <AttributeSchemaEntry>
        <Name>msRASSavedFramedIPAddress</Name>
        <AttributeMetadata>
          <Value>attributeID:1648:1:55a73700-c891-46fd-8f5c-72bc827f2ef5:20160407213830.741:1648</Value>
          <Value>attributeSyntax:1648:1:55a73700-c891-46fd-8f5c-72bc827f2ef5:20160407213830.741:1648</Value>
          <Value>cn:1648:1:55a73700-c891-46fd-8f5c-72bc827f2ef5:20160407213830.741:1648</Value>
          <Value>createTimeStamp:1648:1:55a73700-c891-46fd-8f5c-72bc827f2ef5:20160407213830.741:1648</Value>
          <Value>entryDN:1648:1:55a73700-c891-46fd-8f5c-72bc827f2ef5:20160407213830.741:1648</Value>
          <Value>isSingleValued:1648:1:55a73700-c891-46fd-8f5c-72bc827f2ef5:20160407213830.741:1648</Value>
          <Value>lDAPDisplayName:1648:1:55a73700-c891-46fd-8f5c-72bc827f2ef5:20160407213830.741:1648</Value>
          <Value>modifyTimeStamp:1648:1:55a73700-c891-46fd-8f5c-72bc827f2ef5:20160407213830.741:1648</Value>
          <Value>objectClass:1648:1:55a73700-c891-46fd-8f5c-72bc827f2ef5:20160407213830.741:1648</Value>
          <Value>objectGUID:1648:1:55a73700-c891-46fd-8f5c-72bc827f2ef5:20160407213830.741:1648</Value>
          <Value>oMSyntax:1648:1:55a73700-c891-46fd-8f5c-72bc827f2ef5:20160407213830.741:1648</Value>
          <Value>schemaIDGUID:1648:1:55a73700-c891-46fd-8f5c-72bc827f2ef5:20160407213830.741:1648</Value>
          <Value>uSNChanged:1648:1:55a73700-c891-46fd-8f5c-72bc827f2ef5:20160407213830.741:1648</Value>
          <Value>uSNCreated:1648:1:55a73700-c891-46fd-8f5c-72bc827f2ef5:20160407213830.741:1648</Value>
          <Value>vmwAttributeUsage:1648:1:55a73700-c891-46fd-8f5c-72bc827f2ef5:20160407213830.741:1648</Value>
        </AttributeMetadata>
      </AttributeSchemaEntry>
      <AttributeSchemaEntry>
        <Name>msRASSavedFramedRoute</Name>
        <AttributeMetadata>
          <Value>attributeID:244:1:55a73700-c891-46fd-8f5c-72bc827f2ef5:20160407213828.385:244</Value>
          <Value>attributeSyntax:244:1:55a73700-c891-46fd-8f5c-72bc827f2ef5:20160407213828.385:244</Value>
          <Value>cn:244:1:55a73700-c891-46fd-8f5c-72bc827f2ef5:20160407213828.385:244</Value>
          <Value>createTimeStamp:244:1:55a73700-c891-46fd-8f5c-72bc827f2ef5:20160407213828.385:244</Value>
          <Value>entryDN:244:1:55a73700-c891-46fd-8f5c-72bc827f2ef5:20160407213828.385:244</Value>
          <Value>isSingleValued:244:1:55a73700-c891-46fd-8f5c-72bc827f2ef5:20160407213828.385:244</Value>
          <Value>lDAPDisplayName:244:1:55a73700-c891-46fd-8f5c-72bc827f2ef5:20160407213828.385:244</Value>
          <Value>modifyTimeStamp:244:1:55a73700-c891-46fd-8f5c-72bc827f2ef5:20160407213828.385:244</Value>
          <Value>objectClass:244:1:55a73700-c891-46fd-8f5c-72bc827f2ef5:20160407213828.385:244</Value>
          <Value>objectGUID:244:1:55a73700-c891-46fd-8f5c-72bc827f2ef5:20160407213828.385:244</Value>
          <Value>oMSyntax:244:1:55a73700-c891-46fd-8f5c-72bc827f2ef5:20160407213828.385:244</Value>
          <Value>schemaIDGUID:244:1:55a73700-c891-46fd-8f5c-72bc827f2ef5:20160407213828.385:244</Value>
          <Value>uSNChanged:244:1:55a73700-c891-46fd-8f5c-72bc827f2ef5:20160407213828.385:244</Value>
          <Value>uSNCreated:244:1:55a73700-c891-46fd-8f5c-72bc827f2ef5:20160407213828.385:244</Value>
          <Value>vmwAttributeUsage:244:1:55a73700-c891-46fd-8f5c-72bc827f2ef5:20160407213828.385:244</Value>
        </AttributeMetadata>
      </AttributeSchemaEntry>
      <AttributeSchemaEntry>
        <Name>msRRASAttribute</Name>
        <AttributeMetadata>
          <Value>attributeID:956:1:55a73700-c891-46fd-8f5c-72bc827f2ef5:20160407213829.559:956</Value>
          <Value>attributeSyntax:956:1:55a73700-c891-46fd-8f5c-72bc827f2ef5:20160407213829.559:956</Value>
          <Value>cn:956:1:55a73700-c891-46fd-8f5c-72bc827f2ef5:20160407213829.559:956</Value>
          <Value>createTimeStamp:956:1:55a73700-c891-46fd-8f5c-72bc827f2ef5:20160407213829.559:956</Value>
          <Value>entryDN:956:1:55a73700-c891-46fd-8f5c-72bc827f2ef5:20160407213829.559:956</Value>
          <Value>isSingleValued:956:1:55a73700-c891-46fd-8f5c-72bc827f2ef5:20160407213829.559:956</Value>
          <Value>lDAPDisplayName:956:1:55a73700-c891-46fd-8f5c-72bc827f2ef5:20160407213829.559:956</Value>
          <Value>modifyTimeStamp:956:1:55a73700-c891-46fd-8f5c-72bc827f2ef5:20160407213829.559:956</Value>
          <Value>objectClass:956:1:55a73700-c891-46fd-8f5c-72bc827f2ef5:20160407213829.559:956</Value>
          <Value>objectGUID:956:1:55a73700-c891-46fd-8f5c-72bc827f2ef5:20160407213829.559:956</Value>
          <Value>oMSyntax:956:1:55a73700-c891-46fd-8f5c-72bc827f2ef5:20160407213829.559:956</Value>
          <Value>schemaIDGUID:956:1:55a73700-c891-46fd-8f5c-72bc827f2ef5:20160407213829.559:956</Value>
          <Value>uSNChanged:956:1:55a73700-c891-46fd-8f5c-72bc827f2ef5:20160407213829.559:956</Value>
          <Value>uSNCreated:956:1:55a73700-c891-46fd-8f5c-72bc827f2ef5:20160407213829.559:956</Value>
          <Value>vmwAttributeUsage:956:1:55a73700-c891-46fd-8f5c-72bc827f2ef5:20160407213829.559:956</Value>
        </AttributeMetadata>
      </AttributeSchemaEntry>
      <AttributeSchemaEntry>
        <Name>msRRASVendorAttributeEntry</Name>
        <AttributeMetadata>
          <Value>attributeID:1524:1:55a73700-c891-46fd-8f5c-72bc827f2ef5:20160407213830.534:1524</Value>
          <Value>attributeSyntax:1524:1:55a73700-c891-46fd-8f5c-72bc827f2ef5:20160407213830.534:1524</Value>
          <Value>cn:1524:1:55a73700-c891-46fd-8f5c-72bc827f2ef5:20160407213830.534:1524</Value>
          <Value>createTimeStamp:1524:1:55a73700-c891-46fd-8f5c-72bc827f2ef5:20160407213830.534:1524</Value>
          <Value>entryDN:1524:1:55a73700-c891-46fd-8f5c-72bc827f2ef5:20160407213830.534:1524</Value>
          <Value>isSingleValued:1524:1:55a73700-c891-46fd-8f5c-72bc827f2ef5:20160407213830.534:1524</Value>
          <Value>lDAPDisplayName:1524:1:55a73700-c891-46fd-8f5c-72bc827f2ef5:20160407213830.534:1524</Value>
          <Value>modifyTimeStamp:1524:1:55a73700-c891-46fd-8f5c-72bc827f2ef5:20160407213830.534:1524</Value>
          <Value>objectClass:1524:1:55a73700-c891-46fd-8f5c-72bc827f2ef5:20160407213830.534:1524</Value>
          <Value>objectGUID:1524:1:55a73700-c891-46fd-8f5c-72bc827f2ef5:20160407213830.534:1524</Value>
          <Value>oMSyntax:1524:1:55a73700-c891-46fd-8f5c-72bc827f2ef5:20160407213830.534:1524</Value>
          <Value>schemaIDGUID:1524:1:55a73700-c891-46fd-8f5c-72bc827f2ef5:20160407213830.534:1524</Value>
          <Value>uSNChanged:1524:1:55a73700-c891-46fd-8f5c-72bc827f2ef5:20160407213830.534:1524</Value>
          <Value>uSNCreated:1524:1:55a73700-c891-46fd-8f5c-72bc827f2ef5:20160407213830.534:1524</Value>
          <Value>vmwAttributeUsage:1524:1:55a73700-c891-46fd-8f5c-72bc827f2ef5:20160407213830.534:1524</Value>
        </AttributeMetadata>
      </AttributeSchemaEntry>
      <AttributeSchemaEntry>
        <Name>msSFU30Aliases</Name>
        <AttributeMetadata>
          <Value>attributeID:1255:1:55a73700-c891-46fd-8f5c-72bc827f2ef5:20160407213830.091:1255</Value>
          <Value>attributeSyntax:1255:1:55a73700-c891-46fd-8f5c-72bc827f2ef5:20160407213830.091:1255</Value>
          <Value>cn:1255:1:55a73700-c891-46fd-8f5c-72bc827f2ef5:20160407213830.091:1255</Value>
          <Value>createTimeStamp:1255:1:55a73700-c891-46fd-8f5c-72bc827f2ef5:20160407213830.091:1255</Value>
          <Value>entryDN:1255:1:55a73700-c891-46fd-8f5c-72bc827f2ef5:20160407213830.091:1255</Value>
          <Value>isSingleValued:1255:1:55a73700-c891-46fd-8f5c-72bc827f2ef5:20160407213830.091:1255</Value>
          <Value>lDAPDisplayName:1255:1:55a73700-c891-46fd-8f5c-72bc827f2ef5:20160407213830.091:1255</Value>
          <Value>modifyTimeStamp:1255:1:55a73700-c891-46fd-8f5c-72bc827f2ef5:20160407213830.091:1255</Value>
          <Value>objectClass:1255:1:55a73700-c891-46fd-8f5c-72bc827f2ef5:20160407213830.091:1255</Value>
          <Value>objectGUID:1255:1:55a73700-c891-46fd-8f5c-72bc827f2ef5:20160407213830.091:1255</Value>
          <Value>oMSyntax:1255:1:55a73700-c891-46fd-8f5c-72bc827f2ef5:20160407213830.091:1255</Value>
          <Value>schemaIDGUID:1255:1:55a73700-c891-46fd-8f5c-72bc827f2ef5:20160407213830.091:1255</Value>
          <Value>uSNChanged:1255:1:55a73700-c891-46fd-8f5c-72bc827f2ef5:20160407213830.091:1255</Value>
          <Value>uSNCreated:1255:1:55a73700-c891-46fd-8f5c-72bc827f2ef5:20160407213830.091:1255</Value>
          <Value>vmwAttributeUsage:1255:1:55a73700-c891-46fd-8f5c-72bc827f2ef5:20160407213830.091:1255</Value>
        </AttributeMetadata>
      </AttributeSchemaEntry>
      <AttributeSchemaEntry>
        <Name>msSFU30CryptMethod</Name>
        <AttributeMetadata>
          <Value>attributeID:337:1:55a73700-c891-46fd-8f5c-72bc827f2ef5:20160407213828.526:337</Value>
          <Value>attributeSyntax:337:1:55a73700-c891-46fd-8f5c-72bc827f2ef5:20160407213828.526:337</Value>
          <Value>cn:337:1:55a73700-c891-46fd-8f5c-72bc827f2ef5:20160407213828.526:337</Value>
          <Value>createTimeStamp:337:1:55a73700-c891-46fd-8f5c-72bc827f2ef5:20160407213828.526:337</Value>
          <Value>entryDN:337:1:55a73700-c891-46fd-8f5c-72bc827f2ef5:20160407213828.526:337</Value>
          <Value>isSingleValued:337:1:55a73700-c891-46fd-8f5c-72bc827f2ef5:20160407213828.526:337</Value>
          <Value>lDAPDisplayName:337:1:55a73700-c891-46fd-8f5c-72bc827f2ef5:20160407213828.526:337</Value>
          <Value>modifyTimeStamp:337:1:55a73700-c891-46fd-8f5c-72bc827f2ef5:20160407213828.526:337</Value>
          <Value>objectClass:337:1:55a73700-c891-46fd-8f5c-72bc827f2ef5:20160407213828.526:337</Value>
          <Value>objectGUID:337:1:55a73700-c891-46fd-8f5c-72bc827f2ef5:20160407213828.526:337</Value>
          <Value>oMSyntax:337:1:55a73700-c891-46fd-8f5c-72bc827f2ef5:20160407213828.526:337</Value>
          <Value>schemaIDGUID:337:1:55a73700-c891-46fd-8f5c-72bc827f2ef5:20160407213828.526:337</Value>
          <Value>uSNChanged:337:1:55a73700-c891-46fd-8f5c-72bc827f2ef5:20160407213828.526:337</Value>
          <Value>uSNCreated:337:1:55a73700-c891-46fd-8f5c-72bc827f2ef5:20160407213828.526:337</Value>
          <Value>vmwAttributeUsage:337:1:55a73700-c891-46fd-8f5c-72bc827f2ef5:20160407213828.526:337</Value>
        </AttributeMetadata>
      </AttributeSchemaEntry>
      <AttributeSchemaEntry>
        <Name>msSFU30Domains</Name>
        <AttributeMetadata>
          <Value>attributeID:1290:1:55a73700-c891-46fd-8f5c-72bc827f2ef5:20160407213830.148:1290</Value>
          <Value>attributeSyntax:1290:1:55a73700-c891-46fd-8f5c-72bc827f2ef5:20160407213830.148:1290</Value>
          <Value>cn:1290:1:55a73700-c891-46fd-8f5c-72bc827f2ef5:20160407213830.148:1290</Value>
          <Value>createTimeStamp:1290:1:55a73700-c891-46fd-8f5c-72bc827f2ef5:20160407213830.148:1290</Value>
          <Value>entryDN:1290:1:55a73700-c891-46fd-8f5c-72bc827f2ef5:20160407213830.148:1290</Value>
          <Value>isSingleValued:1290:1:55a73700-c891-46fd-8f5c-72bc827f2ef5:20160407213830.148:1290</Value>
          <Value>lDAPDisplayName:1290:1:55a73700-c891-46fd-8f5c-72bc827f2ef5:20160407213830.148:1290</Value>
          <Value>modifyTimeStamp:1290:1:55a73700-c891-46fd-8f5c-72bc827f2ef5:20160407213830.148:1290</Value>
          <Value>objectClass:1290:1:55a73700-c891-46fd-8f5c-72bc827f2ef5:20160407213830.148:1290</Value>
          <Value>objectGUID:1290:1:55a73700-c891-46fd-8f5c-72bc827f2ef5:20160407213830.148:1290</Value>
          <Value>oMSyntax:1290:1:55a73700-c891-46fd-8f5c-72bc827f2ef5:20160407213830.148:1290</Value>
          <Value>schemaIDGUID:1290:1:55a73700-c891-46fd-8f5c-72bc827f2ef5:20160407213830.148:1290</Value>
          <Value>uSNChanged:1290:1:55a73700-c891-46fd-8f5c-72bc827f2ef5:20160407213830.148:1290</Value>
          <Value>uSNCreated:1290:1:55a73700-c891-46fd-8f5c-72bc827f2ef5:20160407213830.148:1290</Value>
          <Value>vmwAttributeUsage:1290:1:55a73700-c891-46fd-8f5c-72bc827f2ef5:20160407213830.148:1290</Value>
        </AttributeMetadata>
      </AttributeSchemaEntry>
      <AttributeSchemaEntry>
        <Name>msSFU30FieldSeparator</Name>
        <AttributeMetadata>
          <Value>attributeID:1221:1:55a73700-c891-46fd-8f5c-72bc827f2ef5:20160407213830.032:1221</Value>
          <Value>attributeSyntax:1221:1:55a73700-c891-46fd-8f5c-72bc827f2ef5:20160407213830.032:1221</Value>
          <Value>cn:1221:1:55a73700-c891-46fd-8f5c-72bc827f2ef5:20160407213830.032:1221</Value>
          <Value>createTimeStamp:1221:1:55a73700-c891-46fd-8f5c-72bc827f2ef5:20160407213830.032:1221</Value>
          <Value>entryDN:1221:1:55a73700-c891-46fd-8f5c-72bc827f2ef5:20160407213830.032:1221</Value>
          <Value>isSingleValued:1221:1:55a73700-c891-46fd-8f5c-72bc827f2ef5:20160407213830.032:1221</Value>
          <Value>lDAPDisplayName:1221:1:55a73700-c891-46fd-8f5c-72bc827f2ef5:20160407213830.032:1221</Value>
          <Value>modifyTimeStamp:1221:1:55a73700-c891-46fd-8f5c-72bc827f2ef5:20160407213830.032:1221</Value>
          <Value>objectClass:1221:1:55a73700-c891-46fd-8f5c-72bc827f2ef5:20160407213830.032:1221</Value>
          <Value>objectGUID:1221:1:55a73700-c891-46fd-8f5c-72bc827f2ef5:20160407213830.032:1221</Value>
          <Value>oMSyntax:1221:1:55a73700-c891-46fd-8f5c-72bc827f2ef5:20160407213830.032:1221</Value>
          <Value>schemaIDGUID:1221:1:55a73700-c891-46fd-8f5c-72bc827f2ef5:20160407213830.032:1221</Value>
          <Value>uSNChanged:1221:1:55a73700-c891-46fd-8f5c-72bc827f2ef5:20160407213830.032:1221</Value>
          <Value>uSNCreated:1221:1:55a73700-c891-46fd-8f5c-72bc827f2ef5:20160407213830.032:1221</Value>
          <Value>vmwAttributeUsage:1221:1:55a73700-c891-46fd-8f5c-72bc827f2ef5:20160407213830.032:1221</Value>
        </AttributeMetadata>
      </AttributeSchemaEntry>
      <AttributeSchemaEntry>
        <Name>msSFU30IntraFieldSeparator</Name>
        <AttributeMetadata>
          <Value>attributeID:875:1:55a73700-c891-46fd-8f5c-72bc827f2ef5:20160407213829.423:875</Value>
          <Value>attributeSyntax:875:1:55a73700-c891-46fd-8f5c-72bc827f2ef5:20160407213829.423:875</Value>
          <Value>cn:875:1:55a73700-c891-46fd-8f5c-72bc827f2ef5:20160407213829.423:875</Value>
          <Value>createTimeStamp:875:1:55a73700-c891-46fd-8f5c-72bc827f2ef5:20160407213829.423:875</Value>
          <Value>entryDN:875:1:55a73700-c891-46fd-8f5c-72bc827f2ef5:20160407213829.423:875</Value>
          <Value>isSingleValued:875:1:55a73700-c891-46fd-8f5c-72bc827f2ef5:20160407213829.423:875</Value>
          <Value>lDAPDisplayName:875:1:55a73700-c891-46fd-8f5c-72bc827f2ef5:20160407213829.423:875</Value>
          <Value>modifyTimeStamp:875:1:55a73700-c891-46fd-8f5c-72bc827f2ef5:20160407213829.423:875</Value>
          <Value>objectClass:875:1:55a73700-c891-46fd-8f5c-72bc827f2ef5:20160407213829.423:875</Value>
          <Value>objectGUID:875:1:55a73700-c891-46fd-8f5c-72bc827f2ef5:20160407213829.423:875</Value>
          <Value>oMSyntax:875:1:55a73700-c891-46fd-8f5c-72bc827f2ef5:20160407213829.423:875</Value>
          <Value>schemaIDGUID:875:1:55a73700-c891-46fd-8f5c-72bc827f2ef5:20160407213829.423:875</Value>
          <Value>uSNChanged:875:1:55a73700-c891-46fd-8f5c-72bc827f2ef5:20160407213829.423:875</Value>
          <Value>uSNCreated:875:1:55a73700-c891-46fd-8f5c-72bc827f2ef5:20160407213829.423:875</Value>
          <Value>vmwAttributeUsage:875:1:55a73700-c891-46fd-8f5c-72bc827f2ef5:20160407213829.423:875</Value>
        </AttributeMetadata>
      </AttributeSchemaEntry>
      <AttributeSchemaEntry>
        <Name>msSFU30IsValidContainer</Name>
        <AttributeMetadata>
          <Value>attributeID:1664:1:55a73700-c891-46fd-8f5c-72bc827f2ef5:20160407213830.770:1664</Value>
          <Value>attributeSyntax:1664:1:55a73700-c891-46fd-8f5c-72bc827f2ef5:20160407213830.770:1664</Value>
          <Value>cn:1664:1:55a73700-c891-46fd-8f5c-72bc827f2ef5:20160407213830.770:1664</Value>
          <Value>createTimeStamp:1664:1:55a73700-c891-46fd-8f5c-72bc827f2ef5:20160407213830.770:1664</Value>
          <Value>entryDN:1664:1:55a73700-c891-46fd-8f5c-72bc827f2ef5:20160407213830.770:1664</Value>
          <Value>isSingleValued:1664:1:55a73700-c891-46fd-8f5c-72bc827f2ef5:20160407213830.770:1664</Value>
          <Value>lDAPDisplayName:1664:1:55a73700-c891-46fd-8f5c-72bc827f2ef5:20160407213830.770:1664</Value>
          <Value>modifyTimeStamp:1664:1:55a73700-c891-46fd-8f5c-72bc827f2ef5:20160407213830.770:1664</Value>
          <Value>objectClass:1664:1:55a73700-c891-46fd-8f5c-72bc827f2ef5:20160407213830.770:1664</Value>
          <Value>objectGUID:1664:1:55a73700-c891-46fd-8f5c-72bc827f2ef5:20160407213830.770:1664</Value>
          <Value>oMSyntax:1664:1:55a73700-c891-46fd-8f5c-72bc827f2ef5:20160407213830.770:1664</Value>
          <Value>schemaIDGUID:1664:1:55a73700-c891-46fd-8f5c-72bc827f2ef5:20160407213830.770:1664</Value>
          <Value>uSNChanged:1664:1:55a73700-c891-46fd-8f5c-72bc827f2ef5:20160407213830.770:1664</Value>
          <Value>uSNCreated:1664:1:55a73700-c891-46fd-8f5c-72bc827f2ef5:20160407213830.770:1664</Value>
          <Value>vmwAttributeUsage:1664:1:55a73700-c891-46fd-8f5c-72bc827f2ef5:20160407213830.770:1664</Value>
        </AttributeMetadata>
      </AttributeSchemaEntry>
      <AttributeSchemaEntry>
        <Name>msSFU30KeyAttributes</Name>
        <AttributeMetadata>
          <Value>attributeID:408:1:55a73700-c891-46fd-8f5c-72bc827f2ef5:20160407213828.628:408</Value>
          <Value>attributeSyntax:408:1:55a73700-c891-46fd-8f5c-72bc827f2ef5:20160407213828.628:408</Value>
          <Value>cn:408:1:55a73700-c891-46fd-8f5c-72bc827f2ef5:20160407213828.628:408</Value>
          <Value>createTimeStamp:408:1:55a73700-c891-46fd-8f5c-72bc827f2ef5:20160407213828.628:408</Value>
          <Value>entryDN:408:1:55a73700-c891-46fd-8f5c-72bc827f2ef5:20160407213828.628:408</Value>
          <Value>isSingleValued:408:1:55a73700-c891-46fd-8f5c-72bc827f2ef5:20160407213828.628:408</Value>
          <Value>lDAPDisplayName:408:1:55a73700-c891-46fd-8f5c-72bc827f2ef5:20160407213828.628:408</Value>
          <Value>modifyTimeStamp:408:1:55a73700-c891-46fd-8f5c-72bc827f2ef5:20160407213828.628:408</Value>
          <Value>objectClass:408:1:55a73700-c891-46fd-8f5c-72bc827f2ef5:20160407213828.628:408</Value>
          <Value>objectGUID:408:1:55a73700-c891-46fd-8f5c-72bc827f2ef5:20160407213828.628:408</Value>
          <Value>oMSyntax:408:1:55a73700-c891-46fd-8f5c-72bc827f2ef5:20160407213828.628:408</Value>
          <Value>schemaIDGUID:408:1:55a73700-c891-46fd-8f5c-72bc827f2ef5:20160407213828.628:408</Value>
          <Value>uSNChanged:408:1:55a73700-c891-46fd-8f5c-72bc827f2ef5:20160407213828.628:408</Value>
          <Value>uSNCreated:408:1:55a73700-c891-46fd-8f5c-72bc827f2ef5:20160407213828.628:408</Value>
          <Value>vmwAttributeUsage:408:1:55a73700-c891-46fd-8f5c-72bc827f2ef5:20160407213828.628:408</Value>
        </AttributeMetadata>
      </AttributeSchemaEntry>
      <AttributeSchemaEntry>
        <Name>msSFU30KeyValues</Name>
        <AttributeMetadata>
          <Value>attributeID:1462:1:55a73700-c891-46fd-8f5c-72bc827f2ef5:20160407213830.425:1462</Value>
          <Value>attributeSyntax:1462:1:55a73700-c891-46fd-8f5c-72bc827f2ef5:20160407213830.425:1462</Value>
          <Value>cn:1462:1:55a73700-c891-46fd-8f5c-72bc827f2ef5:20160407213830.425:1462</Value>
          <Value>createTimeStamp:1462:1:55a73700-c891-46fd-8f5c-72bc827f2ef5:20160407213830.425:1462</Value>
          <Value>entryDN:1462:1:55a73700-c891-46fd-8f5c-72bc827f2ef5:20160407213830.425:1462</Value>
          <Value>isSingleValued:1462:1:55a73700-c891-46fd-8f5c-72bc827f2ef5:20160407213830.425:1462</Value>
          <Value>lDAPDisplayName:1462:1:55a73700-c891-46fd-8f5c-72bc827f2ef5:20160407213830.425:1462</Value>
          <Value>modifyTimeStamp:1462:1:55a73700-c891-46fd-8f5c-72bc827f2ef5:20160407213830.425:1462</Value>
          <Value>objectClass:1462:1:55a73700-c891-46fd-8f5c-72bc827f2ef5:20160407213830.425:1462</Value>
          <Value>objectGUID:1462:1:55a73700-c891-46fd-8f5c-72bc827f2ef5:20160407213830.425:1462</Value>
          <Value>oMSyntax:1462:1:55a73700-c891-46fd-8f5c-72bc827f2ef5:20160407213830.425:1462</Value>
          <Value>schemaIDGUID:1462:1:55a73700-c891-46fd-8f5c-72bc827f2ef5:20160407213830.425:1462</Value>
          <Value>uSNChanged:1462:1:55a73700-c891-46fd-8f5c-72bc827f2ef5:20160407213830.425:1462</Value>
          <Value>uSNCreated:1462:1:55a73700-c891-46fd-8f5c-72bc827f2ef5:20160407213830.425:1462</Value>
          <Value>vmwAttributeUsage:1462:1:55a73700-c891-46fd-8f5c-72bc827f2ef5:20160407213830.425:1462</Value>
        </AttributeMetadata>
      </AttributeSchemaEntry>
      <AttributeSchemaEntry>
        <Name>msSFU30MapFilter</Name>
        <AttributeMetadata>
          <Value>attributeID:1056:1:55a73700-c891-46fd-8f5c-72bc827f2ef5:20160407213829.730:1056</Value>
          <Value>attributeSyntax:1056:1:55a73700-c891-46fd-8f5c-72bc827f2ef5:20160407213829.730:1056</Value>
          <Value>cn:1056:1:55a73700-c891-46fd-8f5c-72bc827f2ef5:20160407213829.730:1056</Value>
          <Value>createTimeStamp:1056:1:55a73700-c891-46fd-8f5c-72bc827f2ef5:20160407213829.730:1056</Value>
          <Value>entryDN:1056:1:55a73700-c891-46fd-8f5c-72bc827f2ef5:20160407213829.730:1056</Value>
          <Value>isSingleValued:1056:1:55a73700-c891-46fd-8f5c-72bc827f2ef5:20160407213829.730:1056</Value>
          <Value>lDAPDisplayName:1056:1:55a73700-c891-46fd-8f5c-72bc827f2ef5:20160407213829.730:1056</Value>
          <Value>modifyTimeStamp:1056:1:55a73700-c891-46fd-8f5c-72bc827f2ef5:20160407213829.730:1056</Value>
          <Value>objectClass:1056:1:55a73700-c891-46fd-8f5c-72bc827f2ef5:20160407213829.730:1056</Value>
          <Value>objectGUID:1056:1:55a73700-c891-46fd-8f5c-72bc827f2ef5:20160407213829.730:1056</Value>
          <Value>oMSyntax:1056:1:55a73700-c891-46fd-8f5c-72bc827f2ef5:20160407213829.730:1056</Value>
          <Value>schemaIDGUID:1056:1:55a73700-c891-46fd-8f5c-72bc827f2ef5:20160407213829.730:1056</Value>
          <Value>uSNChanged:1056:1:55a73700-c891-46fd-8f5c-72bc827f2ef5:20160407213829.730:1056</Value>
          <Value>uSNCreated:1056:1:55a73700-c891-46fd-8f5c-72bc827f2ef5:20160407213829.730:1056</Value>
          <Value>vmwAttributeUsage:1056:1:55a73700-c891-46fd-8f5c-72bc827f2ef5:20160407213829.730:1056</Value>
        </AttributeMetadata>
      </AttributeSchemaEntry>
      <AttributeSchemaEntry>
        <Name>msSFU30MasterServerName</Name>
        <AttributeMetadata>
          <Value>attributeID:890:1:55a73700-c891-46fd-8f5c-72bc827f2ef5:20160407213829.449:890</Value>
          <Value>attributeSyntax:890:1:55a73700-c891-46fd-8f5c-72bc827f2ef5:20160407213829.449:890</Value>
          <Value>cn:890:1:55a73700-c891-46fd-8f5c-72bc827f2ef5:20160407213829.449:890</Value>
          <Value>createTimeStamp:890:1:55a73700-c891-46fd-8f5c-72bc827f2ef5:20160407213829.449:890</Value>
          <Value>entryDN:890:1:55a73700-c891-46fd-8f5c-72bc827f2ef5:20160407213829.449:890</Value>
          <Value>isSingleValued:890:1:55a73700-c891-46fd-8f5c-72bc827f2ef5:20160407213829.449:890</Value>
          <Value>lDAPDisplayName:890:1:55a73700-c891-46fd-8f5c-72bc827f2ef5:20160407213829.449:890</Value>
          <Value>modifyTimeStamp:890:1:55a73700-c891-46fd-8f5c-72bc827f2ef5:20160407213829.449:890</Value>
          <Value>objectClass:890:1:55a73700-c891-46fd-8f5c-72bc827f2ef5:20160407213829.449:890</Value>
          <Value>objectGUID:890:1:55a73700-c891-46fd-8f5c-72bc827f2ef5:20160407213829.449:890</Value>
          <Value>oMSyntax:890:1:55a73700-c891-46fd-8f5c-72bc827f2ef5:20160407213829.449:890</Value>
          <Value>schemaIDGUID:890:1:55a73700-c891-46fd-8f5c-72bc827f2ef5:20160407213829.449:890</Value>
          <Value>uSNChanged:890:1:55a73700-c891-46fd-8f5c-72bc827f2ef5:20160407213829.449:890</Value>
          <Value>uSNCreated:890:1:55a73700-c891-46fd-8f5c-72bc827f2ef5:20160407213829.449:890</Value>
          <Value>vmwAttributeUsage:890:1:55a73700-c891-46fd-8f5c-72bc827f2ef5:20160407213829.449:890</Value>
        </AttributeMetadata>
      </AttributeSchemaEntry>
      <AttributeSchemaEntry>
        <Name>msSFU30MaxGidNumber</Name>
        <AttributeMetadata>
          <Value>attributeID:1567:1:55a73700-c891-46fd-8f5c-72bc827f2ef5:20160407213830.600:1567</Value>
          <Value>attributeSyntax:1567:1:55a73700-c891-46fd-8f5c-72bc827f2ef5:20160407213830.600:1567</Value>
          <Value>cn:1567:1:55a73700-c891-46fd-8f5c-72bc827f2ef5:20160407213830.600:1567</Value>
          <Value>createTimeStamp:1567:1:55a73700-c891-46fd-8f5c-72bc827f2ef5:20160407213830.600:1567</Value>
          <Value>entryDN:1567:1:55a73700-c891-46fd-8f5c-72bc827f2ef5:20160407213830.600:1567</Value>
          <Value>isSingleValued:1567:1:55a73700-c891-46fd-8f5c-72bc827f2ef5:20160407213830.600:1567</Value>
          <Value>lDAPDisplayName:1567:1:55a73700-c891-46fd-8f5c-72bc827f2ef5:20160407213830.600:1567</Value>
          <Value>modifyTimeStamp:1567:1:55a73700-c891-46fd-8f5c-72bc827f2ef5:20160407213830.600:1567</Value>
          <Value>objectClass:1567:1:55a73700-c891-46fd-8f5c-72bc827f2ef5:20160407213830.600:1567</Value>
          <Value>objectGUID:1567:1:55a73700-c891-46fd-8f5c-72bc827f2ef5:20160407213830.600:1567</Value>
          <Value>oMSyntax:1567:1:55a73700-c891-46fd-8f5c-72bc827f2ef5:20160407213830.600:1567</Value>
          <Value>schemaIDGUID:1567:1:55a73700-c891-46fd-8f5c-72bc827f2ef5:20160407213830.600:1567</Value>
          <Value>uSNChanged:1567:1:55a73700-c891-46fd-8f5c-72bc827f2ef5:20160407213830.600:1567</Value>
          <Value>uSNCreated:1567:1:55a73700-c891-46fd-8f5c-72bc827f2ef5:20160407213830.600:1567</Value>
          <Value>vmwAttributeUsage:1567:1:55a73700-c891-46fd-8f5c-72bc827f2ef5:20160407213830.600:1567</Value>
        </AttributeMetadata>
      </AttributeSchemaEntry>
      <AttributeSchemaEntry>
        <Name>msSFU30MaxUidNumber</Name>
        <AttributeMetadata>
          <Value>attributeID:987:1:55a73700-c891-46fd-8f5c-72bc827f2ef5:20160407213829.611:987</Value>
          <Value>attributeSyntax:987:1:55a73700-c891-46fd-8f5c-72bc827f2ef5:20160407213829.611:987</Value>
          <Value>cn:987:1:55a73700-c891-46fd-8f5c-72bc827f2ef5:20160407213829.611:987</Value>
          <Value>createTimeStamp:987:1:55a73700-c891-46fd-8f5c-72bc827f2ef5:20160407213829.611:987</Value>
          <Value>entryDN:987:1:55a73700-c891-46fd-8f5c-72bc827f2ef5:20160407213829.611:987</Value>
          <Value>isSingleValued:987:1:55a73700-c891-46fd-8f5c-72bc827f2ef5:20160407213829.611:987</Value>
          <Value>lDAPDisplayName:987:1:55a73700-c891-46fd-8f5c-72bc827f2ef5:20160407213829.611:987</Value>
          <Value>modifyTimeStamp:987:1:55a73700-c891-46fd-8f5c-72bc827f2ef5:20160407213829.611:987</Value>
          <Value>objectClass:987:1:55a73700-c891-46fd-8f5c-72bc827f2ef5:20160407213829.611:987</Value>
          <Value>objectGUID:987:1:55a73700-c891-46fd-8f5c-72bc827f2ef5:20160407213829.611:987</Value>
          <Value>oMSyntax:987:1:55a73700-c891-46fd-8f5c-72bc827f2ef5:20160407213829.611:987</Value>
          <Value>schemaIDGUID:987:1:55a73700-c891-46fd-8f5c-72bc827f2ef5:20160407213829.611:987</Value>
          <Value>uSNChanged:987:1:55a73700-c891-46fd-8f5c-72bc827f2ef5:20160407213829.611:987</Value>
          <Value>uSNCreated:987:1:55a73700-c891-46fd-8f5c-72bc827f2ef5:20160407213829.611:987</Value>
          <Value>vmwAttributeUsage:987:1:55a73700-c891-46fd-8f5c-72bc827f2ef5:20160407213829.611:987</Value>
        </AttributeMetadata>
      </AttributeSchemaEntry>
      <AttributeSchemaEntry>
        <Name>msSFU30Name</Name>
        <AttributeMetadata>
          <Value>attributeID:670:1:55a73700-c891-46fd-8f5c-72bc827f2ef5:20160407213829.067:670</Value>
          <Value>attributeSyntax:670:1:55a73700-c891-46fd-8f5c-72bc827f2ef5:20160407213829.067:670</Value>
          <Value>cn:670:1:55a73700-c891-46fd-8f5c-72bc827f2ef5:20160407213829.067:670</Value>
          <Value>createTimeStamp:670:1:55a73700-c891-46fd-8f5c-72bc827f2ef5:20160407213829.067:670</Value>
          <Value>entryDN:670:1:55a73700-c891-46fd-8f5c-72bc827f2ef5:20160407213829.067:670</Value>
          <Value>isSingleValued:670:1:55a73700-c891-46fd-8f5c-72bc827f2ef5:20160407213829.067:670</Value>
          <Value>lDAPDisplayName:670:1:55a73700-c891-46fd-8f5c-72bc827f2ef5:20160407213829.067:670</Value>
          <Value>modifyTimeStamp:670:1:55a73700-c891-46fd-8f5c-72bc827f2ef5:20160407213829.067:670</Value>
          <Value>objectClass:670:1:55a73700-c891-46fd-8f5c-72bc827f2ef5:20160407213829.067:670</Value>
          <Value>objectGUID:670:1:55a73700-c891-46fd-8f5c-72bc827f2ef5:20160407213829.067:670</Value>
          <Value>oMSyntax:670:1:55a73700-c891-46fd-8f5c-72bc827f2ef5:20160407213829.067:670</Value>
          <Value>schemaIDGUID:670:1:55a73700-c891-46fd-8f5c-72bc827f2ef5:20160407213829.067:670</Value>
          <Value>uSNChanged:670:1:55a73700-c891-46fd-8f5c-72bc827f2ef5:20160407213829.067:670</Value>
          <Value>uSNCreated:670:1:55a73700-c891-46fd-8f5c-72bc827f2ef5:20160407213829.067:670</Value>
          <Value>vmwAttributeUsage:670:1:55a73700-c891-46fd-8f5c-72bc827f2ef5:20160407213829.067:670</Value>
        </AttributeMetadata>
      </AttributeSchemaEntry>
      <AttributeSchemaEntry>
        <Name>msSFU30NetgroupHostAtDomain</Name>
        <AttributeMetadata>
          <Value>attributeID:339:1:55a73700-c891-46fd-8f5c-72bc827f2ef5:20160407213828.529:339</Value>
          <Value>attributeSyntax:339:1:55a73700-c891-46fd-8f5c-72bc827f2ef5:20160407213828.529:339</Value>
          <Value>cn:339:1:55a73700-c891-46fd-8f5c-72bc827f2ef5:20160407213828.529:339</Value>
          <Value>createTimeStamp:339:1:55a73700-c891-46fd-8f5c-72bc827f2ef5:20160407213828.529:339</Value>
          <Value>entryDN:339:1:55a73700-c891-46fd-8f5c-72bc827f2ef5:20160407213828.529:339</Value>
          <Value>isSingleValued:339:1:55a73700-c891-46fd-8f5c-72bc827f2ef5:20160407213828.529:339</Value>
          <Value>lDAPDisplayName:339:1:55a73700-c891-46fd-8f5c-72bc827f2ef5:20160407213828.529:339</Value>
          <Value>modifyTimeStamp:339:1:55a73700-c891-46fd-8f5c-72bc827f2ef5:20160407213828.529:339</Value>
          <Value>objectClass:339:1:55a73700-c891-46fd-8f5c-72bc827f2ef5:20160407213828.529:339</Value>
          <Value>objectGUID:339:1:55a73700-c891-46fd-8f5c-72bc827f2ef5:20160407213828.529:339</Value>
          <Value>oMSyntax:339:1:55a73700-c891-46fd-8f5c-72bc827f2ef5:20160407213828.529:339</Value>
          <Value>schemaIDGUID:339:1:55a73700-c891-46fd-8f5c-72bc827f2ef5:20160407213828.529:339</Value>
          <Value>uSNChanged:339:1:55a73700-c891-46fd-8f5c-72bc827f2ef5:20160407213828.529:339</Value>
          <Value>uSNCreated:339:1:55a73700-c891-46fd-8f5c-72bc827f2ef5:20160407213828.529:339</Value>
          <Value>vmwAttributeUsage:339:1:55a73700-c891-46fd-8f5c-72bc827f2ef5:20160407213828.529:339</Value>
        </AttributeMetadata>
      </AttributeSchemaEntry>
      <AttributeSchemaEntry>
        <Name>msSFU30NetgroupUserAtDomain</Name>
        <AttributeMetadata>
          <Value>attributeID:861:1:55a73700-c891-46fd-8f5c-72bc827f2ef5:20160407213829.393:861</Value>
          <Value>attributeSyntax:861:1:55a73700-c891-46fd-8f5c-72bc827f2ef5:20160407213829.393:861</Value>
          <Value>cn:861:1:55a73700-c891-46fd-8f5c-72bc827f2ef5:20160407213829.393:861</Value>
          <Value>createTimeStamp:861:1:55a73700-c891-46fd-8f5c-72bc827f2ef5:20160407213829.393:861</Value>
          <Value>entryDN:861:1:55a73700-c891-46fd-8f5c-72bc827f2ef5:20160407213829.393:861</Value>
          <Value>isSingleValued:861:1:55a73700-c891-46fd-8f5c-72bc827f2ef5:20160407213829.393:861</Value>
          <Value>lDAPDisplayName:861:1:55a73700-c891-46fd-8f5c-72bc827f2ef5:20160407213829.393:861</Value>
          <Value>modifyTimeStamp:861:1:55a73700-c891-46fd-8f5c-72bc827f2ef5:20160407213829.393:861</Value>
          <Value>objectClass:861:1:55a73700-c891-46fd-8f5c-72bc827f2ef5:20160407213829.393:861</Value>
          <Value>objectGUID:861:1:55a73700-c891-46fd-8f5c-72bc827f2ef5:20160407213829.393:861</Value>
          <Value>oMSyntax:861:1:55a73700-c891-46fd-8f5c-72bc827f2ef5:20160407213829.393:861</Value>
          <Value>schemaIDGUID:861:1:55a73700-c891-46fd-8f5c-72bc827f2ef5:20160407213829.393:861</Value>
          <Value>uSNChanged:861:1:55a73700-c891-46fd-8f5c-72bc827f2ef5:20160407213829.393:861</Value>
          <Value>uSNCreated:861:1:55a73700-c891-46fd-8f5c-72bc827f2ef5:20160407213829.393:861</Value>
          <Value>vmwAttributeUsage:861:1:55a73700-c891-46fd-8f5c-72bc827f2ef5:20160407213829.393:861</Value>
        </AttributeMetadata>
      </AttributeSchemaEntry>
      <AttributeSchemaEntry>
        <Name>msSFU30NisDomain</Name>
        <AttributeMetadata>
          <Value>attributeID:493:1:55a73700-c891-46fd-8f5c-72bc827f2ef5:20160407213828.768:493</Value>
          <Value>attributeSyntax:493:1:55a73700-c891-46fd-8f5c-72bc827f2ef5:20160407213828.768:493</Value>
          <Value>cn:493:1:55a73700-c891-46fd-8f5c-72bc827f2ef5:20160407213828.768:493</Value>
          <Value>createTimeStamp:493:1:55a73700-c891-46fd-8f5c-72bc827f2ef5:20160407213828.768:493</Value>
          <Value>entryDN:493:1:55a73700-c891-46fd-8f5c-72bc827f2ef5:20160407213828.768:493</Value>
          <Value>isSingleValued:493:1:55a73700-c891-46fd-8f5c-72bc827f2ef5:20160407213828.768:493</Value>
          <Value>lDAPDisplayName:493:1:55a73700-c891-46fd-8f5c-72bc827f2ef5:20160407213828.768:493</Value>
          <Value>modifyTimeStamp:493:1:55a73700-c891-46fd-8f5c-72bc827f2ef5:20160407213828.768:493</Value>
          <Value>objectClass:493:1:55a73700-c891-46fd-8f5c-72bc827f2ef5:20160407213828.768:493</Value>
          <Value>objectGUID:493:1:55a73700-c891-46fd-8f5c-72bc827f2ef5:20160407213828.768:493</Value>
          <Value>oMSyntax:493:1:55a73700-c891-46fd-8f5c-72bc827f2ef5:20160407213828.768:493</Value>
          <Value>schemaIDGUID:493:1:55a73700-c891-46fd-8f5c-72bc827f2ef5:20160407213828.768:493</Value>
          <Value>uSNChanged:493:1:55a73700-c891-46fd-8f5c-72bc827f2ef5:20160407213828.768:493</Value>
          <Value>uSNCreated:493:1:55a73700-c891-46fd-8f5c-72bc827f2ef5:20160407213828.768:493</Value>
          <Value>vmwAttributeUsage:493:1:55a73700-c891-46fd-8f5c-72bc827f2ef5:20160407213828.768:493</Value>
        </AttributeMetadata>
      </AttributeSchemaEntry>
      <AttributeSchemaEntry>
        <Name>msSFU30NSMAPFieldPosition</Name>
        <AttributeMetadata>
          <Value>attributeID:1092:1:55a73700-c891-46fd-8f5c-72bc827f2ef5:20160407213829.800:1092</Value>
          <Value>attributeSyntax:1092:1:55a73700-c891-46fd-8f5c-72bc827f2ef5:20160407213829.800:1092</Value>
          <Value>cn:1092:1:55a73700-c891-46fd-8f5c-72bc827f2ef5:20160407213829.800:1092</Value>
          <Value>createTimeStamp:1092:1:55a73700-c891-46fd-8f5c-72bc827f2ef5:20160407213829.800:1092</Value>
          <Value>entryDN:1092:1:55a73700-c891-46fd-8f5c-72bc827f2ef5:20160407213829.800:1092</Value>
          <Value>isSingleValued:1092:1:55a73700-c891-46fd-8f5c-72bc827f2ef5:20160407213829.800:1092</Value>
          <Value>lDAPDisplayName:1092:1:55a73700-c891-46fd-8f5c-72bc827f2ef5:20160407213829.800:1092</Value>
          <Value>modifyTimeStamp:1092:1:55a73700-c891-46fd-8f5c-72bc827f2ef5:20160407213829.800:1092</Value>
          <Value>objectClass:1092:1:55a73700-c891-46fd-8f5c-72bc827f2ef5:20160407213829.800:1092</Value>
          <Value>objectGUID:1092:1:55a73700-c891-46fd-8f5c-72bc827f2ef5:20160407213829.800:1092</Value>
          <Value>oMSyntax:1092:1:55a73700-c891-46fd-8f5c-72bc827f2ef5:20160407213829.800:1092</Value>
          <Value>schemaIDGUID:1092:1:55a73700-c891-46fd-8f5c-72bc827f2ef5:20160407213829.800:1092</Value>
          <Value>uSNChanged:1092:1:55a73700-c891-46fd-8f5c-72bc827f2ef5:20160407213829.800:1092</Value>
          <Value>uSNCreated:1092:1:55a73700-c891-46fd-8f5c-72bc827f2ef5:20160407213829.800:1092</Value>
          <Value>vmwAttributeUsage:1092:1:55a73700-c891-46fd-8f5c-72bc827f2ef5:20160407213829.800:1092</Value>
        </AttributeMetadata>
      </AttributeSchemaEntry>
      <AttributeSchemaEntry>
        <Name>msSFU30OrderNumber</Name>
        <AttributeMetadata>
          <Value>attributeID:1170:1:55a73700-c891-46fd-8f5c-72bc827f2ef5:20160407213829.943:1170</Value>
          <Value>attributeSyntax:1170:1:55a73700-c891-46fd-8f5c-72bc827f2ef5:20160407213829.943:1170</Value>
          <Value>cn:1170:1:55a73700-c891-46fd-8f5c-72bc827f2ef5:20160407213829.943:1170</Value>
          <Value>createTimeStamp:1170:1:55a73700-c891-46fd-8f5c-72bc827f2ef5:20160407213829.943:1170</Value>
          <Value>entryDN:1170:1:55a73700-c891-46fd-8f5c-72bc827f2ef5:20160407213829.943:1170</Value>
          <Value>isSingleValued:1170:1:55a73700-c891-46fd-8f5c-72bc827f2ef5:20160407213829.943:1170</Value>
          <Value>lDAPDisplayName:1170:1:55a73700-c891-46fd-8f5c-72bc827f2ef5:20160407213829.943:1170</Value>
          <Value>modifyTimeStamp:1170:1:55a73700-c891-46fd-8f5c-72bc827f2ef5:20160407213829.943:1170</Value>
          <Value>objectClass:1170:1:55a73700-c891-46fd-8f5c-72bc827f2ef5:20160407213829.943:1170</Value>
          <Value>objectGUID:1170:1:55a73700-c891-46fd-8f5c-72bc827f2ef5:20160407213829.943:1170</Value>
          <Value>oMSyntax:1170:1:55a73700-c891-46fd-8f5c-72bc827f2ef5:20160407213829.943:1170</Value>
          <Value>schemaIDGUID:1170:1:55a73700-c891-46fd-8f5c-72bc827f2ef5:20160407213829.943:1170</Value>
          <Value>uSNChanged:1170:1:55a73700-c891-46fd-8f5c-72bc827f2ef5:20160407213829.943:1170</Value>
          <Value>uSNCreated:1170:1:55a73700-c891-46fd-8f5c-72bc827f2ef5:20160407213829.943:1170</Value>
          <Value>vmwAttributeUsage:1170:1:55a73700-c891-46fd-8f5c-72bc827f2ef5:20160407213829.943:1170</Value>
        </AttributeMetadata>
      </AttributeSchemaEntry>
      <AttributeSchemaEntry>
        <Name>msSFU30PosixMember</Name>
        <AttributeMetadata>
          <Value>attributeID:1711:1:55a73700-c891-46fd-8f5c-72bc827f2ef5:20160407213830.853:1711</Value>
          <Value>attributeSyntax:1711:1:55a73700-c891-46fd-8f5c-72bc827f2ef5:20160407213830.853:1711</Value>
          <Value>cn:1711:1:55a73700-c891-46fd-8f5c-72bc827f2ef5:20160407213830.853:1711</Value>
          <Value>createTimeStamp:1711:1:55a73700-c891-46fd-8f5c-72bc827f2ef5:20160407213830.853:1711</Value>
          <Value>entryDN:1711:1:55a73700-c891-46fd-8f5c-72bc827f2ef5:20160407213830.853:1711</Value>
          <Value>isSingleValued:1711:1:55a73700-c891-46fd-8f5c-72bc827f2ef5:20160407213830.853:1711</Value>
          <Value>lDAPDisplayName:1711:1:55a73700-c891-46fd-8f5c-72bc827f2ef5:20160407213830.853:1711</Value>
          <Value>modifyTimeStamp:1711:1:55a73700-c891-46fd-8f5c-72bc827f2ef5:20160407213830.853:1711</Value>
          <Value>objectClass:1711:1:55a73700-c891-46fd-8f5c-72bc827f2ef5:20160407213830.853:1711</Value>
          <Value>objectGUID:1711:1:55a73700-c891-46fd-8f5c-72bc827f2ef5:20160407213830.853:1711</Value>
          <Value>oMSyntax:1711:1:55a73700-c891-46fd-8f5c-72bc827f2ef5:20160407213830.853:1711</Value>
          <Value>schemaIDGUID:1711:1:55a73700-c891-46fd-8f5c-72bc827f2ef5:20160407213830.853:1711</Value>
          <Value>uSNChanged:1711:1:55a73700-c891-46fd-8f5c-72bc827f2ef5:20160407213830.853:1711</Value>
          <Value>uSNCreated:1711:1:55a73700-c891-46fd-8f5c-72bc827f2ef5:20160407213830.853:1711</Value>
          <Value>vmwAttributeUsage:1711:1:55a73700-c891-46fd-8f5c-72bc827f2ef5:20160407213830.853:1711</Value>
        </AttributeMetadata>
      </AttributeSchemaEntry>
      <AttributeSchemaEntry>
        <Name>msSFU30PosixMemberOf</Name>
        <AttributeMetadata>
          <Value>attributeID:1500:1:55a73700-c891-46fd-8f5c-72bc827f2ef5:20160407213830.495:1500</Value>
          <Value>attributeSyntax:1500:1:55a73700-c891-46fd-8f5c-72bc827f2ef5:20160407213830.495:1500</Value>
          <Value>cn:1500:1:55a73700-c891-46fd-8f5c-72bc827f2ef5:20160407213830.495:1500</Value>
          <Value>createTimeStamp:1500:1:55a73700-c891-46fd-8f5c-72bc827f2ef5:20160407213830.495:1500</Value>
          <Value>entryDN:1500:1:55a73700-c891-46fd-8f5c-72bc827f2ef5:20160407213830.495:1500</Value>
          <Value>isSingleValued:1500:1:55a73700-c891-46fd-8f5c-72bc827f2ef5:20160407213830.495:1500</Value>
          <Value>lDAPDisplayName:1500:1:55a73700-c891-46fd-8f5c-72bc827f2ef5:20160407213830.495:1500</Value>
          <Value>modifyTimeStamp:1500:1:55a73700-c891-46fd-8f5c-72bc827f2ef5:20160407213830.495:1500</Value>
          <Value>objectClass:1500:1:55a73700-c891-46fd-8f5c-72bc827f2ef5:20160407213830.495:1500</Value>
          <Value>objectGUID:1500:1:55a73700-c891-46fd-8f5c-72bc827f2ef5:20160407213830.495:1500</Value>
          <Value>oMSyntax:1500:1:55a73700-c891-46fd-8f5c-72bc827f2ef5:20160407213830.495:1500</Value>
          <Value>schemaIDGUID:1500:1:55a73700-c891-46fd-8f5c-72bc827f2ef5:20160407213830.495:1500</Value>
          <Value>uSNChanged:1500:1:55a73700-c891-46fd-8f5c-72bc827f2ef5:20160407213830.495:1500</Value>
          <Value>uSNCreated:1500:1:55a73700-c891-46fd-8f5c-72bc827f2ef5:20160407213830.495:1500</Value>
          <Value>vmwAttributeUsage:1500:1:55a73700-c891-46fd-8f5c-72bc827f2ef5:20160407213830.495:1500</Value>
        </AttributeMetadata>
      </AttributeSchemaEntry>
      <AttributeSchemaEntry>
        <Name>msSFU30ResultAttributes</Name>
        <AttributeMetadata>
          <Value>attributeID:113:1:55a73700-c891-46fd-8f5c-72bc827f2ef5:20160407213828.203:113</Value>
          <Value>attributeSyntax:113:1:55a73700-c891-46fd-8f5c-72bc827f2ef5:20160407213828.203:113</Value>
          <Value>cn:113:1:55a73700-c891-46fd-8f5c-72bc827f2ef5:20160407213828.203:113</Value>
          <Value>createTimeStamp:113:1:55a73700-c891-46fd-8f5c-72bc827f2ef5:20160407213828.203:113</Value>
          <Value>entryDN:113:1:55a73700-c891-46fd-8f5c-72bc827f2ef5:20160407213828.203:113</Value>
          <Value>isSingleValued:113:1:55a73700-c891-46fd-8f5c-72bc827f2ef5:20160407213828.203:113</Value>
          <Value>lDAPDisplayName:113:1:55a73700-c891-46fd-8f5c-72bc827f2ef5:20160407213828.203:113</Value>
          <Value>modifyTimeStamp:113:1:55a73700-c891-46fd-8f5c-72bc827f2ef5:20160407213828.203:113</Value>
          <Value>objectClass:113:1:55a73700-c891-46fd-8f5c-72bc827f2ef5:20160407213828.203:113</Value>
          <Value>objectGUID:113:1:55a73700-c891-46fd-8f5c-72bc827f2ef5:20160407213828.203:113</Value>
          <Value>oMSyntax:113:1:55a73700-c891-46fd-8f5c-72bc827f2ef5:20160407213828.203:113</Value>
          <Value>schemaIDGUID:113:1:55a73700-c891-46fd-8f5c-72bc827f2ef5:20160407213828.203:113</Value>
          <Value>uSNChanged:113:1:55a73700-c891-46fd-8f5c-72bc827f2ef5:20160407213828.203:113</Value>
          <Value>uSNCreated:113:1:55a73700-c891-46fd-8f5c-72bc827f2ef5:20160407213828.203:113</Value>
          <Value>vmwAttributeUsage:113:1:55a73700-c891-46fd-8f5c-72bc827f2ef5:20160407213828.203:113</Value>
        </AttributeMetadata>
      </AttributeSchemaEntry>
      <AttributeSchemaEntry>
        <Name>msSFU30SearchAttributes</Name>
        <AttributeMetadata>
          <Value>attributeID:946:1:55a73700-c891-46fd-8f5c-72bc827f2ef5:20160407213829.540:946</Value>
          <Value>attributeSyntax:946:1:55a73700-c891-46fd-8f5c-72bc827f2ef5:20160407213829.540:946</Value>
          <Value>cn:946:1:55a73700-c891-46fd-8f5c-72bc827f2ef5:20160407213829.540:946</Value>
          <Value>createTimeStamp:946:1:55a73700-c891-46fd-8f5c-72bc827f2ef5:20160407213829.540:946</Value>
          <Value>entryDN:946:1:55a73700-c891-46fd-8f5c-72bc827f2ef5:20160407213829.540:946</Value>
          <Value>isSingleValued:946:1:55a73700-c891-46fd-8f5c-72bc827f2ef5:20160407213829.540:946</Value>
          <Value>lDAPDisplayName:946:1:55a73700-c891-46fd-8f5c-72bc827f2ef5:20160407213829.540:946</Value>
          <Value>modifyTimeStamp:946:1:55a73700-c891-46fd-8f5c-72bc827f2ef5:20160407213829.540:946</Value>
          <Value>objectClass:946:1:55a73700-c891-46fd-8f5c-72bc827f2ef5:20160407213829.540:946</Value>
          <Value>objectGUID:946:1:55a73700-c891-46fd-8f5c-72bc827f2ef5:20160407213829.540:946</Value>
          <Value>oMSyntax:946:1:55a73700-c891-46fd-8f5c-72bc827f2ef5:20160407213829.540:946</Value>
          <Value>schemaIDGUID:946:1:55a73700-c891-46fd-8f5c-72bc827f2ef5:20160407213829.540:946</Value>
          <Value>uSNChanged:946:1:55a73700-c891-46fd-8f5c-72bc827f2ef5:20160407213829.540:946</Value>
          <Value>uSNCreated:946:1:55a73700-c891-46fd-8f5c-72bc827f2ef5:20160407213829.540:946</Value>
          <Value>vmwAttributeUsage:946:1:55a73700-c891-46fd-8f5c-72bc827f2ef5:20160407213829.540:946</Value>
        </AttributeMetadata>
      </AttributeSchemaEntry>
      <AttributeSchemaEntry>
        <Name>msSFU30SearchContainer</Name>
        <AttributeMetadata>
          <Value>attributeID:1220:1:55a73700-c891-46fd-8f5c-72bc827f2ef5:20160407213830.031:1220</Value>
          <Value>attributeSyntax:1220:1:55a73700-c891-46fd-8f5c-72bc827f2ef5:20160407213830.031:1220</Value>
          <Value>cn:1220:1:55a73700-c891-46fd-8f5c-72bc827f2ef5:20160407213830.031:1220</Value>
          <Value>createTimeStamp:1220:1:55a73700-c891-46fd-8f5c-72bc827f2ef5:20160407213830.031:1220</Value>
          <Value>entryDN:1220:1:55a73700-c891-46fd-8f5c-72bc827f2ef5:20160407213830.031:1220</Value>
          <Value>isSingleValued:1220:1:55a73700-c891-46fd-8f5c-72bc827f2ef5:20160407213830.031:1220</Value>
          <Value>lDAPDisplayName:1220:1:55a73700-c891-46fd-8f5c-72bc827f2ef5:20160407213830.031:1220</Value>
          <Value>modifyTimeStamp:1220:1:55a73700-c891-46fd-8f5c-72bc827f2ef5:20160407213830.031:1220</Value>
          <Value>objectClass:1220:1:55a73700-c891-46fd-8f5c-72bc827f2ef5:20160407213830.031:1220</Value>
          <Value>objectGUID:1220:1:55a73700-c891-46fd-8f5c-72bc827f2ef5:20160407213830.031:1220</Value>
          <Value>oMSyntax:1220:1:55a73700-c891-46fd-8f5c-72bc827f2ef5:20160407213830.031:1220</Value>
          <Value>schemaIDGUID:1220:1:55a73700-c891-46fd-8f5c-72bc827f2ef5:20160407213830.031:1220</Value>
          <Value>uSNChanged:1220:1:55a73700-c891-46fd-8f5c-72bc827f2ef5:20160407213830.031:1220</Value>
          <Value>uSNCreated:1220:1:55a73700-c891-46fd-8f5c-72bc827f2ef5:20160407213830.031:1220</Value>
          <Value>vmwAttributeUsage:1220:1:55a73700-c891-46fd-8f5c-72bc827f2ef5:20160407213830.031:1220</Value>
        </AttributeMetadata>
      </AttributeSchemaEntry>
      <AttributeSchemaEntry>
        <Name>msSFU30YpServers</Name>
        <AttributeMetadata>
          <Value>attributeID:832:1:55a73700-c891-46fd-8f5c-72bc827f2ef5:20160407213829.349:832</Value>
          <Value>attributeSyntax:832:1:55a73700-c891-46fd-8f5c-72bc827f2ef5:20160407213829.349:832</Value>
          <Value>cn:832:1:55a73700-c891-46fd-8f5c-72bc827f2ef5:20160407213829.349:832</Value>
          <Value>createTimeStamp:832:1:55a73700-c891-46fd-8f5c-72bc827f2ef5:20160407213829.349:832</Value>
          <Value>entryDN:832:1:55a73700-c891-46fd-8f5c-72bc827f2ef5:20160407213829.349:832</Value>
          <Value>isSingleValued:832:1:55a73700-c891-46fd-8f5c-72bc827f2ef5:20160407213829.349:832</Value>
          <Value>lDAPDisplayName:832:1:55a73700-c891-46fd-8f5c-72bc827f2ef5:20160407213829.349:832</Value>
          <Value>modifyTimeStamp:832:1:55a73700-c891-46fd-8f5c-72bc827f2ef5:20160407213829.349:832</Value>
          <Value>objectClass:832:1:55a73700-c891-46fd-8f5c-72bc827f2ef5:20160407213829.349:832</Value>
          <Value>objectGUID:832:1:55a73700-c891-46fd-8f5c-72bc827f2ef5:20160407213829.349:832</Value>
          <Value>oMSyntax:832:1:55a73700-c891-46fd-8f5c-72bc827f2ef5:20160407213829.349:832</Value>
          <Value>schemaIDGUID:832:1:55a73700-c891-46fd-8f5c-72bc827f2ef5:20160407213829.349:832</Value>
          <Value>uSNChanged:832:1:55a73700-c891-46fd-8f5c-72bc827f2ef5:20160407213829.349:832</Value>
          <Value>uSNCreated:832:1:55a73700-c891-46fd-8f5c-72bc827f2ef5:20160407213829.349:832</Value>
          <Value>vmwAttributeUsage:832:1:55a73700-c891-46fd-8f5c-72bc827f2ef5:20160407213829.349:832</Value>
        </AttributeMetadata>
      </AttributeSchemaEntry>
      <AttributeSchemaEntry>
        <Name>mS-SQL-Alias</Name>
        <AttributeMetadata>
          <Value>attributeID:1358:1:55a73700-c891-46fd-8f5c-72bc827f2ef5:20160407213830.260:1358</Value>
          <Value>attributeSyntax:1358:1:55a73700-c891-46fd-8f5c-72bc827f2ef5:20160407213830.260:1358</Value>
          <Value>cn:1358:1:55a73700-c891-46fd-8f5c-72bc827f2ef5:20160407213830.260:1358</Value>
          <Value>createTimeStamp:1358:1:55a73700-c891-46fd-8f5c-72bc827f2ef5:20160407213830.260:1358</Value>
          <Value>entryDN:1358:1:55a73700-c891-46fd-8f5c-72bc827f2ef5:20160407213830.260:1358</Value>
          <Value>isSingleValued:1358:1:55a73700-c891-46fd-8f5c-72bc827f2ef5:20160407213830.260:1358</Value>
          <Value>lDAPDisplayName:1358:1:55a73700-c891-46fd-8f5c-72bc827f2ef5:20160407213830.260:1358</Value>
          <Value>modifyTimeStamp:1358:1:55a73700-c891-46fd-8f5c-72bc827f2ef5:20160407213830.260:1358</Value>
          <Value>objectClass:1358:1:55a73700-c891-46fd-8f5c-72bc827f2ef5:20160407213830.260:1358</Value>
          <Value>objectGUID:1358:1:55a73700-c891-46fd-8f5c-72bc827f2ef5:20160407213830.260:1358</Value>
          <Value>oMSyntax:1358:1:55a73700-c891-46fd-8f5c-72bc827f2ef5:20160407213830.260:1358</Value>
          <Value>schemaIDGUID:1358:1:55a73700-c891-46fd-8f5c-72bc827f2ef5:20160407213830.260:1358</Value>
          <Value>uSNChanged:1358:1:55a73700-c891-46fd-8f5c-72bc827f2ef5:20160407213830.260:1358</Value>
          <Value>uSNCreated:1358:1:55a73700-c891-46fd-8f5c-72bc827f2ef5:20160407213830.260:1358</Value>
          <Value>vmwAttributeUsage:1358:1:55a73700-c891-46fd-8f5c-72bc827f2ef5:20160407213830.260:1358</Value>
        </AttributeMetadata>
      </AttributeSchemaEntry>
      <AttributeSchemaEntry>
        <Name>mS-SQL-AllowAnonymousSubscription</Name>
        <AttributeMetadata>
          <Value>attributeID:672:1:55a73700-c891-46fd-8f5c-72bc827f2ef5:20160407213829.069:672</Value>
          <Value>attributeSyntax:672:1:55a73700-c891-46fd-8f5c-72bc827f2ef5:20160407213829.069:672</Value>
          <Value>cn:672:1:55a73700-c891-46fd-8f5c-72bc827f2ef5:20160407213829.069:672</Value>
          <Value>createTimeStamp:672:1:55a73700-c891-46fd-8f5c-72bc827f2ef5:20160407213829.069:672</Value>
          <Value>entryDN:672:1:55a73700-c891-46fd-8f5c-72bc827f2ef5:20160407213829.069:672</Value>
          <Value>isSingleValued:672:1:55a73700-c891-46fd-8f5c-72bc827f2ef5:20160407213829.069:672</Value>
          <Value>lDAPDisplayName:672:1:55a73700-c891-46fd-8f5c-72bc827f2ef5:20160407213829.069:672</Value>
          <Value>modifyTimeStamp:672:1:55a73700-c891-46fd-8f5c-72bc827f2ef5:20160407213829.069:672</Value>
          <Value>objectClass:672:1:55a73700-c891-46fd-8f5c-72bc827f2ef5:20160407213829.069:672</Value>
          <Value>objectGUID:672:1:55a73700-c891-46fd-8f5c-72bc827f2ef5:20160407213829.069:672</Value>
          <Value>oMSyntax:672:1:55a73700-c891-46fd-8f5c-72bc827f2ef5:20160407213829.069:672</Value>
          <Value>schemaIDGUID:672:1:55a73700-c891-46fd-8f5c-72bc827f2ef5:20160407213829.069:672</Value>
          <Value>uSNChanged:672:1:55a73700-c891-46fd-8f5c-72bc827f2ef5:20160407213829.069:672</Value>
          <Value>uSNCreated:672:1:55a73700-c891-46fd-8f5c-72bc827f2ef5:20160407213829.069:672</Value>
          <Value>vmwAttributeUsage:672:1:55a73700-c891-46fd-8f5c-72bc827f2ef5:20160407213829.069:672</Value>
        </AttributeMetadata>
      </AttributeSchemaEntry>
      <AttributeSchemaEntry>
        <Name>mS-SQL-AllowImmediateUpdatingSubscription</Name>
        <AttributeMetadata>
          <Value>attributeID:877:1:55a73700-c891-46fd-8f5c-72bc827f2ef5:20160407213829.431:877</Value>
          <Value>attributeSyntax:877:1:55a73700-c891-46fd-8f5c-72bc827f2ef5:20160407213829.431:877</Value>
          <Value>cn:877:1:55a73700-c891-46fd-8f5c-72bc827f2ef5:20160407213829.431:877</Value>
          <Value>createTimeStamp:877:1:55a73700-c891-46fd-8f5c-72bc827f2ef5:20160407213829.431:877</Value>
          <Value>entryDN:877:1:55a73700-c891-46fd-8f5c-72bc827f2ef5:20160407213829.431:877</Value>
          <Value>isSingleValued:877:1:55a73700-c891-46fd-8f5c-72bc827f2ef5:20160407213829.431:877</Value>
          <Value>lDAPDisplayName:877:1:55a73700-c891-46fd-8f5c-72bc827f2ef5:20160407213829.431:877</Value>
          <Value>modifyTimeStamp:877:1:55a73700-c891-46fd-8f5c-72bc827f2ef5:20160407213829.431:877</Value>
          <Value>objectClass:877:1:55a73700-c891-46fd-8f5c-72bc827f2ef5:20160407213829.431:877</Value>
          <Value>objectGUID:877:1:55a73700-c891-46fd-8f5c-72bc827f2ef5:20160407213829.431:877</Value>
          <Value>oMSyntax:877:1:55a73700-c891-46fd-8f5c-72bc827f2ef5:20160407213829.431:877</Value>
          <Value>schemaIDGUID:877:1:55a73700-c891-46fd-8f5c-72bc827f2ef5:20160407213829.431:877</Value>
          <Value>uSNChanged:877:1:55a73700-c891-46fd-8f5c-72bc827f2ef5:20160407213829.431:877</Value>
          <Value>uSNCreated:877:1:55a73700-c891-46fd-8f5c-72bc827f2ef5:20160407213829.431:877</Value>
          <Value>vmwAttributeUsage:877:1:55a73700-c891-46fd-8f5c-72bc827f2ef5:20160407213829.431:877</Value>
        </AttributeMetadata>
      </AttributeSchemaEntry>
      <AttributeSchemaEntry>
        <Name>mS-SQL-AllowKnownPullSubscription</Name>
        <AttributeMetadata>
          <Value>attributeID:285:1:55a73700-c891-46fd-8f5c-72bc827f2ef5:20160407213828.444:285</Value>
          <Value>attributeSyntax:285:1:55a73700-c891-46fd-8f5c-72bc827f2ef5:20160407213828.444:285</Value>
          <Value>cn:285:1:55a73700-c891-46fd-8f5c-72bc827f2ef5:20160407213828.444:285</Value>
          <Value>createTimeStamp:285:1:55a73700-c891-46fd-8f5c-72bc827f2ef5:20160407213828.444:285</Value>
          <Value>entryDN:285:1:55a73700-c891-46fd-8f5c-72bc827f2ef5:20160407213828.444:285</Value>
          <Value>isSingleValued:285:1:55a73700-c891-46fd-8f5c-72bc827f2ef5:20160407213828.444:285</Value>
          <Value>lDAPDisplayName:285:1:55a73700-c891-46fd-8f5c-72bc827f2ef5:20160407213828.444:285</Value>
          <Value>modifyTimeStamp:285:1:55a73700-c891-46fd-8f5c-72bc827f2ef5:20160407213828.444:285</Value>
          <Value>objectClass:285:1:55a73700-c891-46fd-8f5c-72bc827f2ef5:20160407213828.444:285</Value>
          <Value>objectGUID:285:1:55a73700-c891-46fd-8f5c-72bc827f2ef5:20160407213828.444:285</Value>
          <Value>oMSyntax:285:1:55a73700-c891-46fd-8f5c-72bc827f2ef5:20160407213828.444:285</Value>
          <Value>schemaIDGUID:285:1:55a73700-c891-46fd-8f5c-72bc827f2ef5:20160407213828.444:285</Value>
          <Value>uSNChanged:285:1:55a73700-c891-46fd-8f5c-72bc827f2ef5:20160407213828.444:285</Value>
          <Value>uSNCreated:285:1:55a73700-c891-46fd-8f5c-72bc827f2ef5:20160407213828.444:285</Value>
          <Value>vmwAttributeUsage:285:1:55a73700-c891-46fd-8f5c-72bc827f2ef5:20160407213828.444:285</Value>
        </AttributeMetadata>
      </AttributeSchemaEntry>
      <AttributeSchemaEntry>
        <Name>mS-SQL-AllowQueuedUpdatingSubscription</Name>
        <AttributeMetadata>
          <Value>attributeID:380:1:55a73700-c891-46fd-8f5c-72bc827f2ef5:20160407213828.590:380</Value>
          <Value>attributeSyntax:380:1:55a73700-c891-46fd-8f5c-72bc827f2ef5:20160407213828.590:380</Value>
          <Value>cn:380:1:55a73700-c891-46fd-8f5c-72bc827f2ef5:20160407213828.590:380</Value>
          <Value>createTimeStamp:380:1:55a73700-c891-46fd-8f5c-72bc827f2ef5:20160407213828.590:380</Value>
          <Value>entryDN:380:1:55a73700-c891-46fd-8f5c-72bc827f2ef5:20160407213828.590:380</Value>
          <Value>isSingleValued:380:1:55a73700-c891-46fd-8f5c-72bc827f2ef5:20160407213828.590:380</Value>
          <Value>lDAPDisplayName:380:1:55a73700-c891-46fd-8f5c-72bc827f2ef5:20160407213828.590:380</Value>
          <Value>modifyTimeStamp:380:1:55a73700-c891-46fd-8f5c-72bc827f2ef5:20160407213828.590:380</Value>
          <Value>objectClass:380:1:55a73700-c891-46fd-8f5c-72bc827f2ef5:20160407213828.590:380</Value>
          <Value>objectGUID:380:1:55a73700-c891-46fd-8f5c-72bc827f2ef5:20160407213828.590:380</Value>
          <Value>oMSyntax:380:1:55a73700-c891-46fd-8f5c-72bc827f2ef5:20160407213828.590:380</Value>
          <Value>schemaIDGUID:380:1:55a73700-c891-46fd-8f5c-72bc827f2ef5:20160407213828.590:380</Value>
          <Value>uSNChanged:380:1:55a73700-c891-46fd-8f5c-72bc827f2ef5:20160407213828.590:380</Value>
          <Value>uSNCreated:380:1:55a73700-c891-46fd-8f5c-72bc827f2ef5:20160407213828.590:380</Value>
          <Value>vmwAttributeUsage:380:1:55a73700-c891-46fd-8f5c-72bc827f2ef5:20160407213828.590:380</Value>
        </AttributeMetadata>
      </AttributeSchemaEntry>
      <AttributeSchemaEntry>
        <Name>mS-SQL-AllowSnapshotFilesFTPDownloading</Name>
        <AttributeMetadata>
          <Value>attributeID:1712:1:55a73700-c891-46fd-8f5c-72bc827f2ef5:20160407213830.854:1712</Value>
          <Value>attributeSyntax:1712:1:55a73700-c891-46fd-8f5c-72bc827f2ef5:20160407213830.854:1712</Value>
          <Value>cn:1712:1:55a73700-c891-46fd-8f5c-72bc827f2ef5:20160407213830.854:1712</Value>
          <Value>createTimeStamp:1712:1:55a73700-c891-46fd-8f5c-72bc827f2ef5:20160407213830.854:1712</Value>
          <Value>entryDN:1712:1:55a73700-c891-46fd-8f5c-72bc827f2ef5:20160407213830.854:1712</Value>
          <Value>isSingleValued:1712:1:55a73700-c891-46fd-8f5c-72bc827f2ef5:20160407213830.854:1712</Value>
          <Value>lDAPDisplayName:1712:1:55a73700-c891-46fd-8f5c-72bc827f2ef5:20160407213830.854:1712</Value>
          <Value>modifyTimeStamp:1712:1:55a73700-c891-46fd-8f5c-72bc827f2ef5:20160407213830.854:1712</Value>
          <Value>objectClass:1712:1:55a73700-c891-46fd-8f5c-72bc827f2ef5:20160407213830.854:1712</Value>
          <Value>objectGUID:1712:1:55a73700-c891-46fd-8f5c-72bc827f2ef5:20160407213830.854:1712</Value>
          <Value>oMSyntax:1712:1:55a73700-c891-46fd-8f5c-72bc827f2ef5:20160407213830.854:1712</Value>
          <Value>schemaIDGUID:1712:1:55a73700-c891-46fd-8f5c-72bc827f2ef5:20160407213830.854:1712</Value>
          <Value>uSNChanged:1712:1:55a73700-c891-46fd-8f5c-72bc827f2ef5:20160407213830.854:1712</Value>
          <Value>uSNCreated:1712:1:55a73700-c891-46fd-8f5c-72bc827f2ef5:20160407213830.854:1712</Value>
          <Value>vmwAttributeUsage:1712:1:55a73700-c891-46fd-8f5c-72bc827f2ef5:20160407213830.854:1712</Value>
        </AttributeMetadata>
      </AttributeSchemaEntry>
      <AttributeSchemaEntry>
        <Name>mS-SQL-AppleTalk</Name>
        <AttributeMetadata>
          <Value>attributeID:1688:1:55a73700-c891-46fd-8f5c-72bc827f2ef5:20160407213830.807:1688</Value>
          <Value>attributeSyntax:1688:1:55a73700-c891-46fd-8f5c-72bc827f2ef5:20160407213830.807:1688</Value>
          <Value>cn:1688:1:55a73700-c891-46fd-8f5c-72bc827f2ef5:20160407213830.807:1688</Value>
          <Value>createTimeStamp:1688:1:55a73700-c891-46fd-8f5c-72bc827f2ef5:20160407213830.807:1688</Value>
          <Value>entryDN:1688:1:55a73700-c891-46fd-8f5c-72bc827f2ef5:20160407213830.807:1688</Value>
          <Value>isSingleValued:1688:1:55a73700-c891-46fd-8f5c-72bc827f2ef5:20160407213830.807:1688</Value>
          <Value>lDAPDisplayName:1688:1:55a73700-c891-46fd-8f5c-72bc827f2ef5:20160407213830.807:1688</Value>
          <Value>modifyTimeStamp:1688:1:55a73700-c891-46fd-8f5c-72bc827f2ef5:20160407213830.807:1688</Value>
          <Value>objectClass:1688:1:55a73700-c891-46fd-8f5c-72bc827f2ef5:20160407213830.807:1688</Value>
          <Value>objectGUID:1688:1:55a73700-c891-46fd-8f5c-72bc827f2ef5:20160407213830.807:1688</Value>
          <Value>oMSyntax:1688:1:55a73700-c891-46fd-8f5c-72bc827f2ef5:20160407213830.807:1688</Value>
          <Value>schemaIDGUID:1688:1:55a73700-c891-46fd-8f5c-72bc827f2ef5:20160407213830.807:1688</Value>
          <Value>uSNChanged:1688:1:55a73700-c891-46fd-8f5c-72bc827f2ef5:20160407213830.807:1688</Value>
          <Value>uSNCreated:1688:1:55a73700-c891-46fd-8f5c-72bc827f2ef5:20160407213830.807:1688</Value>
          <Value>vmwAttributeUsage:1688:1:55a73700-c891-46fd-8f5c-72bc827f2ef5:20160407213830.807:1688</Value>
        </AttributeMetadata>
      </AttributeSchemaEntry>
      <AttributeSchemaEntry>
        <Name>mS-SQL-Applications</Name>
        <AttributeMetadata>
          <Value>attributeID:1695:1:55a73700-c891-46fd-8f5c-72bc827f2ef5:20160407213830.826:1695</Value>
          <Value>attributeSyntax:1695:1:55a73700-c891-46fd-8f5c-72bc827f2ef5:20160407213830.826:1695</Value>
          <Value>cn:1695:1:55a73700-c891-46fd-8f5c-72bc827f2ef5:20160407213830.826:1695</Value>
          <Value>createTimeStamp:1695:1:55a73700-c891-46fd-8f5c-72bc827f2ef5:20160407213830.826:1695</Value>
          <Value>entryDN:1695:1:55a73700-c891-46fd-8f5c-72bc827f2ef5:20160407213830.826:1695</Value>
          <Value>isSingleValued:1695:1:55a73700-c891-46fd-8f5c-72bc827f2ef5:20160407213830.826:1695</Value>
          <Value>lDAPDisplayName:1695:1:55a73700-c891-46fd-8f5c-72bc827f2ef5:20160407213830.826:1695</Value>
          <Value>modifyTimeStamp:1695:1:55a73700-c891-46fd-8f5c-72bc827f2ef5:20160407213830.826:1695</Value>
          <Value>objectClass:1695:1:55a73700-c891-46fd-8f5c-72bc827f2ef5:20160407213830.826:1695</Value>
          <Value>objectGUID:1695:1:55a73700-c891-46fd-8f5c-72bc827f2ef5:20160407213830.826:1695</Value>
          <Value>oMSyntax:1695:1:55a73700-c891-46fd-8f5c-72bc827f2ef5:20160407213830.826:1695</Value>
          <Value>schemaIDGUID:1695:1:55a73700-c891-46fd-8f5c-72bc827f2ef5:20160407213830.826:1695</Value>
          <Value>uSNChanged:1695:1:55a73700-c891-46fd-8f5c-72bc827f2ef5:20160407213830.826:1695</Value>
          <Value>uSNCreated:1695:1:55a73700-c891-46fd-8f5c-72bc827f2ef5:20160407213830.826:1695</Value>
          <Value>vmwAttributeUsage:1695:1:55a73700-c891-46fd-8f5c-72bc827f2ef5:20160407213830.826:1695</Value>
        </AttributeMetadata>
      </AttributeSchemaEntry>
      <AttributeSchemaEntry>
        <Name>mS-SQL-Build</Name>
        <AttributeMetadata>
          <Value>attributeID:980:1:55a73700-c891-46fd-8f5c-72bc827f2ef5:20160407213829.595:980</Value>
          <Value>attributeSyntax:980:1:55a73700-c891-46fd-8f5c-72bc827f2ef5:20160407213829.595:980</Value>
          <Value>cn:980:1:55a73700-c891-46fd-8f5c-72bc827f2ef5:20160407213829.595:980</Value>
          <Value>createTimeStamp:980:1:55a73700-c891-46fd-8f5c-72bc827f2ef5:20160407213829.595:980</Value>
          <Value>entryDN:980:1:55a73700-c891-46fd-8f5c-72bc827f2ef5:20160407213829.595:980</Value>
          <Value>isSingleValued:980:1:55a73700-c891-46fd-8f5c-72bc827f2ef5:20160407213829.595:980</Value>
          <Value>lDAPDisplayName:980:1:55a73700-c891-46fd-8f5c-72bc827f2ef5:20160407213829.595:980</Value>
          <Value>modifyTimeStamp:980:1:55a73700-c891-46fd-8f5c-72bc827f2ef5:20160407213829.595:980</Value>
          <Value>objectClass:980:1:55a73700-c891-46fd-8f5c-72bc827f2ef5:20160407213829.595:980</Value>
          <Value>objectGUID:980:1:55a73700-c891-46fd-8f5c-72bc827f2ef5:20160407213829.595:980</Value>
          <Value>oMSyntax:980:1:55a73700-c891-46fd-8f5c-72bc827f2ef5:20160407213829.595:980</Value>
          <Value>schemaIDGUID:980:1:55a73700-c891-46fd-8f5c-72bc827f2ef5:20160407213829.595:980</Value>
          <Value>uSNChanged:980:1:55a73700-c891-46fd-8f5c-72bc827f2ef5:20160407213829.595:980</Value>
          <Value>uSNCreated:980:1:55a73700-c891-46fd-8f5c-72bc827f2ef5:20160407213829.595:980</Value>
          <Value>vmwAttributeUsage:980:1:55a73700-c891-46fd-8f5c-72bc827f2ef5:20160407213829.595:980</Value>
        </AttributeMetadata>
      </AttributeSchemaEntry>
      <AttributeSchemaEntry>
        <Name>mS-SQL-CharacterSet</Name>
        <AttributeMetadata>
          <Value>attributeID:1085:1:55a73700-c891-46fd-8f5c-72bc827f2ef5:20160407213829.790:1085</Value>
          <Value>attributeSyntax:1085:1:55a73700-c891-46fd-8f5c-72bc827f2ef5:20160407213829.790:1085</Value>
          <Value>cn:1085:1:55a73700-c891-46fd-8f5c-72bc827f2ef5:20160407213829.790:1085</Value>
          <Value>createTimeStamp:1085:1:55a73700-c891-46fd-8f5c-72bc827f2ef5:20160407213829.790:1085</Value>
          <Value>entryDN:1085:1:55a73700-c891-46fd-8f5c-72bc827f2ef5:20160407213829.790:1085</Value>
          <Value>isSingleValued:1085:1:55a73700-c891-46fd-8f5c-72bc827f2ef5:20160407213829.790:1085</Value>
          <Value>lDAPDisplayName:1085:1:55a73700-c891-46fd-8f5c-72bc827f2ef5:20160407213829.790:1085</Value>
          <Value>modifyTimeStamp:1085:1:55a73700-c891-46fd-8f5c-72bc827f2ef5:20160407213829.790:1085</Value>
          <Value>objectClass:1085:1:55a73700-c891-46fd-8f5c-72bc827f2ef5:20160407213829.790:1085</Value>
          <Value>objectGUID:1085:1:55a73700-c891-46fd-8f5c-72bc827f2ef5:20160407213829.790:1085</Value>
          <Value>oMSyntax:1085:1:55a73700-c891-46fd-8f5c-72bc827f2ef5:20160407213829.790:1085</Value>
          <Value>schemaIDGUID:1085:1:55a73700-c891-46fd-8f5c-72bc827f2ef5:20160407213829.790:1085</Value>
          <Value>uSNChanged:1085:1:55a73700-c891-46fd-8f5c-72bc827f2ef5:20160407213829.790:1085</Value>
          <Value>uSNCreated:1085:1:55a73700-c891-46fd-8f5c-72bc827f2ef5:20160407213829.790:1085</Value>
          <Value>vmwAttributeUsage:1085:1:55a73700-c891-46fd-8f5c-72bc827f2ef5:20160407213829.790:1085</Value>
        </AttributeMetadata>
      </AttributeSchemaEntry>
      <AttributeSchemaEntry>
        <Name>mS-SQL-Clustered</Name>
        <AttributeMetadata>
          <Value>attributeID:1311:1:55a73700-c891-46fd-8f5c-72bc827f2ef5:20160407213830.180:1311</Value>
          <Value>attributeSyntax:1311:1:55a73700-c891-46fd-8f5c-72bc827f2ef5:20160407213830.180:1311</Value>
          <Value>cn:1311:1:55a73700-c891-46fd-8f5c-72bc827f2ef5:20160407213830.180:1311</Value>
          <Value>createTimeStamp:1311:1:55a73700-c891-46fd-8f5c-72bc827f2ef5:20160407213830.180:1311</Value>
          <Value>entryDN:1311:1:55a73700-c891-46fd-8f5c-72bc827f2ef5:20160407213830.180:1311</Value>
          <Value>isSingleValued:1311:1:55a73700-c891-46fd-8f5c-72bc827f2ef5:20160407213830.180:1311</Value>
          <Value>lDAPDisplayName:1311:1:55a73700-c891-46fd-8f5c-72bc827f2ef5:20160407213830.180:1311</Value>
          <Value>modifyTimeStamp:1311:1:55a73700-c891-46fd-8f5c-72bc827f2ef5:20160407213830.180:1311</Value>
          <Value>objectClass:1311:1:55a73700-c891-46fd-8f5c-72bc827f2ef5:20160407213830.180:1311</Value>
          <Value>objectGUID:1311:1:55a73700-c891-46fd-8f5c-72bc827f2ef5:20160407213830.180:1311</Value>
          <Value>oMSyntax:1311:1:55a73700-c891-46fd-8f5c-72bc827f2ef5:20160407213830.180:1311</Value>
          <Value>schemaIDGUID:1311:1:55a73700-c891-46fd-8f5c-72bc827f2ef5:20160407213830.180:1311</Value>
          <Value>uSNChanged:1311:1:55a73700-c891-46fd-8f5c-72bc827f2ef5:20160407213830.180:1311</Value>
          <Value>uSNCreated:1311:1:55a73700-c891-46fd-8f5c-72bc827f2ef5:20160407213830.180:1311</Value>
          <Value>vmwAttributeUsage:1311:1:55a73700-c891-46fd-8f5c-72bc827f2ef5:20160407213830.180:1311</Value>
        </AttributeMetadata>
      </AttributeSchemaEntry>
      <AttributeSchemaEntry>
        <Name>mS-SQL-ConnectionURL</Name>
        <AttributeMetadata>
          <Value>attributeID:474:1:55a73700-c891-46fd-8f5c-72bc827f2ef5:20160407213828.737:474</Value>
          <Value>attributeSyntax:474:1:55a73700-c891-46fd-8f5c-72bc827f2ef5:20160407213828.737:474</Value>
          <Value>cn:474:1:55a73700-c891-46fd-8f5c-72bc827f2ef5:20160407213828.737:474</Value>
          <Value>createTimeStamp:474:1:55a73700-c891-46fd-8f5c-72bc827f2ef5:20160407213828.737:474</Value>
          <Value>entryDN:474:1:55a73700-c891-46fd-8f5c-72bc827f2ef5:20160407213828.737:474</Value>
          <Value>isSingleValued:474:1:55a73700-c891-46fd-8f5c-72bc827f2ef5:20160407213828.737:474</Value>
          <Value>lDAPDisplayName:474:1:55a73700-c891-46fd-8f5c-72bc827f2ef5:20160407213828.737:474</Value>
          <Value>modifyTimeStamp:474:1:55a73700-c891-46fd-8f5c-72bc827f2ef5:20160407213828.737:474</Value>
          <Value>objectClass:474:1:55a73700-c891-46fd-8f5c-72bc827f2ef5:20160407213828.737:474</Value>
          <Value>objectGUID:474:1:55a73700-c891-46fd-8f5c-72bc827f2ef5:20160407213828.737:474</Value>
          <Value>oMSyntax:474:1:55a73700-c891-46fd-8f5c-72bc827f2ef5:20160407213828.737:474</Value>
          <Value>schemaIDGUID:474:1:55a73700-c891-46fd-8f5c-72bc827f2ef5:20160407213828.737:474</Value>
          <Value>uSNChanged:474:1:55a73700-c891-46fd-8f5c-72bc827f2ef5:20160407213828.737:474</Value>
          <Value>uSNCreated:474:1:55a73700-c891-46fd-8f5c-72bc827f2ef5:20160407213828.737:474</Value>
          <Value>vmwAttributeUsage:474:1:55a73700-c891-46fd-8f5c-72bc827f2ef5:20160407213828.737:474</Value>
        </AttributeMetadata>
      </AttributeSchemaEntry>
      <AttributeSchemaEntry>
        <Name>mS-SQL-Contact</Name>
        <AttributeMetadata>
          <Value>attributeID:1706:1:55a73700-c891-46fd-8f5c-72bc827f2ef5:20160407213830.838:1706</Value>
          <Value>attributeSyntax:1706:1:55a73700-c891-46fd-8f5c-72bc827f2ef5:20160407213830.838:1706</Value>
          <Value>cn:1706:1:55a73700-c891-46fd-8f5c-72bc827f2ef5:20160407213830.838:1706</Value>
          <Value>createTimeStamp:1706:1:55a73700-c891-46fd-8f5c-72bc827f2ef5:20160407213830.838:1706</Value>
          <Value>entryDN:1706:1:55a73700-c891-46fd-8f5c-72bc827f2ef5:20160407213830.838:1706</Value>
          <Value>isSingleValued:1706:1:55a73700-c891-46fd-8f5c-72bc827f2ef5:20160407213830.838:1706</Value>
          <Value>lDAPDisplayName:1706:1:55a73700-c891-46fd-8f5c-72bc827f2ef5:20160407213830.838:1706</Value>
          <Value>modifyTimeStamp:1706:1:55a73700-c891-46fd-8f5c-72bc827f2ef5:20160407213830.838:1706</Value>
          <Value>objectClass:1706:1:55a73700-c891-46fd-8f5c-72bc827f2ef5:20160407213830.838:1706</Value>
          <Value>objectGUID:1706:1:55a73700-c891-46fd-8f5c-72bc827f2ef5:20160407213830.838:1706</Value>
          <Value>oMSyntax:1706:1:55a73700-c891-46fd-8f5c-72bc827f2ef5:20160407213830.838:1706</Value>
          <Value>schemaIDGUID:1706:1:55a73700-c891-46fd-8f5c-72bc827f2ef5:20160407213830.838:1706</Value>
          <Value>uSNChanged:1706:1:55a73700-c891-46fd-8f5c-72bc827f2ef5:20160407213830.838:1706</Value>
          <Value>uSNCreated:1706:1:55a73700-c891-46fd-8f5c-72bc827f2ef5:20160407213830.838:1706</Value>
          <Value>vmwAttributeUsage:1706:1:55a73700-c891-46fd-8f5c-72bc827f2ef5:20160407213830.838:1706</Value>
        </AttributeMetadata>
      </AttributeSchemaEntry>
      <AttributeSchemaEntry>
        <Name>mS-SQL-CreationDate</Name>
        <AttributeMetadata>
          <Value>attributeID:705:1:55a73700-c891-46fd-8f5c-72bc827f2ef5:20160407213829.127:705</Value>
          <Value>attributeSyntax:705:1:55a73700-c891-46fd-8f5c-72bc827f2ef5:20160407213829.127:705</Value>
          <Value>cn:705:1:55a73700-c891-46fd-8f5c-72bc827f2ef5:20160407213829.127:705</Value>
          <Value>createTimeStamp:705:1:55a73700-c891-46fd-8f5c-72bc827f2ef5:20160407213829.127:705</Value>
          <Value>entryDN:705:1:55a73700-c891-46fd-8f5c-72bc827f2ef5:20160407213829.127:705</Value>
          <Value>isSingleValued:705:1:55a73700-c891-46fd-8f5c-72bc827f2ef5:20160407213829.127:705</Value>
          <Value>lDAPDisplayName:705:1:55a73700-c891-46fd-8f5c-72bc827f2ef5:20160407213829.127:705</Value>
          <Value>modifyTimeStamp:705:1:55a73700-c891-46fd-8f5c-72bc827f2ef5:20160407213829.127:705</Value>
          <Value>objectClass:705:1:55a73700-c891-46fd-8f5c-72bc827f2ef5:20160407213829.127:705</Value>
          <Value>objectGUID:705:1:55a73700-c891-46fd-8f5c-72bc827f2ef5:20160407213829.127:705</Value>
          <Value>oMSyntax:705:1:55a73700-c891-46fd-8f5c-72bc827f2ef5:20160407213829.127:705</Value>
          <Value>schemaIDGUID:705:1:55a73700-c891-46fd-8f5c-72bc827f2ef5:20160407213829.127:705</Value>
          <Value>uSNChanged:705:1:55a73700-c891-46fd-8f5c-72bc827f2ef5:20160407213829.127:705</Value>
          <Value>uSNCreated:705:1:55a73700-c891-46fd-8f5c-72bc827f2ef5:20160407213829.127:705</Value>
          <Value>vmwAttributeUsage:705:1:55a73700-c891-46fd-8f5c-72bc827f2ef5:20160407213829.127:705</Value>
        </AttributeMetadata>
      </AttributeSchemaEntry>
      <AttributeSchemaEntry>
        <Name>mS-SQL-Database</Name>
        <AttributeMetadata>
          <Value>attributeID:1372:1:55a73700-c891-46fd-8f5c-72bc827f2ef5:20160407213830.276:1372</Value>
          <Value>attributeSyntax:1372:1:55a73700-c891-46fd-8f5c-72bc827f2ef5:20160407213830.276:1372</Value>
          <Value>cn:1372:1:55a73700-c891-46fd-8f5c-72bc827f2ef5:20160407213830.276:1372</Value>
          <Value>createTimeStamp:1372:1:55a73700-c891-46fd-8f5c-72bc827f2ef5:20160407213830.276:1372</Value>
          <Value>entryDN:1372:1:55a73700-c891-46fd-8f5c-72bc827f2ef5:20160407213830.276:1372</Value>
          <Value>isSingleValued:1372:1:55a73700-c891-46fd-8f5c-72bc827f2ef5:20160407213830.276:1372</Value>
          <Value>lDAPDisplayName:1372:1:55a73700-c891-46fd-8f5c-72bc827f2ef5:20160407213830.276:1372</Value>
          <Value>modifyTimeStamp:1372:1:55a73700-c891-46fd-8f5c-72bc827f2ef5:20160407213830.276:1372</Value>
          <Value>objectClass:1372:1:55a73700-c891-46fd-8f5c-72bc827f2ef5:20160407213830.276:1372</Value>
          <Value>objectGUID:1372:1:55a73700-c891-46fd-8f5c-72bc827f2ef5:20160407213830.276:1372</Value>
          <Value>oMSyntax:1372:1:55a73700-c891-46fd-8f5c-72bc827f2ef5:20160407213830.276:1372</Value>
          <Value>schemaIDGUID:1372:1:55a73700-c891-46fd-8f5c-72bc827f2ef5:20160407213830.276:1372</Value>
          <Value>uSNChanged:1372:1:55a73700-c891-46fd-8f5c-72bc827f2ef5:20160407213830.276:1372</Value>
          <Value>uSNCreated:1372:1:55a73700-c891-46fd-8f5c-72bc827f2ef5:20160407213830.276:1372</Value>
          <Value>vmwAttributeUsage:1372:1:55a73700-c891-46fd-8f5c-72bc827f2ef5:20160407213830.276:1372</Value>
        </AttributeMetadata>
      </AttributeSchemaEntry>
      <AttributeSchemaEntry>
        <Name>mS-SQL-Description</Name>
        <AttributeMetadata>
          <Value>attributeID:1080:1:55a73700-c891-46fd-8f5c-72bc827f2ef5:20160407213829.773:1080</Value>
          <Value>attributeSyntax:1080:1:55a73700-c891-46fd-8f5c-72bc827f2ef5:20160407213829.773:1080</Value>
          <Value>cn:1080:1:55a73700-c891-46fd-8f5c-72bc827f2ef5:20160407213829.773:1080</Value>
          <Value>createTimeStamp:1080:1:55a73700-c891-46fd-8f5c-72bc827f2ef5:20160407213829.773:1080</Value>
          <Value>entryDN:1080:1:55a73700-c891-46fd-8f5c-72bc827f2ef5:20160407213829.773:1080</Value>
          <Value>isSingleValued:1080:1:55a73700-c891-46fd-8f5c-72bc827f2ef5:20160407213829.773:1080</Value>
          <Value>lDAPDisplayName:1080:1:55a73700-c891-46fd-8f5c-72bc827f2ef5:20160407213829.773:1080</Value>
          <Value>modifyTimeStamp:1080:1:55a73700-c891-46fd-8f5c-72bc827f2ef5:20160407213829.773:1080</Value>
          <Value>objectClass:1080:1:55a73700-c891-46fd-8f5c-72bc827f2ef5:20160407213829.773:1080</Value>
          <Value>objectGUID:1080:1:55a73700-c891-46fd-8f5c-72bc827f2ef5:20160407213829.773:1080</Value>
          <Value>oMSyntax:1080:1:55a73700-c891-46fd-8f5c-72bc827f2ef5:20160407213829.773:1080</Value>
          <Value>schemaIDGUID:1080:1:55a73700-c891-46fd-8f5c-72bc827f2ef5:20160407213829.773:1080</Value>
          <Value>uSNChanged:1080:1:55a73700-c891-46fd-8f5c-72bc827f2ef5:20160407213829.773:1080</Value>
          <Value>uSNCreated:1080:1:55a73700-c891-46fd-8f5c-72bc827f2ef5:20160407213829.773:1080</Value>
          <Value>vmwAttributeUsage:1080:1:55a73700-c891-46fd-8f5c-72bc827f2ef5:20160407213829.773:1080</Value>
        </AttributeMetadata>
      </AttributeSchemaEntry>
      <AttributeSchemaEntry>
        <Name>mS-SQL-GPSHeight</Name>
        <AttributeMetadata>
          <Value>attributeID:1156:1:55a73700-c891-46fd-8f5c-72bc827f2ef5:20160407213829.918:1156</Value>
          <Value>attributeSyntax:1156:1:55a73700-c891-46fd-8f5c-72bc827f2ef5:20160407213829.918:1156</Value>
          <Value>cn:1156:1:55a73700-c891-46fd-8f5c-72bc827f2ef5:20160407213829.918:1156</Value>
          <Value>createTimeStamp:1156:1:55a73700-c891-46fd-8f5c-72bc827f2ef5:20160407213829.918:1156</Value>
          <Value>entryDN:1156:1:55a73700-c891-46fd-8f5c-72bc827f2ef5:20160407213829.918:1156</Value>
          <Value>isSingleValued:1156:1:55a73700-c891-46fd-8f5c-72bc827f2ef5:20160407213829.918:1156</Value>
          <Value>lDAPDisplayName:1156:1:55a73700-c891-46fd-8f5c-72bc827f2ef5:20160407213829.918:1156</Value>
          <Value>modifyTimeStamp:1156:1:55a73700-c891-46fd-8f5c-72bc827f2ef5:20160407213829.918:1156</Value>
          <Value>objectClass:1156:1:55a73700-c891-46fd-8f5c-72bc827f2ef5:20160407213829.918:1156</Value>
          <Value>objectGUID:1156:1:55a73700-c891-46fd-8f5c-72bc827f2ef5:20160407213829.918:1156</Value>
          <Value>oMSyntax:1156:1:55a73700-c891-46fd-8f5c-72bc827f2ef5:20160407213829.918:1156</Value>
          <Value>schemaIDGUID:1156:1:55a73700-c891-46fd-8f5c-72bc827f2ef5:20160407213829.918:1156</Value>
          <Value>uSNChanged:1156:1:55a73700-c891-46fd-8f5c-72bc827f2ef5:20160407213829.918:1156</Value>
          <Value>uSNCreated:1156:1:55a73700-c891-46fd-8f5c-72bc827f2ef5:20160407213829.918:1156</Value>
          <Value>vmwAttributeUsage:1156:1:55a73700-c891-46fd-8f5c-72bc827f2ef5:20160407213829.918:1156</Value>
        </AttributeMetadata>
      </AttributeSchemaEntry>
      <AttributeSchemaEntry>
        <Name>mS-SQL-GPSLatitude</Name>
        <AttributeMetadata>
          <Value>attributeID:1100:1:55a73700-c891-46fd-8f5c-72bc827f2ef5:20160407213829.823:1100</Value>
          <Value>attributeSyntax:1100:1:55a73700-c891-46fd-8f5c-72bc827f2ef5:20160407213829.823:1100</Value>
          <Value>cn:1100:1:55a73700-c891-46fd-8f5c-72bc827f2ef5:20160407213829.823:1100</Value>
          <Value>createTimeStamp:1100:1:55a73700-c891-46fd-8f5c-72bc827f2ef5:20160407213829.823:1100</Value>
          <Value>entryDN:1100:1:55a73700-c891-46fd-8f5c-72bc827f2ef5:20160407213829.823:1100</Value>
          <Value>isSingleValued:1100:1:55a73700-c891-46fd-8f5c-72bc827f2ef5:20160407213829.823:1100</Value>
          <Value>lDAPDisplayName:1100:1:55a73700-c891-46fd-8f5c-72bc827f2ef5:20160407213829.823:1100</Value>
          <Value>modifyTimeStamp:1100:1:55a73700-c891-46fd-8f5c-72bc827f2ef5:20160407213829.823:1100</Value>
          <Value>objectClass:1100:1:55a73700-c891-46fd-8f5c-72bc827f2ef5:20160407213829.823:1100</Value>
          <Value>objectGUID:1100:1:55a73700-c891-46fd-8f5c-72bc827f2ef5:20160407213829.823:1100</Value>
          <Value>oMSyntax:1100:1:55a73700-c891-46fd-8f5c-72bc827f2ef5:20160407213829.823:1100</Value>
          <Value>schemaIDGUID:1100:1:55a73700-c891-46fd-8f5c-72bc827f2ef5:20160407213829.823:1100</Value>
          <Value>uSNChanged:1100:1:55a73700-c891-46fd-8f5c-72bc827f2ef5:20160407213829.823:1100</Value>
          <Value>uSNCreated:1100:1:55a73700-c891-46fd-8f5c-72bc827f2ef5:20160407213829.823:1100</Value>
          <Value>vmwAttributeUsage:1100:1:55a73700-c891-46fd-8f5c-72bc827f2ef5:20160407213829.823:1100</Value>
        </AttributeMetadata>
      </AttributeSchemaEntry>
      <AttributeSchemaEntry>
        <Name>mS-SQL-GPSLongitude</Name>
        <AttributeMetadata>
          <Value>attributeID:1120:1:55a73700-c891-46fd-8f5c-72bc827f2ef5:20160407213829.857:1120</Value>
          <Value>attributeSyntax:1120:1:55a73700-c891-46fd-8f5c-72bc827f2ef5:20160407213829.857:1120</Value>
          <Value>cn:1120:1:55a73700-c891-46fd-8f5c-72bc827f2ef5:20160407213829.857:1120</Value>
          <Value>createTimeStamp:1120:1:55a73700-c891-46fd-8f5c-72bc827f2ef5:20160407213829.857:1120</Value>
          <Value>entryDN:1120:1:55a73700-c891-46fd-8f5c-72bc827f2ef5:20160407213829.857:1120</Value>
          <Value>isSingleValued:1120:1:55a73700-c891-46fd-8f5c-72bc827f2ef5:20160407213829.857:1120</Value>
          <Value>lDAPDisplayName:1120:1:55a73700-c891-46fd-8f5c-72bc827f2ef5:20160407213829.857:1120</Value>
          <Value>modifyTimeStamp:1120:1:55a73700-c891-46fd-8f5c-72bc827f2ef5:20160407213829.857:1120</Value>
          <Value>objectClass:1120:1:55a73700-c891-46fd-8f5c-72bc827f2ef5:20160407213829.857:1120</Value>
          <Value>objectGUID:1120:1:55a73700-c891-46fd-8f5c-72bc827f2ef5:20160407213829.857:1120</Value>
          <Value>oMSyntax:1120:1:55a73700-c891-46fd-8f5c-72bc827f2ef5:20160407213829.857:1120</Value>
          <Value>schemaIDGUID:1120:1:55a73700-c891-46fd-8f5c-72bc827f2ef5:20160407213829.857:1120</Value>
          <Value>uSNChanged:1120:1:55a73700-c891-46fd-8f5c-72bc827f2ef5:20160407213829.857:1120</Value>
          <Value>uSNCreated:1120:1:55a73700-c891-46fd-8f5c-72bc827f2ef5:20160407213829.857:1120</Value>
          <Value>vmwAttributeUsage:1120:1:55a73700-c891-46fd-8f5c-72bc827f2ef5:20160407213829.857:1120</Value>
        </AttributeMetadata>
      </AttributeSchemaEntry>
      <AttributeSchemaEntry>
        <Name>mS-SQL-InformationDirectory</Name>
        <AttributeMetadata>
          <Value>attributeID:156:1:55a73700-c891-46fd-8f5c-72bc827f2ef5:20160407213828.264:156</Value>
          <Value>attributeSyntax:156:1:55a73700-c891-46fd-8f5c-72bc827f2ef5:20160407213828.264:156</Value>
          <Value>cn:156:1:55a73700-c891-46fd-8f5c-72bc827f2ef5:20160407213828.264:156</Value>
          <Value>createTimeStamp:156:1:55a73700-c891-46fd-8f5c-72bc827f2ef5:20160407213828.264:156</Value>
          <Value>entryDN:156:1:55a73700-c891-46fd-8f5c-72bc827f2ef5:20160407213828.264:156</Value>
          <Value>isSingleValued:156:1:55a73700-c891-46fd-8f5c-72bc827f2ef5:20160407213828.264:156</Value>
          <Value>lDAPDisplayName:156:1:55a73700-c891-46fd-8f5c-72bc827f2ef5:20160407213828.264:156</Value>
          <Value>modifyTimeStamp:156:1:55a73700-c891-46fd-8f5c-72bc827f2ef5:20160407213828.264:156</Value>
          <Value>objectClass:156:1:55a73700-c891-46fd-8f5c-72bc827f2ef5:20160407213828.264:156</Value>
          <Value>objectGUID:156:1:55a73700-c891-46fd-8f5c-72bc827f2ef5:20160407213828.264:156</Value>
          <Value>oMSyntax:156:1:55a73700-c891-46fd-8f5c-72bc827f2ef5:20160407213828.264:156</Value>
          <Value>schemaIDGUID:156:1:55a73700-c891-46fd-8f5c-72bc827f2ef5:20160407213828.264:156</Value>
          <Value>uSNChanged:156:1:55a73700-c891-46fd-8f5c-72bc827f2ef5:20160407213828.264:156</Value>
          <Value>uSNCreated:156:1:55a73700-c891-46fd-8f5c-72bc827f2ef5:20160407213828.264:156</Value>
          <Value>vmwAttributeUsage:156:1:55a73700-c891-46fd-8f5c-72bc827f2ef5:20160407213828.264:156</Value>
        </AttributeMetadata>
      </AttributeSchemaEntry>
      <AttributeSchemaEntry>
        <Name>mS-SQL-InformationURL</Name>
        <AttributeMetadata>
          <Value>attributeID:1615:1:55a73700-c891-46fd-8f5c-72bc827f2ef5:20160407213830.683:1615</Value>
          <Value>attributeSyntax:1615:1:55a73700-c891-46fd-8f5c-72bc827f2ef5:20160407213830.683:1615</Value>
          <Value>cn:1615:1:55a73700-c891-46fd-8f5c-72bc827f2ef5:20160407213830.683:1615</Value>
          <Value>createTimeStamp:1615:1:55a73700-c891-46fd-8f5c-72bc827f2ef5:20160407213830.683:1615</Value>
          <Value>entryDN:1615:1:55a73700-c891-46fd-8f5c-72bc827f2ef5:20160407213830.683:1615</Value>
          <Value>isSingleValued:1615:1:55a73700-c891-46fd-8f5c-72bc827f2ef5:20160407213830.683:1615</Value>
          <Value>lDAPDisplayName:1615:1:55a73700-c891-46fd-8f5c-72bc827f2ef5:20160407213830.683:1615</Value>
          <Value>modifyTimeStamp:1615:1:55a73700-c891-46fd-8f5c-72bc827f2ef5:20160407213830.683:1615</Value>
          <Value>objectClass:1615:1:55a73700-c891-46fd-8f5c-72bc827f2ef5:20160407213830.683:1615</Value>
          <Value>objectGUID:1615:1:55a73700-c891-46fd-8f5c-72bc827f2ef5:20160407213830.683:1615</Value>
          <Value>oMSyntax:1615:1:55a73700-c891-46fd-8f5c-72bc827f2ef5:20160407213830.683:1615</Value>
          <Value>schemaIDGUID:1615:1:55a73700-c891-46fd-8f5c-72bc827f2ef5:20160407213830.683:1615</Value>
          <Value>uSNChanged:1615:1:55a73700-c891-46fd-8f5c-72bc827f2ef5:20160407213830.683:1615</Value>
          <Value>uSNCreated:1615:1:55a73700-c891-46fd-8f5c-72bc827f2ef5:20160407213830.683:1615</Value>
          <Value>vmwAttributeUsage:1615:1:55a73700-c891-46fd-8f5c-72bc827f2ef5:20160407213830.683:1615</Value>
        </AttributeMetadata>
      </AttributeSchemaEntry>
      <AttributeSchemaEntry>
        <Name>mS-SQL-Keywords</Name>
        <AttributeMetadata>
          <Value>attributeID:426:1:55a73700-c891-46fd-8f5c-72bc827f2ef5:20160407213828.657:426</Value>
          <Value>attributeSyntax:426:1:55a73700-c891-46fd-8f5c-72bc827f2ef5:20160407213828.657:426</Value>
          <Value>cn:426:1:55a73700-c891-46fd-8f5c-72bc827f2ef5:20160407213828.657:426</Value>
          <Value>createTimeStamp:426:1:55a73700-c891-46fd-8f5c-72bc827f2ef5:20160407213828.657:426</Value>
          <Value>entryDN:426:1:55a73700-c891-46fd-8f5c-72bc827f2ef5:20160407213828.657:426</Value>
          <Value>isSingleValued:426:1:55a73700-c891-46fd-8f5c-72bc827f2ef5:20160407213828.657:426</Value>
          <Value>lDAPDisplayName:426:1:55a73700-c891-46fd-8f5c-72bc827f2ef5:20160407213828.657:426</Value>
          <Value>modifyTimeStamp:426:1:55a73700-c891-46fd-8f5c-72bc827f2ef5:20160407213828.657:426</Value>
          <Value>objectClass:426:1:55a73700-c891-46fd-8f5c-72bc827f2ef5:20160407213828.657:426</Value>
          <Value>objectGUID:426:1:55a73700-c891-46fd-8f5c-72bc827f2ef5:20160407213828.657:426</Value>
          <Value>oMSyntax:426:1:55a73700-c891-46fd-8f5c-72bc827f2ef5:20160407213828.657:426</Value>
          <Value>schemaIDGUID:426:1:55a73700-c891-46fd-8f5c-72bc827f2ef5:20160407213828.657:426</Value>
          <Value>uSNChanged:426:1:55a73700-c891-46fd-8f5c-72bc827f2ef5:20160407213828.657:426</Value>
          <Value>uSNCreated:426:1:55a73700-c891-46fd-8f5c-72bc827f2ef5:20160407213828.657:426</Value>
          <Value>vmwAttributeUsage:426:1:55a73700-c891-46fd-8f5c-72bc827f2ef5:20160407213828.657:426</Value>
        </AttributeMetadata>
      </AttributeSchemaEntry>
      <AttributeSchemaEntry>
        <Name>mS-SQL-Language</Name>
        <AttributeMetadata>
          <Value>attributeID:1728:1:55a73700-c891-46fd-8f5c-72bc827f2ef5:20160407213830.883:1728</Value>
          <Value>attributeSyntax:1728:1:55a73700-c891-46fd-8f5c-72bc827f2ef5:20160407213830.883:1728</Value>
          <Value>cn:1728:1:55a73700-c891-46fd-8f5c-72bc827f2ef5:20160407213830.883:1728</Value>
          <Value>createTimeStamp:1728:1:55a73700-c891-46fd-8f5c-72bc827f2ef5:20160407213830.883:1728</Value>
          <Value>entryDN:1728:1:55a73700-c891-46fd-8f5c-72bc827f2ef5:20160407213830.883:1728</Value>
          <Value>isSingleValued:1728:1:55a73700-c891-46fd-8f5c-72bc827f2ef5:20160407213830.883:1728</Value>
          <Value>lDAPDisplayName:1728:1:55a73700-c891-46fd-8f5c-72bc827f2ef5:20160407213830.883:1728</Value>
          <Value>modifyTimeStamp:1728:1:55a73700-c891-46fd-8f5c-72bc827f2ef5:20160407213830.883:1728</Value>
          <Value>objectClass:1728:1:55a73700-c891-46fd-8f5c-72bc827f2ef5:20160407213830.883:1728</Value>
          <Value>objectGUID:1728:1:55a73700-c891-46fd-8f5c-72bc827f2ef5:20160407213830.883:1728</Value>
          <Value>oMSyntax:1728:1:55a73700-c891-46fd-8f5c-72bc827f2ef5:20160407213830.883:1728</Value>
          <Value>schemaIDGUID:1728:1:55a73700-c891-46fd-8f5c-72bc827f2ef5:20160407213830.883:1728</Value>
          <Value>uSNChanged:1728:1:55a73700-c891-46fd-8f5c-72bc827f2ef5:20160407213830.883:1728</Value>
          <Value>uSNCreated:1728:1:55a73700-c891-46fd-8f5c-72bc827f2ef5:20160407213830.883:1728</Value>
          <Value>vmwAttributeUsage:1728:1:55a73700-c891-46fd-8f5c-72bc827f2ef5:20160407213830.883:1728</Value>
        </AttributeMetadata>
      </AttributeSchemaEntry>
      <AttributeSchemaEntry>
        <Name>mS-SQL-LastBackupDate</Name>
        <AttributeMetadata>
          <Value>attributeID:982:1:55a73700-c891-46fd-8f5c-72bc827f2ef5:20160407213829.597:982</Value>
          <Value>attributeSyntax:982:1:55a73700-c891-46fd-8f5c-72bc827f2ef5:20160407213829.597:982</Value>
          <Value>cn:982:1:55a73700-c891-46fd-8f5c-72bc827f2ef5:20160407213829.597:982</Value>
          <Value>createTimeStamp:982:1:55a73700-c891-46fd-8f5c-72bc827f2ef5:20160407213829.597:982</Value>
          <Value>entryDN:982:1:55a73700-c891-46fd-8f5c-72bc827f2ef5:20160407213829.597:982</Value>
          <Value>isSingleValued:982:1:55a73700-c891-46fd-8f5c-72bc827f2ef5:20160407213829.597:982</Value>
          <Value>lDAPDisplayName:982:1:55a73700-c891-46fd-8f5c-72bc827f2ef5:20160407213829.597:982</Value>
          <Value>modifyTimeStamp:982:1:55a73700-c891-46fd-8f5c-72bc827f2ef5:20160407213829.597:982</Value>
          <Value>objectClass:982:1:55a73700-c891-46fd-8f5c-72bc827f2ef5:20160407213829.597:982</Value>
          <Value>objectGUID:982:1:55a73700-c891-46fd-8f5c-72bc827f2ef5:20160407213829.597:982</Value>
          <Value>oMSyntax:982:1:55a73700-c891-46fd-8f5c-72bc827f2ef5:20160407213829.597:982</Value>
          <Value>schemaIDGUID:982:1:55a73700-c891-46fd-8f5c-72bc827f2ef5:20160407213829.597:982</Value>
          <Value>uSNChanged:982:1:55a73700-c891-46fd-8f5c-72bc827f2ef5:20160407213829.597:982</Value>
          <Value>uSNCreated:982:1:55a73700-c891-46fd-8f5c-72bc827f2ef5:20160407213829.597:982</Value>
          <Value>vmwAttributeUsage:982:1:55a73700-c891-46fd-8f5c-72bc827f2ef5:20160407213829.597:982</Value>
        </AttributeMetadata>
      </AttributeSchemaEntry>
      <AttributeSchemaEntry>
        <Name>mS-SQL-LastDiagnosticDate</Name>
        <AttributeMetadata>
          <Value>attributeID:479:1:55a73700-c891-46fd-8f5c-72bc827f2ef5:20160407213828.742:479</Value>
          <Value>attributeSyntax:479:1:55a73700-c891-46fd-8f5c-72bc827f2ef5:20160407213828.742:479</Value>
          <Value>cn:479:1:55a73700-c891-46fd-8f5c-72bc827f2ef5:20160407213828.742:479</Value>
          <Value>createTimeStamp:479:1:55a73700-c891-46fd-8f5c-72bc827f2ef5:20160407213828.742:479</Value>
          <Value>entryDN:479:1:55a73700-c891-46fd-8f5c-72bc827f2ef5:20160407213828.742:479</Value>
          <Value>isSingleValued:479:1:55a73700-c891-46fd-8f5c-72bc827f2ef5:20160407213828.742:479</Value>
          <Value>lDAPDisplayName:479:1:55a73700-c891-46fd-8f5c-72bc827f2ef5:20160407213828.742:479</Value>
          <Value>modifyTimeStamp:479:1:55a73700-c891-46fd-8f5c-72bc827f2ef5:20160407213828.742:479</Value>
          <Value>objectClass:479:1:55a73700-c891-46fd-8f5c-72bc827f2ef5:20160407213828.742:479</Value>
          <Value>objectGUID:479:1:55a73700-c891-46fd-8f5c-72bc827f2ef5:20160407213828.742:479</Value>
          <Value>oMSyntax:479:1:55a73700-c891-46fd-8f5c-72bc827f2ef5:20160407213828.742:479</Value>
          <Value>schemaIDGUID:479:1:55a73700-c891-46fd-8f5c-72bc827f2ef5:20160407213828.742:479</Value>
          <Value>uSNChanged:479:1:55a73700-c891-46fd-8f5c-72bc827f2ef5:20160407213828.742:479</Value>
          <Value>uSNCreated:479:1:55a73700-c891-46fd-8f5c-72bc827f2ef5:20160407213828.742:479</Value>
          <Value>vmwAttributeUsage:479:1:55a73700-c891-46fd-8f5c-72bc827f2ef5:20160407213828.742:479</Value>
        </AttributeMetadata>
      </AttributeSchemaEntry>
      <AttributeSchemaEntry>
        <Name>mS-SQL-LastUpdatedDate</Name>
        <AttributeMetadata>
          <Value>attributeID:1594:1:55a73700-c891-46fd-8f5c-72bc827f2ef5:20160407213830.651:1594</Value>
          <Value>attributeSyntax:1594:1:55a73700-c891-46fd-8f5c-72bc827f2ef5:20160407213830.651:1594</Value>
          <Value>cn:1594:1:55a73700-c891-46fd-8f5c-72bc827f2ef5:20160407213830.651:1594</Value>
          <Value>createTimeStamp:1594:1:55a73700-c891-46fd-8f5c-72bc827f2ef5:20160407213830.651:1594</Value>
          <Value>entryDN:1594:1:55a73700-c891-46fd-8f5c-72bc827f2ef5:20160407213830.651:1594</Value>
          <Value>isSingleValued:1594:1:55a73700-c891-46fd-8f5c-72bc827f2ef5:20160407213830.651:1594</Value>
          <Value>lDAPDisplayName:1594:1:55a73700-c891-46fd-8f5c-72bc827f2ef5:20160407213830.651:1594</Value>
          <Value>modifyTimeStamp:1594:1:55a73700-c891-46fd-8f5c-72bc827f2ef5:20160407213830.651:1594</Value>
          <Value>objectClass:1594:1:55a73700-c891-46fd-8f5c-72bc827f2ef5:20160407213830.651:1594</Value>
          <Value>objectGUID:1594:1:55a73700-c891-46fd-8f5c-72bc827f2ef5:20160407213830.651:1594</Value>
          <Value>oMSyntax:1594:1:55a73700-c891-46fd-8f5c-72bc827f2ef5:20160407213830.651:1594</Value>
          <Value>schemaIDGUID:1594:1:55a73700-c891-46fd-8f5c-72bc827f2ef5:20160407213830.651:1594</Value>
          <Value>uSNChanged:1594:1:55a73700-c891-46fd-8f5c-72bc827f2ef5:20160407213830.651:1594</Value>
          <Value>uSNCreated:1594:1:55a73700-c891-46fd-8f5c-72bc827f2ef5:20160407213830.651:1594</Value>
          <Value>vmwAttributeUsage:1594:1:55a73700-c891-46fd-8f5c-72bc827f2ef5:20160407213830.651:1594</Value>
        </AttributeMetadata>
      </AttributeSchemaEntry>
      <AttributeSchemaEntry>
        <Name>mS-SQL-Location</Name>
        <AttributeMetadata>
          <Value>attributeID:1322:1:55a73700-c891-46fd-8f5c-72bc827f2ef5:20160407213830.200:1322</Value>
          <Value>attributeSyntax:1322:1:55a73700-c891-46fd-8f5c-72bc827f2ef5:20160407213830.200:1322</Value>
          <Value>cn:1322:1:55a73700-c891-46fd-8f5c-72bc827f2ef5:20160407213830.200:1322</Value>
          <Value>createTimeStamp:1322:1:55a73700-c891-46fd-8f5c-72bc827f2ef5:20160407213830.200:1322</Value>
          <Value>entryDN:1322:1:55a73700-c891-46fd-8f5c-72bc827f2ef5:20160407213830.200:1322</Value>
          <Value>isSingleValued:1322:1:55a73700-c891-46fd-8f5c-72bc827f2ef5:20160407213830.200:1322</Value>
          <Value>lDAPDisplayName:1322:1:55a73700-c891-46fd-8f5c-72bc827f2ef5:20160407213830.200:1322</Value>
          <Value>modifyTimeStamp:1322:1:55a73700-c891-46fd-8f5c-72bc827f2ef5:20160407213830.200:1322</Value>
          <Value>objectClass:1322:1:55a73700-c891-46fd-8f5c-72bc827f2ef5:20160407213830.200:1322</Value>
          <Value>objectGUID:1322:1:55a73700-c891-46fd-8f5c-72bc827f2ef5:20160407213830.200:1322</Value>
          <Value>oMSyntax:1322:1:55a73700-c891-46fd-8f5c-72bc827f2ef5:20160407213830.200:1322</Value>
          <Value>schemaIDGUID:1322:1:55a73700-c891-46fd-8f5c-72bc827f2ef5:20160407213830.200:1322</Value>
          <Value>uSNChanged:1322:1:55a73700-c891-46fd-8f5c-72bc827f2ef5:20160407213830.200:1322</Value>
          <Value>uSNCreated:1322:1:55a73700-c891-46fd-8f5c-72bc827f2ef5:20160407213830.200:1322</Value>
          <Value>vmwAttributeUsage:1322:1:55a73700-c891-46fd-8f5c-72bc827f2ef5:20160407213830.200:1322</Value>
        </AttributeMetadata>
      </AttributeSchemaEntry>
      <AttributeSchemaEntry>
        <Name>mS-SQL-Memory</Name>
        <AttributeMetadata>
          <Value>attributeID:205:1:55a73700-c891-46fd-8f5c-72bc827f2ef5:20160407213828.327:205</Value>
          <Value>attributeSyntax:205:1:55a73700-c891-46fd-8f5c-72bc827f2ef5:20160407213828.327:205</Value>
          <Value>cn:205:1:55a73700-c891-46fd-8f5c-72bc827f2ef5:20160407213828.327:205</Value>
          <Value>createTimeStamp:205:1:55a73700-c891-46fd-8f5c-72bc827f2ef5:20160407213828.327:205</Value>
          <Value>entryDN:205:1:55a73700-c891-46fd-8f5c-72bc827f2ef5:20160407213828.327:205</Value>
          <Value>isSingleValued:205:1:55a73700-c891-46fd-8f5c-72bc827f2ef5:20160407213828.327:205</Value>
          <Value>lDAPDisplayName:205:1:55a73700-c891-46fd-8f5c-72bc827f2ef5:20160407213828.327:205</Value>
          <Value>modifyTimeStamp:205:1:55a73700-c891-46fd-8f5c-72bc827f2ef5:20160407213828.327:205</Value>
          <Value>objectClass:205:1:55a73700-c891-46fd-8f5c-72bc827f2ef5:20160407213828.327:205</Value>
          <Value>objectGUID:205:1:55a73700-c891-46fd-8f5c-72bc827f2ef5:20160407213828.327:205</Value>
          <Value>oMSyntax:205:1:55a73700-c891-46fd-8f5c-72bc827f2ef5:20160407213828.327:205</Value>
          <Value>schemaIDGUID:205:1:55a73700-c891-46fd-8f5c-72bc827f2ef5:20160407213828.327:205</Value>
          <Value>uSNChanged:205:1:55a73700-c891-46fd-8f5c-72bc827f2ef5:20160407213828.327:205</Value>
          <Value>uSNCreated:205:1:55a73700-c891-46fd-8f5c-72bc827f2ef5:20160407213828.327:205</Value>
          <Value>vmwAttributeUsage:205:1:55a73700-c891-46fd-8f5c-72bc827f2ef5:20160407213828.327:205</Value>
        </AttributeMetadata>
      </AttributeSchemaEntry>
      <AttributeSchemaEntry>
        <Name>mS-SQL-MultiProtocol</Name>
        <AttributeMetadata>
          <Value>attributeID:959:1:55a73700-c891-46fd-8f5c-72bc827f2ef5:20160407213829.562:959</Value>
          <Value>attributeSyntax:959:1:55a73700-c891-46fd-8f5c-72bc827f2ef5:20160407213829.562:959</Value>
          <Value>cn:959:1:55a73700-c891-46fd-8f5c-72bc827f2ef5:20160407213829.562:959</Value>
          <Value>createTimeStamp:959:1:55a73700-c891-46fd-8f5c-72bc827f2ef5:20160407213829.562:959</Value>
          <Value>entryDN:959:1:55a73700-c891-46fd-8f5c-72bc827f2ef5:20160407213829.562:959</Value>
          <Value>isSingleValued:959:1:55a73700-c891-46fd-8f5c-72bc827f2ef5:20160407213829.562:959</Value>
          <Value>lDAPDisplayName:959:1:55a73700-c891-46fd-8f5c-72bc827f2ef5:20160407213829.562:959</Value>
          <Value>modifyTimeStamp:959:1:55a73700-c891-46fd-8f5c-72bc827f2ef5:20160407213829.562:959</Value>
          <Value>objectClass:959:1:55a73700-c891-46fd-8f5c-72bc827f2ef5:20160407213829.562:959</Value>
          <Value>objectGUID:959:1:55a73700-c891-46fd-8f5c-72bc827f2ef5:20160407213829.562:959</Value>
          <Value>oMSyntax:959:1:55a73700-c891-46fd-8f5c-72bc827f2ef5:20160407213829.562:959</Value>
          <Value>schemaIDGUID:959:1:55a73700-c891-46fd-8f5c-72bc827f2ef5:20160407213829.562:959</Value>
          <Value>uSNChanged:959:1:55a73700-c891-46fd-8f5c-72bc827f2ef5:20160407213829.562:959</Value>
          <Value>uSNCreated:959:1:55a73700-c891-46fd-8f5c-72bc827f2ef5:20160407213829.562:959</Value>
          <Value>vmwAttributeUsage:959:1:55a73700-c891-46fd-8f5c-72bc827f2ef5:20160407213829.562:959</Value>
        </AttributeMetadata>
      </AttributeSchemaEntry>
      <AttributeSchemaEntry>
        <Name>mS-SQL-Name</Name>
        <AttributeMetadata>
          <Value>attributeID:898:1:55a73700-c891-46fd-8f5c-72bc827f2ef5:20160407213829.467:898</Value>
          <Value>attributeSyntax:898:1:55a73700-c891-46fd-8f5c-72bc827f2ef5:20160407213829.467:898</Value>
          <Value>cn:898:1:55a73700-c891-46fd-8f5c-72bc827f2ef5:20160407213829.467:898</Value>
          <Value>createTimeStamp:898:1:55a73700-c891-46fd-8f5c-72bc827f2ef5:20160407213829.467:898</Value>
          <Value>entryDN:898:1:55a73700-c891-46fd-8f5c-72bc827f2ef5:20160407213829.467:898</Value>
          <Value>isSingleValued:898:1:55a73700-c891-46fd-8f5c-72bc827f2ef5:20160407213829.467:898</Value>
          <Value>lDAPDisplayName:898:1:55a73700-c891-46fd-8f5c-72bc827f2ef5:20160407213829.467:898</Value>
          <Value>modifyTimeStamp:898:1:55a73700-c891-46fd-8f5c-72bc827f2ef5:20160407213829.467:898</Value>
          <Value>objectClass:898:1:55a73700-c891-46fd-8f5c-72bc827f2ef5:20160407213829.467:898</Value>
          <Value>objectGUID:898:1:55a73700-c891-46fd-8f5c-72bc827f2ef5:20160407213829.467:898</Value>
          <Value>oMSyntax:898:1:55a73700-c891-46fd-8f5c-72bc827f2ef5:20160407213829.467:898</Value>
          <Value>schemaIDGUID:898:1:55a73700-c891-46fd-8f5c-72bc827f2ef5:20160407213829.467:898</Value>
          <Value>uSNChanged:898:1:55a73700-c891-46fd-8f5c-72bc827f2ef5:20160407213829.467:898</Value>
          <Value>uSNCreated:898:1:55a73700-c891-46fd-8f5c-72bc827f2ef5:20160407213829.467:898</Value>
          <Value>vmwAttributeUsage:898:1:55a73700-c891-46fd-8f5c-72bc827f2ef5:20160407213829.467:898</Value>
        </AttributeMetadata>
      </AttributeSchemaEntry>
      <AttributeSchemaEntry>
        <Name>mS-SQL-NamedPipe</Name>
        <AttributeMetadata>
          <Value>attributeID:885:1:55a73700-c891-46fd-8f5c-72bc827f2ef5:20160407213829.443:885</Value>
          <Value>attributeSyntax:885:1:55a73700-c891-46fd-8f5c-72bc827f2ef5:20160407213829.443:885</Value>
          <Value>cn:885:1:55a73700-c891-46fd-8f5c-72bc827f2ef5:20160407213829.443:885</Value>
          <Value>createTimeStamp:885:1:55a73700-c891-46fd-8f5c-72bc827f2ef5:20160407213829.443:885</Value>
          <Value>entryDN:885:1:55a73700-c891-46fd-8f5c-72bc827f2ef5:20160407213829.443:885</Value>
          <Value>isSingleValued:885:1:55a73700-c891-46fd-8f5c-72bc827f2ef5:20160407213829.443:885</Value>
          <Value>lDAPDisplayName:885:1:55a73700-c891-46fd-8f5c-72bc827f2ef5:20160407213829.443:885</Value>
          <Value>modifyTimeStamp:885:1:55a73700-c891-46fd-8f5c-72bc827f2ef5:20160407213829.443:885</Value>
          <Value>objectClass:885:1:55a73700-c891-46fd-8f5c-72bc827f2ef5:20160407213829.443:885</Value>
          <Value>objectGUID:885:1:55a73700-c891-46fd-8f5c-72bc827f2ef5:20160407213829.443:885</Value>
          <Value>oMSyntax:885:1:55a73700-c891-46fd-8f5c-72bc827f2ef5:20160407213829.443:885</Value>
          <Value>schemaIDGUID:885:1:55a73700-c891-46fd-8f5c-72bc827f2ef5:20160407213829.443:885</Value>
          <Value>uSNChanged:885:1:55a73700-c891-46fd-8f5c-72bc827f2ef5:20160407213829.443:885</Value>
          <Value>uSNCreated:885:1:55a73700-c891-46fd-8f5c-72bc827f2ef5:20160407213829.443:885</Value>
          <Value>vmwAttributeUsage:885:1:55a73700-c891-46fd-8f5c-72bc827f2ef5:20160407213829.443:885</Value>
        </AttributeMetadata>
      </AttributeSchemaEntry>
      <AttributeSchemaEntry>
        <Name>mS-SQL-PublicationURL</Name>
        <AttributeMetadata>
          <Value>attributeID:1116:1:55a73700-c891-46fd-8f5c-72bc827f2ef5:20160407213829.853:1116</Value>
          <Value>attributeSyntax:1116:1:55a73700-c891-46fd-8f5c-72bc827f2ef5:20160407213829.853:1116</Value>
          <Value>cn:1116:1:55a73700-c891-46fd-8f5c-72bc827f2ef5:20160407213829.853:1116</Value>
          <Value>createTimeStamp:1116:1:55a73700-c891-46fd-8f5c-72bc827f2ef5:20160407213829.853:1116</Value>
          <Value>entryDN:1116:1:55a73700-c891-46fd-8f5c-72bc827f2ef5:20160407213829.853:1116</Value>
          <Value>isSingleValued:1116:1:55a73700-c891-46fd-8f5c-72bc827f2ef5:20160407213829.853:1116</Value>
          <Value>lDAPDisplayName:1116:1:55a73700-c891-46fd-8f5c-72bc827f2ef5:20160407213829.853:1116</Value>
          <Value>modifyTimeStamp:1116:1:55a73700-c891-46fd-8f5c-72bc827f2ef5:20160407213829.853:1116</Value>
          <Value>objectClass:1116:1:55a73700-c891-46fd-8f5c-72bc827f2ef5:20160407213829.853:1116</Value>
          <Value>objectGUID:1116:1:55a73700-c891-46fd-8f5c-72bc827f2ef5:20160407213829.853:1116</Value>
          <Value>oMSyntax:1116:1:55a73700-c891-46fd-8f5c-72bc827f2ef5:20160407213829.853:1116</Value>
          <Value>schemaIDGUID:1116:1:55a73700-c891-46fd-8f5c-72bc827f2ef5:20160407213829.853:1116</Value>
          <Value>uSNChanged:1116:1:55a73700-c891-46fd-8f5c-72bc827f2ef5:20160407213829.853:1116</Value>
          <Value>uSNCreated:1116:1:55a73700-c891-46fd-8f5c-72bc827f2ef5:20160407213829.853:1116</Value>
          <Value>vmwAttributeUsage:1116:1:55a73700-c891-46fd-8f5c-72bc827f2ef5:20160407213829.853:1116</Value>
        </AttributeMetadata>
      </AttributeSchemaEntry>
      <AttributeSchemaEntry>
        <Name>mS-SQL-Publisher</Name>
        <AttributeMetadata>
          <Value>attributeID:614:1:55a73700-c891-46fd-8f5c-72bc827f2ef5:20160407213828.972:614</Value>
          <Value>attributeSyntax:614:1:55a73700-c891-46fd-8f5c-72bc827f2ef5:20160407213828.972:614</Value>
          <Value>cn:614:1:55a73700-c891-46fd-8f5c-72bc827f2ef5:20160407213828.972:614</Value>
          <Value>createTimeStamp:614:1:55a73700-c891-46fd-8f5c-72bc827f2ef5:20160407213828.972:614</Value>
          <Value>entryDN:614:1:55a73700-c891-46fd-8f5c-72bc827f2ef5:20160407213828.972:614</Value>
          <Value>isSingleValued:614:1:55a73700-c891-46fd-8f5c-72bc827f2ef5:20160407213828.972:614</Value>
          <Value>lDAPDisplayName:614:1:55a73700-c891-46fd-8f5c-72bc827f2ef5:20160407213828.972:614</Value>
          <Value>modifyTimeStamp:614:1:55a73700-c891-46fd-8f5c-72bc827f2ef5:20160407213828.972:614</Value>
          <Value>objectClass:614:1:55a73700-c891-46fd-8f5c-72bc827f2ef5:20160407213828.972:614</Value>
          <Value>objectGUID:614:1:55a73700-c891-46fd-8f5c-72bc827f2ef5:20160407213828.972:614</Value>
          <Value>oMSyntax:614:1:55a73700-c891-46fd-8f5c-72bc827f2ef5:20160407213828.972:614</Value>
          <Value>schemaIDGUID:614:1:55a73700-c891-46fd-8f5c-72bc827f2ef5:20160407213828.972:614</Value>
          <Value>uSNChanged:614:1:55a73700-c891-46fd-8f5c-72bc827f2ef5:20160407213828.972:614</Value>
          <Value>uSNCreated:614:1:55a73700-c891-46fd-8f5c-72bc827f2ef5:20160407213828.972:614</Value>
          <Value>vmwAttributeUsage:614:1:55a73700-c891-46fd-8f5c-72bc827f2ef5:20160407213828.972:614</Value>
        </AttributeMetadata>
      </AttributeSchemaEntry>
      <AttributeSchemaEntry>
        <Name>mS-SQL-RegisteredOwner</Name>
        <AttributeMetadata>
          <Value>attributeID:1576:1:55a73700-c891-46fd-8f5c-72bc827f2ef5:20160407213830.621:1576</Value>
          <Value>attributeSyntax:1576:1:55a73700-c891-46fd-8f5c-72bc827f2ef5:20160407213830.621:1576</Value>
          <Value>cn:1576:1:55a73700-c891-46fd-8f5c-72bc827f2ef5:20160407213830.621:1576</Value>
          <Value>createTimeStamp:1576:1:55a73700-c891-46fd-8f5c-72bc827f2ef5:20160407213830.621:1576</Value>
          <Value>entryDN:1576:1:55a73700-c891-46fd-8f5c-72bc827f2ef5:20160407213830.621:1576</Value>
          <Value>isSingleValued:1576:1:55a73700-c891-46fd-8f5c-72bc827f2ef5:20160407213830.621:1576</Value>
          <Value>lDAPDisplayName:1576:1:55a73700-c891-46fd-8f5c-72bc827f2ef5:20160407213830.621:1576</Value>
          <Value>modifyTimeStamp:1576:1:55a73700-c891-46fd-8f5c-72bc827f2ef5:20160407213830.621:1576</Value>
          <Value>objectClass:1576:1:55a73700-c891-46fd-8f5c-72bc827f2ef5:20160407213830.621:1576</Value>
          <Value>objectGUID:1576:1:55a73700-c891-46fd-8f5c-72bc827f2ef5:20160407213830.621:1576</Value>
          <Value>oMSyntax:1576:1:55a73700-c891-46fd-8f5c-72bc827f2ef5:20160407213830.621:1576</Value>
          <Value>schemaIDGUID:1576:1:55a73700-c891-46fd-8f5c-72bc827f2ef5:20160407213830.621:1576</Value>
          <Value>uSNChanged:1576:1:55a73700-c891-46fd-8f5c-72bc827f2ef5:20160407213830.621:1576</Value>
          <Value>uSNCreated:1576:1:55a73700-c891-46fd-8f5c-72bc827f2ef5:20160407213830.621:1576</Value>
          <Value>vmwAttributeUsage:1576:1:55a73700-c891-46fd-8f5c-72bc827f2ef5:20160407213830.621:1576</Value>
        </AttributeMetadata>
      </AttributeSchemaEntry>
      <AttributeSchemaEntry>
        <Name>mS-SQL-ServiceAccount</Name>
        <AttributeMetadata>
          <Value>attributeID:569:1:55a73700-c891-46fd-8f5c-72bc827f2ef5:20160407213828.892:569</Value>
          <Value>attributeSyntax:569:1:55a73700-c891-46fd-8f5c-72bc827f2ef5:20160407213828.892:569</Value>
          <Value>cn:569:1:55a73700-c891-46fd-8f5c-72bc827f2ef5:20160407213828.892:569</Value>
          <Value>createTimeStamp:569:1:55a73700-c891-46fd-8f5c-72bc827f2ef5:20160407213828.892:569</Value>
          <Value>entryDN:569:1:55a73700-c891-46fd-8f5c-72bc827f2ef5:20160407213828.892:569</Value>
          <Value>isSingleValued:569:1:55a73700-c891-46fd-8f5c-72bc827f2ef5:20160407213828.892:569</Value>
          <Value>lDAPDisplayName:569:1:55a73700-c891-46fd-8f5c-72bc827f2ef5:20160407213828.892:569</Value>
          <Value>modifyTimeStamp:569:1:55a73700-c891-46fd-8f5c-72bc827f2ef5:20160407213828.892:569</Value>
          <Value>objectClass:569:1:55a73700-c891-46fd-8f5c-72bc827f2ef5:20160407213828.892:569</Value>
          <Value>objectGUID:569:1:55a73700-c891-46fd-8f5c-72bc827f2ef5:20160407213828.892:569</Value>
          <Value>oMSyntax:569:1:55a73700-c891-46fd-8f5c-72bc827f2ef5:20160407213828.892:569</Value>
          <Value>schemaIDGUID:569:1:55a73700-c891-46fd-8f5c-72bc827f2ef5:20160407213828.892:569</Value>
          <Value>uSNChanged:569:1:55a73700-c891-46fd-8f5c-72bc827f2ef5:20160407213828.892:569</Value>
          <Value>uSNCreated:569:1:55a73700-c891-46fd-8f5c-72bc827f2ef5:20160407213828.892:569</Value>
          <Value>vmwAttributeUsage:569:1:55a73700-c891-46fd-8f5c-72bc827f2ef5:20160407213828.892:569</Value>
        </AttributeMetadata>
      </AttributeSchemaEntry>
      <AttributeSchemaEntry>
        <Name>mS-SQL-Size</Name>
        <AttributeMetadata>
          <Value>attributeID:1176:1:55a73700-c891-46fd-8f5c-72bc827f2ef5:20160407213829.951:1176</Value>
          <Value>attributeSyntax:1176:1:55a73700-c891-46fd-8f5c-72bc827f2ef5:20160407213829.951:1176</Value>
          <Value>cn:1176:1:55a73700-c891-46fd-8f5c-72bc827f2ef5:20160407213829.951:1176</Value>
          <Value>createTimeStamp:1176:1:55a73700-c891-46fd-8f5c-72bc827f2ef5:20160407213829.951:1176</Value>
          <Value>entryDN:1176:1:55a73700-c891-46fd-8f5c-72bc827f2ef5:20160407213829.951:1176</Value>
          <Value>isSingleValued:1176:1:55a73700-c891-46fd-8f5c-72bc827f2ef5:20160407213829.951:1176</Value>
          <Value>lDAPDisplayName:1176:1:55a73700-c891-46fd-8f5c-72bc827f2ef5:20160407213829.951:1176</Value>
          <Value>modifyTimeStamp:1176:1:55a73700-c891-46fd-8f5c-72bc827f2ef5:20160407213829.951:1176</Value>
          <Value>objectClass:1176:1:55a73700-c891-46fd-8f5c-72bc827f2ef5:20160407213829.951:1176</Value>
          <Value>objectGUID:1176:1:55a73700-c891-46fd-8f5c-72bc827f2ef5:20160407213829.951:1176</Value>
          <Value>oMSyntax:1176:1:55a73700-c891-46fd-8f5c-72bc827f2ef5:20160407213829.951:1176</Value>
          <Value>schemaIDGUID:1176:1:55a73700-c891-46fd-8f5c-72bc827f2ef5:20160407213829.951:1176</Value>
          <Value>uSNChanged:1176:1:55a73700-c891-46fd-8f5c-72bc827f2ef5:20160407213829.951:1176</Value>
          <Value>uSNCreated:1176:1:55a73700-c891-46fd-8f5c-72bc827f2ef5:20160407213829.951:1176</Value>
          <Value>vmwAttributeUsage:1176:1:55a73700-c891-46fd-8f5c-72bc827f2ef5:20160407213829.951:1176</Value>
        </AttributeMetadata>
      </AttributeSchemaEntry>
      <AttributeSchemaEntry>
        <Name>mS-SQL-SortOrder</Name>
        <AttributeMetadata>
          <Value>attributeID:1377:1:55a73700-c891-46fd-8f5c-72bc827f2ef5:20160407213830.292:1377</Value>
          <Value>attributeSyntax:1377:1:55a73700-c891-46fd-8f5c-72bc827f2ef5:20160407213830.292:1377</Value>
          <Value>cn:1377:1:55a73700-c891-46fd-8f5c-72bc827f2ef5:20160407213830.292:1377</Value>
          <Value>createTimeStamp:1377:1:55a73700-c891-46fd-8f5c-72bc827f2ef5:20160407213830.292:1377</Value>
          <Value>entryDN:1377:1:55a73700-c891-46fd-8f5c-72bc827f2ef5:20160407213830.292:1377</Value>
          <Value>isSingleValued:1377:1:55a73700-c891-46fd-8f5c-72bc827f2ef5:20160407213830.292:1377</Value>
          <Value>lDAPDisplayName:1377:1:55a73700-c891-46fd-8f5c-72bc827f2ef5:20160407213830.292:1377</Value>
          <Value>modifyTimeStamp:1377:1:55a73700-c891-46fd-8f5c-72bc827f2ef5:20160407213830.292:1377</Value>
          <Value>objectClass:1377:1:55a73700-c891-46fd-8f5c-72bc827f2ef5:20160407213830.292:1377</Value>
          <Value>objectGUID:1377:1:55a73700-c891-46fd-8f5c-72bc827f2ef5:20160407213830.292:1377</Value>
          <Value>oMSyntax:1377:1:55a73700-c891-46fd-8f5c-72bc827f2ef5:20160407213830.292:1377</Value>
          <Value>schemaIDGUID:1377:1:55a73700-c891-46fd-8f5c-72bc827f2ef5:20160407213830.292:1377</Value>
          <Value>uSNChanged:1377:1:55a73700-c891-46fd-8f5c-72bc827f2ef5:20160407213830.292:1377</Value>
          <Value>uSNCreated:1377:1:55a73700-c891-46fd-8f5c-72bc827f2ef5:20160407213830.292:1377</Value>
          <Value>vmwAttributeUsage:1377:1:55a73700-c891-46fd-8f5c-72bc827f2ef5:20160407213830.292:1377</Value>
        </AttributeMetadata>
      </AttributeSchemaEntry>
      <AttributeSchemaEntry>
        <Name>mS-SQL-SPX</Name>
        <AttributeMetadata>
          <Value>attributeID:1131:1:55a73700-c891-46fd-8f5c-72bc827f2ef5:20160407213829.879:1131</Value>
          <Value>attributeSyntax:1131:1:55a73700-c891-46fd-8f5c-72bc827f2ef5:20160407213829.879:1131</Value>
          <Value>cn:1131:1:55a73700-c891-46fd-8f5c-72bc827f2ef5:20160407213829.879:1131</Value>
          <Value>createTimeStamp:1131:1:55a73700-c891-46fd-8f5c-72bc827f2ef5:20160407213829.879:1131</Value>
          <Value>entryDN:1131:1:55a73700-c891-46fd-8f5c-72bc827f2ef5:20160407213829.879:1131</Value>
          <Value>isSingleValued:1131:1:55a73700-c891-46fd-8f5c-72bc827f2ef5:20160407213829.879:1131</Value>
          <Value>lDAPDisplayName:1131:1:55a73700-c891-46fd-8f5c-72bc827f2ef5:20160407213829.879:1131</Value>
          <Value>modifyTimeStamp:1131:1:55a73700-c891-46fd-8f5c-72bc827f2ef5:20160407213829.879:1131</Value>
          <Value>objectClass:1131:1:55a73700-c891-46fd-8f5c-72bc827f2ef5:20160407213829.879:1131</Value>
          <Value>objectGUID:1131:1:55a73700-c891-46fd-8f5c-72bc827f2ef5:20160407213829.879:1131</Value>
          <Value>oMSyntax:1131:1:55a73700-c891-46fd-8f5c-72bc827f2ef5:20160407213829.879:1131</Value>
          <Value>schemaIDGUID:1131:1:55a73700-c891-46fd-8f5c-72bc827f2ef5:20160407213829.879:1131</Value>
          <Value>uSNChanged:1131:1:55a73700-c891-46fd-8f5c-72bc827f2ef5:20160407213829.879:1131</Value>
          <Value>uSNCreated:1131:1:55a73700-c891-46fd-8f5c-72bc827f2ef5:20160407213829.879:1131</Value>
          <Value>vmwAttributeUsage:1131:1:55a73700-c891-46fd-8f5c-72bc827f2ef5:20160407213829.879:1131</Value>
        </AttributeMetadata>
      </AttributeSchemaEntry>
      <AttributeSchemaEntry>
        <Name>mS-SQL-Status</Name>
        <AttributeMetadata>
          <Value>attributeID:1564:1:55a73700-c891-46fd-8f5c-72bc827f2ef5:20160407213830.597:1564</Value>
          <Value>attributeSyntax:1564:1:55a73700-c891-46fd-8f5c-72bc827f2ef5:20160407213830.597:1564</Value>
          <Value>cn:1564:1:55a73700-c891-46fd-8f5c-72bc827f2ef5:20160407213830.597:1564</Value>
          <Value>createTimeStamp:1564:1:55a73700-c891-46fd-8f5c-72bc827f2ef5:20160407213830.597:1564</Value>
          <Value>entryDN:1564:1:55a73700-c891-46fd-8f5c-72bc827f2ef5:20160407213830.597:1564</Value>
          <Value>isSingleValued:1564:1:55a73700-c891-46fd-8f5c-72bc827f2ef5:20160407213830.597:1564</Value>
          <Value>lDAPDisplayName:1564:1:55a73700-c891-46fd-8f5c-72bc827f2ef5:20160407213830.597:1564</Value>
          <Value>modifyTimeStamp:1564:1:55a73700-c891-46fd-8f5c-72bc827f2ef5:20160407213830.597:1564</Value>
          <Value>objectClass:1564:1:55a73700-c891-46fd-8f5c-72bc827f2ef5:20160407213830.597:1564</Value>
          <Value>objectGUID:1564:1:55a73700-c891-46fd-8f5c-72bc827f2ef5:20160407213830.597:1564</Value>
          <Value>oMSyntax:1564:1:55a73700-c891-46fd-8f5c-72bc827f2ef5:20160407213830.597:1564</Value>
          <Value>schemaIDGUID:1564:1:55a73700-c891-46fd-8f5c-72bc827f2ef5:20160407213830.597:1564</Value>
          <Value>uSNChanged:1564:1:55a73700-c891-46fd-8f5c-72bc827f2ef5:20160407213830.597:1564</Value>
          <Value>uSNCreated:1564:1:55a73700-c891-46fd-8f5c-72bc827f2ef5:20160407213830.597:1564</Value>
          <Value>vmwAttributeUsage:1564:1:55a73700-c891-46fd-8f5c-72bc827f2ef5:20160407213830.597:1564</Value>
        </AttributeMetadata>
      </AttributeSchemaEntry>
      <AttributeSchemaEntry>
        <Name>mS-SQL-TCPIP</Name>
        <AttributeMetadata>
          <Value>attributeID:1037:1:55a73700-c891-46fd-8f5c-72bc827f2ef5:20160407213829.686:1037</Value>
          <Value>attributeSyntax:1037:1:55a73700-c891-46fd-8f5c-72bc827f2ef5:20160407213829.686:1037</Value>
          <Value>cn:1037:1:55a73700-c891-46fd-8f5c-72bc827f2ef5:20160407213829.686:1037</Value>
          <Value>createTimeStamp:1037:1:55a73700-c891-46fd-8f5c-72bc827f2ef5:20160407213829.686:1037</Value>
          <Value>entryDN:1037:1:55a73700-c891-46fd-8f5c-72bc827f2ef5:20160407213829.686:1037</Value>
          <Value>isSingleValued:1037:1:55a73700-c891-46fd-8f5c-72bc827f2ef5:20160407213829.686:1037</Value>
          <Value>lDAPDisplayName:1037:1:55a73700-c891-46fd-8f5c-72bc827f2ef5:20160407213829.686:1037</Value>
          <Value>modifyTimeStamp:1037:1:55a73700-c891-46fd-8f5c-72bc827f2ef5:20160407213829.686:1037</Value>
          <Value>objectClass:1037:1:55a73700-c891-46fd-8f5c-72bc827f2ef5:20160407213829.686:1037</Value>
          <Value>objectGUID:1037:1:55a73700-c891-46fd-8f5c-72bc827f2ef5:20160407213829.686:1037</Value>
          <Value>oMSyntax:1037:1:55a73700-c891-46fd-8f5c-72bc827f2ef5:20160407213829.686:1037</Value>
          <Value>schemaIDGUID:1037:1:55a73700-c891-46fd-8f5c-72bc827f2ef5:20160407213829.686:1037</Value>
          <Value>uSNChanged:1037:1:55a73700-c891-46fd-8f5c-72bc827f2ef5:20160407213829.686:1037</Value>
          <Value>uSNCreated:1037:1:55a73700-c891-46fd-8f5c-72bc827f2ef5:20160407213829.686:1037</Value>
          <Value>vmwAttributeUsage:1037:1:55a73700-c891-46fd-8f5c-72bc827f2ef5:20160407213829.686:1037</Value>
        </AttributeMetadata>
      </AttributeSchemaEntry>
      <AttributeSchemaEntry>
        <Name>mS-SQL-ThirdParty</Name>
        <AttributeMetadata>
          <Value>attributeID:763:1:55a73700-c891-46fd-8f5c-72bc827f2ef5:20160407213829.228:763</Value>
          <Value>attributeSyntax:763:1:55a73700-c891-46fd-8f5c-72bc827f2ef5:20160407213829.228:763</Value>
          <Value>cn:763:1:55a73700-c891-46fd-8f5c-72bc827f2ef5:20160407213829.228:763</Value>
          <Value>createTimeStamp:763:1:55a73700-c891-46fd-8f5c-72bc827f2ef5:20160407213829.228:763</Value>
          <Value>entryDN:763:1:55a73700-c891-46fd-8f5c-72bc827f2ef5:20160407213829.228:763</Value>
          <Value>isSingleValued:763:1:55a73700-c891-46fd-8f5c-72bc827f2ef5:20160407213829.228:763</Value>
          <Value>lDAPDisplayName:763:1:55a73700-c891-46fd-8f5c-72bc827f2ef5:20160407213829.228:763</Value>
          <Value>modifyTimeStamp:763:1:55a73700-c891-46fd-8f5c-72bc827f2ef5:20160407213829.228:763</Value>
          <Value>objectClass:763:1:55a73700-c891-46fd-8f5c-72bc827f2ef5:20160407213829.228:763</Value>
          <Value>objectGUID:763:1:55a73700-c891-46fd-8f5c-72bc827f2ef5:20160407213829.228:763</Value>
          <Value>oMSyntax:763:1:55a73700-c891-46fd-8f5c-72bc827f2ef5:20160407213829.228:763</Value>
          <Value>schemaIDGUID:763:1:55a73700-c891-46fd-8f5c-72bc827f2ef5:20160407213829.228:763</Value>
          <Value>uSNChanged:763:1:55a73700-c891-46fd-8f5c-72bc827f2ef5:20160407213829.228:763</Value>
          <Value>uSNCreated:763:1:55a73700-c891-46fd-8f5c-72bc827f2ef5:20160407213829.228:763</Value>
          <Value>vmwAttributeUsage:763:1:55a73700-c891-46fd-8f5c-72bc827f2ef5:20160407213829.228:763</Value>
        </AttributeMetadata>
      </AttributeSchemaEntry>
      <AttributeSchemaEntry>
        <Name>mS-SQL-Type</Name>
        <AttributeMetadata>
          <Value>attributeID:543:1:55a73700-c891-46fd-8f5c-72bc827f2ef5:20160407213828.853:543</Value>
          <Value>attributeSyntax:543:1:55a73700-c891-46fd-8f5c-72bc827f2ef5:20160407213828.853:543</Value>
          <Value>cn:543:1:55a73700-c891-46fd-8f5c-72bc827f2ef5:20160407213828.853:543</Value>
          <Value>createTimeStamp:543:1:55a73700-c891-46fd-8f5c-72bc827f2ef5:20160407213828.853:543</Value>
          <Value>entryDN:543:1:55a73700-c891-46fd-8f5c-72bc827f2ef5:20160407213828.853:543</Value>
          <Value>isSingleValued:543:1:55a73700-c891-46fd-8f5c-72bc827f2ef5:20160407213828.853:543</Value>
          <Value>lDAPDisplayName:543:1:55a73700-c891-46fd-8f5c-72bc827f2ef5:20160407213828.853:543</Value>
          <Value>modifyTimeStamp:543:1:55a73700-c891-46fd-8f5c-72bc827f2ef5:20160407213828.853:543</Value>
          <Value>objectClass:543:1:55a73700-c891-46fd-8f5c-72bc827f2ef5:20160407213828.853:543</Value>
          <Value>objectGUID:543:1:55a73700-c891-46fd-8f5c-72bc827f2ef5:20160407213828.853:543</Value>
          <Value>oMSyntax:543:1:55a73700-c891-46fd-8f5c-72bc827f2ef5:20160407213828.853:543</Value>
          <Value>schemaIDGUID:543:1:55a73700-c891-46fd-8f5c-72bc827f2ef5:20160407213828.853:543</Value>
          <Value>uSNChanged:543:1:55a73700-c891-46fd-8f5c-72bc827f2ef5:20160407213828.853:543</Value>
          <Value>uSNCreated:543:1:55a73700-c891-46fd-8f5c-72bc827f2ef5:20160407213828.853:543</Value>
          <Value>vmwAttributeUsage:543:1:55a73700-c891-46fd-8f5c-72bc827f2ef5:20160407213828.853:543</Value>
        </AttributeMetadata>
      </AttributeSchemaEntry>
      <AttributeSchemaEntry>
        <Name>mS-SQL-UnicodeSortOrder</Name>
        <AttributeMetadata>
          <Value>attributeID:430:1:55a73700-c891-46fd-8f5c-72bc827f2ef5:20160407213828.669:430</Value>
          <Value>attributeSyntax:430:1:55a73700-c891-46fd-8f5c-72bc827f2ef5:20160407213828.669:430</Value>
          <Value>cn:430:1:55a73700-c891-46fd-8f5c-72bc827f2ef5:20160407213828.669:430</Value>
          <Value>createTimeStamp:430:1:55a73700-c891-46fd-8f5c-72bc827f2ef5:20160407213828.669:430</Value>
          <Value>entryDN:430:1:55a73700-c891-46fd-8f5c-72bc827f2ef5:20160407213828.669:430</Value>
          <Value>isSingleValued:430:1:55a73700-c891-46fd-8f5c-72bc827f2ef5:20160407213828.669:430</Value>
          <Value>lDAPDisplayName:430:1:55a73700-c891-46fd-8f5c-72bc827f2ef5:20160407213828.669:430</Value>
          <Value>modifyTimeStamp:430:1:55a73700-c891-46fd-8f5c-72bc827f2ef5:20160407213828.669:430</Value>
          <Value>objectClass:430:1:55a73700-c891-46fd-8f5c-72bc827f2ef5:20160407213828.669:430</Value>
          <Value>objectGUID:430:1:55a73700-c891-46fd-8f5c-72bc827f2ef5:20160407213828.669:430</Value>
          <Value>oMSyntax:430:1:55a73700-c891-46fd-8f5c-72bc827f2ef5:20160407213828.669:430</Value>
          <Value>schemaIDGUID:430:1:55a73700-c891-46fd-8f5c-72bc827f2ef5:20160407213828.669:430</Value>
          <Value>uSNChanged:430:1:55a73700-c891-46fd-8f5c-72bc827f2ef5:20160407213828.669:430</Value>
          <Value>uSNCreated:430:1:55a73700-c891-46fd-8f5c-72bc827f2ef5:20160407213828.669:430</Value>
          <Value>vmwAttributeUsage:430:1:55a73700-c891-46fd-8f5c-72bc827f2ef5:20160407213828.669:430</Value>
        </AttributeMetadata>
      </AttributeSchemaEntry>
      <AttributeSchemaEntry>
        <Name>mS-SQL-Version</Name>
        <AttributeMetadata>
          <Value>attributeID:373:1:55a73700-c891-46fd-8f5c-72bc827f2ef5:20160407213828.581:373</Value>
          <Value>attributeSyntax:373:1:55a73700-c891-46fd-8f5c-72bc827f2ef5:20160407213828.581:373</Value>
          <Value>cn:373:1:55a73700-c891-46fd-8f5c-72bc827f2ef5:20160407213828.581:373</Value>
          <Value>createTimeStamp:373:1:55a73700-c891-46fd-8f5c-72bc827f2ef5:20160407213828.581:373</Value>
          <Value>entryDN:373:1:55a73700-c891-46fd-8f5c-72bc827f2ef5:20160407213828.581:373</Value>
          <Value>isSingleValued:373:1:55a73700-c891-46fd-8f5c-72bc827f2ef5:20160407213828.581:373</Value>
          <Value>lDAPDisplayName:373:1:55a73700-c891-46fd-8f5c-72bc827f2ef5:20160407213828.581:373</Value>
          <Value>modifyTimeStamp:373:1:55a73700-c891-46fd-8f5c-72bc827f2ef5:20160407213828.581:373</Value>
          <Value>objectClass:373:1:55a73700-c891-46fd-8f5c-72bc827f2ef5:20160407213828.581:373</Value>
          <Value>objectGUID:373:1:55a73700-c891-46fd-8f5c-72bc827f2ef5:20160407213828.581:373</Value>
          <Value>oMSyntax:373:1:55a73700-c891-46fd-8f5c-72bc827f2ef5:20160407213828.581:373</Value>
          <Value>schemaIDGUID:373:1:55a73700-c891-46fd-8f5c-72bc827f2ef5:20160407213828.581:373</Value>
          <Value>uSNChanged:373:1:55a73700-c891-46fd-8f5c-72bc827f2ef5:20160407213828.581:373</Value>
          <Value>uSNCreated:373:1:55a73700-c891-46fd-8f5c-72bc827f2ef5:20160407213828.581:373</Value>
          <Value>vmwAttributeUsage:373:1:55a73700-c891-46fd-8f5c-72bc827f2ef5:20160407213828.581:373</Value>
        </AttributeMetadata>
      </AttributeSchemaEntry>
      <AttributeSchemaEntry>
        <Name>mS-SQL-Vines</Name>
        <AttributeMetadata>
          <Value>attributeID:1087:1:55a73700-c891-46fd-8f5c-72bc827f2ef5:20160407213829.794:1087</Value>
          <Value>attributeSyntax:1087:1:55a73700-c891-46fd-8f5c-72bc827f2ef5:20160407213829.794:1087</Value>
          <Value>cn:1087:1:55a73700-c891-46fd-8f5c-72bc827f2ef5:20160407213829.794:1087</Value>
          <Value>createTimeStamp:1087:1:55a73700-c891-46fd-8f5c-72bc827f2ef5:20160407213829.794:1087</Value>
          <Value>entryDN:1087:1:55a73700-c891-46fd-8f5c-72bc827f2ef5:20160407213829.794:1087</Value>
          <Value>isSingleValued:1087:1:55a73700-c891-46fd-8f5c-72bc827f2ef5:20160407213829.794:1087</Value>
          <Value>lDAPDisplayName:1087:1:55a73700-c891-46fd-8f5c-72bc827f2ef5:20160407213829.794:1087</Value>
          <Value>modifyTimeStamp:1087:1:55a73700-c891-46fd-8f5c-72bc827f2ef5:20160407213829.794:1087</Value>
          <Value>objectClass:1087:1:55a73700-c891-46fd-8f5c-72bc827f2ef5:20160407213829.794:1087</Value>
          <Value>objectGUID:1087:1:55a73700-c891-46fd-8f5c-72bc827f2ef5:20160407213829.794:1087</Value>
          <Value>oMSyntax:1087:1:55a73700-c891-46fd-8f5c-72bc827f2ef5:20160407213829.794:1087</Value>
          <Value>schemaIDGUID:1087:1:55a73700-c891-46fd-8f5c-72bc827f2ef5:20160407213829.794:1087</Value>
          <Value>uSNChanged:1087:1:55a73700-c891-46fd-8f5c-72bc827f2ef5:20160407213829.794:1087</Value>
          <Value>uSNCreated:1087:1:55a73700-c891-46fd-8f5c-72bc827f2ef5:20160407213829.794:1087</Value>
          <Value>vmwAttributeUsage:1087:1:55a73700-c891-46fd-8f5c-72bc827f2ef5:20160407213829.794:1087</Value>
        </AttributeMetadata>
      </AttributeSchemaEntry>
      <AttributeSchemaEntry>
        <Name>msTAPI-ConferenceBlob</Name>
        <AttributeMetadata>
          <Value>attributeID:1242:1:55a73700-c891-46fd-8f5c-72bc827f2ef5:20160407213830.065:1242</Value>
          <Value>attributeSyntax:1242:1:55a73700-c891-46fd-8f5c-72bc827f2ef5:20160407213830.065:1242</Value>
          <Value>cn:1242:1:55a73700-c891-46fd-8f5c-72bc827f2ef5:20160407213830.065:1242</Value>
          <Value>createTimeStamp:1242:1:55a73700-c891-46fd-8f5c-72bc827f2ef5:20160407213830.065:1242</Value>
          <Value>entryDN:1242:1:55a73700-c891-46fd-8f5c-72bc827f2ef5:20160407213830.065:1242</Value>
          <Value>isSingleValued:1242:1:55a73700-c891-46fd-8f5c-72bc827f2ef5:20160407213830.065:1242</Value>
          <Value>lDAPDisplayName:1242:1:55a73700-c891-46fd-8f5c-72bc827f2ef5:20160407213830.065:1242</Value>
          <Value>modifyTimeStamp:1242:1:55a73700-c891-46fd-8f5c-72bc827f2ef5:20160407213830.065:1242</Value>
          <Value>objectClass:1242:1:55a73700-c891-46fd-8f5c-72bc827f2ef5:20160407213830.065:1242</Value>
          <Value>objectGUID:1242:1:55a73700-c891-46fd-8f5c-72bc827f2ef5:20160407213830.065:1242</Value>
          <Value>oMSyntax:1242:1:55a73700-c891-46fd-8f5c-72bc827f2ef5:20160407213830.065:1242</Value>
          <Value>schemaIDGUID:1242:1:55a73700-c891-46fd-8f5c-72bc827f2ef5:20160407213830.065:1242</Value>
          <Value>uSNChanged:1242:1:55a73700-c891-46fd-8f5c-72bc827f2ef5:20160407213830.065:1242</Value>
          <Value>uSNCreated:1242:1:55a73700-c891-46fd-8f5c-72bc827f2ef5:20160407213830.065:1242</Value>
          <Value>vmwAttributeUsage:1242:1:55a73700-c891-46fd-8f5c-72bc827f2ef5:20160407213830.065:1242</Value>
        </AttributeMetadata>
      </AttributeSchemaEntry>
      <AttributeSchemaEntry>
        <Name>msTAPI-IpAddress</Name>
        <AttributeMetadata>
          <Value>attributeID:1067:1:55a73700-c891-46fd-8f5c-72bc827f2ef5:20160407213829.745:1067</Value>
          <Value>attributeSyntax:1067:1:55a73700-c891-46fd-8f5c-72bc827f2ef5:20160407213829.745:1067</Value>
          <Value>cn:1067:1:55a73700-c891-46fd-8f5c-72bc827f2ef5:20160407213829.745:1067</Value>
          <Value>createTimeStamp:1067:1:55a73700-c891-46fd-8f5c-72bc827f2ef5:20160407213829.745:1067</Value>
          <Value>entryDN:1067:1:55a73700-c891-46fd-8f5c-72bc827f2ef5:20160407213829.745:1067</Value>
          <Value>isSingleValued:1067:1:55a73700-c891-46fd-8f5c-72bc827f2ef5:20160407213829.745:1067</Value>
          <Value>lDAPDisplayName:1067:1:55a73700-c891-46fd-8f5c-72bc827f2ef5:20160407213829.745:1067</Value>
          <Value>modifyTimeStamp:1067:1:55a73700-c891-46fd-8f5c-72bc827f2ef5:20160407213829.745:1067</Value>
          <Value>objectClass:1067:1:55a73700-c891-46fd-8f5c-72bc827f2ef5:20160407213829.745:1067</Value>
          <Value>objectGUID:1067:1:55a73700-c891-46fd-8f5c-72bc827f2ef5:20160407213829.745:1067</Value>
          <Value>oMSyntax:1067:1:55a73700-c891-46fd-8f5c-72bc827f2ef5:20160407213829.745:1067</Value>
          <Value>schemaIDGUID:1067:1:55a73700-c891-46fd-8f5c-72bc827f2ef5:20160407213829.745:1067</Value>
          <Value>uSNChanged:1067:1:55a73700-c891-46fd-8f5c-72bc827f2ef5:20160407213829.745:1067</Value>
          <Value>uSNCreated:1067:1:55a73700-c891-46fd-8f5c-72bc827f2ef5:20160407213829.745:1067</Value>
          <Value>vmwAttributeUsage:1067:1:55a73700-c891-46fd-8f5c-72bc827f2ef5:20160407213829.745:1067</Value>
        </AttributeMetadata>
      </AttributeSchemaEntry>
      <AttributeSchemaEntry>
        <Name>msTAPI-ProtocolId</Name>
        <AttributeMetadata>
          <Value>attributeID:1625:1:55a73700-c891-46fd-8f5c-72bc827f2ef5:20160407213830.703:1625</Value>
          <Value>attributeSyntax:1625:1:55a73700-c891-46fd-8f5c-72bc827f2ef5:20160407213830.703:1625</Value>
          <Value>cn:1625:1:55a73700-c891-46fd-8f5c-72bc827f2ef5:20160407213830.703:1625</Value>
          <Value>createTimeStamp:1625:1:55a73700-c891-46fd-8f5c-72bc827f2ef5:20160407213830.703:1625</Value>
          <Value>entryDN:1625:1:55a73700-c891-46fd-8f5c-72bc827f2ef5:20160407213830.703:1625</Value>
          <Value>isSingleValued:1625:1:55a73700-c891-46fd-8f5c-72bc827f2ef5:20160407213830.703:1625</Value>
          <Value>lDAPDisplayName:1625:1:55a73700-c891-46fd-8f5c-72bc827f2ef5:20160407213830.703:1625</Value>
          <Value>modifyTimeStamp:1625:1:55a73700-c891-46fd-8f5c-72bc827f2ef5:20160407213830.703:1625</Value>
          <Value>objectClass:1625:1:55a73700-c891-46fd-8f5c-72bc827f2ef5:20160407213830.703:1625</Value>
          <Value>objectGUID:1625:1:55a73700-c891-46fd-8f5c-72bc827f2ef5:20160407213830.703:1625</Value>
          <Value>oMSyntax:1625:1:55a73700-c891-46fd-8f5c-72bc827f2ef5:20160407213830.703:1625</Value>
          <Value>schemaIDGUID:1625:1:55a73700-c891-46fd-8f5c-72bc827f2ef5:20160407213830.703:1625</Value>
          <Value>uSNChanged:1625:1:55a73700-c891-46fd-8f5c-72bc827f2ef5:20160407213830.703:1625</Value>
          <Value>uSNCreated:1625:1:55a73700-c891-46fd-8f5c-72bc827f2ef5:20160407213830.703:1625</Value>
          <Value>vmwAttributeUsage:1625:1:55a73700-c891-46fd-8f5c-72bc827f2ef5:20160407213830.703:1625</Value>
        </AttributeMetadata>
      </AttributeSchemaEntry>
      <AttributeSchemaEntry>
        <Name>msTAPI-uid</Name>
        <AttributeMetadata>
          <Value>attributeID:326:1:55a73700-c891-46fd-8f5c-72bc827f2ef5:20160407213828.504:326</Value>
          <Value>attributeSyntax:326:1:55a73700-c891-46fd-8f5c-72bc827f2ef5:20160407213828.504:326</Value>
          <Value>cn:326:1:55a73700-c891-46fd-8f5c-72bc827f2ef5:20160407213828.504:326</Value>
          <Value>createTimeStamp:326:1:55a73700-c891-46fd-8f5c-72bc827f2ef5:20160407213828.504:326</Value>
          <Value>entryDN:326:1:55a73700-c891-46fd-8f5c-72bc827f2ef5:20160407213828.504:326</Value>
          <Value>isSingleValued:326:1:55a73700-c891-46fd-8f5c-72bc827f2ef5:20160407213828.504:326</Value>
          <Value>lDAPDisplayName:326:1:55a73700-c891-46fd-8f5c-72bc827f2ef5:20160407213828.504:326</Value>
          <Value>modifyTimeStamp:326:1:55a73700-c891-46fd-8f5c-72bc827f2ef5:20160407213828.504:326</Value>
          <Value>objectClass:326:1:55a73700-c891-46fd-8f5c-72bc827f2ef5:20160407213828.504:326</Value>
          <Value>objectGUID:326:1:55a73700-c891-46fd-8f5c-72bc827f2ef5:20160407213828.504:326</Value>
          <Value>oMSyntax:326:1:55a73700-c891-46fd-8f5c-72bc827f2ef5:20160407213828.504:326</Value>
          <Value>schemaIDGUID:326:1:55a73700-c891-46fd-8f5c-72bc827f2ef5:20160407213828.504:326</Value>
          <Value>uSNChanged:326:1:55a73700-c891-46fd-8f5c-72bc827f2ef5:20160407213828.504:326</Value>
          <Value>uSNCreated:326:1:55a73700-c891-46fd-8f5c-72bc827f2ef5:20160407213828.504:326</Value>
          <Value>vmwAttributeUsage:326:1:55a73700-c891-46fd-8f5c-72bc827f2ef5:20160407213828.504:326</Value>
        </AttributeMetadata>
      </AttributeSchemaEntry>
      <AttributeSchemaEntry>
        <Name>msTPM-OwnerInformation</Name>
        <AttributeMetadata>
          <Value>attributeID:1707:1:55a73700-c891-46fd-8f5c-72bc827f2ef5:20160407213830.847:1707</Value>
          <Value>attributeSyntax:1707:1:55a73700-c891-46fd-8f5c-72bc827f2ef5:20160407213830.847:1707</Value>
          <Value>cn:1707:1:55a73700-c891-46fd-8f5c-72bc827f2ef5:20160407213830.847:1707</Value>
          <Value>createTimeStamp:1707:1:55a73700-c891-46fd-8f5c-72bc827f2ef5:20160407213830.847:1707</Value>
          <Value>entryDN:1707:1:55a73700-c891-46fd-8f5c-72bc827f2ef5:20160407213830.847:1707</Value>
          <Value>isSingleValued:1707:1:55a73700-c891-46fd-8f5c-72bc827f2ef5:20160407213830.847:1707</Value>
          <Value>lDAPDisplayName:1707:1:55a73700-c891-46fd-8f5c-72bc827f2ef5:20160407213830.847:1707</Value>
          <Value>modifyTimeStamp:1707:1:55a73700-c891-46fd-8f5c-72bc827f2ef5:20160407213830.847:1707</Value>
          <Value>objectClass:1707:1:55a73700-c891-46fd-8f5c-72bc827f2ef5:20160407213830.847:1707</Value>
          <Value>objectGUID:1707:1:55a73700-c891-46fd-8f5c-72bc827f2ef5:20160407213830.847:1707</Value>
          <Value>oMSyntax:1707:1:55a73700-c891-46fd-8f5c-72bc827f2ef5:20160407213830.847:1707</Value>
          <Value>schemaIDGUID:1707:1:55a73700-c891-46fd-8f5c-72bc827f2ef5:20160407213830.847:1707</Value>
          <Value>uSNChanged:1707:1:55a73700-c891-46fd-8f5c-72bc827f2ef5:20160407213830.847:1707</Value>
          <Value>uSNCreated:1707:1:55a73700-c891-46fd-8f5c-72bc827f2ef5:20160407213830.847:1707</Value>
          <Value>vmwAttributeUsage:1707:1:55a73700-c891-46fd-8f5c-72bc827f2ef5:20160407213830.847:1707</Value>
        </AttributeMetadata>
      </AttributeSchemaEntry>
      <AttributeSchemaEntry>
        <Name>msTSAllowLogon</Name>
        <AttributeMetadata>
          <Value>attributeID:1153:1:55a73700-c891-46fd-8f5c-72bc827f2ef5:20160407213829.914:1153</Value>
          <Value>attributeSyntax:1153:1:55a73700-c891-46fd-8f5c-72bc827f2ef5:20160407213829.914:1153</Value>
          <Value>cn:1153:1:55a73700-c891-46fd-8f5c-72bc827f2ef5:20160407213829.914:1153</Value>
          <Value>createTimeStamp:1153:1:55a73700-c891-46fd-8f5c-72bc827f2ef5:20160407213829.914:1153</Value>
          <Value>entryDN:1153:1:55a73700-c891-46fd-8f5c-72bc827f2ef5:20160407213829.914:1153</Value>
          <Value>isSingleValued:1153:1:55a73700-c891-46fd-8f5c-72bc827f2ef5:20160407213829.914:1153</Value>
          <Value>lDAPDisplayName:1153:1:55a73700-c891-46fd-8f5c-72bc827f2ef5:20160407213829.914:1153</Value>
          <Value>modifyTimeStamp:1153:1:55a73700-c891-46fd-8f5c-72bc827f2ef5:20160407213829.914:1153</Value>
          <Value>objectClass:1153:1:55a73700-c891-46fd-8f5c-72bc827f2ef5:20160407213829.914:1153</Value>
          <Value>objectGUID:1153:1:55a73700-c891-46fd-8f5c-72bc827f2ef5:20160407213829.914:1153</Value>
          <Value>oMSyntax:1153:1:55a73700-c891-46fd-8f5c-72bc827f2ef5:20160407213829.914:1153</Value>
          <Value>schemaIDGUID:1153:1:55a73700-c891-46fd-8f5c-72bc827f2ef5:20160407213829.914:1153</Value>
          <Value>uSNChanged:1153:1:55a73700-c891-46fd-8f5c-72bc827f2ef5:20160407213829.914:1153</Value>
          <Value>uSNCreated:1153:1:55a73700-c891-46fd-8f5c-72bc827f2ef5:20160407213829.914:1153</Value>
          <Value>vmwAttributeUsage:1153:1:55a73700-c891-46fd-8f5c-72bc827f2ef5:20160407213829.914:1153</Value>
        </AttributeMetadata>
      </AttributeSchemaEntry>
      <AttributeSchemaEntry>
        <Name>msTSBrokenConnectionAction</Name>
        <AttributeMetadata>
          <Value>attributeID:1339:1:55a73700-c891-46fd-8f5c-72bc827f2ef5:20160407213830.219:1339</Value>
          <Value>attributeSyntax:1339:1:55a73700-c891-46fd-8f5c-72bc827f2ef5:20160407213830.219:1339</Value>
          <Value>cn:1339:1:55a73700-c891-46fd-8f5c-72bc827f2ef5:20160407213830.219:1339</Value>
          <Value>createTimeStamp:1339:1:55a73700-c891-46fd-8f5c-72bc827f2ef5:20160407213830.219:1339</Value>
          <Value>entryDN:1339:1:55a73700-c891-46fd-8f5c-72bc827f2ef5:20160407213830.219:1339</Value>
          <Value>isSingleValued:1339:1:55a73700-c891-46fd-8f5c-72bc827f2ef5:20160407213830.219:1339</Value>
          <Value>lDAPDisplayName:1339:1:55a73700-c891-46fd-8f5c-72bc827f2ef5:20160407213830.219:1339</Value>
          <Value>modifyTimeStamp:1339:1:55a73700-c891-46fd-8f5c-72bc827f2ef5:20160407213830.219:1339</Value>
          <Value>objectClass:1339:1:55a73700-c891-46fd-8f5c-72bc827f2ef5:20160407213830.219:1339</Value>
          <Value>objectGUID:1339:1:55a73700-c891-46fd-8f5c-72bc827f2ef5:20160407213830.219:1339</Value>
          <Value>oMSyntax:1339:1:55a73700-c891-46fd-8f5c-72bc827f2ef5:20160407213830.219:1339</Value>
          <Value>schemaIDGUID:1339:1:55a73700-c891-46fd-8f5c-72bc827f2ef5:20160407213830.219:1339</Value>
          <Value>uSNChanged:1339:1:55a73700-c891-46fd-8f5c-72bc827f2ef5:20160407213830.219:1339</Value>
          <Value>uSNCreated:1339:1:55a73700-c891-46fd-8f5c-72bc827f2ef5:20160407213830.219:1339</Value>
          <Value>vmwAttributeUsage:1339:1:55a73700-c891-46fd-8f5c-72bc827f2ef5:20160407213830.219:1339</Value>
        </AttributeMetadata>
      </AttributeSchemaEntry>
      <AttributeSchemaEntry>
        <Name>msTSConnectClientDrives</Name>
        <AttributeMetadata>
          <Value>attributeID:431:1:55a73700-c891-46fd-8f5c-72bc827f2ef5:20160407213828.672:431</Value>
          <Value>attributeSyntax:431:1:55a73700-c891-46fd-8f5c-72bc827f2ef5:20160407213828.672:431</Value>
          <Value>cn:431:1:55a73700-c891-46fd-8f5c-72bc827f2ef5:20160407213828.672:431</Value>
          <Value>createTimeStamp:431:1:55a73700-c891-46fd-8f5c-72bc827f2ef5:20160407213828.672:431</Value>
          <Value>entryDN:431:1:55a73700-c891-46fd-8f5c-72bc827f2ef5:20160407213828.672:431</Value>
          <Value>isSingleValued:431:1:55a73700-c891-46fd-8f5c-72bc827f2ef5:20160407213828.672:431</Value>
          <Value>lDAPDisplayName:431:1:55a73700-c891-46fd-8f5c-72bc827f2ef5:20160407213828.672:431</Value>
          <Value>modifyTimeStamp:431:1:55a73700-c891-46fd-8f5c-72bc827f2ef5:20160407213828.672:431</Value>
          <Value>objectClass:431:1:55a73700-c891-46fd-8f5c-72bc827f2ef5:20160407213828.672:431</Value>
          <Value>objectGUID:431:1:55a73700-c891-46fd-8f5c-72bc827f2ef5:20160407213828.672:431</Value>
          <Value>oMSyntax:431:1:55a73700-c891-46fd-8f5c-72bc827f2ef5:20160407213828.672:431</Value>
          <Value>schemaIDGUID:431:1:55a73700-c891-46fd-8f5c-72bc827f2ef5:20160407213828.672:431</Value>
          <Value>uSNChanged:431:1:55a73700-c891-46fd-8f5c-72bc827f2ef5:20160407213828.672:431</Value>
          <Value>uSNCreated:431:1:55a73700-c891-46fd-8f5c-72bc827f2ef5:20160407213828.672:431</Value>
          <Value>vmwAttributeUsage:431:1:55a73700-c891-46fd-8f5c-72bc827f2ef5:20160407213828.672:431</Value>
        </AttributeMetadata>
      </AttributeSchemaEntry>
      <AttributeSchemaEntry>
        <Name>msTSConnectPrinterDrives</Name>
        <AttributeMetadata>
          <Value>attributeID:147:1:55a73700-c891-46fd-8f5c-72bc827f2ef5:20160407213828.245:147</Value>
          <Value>attributeSyntax:147:1:55a73700-c891-46fd-8f5c-72bc827f2ef5:20160407213828.245:147</Value>
          <Value>cn:147:1:55a73700-c891-46fd-8f5c-72bc827f2ef5:20160407213828.245:147</Value>
          <Value>createTimeStamp:147:1:55a73700-c891-46fd-8f5c-72bc827f2ef5:20160407213828.245:147</Value>
          <Value>entryDN:147:1:55a73700-c891-46fd-8f5c-72bc827f2ef5:20160407213828.245:147</Value>
          <Value>isSingleValued:147:1:55a73700-c891-46fd-8f5c-72bc827f2ef5:20160407213828.245:147</Value>
          <Value>lDAPDisplayName:147:1:55a73700-c891-46fd-8f5c-72bc827f2ef5:20160407213828.245:147</Value>
          <Value>modifyTimeStamp:147:1:55a73700-c891-46fd-8f5c-72bc827f2ef5:20160407213828.245:147</Value>
          <Value>objectClass:147:1:55a73700-c891-46fd-8f5c-72bc827f2ef5:20160407213828.245:147</Value>
          <Value>objectGUID:147:1:55a73700-c891-46fd-8f5c-72bc827f2ef5:20160407213828.245:147</Value>
          <Value>oMSyntax:147:1:55a73700-c891-46fd-8f5c-72bc827f2ef5:20160407213828.245:147</Value>
          <Value>schemaIDGUID:147:1:55a73700-c891-46fd-8f5c-72bc827f2ef5:20160407213828.245:147</Value>
          <Value>uSNChanged:147:1:55a73700-c891-46fd-8f5c-72bc827f2ef5:20160407213828.245:147</Value>
          <Value>uSNCreated:147:1:55a73700-c891-46fd-8f5c-72bc827f2ef5:20160407213828.245:147</Value>
          <Value>vmwAttributeUsage:147:1:55a73700-c891-46fd-8f5c-72bc827f2ef5:20160407213828.245:147</Value>
        </AttributeMetadata>
      </AttributeSchemaEntry>
      <AttributeSchemaEntry>
        <Name>msTSDefaultToMainPrinter</Name>
        <AttributeMetadata>
          <Value>attributeID:1258:1:55a73700-c891-46fd-8f5c-72bc827f2ef5:20160407213830.095:1258</Value>
          <Value>attributeSyntax:1258:1:55a73700-c891-46fd-8f5c-72bc827f2ef5:20160407213830.095:1258</Value>
          <Value>cn:1258:1:55a73700-c891-46fd-8f5c-72bc827f2ef5:20160407213830.095:1258</Value>
          <Value>createTimeStamp:1258:1:55a73700-c891-46fd-8f5c-72bc827f2ef5:20160407213830.095:1258</Value>
          <Value>entryDN:1258:1:55a73700-c891-46fd-8f5c-72bc827f2ef5:20160407213830.095:1258</Value>
          <Value>isSingleValued:1258:1:55a73700-c891-46fd-8f5c-72bc827f2ef5:20160407213830.095:1258</Value>
          <Value>lDAPDisplayName:1258:1:55a73700-c891-46fd-8f5c-72bc827f2ef5:20160407213830.095:1258</Value>
          <Value>modifyTimeStamp:1258:1:55a73700-c891-46fd-8f5c-72bc827f2ef5:20160407213830.095:1258</Value>
          <Value>objectClass:1258:1:55a73700-c891-46fd-8f5c-72bc827f2ef5:20160407213830.095:1258</Value>
          <Value>objectGUID:1258:1:55a73700-c891-46fd-8f5c-72bc827f2ef5:20160407213830.095:1258</Value>
          <Value>oMSyntax:1258:1:55a73700-c891-46fd-8f5c-72bc827f2ef5:20160407213830.095:1258</Value>
          <Value>schemaIDGUID:1258:1:55a73700-c891-46fd-8f5c-72bc827f2ef5:20160407213830.095:1258</Value>
          <Value>uSNChanged:1258:1:55a73700-c891-46fd-8f5c-72bc827f2ef5:20160407213830.095:1258</Value>
          <Value>uSNCreated:1258:1:55a73700-c891-46fd-8f5c-72bc827f2ef5:20160407213830.095:1258</Value>
          <Value>vmwAttributeUsage:1258:1:55a73700-c891-46fd-8f5c-72bc827f2ef5:20160407213830.095:1258</Value>
        </AttributeMetadata>
      </AttributeSchemaEntry>
      <AttributeSchemaEntry>
        <Name>msTSEndpointData</Name>
        <AttributeMetadata>
          <Value>attributeID:1732:1:55a73700-c891-46fd-8f5c-72bc827f2ef5:20160407213830.887:1732</Value>
          <Value>attributeSyntax:1732:1:55a73700-c891-46fd-8f5c-72bc827f2ef5:20160407213830.887:1732</Value>
          <Value>cn:1732:1:55a73700-c891-46fd-8f5c-72bc827f2ef5:20160407213830.887:1732</Value>
          <Value>createTimeStamp:1732:1:55a73700-c891-46fd-8f5c-72bc827f2ef5:20160407213830.887:1732</Value>
          <Value>entryDN:1732:1:55a73700-c891-46fd-8f5c-72bc827f2ef5:20160407213830.887:1732</Value>
          <Value>isSingleValued:1732:1:55a73700-c891-46fd-8f5c-72bc827f2ef5:20160407213830.887:1732</Value>
          <Value>lDAPDisplayName:1732:1:55a73700-c891-46fd-8f5c-72bc827f2ef5:20160407213830.887:1732</Value>
          <Value>modifyTimeStamp:1732:1:55a73700-c891-46fd-8f5c-72bc827f2ef5:20160407213830.887:1732</Value>
          <Value>objectClass:1732:1:55a73700-c891-46fd-8f5c-72bc827f2ef5:20160407213830.887:1732</Value>
          <Value>objectGUID:1732:1:55a73700-c891-46fd-8f5c-72bc827f2ef5:20160407213830.887:1732</Value>
          <Value>oMSyntax:1732:1:55a73700-c891-46fd-8f5c-72bc827f2ef5:20160407213830.887:1732</Value>
          <Value>schemaIDGUID:1732:1:55a73700-c891-46fd-8f5c-72bc827f2ef5:20160407213830.887:1732</Value>
          <Value>uSNChanged:1732:1:55a73700-c891-46fd-8f5c-72bc827f2ef5:20160407213830.887:1732</Value>
          <Value>uSNCreated:1732:1:55a73700-c891-46fd-8f5c-72bc827f2ef5:20160407213830.887:1732</Value>
          <Value>vmwAttributeUsage:1732:1:55a73700-c891-46fd-8f5c-72bc827f2ef5:20160407213830.887:1732</Value>
        </AttributeMetadata>
      </AttributeSchemaEntry>
      <AttributeSchemaEntry>
        <Name>msTSEndpointPlugin</Name>
        <AttributeMetadata>
          <Value>attributeID:1043:1:55a73700-c891-46fd-8f5c-72bc827f2ef5:20160407213829.703:1043</Value>
          <Value>attributeSyntax:1043:1:55a73700-c891-46fd-8f5c-72bc827f2ef5:20160407213829.703:1043</Value>
          <Value>cn:1043:1:55a73700-c891-46fd-8f5c-72bc827f2ef5:20160407213829.703:1043</Value>
          <Value>createTimeStamp:1043:1:55a73700-c891-46fd-8f5c-72bc827f2ef5:20160407213829.703:1043</Value>
          <Value>entryDN:1043:1:55a73700-c891-46fd-8f5c-72bc827f2ef5:20160407213829.703:1043</Value>
          <Value>isSingleValued:1043:1:55a73700-c891-46fd-8f5c-72bc827f2ef5:20160407213829.703:1043</Value>
          <Value>lDAPDisplayName:1043:1:55a73700-c891-46fd-8f5c-72bc827f2ef5:20160407213829.703:1043</Value>
          <Value>modifyTimeStamp:1043:1:55a73700-c891-46fd-8f5c-72bc827f2ef5:20160407213829.703:1043</Value>
          <Value>objectClass:1043:1:55a73700-c891-46fd-8f5c-72bc827f2ef5:20160407213829.703:1043</Value>
          <Value>objectGUID:1043:1:55a73700-c891-46fd-8f5c-72bc827f2ef5:20160407213829.703:1043</Value>
          <Value>oMSyntax:1043:1:55a73700-c891-46fd-8f5c-72bc827f2ef5:20160407213829.703:1043</Value>
          <Value>schemaIDGUID:1043:1:55a73700-c891-46fd-8f5c-72bc827f2ef5:20160407213829.703:1043</Value>
          <Value>uSNChanged:1043:1:55a73700-c891-46fd-8f5c-72bc827f2ef5:20160407213829.703:1043</Value>
          <Value>uSNCreated:1043:1:55a73700-c891-46fd-8f5c-72bc827f2ef5:20160407213829.703:1043</Value>
          <Value>vmwAttributeUsage:1043:1:55a73700-c891-46fd-8f5c-72bc827f2ef5:20160407213829.703:1043</Value>
        </AttributeMetadata>
      </AttributeSchemaEntry>
      <AttributeSchemaEntry>
        <Name>msTSEndpointType</Name>
        <AttributeMetadata>
          <Value>attributeID:1051:1:55a73700-c891-46fd-8f5c-72bc827f2ef5:20160407213829.716:1051</Value>
          <Value>attributeSyntax:1051:1:55a73700-c891-46fd-8f5c-72bc827f2ef5:20160407213829.716:1051</Value>
          <Value>cn:1051:1:55a73700-c891-46fd-8f5c-72bc827f2ef5:20160407213829.716:1051</Value>
          <Value>createTimeStamp:1051:1:55a73700-c891-46fd-8f5c-72bc827f2ef5:20160407213829.716:1051</Value>
          <Value>entryDN:1051:1:55a73700-c891-46fd-8f5c-72bc827f2ef5:20160407213829.716:1051</Value>
          <Value>isSingleValued:1051:1:55a73700-c891-46fd-8f5c-72bc827f2ef5:20160407213829.716:1051</Value>
          <Value>lDAPDisplayName:1051:1:55a73700-c891-46fd-8f5c-72bc827f2ef5:20160407213829.716:1051</Value>
          <Value>modifyTimeStamp:1051:1:55a73700-c891-46fd-8f5c-72bc827f2ef5:20160407213829.716:1051</Value>
          <Value>objectClass:1051:1:55a73700-c891-46fd-8f5c-72bc827f2ef5:20160407213829.716:1051</Value>
          <Value>objectGUID:1051:1:55a73700-c891-46fd-8f5c-72bc827f2ef5:20160407213829.716:1051</Value>
          <Value>oMSyntax:1051:1:55a73700-c891-46fd-8f5c-72bc827f2ef5:20160407213829.716:1051</Value>
          <Value>schemaIDGUID:1051:1:55a73700-c891-46fd-8f5c-72bc827f2ef5:20160407213829.716:1051</Value>
          <Value>uSNChanged:1051:1:55a73700-c891-46fd-8f5c-72bc827f2ef5:20160407213829.716:1051</Value>
          <Value>uSNCreated:1051:1:55a73700-c891-46fd-8f5c-72bc827f2ef5:20160407213829.716:1051</Value>
          <Value>vmwAttributeUsage:1051:1:55a73700-c891-46fd-8f5c-72bc827f2ef5:20160407213829.716:1051</Value>
        </AttributeMetadata>
      </AttributeSchemaEntry>
      <AttributeSchemaEntry>
        <Name>msTSExpireDate</Name>
        <AttributeMetadata>
          <Value>attributeID:136:1:55a73700-c891-46fd-8f5c-72bc827f2ef5:20160407213828.234:136</Value>
          <Value>attributeSyntax:136:1:55a73700-c891-46fd-8f5c-72bc827f2ef5:20160407213828.234:136</Value>
          <Value>cn:136:1:55a73700-c891-46fd-8f5c-72bc827f2ef5:20160407213828.234:136</Value>
          <Value>createTimeStamp:136:1:55a73700-c891-46fd-8f5c-72bc827f2ef5:20160407213828.234:136</Value>
          <Value>entryDN:136:1:55a73700-c891-46fd-8f5c-72bc827f2ef5:20160407213828.234:136</Value>
          <Value>isSingleValued:136:1:55a73700-c891-46fd-8f5c-72bc827f2ef5:20160407213828.234:136</Value>
          <Value>lDAPDisplayName:136:1:55a73700-c891-46fd-8f5c-72bc827f2ef5:20160407213828.234:136</Value>
          <Value>modifyTimeStamp:136:1:55a73700-c891-46fd-8f5c-72bc827f2ef5:20160407213828.234:136</Value>
          <Value>objectClass:136:1:55a73700-c891-46fd-8f5c-72bc827f2ef5:20160407213828.234:136</Value>
          <Value>objectGUID:136:1:55a73700-c891-46fd-8f5c-72bc827f2ef5:20160407213828.234:136</Value>
          <Value>oMSyntax:136:1:55a73700-c891-46fd-8f5c-72bc827f2ef5:20160407213828.234:136</Value>
          <Value>schemaIDGUID:136:1:55a73700-c891-46fd-8f5c-72bc827f2ef5:20160407213828.234:136</Value>
          <Value>uSNChanged:136:1:55a73700-c891-46fd-8f5c-72bc827f2ef5:20160407213828.234:136</Value>
          <Value>uSNCreated:136:1:55a73700-c891-46fd-8f5c-72bc827f2ef5:20160407213828.234:136</Value>
          <Value>vmwAttributeUsage:136:1:55a73700-c891-46fd-8f5c-72bc827f2ef5:20160407213828.234:136</Value>
        </AttributeMetadata>
      </AttributeSchemaEntry>
      <AttributeSchemaEntry>
        <Name>msTSExpireDate2</Name>
        <AttributeMetadata>
          <Value>attributeID:440:1:55a73700-c891-46fd-8f5c-72bc827f2ef5:20160407213828.682:440</Value>
          <Value>attributeSyntax:440:1:55a73700-c891-46fd-8f5c-72bc827f2ef5:20160407213828.682:440</Value>
          <Value>cn:440:1:55a73700-c891-46fd-8f5c-72bc827f2ef5:20160407213828.682:440</Value>
          <Value>createTimeStamp:440:1:55a73700-c891-46fd-8f5c-72bc827f2ef5:20160407213828.682:440</Value>
          <Value>entryDN:440:1:55a73700-c891-46fd-8f5c-72bc827f2ef5:20160407213828.682:440</Value>
          <Value>isSingleValued:440:1:55a73700-c891-46fd-8f5c-72bc827f2ef5:20160407213828.682:440</Value>
          <Value>lDAPDisplayName:440:1:55a73700-c891-46fd-8f5c-72bc827f2ef5:20160407213828.682:440</Value>
          <Value>modifyTimeStamp:440:1:55a73700-c891-46fd-8f5c-72bc827f2ef5:20160407213828.682:440</Value>
          <Value>objectClass:440:1:55a73700-c891-46fd-8f5c-72bc827f2ef5:20160407213828.682:440</Value>
          <Value>objectGUID:440:1:55a73700-c891-46fd-8f5c-72bc827f2ef5:20160407213828.682:440</Value>
          <Value>oMSyntax:440:1:55a73700-c891-46fd-8f5c-72bc827f2ef5:20160407213828.682:440</Value>
          <Value>schemaIDGUID:440:1:55a73700-c891-46fd-8f5c-72bc827f2ef5:20160407213828.682:440</Value>
          <Value>uSNChanged:440:1:55a73700-c891-46fd-8f5c-72bc827f2ef5:20160407213828.682:440</Value>
          <Value>uSNCreated:440:1:55a73700-c891-46fd-8f5c-72bc827f2ef5:20160407213828.682:440</Value>
          <Value>vmwAttributeUsage:440:1:55a73700-c891-46fd-8f5c-72bc827f2ef5:20160407213828.682:440</Value>
        </AttributeMetadata>
      </AttributeSchemaEntry>
      <AttributeSchemaEntry>
        <Name>msTSExpireDate3</Name>
        <AttributeMetadata>
          <Value>attributeID:441:1:55a73700-c891-46fd-8f5c-72bc827f2ef5:20160407213828.683:441</Value>
          <Value>attributeSyntax:441:1:55a73700-c891-46fd-8f5c-72bc827f2ef5:20160407213828.683:441</Value>
          <Value>cn:441:1:55a73700-c891-46fd-8f5c-72bc827f2ef5:20160407213828.683:441</Value>
          <Value>createTimeStamp:441:1:55a73700-c891-46fd-8f5c-72bc827f2ef5:20160407213828.683:441</Value>
          <Value>entryDN:441:1:55a73700-c891-46fd-8f5c-72bc827f2ef5:20160407213828.683:441</Value>
          <Value>isSingleValued:441:1:55a73700-c891-46fd-8f5c-72bc827f2ef5:20160407213828.683:441</Value>
          <Value>lDAPDisplayName:441:1:55a73700-c891-46fd-8f5c-72bc827f2ef5:20160407213828.683:441</Value>
          <Value>modifyTimeStamp:441:1:55a73700-c891-46fd-8f5c-72bc827f2ef5:20160407213828.683:441</Value>
          <Value>objectClass:441:1:55a73700-c891-46fd-8f5c-72bc827f2ef5:20160407213828.683:441</Value>
          <Value>objectGUID:441:1:55a73700-c891-46fd-8f5c-72bc827f2ef5:20160407213828.683:441</Value>
          <Value>oMSyntax:441:1:55a73700-c891-46fd-8f5c-72bc827f2ef5:20160407213828.683:441</Value>
          <Value>schemaIDGUID:441:1:55a73700-c891-46fd-8f5c-72bc827f2ef5:20160407213828.683:441</Value>
          <Value>uSNChanged:441:1:55a73700-c891-46fd-8f5c-72bc827f2ef5:20160407213828.683:441</Value>
          <Value>uSNCreated:441:1:55a73700-c891-46fd-8f5c-72bc827f2ef5:20160407213828.683:441</Value>
          <Value>vmwAttributeUsage:441:1:55a73700-c891-46fd-8f5c-72bc827f2ef5:20160407213828.683:441</Value>
        </AttributeMetadata>
      </AttributeSchemaEntry>
      <AttributeSchemaEntry>
        <Name>msTSExpireDate4</Name>
        <AttributeMetadata>
          <Value>attributeID:442:1:55a73700-c891-46fd-8f5c-72bc827f2ef5:20160407213828.684:442</Value>
          <Value>attributeSyntax:442:1:55a73700-c891-46fd-8f5c-72bc827f2ef5:20160407213828.684:442</Value>
          <Value>cn:442:1:55a73700-c891-46fd-8f5c-72bc827f2ef5:20160407213828.684:442</Value>
          <Value>createTimeStamp:442:1:55a73700-c891-46fd-8f5c-72bc827f2ef5:20160407213828.684:442</Value>
          <Value>entryDN:442:1:55a73700-c891-46fd-8f5c-72bc827f2ef5:20160407213828.684:442</Value>
          <Value>isSingleValued:442:1:55a73700-c891-46fd-8f5c-72bc827f2ef5:20160407213828.684:442</Value>
          <Value>lDAPDisplayName:442:1:55a73700-c891-46fd-8f5c-72bc827f2ef5:20160407213828.684:442</Value>
          <Value>modifyTimeStamp:442:1:55a73700-c891-46fd-8f5c-72bc827f2ef5:20160407213828.684:442</Value>
          <Value>objectClass:442:1:55a73700-c891-46fd-8f5c-72bc827f2ef5:20160407213828.684:442</Value>
          <Value>objectGUID:442:1:55a73700-c891-46fd-8f5c-72bc827f2ef5:20160407213828.684:442</Value>
          <Value>oMSyntax:442:1:55a73700-c891-46fd-8f5c-72bc827f2ef5:20160407213828.684:442</Value>
          <Value>schemaIDGUID:442:1:55a73700-c891-46fd-8f5c-72bc827f2ef5:20160407213828.684:442</Value>
          <Value>uSNChanged:442:1:55a73700-c891-46fd-8f5c-72bc827f2ef5:20160407213828.684:442</Value>
          <Value>uSNCreated:442:1:55a73700-c891-46fd-8f5c-72bc827f2ef5:20160407213828.684:442</Value>
          <Value>vmwAttributeUsage:442:1:55a73700-c891-46fd-8f5c-72bc827f2ef5:20160407213828.684:442</Value>
        </AttributeMetadata>
      </AttributeSchemaEntry>
      <AttributeSchemaEntry>
        <Name>msTSHomeDirectory</Name>
        <AttributeMetadata>
          <Value>attributeID:1334:1:55a73700-c891-46fd-8f5c-72bc827f2ef5:20160407213830.215:1334</Value>
          <Value>attributeSyntax:1334:1:55a73700-c891-46fd-8f5c-72bc827f2ef5:20160407213830.215:1334</Value>
          <Value>cn:1334:1:55a73700-c891-46fd-8f5c-72bc827f2ef5:20160407213830.215:1334</Value>
          <Value>createTimeStamp:1334:1:55a73700-c891-46fd-8f5c-72bc827f2ef5:20160407213830.215:1334</Value>
          <Value>entryDN:1334:1:55a73700-c891-46fd-8f5c-72bc827f2ef5:20160407213830.215:1334</Value>
          <Value>isSingleValued:1334:1:55a73700-c891-46fd-8f5c-72bc827f2ef5:20160407213830.215:1334</Value>
          <Value>lDAPDisplayName:1334:1:55a73700-c891-46fd-8f5c-72bc827f2ef5:20160407213830.215:1334</Value>
          <Value>modifyTimeStamp:1334:1:55a73700-c891-46fd-8f5c-72bc827f2ef5:20160407213830.215:1334</Value>
          <Value>objectClass:1334:1:55a73700-c891-46fd-8f5c-72bc827f2ef5:20160407213830.215:1334</Value>
          <Value>objectGUID:1334:1:55a73700-c891-46fd-8f5c-72bc827f2ef5:20160407213830.215:1334</Value>
          <Value>oMSyntax:1334:1:55a73700-c891-46fd-8f5c-72bc827f2ef5:20160407213830.215:1334</Value>
          <Value>schemaIDGUID:1334:1:55a73700-c891-46fd-8f5c-72bc827f2ef5:20160407213830.215:1334</Value>
          <Value>uSNChanged:1334:1:55a73700-c891-46fd-8f5c-72bc827f2ef5:20160407213830.215:1334</Value>
          <Value>uSNCreated:1334:1:55a73700-c891-46fd-8f5c-72bc827f2ef5:20160407213830.215:1334</Value>
          <Value>vmwAttributeUsage:1334:1:55a73700-c891-46fd-8f5c-72bc827f2ef5:20160407213830.215:1334</Value>
        </AttributeMetadata>
      </AttributeSchemaEntry>
      <AttributeSchemaEntry>
        <Name>msTSHomeDrive</Name>
        <AttributeMetadata>
          <Value>attributeID:1351:1:55a73700-c891-46fd-8f5c-72bc827f2ef5:20160407213830.243:1351</Value>
          <Value>attributeSyntax:1351:1:55a73700-c891-46fd-8f5c-72bc827f2ef5:20160407213830.243:1351</Value>
          <Value>cn:1351:1:55a73700-c891-46fd-8f5c-72bc827f2ef5:20160407213830.243:1351</Value>
          <Value>createTimeStamp:1351:1:55a73700-c891-46fd-8f5c-72bc827f2ef5:20160407213830.243:1351</Value>
          <Value>entryDN:1351:1:55a73700-c891-46fd-8f5c-72bc827f2ef5:20160407213830.243:1351</Value>
          <Value>isSingleValued:1351:1:55a73700-c891-46fd-8f5c-72bc827f2ef5:20160407213830.243:1351</Value>
          <Value>lDAPDisplayName:1351:1:55a73700-c891-46fd-8f5c-72bc827f2ef5:20160407213830.243:1351</Value>
          <Value>modifyTimeStamp:1351:1:55a73700-c891-46fd-8f5c-72bc827f2ef5:20160407213830.243:1351</Value>
          <Value>objectClass:1351:1:55a73700-c891-46fd-8f5c-72bc827f2ef5:20160407213830.243:1351</Value>
          <Value>objectGUID:1351:1:55a73700-c891-46fd-8f5c-72bc827f2ef5:20160407213830.243:1351</Value>
          <Value>oMSyntax:1351:1:55a73700-c891-46fd-8f5c-72bc827f2ef5:20160407213830.243:1351</Value>
          <Value>schemaIDGUID:1351:1:55a73700-c891-46fd-8f5c-72bc827f2ef5:20160407213830.243:1351</Value>
          <Value>uSNChanged:1351:1:55a73700-c891-46fd-8f5c-72bc827f2ef5:20160407213830.243:1351</Value>
          <Value>uSNCreated:1351:1:55a73700-c891-46fd-8f5c-72bc827f2ef5:20160407213830.243:1351</Value>
          <Value>vmwAttributeUsage:1351:1:55a73700-c891-46fd-8f5c-72bc827f2ef5:20160407213830.243:1351</Value>
        </AttributeMetadata>
      </AttributeSchemaEntry>
      <AttributeSchemaEntry>
        <Name>msTSInitialProgram</Name>
        <AttributeMetadata>
          <Value>attributeID:1406:1:55a73700-c891-46fd-8f5c-72bc827f2ef5:20160407213830.333:1406</Value>
          <Value>attributeSyntax:1406:1:55a73700-c891-46fd-8f5c-72bc827f2ef5:20160407213830.333:1406</Value>
          <Value>cn:1406:1:55a73700-c891-46fd-8f5c-72bc827f2ef5:20160407213830.333:1406</Value>
          <Value>createTimeStamp:1406:1:55a73700-c891-46fd-8f5c-72bc827f2ef5:20160407213830.333:1406</Value>
          <Value>entryDN:1406:1:55a73700-c891-46fd-8f5c-72bc827f2ef5:20160407213830.333:1406</Value>
          <Value>isSingleValued:1406:1:55a73700-c891-46fd-8f5c-72bc827f2ef5:20160407213830.333:1406</Value>
          <Value>lDAPDisplayName:1406:1:55a73700-c891-46fd-8f5c-72bc827f2ef5:20160407213830.333:1406</Value>
          <Value>modifyTimeStamp:1406:1:55a73700-c891-46fd-8f5c-72bc827f2ef5:20160407213830.333:1406</Value>
          <Value>objectClass:1406:1:55a73700-c891-46fd-8f5c-72bc827f2ef5:20160407213830.333:1406</Value>
          <Value>objectGUID:1406:1:55a73700-c891-46fd-8f5c-72bc827f2ef5:20160407213830.333:1406</Value>
          <Value>oMSyntax:1406:1:55a73700-c891-46fd-8f5c-72bc827f2ef5:20160407213830.333:1406</Value>
          <Value>schemaIDGUID:1406:1:55a73700-c891-46fd-8f5c-72bc827f2ef5:20160407213830.333:1406</Value>
          <Value>uSNChanged:1406:1:55a73700-c891-46fd-8f5c-72bc827f2ef5:20160407213830.333:1406</Value>
          <Value>uSNCreated:1406:1:55a73700-c891-46fd-8f5c-72bc827f2ef5:20160407213830.333:1406</Value>
          <Value>vmwAttributeUsage:1406:1:55a73700-c891-46fd-8f5c-72bc827f2ef5:20160407213830.333:1406</Value>
        </AttributeMetadata>
      </AttributeSchemaEntry>
      <AttributeSchemaEntry>
        <Name>msTSLicenseVersion</Name>
        <AttributeMetadata>
          <Value>attributeID:859:1:55a73700-c891-46fd-8f5c-72bc827f2ef5:20160407213829.390:859</Value>
          <Value>attributeSyntax:859:1:55a73700-c891-46fd-8f5c-72bc827f2ef5:20160407213829.390:859</Value>
          <Value>cn:859:1:55a73700-c891-46fd-8f5c-72bc827f2ef5:20160407213829.390:859</Value>
          <Value>createTimeStamp:859:1:55a73700-c891-46fd-8f5c-72bc827f2ef5:20160407213829.390:859</Value>
          <Value>entryDN:859:1:55a73700-c891-46fd-8f5c-72bc827f2ef5:20160407213829.390:859</Value>
          <Value>isSingleValued:859:1:55a73700-c891-46fd-8f5c-72bc827f2ef5:20160407213829.390:859</Value>
          <Value>lDAPDisplayName:859:1:55a73700-c891-46fd-8f5c-72bc827f2ef5:20160407213829.390:859</Value>
          <Value>modifyTimeStamp:859:1:55a73700-c891-46fd-8f5c-72bc827f2ef5:20160407213829.390:859</Value>
          <Value>objectClass:859:1:55a73700-c891-46fd-8f5c-72bc827f2ef5:20160407213829.390:859</Value>
          <Value>objectGUID:859:1:55a73700-c891-46fd-8f5c-72bc827f2ef5:20160407213829.390:859</Value>
          <Value>oMSyntax:859:1:55a73700-c891-46fd-8f5c-72bc827f2ef5:20160407213829.390:859</Value>
          <Value>schemaIDGUID:859:1:55a73700-c891-46fd-8f5c-72bc827f2ef5:20160407213829.390:859</Value>
          <Value>uSNChanged:859:1:55a73700-c891-46fd-8f5c-72bc827f2ef5:20160407213829.390:859</Value>
          <Value>uSNCreated:859:1:55a73700-c891-46fd-8f5c-72bc827f2ef5:20160407213829.390:859</Value>
          <Value>vmwAttributeUsage:859:1:55a73700-c891-46fd-8f5c-72bc827f2ef5:20160407213829.390:859</Value>
        </AttributeMetadata>
      </AttributeSchemaEntry>
      <AttributeSchemaEntry>
        <Name>msTSLicenseVersion2</Name>
        <AttributeMetadata>
          <Value>attributeID:1231:1:55a73700-c891-46fd-8f5c-72bc827f2ef5:20160407213830.051:1231</Value>
          <Value>attributeSyntax:1231:1:55a73700-c891-46fd-8f5c-72bc827f2ef5:20160407213830.051:1231</Value>
          <Value>cn:1231:1:55a73700-c891-46fd-8f5c-72bc827f2ef5:20160407213830.051:1231</Value>
          <Value>createTimeStamp:1231:1:55a73700-c891-46fd-8f5c-72bc827f2ef5:20160407213830.051:1231</Value>
          <Value>entryDN:1231:1:55a73700-c891-46fd-8f5c-72bc827f2ef5:20160407213830.051:1231</Value>
          <Value>isSingleValued:1231:1:55a73700-c891-46fd-8f5c-72bc827f2ef5:20160407213830.051:1231</Value>
          <Value>lDAPDisplayName:1231:1:55a73700-c891-46fd-8f5c-72bc827f2ef5:20160407213830.051:1231</Value>
          <Value>modifyTimeStamp:1231:1:55a73700-c891-46fd-8f5c-72bc827f2ef5:20160407213830.051:1231</Value>
          <Value>objectClass:1231:1:55a73700-c891-46fd-8f5c-72bc827f2ef5:20160407213830.051:1231</Value>
          <Value>objectGUID:1231:1:55a73700-c891-46fd-8f5c-72bc827f2ef5:20160407213830.051:1231</Value>
          <Value>oMSyntax:1231:1:55a73700-c891-46fd-8f5c-72bc827f2ef5:20160407213830.051:1231</Value>
          <Value>schemaIDGUID:1231:1:55a73700-c891-46fd-8f5c-72bc827f2ef5:20160407213830.051:1231</Value>
          <Value>uSNChanged:1231:1:55a73700-c891-46fd-8f5c-72bc827f2ef5:20160407213830.051:1231</Value>
          <Value>uSNCreated:1231:1:55a73700-c891-46fd-8f5c-72bc827f2ef5:20160407213830.051:1231</Value>
          <Value>vmwAttributeUsage:1231:1:55a73700-c891-46fd-8f5c-72bc827f2ef5:20160407213830.051:1231</Value>
        </AttributeMetadata>
      </AttributeSchemaEntry>
      <AttributeSchemaEntry>
        <Name>msTSLicenseVersion3</Name>
        <AttributeMetadata>
          <Value>attributeID:1233:1:55a73700-c891-46fd-8f5c-72bc827f2ef5:20160407213830.054:1233</Value>
          <Value>attributeSyntax:1233:1:55a73700-c891-46fd-8f5c-72bc827f2ef5:20160407213830.054:1233</Value>
          <Value>cn:1233:1:55a73700-c891-46fd-8f5c-72bc827f2ef5:20160407213830.054:1233</Value>
          <Value>createTimeStamp:1233:1:55a73700-c891-46fd-8f5c-72bc827f2ef5:20160407213830.054:1233</Value>
          <Value>entryDN:1233:1:55a73700-c891-46fd-8f5c-72bc827f2ef5:20160407213830.054:1233</Value>
          <Value>isSingleValued:1233:1:55a73700-c891-46fd-8f5c-72bc827f2ef5:20160407213830.054:1233</Value>
          <Value>lDAPDisplayName:1233:1:55a73700-c891-46fd-8f5c-72bc827f2ef5:20160407213830.054:1233</Value>
          <Value>modifyTimeStamp:1233:1:55a73700-c891-46fd-8f5c-72bc827f2ef5:20160407213830.054:1233</Value>
          <Value>objectClass:1233:1:55a73700-c891-46fd-8f5c-72bc827f2ef5:20160407213830.054:1233</Value>
          <Value>objectGUID:1233:1:55a73700-c891-46fd-8f5c-72bc827f2ef5:20160407213830.054:1233</Value>
          <Value>oMSyntax:1233:1:55a73700-c891-46fd-8f5c-72bc827f2ef5:20160407213830.054:1233</Value>
          <Value>schemaIDGUID:1233:1:55a73700-c891-46fd-8f5c-72bc827f2ef5:20160407213830.054:1233</Value>
          <Value>uSNChanged:1233:1:55a73700-c891-46fd-8f5c-72bc827f2ef5:20160407213830.054:1233</Value>
          <Value>uSNCreated:1233:1:55a73700-c891-46fd-8f5c-72bc827f2ef5:20160407213830.054:1233</Value>
          <Value>vmwAttributeUsage:1233:1:55a73700-c891-46fd-8f5c-72bc827f2ef5:20160407213830.054:1233</Value>
        </AttributeMetadata>
      </AttributeSchemaEntry>
      <AttributeSchemaEntry>
        <Name>msTSLicenseVersion4</Name>
        <AttributeMetadata>
          <Value>attributeID:1238:1:55a73700-c891-46fd-8f5c-72bc827f2ef5:20160407213830.061:1238</Value>
          <Value>attributeSyntax:1238:1:55a73700-c891-46fd-8f5c-72bc827f2ef5:20160407213830.061:1238</Value>
          <Value>cn:1238:1:55a73700-c891-46fd-8f5c-72bc827f2ef5:20160407213830.061:1238</Value>
          <Value>createTimeStamp:1238:1:55a73700-c891-46fd-8f5c-72bc827f2ef5:20160407213830.061:1238</Value>
          <Value>entryDN:1238:1:55a73700-c891-46fd-8f5c-72bc827f2ef5:20160407213830.061:1238</Value>
          <Value>isSingleValued:1238:1:55a73700-c891-46fd-8f5c-72bc827f2ef5:20160407213830.061:1238</Value>
          <Value>lDAPDisplayName:1238:1:55a73700-c891-46fd-8f5c-72bc827f2ef5:20160407213830.061:1238</Value>
          <Value>modifyTimeStamp:1238:1:55a73700-c891-46fd-8f5c-72bc827f2ef5:20160407213830.061:1238</Value>
          <Value>objectClass:1238:1:55a73700-c891-46fd-8f5c-72bc827f2ef5:20160407213830.061:1238</Value>
          <Value>objectGUID:1238:1:55a73700-c891-46fd-8f5c-72bc827f2ef5:20160407213830.061:1238</Value>
          <Value>oMSyntax:1238:1:55a73700-c891-46fd-8f5c-72bc827f2ef5:20160407213830.061:1238</Value>
          <Value>schemaIDGUID:1238:1:55a73700-c891-46fd-8f5c-72bc827f2ef5:20160407213830.061:1238</Value>
          <Value>uSNChanged:1238:1:55a73700-c891-46fd-8f5c-72bc827f2ef5:20160407213830.061:1238</Value>
          <Value>uSNCreated:1238:1:55a73700-c891-46fd-8f5c-72bc827f2ef5:20160407213830.061:1238</Value>
          <Value>vmwAttributeUsage:1238:1:55a73700-c891-46fd-8f5c-72bc827f2ef5:20160407213830.061:1238</Value>
        </AttributeMetadata>
      </AttributeSchemaEntry>
      <AttributeSchemaEntry>
        <Name>msTSLSProperty01</Name>
        <AttributeMetadata>
          <Value>attributeID:977:1:55a73700-c891-46fd-8f5c-72bc827f2ef5:20160407213829.591:977</Value>
          <Value>attributeSyntax:977:1:55a73700-c891-46fd-8f5c-72bc827f2ef5:20160407213829.591:977</Value>
          <Value>cn:977:1:55a73700-c891-46fd-8f5c-72bc827f2ef5:20160407213829.591:977</Value>
          <Value>createTimeStamp:977:1:55a73700-c891-46fd-8f5c-72bc827f2ef5:20160407213829.591:977</Value>
          <Value>entryDN:977:1:55a73700-c891-46fd-8f5c-72bc827f2ef5:20160407213829.591:977</Value>
          <Value>isSingleValued:977:1:55a73700-c891-46fd-8f5c-72bc827f2ef5:20160407213829.591:977</Value>
          <Value>lDAPDisplayName:977:1:55a73700-c891-46fd-8f5c-72bc827f2ef5:20160407213829.591:977</Value>
          <Value>modifyTimeStamp:977:1:55a73700-c891-46fd-8f5c-72bc827f2ef5:20160407213829.591:977</Value>
          <Value>objectClass:977:1:55a73700-c891-46fd-8f5c-72bc827f2ef5:20160407213829.591:977</Value>
          <Value>objectGUID:977:1:55a73700-c891-46fd-8f5c-72bc827f2ef5:20160407213829.591:977</Value>
          <Value>oMSyntax:977:1:55a73700-c891-46fd-8f5c-72bc827f2ef5:20160407213829.591:977</Value>
          <Value>schemaIDGUID:977:1:55a73700-c891-46fd-8f5c-72bc827f2ef5:20160407213829.591:977</Value>
          <Value>uSNChanged:977:1:55a73700-c891-46fd-8f5c-72bc827f2ef5:20160407213829.591:977</Value>
          <Value>uSNCreated:977:1:55a73700-c891-46fd-8f5c-72bc827f2ef5:20160407213829.591:977</Value>
          <Value>vmwAttributeUsage:977:1:55a73700-c891-46fd-8f5c-72bc827f2ef5:20160407213829.591:977</Value>
        </AttributeMetadata>
      </AttributeSchemaEntry>
      <AttributeSchemaEntry>
        <Name>msTSLSProperty02</Name>
        <AttributeMetadata>
          <Value>attributeID:979:1:55a73700-c891-46fd-8f5c-72bc827f2ef5:20160407213829.594:979</Value>
          <Value>attributeSyntax:979:1:55a73700-c891-46fd-8f5c-72bc827f2ef5:20160407213829.594:979</Value>
          <Value>cn:979:1:55a73700-c891-46fd-8f5c-72bc827f2ef5:20160407213829.594:979</Value>
          <Value>createTimeStamp:979:1:55a73700-c891-46fd-8f5c-72bc827f2ef5:20160407213829.594:979</Value>
          <Value>entryDN:979:1:55a73700-c891-46fd-8f5c-72bc827f2ef5:20160407213829.594:979</Value>
          <Value>isSingleValued:979:1:55a73700-c891-46fd-8f5c-72bc827f2ef5:20160407213829.594:979</Value>
          <Value>lDAPDisplayName:979:1:55a73700-c891-46fd-8f5c-72bc827f2ef5:20160407213829.594:979</Value>
          <Value>modifyTimeStamp:979:1:55a73700-c891-46fd-8f5c-72bc827f2ef5:20160407213829.594:979</Value>
          <Value>objectClass:979:1:55a73700-c891-46fd-8f5c-72bc827f2ef5:20160407213829.594:979</Value>
          <Value>objectGUID:979:1:55a73700-c891-46fd-8f5c-72bc827f2ef5:20160407213829.594:979</Value>
          <Value>oMSyntax:979:1:55a73700-c891-46fd-8f5c-72bc827f2ef5:20160407213829.594:979</Value>
          <Value>schemaIDGUID:979:1:55a73700-c891-46fd-8f5c-72bc827f2ef5:20160407213829.594:979</Value>
          <Value>uSNChanged:979:1:55a73700-c891-46fd-8f5c-72bc827f2ef5:20160407213829.594:979</Value>
          <Value>uSNCreated:979:1:55a73700-c891-46fd-8f5c-72bc827f2ef5:20160407213829.594:979</Value>
          <Value>vmwAttributeUsage:979:1:55a73700-c891-46fd-8f5c-72bc827f2ef5:20160407213829.594:979</Value>
        </AttributeMetadata>
      </AttributeSchemaEntry>
      <AttributeSchemaEntry>
        <Name>msTSManagingLS</Name>
        <AttributeMetadata>
          <Value>attributeID:1021:1:55a73700-c891-46fd-8f5c-72bc827f2ef5:20160407213829.659:1021</Value>
          <Value>attributeSyntax:1021:1:55a73700-c891-46fd-8f5c-72bc827f2ef5:20160407213829.659:1021</Value>
          <Value>cn:1021:1:55a73700-c891-46fd-8f5c-72bc827f2ef5:20160407213829.659:1021</Value>
          <Value>createTimeStamp:1021:1:55a73700-c891-46fd-8f5c-72bc827f2ef5:20160407213829.659:1021</Value>
          <Value>entryDN:1021:1:55a73700-c891-46fd-8f5c-72bc827f2ef5:20160407213829.659:1021</Value>
          <Value>isSingleValued:1021:1:55a73700-c891-46fd-8f5c-72bc827f2ef5:20160407213829.659:1021</Value>
          <Value>lDAPDisplayName:1021:1:55a73700-c891-46fd-8f5c-72bc827f2ef5:20160407213829.659:1021</Value>
          <Value>modifyTimeStamp:1021:1:55a73700-c891-46fd-8f5c-72bc827f2ef5:20160407213829.659:1021</Value>
          <Value>objectClass:1021:1:55a73700-c891-46fd-8f5c-72bc827f2ef5:20160407213829.659:1021</Value>
          <Value>objectGUID:1021:1:55a73700-c891-46fd-8f5c-72bc827f2ef5:20160407213829.659:1021</Value>
          <Value>oMSyntax:1021:1:55a73700-c891-46fd-8f5c-72bc827f2ef5:20160407213829.659:1021</Value>
          <Value>schemaIDGUID:1021:1:55a73700-c891-46fd-8f5c-72bc827f2ef5:20160407213829.659:1021</Value>
          <Value>uSNChanged:1021:1:55a73700-c891-46fd-8f5c-72bc827f2ef5:20160407213829.659:1021</Value>
          <Value>uSNCreated:1021:1:55a73700-c891-46fd-8f5c-72bc827f2ef5:20160407213829.659:1021</Value>
          <Value>vmwAttributeUsage:1021:1:55a73700-c891-46fd-8f5c-72bc827f2ef5:20160407213829.659:1021</Value>
        </AttributeMetadata>
      </AttributeSchemaEntry>
      <AttributeSchemaEntry>
        <Name>msTSManagingLS2</Name>
        <AttributeMetadata>
          <Value>attributeID:1506:1:55a73700-c891-46fd-8f5c-72bc827f2ef5:20160407213830.503:1506</Value>
          <Value>attributeSyntax:1506:1:55a73700-c891-46fd-8f5c-72bc827f2ef5:20160407213830.503:1506</Value>
          <Value>cn:1506:1:55a73700-c891-46fd-8f5c-72bc827f2ef5:20160407213830.503:1506</Value>
          <Value>createTimeStamp:1506:1:55a73700-c891-46fd-8f5c-72bc827f2ef5:20160407213830.503:1506</Value>
          <Value>entryDN:1506:1:55a73700-c891-46fd-8f5c-72bc827f2ef5:20160407213830.503:1506</Value>
          <Value>isSingleValued:1506:1:55a73700-c891-46fd-8f5c-72bc827f2ef5:20160407213830.503:1506</Value>
          <Value>lDAPDisplayName:1506:1:55a73700-c891-46fd-8f5c-72bc827f2ef5:20160407213830.503:1506</Value>
          <Value>modifyTimeStamp:1506:1:55a73700-c891-46fd-8f5c-72bc827f2ef5:20160407213830.503:1506</Value>
          <Value>objectClass:1506:1:55a73700-c891-46fd-8f5c-72bc827f2ef5:20160407213830.503:1506</Value>
          <Value>objectGUID:1506:1:55a73700-c891-46fd-8f5c-72bc827f2ef5:20160407213830.503:1506</Value>
          <Value>oMSyntax:1506:1:55a73700-c891-46fd-8f5c-72bc827f2ef5:20160407213830.503:1506</Value>
          <Value>schemaIDGUID:1506:1:55a73700-c891-46fd-8f5c-72bc827f2ef5:20160407213830.503:1506</Value>
          <Value>uSNChanged:1506:1:55a73700-c891-46fd-8f5c-72bc827f2ef5:20160407213830.503:1506</Value>
          <Value>uSNCreated:1506:1:55a73700-c891-46fd-8f5c-72bc827f2ef5:20160407213830.503:1506</Value>
          <Value>vmwAttributeUsage:1506:1:55a73700-c891-46fd-8f5c-72bc827f2ef5:20160407213830.503:1506</Value>
        </AttributeMetadata>
      </AttributeSchemaEntry>
      <AttributeSchemaEntry>
        <Name>msTSManagingLS3</Name>
        <AttributeMetadata>
          <Value>attributeID:1507:1:55a73700-c891-46fd-8f5c-72bc827f2ef5:20160407213830.504:1507</Value>
          <Value>attributeSyntax:1507:1:55a73700-c891-46fd-8f5c-72bc827f2ef5:20160407213830.504:1507</Value>
          <Value>cn:1507:1:55a73700-c891-46fd-8f5c-72bc827f2ef5:20160407213830.504:1507</Value>
          <Value>createTimeStamp:1507:1:55a73700-c891-46fd-8f5c-72bc827f2ef5:20160407213830.504:1507</Value>
          <Value>entryDN:1507:1:55a73700-c891-46fd-8f5c-72bc827f2ef5:20160407213830.504:1507</Value>
          <Value>isSingleValued:1507:1:55a73700-c891-46fd-8f5c-72bc827f2ef5:20160407213830.504:1507</Value>
          <Value>lDAPDisplayName:1507:1:55a73700-c891-46fd-8f5c-72bc827f2ef5:20160407213830.504:1507</Value>
          <Value>modifyTimeStamp:1507:1:55a73700-c891-46fd-8f5c-72bc827f2ef5:20160407213830.504:1507</Value>
          <Value>objectClass:1507:1:55a73700-c891-46fd-8f5c-72bc827f2ef5:20160407213830.504:1507</Value>
          <Value>objectGUID:1507:1:55a73700-c891-46fd-8f5c-72bc827f2ef5:20160407213830.504:1507</Value>
          <Value>oMSyntax:1507:1:55a73700-c891-46fd-8f5c-72bc827f2ef5:20160407213830.504:1507</Value>
          <Value>schemaIDGUID:1507:1:55a73700-c891-46fd-8f5c-72bc827f2ef5:20160407213830.504:1507</Value>
          <Value>uSNChanged:1507:1:55a73700-c891-46fd-8f5c-72bc827f2ef5:20160407213830.504:1507</Value>
          <Value>uSNCreated:1507:1:55a73700-c891-46fd-8f5c-72bc827f2ef5:20160407213830.504:1507</Value>
          <Value>vmwAttributeUsage:1507:1:55a73700-c891-46fd-8f5c-72bc827f2ef5:20160407213830.504:1507</Value>
        </AttributeMetadata>
      </AttributeSchemaEntry>
      <AttributeSchemaEntry>
        <Name>msTSManagingLS4</Name>
        <AttributeMetadata>
          <Value>attributeID:1509:1:55a73700-c891-46fd-8f5c-72bc827f2ef5:20160407213830.507:1509</Value>
          <Value>attributeSyntax:1509:1:55a73700-c891-46fd-8f5c-72bc827f2ef5:20160407213830.507:1509</Value>
          <Value>cn:1509:1:55a73700-c891-46fd-8f5c-72bc827f2ef5:20160407213830.507:1509</Value>
          <Value>createTimeStamp:1509:1:55a73700-c891-46fd-8f5c-72bc827f2ef5:20160407213830.507:1509</Value>
          <Value>entryDN:1509:1:55a73700-c891-46fd-8f5c-72bc827f2ef5:20160407213830.507:1509</Value>
          <Value>isSingleValued:1509:1:55a73700-c891-46fd-8f5c-72bc827f2ef5:20160407213830.507:1509</Value>
          <Value>lDAPDisplayName:1509:1:55a73700-c891-46fd-8f5c-72bc827f2ef5:20160407213830.507:1509</Value>
          <Value>modifyTimeStamp:1509:1:55a73700-c891-46fd-8f5c-72bc827f2ef5:20160407213830.507:1509</Value>
          <Value>objectClass:1509:1:55a73700-c891-46fd-8f5c-72bc827f2ef5:20160407213830.507:1509</Value>
          <Value>objectGUID:1509:1:55a73700-c891-46fd-8f5c-72bc827f2ef5:20160407213830.507:1509</Value>
          <Value>oMSyntax:1509:1:55a73700-c891-46fd-8f5c-72bc827f2ef5:20160407213830.507:1509</Value>
          <Value>schemaIDGUID:1509:1:55a73700-c891-46fd-8f5c-72bc827f2ef5:20160407213830.507:1509</Value>
          <Value>uSNChanged:1509:1:55a73700-c891-46fd-8f5c-72bc827f2ef5:20160407213830.507:1509</Value>
          <Value>uSNCreated:1509:1:55a73700-c891-46fd-8f5c-72bc827f2ef5:20160407213830.507:1509</Value>
          <Value>vmwAttributeUsage:1509:1:55a73700-c891-46fd-8f5c-72bc827f2ef5:20160407213830.507:1509</Value>
        </AttributeMetadata>
      </AttributeSchemaEntry>
      <AttributeSchemaEntry>
        <Name>msTSMaxConnectionTime</Name>
        <AttributeMetadata>
          <Value>attributeID:1555:1:55a73700-c891-46fd-8f5c-72bc827f2ef5:20160407213830.586:1555</Value>
          <Value>attributeSyntax:1555:1:55a73700-c891-46fd-8f5c-72bc827f2ef5:20160407213830.586:1555</Value>
          <Value>cn:1555:1:55a73700-c891-46fd-8f5c-72bc827f2ef5:20160407213830.586:1555</Value>
          <Value>createTimeStamp:1555:1:55a73700-c891-46fd-8f5c-72bc827f2ef5:20160407213830.586:1555</Value>
          <Value>entryDN:1555:1:55a73700-c891-46fd-8f5c-72bc827f2ef5:20160407213830.586:1555</Value>
          <Value>isSingleValued:1555:1:55a73700-c891-46fd-8f5c-72bc827f2ef5:20160407213830.586:1555</Value>
          <Value>lDAPDisplayName:1555:1:55a73700-c891-46fd-8f5c-72bc827f2ef5:20160407213830.586:1555</Value>
          <Value>modifyTimeStamp:1555:1:55a73700-c891-46fd-8f5c-72bc827f2ef5:20160407213830.586:1555</Value>
          <Value>objectClass:1555:1:55a73700-c891-46fd-8f5c-72bc827f2ef5:20160407213830.586:1555</Value>
          <Value>objectGUID:1555:1:55a73700-c891-46fd-8f5c-72bc827f2ef5:20160407213830.586:1555</Value>
          <Value>oMSyntax:1555:1:55a73700-c891-46fd-8f5c-72bc827f2ef5:20160407213830.586:1555</Value>
          <Value>schemaIDGUID:1555:1:55a73700-c891-46fd-8f5c-72bc827f2ef5:20160407213830.586:1555</Value>
          <Value>uSNChanged:1555:1:55a73700-c891-46fd-8f5c-72bc827f2ef5:20160407213830.586:1555</Value>
          <Value>uSNCreated:1555:1:55a73700-c891-46fd-8f5c-72bc827f2ef5:20160407213830.586:1555</Value>
          <Value>vmwAttributeUsage:1555:1:55a73700-c891-46fd-8f5c-72bc827f2ef5:20160407213830.586:1555</Value>
        </AttributeMetadata>
      </AttributeSchemaEntry>
      <AttributeSchemaEntry>
        <Name>msTSMaxDisconnectionTime</Name>
        <AttributeMetadata>
          <Value>attributeID:1166:1:55a73700-c891-46fd-8f5c-72bc827f2ef5:20160407213829.939:1166</Value>
          <Value>attributeSyntax:1166:1:55a73700-c891-46fd-8f5c-72bc827f2ef5:20160407213829.939:1166</Value>
          <Value>cn:1166:1:55a73700-c891-46fd-8f5c-72bc827f2ef5:20160407213829.939:1166</Value>
          <Value>createTimeStamp:1166:1:55a73700-c891-46fd-8f5c-72bc827f2ef5:20160407213829.939:1166</Value>
          <Value>entryDN:1166:1:55a73700-c891-46fd-8f5c-72bc827f2ef5:20160407213829.939:1166</Value>
          <Value>isSingleValued:1166:1:55a73700-c891-46fd-8f5c-72bc827f2ef5:20160407213829.939:1166</Value>
          <Value>lDAPDisplayName:1166:1:55a73700-c891-46fd-8f5c-72bc827f2ef5:20160407213829.939:1166</Value>
          <Value>modifyTimeStamp:1166:1:55a73700-c891-46fd-8f5c-72bc827f2ef5:20160407213829.939:1166</Value>
          <Value>objectClass:1166:1:55a73700-c891-46fd-8f5c-72bc827f2ef5:20160407213829.939:1166</Value>
          <Value>objectGUID:1166:1:55a73700-c891-46fd-8f5c-72bc827f2ef5:20160407213829.939:1166</Value>
          <Value>oMSyntax:1166:1:55a73700-c891-46fd-8f5c-72bc827f2ef5:20160407213829.939:1166</Value>
          <Value>schemaIDGUID:1166:1:55a73700-c891-46fd-8f5c-72bc827f2ef5:20160407213829.939:1166</Value>
          <Value>uSNChanged:1166:1:55a73700-c891-46fd-8f5c-72bc827f2ef5:20160407213829.939:1166</Value>
          <Value>uSNCreated:1166:1:55a73700-c891-46fd-8f5c-72bc827f2ef5:20160407213829.939:1166</Value>
          <Value>vmwAttributeUsage:1166:1:55a73700-c891-46fd-8f5c-72bc827f2ef5:20160407213829.939:1166</Value>
        </AttributeMetadata>
      </AttributeSchemaEntry>
      <AttributeSchemaEntry>
        <Name>msTSMaxIdleTime</Name>
        <AttributeMetadata>
          <Value>attributeID:621:1:55a73700-c891-46fd-8f5c-72bc827f2ef5:20160407213828.979:621</Value>
          <Value>attributeSyntax:621:1:55a73700-c891-46fd-8f5c-72bc827f2ef5:20160407213828.979:621</Value>
          <Value>cn:621:1:55a73700-c891-46fd-8f5c-72bc827f2ef5:20160407213828.979:621</Value>
          <Value>createTimeStamp:621:1:55a73700-c891-46fd-8f5c-72bc827f2ef5:20160407213828.979:621</Value>
          <Value>entryDN:621:1:55a73700-c891-46fd-8f5c-72bc827f2ef5:20160407213828.979:621</Value>
          <Value>isSingleValued:621:1:55a73700-c891-46fd-8f5c-72bc827f2ef5:20160407213828.979:621</Value>
          <Value>lDAPDisplayName:621:1:55a73700-c891-46fd-8f5c-72bc827f2ef5:20160407213828.979:621</Value>
          <Value>modifyTimeStamp:621:1:55a73700-c891-46fd-8f5c-72bc827f2ef5:20160407213828.979:621</Value>
          <Value>objectClass:621:1:55a73700-c891-46fd-8f5c-72bc827f2ef5:20160407213828.979:621</Value>
          <Value>objectGUID:621:1:55a73700-c891-46fd-8f5c-72bc827f2ef5:20160407213828.979:621</Value>
          <Value>oMSyntax:621:1:55a73700-c891-46fd-8f5c-72bc827f2ef5:20160407213828.979:621</Value>
          <Value>schemaIDGUID:621:1:55a73700-c891-46fd-8f5c-72bc827f2ef5:20160407213828.979:621</Value>
          <Value>uSNChanged:621:1:55a73700-c891-46fd-8f5c-72bc827f2ef5:20160407213828.979:621</Value>
          <Value>uSNCreated:621:1:55a73700-c891-46fd-8f5c-72bc827f2ef5:20160407213828.979:621</Value>
          <Value>vmwAttributeUsage:621:1:55a73700-c891-46fd-8f5c-72bc827f2ef5:20160407213828.979:621</Value>
        </AttributeMetadata>
      </AttributeSchemaEntry>
      <AttributeSchemaEntry>
        <Name>msTSPrimaryDesktop</Name>
        <AttributeMetadata>
          <Value>attributeID:1326:1:55a73700-c891-46fd-8f5c-72bc827f2ef5:20160407213830.205:1326</Value>
          <Value>attributeSyntax:1326:1:55a73700-c891-46fd-8f5c-72bc827f2ef5:20160407213830.205:1326</Value>
          <Value>cn:1326:1:55a73700-c891-46fd-8f5c-72bc827f2ef5:20160407213830.205:1326</Value>
          <Value>createTimeStamp:1326:1:55a73700-c891-46fd-8f5c-72bc827f2ef5:20160407213830.205:1326</Value>
          <Value>entryDN:1326:1:55a73700-c891-46fd-8f5c-72bc827f2ef5:20160407213830.205:1326</Value>
          <Value>isSingleValued:1326:1:55a73700-c891-46fd-8f5c-72bc827f2ef5:20160407213830.205:1326</Value>
          <Value>lDAPDisplayName:1326:1:55a73700-c891-46fd-8f5c-72bc827f2ef5:20160407213830.205:1326</Value>
          <Value>modifyTimeStamp:1326:1:55a73700-c891-46fd-8f5c-72bc827f2ef5:20160407213830.205:1326</Value>
          <Value>objectClass:1326:1:55a73700-c891-46fd-8f5c-72bc827f2ef5:20160407213830.205:1326</Value>
          <Value>objectGUID:1326:1:55a73700-c891-46fd-8f5c-72bc827f2ef5:20160407213830.205:1326</Value>
          <Value>oMSyntax:1326:1:55a73700-c891-46fd-8f5c-72bc827f2ef5:20160407213830.205:1326</Value>
          <Value>schemaIDGUID:1326:1:55a73700-c891-46fd-8f5c-72bc827f2ef5:20160407213830.205:1326</Value>
          <Value>uSNChanged:1326:1:55a73700-c891-46fd-8f5c-72bc827f2ef5:20160407213830.205:1326</Value>
          <Value>uSNCreated:1326:1:55a73700-c891-46fd-8f5c-72bc827f2ef5:20160407213830.205:1326</Value>
          <Value>vmwAttributeUsage:1326:1:55a73700-c891-46fd-8f5c-72bc827f2ef5:20160407213830.205:1326</Value>
        </AttributeMetadata>
      </AttributeSchemaEntry>
      <AttributeSchemaEntry>
        <Name>msTSPrimaryDesktopBL</Name>
        <AttributeMetadata>
          <Value>attributeID:552:1:55a73700-c891-46fd-8f5c-72bc827f2ef5:20160407213828.862:552</Value>
          <Value>attributeSyntax:552:1:55a73700-c891-46fd-8f5c-72bc827f2ef5:20160407213828.862:552</Value>
          <Value>cn:552:1:55a73700-c891-46fd-8f5c-72bc827f2ef5:20160407213828.862:552</Value>
          <Value>createTimeStamp:552:1:55a73700-c891-46fd-8f5c-72bc827f2ef5:20160407213828.862:552</Value>
          <Value>entryDN:552:1:55a73700-c891-46fd-8f5c-72bc827f2ef5:20160407213828.862:552</Value>
          <Value>isSingleValued:552:1:55a73700-c891-46fd-8f5c-72bc827f2ef5:20160407213828.862:552</Value>
          <Value>lDAPDisplayName:552:1:55a73700-c891-46fd-8f5c-72bc827f2ef5:20160407213828.862:552</Value>
          <Value>modifyTimeStamp:552:1:55a73700-c891-46fd-8f5c-72bc827f2ef5:20160407213828.862:552</Value>
          <Value>objectClass:552:1:55a73700-c891-46fd-8f5c-72bc827f2ef5:20160407213828.862:552</Value>
          <Value>objectGUID:552:1:55a73700-c891-46fd-8f5c-72bc827f2ef5:20160407213828.862:552</Value>
          <Value>oMSyntax:552:1:55a73700-c891-46fd-8f5c-72bc827f2ef5:20160407213828.862:552</Value>
          <Value>schemaIDGUID:552:1:55a73700-c891-46fd-8f5c-72bc827f2ef5:20160407213828.862:552</Value>
          <Value>uSNChanged:552:1:55a73700-c891-46fd-8f5c-72bc827f2ef5:20160407213828.862:552</Value>
          <Value>uSNCreated:552:1:55a73700-c891-46fd-8f5c-72bc827f2ef5:20160407213828.862:552</Value>
          <Value>vmwAttributeUsage:552:1:55a73700-c891-46fd-8f5c-72bc827f2ef5:20160407213828.862:552</Value>
        </AttributeMetadata>
      </AttributeSchemaEntry>
      <AttributeSchemaEntry>
        <Name>msTSProfilePath</Name>
        <AttributeMetadata>
          <Value>attributeID:958:1:55a73700-c891-46fd-8f5c-72bc827f2ef5:20160407213829.561:958</Value>
          <Value>attributeSyntax:958:1:55a73700-c891-46fd-8f5c-72bc827f2ef5:20160407213829.561:958</Value>
          <Value>cn:958:1:55a73700-c891-46fd-8f5c-72bc827f2ef5:20160407213829.561:958</Value>
          <Value>createTimeStamp:958:1:55a73700-c891-46fd-8f5c-72bc827f2ef5:20160407213829.561:958</Value>
          <Value>entryDN:958:1:55a73700-c891-46fd-8f5c-72bc827f2ef5:20160407213829.561:958</Value>
          <Value>isSingleValued:958:1:55a73700-c891-46fd-8f5c-72bc827f2ef5:20160407213829.561:958</Value>
          <Value>lDAPDisplayName:958:1:55a73700-c891-46fd-8f5c-72bc827f2ef5:20160407213829.561:958</Value>
          <Value>modifyTimeStamp:958:1:55a73700-c891-46fd-8f5c-72bc827f2ef5:20160407213829.561:958</Value>
          <Value>objectClass:958:1:55a73700-c891-46fd-8f5c-72bc827f2ef5:20160407213829.561:958</Value>
          <Value>objectGUID:958:1:55a73700-c891-46fd-8f5c-72bc827f2ef5:20160407213829.561:958</Value>
          <Value>oMSyntax:958:1:55a73700-c891-46fd-8f5c-72bc827f2ef5:20160407213829.561:958</Value>
          <Value>schemaIDGUID:958:1:55a73700-c891-46fd-8f5c-72bc827f2ef5:20160407213829.561:958</Value>
          <Value>uSNChanged:958:1:55a73700-c891-46fd-8f5c-72bc827f2ef5:20160407213829.561:958</Value>
          <Value>uSNCreated:958:1:55a73700-c891-46fd-8f5c-72bc827f2ef5:20160407213829.561:958</Value>
          <Value>vmwAttributeUsage:958:1:55a73700-c891-46fd-8f5c-72bc827f2ef5:20160407213829.561:958</Value>
        </AttributeMetadata>
      </AttributeSchemaEntry>
      <AttributeSchemaEntry>
        <Name>msTSProperty01</Name>
        <AttributeMetadata>
          <Value>attributeID:782:1:55a73700-c891-46fd-8f5c-72bc827f2ef5:20160407213829.264:782</Value>
          <Value>attributeSyntax:782:1:55a73700-c891-46fd-8f5c-72bc827f2ef5:20160407213829.264:782</Value>
          <Value>cn:782:1:55a73700-c891-46fd-8f5c-72bc827f2ef5:20160407213829.264:782</Value>
          <Value>createTimeStamp:782:1:55a73700-c891-46fd-8f5c-72bc827f2ef5:20160407213829.264:782</Value>
          <Value>entryDN:782:1:55a73700-c891-46fd-8f5c-72bc827f2ef5:20160407213829.264:782</Value>
          <Value>isSingleValued:782:1:55a73700-c891-46fd-8f5c-72bc827f2ef5:20160407213829.264:782</Value>
          <Value>lDAPDisplayName:782:1:55a73700-c891-46fd-8f5c-72bc827f2ef5:20160407213829.264:782</Value>
          <Value>modifyTimeStamp:782:1:55a73700-c891-46fd-8f5c-72bc827f2ef5:20160407213829.264:782</Value>
          <Value>objectClass:782:1:55a73700-c891-46fd-8f5c-72bc827f2ef5:20160407213829.264:782</Value>
          <Value>objectGUID:782:1:55a73700-c891-46fd-8f5c-72bc827f2ef5:20160407213829.264:782</Value>
          <Value>oMSyntax:782:1:55a73700-c891-46fd-8f5c-72bc827f2ef5:20160407213829.264:782</Value>
          <Value>schemaIDGUID:782:1:55a73700-c891-46fd-8f5c-72bc827f2ef5:20160407213829.264:782</Value>
          <Value>uSNChanged:782:1:55a73700-c891-46fd-8f5c-72bc827f2ef5:20160407213829.264:782</Value>
          <Value>uSNCreated:782:1:55a73700-c891-46fd-8f5c-72bc827f2ef5:20160407213829.264:782</Value>
          <Value>vmwAttributeUsage:782:1:55a73700-c891-46fd-8f5c-72bc827f2ef5:20160407213829.264:782</Value>
        </AttributeMetadata>
      </AttributeSchemaEntry>
      <AttributeSchemaEntry>
        <Name>msTSProperty02</Name>
        <AttributeMetadata>
          <Value>attributeID:784:1:55a73700-c891-46fd-8f5c-72bc827f2ef5:20160407213829.267:784</Value>
          <Value>attributeSyntax:784:1:55a73700-c891-46fd-8f5c-72bc827f2ef5:20160407213829.267:784</Value>
          <Value>cn:784:1:55a73700-c891-46fd-8f5c-72bc827f2ef5:20160407213829.267:784</Value>
          <Value>createTimeStamp:784:1:55a73700-c891-46fd-8f5c-72bc827f2ef5:20160407213829.267:784</Value>
          <Value>entryDN:784:1:55a73700-c891-46fd-8f5c-72bc827f2ef5:20160407213829.267:784</Value>
          <Value>isSingleValued:784:1:55a73700-c891-46fd-8f5c-72bc827f2ef5:20160407213829.267:784</Value>
          <Value>lDAPDisplayName:784:1:55a73700-c891-46fd-8f5c-72bc827f2ef5:20160407213829.267:784</Value>
          <Value>modifyTimeStamp:784:1:55a73700-c891-46fd-8f5c-72bc827f2ef5:20160407213829.267:784</Value>
          <Value>objectClass:784:1:55a73700-c891-46fd-8f5c-72bc827f2ef5:20160407213829.267:784</Value>
          <Value>objectGUID:784:1:55a73700-c891-46fd-8f5c-72bc827f2ef5:20160407213829.267:784</Value>
          <Value>oMSyntax:784:1:55a73700-c891-46fd-8f5c-72bc827f2ef5:20160407213829.267:784</Value>
          <Value>schemaIDGUID:784:1:55a73700-c891-46fd-8f5c-72bc827f2ef5:20160407213829.267:784</Value>
          <Value>uSNChanged:784:1:55a73700-c891-46fd-8f5c-72bc827f2ef5:20160407213829.267:784</Value>
          <Value>uSNCreated:784:1:55a73700-c891-46fd-8f5c-72bc827f2ef5:20160407213829.267:784</Value>
          <Value>vmwAttributeUsage:784:1:55a73700-c891-46fd-8f5c-72bc827f2ef5:20160407213829.267:784</Value>
        </AttributeMetadata>
      </AttributeSchemaEntry>
      <AttributeSchemaEntry>
        <Name>msTSReconnectionAction</Name>
        <AttributeMetadata>
          <Value>attributeID:130:1:55a73700-c891-46fd-8f5c-72bc827f2ef5:20160407213828.218:130</Value>
          <Value>attributeSyntax:130:1:55a73700-c891-46fd-8f5c-72bc827f2ef5:20160407213828.218:130</Value>
          <Value>cn:130:1:55a73700-c891-46fd-8f5c-72bc827f2ef5:20160407213828.218:130</Value>
          <Value>createTimeStamp:130:1:55a73700-c891-46fd-8f5c-72bc827f2ef5:20160407213828.218:130</Value>
          <Value>entryDN:130:1:55a73700-c891-46fd-8f5c-72bc827f2ef5:20160407213828.218:130</Value>
          <Value>isSingleValued:130:1:55a73700-c891-46fd-8f5c-72bc827f2ef5:20160407213828.218:130</Value>
          <Value>lDAPDisplayName:130:1:55a73700-c891-46fd-8f5c-72bc827f2ef5:20160407213828.218:130</Value>
          <Value>modifyTimeStamp:130:1:55a73700-c891-46fd-8f5c-72bc827f2ef5:20160407213828.218:130</Value>
          <Value>objectClass:130:1:55a73700-c891-46fd-8f5c-72bc827f2ef5:20160407213828.218:130</Value>
          <Value>objectGUID:130:1:55a73700-c891-46fd-8f5c-72bc827f2ef5:20160407213828.218:130</Value>
          <Value>oMSyntax:130:1:55a73700-c891-46fd-8f5c-72bc827f2ef5:20160407213828.218:130</Value>
          <Value>schemaIDGUID:130:1:55a73700-c891-46fd-8f5c-72bc827f2ef5:20160407213828.218:130</Value>
          <Value>uSNChanged:130:1:55a73700-c891-46fd-8f5c-72bc827f2ef5:20160407213828.218:130</Value>
          <Value>uSNCreated:130:1:55a73700-c891-46fd-8f5c-72bc827f2ef5:20160407213828.218:130</Value>
          <Value>vmwAttributeUsage:130:1:55a73700-c891-46fd-8f5c-72bc827f2ef5:20160407213828.218:130</Value>
        </AttributeMetadata>
      </AttributeSchemaEntry>
      <AttributeSchemaEntry>
        <Name>msTSRemoteControl</Name>
        <AttributeMetadata>
          <Value>attributeID:533:1:55a73700-c891-46fd-8f5c-72bc827f2ef5:20160407213828.832:533</Value>
          <Value>attributeSyntax:533:1:55a73700-c891-46fd-8f5c-72bc827f2ef5:20160407213828.832:533</Value>
          <Value>cn:533:1:55a73700-c891-46fd-8f5c-72bc827f2ef5:20160407213828.832:533</Value>
          <Value>createTimeStamp:533:1:55a73700-c891-46fd-8f5c-72bc827f2ef5:20160407213828.832:533</Value>
          <Value>entryDN:533:1:55a73700-c891-46fd-8f5c-72bc827f2ef5:20160407213828.832:533</Value>
          <Value>isSingleValued:533:1:55a73700-c891-46fd-8f5c-72bc827f2ef5:20160407213828.832:533</Value>
          <Value>lDAPDisplayName:533:1:55a73700-c891-46fd-8f5c-72bc827f2ef5:20160407213828.832:533</Value>
          <Value>modifyTimeStamp:533:1:55a73700-c891-46fd-8f5c-72bc827f2ef5:20160407213828.832:533</Value>
          <Value>objectClass:533:1:55a73700-c891-46fd-8f5c-72bc827f2ef5:20160407213828.832:533</Value>
          <Value>objectGUID:533:1:55a73700-c891-46fd-8f5c-72bc827f2ef5:20160407213828.832:533</Value>
          <Value>oMSyntax:533:1:55a73700-c891-46fd-8f5c-72bc827f2ef5:20160407213828.832:533</Value>
          <Value>schemaIDGUID:533:1:55a73700-c891-46fd-8f5c-72bc827f2ef5:20160407213828.832:533</Value>
          <Value>uSNChanged:533:1:55a73700-c891-46fd-8f5c-72bc827f2ef5:20160407213828.832:533</Value>
          <Value>uSNCreated:533:1:55a73700-c891-46fd-8f5c-72bc827f2ef5:20160407213828.832:533</Value>
          <Value>vmwAttributeUsage:533:1:55a73700-c891-46fd-8f5c-72bc827f2ef5:20160407213828.832:533</Value>
        </AttributeMetadata>
      </AttributeSchemaEntry>
      <AttributeSchemaEntry>
        <Name>msTSSecondaryDesktopBL</Name>
        <AttributeMetadata>
          <Value>attributeID:1138:1:55a73700-c891-46fd-8f5c-72bc827f2ef5:20160407213829.887:1138</Value>
          <Value>attributeSyntax:1138:1:55a73700-c891-46fd-8f5c-72bc827f2ef5:20160407213829.887:1138</Value>
          <Value>cn:1138:1:55a73700-c891-46fd-8f5c-72bc827f2ef5:20160407213829.887:1138</Value>
          <Value>createTimeStamp:1138:1:55a73700-c891-46fd-8f5c-72bc827f2ef5:20160407213829.887:1138</Value>
          <Value>entryDN:1138:1:55a73700-c891-46fd-8f5c-72bc827f2ef5:20160407213829.887:1138</Value>
          <Value>isSingleValued:1138:1:55a73700-c891-46fd-8f5c-72bc827f2ef5:20160407213829.887:1138</Value>
          <Value>lDAPDisplayName:1138:1:55a73700-c891-46fd-8f5c-72bc827f2ef5:20160407213829.887:1138</Value>
          <Value>modifyTimeStamp:1138:1:55a73700-c891-46fd-8f5c-72bc827f2ef5:20160407213829.887:1138</Value>
          <Value>objectClass:1138:1:55a73700-c891-46fd-8f5c-72bc827f2ef5:20160407213829.887:1138</Value>
          <Value>objectGUID:1138:1:55a73700-c891-46fd-8f5c-72bc827f2ef5:20160407213829.887:1138</Value>
          <Value>oMSyntax:1138:1:55a73700-c891-46fd-8f5c-72bc827f2ef5:20160407213829.887:1138</Value>
          <Value>schemaIDGUID:1138:1:55a73700-c891-46fd-8f5c-72bc827f2ef5:20160407213829.887:1138</Value>
          <Value>uSNChanged:1138:1:55a73700-c891-46fd-8f5c-72bc827f2ef5:20160407213829.887:1138</Value>
          <Value>uSNCreated:1138:1:55a73700-c891-46fd-8f5c-72bc827f2ef5:20160407213829.887:1138</Value>
          <Value>vmwAttributeUsage:1138:1:55a73700-c891-46fd-8f5c-72bc827f2ef5:20160407213829.887:1138</Value>
        </AttributeMetadata>
      </AttributeSchemaEntry>
      <AttributeSchemaEntry>
        <Name>msTSSecondaryDesktops</Name>
        <AttributeMetadata>
          <Value>attributeID:523:1:55a73700-c891-46fd-8f5c-72bc827f2ef5:20160407213828.821:523</Value>
          <Value>attributeSyntax:523:1:55a73700-c891-46fd-8f5c-72bc827f2ef5:20160407213828.821:523</Value>
          <Value>cn:523:1:55a73700-c891-46fd-8f5c-72bc827f2ef5:20160407213828.821:523</Value>
          <Value>createTimeStamp:523:1:55a73700-c891-46fd-8f5c-72bc827f2ef5:20160407213828.821:523</Value>
          <Value>entryDN:523:1:55a73700-c891-46fd-8f5c-72bc827f2ef5:20160407213828.821:523</Value>
          <Value>isSingleValued:523:1:55a73700-c891-46fd-8f5c-72bc827f2ef5:20160407213828.821:523</Value>
          <Value>lDAPDisplayName:523:1:55a73700-c891-46fd-8f5c-72bc827f2ef5:20160407213828.821:523</Value>
          <Value>modifyTimeStamp:523:1:55a73700-c891-46fd-8f5c-72bc827f2ef5:20160407213828.821:523</Value>
          <Value>objectClass:523:1:55a73700-c891-46fd-8f5c-72bc827f2ef5:20160407213828.821:523</Value>
          <Value>objectGUID:523:1:55a73700-c891-46fd-8f5c-72bc827f2ef5:20160407213828.821:523</Value>
          <Value>oMSyntax:523:1:55a73700-c891-46fd-8f5c-72bc827f2ef5:20160407213828.821:523</Value>
          <Value>schemaIDGUID:523:1:55a73700-c891-46fd-8f5c-72bc827f2ef5:20160407213828.821:523</Value>
          <Value>uSNChanged:523:1:55a73700-c891-46fd-8f5c-72bc827f2ef5:20160407213828.821:523</Value>
          <Value>uSNCreated:523:1:55a73700-c891-46fd-8f5c-72bc827f2ef5:20160407213828.821:523</Value>
          <Value>vmwAttributeUsage:523:1:55a73700-c891-46fd-8f5c-72bc827f2ef5:20160407213828.821:523</Value>
        </AttributeMetadata>
      </AttributeSchemaEntry>
      <AttributeSchemaEntry>
        <Name>msTSWorkDirectory</Name>
        <AttributeMetadata>
          <Value>attributeID:1136:1:55a73700-c891-46fd-8f5c-72bc827f2ef5:20160407213829.885:1136</Value>
          <Value>attributeSyntax:1136:1:55a73700-c891-46fd-8f5c-72bc827f2ef5:20160407213829.885:1136</Value>
          <Value>cn:1136:1:55a73700-c891-46fd-8f5c-72bc827f2ef5:20160407213829.885:1136</Value>
          <Value>createTimeStamp:1136:1:55a73700-c891-46fd-8f5c-72bc827f2ef5:20160407213829.885:1136</Value>
          <Value>entryDN:1136:1:55a73700-c891-46fd-8f5c-72bc827f2ef5:20160407213829.885:1136</Value>
          <Value>isSingleValued:1136:1:55a73700-c891-46fd-8f5c-72bc827f2ef5:20160407213829.885:1136</Value>
          <Value>lDAPDisplayName:1136:1:55a73700-c891-46fd-8f5c-72bc827f2ef5:20160407213829.885:1136</Value>
          <Value>modifyTimeStamp:1136:1:55a73700-c891-46fd-8f5c-72bc827f2ef5:20160407213829.885:1136</Value>
          <Value>objectClass:1136:1:55a73700-c891-46fd-8f5c-72bc827f2ef5:20160407213829.885:1136</Value>
          <Value>objectGUID:1136:1:55a73700-c891-46fd-8f5c-72bc827f2ef5:20160407213829.885:1136</Value>
          <Value>oMSyntax:1136:1:55a73700-c891-46fd-8f5c-72bc827f2ef5:20160407213829.885:1136</Value>
          <Value>schemaIDGUID:1136:1:55a73700-c891-46fd-8f5c-72bc827f2ef5:20160407213829.885:1136</Value>
          <Value>uSNChanged:1136:1:55a73700-c891-46fd-8f5c-72bc827f2ef5:20160407213829.885:1136</Value>
          <Value>uSNCreated:1136:1:55a73700-c891-46fd-8f5c-72bc827f2ef5:20160407213829.885:1136</Value>
          <Value>vmwAttributeUsage:1136:1:55a73700-c891-46fd-8f5c-72bc827f2ef5:20160407213829.885:1136</Value>
        </AttributeMetadata>
      </AttributeSchemaEntry>
      <AttributeSchemaEntry>
        <Name>msWMI-Author</Name>
        <AttributeMetadata>
          <Value>attributeID:1177:1:55a73700-c891-46fd-8f5c-72bc827f2ef5:20160407213829.951:1177</Value>
          <Value>attributeSyntax:1177:1:55a73700-c891-46fd-8f5c-72bc827f2ef5:20160407213829.951:1177</Value>
          <Value>cn:1177:1:55a73700-c891-46fd-8f5c-72bc827f2ef5:20160407213829.951:1177</Value>
          <Value>createTimeStamp:1177:1:55a73700-c891-46fd-8f5c-72bc827f2ef5:20160407213829.951:1177</Value>
          <Value>entryDN:1177:1:55a73700-c891-46fd-8f5c-72bc827f2ef5:20160407213829.951:1177</Value>
          <Value>isSingleValued:1177:1:55a73700-c891-46fd-8f5c-72bc827f2ef5:20160407213829.951:1177</Value>
          <Value>lDAPDisplayName:1177:1:55a73700-c891-46fd-8f5c-72bc827f2ef5:20160407213829.951:1177</Value>
          <Value>modifyTimeStamp:1177:1:55a73700-c891-46fd-8f5c-72bc827f2ef5:20160407213829.951:1177</Value>
          <Value>objectClass:1177:1:55a73700-c891-46fd-8f5c-72bc827f2ef5:20160407213829.951:1177</Value>
          <Value>objectGUID:1177:1:55a73700-c891-46fd-8f5c-72bc827f2ef5:20160407213829.951:1177</Value>
          <Value>oMSyntax:1177:1:55a73700-c891-46fd-8f5c-72bc827f2ef5:20160407213829.951:1177</Value>
          <Value>schemaIDGUID:1177:1:55a73700-c891-46fd-8f5c-72bc827f2ef5:20160407213829.951:1177</Value>
          <Value>uSNChanged:1177:1:55a73700-c891-46fd-8f5c-72bc827f2ef5:20160407213829.951:1177</Value>
          <Value>uSNCreated:1177:1:55a73700-c891-46fd-8f5c-72bc827f2ef5:20160407213829.951:1177</Value>
          <Value>vmwAttributeUsage:1177:1:55a73700-c891-46fd-8f5c-72bc827f2ef5:20160407213829.951:1177</Value>
        </AttributeMetadata>
      </AttributeSchemaEntry>
      <AttributeSchemaEntry>
        <Name>msWMI-ChangeDate</Name>
        <AttributeMetadata>
          <Value>attributeID:949:1:55a73700-c891-46fd-8f5c-72bc827f2ef5:20160407213829.551:949</Value>
          <Value>attributeSyntax:949:1:55a73700-c891-46fd-8f5c-72bc827f2ef5:20160407213829.551:949</Value>
          <Value>cn:949:1:55a73700-c891-46fd-8f5c-72bc827f2ef5:20160407213829.551:949</Value>
          <Value>createTimeStamp:949:1:55a73700-c891-46fd-8f5c-72bc827f2ef5:20160407213829.551:949</Value>
          <Value>entryDN:949:1:55a73700-c891-46fd-8f5c-72bc827f2ef5:20160407213829.551:949</Value>
          <Value>isSingleValued:949:1:55a73700-c891-46fd-8f5c-72bc827f2ef5:20160407213829.551:949</Value>
          <Value>lDAPDisplayName:949:1:55a73700-c891-46fd-8f5c-72bc827f2ef5:20160407213829.551:949</Value>
          <Value>modifyTimeStamp:949:1:55a73700-c891-46fd-8f5c-72bc827f2ef5:20160407213829.551:949</Value>
          <Value>objectClass:949:1:55a73700-c891-46fd-8f5c-72bc827f2ef5:20160407213829.551:949</Value>
          <Value>objectGUID:949:1:55a73700-c891-46fd-8f5c-72bc827f2ef5:20160407213829.551:949</Value>
          <Value>oMSyntax:949:1:55a73700-c891-46fd-8f5c-72bc827f2ef5:20160407213829.551:949</Value>
          <Value>schemaIDGUID:949:1:55a73700-c891-46fd-8f5c-72bc827f2ef5:20160407213829.551:949</Value>
          <Value>uSNChanged:949:1:55a73700-c891-46fd-8f5c-72bc827f2ef5:20160407213829.551:949</Value>
          <Value>uSNCreated:949:1:55a73700-c891-46fd-8f5c-72bc827f2ef5:20160407213829.551:949</Value>
          <Value>vmwAttributeUsage:949:1:55a73700-c891-46fd-8f5c-72bc827f2ef5:20160407213829.551:949</Value>
        </AttributeMetadata>
      </AttributeSchemaEntry>
      <AttributeSchemaEntry>
        <Name>msWMI-Class</Name>
        <AttributeMetadata>
          <Value>attributeID:175:1:55a73700-c891-46fd-8f5c-72bc827f2ef5:20160407213828.291:175</Value>
          <Value>attributeSyntax:175:1:55a73700-c891-46fd-8f5c-72bc827f2ef5:20160407213828.291:175</Value>
          <Value>cn:175:1:55a73700-c891-46fd-8f5c-72bc827f2ef5:20160407213828.291:175</Value>
          <Value>createTimeStamp:175:1:55a73700-c891-46fd-8f5c-72bc827f2ef5:20160407213828.291:175</Value>
          <Value>entryDN:175:1:55a73700-c891-46fd-8f5c-72bc827f2ef5:20160407213828.291:175</Value>
          <Value>isSingleValued:175:1:55a73700-c891-46fd-8f5c-72bc827f2ef5:20160407213828.291:175</Value>
          <Value>lDAPDisplayName:175:1:55a73700-c891-46fd-8f5c-72bc827f2ef5:20160407213828.291:175</Value>
          <Value>modifyTimeStamp:175:1:55a73700-c891-46fd-8f5c-72bc827f2ef5:20160407213828.291:175</Value>
          <Value>objectClass:175:1:55a73700-c891-46fd-8f5c-72bc827f2ef5:20160407213828.291:175</Value>
          <Value>objectGUID:175:1:55a73700-c891-46fd-8f5c-72bc827f2ef5:20160407213828.291:175</Value>
          <Value>oMSyntax:175:1:55a73700-c891-46fd-8f5c-72bc827f2ef5:20160407213828.291:175</Value>
          <Value>schemaIDGUID:175:1:55a73700-c891-46fd-8f5c-72bc827f2ef5:20160407213828.291:175</Value>
          <Value>uSNChanged:175:1:55a73700-c891-46fd-8f5c-72bc827f2ef5:20160407213828.291:175</Value>
          <Value>uSNCreated:175:1:55a73700-c891-46fd-8f5c-72bc827f2ef5:20160407213828.291:175</Value>
          <Value>vmwAttributeUsage:175:1:55a73700-c891-46fd-8f5c-72bc827f2ef5:20160407213828.291:175</Value>
        </AttributeMetadata>
      </AttributeSchemaEntry>
      <AttributeSchemaEntry>
        <Name>msWMI-ClassDefinition</Name>
        <AttributeMetadata>
          <Value>attributeID:727:1:55a73700-c891-46fd-8f5c-72bc827f2ef5:20160407213829.167:727</Value>
          <Value>attributeSyntax:727:1:55a73700-c891-46fd-8f5c-72bc827f2ef5:20160407213829.167:727</Value>
          <Value>cn:727:1:55a73700-c891-46fd-8f5c-72bc827f2ef5:20160407213829.167:727</Value>
          <Value>createTimeStamp:727:1:55a73700-c891-46fd-8f5c-72bc827f2ef5:20160407213829.167:727</Value>
          <Value>entryDN:727:1:55a73700-c891-46fd-8f5c-72bc827f2ef5:20160407213829.167:727</Value>
          <Value>isSingleValued:727:1:55a73700-c891-46fd-8f5c-72bc827f2ef5:20160407213829.167:727</Value>
          <Value>lDAPDisplayName:727:1:55a73700-c891-46fd-8f5c-72bc827f2ef5:20160407213829.167:727</Value>
          <Value>modifyTimeStamp:727:1:55a73700-c891-46fd-8f5c-72bc827f2ef5:20160407213829.167:727</Value>
          <Value>objectClass:727:1:55a73700-c891-46fd-8f5c-72bc827f2ef5:20160407213829.167:727</Value>
          <Value>objectGUID:727:1:55a73700-c891-46fd-8f5c-72bc827f2ef5:20160407213829.167:727</Value>
          <Value>oMSyntax:727:1:55a73700-c891-46fd-8f5c-72bc827f2ef5:20160407213829.167:727</Value>
          <Value>schemaIDGUID:727:1:55a73700-c891-46fd-8f5c-72bc827f2ef5:20160407213829.167:727</Value>
          <Value>uSNChanged:727:1:55a73700-c891-46fd-8f5c-72bc827f2ef5:20160407213829.167:727</Value>
          <Value>uSNCreated:727:1:55a73700-c891-46fd-8f5c-72bc827f2ef5:20160407213829.167:727</Value>
          <Value>vmwAttributeUsage:727:1:55a73700-c891-46fd-8f5c-72bc827f2ef5:20160407213829.167:727</Value>
        </AttributeMetadata>
      </AttributeSchemaEntry>
      <AttributeSchemaEntry>
        <Name>msWMI-CreationDate</Name>
        <AttributeMetadata>
          <Value>attributeID:1070:1:55a73700-c891-46fd-8f5c-72bc827f2ef5:20160407213829.759:1070</Value>
          <Value>attributeSyntax:1070:1:55a73700-c891-46fd-8f5c-72bc827f2ef5:20160407213829.759:1070</Value>
          <Value>cn:1070:1:55a73700-c891-46fd-8f5c-72bc827f2ef5:20160407213829.759:1070</Value>
          <Value>createTimeStamp:1070:1:55a73700-c891-46fd-8f5c-72bc827f2ef5:20160407213829.759:1070</Value>
          <Value>entryDN:1070:1:55a73700-c891-46fd-8f5c-72bc827f2ef5:20160407213829.759:1070</Value>
          <Value>isSingleValued:1070:1:55a73700-c891-46fd-8f5c-72bc827f2ef5:20160407213829.759:1070</Value>
          <Value>lDAPDisplayName:1070:1:55a73700-c891-46fd-8f5c-72bc827f2ef5:20160407213829.759:1070</Value>
          <Value>modifyTimeStamp:1070:1:55a73700-c891-46fd-8f5c-72bc827f2ef5:20160407213829.759:1070</Value>
          <Value>objectClass:1070:1:55a73700-c891-46fd-8f5c-72bc827f2ef5:20160407213829.759:1070</Value>
          <Value>objectGUID:1070:1:55a73700-c891-46fd-8f5c-72bc827f2ef5:20160407213829.759:1070</Value>
          <Value>oMSyntax:1070:1:55a73700-c891-46fd-8f5c-72bc827f2ef5:20160407213829.759:1070</Value>
          <Value>schemaIDGUID:1070:1:55a73700-c891-46fd-8f5c-72bc827f2ef5:20160407213829.759:1070</Value>
          <Value>uSNChanged:1070:1:55a73700-c891-46fd-8f5c-72bc827f2ef5:20160407213829.759:1070</Value>
          <Value>uSNCreated:1070:1:55a73700-c891-46fd-8f5c-72bc827f2ef5:20160407213829.759:1070</Value>
          <Value>vmwAttributeUsage:1070:1:55a73700-c891-46fd-8f5c-72bc827f2ef5:20160407213829.759:1070</Value>
        </AttributeMetadata>
      </AttributeSchemaEntry>
      <AttributeSchemaEntry>
        <Name>msWMI-Genus</Name>
        <AttributeMetadata>
          <Value>attributeID:1123:1:55a73700-c891-46fd-8f5c-72bc827f2ef5:20160407213829.861:1123</Value>
          <Value>attributeSyntax:1123:1:55a73700-c891-46fd-8f5c-72bc827f2ef5:20160407213829.861:1123</Value>
          <Value>cn:1123:1:55a73700-c891-46fd-8f5c-72bc827f2ef5:20160407213829.861:1123</Value>
          <Value>createTimeStamp:1123:1:55a73700-c891-46fd-8f5c-72bc827f2ef5:20160407213829.861:1123</Value>
          <Value>entryDN:1123:1:55a73700-c891-46fd-8f5c-72bc827f2ef5:20160407213829.861:1123</Value>
          <Value>isSingleValued:1123:1:55a73700-c891-46fd-8f5c-72bc827f2ef5:20160407213829.861:1123</Value>
          <Value>lDAPDisplayName:1123:1:55a73700-c891-46fd-8f5c-72bc827f2ef5:20160407213829.861:1123</Value>
          <Value>modifyTimeStamp:1123:1:55a73700-c891-46fd-8f5c-72bc827f2ef5:20160407213829.861:1123</Value>
          <Value>objectClass:1123:1:55a73700-c891-46fd-8f5c-72bc827f2ef5:20160407213829.861:1123</Value>
          <Value>objectGUID:1123:1:55a73700-c891-46fd-8f5c-72bc827f2ef5:20160407213829.861:1123</Value>
          <Value>oMSyntax:1123:1:55a73700-c891-46fd-8f5c-72bc827f2ef5:20160407213829.861:1123</Value>
          <Value>schemaIDGUID:1123:1:55a73700-c891-46fd-8f5c-72bc827f2ef5:20160407213829.861:1123</Value>
          <Value>uSNChanged:1123:1:55a73700-c891-46fd-8f5c-72bc827f2ef5:20160407213829.861:1123</Value>
          <Value>uSNCreated:1123:1:55a73700-c891-46fd-8f5c-72bc827f2ef5:20160407213829.861:1123</Value>
          <Value>vmwAttributeUsage:1123:1:55a73700-c891-46fd-8f5c-72bc827f2ef5:20160407213829.861:1123</Value>
        </AttributeMetadata>
      </AttributeSchemaEntry>
      <AttributeSchemaEntry>
        <Name>msWMI-ID</Name>
        <AttributeMetadata>
          <Value>attributeID:513:1:55a73700-c891-46fd-8f5c-72bc827f2ef5:20160407213828.801:513</Value>
          <Value>attributeSyntax:513:1:55a73700-c891-46fd-8f5c-72bc827f2ef5:20160407213828.801:513</Value>
          <Value>cn:513:1:55a73700-c891-46fd-8f5c-72bc827f2ef5:20160407213828.801:513</Value>
          <Value>createTimeStamp:513:1:55a73700-c891-46fd-8f5c-72bc827f2ef5:20160407213828.801:513</Value>
          <Value>entryDN:513:1:55a73700-c891-46fd-8f5c-72bc827f2ef5:20160407213828.801:513</Value>
          <Value>isSingleValued:513:1:55a73700-c891-46fd-8f5c-72bc827f2ef5:20160407213828.801:513</Value>
          <Value>lDAPDisplayName:513:1:55a73700-c891-46fd-8f5c-72bc827f2ef5:20160407213828.801:513</Value>
          <Value>modifyTimeStamp:513:1:55a73700-c891-46fd-8f5c-72bc827f2ef5:20160407213828.801:513</Value>
          <Value>objectClass:513:1:55a73700-c891-46fd-8f5c-72bc827f2ef5:20160407213828.801:513</Value>
          <Value>objectGUID:513:1:55a73700-c891-46fd-8f5c-72bc827f2ef5:20160407213828.801:513</Value>
          <Value>oMSyntax:513:1:55a73700-c891-46fd-8f5c-72bc827f2ef5:20160407213828.801:513</Value>
          <Value>schemaIDGUID:513:1:55a73700-c891-46fd-8f5c-72bc827f2ef5:20160407213828.801:513</Value>
          <Value>uSNChanged:513:1:55a73700-c891-46fd-8f5c-72bc827f2ef5:20160407213828.801:513</Value>
          <Value>uSNCreated:513:1:55a73700-c891-46fd-8f5c-72bc827f2ef5:20160407213828.801:513</Value>
          <Value>vmwAttributeUsage:513:1:55a73700-c891-46fd-8f5c-72bc827f2ef5:20160407213828.801:513</Value>
        </AttributeMetadata>
      </AttributeSchemaEntry>
      <AttributeSchemaEntry>
        <Name>msWMI-Int8Default</Name>
        <AttributeMetadata>
          <Value>attributeID:140:1:55a73700-c891-46fd-8f5c-72bc827f2ef5:20160407213828.238:140</Value>
          <Value>attributeSyntax:140:1:55a73700-c891-46fd-8f5c-72bc827f2ef5:20160407213828.238:140</Value>
          <Value>cn:140:1:55a73700-c891-46fd-8f5c-72bc827f2ef5:20160407213828.238:140</Value>
          <Value>createTimeStamp:140:1:55a73700-c891-46fd-8f5c-72bc827f2ef5:20160407213828.238:140</Value>
          <Value>entryDN:140:1:55a73700-c891-46fd-8f5c-72bc827f2ef5:20160407213828.238:140</Value>
          <Value>isSingleValued:140:1:55a73700-c891-46fd-8f5c-72bc827f2ef5:20160407213828.238:140</Value>
          <Value>lDAPDisplayName:140:1:55a73700-c891-46fd-8f5c-72bc827f2ef5:20160407213828.238:140</Value>
          <Value>modifyTimeStamp:140:1:55a73700-c891-46fd-8f5c-72bc827f2ef5:20160407213828.238:140</Value>
          <Value>objectClass:140:1:55a73700-c891-46fd-8f5c-72bc827f2ef5:20160407213828.238:140</Value>
          <Value>objectGUID:140:1:55a73700-c891-46fd-8f5c-72bc827f2ef5:20160407213828.238:140</Value>
          <Value>oMSyntax:140:1:55a73700-c891-46fd-8f5c-72bc827f2ef5:20160407213828.238:140</Value>
          <Value>schemaIDGUID:140:1:55a73700-c891-46fd-8f5c-72bc827f2ef5:20160407213828.238:140</Value>
          <Value>uSNChanged:140:1:55a73700-c891-46fd-8f5c-72bc827f2ef5:20160407213828.238:140</Value>
          <Value>uSNCreated:140:1:55a73700-c891-46fd-8f5c-72bc827f2ef5:20160407213828.238:140</Value>
          <Value>vmwAttributeUsage:140:1:55a73700-c891-46fd-8f5c-72bc827f2ef5:20160407213828.238:140</Value>
        </AttributeMetadata>
      </AttributeSchemaEntry>
      <AttributeSchemaEntry>
        <Name>msWMI-Int8Max</Name>
        <AttributeMetadata>
          <Value>attributeID:1031:1:55a73700-c891-46fd-8f5c-72bc827f2ef5:20160407213829.680:1031</Value>
          <Value>attributeSyntax:1031:1:55a73700-c891-46fd-8f5c-72bc827f2ef5:20160407213829.680:1031</Value>
          <Value>cn:1031:1:55a73700-c891-46fd-8f5c-72bc827f2ef5:20160407213829.680:1031</Value>
          <Value>createTimeStamp:1031:1:55a73700-c891-46fd-8f5c-72bc827f2ef5:20160407213829.680:1031</Value>
          <Value>entryDN:1031:1:55a73700-c891-46fd-8f5c-72bc827f2ef5:20160407213829.680:1031</Value>
          <Value>isSingleValued:1031:1:55a73700-c891-46fd-8f5c-72bc827f2ef5:20160407213829.680:1031</Value>
          <Value>lDAPDisplayName:1031:1:55a73700-c891-46fd-8f5c-72bc827f2ef5:20160407213829.680:1031</Value>
          <Value>modifyTimeStamp:1031:1:55a73700-c891-46fd-8f5c-72bc827f2ef5:20160407213829.680:1031</Value>
          <Value>objectClass:1031:1:55a73700-c891-46fd-8f5c-72bc827f2ef5:20160407213829.680:1031</Value>
          <Value>objectGUID:1031:1:55a73700-c891-46fd-8f5c-72bc827f2ef5:20160407213829.680:1031</Value>
          <Value>oMSyntax:1031:1:55a73700-c891-46fd-8f5c-72bc827f2ef5:20160407213829.680:1031</Value>
          <Value>schemaIDGUID:1031:1:55a73700-c891-46fd-8f5c-72bc827f2ef5:20160407213829.680:1031</Value>
          <Value>uSNChanged:1031:1:55a73700-c891-46fd-8f5c-72bc827f2ef5:20160407213829.680:1031</Value>
          <Value>uSNCreated:1031:1:55a73700-c891-46fd-8f5c-72bc827f2ef5:20160407213829.680:1031</Value>
          <Value>vmwAttributeUsage:1031:1:55a73700-c891-46fd-8f5c-72bc827f2ef5:20160407213829.680:1031</Value>
        </AttributeMetadata>
      </AttributeSchemaEntry>
      <AttributeSchemaEntry>
        <Name>msWMI-Int8Min</Name>
        <AttributeMetadata>
          <Value>attributeID:1224:1:55a73700-c891-46fd-8f5c-72bc827f2ef5:20160407213830.036:1224</Value>
          <Value>attributeSyntax:1224:1:55a73700-c891-46fd-8f5c-72bc827f2ef5:20160407213830.036:1224</Value>
          <Value>cn:1224:1:55a73700-c891-46fd-8f5c-72bc827f2ef5:20160407213830.036:1224</Value>
          <Value>createTimeStamp:1224:1:55a73700-c891-46fd-8f5c-72bc827f2ef5:20160407213830.036:1224</Value>
          <Value>entryDN:1224:1:55a73700-c891-46fd-8f5c-72bc827f2ef5:20160407213830.036:1224</Value>
          <Value>isSingleValued:1224:1:55a73700-c891-46fd-8f5c-72bc827f2ef5:20160407213830.036:1224</Value>
          <Value>lDAPDisplayName:1224:1:55a73700-c891-46fd-8f5c-72bc827f2ef5:20160407213830.036:1224</Value>
          <Value>modifyTimeStamp:1224:1:55a73700-c891-46fd-8f5c-72bc827f2ef5:20160407213830.036:1224</Value>
          <Value>objectClass:1224:1:55a73700-c891-46fd-8f5c-72bc827f2ef5:20160407213830.036:1224</Value>
          <Value>objectGUID:1224:1:55a73700-c891-46fd-8f5c-72bc827f2ef5:20160407213830.036:1224</Value>
          <Value>oMSyntax:1224:1:55a73700-c891-46fd-8f5c-72bc827f2ef5:20160407213830.036:1224</Value>
          <Value>schemaIDGUID:1224:1:55a73700-c891-46fd-8f5c-72bc827f2ef5:20160407213830.036:1224</Value>
          <Value>uSNChanged:1224:1:55a73700-c891-46fd-8f5c-72bc827f2ef5:20160407213830.036:1224</Value>
          <Value>uSNCreated:1224:1:55a73700-c891-46fd-8f5c-72bc827f2ef5:20160407213830.036:1224</Value>
          <Value>vmwAttributeUsage:1224:1:55a73700-c891-46fd-8f5c-72bc827f2ef5:20160407213830.036:1224</Value>
        </AttributeMetadata>
      </AttributeSchemaEntry>
      <AttributeSchemaEntry>
        <Name>msWMI-Int8ValidValues</Name>
        <AttributeMetadata>
          <Value>attributeID:1187:1:55a73700-c891-46fd-8f5c-72bc827f2ef5:20160407213829.973:1187</Value>
          <Value>attributeSyntax:1187:1:55a73700-c891-46fd-8f5c-72bc827f2ef5:20160407213829.973:1187</Value>
          <Value>cn:1187:1:55a73700-c891-46fd-8f5c-72bc827f2ef5:20160407213829.973:1187</Value>
          <Value>createTimeStamp:1187:1:55a73700-c891-46fd-8f5c-72bc827f2ef5:20160407213829.973:1187</Value>
          <Value>entryDN:1187:1:55a73700-c891-46fd-8f5c-72bc827f2ef5:20160407213829.973:1187</Value>
          <Value>isSingleValued:1187:1:55a73700-c891-46fd-8f5c-72bc827f2ef5:20160407213829.973:1187</Value>
          <Value>lDAPDisplayName:1187:1:55a73700-c891-46fd-8f5c-72bc827f2ef5:20160407213829.973:1187</Value>
          <Value>modifyTimeStamp:1187:1:55a73700-c891-46fd-8f5c-72bc827f2ef5:20160407213829.973:1187</Value>
          <Value>objectClass:1187:1:55a73700-c891-46fd-8f5c-72bc827f2ef5:20160407213829.973:1187</Value>
          <Value>objectGUID:1187:1:55a73700-c891-46fd-8f5c-72bc827f2ef5:20160407213829.973:1187</Value>
          <Value>oMSyntax:1187:1:55a73700-c891-46fd-8f5c-72bc827f2ef5:20160407213829.973:1187</Value>
          <Value>schemaIDGUID:1187:1:55a73700-c891-46fd-8f5c-72bc827f2ef5:20160407213829.973:1187</Value>
          <Value>uSNChanged:1187:1:55a73700-c891-46fd-8f5c-72bc827f2ef5:20160407213829.973:1187</Value>
          <Value>uSNCreated:1187:1:55a73700-c891-46fd-8f5c-72bc827f2ef5:20160407213829.973:1187</Value>
          <Value>vmwAttributeUsage:1187:1:55a73700-c891-46fd-8f5c-72bc827f2ef5:20160407213829.973:1187</Value>
        </AttributeMetadata>
      </AttributeSchemaEntry>
      <AttributeSchemaEntry>
        <Name>msWMI-IntDefault</Name>
        <AttributeMetadata>
          <Value>attributeID:1264:1:55a73700-c891-46fd-8f5c-72bc827f2ef5:20160407213830.101:1264</Value>
          <Value>attributeSyntax:1264:1:55a73700-c891-46fd-8f5c-72bc827f2ef5:20160407213830.101:1264</Value>
          <Value>cn:1264:1:55a73700-c891-46fd-8f5c-72bc827f2ef5:20160407213830.101:1264</Value>
          <Value>createTimeStamp:1264:1:55a73700-c891-46fd-8f5c-72bc827f2ef5:20160407213830.101:1264</Value>
          <Value>entryDN:1264:1:55a73700-c891-46fd-8f5c-72bc827f2ef5:20160407213830.101:1264</Value>
          <Value>isSingleValued:1264:1:55a73700-c891-46fd-8f5c-72bc827f2ef5:20160407213830.101:1264</Value>
          <Value>lDAPDisplayName:1264:1:55a73700-c891-46fd-8f5c-72bc827f2ef5:20160407213830.101:1264</Value>
          <Value>modifyTimeStamp:1264:1:55a73700-c891-46fd-8f5c-72bc827f2ef5:20160407213830.101:1264</Value>
          <Value>objectClass:1264:1:55a73700-c891-46fd-8f5c-72bc827f2ef5:20160407213830.101:1264</Value>
          <Value>objectGUID:1264:1:55a73700-c891-46fd-8f5c-72bc827f2ef5:20160407213830.101:1264</Value>
          <Value>oMSyntax:1264:1:55a73700-c891-46fd-8f5c-72bc827f2ef5:20160407213830.101:1264</Value>
          <Value>schemaIDGUID:1264:1:55a73700-c891-46fd-8f5c-72bc827f2ef5:20160407213830.101:1264</Value>
          <Value>uSNChanged:1264:1:55a73700-c891-46fd-8f5c-72bc827f2ef5:20160407213830.101:1264</Value>
          <Value>uSNCreated:1264:1:55a73700-c891-46fd-8f5c-72bc827f2ef5:20160407213830.101:1264</Value>
          <Value>vmwAttributeUsage:1264:1:55a73700-c891-46fd-8f5c-72bc827f2ef5:20160407213830.101:1264</Value>
        </AttributeMetadata>
      </AttributeSchemaEntry>
      <AttributeSchemaEntry>
        <Name>msWMI-intFlags1</Name>
        <AttributeMetadata>
          <Value>attributeID:1107:1:55a73700-c891-46fd-8f5c-72bc827f2ef5:20160407213829.832:1107</Value>
          <Value>attributeSyntax:1107:1:55a73700-c891-46fd-8f5c-72bc827f2ef5:20160407213829.832:1107</Value>
          <Value>cn:1107:1:55a73700-c891-46fd-8f5c-72bc827f2ef5:20160407213829.832:1107</Value>
          <Value>createTimeStamp:1107:1:55a73700-c891-46fd-8f5c-72bc827f2ef5:20160407213829.832:1107</Value>
          <Value>entryDN:1107:1:55a73700-c891-46fd-8f5c-72bc827f2ef5:20160407213829.832:1107</Value>
          <Value>isSingleValued:1107:1:55a73700-c891-46fd-8f5c-72bc827f2ef5:20160407213829.832:1107</Value>
          <Value>lDAPDisplayName:1107:1:55a73700-c891-46fd-8f5c-72bc827f2ef5:20160407213829.832:1107</Value>
          <Value>modifyTimeStamp:1107:1:55a73700-c891-46fd-8f5c-72bc827f2ef5:20160407213829.832:1107</Value>
          <Value>objectClass:1107:1:55a73700-c891-46fd-8f5c-72bc827f2ef5:20160407213829.832:1107</Value>
          <Value>objectGUID:1107:1:55a73700-c891-46fd-8f5c-72bc827f2ef5:20160407213829.832:1107</Value>
          <Value>oMSyntax:1107:1:55a73700-c891-46fd-8f5c-72bc827f2ef5:20160407213829.832:1107</Value>
          <Value>schemaIDGUID:1107:1:55a73700-c891-46fd-8f5c-72bc827f2ef5:20160407213829.832:1107</Value>
          <Value>uSNChanged:1107:1:55a73700-c891-46fd-8f5c-72bc827f2ef5:20160407213829.832:1107</Value>
          <Value>uSNCreated:1107:1:55a73700-c891-46fd-8f5c-72bc827f2ef5:20160407213829.832:1107</Value>
          <Value>vmwAttributeUsage:1107:1:55a73700-c891-46fd-8f5c-72bc827f2ef5:20160407213829.832:1107</Value>
        </AttributeMetadata>
      </AttributeSchemaEntry>
      <AttributeSchemaEntry>
        <Name>msWMI-intFlags2</Name>
        <AttributeMetadata>
          <Value>attributeID:1108:1:55a73700-c891-46fd-8f5c-72bc827f2ef5:20160407213829.833:1108</Value>
          <Value>attributeSyntax:1108:1:55a73700-c891-46fd-8f5c-72bc827f2ef5:20160407213829.833:1108</Value>
          <Value>cn:1108:1:55a73700-c891-46fd-8f5c-72bc827f2ef5:20160407213829.833:1108</Value>
          <Value>createTimeStamp:1108:1:55a73700-c891-46fd-8f5c-72bc827f2ef5:20160407213829.833:1108</Value>
          <Value>entryDN:1108:1:55a73700-c891-46fd-8f5c-72bc827f2ef5:20160407213829.833:1108</Value>
          <Value>isSingleValued:1108:1:55a73700-c891-46fd-8f5c-72bc827f2ef5:20160407213829.833:1108</Value>
          <Value>lDAPDisplayName:1108:1:55a73700-c891-46fd-8f5c-72bc827f2ef5:20160407213829.833:1108</Value>
          <Value>modifyTimeStamp:1108:1:55a73700-c891-46fd-8f5c-72bc827f2ef5:20160407213829.833:1108</Value>
          <Value>objectClass:1108:1:55a73700-c891-46fd-8f5c-72bc827f2ef5:20160407213829.833:1108</Value>
          <Value>objectGUID:1108:1:55a73700-c891-46fd-8f5c-72bc827f2ef5:20160407213829.833:1108</Value>
          <Value>oMSyntax:1108:1:55a73700-c891-46fd-8f5c-72bc827f2ef5:20160407213829.833:1108</Value>
          <Value>schemaIDGUID:1108:1:55a73700-c891-46fd-8f5c-72bc827f2ef5:20160407213829.833:1108</Value>
          <Value>uSNChanged:1108:1:55a73700-c891-46fd-8f5c-72bc827f2ef5:20160407213829.833:1108</Value>
          <Value>uSNCreated:1108:1:55a73700-c891-46fd-8f5c-72bc827f2ef5:20160407213829.833:1108</Value>
          <Value>vmwAttributeUsage:1108:1:55a73700-c891-46fd-8f5c-72bc827f2ef5:20160407213829.833:1108</Value>
        </AttributeMetadata>
      </AttributeSchemaEntry>
      <AttributeSchemaEntry>
        <Name>msWMI-intFlags3</Name>
        <AttributeMetadata>
          <Value>attributeID:1110:1:55a73700-c891-46fd-8f5c-72bc827f2ef5:20160407213829.835:1110</Value>
          <Value>attributeSyntax:1110:1:55a73700-c891-46fd-8f5c-72bc827f2ef5:20160407213829.835:1110</Value>
          <Value>cn:1110:1:55a73700-c891-46fd-8f5c-72bc827f2ef5:20160407213829.835:1110</Value>
          <Value>createTimeStamp:1110:1:55a73700-c891-46fd-8f5c-72bc827f2ef5:20160407213829.835:1110</Value>
          <Value>entryDN:1110:1:55a73700-c891-46fd-8f5c-72bc827f2ef5:20160407213829.835:1110</Value>
          <Value>isSingleValued:1110:1:55a73700-c891-46fd-8f5c-72bc827f2ef5:20160407213829.835:1110</Value>
          <Value>lDAPDisplayName:1110:1:55a73700-c891-46fd-8f5c-72bc827f2ef5:20160407213829.835:1110</Value>
          <Value>modifyTimeStamp:1110:1:55a73700-c891-46fd-8f5c-72bc827f2ef5:20160407213829.835:1110</Value>
          <Value>objectClass:1110:1:55a73700-c891-46fd-8f5c-72bc827f2ef5:20160407213829.835:1110</Value>
          <Value>objectGUID:1110:1:55a73700-c891-46fd-8f5c-72bc827f2ef5:20160407213829.835:1110</Value>
          <Value>oMSyntax:1110:1:55a73700-c891-46fd-8f5c-72bc827f2ef5:20160407213829.835:1110</Value>
          <Value>schemaIDGUID:1110:1:55a73700-c891-46fd-8f5c-72bc827f2ef5:20160407213829.835:1110</Value>
          <Value>uSNChanged:1110:1:55a73700-c891-46fd-8f5c-72bc827f2ef5:20160407213829.835:1110</Value>
          <Value>uSNCreated:1110:1:55a73700-c891-46fd-8f5c-72bc827f2ef5:20160407213829.835:1110</Value>
          <Value>vmwAttributeUsage:1110:1:55a73700-c891-46fd-8f5c-72bc827f2ef5:20160407213829.835:1110</Value>
        </AttributeMetadata>
      </AttributeSchemaEntry>
      <AttributeSchemaEntry>
        <Name>msWMI-intFlags4</Name>
        <AttributeMetadata>
          <Value>attributeID:1111:1:55a73700-c891-46fd-8f5c-72bc827f2ef5:20160407213829.836:1111</Value>
          <Value>attributeSyntax:1111:1:55a73700-c891-46fd-8f5c-72bc827f2ef5:20160407213829.836:1111</Value>
          <Value>cn:1111:1:55a73700-c891-46fd-8f5c-72bc827f2ef5:20160407213829.836:1111</Value>
          <Value>createTimeStamp:1111:1:55a73700-c891-46fd-8f5c-72bc827f2ef5:20160407213829.836:1111</Value>
          <Value>entryDN:1111:1:55a73700-c891-46fd-8f5c-72bc827f2ef5:20160407213829.836:1111</Value>
          <Value>isSingleValued:1111:1:55a73700-c891-46fd-8f5c-72bc827f2ef5:20160407213829.836:1111</Value>
          <Value>lDAPDisplayName:1111:1:55a73700-c891-46fd-8f5c-72bc827f2ef5:20160407213829.836:1111</Value>
          <Value>modifyTimeStamp:1111:1:55a73700-c891-46fd-8f5c-72bc827f2ef5:20160407213829.836:1111</Value>
          <Value>objectClass:1111:1:55a73700-c891-46fd-8f5c-72bc827f2ef5:20160407213829.836:1111</Value>
          <Value>objectGUID:1111:1:55a73700-c891-46fd-8f5c-72bc827f2ef5:20160407213829.836:1111</Value>
          <Value>oMSyntax:1111:1:55a73700-c891-46fd-8f5c-72bc827f2ef5:20160407213829.836:1111</Value>
          <Value>schemaIDGUID:1111:1:55a73700-c891-46fd-8f5c-72bc827f2ef5:20160407213829.836:1111</Value>
          <Value>uSNChanged:1111:1:55a73700-c891-46fd-8f5c-72bc827f2ef5:20160407213829.836:1111</Value>
          <Value>uSNCreated:1111:1:55a73700-c891-46fd-8f5c-72bc827f2ef5:20160407213829.836:1111</Value>
          <Value>vmwAttributeUsage:1111:1:55a73700-c891-46fd-8f5c-72bc827f2ef5:20160407213829.836:1111</Value>
        </AttributeMetadata>
      </AttributeSchemaEntry>
      <AttributeSchemaEntry>
        <Name>msWMI-IntMax</Name>
        <AttributeMetadata>
          <Value>attributeID:115:1:55a73700-c891-46fd-8f5c-72bc827f2ef5:20160407213828.205:115</Value>
          <Value>attributeSyntax:115:1:55a73700-c891-46fd-8f5c-72bc827f2ef5:20160407213828.205:115</Value>
          <Value>cn:115:1:55a73700-c891-46fd-8f5c-72bc827f2ef5:20160407213828.205:115</Value>
          <Value>createTimeStamp:115:1:55a73700-c891-46fd-8f5c-72bc827f2ef5:20160407213828.205:115</Value>
          <Value>entryDN:115:1:55a73700-c891-46fd-8f5c-72bc827f2ef5:20160407213828.205:115</Value>
          <Value>isSingleValued:115:1:55a73700-c891-46fd-8f5c-72bc827f2ef5:20160407213828.205:115</Value>
          <Value>lDAPDisplayName:115:1:55a73700-c891-46fd-8f5c-72bc827f2ef5:20160407213828.205:115</Value>
          <Value>modifyTimeStamp:115:1:55a73700-c891-46fd-8f5c-72bc827f2ef5:20160407213828.205:115</Value>
          <Value>objectClass:115:1:55a73700-c891-46fd-8f5c-72bc827f2ef5:20160407213828.205:115</Value>
          <Value>objectGUID:115:1:55a73700-c891-46fd-8f5c-72bc827f2ef5:20160407213828.205:115</Value>
          <Value>oMSyntax:115:1:55a73700-c891-46fd-8f5c-72bc827f2ef5:20160407213828.205:115</Value>
          <Value>schemaIDGUID:115:1:55a73700-c891-46fd-8f5c-72bc827f2ef5:20160407213828.205:115</Value>
          <Value>uSNChanged:115:1:55a73700-c891-46fd-8f5c-72bc827f2ef5:20160407213828.205:115</Value>
          <Value>uSNCreated:115:1:55a73700-c891-46fd-8f5c-72bc827f2ef5:20160407213828.205:115</Value>
          <Value>vmwAttributeUsage:115:1:55a73700-c891-46fd-8f5c-72bc827f2ef5:20160407213828.205:115</Value>
        </AttributeMetadata>
      </AttributeSchemaEntry>
      <AttributeSchemaEntry>
        <Name>msWMI-IntMin</Name>
        <AttributeMetadata>
          <Value>attributeID:286:1:55a73700-c891-46fd-8f5c-72bc827f2ef5:20160407213828.445:286</Value>
          <Value>attributeSyntax:286:1:55a73700-c891-46fd-8f5c-72bc827f2ef5:20160407213828.445:286</Value>
          <Value>cn:286:1:55a73700-c891-46fd-8f5c-72bc827f2ef5:20160407213828.445:286</Value>
          <Value>createTimeStamp:286:1:55a73700-c891-46fd-8f5c-72bc827f2ef5:20160407213828.445:286</Value>
          <Value>entryDN:286:1:55a73700-c891-46fd-8f5c-72bc827f2ef5:20160407213828.445:286</Value>
          <Value>isSingleValued:286:1:55a73700-c891-46fd-8f5c-72bc827f2ef5:20160407213828.445:286</Value>
          <Value>lDAPDisplayName:286:1:55a73700-c891-46fd-8f5c-72bc827f2ef5:20160407213828.445:286</Value>
          <Value>modifyTimeStamp:286:1:55a73700-c891-46fd-8f5c-72bc827f2ef5:20160407213828.445:286</Value>
          <Value>objectClass:286:1:55a73700-c891-46fd-8f5c-72bc827f2ef5:20160407213828.445:286</Value>
          <Value>objectGUID:286:1:55a73700-c891-46fd-8f5c-72bc827f2ef5:20160407213828.445:286</Value>
          <Value>oMSyntax:286:1:55a73700-c891-46fd-8f5c-72bc827f2ef5:20160407213828.445:286</Value>
          <Value>schemaIDGUID:286:1:55a73700-c891-46fd-8f5c-72bc827f2ef5:20160407213828.445:286</Value>
          <Value>uSNChanged:286:1:55a73700-c891-46fd-8f5c-72bc827f2ef5:20160407213828.445:286</Value>
          <Value>uSNCreated:286:1:55a73700-c891-46fd-8f5c-72bc827f2ef5:20160407213828.445:286</Value>
          <Value>vmwAttributeUsage:286:1:55a73700-c891-46fd-8f5c-72bc827f2ef5:20160407213828.445:286</Value>
        </AttributeMetadata>
      </AttributeSchemaEntry>
      <AttributeSchemaEntry>
        <Name>msWMI-IntValidValues</Name>
        <AttributeMetadata>
          <Value>attributeID:248:1:55a73700-c891-46fd-8f5c-72bc827f2ef5:20160407213828.390:248</Value>
          <Value>attributeSyntax:248:1:55a73700-c891-46fd-8f5c-72bc827f2ef5:20160407213828.390:248</Value>
          <Value>cn:248:1:55a73700-c891-46fd-8f5c-72bc827f2ef5:20160407213828.390:248</Value>
          <Value>createTimeStamp:248:1:55a73700-c891-46fd-8f5c-72bc827f2ef5:20160407213828.390:248</Value>
          <Value>entryDN:248:1:55a73700-c891-46fd-8f5c-72bc827f2ef5:20160407213828.390:248</Value>
          <Value>isSingleValued:248:1:55a73700-c891-46fd-8f5c-72bc827f2ef5:20160407213828.390:248</Value>
          <Value>lDAPDisplayName:248:1:55a73700-c891-46fd-8f5c-72bc827f2ef5:20160407213828.390:248</Value>
          <Value>modifyTimeStamp:248:1:55a73700-c891-46fd-8f5c-72bc827f2ef5:20160407213828.390:248</Value>
          <Value>objectClass:248:1:55a73700-c891-46fd-8f5c-72bc827f2ef5:20160407213828.390:248</Value>
          <Value>objectGUID:248:1:55a73700-c891-46fd-8f5c-72bc827f2ef5:20160407213828.390:248</Value>
          <Value>oMSyntax:248:1:55a73700-c891-46fd-8f5c-72bc827f2ef5:20160407213828.390:248</Value>
          <Value>schemaIDGUID:248:1:55a73700-c891-46fd-8f5c-72bc827f2ef5:20160407213828.390:248</Value>
          <Value>uSNChanged:248:1:55a73700-c891-46fd-8f5c-72bc827f2ef5:20160407213828.390:248</Value>
          <Value>uSNCreated:248:1:55a73700-c891-46fd-8f5c-72bc827f2ef5:20160407213828.390:248</Value>
          <Value>vmwAttributeUsage:248:1:55a73700-c891-46fd-8f5c-72bc827f2ef5:20160407213828.390:248</Value>
        </AttributeMetadata>
      </AttributeSchemaEntry>
      <AttributeSchemaEntry>
        <Name>msWMI-Mof</Name>
        <AttributeMetadata>
          <Value>attributeID:262:1:55a73700-c891-46fd-8f5c-72bc827f2ef5:20160407213828.413:262</Value>
          <Value>attributeSyntax:262:1:55a73700-c891-46fd-8f5c-72bc827f2ef5:20160407213828.413:262</Value>
          <Value>cn:262:1:55a73700-c891-46fd-8f5c-72bc827f2ef5:20160407213828.413:262</Value>
          <Value>createTimeStamp:262:1:55a73700-c891-46fd-8f5c-72bc827f2ef5:20160407213828.413:262</Value>
          <Value>entryDN:262:1:55a73700-c891-46fd-8f5c-72bc827f2ef5:20160407213828.413:262</Value>
          <Value>isSingleValued:262:1:55a73700-c891-46fd-8f5c-72bc827f2ef5:20160407213828.413:262</Value>
          <Value>lDAPDisplayName:262:1:55a73700-c891-46fd-8f5c-72bc827f2ef5:20160407213828.413:262</Value>
          <Value>modifyTimeStamp:262:1:55a73700-c891-46fd-8f5c-72bc827f2ef5:20160407213828.413:262</Value>
          <Value>objectClass:262:1:55a73700-c891-46fd-8f5c-72bc827f2ef5:20160407213828.413:262</Value>
          <Value>objectGUID:262:1:55a73700-c891-46fd-8f5c-72bc827f2ef5:20160407213828.413:262</Value>
          <Value>oMSyntax:262:1:55a73700-c891-46fd-8f5c-72bc827f2ef5:20160407213828.413:262</Value>
          <Value>schemaIDGUID:262:1:55a73700-c891-46fd-8f5c-72bc827f2ef5:20160407213828.413:262</Value>
          <Value>uSNChanged:262:1:55a73700-c891-46fd-8f5c-72bc827f2ef5:20160407213828.413:262</Value>
          <Value>uSNCreated:262:1:55a73700-c891-46fd-8f5c-72bc827f2ef5:20160407213828.413:262</Value>
          <Value>vmwAttributeUsage:262:1:55a73700-c891-46fd-8f5c-72bc827f2ef5:20160407213828.413:262</Value>
        </AttributeMetadata>
      </AttributeSchemaEntry>
      <AttributeSchemaEntry>
        <Name>msWMI-Name</Name>
        <AttributeMetadata>
          <Value>attributeID:209:1:55a73700-c891-46fd-8f5c-72bc827f2ef5:20160407213828.331:209</Value>
          <Value>attributeSyntax:209:1:55a73700-c891-46fd-8f5c-72bc827f2ef5:20160407213828.331:209</Value>
          <Value>cn:209:1:55a73700-c891-46fd-8f5c-72bc827f2ef5:20160407213828.331:209</Value>
          <Value>createTimeStamp:209:1:55a73700-c891-46fd-8f5c-72bc827f2ef5:20160407213828.331:209</Value>
          <Value>entryDN:209:1:55a73700-c891-46fd-8f5c-72bc827f2ef5:20160407213828.331:209</Value>
          <Value>isSingleValued:209:1:55a73700-c891-46fd-8f5c-72bc827f2ef5:20160407213828.331:209</Value>
          <Value>lDAPDisplayName:209:1:55a73700-c891-46fd-8f5c-72bc827f2ef5:20160407213828.331:209</Value>
          <Value>modifyTimeStamp:209:1:55a73700-c891-46fd-8f5c-72bc827f2ef5:20160407213828.331:209</Value>
          <Value>objectClass:209:1:55a73700-c891-46fd-8f5c-72bc827f2ef5:20160407213828.331:209</Value>
          <Value>objectGUID:209:1:55a73700-c891-46fd-8f5c-72bc827f2ef5:20160407213828.331:209</Value>
          <Value>oMSyntax:209:1:55a73700-c891-46fd-8f5c-72bc827f2ef5:20160407213828.331:209</Value>
          <Value>schemaIDGUID:209:1:55a73700-c891-46fd-8f5c-72bc827f2ef5:20160407213828.331:209</Value>
          <Value>uSNChanged:209:1:55a73700-c891-46fd-8f5c-72bc827f2ef5:20160407213828.331:209</Value>
          <Value>uSNCreated:209:1:55a73700-c891-46fd-8f5c-72bc827f2ef5:20160407213828.331:209</Value>
          <Value>vmwAttributeUsage:209:1:55a73700-c891-46fd-8f5c-72bc827f2ef5:20160407213828.331:209</Value>
        </AttributeMetadata>
      </AttributeSchemaEntry>
      <AttributeSchemaEntry>
        <Name>msWMI-NormalizedClass</Name>
        <AttributeMetadata>
          <Value>attributeID:834:1:55a73700-c891-46fd-8f5c-72bc827f2ef5:20160407213829.352:834</Value>
          <Value>attributeSyntax:834:1:55a73700-c891-46fd-8f5c-72bc827f2ef5:20160407213829.352:834</Value>
          <Value>cn:834:1:55a73700-c891-46fd-8f5c-72bc827f2ef5:20160407213829.352:834</Value>
          <Value>createTimeStamp:834:1:55a73700-c891-46fd-8f5c-72bc827f2ef5:20160407213829.352:834</Value>
          <Value>entryDN:834:1:55a73700-c891-46fd-8f5c-72bc827f2ef5:20160407213829.352:834</Value>
          <Value>isSingleValued:834:1:55a73700-c891-46fd-8f5c-72bc827f2ef5:20160407213829.352:834</Value>
          <Value>lDAPDisplayName:834:1:55a73700-c891-46fd-8f5c-72bc827f2ef5:20160407213829.352:834</Value>
          <Value>modifyTimeStamp:834:1:55a73700-c891-46fd-8f5c-72bc827f2ef5:20160407213829.352:834</Value>
          <Value>objectClass:834:1:55a73700-c891-46fd-8f5c-72bc827f2ef5:20160407213829.352:834</Value>
          <Value>objectGUID:834:1:55a73700-c891-46fd-8f5c-72bc827f2ef5:20160407213829.352:834</Value>
          <Value>oMSyntax:834:1:55a73700-c891-46fd-8f5c-72bc827f2ef5:20160407213829.352:834</Value>
          <Value>schemaIDGUID:834:1:55a73700-c891-46fd-8f5c-72bc827f2ef5:20160407213829.352:834</Value>
          <Value>uSNChanged:834:1:55a73700-c891-46fd-8f5c-72bc827f2ef5:20160407213829.352:834</Value>
          <Value>uSNCreated:834:1:55a73700-c891-46fd-8f5c-72bc827f2ef5:20160407213829.352:834</Value>
          <Value>vmwAttributeUsage:834:1:55a73700-c891-46fd-8f5c-72bc827f2ef5:20160407213829.352:834</Value>
        </AttributeMetadata>
      </AttributeSchemaEntry>
      <AttributeSchemaEntry>
        <Name>msWMI-Parm1</Name>
        <AttributeMetadata>
          <Value>attributeID:444:1:55a73700-c891-46fd-8f5c-72bc827f2ef5:20160407213828.686:444</Value>
          <Value>attributeSyntax:444:1:55a73700-c891-46fd-8f5c-72bc827f2ef5:20160407213828.686:444</Value>
          <Value>cn:444:1:55a73700-c891-46fd-8f5c-72bc827f2ef5:20160407213828.686:444</Value>
          <Value>createTimeStamp:444:1:55a73700-c891-46fd-8f5c-72bc827f2ef5:20160407213828.686:444</Value>
          <Value>entryDN:444:1:55a73700-c891-46fd-8f5c-72bc827f2ef5:20160407213828.686:444</Value>
          <Value>isSingleValued:444:1:55a73700-c891-46fd-8f5c-72bc827f2ef5:20160407213828.686:444</Value>
          <Value>lDAPDisplayName:444:1:55a73700-c891-46fd-8f5c-72bc827f2ef5:20160407213828.686:444</Value>
          <Value>modifyTimeStamp:444:1:55a73700-c891-46fd-8f5c-72bc827f2ef5:20160407213828.686:444</Value>
          <Value>objectClass:444:1:55a73700-c891-46fd-8f5c-72bc827f2ef5:20160407213828.686:444</Value>
          <Value>objectGUID:444:1:55a73700-c891-46fd-8f5c-72bc827f2ef5:20160407213828.686:444</Value>
          <Value>oMSyntax:444:1:55a73700-c891-46fd-8f5c-72bc827f2ef5:20160407213828.686:444</Value>
          <Value>schemaIDGUID:444:1:55a73700-c891-46fd-8f5c-72bc827f2ef5:20160407213828.686:444</Value>
          <Value>uSNChanged:444:1:55a73700-c891-46fd-8f5c-72bc827f2ef5:20160407213828.686:444</Value>
          <Value>uSNCreated:444:1:55a73700-c891-46fd-8f5c-72bc827f2ef5:20160407213828.686:444</Value>
          <Value>vmwAttributeUsage:444:1:55a73700-c891-46fd-8f5c-72bc827f2ef5:20160407213828.686:444</Value>
        </AttributeMetadata>
      </AttributeSchemaEntry>
      <AttributeSchemaEntry>
        <Name>msWMI-Parm2</Name>
        <AttributeMetadata>
          <Value>attributeID:447:1:55a73700-c891-46fd-8f5c-72bc827f2ef5:20160407213828.695:447</Value>
          <Value>attributeSyntax:447:1:55a73700-c891-46fd-8f5c-72bc827f2ef5:20160407213828.695:447</Value>
          <Value>cn:447:1:55a73700-c891-46fd-8f5c-72bc827f2ef5:20160407213828.695:447</Value>
          <Value>createTimeStamp:447:1:55a73700-c891-46fd-8f5c-72bc827f2ef5:20160407213828.695:447</Value>
          <Value>entryDN:447:1:55a73700-c891-46fd-8f5c-72bc827f2ef5:20160407213828.695:447</Value>
          <Value>isSingleValued:447:1:55a73700-c891-46fd-8f5c-72bc827f2ef5:20160407213828.695:447</Value>
          <Value>lDAPDisplayName:447:1:55a73700-c891-46fd-8f5c-72bc827f2ef5:20160407213828.695:447</Value>
          <Value>modifyTimeStamp:447:1:55a73700-c891-46fd-8f5c-72bc827f2ef5:20160407213828.695:447</Value>
          <Value>objectClass:447:1:55a73700-c891-46fd-8f5c-72bc827f2ef5:20160407213828.695:447</Value>
          <Value>objectGUID:447:1:55a73700-c891-46fd-8f5c-72bc827f2ef5:20160407213828.695:447</Value>
          <Value>oMSyntax:447:1:55a73700-c891-46fd-8f5c-72bc827f2ef5:20160407213828.695:447</Value>
          <Value>schemaIDGUID:447:1:55a73700-c891-46fd-8f5c-72bc827f2ef5:20160407213828.695:447</Value>
          <Value>uSNChanged:447:1:55a73700-c891-46fd-8f5c-72bc827f2ef5:20160407213828.695:447</Value>
          <Value>uSNCreated:447:1:55a73700-c891-46fd-8f5c-72bc827f2ef5:20160407213828.695:447</Value>
          <Value>vmwAttributeUsage:447:1:55a73700-c891-46fd-8f5c-72bc827f2ef5:20160407213828.695:447</Value>
        </AttributeMetadata>
      </AttributeSchemaEntry>
      <AttributeSchemaEntry>
        <Name>msWMI-Parm3</Name>
        <AttributeMetadata>
          <Value>attributeID:448:1:55a73700-c891-46fd-8f5c-72bc827f2ef5:20160407213828.696:448</Value>
          <Value>attributeSyntax:448:1:55a73700-c891-46fd-8f5c-72bc827f2ef5:20160407213828.696:448</Value>
          <Value>cn:448:1:55a73700-c891-46fd-8f5c-72bc827f2ef5:20160407213828.696:448</Value>
          <Value>createTimeStamp:448:1:55a73700-c891-46fd-8f5c-72bc827f2ef5:20160407213828.696:448</Value>
          <Value>entryDN:448:1:55a73700-c891-46fd-8f5c-72bc827f2ef5:20160407213828.696:448</Value>
          <Value>isSingleValued:448:1:55a73700-c891-46fd-8f5c-72bc827f2ef5:20160407213828.696:448</Value>
          <Value>lDAPDisplayName:448:1:55a73700-c891-46fd-8f5c-72bc827f2ef5:20160407213828.696:448</Value>
          <Value>modifyTimeStamp:448:1:55a73700-c891-46fd-8f5c-72bc827f2ef5:20160407213828.696:448</Value>
          <Value>objectClass:448:1:55a73700-c891-46fd-8f5c-72bc827f2ef5:20160407213828.696:448</Value>
          <Value>objectGUID:448:1:55a73700-c891-46fd-8f5c-72bc827f2ef5:20160407213828.696:448</Value>
          <Value>oMSyntax:448:1:55a73700-c891-46fd-8f5c-72bc827f2ef5:20160407213828.696:448</Value>
          <Value>schemaIDGUID:448:1:55a73700-c891-46fd-8f5c-72bc827f2ef5:20160407213828.696:448</Value>
          <Value>uSNChanged:448:1:55a73700-c891-46fd-8f5c-72bc827f2ef5:20160407213828.696:448</Value>
          <Value>uSNCreated:448:1:55a73700-c891-46fd-8f5c-72bc827f2ef5:20160407213828.696:448</Value>
          <Value>vmwAttributeUsage:448:1:55a73700-c891-46fd-8f5c-72bc827f2ef5:20160407213828.696:448</Value>
        </AttributeMetadata>
      </AttributeSchemaEntry>
      <AttributeSchemaEntry>
        <Name>msWMI-Parm4</Name>
        <AttributeMetadata>
          <Value>attributeID:449:1:55a73700-c891-46fd-8f5c-72bc827f2ef5:20160407213828.701:449</Value>
          <Value>attributeSyntax:449:1:55a73700-c891-46fd-8f5c-72bc827f2ef5:20160407213828.701:449</Value>
          <Value>cn:449:1:55a73700-c891-46fd-8f5c-72bc827f2ef5:20160407213828.701:449</Value>
          <Value>createTimeStamp:449:1:55a73700-c891-46fd-8f5c-72bc827f2ef5:20160407213828.701:449</Value>
          <Value>entryDN:449:1:55a73700-c891-46fd-8f5c-72bc827f2ef5:20160407213828.701:449</Value>
          <Value>isSingleValued:449:1:55a73700-c891-46fd-8f5c-72bc827f2ef5:20160407213828.701:449</Value>
          <Value>lDAPDisplayName:449:1:55a73700-c891-46fd-8f5c-72bc827f2ef5:20160407213828.701:449</Value>
          <Value>modifyTimeStamp:449:1:55a73700-c891-46fd-8f5c-72bc827f2ef5:20160407213828.701:449</Value>
          <Value>objectClass:449:1:55a73700-c891-46fd-8f5c-72bc827f2ef5:20160407213828.701:449</Value>
          <Value>objectGUID:449:1:55a73700-c891-46fd-8f5c-72bc827f2ef5:20160407213828.701:449</Value>
          <Value>oMSyntax:449:1:55a73700-c891-46fd-8f5c-72bc827f2ef5:20160407213828.701:449</Value>
          <Value>schemaIDGUID:449:1:55a73700-c891-46fd-8f5c-72bc827f2ef5:20160407213828.701:449</Value>
          <Value>uSNChanged:449:1:55a73700-c891-46fd-8f5c-72bc827f2ef5:20160407213828.701:449</Value>
          <Value>uSNCreated:449:1:55a73700-c891-46fd-8f5c-72bc827f2ef5:20160407213828.701:449</Value>
          <Value>vmwAttributeUsage:449:1:55a73700-c891-46fd-8f5c-72bc827f2ef5:20160407213828.701:449</Value>
        </AttributeMetadata>
      </AttributeSchemaEntry>
      <AttributeSchemaEntry>
        <Name>msWMI-PropertyName</Name>
        <AttributeMetadata>
          <Value>attributeID:1637:1:55a73700-c891-46fd-8f5c-72bc827f2ef5:20160407213830.719:1637</Value>
          <Value>attributeSyntax:1637:1:55a73700-c891-46fd-8f5c-72bc827f2ef5:20160407213830.719:1637</Value>
          <Value>cn:1637:1:55a73700-c891-46fd-8f5c-72bc827f2ef5:20160407213830.719:1637</Value>
          <Value>createTimeStamp:1637:1:55a73700-c891-46fd-8f5c-72bc827f2ef5:20160407213830.719:1637</Value>
          <Value>entryDN:1637:1:55a73700-c891-46fd-8f5c-72bc827f2ef5:20160407213830.719:1637</Value>
          <Value>isSingleValued:1637:1:55a73700-c891-46fd-8f5c-72bc827f2ef5:20160407213830.719:1637</Value>
          <Value>lDAPDisplayName:1637:1:55a73700-c891-46fd-8f5c-72bc827f2ef5:20160407213830.719:1637</Value>
          <Value>modifyTimeStamp:1637:1:55a73700-c891-46fd-8f5c-72bc827f2ef5:20160407213830.719:1637</Value>
          <Value>objectClass:1637:1:55a73700-c891-46fd-8f5c-72bc827f2ef5:20160407213830.719:1637</Value>
          <Value>objectGUID:1637:1:55a73700-c891-46fd-8f5c-72bc827f2ef5:20160407213830.719:1637</Value>
          <Value>oMSyntax:1637:1:55a73700-c891-46fd-8f5c-72bc827f2ef5:20160407213830.719:1637</Value>
          <Value>schemaIDGUID:1637:1:55a73700-c891-46fd-8f5c-72bc827f2ef5:20160407213830.719:1637</Value>
          <Value>uSNChanged:1637:1:55a73700-c891-46fd-8f5c-72bc827f2ef5:20160407213830.719:1637</Value>
          <Value>uSNCreated:1637:1:55a73700-c891-46fd-8f5c-72bc827f2ef5:20160407213830.719:1637</Value>
          <Value>vmwAttributeUsage:1637:1:55a73700-c891-46fd-8f5c-72bc827f2ef5:20160407213830.719:1637</Value>
        </AttributeMetadata>
      </AttributeSchemaEntry>
      <AttributeSchemaEntry>
        <Name>msWMI-Query</Name>
        <AttributeMetadata>
          <Value>attributeID:1407:1:55a73700-c891-46fd-8f5c-72bc827f2ef5:20160407213830.335:1407</Value>
          <Value>attributeSyntax:1407:1:55a73700-c891-46fd-8f5c-72bc827f2ef5:20160407213830.335:1407</Value>
          <Value>cn:1407:1:55a73700-c891-46fd-8f5c-72bc827f2ef5:20160407213830.335:1407</Value>
          <Value>createTimeStamp:1407:1:55a73700-c891-46fd-8f5c-72bc827f2ef5:20160407213830.335:1407</Value>
          <Value>entryDN:1407:1:55a73700-c891-46fd-8f5c-72bc827f2ef5:20160407213830.335:1407</Value>
          <Value>isSingleValued:1407:1:55a73700-c891-46fd-8f5c-72bc827f2ef5:20160407213830.335:1407</Value>
          <Value>lDAPDisplayName:1407:1:55a73700-c891-46fd-8f5c-72bc827f2ef5:20160407213830.335:1407</Value>
          <Value>modifyTimeStamp:1407:1:55a73700-c891-46fd-8f5c-72bc827f2ef5:20160407213830.335:1407</Value>
          <Value>objectClass:1407:1:55a73700-c891-46fd-8f5c-72bc827f2ef5:20160407213830.335:1407</Value>
          <Value>objectGUID:1407:1:55a73700-c891-46fd-8f5c-72bc827f2ef5:20160407213830.335:1407</Value>
          <Value>oMSyntax:1407:1:55a73700-c891-46fd-8f5c-72bc827f2ef5:20160407213830.335:1407</Value>
          <Value>schemaIDGUID:1407:1:55a73700-c891-46fd-8f5c-72bc827f2ef5:20160407213830.335:1407</Value>
          <Value>uSNChanged:1407:1:55a73700-c891-46fd-8f5c-72bc827f2ef5:20160407213830.335:1407</Value>
          <Value>uSNCreated:1407:1:55a73700-c891-46fd-8f5c-72bc827f2ef5:20160407213830.335:1407</Value>
          <Value>vmwAttributeUsage:1407:1:55a73700-c891-46fd-8f5c-72bc827f2ef5:20160407213830.335:1407</Value>
        </AttributeMetadata>
      </AttributeSchemaEntry>
      <AttributeSchemaEntry>
        <Name>msWMI-QueryLanguage</Name>
        <AttributeMetadata>
          <Value>attributeID:1480:1:55a73700-c891-46fd-8f5c-72bc827f2ef5:20160407213830.453:1480</Value>
          <Value>attributeSyntax:1480:1:55a73700-c891-46fd-8f5c-72bc827f2ef5:20160407213830.453:1480</Value>
          <Value>cn:1480:1:55a73700-c891-46fd-8f5c-72bc827f2ef5:20160407213830.453:1480</Value>
          <Value>createTimeStamp:1480:1:55a73700-c891-46fd-8f5c-72bc827f2ef5:20160407213830.453:1480</Value>
          <Value>entryDN:1480:1:55a73700-c891-46fd-8f5c-72bc827f2ef5:20160407213830.453:1480</Value>
          <Value>isSingleValued:1480:1:55a73700-c891-46fd-8f5c-72bc827f2ef5:20160407213830.453:1480</Value>
          <Value>lDAPDisplayName:1480:1:55a73700-c891-46fd-8f5c-72bc827f2ef5:20160407213830.453:1480</Value>
          <Value>modifyTimeStamp:1480:1:55a73700-c891-46fd-8f5c-72bc827f2ef5:20160407213830.453:1480</Value>
          <Value>objectClass:1480:1:55a73700-c891-46fd-8f5c-72bc827f2ef5:20160407213830.453:1480</Value>
          <Value>objectGUID:1480:1:55a73700-c891-46fd-8f5c-72bc827f2ef5:20160407213830.453:1480</Value>
          <Value>oMSyntax:1480:1:55a73700-c891-46fd-8f5c-72bc827f2ef5:20160407213830.453:1480</Value>
          <Value>schemaIDGUID:1480:1:55a73700-c891-46fd-8f5c-72bc827f2ef5:20160407213830.453:1480</Value>
          <Value>uSNChanged:1480:1:55a73700-c891-46fd-8f5c-72bc827f2ef5:20160407213830.453:1480</Value>
          <Value>uSNCreated:1480:1:55a73700-c891-46fd-8f5c-72bc827f2ef5:20160407213830.453:1480</Value>
          <Value>vmwAttributeUsage:1480:1:55a73700-c891-46fd-8f5c-72bc827f2ef5:20160407213830.453:1480</Value>
        </AttributeMetadata>
      </AttributeSchemaEntry>
      <AttributeSchemaEntry>
        <Name>msWMI-ScopeGuid</Name>
        <AttributeMetadata>
          <Value>attributeID:146:1:55a73700-c891-46fd-8f5c-72bc827f2ef5:20160407213828.244:146</Value>
          <Value>attributeSyntax:146:1:55a73700-c891-46fd-8f5c-72bc827f2ef5:20160407213828.244:146</Value>
          <Value>cn:146:1:55a73700-c891-46fd-8f5c-72bc827f2ef5:20160407213828.244:146</Value>
          <Value>createTimeStamp:146:1:55a73700-c891-46fd-8f5c-72bc827f2ef5:20160407213828.244:146</Value>
          <Value>entryDN:146:1:55a73700-c891-46fd-8f5c-72bc827f2ef5:20160407213828.244:146</Value>
          <Value>isSingleValued:146:1:55a73700-c891-46fd-8f5c-72bc827f2ef5:20160407213828.244:146</Value>
          <Value>lDAPDisplayName:146:1:55a73700-c891-46fd-8f5c-72bc827f2ef5:20160407213828.244:146</Value>
          <Value>modifyTimeStamp:146:1:55a73700-c891-46fd-8f5c-72bc827f2ef5:20160407213828.244:146</Value>
          <Value>objectClass:146:1:55a73700-c891-46fd-8f5c-72bc827f2ef5:20160407213828.244:146</Value>
          <Value>objectGUID:146:1:55a73700-c891-46fd-8f5c-72bc827f2ef5:20160407213828.244:146</Value>
          <Value>oMSyntax:146:1:55a73700-c891-46fd-8f5c-72bc827f2ef5:20160407213828.244:146</Value>
          <Value>schemaIDGUID:146:1:55a73700-c891-46fd-8f5c-72bc827f2ef5:20160407213828.244:146</Value>
          <Value>uSNChanged:146:1:55a73700-c891-46fd-8f5c-72bc827f2ef5:20160407213828.244:146</Value>
          <Value>uSNCreated:146:1:55a73700-c891-46fd-8f5c-72bc827f2ef5:20160407213828.244:146</Value>
          <Value>vmwAttributeUsage:146:1:55a73700-c891-46fd-8f5c-72bc827f2ef5:20160407213828.244:146</Value>
        </AttributeMetadata>
      </AttributeSchemaEntry>
      <AttributeSchemaEntry>
        <Name>msWMI-SourceOrganization</Name>
        <AttributeMetadata>
          <Value>attributeID:840:1:55a73700-c891-46fd-8f5c-72bc827f2ef5:20160407213829.359:840</Value>
          <Value>attributeSyntax:840:1:55a73700-c891-46fd-8f5c-72bc827f2ef5:20160407213829.359:840</Value>
          <Value>cn:840:1:55a73700-c891-46fd-8f5c-72bc827f2ef5:20160407213829.359:840</Value>
          <Value>createTimeStamp:840:1:55a73700-c891-46fd-8f5c-72bc827f2ef5:20160407213829.359:840</Value>
          <Value>entryDN:840:1:55a73700-c891-46fd-8f5c-72bc827f2ef5:20160407213829.359:840</Value>
          <Value>isSingleValued:840:1:55a73700-c891-46fd-8f5c-72bc827f2ef5:20160407213829.359:840</Value>
          <Value>lDAPDisplayName:840:1:55a73700-c891-46fd-8f5c-72bc827f2ef5:20160407213829.359:840</Value>
          <Value>modifyTimeStamp:840:1:55a73700-c891-46fd-8f5c-72bc827f2ef5:20160407213829.359:840</Value>
          <Value>objectClass:840:1:55a73700-c891-46fd-8f5c-72bc827f2ef5:20160407213829.359:840</Value>
          <Value>objectGUID:840:1:55a73700-c891-46fd-8f5c-72bc827f2ef5:20160407213829.359:840</Value>
          <Value>oMSyntax:840:1:55a73700-c891-46fd-8f5c-72bc827f2ef5:20160407213829.359:840</Value>
          <Value>schemaIDGUID:840:1:55a73700-c891-46fd-8f5c-72bc827f2ef5:20160407213829.359:840</Value>
          <Value>uSNChanged:840:1:55a73700-c891-46fd-8f5c-72bc827f2ef5:20160407213829.359:840</Value>
          <Value>uSNCreated:840:1:55a73700-c891-46fd-8f5c-72bc827f2ef5:20160407213829.359:840</Value>
          <Value>vmwAttributeUsage:840:1:55a73700-c891-46fd-8f5c-72bc827f2ef5:20160407213829.359:840</Value>
        </AttributeMetadata>
      </AttributeSchemaEntry>
      <AttributeSchemaEntry>
        <Name>msWMI-StringDefault</Name>
        <AttributeMetadata>
          <Value>attributeID:967:1:55a73700-c891-46fd-8f5c-72bc827f2ef5:20160407213829.570:967</Value>
          <Value>attributeSyntax:967:1:55a73700-c891-46fd-8f5c-72bc827f2ef5:20160407213829.570:967</Value>
          <Value>cn:967:1:55a73700-c891-46fd-8f5c-72bc827f2ef5:20160407213829.570:967</Value>
          <Value>createTimeStamp:967:1:55a73700-c891-46fd-8f5c-72bc827f2ef5:20160407213829.570:967</Value>
          <Value>entryDN:967:1:55a73700-c891-46fd-8f5c-72bc827f2ef5:20160407213829.570:967</Value>
          <Value>isSingleValued:967:1:55a73700-c891-46fd-8f5c-72bc827f2ef5:20160407213829.570:967</Value>
          <Value>lDAPDisplayName:967:1:55a73700-c891-46fd-8f5c-72bc827f2ef5:20160407213829.570:967</Value>
          <Value>modifyTimeStamp:967:1:55a73700-c891-46fd-8f5c-72bc827f2ef5:20160407213829.570:967</Value>
          <Value>objectClass:967:1:55a73700-c891-46fd-8f5c-72bc827f2ef5:20160407213829.570:967</Value>
          <Value>objectGUID:967:1:55a73700-c891-46fd-8f5c-72bc827f2ef5:20160407213829.570:967</Value>
          <Value>oMSyntax:967:1:55a73700-c891-46fd-8f5c-72bc827f2ef5:20160407213829.570:967</Value>
          <Value>schemaIDGUID:967:1:55a73700-c891-46fd-8f5c-72bc827f2ef5:20160407213829.570:967</Value>
          <Value>uSNChanged:967:1:55a73700-c891-46fd-8f5c-72bc827f2ef5:20160407213829.570:967</Value>
          <Value>uSNCreated:967:1:55a73700-c891-46fd-8f5c-72bc827f2ef5:20160407213829.570:967</Value>
          <Value>vmwAttributeUsage:967:1:55a73700-c891-46fd-8f5c-72bc827f2ef5:20160407213829.570:967</Value>
        </AttributeMetadata>
      </AttributeSchemaEntry>
      <AttributeSchemaEntry>
        <Name>msWMI-StringValidValues</Name>
        <AttributeMetadata>
          <Value>attributeID:165:1:55a73700-c891-46fd-8f5c-72bc827f2ef5:20160407213828.272:165</Value>
          <Value>attributeSyntax:165:1:55a73700-c891-46fd-8f5c-72bc827f2ef5:20160407213828.272:165</Value>
          <Value>cn:165:1:55a73700-c891-46fd-8f5c-72bc827f2ef5:20160407213828.272:165</Value>
          <Value>createTimeStamp:165:1:55a73700-c891-46fd-8f5c-72bc827f2ef5:20160407213828.272:165</Value>
          <Value>entryDN:165:1:55a73700-c891-46fd-8f5c-72bc827f2ef5:20160407213828.272:165</Value>
          <Value>isSingleValued:165:1:55a73700-c891-46fd-8f5c-72bc827f2ef5:20160407213828.272:165</Value>
          <Value>lDAPDisplayName:165:1:55a73700-c891-46fd-8f5c-72bc827f2ef5:20160407213828.272:165</Value>
          <Value>modifyTimeStamp:165:1:55a73700-c891-46fd-8f5c-72bc827f2ef5:20160407213828.272:165</Value>
          <Value>objectClass:165:1:55a73700-c891-46fd-8f5c-72bc827f2ef5:20160407213828.272:165</Value>
          <Value>objectGUID:165:1:55a73700-c891-46fd-8f5c-72bc827f2ef5:20160407213828.272:165</Value>
          <Value>oMSyntax:165:1:55a73700-c891-46fd-8f5c-72bc827f2ef5:20160407213828.272:165</Value>
          <Value>schemaIDGUID:165:1:55a73700-c891-46fd-8f5c-72bc827f2ef5:20160407213828.272:165</Value>
          <Value>uSNChanged:165:1:55a73700-c891-46fd-8f5c-72bc827f2ef5:20160407213828.272:165</Value>
          <Value>uSNCreated:165:1:55a73700-c891-46fd-8f5c-72bc827f2ef5:20160407213828.272:165</Value>
          <Value>vmwAttributeUsage:165:1:55a73700-c891-46fd-8f5c-72bc827f2ef5:20160407213828.272:165</Value>
        </AttributeMetadata>
      </AttributeSchemaEntry>
      <AttributeSchemaEntry>
        <Name>msWMI-TargetClass</Name>
        <AttributeMetadata>
          <Value>attributeID:1352:1:55a73700-c891-46fd-8f5c-72bc827f2ef5:20160407213830.244:1352</Value>
          <Value>attributeSyntax:1352:1:55a73700-c891-46fd-8f5c-72bc827f2ef5:20160407213830.244:1352</Value>
          <Value>cn:1352:1:55a73700-c891-46fd-8f5c-72bc827f2ef5:20160407213830.244:1352</Value>
          <Value>createTimeStamp:1352:1:55a73700-c891-46fd-8f5c-72bc827f2ef5:20160407213830.244:1352</Value>
          <Value>entryDN:1352:1:55a73700-c891-46fd-8f5c-72bc827f2ef5:20160407213830.244:1352</Value>
          <Value>isSingleValued:1352:1:55a73700-c891-46fd-8f5c-72bc827f2ef5:20160407213830.244:1352</Value>
          <Value>lDAPDisplayName:1352:1:55a73700-c891-46fd-8f5c-72bc827f2ef5:20160407213830.244:1352</Value>
          <Value>modifyTimeStamp:1352:1:55a73700-c891-46fd-8f5c-72bc827f2ef5:20160407213830.244:1352</Value>
          <Value>objectClass:1352:1:55a73700-c891-46fd-8f5c-72bc827f2ef5:20160407213830.244:1352</Value>
          <Value>objectGUID:1352:1:55a73700-c891-46fd-8f5c-72bc827f2ef5:20160407213830.244:1352</Value>
          <Value>oMSyntax:1352:1:55a73700-c891-46fd-8f5c-72bc827f2ef5:20160407213830.244:1352</Value>
          <Value>schemaIDGUID:1352:1:55a73700-c891-46fd-8f5c-72bc827f2ef5:20160407213830.244:1352</Value>
          <Value>uSNChanged:1352:1:55a73700-c891-46fd-8f5c-72bc827f2ef5:20160407213830.244:1352</Value>
          <Value>uSNCreated:1352:1:55a73700-c891-46fd-8f5c-72bc827f2ef5:20160407213830.244:1352</Value>
          <Value>vmwAttributeUsage:1352:1:55a73700-c891-46fd-8f5c-72bc827f2ef5:20160407213830.244:1352</Value>
        </AttributeMetadata>
      </AttributeSchemaEntry>
      <AttributeSchemaEntry>
        <Name>msWMI-TargetNameSpace</Name>
        <AttributeMetadata>
          <Value>attributeID:1616:1:55a73700-c891-46fd-8f5c-72bc827f2ef5:20160407213830.684:1616</Value>
          <Value>attributeSyntax:1616:1:55a73700-c891-46fd-8f5c-72bc827f2ef5:20160407213830.684:1616</Value>
          <Value>cn:1616:1:55a73700-c891-46fd-8f5c-72bc827f2ef5:20160407213830.684:1616</Value>
          <Value>createTimeStamp:1616:1:55a73700-c891-46fd-8f5c-72bc827f2ef5:20160407213830.684:1616</Value>
          <Value>entryDN:1616:1:55a73700-c891-46fd-8f5c-72bc827f2ef5:20160407213830.684:1616</Value>
          <Value>isSingleValued:1616:1:55a73700-c891-46fd-8f5c-72bc827f2ef5:20160407213830.684:1616</Value>
          <Value>lDAPDisplayName:1616:1:55a73700-c891-46fd-8f5c-72bc827f2ef5:20160407213830.684:1616</Value>
          <Value>modifyTimeStamp:1616:1:55a73700-c891-46fd-8f5c-72bc827f2ef5:20160407213830.684:1616</Value>
          <Value>objectClass:1616:1:55a73700-c891-46fd-8f5c-72bc827f2ef5:20160407213830.684:1616</Value>
          <Value>objectGUID:1616:1:55a73700-c891-46fd-8f5c-72bc827f2ef5:20160407213830.684:1616</Value>
          <Value>oMSyntax:1616:1:55a73700-c891-46fd-8f5c-72bc827f2ef5:20160407213830.684:1616</Value>
          <Value>schemaIDGUID:1616:1:55a73700-c891-46fd-8f5c-72bc827f2ef5:20160407213830.684:1616</Value>
          <Value>uSNChanged:1616:1:55a73700-c891-46fd-8f5c-72bc827f2ef5:20160407213830.684:1616</Value>
          <Value>uSNCreated:1616:1:55a73700-c891-46fd-8f5c-72bc827f2ef5:20160407213830.684:1616</Value>
          <Value>vmwAttributeUsage:1616:1:55a73700-c891-46fd-8f5c-72bc827f2ef5:20160407213830.684:1616</Value>
        </AttributeMetadata>
      </AttributeSchemaEntry>
      <AttributeSchemaEntry>
        <Name>msWMI-TargetObject</Name>
        <AttributeMetadata>
          <Value>attributeID:1074:1:55a73700-c891-46fd-8f5c-72bc827f2ef5:20160407213829.765:1074</Value>
          <Value>attributeSyntax:1074:1:55a73700-c891-46fd-8f5c-72bc827f2ef5:20160407213829.765:1074</Value>
          <Value>cn:1074:1:55a73700-c891-46fd-8f5c-72bc827f2ef5:20160407213829.765:1074</Value>
          <Value>createTimeStamp:1074:1:55a73700-c891-46fd-8f5c-72bc827f2ef5:20160407213829.765:1074</Value>
          <Value>entryDN:1074:1:55a73700-c891-46fd-8f5c-72bc827f2ef5:20160407213829.765:1074</Value>
          <Value>isSingleValued:1074:1:55a73700-c891-46fd-8f5c-72bc827f2ef5:20160407213829.765:1074</Value>
          <Value>lDAPDisplayName:1074:1:55a73700-c891-46fd-8f5c-72bc827f2ef5:20160407213829.765:1074</Value>
          <Value>modifyTimeStamp:1074:1:55a73700-c891-46fd-8f5c-72bc827f2ef5:20160407213829.765:1074</Value>
          <Value>objectClass:1074:1:55a73700-c891-46fd-8f5c-72bc827f2ef5:20160407213829.765:1074</Value>
          <Value>objectGUID:1074:1:55a73700-c891-46fd-8f5c-72bc827f2ef5:20160407213829.765:1074</Value>
          <Value>oMSyntax:1074:1:55a73700-c891-46fd-8f5c-72bc827f2ef5:20160407213829.765:1074</Value>
          <Value>schemaIDGUID:1074:1:55a73700-c891-46fd-8f5c-72bc827f2ef5:20160407213829.765:1074</Value>
          <Value>uSNChanged:1074:1:55a73700-c891-46fd-8f5c-72bc827f2ef5:20160407213829.765:1074</Value>
          <Value>uSNCreated:1074:1:55a73700-c891-46fd-8f5c-72bc827f2ef5:20160407213829.765:1074</Value>
          <Value>vmwAttributeUsage:1074:1:55a73700-c891-46fd-8f5c-72bc827f2ef5:20160407213829.765:1074</Value>
        </AttributeMetadata>
      </AttributeSchemaEntry>
      <AttributeSchemaEntry>
        <Name>msWMI-TargetPath</Name>
        <AttributeMetadata>
          <Value>attributeID:1700:1:55a73700-c891-46fd-8f5c-72bc827f2ef5:20160407213830.831:1700</Value>
          <Value>attributeSyntax:1700:1:55a73700-c891-46fd-8f5c-72bc827f2ef5:20160407213830.831:1700</Value>
          <Value>cn:1700:1:55a73700-c891-46fd-8f5c-72bc827f2ef5:20160407213830.831:1700</Value>
          <Value>createTimeStamp:1700:1:55a73700-c891-46fd-8f5c-72bc827f2ef5:20160407213830.831:1700</Value>
          <Value>entryDN:1700:1:55a73700-c891-46fd-8f5c-72bc827f2ef5:20160407213830.831:1700</Value>
          <Value>isSingleValued:1700:1:55a73700-c891-46fd-8f5c-72bc827f2ef5:20160407213830.831:1700</Value>
          <Value>lDAPDisplayName:1700:1:55a73700-c891-46fd-8f5c-72bc827f2ef5:20160407213830.831:1700</Value>
          <Value>modifyTimeStamp:1700:1:55a73700-c891-46fd-8f5c-72bc827f2ef5:20160407213830.831:1700</Value>
          <Value>objectClass:1700:1:55a73700-c891-46fd-8f5c-72bc827f2ef5:20160407213830.831:1700</Value>
          <Value>objectGUID:1700:1:55a73700-c891-46fd-8f5c-72bc827f2ef5:20160407213830.831:1700</Value>
          <Value>oMSyntax:1700:1:55a73700-c891-46fd-8f5c-72bc827f2ef5:20160407213830.831:1700</Value>
          <Value>schemaIDGUID:1700:1:55a73700-c891-46fd-8f5c-72bc827f2ef5:20160407213830.831:1700</Value>
          <Value>uSNChanged:1700:1:55a73700-c891-46fd-8f5c-72bc827f2ef5:20160407213830.831:1700</Value>
          <Value>uSNCreated:1700:1:55a73700-c891-46fd-8f5c-72bc827f2ef5:20160407213830.831:1700</Value>
          <Value>vmwAttributeUsage:1700:1:55a73700-c891-46fd-8f5c-72bc827f2ef5:20160407213830.831:1700</Value>
        </AttributeMetadata>
      </AttributeSchemaEntry>
      <AttributeSchemaEntry>
        <Name>msWMI-TargetType</Name>
        <AttributeMetadata>
          <Value>attributeID:554:1:55a73700-c891-46fd-8f5c-72bc827f2ef5:20160407213828.864:554</Value>
          <Value>attributeSyntax:554:1:55a73700-c891-46fd-8f5c-72bc827f2ef5:20160407213828.864:554</Value>
          <Value>cn:554:1:55a73700-c891-46fd-8f5c-72bc827f2ef5:20160407213828.864:554</Value>
          <Value>createTimeStamp:554:1:55a73700-c891-46fd-8f5c-72bc827f2ef5:20160407213828.864:554</Value>
          <Value>entryDN:554:1:55a73700-c891-46fd-8f5c-72bc827f2ef5:20160407213828.864:554</Value>
          <Value>isSingleValued:554:1:55a73700-c891-46fd-8f5c-72bc827f2ef5:20160407213828.864:554</Value>
          <Value>lDAPDisplayName:554:1:55a73700-c891-46fd-8f5c-72bc827f2ef5:20160407213828.864:554</Value>
          <Value>modifyTimeStamp:554:1:55a73700-c891-46fd-8f5c-72bc827f2ef5:20160407213828.864:554</Value>
          <Value>objectClass:554:1:55a73700-c891-46fd-8f5c-72bc827f2ef5:20160407213828.864:554</Value>
          <Value>objectGUID:554:1:55a73700-c891-46fd-8f5c-72bc827f2ef5:20160407213828.864:554</Value>
          <Value>oMSyntax:554:1:55a73700-c891-46fd-8f5c-72bc827f2ef5:20160407213828.864:554</Value>
          <Value>schemaIDGUID:554:1:55a73700-c891-46fd-8f5c-72bc827f2ef5:20160407213828.864:554</Value>
          <Value>uSNChanged:554:1:55a73700-c891-46fd-8f5c-72bc827f2ef5:20160407213828.864:554</Value>
          <Value>uSNCreated:554:1:55a73700-c891-46fd-8f5c-72bc827f2ef5:20160407213828.864:554</Value>
          <Value>vmwAttributeUsage:554:1:55a73700-c891-46fd-8f5c-72bc827f2ef5:20160407213828.864:554</Value>
        </AttributeMetadata>
      </AttributeSchemaEntry>
      <AttributeSchemaEntry>
        <Name>mustContain</Name>
        <AttributeMetadata>
          <Value>attributeID:1488:1:55a73700-c891-46fd-8f5c-72bc827f2ef5:20160407213830.473:1488</Value>
          <Value>attributeSyntax:1488:1:55a73700-c891-46fd-8f5c-72bc827f2ef5:20160407213830.473:1488</Value>
          <Value>cn:1488:1:55a73700-c891-46fd-8f5c-72bc827f2ef5:20160407213830.473:1488</Value>
          <Value>createTimeStamp:1488:1:55a73700-c891-46fd-8f5c-72bc827f2ef5:20160407213830.473:1488</Value>
          <Value>entryDN:1488:1:55a73700-c891-46fd-8f5c-72bc827f2ef5:20160407213830.473:1488</Value>
          <Value>isSingleValued:1488:1:55a73700-c891-46fd-8f5c-72bc827f2ef5:20160407213830.473:1488</Value>
          <Value>lDAPDisplayName:1488:1:55a73700-c891-46fd-8f5c-72bc827f2ef5:20160407213830.473:1488</Value>
          <Value>modifyTimeStamp:1488:1:55a73700-c891-46fd-8f5c-72bc827f2ef5:20160407213830.473:1488</Value>
          <Value>objectClass:1488:1:55a73700-c891-46fd-8f5c-72bc827f2ef5:20160407213830.473:1488</Value>
          <Value>objectGUID:1488:1:55a73700-c891-46fd-8f5c-72bc827f2ef5:20160407213830.473:1488</Value>
          <Value>oMSyntax:1488:1:55a73700-c891-46fd-8f5c-72bc827f2ef5:20160407213830.473:1488</Value>
          <Value>schemaIDGUID:1488:1:55a73700-c891-46fd-8f5c-72bc827f2ef5:20160407213830.473:1488</Value>
          <Value>uSNChanged:1488:1:55a73700-c891-46fd-8f5c-72bc827f2ef5:20160407213830.473:1488</Value>
          <Value>uSNCreated:1488:1:55a73700-c891-46fd-8f5c-72bc827f2ef5:20160407213830.473:1488</Value>
          <Value>vmwAttributeUsage:1488:1:55a73700-c891-46fd-8f5c-72bc827f2ef5:20160407213830.473:1488</Value>
        </AttributeMetadata>
      </AttributeSchemaEntry>
      <AttributeSchemaEntry>
        <Name>name</Name>
        <AttributeMetadata>
          <Value>attributeID:1284:1:55a73700-c891-46fd-8f5c-72bc827f2ef5:20160407213830.139:1284</Value>
          <Value>attributeSyntax:1284:1:55a73700-c891-46fd-8f5c-72bc827f2ef5:20160407213830.139:1284</Value>
          <Value>cn:1284:1:55a73700-c891-46fd-8f5c-72bc827f2ef5:20160407213830.139:1284</Value>
          <Value>createTimeStamp:1284:1:55a73700-c891-46fd-8f5c-72bc827f2ef5:20160407213830.139:1284</Value>
          <Value>entryDN:1284:1:55a73700-c891-46fd-8f5c-72bc827f2ef5:20160407213830.139:1284</Value>
          <Value>isSingleValued:1284:1:55a73700-c891-46fd-8f5c-72bc827f2ef5:20160407213830.139:1284</Value>
          <Value>lDAPDisplayName:1284:1:55a73700-c891-46fd-8f5c-72bc827f2ef5:20160407213830.139:1284</Value>
          <Value>modifyTimeStamp:1284:1:55a73700-c891-46fd-8f5c-72bc827f2ef5:20160407213830.139:1284</Value>
          <Value>objectClass:1284:1:55a73700-c891-46fd-8f5c-72bc827f2ef5:20160407213830.139:1284</Value>
          <Value>objectGUID:1284:1:55a73700-c891-46fd-8f5c-72bc827f2ef5:20160407213830.139:1284</Value>
          <Value>oMSyntax:1284:1:55a73700-c891-46fd-8f5c-72bc827f2ef5:20160407213830.139:1284</Value>
          <Value>schemaIDGUID:1284:1:55a73700-c891-46fd-8f5c-72bc827f2ef5:20160407213830.139:1284</Value>
          <Value>uSNChanged:1284:1:55a73700-c891-46fd-8f5c-72bc827f2ef5:20160407213830.139:1284</Value>
          <Value>uSNCreated:1284:1:55a73700-c891-46fd-8f5c-72bc827f2ef5:20160407213830.139:1284</Value>
          <Value>vmwAttributeUsage:1284:1:55a73700-c891-46fd-8f5c-72bc827f2ef5:20160407213830.139:1284</Value>
        </AttributeMetadata>
      </AttributeSchemaEntry>
      <AttributeSchemaEntry>
        <Name>nameForms</Name>
        <AttributeMetadata>
          <Value>attributeID:1350:1:55a73700-c891-46fd-8f5c-72bc827f2ef5:20160407213830.242:1350</Value>
          <Value>attributeSyntax:1350:1:55a73700-c891-46fd-8f5c-72bc827f2ef5:20160407213830.242:1350</Value>
          <Value>cn:1350:1:55a73700-c891-46fd-8f5c-72bc827f2ef5:20160407213830.242:1350</Value>
          <Value>createTimeStamp:1350:1:55a73700-c891-46fd-8f5c-72bc827f2ef5:20160407213830.242:1350</Value>
          <Value>entryDN:1350:1:55a73700-c891-46fd-8f5c-72bc827f2ef5:20160407213830.242:1350</Value>
          <Value>isSingleValued:1350:1:55a73700-c891-46fd-8f5c-72bc827f2ef5:20160407213830.242:1350</Value>
          <Value>lDAPDisplayName:1350:1:55a73700-c891-46fd-8f5c-72bc827f2ef5:20160407213830.242:1350</Value>
          <Value>modifyTimeStamp:1350:1:55a73700-c891-46fd-8f5c-72bc827f2ef5:20160407213830.242:1350</Value>
          <Value>objectClass:1350:1:55a73700-c891-46fd-8f5c-72bc827f2ef5:20160407213830.242:1350</Value>
          <Value>objectGUID:1350:1:55a73700-c891-46fd-8f5c-72bc827f2ef5:20160407213830.242:1350</Value>
          <Value>oMSyntax:1350:1:55a73700-c891-46fd-8f5c-72bc827f2ef5:20160407213830.242:1350</Value>
          <Value>schemaIDGUID:1350:1:55a73700-c891-46fd-8f5c-72bc827f2ef5:20160407213830.242:1350</Value>
          <Value>uSNChanged:1350:1:55a73700-c891-46fd-8f5c-72bc827f2ef5:20160407213830.242:1350</Value>
          <Value>uSNCreated:1350:1:55a73700-c891-46fd-8f5c-72bc827f2ef5:20160407213830.242:1350</Value>
          <Value>vmwAttributeUsage:1350:1:55a73700-c891-46fd-8f5c-72bc827f2ef5:20160407213830.242:1350</Value>
        </AttributeMetadata>
      </AttributeSchemaEntry>
      <AttributeSchemaEntry>
        <Name>nameServiceFlags</Name>
        <AttributeMetadata>
          <Value>attributeID:491:1:55a73700-c891-46fd-8f5c-72bc827f2ef5:20160407213828.765:491</Value>
          <Value>attributeSyntax:491:1:55a73700-c891-46fd-8f5c-72bc827f2ef5:20160407213828.765:491</Value>
          <Value>cn:491:1:55a73700-c891-46fd-8f5c-72bc827f2ef5:20160407213828.765:491</Value>
          <Value>createTimeStamp:491:1:55a73700-c891-46fd-8f5c-72bc827f2ef5:20160407213828.765:491</Value>
          <Value>entryDN:491:1:55a73700-c891-46fd-8f5c-72bc827f2ef5:20160407213828.765:491</Value>
          <Value>isSingleValued:491:1:55a73700-c891-46fd-8f5c-72bc827f2ef5:20160407213828.765:491</Value>
          <Value>lDAPDisplayName:491:1:55a73700-c891-46fd-8f5c-72bc827f2ef5:20160407213828.765:491</Value>
          <Value>modifyTimeStamp:491:1:55a73700-c891-46fd-8f5c-72bc827f2ef5:20160407213828.765:491</Value>
          <Value>objectClass:491:1:55a73700-c891-46fd-8f5c-72bc827f2ef5:20160407213828.765:491</Value>
          <Value>objectGUID:491:1:55a73700-c891-46fd-8f5c-72bc827f2ef5:20160407213828.765:491</Value>
          <Value>oMSyntax:491:1:55a73700-c891-46fd-8f5c-72bc827f2ef5:20160407213828.765:491</Value>
          <Value>schemaIDGUID:491:1:55a73700-c891-46fd-8f5c-72bc827f2ef5:20160407213828.765:491</Value>
          <Value>uSNChanged:491:1:55a73700-c891-46fd-8f5c-72bc827f2ef5:20160407213828.765:491</Value>
          <Value>uSNCreated:491:1:55a73700-c891-46fd-8f5c-72bc827f2ef5:20160407213828.765:491</Value>
          <Value>vmwAttributeUsage:491:1:55a73700-c891-46fd-8f5c-72bc827f2ef5:20160407213828.765:491</Value>
        </AttributeMetadata>
      </AttributeSchemaEntry>
      <AttributeSchemaEntry>
        <Name>namingContexts</Name>
        <AttributeMetadata>
          <Value>attributeID:1410:1:55a73700-c891-46fd-8f5c-72bc827f2ef5:20160407213830.337:1410</Value>
          <Value>attributeSyntax:1410:1:55a73700-c891-46fd-8f5c-72bc827f2ef5:20160407213830.337:1410</Value>
          <Value>cn:1410:1:55a73700-c891-46fd-8f5c-72bc827f2ef5:20160407213830.337:1410</Value>
          <Value>createTimeStamp:1410:1:55a73700-c891-46fd-8f5c-72bc827f2ef5:20160407213830.337:1410</Value>
          <Value>description:1410:1:55a73700-c891-46fd-8f5c-72bc827f2ef5:20160407213830.337:1410</Value>
          <Value>entryDN:1410:1:55a73700-c891-46fd-8f5c-72bc827f2ef5:20160407213830.337:1410</Value>
          <Value>isSingleValued:1410:1:55a73700-c891-46fd-8f5c-72bc827f2ef5:20160407213830.337:1410</Value>
          <Value>lDAPDisplayName:1410:1:55a73700-c891-46fd-8f5c-72bc827f2ef5:20160407213830.337:1410</Value>
          <Value>modifyTimeStamp:1410:1:55a73700-c891-46fd-8f5c-72bc827f2ef5:20160407213830.337:1410</Value>
          <Value>objectClass:1410:1:55a73700-c891-46fd-8f5c-72bc827f2ef5:20160407213830.337:1410</Value>
          <Value>objectGUID:1410:1:55a73700-c891-46fd-8f5c-72bc827f2ef5:20160407213830.337:1410</Value>
          <Value>oMSyntax:1410:1:55a73700-c891-46fd-8f5c-72bc827f2ef5:20160407213830.337:1410</Value>
          <Value>schemaIDGUID:1410:1:55a73700-c891-46fd-8f5c-72bc827f2ef5:20160407213830.337:1410</Value>
          <Value>uSNChanged:1410:1:55a73700-c891-46fd-8f5c-72bc827f2ef5:20160407213830.337:1410</Value>
          <Value>uSNCreated:1410:1:55a73700-c891-46fd-8f5c-72bc827f2ef5:20160407213830.337:1410</Value>
          <Value>vmwAttributeUsage:1410:1:55a73700-c891-46fd-8f5c-72bc827f2ef5:20160407213830.337:1410</Value>
        </AttributeMetadata>
      </AttributeSchemaEntry>
      <AttributeSchemaEntry>
        <Name>nCName</Name>
        <AttributeMetadata>
          <Value>attributeID:243:1:55a73700-c891-46fd-8f5c-72bc827f2ef5:20160407213828.385:243</Value>
          <Value>attributeSyntax:243:1:55a73700-c891-46fd-8f5c-72bc827f2ef5:20160407213828.385:243</Value>
          <Value>cn:243:1:55a73700-c891-46fd-8f5c-72bc827f2ef5:20160407213828.385:243</Value>
          <Value>createTimeStamp:243:1:55a73700-c891-46fd-8f5c-72bc827f2ef5:20160407213828.385:243</Value>
          <Value>entryDN:243:1:55a73700-c891-46fd-8f5c-72bc827f2ef5:20160407213828.385:243</Value>
          <Value>isSingleValued:243:1:55a73700-c891-46fd-8f5c-72bc827f2ef5:20160407213828.385:243</Value>
          <Value>lDAPDisplayName:243:1:55a73700-c891-46fd-8f5c-72bc827f2ef5:20160407213828.385:243</Value>
          <Value>modifyTimeStamp:243:1:55a73700-c891-46fd-8f5c-72bc827f2ef5:20160407213828.385:243</Value>
          <Value>objectClass:243:1:55a73700-c891-46fd-8f5c-72bc827f2ef5:20160407213828.385:243</Value>
          <Value>objectGUID:243:1:55a73700-c891-46fd-8f5c-72bc827f2ef5:20160407213828.385:243</Value>
          <Value>oMSyntax:243:1:55a73700-c891-46fd-8f5c-72bc827f2ef5:20160407213828.385:243</Value>
          <Value>schemaIDGUID:243:1:55a73700-c891-46fd-8f5c-72bc827f2ef5:20160407213828.385:243</Value>
          <Value>uSNChanged:243:1:55a73700-c891-46fd-8f5c-72bc827f2ef5:20160407213828.385:243</Value>
          <Value>uSNCreated:243:1:55a73700-c891-46fd-8f5c-72bc827f2ef5:20160407213828.385:243</Value>
          <Value>vmwAttributeUsage:243:1:55a73700-c891-46fd-8f5c-72bc827f2ef5:20160407213828.385:243</Value>
        </AttributeMetadata>
      </AttributeSchemaEntry>
      <AttributeSchemaEntry>
        <Name>nETBIOSName</Name>
        <AttributeMetadata>
          <Value>attributeID:969:1:55a73700-c891-46fd-8f5c-72bc827f2ef5:20160407213829.572:969</Value>
          <Value>attributeSyntax:969:1:55a73700-c891-46fd-8f5c-72bc827f2ef5:20160407213829.572:969</Value>
          <Value>cn:969:1:55a73700-c891-46fd-8f5c-72bc827f2ef5:20160407213829.572:969</Value>
          <Value>createTimeStamp:969:1:55a73700-c891-46fd-8f5c-72bc827f2ef5:20160407213829.572:969</Value>
          <Value>entryDN:969:1:55a73700-c891-46fd-8f5c-72bc827f2ef5:20160407213829.572:969</Value>
          <Value>isSingleValued:969:1:55a73700-c891-46fd-8f5c-72bc827f2ef5:20160407213829.572:969</Value>
          <Value>lDAPDisplayName:969:1:55a73700-c891-46fd-8f5c-72bc827f2ef5:20160407213829.572:969</Value>
          <Value>modifyTimeStamp:969:1:55a73700-c891-46fd-8f5c-72bc827f2ef5:20160407213829.572:969</Value>
          <Value>objectClass:969:1:55a73700-c891-46fd-8f5c-72bc827f2ef5:20160407213829.572:969</Value>
          <Value>objectGUID:969:1:55a73700-c891-46fd-8f5c-72bc827f2ef5:20160407213829.572:969</Value>
          <Value>oMSyntax:969:1:55a73700-c891-46fd-8f5c-72bc827f2ef5:20160407213829.572:969</Value>
          <Value>schemaIDGUID:969:1:55a73700-c891-46fd-8f5c-72bc827f2ef5:20160407213829.572:969</Value>
          <Value>uSNChanged:969:1:55a73700-c891-46fd-8f5c-72bc827f2ef5:20160407213829.572:969</Value>
          <Value>uSNCreated:969:1:55a73700-c891-46fd-8f5c-72bc827f2ef5:20160407213829.572:969</Value>
          <Value>vmwAttributeUsage:969:1:55a73700-c891-46fd-8f5c-72bc827f2ef5:20160407213829.572:969</Value>
        </AttributeMetadata>
      </AttributeSchemaEntry>
      <AttributeSchemaEntry>
        <Name>netbootAllowNewClients</Name>
        <AttributeMetadata>
          <Value>attributeID:790:1:55a73700-c891-46fd-8f5c-72bc827f2ef5:20160407213829.274:790</Value>
          <Value>attributeSyntax:790:1:55a73700-c891-46fd-8f5c-72bc827f2ef5:20160407213829.274:790</Value>
          <Value>cn:790:1:55a73700-c891-46fd-8f5c-72bc827f2ef5:20160407213829.274:790</Value>
          <Value>createTimeStamp:790:1:55a73700-c891-46fd-8f5c-72bc827f2ef5:20160407213829.274:790</Value>
          <Value>entryDN:790:1:55a73700-c891-46fd-8f5c-72bc827f2ef5:20160407213829.274:790</Value>
          <Value>isSingleValued:790:1:55a73700-c891-46fd-8f5c-72bc827f2ef5:20160407213829.274:790</Value>
          <Value>lDAPDisplayName:790:1:55a73700-c891-46fd-8f5c-72bc827f2ef5:20160407213829.274:790</Value>
          <Value>modifyTimeStamp:790:1:55a73700-c891-46fd-8f5c-72bc827f2ef5:20160407213829.274:790</Value>
          <Value>objectClass:790:1:55a73700-c891-46fd-8f5c-72bc827f2ef5:20160407213829.274:790</Value>
          <Value>objectGUID:790:1:55a73700-c891-46fd-8f5c-72bc827f2ef5:20160407213829.274:790</Value>
          <Value>oMSyntax:790:1:55a73700-c891-46fd-8f5c-72bc827f2ef5:20160407213829.274:790</Value>
          <Value>schemaIDGUID:790:1:55a73700-c891-46fd-8f5c-72bc827f2ef5:20160407213829.274:790</Value>
          <Value>uSNChanged:790:1:55a73700-c891-46fd-8f5c-72bc827f2ef5:20160407213829.274:790</Value>
          <Value>uSNCreated:790:1:55a73700-c891-46fd-8f5c-72bc827f2ef5:20160407213829.274:790</Value>
          <Value>vmwAttributeUsage:790:1:55a73700-c891-46fd-8f5c-72bc827f2ef5:20160407213829.274:790</Value>
        </AttributeMetadata>
      </AttributeSchemaEntry>
      <AttributeSchemaEntry>
        <Name>netbootAnswerOnlyValidClients</Name>
        <AttributeMetadata>
          <Value>attributeID:317:1:55a73700-c891-46fd-8f5c-72bc827f2ef5:20160407213828.493:317</Value>
          <Value>attributeSyntax:317:1:55a73700-c891-46fd-8f5c-72bc827f2ef5:20160407213828.493:317</Value>
          <Value>cn:317:1:55a73700-c891-46fd-8f5c-72bc827f2ef5:20160407213828.493:317</Value>
          <Value>createTimeStamp:317:1:55a73700-c891-46fd-8f5c-72bc827f2ef5:20160407213828.493:317</Value>
          <Value>entryDN:317:1:55a73700-c891-46fd-8f5c-72bc827f2ef5:20160407213828.493:317</Value>
          <Value>isSingleValued:317:1:55a73700-c891-46fd-8f5c-72bc827f2ef5:20160407213828.493:317</Value>
          <Value>lDAPDisplayName:317:1:55a73700-c891-46fd-8f5c-72bc827f2ef5:20160407213828.493:317</Value>
          <Value>modifyTimeStamp:317:1:55a73700-c891-46fd-8f5c-72bc827f2ef5:20160407213828.493:317</Value>
          <Value>objectClass:317:1:55a73700-c891-46fd-8f5c-72bc827f2ef5:20160407213828.493:317</Value>
          <Value>objectGUID:317:1:55a73700-c891-46fd-8f5c-72bc827f2ef5:20160407213828.493:317</Value>
          <Value>oMSyntax:317:1:55a73700-c891-46fd-8f5c-72bc827f2ef5:20160407213828.493:317</Value>
          <Value>schemaIDGUID:317:1:55a73700-c891-46fd-8f5c-72bc827f2ef5:20160407213828.493:317</Value>
          <Value>uSNChanged:317:1:55a73700-c891-46fd-8f5c-72bc827f2ef5:20160407213828.493:317</Value>
          <Value>uSNCreated:317:1:55a73700-c891-46fd-8f5c-72bc827f2ef5:20160407213828.493:317</Value>
          <Value>vmwAttributeUsage:317:1:55a73700-c891-46fd-8f5c-72bc827f2ef5:20160407213828.493:317</Value>
        </AttributeMetadata>
      </AttributeSchemaEntry>
      <AttributeSchemaEntry>
        <Name>netbootAnswerRequests</Name>
        <AttributeMetadata>
          <Value>attributeID:227:1:55a73700-c891-46fd-8f5c-72bc827f2ef5:20160407213828.359:227</Value>
          <Value>attributeSyntax:227:1:55a73700-c891-46fd-8f5c-72bc827f2ef5:20160407213828.359:227</Value>
          <Value>cn:227:1:55a73700-c891-46fd-8f5c-72bc827f2ef5:20160407213828.359:227</Value>
          <Value>createTimeStamp:227:1:55a73700-c891-46fd-8f5c-72bc827f2ef5:20160407213828.359:227</Value>
          <Value>entryDN:227:1:55a73700-c891-46fd-8f5c-72bc827f2ef5:20160407213828.359:227</Value>
          <Value>isSingleValued:227:1:55a73700-c891-46fd-8f5c-72bc827f2ef5:20160407213828.359:227</Value>
          <Value>lDAPDisplayName:227:1:55a73700-c891-46fd-8f5c-72bc827f2ef5:20160407213828.359:227</Value>
          <Value>modifyTimeStamp:227:1:55a73700-c891-46fd-8f5c-72bc827f2ef5:20160407213828.359:227</Value>
          <Value>objectClass:227:1:55a73700-c891-46fd-8f5c-72bc827f2ef5:20160407213828.359:227</Value>
          <Value>objectGUID:227:1:55a73700-c891-46fd-8f5c-72bc827f2ef5:20160407213828.359:227</Value>
          <Value>oMSyntax:227:1:55a73700-c891-46fd-8f5c-72bc827f2ef5:20160407213828.359:227</Value>
          <Value>schemaIDGUID:227:1:55a73700-c891-46fd-8f5c-72bc827f2ef5:20160407213828.359:227</Value>
          <Value>uSNChanged:227:1:55a73700-c891-46fd-8f5c-72bc827f2ef5:20160407213828.359:227</Value>
          <Value>uSNCreated:227:1:55a73700-c891-46fd-8f5c-72bc827f2ef5:20160407213828.359:227</Value>
          <Value>vmwAttributeUsage:227:1:55a73700-c891-46fd-8f5c-72bc827f2ef5:20160407213828.359:227</Value>
        </AttributeMetadata>
      </AttributeSchemaEntry>
      <AttributeSchemaEntry>
        <Name>netbootCurrentClientCount</Name>
        <AttributeMetadata>
          <Value>attributeID:1009:1:55a73700-c891-46fd-8f5c-72bc827f2ef5:20160407213829.646:1009</Value>
          <Value>attributeSyntax:1009:1:55a73700-c891-46fd-8f5c-72bc827f2ef5:20160407213829.646:1009</Value>
          <Value>cn:1009:1:55a73700-c891-46fd-8f5c-72bc827f2ef5:20160407213829.646:1009</Value>
          <Value>createTimeStamp:1009:1:55a73700-c891-46fd-8f5c-72bc827f2ef5:20160407213829.646:1009</Value>
          <Value>entryDN:1009:1:55a73700-c891-46fd-8f5c-72bc827f2ef5:20160407213829.646:1009</Value>
          <Value>isSingleValued:1009:1:55a73700-c891-46fd-8f5c-72bc827f2ef5:20160407213829.646:1009</Value>
          <Value>lDAPDisplayName:1009:1:55a73700-c891-46fd-8f5c-72bc827f2ef5:20160407213829.646:1009</Value>
          <Value>modifyTimeStamp:1009:1:55a73700-c891-46fd-8f5c-72bc827f2ef5:20160407213829.646:1009</Value>
          <Value>objectClass:1009:1:55a73700-c891-46fd-8f5c-72bc827f2ef5:20160407213829.646:1009</Value>
          <Value>objectGUID:1009:1:55a73700-c891-46fd-8f5c-72bc827f2ef5:20160407213829.646:1009</Value>
          <Value>oMSyntax:1009:1:55a73700-c891-46fd-8f5c-72bc827f2ef5:20160407213829.646:1009</Value>
          <Value>schemaIDGUID:1009:1:55a73700-c891-46fd-8f5c-72bc827f2ef5:20160407213829.646:1009</Value>
          <Value>uSNChanged:1009:1:55a73700-c891-46fd-8f5c-72bc827f2ef5:20160407213829.646:1009</Value>
          <Value>uSNCreated:1009:1:55a73700-c891-46fd-8f5c-72bc827f2ef5:20160407213829.646:1009</Value>
          <Value>vmwAttributeUsage:1009:1:55a73700-c891-46fd-8f5c-72bc827f2ef5:20160407213829.646:1009</Value>
        </AttributeMetadata>
      </AttributeSchemaEntry>
      <AttributeSchemaEntry>
        <Name>netbootGUID</Name>
        <AttributeMetadata>
          <Value>attributeID:1164:1:55a73700-c891-46fd-8f5c-72bc827f2ef5:20160407213829.934:1164</Value>
          <Value>attributeSyntax:1164:1:55a73700-c891-46fd-8f5c-72bc827f2ef5:20160407213829.934:1164</Value>
          <Value>cn:1164:1:55a73700-c891-46fd-8f5c-72bc827f2ef5:20160407213829.934:1164</Value>
          <Value>createTimeStamp:1164:1:55a73700-c891-46fd-8f5c-72bc827f2ef5:20160407213829.934:1164</Value>
          <Value>entryDN:1164:1:55a73700-c891-46fd-8f5c-72bc827f2ef5:20160407213829.934:1164</Value>
          <Value>isSingleValued:1164:1:55a73700-c891-46fd-8f5c-72bc827f2ef5:20160407213829.934:1164</Value>
          <Value>lDAPDisplayName:1164:1:55a73700-c891-46fd-8f5c-72bc827f2ef5:20160407213829.934:1164</Value>
          <Value>modifyTimeStamp:1164:1:55a73700-c891-46fd-8f5c-72bc827f2ef5:20160407213829.934:1164</Value>
          <Value>objectClass:1164:1:55a73700-c891-46fd-8f5c-72bc827f2ef5:20160407213829.934:1164</Value>
          <Value>objectGUID:1164:1:55a73700-c891-46fd-8f5c-72bc827f2ef5:20160407213829.934:1164</Value>
          <Value>oMSyntax:1164:1:55a73700-c891-46fd-8f5c-72bc827f2ef5:20160407213829.934:1164</Value>
          <Value>schemaIDGUID:1164:1:55a73700-c891-46fd-8f5c-72bc827f2ef5:20160407213829.934:1164</Value>
          <Value>uSNChanged:1164:1:55a73700-c891-46fd-8f5c-72bc827f2ef5:20160407213829.934:1164</Value>
          <Value>uSNCreated:1164:1:55a73700-c891-46fd-8f5c-72bc827f2ef5:20160407213829.934:1164</Value>
          <Value>vmwAttributeUsage:1164:1:55a73700-c891-46fd-8f5c-72bc827f2ef5:20160407213829.934:1164</Value>
        </AttributeMetadata>
      </AttributeSchemaEntry>
      <AttributeSchemaEntry>
        <Name>netbootInitialization</Name>
        <AttributeMetadata>
          <Value>attributeID:844:1:55a73700-c891-46fd-8f5c-72bc827f2ef5:20160407213829.363:844</Value>
          <Value>attributeSyntax:844:1:55a73700-c891-46fd-8f5c-72bc827f2ef5:20160407213829.363:844</Value>
          <Value>cn:844:1:55a73700-c891-46fd-8f5c-72bc827f2ef5:20160407213829.363:844</Value>
          <Value>createTimeStamp:844:1:55a73700-c891-46fd-8f5c-72bc827f2ef5:20160407213829.363:844</Value>
          <Value>entryDN:844:1:55a73700-c891-46fd-8f5c-72bc827f2ef5:20160407213829.363:844</Value>
          <Value>isSingleValued:844:1:55a73700-c891-46fd-8f5c-72bc827f2ef5:20160407213829.363:844</Value>
          <Value>lDAPDisplayName:844:1:55a73700-c891-46fd-8f5c-72bc827f2ef5:20160407213829.363:844</Value>
          <Value>modifyTimeStamp:844:1:55a73700-c891-46fd-8f5c-72bc827f2ef5:20160407213829.363:844</Value>
          <Value>objectClass:844:1:55a73700-c891-46fd-8f5c-72bc827f2ef5:20160407213829.363:844</Value>
          <Value>objectGUID:844:1:55a73700-c891-46fd-8f5c-72bc827f2ef5:20160407213829.363:844</Value>
          <Value>oMSyntax:844:1:55a73700-c891-46fd-8f5c-72bc827f2ef5:20160407213829.363:844</Value>
          <Value>schemaIDGUID:844:1:55a73700-c891-46fd-8f5c-72bc827f2ef5:20160407213829.363:844</Value>
          <Value>uSNChanged:844:1:55a73700-c891-46fd-8f5c-72bc827f2ef5:20160407213829.363:844</Value>
          <Value>uSNCreated:844:1:55a73700-c891-46fd-8f5c-72bc827f2ef5:20160407213829.363:844</Value>
          <Value>vmwAttributeUsage:844:1:55a73700-c891-46fd-8f5c-72bc827f2ef5:20160407213829.363:844</Value>
        </AttributeMetadata>
      </AttributeSchemaEntry>
      <AttributeSchemaEntry>
        <Name>netbootIntelliMirrorOSes</Name>
        <AttributeMetadata>
          <Value>attributeID:629:1:55a73700-c891-46fd-8f5c-72bc827f2ef5:20160407213829.000:629</Value>
          <Value>attributeSyntax:629:1:55a73700-c891-46fd-8f5c-72bc827f2ef5:20160407213829.000:629</Value>
          <Value>cn:629:1:55a73700-c891-46fd-8f5c-72bc827f2ef5:20160407213829.000:629</Value>
          <Value>createTimeStamp:629:1:55a73700-c891-46fd-8f5c-72bc827f2ef5:20160407213829.000:629</Value>
          <Value>entryDN:629:1:55a73700-c891-46fd-8f5c-72bc827f2ef5:20160407213829.000:629</Value>
          <Value>isSingleValued:629:1:55a73700-c891-46fd-8f5c-72bc827f2ef5:20160407213829.000:629</Value>
          <Value>lDAPDisplayName:629:1:55a73700-c891-46fd-8f5c-72bc827f2ef5:20160407213829.000:629</Value>
          <Value>modifyTimeStamp:629:1:55a73700-c891-46fd-8f5c-72bc827f2ef5:20160407213829.000:629</Value>
          <Value>objectClass:629:1:55a73700-c891-46fd-8f5c-72bc827f2ef5:20160407213829.000:629</Value>
          <Value>objectGUID:629:1:55a73700-c891-46fd-8f5c-72bc827f2ef5:20160407213829.000:629</Value>
          <Value>oMSyntax:629:1:55a73700-c891-46fd-8f5c-72bc827f2ef5:20160407213829.000:629</Value>
          <Value>schemaIDGUID:629:1:55a73700-c891-46fd-8f5c-72bc827f2ef5:20160407213829.000:629</Value>
          <Value>uSNChanged:629:1:55a73700-c891-46fd-8f5c-72bc827f2ef5:20160407213829.000:629</Value>
          <Value>uSNCreated:629:1:55a73700-c891-46fd-8f5c-72bc827f2ef5:20160407213829.000:629</Value>
          <Value>vmwAttributeUsage:629:1:55a73700-c891-46fd-8f5c-72bc827f2ef5:20160407213829.000:629</Value>
        </AttributeMetadata>
      </AttributeSchemaEntry>
      <AttributeSchemaEntry>
        <Name>netbootLimitClients</Name>
        <AttributeMetadata>
          <Value>attributeID:1546:1:55a73700-c891-46fd-8f5c-72bc827f2ef5:20160407213830.568:1546</Value>
          <Value>attributeSyntax:1546:1:55a73700-c891-46fd-8f5c-72bc827f2ef5:20160407213830.568:1546</Value>
          <Value>cn:1546:1:55a73700-c891-46fd-8f5c-72bc827f2ef5:20160407213830.568:1546</Value>
          <Value>createTimeStamp:1546:1:55a73700-c891-46fd-8f5c-72bc827f2ef5:20160407213830.568:1546</Value>
          <Value>entryDN:1546:1:55a73700-c891-46fd-8f5c-72bc827f2ef5:20160407213830.568:1546</Value>
          <Value>isSingleValued:1546:1:55a73700-c891-46fd-8f5c-72bc827f2ef5:20160407213830.568:1546</Value>
          <Value>lDAPDisplayName:1546:1:55a73700-c891-46fd-8f5c-72bc827f2ef5:20160407213830.568:1546</Value>
          <Value>modifyTimeStamp:1546:1:55a73700-c891-46fd-8f5c-72bc827f2ef5:20160407213830.568:1546</Value>
          <Value>objectClass:1546:1:55a73700-c891-46fd-8f5c-72bc827f2ef5:20160407213830.568:1546</Value>
          <Value>objectGUID:1546:1:55a73700-c891-46fd-8f5c-72bc827f2ef5:20160407213830.568:1546</Value>
          <Value>oMSyntax:1546:1:55a73700-c891-46fd-8f5c-72bc827f2ef5:20160407213830.568:1546</Value>
          <Value>schemaIDGUID:1546:1:55a73700-c891-46fd-8f5c-72bc827f2ef5:20160407213830.568:1546</Value>
          <Value>uSNChanged:1546:1:55a73700-c891-46fd-8f5c-72bc827f2ef5:20160407213830.568:1546</Value>
          <Value>uSNCreated:1546:1:55a73700-c891-46fd-8f5c-72bc827f2ef5:20160407213830.568:1546</Value>
          <Value>vmwAttributeUsage:1546:1:55a73700-c891-46fd-8f5c-72bc827f2ef5:20160407213830.568:1546</Value>
        </AttributeMetadata>
      </AttributeSchemaEntry>
      <AttributeSchemaEntry>
        <Name>netbootLocallyInstalledOSes</Name>
        <AttributeMetadata>
          <Value>attributeID:1425:1:55a73700-c891-46fd-8f5c-72bc827f2ef5:20160407213830.363:1425</Value>
          <Value>attributeSyntax:1425:1:55a73700-c891-46fd-8f5c-72bc827f2ef5:20160407213830.363:1425</Value>
          <Value>cn:1425:1:55a73700-c891-46fd-8f5c-72bc827f2ef5:20160407213830.363:1425</Value>
          <Value>createTimeStamp:1425:1:55a73700-c891-46fd-8f5c-72bc827f2ef5:20160407213830.363:1425</Value>
          <Value>entryDN:1425:1:55a73700-c891-46fd-8f5c-72bc827f2ef5:20160407213830.363:1425</Value>
          <Value>isSingleValued:1425:1:55a73700-c891-46fd-8f5c-72bc827f2ef5:20160407213830.363:1425</Value>
          <Value>lDAPDisplayName:1425:1:55a73700-c891-46fd-8f5c-72bc827f2ef5:20160407213830.363:1425</Value>
          <Value>modifyTimeStamp:1425:1:55a73700-c891-46fd-8f5c-72bc827f2ef5:20160407213830.363:1425</Value>
          <Value>objectClass:1425:1:55a73700-c891-46fd-8f5c-72bc827f2ef5:20160407213830.363:1425</Value>
          <Value>objectGUID:1425:1:55a73700-c891-46fd-8f5c-72bc827f2ef5:20160407213830.363:1425</Value>
          <Value>oMSyntax:1425:1:55a73700-c891-46fd-8f5c-72bc827f2ef5:20160407213830.363:1425</Value>
          <Value>schemaIDGUID:1425:1:55a73700-c891-46fd-8f5c-72bc827f2ef5:20160407213830.363:1425</Value>
          <Value>uSNChanged:1425:1:55a73700-c891-46fd-8f5c-72bc827f2ef5:20160407213830.363:1425</Value>
          <Value>uSNCreated:1425:1:55a73700-c891-46fd-8f5c-72bc827f2ef5:20160407213830.363:1425</Value>
          <Value>vmwAttributeUsage:1425:1:55a73700-c891-46fd-8f5c-72bc827f2ef5:20160407213830.363:1425</Value>
        </AttributeMetadata>
      </AttributeSchemaEntry>
      <AttributeSchemaEntry>
        <Name>netbootMachineFilePath</Name>
        <AttributeMetadata>
          <Value>attributeID:1366:1:55a73700-c891-46fd-8f5c-72bc827f2ef5:20160407213830.270:1366</Value>
          <Value>attributeSyntax:1366:1:55a73700-c891-46fd-8f5c-72bc827f2ef5:20160407213830.270:1366</Value>
          <Value>cn:1366:1:55a73700-c891-46fd-8f5c-72bc827f2ef5:20160407213830.270:1366</Value>
          <Value>createTimeStamp:1366:1:55a73700-c891-46fd-8f5c-72bc827f2ef5:20160407213830.270:1366</Value>
          <Value>entryDN:1366:1:55a73700-c891-46fd-8f5c-72bc827f2ef5:20160407213830.270:1366</Value>
          <Value>isSingleValued:1366:1:55a73700-c891-46fd-8f5c-72bc827f2ef5:20160407213830.270:1366</Value>
          <Value>lDAPDisplayName:1366:1:55a73700-c891-46fd-8f5c-72bc827f2ef5:20160407213830.270:1366</Value>
          <Value>modifyTimeStamp:1366:1:55a73700-c891-46fd-8f5c-72bc827f2ef5:20160407213830.270:1366</Value>
          <Value>objectClass:1366:1:55a73700-c891-46fd-8f5c-72bc827f2ef5:20160407213830.270:1366</Value>
          <Value>objectGUID:1366:1:55a73700-c891-46fd-8f5c-72bc827f2ef5:20160407213830.270:1366</Value>
          <Value>oMSyntax:1366:1:55a73700-c891-46fd-8f5c-72bc827f2ef5:20160407213830.270:1366</Value>
          <Value>schemaIDGUID:1366:1:55a73700-c891-46fd-8f5c-72bc827f2ef5:20160407213830.270:1366</Value>
          <Value>uSNChanged:1366:1:55a73700-c891-46fd-8f5c-72bc827f2ef5:20160407213830.270:1366</Value>
          <Value>uSNCreated:1366:1:55a73700-c891-46fd-8f5c-72bc827f2ef5:20160407213830.270:1366</Value>
          <Value>vmwAttributeUsage:1366:1:55a73700-c891-46fd-8f5c-72bc827f2ef5:20160407213830.270:1366</Value>
        </AttributeMetadata>
      </AttributeSchemaEntry>
      <AttributeSchemaEntry>
        <Name>netbootMaxClients</Name>
        <AttributeMetadata>
          <Value>attributeID:658:1:55a73700-c891-46fd-8f5c-72bc827f2ef5:20160407213829.053:658</Value>
          <Value>attributeSyntax:658:1:55a73700-c891-46fd-8f5c-72bc827f2ef5:20160407213829.053:658</Value>
          <Value>cn:658:1:55a73700-c891-46fd-8f5c-72bc827f2ef5:20160407213829.053:658</Value>
          <Value>createTimeStamp:658:1:55a73700-c891-46fd-8f5c-72bc827f2ef5:20160407213829.053:658</Value>
          <Value>entryDN:658:1:55a73700-c891-46fd-8f5c-72bc827f2ef5:20160407213829.053:658</Value>
          <Value>isSingleValued:658:1:55a73700-c891-46fd-8f5c-72bc827f2ef5:20160407213829.053:658</Value>
          <Value>lDAPDisplayName:658:1:55a73700-c891-46fd-8f5c-72bc827f2ef5:20160407213829.053:658</Value>
          <Value>modifyTimeStamp:658:1:55a73700-c891-46fd-8f5c-72bc827f2ef5:20160407213829.053:658</Value>
          <Value>objectClass:658:1:55a73700-c891-46fd-8f5c-72bc827f2ef5:20160407213829.053:658</Value>
          <Value>objectGUID:658:1:55a73700-c891-46fd-8f5c-72bc827f2ef5:20160407213829.053:658</Value>
          <Value>oMSyntax:658:1:55a73700-c891-46fd-8f5c-72bc827f2ef5:20160407213829.053:658</Value>
          <Value>schemaIDGUID:658:1:55a73700-c891-46fd-8f5c-72bc827f2ef5:20160407213829.053:658</Value>
          <Value>uSNChanged:658:1:55a73700-c891-46fd-8f5c-72bc827f2ef5:20160407213829.053:658</Value>
          <Value>uSNCreated:658:1:55a73700-c891-46fd-8f5c-72bc827f2ef5:20160407213829.053:658</Value>
          <Value>vmwAttributeUsage:658:1:55a73700-c891-46fd-8f5c-72bc827f2ef5:20160407213829.053:658</Value>
        </AttributeMetadata>
      </AttributeSchemaEntry>
      <AttributeSchemaEntry>
        <Name>netbootMirrorDataFile</Name>
        <AttributeMetadata>
          <Value>attributeID:1390:1:55a73700-c891-46fd-8f5c-72bc827f2ef5:20160407213830.307:1390</Value>
          <Value>attributeSyntax:1390:1:55a73700-c891-46fd-8f5c-72bc827f2ef5:20160407213830.307:1390</Value>
          <Value>cn:1390:1:55a73700-c891-46fd-8f5c-72bc827f2ef5:20160407213830.307:1390</Value>
          <Value>createTimeStamp:1390:1:55a73700-c891-46fd-8f5c-72bc827f2ef5:20160407213830.307:1390</Value>
          <Value>entryDN:1390:1:55a73700-c891-46fd-8f5c-72bc827f2ef5:20160407213830.307:1390</Value>
          <Value>isSingleValued:1390:1:55a73700-c891-46fd-8f5c-72bc827f2ef5:20160407213830.307:1390</Value>
          <Value>lDAPDisplayName:1390:1:55a73700-c891-46fd-8f5c-72bc827f2ef5:20160407213830.307:1390</Value>
          <Value>modifyTimeStamp:1390:1:55a73700-c891-46fd-8f5c-72bc827f2ef5:20160407213830.307:1390</Value>
          <Value>objectClass:1390:1:55a73700-c891-46fd-8f5c-72bc827f2ef5:20160407213830.307:1390</Value>
          <Value>objectGUID:1390:1:55a73700-c891-46fd-8f5c-72bc827f2ef5:20160407213830.307:1390</Value>
          <Value>oMSyntax:1390:1:55a73700-c891-46fd-8f5c-72bc827f2ef5:20160407213830.307:1390</Value>
          <Value>schemaIDGUID:1390:1:55a73700-c891-46fd-8f5c-72bc827f2ef5:20160407213830.307:1390</Value>
          <Value>uSNChanged:1390:1:55a73700-c891-46fd-8f5c-72bc827f2ef5:20160407213830.307:1390</Value>
          <Value>uSNCreated:1390:1:55a73700-c891-46fd-8f5c-72bc827f2ef5:20160407213830.307:1390</Value>
          <Value>vmwAttributeUsage:1390:1:55a73700-c891-46fd-8f5c-72bc827f2ef5:20160407213830.307:1390</Value>
        </AttributeMetadata>
      </AttributeSchemaEntry>
      <AttributeSchemaEntry>
        <Name>netbootNewMachineNamingPolicy</Name>
        <AttributeMetadata>
          <Value>attributeID:299:1:55a73700-c891-46fd-8f5c-72bc827f2ef5:20160407213828.468:299</Value>
          <Value>attributeSyntax:299:1:55a73700-c891-46fd-8f5c-72bc827f2ef5:20160407213828.468:299</Value>
          <Value>cn:299:1:55a73700-c891-46fd-8f5c-72bc827f2ef5:20160407213828.468:299</Value>
          <Value>createTimeStamp:299:1:55a73700-c891-46fd-8f5c-72bc827f2ef5:20160407213828.468:299</Value>
          <Value>entryDN:299:1:55a73700-c891-46fd-8f5c-72bc827f2ef5:20160407213828.468:299</Value>
          <Value>isSingleValued:299:1:55a73700-c891-46fd-8f5c-72bc827f2ef5:20160407213828.468:299</Value>
          <Value>lDAPDisplayName:299:1:55a73700-c891-46fd-8f5c-72bc827f2ef5:20160407213828.468:299</Value>
          <Value>modifyTimeStamp:299:1:55a73700-c891-46fd-8f5c-72bc827f2ef5:20160407213828.468:299</Value>
          <Value>objectClass:299:1:55a73700-c891-46fd-8f5c-72bc827f2ef5:20160407213828.468:299</Value>
          <Value>objectGUID:299:1:55a73700-c891-46fd-8f5c-72bc827f2ef5:20160407213828.468:299</Value>
          <Value>oMSyntax:299:1:55a73700-c891-46fd-8f5c-72bc827f2ef5:20160407213828.468:299</Value>
          <Value>schemaIDGUID:299:1:55a73700-c891-46fd-8f5c-72bc827f2ef5:20160407213828.468:299</Value>
          <Value>uSNChanged:299:1:55a73700-c891-46fd-8f5c-72bc827f2ef5:20160407213828.468:299</Value>
          <Value>uSNCreated:299:1:55a73700-c891-46fd-8f5c-72bc827f2ef5:20160407213828.468:299</Value>
          <Value>vmwAttributeUsage:299:1:55a73700-c891-46fd-8f5c-72bc827f2ef5:20160407213828.468:299</Value>
        </AttributeMetadata>
      </AttributeSchemaEntry>
      <AttributeSchemaEntry>
        <Name>netbootNewMachineOU</Name>
        <AttributeMetadata>
          <Value>attributeID:541:1:55a73700-c891-46fd-8f5c-72bc827f2ef5:20160407213828.850:541</Value>
          <Value>attributeSyntax:541:1:55a73700-c891-46fd-8f5c-72bc827f2ef5:20160407213828.850:541</Value>
          <Value>cn:541:1:55a73700-c891-46fd-8f5c-72bc827f2ef5:20160407213828.850:541</Value>
          <Value>createTimeStamp:541:1:55a73700-c891-46fd-8f5c-72bc827f2ef5:20160407213828.850:541</Value>
          <Value>entryDN:541:1:55a73700-c891-46fd-8f5c-72bc827f2ef5:20160407213828.850:541</Value>
          <Value>isSingleValued:541:1:55a73700-c891-46fd-8f5c-72bc827f2ef5:20160407213828.850:541</Value>
          <Value>lDAPDisplayName:541:1:55a73700-c891-46fd-8f5c-72bc827f2ef5:20160407213828.850:541</Value>
          <Value>modifyTimeStamp:541:1:55a73700-c891-46fd-8f5c-72bc827f2ef5:20160407213828.850:541</Value>
          <Value>objectClass:541:1:55a73700-c891-46fd-8f5c-72bc827f2ef5:20160407213828.850:541</Value>
          <Value>objectGUID:541:1:55a73700-c891-46fd-8f5c-72bc827f2ef5:20160407213828.850:541</Value>
          <Value>oMSyntax:541:1:55a73700-c891-46fd-8f5c-72bc827f2ef5:20160407213828.850:541</Value>
          <Value>schemaIDGUID:541:1:55a73700-c891-46fd-8f5c-72bc827f2ef5:20160407213828.850:541</Value>
          <Value>uSNChanged:541:1:55a73700-c891-46fd-8f5c-72bc827f2ef5:20160407213828.850:541</Value>
          <Value>uSNCreated:541:1:55a73700-c891-46fd-8f5c-72bc827f2ef5:20160407213828.850:541</Value>
          <Value>vmwAttributeUsage:541:1:55a73700-c891-46fd-8f5c-72bc827f2ef5:20160407213828.850:541</Value>
        </AttributeMetadata>
      </AttributeSchemaEntry>
      <AttributeSchemaEntry>
        <Name>netbootSCPBL</Name>
        <AttributeMetadata>
          <Value>attributeID:1421:1:55a73700-c891-46fd-8f5c-72bc827f2ef5:20160407213830.359:1421</Value>
          <Value>attributeSyntax:1421:1:55a73700-c891-46fd-8f5c-72bc827f2ef5:20160407213830.359:1421</Value>
          <Value>cn:1421:1:55a73700-c891-46fd-8f5c-72bc827f2ef5:20160407213830.359:1421</Value>
          <Value>createTimeStamp:1421:1:55a73700-c891-46fd-8f5c-72bc827f2ef5:20160407213830.359:1421</Value>
          <Value>entryDN:1421:1:55a73700-c891-46fd-8f5c-72bc827f2ef5:20160407213830.359:1421</Value>
          <Value>isSingleValued:1421:1:55a73700-c891-46fd-8f5c-72bc827f2ef5:20160407213830.359:1421</Value>
          <Value>lDAPDisplayName:1421:1:55a73700-c891-46fd-8f5c-72bc827f2ef5:20160407213830.359:1421</Value>
          <Value>modifyTimeStamp:1421:1:55a73700-c891-46fd-8f5c-72bc827f2ef5:20160407213830.359:1421</Value>
          <Value>objectClass:1421:1:55a73700-c891-46fd-8f5c-72bc827f2ef5:20160407213830.359:1421</Value>
          <Value>objectGUID:1421:1:55a73700-c891-46fd-8f5c-72bc827f2ef5:20160407213830.359:1421</Value>
          <Value>oMSyntax:1421:1:55a73700-c891-46fd-8f5c-72bc827f2ef5:20160407213830.359:1421</Value>
          <Value>schemaIDGUID:1421:1:55a73700-c891-46fd-8f5c-72bc827f2ef5:20160407213830.359:1421</Value>
          <Value>uSNChanged:1421:1:55a73700-c891-46fd-8f5c-72bc827f2ef5:20160407213830.359:1421</Value>
          <Value>uSNCreated:1421:1:55a73700-c891-46fd-8f5c-72bc827f2ef5:20160407213830.359:1421</Value>
          <Value>vmwAttributeUsage:1421:1:55a73700-c891-46fd-8f5c-72bc827f2ef5:20160407213830.359:1421</Value>
        </AttributeMetadata>
      </AttributeSchemaEntry>
      <AttributeSchemaEntry>
        <Name>netbootServer</Name>
        <AttributeMetadata>
          <Value>attributeID:1049:1:55a73700-c891-46fd-8f5c-72bc827f2ef5:20160407213829.713:1049</Value>
          <Value>attributeSyntax:1049:1:55a73700-c891-46fd-8f5c-72bc827f2ef5:20160407213829.713:1049</Value>
          <Value>cn:1049:1:55a73700-c891-46fd-8f5c-72bc827f2ef5:20160407213829.713:1049</Value>
          <Value>createTimeStamp:1049:1:55a73700-c891-46fd-8f5c-72bc827f2ef5:20160407213829.713:1049</Value>
          <Value>entryDN:1049:1:55a73700-c891-46fd-8f5c-72bc827f2ef5:20160407213829.713:1049</Value>
          <Value>isSingleValued:1049:1:55a73700-c891-46fd-8f5c-72bc827f2ef5:20160407213829.713:1049</Value>
          <Value>lDAPDisplayName:1049:1:55a73700-c891-46fd-8f5c-72bc827f2ef5:20160407213829.713:1049</Value>
          <Value>modifyTimeStamp:1049:1:55a73700-c891-46fd-8f5c-72bc827f2ef5:20160407213829.713:1049</Value>
          <Value>objectClass:1049:1:55a73700-c891-46fd-8f5c-72bc827f2ef5:20160407213829.713:1049</Value>
          <Value>objectGUID:1049:1:55a73700-c891-46fd-8f5c-72bc827f2ef5:20160407213829.713:1049</Value>
          <Value>oMSyntax:1049:1:55a73700-c891-46fd-8f5c-72bc827f2ef5:20160407213829.713:1049</Value>
          <Value>schemaIDGUID:1049:1:55a73700-c891-46fd-8f5c-72bc827f2ef5:20160407213829.713:1049</Value>
          <Value>uSNChanged:1049:1:55a73700-c891-46fd-8f5c-72bc827f2ef5:20160407213829.713:1049</Value>
          <Value>uSNCreated:1049:1:55a73700-c891-46fd-8f5c-72bc827f2ef5:20160407213829.713:1049</Value>
          <Value>vmwAttributeUsage:1049:1:55a73700-c891-46fd-8f5c-72bc827f2ef5:20160407213829.713:1049</Value>
        </AttributeMetadata>
      </AttributeSchemaEntry>
      <AttributeSchemaEntry>
        <Name>netbootSIFFile</Name>
        <AttributeMetadata>
          <Value>attributeID:1449:1:55a73700-c891-46fd-8f5c-72bc827f2ef5:20160407213830.411:1449</Value>
          <Value>attributeSyntax:1449:1:55a73700-c891-46fd-8f5c-72bc827f2ef5:20160407213830.411:1449</Value>
          <Value>cn:1449:1:55a73700-c891-46fd-8f5c-72bc827f2ef5:20160407213830.411:1449</Value>
          <Value>createTimeStamp:1449:1:55a73700-c891-46fd-8f5c-72bc827f2ef5:20160407213830.411:1449</Value>
          <Value>entryDN:1449:1:55a73700-c891-46fd-8f5c-72bc827f2ef5:20160407213830.411:1449</Value>
          <Value>isSingleValued:1449:1:55a73700-c891-46fd-8f5c-72bc827f2ef5:20160407213830.411:1449</Value>
          <Value>lDAPDisplayName:1449:1:55a73700-c891-46fd-8f5c-72bc827f2ef5:20160407213830.411:1449</Value>
          <Value>modifyTimeStamp:1449:1:55a73700-c891-46fd-8f5c-72bc827f2ef5:20160407213830.411:1449</Value>
          <Value>objectClass:1449:1:55a73700-c891-46fd-8f5c-72bc827f2ef5:20160407213830.411:1449</Value>
          <Value>objectGUID:1449:1:55a73700-c891-46fd-8f5c-72bc827f2ef5:20160407213830.411:1449</Value>
          <Value>oMSyntax:1449:1:55a73700-c891-46fd-8f5c-72bc827f2ef5:20160407213830.411:1449</Value>
          <Value>schemaIDGUID:1449:1:55a73700-c891-46fd-8f5c-72bc827f2ef5:20160407213830.411:1449</Value>
          <Value>uSNChanged:1449:1:55a73700-c891-46fd-8f5c-72bc827f2ef5:20160407213830.411:1449</Value>
          <Value>uSNCreated:1449:1:55a73700-c891-46fd-8f5c-72bc827f2ef5:20160407213830.411:1449</Value>
          <Value>vmwAttributeUsage:1449:1:55a73700-c891-46fd-8f5c-72bc827f2ef5:20160407213830.411:1449</Value>
        </AttributeMetadata>
      </AttributeSchemaEntry>
      <AttributeSchemaEntry>
        <Name>netbootTools</Name>
        <AttributeMetadata>
          <Value>attributeID:424:1:55a73700-c891-46fd-8f5c-72bc827f2ef5:20160407213828.655:424</Value>
          <Value>attributeSyntax:424:1:55a73700-c891-46fd-8f5c-72bc827f2ef5:20160407213828.655:424</Value>
          <Value>cn:424:1:55a73700-c891-46fd-8f5c-72bc827f2ef5:20160407213828.655:424</Value>
          <Value>createTimeStamp:424:1:55a73700-c891-46fd-8f5c-72bc827f2ef5:20160407213828.655:424</Value>
          <Value>entryDN:424:1:55a73700-c891-46fd-8f5c-72bc827f2ef5:20160407213828.655:424</Value>
          <Value>isSingleValued:424:1:55a73700-c891-46fd-8f5c-72bc827f2ef5:20160407213828.655:424</Value>
          <Value>lDAPDisplayName:424:1:55a73700-c891-46fd-8f5c-72bc827f2ef5:20160407213828.655:424</Value>
          <Value>modifyTimeStamp:424:1:55a73700-c891-46fd-8f5c-72bc827f2ef5:20160407213828.655:424</Value>
          <Value>objectClass:424:1:55a73700-c891-46fd-8f5c-72bc827f2ef5:20160407213828.655:424</Value>
          <Value>objectGUID:424:1:55a73700-c891-46fd-8f5c-72bc827f2ef5:20160407213828.655:424</Value>
          <Value>oMSyntax:424:1:55a73700-c891-46fd-8f5c-72bc827f2ef5:20160407213828.655:424</Value>
          <Value>schemaIDGUID:424:1:55a73700-c891-46fd-8f5c-72bc827f2ef5:20160407213828.655:424</Value>
          <Value>uSNChanged:424:1:55a73700-c891-46fd-8f5c-72bc827f2ef5:20160407213828.655:424</Value>
          <Value>uSNCreated:424:1:55a73700-c891-46fd-8f5c-72bc827f2ef5:20160407213828.655:424</Value>
          <Value>vmwAttributeUsage:424:1:55a73700-c891-46fd-8f5c-72bc827f2ef5:20160407213828.655:424</Value>
        </AttributeMetadata>
      </AttributeSchemaEntry>
      <AttributeSchemaEntry>
        <Name>networkAddress</Name>
        <AttributeMetadata>
          <Value>attributeID:794:1:55a73700-c891-46fd-8f5c-72bc827f2ef5:20160407213829.278:794</Value>
          <Value>attributeSyntax:794:1:55a73700-c891-46fd-8f5c-72bc827f2ef5:20160407213829.278:794</Value>
          <Value>cn:794:1:55a73700-c891-46fd-8f5c-72bc827f2ef5:20160407213829.278:794</Value>
          <Value>createTimeStamp:794:1:55a73700-c891-46fd-8f5c-72bc827f2ef5:20160407213829.278:794</Value>
          <Value>entryDN:794:1:55a73700-c891-46fd-8f5c-72bc827f2ef5:20160407213829.278:794</Value>
          <Value>isSingleValued:794:1:55a73700-c891-46fd-8f5c-72bc827f2ef5:20160407213829.278:794</Value>
          <Value>lDAPDisplayName:794:1:55a73700-c891-46fd-8f5c-72bc827f2ef5:20160407213829.278:794</Value>
          <Value>modifyTimeStamp:794:1:55a73700-c891-46fd-8f5c-72bc827f2ef5:20160407213829.278:794</Value>
          <Value>objectClass:794:1:55a73700-c891-46fd-8f5c-72bc827f2ef5:20160407213829.278:794</Value>
          <Value>objectGUID:794:1:55a73700-c891-46fd-8f5c-72bc827f2ef5:20160407213829.278:794</Value>
          <Value>oMSyntax:794:1:55a73700-c891-46fd-8f5c-72bc827f2ef5:20160407213829.278:794</Value>
          <Value>schemaIDGUID:794:1:55a73700-c891-46fd-8f5c-72bc827f2ef5:20160407213829.278:794</Value>
          <Value>uSNChanged:794:1:55a73700-c891-46fd-8f5c-72bc827f2ef5:20160407213829.278:794</Value>
          <Value>uSNCreated:794:1:55a73700-c891-46fd-8f5c-72bc827f2ef5:20160407213829.278:794</Value>
          <Value>vmwAttributeUsage:794:1:55a73700-c891-46fd-8f5c-72bc827f2ef5:20160407213829.278:794</Value>
        </AttributeMetadata>
      </AttributeSchemaEntry>
      <AttributeSchemaEntry>
        <Name>nextLevelStore</Name>
        <AttributeMetadata>
          <Value>attributeID:502:1:55a73700-c891-46fd-8f5c-72bc827f2ef5:20160407213828.783:502</Value>
          <Value>attributeSyntax:502:1:55a73700-c891-46fd-8f5c-72bc827f2ef5:20160407213828.783:502</Value>
          <Value>cn:502:1:55a73700-c891-46fd-8f5c-72bc827f2ef5:20160407213828.783:502</Value>
          <Value>createTimeStamp:502:1:55a73700-c891-46fd-8f5c-72bc827f2ef5:20160407213828.783:502</Value>
          <Value>entryDN:502:1:55a73700-c891-46fd-8f5c-72bc827f2ef5:20160407213828.783:502</Value>
          <Value>isSingleValued:502:1:55a73700-c891-46fd-8f5c-72bc827f2ef5:20160407213828.783:502</Value>
          <Value>lDAPDisplayName:502:1:55a73700-c891-46fd-8f5c-72bc827f2ef5:20160407213828.783:502</Value>
          <Value>modifyTimeStamp:502:1:55a73700-c891-46fd-8f5c-72bc827f2ef5:20160407213828.783:502</Value>
          <Value>objectClass:502:1:55a73700-c891-46fd-8f5c-72bc827f2ef5:20160407213828.783:502</Value>
          <Value>objectGUID:502:1:55a73700-c891-46fd-8f5c-72bc827f2ef5:20160407213828.783:502</Value>
          <Value>oMSyntax:502:1:55a73700-c891-46fd-8f5c-72bc827f2ef5:20160407213828.783:502</Value>
          <Value>schemaIDGUID:502:1:55a73700-c891-46fd-8f5c-72bc827f2ef5:20160407213828.783:502</Value>
          <Value>uSNChanged:502:1:55a73700-c891-46fd-8f5c-72bc827f2ef5:20160407213828.783:502</Value>
          <Value>uSNCreated:502:1:55a73700-c891-46fd-8f5c-72bc827f2ef5:20160407213828.783:502</Value>
          <Value>vmwAttributeUsage:502:1:55a73700-c891-46fd-8f5c-72bc827f2ef5:20160407213828.783:502</Value>
        </AttributeMetadata>
      </AttributeSchemaEntry>
      <AttributeSchemaEntry>
        <Name>nextRid</Name>
        <AttributeMetadata>
          <Value>attributeID:1684:1:55a73700-c891-46fd-8f5c-72bc827f2ef5:20160407213830.803:1684</Value>
          <Value>attributeSyntax:1684:1:55a73700-c891-46fd-8f5c-72bc827f2ef5:20160407213830.803:1684</Value>
          <Value>cn:1684:1:55a73700-c891-46fd-8f5c-72bc827f2ef5:20160407213830.803:1684</Value>
          <Value>createTimeStamp:1684:1:55a73700-c891-46fd-8f5c-72bc827f2ef5:20160407213830.803:1684</Value>
          <Value>entryDN:1684:1:55a73700-c891-46fd-8f5c-72bc827f2ef5:20160407213830.803:1684</Value>
          <Value>isSingleValued:1684:1:55a73700-c891-46fd-8f5c-72bc827f2ef5:20160407213830.803:1684</Value>
          <Value>lDAPDisplayName:1684:1:55a73700-c891-46fd-8f5c-72bc827f2ef5:20160407213830.803:1684</Value>
          <Value>modifyTimeStamp:1684:1:55a73700-c891-46fd-8f5c-72bc827f2ef5:20160407213830.803:1684</Value>
          <Value>objectClass:1684:1:55a73700-c891-46fd-8f5c-72bc827f2ef5:20160407213830.803:1684</Value>
          <Value>objectGUID:1684:1:55a73700-c891-46fd-8f5c-72bc827f2ef5:20160407213830.803:1684</Value>
          <Value>oMSyntax:1684:1:55a73700-c891-46fd-8f5c-72bc827f2ef5:20160407213830.803:1684</Value>
          <Value>schemaIDGUID:1684:1:55a73700-c891-46fd-8f5c-72bc827f2ef5:20160407213830.803:1684</Value>
          <Value>uSNChanged:1684:1:55a73700-c891-46fd-8f5c-72bc827f2ef5:20160407213830.803:1684</Value>
          <Value>uSNCreated:1684:1:55a73700-c891-46fd-8f5c-72bc827f2ef5:20160407213830.803:1684</Value>
          <Value>vmwAttributeUsage:1684:1:55a73700-c891-46fd-8f5c-72bc827f2ef5:20160407213830.803:1684</Value>
        </AttributeMetadata>
      </AttributeSchemaEntry>
      <AttributeSchemaEntry>
        <Name>nisMapEntry</Name>
        <AttributeMetadata>
          <Value>attributeID:1073:1:55a73700-c891-46fd-8f5c-72bc827f2ef5:20160407213829.763:1073</Value>
          <Value>attributeSyntax:1073:1:55a73700-c891-46fd-8f5c-72bc827f2ef5:20160407213829.763:1073</Value>
          <Value>cn:1073:1:55a73700-c891-46fd-8f5c-72bc827f2ef5:20160407213829.763:1073</Value>
          <Value>createTimeStamp:1073:1:55a73700-c891-46fd-8f5c-72bc827f2ef5:20160407213829.763:1073</Value>
          <Value>entryDN:1073:1:55a73700-c891-46fd-8f5c-72bc827f2ef5:20160407213829.763:1073</Value>
          <Value>isSingleValued:1073:1:55a73700-c891-46fd-8f5c-72bc827f2ef5:20160407213829.763:1073</Value>
          <Value>lDAPDisplayName:1073:1:55a73700-c891-46fd-8f5c-72bc827f2ef5:20160407213829.763:1073</Value>
          <Value>modifyTimeStamp:1073:1:55a73700-c891-46fd-8f5c-72bc827f2ef5:20160407213829.763:1073</Value>
          <Value>objectClass:1073:1:55a73700-c891-46fd-8f5c-72bc827f2ef5:20160407213829.763:1073</Value>
          <Value>objectGUID:1073:1:55a73700-c891-46fd-8f5c-72bc827f2ef5:20160407213829.763:1073</Value>
          <Value>oMSyntax:1073:1:55a73700-c891-46fd-8f5c-72bc827f2ef5:20160407213829.763:1073</Value>
          <Value>schemaIDGUID:1073:1:55a73700-c891-46fd-8f5c-72bc827f2ef5:20160407213829.763:1073</Value>
          <Value>uSNChanged:1073:1:55a73700-c891-46fd-8f5c-72bc827f2ef5:20160407213829.763:1073</Value>
          <Value>uSNCreated:1073:1:55a73700-c891-46fd-8f5c-72bc827f2ef5:20160407213829.763:1073</Value>
          <Value>vmwAttributeUsage:1073:1:55a73700-c891-46fd-8f5c-72bc827f2ef5:20160407213829.763:1073</Value>
        </AttributeMetadata>
      </AttributeSchemaEntry>
      <AttributeSchemaEntry>
        <Name>nisMapName</Name>
        <AttributeMetadata>
          <Value>attributeID:940:1:55a73700-c891-46fd-8f5c-72bc827f2ef5:20160407213829.533:940</Value>
          <Value>attributeSyntax:940:1:55a73700-c891-46fd-8f5c-72bc827f2ef5:20160407213829.533:940</Value>
          <Value>cn:940:1:55a73700-c891-46fd-8f5c-72bc827f2ef5:20160407213829.533:940</Value>
          <Value>createTimeStamp:940:1:55a73700-c891-46fd-8f5c-72bc827f2ef5:20160407213829.533:940</Value>
          <Value>entryDN:940:1:55a73700-c891-46fd-8f5c-72bc827f2ef5:20160407213829.533:940</Value>
          <Value>isSingleValued:940:1:55a73700-c891-46fd-8f5c-72bc827f2ef5:20160407213829.533:940</Value>
          <Value>lDAPDisplayName:940:1:55a73700-c891-46fd-8f5c-72bc827f2ef5:20160407213829.533:940</Value>
          <Value>modifyTimeStamp:940:1:55a73700-c891-46fd-8f5c-72bc827f2ef5:20160407213829.533:940</Value>
          <Value>objectClass:940:1:55a73700-c891-46fd-8f5c-72bc827f2ef5:20160407213829.533:940</Value>
          <Value>objectGUID:940:1:55a73700-c891-46fd-8f5c-72bc827f2ef5:20160407213829.533:940</Value>
          <Value>oMSyntax:940:1:55a73700-c891-46fd-8f5c-72bc827f2ef5:20160407213829.533:940</Value>
          <Value>schemaIDGUID:940:1:55a73700-c891-46fd-8f5c-72bc827f2ef5:20160407213829.533:940</Value>
          <Value>uSNChanged:940:1:55a73700-c891-46fd-8f5c-72bc827f2ef5:20160407213829.533:940</Value>
          <Value>uSNCreated:940:1:55a73700-c891-46fd-8f5c-72bc827f2ef5:20160407213829.533:940</Value>
          <Value>vmwAttributeUsage:940:1:55a73700-c891-46fd-8f5c-72bc827f2ef5:20160407213829.533:940</Value>
        </AttributeMetadata>
      </AttributeSchemaEntry>
      <AttributeSchemaEntry>
        <Name>nisNetgroupTriple</Name>
        <AttributeMetadata>
          <Value>attributeID:1445:1:55a73700-c891-46fd-8f5c-72bc827f2ef5:20160407213830.395:1445</Value>
          <Value>attributeSyntax:1445:1:55a73700-c891-46fd-8f5c-72bc827f2ef5:20160407213830.395:1445</Value>
          <Value>cn:1445:1:55a73700-c891-46fd-8f5c-72bc827f2ef5:20160407213830.395:1445</Value>
          <Value>createTimeStamp:1445:1:55a73700-c891-46fd-8f5c-72bc827f2ef5:20160407213830.395:1445</Value>
          <Value>entryDN:1445:1:55a73700-c891-46fd-8f5c-72bc827f2ef5:20160407213830.395:1445</Value>
          <Value>isSingleValued:1445:1:55a73700-c891-46fd-8f5c-72bc827f2ef5:20160407213830.395:1445</Value>
          <Value>lDAPDisplayName:1445:1:55a73700-c891-46fd-8f5c-72bc827f2ef5:20160407213830.395:1445</Value>
          <Value>modifyTimeStamp:1445:1:55a73700-c891-46fd-8f5c-72bc827f2ef5:20160407213830.395:1445</Value>
          <Value>objectClass:1445:1:55a73700-c891-46fd-8f5c-72bc827f2ef5:20160407213830.395:1445</Value>
          <Value>objectGUID:1445:1:55a73700-c891-46fd-8f5c-72bc827f2ef5:20160407213830.395:1445</Value>
          <Value>oMSyntax:1445:1:55a73700-c891-46fd-8f5c-72bc827f2ef5:20160407213830.395:1445</Value>
          <Value>schemaIDGUID:1445:1:55a73700-c891-46fd-8f5c-72bc827f2ef5:20160407213830.395:1445</Value>
          <Value>uSNChanged:1445:1:55a73700-c891-46fd-8f5c-72bc827f2ef5:20160407213830.395:1445</Value>
          <Value>uSNCreated:1445:1:55a73700-c891-46fd-8f5c-72bc827f2ef5:20160407213830.395:1445</Value>
          <Value>vmwAttributeUsage:1445:1:55a73700-c891-46fd-8f5c-72bc827f2ef5:20160407213830.395:1445</Value>
        </AttributeMetadata>
      </AttributeSchemaEntry>
      <AttributeSchemaEntry>
        <Name>nonSecurityMember</Name>
        <AttributeMetadata>
          <Value>attributeID:930:1:55a73700-c891-46fd-8f5c-72bc827f2ef5:20160407213829.512:930</Value>
          <Value>attributeSyntax:930:1:55a73700-c891-46fd-8f5c-72bc827f2ef5:20160407213829.512:930</Value>
          <Value>cn:930:1:55a73700-c891-46fd-8f5c-72bc827f2ef5:20160407213829.512:930</Value>
          <Value>createTimeStamp:930:1:55a73700-c891-46fd-8f5c-72bc827f2ef5:20160407213829.512:930</Value>
          <Value>entryDN:930:1:55a73700-c891-46fd-8f5c-72bc827f2ef5:20160407213829.512:930</Value>
          <Value>isSingleValued:930:1:55a73700-c891-46fd-8f5c-72bc827f2ef5:20160407213829.512:930</Value>
          <Value>lDAPDisplayName:930:1:55a73700-c891-46fd-8f5c-72bc827f2ef5:20160407213829.512:930</Value>
          <Value>modifyTimeStamp:930:1:55a73700-c891-46fd-8f5c-72bc827f2ef5:20160407213829.512:930</Value>
          <Value>objectClass:930:1:55a73700-c891-46fd-8f5c-72bc827f2ef5:20160407213829.512:930</Value>
          <Value>objectGUID:930:1:55a73700-c891-46fd-8f5c-72bc827f2ef5:20160407213829.512:930</Value>
          <Value>oMSyntax:930:1:55a73700-c891-46fd-8f5c-72bc827f2ef5:20160407213829.512:930</Value>
          <Value>schemaIDGUID:930:1:55a73700-c891-46fd-8f5c-72bc827f2ef5:20160407213829.512:930</Value>
          <Value>uSNChanged:930:1:55a73700-c891-46fd-8f5c-72bc827f2ef5:20160407213829.512:930</Value>
          <Value>uSNCreated:930:1:55a73700-c891-46fd-8f5c-72bc827f2ef5:20160407213829.512:930</Value>
          <Value>vmwAttributeUsage:930:1:55a73700-c891-46fd-8f5c-72bc827f2ef5:20160407213829.512:930</Value>
        </AttributeMetadata>
      </AttributeSchemaEntry>
      <AttributeSchemaEntry>
        <Name>nonSecurityMemberBL</Name>
        <AttributeMetadata>
          <Value>attributeID:560:1:55a73700-c891-46fd-8f5c-72bc827f2ef5:20160407213828.882:560</Value>
          <Value>attributeSyntax:560:1:55a73700-c891-46fd-8f5c-72bc827f2ef5:20160407213828.882:560</Value>
          <Value>cn:560:1:55a73700-c891-46fd-8f5c-72bc827f2ef5:20160407213828.882:560</Value>
          <Value>createTimeStamp:560:1:55a73700-c891-46fd-8f5c-72bc827f2ef5:20160407213828.882:560</Value>
          <Value>entryDN:560:1:55a73700-c891-46fd-8f5c-72bc827f2ef5:20160407213828.882:560</Value>
          <Value>isSingleValued:560:1:55a73700-c891-46fd-8f5c-72bc827f2ef5:20160407213828.882:560</Value>
          <Value>lDAPDisplayName:560:1:55a73700-c891-46fd-8f5c-72bc827f2ef5:20160407213828.882:560</Value>
          <Value>modifyTimeStamp:560:1:55a73700-c891-46fd-8f5c-72bc827f2ef5:20160407213828.882:560</Value>
          <Value>objectClass:560:1:55a73700-c891-46fd-8f5c-72bc827f2ef5:20160407213828.882:560</Value>
          <Value>objectGUID:560:1:55a73700-c891-46fd-8f5c-72bc827f2ef5:20160407213828.882:560</Value>
          <Value>oMSyntax:560:1:55a73700-c891-46fd-8f5c-72bc827f2ef5:20160407213828.882:560</Value>
          <Value>schemaIDGUID:560:1:55a73700-c891-46fd-8f5c-72bc827f2ef5:20160407213828.882:560</Value>
          <Value>uSNChanged:560:1:55a73700-c891-46fd-8f5c-72bc827f2ef5:20160407213828.882:560</Value>
          <Value>uSNCreated:560:1:55a73700-c891-46fd-8f5c-72bc827f2ef5:20160407213828.882:560</Value>
          <Value>vmwAttributeUsage:560:1:55a73700-c891-46fd-8f5c-72bc827f2ef5:20160407213828.882:560</Value>
        </AttributeMetadata>
      </AttributeSchemaEntry>
      <AttributeSchemaEntry>
        <Name>notes</Name>
        <AttributeMetadata>
          <Value>attributeID:1504:1:55a73700-c891-46fd-8f5c-72bc827f2ef5:20160407213830.501:1504</Value>
          <Value>attributeSyntax:1504:1:55a73700-c891-46fd-8f5c-72bc827f2ef5:20160407213830.501:1504</Value>
          <Value>cn:1504:1:55a73700-c891-46fd-8f5c-72bc827f2ef5:20160407213830.501:1504</Value>
          <Value>createTimeStamp:1504:1:55a73700-c891-46fd-8f5c-72bc827f2ef5:20160407213830.501:1504</Value>
          <Value>entryDN:1504:1:55a73700-c891-46fd-8f5c-72bc827f2ef5:20160407213830.501:1504</Value>
          <Value>isSingleValued:1504:1:55a73700-c891-46fd-8f5c-72bc827f2ef5:20160407213830.501:1504</Value>
          <Value>lDAPDisplayName:1504:1:55a73700-c891-46fd-8f5c-72bc827f2ef5:20160407213830.501:1504</Value>
          <Value>modifyTimeStamp:1504:1:55a73700-c891-46fd-8f5c-72bc827f2ef5:20160407213830.501:1504</Value>
          <Value>objectClass:1504:1:55a73700-c891-46fd-8f5c-72bc827f2ef5:20160407213830.501:1504</Value>
          <Value>objectGUID:1504:1:55a73700-c891-46fd-8f5c-72bc827f2ef5:20160407213830.501:1504</Value>
          <Value>oMSyntax:1504:1:55a73700-c891-46fd-8f5c-72bc827f2ef5:20160407213830.501:1504</Value>
          <Value>schemaIDGUID:1504:1:55a73700-c891-46fd-8f5c-72bc827f2ef5:20160407213830.501:1504</Value>
          <Value>uSNChanged:1504:1:55a73700-c891-46fd-8f5c-72bc827f2ef5:20160407213830.501:1504</Value>
          <Value>uSNCreated:1504:1:55a73700-c891-46fd-8f5c-72bc827f2ef5:20160407213830.501:1504</Value>
          <Value>vmwAttributeUsage:1504:1:55a73700-c891-46fd-8f5c-72bc827f2ef5:20160407213830.501:1504</Value>
        </AttributeMetadata>
      </AttributeSchemaEntry>
      <AttributeSchemaEntry>
        <Name>notificationList</Name>
        <AttributeMetadata>
          <Value>attributeID:208:1:55a73700-c891-46fd-8f5c-72bc827f2ef5:20160407213828.330:208</Value>
          <Value>attributeSyntax:208:1:55a73700-c891-46fd-8f5c-72bc827f2ef5:20160407213828.330:208</Value>
          <Value>cn:208:1:55a73700-c891-46fd-8f5c-72bc827f2ef5:20160407213828.330:208</Value>
          <Value>createTimeStamp:208:1:55a73700-c891-46fd-8f5c-72bc827f2ef5:20160407213828.330:208</Value>
          <Value>entryDN:208:1:55a73700-c891-46fd-8f5c-72bc827f2ef5:20160407213828.330:208</Value>
          <Value>isSingleValued:208:1:55a73700-c891-46fd-8f5c-72bc827f2ef5:20160407213828.330:208</Value>
          <Value>lDAPDisplayName:208:1:55a73700-c891-46fd-8f5c-72bc827f2ef5:20160407213828.330:208</Value>
          <Value>modifyTimeStamp:208:1:55a73700-c891-46fd-8f5c-72bc827f2ef5:20160407213828.330:208</Value>
          <Value>objectClass:208:1:55a73700-c891-46fd-8f5c-72bc827f2ef5:20160407213828.330:208</Value>
          <Value>objectGUID:208:1:55a73700-c891-46fd-8f5c-72bc827f2ef5:20160407213828.330:208</Value>
          <Value>oMSyntax:208:1:55a73700-c891-46fd-8f5c-72bc827f2ef5:20160407213828.330:208</Value>
          <Value>schemaIDGUID:208:1:55a73700-c891-46fd-8f5c-72bc827f2ef5:20160407213828.330:208</Value>
          <Value>uSNChanged:208:1:55a73700-c891-46fd-8f5c-72bc827f2ef5:20160407213828.330:208</Value>
          <Value>uSNCreated:208:1:55a73700-c891-46fd-8f5c-72bc827f2ef5:20160407213828.330:208</Value>
          <Value>vmwAttributeUsage:208:1:55a73700-c891-46fd-8f5c-72bc827f2ef5:20160407213828.330:208</Value>
        </AttributeMetadata>
      </AttributeSchemaEntry>
      <AttributeSchemaEntry>
        <Name>nTGroupMembers</Name>
        <AttributeMetadata>
          <Value>attributeID:691:1:55a73700-c891-46fd-8f5c-72bc827f2ef5:20160407213829.107:691</Value>
          <Value>attributeSyntax:691:1:55a73700-c891-46fd-8f5c-72bc827f2ef5:20160407213829.107:691</Value>
          <Value>cn:691:1:55a73700-c891-46fd-8f5c-72bc827f2ef5:20160407213829.107:691</Value>
          <Value>createTimeStamp:691:1:55a73700-c891-46fd-8f5c-72bc827f2ef5:20160407213829.107:691</Value>
          <Value>entryDN:691:1:55a73700-c891-46fd-8f5c-72bc827f2ef5:20160407213829.107:691</Value>
          <Value>isSingleValued:691:1:55a73700-c891-46fd-8f5c-72bc827f2ef5:20160407213829.107:691</Value>
          <Value>lDAPDisplayName:691:1:55a73700-c891-46fd-8f5c-72bc827f2ef5:20160407213829.107:691</Value>
          <Value>modifyTimeStamp:691:1:55a73700-c891-46fd-8f5c-72bc827f2ef5:20160407213829.107:691</Value>
          <Value>objectClass:691:1:55a73700-c891-46fd-8f5c-72bc827f2ef5:20160407213829.107:691</Value>
          <Value>objectGUID:691:1:55a73700-c891-46fd-8f5c-72bc827f2ef5:20160407213829.107:691</Value>
          <Value>oMSyntax:691:1:55a73700-c891-46fd-8f5c-72bc827f2ef5:20160407213829.107:691</Value>
          <Value>schemaIDGUID:691:1:55a73700-c891-46fd-8f5c-72bc827f2ef5:20160407213829.107:691</Value>
          <Value>uSNChanged:691:1:55a73700-c891-46fd-8f5c-72bc827f2ef5:20160407213829.107:691</Value>
          <Value>uSNCreated:691:1:55a73700-c891-46fd-8f5c-72bc827f2ef5:20160407213829.107:691</Value>
          <Value>vmwAttributeUsage:691:1:55a73700-c891-46fd-8f5c-72bc827f2ef5:20160407213829.107:691</Value>
        </AttributeMetadata>
      </AttributeSchemaEntry>
      <AttributeSchemaEntry>
        <Name>nTMixedDomain</Name>
        <AttributeMetadata>
          <Value>attributeID:663:1:55a73700-c891-46fd-8f5c-72bc827f2ef5:20160407213829.060:663</Value>
          <Value>attributeSyntax:663:1:55a73700-c891-46fd-8f5c-72bc827f2ef5:20160407213829.060:663</Value>
          <Value>cn:663:1:55a73700-c891-46fd-8f5c-72bc827f2ef5:20160407213829.060:663</Value>
          <Value>createTimeStamp:663:1:55a73700-c891-46fd-8f5c-72bc827f2ef5:20160407213829.060:663</Value>
          <Value>entryDN:663:1:55a73700-c891-46fd-8f5c-72bc827f2ef5:20160407213829.060:663</Value>
          <Value>isSingleValued:663:1:55a73700-c891-46fd-8f5c-72bc827f2ef5:20160407213829.060:663</Value>
          <Value>lDAPDisplayName:663:1:55a73700-c891-46fd-8f5c-72bc827f2ef5:20160407213829.060:663</Value>
          <Value>modifyTimeStamp:663:1:55a73700-c891-46fd-8f5c-72bc827f2ef5:20160407213829.060:663</Value>
          <Value>objectClass:663:1:55a73700-c891-46fd-8f5c-72bc827f2ef5:20160407213829.060:663</Value>
          <Value>objectGUID:663:1:55a73700-c891-46fd-8f5c-72bc827f2ef5:20160407213829.060:663</Value>
          <Value>oMSyntax:663:1:55a73700-c891-46fd-8f5c-72bc827f2ef5:20160407213829.060:663</Value>
          <Value>schemaIDGUID:663:1:55a73700-c891-46fd-8f5c-72bc827f2ef5:20160407213829.060:663</Value>
          <Value>uSNChanged:663:1:55a73700-c891-46fd-8f5c-72bc827f2ef5:20160407213829.060:663</Value>
          <Value>uSNCreated:663:1:55a73700-c891-46fd-8f5c-72bc827f2ef5:20160407213829.060:663</Value>
          <Value>vmwAttributeUsage:663:1:55a73700-c891-46fd-8f5c-72bc827f2ef5:20160407213829.060:663</Value>
        </AttributeMetadata>
      </AttributeSchemaEntry>
      <AttributeSchemaEntry>
        <Name>ntPwdHistory</Name>
        <AttributeMetadata>
          <Value>attributeID:687:1:55a73700-c891-46fd-8f5c-72bc827f2ef5:20160407213829.097:687</Value>
          <Value>attributeSyntax:687:1:55a73700-c891-46fd-8f5c-72bc827f2ef5:20160407213829.097:687</Value>
          <Value>cn:687:1:55a73700-c891-46fd-8f5c-72bc827f2ef5:20160407213829.097:687</Value>
          <Value>createTimeStamp:687:1:55a73700-c891-46fd-8f5c-72bc827f2ef5:20160407213829.097:687</Value>
          <Value>entryDN:687:1:55a73700-c891-46fd-8f5c-72bc827f2ef5:20160407213829.097:687</Value>
          <Value>isSingleValued:687:1:55a73700-c891-46fd-8f5c-72bc827f2ef5:20160407213829.097:687</Value>
          <Value>lDAPDisplayName:687:1:55a73700-c891-46fd-8f5c-72bc827f2ef5:20160407213829.097:687</Value>
          <Value>modifyTimeStamp:687:1:55a73700-c891-46fd-8f5c-72bc827f2ef5:20160407213829.097:687</Value>
          <Value>objectClass:687:1:55a73700-c891-46fd-8f5c-72bc827f2ef5:20160407213829.097:687</Value>
          <Value>objectGUID:687:1:55a73700-c891-46fd-8f5c-72bc827f2ef5:20160407213829.097:687</Value>
          <Value>oMSyntax:687:1:55a73700-c891-46fd-8f5c-72bc827f2ef5:20160407213829.097:687</Value>
          <Value>schemaIDGUID:687:1:55a73700-c891-46fd-8f5c-72bc827f2ef5:20160407213829.097:687</Value>
          <Value>uSNChanged:687:1:55a73700-c891-46fd-8f5c-72bc827f2ef5:20160407213829.097:687</Value>
          <Value>uSNCreated:687:1:55a73700-c891-46fd-8f5c-72bc827f2ef5:20160407213829.097:687</Value>
          <Value>vmwAttributeUsage:687:1:55a73700-c891-46fd-8f5c-72bc827f2ef5:20160407213829.097:687</Value>
        </AttributeMetadata>
      </AttributeSchemaEntry>
      <AttributeSchemaEntry>
        <Name>nTSecurityDescriptor</Name>
        <AttributeMetadata>
          <Value>attributeID:773:1:55a73700-c891-46fd-8f5c-72bc827f2ef5:20160407213829.243:773</Value>
          <Value>attributeSyntax:773:1:55a73700-c891-46fd-8f5c-72bc827f2ef5:20160407213829.243:773</Value>
          <Value>cn:773:1:55a73700-c891-46fd-8f5c-72bc827f2ef5:20160407213829.243:773</Value>
          <Value>createTimeStamp:773:1:55a73700-c891-46fd-8f5c-72bc827f2ef5:20160407213829.243:773</Value>
          <Value>entryDN:773:1:55a73700-c891-46fd-8f5c-72bc827f2ef5:20160407213829.243:773</Value>
          <Value>isSingleValued:773:1:55a73700-c891-46fd-8f5c-72bc827f2ef5:20160407213829.243:773</Value>
          <Value>lDAPDisplayName:773:1:55a73700-c891-46fd-8f5c-72bc827f2ef5:20160407213829.243:773</Value>
          <Value>modifyTimeStamp:773:1:55a73700-c891-46fd-8f5c-72bc827f2ef5:20160407213829.243:773</Value>
          <Value>objectClass:773:1:55a73700-c891-46fd-8f5c-72bc827f2ef5:20160407213829.243:773</Value>
          <Value>objectGUID:773:1:55a73700-c891-46fd-8f5c-72bc827f2ef5:20160407213829.243:773</Value>
          <Value>oMSyntax:773:1:55a73700-c891-46fd-8f5c-72bc827f2ef5:20160407213829.243:773</Value>
          <Value>schemaIDGUID:773:1:55a73700-c891-46fd-8f5c-72bc827f2ef5:20160407213829.243:773</Value>
          <Value>uSNChanged:773:1:55a73700-c891-46fd-8f5c-72bc827f2ef5:20160407213829.243:773</Value>
          <Value>uSNCreated:773:1:55a73700-c891-46fd-8f5c-72bc827f2ef5:20160407213829.243:773</Value>
          <Value>vmwAttributeUsage:773:1:55a73700-c891-46fd-8f5c-72bc827f2ef5:20160407213829.243:773</Value>
        </AttributeMetadata>
      </AttributeSchemaEntry>
      <AttributeSchemaEntry>
        <Name>o</Name>
        <AttributeMetadata>
          <Value>attributeID:168:1:55a73700-c891-46fd-8f5c-72bc827f2ef5:20160407213828.275:168</Value>
          <Value>attributeSyntax:168:1:55a73700-c891-46fd-8f5c-72bc827f2ef5:20160407213828.275:168</Value>
          <Value>cn:168:1:55a73700-c891-46fd-8f5c-72bc827f2ef5:20160407213828.275:168</Value>
          <Value>createTimeStamp:168:1:55a73700-c891-46fd-8f5c-72bc827f2ef5:20160407213828.275:168</Value>
          <Value>entryDN:168:1:55a73700-c891-46fd-8f5c-72bc827f2ef5:20160407213828.275:168</Value>
          <Value>isSingleValued:168:1:55a73700-c891-46fd-8f5c-72bc827f2ef5:20160407213828.275:168</Value>
          <Value>lDAPDisplayName:168:1:55a73700-c891-46fd-8f5c-72bc827f2ef5:20160407213828.275:168</Value>
          <Value>modifyTimeStamp:168:1:55a73700-c891-46fd-8f5c-72bc827f2ef5:20160407213828.275:168</Value>
          <Value>objectClass:168:1:55a73700-c891-46fd-8f5c-72bc827f2ef5:20160407213828.275:168</Value>
          <Value>objectGUID:168:1:55a73700-c891-46fd-8f5c-72bc827f2ef5:20160407213828.275:168</Value>
          <Value>oMSyntax:168:1:55a73700-c891-46fd-8f5c-72bc827f2ef5:20160407213828.275:168</Value>
          <Value>schemaIDGUID:168:1:55a73700-c891-46fd-8f5c-72bc827f2ef5:20160407213828.275:168</Value>
          <Value>uSNChanged:168:1:55a73700-c891-46fd-8f5c-72bc827f2ef5:20160407213828.275:168</Value>
          <Value>uSNCreated:168:1:55a73700-c891-46fd-8f5c-72bc827f2ef5:20160407213828.275:168</Value>
          <Value>vmwAttributeUsage:168:1:55a73700-c891-46fd-8f5c-72bc827f2ef5:20160407213828.275:168</Value>
        </AttributeMetadata>
      </AttributeSchemaEntry>
      <AttributeSchemaEntry>
        <Name>objectCategory</Name>
        <AttributeMetadata>
          <Value>attributeID:1422:1:55a73700-c891-46fd-8f5c-72bc827f2ef5:20160407213830.360:1422</Value>
          <Value>attributeSyntax:1422:1:55a73700-c891-46fd-8f5c-72bc827f2ef5:20160407213830.360:1422</Value>
          <Value>cn:1422:1:55a73700-c891-46fd-8f5c-72bc827f2ef5:20160407213830.360:1422</Value>
          <Value>createTimeStamp:1422:1:55a73700-c891-46fd-8f5c-72bc827f2ef5:20160407213830.360:1422</Value>
          <Value>entryDN:1422:1:55a73700-c891-46fd-8f5c-72bc827f2ef5:20160407213830.360:1422</Value>
          <Value>isSingleValued:1422:1:55a73700-c891-46fd-8f5c-72bc827f2ef5:20160407213830.360:1422</Value>
          <Value>lDAPDisplayName:1422:1:55a73700-c891-46fd-8f5c-72bc827f2ef5:20160407213830.360:1422</Value>
          <Value>modifyTimeStamp:1422:1:55a73700-c891-46fd-8f5c-72bc827f2ef5:20160407213830.360:1422</Value>
          <Value>objectClass:1422:1:55a73700-c891-46fd-8f5c-72bc827f2ef5:20160407213830.360:1422</Value>
          <Value>objectGUID:1422:1:55a73700-c891-46fd-8f5c-72bc827f2ef5:20160407213830.360:1422</Value>
          <Value>oMSyntax:1422:1:55a73700-c891-46fd-8f5c-72bc827f2ef5:20160407213830.360:1422</Value>
          <Value>schemaIDGUID:1422:1:55a73700-c891-46fd-8f5c-72bc827f2ef5:20160407213830.360:1422</Value>
          <Value>uSNChanged:1422:1:55a73700-c891-46fd-8f5c-72bc827f2ef5:20160407213830.360:1422</Value>
          <Value>uSNCreated:1422:1:55a73700-c891-46fd-8f5c-72bc827f2ef5:20160407213830.360:1422</Value>
          <Value>vmwAttributeUsage:1422:1:55a73700-c891-46fd-8f5c-72bc827f2ef5:20160407213830.360:1422</Value>
        </AttributeMetadata>
      </AttributeSchemaEntry>
      <AttributeSchemaEntry>
        <Name>objectClass</Name>
        <AttributeMetadata>
          <Value>attributeID:1655:1:55a73700-c891-46fd-8f5c-72bc827f2ef5:20160407213830.750:1655</Value>
          <Value>attributeSyntax:1655:1:55a73700-c891-46fd-8f5c-72bc827f2ef5:20160407213830.750:1655</Value>
          <Value>cn:1655:1:55a73700-c891-46fd-8f5c-72bc827f2ef5:20160407213830.750:1655</Value>
          <Value>createTimeStamp:1655:1:55a73700-c891-46fd-8f5c-72bc827f2ef5:20160407213830.750:1655</Value>
          <Value>entryDN:1655:1:55a73700-c891-46fd-8f5c-72bc827f2ef5:20160407213830.750:1655</Value>
          <Value>isSingleValued:1655:1:55a73700-c891-46fd-8f5c-72bc827f2ef5:20160407213830.750:1655</Value>
          <Value>lDAPDisplayName:1655:1:55a73700-c891-46fd-8f5c-72bc827f2ef5:20160407213830.750:1655</Value>
          <Value>modifyTimeStamp:1655:1:55a73700-c891-46fd-8f5c-72bc827f2ef5:20160407213830.750:1655</Value>
          <Value>objectClass:1655:1:55a73700-c891-46fd-8f5c-72bc827f2ef5:20160407213830.750:1655</Value>
          <Value>objectGUID:1655:1:55a73700-c891-46fd-8f5c-72bc827f2ef5:20160407213830.750:1655</Value>
          <Value>oMSyntax:1655:1:55a73700-c891-46fd-8f5c-72bc827f2ef5:20160407213830.750:1655</Value>
          <Value>schemaIDGUID:1655:1:55a73700-c891-46fd-8f5c-72bc827f2ef5:20160407213830.750:1655</Value>
          <Value>uSNChanged:1655:1:55a73700-c891-46fd-8f5c-72bc827f2ef5:20160407213830.750:1655</Value>
          <Value>uSNCreated:1655:1:55a73700-c891-46fd-8f5c-72bc827f2ef5:20160407213830.750:1655</Value>
          <Value>vmwAttributeUsage:1655:1:55a73700-c891-46fd-8f5c-72bc827f2ef5:20160407213830.750:1655</Value>
        </AttributeMetadata>
      </AttributeSchemaEntry>
      <AttributeSchemaEntry>
        <Name>objectClassCategory</Name>
        <AttributeMetadata>
          <Value>attributeID:1561:1:55a73700-c891-46fd-8f5c-72bc827f2ef5:20160407213830.594:1561</Value>
          <Value>attributeSyntax:1561:1:55a73700-c891-46fd-8f5c-72bc827f2ef5:20160407213830.594:1561</Value>
          <Value>cn:1561:1:55a73700-c891-46fd-8f5c-72bc827f2ef5:20160407213830.594:1561</Value>
          <Value>createTimeStamp:1561:1:55a73700-c891-46fd-8f5c-72bc827f2ef5:20160407213830.594:1561</Value>
          <Value>entryDN:1561:1:55a73700-c891-46fd-8f5c-72bc827f2ef5:20160407213830.594:1561</Value>
          <Value>isSingleValued:1561:1:55a73700-c891-46fd-8f5c-72bc827f2ef5:20160407213830.594:1561</Value>
          <Value>lDAPDisplayName:1561:1:55a73700-c891-46fd-8f5c-72bc827f2ef5:20160407213830.594:1561</Value>
          <Value>modifyTimeStamp:1561:1:55a73700-c891-46fd-8f5c-72bc827f2ef5:20160407213830.594:1561</Value>
          <Value>objectClass:1561:1:55a73700-c891-46fd-8f5c-72bc827f2ef5:20160407213830.594:1561</Value>
          <Value>objectGUID:1561:1:55a73700-c891-46fd-8f5c-72bc827f2ef5:20160407213830.594:1561</Value>
          <Value>oMSyntax:1561:1:55a73700-c891-46fd-8f5c-72bc827f2ef5:20160407213830.594:1561</Value>
          <Value>schemaIDGUID:1561:1:55a73700-c891-46fd-8f5c-72bc827f2ef5:20160407213830.594:1561</Value>
          <Value>uSNChanged:1561:1:55a73700-c891-46fd-8f5c-72bc827f2ef5:20160407213830.594:1561</Value>
          <Value>uSNCreated:1561:1:55a73700-c891-46fd-8f5c-72bc827f2ef5:20160407213830.594:1561</Value>
          <Value>vmwAttributeUsage:1561:1:55a73700-c891-46fd-8f5c-72bc827f2ef5:20160407213830.594:1561</Value>
        </AttributeMetadata>
      </AttributeSchemaEntry>
      <AttributeSchemaEntry>
        <Name>objectClasses</Name>
        <AttributeMetadata>
          <Value>attributeID:671:1:55a73700-c891-46fd-8f5c-72bc827f2ef5:20160407213829.068:671</Value>
          <Value>attributeSyntax:671:1:55a73700-c891-46fd-8f5c-72bc827f2ef5:20160407213829.068:671</Value>
          <Value>cn:671:1:55a73700-c891-46fd-8f5c-72bc827f2ef5:20160407213829.068:671</Value>
          <Value>createTimeStamp:671:1:55a73700-c891-46fd-8f5c-72bc827f2ef5:20160407213829.068:671</Value>
          <Value>entryDN:671:1:55a73700-c891-46fd-8f5c-72bc827f2ef5:20160407213829.068:671</Value>
          <Value>isSingleValued:671:1:55a73700-c891-46fd-8f5c-72bc827f2ef5:20160407213829.068:671</Value>
          <Value>lDAPDisplayName:671:1:55a73700-c891-46fd-8f5c-72bc827f2ef5:20160407213829.068:671</Value>
          <Value>modifyTimeStamp:671:1:55a73700-c891-46fd-8f5c-72bc827f2ef5:20160407213829.068:671</Value>
          <Value>objectClass:671:1:55a73700-c891-46fd-8f5c-72bc827f2ef5:20160407213829.068:671</Value>
          <Value>objectGUID:671:1:55a73700-c891-46fd-8f5c-72bc827f2ef5:20160407213829.068:671</Value>
          <Value>oMSyntax:671:1:55a73700-c891-46fd-8f5c-72bc827f2ef5:20160407213829.068:671</Value>
          <Value>schemaIDGUID:671:1:55a73700-c891-46fd-8f5c-72bc827f2ef5:20160407213829.068:671</Value>
          <Value>uSNChanged:671:1:55a73700-c891-46fd-8f5c-72bc827f2ef5:20160407213829.068:671</Value>
          <Value>uSNCreated:671:1:55a73700-c891-46fd-8f5c-72bc827f2ef5:20160407213829.068:671</Value>
          <Value>vmwAttributeUsage:671:1:55a73700-c891-46fd-8f5c-72bc827f2ef5:20160407213829.068:671</Value>
        </AttributeMetadata>
      </AttributeSchemaEntry>
      <AttributeSchemaEntry>
        <Name>objectCount</Name>
        <AttributeMetadata>
          <Value>attributeID:1386:1:55a73700-c891-46fd-8f5c-72bc827f2ef5:20160407213830.302:1386</Value>
          <Value>attributeSyntax:1386:1:55a73700-c891-46fd-8f5c-72bc827f2ef5:20160407213830.302:1386</Value>
          <Value>cn:1386:1:55a73700-c891-46fd-8f5c-72bc827f2ef5:20160407213830.302:1386</Value>
          <Value>createTimeStamp:1386:1:55a73700-c891-46fd-8f5c-72bc827f2ef5:20160407213830.302:1386</Value>
          <Value>entryDN:1386:1:55a73700-c891-46fd-8f5c-72bc827f2ef5:20160407213830.302:1386</Value>
          <Value>isSingleValued:1386:1:55a73700-c891-46fd-8f5c-72bc827f2ef5:20160407213830.302:1386</Value>
          <Value>lDAPDisplayName:1386:1:55a73700-c891-46fd-8f5c-72bc827f2ef5:20160407213830.302:1386</Value>
          <Value>modifyTimeStamp:1386:1:55a73700-c891-46fd-8f5c-72bc827f2ef5:20160407213830.302:1386</Value>
          <Value>objectClass:1386:1:55a73700-c891-46fd-8f5c-72bc827f2ef5:20160407213830.302:1386</Value>
          <Value>objectGUID:1386:1:55a73700-c891-46fd-8f5c-72bc827f2ef5:20160407213830.302:1386</Value>
          <Value>oMSyntax:1386:1:55a73700-c891-46fd-8f5c-72bc827f2ef5:20160407213830.302:1386</Value>
          <Value>schemaIDGUID:1386:1:55a73700-c891-46fd-8f5c-72bc827f2ef5:20160407213830.302:1386</Value>
          <Value>uSNChanged:1386:1:55a73700-c891-46fd-8f5c-72bc827f2ef5:20160407213830.302:1386</Value>
          <Value>uSNCreated:1386:1:55a73700-c891-46fd-8f5c-72bc827f2ef5:20160407213830.302:1386</Value>
          <Value>vmwAttributeUsage:1386:1:55a73700-c891-46fd-8f5c-72bc827f2ef5:20160407213830.302:1386</Value>
        </AttributeMetadata>
      </AttributeSchemaEntry>
      <AttributeSchemaEntry>
        <Name>objectGUID</Name>
        <AttributeMetadata>
          <Value>attributeID:1614:1:55a73700-c891-46fd-8f5c-72bc827f2ef5:20160407213830.682:1614</Value>
          <Value>attributeSyntax:1614:1:55a73700-c891-46fd-8f5c-72bc827f2ef5:20160407213830.682:1614</Value>
          <Value>cn:1614:1:55a73700-c891-46fd-8f5c-72bc827f2ef5:20160407213830.682:1614</Value>
          <Value>createTimeStamp:1614:1:55a73700-c891-46fd-8f5c-72bc827f2ef5:20160407213830.682:1614</Value>
          <Value>description:1614:1:55a73700-c891-46fd-8f5c-72bc827f2ef5:20160407213830.682:1614</Value>
          <Value>entryDN:1614:1:55a73700-c891-46fd-8f5c-72bc827f2ef5:20160407213830.682:1614</Value>
          <Value>isSingleValued:1614:1:55a73700-c891-46fd-8f5c-72bc827f2ef5:20160407213830.682:1614</Value>
          <Value>lDAPDisplayName:1614:1:55a73700-c891-46fd-8f5c-72bc827f2ef5:20160407213830.682:1614</Value>
          <Value>modifyTimeStamp:1614:1:55a73700-c891-46fd-8f5c-72bc827f2ef5:20160407213830.682:1614</Value>
          <Value>objectClass:1614:1:55a73700-c891-46fd-8f5c-72bc827f2ef5:20160407213830.682:1614</Value>
          <Value>objectGUID:1614:1:55a73700-c891-46fd-8f5c-72bc827f2ef5:20160407213830.682:1614</Value>
          <Value>oMSyntax:1614:1:55a73700-c891-46fd-8f5c-72bc827f2ef5:20160407213830.682:1614</Value>
          <Value>schemaIDGUID:1614:1:55a73700-c891-46fd-8f5c-72bc827f2ef5:20160407213830.682:1614</Value>
          <Value>uSNChanged:1614:1:55a73700-c891-46fd-8f5c-72bc827f2ef5:20160407213830.682:1614</Value>
          <Value>uSNCreated:1614:1:55a73700-c891-46fd-8f5c-72bc827f2ef5:20160407213830.682:1614</Value>
          <Value>vmwAttributeUsage:1614:1:55a73700-c891-46fd-8f5c-72bc827f2ef5:20160407213830.682:1614</Value>
        </AttributeMetadata>
      </AttributeSchemaEntry>
      <AttributeSchemaEntry>
        <Name>objectSid</Name>
        <AttributeMetadata>
          <Value>attributeID:295:1:55a73700-c891-46fd-8f5c-72bc827f2ef5:20160407213828.453:295</Value>
          <Value>attributeSyntax:295:1:55a73700-c891-46fd-8f5c-72bc827f2ef5:20160407213828.453:295</Value>
          <Value>cn:295:1:55a73700-c891-46fd-8f5c-72bc827f2ef5:20160407213828.453:295</Value>
          <Value>createTimeStamp:295:1:55a73700-c891-46fd-8f5c-72bc827f2ef5:20160407213828.453:295</Value>
          <Value>entryDN:295:1:55a73700-c891-46fd-8f5c-72bc827f2ef5:20160407213828.453:295</Value>
          <Value>isSingleValued:295:1:55a73700-c891-46fd-8f5c-72bc827f2ef5:20160407213828.453:295</Value>
          <Value>lDAPDisplayName:295:1:55a73700-c891-46fd-8f5c-72bc827f2ef5:20160407213828.453:295</Value>
          <Value>modifyTimeStamp:295:1:55a73700-c891-46fd-8f5c-72bc827f2ef5:20160407213828.453:295</Value>
          <Value>objectClass:295:1:55a73700-c891-46fd-8f5c-72bc827f2ef5:20160407213828.453:295</Value>
          <Value>objectGUID:295:1:55a73700-c891-46fd-8f5c-72bc827f2ef5:20160407213828.453:295</Value>
          <Value>oMSyntax:295:1:55a73700-c891-46fd-8f5c-72bc827f2ef5:20160407213828.453:295</Value>
          <Value>schemaIDGUID:295:1:55a73700-c891-46fd-8f5c-72bc827f2ef5:20160407213828.453:295</Value>
          <Value>uSNChanged:295:1:55a73700-c891-46fd-8f5c-72bc827f2ef5:20160407213828.453:295</Value>
          <Value>uSNCreated:295:1:55a73700-c891-46fd-8f5c-72bc827f2ef5:20160407213828.453:295</Value>
          <Value>vmwAttributeUsage:295:1:55a73700-c891-46fd-8f5c-72bc827f2ef5:20160407213828.453:295</Value>
        </AttributeMetadata>
      </AttributeSchemaEntry>
      <AttributeSchemaEntry>
        <Name>objectVersion</Name>
        <AttributeMetadata>
          <Value>attributeID:1682:1:55a73700-c891-46fd-8f5c-72bc827f2ef5:20160407213830.801:1682</Value>
          <Value>attributeSyntax:1682:1:55a73700-c891-46fd-8f5c-72bc827f2ef5:20160407213830.801:1682</Value>
          <Value>cn:1682:1:55a73700-c891-46fd-8f5c-72bc827f2ef5:20160407213830.801:1682</Value>
          <Value>createTimeStamp:1682:1:55a73700-c891-46fd-8f5c-72bc827f2ef5:20160407213830.801:1682</Value>
          <Value>entryDN:1682:1:55a73700-c891-46fd-8f5c-72bc827f2ef5:20160407213830.801:1682</Value>
          <Value>isSingleValued:1682:1:55a73700-c891-46fd-8f5c-72bc827f2ef5:20160407213830.801:1682</Value>
          <Value>lDAPDisplayName:1682:1:55a73700-c891-46fd-8f5c-72bc827f2ef5:20160407213830.801:1682</Value>
          <Value>modifyTimeStamp:1682:1:55a73700-c891-46fd-8f5c-72bc827f2ef5:20160407213830.801:1682</Value>
          <Value>objectClass:1682:1:55a73700-c891-46fd-8f5c-72bc827f2ef5:20160407213830.801:1682</Value>
          <Value>objectGUID:1682:1:55a73700-c891-46fd-8f5c-72bc827f2ef5:20160407213830.801:1682</Value>
          <Value>oMSyntax:1682:1:55a73700-c891-46fd-8f5c-72bc827f2ef5:20160407213830.801:1682</Value>
          <Value>schemaIDGUID:1682:1:55a73700-c891-46fd-8f5c-72bc827f2ef5:20160407213830.801:1682</Value>
          <Value>uSNChanged:1682:1:55a73700-c891-46fd-8f5c-72bc827f2ef5:20160407213830.801:1682</Value>
          <Value>uSNCreated:1682:1:55a73700-c891-46fd-8f5c-72bc827f2ef5:20160407213830.801:1682</Value>
          <Value>vmwAttributeUsage:1682:1:55a73700-c891-46fd-8f5c-72bc827f2ef5:20160407213830.801:1682</Value>
        </AttributeMetadata>
      </AttributeSchemaEntry>
      <AttributeSchemaEntry>
        <Name>oEMInformation</Name>
        <AttributeMetadata>
          <Value>attributeID:1652:1:55a73700-c891-46fd-8f5c-72bc827f2ef5:20160407213830.746:1652</Value>
          <Value>attributeSyntax:1652:1:55a73700-c891-46fd-8f5c-72bc827f2ef5:20160407213830.746:1652</Value>
          <Value>cn:1652:1:55a73700-c891-46fd-8f5c-72bc827f2ef5:20160407213830.746:1652</Value>
          <Value>createTimeStamp:1652:1:55a73700-c891-46fd-8f5c-72bc827f2ef5:20160407213830.746:1652</Value>
          <Value>entryDN:1652:1:55a73700-c891-46fd-8f5c-72bc827f2ef5:20160407213830.746:1652</Value>
          <Value>isSingleValued:1652:1:55a73700-c891-46fd-8f5c-72bc827f2ef5:20160407213830.746:1652</Value>
          <Value>lDAPDisplayName:1652:1:55a73700-c891-46fd-8f5c-72bc827f2ef5:20160407213830.746:1652</Value>
          <Value>modifyTimeStamp:1652:1:55a73700-c891-46fd-8f5c-72bc827f2ef5:20160407213830.746:1652</Value>
          <Value>objectClass:1652:1:55a73700-c891-46fd-8f5c-72bc827f2ef5:20160407213830.746:1652</Value>
          <Value>objectGUID:1652:1:55a73700-c891-46fd-8f5c-72bc827f2ef5:20160407213830.746:1652</Value>
          <Value>oMSyntax:1652:1:55a73700-c891-46fd-8f5c-72bc827f2ef5:20160407213830.746:1652</Value>
          <Value>schemaIDGUID:1652:1:55a73700-c891-46fd-8f5c-72bc827f2ef5:20160407213830.746:1652</Value>
          <Value>uSNChanged:1652:1:55a73700-c891-46fd-8f5c-72bc827f2ef5:20160407213830.746:1652</Value>
          <Value>uSNCreated:1652:1:55a73700-c891-46fd-8f5c-72bc827f2ef5:20160407213830.746:1652</Value>
          <Value>vmwAttributeUsage:1652:1:55a73700-c891-46fd-8f5c-72bc827f2ef5:20160407213830.746:1652</Value>
        </AttributeMetadata>
      </AttributeSchemaEntry>
      <AttributeSchemaEntry>
        <Name>oldUserPassword</Name>
        <AttributeMetadata>
          <Value>attributeID:580:1:55a73700-c891-46fd-8f5c-72bc827f2ef5:20160407213828.914:580</Value>
          <Value>attributeSyntax:580:1:55a73700-c891-46fd-8f5c-72bc827f2ef5:20160407213828.914:580</Value>
          <Value>cn:580:1:55a73700-c891-46fd-8f5c-72bc827f2ef5:20160407213828.914:580</Value>
          <Value>createTimeStamp:580:1:55a73700-c891-46fd-8f5c-72bc827f2ef5:20160407213828.914:580</Value>
          <Value>description:580:1:55a73700-c891-46fd-8f5c-72bc827f2ef5:20160407213828.914:580</Value>
          <Value>entryDN:580:1:55a73700-c891-46fd-8f5c-72bc827f2ef5:20160407213828.914:580</Value>
          <Value>isSingleValued:580:1:55a73700-c891-46fd-8f5c-72bc827f2ef5:20160407213828.914:580</Value>
          <Value>lDAPDisplayName:580:1:55a73700-c891-46fd-8f5c-72bc827f2ef5:20160407213828.914:580</Value>
          <Value>modifyTimeStamp:580:1:55a73700-c891-46fd-8f5c-72bc827f2ef5:20160407213828.914:580</Value>
          <Value>objectClass:580:1:55a73700-c891-46fd-8f5c-72bc827f2ef5:20160407213828.914:580</Value>
          <Value>objectGUID:580:1:55a73700-c891-46fd-8f5c-72bc827f2ef5:20160407213828.914:580</Value>
          <Value>oMSyntax:580:1:55a73700-c891-46fd-8f5c-72bc827f2ef5:20160407213828.914:580</Value>
          <Value>schemaIDGUID:580:1:55a73700-c891-46fd-8f5c-72bc827f2ef5:20160407213828.914:580</Value>
          <Value>uSNChanged:580:1:55a73700-c891-46fd-8f5c-72bc827f2ef5:20160407213828.914:580</Value>
          <Value>uSNCreated:580:1:55a73700-c891-46fd-8f5c-72bc827f2ef5:20160407213828.914:580</Value>
          <Value>vmwAttributeUsage:580:1:55a73700-c891-46fd-8f5c-72bc827f2ef5:20160407213828.914:580</Value>
        </AttributeMetadata>
      </AttributeSchemaEntry>
      <AttributeSchemaEntry>
        <Name>oMObjectClass</Name>
        <AttributeMetadata>
          <Value>attributeID:1543:1:55a73700-c891-46fd-8f5c-72bc827f2ef5:20160407213830.565:1543</Value>
          <Value>attributeSyntax:1543:1:55a73700-c891-46fd-8f5c-72bc827f2ef5:20160407213830.565:1543</Value>
          <Value>cn:1543:1:55a73700-c891-46fd-8f5c-72bc827f2ef5:20160407213830.565:1543</Value>
          <Value>createTimeStamp:1543:1:55a73700-c891-46fd-8f5c-72bc827f2ef5:20160407213830.565:1543</Value>
          <Value>entryDN:1543:1:55a73700-c891-46fd-8f5c-72bc827f2ef5:20160407213830.565:1543</Value>
          <Value>isSingleValued:1543:1:55a73700-c891-46fd-8f5c-72bc827f2ef5:20160407213830.565:1543</Value>
          <Value>lDAPDisplayName:1543:1:55a73700-c891-46fd-8f5c-72bc827f2ef5:20160407213830.565:1543</Value>
          <Value>modifyTimeStamp:1543:1:55a73700-c891-46fd-8f5c-72bc827f2ef5:20160407213830.565:1543</Value>
          <Value>objectClass:1543:1:55a73700-c891-46fd-8f5c-72bc827f2ef5:20160407213830.565:1543</Value>
          <Value>objectGUID:1543:1:55a73700-c891-46fd-8f5c-72bc827f2ef5:20160407213830.565:1543</Value>
          <Value>oMSyntax:1543:1:55a73700-c891-46fd-8f5c-72bc827f2ef5:20160407213830.565:1543</Value>
          <Value>schemaIDGUID:1543:1:55a73700-c891-46fd-8f5c-72bc827f2ef5:20160407213830.565:1543</Value>
          <Value>uSNChanged:1543:1:55a73700-c891-46fd-8f5c-72bc827f2ef5:20160407213830.565:1543</Value>
          <Value>uSNCreated:1543:1:55a73700-c891-46fd-8f5c-72bc827f2ef5:20160407213830.565:1543</Value>
          <Value>vmwAttributeUsage:1543:1:55a73700-c891-46fd-8f5c-72bc827f2ef5:20160407213830.565:1543</Value>
        </AttributeMetadata>
      </AttributeSchemaEntry>
      <AttributeSchemaEntry>
        <Name>oMSyntax</Name>
        <AttributeMetadata>
          <Value>attributeID:924:1:55a73700-c891-46fd-8f5c-72bc827f2ef5:20160407213829.506:924</Value>
          <Value>attributeSyntax:924:1:55a73700-c891-46fd-8f5c-72bc827f2ef5:20160407213829.506:924</Value>
          <Value>cn:924:1:55a73700-c891-46fd-8f5c-72bc827f2ef5:20160407213829.506:924</Value>
          <Value>createTimeStamp:924:1:55a73700-c891-46fd-8f5c-72bc827f2ef5:20160407213829.506:924</Value>
          <Value>entryDN:924:1:55a73700-c891-46fd-8f5c-72bc827f2ef5:20160407213829.506:924</Value>
          <Value>isSingleValued:924:1:55a73700-c891-46fd-8f5c-72bc827f2ef5:20160407213829.506:924</Value>
          <Value>lDAPDisplayName:924:1:55a73700-c891-46fd-8f5c-72bc827f2ef5:20160407213829.506:924</Value>
          <Value>modifyTimeStamp:924:1:55a73700-c891-46fd-8f5c-72bc827f2ef5:20160407213829.506:924</Value>
          <Value>objectClass:924:1:55a73700-c891-46fd-8f5c-72bc827f2ef5:20160407213829.506:924</Value>
          <Value>objectGUID:924:1:55a73700-c891-46fd-8f5c-72bc827f2ef5:20160407213829.506:924</Value>
          <Value>oMSyntax:924:1:55a73700-c891-46fd-8f5c-72bc827f2ef5:20160407213829.506:924</Value>
          <Value>schemaIDGUID:924:1:55a73700-c891-46fd-8f5c-72bc827f2ef5:20160407213829.506:924</Value>
          <Value>uSNChanged:924:1:55a73700-c891-46fd-8f5c-72bc827f2ef5:20160407213829.506:924</Value>
          <Value>uSNCreated:924:1:55a73700-c891-46fd-8f5c-72bc827f2ef5:20160407213829.506:924</Value>
          <Value>vmwAttributeUsage:924:1:55a73700-c891-46fd-8f5c-72bc827f2ef5:20160407213829.506:924</Value>
        </AttributeMetadata>
      </AttributeSchemaEntry>
      <AttributeSchemaEntry>
        <Name>oMTGuid</Name>
        <AttributeMetadata>
          <Value>attributeID:148:1:55a73700-c891-46fd-8f5c-72bc827f2ef5:20160407213828.246:148</Value>
          <Value>attributeSyntax:148:1:55a73700-c891-46fd-8f5c-72bc827f2ef5:20160407213828.246:148</Value>
          <Value>cn:148:1:55a73700-c891-46fd-8f5c-72bc827f2ef5:20160407213828.246:148</Value>
          <Value>createTimeStamp:148:1:55a73700-c891-46fd-8f5c-72bc827f2ef5:20160407213828.246:148</Value>
          <Value>entryDN:148:1:55a73700-c891-46fd-8f5c-72bc827f2ef5:20160407213828.246:148</Value>
          <Value>isSingleValued:148:1:55a73700-c891-46fd-8f5c-72bc827f2ef5:20160407213828.246:148</Value>
          <Value>lDAPDisplayName:148:1:55a73700-c891-46fd-8f5c-72bc827f2ef5:20160407213828.246:148</Value>
          <Value>modifyTimeStamp:148:1:55a73700-c891-46fd-8f5c-72bc827f2ef5:20160407213828.246:148</Value>
          <Value>objectClass:148:1:55a73700-c891-46fd-8f5c-72bc827f2ef5:20160407213828.246:148</Value>
          <Value>objectGUID:148:1:55a73700-c891-46fd-8f5c-72bc827f2ef5:20160407213828.246:148</Value>
          <Value>oMSyntax:148:1:55a73700-c891-46fd-8f5c-72bc827f2ef5:20160407213828.246:148</Value>
          <Value>schemaIDGUID:148:1:55a73700-c891-46fd-8f5c-72bc827f2ef5:20160407213828.246:148</Value>
          <Value>uSNChanged:148:1:55a73700-c891-46fd-8f5c-72bc827f2ef5:20160407213828.246:148</Value>
          <Value>uSNCreated:148:1:55a73700-c891-46fd-8f5c-72bc827f2ef5:20160407213828.246:148</Value>
          <Value>vmwAttributeUsage:148:1:55a73700-c891-46fd-8f5c-72bc827f2ef5:20160407213828.246:148</Value>
        </AttributeMetadata>
      </AttributeSchemaEntry>
      <AttributeSchemaEntry>
        <Name>oMTIndxGuid</Name>
        <AttributeMetadata>
          <Value>attributeID:823:1:55a73700-c891-46fd-8f5c-72bc827f2ef5:20160407213829.330:823</Value>
          <Value>attributeSyntax:823:1:55a73700-c891-46fd-8f5c-72bc827f2ef5:20160407213829.330:823</Value>
          <Value>cn:823:1:55a73700-c891-46fd-8f5c-72bc827f2ef5:20160407213829.330:823</Value>
          <Value>createTimeStamp:823:1:55a73700-c891-46fd-8f5c-72bc827f2ef5:20160407213829.330:823</Value>
          <Value>entryDN:823:1:55a73700-c891-46fd-8f5c-72bc827f2ef5:20160407213829.330:823</Value>
          <Value>isSingleValued:823:1:55a73700-c891-46fd-8f5c-72bc827f2ef5:20160407213829.330:823</Value>
          <Value>lDAPDisplayName:823:1:55a73700-c891-46fd-8f5c-72bc827f2ef5:20160407213829.330:823</Value>
          <Value>modifyTimeStamp:823:1:55a73700-c891-46fd-8f5c-72bc827f2ef5:20160407213829.330:823</Value>
          <Value>objectClass:823:1:55a73700-c891-46fd-8f5c-72bc827f2ef5:20160407213829.330:823</Value>
          <Value>objectGUID:823:1:55a73700-c891-46fd-8f5c-72bc827f2ef5:20160407213829.330:823</Value>
          <Value>oMSyntax:823:1:55a73700-c891-46fd-8f5c-72bc827f2ef5:20160407213829.330:823</Value>
          <Value>schemaIDGUID:823:1:55a73700-c891-46fd-8f5c-72bc827f2ef5:20160407213829.330:823</Value>
          <Value>uSNChanged:823:1:55a73700-c891-46fd-8f5c-72bc827f2ef5:20160407213829.330:823</Value>
          <Value>uSNCreated:823:1:55a73700-c891-46fd-8f5c-72bc827f2ef5:20160407213829.330:823</Value>
          <Value>vmwAttributeUsage:823:1:55a73700-c891-46fd-8f5c-72bc827f2ef5:20160407213829.330:823</Value>
        </AttributeMetadata>
      </AttributeSchemaEntry>
      <AttributeSchemaEntry>
        <Name>oncRpcNumber</Name>
        <AttributeMetadata>
          <Value>attributeID:1666:1:55a73700-c891-46fd-8f5c-72bc827f2ef5:20160407213830.772:1666</Value>
          <Value>attributeSyntax:1666:1:55a73700-c891-46fd-8f5c-72bc827f2ef5:20160407213830.772:1666</Value>
          <Value>cn:1666:1:55a73700-c891-46fd-8f5c-72bc827f2ef5:20160407213830.772:1666</Value>
          <Value>createTimeStamp:1666:1:55a73700-c891-46fd-8f5c-72bc827f2ef5:20160407213830.772:1666</Value>
          <Value>entryDN:1666:1:55a73700-c891-46fd-8f5c-72bc827f2ef5:20160407213830.772:1666</Value>
          <Value>isSingleValued:1666:1:55a73700-c891-46fd-8f5c-72bc827f2ef5:20160407213830.772:1666</Value>
          <Value>lDAPDisplayName:1666:1:55a73700-c891-46fd-8f5c-72bc827f2ef5:20160407213830.772:1666</Value>
          <Value>modifyTimeStamp:1666:1:55a73700-c891-46fd-8f5c-72bc827f2ef5:20160407213830.772:1666</Value>
          <Value>objectClass:1666:1:55a73700-c891-46fd-8f5c-72bc827f2ef5:20160407213830.772:1666</Value>
          <Value>objectGUID:1666:1:55a73700-c891-46fd-8f5c-72bc827f2ef5:20160407213830.772:1666</Value>
          <Value>oMSyntax:1666:1:55a73700-c891-46fd-8f5c-72bc827f2ef5:20160407213830.772:1666</Value>
          <Value>schemaIDGUID:1666:1:55a73700-c891-46fd-8f5c-72bc827f2ef5:20160407213830.772:1666</Value>
          <Value>uSNChanged:1666:1:55a73700-c891-46fd-8f5c-72bc827f2ef5:20160407213830.772:1666</Value>
          <Value>uSNCreated:1666:1:55a73700-c891-46fd-8f5c-72bc827f2ef5:20160407213830.772:1666</Value>
          <Value>vmwAttributeUsage:1666:1:55a73700-c891-46fd-8f5c-72bc827f2ef5:20160407213830.772:1666</Value>
        </AttributeMetadata>
      </AttributeSchemaEntry>
      <AttributeSchemaEntry>
        <Name>operatingSystem</Name>
        <AttributeMetadata>
          <Value>attributeID:699:1:55a73700-c891-46fd-8f5c-72bc827f2ef5:20160407213829.120:699</Value>
          <Value>attributeSyntax:699:1:55a73700-c891-46fd-8f5c-72bc827f2ef5:20160407213829.120:699</Value>
          <Value>cn:699:1:55a73700-c891-46fd-8f5c-72bc827f2ef5:20160407213829.120:699</Value>
          <Value>createTimeStamp:699:1:55a73700-c891-46fd-8f5c-72bc827f2ef5:20160407213829.120:699</Value>
          <Value>entryDN:699:1:55a73700-c891-46fd-8f5c-72bc827f2ef5:20160407213829.120:699</Value>
          <Value>isSingleValued:699:1:55a73700-c891-46fd-8f5c-72bc827f2ef5:20160407213829.120:699</Value>
          <Value>lDAPDisplayName:699:1:55a73700-c891-46fd-8f5c-72bc827f2ef5:20160407213829.120:699</Value>
          <Value>modifyTimeStamp:699:1:55a73700-c891-46fd-8f5c-72bc827f2ef5:20160407213829.120:699</Value>
          <Value>objectClass:699:1:55a73700-c891-46fd-8f5c-72bc827f2ef5:20160407213829.120:699</Value>
          <Value>objectGUID:699:1:55a73700-c891-46fd-8f5c-72bc827f2ef5:20160407213829.120:699</Value>
          <Value>oMSyntax:699:1:55a73700-c891-46fd-8f5c-72bc827f2ef5:20160407213829.120:699</Value>
          <Value>schemaIDGUID:699:1:55a73700-c891-46fd-8f5c-72bc827f2ef5:20160407213829.120:699</Value>
          <Value>uSNChanged:699:1:55a73700-c891-46fd-8f5c-72bc827f2ef5:20160407213829.120:699</Value>
          <Value>uSNCreated:699:1:55a73700-c891-46fd-8f5c-72bc827f2ef5:20160407213829.120:699</Value>
          <Value>vmwAttributeUsage:699:1:55a73700-c891-46fd-8f5c-72bc827f2ef5:20160407213829.120:699</Value>
        </AttributeMetadata>
      </AttributeSchemaEntry>
      <AttributeSchemaEntry>
        <Name>operatingSystemHotfix</Name>
        <AttributeMetadata>
          <Value>attributeID:1318:1:55a73700-c891-46fd-8f5c-72bc827f2ef5:20160407213830.188:1318</Value>
          <Value>attributeSyntax:1318:1:55a73700-c891-46fd-8f5c-72bc827f2ef5:20160407213830.188:1318</Value>
          <Value>cn:1318:1:55a73700-c891-46fd-8f5c-72bc827f2ef5:20160407213830.188:1318</Value>
          <Value>createTimeStamp:1318:1:55a73700-c891-46fd-8f5c-72bc827f2ef5:20160407213830.188:1318</Value>
          <Value>entryDN:1318:1:55a73700-c891-46fd-8f5c-72bc827f2ef5:20160407213830.188:1318</Value>
          <Value>isSingleValued:1318:1:55a73700-c891-46fd-8f5c-72bc827f2ef5:20160407213830.188:1318</Value>
          <Value>lDAPDisplayName:1318:1:55a73700-c891-46fd-8f5c-72bc827f2ef5:20160407213830.188:1318</Value>
          <Value>modifyTimeStamp:1318:1:55a73700-c891-46fd-8f5c-72bc827f2ef5:20160407213830.188:1318</Value>
          <Value>objectClass:1318:1:55a73700-c891-46fd-8f5c-72bc827f2ef5:20160407213830.188:1318</Value>
          <Value>objectGUID:1318:1:55a73700-c891-46fd-8f5c-72bc827f2ef5:20160407213830.188:1318</Value>
          <Value>oMSyntax:1318:1:55a73700-c891-46fd-8f5c-72bc827f2ef5:20160407213830.188:1318</Value>
          <Value>schemaIDGUID:1318:1:55a73700-c891-46fd-8f5c-72bc827f2ef5:20160407213830.188:1318</Value>
          <Value>uSNChanged:1318:1:55a73700-c891-46fd-8f5c-72bc827f2ef5:20160407213830.188:1318</Value>
          <Value>uSNCreated:1318:1:55a73700-c891-46fd-8f5c-72bc827f2ef5:20160407213830.188:1318</Value>
          <Value>vmwAttributeUsage:1318:1:55a73700-c891-46fd-8f5c-72bc827f2ef5:20160407213830.188:1318</Value>
        </AttributeMetadata>
      </AttributeSchemaEntry>
      <AttributeSchemaEntry>
        <Name>operatingSystemServicePack</Name>
        <AttributeMetadata>
          <Value>attributeID:1196:1:55a73700-c891-46fd-8f5c-72bc827f2ef5:20160407213829.983:1196</Value>
          <Value>attributeSyntax:1196:1:55a73700-c891-46fd-8f5c-72bc827f2ef5:20160407213829.983:1196</Value>
          <Value>cn:1196:1:55a73700-c891-46fd-8f5c-72bc827f2ef5:20160407213829.983:1196</Value>
          <Value>createTimeStamp:1196:1:55a73700-c891-46fd-8f5c-72bc827f2ef5:20160407213829.983:1196</Value>
          <Value>entryDN:1196:1:55a73700-c891-46fd-8f5c-72bc827f2ef5:20160407213829.983:1196</Value>
          <Value>isSingleValued:1196:1:55a73700-c891-46fd-8f5c-72bc827f2ef5:20160407213829.983:1196</Value>
          <Value>lDAPDisplayName:1196:1:55a73700-c891-46fd-8f5c-72bc827f2ef5:20160407213829.983:1196</Value>
          <Value>modifyTimeStamp:1196:1:55a73700-c891-46fd-8f5c-72bc827f2ef5:20160407213829.983:1196</Value>
          <Value>objectClass:1196:1:55a73700-c891-46fd-8f5c-72bc827f2ef5:20160407213829.983:1196</Value>
          <Value>objectGUID:1196:1:55a73700-c891-46fd-8f5c-72bc827f2ef5:20160407213829.983:1196</Value>
          <Value>oMSyntax:1196:1:55a73700-c891-46fd-8f5c-72bc827f2ef5:20160407213829.983:1196</Value>
          <Value>schemaIDGUID:1196:1:55a73700-c891-46fd-8f5c-72bc827f2ef5:20160407213829.983:1196</Value>
          <Value>uSNChanged:1196:1:55a73700-c891-46fd-8f5c-72bc827f2ef5:20160407213829.983:1196</Value>
          <Value>uSNCreated:1196:1:55a73700-c891-46fd-8f5c-72bc827f2ef5:20160407213829.983:1196</Value>
          <Value>vmwAttributeUsage:1196:1:55a73700-c891-46fd-8f5c-72bc827f2ef5:20160407213829.983:1196</Value>
        </AttributeMetadata>
      </AttributeSchemaEntry>
      <AttributeSchemaEntry>
        <Name>operatingSystemVersion</Name>
        <AttributeMetadata>
          <Value>attributeID:1304:1:55a73700-c891-46fd-8f5c-72bc827f2ef5:20160407213830.172:1304</Value>
          <Value>attributeSyntax:1304:1:55a73700-c891-46fd-8f5c-72bc827f2ef5:20160407213830.172:1304</Value>
          <Value>cn:1304:1:55a73700-c891-46fd-8f5c-72bc827f2ef5:20160407213830.172:1304</Value>
          <Value>createTimeStamp:1304:1:55a73700-c891-46fd-8f5c-72bc827f2ef5:20160407213830.172:1304</Value>
          <Value>entryDN:1304:1:55a73700-c891-46fd-8f5c-72bc827f2ef5:20160407213830.172:1304</Value>
          <Value>isSingleValued:1304:1:55a73700-c891-46fd-8f5c-72bc827f2ef5:20160407213830.172:1304</Value>
          <Value>lDAPDisplayName:1304:1:55a73700-c891-46fd-8f5c-72bc827f2ef5:20160407213830.172:1304</Value>
          <Value>modifyTimeStamp:1304:1:55a73700-c891-46fd-8f5c-72bc827f2ef5:20160407213830.172:1304</Value>
          <Value>objectClass:1304:1:55a73700-c891-46fd-8f5c-72bc827f2ef5:20160407213830.172:1304</Value>
          <Value>objectGUID:1304:1:55a73700-c891-46fd-8f5c-72bc827f2ef5:20160407213830.172:1304</Value>
          <Value>oMSyntax:1304:1:55a73700-c891-46fd-8f5c-72bc827f2ef5:20160407213830.172:1304</Value>
          <Value>schemaIDGUID:1304:1:55a73700-c891-46fd-8f5c-72bc827f2ef5:20160407213830.172:1304</Value>
          <Value>uSNChanged:1304:1:55a73700-c891-46fd-8f5c-72bc827f2ef5:20160407213830.172:1304</Value>
          <Value>uSNCreated:1304:1:55a73700-c891-46fd-8f5c-72bc827f2ef5:20160407213830.172:1304</Value>
          <Value>vmwAttributeUsage:1304:1:55a73700-c891-46fd-8f5c-72bc827f2ef5:20160407213830.172:1304</Value>
        </AttributeMetadata>
      </AttributeSchemaEntry>
      <AttributeSchemaEntry>
        <Name>operatorCount</Name>
        <AttributeMetadata>
          <Value>attributeID:838:1:55a73700-c891-46fd-8f5c-72bc827f2ef5:20160407213829.356:838</Value>
          <Value>attributeSyntax:838:1:55a73700-c891-46fd-8f5c-72bc827f2ef5:20160407213829.356:838</Value>
          <Value>cn:838:1:55a73700-c891-46fd-8f5c-72bc827f2ef5:20160407213829.356:838</Value>
          <Value>createTimeStamp:838:1:55a73700-c891-46fd-8f5c-72bc827f2ef5:20160407213829.356:838</Value>
          <Value>entryDN:838:1:55a73700-c891-46fd-8f5c-72bc827f2ef5:20160407213829.356:838</Value>
          <Value>isSingleValued:838:1:55a73700-c891-46fd-8f5c-72bc827f2ef5:20160407213829.356:838</Value>
          <Value>lDAPDisplayName:838:1:55a73700-c891-46fd-8f5c-72bc827f2ef5:20160407213829.356:838</Value>
          <Value>modifyTimeStamp:838:1:55a73700-c891-46fd-8f5c-72bc827f2ef5:20160407213829.356:838</Value>
          <Value>objectClass:838:1:55a73700-c891-46fd-8f5c-72bc827f2ef5:20160407213829.356:838</Value>
          <Value>objectGUID:838:1:55a73700-c891-46fd-8f5c-72bc827f2ef5:20160407213829.356:838</Value>
          <Value>oMSyntax:838:1:55a73700-c891-46fd-8f5c-72bc827f2ef5:20160407213829.356:838</Value>
          <Value>schemaIDGUID:838:1:55a73700-c891-46fd-8f5c-72bc827f2ef5:20160407213829.356:838</Value>
          <Value>uSNChanged:838:1:55a73700-c891-46fd-8f5c-72bc827f2ef5:20160407213829.356:838</Value>
          <Value>uSNCreated:838:1:55a73700-c891-46fd-8f5c-72bc827f2ef5:20160407213829.356:838</Value>
          <Value>vmwAttributeUsage:838:1:55a73700-c891-46fd-8f5c-72bc827f2ef5:20160407213829.356:838</Value>
        </AttributeMetadata>
      </AttributeSchemaEntry>
      <AttributeSchemaEntry>
        <Name>optionDescription</Name>
        <AttributeMetadata>
          <Value>attributeID:931:1:55a73700-c891-46fd-8f5c-72bc827f2ef5:20160407213829.519:931</Value>
          <Value>attributeSyntax:931:1:55a73700-c891-46fd-8f5c-72bc827f2ef5:20160407213829.519:931</Value>
          <Value>cn:931:1:55a73700-c891-46fd-8f5c-72bc827f2ef5:20160407213829.519:931</Value>
          <Value>createTimeStamp:931:1:55a73700-c891-46fd-8f5c-72bc827f2ef5:20160407213829.519:931</Value>
          <Value>entryDN:931:1:55a73700-c891-46fd-8f5c-72bc827f2ef5:20160407213829.519:931</Value>
          <Value>isSingleValued:931:1:55a73700-c891-46fd-8f5c-72bc827f2ef5:20160407213829.519:931</Value>
          <Value>lDAPDisplayName:931:1:55a73700-c891-46fd-8f5c-72bc827f2ef5:20160407213829.519:931</Value>
          <Value>modifyTimeStamp:931:1:55a73700-c891-46fd-8f5c-72bc827f2ef5:20160407213829.519:931</Value>
          <Value>objectClass:931:1:55a73700-c891-46fd-8f5c-72bc827f2ef5:20160407213829.519:931</Value>
          <Value>objectGUID:931:1:55a73700-c891-46fd-8f5c-72bc827f2ef5:20160407213829.519:931</Value>
          <Value>oMSyntax:931:1:55a73700-c891-46fd-8f5c-72bc827f2ef5:20160407213829.519:931</Value>
          <Value>schemaIDGUID:931:1:55a73700-c891-46fd-8f5c-72bc827f2ef5:20160407213829.519:931</Value>
          <Value>uSNChanged:931:1:55a73700-c891-46fd-8f5c-72bc827f2ef5:20160407213829.519:931</Value>
          <Value>uSNCreated:931:1:55a73700-c891-46fd-8f5c-72bc827f2ef5:20160407213829.519:931</Value>
          <Value>vmwAttributeUsage:931:1:55a73700-c891-46fd-8f5c-72bc827f2ef5:20160407213829.519:931</Value>
        </AttributeMetadata>
      </AttributeSchemaEntry>
      <AttributeSchemaEntry>
        <Name>options</Name>
        <AttributeMetadata>
          <Value>attributeID:386:1:55a73700-c891-46fd-8f5c-72bc827f2ef5:20160407213828.596:386</Value>
          <Value>attributeSyntax:386:1:55a73700-c891-46fd-8f5c-72bc827f2ef5:20160407213828.596:386</Value>
          <Value>cn:386:1:55a73700-c891-46fd-8f5c-72bc827f2ef5:20160407213828.596:386</Value>
          <Value>createTimeStamp:386:1:55a73700-c891-46fd-8f5c-72bc827f2ef5:20160407213828.596:386</Value>
          <Value>entryDN:386:1:55a73700-c891-46fd-8f5c-72bc827f2ef5:20160407213828.596:386</Value>
          <Value>isSingleValued:386:1:55a73700-c891-46fd-8f5c-72bc827f2ef5:20160407213828.596:386</Value>
          <Value>lDAPDisplayName:386:1:55a73700-c891-46fd-8f5c-72bc827f2ef5:20160407213828.596:386</Value>
          <Value>modifyTimeStamp:386:1:55a73700-c891-46fd-8f5c-72bc827f2ef5:20160407213828.596:386</Value>
          <Value>objectClass:386:1:55a73700-c891-46fd-8f5c-72bc827f2ef5:20160407213828.596:386</Value>
          <Value>objectGUID:386:1:55a73700-c891-46fd-8f5c-72bc827f2ef5:20160407213828.596:386</Value>
          <Value>oMSyntax:386:1:55a73700-c891-46fd-8f5c-72bc827f2ef5:20160407213828.596:386</Value>
          <Value>schemaIDGUID:386:1:55a73700-c891-46fd-8f5c-72bc827f2ef5:20160407213828.596:386</Value>
          <Value>uSNChanged:386:1:55a73700-c891-46fd-8f5c-72bc827f2ef5:20160407213828.596:386</Value>
          <Value>uSNCreated:386:1:55a73700-c891-46fd-8f5c-72bc827f2ef5:20160407213828.596:386</Value>
          <Value>vmwAttributeUsage:386:1:55a73700-c891-46fd-8f5c-72bc827f2ef5:20160407213828.596:386</Value>
        </AttributeMetadata>
      </AttributeSchemaEntry>
      <AttributeSchemaEntry>
        <Name>optionsLocation</Name>
        <AttributeMetadata>
          <Value>attributeID:734:1:55a73700-c891-46fd-8f5c-72bc827f2ef5:20160407213829.179:734</Value>
          <Value>attributeSyntax:734:1:55a73700-c891-46fd-8f5c-72bc827f2ef5:20160407213829.179:734</Value>
          <Value>cn:734:1:55a73700-c891-46fd-8f5c-72bc827f2ef5:20160407213829.179:734</Value>
          <Value>createTimeStamp:734:1:55a73700-c891-46fd-8f5c-72bc827f2ef5:20160407213829.179:734</Value>
          <Value>entryDN:734:1:55a73700-c891-46fd-8f5c-72bc827f2ef5:20160407213829.179:734</Value>
          <Value>isSingleValued:734:1:55a73700-c891-46fd-8f5c-72bc827f2ef5:20160407213829.179:734</Value>
          <Value>lDAPDisplayName:734:1:55a73700-c891-46fd-8f5c-72bc827f2ef5:20160407213829.179:734</Value>
          <Value>modifyTimeStamp:734:1:55a73700-c891-46fd-8f5c-72bc827f2ef5:20160407213829.179:734</Value>
          <Value>objectClass:734:1:55a73700-c891-46fd-8f5c-72bc827f2ef5:20160407213829.179:734</Value>
          <Value>objectGUID:734:1:55a73700-c891-46fd-8f5c-72bc827f2ef5:20160407213829.179:734</Value>
          <Value>oMSyntax:734:1:55a73700-c891-46fd-8f5c-72bc827f2ef5:20160407213829.179:734</Value>
          <Value>schemaIDGUID:734:1:55a73700-c891-46fd-8f5c-72bc827f2ef5:20160407213829.179:734</Value>
          <Value>uSNChanged:734:1:55a73700-c891-46fd-8f5c-72bc827f2ef5:20160407213829.179:734</Value>
          <Value>uSNCreated:734:1:55a73700-c891-46fd-8f5c-72bc827f2ef5:20160407213829.179:734</Value>
          <Value>vmwAttributeUsage:734:1:55a73700-c891-46fd-8f5c-72bc827f2ef5:20160407213829.179:734</Value>
        </AttributeMetadata>
      </AttributeSchemaEntry>
      <AttributeSchemaEntry>
        <Name>organizationalStatus</Name>
        <AttributeMetadata>
          <Value>attributeID:799:1:55a73700-c891-46fd-8f5c-72bc827f2ef5:20160407213829.293:799</Value>
          <Value>attributeSyntax:799:1:55a73700-c891-46fd-8f5c-72bc827f2ef5:20160407213829.293:799</Value>
          <Value>cn:799:1:55a73700-c891-46fd-8f5c-72bc827f2ef5:20160407213829.293:799</Value>
          <Value>createTimeStamp:799:1:55a73700-c891-46fd-8f5c-72bc827f2ef5:20160407213829.293:799</Value>
          <Value>entryDN:799:1:55a73700-c891-46fd-8f5c-72bc827f2ef5:20160407213829.293:799</Value>
          <Value>isSingleValued:799:1:55a73700-c891-46fd-8f5c-72bc827f2ef5:20160407213829.293:799</Value>
          <Value>lDAPDisplayName:799:1:55a73700-c891-46fd-8f5c-72bc827f2ef5:20160407213829.293:799</Value>
          <Value>modifyTimeStamp:799:1:55a73700-c891-46fd-8f5c-72bc827f2ef5:20160407213829.293:799</Value>
          <Value>objectClass:799:1:55a73700-c891-46fd-8f5c-72bc827f2ef5:20160407213829.293:799</Value>
          <Value>objectGUID:799:1:55a73700-c891-46fd-8f5c-72bc827f2ef5:20160407213829.293:799</Value>
          <Value>oMSyntax:799:1:55a73700-c891-46fd-8f5c-72bc827f2ef5:20160407213829.293:799</Value>
          <Value>schemaIDGUID:799:1:55a73700-c891-46fd-8f5c-72bc827f2ef5:20160407213829.293:799</Value>
          <Value>uSNChanged:799:1:55a73700-c891-46fd-8f5c-72bc827f2ef5:20160407213829.293:799</Value>
          <Value>uSNCreated:799:1:55a73700-c891-46fd-8f5c-72bc827f2ef5:20160407213829.293:799</Value>
          <Value>vmwAttributeUsage:799:1:55a73700-c891-46fd-8f5c-72bc827f2ef5:20160407213829.293:799</Value>
        </AttributeMetadata>
      </AttributeSchemaEntry>
      <AttributeSchemaEntry>
        <Name>originalDisplayTable</Name>
        <AttributeMetadata>
          <Value>attributeID:1295:1:55a73700-c891-46fd-8f5c-72bc827f2ef5:20160407213830.153:1295</Value>
          <Value>attributeSyntax:1295:1:55a73700-c891-46fd-8f5c-72bc827f2ef5:20160407213830.153:1295</Value>
          <Value>cn:1295:1:55a73700-c891-46fd-8f5c-72bc827f2ef5:20160407213830.153:1295</Value>
          <Value>createTimeStamp:1295:1:55a73700-c891-46fd-8f5c-72bc827f2ef5:20160407213830.153:1295</Value>
          <Value>entryDN:1295:1:55a73700-c891-46fd-8f5c-72bc827f2ef5:20160407213830.153:1295</Value>
          <Value>isSingleValued:1295:1:55a73700-c891-46fd-8f5c-72bc827f2ef5:20160407213830.153:1295</Value>
          <Value>lDAPDisplayName:1295:1:55a73700-c891-46fd-8f5c-72bc827f2ef5:20160407213830.153:1295</Value>
          <Value>modifyTimeStamp:1295:1:55a73700-c891-46fd-8f5c-72bc827f2ef5:20160407213830.153:1295</Value>
          <Value>objectClass:1295:1:55a73700-c891-46fd-8f5c-72bc827f2ef5:20160407213830.153:1295</Value>
          <Value>objectGUID:1295:1:55a73700-c891-46fd-8f5c-72bc827f2ef5:20160407213830.153:1295</Value>
          <Value>oMSyntax:1295:1:55a73700-c891-46fd-8f5c-72bc827f2ef5:20160407213830.153:1295</Value>
          <Value>schemaIDGUID:1295:1:55a73700-c891-46fd-8f5c-72bc827f2ef5:20160407213830.153:1295</Value>
          <Value>uSNChanged:1295:1:55a73700-c891-46fd-8f5c-72bc827f2ef5:20160407213830.153:1295</Value>
          <Value>uSNCreated:1295:1:55a73700-c891-46fd-8f5c-72bc827f2ef5:20160407213830.153:1295</Value>
          <Value>vmwAttributeUsage:1295:1:55a73700-c891-46fd-8f5c-72bc827f2ef5:20160407213830.153:1295</Value>
        </AttributeMetadata>
      </AttributeSchemaEntry>
      <AttributeSchemaEntry>
        <Name>originalDisplayTableMSDOS</Name>
        <AttributeMetadata>
          <Value>attributeID:154:1:55a73700-c891-46fd-8f5c-72bc827f2ef5:20160407213828.262:154</Value>
          <Value>attributeSyntax:154:1:55a73700-c891-46fd-8f5c-72bc827f2ef5:20160407213828.262:154</Value>
          <Value>cn:154:1:55a73700-c891-46fd-8f5c-72bc827f2ef5:20160407213828.262:154</Value>
          <Value>createTimeStamp:154:1:55a73700-c891-46fd-8f5c-72bc827f2ef5:20160407213828.262:154</Value>
          <Value>entryDN:154:1:55a73700-c891-46fd-8f5c-72bc827f2ef5:20160407213828.262:154</Value>
          <Value>isSingleValued:154:1:55a73700-c891-46fd-8f5c-72bc827f2ef5:20160407213828.262:154</Value>
          <Value>lDAPDisplayName:154:1:55a73700-c891-46fd-8f5c-72bc827f2ef5:20160407213828.262:154</Value>
          <Value>modifyTimeStamp:154:1:55a73700-c891-46fd-8f5c-72bc827f2ef5:20160407213828.262:154</Value>
          <Value>objectClass:154:1:55a73700-c891-46fd-8f5c-72bc827f2ef5:20160407213828.262:154</Value>
          <Value>objectGUID:154:1:55a73700-c891-46fd-8f5c-72bc827f2ef5:20160407213828.262:154</Value>
          <Value>oMSyntax:154:1:55a73700-c891-46fd-8f5c-72bc827f2ef5:20160407213828.262:154</Value>
          <Value>schemaIDGUID:154:1:55a73700-c891-46fd-8f5c-72bc827f2ef5:20160407213828.262:154</Value>
          <Value>uSNChanged:154:1:55a73700-c891-46fd-8f5c-72bc827f2ef5:20160407213828.262:154</Value>
          <Value>uSNCreated:154:1:55a73700-c891-46fd-8f5c-72bc827f2ef5:20160407213828.262:154</Value>
          <Value>vmwAttributeUsage:154:1:55a73700-c891-46fd-8f5c-72bc827f2ef5:20160407213828.262:154</Value>
        </AttributeMetadata>
      </AttributeSchemaEntry>
      <AttributeSchemaEntry>
        <Name>otherFacsimileTelephoneNumber</Name>
        <AttributeMetadata>
          <Value>attributeID:1259:1:55a73700-c891-46fd-8f5c-72bc827f2ef5:20160407213830.096:1259</Value>
          <Value>attributeSyntax:1259:1:55a73700-c891-46fd-8f5c-72bc827f2ef5:20160407213830.096:1259</Value>
          <Value>cn:1259:1:55a73700-c891-46fd-8f5c-72bc827f2ef5:20160407213830.096:1259</Value>
          <Value>createTimeStamp:1259:1:55a73700-c891-46fd-8f5c-72bc827f2ef5:20160407213830.096:1259</Value>
          <Value>entryDN:1259:1:55a73700-c891-46fd-8f5c-72bc827f2ef5:20160407213830.096:1259</Value>
          <Value>isSingleValued:1259:1:55a73700-c891-46fd-8f5c-72bc827f2ef5:20160407213830.096:1259</Value>
          <Value>lDAPDisplayName:1259:1:55a73700-c891-46fd-8f5c-72bc827f2ef5:20160407213830.096:1259</Value>
          <Value>modifyTimeStamp:1259:1:55a73700-c891-46fd-8f5c-72bc827f2ef5:20160407213830.096:1259</Value>
          <Value>objectClass:1259:1:55a73700-c891-46fd-8f5c-72bc827f2ef5:20160407213830.096:1259</Value>
          <Value>objectGUID:1259:1:55a73700-c891-46fd-8f5c-72bc827f2ef5:20160407213830.096:1259</Value>
          <Value>oMSyntax:1259:1:55a73700-c891-46fd-8f5c-72bc827f2ef5:20160407213830.096:1259</Value>
          <Value>schemaIDGUID:1259:1:55a73700-c891-46fd-8f5c-72bc827f2ef5:20160407213830.096:1259</Value>
          <Value>uSNChanged:1259:1:55a73700-c891-46fd-8f5c-72bc827f2ef5:20160407213830.096:1259</Value>
          <Value>uSNCreated:1259:1:55a73700-c891-46fd-8f5c-72bc827f2ef5:20160407213830.096:1259</Value>
          <Value>vmwAttributeUsage:1259:1:55a73700-c891-46fd-8f5c-72bc827f2ef5:20160407213830.096:1259</Value>
        </AttributeMetadata>
      </AttributeSchemaEntry>
      <AttributeSchemaEntry>
        <Name>otherHomePhone</Name>
        <AttributeMetadata>
          <Value>attributeID:353:1:55a73700-c891-46fd-8f5c-72bc827f2ef5:20160407213828.550:353</Value>
          <Value>attributeSyntax:353:1:55a73700-c891-46fd-8f5c-72bc827f2ef5:20160407213828.550:353</Value>
          <Value>cn:353:1:55a73700-c891-46fd-8f5c-72bc827f2ef5:20160407213828.550:353</Value>
          <Value>createTimeStamp:353:1:55a73700-c891-46fd-8f5c-72bc827f2ef5:20160407213828.550:353</Value>
          <Value>entryDN:353:1:55a73700-c891-46fd-8f5c-72bc827f2ef5:20160407213828.550:353</Value>
          <Value>isSingleValued:353:1:55a73700-c891-46fd-8f5c-72bc827f2ef5:20160407213828.550:353</Value>
          <Value>lDAPDisplayName:353:1:55a73700-c891-46fd-8f5c-72bc827f2ef5:20160407213828.550:353</Value>
          <Value>modifyTimeStamp:353:1:55a73700-c891-46fd-8f5c-72bc827f2ef5:20160407213828.550:353</Value>
          <Value>objectClass:353:1:55a73700-c891-46fd-8f5c-72bc827f2ef5:20160407213828.550:353</Value>
          <Value>objectGUID:353:1:55a73700-c891-46fd-8f5c-72bc827f2ef5:20160407213828.550:353</Value>
          <Value>oMSyntax:353:1:55a73700-c891-46fd-8f5c-72bc827f2ef5:20160407213828.550:353</Value>
          <Value>schemaIDGUID:353:1:55a73700-c891-46fd-8f5c-72bc827f2ef5:20160407213828.550:353</Value>
          <Value>uSNChanged:353:1:55a73700-c891-46fd-8f5c-72bc827f2ef5:20160407213828.550:353</Value>
          <Value>uSNCreated:353:1:55a73700-c891-46fd-8f5c-72bc827f2ef5:20160407213828.550:353</Value>
          <Value>vmwAttributeUsage:353:1:55a73700-c891-46fd-8f5c-72bc827f2ef5:20160407213828.550:353</Value>
        </AttributeMetadata>
      </AttributeSchemaEntry>
      <AttributeSchemaEntry>
        <Name>otherIpPhone</Name>
        <AttributeMetadata>
          <Value>attributeID:1292:1:55a73700-c891-46fd-8f5c-72bc827f2ef5:20160407213830.150:1292</Value>
          <Value>attributeSyntax:1292:1:55a73700-c891-46fd-8f5c-72bc827f2ef5:20160407213830.150:1292</Value>
          <Value>cn:1292:1:55a73700-c891-46fd-8f5c-72bc827f2ef5:20160407213830.150:1292</Value>
          <Value>createTimeStamp:1292:1:55a73700-c891-46fd-8f5c-72bc827f2ef5:20160407213830.150:1292</Value>
          <Value>entryDN:1292:1:55a73700-c891-46fd-8f5c-72bc827f2ef5:20160407213830.150:1292</Value>
          <Value>isSingleValued:1292:1:55a73700-c891-46fd-8f5c-72bc827f2ef5:20160407213830.150:1292</Value>
          <Value>lDAPDisplayName:1292:1:55a73700-c891-46fd-8f5c-72bc827f2ef5:20160407213830.150:1292</Value>
          <Value>modifyTimeStamp:1292:1:55a73700-c891-46fd-8f5c-72bc827f2ef5:20160407213830.150:1292</Value>
          <Value>objectClass:1292:1:55a73700-c891-46fd-8f5c-72bc827f2ef5:20160407213830.150:1292</Value>
          <Value>objectGUID:1292:1:55a73700-c891-46fd-8f5c-72bc827f2ef5:20160407213830.150:1292</Value>
          <Value>oMSyntax:1292:1:55a73700-c891-46fd-8f5c-72bc827f2ef5:20160407213830.150:1292</Value>
          <Value>schemaIDGUID:1292:1:55a73700-c891-46fd-8f5c-72bc827f2ef5:20160407213830.150:1292</Value>
          <Value>uSNChanged:1292:1:55a73700-c891-46fd-8f5c-72bc827f2ef5:20160407213830.150:1292</Value>
          <Value>uSNCreated:1292:1:55a73700-c891-46fd-8f5c-72bc827f2ef5:20160407213830.150:1292</Value>
          <Value>vmwAttributeUsage:1292:1:55a73700-c891-46fd-8f5c-72bc827f2ef5:20160407213830.150:1292</Value>
        </AttributeMetadata>
      </AttributeSchemaEntry>
      <AttributeSchemaEntry>
        <Name>otherLoginWorkstations</Name>
        <AttributeMetadata>
          <Value>attributeID:1305:1:55a73700-c891-46fd-8f5c-72bc827f2ef5:20160407213830.174:1305</Value>
          <Value>attributeSyntax:1305:1:55a73700-c891-46fd-8f5c-72bc827f2ef5:20160407213830.174:1305</Value>
          <Value>cn:1305:1:55a73700-c891-46fd-8f5c-72bc827f2ef5:20160407213830.174:1305</Value>
          <Value>createTimeStamp:1305:1:55a73700-c891-46fd-8f5c-72bc827f2ef5:20160407213830.174:1305</Value>
          <Value>entryDN:1305:1:55a73700-c891-46fd-8f5c-72bc827f2ef5:20160407213830.174:1305</Value>
          <Value>isSingleValued:1305:1:55a73700-c891-46fd-8f5c-72bc827f2ef5:20160407213830.174:1305</Value>
          <Value>lDAPDisplayName:1305:1:55a73700-c891-46fd-8f5c-72bc827f2ef5:20160407213830.174:1305</Value>
          <Value>modifyTimeStamp:1305:1:55a73700-c891-46fd-8f5c-72bc827f2ef5:20160407213830.174:1305</Value>
          <Value>objectClass:1305:1:55a73700-c891-46fd-8f5c-72bc827f2ef5:20160407213830.174:1305</Value>
          <Value>objectGUID:1305:1:55a73700-c891-46fd-8f5c-72bc827f2ef5:20160407213830.174:1305</Value>
          <Value>oMSyntax:1305:1:55a73700-c891-46fd-8f5c-72bc827f2ef5:20160407213830.174:1305</Value>
          <Value>schemaIDGUID:1305:1:55a73700-c891-46fd-8f5c-72bc827f2ef5:20160407213830.174:1305</Value>
          <Value>uSNChanged:1305:1:55a73700-c891-46fd-8f5c-72bc827f2ef5:20160407213830.174:1305</Value>
          <Value>uSNCreated:1305:1:55a73700-c891-46fd-8f5c-72bc827f2ef5:20160407213830.174:1305</Value>
          <Value>vmwAttributeUsage:1305:1:55a73700-c891-46fd-8f5c-72bc827f2ef5:20160407213830.174:1305</Value>
        </AttributeMetadata>
      </AttributeSchemaEntry>
      <AttributeSchemaEntry>
        <Name>otherMailbox</Name>
        <AttributeMetadata>
          <Value>attributeID:1201:1:55a73700-c891-46fd-8f5c-72bc827f2ef5:20160407213829.999:1201</Value>
          <Value>attributeSyntax:1201:1:55a73700-c891-46fd-8f5c-72bc827f2ef5:20160407213829.999:1201</Value>
          <Value>cn:1201:1:55a73700-c891-46fd-8f5c-72bc827f2ef5:20160407213829.999:1201</Value>
          <Value>createTimeStamp:1201:1:55a73700-c891-46fd-8f5c-72bc827f2ef5:20160407213829.999:1201</Value>
          <Value>entryDN:1201:1:55a73700-c891-46fd-8f5c-72bc827f2ef5:20160407213829.999:1201</Value>
          <Value>isSingleValued:1201:1:55a73700-c891-46fd-8f5c-72bc827f2ef5:20160407213829.999:1201</Value>
          <Value>lDAPDisplayName:1201:1:55a73700-c891-46fd-8f5c-72bc827f2ef5:20160407213829.999:1201</Value>
          <Value>modifyTimeStamp:1201:1:55a73700-c891-46fd-8f5c-72bc827f2ef5:20160407213829.999:1201</Value>
          <Value>objectClass:1201:1:55a73700-c891-46fd-8f5c-72bc827f2ef5:20160407213829.999:1201</Value>
          <Value>objectGUID:1201:1:55a73700-c891-46fd-8f5c-72bc827f2ef5:20160407213829.999:1201</Value>
          <Value>oMSyntax:1201:1:55a73700-c891-46fd-8f5c-72bc827f2ef5:20160407213829.999:1201</Value>
          <Value>schemaIDGUID:1201:1:55a73700-c891-46fd-8f5c-72bc827f2ef5:20160407213829.999:1201</Value>
          <Value>uSNChanged:1201:1:55a73700-c891-46fd-8f5c-72bc827f2ef5:20160407213829.999:1201</Value>
          <Value>uSNCreated:1201:1:55a73700-c891-46fd-8f5c-72bc827f2ef5:20160407213829.999:1201</Value>
          <Value>vmwAttributeUsage:1201:1:55a73700-c891-46fd-8f5c-72bc827f2ef5:20160407213829.999:1201</Value>
        </AttributeMetadata>
      </AttributeSchemaEntry>
      <AttributeSchemaEntry>
        <Name>otherMobile</Name>
        <AttributeMetadata>
          <Value>attributeID:1494:1:55a73700-c891-46fd-8f5c-72bc827f2ef5:20160407213830.480:1494</Value>
          <Value>attributeSyntax:1494:1:55a73700-c891-46fd-8f5c-72bc827f2ef5:20160407213830.480:1494</Value>
          <Value>cn:1494:1:55a73700-c891-46fd-8f5c-72bc827f2ef5:20160407213830.480:1494</Value>
          <Value>createTimeStamp:1494:1:55a73700-c891-46fd-8f5c-72bc827f2ef5:20160407213830.480:1494</Value>
          <Value>entryDN:1494:1:55a73700-c891-46fd-8f5c-72bc827f2ef5:20160407213830.480:1494</Value>
          <Value>isSingleValued:1494:1:55a73700-c891-46fd-8f5c-72bc827f2ef5:20160407213830.480:1494</Value>
          <Value>lDAPDisplayName:1494:1:55a73700-c891-46fd-8f5c-72bc827f2ef5:20160407213830.480:1494</Value>
          <Value>modifyTimeStamp:1494:1:55a73700-c891-46fd-8f5c-72bc827f2ef5:20160407213830.480:1494</Value>
          <Value>objectClass:1494:1:55a73700-c891-46fd-8f5c-72bc827f2ef5:20160407213830.480:1494</Value>
          <Value>objectGUID:1494:1:55a73700-c891-46fd-8f5c-72bc827f2ef5:20160407213830.480:1494</Value>
          <Value>oMSyntax:1494:1:55a73700-c891-46fd-8f5c-72bc827f2ef5:20160407213830.480:1494</Value>
          <Value>schemaIDGUID:1494:1:55a73700-c891-46fd-8f5c-72bc827f2ef5:20160407213830.480:1494</Value>
          <Value>uSNChanged:1494:1:55a73700-c891-46fd-8f5c-72bc827f2ef5:20160407213830.480:1494</Value>
          <Value>uSNCreated:1494:1:55a73700-c891-46fd-8f5c-72bc827f2ef5:20160407213830.480:1494</Value>
          <Value>vmwAttributeUsage:1494:1:55a73700-c891-46fd-8f5c-72bc827f2ef5:20160407213830.480:1494</Value>
        </AttributeMetadata>
      </AttributeSchemaEntry>
      <AttributeSchemaEntry>
        <Name>otherPager</Name>
        <AttributeMetadata>
          <Value>attributeID:333:1:55a73700-c891-46fd-8f5c-72bc827f2ef5:20160407213828.511:333</Value>
          <Value>attributeSyntax:333:1:55a73700-c891-46fd-8f5c-72bc827f2ef5:20160407213828.511:333</Value>
          <Value>cn:333:1:55a73700-c891-46fd-8f5c-72bc827f2ef5:20160407213828.511:333</Value>
          <Value>createTimeStamp:333:1:55a73700-c891-46fd-8f5c-72bc827f2ef5:20160407213828.511:333</Value>
          <Value>entryDN:333:1:55a73700-c891-46fd-8f5c-72bc827f2ef5:20160407213828.511:333</Value>
          <Value>isSingleValued:333:1:55a73700-c891-46fd-8f5c-72bc827f2ef5:20160407213828.511:333</Value>
          <Value>lDAPDisplayName:333:1:55a73700-c891-46fd-8f5c-72bc827f2ef5:20160407213828.511:333</Value>
          <Value>modifyTimeStamp:333:1:55a73700-c891-46fd-8f5c-72bc827f2ef5:20160407213828.511:333</Value>
          <Value>objectClass:333:1:55a73700-c891-46fd-8f5c-72bc827f2ef5:20160407213828.511:333</Value>
          <Value>objectGUID:333:1:55a73700-c891-46fd-8f5c-72bc827f2ef5:20160407213828.511:333</Value>
          <Value>oMSyntax:333:1:55a73700-c891-46fd-8f5c-72bc827f2ef5:20160407213828.511:333</Value>
          <Value>schemaIDGUID:333:1:55a73700-c891-46fd-8f5c-72bc827f2ef5:20160407213828.511:333</Value>
          <Value>uSNChanged:333:1:55a73700-c891-46fd-8f5c-72bc827f2ef5:20160407213828.511:333</Value>
          <Value>uSNCreated:333:1:55a73700-c891-46fd-8f5c-72bc827f2ef5:20160407213828.511:333</Value>
          <Value>vmwAttributeUsage:333:1:55a73700-c891-46fd-8f5c-72bc827f2ef5:20160407213828.511:333</Value>
        </AttributeMetadata>
      </AttributeSchemaEntry>
      <AttributeSchemaEntry>
        <Name>otherTelephone</Name>
        <AttributeMetadata>
          <Value>attributeID:1161:1:55a73700-c891-46fd-8f5c-72bc827f2ef5:20160407213829.922:1161</Value>
          <Value>attributeSyntax:1161:1:55a73700-c891-46fd-8f5c-72bc827f2ef5:20160407213829.922:1161</Value>
          <Value>cn:1161:1:55a73700-c891-46fd-8f5c-72bc827f2ef5:20160407213829.922:1161</Value>
          <Value>createTimeStamp:1161:1:55a73700-c891-46fd-8f5c-72bc827f2ef5:20160407213829.922:1161</Value>
          <Value>entryDN:1161:1:55a73700-c891-46fd-8f5c-72bc827f2ef5:20160407213829.922:1161</Value>
          <Value>isSingleValued:1161:1:55a73700-c891-46fd-8f5c-72bc827f2ef5:20160407213829.922:1161</Value>
          <Value>lDAPDisplayName:1161:1:55a73700-c891-46fd-8f5c-72bc827f2ef5:20160407213829.922:1161</Value>
          <Value>modifyTimeStamp:1161:1:55a73700-c891-46fd-8f5c-72bc827f2ef5:20160407213829.922:1161</Value>
          <Value>objectClass:1161:1:55a73700-c891-46fd-8f5c-72bc827f2ef5:20160407213829.922:1161</Value>
          <Value>objectGUID:1161:1:55a73700-c891-46fd-8f5c-72bc827f2ef5:20160407213829.922:1161</Value>
          <Value>oMSyntax:1161:1:55a73700-c891-46fd-8f5c-72bc827f2ef5:20160407213829.922:1161</Value>
          <Value>schemaIDGUID:1161:1:55a73700-c891-46fd-8f5c-72bc827f2ef5:20160407213829.922:1161</Value>
          <Value>uSNChanged:1161:1:55a73700-c891-46fd-8f5c-72bc827f2ef5:20160407213829.922:1161</Value>
          <Value>uSNCreated:1161:1:55a73700-c891-46fd-8f5c-72bc827f2ef5:20160407213829.922:1161</Value>
          <Value>vmwAttributeUsage:1161:1:55a73700-c891-46fd-8f5c-72bc827f2ef5:20160407213829.922:1161</Value>
        </AttributeMetadata>
      </AttributeSchemaEntry>
      <AttributeSchemaEntry>
        <Name>otherWellKnownObjects</Name>
        <AttributeMetadata>
          <Value>attributeID:132:1:55a73700-c891-46fd-8f5c-72bc827f2ef5:20160407213828.227:132</Value>
          <Value>attributeSyntax:132:1:55a73700-c891-46fd-8f5c-72bc827f2ef5:20160407213828.227:132</Value>
          <Value>cn:132:1:55a73700-c891-46fd-8f5c-72bc827f2ef5:20160407213828.227:132</Value>
          <Value>createTimeStamp:132:1:55a73700-c891-46fd-8f5c-72bc827f2ef5:20160407213828.227:132</Value>
          <Value>entryDN:132:1:55a73700-c891-46fd-8f5c-72bc827f2ef5:20160407213828.227:132</Value>
          <Value>isSingleValued:132:1:55a73700-c891-46fd-8f5c-72bc827f2ef5:20160407213828.227:132</Value>
          <Value>lDAPDisplayName:132:1:55a73700-c891-46fd-8f5c-72bc827f2ef5:20160407213828.227:132</Value>
          <Value>modifyTimeStamp:132:1:55a73700-c891-46fd-8f5c-72bc827f2ef5:20160407213828.227:132</Value>
          <Value>objectClass:132:1:55a73700-c891-46fd-8f5c-72bc827f2ef5:20160407213828.227:132</Value>
          <Value>objectGUID:132:1:55a73700-c891-46fd-8f5c-72bc827f2ef5:20160407213828.227:132</Value>
          <Value>oMSyntax:132:1:55a73700-c891-46fd-8f5c-72bc827f2ef5:20160407213828.227:132</Value>
          <Value>schemaIDGUID:132:1:55a73700-c891-46fd-8f5c-72bc827f2ef5:20160407213828.227:132</Value>
          <Value>uSNChanged:132:1:55a73700-c891-46fd-8f5c-72bc827f2ef5:20160407213828.227:132</Value>
          <Value>uSNCreated:132:1:55a73700-c891-46fd-8f5c-72bc827f2ef5:20160407213828.227:132</Value>
          <Value>vmwAttributeUsage:132:1:55a73700-c891-46fd-8f5c-72bc827f2ef5:20160407213828.227:132</Value>
        </AttributeMetadata>
      </AttributeSchemaEntry>
      <AttributeSchemaEntry>
        <Name>ou</Name>
        <AttributeMetadata>
          <Value>attributeID:362:1:55a73700-c891-46fd-8f5c-72bc827f2ef5:20160407213828.561:362</Value>
          <Value>attributeSyntax:362:1:55a73700-c891-46fd-8f5c-72bc827f2ef5:20160407213828.561:362</Value>
          <Value>cn:362:1:55a73700-c891-46fd-8f5c-72bc827f2ef5:20160407213828.561:362</Value>
          <Value>createTimeStamp:362:1:55a73700-c891-46fd-8f5c-72bc827f2ef5:20160407213828.561:362</Value>
          <Value>entryDN:362:1:55a73700-c891-46fd-8f5c-72bc827f2ef5:20160407213828.561:362</Value>
          <Value>isSingleValued:362:1:55a73700-c891-46fd-8f5c-72bc827f2ef5:20160407213828.561:362</Value>
          <Value>lDAPDisplayName:362:1:55a73700-c891-46fd-8f5c-72bc827f2ef5:20160407213828.561:362</Value>
          <Value>modifyTimeStamp:362:1:55a73700-c891-46fd-8f5c-72bc827f2ef5:20160407213828.561:362</Value>
          <Value>objectClass:362:1:55a73700-c891-46fd-8f5c-72bc827f2ef5:20160407213828.561:362</Value>
          <Value>objectGUID:362:1:55a73700-c891-46fd-8f5c-72bc827f2ef5:20160407213828.561:362</Value>
          <Value>oMSyntax:362:1:55a73700-c891-46fd-8f5c-72bc827f2ef5:20160407213828.561:362</Value>
          <Value>schemaIDGUID:362:1:55a73700-c891-46fd-8f5c-72bc827f2ef5:20160407213828.561:362</Value>
          <Value>uSNChanged:362:1:55a73700-c891-46fd-8f5c-72bc827f2ef5:20160407213828.561:362</Value>
          <Value>uSNCreated:362:1:55a73700-c891-46fd-8f5c-72bc827f2ef5:20160407213828.561:362</Value>
          <Value>vmwAttributeUsage:362:1:55a73700-c891-46fd-8f5c-72bc827f2ef5:20160407213828.561:362</Value>
        </AttributeMetadata>
      </AttributeSchemaEntry>
      <AttributeSchemaEntry>
        <Name>owner</Name>
        <AttributeMetadata>
          <Value>attributeID:303:1:55a73700-c891-46fd-8f5c-72bc827f2ef5:20160407213828.472:303</Value>
          <Value>attributeSyntax:303:1:55a73700-c891-46fd-8f5c-72bc827f2ef5:20160407213828.472:303</Value>
          <Value>cn:303:1:55a73700-c891-46fd-8f5c-72bc827f2ef5:20160407213828.472:303</Value>
          <Value>createTimeStamp:303:1:55a73700-c891-46fd-8f5c-72bc827f2ef5:20160407213828.472:303</Value>
          <Value>entryDN:303:1:55a73700-c891-46fd-8f5c-72bc827f2ef5:20160407213828.472:303</Value>
          <Value>isSingleValued:303:1:55a73700-c891-46fd-8f5c-72bc827f2ef5:20160407213828.472:303</Value>
          <Value>lDAPDisplayName:303:1:55a73700-c891-46fd-8f5c-72bc827f2ef5:20160407213828.472:303</Value>
          <Value>modifyTimeStamp:303:1:55a73700-c891-46fd-8f5c-72bc827f2ef5:20160407213828.472:303</Value>
          <Value>objectClass:303:1:55a73700-c891-46fd-8f5c-72bc827f2ef5:20160407213828.472:303</Value>
          <Value>objectGUID:303:1:55a73700-c891-46fd-8f5c-72bc827f2ef5:20160407213828.472:303</Value>
          <Value>oMSyntax:303:1:55a73700-c891-46fd-8f5c-72bc827f2ef5:20160407213828.472:303</Value>
          <Value>schemaIDGUID:303:1:55a73700-c891-46fd-8f5c-72bc827f2ef5:20160407213828.472:303</Value>
          <Value>uSNChanged:303:1:55a73700-c891-46fd-8f5c-72bc827f2ef5:20160407213828.472:303</Value>
          <Value>uSNCreated:303:1:55a73700-c891-46fd-8f5c-72bc827f2ef5:20160407213828.472:303</Value>
          <Value>vmwAttributeUsage:303:1:55a73700-c891-46fd-8f5c-72bc827f2ef5:20160407213828.472:303</Value>
        </AttributeMetadata>
      </AttributeSchemaEntry>
      <AttributeSchemaEntry>
        <Name>ownerBL</Name>
        <AttributeMetadata>
          <Value>attributeID:995:1:55a73700-c891-46fd-8f5c-72bc827f2ef5:20160407213829.621:995</Value>
          <Value>attributeSyntax:995:1:55a73700-c891-46fd-8f5c-72bc827f2ef5:20160407213829.621:995</Value>
          <Value>cn:995:1:55a73700-c891-46fd-8f5c-72bc827f2ef5:20160407213829.621:995</Value>
          <Value>createTimeStamp:995:1:55a73700-c891-46fd-8f5c-72bc827f2ef5:20160407213829.621:995</Value>
          <Value>entryDN:995:1:55a73700-c891-46fd-8f5c-72bc827f2ef5:20160407213829.621:995</Value>
          <Value>isSingleValued:995:1:55a73700-c891-46fd-8f5c-72bc827f2ef5:20160407213829.621:995</Value>
          <Value>lDAPDisplayName:995:1:55a73700-c891-46fd-8f5c-72bc827f2ef5:20160407213829.621:995</Value>
          <Value>modifyTimeStamp:995:1:55a73700-c891-46fd-8f5c-72bc827f2ef5:20160407213829.621:995</Value>
          <Value>objectClass:995:1:55a73700-c891-46fd-8f5c-72bc827f2ef5:20160407213829.621:995</Value>
          <Value>objectGUID:995:1:55a73700-c891-46fd-8f5c-72bc827f2ef5:20160407213829.621:995</Value>
          <Value>oMSyntax:995:1:55a73700-c891-46fd-8f5c-72bc827f2ef5:20160407213829.621:995</Value>
          <Value>schemaIDGUID:995:1:55a73700-c891-46fd-8f5c-72bc827f2ef5:20160407213829.621:995</Value>
          <Value>uSNChanged:995:1:55a73700-c891-46fd-8f5c-72bc827f2ef5:20160407213829.621:995</Value>
          <Value>uSNCreated:995:1:55a73700-c891-46fd-8f5c-72bc827f2ef5:20160407213829.621:995</Value>
          <Value>vmwAttributeUsage:995:1:55a73700-c891-46fd-8f5c-72bc827f2ef5:20160407213829.621:995</Value>
        </AttributeMetadata>
      </AttributeSchemaEntry>
      <AttributeSchemaEntry>
        <Name>packageFlags</Name>
        <AttributeMetadata>
          <Value>attributeID:1061:1:55a73700-c891-46fd-8f5c-72bc827f2ef5:20160407213829.738:1061</Value>
          <Value>attributeSyntax:1061:1:55a73700-c891-46fd-8f5c-72bc827f2ef5:20160407213829.738:1061</Value>
          <Value>cn:1061:1:55a73700-c891-46fd-8f5c-72bc827f2ef5:20160407213829.738:1061</Value>
          <Value>createTimeStamp:1061:1:55a73700-c891-46fd-8f5c-72bc827f2ef5:20160407213829.738:1061</Value>
          <Value>entryDN:1061:1:55a73700-c891-46fd-8f5c-72bc827f2ef5:20160407213829.738:1061</Value>
          <Value>isSingleValued:1061:1:55a73700-c891-46fd-8f5c-72bc827f2ef5:20160407213829.738:1061</Value>
          <Value>lDAPDisplayName:1061:1:55a73700-c891-46fd-8f5c-72bc827f2ef5:20160407213829.738:1061</Value>
          <Value>modifyTimeStamp:1061:1:55a73700-c891-46fd-8f5c-72bc827f2ef5:20160407213829.738:1061</Value>
          <Value>objectClass:1061:1:55a73700-c891-46fd-8f5c-72bc827f2ef5:20160407213829.738:1061</Value>
          <Value>objectGUID:1061:1:55a73700-c891-46fd-8f5c-72bc827f2ef5:20160407213829.738:1061</Value>
          <Value>oMSyntax:1061:1:55a73700-c891-46fd-8f5c-72bc827f2ef5:20160407213829.738:1061</Value>
          <Value>schemaIDGUID:1061:1:55a73700-c891-46fd-8f5c-72bc827f2ef5:20160407213829.738:1061</Value>
          <Value>uSNChanged:1061:1:55a73700-c891-46fd-8f5c-72bc827f2ef5:20160407213829.738:1061</Value>
          <Value>uSNCreated:1061:1:55a73700-c891-46fd-8f5c-72bc827f2ef5:20160407213829.738:1061</Value>
          <Value>vmwAttributeUsage:1061:1:55a73700-c891-46fd-8f5c-72bc827f2ef5:20160407213829.738:1061</Value>
        </AttributeMetadata>
      </AttributeSchemaEntry>
      <AttributeSchemaEntry>
        <Name>packageName</Name>
        <AttributeMetadata>
          <Value>attributeID:1005:1:55a73700-c891-46fd-8f5c-72bc827f2ef5:20160407213829.639:1005</Value>
          <Value>attributeSyntax:1005:1:55a73700-c891-46fd-8f5c-72bc827f2ef5:20160407213829.639:1005</Value>
          <Value>cn:1005:1:55a73700-c891-46fd-8f5c-72bc827f2ef5:20160407213829.639:1005</Value>
          <Value>createTimeStamp:1005:1:55a73700-c891-46fd-8f5c-72bc827f2ef5:20160407213829.639:1005</Value>
          <Value>entryDN:1005:1:55a73700-c891-46fd-8f5c-72bc827f2ef5:20160407213829.639:1005</Value>
          <Value>isSingleValued:1005:1:55a73700-c891-46fd-8f5c-72bc827f2ef5:20160407213829.639:1005</Value>
          <Value>lDAPDisplayName:1005:1:55a73700-c891-46fd-8f5c-72bc827f2ef5:20160407213829.639:1005</Value>
          <Value>modifyTimeStamp:1005:1:55a73700-c891-46fd-8f5c-72bc827f2ef5:20160407213829.639:1005</Value>
          <Value>objectClass:1005:1:55a73700-c891-46fd-8f5c-72bc827f2ef5:20160407213829.639:1005</Value>
          <Value>objectGUID:1005:1:55a73700-c891-46fd-8f5c-72bc827f2ef5:20160407213829.639:1005</Value>
          <Value>oMSyntax:1005:1:55a73700-c891-46fd-8f5c-72bc827f2ef5:20160407213829.639:1005</Value>
          <Value>schemaIDGUID:1005:1:55a73700-c891-46fd-8f5c-72bc827f2ef5:20160407213829.639:1005</Value>
          <Value>uSNChanged:1005:1:55a73700-c891-46fd-8f5c-72bc827f2ef5:20160407213829.639:1005</Value>
          <Value>uSNCreated:1005:1:55a73700-c891-46fd-8f5c-72bc827f2ef5:20160407213829.639:1005</Value>
          <Value>vmwAttributeUsage:1005:1:55a73700-c891-46fd-8f5c-72bc827f2ef5:20160407213829.639:1005</Value>
        </AttributeMetadata>
      </AttributeSchemaEntry>
      <AttributeSchemaEntry>
        <Name>packageType</Name>
        <AttributeMetadata>
          <Value>attributeID:666:1:55a73700-c891-46fd-8f5c-72bc827f2ef5:20160407213829.063:666</Value>
          <Value>attributeSyntax:666:1:55a73700-c891-46fd-8f5c-72bc827f2ef5:20160407213829.063:666</Value>
          <Value>cn:666:1:55a73700-c891-46fd-8f5c-72bc827f2ef5:20160407213829.063:666</Value>
          <Value>createTimeStamp:666:1:55a73700-c891-46fd-8f5c-72bc827f2ef5:20160407213829.063:666</Value>
          <Value>entryDN:666:1:55a73700-c891-46fd-8f5c-72bc827f2ef5:20160407213829.063:666</Value>
          <Value>isSingleValued:666:1:55a73700-c891-46fd-8f5c-72bc827f2ef5:20160407213829.063:666</Value>
          <Value>lDAPDisplayName:666:1:55a73700-c891-46fd-8f5c-72bc827f2ef5:20160407213829.063:666</Value>
          <Value>modifyTimeStamp:666:1:55a73700-c891-46fd-8f5c-72bc827f2ef5:20160407213829.063:666</Value>
          <Value>objectClass:666:1:55a73700-c891-46fd-8f5c-72bc827f2ef5:20160407213829.063:666</Value>
          <Value>objectGUID:666:1:55a73700-c891-46fd-8f5c-72bc827f2ef5:20160407213829.063:666</Value>
          <Value>oMSyntax:666:1:55a73700-c891-46fd-8f5c-72bc827f2ef5:20160407213829.063:666</Value>
          <Value>schemaIDGUID:666:1:55a73700-c891-46fd-8f5c-72bc827f2ef5:20160407213829.063:666</Value>
          <Value>uSNChanged:666:1:55a73700-c891-46fd-8f5c-72bc827f2ef5:20160407213829.063:666</Value>
          <Value>uSNCreated:666:1:55a73700-c891-46fd-8f5c-72bc827f2ef5:20160407213829.063:666</Value>
          <Value>vmwAttributeUsage:666:1:55a73700-c891-46fd-8f5c-72bc827f2ef5:20160407213829.063:666</Value>
        </AttributeMetadata>
      </AttributeSchemaEntry>
      <AttributeSchemaEntry>
        <Name>pager</Name>
        <AttributeMetadata>
          <Value>attributeID:520:1:55a73700-c891-46fd-8f5c-72bc827f2ef5:20160407213828.818:520</Value>
          <Value>attributeSyntax:520:1:55a73700-c891-46fd-8f5c-72bc827f2ef5:20160407213828.818:520</Value>
          <Value>cn:520:1:55a73700-c891-46fd-8f5c-72bc827f2ef5:20160407213828.818:520</Value>
          <Value>createTimeStamp:520:1:55a73700-c891-46fd-8f5c-72bc827f2ef5:20160407213828.818:520</Value>
          <Value>entryDN:520:1:55a73700-c891-46fd-8f5c-72bc827f2ef5:20160407213828.818:520</Value>
          <Value>isSingleValued:520:1:55a73700-c891-46fd-8f5c-72bc827f2ef5:20160407213828.818:520</Value>
          <Value>lDAPDisplayName:520:1:55a73700-c891-46fd-8f5c-72bc827f2ef5:20160407213828.818:520</Value>
          <Value>modifyTimeStamp:520:1:55a73700-c891-46fd-8f5c-72bc827f2ef5:20160407213828.818:520</Value>
          <Value>objectClass:520:1:55a73700-c891-46fd-8f5c-72bc827f2ef5:20160407213828.818:520</Value>
          <Value>objectGUID:520:1:55a73700-c891-46fd-8f5c-72bc827f2ef5:20160407213828.818:520</Value>
          <Value>oMSyntax:520:1:55a73700-c891-46fd-8f5c-72bc827f2ef5:20160407213828.818:520</Value>
          <Value>schemaIDGUID:520:1:55a73700-c891-46fd-8f5c-72bc827f2ef5:20160407213828.818:520</Value>
          <Value>uSNChanged:520:1:55a73700-c891-46fd-8f5c-72bc827f2ef5:20160407213828.818:520</Value>
          <Value>uSNCreated:520:1:55a73700-c891-46fd-8f5c-72bc827f2ef5:20160407213828.818:520</Value>
          <Value>vmwAttributeUsage:520:1:55a73700-c891-46fd-8f5c-72bc827f2ef5:20160407213828.818:520</Value>
        </AttributeMetadata>
      </AttributeSchemaEntry>
      <AttributeSchemaEntry>
        <Name>parentCA</Name>
        <AttributeMetadata>
          <Value>attributeID:1484:1:55a73700-c891-46fd-8f5c-72bc827f2ef5:20160407213830.464:1484</Value>
          <Value>attributeSyntax:1484:1:55a73700-c891-46fd-8f5c-72bc827f2ef5:20160407213830.464:1484</Value>
          <Value>cn:1484:1:55a73700-c891-46fd-8f5c-72bc827f2ef5:20160407213830.464:1484</Value>
          <Value>createTimeStamp:1484:1:55a73700-c891-46fd-8f5c-72bc827f2ef5:20160407213830.464:1484</Value>
          <Value>entryDN:1484:1:55a73700-c891-46fd-8f5c-72bc827f2ef5:20160407213830.464:1484</Value>
          <Value>isSingleValued:1484:1:55a73700-c891-46fd-8f5c-72bc827f2ef5:20160407213830.464:1484</Value>
          <Value>lDAPDisplayName:1484:1:55a73700-c891-46fd-8f5c-72bc827f2ef5:20160407213830.464:1484</Value>
          <Value>modifyTimeStamp:1484:1:55a73700-c891-46fd-8f5c-72bc827f2ef5:20160407213830.464:1484</Value>
          <Value>objectClass:1484:1:55a73700-c891-46fd-8f5c-72bc827f2ef5:20160407213830.464:1484</Value>
          <Value>objectGUID:1484:1:55a73700-c891-46fd-8f5c-72bc827f2ef5:20160407213830.464:1484</Value>
          <Value>oMSyntax:1484:1:55a73700-c891-46fd-8f5c-72bc827f2ef5:20160407213830.464:1484</Value>
          <Value>schemaIDGUID:1484:1:55a73700-c891-46fd-8f5c-72bc827f2ef5:20160407213830.464:1484</Value>
          <Value>uSNChanged:1484:1:55a73700-c891-46fd-8f5c-72bc827f2ef5:20160407213830.464:1484</Value>
          <Value>uSNCreated:1484:1:55a73700-c891-46fd-8f5c-72bc827f2ef5:20160407213830.464:1484</Value>
          <Value>vmwAttributeUsage:1484:1:55a73700-c891-46fd-8f5c-72bc827f2ef5:20160407213830.464:1484</Value>
        </AttributeMetadata>
      </AttributeSchemaEntry>
      <AttributeSchemaEntry>
        <Name>parentCACertificateChain</Name>
        <AttributeMetadata>
          <Value>attributeID:1289:1:55a73700-c891-46fd-8f5c-72bc827f2ef5:20160407213830.148:1289</Value>
          <Value>attributeSyntax:1289:1:55a73700-c891-46fd-8f5c-72bc827f2ef5:20160407213830.148:1289</Value>
          <Value>cn:1289:1:55a73700-c891-46fd-8f5c-72bc827f2ef5:20160407213830.148:1289</Value>
          <Value>createTimeStamp:1289:1:55a73700-c891-46fd-8f5c-72bc827f2ef5:20160407213830.148:1289</Value>
          <Value>entryDN:1289:1:55a73700-c891-46fd-8f5c-72bc827f2ef5:20160407213830.148:1289</Value>
          <Value>isSingleValued:1289:1:55a73700-c891-46fd-8f5c-72bc827f2ef5:20160407213830.148:1289</Value>
          <Value>lDAPDisplayName:1289:1:55a73700-c891-46fd-8f5c-72bc827f2ef5:20160407213830.148:1289</Value>
          <Value>modifyTimeStamp:1289:1:55a73700-c891-46fd-8f5c-72bc827f2ef5:20160407213830.148:1289</Value>
          <Value>objectClass:1289:1:55a73700-c891-46fd-8f5c-72bc827f2ef5:20160407213830.148:1289</Value>
          <Value>objectGUID:1289:1:55a73700-c891-46fd-8f5c-72bc827f2ef5:20160407213830.148:1289</Value>
          <Value>oMSyntax:1289:1:55a73700-c891-46fd-8f5c-72bc827f2ef5:20160407213830.148:1289</Value>
          <Value>schemaIDGUID:1289:1:55a73700-c891-46fd-8f5c-72bc827f2ef5:20160407213830.148:1289</Value>
          <Value>uSNChanged:1289:1:55a73700-c891-46fd-8f5c-72bc827f2ef5:20160407213830.148:1289</Value>
          <Value>uSNCreated:1289:1:55a73700-c891-46fd-8f5c-72bc827f2ef5:20160407213830.148:1289</Value>
          <Value>vmwAttributeUsage:1289:1:55a73700-c891-46fd-8f5c-72bc827f2ef5:20160407213830.148:1289</Value>
        </AttributeMetadata>
      </AttributeSchemaEntry>
      <AttributeSchemaEntry>
        <Name>parentGUID</Name>
        <AttributeMetadata>
          <Value>attributeID:228:1:55a73700-c891-46fd-8f5c-72bc827f2ef5:20160407213828.360:228</Value>
          <Value>attributeSyntax:228:1:55a73700-c891-46fd-8f5c-72bc827f2ef5:20160407213828.360:228</Value>
          <Value>cn:228:1:55a73700-c891-46fd-8f5c-72bc827f2ef5:20160407213828.360:228</Value>
          <Value>createTimeStamp:228:1:55a73700-c891-46fd-8f5c-72bc827f2ef5:20160407213828.360:228</Value>
          <Value>entryDN:228:1:55a73700-c891-46fd-8f5c-72bc827f2ef5:20160407213828.360:228</Value>
          <Value>isSingleValued:228:1:55a73700-c891-46fd-8f5c-72bc827f2ef5:20160407213828.360:228</Value>
          <Value>lDAPDisplayName:228:1:55a73700-c891-46fd-8f5c-72bc827f2ef5:20160407213828.360:228</Value>
          <Value>modifyTimeStamp:228:1:55a73700-c891-46fd-8f5c-72bc827f2ef5:20160407213828.360:228</Value>
          <Value>objectClass:228:1:55a73700-c891-46fd-8f5c-72bc827f2ef5:20160407213828.360:228</Value>
          <Value>objectGUID:228:1:55a73700-c891-46fd-8f5c-72bc827f2ef5:20160407213828.360:228</Value>
          <Value>oMSyntax:228:1:55a73700-c891-46fd-8f5c-72bc827f2ef5:20160407213828.360:228</Value>
          <Value>schemaIDGUID:228:1:55a73700-c891-46fd-8f5c-72bc827f2ef5:20160407213828.360:228</Value>
          <Value>uSNChanged:228:1:55a73700-c891-46fd-8f5c-72bc827f2ef5:20160407213828.360:228</Value>
          <Value>uSNCreated:228:1:55a73700-c891-46fd-8f5c-72bc827f2ef5:20160407213828.360:228</Value>
          <Value>vmwAttributeUsage:228:1:55a73700-c891-46fd-8f5c-72bc827f2ef5:20160407213828.360:228</Value>
        </AttributeMetadata>
      </AttributeSchemaEntry>
      <AttributeSchemaEntry>
        <Name>parentid</Name>
        <AttributeMetadata>
          <Value>attributeID:1612:1:55a73700-c891-46fd-8f5c-72bc827f2ef5:20160407213830.680:1612</Value>
          <Value>attributeSyntax:1612:1:55a73700-c891-46fd-8f5c-72bc827f2ef5:20160407213830.680:1612</Value>
          <Value>cn:1612:1:55a73700-c891-46fd-8f5c-72bc827f2ef5:20160407213830.680:1612</Value>
          <Value>createTimeStamp:1612:1:55a73700-c891-46fd-8f5c-72bc827f2ef5:20160407213830.680:1612</Value>
          <Value>description:1612:1:55a73700-c891-46fd-8f5c-72bc827f2ef5:20160407213830.680:1612</Value>
          <Value>entryDN:1612:1:55a73700-c891-46fd-8f5c-72bc827f2ef5:20160407213830.680:1612</Value>
          <Value>isSingleValued:1612:1:55a73700-c891-46fd-8f5c-72bc827f2ef5:20160407213830.680:1612</Value>
          <Value>lDAPDisplayName:1612:1:55a73700-c891-46fd-8f5c-72bc827f2ef5:20160407213830.680:1612</Value>
          <Value>modifyTimeStamp:1612:1:55a73700-c891-46fd-8f5c-72bc827f2ef5:20160407213830.680:1612</Value>
          <Value>objectClass:1612:1:55a73700-c891-46fd-8f5c-72bc827f2ef5:20160407213830.680:1612</Value>
          <Value>objectGUID:1612:1:55a73700-c891-46fd-8f5c-72bc827f2ef5:20160407213830.680:1612</Value>
          <Value>oMSyntax:1612:1:55a73700-c891-46fd-8f5c-72bc827f2ef5:20160407213830.680:1612</Value>
          <Value>schemaIDGUID:1612:1:55a73700-c891-46fd-8f5c-72bc827f2ef5:20160407213830.680:1612</Value>
          <Value>uSNChanged:1612:1:55a73700-c891-46fd-8f5c-72bc827f2ef5:20160407213830.680:1612</Value>
          <Value>uSNCreated:1612:1:55a73700-c891-46fd-8f5c-72bc827f2ef5:20160407213830.680:1612</Value>
          <Value>vmwAttributeUsage:1612:1:55a73700-c891-46fd-8f5c-72bc827f2ef5:20160407213830.680:1612</Value>
        </AttributeMetadata>
      </AttributeSchemaEntry>
      <AttributeSchemaEntry>
        <Name>partialAttributeDeletionList</Name>
        <AttributeMetadata>
          <Value>attributeID:1510:1:55a73700-c891-46fd-8f5c-72bc827f2ef5:20160407213830.507:1510</Value>
          <Value>attributeSyntax:1510:1:55a73700-c891-46fd-8f5c-72bc827f2ef5:20160407213830.507:1510</Value>
          <Value>cn:1510:1:55a73700-c891-46fd-8f5c-72bc827f2ef5:20160407213830.507:1510</Value>
          <Value>createTimeStamp:1510:1:55a73700-c891-46fd-8f5c-72bc827f2ef5:20160407213830.507:1510</Value>
          <Value>entryDN:1510:1:55a73700-c891-46fd-8f5c-72bc827f2ef5:20160407213830.507:1510</Value>
          <Value>isSingleValued:1510:1:55a73700-c891-46fd-8f5c-72bc827f2ef5:20160407213830.507:1510</Value>
          <Value>lDAPDisplayName:1510:1:55a73700-c891-46fd-8f5c-72bc827f2ef5:20160407213830.507:1510</Value>
          <Value>modifyTimeStamp:1510:1:55a73700-c891-46fd-8f5c-72bc827f2ef5:20160407213830.507:1510</Value>
          <Value>objectClass:1510:1:55a73700-c891-46fd-8f5c-72bc827f2ef5:20160407213830.507:1510</Value>
          <Value>objectGUID:1510:1:55a73700-c891-46fd-8f5c-72bc827f2ef5:20160407213830.507:1510</Value>
          <Value>oMSyntax:1510:1:55a73700-c891-46fd-8f5c-72bc827f2ef5:20160407213830.507:1510</Value>
          <Value>schemaIDGUID:1510:1:55a73700-c891-46fd-8f5c-72bc827f2ef5:20160407213830.507:1510</Value>
          <Value>uSNChanged:1510:1:55a73700-c891-46fd-8f5c-72bc827f2ef5:20160407213830.507:1510</Value>
          <Value>uSNCreated:1510:1:55a73700-c891-46fd-8f5c-72bc827f2ef5:20160407213830.507:1510</Value>
          <Value>vmwAttributeUsage:1510:1:55a73700-c891-46fd-8f5c-72bc827f2ef5:20160407213830.507:1510</Value>
        </AttributeMetadata>
      </AttributeSchemaEntry>
      <AttributeSchemaEntry>
        <Name>partialAttributeSet</Name>
        <AttributeMetadata>
          <Value>attributeID:1203:1:55a73700-c891-46fd-8f5c-72bc827f2ef5:20160407213830.002:1203</Value>
          <Value>attributeSyntax:1203:1:55a73700-c891-46fd-8f5c-72bc827f2ef5:20160407213830.002:1203</Value>
          <Value>cn:1203:1:55a73700-c891-46fd-8f5c-72bc827f2ef5:20160407213830.002:1203</Value>
          <Value>createTimeStamp:1203:1:55a73700-c891-46fd-8f5c-72bc827f2ef5:20160407213830.002:1203</Value>
          <Value>entryDN:1203:1:55a73700-c891-46fd-8f5c-72bc827f2ef5:20160407213830.002:1203</Value>
          <Value>isSingleValued:1203:1:55a73700-c891-46fd-8f5c-72bc827f2ef5:20160407213830.002:1203</Value>
          <Value>lDAPDisplayName:1203:1:55a73700-c891-46fd-8f5c-72bc827f2ef5:20160407213830.002:1203</Value>
          <Value>modifyTimeStamp:1203:1:55a73700-c891-46fd-8f5c-72bc827f2ef5:20160407213830.002:1203</Value>
          <Value>objectClass:1203:1:55a73700-c891-46fd-8f5c-72bc827f2ef5:20160407213830.002:1203</Value>
          <Value>objectGUID:1203:1:55a73700-c891-46fd-8f5c-72bc827f2ef5:20160407213830.002:1203</Value>
          <Value>oMSyntax:1203:1:55a73700-c891-46fd-8f5c-72bc827f2ef5:20160407213830.002:1203</Value>
          <Value>schemaIDGUID:1203:1:55a73700-c891-46fd-8f5c-72bc827f2ef5:20160407213830.002:1203</Value>
          <Value>uSNChanged:1203:1:55a73700-c891-46fd-8f5c-72bc827f2ef5:20160407213830.002:1203</Value>
          <Value>uSNCreated:1203:1:55a73700-c891-46fd-8f5c-72bc827f2ef5:20160407213830.002:1203</Value>
          <Value>vmwAttributeUsage:1203:1:55a73700-c891-46fd-8f5c-72bc827f2ef5:20160407213830.002:1203</Value>
        </AttributeMetadata>
      </AttributeSchemaEntry>
      <AttributeSchemaEntry>
        <Name>passwordHashScheme</Name>
        <AttributeMetadata>
          <Value>attributeID:985:1:55a73700-c891-46fd-8f5c-72bc827f2ef5:20160407213829.600:985</Value>
          <Value>attributeSyntax:985:1:55a73700-c891-46fd-8f5c-72bc827f2ef5:20160407213829.600:985</Value>
          <Value>cn:985:1:55a73700-c891-46fd-8f5c-72bc827f2ef5:20160407213829.600:985</Value>
          <Value>createTimeStamp:985:1:55a73700-c891-46fd-8f5c-72bc827f2ef5:20160407213829.600:985</Value>
          <Value>description:985:1:55a73700-c891-46fd-8f5c-72bc827f2ef5:20160407213829.600:985</Value>
          <Value>entryDN:985:1:55a73700-c891-46fd-8f5c-72bc827f2ef5:20160407213829.600:985</Value>
          <Value>isSingleValued:985:1:55a73700-c891-46fd-8f5c-72bc827f2ef5:20160407213829.600:985</Value>
          <Value>lDAPDisplayName:985:1:55a73700-c891-46fd-8f5c-72bc827f2ef5:20160407213829.600:985</Value>
          <Value>modifyTimeStamp:985:1:55a73700-c891-46fd-8f5c-72bc827f2ef5:20160407213829.600:985</Value>
          <Value>objectClass:985:1:55a73700-c891-46fd-8f5c-72bc827f2ef5:20160407213829.600:985</Value>
          <Value>objectGUID:985:1:55a73700-c891-46fd-8f5c-72bc827f2ef5:20160407213829.600:985</Value>
          <Value>oMSyntax:985:1:55a73700-c891-46fd-8f5c-72bc827f2ef5:20160407213829.600:985</Value>
          <Value>schemaIDGUID:985:1:55a73700-c891-46fd-8f5c-72bc827f2ef5:20160407213829.600:985</Value>
          <Value>uSNChanged:985:1:55a73700-c891-46fd-8f5c-72bc827f2ef5:20160407213829.600:985</Value>
          <Value>uSNCreated:985:1:55a73700-c891-46fd-8f5c-72bc827f2ef5:20160407213829.600:985</Value>
          <Value>vmwAttributeUsage:985:1:55a73700-c891-46fd-8f5c-72bc827f2ef5:20160407213829.600:985</Value>
        </AttributeMetadata>
      </AttributeSchemaEntry>
      <AttributeSchemaEntry>
        <Name>pekKeyChangeInterval</Name>
        <AttributeMetadata>
          <Value>attributeID:437:1:55a73700-c891-46fd-8f5c-72bc827f2ef5:20160407213828.679:437</Value>
          <Value>attributeSyntax:437:1:55a73700-c891-46fd-8f5c-72bc827f2ef5:20160407213828.679:437</Value>
          <Value>cn:437:1:55a73700-c891-46fd-8f5c-72bc827f2ef5:20160407213828.679:437</Value>
          <Value>createTimeStamp:437:1:55a73700-c891-46fd-8f5c-72bc827f2ef5:20160407213828.679:437</Value>
          <Value>entryDN:437:1:55a73700-c891-46fd-8f5c-72bc827f2ef5:20160407213828.679:437</Value>
          <Value>isSingleValued:437:1:55a73700-c891-46fd-8f5c-72bc827f2ef5:20160407213828.679:437</Value>
          <Value>lDAPDisplayName:437:1:55a73700-c891-46fd-8f5c-72bc827f2ef5:20160407213828.679:437</Value>
          <Value>modifyTimeStamp:437:1:55a73700-c891-46fd-8f5c-72bc827f2ef5:20160407213828.679:437</Value>
          <Value>objectClass:437:1:55a73700-c891-46fd-8f5c-72bc827f2ef5:20160407213828.679:437</Value>
          <Value>objectGUID:437:1:55a73700-c891-46fd-8f5c-72bc827f2ef5:20160407213828.679:437</Value>
          <Value>oMSyntax:437:1:55a73700-c891-46fd-8f5c-72bc827f2ef5:20160407213828.679:437</Value>
          <Value>schemaIDGUID:437:1:55a73700-c891-46fd-8f5c-72bc827f2ef5:20160407213828.679:437</Value>
          <Value>uSNChanged:437:1:55a73700-c891-46fd-8f5c-72bc827f2ef5:20160407213828.679:437</Value>
          <Value>uSNCreated:437:1:55a73700-c891-46fd-8f5c-72bc827f2ef5:20160407213828.679:437</Value>
          <Value>vmwAttributeUsage:437:1:55a73700-c891-46fd-8f5c-72bc827f2ef5:20160407213828.679:437</Value>
        </AttributeMetadata>
      </AttributeSchemaEntry>
      <AttributeSchemaEntry>
        <Name>pekList</Name>
        <AttributeMetadata>
          <Value>attributeID:804:1:55a73700-c891-46fd-8f5c-72bc827f2ef5:20160407213829.298:804</Value>
          <Value>attributeSyntax:804:1:55a73700-c891-46fd-8f5c-72bc827f2ef5:20160407213829.298:804</Value>
          <Value>cn:804:1:55a73700-c891-46fd-8f5c-72bc827f2ef5:20160407213829.298:804</Value>
          <Value>createTimeStamp:804:1:55a73700-c891-46fd-8f5c-72bc827f2ef5:20160407213829.298:804</Value>
          <Value>entryDN:804:1:55a73700-c891-46fd-8f5c-72bc827f2ef5:20160407213829.298:804</Value>
          <Value>isSingleValued:804:1:55a73700-c891-46fd-8f5c-72bc827f2ef5:20160407213829.298:804</Value>
          <Value>lDAPDisplayName:804:1:55a73700-c891-46fd-8f5c-72bc827f2ef5:20160407213829.298:804</Value>
          <Value>modifyTimeStamp:804:1:55a73700-c891-46fd-8f5c-72bc827f2ef5:20160407213829.298:804</Value>
          <Value>objectClass:804:1:55a73700-c891-46fd-8f5c-72bc827f2ef5:20160407213829.298:804</Value>
          <Value>objectGUID:804:1:55a73700-c891-46fd-8f5c-72bc827f2ef5:20160407213829.298:804</Value>
          <Value>oMSyntax:804:1:55a73700-c891-46fd-8f5c-72bc827f2ef5:20160407213829.298:804</Value>
          <Value>schemaIDGUID:804:1:55a73700-c891-46fd-8f5c-72bc827f2ef5:20160407213829.298:804</Value>
          <Value>uSNChanged:804:1:55a73700-c891-46fd-8f5c-72bc827f2ef5:20160407213829.298:804</Value>
          <Value>uSNCreated:804:1:55a73700-c891-46fd-8f5c-72bc827f2ef5:20160407213829.298:804</Value>
          <Value>vmwAttributeUsage:804:1:55a73700-c891-46fd-8f5c-72bc827f2ef5:20160407213829.298:804</Value>
        </AttributeMetadata>
      </AttributeSchemaEntry>
      <AttributeSchemaEntry>
        <Name>pendingCACertificates</Name>
        <AttributeMetadata>
          <Value>attributeID:1023:1:55a73700-c891-46fd-8f5c-72bc827f2ef5:20160407213829.669:1023</Value>
          <Value>attributeSyntax:1023:1:55a73700-c891-46fd-8f5c-72bc827f2ef5:20160407213829.669:1023</Value>
          <Value>cn:1023:1:55a73700-c891-46fd-8f5c-72bc827f2ef5:20160407213829.669:1023</Value>
          <Value>createTimeStamp:1023:1:55a73700-c891-46fd-8f5c-72bc827f2ef5:20160407213829.669:1023</Value>
          <Value>entryDN:1023:1:55a73700-c891-46fd-8f5c-72bc827f2ef5:20160407213829.669:1023</Value>
          <Value>isSingleValued:1023:1:55a73700-c891-46fd-8f5c-72bc827f2ef5:20160407213829.669:1023</Value>
          <Value>lDAPDisplayName:1023:1:55a73700-c891-46fd-8f5c-72bc827f2ef5:20160407213829.669:1023</Value>
          <Value>modifyTimeStamp:1023:1:55a73700-c891-46fd-8f5c-72bc827f2ef5:20160407213829.669:1023</Value>
          <Value>objectClass:1023:1:55a73700-c891-46fd-8f5c-72bc827f2ef5:20160407213829.669:1023</Value>
          <Value>objectGUID:1023:1:55a73700-c891-46fd-8f5c-72bc827f2ef5:20160407213829.669:1023</Value>
          <Value>oMSyntax:1023:1:55a73700-c891-46fd-8f5c-72bc827f2ef5:20160407213829.669:1023</Value>
          <Value>schemaIDGUID:1023:1:55a73700-c891-46fd-8f5c-72bc827f2ef5:20160407213829.669:1023</Value>
          <Value>uSNChanged:1023:1:55a73700-c891-46fd-8f5c-72bc827f2ef5:20160407213829.669:1023</Value>
          <Value>uSNCreated:1023:1:55a73700-c891-46fd-8f5c-72bc827f2ef5:20160407213829.669:1023</Value>
          <Value>vmwAttributeUsage:1023:1:55a73700-c891-46fd-8f5c-72bc827f2ef5:20160407213829.669:1023</Value>
        </AttributeMetadata>
      </AttributeSchemaEntry>
      <AttributeSchemaEntry>
        <Name>pendingParentCA</Name>
        <AttributeMetadata>
          <Value>attributeID:975:1:55a73700-c891-46fd-8f5c-72bc827f2ef5:20160407213829.589:975</Value>
          <Value>attributeSyntax:975:1:55a73700-c891-46fd-8f5c-72bc827f2ef5:20160407213829.589:975</Value>
          <Value>cn:975:1:55a73700-c891-46fd-8f5c-72bc827f2ef5:20160407213829.589:975</Value>
          <Value>createTimeStamp:975:1:55a73700-c891-46fd-8f5c-72bc827f2ef5:20160407213829.589:975</Value>
          <Value>entryDN:975:1:55a73700-c891-46fd-8f5c-72bc827f2ef5:20160407213829.589:975</Value>
          <Value>isSingleValued:975:1:55a73700-c891-46fd-8f5c-72bc827f2ef5:20160407213829.589:975</Value>
          <Value>lDAPDisplayName:975:1:55a73700-c891-46fd-8f5c-72bc827f2ef5:20160407213829.589:975</Value>
          <Value>modifyTimeStamp:975:1:55a73700-c891-46fd-8f5c-72bc827f2ef5:20160407213829.589:975</Value>
          <Value>objectClass:975:1:55a73700-c891-46fd-8f5c-72bc827f2ef5:20160407213829.589:975</Value>
          <Value>objectGUID:975:1:55a73700-c891-46fd-8f5c-72bc827f2ef5:20160407213829.589:975</Value>
          <Value>oMSyntax:975:1:55a73700-c891-46fd-8f5c-72bc827f2ef5:20160407213829.589:975</Value>
          <Value>schemaIDGUID:975:1:55a73700-c891-46fd-8f5c-72bc827f2ef5:20160407213829.589:975</Value>
          <Value>uSNChanged:975:1:55a73700-c891-46fd-8f5c-72bc827f2ef5:20160407213829.589:975</Value>
          <Value>uSNCreated:975:1:55a73700-c891-46fd-8f5c-72bc827f2ef5:20160407213829.589:975</Value>
          <Value>vmwAttributeUsage:975:1:55a73700-c891-46fd-8f5c-72bc827f2ef5:20160407213829.589:975</Value>
        </AttributeMetadata>
      </AttributeSchemaEntry>
      <AttributeSchemaEntry>
        <Name>perMsgDialogDisplayTable</Name>
        <AttributeMetadata>
          <Value>attributeID:1342:1:55a73700-c891-46fd-8f5c-72bc827f2ef5:20160407213830.234:1342</Value>
          <Value>attributeSyntax:1342:1:55a73700-c891-46fd-8f5c-72bc827f2ef5:20160407213830.234:1342</Value>
          <Value>cn:1342:1:55a73700-c891-46fd-8f5c-72bc827f2ef5:20160407213830.234:1342</Value>
          <Value>createTimeStamp:1342:1:55a73700-c891-46fd-8f5c-72bc827f2ef5:20160407213830.234:1342</Value>
          <Value>entryDN:1342:1:55a73700-c891-46fd-8f5c-72bc827f2ef5:20160407213830.234:1342</Value>
          <Value>isSingleValued:1342:1:55a73700-c891-46fd-8f5c-72bc827f2ef5:20160407213830.234:1342</Value>
          <Value>lDAPDisplayName:1342:1:55a73700-c891-46fd-8f5c-72bc827f2ef5:20160407213830.234:1342</Value>
          <Value>modifyTimeStamp:1342:1:55a73700-c891-46fd-8f5c-72bc827f2ef5:20160407213830.234:1342</Value>
          <Value>objectClass:1342:1:55a73700-c891-46fd-8f5c-72bc827f2ef5:20160407213830.234:1342</Value>
          <Value>objectGUID:1342:1:55a73700-c891-46fd-8f5c-72bc827f2ef5:20160407213830.234:1342</Value>
          <Value>oMSyntax:1342:1:55a73700-c891-46fd-8f5c-72bc827f2ef5:20160407213830.234:1342</Value>
          <Value>schemaIDGUID:1342:1:55a73700-c891-46fd-8f5c-72bc827f2ef5:20160407213830.234:1342</Value>
          <Value>uSNChanged:1342:1:55a73700-c891-46fd-8f5c-72bc827f2ef5:20160407213830.234:1342</Value>
          <Value>uSNCreated:1342:1:55a73700-c891-46fd-8f5c-72bc827f2ef5:20160407213830.234:1342</Value>
          <Value>vmwAttributeUsage:1342:1:55a73700-c891-46fd-8f5c-72bc827f2ef5:20160407213830.234:1342</Value>
        </AttributeMetadata>
      </AttributeSchemaEntry>
      <AttributeSchemaEntry>
        <Name>perRecipDialogDisplayTable</Name>
        <AttributeMetadata>
          <Value>attributeID:937:1:55a73700-c891-46fd-8f5c-72bc827f2ef5:20160407213829.530:937</Value>
          <Value>attributeSyntax:937:1:55a73700-c891-46fd-8f5c-72bc827f2ef5:20160407213829.530:937</Value>
          <Value>cn:937:1:55a73700-c891-46fd-8f5c-72bc827f2ef5:20160407213829.530:937</Value>
          <Value>createTimeStamp:937:1:55a73700-c891-46fd-8f5c-72bc827f2ef5:20160407213829.530:937</Value>
          <Value>entryDN:937:1:55a73700-c891-46fd-8f5c-72bc827f2ef5:20160407213829.530:937</Value>
          <Value>isSingleValued:937:1:55a73700-c891-46fd-8f5c-72bc827f2ef5:20160407213829.530:937</Value>
          <Value>lDAPDisplayName:937:1:55a73700-c891-46fd-8f5c-72bc827f2ef5:20160407213829.530:937</Value>
          <Value>modifyTimeStamp:937:1:55a73700-c891-46fd-8f5c-72bc827f2ef5:20160407213829.530:937</Value>
          <Value>objectClass:937:1:55a73700-c891-46fd-8f5c-72bc827f2ef5:20160407213829.530:937</Value>
          <Value>objectGUID:937:1:55a73700-c891-46fd-8f5c-72bc827f2ef5:20160407213829.530:937</Value>
          <Value>oMSyntax:937:1:55a73700-c891-46fd-8f5c-72bc827f2ef5:20160407213829.530:937</Value>
          <Value>schemaIDGUID:937:1:55a73700-c891-46fd-8f5c-72bc827f2ef5:20160407213829.530:937</Value>
          <Value>uSNChanged:937:1:55a73700-c891-46fd-8f5c-72bc827f2ef5:20160407213829.530:937</Value>
          <Value>uSNCreated:937:1:55a73700-c891-46fd-8f5c-72bc827f2ef5:20160407213829.530:937</Value>
          <Value>vmwAttributeUsage:937:1:55a73700-c891-46fd-8f5c-72bc827f2ef5:20160407213829.530:937</Value>
        </AttributeMetadata>
      </AttributeSchemaEntry>
      <AttributeSchemaEntry>
        <Name>personalTitle</Name>
        <AttributeMetadata>
          <Value>attributeID:593:1:55a73700-c891-46fd-8f5c-72bc827f2ef5:20160407213828.938:593</Value>
          <Value>attributeSyntax:593:1:55a73700-c891-46fd-8f5c-72bc827f2ef5:20160407213828.938:593</Value>
          <Value>cn:593:1:55a73700-c891-46fd-8f5c-72bc827f2ef5:20160407213828.938:593</Value>
          <Value>createTimeStamp:593:1:55a73700-c891-46fd-8f5c-72bc827f2ef5:20160407213828.938:593</Value>
          <Value>entryDN:593:1:55a73700-c891-46fd-8f5c-72bc827f2ef5:20160407213828.938:593</Value>
          <Value>isSingleValued:593:1:55a73700-c891-46fd-8f5c-72bc827f2ef5:20160407213828.938:593</Value>
          <Value>lDAPDisplayName:593:1:55a73700-c891-46fd-8f5c-72bc827f2ef5:20160407213828.938:593</Value>
          <Value>modifyTimeStamp:593:1:55a73700-c891-46fd-8f5c-72bc827f2ef5:20160407213828.938:593</Value>
          <Value>objectClass:593:1:55a73700-c891-46fd-8f5c-72bc827f2ef5:20160407213828.938:593</Value>
          <Value>objectGUID:593:1:55a73700-c891-46fd-8f5c-72bc827f2ef5:20160407213828.938:593</Value>
          <Value>oMSyntax:593:1:55a73700-c891-46fd-8f5c-72bc827f2ef5:20160407213828.938:593</Value>
          <Value>schemaIDGUID:593:1:55a73700-c891-46fd-8f5c-72bc827f2ef5:20160407213828.938:593</Value>
          <Value>uSNChanged:593:1:55a73700-c891-46fd-8f5c-72bc827f2ef5:20160407213828.938:593</Value>
          <Value>uSNCreated:593:1:55a73700-c891-46fd-8f5c-72bc827f2ef5:20160407213828.938:593</Value>
          <Value>vmwAttributeUsage:593:1:55a73700-c891-46fd-8f5c-72bc827f2ef5:20160407213828.938:593</Value>
        </AttributeMetadata>
      </AttributeSchemaEntry>
      <AttributeSchemaEntry>
        <Name>photo</Name>
        <AttributeMetadata>
          <Value>attributeID:1493:1:55a73700-c891-46fd-8f5c-72bc827f2ef5:20160407213830.479:1493</Value>
          <Value>attributeSyntax:1493:1:55a73700-c891-46fd-8f5c-72bc827f2ef5:20160407213830.479:1493</Value>
          <Value>cn:1493:1:55a73700-c891-46fd-8f5c-72bc827f2ef5:20160407213830.479:1493</Value>
          <Value>createTimeStamp:1493:1:55a73700-c891-46fd-8f5c-72bc827f2ef5:20160407213830.479:1493</Value>
          <Value>entryDN:1493:1:55a73700-c891-46fd-8f5c-72bc827f2ef5:20160407213830.479:1493</Value>
          <Value>isSingleValued:1493:1:55a73700-c891-46fd-8f5c-72bc827f2ef5:20160407213830.479:1493</Value>
          <Value>lDAPDisplayName:1493:1:55a73700-c891-46fd-8f5c-72bc827f2ef5:20160407213830.479:1493</Value>
          <Value>modifyTimeStamp:1493:1:55a73700-c891-46fd-8f5c-72bc827f2ef5:20160407213830.479:1493</Value>
          <Value>objectClass:1493:1:55a73700-c891-46fd-8f5c-72bc827f2ef5:20160407213830.479:1493</Value>
          <Value>objectGUID:1493:1:55a73700-c891-46fd-8f5c-72bc827f2ef5:20160407213830.479:1493</Value>
          <Value>oMSyntax:1493:1:55a73700-c891-46fd-8f5c-72bc827f2ef5:20160407213830.479:1493</Value>
          <Value>schemaIDGUID:1493:1:55a73700-c891-46fd-8f5c-72bc827f2ef5:20160407213830.479:1493</Value>
          <Value>uSNChanged:1493:1:55a73700-c891-46fd-8f5c-72bc827f2ef5:20160407213830.479:1493</Value>
          <Value>uSNCreated:1493:1:55a73700-c891-46fd-8f5c-72bc827f2ef5:20160407213830.479:1493</Value>
          <Value>vmwAttributeUsage:1493:1:55a73700-c891-46fd-8f5c-72bc827f2ef5:20160407213830.479:1493</Value>
        </AttributeMetadata>
      </AttributeSchemaEntry>
      <AttributeSchemaEntry>
        <Name>physicalDeliveryOfficeName</Name>
        <AttributeMetadata>
          <Value>attributeID:1026:1:55a73700-c891-46fd-8f5c-72bc827f2ef5:20160407213829.673:1026</Value>
          <Value>attributeSyntax:1026:1:55a73700-c891-46fd-8f5c-72bc827f2ef5:20160407213829.673:1026</Value>
          <Value>cn:1026:1:55a73700-c891-46fd-8f5c-72bc827f2ef5:20160407213829.673:1026</Value>
          <Value>createTimeStamp:1026:1:55a73700-c891-46fd-8f5c-72bc827f2ef5:20160407213829.673:1026</Value>
          <Value>entryDN:1026:1:55a73700-c891-46fd-8f5c-72bc827f2ef5:20160407213829.673:1026</Value>
          <Value>isSingleValued:1026:1:55a73700-c891-46fd-8f5c-72bc827f2ef5:20160407213829.673:1026</Value>
          <Value>lDAPDisplayName:1026:1:55a73700-c891-46fd-8f5c-72bc827f2ef5:20160407213829.673:1026</Value>
          <Value>modifyTimeStamp:1026:1:55a73700-c891-46fd-8f5c-72bc827f2ef5:20160407213829.673:1026</Value>
          <Value>objectClass:1026:1:55a73700-c891-46fd-8f5c-72bc827f2ef5:20160407213829.673:1026</Value>
          <Value>objectGUID:1026:1:55a73700-c891-46fd-8f5c-72bc827f2ef5:20160407213829.673:1026</Value>
          <Value>oMSyntax:1026:1:55a73700-c891-46fd-8f5c-72bc827f2ef5:20160407213829.673:1026</Value>
          <Value>schemaIDGUID:1026:1:55a73700-c891-46fd-8f5c-72bc827f2ef5:20160407213829.673:1026</Value>
          <Value>uSNChanged:1026:1:55a73700-c891-46fd-8f5c-72bc827f2ef5:20160407213829.673:1026</Value>
          <Value>uSNCreated:1026:1:55a73700-c891-46fd-8f5c-72bc827f2ef5:20160407213829.673:1026</Value>
          <Value>vmwAttributeUsage:1026:1:55a73700-c891-46fd-8f5c-72bc827f2ef5:20160407213829.673:1026</Value>
        </AttributeMetadata>
      </AttributeSchemaEntry>
      <AttributeSchemaEntry>
        <Name>physicalLocationObject</Name>
        <AttributeMetadata>
          <Value>attributeID:1121:1:55a73700-c891-46fd-8f5c-72bc827f2ef5:20160407213829.859:1121</Value>
          <Value>attributeSyntax:1121:1:55a73700-c891-46fd-8f5c-72bc827f2ef5:20160407213829.859:1121</Value>
          <Value>cn:1121:1:55a73700-c891-46fd-8f5c-72bc827f2ef5:20160407213829.859:1121</Value>
          <Value>createTimeStamp:1121:1:55a73700-c891-46fd-8f5c-72bc827f2ef5:20160407213829.859:1121</Value>
          <Value>entryDN:1121:1:55a73700-c891-46fd-8f5c-72bc827f2ef5:20160407213829.859:1121</Value>
          <Value>isSingleValued:1121:1:55a73700-c891-46fd-8f5c-72bc827f2ef5:20160407213829.859:1121</Value>
          <Value>lDAPDisplayName:1121:1:55a73700-c891-46fd-8f5c-72bc827f2ef5:20160407213829.859:1121</Value>
          <Value>modifyTimeStamp:1121:1:55a73700-c891-46fd-8f5c-72bc827f2ef5:20160407213829.859:1121</Value>
          <Value>objectClass:1121:1:55a73700-c891-46fd-8f5c-72bc827f2ef5:20160407213829.859:1121</Value>
          <Value>objectGUID:1121:1:55a73700-c891-46fd-8f5c-72bc827f2ef5:20160407213829.859:1121</Value>
          <Value>oMSyntax:1121:1:55a73700-c891-46fd-8f5c-72bc827f2ef5:20160407213829.859:1121</Value>
          <Value>schemaIDGUID:1121:1:55a73700-c891-46fd-8f5c-72bc827f2ef5:20160407213829.859:1121</Value>
          <Value>uSNChanged:1121:1:55a73700-c891-46fd-8f5c-72bc827f2ef5:20160407213829.859:1121</Value>
          <Value>uSNCreated:1121:1:55a73700-c891-46fd-8f5c-72bc827f2ef5:20160407213829.859:1121</Value>
          <Value>vmwAttributeUsage:1121:1:55a73700-c891-46fd-8f5c-72bc827f2ef5:20160407213829.859:1121</Value>
        </AttributeMetadata>
      </AttributeSchemaEntry>
      <AttributeSchemaEntry>
        <Name>pkcs9email</Name>
        <AttributeMetadata>
          <Value>attributeID:750:1:55a73700-c891-46fd-8f5c-72bc827f2ef5:20160407213829.206:750</Value>
          <Value>attributeSyntax:750:1:55a73700-c891-46fd-8f5c-72bc827f2ef5:20160407213829.206:750</Value>
          <Value>cn:750:1:55a73700-c891-46fd-8f5c-72bc827f2ef5:20160407213829.206:750</Value>
          <Value>createTimeStamp:750:1:55a73700-c891-46fd-8f5c-72bc827f2ef5:20160407213829.206:750</Value>
          <Value>description:750:1:55a73700-c891-46fd-8f5c-72bc827f2ef5:20160407213829.206:750</Value>
          <Value>entryDN:750:1:55a73700-c891-46fd-8f5c-72bc827f2ef5:20160407213829.206:750</Value>
          <Value>isSingleValued:750:1:55a73700-c891-46fd-8f5c-72bc827f2ef5:20160407213829.206:750</Value>
          <Value>lDAPDisplayName:750:1:55a73700-c891-46fd-8f5c-72bc827f2ef5:20160407213829.206:750</Value>
          <Value>modifyTimeStamp:750:1:55a73700-c891-46fd-8f5c-72bc827f2ef5:20160407213829.206:750</Value>
          <Value>objectClass:750:1:55a73700-c891-46fd-8f5c-72bc827f2ef5:20160407213829.206:750</Value>
          <Value>objectGUID:750:1:55a73700-c891-46fd-8f5c-72bc827f2ef5:20160407213829.206:750</Value>
          <Value>oMSyntax:750:1:55a73700-c891-46fd-8f5c-72bc827f2ef5:20160407213829.206:750</Value>
          <Value>schemaIDGUID:750:1:55a73700-c891-46fd-8f5c-72bc827f2ef5:20160407213829.206:750</Value>
          <Value>uSNChanged:750:1:55a73700-c891-46fd-8f5c-72bc827f2ef5:20160407213829.206:750</Value>
          <Value>uSNCreated:750:1:55a73700-c891-46fd-8f5c-72bc827f2ef5:20160407213829.206:750</Value>
          <Value>vmwAttributeUsage:750:1:55a73700-c891-46fd-8f5c-72bc827f2ef5:20160407213829.206:750</Value>
        </AttributeMetadata>
      </AttributeSchemaEntry>
      <AttributeSchemaEntry>
        <Name>pKICriticalExtensions</Name>
        <AttributeMetadata>
          <Value>attributeID:717:1:55a73700-c891-46fd-8f5c-72bc827f2ef5:20160407213829.150:717</Value>
          <Value>attributeSyntax:717:1:55a73700-c891-46fd-8f5c-72bc827f2ef5:20160407213829.150:717</Value>
          <Value>cn:717:1:55a73700-c891-46fd-8f5c-72bc827f2ef5:20160407213829.150:717</Value>
          <Value>createTimeStamp:717:1:55a73700-c891-46fd-8f5c-72bc827f2ef5:20160407213829.150:717</Value>
          <Value>entryDN:717:1:55a73700-c891-46fd-8f5c-72bc827f2ef5:20160407213829.150:717</Value>
          <Value>isSingleValued:717:1:55a73700-c891-46fd-8f5c-72bc827f2ef5:20160407213829.150:717</Value>
          <Value>lDAPDisplayName:717:1:55a73700-c891-46fd-8f5c-72bc827f2ef5:20160407213829.150:717</Value>
          <Value>modifyTimeStamp:717:1:55a73700-c891-46fd-8f5c-72bc827f2ef5:20160407213829.150:717</Value>
          <Value>objectClass:717:1:55a73700-c891-46fd-8f5c-72bc827f2ef5:20160407213829.150:717</Value>
          <Value>objectGUID:717:1:55a73700-c891-46fd-8f5c-72bc827f2ef5:20160407213829.150:717</Value>
          <Value>oMSyntax:717:1:55a73700-c891-46fd-8f5c-72bc827f2ef5:20160407213829.150:717</Value>
          <Value>schemaIDGUID:717:1:55a73700-c891-46fd-8f5c-72bc827f2ef5:20160407213829.150:717</Value>
          <Value>uSNChanged:717:1:55a73700-c891-46fd-8f5c-72bc827f2ef5:20160407213829.150:717</Value>
          <Value>uSNCreated:717:1:55a73700-c891-46fd-8f5c-72bc827f2ef5:20160407213829.150:717</Value>
          <Value>vmwAttributeUsage:717:1:55a73700-c891-46fd-8f5c-72bc827f2ef5:20160407213829.150:717</Value>
        </AttributeMetadata>
      </AttributeSchemaEntry>
      <AttributeSchemaEntry>
        <Name>pKIDefaultCSPs</Name>
        <AttributeMetadata>
          <Value>attributeID:522:1:55a73700-c891-46fd-8f5c-72bc827f2ef5:20160407213828.820:522</Value>
          <Value>attributeSyntax:522:1:55a73700-c891-46fd-8f5c-72bc827f2ef5:20160407213828.820:522</Value>
          <Value>cn:522:1:55a73700-c891-46fd-8f5c-72bc827f2ef5:20160407213828.820:522</Value>
          <Value>createTimeStamp:522:1:55a73700-c891-46fd-8f5c-72bc827f2ef5:20160407213828.820:522</Value>
          <Value>entryDN:522:1:55a73700-c891-46fd-8f5c-72bc827f2ef5:20160407213828.820:522</Value>
          <Value>isSingleValued:522:1:55a73700-c891-46fd-8f5c-72bc827f2ef5:20160407213828.820:522</Value>
          <Value>lDAPDisplayName:522:1:55a73700-c891-46fd-8f5c-72bc827f2ef5:20160407213828.820:522</Value>
          <Value>modifyTimeStamp:522:1:55a73700-c891-46fd-8f5c-72bc827f2ef5:20160407213828.820:522</Value>
          <Value>objectClass:522:1:55a73700-c891-46fd-8f5c-72bc827f2ef5:20160407213828.820:522</Value>
          <Value>objectGUID:522:1:55a73700-c891-46fd-8f5c-72bc827f2ef5:20160407213828.820:522</Value>
          <Value>oMSyntax:522:1:55a73700-c891-46fd-8f5c-72bc827f2ef5:20160407213828.820:522</Value>
          <Value>schemaIDGUID:522:1:55a73700-c891-46fd-8f5c-72bc827f2ef5:20160407213828.820:522</Value>
          <Value>uSNChanged:522:1:55a73700-c891-46fd-8f5c-72bc827f2ef5:20160407213828.820:522</Value>
          <Value>uSNCreated:522:1:55a73700-c891-46fd-8f5c-72bc827f2ef5:20160407213828.820:522</Value>
          <Value>vmwAttributeUsage:522:1:55a73700-c891-46fd-8f5c-72bc827f2ef5:20160407213828.820:522</Value>
        </AttributeMetadata>
      </AttributeSchemaEntry>
      <AttributeSchemaEntry>
        <Name>pKIDefaultKeySpec</Name>
        <AttributeMetadata>
          <Value>attributeID:184:1:55a73700-c891-46fd-8f5c-72bc827f2ef5:20160407213828.299:184</Value>
          <Value>attributeSyntax:184:1:55a73700-c891-46fd-8f5c-72bc827f2ef5:20160407213828.299:184</Value>
          <Value>cn:184:1:55a73700-c891-46fd-8f5c-72bc827f2ef5:20160407213828.299:184</Value>
          <Value>createTimeStamp:184:1:55a73700-c891-46fd-8f5c-72bc827f2ef5:20160407213828.299:184</Value>
          <Value>entryDN:184:1:55a73700-c891-46fd-8f5c-72bc827f2ef5:20160407213828.299:184</Value>
          <Value>isSingleValued:184:1:55a73700-c891-46fd-8f5c-72bc827f2ef5:20160407213828.299:184</Value>
          <Value>lDAPDisplayName:184:1:55a73700-c891-46fd-8f5c-72bc827f2ef5:20160407213828.299:184</Value>
          <Value>modifyTimeStamp:184:1:55a73700-c891-46fd-8f5c-72bc827f2ef5:20160407213828.299:184</Value>
          <Value>objectClass:184:1:55a73700-c891-46fd-8f5c-72bc827f2ef5:20160407213828.299:184</Value>
          <Value>objectGUID:184:1:55a73700-c891-46fd-8f5c-72bc827f2ef5:20160407213828.299:184</Value>
          <Value>oMSyntax:184:1:55a73700-c891-46fd-8f5c-72bc827f2ef5:20160407213828.299:184</Value>
          <Value>schemaIDGUID:184:1:55a73700-c891-46fd-8f5c-72bc827f2ef5:20160407213828.299:184</Value>
          <Value>uSNChanged:184:1:55a73700-c891-46fd-8f5c-72bc827f2ef5:20160407213828.299:184</Value>
          <Value>uSNCreated:184:1:55a73700-c891-46fd-8f5c-72bc827f2ef5:20160407213828.299:184</Value>
          <Value>vmwAttributeUsage:184:1:55a73700-c891-46fd-8f5c-72bc827f2ef5:20160407213828.299:184</Value>
        </AttributeMetadata>
      </AttributeSchemaEntry>
      <AttributeSchemaEntry>
        <Name>pKIEnrollmentAccess</Name>
        <AttributeMetadata>
          <Value>attributeID:217:1:55a73700-c891-46fd-8f5c-72bc827f2ef5:20160407213828.346:217</Value>
          <Value>attributeSyntax:217:1:55a73700-c891-46fd-8f5c-72bc827f2ef5:20160407213828.346:217</Value>
          <Value>cn:217:1:55a73700-c891-46fd-8f5c-72bc827f2ef5:20160407213828.346:217</Value>
          <Value>createTimeStamp:217:1:55a73700-c891-46fd-8f5c-72bc827f2ef5:20160407213828.346:217</Value>
          <Value>entryDN:217:1:55a73700-c891-46fd-8f5c-72bc827f2ef5:20160407213828.346:217</Value>
          <Value>isSingleValued:217:1:55a73700-c891-46fd-8f5c-72bc827f2ef5:20160407213828.346:217</Value>
          <Value>lDAPDisplayName:217:1:55a73700-c891-46fd-8f5c-72bc827f2ef5:20160407213828.346:217</Value>
          <Value>modifyTimeStamp:217:1:55a73700-c891-46fd-8f5c-72bc827f2ef5:20160407213828.346:217</Value>
          <Value>objectClass:217:1:55a73700-c891-46fd-8f5c-72bc827f2ef5:20160407213828.346:217</Value>
          <Value>objectGUID:217:1:55a73700-c891-46fd-8f5c-72bc827f2ef5:20160407213828.346:217</Value>
          <Value>oMSyntax:217:1:55a73700-c891-46fd-8f5c-72bc827f2ef5:20160407213828.346:217</Value>
          <Value>schemaIDGUID:217:1:55a73700-c891-46fd-8f5c-72bc827f2ef5:20160407213828.346:217</Value>
          <Value>uSNChanged:217:1:55a73700-c891-46fd-8f5c-72bc827f2ef5:20160407213828.346:217</Value>
          <Value>uSNCreated:217:1:55a73700-c891-46fd-8f5c-72bc827f2ef5:20160407213828.346:217</Value>
          <Value>vmwAttributeUsage:217:1:55a73700-c891-46fd-8f5c-72bc827f2ef5:20160407213828.346:217</Value>
        </AttributeMetadata>
      </AttributeSchemaEntry>
      <AttributeSchemaEntry>
        <Name>pKIExpirationPeriod</Name>
        <AttributeMetadata>
          <Value>attributeID:1035:1:55a73700-c891-46fd-8f5c-72bc827f2ef5:20160407213829.684:1035</Value>
          <Value>attributeSyntax:1035:1:55a73700-c891-46fd-8f5c-72bc827f2ef5:20160407213829.684:1035</Value>
          <Value>cn:1035:1:55a73700-c891-46fd-8f5c-72bc827f2ef5:20160407213829.684:1035</Value>
          <Value>createTimeStamp:1035:1:55a73700-c891-46fd-8f5c-72bc827f2ef5:20160407213829.684:1035</Value>
          <Value>entryDN:1035:1:55a73700-c891-46fd-8f5c-72bc827f2ef5:20160407213829.684:1035</Value>
          <Value>isSingleValued:1035:1:55a73700-c891-46fd-8f5c-72bc827f2ef5:20160407213829.684:1035</Value>
          <Value>lDAPDisplayName:1035:1:55a73700-c891-46fd-8f5c-72bc827f2ef5:20160407213829.684:1035</Value>
          <Value>modifyTimeStamp:1035:1:55a73700-c891-46fd-8f5c-72bc827f2ef5:20160407213829.684:1035</Value>
          <Value>objectClass:1035:1:55a73700-c891-46fd-8f5c-72bc827f2ef5:20160407213829.684:1035</Value>
          <Value>objectGUID:1035:1:55a73700-c891-46fd-8f5c-72bc827f2ef5:20160407213829.684:1035</Value>
          <Value>oMSyntax:1035:1:55a73700-c891-46fd-8f5c-72bc827f2ef5:20160407213829.684:1035</Value>
          <Value>schemaIDGUID:1035:1:55a73700-c891-46fd-8f5c-72bc827f2ef5:20160407213829.684:1035</Value>
          <Value>uSNChanged:1035:1:55a73700-c891-46fd-8f5c-72bc827f2ef5:20160407213829.684:1035</Value>
          <Value>uSNCreated:1035:1:55a73700-c891-46fd-8f5c-72bc827f2ef5:20160407213829.684:1035</Value>
          <Value>vmwAttributeUsage:1035:1:55a73700-c891-46fd-8f5c-72bc827f2ef5:20160407213829.684:1035</Value>
        </AttributeMetadata>
      </AttributeSchemaEntry>
      <AttributeSchemaEntry>
        <Name>pKIExtendedKeyUsage</Name>
        <AttributeMetadata>
          <Value>attributeID:1283:1:55a73700-c891-46fd-8f5c-72bc827f2ef5:20160407213830.131:1283</Value>
          <Value>attributeSyntax:1283:1:55a73700-c891-46fd-8f5c-72bc827f2ef5:20160407213830.131:1283</Value>
          <Value>cn:1283:1:55a73700-c891-46fd-8f5c-72bc827f2ef5:20160407213830.131:1283</Value>
          <Value>createTimeStamp:1283:1:55a73700-c891-46fd-8f5c-72bc827f2ef5:20160407213830.131:1283</Value>
          <Value>entryDN:1283:1:55a73700-c891-46fd-8f5c-72bc827f2ef5:20160407213830.131:1283</Value>
          <Value>isSingleValued:1283:1:55a73700-c891-46fd-8f5c-72bc827f2ef5:20160407213830.131:1283</Value>
          <Value>lDAPDisplayName:1283:1:55a73700-c891-46fd-8f5c-72bc827f2ef5:20160407213830.131:1283</Value>
          <Value>modifyTimeStamp:1283:1:55a73700-c891-46fd-8f5c-72bc827f2ef5:20160407213830.131:1283</Value>
          <Value>objectClass:1283:1:55a73700-c891-46fd-8f5c-72bc827f2ef5:20160407213830.131:1283</Value>
          <Value>objectGUID:1283:1:55a73700-c891-46fd-8f5c-72bc827f2ef5:20160407213830.131:1283</Value>
          <Value>oMSyntax:1283:1:55a73700-c891-46fd-8f5c-72bc827f2ef5:20160407213830.131:1283</Value>
          <Value>schemaIDGUID:1283:1:55a73700-c891-46fd-8f5c-72bc827f2ef5:20160407213830.131:1283</Value>
          <Value>uSNChanged:1283:1:55a73700-c891-46fd-8f5c-72bc827f2ef5:20160407213830.131:1283</Value>
          <Value>uSNCreated:1283:1:55a73700-c891-46fd-8f5c-72bc827f2ef5:20160407213830.131:1283</Value>
          <Value>vmwAttributeUsage:1283:1:55a73700-c891-46fd-8f5c-72bc827f2ef5:20160407213830.131:1283</Value>
        </AttributeMetadata>
      </AttributeSchemaEntry>
      <AttributeSchemaEntry>
        <Name>pKIKeyUsage</Name>
        <AttributeMetadata>
          <Value>attributeID:653:1:55a73700-c891-46fd-8f5c-72bc827f2ef5:20160407213829.038:653</Value>
          <Value>attributeSyntax:653:1:55a73700-c891-46fd-8f5c-72bc827f2ef5:20160407213829.038:653</Value>
          <Value>cn:653:1:55a73700-c891-46fd-8f5c-72bc827f2ef5:20160407213829.038:653</Value>
          <Value>createTimeStamp:653:1:55a73700-c891-46fd-8f5c-72bc827f2ef5:20160407213829.038:653</Value>
          <Value>entryDN:653:1:55a73700-c891-46fd-8f5c-72bc827f2ef5:20160407213829.038:653</Value>
          <Value>isSingleValued:653:1:55a73700-c891-46fd-8f5c-72bc827f2ef5:20160407213829.038:653</Value>
          <Value>lDAPDisplayName:653:1:55a73700-c891-46fd-8f5c-72bc827f2ef5:20160407213829.038:653</Value>
          <Value>modifyTimeStamp:653:1:55a73700-c891-46fd-8f5c-72bc827f2ef5:20160407213829.038:653</Value>
          <Value>objectClass:653:1:55a73700-c891-46fd-8f5c-72bc827f2ef5:20160407213829.038:653</Value>
          <Value>objectGUID:653:1:55a73700-c891-46fd-8f5c-72bc827f2ef5:20160407213829.038:653</Value>
          <Value>oMSyntax:653:1:55a73700-c891-46fd-8f5c-72bc827f2ef5:20160407213829.038:653</Value>
          <Value>schemaIDGUID:653:1:55a73700-c891-46fd-8f5c-72bc827f2ef5:20160407213829.038:653</Value>
          <Value>uSNChanged:653:1:55a73700-c891-46fd-8f5c-72bc827f2ef5:20160407213829.038:653</Value>
          <Value>uSNCreated:653:1:55a73700-c891-46fd-8f5c-72bc827f2ef5:20160407213829.038:653</Value>
          <Value>vmwAttributeUsage:653:1:55a73700-c891-46fd-8f5c-72bc827f2ef5:20160407213829.038:653</Value>
        </AttributeMetadata>
      </AttributeSchemaEntry>
      <AttributeSchemaEntry>
        <Name>pKIMaxIssuingDepth</Name>
        <AttributeMetadata>
          <Value>attributeID:1174:1:55a73700-c891-46fd-8f5c-72bc827f2ef5:20160407213829.948:1174</Value>
          <Value>attributeSyntax:1174:1:55a73700-c891-46fd-8f5c-72bc827f2ef5:20160407213829.948:1174</Value>
          <Value>cn:1174:1:55a73700-c891-46fd-8f5c-72bc827f2ef5:20160407213829.948:1174</Value>
          <Value>createTimeStamp:1174:1:55a73700-c891-46fd-8f5c-72bc827f2ef5:20160407213829.948:1174</Value>
          <Value>entryDN:1174:1:55a73700-c891-46fd-8f5c-72bc827f2ef5:20160407213829.948:1174</Value>
          <Value>isSingleValued:1174:1:55a73700-c891-46fd-8f5c-72bc827f2ef5:20160407213829.948:1174</Value>
          <Value>lDAPDisplayName:1174:1:55a73700-c891-46fd-8f5c-72bc827f2ef5:20160407213829.948:1174</Value>
          <Value>modifyTimeStamp:1174:1:55a73700-c891-46fd-8f5c-72bc827f2ef5:20160407213829.948:1174</Value>
          <Value>objectClass:1174:1:55a73700-c891-46fd-8f5c-72bc827f2ef5:20160407213829.948:1174</Value>
          <Value>objectGUID:1174:1:55a73700-c891-46fd-8f5c-72bc827f2ef5:20160407213829.948:1174</Value>
          <Value>oMSyntax:1174:1:55a73700-c891-46fd-8f5c-72bc827f2ef5:20160407213829.948:1174</Value>
          <Value>schemaIDGUID:1174:1:55a73700-c891-46fd-8f5c-72bc827f2ef5:20160407213829.948:1174</Value>
          <Value>uSNChanged:1174:1:55a73700-c891-46fd-8f5c-72bc827f2ef5:20160407213829.948:1174</Value>
          <Value>uSNCreated:1174:1:55a73700-c891-46fd-8f5c-72bc827f2ef5:20160407213829.948:1174</Value>
          <Value>vmwAttributeUsage:1174:1:55a73700-c891-46fd-8f5c-72bc827f2ef5:20160407213829.948:1174</Value>
        </AttributeMetadata>
      </AttributeSchemaEntry>
      <AttributeSchemaEntry>
        <Name>pKIOverlapPeriod</Name>
        <AttributeMetadata>
          <Value>attributeID:1420:1:55a73700-c891-46fd-8f5c-72bc827f2ef5:20160407213830.358:1420</Value>
          <Value>attributeSyntax:1420:1:55a73700-c891-46fd-8f5c-72bc827f2ef5:20160407213830.358:1420</Value>
          <Value>cn:1420:1:55a73700-c891-46fd-8f5c-72bc827f2ef5:20160407213830.358:1420</Value>
          <Value>createTimeStamp:1420:1:55a73700-c891-46fd-8f5c-72bc827f2ef5:20160407213830.358:1420</Value>
          <Value>entryDN:1420:1:55a73700-c891-46fd-8f5c-72bc827f2ef5:20160407213830.358:1420</Value>
          <Value>isSingleValued:1420:1:55a73700-c891-46fd-8f5c-72bc827f2ef5:20160407213830.358:1420</Value>
          <Value>lDAPDisplayName:1420:1:55a73700-c891-46fd-8f5c-72bc827f2ef5:20160407213830.358:1420</Value>
          <Value>modifyTimeStamp:1420:1:55a73700-c891-46fd-8f5c-72bc827f2ef5:20160407213830.358:1420</Value>
          <Value>objectClass:1420:1:55a73700-c891-46fd-8f5c-72bc827f2ef5:20160407213830.358:1420</Value>
          <Value>objectGUID:1420:1:55a73700-c891-46fd-8f5c-72bc827f2ef5:20160407213830.358:1420</Value>
          <Value>oMSyntax:1420:1:55a73700-c891-46fd-8f5c-72bc827f2ef5:20160407213830.358:1420</Value>
          <Value>schemaIDGUID:1420:1:55a73700-c891-46fd-8f5c-72bc827f2ef5:20160407213830.358:1420</Value>
          <Value>uSNChanged:1420:1:55a73700-c891-46fd-8f5c-72bc827f2ef5:20160407213830.358:1420</Value>
          <Value>uSNCreated:1420:1:55a73700-c891-46fd-8f5c-72bc827f2ef5:20160407213830.358:1420</Value>
          <Value>vmwAttributeUsage:1420:1:55a73700-c891-46fd-8f5c-72bc827f2ef5:20160407213830.358:1420</Value>
        </AttributeMetadata>
      </AttributeSchemaEntry>
      <AttributeSchemaEntry>
        <Name>pKT</Name>
        <AttributeMetadata>
          <Value>attributeID:826:1:55a73700-c891-46fd-8f5c-72bc827f2ef5:20160407213829.333:826</Value>
          <Value>attributeSyntax:826:1:55a73700-c891-46fd-8f5c-72bc827f2ef5:20160407213829.333:826</Value>
          <Value>cn:826:1:55a73700-c891-46fd-8f5c-72bc827f2ef5:20160407213829.333:826</Value>
          <Value>createTimeStamp:826:1:55a73700-c891-46fd-8f5c-72bc827f2ef5:20160407213829.333:826</Value>
          <Value>entryDN:826:1:55a73700-c891-46fd-8f5c-72bc827f2ef5:20160407213829.333:826</Value>
          <Value>isSingleValued:826:1:55a73700-c891-46fd-8f5c-72bc827f2ef5:20160407213829.333:826</Value>
          <Value>lDAPDisplayName:826:1:55a73700-c891-46fd-8f5c-72bc827f2ef5:20160407213829.333:826</Value>
          <Value>modifyTimeStamp:826:1:55a73700-c891-46fd-8f5c-72bc827f2ef5:20160407213829.333:826</Value>
          <Value>objectClass:826:1:55a73700-c891-46fd-8f5c-72bc827f2ef5:20160407213829.333:826</Value>
          <Value>objectGUID:826:1:55a73700-c891-46fd-8f5c-72bc827f2ef5:20160407213829.333:826</Value>
          <Value>oMSyntax:826:1:55a73700-c891-46fd-8f5c-72bc827f2ef5:20160407213829.333:826</Value>
          <Value>schemaIDGUID:826:1:55a73700-c891-46fd-8f5c-72bc827f2ef5:20160407213829.333:826</Value>
          <Value>uSNChanged:826:1:55a73700-c891-46fd-8f5c-72bc827f2ef5:20160407213829.333:826</Value>
          <Value>uSNCreated:826:1:55a73700-c891-46fd-8f5c-72bc827f2ef5:20160407213829.333:826</Value>
          <Value>vmwAttributeUsage:826:1:55a73700-c891-46fd-8f5c-72bc827f2ef5:20160407213829.333:826</Value>
        </AttributeMetadata>
      </AttributeSchemaEntry>
      <AttributeSchemaEntry>
        <Name>pKTGuid</Name>
        <AttributeMetadata>
          <Value>attributeID:926:1:55a73700-c891-46fd-8f5c-72bc827f2ef5:20160407213829.508:926</Value>
          <Value>attributeSyntax:926:1:55a73700-c891-46fd-8f5c-72bc827f2ef5:20160407213829.508:926</Value>
          <Value>cn:926:1:55a73700-c891-46fd-8f5c-72bc827f2ef5:20160407213829.508:926</Value>
          <Value>createTimeStamp:926:1:55a73700-c891-46fd-8f5c-72bc827f2ef5:20160407213829.508:926</Value>
          <Value>entryDN:926:1:55a73700-c891-46fd-8f5c-72bc827f2ef5:20160407213829.508:926</Value>
          <Value>isSingleValued:926:1:55a73700-c891-46fd-8f5c-72bc827f2ef5:20160407213829.508:926</Value>
          <Value>lDAPDisplayName:926:1:55a73700-c891-46fd-8f5c-72bc827f2ef5:20160407213829.508:926</Value>
          <Value>modifyTimeStamp:926:1:55a73700-c891-46fd-8f5c-72bc827f2ef5:20160407213829.508:926</Value>
          <Value>objectClass:926:1:55a73700-c891-46fd-8f5c-72bc827f2ef5:20160407213829.508:926</Value>
          <Value>objectGUID:926:1:55a73700-c891-46fd-8f5c-72bc827f2ef5:20160407213829.508:926</Value>
          <Value>oMSyntax:926:1:55a73700-c891-46fd-8f5c-72bc827f2ef5:20160407213829.508:926</Value>
          <Value>schemaIDGUID:926:1:55a73700-c891-46fd-8f5c-72bc827f2ef5:20160407213829.508:926</Value>
          <Value>uSNChanged:926:1:55a73700-c891-46fd-8f5c-72bc827f2ef5:20160407213829.508:926</Value>
          <Value>uSNCreated:926:1:55a73700-c891-46fd-8f5c-72bc827f2ef5:20160407213829.508:926</Value>
          <Value>vmwAttributeUsage:926:1:55a73700-c891-46fd-8f5c-72bc827f2ef5:20160407213829.508:926</Value>
        </AttributeMetadata>
      </AttributeSchemaEntry>
      <AttributeSchemaEntry>
        <Name>policyReplicationFlags</Name>
        <AttributeMetadata>
          <Value>attributeID:270:1:55a73700-c891-46fd-8f5c-72bc827f2ef5:20160407213828.420:270</Value>
          <Value>attributeSyntax:270:1:55a73700-c891-46fd-8f5c-72bc827f2ef5:20160407213828.420:270</Value>
          <Value>cn:270:1:55a73700-c891-46fd-8f5c-72bc827f2ef5:20160407213828.420:270</Value>
          <Value>createTimeStamp:270:1:55a73700-c891-46fd-8f5c-72bc827f2ef5:20160407213828.420:270</Value>
          <Value>entryDN:270:1:55a73700-c891-46fd-8f5c-72bc827f2ef5:20160407213828.420:270</Value>
          <Value>isSingleValued:270:1:55a73700-c891-46fd-8f5c-72bc827f2ef5:20160407213828.420:270</Value>
          <Value>lDAPDisplayName:270:1:55a73700-c891-46fd-8f5c-72bc827f2ef5:20160407213828.420:270</Value>
          <Value>modifyTimeStamp:270:1:55a73700-c891-46fd-8f5c-72bc827f2ef5:20160407213828.420:270</Value>
          <Value>objectClass:270:1:55a73700-c891-46fd-8f5c-72bc827f2ef5:20160407213828.420:270</Value>
          <Value>objectGUID:270:1:55a73700-c891-46fd-8f5c-72bc827f2ef5:20160407213828.420:270</Value>
          <Value>oMSyntax:270:1:55a73700-c891-46fd-8f5c-72bc827f2ef5:20160407213828.420:270</Value>
          <Value>schemaIDGUID:270:1:55a73700-c891-46fd-8f5c-72bc827f2ef5:20160407213828.420:270</Value>
          <Value>uSNChanged:270:1:55a73700-c891-46fd-8f5c-72bc827f2ef5:20160407213828.420:270</Value>
          <Value>uSNCreated:270:1:55a73700-c891-46fd-8f5c-72bc827f2ef5:20160407213828.420:270</Value>
          <Value>vmwAttributeUsage:270:1:55a73700-c891-46fd-8f5c-72bc827f2ef5:20160407213828.420:270</Value>
        </AttributeMetadata>
      </AttributeSchemaEntry>
      <AttributeSchemaEntry>
        <Name>portName</Name>
        <AttributeMetadata>
          <Value>attributeID:892:1:55a73700-c891-46fd-8f5c-72bc827f2ef5:20160407213829.451:892</Value>
          <Value>attributeSyntax:892:1:55a73700-c891-46fd-8f5c-72bc827f2ef5:20160407213829.451:892</Value>
          <Value>cn:892:1:55a73700-c891-46fd-8f5c-72bc827f2ef5:20160407213829.451:892</Value>
          <Value>createTimeStamp:892:1:55a73700-c891-46fd-8f5c-72bc827f2ef5:20160407213829.451:892</Value>
          <Value>entryDN:892:1:55a73700-c891-46fd-8f5c-72bc827f2ef5:20160407213829.451:892</Value>
          <Value>isSingleValued:892:1:55a73700-c891-46fd-8f5c-72bc827f2ef5:20160407213829.451:892</Value>
          <Value>lDAPDisplayName:892:1:55a73700-c891-46fd-8f5c-72bc827f2ef5:20160407213829.451:892</Value>
          <Value>modifyTimeStamp:892:1:55a73700-c891-46fd-8f5c-72bc827f2ef5:20160407213829.451:892</Value>
          <Value>objectClass:892:1:55a73700-c891-46fd-8f5c-72bc827f2ef5:20160407213829.451:892</Value>
          <Value>objectGUID:892:1:55a73700-c891-46fd-8f5c-72bc827f2ef5:20160407213829.451:892</Value>
          <Value>oMSyntax:892:1:55a73700-c891-46fd-8f5c-72bc827f2ef5:20160407213829.451:892</Value>
          <Value>schemaIDGUID:892:1:55a73700-c891-46fd-8f5c-72bc827f2ef5:20160407213829.451:892</Value>
          <Value>uSNChanged:892:1:55a73700-c891-46fd-8f5c-72bc827f2ef5:20160407213829.451:892</Value>
          <Value>uSNCreated:892:1:55a73700-c891-46fd-8f5c-72bc827f2ef5:20160407213829.451:892</Value>
          <Value>vmwAttributeUsage:892:1:55a73700-c891-46fd-8f5c-72bc827f2ef5:20160407213829.451:892</Value>
        </AttributeMetadata>
      </AttributeSchemaEntry>
      <AttributeSchemaEntry>
        <Name>possibleInferiors</Name>
        <AttributeMetadata>
          <Value>attributeID:1427:1:55a73700-c891-46fd-8f5c-72bc827f2ef5:20160407213830.365:1427</Value>
          <Value>attributeSyntax:1427:1:55a73700-c891-46fd-8f5c-72bc827f2ef5:20160407213830.365:1427</Value>
          <Value>cn:1427:1:55a73700-c891-46fd-8f5c-72bc827f2ef5:20160407213830.365:1427</Value>
          <Value>createTimeStamp:1427:1:55a73700-c891-46fd-8f5c-72bc827f2ef5:20160407213830.365:1427</Value>
          <Value>entryDN:1427:1:55a73700-c891-46fd-8f5c-72bc827f2ef5:20160407213830.365:1427</Value>
          <Value>isSingleValued:1427:1:55a73700-c891-46fd-8f5c-72bc827f2ef5:20160407213830.365:1427</Value>
          <Value>lDAPDisplayName:1427:1:55a73700-c891-46fd-8f5c-72bc827f2ef5:20160407213830.365:1427</Value>
          <Value>modifyTimeStamp:1427:1:55a73700-c891-46fd-8f5c-72bc827f2ef5:20160407213830.365:1427</Value>
          <Value>objectClass:1427:1:55a73700-c891-46fd-8f5c-72bc827f2ef5:20160407213830.365:1427</Value>
          <Value>objectGUID:1427:1:55a73700-c891-46fd-8f5c-72bc827f2ef5:20160407213830.365:1427</Value>
          <Value>oMSyntax:1427:1:55a73700-c891-46fd-8f5c-72bc827f2ef5:20160407213830.365:1427</Value>
          <Value>schemaIDGUID:1427:1:55a73700-c891-46fd-8f5c-72bc827f2ef5:20160407213830.365:1427</Value>
          <Value>uSNChanged:1427:1:55a73700-c891-46fd-8f5c-72bc827f2ef5:20160407213830.365:1427</Value>
          <Value>uSNCreated:1427:1:55a73700-c891-46fd-8f5c-72bc827f2ef5:20160407213830.365:1427</Value>
          <Value>vmwAttributeUsage:1427:1:55a73700-c891-46fd-8f5c-72bc827f2ef5:20160407213830.365:1427</Value>
        </AttributeMetadata>
      </AttributeSchemaEntry>
      <AttributeSchemaEntry>
        <Name>possSuperiors</Name>
        <AttributeMetadata>
          <Value>attributeID:602:1:55a73700-c891-46fd-8f5c-72bc827f2ef5:20160407213828.947:602</Value>
          <Value>attributeSyntax:602:1:55a73700-c891-46fd-8f5c-72bc827f2ef5:20160407213828.947:602</Value>
          <Value>cn:602:1:55a73700-c891-46fd-8f5c-72bc827f2ef5:20160407213828.947:602</Value>
          <Value>createTimeStamp:602:1:55a73700-c891-46fd-8f5c-72bc827f2ef5:20160407213828.947:602</Value>
          <Value>entryDN:602:1:55a73700-c891-46fd-8f5c-72bc827f2ef5:20160407213828.947:602</Value>
          <Value>isSingleValued:602:1:55a73700-c891-46fd-8f5c-72bc827f2ef5:20160407213828.947:602</Value>
          <Value>lDAPDisplayName:602:1:55a73700-c891-46fd-8f5c-72bc827f2ef5:20160407213828.947:602</Value>
          <Value>modifyTimeStamp:602:1:55a73700-c891-46fd-8f5c-72bc827f2ef5:20160407213828.947:602</Value>
          <Value>objectClass:602:1:55a73700-c891-46fd-8f5c-72bc827f2ef5:20160407213828.947:602</Value>
          <Value>objectGUID:602:1:55a73700-c891-46fd-8f5c-72bc827f2ef5:20160407213828.947:602</Value>
          <Value>oMSyntax:602:1:55a73700-c891-46fd-8f5c-72bc827f2ef5:20160407213828.947:602</Value>
          <Value>schemaIDGUID:602:1:55a73700-c891-46fd-8f5c-72bc827f2ef5:20160407213828.947:602</Value>
          <Value>uSNChanged:602:1:55a73700-c891-46fd-8f5c-72bc827f2ef5:20160407213828.947:602</Value>
          <Value>uSNCreated:602:1:55a73700-c891-46fd-8f5c-72bc827f2ef5:20160407213828.947:602</Value>
          <Value>vmwAttributeUsage:602:1:55a73700-c891-46fd-8f5c-72bc827f2ef5:20160407213828.947:602</Value>
        </AttributeMetadata>
      </AttributeSchemaEntry>
      <AttributeSchemaEntry>
        <Name>postalAddress</Name>
        <AttributeMetadata>
          <Value>attributeID:1002:1:55a73700-c891-46fd-8f5c-72bc827f2ef5:20160407213829.628:1002</Value>
          <Value>attributeSyntax:1002:1:55a73700-c891-46fd-8f5c-72bc827f2ef5:20160407213829.628:1002</Value>
          <Value>cn:1002:1:55a73700-c891-46fd-8f5c-72bc827f2ef5:20160407213829.628:1002</Value>
          <Value>createTimeStamp:1002:1:55a73700-c891-46fd-8f5c-72bc827f2ef5:20160407213829.628:1002</Value>
          <Value>entryDN:1002:1:55a73700-c891-46fd-8f5c-72bc827f2ef5:20160407213829.628:1002</Value>
          <Value>isSingleValued:1002:1:55a73700-c891-46fd-8f5c-72bc827f2ef5:20160407213829.628:1002</Value>
          <Value>lDAPDisplayName:1002:1:55a73700-c891-46fd-8f5c-72bc827f2ef5:20160407213829.628:1002</Value>
          <Value>modifyTimeStamp:1002:1:55a73700-c891-46fd-8f5c-72bc827f2ef5:20160407213829.628:1002</Value>
          <Value>objectClass:1002:1:55a73700-c891-46fd-8f5c-72bc827f2ef5:20160407213829.628:1002</Value>
          <Value>objectGUID:1002:1:55a73700-c891-46fd-8f5c-72bc827f2ef5:20160407213829.628:1002</Value>
          <Value>oMSyntax:1002:1:55a73700-c891-46fd-8f5c-72bc827f2ef5:20160407213829.628:1002</Value>
          <Value>schemaIDGUID:1002:1:55a73700-c891-46fd-8f5c-72bc827f2ef5:20160407213829.628:1002</Value>
          <Value>uSNChanged:1002:1:55a73700-c891-46fd-8f5c-72bc827f2ef5:20160407213829.628:1002</Value>
          <Value>uSNCreated:1002:1:55a73700-c891-46fd-8f5c-72bc827f2ef5:20160407213829.628:1002</Value>
          <Value>vmwAttributeUsage:1002:1:55a73700-c891-46fd-8f5c-72bc827f2ef5:20160407213829.628:1002</Value>
        </AttributeMetadata>
      </AttributeSchemaEntry>
      <AttributeSchemaEntry>
        <Name>postalCode</Name>
        <AttributeMetadata>
          <Value>attributeID:1008:1:55a73700-c891-46fd-8f5c-72bc827f2ef5:20160407213829.644:1008</Value>
          <Value>attributeSyntax:1008:1:55a73700-c891-46fd-8f5c-72bc827f2ef5:20160407213829.644:1008</Value>
          <Value>cn:1008:1:55a73700-c891-46fd-8f5c-72bc827f2ef5:20160407213829.644:1008</Value>
          <Value>createTimeStamp:1008:1:55a73700-c891-46fd-8f5c-72bc827f2ef5:20160407213829.644:1008</Value>
          <Value>entryDN:1008:1:55a73700-c891-46fd-8f5c-72bc827f2ef5:20160407213829.644:1008</Value>
          <Value>isSingleValued:1008:1:55a73700-c891-46fd-8f5c-72bc827f2ef5:20160407213829.644:1008</Value>
          <Value>lDAPDisplayName:1008:1:55a73700-c891-46fd-8f5c-72bc827f2ef5:20160407213829.644:1008</Value>
          <Value>modifyTimeStamp:1008:1:55a73700-c891-46fd-8f5c-72bc827f2ef5:20160407213829.644:1008</Value>
          <Value>objectClass:1008:1:55a73700-c891-46fd-8f5c-72bc827f2ef5:20160407213829.644:1008</Value>
          <Value>objectGUID:1008:1:55a73700-c891-46fd-8f5c-72bc827f2ef5:20160407213829.644:1008</Value>
          <Value>oMSyntax:1008:1:55a73700-c891-46fd-8f5c-72bc827f2ef5:20160407213829.644:1008</Value>
          <Value>schemaIDGUID:1008:1:55a73700-c891-46fd-8f5c-72bc827f2ef5:20160407213829.644:1008</Value>
          <Value>uSNChanged:1008:1:55a73700-c891-46fd-8f5c-72bc827f2ef5:20160407213829.644:1008</Value>
          <Value>uSNCreated:1008:1:55a73700-c891-46fd-8f5c-72bc827f2ef5:20160407213829.644:1008</Value>
          <Value>vmwAttributeUsage:1008:1:55a73700-c891-46fd-8f5c-72bc827f2ef5:20160407213829.644:1008</Value>
        </AttributeMetadata>
      </AttributeSchemaEntry>
      <AttributeSchemaEntry>
        <Name>postOfficeBox</Name>
        <AttributeMetadata>
          <Value>attributeID:1716:1:55a73700-c891-46fd-8f5c-72bc827f2ef5:20160407213830.859:1716</Value>
          <Value>attributeSyntax:1716:1:55a73700-c891-46fd-8f5c-72bc827f2ef5:20160407213830.859:1716</Value>
          <Value>cn:1716:1:55a73700-c891-46fd-8f5c-72bc827f2ef5:20160407213830.859:1716</Value>
          <Value>createTimeStamp:1716:1:55a73700-c891-46fd-8f5c-72bc827f2ef5:20160407213830.859:1716</Value>
          <Value>entryDN:1716:1:55a73700-c891-46fd-8f5c-72bc827f2ef5:20160407213830.859:1716</Value>
          <Value>isSingleValued:1716:1:55a73700-c891-46fd-8f5c-72bc827f2ef5:20160407213830.859:1716</Value>
          <Value>lDAPDisplayName:1716:1:55a73700-c891-46fd-8f5c-72bc827f2ef5:20160407213830.859:1716</Value>
          <Value>modifyTimeStamp:1716:1:55a73700-c891-46fd-8f5c-72bc827f2ef5:20160407213830.859:1716</Value>
          <Value>objectClass:1716:1:55a73700-c891-46fd-8f5c-72bc827f2ef5:20160407213830.859:1716</Value>
          <Value>objectGUID:1716:1:55a73700-c891-46fd-8f5c-72bc827f2ef5:20160407213830.859:1716</Value>
          <Value>oMSyntax:1716:1:55a73700-c891-46fd-8f5c-72bc827f2ef5:20160407213830.859:1716</Value>
          <Value>schemaIDGUID:1716:1:55a73700-c891-46fd-8f5c-72bc827f2ef5:20160407213830.859:1716</Value>
          <Value>uSNChanged:1716:1:55a73700-c891-46fd-8f5c-72bc827f2ef5:20160407213830.859:1716</Value>
          <Value>uSNCreated:1716:1:55a73700-c891-46fd-8f5c-72bc827f2ef5:20160407213830.859:1716</Value>
          <Value>vmwAttributeUsage:1716:1:55a73700-c891-46fd-8f5c-72bc827f2ef5:20160407213830.859:1716</Value>
        </AttributeMetadata>
      </AttributeSchemaEntry>
      <AttributeSchemaEntry>
        <Name>preferredDeliveryMethod</Name>
        <AttributeMetadata>
          <Value>attributeID:879:1:55a73700-c891-46fd-8f5c-72bc827f2ef5:20160407213829.437:879</Value>
          <Value>attributeSyntax:879:1:55a73700-c891-46fd-8f5c-72bc827f2ef5:20160407213829.437:879</Value>
          <Value>cn:879:1:55a73700-c891-46fd-8f5c-72bc827f2ef5:20160407213829.437:879</Value>
          <Value>createTimeStamp:879:1:55a73700-c891-46fd-8f5c-72bc827f2ef5:20160407213829.437:879</Value>
          <Value>entryDN:879:1:55a73700-c891-46fd-8f5c-72bc827f2ef5:20160407213829.437:879</Value>
          <Value>isSingleValued:879:1:55a73700-c891-46fd-8f5c-72bc827f2ef5:20160407213829.437:879</Value>
          <Value>lDAPDisplayName:879:1:55a73700-c891-46fd-8f5c-72bc827f2ef5:20160407213829.437:879</Value>
          <Value>modifyTimeStamp:879:1:55a73700-c891-46fd-8f5c-72bc827f2ef5:20160407213829.437:879</Value>
          <Value>objectClass:879:1:55a73700-c891-46fd-8f5c-72bc827f2ef5:20160407213829.437:879</Value>
          <Value>objectGUID:879:1:55a73700-c891-46fd-8f5c-72bc827f2ef5:20160407213829.437:879</Value>
          <Value>oMSyntax:879:1:55a73700-c891-46fd-8f5c-72bc827f2ef5:20160407213829.437:879</Value>
          <Value>schemaIDGUID:879:1:55a73700-c891-46fd-8f5c-72bc827f2ef5:20160407213829.437:879</Value>
          <Value>uSNChanged:879:1:55a73700-c891-46fd-8f5c-72bc827f2ef5:20160407213829.437:879</Value>
          <Value>uSNCreated:879:1:55a73700-c891-46fd-8f5c-72bc827f2ef5:20160407213829.437:879</Value>
          <Value>vmwAttributeUsage:879:1:55a73700-c891-46fd-8f5c-72bc827f2ef5:20160407213829.437:879</Value>
        </AttributeMetadata>
      </AttributeSchemaEntry>
      <AttributeSchemaEntry>
        <Name>preferredLanguage</Name>
        <AttributeMetadata>
          <Value>attributeID:537:1:55a73700-c891-46fd-8f5c-72bc827f2ef5:20160407213828.843:537</Value>
          <Value>attributeSyntax:537:1:55a73700-c891-46fd-8f5c-72bc827f2ef5:20160407213828.843:537</Value>
          <Value>cn:537:1:55a73700-c891-46fd-8f5c-72bc827f2ef5:20160407213828.843:537</Value>
          <Value>createTimeStamp:537:1:55a73700-c891-46fd-8f5c-72bc827f2ef5:20160407213828.843:537</Value>
          <Value>entryDN:537:1:55a73700-c891-46fd-8f5c-72bc827f2ef5:20160407213828.843:537</Value>
          <Value>isSingleValued:537:1:55a73700-c891-46fd-8f5c-72bc827f2ef5:20160407213828.843:537</Value>
          <Value>lDAPDisplayName:537:1:55a73700-c891-46fd-8f5c-72bc827f2ef5:20160407213828.843:537</Value>
          <Value>modifyTimeStamp:537:1:55a73700-c891-46fd-8f5c-72bc827f2ef5:20160407213828.843:537</Value>
          <Value>objectClass:537:1:55a73700-c891-46fd-8f5c-72bc827f2ef5:20160407213828.843:537</Value>
          <Value>objectGUID:537:1:55a73700-c891-46fd-8f5c-72bc827f2ef5:20160407213828.843:537</Value>
          <Value>oMSyntax:537:1:55a73700-c891-46fd-8f5c-72bc827f2ef5:20160407213828.843:537</Value>
          <Value>schemaIDGUID:537:1:55a73700-c891-46fd-8f5c-72bc827f2ef5:20160407213828.843:537</Value>
          <Value>uSNChanged:537:1:55a73700-c891-46fd-8f5c-72bc827f2ef5:20160407213828.843:537</Value>
          <Value>uSNCreated:537:1:55a73700-c891-46fd-8f5c-72bc827f2ef5:20160407213828.843:537</Value>
          <Value>vmwAttributeUsage:537:1:55a73700-c891-46fd-8f5c-72bc827f2ef5:20160407213828.843:537</Value>
        </AttributeMetadata>
      </AttributeSchemaEntry>
      <AttributeSchemaEntry>
        <Name>preferredOU</Name>
        <AttributeMetadata>
          <Value>attributeID:400:1:55a73700-c891-46fd-8f5c-72bc827f2ef5:20160407213828.620:400</Value>
          <Value>attributeSyntax:400:1:55a73700-c891-46fd-8f5c-72bc827f2ef5:20160407213828.620:400</Value>
          <Value>cn:400:1:55a73700-c891-46fd-8f5c-72bc827f2ef5:20160407213828.620:400</Value>
          <Value>createTimeStamp:400:1:55a73700-c891-46fd-8f5c-72bc827f2ef5:20160407213828.620:400</Value>
          <Value>entryDN:400:1:55a73700-c891-46fd-8f5c-72bc827f2ef5:20160407213828.620:400</Value>
          <Value>isSingleValued:400:1:55a73700-c891-46fd-8f5c-72bc827f2ef5:20160407213828.620:400</Value>
          <Value>lDAPDisplayName:400:1:55a73700-c891-46fd-8f5c-72bc827f2ef5:20160407213828.620:400</Value>
          <Value>modifyTimeStamp:400:1:55a73700-c891-46fd-8f5c-72bc827f2ef5:20160407213828.620:400</Value>
          <Value>objectClass:400:1:55a73700-c891-46fd-8f5c-72bc827f2ef5:20160407213828.620:400</Value>
          <Value>objectGUID:400:1:55a73700-c891-46fd-8f5c-72bc827f2ef5:20160407213828.620:400</Value>
          <Value>oMSyntax:400:1:55a73700-c891-46fd-8f5c-72bc827f2ef5:20160407213828.620:400</Value>
          <Value>schemaIDGUID:400:1:55a73700-c891-46fd-8f5c-72bc827f2ef5:20160407213828.620:400</Value>
          <Value>uSNChanged:400:1:55a73700-c891-46fd-8f5c-72bc827f2ef5:20160407213828.620:400</Value>
          <Value>uSNCreated:400:1:55a73700-c891-46fd-8f5c-72bc827f2ef5:20160407213828.620:400</Value>
          <Value>vmwAttributeUsage:400:1:55a73700-c891-46fd-8f5c-72bc827f2ef5:20160407213828.620:400</Value>
        </AttributeMetadata>
      </AttributeSchemaEntry>
      <AttributeSchemaEntry>
        <Name>prefixMap</Name>
        <AttributeMetadata>
          <Value>attributeID:578:1:55a73700-c891-46fd-8f5c-72bc827f2ef5:20160407213828.912:578</Value>
          <Value>attributeSyntax:578:1:55a73700-c891-46fd-8f5c-72bc827f2ef5:20160407213828.912:578</Value>
          <Value>cn:578:1:55a73700-c891-46fd-8f5c-72bc827f2ef5:20160407213828.912:578</Value>
          <Value>createTimeStamp:578:1:55a73700-c891-46fd-8f5c-72bc827f2ef5:20160407213828.912:578</Value>
          <Value>entryDN:578:1:55a73700-c891-46fd-8f5c-72bc827f2ef5:20160407213828.912:578</Value>
          <Value>isSingleValued:578:1:55a73700-c891-46fd-8f5c-72bc827f2ef5:20160407213828.912:578</Value>
          <Value>lDAPDisplayName:578:1:55a73700-c891-46fd-8f5c-72bc827f2ef5:20160407213828.912:578</Value>
          <Value>modifyTimeStamp:578:1:55a73700-c891-46fd-8f5c-72bc827f2ef5:20160407213828.912:578</Value>
          <Value>objectClass:578:1:55a73700-c891-46fd-8f5c-72bc827f2ef5:20160407213828.912:578</Value>
          <Value>objectGUID:578:1:55a73700-c891-46fd-8f5c-72bc827f2ef5:20160407213828.912:578</Value>
          <Value>oMSyntax:578:1:55a73700-c891-46fd-8f5c-72bc827f2ef5:20160407213828.912:578</Value>
          <Value>schemaIDGUID:578:1:55a73700-c891-46fd-8f5c-72bc827f2ef5:20160407213828.912:578</Value>
          <Value>uSNChanged:578:1:55a73700-c891-46fd-8f5c-72bc827f2ef5:20160407213828.912:578</Value>
          <Value>uSNCreated:578:1:55a73700-c891-46fd-8f5c-72bc827f2ef5:20160407213828.912:578</Value>
          <Value>vmwAttributeUsage:578:1:55a73700-c891-46fd-8f5c-72bc827f2ef5:20160407213828.912:578</Value>
        </AttributeMetadata>
      </AttributeSchemaEntry>
      <AttributeSchemaEntry>
        <Name>presentationAddress</Name>
        <AttributeMetadata>
          <Value>attributeID:781:1:55a73700-c891-46fd-8f5c-72bc827f2ef5:20160407213829.263:781</Value>
          <Value>attributeSyntax:781:1:55a73700-c891-46fd-8f5c-72bc827f2ef5:20160407213829.263:781</Value>
          <Value>cn:781:1:55a73700-c891-46fd-8f5c-72bc827f2ef5:20160407213829.263:781</Value>
          <Value>createTimeStamp:781:1:55a73700-c891-46fd-8f5c-72bc827f2ef5:20160407213829.263:781</Value>
          <Value>entryDN:781:1:55a73700-c891-46fd-8f5c-72bc827f2ef5:20160407213829.263:781</Value>
          <Value>isSingleValued:781:1:55a73700-c891-46fd-8f5c-72bc827f2ef5:20160407213829.263:781</Value>
          <Value>lDAPDisplayName:781:1:55a73700-c891-46fd-8f5c-72bc827f2ef5:20160407213829.263:781</Value>
          <Value>modifyTimeStamp:781:1:55a73700-c891-46fd-8f5c-72bc827f2ef5:20160407213829.263:781</Value>
          <Value>objectClass:781:1:55a73700-c891-46fd-8f5c-72bc827f2ef5:20160407213829.263:781</Value>
          <Value>objectGUID:781:1:55a73700-c891-46fd-8f5c-72bc827f2ef5:20160407213829.263:781</Value>
          <Value>oMSyntax:781:1:55a73700-c891-46fd-8f5c-72bc827f2ef5:20160407213829.263:781</Value>
          <Value>schemaIDGUID:781:1:55a73700-c891-46fd-8f5c-72bc827f2ef5:20160407213829.263:781</Value>
          <Value>uSNChanged:781:1:55a73700-c891-46fd-8f5c-72bc827f2ef5:20160407213829.263:781</Value>
          <Value>uSNCreated:781:1:55a73700-c891-46fd-8f5c-72bc827f2ef5:20160407213829.263:781</Value>
          <Value>vmwAttributeUsage:781:1:55a73700-c891-46fd-8f5c-72bc827f2ef5:20160407213829.263:781</Value>
        </AttributeMetadata>
      </AttributeSchemaEntry>
      <AttributeSchemaEntry>
        <Name>previousCACertificates</Name>
        <AttributeMetadata>
          <Value>attributeID:171:1:55a73700-c891-46fd-8f5c-72bc827f2ef5:20160407213828.286:171</Value>
          <Value>attributeSyntax:171:1:55a73700-c891-46fd-8f5c-72bc827f2ef5:20160407213828.286:171</Value>
          <Value>cn:171:1:55a73700-c891-46fd-8f5c-72bc827f2ef5:20160407213828.286:171</Value>
          <Value>createTimeStamp:171:1:55a73700-c891-46fd-8f5c-72bc827f2ef5:20160407213828.286:171</Value>
          <Value>entryDN:171:1:55a73700-c891-46fd-8f5c-72bc827f2ef5:20160407213828.286:171</Value>
          <Value>isSingleValued:171:1:55a73700-c891-46fd-8f5c-72bc827f2ef5:20160407213828.286:171</Value>
          <Value>lDAPDisplayName:171:1:55a73700-c891-46fd-8f5c-72bc827f2ef5:20160407213828.286:171</Value>
          <Value>modifyTimeStamp:171:1:55a73700-c891-46fd-8f5c-72bc827f2ef5:20160407213828.286:171</Value>
          <Value>objectClass:171:1:55a73700-c891-46fd-8f5c-72bc827f2ef5:20160407213828.286:171</Value>
          <Value>objectGUID:171:1:55a73700-c891-46fd-8f5c-72bc827f2ef5:20160407213828.286:171</Value>
          <Value>oMSyntax:171:1:55a73700-c891-46fd-8f5c-72bc827f2ef5:20160407213828.286:171</Value>
          <Value>schemaIDGUID:171:1:55a73700-c891-46fd-8f5c-72bc827f2ef5:20160407213828.286:171</Value>
          <Value>uSNChanged:171:1:55a73700-c891-46fd-8f5c-72bc827f2ef5:20160407213828.286:171</Value>
          <Value>uSNCreated:171:1:55a73700-c891-46fd-8f5c-72bc827f2ef5:20160407213828.286:171</Value>
          <Value>vmwAttributeUsage:171:1:55a73700-c891-46fd-8f5c-72bc827f2ef5:20160407213828.286:171</Value>
        </AttributeMetadata>
      </AttributeSchemaEntry>
      <AttributeSchemaEntry>
        <Name>previousParentCA</Name>
        <AttributeMetadata>
          <Value>attributeID:1171:1:55a73700-c891-46fd-8f5c-72bc827f2ef5:20160407213829.945:1171</Value>
          <Value>attributeSyntax:1171:1:55a73700-c891-46fd-8f5c-72bc827f2ef5:20160407213829.945:1171</Value>
          <Value>cn:1171:1:55a73700-c891-46fd-8f5c-72bc827f2ef5:20160407213829.945:1171</Value>
          <Value>createTimeStamp:1171:1:55a73700-c891-46fd-8f5c-72bc827f2ef5:20160407213829.945:1171</Value>
          <Value>entryDN:1171:1:55a73700-c891-46fd-8f5c-72bc827f2ef5:20160407213829.945:1171</Value>
          <Value>isSingleValued:1171:1:55a73700-c891-46fd-8f5c-72bc827f2ef5:20160407213829.945:1171</Value>
          <Value>lDAPDisplayName:1171:1:55a73700-c891-46fd-8f5c-72bc827f2ef5:20160407213829.945:1171</Value>
          <Value>modifyTimeStamp:1171:1:55a73700-c891-46fd-8f5c-72bc827f2ef5:20160407213829.945:1171</Value>
          <Value>objectClass:1171:1:55a73700-c891-46fd-8f5c-72bc827f2ef5:20160407213829.945:1171</Value>
          <Value>objectGUID:1171:1:55a73700-c891-46fd-8f5c-72bc827f2ef5:20160407213829.945:1171</Value>
          <Value>oMSyntax:1171:1:55a73700-c891-46fd-8f5c-72bc827f2ef5:20160407213829.945:1171</Value>
          <Value>schemaIDGUID:1171:1:55a73700-c891-46fd-8f5c-72bc827f2ef5:20160407213829.945:1171</Value>
          <Value>uSNChanged:1171:1:55a73700-c891-46fd-8f5c-72bc827f2ef5:20160407213829.945:1171</Value>
          <Value>uSNCreated:1171:1:55a73700-c891-46fd-8f5c-72bc827f2ef5:20160407213829.945:1171</Value>
          <Value>vmwAttributeUsage:1171:1:55a73700-c891-46fd-8f5c-72bc827f2ef5:20160407213829.945:1171</Value>
        </AttributeMetadata>
      </AttributeSchemaEntry>
      <AttributeSchemaEntry>
        <Name>primaryGroupID</Name>
        <AttributeMetadata>
          <Value>attributeID:120:1:55a73700-c891-46fd-8f5c-72bc827f2ef5:20160407213828.209:120</Value>
          <Value>attributeSyntax:120:1:55a73700-c891-46fd-8f5c-72bc827f2ef5:20160407213828.209:120</Value>
          <Value>cn:120:1:55a73700-c891-46fd-8f5c-72bc827f2ef5:20160407213828.209:120</Value>
          <Value>createTimeStamp:120:1:55a73700-c891-46fd-8f5c-72bc827f2ef5:20160407213828.209:120</Value>
          <Value>entryDN:120:1:55a73700-c891-46fd-8f5c-72bc827f2ef5:20160407213828.209:120</Value>
          <Value>isSingleValued:120:1:55a73700-c891-46fd-8f5c-72bc827f2ef5:20160407213828.209:120</Value>
          <Value>lDAPDisplayName:120:1:55a73700-c891-46fd-8f5c-72bc827f2ef5:20160407213828.209:120</Value>
          <Value>modifyTimeStamp:120:1:55a73700-c891-46fd-8f5c-72bc827f2ef5:20160407213828.209:120</Value>
          <Value>objectClass:120:1:55a73700-c891-46fd-8f5c-72bc827f2ef5:20160407213828.209:120</Value>
          <Value>objectGUID:120:1:55a73700-c891-46fd-8f5c-72bc827f2ef5:20160407213828.209:120</Value>
          <Value>oMSyntax:120:1:55a73700-c891-46fd-8f5c-72bc827f2ef5:20160407213828.209:120</Value>
          <Value>schemaIDGUID:120:1:55a73700-c891-46fd-8f5c-72bc827f2ef5:20160407213828.209:120</Value>
          <Value>uSNChanged:120:1:55a73700-c891-46fd-8f5c-72bc827f2ef5:20160407213828.209:120</Value>
          <Value>uSNCreated:120:1:55a73700-c891-46fd-8f5c-72bc827f2ef5:20160407213828.209:120</Value>
          <Value>vmwAttributeUsage:120:1:55a73700-c891-46fd-8f5c-72bc827f2ef5:20160407213828.209:120</Value>
        </AttributeMetadata>
      </AttributeSchemaEntry>
      <AttributeSchemaEntry>
        <Name>primaryGroupToken</Name>
        <AttributeMetadata>
          <Value>attributeID:739:1:55a73700-c891-46fd-8f5c-72bc827f2ef5:20160407213829.185:739</Value>
          <Value>attributeSyntax:739:1:55a73700-c891-46fd-8f5c-72bc827f2ef5:20160407213829.185:739</Value>
          <Value>cn:739:1:55a73700-c891-46fd-8f5c-72bc827f2ef5:20160407213829.185:739</Value>
          <Value>createTimeStamp:739:1:55a73700-c891-46fd-8f5c-72bc827f2ef5:20160407213829.185:739</Value>
          <Value>entryDN:739:1:55a73700-c891-46fd-8f5c-72bc827f2ef5:20160407213829.185:739</Value>
          <Value>isSingleValued:739:1:55a73700-c891-46fd-8f5c-72bc827f2ef5:20160407213829.185:739</Value>
          <Value>lDAPDisplayName:739:1:55a73700-c891-46fd-8f5c-72bc827f2ef5:20160407213829.185:739</Value>
          <Value>modifyTimeStamp:739:1:55a73700-c891-46fd-8f5c-72bc827f2ef5:20160407213829.185:739</Value>
          <Value>objectClass:739:1:55a73700-c891-46fd-8f5c-72bc827f2ef5:20160407213829.185:739</Value>
          <Value>objectGUID:739:1:55a73700-c891-46fd-8f5c-72bc827f2ef5:20160407213829.185:739</Value>
          <Value>oMSyntax:739:1:55a73700-c891-46fd-8f5c-72bc827f2ef5:20160407213829.185:739</Value>
          <Value>schemaIDGUID:739:1:55a73700-c891-46fd-8f5c-72bc827f2ef5:20160407213829.185:739</Value>
          <Value>uSNChanged:739:1:55a73700-c891-46fd-8f5c-72bc827f2ef5:20160407213829.185:739</Value>
          <Value>uSNCreated:739:1:55a73700-c891-46fd-8f5c-72bc827f2ef5:20160407213829.185:739</Value>
          <Value>vmwAttributeUsage:739:1:55a73700-c891-46fd-8f5c-72bc827f2ef5:20160407213829.185:739</Value>
        </AttributeMetadata>
      </AttributeSchemaEntry>
      <AttributeSchemaEntry>
        <Name>primaryInternationalISDNNumber</Name>
        <AttributeMetadata>
          <Value>attributeID:747:1:55a73700-c891-46fd-8f5c-72bc827f2ef5:20160407213829.203:747</Value>
          <Value>attributeSyntax:747:1:55a73700-c891-46fd-8f5c-72bc827f2ef5:20160407213829.203:747</Value>
          <Value>cn:747:1:55a73700-c891-46fd-8f5c-72bc827f2ef5:20160407213829.203:747</Value>
          <Value>createTimeStamp:747:1:55a73700-c891-46fd-8f5c-72bc827f2ef5:20160407213829.203:747</Value>
          <Value>entryDN:747:1:55a73700-c891-46fd-8f5c-72bc827f2ef5:20160407213829.203:747</Value>
          <Value>isSingleValued:747:1:55a73700-c891-46fd-8f5c-72bc827f2ef5:20160407213829.203:747</Value>
          <Value>lDAPDisplayName:747:1:55a73700-c891-46fd-8f5c-72bc827f2ef5:20160407213829.203:747</Value>
          <Value>modifyTimeStamp:747:1:55a73700-c891-46fd-8f5c-72bc827f2ef5:20160407213829.203:747</Value>
          <Value>objectClass:747:1:55a73700-c891-46fd-8f5c-72bc827f2ef5:20160407213829.203:747</Value>
          <Value>objectGUID:747:1:55a73700-c891-46fd-8f5c-72bc827f2ef5:20160407213829.203:747</Value>
          <Value>oMSyntax:747:1:55a73700-c891-46fd-8f5c-72bc827f2ef5:20160407213829.203:747</Value>
          <Value>schemaIDGUID:747:1:55a73700-c891-46fd-8f5c-72bc827f2ef5:20160407213829.203:747</Value>
          <Value>uSNChanged:747:1:55a73700-c891-46fd-8f5c-72bc827f2ef5:20160407213829.203:747</Value>
          <Value>uSNCreated:747:1:55a73700-c891-46fd-8f5c-72bc827f2ef5:20160407213829.203:747</Value>
          <Value>vmwAttributeUsage:747:1:55a73700-c891-46fd-8f5c-72bc827f2ef5:20160407213829.203:747</Value>
        </AttributeMetadata>
      </AttributeSchemaEntry>
      <AttributeSchemaEntry>
        <Name>primaryTelexNumber</Name>
        <AttributeMetadata>
          <Value>attributeID:1188:1:55a73700-c891-46fd-8f5c-72bc827f2ef5:20160407213829.974:1188</Value>
          <Value>attributeSyntax:1188:1:55a73700-c891-46fd-8f5c-72bc827f2ef5:20160407213829.974:1188</Value>
          <Value>cn:1188:1:55a73700-c891-46fd-8f5c-72bc827f2ef5:20160407213829.974:1188</Value>
          <Value>createTimeStamp:1188:1:55a73700-c891-46fd-8f5c-72bc827f2ef5:20160407213829.974:1188</Value>
          <Value>entryDN:1188:1:55a73700-c891-46fd-8f5c-72bc827f2ef5:20160407213829.974:1188</Value>
          <Value>isSingleValued:1188:1:55a73700-c891-46fd-8f5c-72bc827f2ef5:20160407213829.974:1188</Value>
          <Value>lDAPDisplayName:1188:1:55a73700-c891-46fd-8f5c-72bc827f2ef5:20160407213829.974:1188</Value>
          <Value>modifyTimeStamp:1188:1:55a73700-c891-46fd-8f5c-72bc827f2ef5:20160407213829.974:1188</Value>
          <Value>objectClass:1188:1:55a73700-c891-46fd-8f5c-72bc827f2ef5:20160407213829.974:1188</Value>
          <Value>objectGUID:1188:1:55a73700-c891-46fd-8f5c-72bc827f2ef5:20160407213829.974:1188</Value>
          <Value>oMSyntax:1188:1:55a73700-c891-46fd-8f5c-72bc827f2ef5:20160407213829.974:1188</Value>
          <Value>schemaIDGUID:1188:1:55a73700-c891-46fd-8f5c-72bc827f2ef5:20160407213829.974:1188</Value>
          <Value>uSNChanged:1188:1:55a73700-c891-46fd-8f5c-72bc827f2ef5:20160407213829.974:1188</Value>
          <Value>uSNCreated:1188:1:55a73700-c891-46fd-8f5c-72bc827f2ef5:20160407213829.974:1188</Value>
          <Value>vmwAttributeUsage:1188:1:55a73700-c891-46fd-8f5c-72bc827f2ef5:20160407213829.974:1188</Value>
        </AttributeMetadata>
      </AttributeSchemaEntry>
      <AttributeSchemaEntry>
        <Name>printAttributes</Name>
        <AttributeMetadata>
          <Value>attributeID:812:1:55a73700-c891-46fd-8f5c-72bc827f2ef5:20160407213829.306:812</Value>
          <Value>attributeSyntax:812:1:55a73700-c891-46fd-8f5c-72bc827f2ef5:20160407213829.306:812</Value>
          <Value>cn:812:1:55a73700-c891-46fd-8f5c-72bc827f2ef5:20160407213829.306:812</Value>
          <Value>createTimeStamp:812:1:55a73700-c891-46fd-8f5c-72bc827f2ef5:20160407213829.306:812</Value>
          <Value>entryDN:812:1:55a73700-c891-46fd-8f5c-72bc827f2ef5:20160407213829.306:812</Value>
          <Value>isSingleValued:812:1:55a73700-c891-46fd-8f5c-72bc827f2ef5:20160407213829.306:812</Value>
          <Value>lDAPDisplayName:812:1:55a73700-c891-46fd-8f5c-72bc827f2ef5:20160407213829.306:812</Value>
          <Value>modifyTimeStamp:812:1:55a73700-c891-46fd-8f5c-72bc827f2ef5:20160407213829.306:812</Value>
          <Value>objectClass:812:1:55a73700-c891-46fd-8f5c-72bc827f2ef5:20160407213829.306:812</Value>
          <Value>objectGUID:812:1:55a73700-c891-46fd-8f5c-72bc827f2ef5:20160407213829.306:812</Value>
          <Value>oMSyntax:812:1:55a73700-c891-46fd-8f5c-72bc827f2ef5:20160407213829.306:812</Value>
          <Value>schemaIDGUID:812:1:55a73700-c891-46fd-8f5c-72bc827f2ef5:20160407213829.306:812</Value>
          <Value>uSNChanged:812:1:55a73700-c891-46fd-8f5c-72bc827f2ef5:20160407213829.306:812</Value>
          <Value>uSNCreated:812:1:55a73700-c891-46fd-8f5c-72bc827f2ef5:20160407213829.306:812</Value>
          <Value>vmwAttributeUsage:812:1:55a73700-c891-46fd-8f5c-72bc827f2ef5:20160407213829.306:812</Value>
        </AttributeMetadata>
      </AttributeSchemaEntry>
      <AttributeSchemaEntry>
        <Name>printBinNames</Name>
        <AttributeMetadata>
          <Value>attributeID:1598:1:55a73700-c891-46fd-8f5c-72bc827f2ef5:20160407213830.655:1598</Value>
          <Value>attributeSyntax:1598:1:55a73700-c891-46fd-8f5c-72bc827f2ef5:20160407213830.655:1598</Value>
          <Value>cn:1598:1:55a73700-c891-46fd-8f5c-72bc827f2ef5:20160407213830.655:1598</Value>
          <Value>createTimeStamp:1598:1:55a73700-c891-46fd-8f5c-72bc827f2ef5:20160407213830.655:1598</Value>
          <Value>entryDN:1598:1:55a73700-c891-46fd-8f5c-72bc827f2ef5:20160407213830.655:1598</Value>
          <Value>isSingleValued:1598:1:55a73700-c891-46fd-8f5c-72bc827f2ef5:20160407213830.655:1598</Value>
          <Value>lDAPDisplayName:1598:1:55a73700-c891-46fd-8f5c-72bc827f2ef5:20160407213830.655:1598</Value>
          <Value>modifyTimeStamp:1598:1:55a73700-c891-46fd-8f5c-72bc827f2ef5:20160407213830.655:1598</Value>
          <Value>objectClass:1598:1:55a73700-c891-46fd-8f5c-72bc827f2ef5:20160407213830.655:1598</Value>
          <Value>objectGUID:1598:1:55a73700-c891-46fd-8f5c-72bc827f2ef5:20160407213830.655:1598</Value>
          <Value>oMSyntax:1598:1:55a73700-c891-46fd-8f5c-72bc827f2ef5:20160407213830.655:1598</Value>
          <Value>schemaIDGUID:1598:1:55a73700-c891-46fd-8f5c-72bc827f2ef5:20160407213830.655:1598</Value>
          <Value>uSNChanged:1598:1:55a73700-c891-46fd-8f5c-72bc827f2ef5:20160407213830.655:1598</Value>
          <Value>uSNCreated:1598:1:55a73700-c891-46fd-8f5c-72bc827f2ef5:20160407213830.655:1598</Value>
          <Value>vmwAttributeUsage:1598:1:55a73700-c891-46fd-8f5c-72bc827f2ef5:20160407213830.655:1598</Value>
        </AttributeMetadata>
      </AttributeSchemaEntry>
      <AttributeSchemaEntry>
        <Name>printCollate</Name>
        <AttributeMetadata>
          <Value>attributeID:1144:1:55a73700-c891-46fd-8f5c-72bc827f2ef5:20160407213829.894:1144</Value>
          <Value>attributeSyntax:1144:1:55a73700-c891-46fd-8f5c-72bc827f2ef5:20160407213829.894:1144</Value>
          <Value>cn:1144:1:55a73700-c891-46fd-8f5c-72bc827f2ef5:20160407213829.894:1144</Value>
          <Value>createTimeStamp:1144:1:55a73700-c891-46fd-8f5c-72bc827f2ef5:20160407213829.894:1144</Value>
          <Value>entryDN:1144:1:55a73700-c891-46fd-8f5c-72bc827f2ef5:20160407213829.894:1144</Value>
          <Value>isSingleValued:1144:1:55a73700-c891-46fd-8f5c-72bc827f2ef5:20160407213829.894:1144</Value>
          <Value>lDAPDisplayName:1144:1:55a73700-c891-46fd-8f5c-72bc827f2ef5:20160407213829.894:1144</Value>
          <Value>modifyTimeStamp:1144:1:55a73700-c891-46fd-8f5c-72bc827f2ef5:20160407213829.894:1144</Value>
          <Value>objectClass:1144:1:55a73700-c891-46fd-8f5c-72bc827f2ef5:20160407213829.894:1144</Value>
          <Value>objectGUID:1144:1:55a73700-c891-46fd-8f5c-72bc827f2ef5:20160407213829.894:1144</Value>
          <Value>oMSyntax:1144:1:55a73700-c891-46fd-8f5c-72bc827f2ef5:20160407213829.894:1144</Value>
          <Value>schemaIDGUID:1144:1:55a73700-c891-46fd-8f5c-72bc827f2ef5:20160407213829.894:1144</Value>
          <Value>uSNChanged:1144:1:55a73700-c891-46fd-8f5c-72bc827f2ef5:20160407213829.894:1144</Value>
          <Value>uSNCreated:1144:1:55a73700-c891-46fd-8f5c-72bc827f2ef5:20160407213829.894:1144</Value>
          <Value>vmwAttributeUsage:1144:1:55a73700-c891-46fd-8f5c-72bc827f2ef5:20160407213829.894:1144</Value>
        </AttributeMetadata>
      </AttributeSchemaEntry>
      <AttributeSchemaEntry>
        <Name>printColor</Name>
        <AttributeMetadata>
          <Value>attributeID:1723:1:55a73700-c891-46fd-8f5c-72bc827f2ef5:20160407213830.868:1723</Value>
          <Value>attributeSyntax:1723:1:55a73700-c891-46fd-8f5c-72bc827f2ef5:20160407213830.868:1723</Value>
          <Value>cn:1723:1:55a73700-c891-46fd-8f5c-72bc827f2ef5:20160407213830.868:1723</Value>
          <Value>createTimeStamp:1723:1:55a73700-c891-46fd-8f5c-72bc827f2ef5:20160407213830.868:1723</Value>
          <Value>entryDN:1723:1:55a73700-c891-46fd-8f5c-72bc827f2ef5:20160407213830.868:1723</Value>
          <Value>isSingleValued:1723:1:55a73700-c891-46fd-8f5c-72bc827f2ef5:20160407213830.868:1723</Value>
          <Value>lDAPDisplayName:1723:1:55a73700-c891-46fd-8f5c-72bc827f2ef5:20160407213830.868:1723</Value>
          <Value>modifyTimeStamp:1723:1:55a73700-c891-46fd-8f5c-72bc827f2ef5:20160407213830.868:1723</Value>
          <Value>objectClass:1723:1:55a73700-c891-46fd-8f5c-72bc827f2ef5:20160407213830.868:1723</Value>
          <Value>objectGUID:1723:1:55a73700-c891-46fd-8f5c-72bc827f2ef5:20160407213830.868:1723</Value>
          <Value>oMSyntax:1723:1:55a73700-c891-46fd-8f5c-72bc827f2ef5:20160407213830.868:1723</Value>
          <Value>schemaIDGUID:1723:1:55a73700-c891-46fd-8f5c-72bc827f2ef5:20160407213830.868:1723</Value>
          <Value>uSNChanged:1723:1:55a73700-c891-46fd-8f5c-72bc827f2ef5:20160407213830.868:1723</Value>
          <Value>uSNCreated:1723:1:55a73700-c891-46fd-8f5c-72bc827f2ef5:20160407213830.868:1723</Value>
          <Value>vmwAttributeUsage:1723:1:55a73700-c891-46fd-8f5c-72bc827f2ef5:20160407213830.868:1723</Value>
        </AttributeMetadata>
      </AttributeSchemaEntry>
      <AttributeSchemaEntry>
        <Name>printDuplexSupported</Name>
        <AttributeMetadata>
          <Value>attributeID:1503:1:55a73700-c891-46fd-8f5c-72bc827f2ef5:20160407213830.499:1503</Value>
          <Value>attributeSyntax:1503:1:55a73700-c891-46fd-8f5c-72bc827f2ef5:20160407213830.499:1503</Value>
          <Value>cn:1503:1:55a73700-c891-46fd-8f5c-72bc827f2ef5:20160407213830.499:1503</Value>
          <Value>createTimeStamp:1503:1:55a73700-c891-46fd-8f5c-72bc827f2ef5:20160407213830.499:1503</Value>
          <Value>entryDN:1503:1:55a73700-c891-46fd-8f5c-72bc827f2ef5:20160407213830.499:1503</Value>
          <Value>isSingleValued:1503:1:55a73700-c891-46fd-8f5c-72bc827f2ef5:20160407213830.499:1503</Value>
          <Value>lDAPDisplayName:1503:1:55a73700-c891-46fd-8f5c-72bc827f2ef5:20160407213830.499:1503</Value>
          <Value>modifyTimeStamp:1503:1:55a73700-c891-46fd-8f5c-72bc827f2ef5:20160407213830.499:1503</Value>
          <Value>objectClass:1503:1:55a73700-c891-46fd-8f5c-72bc827f2ef5:20160407213830.499:1503</Value>
          <Value>objectGUID:1503:1:55a73700-c891-46fd-8f5c-72bc827f2ef5:20160407213830.499:1503</Value>
          <Value>oMSyntax:1503:1:55a73700-c891-46fd-8f5c-72bc827f2ef5:20160407213830.499:1503</Value>
          <Value>schemaIDGUID:1503:1:55a73700-c891-46fd-8f5c-72bc827f2ef5:20160407213830.499:1503</Value>
          <Value>uSNChanged:1503:1:55a73700-c891-46fd-8f5c-72bc827f2ef5:20160407213830.499:1503</Value>
          <Value>uSNCreated:1503:1:55a73700-c891-46fd-8f5c-72bc827f2ef5:20160407213830.499:1503</Value>
          <Value>vmwAttributeUsage:1503:1:55a73700-c891-46fd-8f5c-72bc827f2ef5:20160407213830.499:1503</Value>
        </AttributeMetadata>
      </AttributeSchemaEntry>
      <AttributeSchemaEntry>
        <Name>printEndTime</Name>
        <AttributeMetadata>
          <Value>attributeID:1447:1:55a73700-c891-46fd-8f5c-72bc827f2ef5:20160407213830.407:1447</Value>
          <Value>attributeSyntax:1447:1:55a73700-c891-46fd-8f5c-72bc827f2ef5:20160407213830.407:1447</Value>
          <Value>cn:1447:1:55a73700-c891-46fd-8f5c-72bc827f2ef5:20160407213830.407:1447</Value>
          <Value>createTimeStamp:1447:1:55a73700-c891-46fd-8f5c-72bc827f2ef5:20160407213830.407:1447</Value>
          <Value>entryDN:1447:1:55a73700-c891-46fd-8f5c-72bc827f2ef5:20160407213830.407:1447</Value>
          <Value>isSingleValued:1447:1:55a73700-c891-46fd-8f5c-72bc827f2ef5:20160407213830.407:1447</Value>
          <Value>lDAPDisplayName:1447:1:55a73700-c891-46fd-8f5c-72bc827f2ef5:20160407213830.407:1447</Value>
          <Value>modifyTimeStamp:1447:1:55a73700-c891-46fd-8f5c-72bc827f2ef5:20160407213830.407:1447</Value>
          <Value>objectClass:1447:1:55a73700-c891-46fd-8f5c-72bc827f2ef5:20160407213830.407:1447</Value>
          <Value>objectGUID:1447:1:55a73700-c891-46fd-8f5c-72bc827f2ef5:20160407213830.407:1447</Value>
          <Value>oMSyntax:1447:1:55a73700-c891-46fd-8f5c-72bc827f2ef5:20160407213830.407:1447</Value>
          <Value>schemaIDGUID:1447:1:55a73700-c891-46fd-8f5c-72bc827f2ef5:20160407213830.407:1447</Value>
          <Value>uSNChanged:1447:1:55a73700-c891-46fd-8f5c-72bc827f2ef5:20160407213830.407:1447</Value>
          <Value>uSNCreated:1447:1:55a73700-c891-46fd-8f5c-72bc827f2ef5:20160407213830.407:1447</Value>
          <Value>vmwAttributeUsage:1447:1:55a73700-c891-46fd-8f5c-72bc827f2ef5:20160407213830.407:1447</Value>
        </AttributeMetadata>
      </AttributeSchemaEntry>
      <AttributeSchemaEntry>
        <Name>printerName</Name>
        <AttributeMetadata>
          <Value>attributeID:1572:1:55a73700-c891-46fd-8f5c-72bc827f2ef5:20160407213830.612:1572</Value>
          <Value>attributeSyntax:1572:1:55a73700-c891-46fd-8f5c-72bc827f2ef5:20160407213830.612:1572</Value>
          <Value>cn:1572:1:55a73700-c891-46fd-8f5c-72bc827f2ef5:20160407213830.612:1572</Value>
          <Value>createTimeStamp:1572:1:55a73700-c891-46fd-8f5c-72bc827f2ef5:20160407213830.612:1572</Value>
          <Value>entryDN:1572:1:55a73700-c891-46fd-8f5c-72bc827f2ef5:20160407213830.612:1572</Value>
          <Value>isSingleValued:1572:1:55a73700-c891-46fd-8f5c-72bc827f2ef5:20160407213830.612:1572</Value>
          <Value>lDAPDisplayName:1572:1:55a73700-c891-46fd-8f5c-72bc827f2ef5:20160407213830.612:1572</Value>
          <Value>modifyTimeStamp:1572:1:55a73700-c891-46fd-8f5c-72bc827f2ef5:20160407213830.612:1572</Value>
          <Value>objectClass:1572:1:55a73700-c891-46fd-8f5c-72bc827f2ef5:20160407213830.612:1572</Value>
          <Value>objectGUID:1572:1:55a73700-c891-46fd-8f5c-72bc827f2ef5:20160407213830.612:1572</Value>
          <Value>oMSyntax:1572:1:55a73700-c891-46fd-8f5c-72bc827f2ef5:20160407213830.612:1572</Value>
          <Value>schemaIDGUID:1572:1:55a73700-c891-46fd-8f5c-72bc827f2ef5:20160407213830.612:1572</Value>
          <Value>uSNChanged:1572:1:55a73700-c891-46fd-8f5c-72bc827f2ef5:20160407213830.612:1572</Value>
          <Value>uSNCreated:1572:1:55a73700-c891-46fd-8f5c-72bc827f2ef5:20160407213830.612:1572</Value>
          <Value>vmwAttributeUsage:1572:1:55a73700-c891-46fd-8f5c-72bc827f2ef5:20160407213830.612:1572</Value>
        </AttributeMetadata>
      </AttributeSchemaEntry>
      <AttributeSchemaEntry>
        <Name>printFormName</Name>
        <AttributeMetadata>
          <Value>attributeID:756:1:55a73700-c891-46fd-8f5c-72bc827f2ef5:20160407213829.213:756</Value>
          <Value>attributeSyntax:756:1:55a73700-c891-46fd-8f5c-72bc827f2ef5:20160407213829.213:756</Value>
          <Value>cn:756:1:55a73700-c891-46fd-8f5c-72bc827f2ef5:20160407213829.213:756</Value>
          <Value>createTimeStamp:756:1:55a73700-c891-46fd-8f5c-72bc827f2ef5:20160407213829.213:756</Value>
          <Value>entryDN:756:1:55a73700-c891-46fd-8f5c-72bc827f2ef5:20160407213829.213:756</Value>
          <Value>isSingleValued:756:1:55a73700-c891-46fd-8f5c-72bc827f2ef5:20160407213829.213:756</Value>
          <Value>lDAPDisplayName:756:1:55a73700-c891-46fd-8f5c-72bc827f2ef5:20160407213829.213:756</Value>
          <Value>modifyTimeStamp:756:1:55a73700-c891-46fd-8f5c-72bc827f2ef5:20160407213829.213:756</Value>
          <Value>objectClass:756:1:55a73700-c891-46fd-8f5c-72bc827f2ef5:20160407213829.213:756</Value>
          <Value>objectGUID:756:1:55a73700-c891-46fd-8f5c-72bc827f2ef5:20160407213829.213:756</Value>
          <Value>oMSyntax:756:1:55a73700-c891-46fd-8f5c-72bc827f2ef5:20160407213829.213:756</Value>
          <Value>schemaIDGUID:756:1:55a73700-c891-46fd-8f5c-72bc827f2ef5:20160407213829.213:756</Value>
          <Value>uSNChanged:756:1:55a73700-c891-46fd-8f5c-72bc827f2ef5:20160407213829.213:756</Value>
          <Value>uSNCreated:756:1:55a73700-c891-46fd-8f5c-72bc827f2ef5:20160407213829.213:756</Value>
          <Value>vmwAttributeUsage:756:1:55a73700-c891-46fd-8f5c-72bc827f2ef5:20160407213829.213:756</Value>
        </AttributeMetadata>
      </AttributeSchemaEntry>
      <AttributeSchemaEntry>
        <Name>printKeepPrintedJobs</Name>
        <AttributeMetadata>
          <Value>attributeID:191:1:55a73700-c891-46fd-8f5c-72bc827f2ef5:20160407213828.305:191</Value>
          <Value>attributeSyntax:191:1:55a73700-c891-46fd-8f5c-72bc827f2ef5:20160407213828.305:191</Value>
          <Value>cn:191:1:55a73700-c891-46fd-8f5c-72bc827f2ef5:20160407213828.305:191</Value>
          <Value>createTimeStamp:191:1:55a73700-c891-46fd-8f5c-72bc827f2ef5:20160407213828.305:191</Value>
          <Value>entryDN:191:1:55a73700-c891-46fd-8f5c-72bc827f2ef5:20160407213828.305:191</Value>
          <Value>isSingleValued:191:1:55a73700-c891-46fd-8f5c-72bc827f2ef5:20160407213828.305:191</Value>
          <Value>lDAPDisplayName:191:1:55a73700-c891-46fd-8f5c-72bc827f2ef5:20160407213828.305:191</Value>
          <Value>modifyTimeStamp:191:1:55a73700-c891-46fd-8f5c-72bc827f2ef5:20160407213828.305:191</Value>
          <Value>objectClass:191:1:55a73700-c891-46fd-8f5c-72bc827f2ef5:20160407213828.305:191</Value>
          <Value>objectGUID:191:1:55a73700-c891-46fd-8f5c-72bc827f2ef5:20160407213828.305:191</Value>
          <Value>oMSyntax:191:1:55a73700-c891-46fd-8f5c-72bc827f2ef5:20160407213828.305:191</Value>
          <Value>schemaIDGUID:191:1:55a73700-c891-46fd-8f5c-72bc827f2ef5:20160407213828.305:191</Value>
          <Value>uSNChanged:191:1:55a73700-c891-46fd-8f5c-72bc827f2ef5:20160407213828.305:191</Value>
          <Value>uSNCreated:191:1:55a73700-c891-46fd-8f5c-72bc827f2ef5:20160407213828.305:191</Value>
          <Value>vmwAttributeUsage:191:1:55a73700-c891-46fd-8f5c-72bc827f2ef5:20160407213828.305:191</Value>
        </AttributeMetadata>
      </AttributeSchemaEntry>
      <AttributeSchemaEntry>
        <Name>printLanguage</Name>
        <AttributeMetadata>
          <Value>attributeID:1254:1:55a73700-c891-46fd-8f5c-72bc827f2ef5:20160407213830.090:1254</Value>
          <Value>attributeSyntax:1254:1:55a73700-c891-46fd-8f5c-72bc827f2ef5:20160407213830.090:1254</Value>
          <Value>cn:1254:1:55a73700-c891-46fd-8f5c-72bc827f2ef5:20160407213830.090:1254</Value>
          <Value>createTimeStamp:1254:1:55a73700-c891-46fd-8f5c-72bc827f2ef5:20160407213830.090:1254</Value>
          <Value>entryDN:1254:1:55a73700-c891-46fd-8f5c-72bc827f2ef5:20160407213830.090:1254</Value>
          <Value>isSingleValued:1254:1:55a73700-c891-46fd-8f5c-72bc827f2ef5:20160407213830.090:1254</Value>
          <Value>lDAPDisplayName:1254:1:55a73700-c891-46fd-8f5c-72bc827f2ef5:20160407213830.090:1254</Value>
          <Value>modifyTimeStamp:1254:1:55a73700-c891-46fd-8f5c-72bc827f2ef5:20160407213830.090:1254</Value>
          <Value>objectClass:1254:1:55a73700-c891-46fd-8f5c-72bc827f2ef5:20160407213830.090:1254</Value>
          <Value>objectGUID:1254:1:55a73700-c891-46fd-8f5c-72bc827f2ef5:20160407213830.090:1254</Value>
          <Value>oMSyntax:1254:1:55a73700-c891-46fd-8f5c-72bc827f2ef5:20160407213830.090:1254</Value>
          <Value>schemaIDGUID:1254:1:55a73700-c891-46fd-8f5c-72bc827f2ef5:20160407213830.090:1254</Value>
          <Value>uSNChanged:1254:1:55a73700-c891-46fd-8f5c-72bc827f2ef5:20160407213830.090:1254</Value>
          <Value>uSNCreated:1254:1:55a73700-c891-46fd-8f5c-72bc827f2ef5:20160407213830.090:1254</Value>
          <Value>vmwAttributeUsage:1254:1:55a73700-c891-46fd-8f5c-72bc827f2ef5:20160407213830.090:1254</Value>
        </AttributeMetadata>
      </AttributeSchemaEntry>
      <AttributeSchemaEntry>
        <Name>printMACAddress</Name>
        <AttributeMetadata>
          <Value>attributeID:214:1:55a73700-c891-46fd-8f5c-72bc827f2ef5:20160407213828.335:214</Value>
          <Value>attributeSyntax:214:1:55a73700-c891-46fd-8f5c-72bc827f2ef5:20160407213828.335:214</Value>
          <Value>cn:214:1:55a73700-c891-46fd-8f5c-72bc827f2ef5:20160407213828.335:214</Value>
          <Value>createTimeStamp:214:1:55a73700-c891-46fd-8f5c-72bc827f2ef5:20160407213828.335:214</Value>
          <Value>entryDN:214:1:55a73700-c891-46fd-8f5c-72bc827f2ef5:20160407213828.335:214</Value>
          <Value>isSingleValued:214:1:55a73700-c891-46fd-8f5c-72bc827f2ef5:20160407213828.335:214</Value>
          <Value>lDAPDisplayName:214:1:55a73700-c891-46fd-8f5c-72bc827f2ef5:20160407213828.335:214</Value>
          <Value>modifyTimeStamp:214:1:55a73700-c891-46fd-8f5c-72bc827f2ef5:20160407213828.335:214</Value>
          <Value>objectClass:214:1:55a73700-c891-46fd-8f5c-72bc827f2ef5:20160407213828.335:214</Value>
          <Value>objectGUID:214:1:55a73700-c891-46fd-8f5c-72bc827f2ef5:20160407213828.335:214</Value>
          <Value>oMSyntax:214:1:55a73700-c891-46fd-8f5c-72bc827f2ef5:20160407213828.335:214</Value>
          <Value>schemaIDGUID:214:1:55a73700-c891-46fd-8f5c-72bc827f2ef5:20160407213828.335:214</Value>
          <Value>uSNChanged:214:1:55a73700-c891-46fd-8f5c-72bc827f2ef5:20160407213828.335:214</Value>
          <Value>uSNCreated:214:1:55a73700-c891-46fd-8f5c-72bc827f2ef5:20160407213828.335:214</Value>
          <Value>vmwAttributeUsage:214:1:55a73700-c891-46fd-8f5c-72bc827f2ef5:20160407213828.335:214</Value>
        </AttributeMetadata>
      </AttributeSchemaEntry>
      <AttributeSchemaEntry>
        <Name>printMaxCopies</Name>
        <AttributeMetadata>
          <Value>attributeID:1093:1:55a73700-c891-46fd-8f5c-72bc827f2ef5:20160407213829.802:1093</Value>
          <Value>attributeSyntax:1093:1:55a73700-c891-46fd-8f5c-72bc827f2ef5:20160407213829.802:1093</Value>
          <Value>cn:1093:1:55a73700-c891-46fd-8f5c-72bc827f2ef5:20160407213829.802:1093</Value>
          <Value>createTimeStamp:1093:1:55a73700-c891-46fd-8f5c-72bc827f2ef5:20160407213829.802:1093</Value>
          <Value>entryDN:1093:1:55a73700-c891-46fd-8f5c-72bc827f2ef5:20160407213829.802:1093</Value>
          <Value>isSingleValued:1093:1:55a73700-c891-46fd-8f5c-72bc827f2ef5:20160407213829.802:1093</Value>
          <Value>lDAPDisplayName:1093:1:55a73700-c891-46fd-8f5c-72bc827f2ef5:20160407213829.802:1093</Value>
          <Value>modifyTimeStamp:1093:1:55a73700-c891-46fd-8f5c-72bc827f2ef5:20160407213829.802:1093</Value>
          <Value>objectClass:1093:1:55a73700-c891-46fd-8f5c-72bc827f2ef5:20160407213829.802:1093</Value>
          <Value>objectGUID:1093:1:55a73700-c891-46fd-8f5c-72bc827f2ef5:20160407213829.802:1093</Value>
          <Value>oMSyntax:1093:1:55a73700-c891-46fd-8f5c-72bc827f2ef5:20160407213829.802:1093</Value>
          <Value>schemaIDGUID:1093:1:55a73700-c891-46fd-8f5c-72bc827f2ef5:20160407213829.802:1093</Value>
          <Value>uSNChanged:1093:1:55a73700-c891-46fd-8f5c-72bc827f2ef5:20160407213829.802:1093</Value>
          <Value>uSNCreated:1093:1:55a73700-c891-46fd-8f5c-72bc827f2ef5:20160407213829.802:1093</Value>
          <Value>vmwAttributeUsage:1093:1:55a73700-c891-46fd-8f5c-72bc827f2ef5:20160407213829.802:1093</Value>
        </AttributeMetadata>
      </AttributeSchemaEntry>
      <AttributeSchemaEntry>
        <Name>printMaxResolutionSupported</Name>
        <AttributeMetadata>
          <Value>attributeID:960:1:55a73700-c891-46fd-8f5c-72bc827f2ef5:20160407213829.563:960</Value>
          <Value>attributeSyntax:960:1:55a73700-c891-46fd-8f5c-72bc827f2ef5:20160407213829.563:960</Value>
          <Value>cn:960:1:55a73700-c891-46fd-8f5c-72bc827f2ef5:20160407213829.563:960</Value>
          <Value>createTimeStamp:960:1:55a73700-c891-46fd-8f5c-72bc827f2ef5:20160407213829.563:960</Value>
          <Value>entryDN:960:1:55a73700-c891-46fd-8f5c-72bc827f2ef5:20160407213829.563:960</Value>
          <Value>isSingleValued:960:1:55a73700-c891-46fd-8f5c-72bc827f2ef5:20160407213829.563:960</Value>
          <Value>lDAPDisplayName:960:1:55a73700-c891-46fd-8f5c-72bc827f2ef5:20160407213829.563:960</Value>
          <Value>modifyTimeStamp:960:1:55a73700-c891-46fd-8f5c-72bc827f2ef5:20160407213829.563:960</Value>
          <Value>objectClass:960:1:55a73700-c891-46fd-8f5c-72bc827f2ef5:20160407213829.563:960</Value>
          <Value>objectGUID:960:1:55a73700-c891-46fd-8f5c-72bc827f2ef5:20160407213829.563:960</Value>
          <Value>oMSyntax:960:1:55a73700-c891-46fd-8f5c-72bc827f2ef5:20160407213829.563:960</Value>
          <Value>schemaIDGUID:960:1:55a73700-c891-46fd-8f5c-72bc827f2ef5:20160407213829.563:960</Value>
          <Value>uSNChanged:960:1:55a73700-c891-46fd-8f5c-72bc827f2ef5:20160407213829.563:960</Value>
          <Value>uSNCreated:960:1:55a73700-c891-46fd-8f5c-72bc827f2ef5:20160407213829.563:960</Value>
          <Value>vmwAttributeUsage:960:1:55a73700-c891-46fd-8f5c-72bc827f2ef5:20160407213829.563:960</Value>
        </AttributeMetadata>
      </AttributeSchemaEntry>
      <AttributeSchemaEntry>
        <Name>printMaxXExtent</Name>
        <AttributeMetadata>
          <Value>attributeID:694:1:55a73700-c891-46fd-8f5c-72bc827f2ef5:20160407213829.115:694</Value>
          <Value>attributeSyntax:694:1:55a73700-c891-46fd-8f5c-72bc827f2ef5:20160407213829.115:694</Value>
          <Value>cn:694:1:55a73700-c891-46fd-8f5c-72bc827f2ef5:20160407213829.115:694</Value>
          <Value>createTimeStamp:694:1:55a73700-c891-46fd-8f5c-72bc827f2ef5:20160407213829.115:694</Value>
          <Value>entryDN:694:1:55a73700-c891-46fd-8f5c-72bc827f2ef5:20160407213829.115:694</Value>
          <Value>isSingleValued:694:1:55a73700-c891-46fd-8f5c-72bc827f2ef5:20160407213829.115:694</Value>
          <Value>lDAPDisplayName:694:1:55a73700-c891-46fd-8f5c-72bc827f2ef5:20160407213829.115:694</Value>
          <Value>modifyTimeStamp:694:1:55a73700-c891-46fd-8f5c-72bc827f2ef5:20160407213829.115:694</Value>
          <Value>objectClass:694:1:55a73700-c891-46fd-8f5c-72bc827f2ef5:20160407213829.115:694</Value>
          <Value>objectGUID:694:1:55a73700-c891-46fd-8f5c-72bc827f2ef5:20160407213829.115:694</Value>
          <Value>oMSyntax:694:1:55a73700-c891-46fd-8f5c-72bc827f2ef5:20160407213829.115:694</Value>
          <Value>schemaIDGUID:694:1:55a73700-c891-46fd-8f5c-72bc827f2ef5:20160407213829.115:694</Value>
          <Value>uSNChanged:694:1:55a73700-c891-46fd-8f5c-72bc827f2ef5:20160407213829.115:694</Value>
          <Value>uSNCreated:694:1:55a73700-c891-46fd-8f5c-72bc827f2ef5:20160407213829.115:694</Value>
          <Value>vmwAttributeUsage:694:1:55a73700-c891-46fd-8f5c-72bc827f2ef5:20160407213829.115:694</Value>
        </AttributeMetadata>
      </AttributeSchemaEntry>
      <AttributeSchemaEntry>
        <Name>printMaxYExtent</Name>
        <AttributeMetadata>
          <Value>attributeID:936:1:55a73700-c891-46fd-8f5c-72bc827f2ef5:20160407213829.529:936</Value>
          <Value>attributeSyntax:936:1:55a73700-c891-46fd-8f5c-72bc827f2ef5:20160407213829.529:936</Value>
          <Value>cn:936:1:55a73700-c891-46fd-8f5c-72bc827f2ef5:20160407213829.529:936</Value>
          <Value>createTimeStamp:936:1:55a73700-c891-46fd-8f5c-72bc827f2ef5:20160407213829.529:936</Value>
          <Value>entryDN:936:1:55a73700-c891-46fd-8f5c-72bc827f2ef5:20160407213829.529:936</Value>
          <Value>isSingleValued:936:1:55a73700-c891-46fd-8f5c-72bc827f2ef5:20160407213829.529:936</Value>
          <Value>lDAPDisplayName:936:1:55a73700-c891-46fd-8f5c-72bc827f2ef5:20160407213829.529:936</Value>
          <Value>modifyTimeStamp:936:1:55a73700-c891-46fd-8f5c-72bc827f2ef5:20160407213829.529:936</Value>
          <Value>objectClass:936:1:55a73700-c891-46fd-8f5c-72bc827f2ef5:20160407213829.529:936</Value>
          <Value>objectGUID:936:1:55a73700-c891-46fd-8f5c-72bc827f2ef5:20160407213829.529:936</Value>
          <Value>oMSyntax:936:1:55a73700-c891-46fd-8f5c-72bc827f2ef5:20160407213829.529:936</Value>
          <Value>schemaIDGUID:936:1:55a73700-c891-46fd-8f5c-72bc827f2ef5:20160407213829.529:936</Value>
          <Value>uSNChanged:936:1:55a73700-c891-46fd-8f5c-72bc827f2ef5:20160407213829.529:936</Value>
          <Value>uSNCreated:936:1:55a73700-c891-46fd-8f5c-72bc827f2ef5:20160407213829.529:936</Value>
          <Value>vmwAttributeUsage:936:1:55a73700-c891-46fd-8f5c-72bc827f2ef5:20160407213829.529:936</Value>
        </AttributeMetadata>
      </AttributeSchemaEntry>
      <AttributeSchemaEntry>
        <Name>printMediaReady</Name>
        <AttributeMetadata>
          <Value>attributeID:1579:1:55a73700-c891-46fd-8f5c-72bc827f2ef5:20160407213830.624:1579</Value>
          <Value>attributeSyntax:1579:1:55a73700-c891-46fd-8f5c-72bc827f2ef5:20160407213830.624:1579</Value>
          <Value>cn:1579:1:55a73700-c891-46fd-8f5c-72bc827f2ef5:20160407213830.624:1579</Value>
          <Value>createTimeStamp:1579:1:55a73700-c891-46fd-8f5c-72bc827f2ef5:20160407213830.624:1579</Value>
          <Value>entryDN:1579:1:55a73700-c891-46fd-8f5c-72bc827f2ef5:20160407213830.624:1579</Value>
          <Value>isSingleValued:1579:1:55a73700-c891-46fd-8f5c-72bc827f2ef5:20160407213830.624:1579</Value>
          <Value>lDAPDisplayName:1579:1:55a73700-c891-46fd-8f5c-72bc827f2ef5:20160407213830.624:1579</Value>
          <Value>modifyTimeStamp:1579:1:55a73700-c891-46fd-8f5c-72bc827f2ef5:20160407213830.624:1579</Value>
          <Value>objectClass:1579:1:55a73700-c891-46fd-8f5c-72bc827f2ef5:20160407213830.624:1579</Value>
          <Value>objectGUID:1579:1:55a73700-c891-46fd-8f5c-72bc827f2ef5:20160407213830.624:1579</Value>
          <Value>oMSyntax:1579:1:55a73700-c891-46fd-8f5c-72bc827f2ef5:20160407213830.624:1579</Value>
          <Value>schemaIDGUID:1579:1:55a73700-c891-46fd-8f5c-72bc827f2ef5:20160407213830.624:1579</Value>
          <Value>uSNChanged:1579:1:55a73700-c891-46fd-8f5c-72bc827f2ef5:20160407213830.624:1579</Value>
          <Value>uSNCreated:1579:1:55a73700-c891-46fd-8f5c-72bc827f2ef5:20160407213830.624:1579</Value>
          <Value>vmwAttributeUsage:1579:1:55a73700-c891-46fd-8f5c-72bc827f2ef5:20160407213830.624:1579</Value>
        </AttributeMetadata>
      </AttributeSchemaEntry>
      <AttributeSchemaEntry>
        <Name>printMediaSupported</Name>
        <AttributeMetadata>
          <Value>attributeID:710:1:55a73700-c891-46fd-8f5c-72bc827f2ef5:20160407213829.140:710</Value>
          <Value>attributeSyntax:710:1:55a73700-c891-46fd-8f5c-72bc827f2ef5:20160407213829.140:710</Value>
          <Value>cn:710:1:55a73700-c891-46fd-8f5c-72bc827f2ef5:20160407213829.140:710</Value>
          <Value>createTimeStamp:710:1:55a73700-c891-46fd-8f5c-72bc827f2ef5:20160407213829.140:710</Value>
          <Value>entryDN:710:1:55a73700-c891-46fd-8f5c-72bc827f2ef5:20160407213829.140:710</Value>
          <Value>isSingleValued:710:1:55a73700-c891-46fd-8f5c-72bc827f2ef5:20160407213829.140:710</Value>
          <Value>lDAPDisplayName:710:1:55a73700-c891-46fd-8f5c-72bc827f2ef5:20160407213829.140:710</Value>
          <Value>modifyTimeStamp:710:1:55a73700-c891-46fd-8f5c-72bc827f2ef5:20160407213829.140:710</Value>
          <Value>objectClass:710:1:55a73700-c891-46fd-8f5c-72bc827f2ef5:20160407213829.140:710</Value>
          <Value>objectGUID:710:1:55a73700-c891-46fd-8f5c-72bc827f2ef5:20160407213829.140:710</Value>
          <Value>oMSyntax:710:1:55a73700-c891-46fd-8f5c-72bc827f2ef5:20160407213829.140:710</Value>
          <Value>schemaIDGUID:710:1:55a73700-c891-46fd-8f5c-72bc827f2ef5:20160407213829.140:710</Value>
          <Value>uSNChanged:710:1:55a73700-c891-46fd-8f5c-72bc827f2ef5:20160407213829.140:710</Value>
          <Value>uSNCreated:710:1:55a73700-c891-46fd-8f5c-72bc827f2ef5:20160407213829.140:710</Value>
          <Value>vmwAttributeUsage:710:1:55a73700-c891-46fd-8f5c-72bc827f2ef5:20160407213829.140:710</Value>
        </AttributeMetadata>
      </AttributeSchemaEntry>
      <AttributeSchemaEntry>
        <Name>printMemory</Name>
        <AttributeMetadata>
          <Value>attributeID:651:1:55a73700-c891-46fd-8f5c-72bc827f2ef5:20160407213829.036:651</Value>
          <Value>attributeSyntax:651:1:55a73700-c891-46fd-8f5c-72bc827f2ef5:20160407213829.036:651</Value>
          <Value>cn:651:1:55a73700-c891-46fd-8f5c-72bc827f2ef5:20160407213829.036:651</Value>
          <Value>createTimeStamp:651:1:55a73700-c891-46fd-8f5c-72bc827f2ef5:20160407213829.036:651</Value>
          <Value>entryDN:651:1:55a73700-c891-46fd-8f5c-72bc827f2ef5:20160407213829.036:651</Value>
          <Value>isSingleValued:651:1:55a73700-c891-46fd-8f5c-72bc827f2ef5:20160407213829.036:651</Value>
          <Value>lDAPDisplayName:651:1:55a73700-c891-46fd-8f5c-72bc827f2ef5:20160407213829.036:651</Value>
          <Value>modifyTimeStamp:651:1:55a73700-c891-46fd-8f5c-72bc827f2ef5:20160407213829.036:651</Value>
          <Value>objectClass:651:1:55a73700-c891-46fd-8f5c-72bc827f2ef5:20160407213829.036:651</Value>
          <Value>objectGUID:651:1:55a73700-c891-46fd-8f5c-72bc827f2ef5:20160407213829.036:651</Value>
          <Value>oMSyntax:651:1:55a73700-c891-46fd-8f5c-72bc827f2ef5:20160407213829.036:651</Value>
          <Value>schemaIDGUID:651:1:55a73700-c891-46fd-8f5c-72bc827f2ef5:20160407213829.036:651</Value>
          <Value>uSNChanged:651:1:55a73700-c891-46fd-8f5c-72bc827f2ef5:20160407213829.036:651</Value>
          <Value>uSNCreated:651:1:55a73700-c891-46fd-8f5c-72bc827f2ef5:20160407213829.036:651</Value>
          <Value>vmwAttributeUsage:651:1:55a73700-c891-46fd-8f5c-72bc827f2ef5:20160407213829.036:651</Value>
        </AttributeMetadata>
      </AttributeSchemaEntry>
      <AttributeSchemaEntry>
        <Name>printMinXExtent</Name>
        <AttributeMetadata>
          <Value>attributeID:860:1:55a73700-c891-46fd-8f5c-72bc827f2ef5:20160407213829.392:860</Value>
          <Value>attributeSyntax:860:1:55a73700-c891-46fd-8f5c-72bc827f2ef5:20160407213829.392:860</Value>
          <Value>cn:860:1:55a73700-c891-46fd-8f5c-72bc827f2ef5:20160407213829.392:860</Value>
          <Value>createTimeStamp:860:1:55a73700-c891-46fd-8f5c-72bc827f2ef5:20160407213829.392:860</Value>
          <Value>entryDN:860:1:55a73700-c891-46fd-8f5c-72bc827f2ef5:20160407213829.392:860</Value>
          <Value>isSingleValued:860:1:55a73700-c891-46fd-8f5c-72bc827f2ef5:20160407213829.392:860</Value>
          <Value>lDAPDisplayName:860:1:55a73700-c891-46fd-8f5c-72bc827f2ef5:20160407213829.392:860</Value>
          <Value>modifyTimeStamp:860:1:55a73700-c891-46fd-8f5c-72bc827f2ef5:20160407213829.392:860</Value>
          <Value>objectClass:860:1:55a73700-c891-46fd-8f5c-72bc827f2ef5:20160407213829.392:860</Value>
          <Value>objectGUID:860:1:55a73700-c891-46fd-8f5c-72bc827f2ef5:20160407213829.392:860</Value>
          <Value>oMSyntax:860:1:55a73700-c891-46fd-8f5c-72bc827f2ef5:20160407213829.392:860</Value>
          <Value>schemaIDGUID:860:1:55a73700-c891-46fd-8f5c-72bc827f2ef5:20160407213829.392:860</Value>
          <Value>uSNChanged:860:1:55a73700-c891-46fd-8f5c-72bc827f2ef5:20160407213829.392:860</Value>
          <Value>uSNCreated:860:1:55a73700-c891-46fd-8f5c-72bc827f2ef5:20160407213829.392:860</Value>
          <Value>vmwAttributeUsage:860:1:55a73700-c891-46fd-8f5c-72bc827f2ef5:20160407213829.392:860</Value>
        </AttributeMetadata>
      </AttributeSchemaEntry>
      <AttributeSchemaEntry>
        <Name>printMinYExtent</Name>
        <AttributeMetadata>
          <Value>attributeID:1084:1:55a73700-c891-46fd-8f5c-72bc827f2ef5:20160407213829.783:1084</Value>
          <Value>attributeSyntax:1084:1:55a73700-c891-46fd-8f5c-72bc827f2ef5:20160407213829.783:1084</Value>
          <Value>cn:1084:1:55a73700-c891-46fd-8f5c-72bc827f2ef5:20160407213829.783:1084</Value>
          <Value>createTimeStamp:1084:1:55a73700-c891-46fd-8f5c-72bc827f2ef5:20160407213829.783:1084</Value>
          <Value>entryDN:1084:1:55a73700-c891-46fd-8f5c-72bc827f2ef5:20160407213829.783:1084</Value>
          <Value>isSingleValued:1084:1:55a73700-c891-46fd-8f5c-72bc827f2ef5:20160407213829.783:1084</Value>
          <Value>lDAPDisplayName:1084:1:55a73700-c891-46fd-8f5c-72bc827f2ef5:20160407213829.783:1084</Value>
          <Value>modifyTimeStamp:1084:1:55a73700-c891-46fd-8f5c-72bc827f2ef5:20160407213829.783:1084</Value>
          <Value>objectClass:1084:1:55a73700-c891-46fd-8f5c-72bc827f2ef5:20160407213829.783:1084</Value>
          <Value>objectGUID:1084:1:55a73700-c891-46fd-8f5c-72bc827f2ef5:20160407213829.783:1084</Value>
          <Value>oMSyntax:1084:1:55a73700-c891-46fd-8f5c-72bc827f2ef5:20160407213829.783:1084</Value>
          <Value>schemaIDGUID:1084:1:55a73700-c891-46fd-8f5c-72bc827f2ef5:20160407213829.783:1084</Value>
          <Value>uSNChanged:1084:1:55a73700-c891-46fd-8f5c-72bc827f2ef5:20160407213829.783:1084</Value>
          <Value>uSNCreated:1084:1:55a73700-c891-46fd-8f5c-72bc827f2ef5:20160407213829.783:1084</Value>
          <Value>vmwAttributeUsage:1084:1:55a73700-c891-46fd-8f5c-72bc827f2ef5:20160407213829.783:1084</Value>
        </AttributeMetadata>
      </AttributeSchemaEntry>
      <AttributeSchemaEntry>
        <Name>printNetworkAddress</Name>
        <AttributeMetadata>
          <Value>attributeID:1623:1:55a73700-c891-46fd-8f5c-72bc827f2ef5:20160407213830.692:1623</Value>
          <Value>attributeSyntax:1623:1:55a73700-c891-46fd-8f5c-72bc827f2ef5:20160407213830.692:1623</Value>
          <Value>cn:1623:1:55a73700-c891-46fd-8f5c-72bc827f2ef5:20160407213830.692:1623</Value>
          <Value>createTimeStamp:1623:1:55a73700-c891-46fd-8f5c-72bc827f2ef5:20160407213830.692:1623</Value>
          <Value>entryDN:1623:1:55a73700-c891-46fd-8f5c-72bc827f2ef5:20160407213830.692:1623</Value>
          <Value>isSingleValued:1623:1:55a73700-c891-46fd-8f5c-72bc827f2ef5:20160407213830.692:1623</Value>
          <Value>lDAPDisplayName:1623:1:55a73700-c891-46fd-8f5c-72bc827f2ef5:20160407213830.692:1623</Value>
          <Value>modifyTimeStamp:1623:1:55a73700-c891-46fd-8f5c-72bc827f2ef5:20160407213830.692:1623</Value>
          <Value>objectClass:1623:1:55a73700-c891-46fd-8f5c-72bc827f2ef5:20160407213830.692:1623</Value>
          <Value>objectGUID:1623:1:55a73700-c891-46fd-8f5c-72bc827f2ef5:20160407213830.692:1623</Value>
          <Value>oMSyntax:1623:1:55a73700-c891-46fd-8f5c-72bc827f2ef5:20160407213830.692:1623</Value>
          <Value>schemaIDGUID:1623:1:55a73700-c891-46fd-8f5c-72bc827f2ef5:20160407213830.692:1623</Value>
          <Value>uSNChanged:1623:1:55a73700-c891-46fd-8f5c-72bc827f2ef5:20160407213830.692:1623</Value>
          <Value>uSNCreated:1623:1:55a73700-c891-46fd-8f5c-72bc827f2ef5:20160407213830.692:1623</Value>
          <Value>vmwAttributeUsage:1623:1:55a73700-c891-46fd-8f5c-72bc827f2ef5:20160407213830.692:1623</Value>
        </AttributeMetadata>
      </AttributeSchemaEntry>
      <AttributeSchemaEntry>
        <Name>printNotify</Name>
        <AttributeMetadata>
          <Value>attributeID:506:1:55a73700-c891-46fd-8f5c-72bc827f2ef5:20160407213828.793:506</Value>
          <Value>attributeSyntax:506:1:55a73700-c891-46fd-8f5c-72bc827f2ef5:20160407213828.793:506</Value>
          <Value>cn:506:1:55a73700-c891-46fd-8f5c-72bc827f2ef5:20160407213828.793:506</Value>
          <Value>createTimeStamp:506:1:55a73700-c891-46fd-8f5c-72bc827f2ef5:20160407213828.793:506</Value>
          <Value>entryDN:506:1:55a73700-c891-46fd-8f5c-72bc827f2ef5:20160407213828.793:506</Value>
          <Value>isSingleValued:506:1:55a73700-c891-46fd-8f5c-72bc827f2ef5:20160407213828.793:506</Value>
          <Value>lDAPDisplayName:506:1:55a73700-c891-46fd-8f5c-72bc827f2ef5:20160407213828.793:506</Value>
          <Value>modifyTimeStamp:506:1:55a73700-c891-46fd-8f5c-72bc827f2ef5:20160407213828.793:506</Value>
          <Value>objectClass:506:1:55a73700-c891-46fd-8f5c-72bc827f2ef5:20160407213828.793:506</Value>
          <Value>objectGUID:506:1:55a73700-c891-46fd-8f5c-72bc827f2ef5:20160407213828.793:506</Value>
          <Value>oMSyntax:506:1:55a73700-c891-46fd-8f5c-72bc827f2ef5:20160407213828.793:506</Value>
          <Value>schemaIDGUID:506:1:55a73700-c891-46fd-8f5c-72bc827f2ef5:20160407213828.793:506</Value>
          <Value>uSNChanged:506:1:55a73700-c891-46fd-8f5c-72bc827f2ef5:20160407213828.793:506</Value>
          <Value>uSNCreated:506:1:55a73700-c891-46fd-8f5c-72bc827f2ef5:20160407213828.793:506</Value>
          <Value>vmwAttributeUsage:506:1:55a73700-c891-46fd-8f5c-72bc827f2ef5:20160407213828.793:506</Value>
        </AttributeMetadata>
      </AttributeSchemaEntry>
      <AttributeSchemaEntry>
        <Name>printNumberUp</Name>
        <AttributeMetadata>
          <Value>attributeID:1101:1:55a73700-c891-46fd-8f5c-72bc827f2ef5:20160407213829.825:1101</Value>
          <Value>attributeSyntax:1101:1:55a73700-c891-46fd-8f5c-72bc827f2ef5:20160407213829.825:1101</Value>
          <Value>cn:1101:1:55a73700-c891-46fd-8f5c-72bc827f2ef5:20160407213829.825:1101</Value>
          <Value>createTimeStamp:1101:1:55a73700-c891-46fd-8f5c-72bc827f2ef5:20160407213829.825:1101</Value>
          <Value>entryDN:1101:1:55a73700-c891-46fd-8f5c-72bc827f2ef5:20160407213829.825:1101</Value>
          <Value>isSingleValued:1101:1:55a73700-c891-46fd-8f5c-72bc827f2ef5:20160407213829.825:1101</Value>
          <Value>lDAPDisplayName:1101:1:55a73700-c891-46fd-8f5c-72bc827f2ef5:20160407213829.825:1101</Value>
          <Value>modifyTimeStamp:1101:1:55a73700-c891-46fd-8f5c-72bc827f2ef5:20160407213829.825:1101</Value>
          <Value>objectClass:1101:1:55a73700-c891-46fd-8f5c-72bc827f2ef5:20160407213829.825:1101</Value>
          <Value>objectGUID:1101:1:55a73700-c891-46fd-8f5c-72bc827f2ef5:20160407213829.825:1101</Value>
          <Value>oMSyntax:1101:1:55a73700-c891-46fd-8f5c-72bc827f2ef5:20160407213829.825:1101</Value>
          <Value>schemaIDGUID:1101:1:55a73700-c891-46fd-8f5c-72bc827f2ef5:20160407213829.825:1101</Value>
          <Value>uSNChanged:1101:1:55a73700-c891-46fd-8f5c-72bc827f2ef5:20160407213829.825:1101</Value>
          <Value>uSNCreated:1101:1:55a73700-c891-46fd-8f5c-72bc827f2ef5:20160407213829.825:1101</Value>
          <Value>vmwAttributeUsage:1101:1:55a73700-c891-46fd-8f5c-72bc827f2ef5:20160407213829.825:1101</Value>
        </AttributeMetadata>
      </AttributeSchemaEntry>
      <AttributeSchemaEntry>
        <Name>printOrientationsSupported</Name>
        <AttributeMetadata>
          <Value>attributeID:665:1:55a73700-c891-46fd-8f5c-72bc827f2ef5:20160407213829.062:665</Value>
          <Value>attributeSyntax:665:1:55a73700-c891-46fd-8f5c-72bc827f2ef5:20160407213829.062:665</Value>
          <Value>cn:665:1:55a73700-c891-46fd-8f5c-72bc827f2ef5:20160407213829.062:665</Value>
          <Value>createTimeStamp:665:1:55a73700-c891-46fd-8f5c-72bc827f2ef5:20160407213829.062:665</Value>
          <Value>entryDN:665:1:55a73700-c891-46fd-8f5c-72bc827f2ef5:20160407213829.062:665</Value>
          <Value>isSingleValued:665:1:55a73700-c891-46fd-8f5c-72bc827f2ef5:20160407213829.062:665</Value>
          <Value>lDAPDisplayName:665:1:55a73700-c891-46fd-8f5c-72bc827f2ef5:20160407213829.062:665</Value>
          <Value>modifyTimeStamp:665:1:55a73700-c891-46fd-8f5c-72bc827f2ef5:20160407213829.062:665</Value>
          <Value>objectClass:665:1:55a73700-c891-46fd-8f5c-72bc827f2ef5:20160407213829.062:665</Value>
          <Value>objectGUID:665:1:55a73700-c891-46fd-8f5c-72bc827f2ef5:20160407213829.062:665</Value>
          <Value>oMSyntax:665:1:55a73700-c891-46fd-8f5c-72bc827f2ef5:20160407213829.062:665</Value>
          <Value>schemaIDGUID:665:1:55a73700-c891-46fd-8f5c-72bc827f2ef5:20160407213829.062:665</Value>
          <Value>uSNChanged:665:1:55a73700-c891-46fd-8f5c-72bc827f2ef5:20160407213829.062:665</Value>
          <Value>uSNCreated:665:1:55a73700-c891-46fd-8f5c-72bc827f2ef5:20160407213829.062:665</Value>
          <Value>vmwAttributeUsage:665:1:55a73700-c891-46fd-8f5c-72bc827f2ef5:20160407213829.062:665</Value>
        </AttributeMetadata>
      </AttributeSchemaEntry>
      <AttributeSchemaEntry>
        <Name>printOwner</Name>
        <AttributeMetadata>
          <Value>attributeID:418:1:55a73700-c891-46fd-8f5c-72bc827f2ef5:20160407213828.648:418</Value>
          <Value>attributeSyntax:418:1:55a73700-c891-46fd-8f5c-72bc827f2ef5:20160407213828.648:418</Value>
          <Value>cn:418:1:55a73700-c891-46fd-8f5c-72bc827f2ef5:20160407213828.648:418</Value>
          <Value>createTimeStamp:418:1:55a73700-c891-46fd-8f5c-72bc827f2ef5:20160407213828.648:418</Value>
          <Value>entryDN:418:1:55a73700-c891-46fd-8f5c-72bc827f2ef5:20160407213828.648:418</Value>
          <Value>isSingleValued:418:1:55a73700-c891-46fd-8f5c-72bc827f2ef5:20160407213828.648:418</Value>
          <Value>lDAPDisplayName:418:1:55a73700-c891-46fd-8f5c-72bc827f2ef5:20160407213828.648:418</Value>
          <Value>modifyTimeStamp:418:1:55a73700-c891-46fd-8f5c-72bc827f2ef5:20160407213828.648:418</Value>
          <Value>objectClass:418:1:55a73700-c891-46fd-8f5c-72bc827f2ef5:20160407213828.648:418</Value>
          <Value>objectGUID:418:1:55a73700-c891-46fd-8f5c-72bc827f2ef5:20160407213828.648:418</Value>
          <Value>oMSyntax:418:1:55a73700-c891-46fd-8f5c-72bc827f2ef5:20160407213828.648:418</Value>
          <Value>schemaIDGUID:418:1:55a73700-c891-46fd-8f5c-72bc827f2ef5:20160407213828.648:418</Value>
          <Value>uSNChanged:418:1:55a73700-c891-46fd-8f5c-72bc827f2ef5:20160407213828.648:418</Value>
          <Value>uSNCreated:418:1:55a73700-c891-46fd-8f5c-72bc827f2ef5:20160407213828.648:418</Value>
          <Value>vmwAttributeUsage:418:1:55a73700-c891-46fd-8f5c-72bc827f2ef5:20160407213828.648:418</Value>
        </AttributeMetadata>
      </AttributeSchemaEntry>
      <AttributeSchemaEntry>
        <Name>printPagesPerMinute</Name>
        <AttributeMetadata>
          <Value>attributeID:1271:1:55a73700-c891-46fd-8f5c-72bc827f2ef5:20160407213830.118:1271</Value>
          <Value>attributeSyntax:1271:1:55a73700-c891-46fd-8f5c-72bc827f2ef5:20160407213830.118:1271</Value>
          <Value>cn:1271:1:55a73700-c891-46fd-8f5c-72bc827f2ef5:20160407213830.118:1271</Value>
          <Value>createTimeStamp:1271:1:55a73700-c891-46fd-8f5c-72bc827f2ef5:20160407213830.118:1271</Value>
          <Value>entryDN:1271:1:55a73700-c891-46fd-8f5c-72bc827f2ef5:20160407213830.118:1271</Value>
          <Value>isSingleValued:1271:1:55a73700-c891-46fd-8f5c-72bc827f2ef5:20160407213830.118:1271</Value>
          <Value>lDAPDisplayName:1271:1:55a73700-c891-46fd-8f5c-72bc827f2ef5:20160407213830.118:1271</Value>
          <Value>modifyTimeStamp:1271:1:55a73700-c891-46fd-8f5c-72bc827f2ef5:20160407213830.118:1271</Value>
          <Value>objectClass:1271:1:55a73700-c891-46fd-8f5c-72bc827f2ef5:20160407213830.118:1271</Value>
          <Value>objectGUID:1271:1:55a73700-c891-46fd-8f5c-72bc827f2ef5:20160407213830.118:1271</Value>
          <Value>oMSyntax:1271:1:55a73700-c891-46fd-8f5c-72bc827f2ef5:20160407213830.118:1271</Value>
          <Value>schemaIDGUID:1271:1:55a73700-c891-46fd-8f5c-72bc827f2ef5:20160407213830.118:1271</Value>
          <Value>uSNChanged:1271:1:55a73700-c891-46fd-8f5c-72bc827f2ef5:20160407213830.118:1271</Value>
          <Value>uSNCreated:1271:1:55a73700-c891-46fd-8f5c-72bc827f2ef5:20160407213830.118:1271</Value>
          <Value>vmwAttributeUsage:1271:1:55a73700-c891-46fd-8f5c-72bc827f2ef5:20160407213830.118:1271</Value>
        </AttributeMetadata>
      </AttributeSchemaEntry>
      <AttributeSchemaEntry>
        <Name>printRate</Name>
        <AttributeMetadata>
          <Value>attributeID:675:1:55a73700-c891-46fd-8f5c-72bc827f2ef5:20160407213829.081:675</Value>
          <Value>attributeSyntax:675:1:55a73700-c891-46fd-8f5c-72bc827f2ef5:20160407213829.081:675</Value>
          <Value>cn:675:1:55a73700-c891-46fd-8f5c-72bc827f2ef5:20160407213829.081:675</Value>
          <Value>createTimeStamp:675:1:55a73700-c891-46fd-8f5c-72bc827f2ef5:20160407213829.081:675</Value>
          <Value>entryDN:675:1:55a73700-c891-46fd-8f5c-72bc827f2ef5:20160407213829.081:675</Value>
          <Value>isSingleValued:675:1:55a73700-c891-46fd-8f5c-72bc827f2ef5:20160407213829.081:675</Value>
          <Value>lDAPDisplayName:675:1:55a73700-c891-46fd-8f5c-72bc827f2ef5:20160407213829.081:675</Value>
          <Value>modifyTimeStamp:675:1:55a73700-c891-46fd-8f5c-72bc827f2ef5:20160407213829.081:675</Value>
          <Value>objectClass:675:1:55a73700-c891-46fd-8f5c-72bc827f2ef5:20160407213829.081:675</Value>
          <Value>objectGUID:675:1:55a73700-c891-46fd-8f5c-72bc827f2ef5:20160407213829.081:675</Value>
          <Value>oMSyntax:675:1:55a73700-c891-46fd-8f5c-72bc827f2ef5:20160407213829.081:675</Value>
          <Value>schemaIDGUID:675:1:55a73700-c891-46fd-8f5c-72bc827f2ef5:20160407213829.081:675</Value>
          <Value>uSNChanged:675:1:55a73700-c891-46fd-8f5c-72bc827f2ef5:20160407213829.081:675</Value>
          <Value>uSNCreated:675:1:55a73700-c891-46fd-8f5c-72bc827f2ef5:20160407213829.081:675</Value>
          <Value>vmwAttributeUsage:675:1:55a73700-c891-46fd-8f5c-72bc827f2ef5:20160407213829.081:675</Value>
        </AttributeMetadata>
      </AttributeSchemaEntry>
      <AttributeSchemaEntry>
        <Name>printRateUnit</Name>
        <AttributeMetadata>
          <Value>attributeID:586:1:55a73700-c891-46fd-8f5c-72bc827f2ef5:20160407213828.920:586</Value>
          <Value>attributeSyntax:586:1:55a73700-c891-46fd-8f5c-72bc827f2ef5:20160407213828.920:586</Value>
          <Value>cn:586:1:55a73700-c891-46fd-8f5c-72bc827f2ef5:20160407213828.920:586</Value>
          <Value>createTimeStamp:586:1:55a73700-c891-46fd-8f5c-72bc827f2ef5:20160407213828.920:586</Value>
          <Value>entryDN:586:1:55a73700-c891-46fd-8f5c-72bc827f2ef5:20160407213828.920:586</Value>
          <Value>isSingleValued:586:1:55a73700-c891-46fd-8f5c-72bc827f2ef5:20160407213828.920:586</Value>
          <Value>lDAPDisplayName:586:1:55a73700-c891-46fd-8f5c-72bc827f2ef5:20160407213828.920:586</Value>
          <Value>modifyTimeStamp:586:1:55a73700-c891-46fd-8f5c-72bc827f2ef5:20160407213828.920:586</Value>
          <Value>objectClass:586:1:55a73700-c891-46fd-8f5c-72bc827f2ef5:20160407213828.920:586</Value>
          <Value>objectGUID:586:1:55a73700-c891-46fd-8f5c-72bc827f2ef5:20160407213828.920:586</Value>
          <Value>oMSyntax:586:1:55a73700-c891-46fd-8f5c-72bc827f2ef5:20160407213828.920:586</Value>
          <Value>schemaIDGUID:586:1:55a73700-c891-46fd-8f5c-72bc827f2ef5:20160407213828.920:586</Value>
          <Value>uSNChanged:586:1:55a73700-c891-46fd-8f5c-72bc827f2ef5:20160407213828.920:586</Value>
          <Value>uSNCreated:586:1:55a73700-c891-46fd-8f5c-72bc827f2ef5:20160407213828.920:586</Value>
          <Value>vmwAttributeUsage:586:1:55a73700-c891-46fd-8f5c-72bc827f2ef5:20160407213828.920:586</Value>
        </AttributeMetadata>
      </AttributeSchemaEntry>
      <AttributeSchemaEntry>
        <Name>printSeparatorFile</Name>
        <AttributeMetadata>
          <Value>attributeID:1626:1:55a73700-c891-46fd-8f5c-72bc827f2ef5:20160407213830.706:1626</Value>
          <Value>attributeSyntax:1626:1:55a73700-c891-46fd-8f5c-72bc827f2ef5:20160407213830.706:1626</Value>
          <Value>cn:1626:1:55a73700-c891-46fd-8f5c-72bc827f2ef5:20160407213830.706:1626</Value>
          <Value>createTimeStamp:1626:1:55a73700-c891-46fd-8f5c-72bc827f2ef5:20160407213830.706:1626</Value>
          <Value>entryDN:1626:1:55a73700-c891-46fd-8f5c-72bc827f2ef5:20160407213830.706:1626</Value>
          <Value>isSingleValued:1626:1:55a73700-c891-46fd-8f5c-72bc827f2ef5:20160407213830.706:1626</Value>
          <Value>lDAPDisplayName:1626:1:55a73700-c891-46fd-8f5c-72bc827f2ef5:20160407213830.706:1626</Value>
          <Value>modifyTimeStamp:1626:1:55a73700-c891-46fd-8f5c-72bc827f2ef5:20160407213830.706:1626</Value>
          <Value>objectClass:1626:1:55a73700-c891-46fd-8f5c-72bc827f2ef5:20160407213830.706:1626</Value>
          <Value>objectGUID:1626:1:55a73700-c891-46fd-8f5c-72bc827f2ef5:20160407213830.706:1626</Value>
          <Value>oMSyntax:1626:1:55a73700-c891-46fd-8f5c-72bc827f2ef5:20160407213830.706:1626</Value>
          <Value>schemaIDGUID:1626:1:55a73700-c891-46fd-8f5c-72bc827f2ef5:20160407213830.706:1626</Value>
          <Value>uSNChanged:1626:1:55a73700-c891-46fd-8f5c-72bc827f2ef5:20160407213830.706:1626</Value>
          <Value>uSNCreated:1626:1:55a73700-c891-46fd-8f5c-72bc827f2ef5:20160407213830.706:1626</Value>
          <Value>vmwAttributeUsage:1626:1:55a73700-c891-46fd-8f5c-72bc827f2ef5:20160407213830.706:1626</Value>
        </AttributeMetadata>
      </AttributeSchemaEntry>
      <AttributeSchemaEntry>
        <Name>printShareName</Name>
        <AttributeMetadata>
          <Value>attributeID:1344:1:55a73700-c891-46fd-8f5c-72bc827f2ef5:20160407213830.236:1344</Value>
          <Value>attributeSyntax:1344:1:55a73700-c891-46fd-8f5c-72bc827f2ef5:20160407213830.236:1344</Value>
          <Value>cn:1344:1:55a73700-c891-46fd-8f5c-72bc827f2ef5:20160407213830.236:1344</Value>
          <Value>createTimeStamp:1344:1:55a73700-c891-46fd-8f5c-72bc827f2ef5:20160407213830.236:1344</Value>
          <Value>entryDN:1344:1:55a73700-c891-46fd-8f5c-72bc827f2ef5:20160407213830.236:1344</Value>
          <Value>isSingleValued:1344:1:55a73700-c891-46fd-8f5c-72bc827f2ef5:20160407213830.236:1344</Value>
          <Value>lDAPDisplayName:1344:1:55a73700-c891-46fd-8f5c-72bc827f2ef5:20160407213830.236:1344</Value>
          <Value>modifyTimeStamp:1344:1:55a73700-c891-46fd-8f5c-72bc827f2ef5:20160407213830.236:1344</Value>
          <Value>objectClass:1344:1:55a73700-c891-46fd-8f5c-72bc827f2ef5:20160407213830.236:1344</Value>
          <Value>objectGUID:1344:1:55a73700-c891-46fd-8f5c-72bc827f2ef5:20160407213830.236:1344</Value>
          <Value>oMSyntax:1344:1:55a73700-c891-46fd-8f5c-72bc827f2ef5:20160407213830.236:1344</Value>
          <Value>schemaIDGUID:1344:1:55a73700-c891-46fd-8f5c-72bc827f2ef5:20160407213830.236:1344</Value>
          <Value>uSNChanged:1344:1:55a73700-c891-46fd-8f5c-72bc827f2ef5:20160407213830.236:1344</Value>
          <Value>uSNCreated:1344:1:55a73700-c891-46fd-8f5c-72bc827f2ef5:20160407213830.236:1344</Value>
          <Value>vmwAttributeUsage:1344:1:55a73700-c891-46fd-8f5c-72bc827f2ef5:20160407213830.236:1344</Value>
        </AttributeMetadata>
      </AttributeSchemaEntry>
      <AttributeSchemaEntry>
        <Name>printSpooling</Name>
        <AttributeMetadata>
          <Value>attributeID:1371:1:55a73700-c891-46fd-8f5c-72bc827f2ef5:20160407213830.275:1371</Value>
          <Value>attributeSyntax:1371:1:55a73700-c891-46fd-8f5c-72bc827f2ef5:20160407213830.275:1371</Value>
          <Value>cn:1371:1:55a73700-c891-46fd-8f5c-72bc827f2ef5:20160407213830.275:1371</Value>
          <Value>createTimeStamp:1371:1:55a73700-c891-46fd-8f5c-72bc827f2ef5:20160407213830.275:1371</Value>
          <Value>entryDN:1371:1:55a73700-c891-46fd-8f5c-72bc827f2ef5:20160407213830.275:1371</Value>
          <Value>isSingleValued:1371:1:55a73700-c891-46fd-8f5c-72bc827f2ef5:20160407213830.275:1371</Value>
          <Value>lDAPDisplayName:1371:1:55a73700-c891-46fd-8f5c-72bc827f2ef5:20160407213830.275:1371</Value>
          <Value>modifyTimeStamp:1371:1:55a73700-c891-46fd-8f5c-72bc827f2ef5:20160407213830.275:1371</Value>
          <Value>objectClass:1371:1:55a73700-c891-46fd-8f5c-72bc827f2ef5:20160407213830.275:1371</Value>
          <Value>objectGUID:1371:1:55a73700-c891-46fd-8f5c-72bc827f2ef5:20160407213830.275:1371</Value>
          <Value>oMSyntax:1371:1:55a73700-c891-46fd-8f5c-72bc827f2ef5:20160407213830.275:1371</Value>
          <Value>schemaIDGUID:1371:1:55a73700-c891-46fd-8f5c-72bc827f2ef5:20160407213830.275:1371</Value>
          <Value>uSNChanged:1371:1:55a73700-c891-46fd-8f5c-72bc827f2ef5:20160407213830.275:1371</Value>
          <Value>uSNCreated:1371:1:55a73700-c891-46fd-8f5c-72bc827f2ef5:20160407213830.275:1371</Value>
          <Value>vmwAttributeUsage:1371:1:55a73700-c891-46fd-8f5c-72bc827f2ef5:20160407213830.275:1371</Value>
        </AttributeMetadata>
      </AttributeSchemaEntry>
      <AttributeSchemaEntry>
        <Name>printStaplingSupported</Name>
        <AttributeMetadata>
          <Value>attributeID:1398:1:55a73700-c891-46fd-8f5c-72bc827f2ef5:20160407213830.325:1398</Value>
          <Value>attributeSyntax:1398:1:55a73700-c891-46fd-8f5c-72bc827f2ef5:20160407213830.325:1398</Value>
          <Value>cn:1398:1:55a73700-c891-46fd-8f5c-72bc827f2ef5:20160407213830.325:1398</Value>
          <Value>createTimeStamp:1398:1:55a73700-c891-46fd-8f5c-72bc827f2ef5:20160407213830.325:1398</Value>
          <Value>entryDN:1398:1:55a73700-c891-46fd-8f5c-72bc827f2ef5:20160407213830.325:1398</Value>
          <Value>isSingleValued:1398:1:55a73700-c891-46fd-8f5c-72bc827f2ef5:20160407213830.325:1398</Value>
          <Value>lDAPDisplayName:1398:1:55a73700-c891-46fd-8f5c-72bc827f2ef5:20160407213830.325:1398</Value>
          <Value>modifyTimeStamp:1398:1:55a73700-c891-46fd-8f5c-72bc827f2ef5:20160407213830.325:1398</Value>
          <Value>objectClass:1398:1:55a73700-c891-46fd-8f5c-72bc827f2ef5:20160407213830.325:1398</Value>
          <Value>objectGUID:1398:1:55a73700-c891-46fd-8f5c-72bc827f2ef5:20160407213830.325:1398</Value>
          <Value>oMSyntax:1398:1:55a73700-c891-46fd-8f5c-72bc827f2ef5:20160407213830.325:1398</Value>
          <Value>schemaIDGUID:1398:1:55a73700-c891-46fd-8f5c-72bc827f2ef5:20160407213830.325:1398</Value>
          <Value>uSNChanged:1398:1:55a73700-c891-46fd-8f5c-72bc827f2ef5:20160407213830.325:1398</Value>
          <Value>uSNCreated:1398:1:55a73700-c891-46fd-8f5c-72bc827f2ef5:20160407213830.325:1398</Value>
          <Value>vmwAttributeUsage:1398:1:55a73700-c891-46fd-8f5c-72bc827f2ef5:20160407213830.325:1398</Value>
        </AttributeMetadata>
      </AttributeSchemaEntry>
      <AttributeSchemaEntry>
        <Name>printStartTime</Name>
        <AttributeMetadata>
          <Value>attributeID:811:1:55a73700-c891-46fd-8f5c-72bc827f2ef5:20160407213829.305:811</Value>
          <Value>attributeSyntax:811:1:55a73700-c891-46fd-8f5c-72bc827f2ef5:20160407213829.305:811</Value>
          <Value>cn:811:1:55a73700-c891-46fd-8f5c-72bc827f2ef5:20160407213829.305:811</Value>
          <Value>createTimeStamp:811:1:55a73700-c891-46fd-8f5c-72bc827f2ef5:20160407213829.305:811</Value>
          <Value>entryDN:811:1:55a73700-c891-46fd-8f5c-72bc827f2ef5:20160407213829.305:811</Value>
          <Value>isSingleValued:811:1:55a73700-c891-46fd-8f5c-72bc827f2ef5:20160407213829.305:811</Value>
          <Value>lDAPDisplayName:811:1:55a73700-c891-46fd-8f5c-72bc827f2ef5:20160407213829.305:811</Value>
          <Value>modifyTimeStamp:811:1:55a73700-c891-46fd-8f5c-72bc827f2ef5:20160407213829.305:811</Value>
          <Value>objectClass:811:1:55a73700-c891-46fd-8f5c-72bc827f2ef5:20160407213829.305:811</Value>
          <Value>objectGUID:811:1:55a73700-c891-46fd-8f5c-72bc827f2ef5:20160407213829.305:811</Value>
          <Value>oMSyntax:811:1:55a73700-c891-46fd-8f5c-72bc827f2ef5:20160407213829.305:811</Value>
          <Value>schemaIDGUID:811:1:55a73700-c891-46fd-8f5c-72bc827f2ef5:20160407213829.305:811</Value>
          <Value>uSNChanged:811:1:55a73700-c891-46fd-8f5c-72bc827f2ef5:20160407213829.305:811</Value>
          <Value>uSNCreated:811:1:55a73700-c891-46fd-8f5c-72bc827f2ef5:20160407213829.305:811</Value>
          <Value>vmwAttributeUsage:811:1:55a73700-c891-46fd-8f5c-72bc827f2ef5:20160407213829.305:811</Value>
        </AttributeMetadata>
      </AttributeSchemaEntry>
      <AttributeSchemaEntry>
        <Name>printStatus</Name>
        <AttributeMetadata>
          <Value>attributeID:343:1:55a73700-c891-46fd-8f5c-72bc827f2ef5:20160407213828.532:343</Value>
          <Value>attributeSyntax:343:1:55a73700-c891-46fd-8f5c-72bc827f2ef5:20160407213828.532:343</Value>
          <Value>cn:343:1:55a73700-c891-46fd-8f5c-72bc827f2ef5:20160407213828.532:343</Value>
          <Value>createTimeStamp:343:1:55a73700-c891-46fd-8f5c-72bc827f2ef5:20160407213828.532:343</Value>
          <Value>entryDN:343:1:55a73700-c891-46fd-8f5c-72bc827f2ef5:20160407213828.532:343</Value>
          <Value>isSingleValued:343:1:55a73700-c891-46fd-8f5c-72bc827f2ef5:20160407213828.532:343</Value>
          <Value>lDAPDisplayName:343:1:55a73700-c891-46fd-8f5c-72bc827f2ef5:20160407213828.532:343</Value>
          <Value>modifyTimeStamp:343:1:55a73700-c891-46fd-8f5c-72bc827f2ef5:20160407213828.532:343</Value>
          <Value>objectClass:343:1:55a73700-c891-46fd-8f5c-72bc827f2ef5:20160407213828.532:343</Value>
          <Value>objectGUID:343:1:55a73700-c891-46fd-8f5c-72bc827f2ef5:20160407213828.532:343</Value>
          <Value>oMSyntax:343:1:55a73700-c891-46fd-8f5c-72bc827f2ef5:20160407213828.532:343</Value>
          <Value>schemaIDGUID:343:1:55a73700-c891-46fd-8f5c-72bc827f2ef5:20160407213828.532:343</Value>
          <Value>uSNChanged:343:1:55a73700-c891-46fd-8f5c-72bc827f2ef5:20160407213828.532:343</Value>
          <Value>uSNCreated:343:1:55a73700-c891-46fd-8f5c-72bc827f2ef5:20160407213828.532:343</Value>
          <Value>vmwAttributeUsage:343:1:55a73700-c891-46fd-8f5c-72bc827f2ef5:20160407213828.532:343</Value>
        </AttributeMetadata>
      </AttributeSchemaEntry>
      <AttributeSchemaEntry>
        <Name>priority</Name>
        <AttributeMetadata>
          <Value>attributeID:521:1:55a73700-c891-46fd-8f5c-72bc827f2ef5:20160407213828.819:521</Value>
          <Value>attributeSyntax:521:1:55a73700-c891-46fd-8f5c-72bc827f2ef5:20160407213828.819:521</Value>
          <Value>cn:521:1:55a73700-c891-46fd-8f5c-72bc827f2ef5:20160407213828.819:521</Value>
          <Value>createTimeStamp:521:1:55a73700-c891-46fd-8f5c-72bc827f2ef5:20160407213828.819:521</Value>
          <Value>entryDN:521:1:55a73700-c891-46fd-8f5c-72bc827f2ef5:20160407213828.819:521</Value>
          <Value>isSingleValued:521:1:55a73700-c891-46fd-8f5c-72bc827f2ef5:20160407213828.819:521</Value>
          <Value>lDAPDisplayName:521:1:55a73700-c891-46fd-8f5c-72bc827f2ef5:20160407213828.819:521</Value>
          <Value>modifyTimeStamp:521:1:55a73700-c891-46fd-8f5c-72bc827f2ef5:20160407213828.819:521</Value>
          <Value>objectClass:521:1:55a73700-c891-46fd-8f5c-72bc827f2ef5:20160407213828.819:521</Value>
          <Value>objectGUID:521:1:55a73700-c891-46fd-8f5c-72bc827f2ef5:20160407213828.819:521</Value>
          <Value>oMSyntax:521:1:55a73700-c891-46fd-8f5c-72bc827f2ef5:20160407213828.819:521</Value>
          <Value>schemaIDGUID:521:1:55a73700-c891-46fd-8f5c-72bc827f2ef5:20160407213828.819:521</Value>
          <Value>uSNChanged:521:1:55a73700-c891-46fd-8f5c-72bc827f2ef5:20160407213828.819:521</Value>
          <Value>uSNCreated:521:1:55a73700-c891-46fd-8f5c-72bc827f2ef5:20160407213828.819:521</Value>
          <Value>vmwAttributeUsage:521:1:55a73700-c891-46fd-8f5c-72bc827f2ef5:20160407213828.819:521</Value>
        </AttributeMetadata>
      </AttributeSchemaEntry>
      <AttributeSchemaEntry>
        <Name>priorSetTime</Name>
        <AttributeMetadata>
          <Value>attributeID:1508:1:55a73700-c891-46fd-8f5c-72bc827f2ef5:20160407213830.505:1508</Value>
          <Value>attributeSyntax:1508:1:55a73700-c891-46fd-8f5c-72bc827f2ef5:20160407213830.505:1508</Value>
          <Value>cn:1508:1:55a73700-c891-46fd-8f5c-72bc827f2ef5:20160407213830.505:1508</Value>
          <Value>createTimeStamp:1508:1:55a73700-c891-46fd-8f5c-72bc827f2ef5:20160407213830.505:1508</Value>
          <Value>entryDN:1508:1:55a73700-c891-46fd-8f5c-72bc827f2ef5:20160407213830.505:1508</Value>
          <Value>isSingleValued:1508:1:55a73700-c891-46fd-8f5c-72bc827f2ef5:20160407213830.505:1508</Value>
          <Value>lDAPDisplayName:1508:1:55a73700-c891-46fd-8f5c-72bc827f2ef5:20160407213830.505:1508</Value>
          <Value>modifyTimeStamp:1508:1:55a73700-c891-46fd-8f5c-72bc827f2ef5:20160407213830.505:1508</Value>
          <Value>objectClass:1508:1:55a73700-c891-46fd-8f5c-72bc827f2ef5:20160407213830.505:1508</Value>
          <Value>objectGUID:1508:1:55a73700-c891-46fd-8f5c-72bc827f2ef5:20160407213830.505:1508</Value>
          <Value>oMSyntax:1508:1:55a73700-c891-46fd-8f5c-72bc827f2ef5:20160407213830.505:1508</Value>
          <Value>schemaIDGUID:1508:1:55a73700-c891-46fd-8f5c-72bc827f2ef5:20160407213830.505:1508</Value>
          <Value>uSNChanged:1508:1:55a73700-c891-46fd-8f5c-72bc827f2ef5:20160407213830.505:1508</Value>
          <Value>uSNCreated:1508:1:55a73700-c891-46fd-8f5c-72bc827f2ef5:20160407213830.505:1508</Value>
          <Value>vmwAttributeUsage:1508:1:55a73700-c891-46fd-8f5c-72bc827f2ef5:20160407213830.505:1508</Value>
        </AttributeMetadata>
      </AttributeSchemaEntry>
      <AttributeSchemaEntry>
        <Name>priorValue</Name>
        <AttributeMetadata>
          <Value>attributeID:1461:1:55a73700-c891-46fd-8f5c-72bc827f2ef5:20160407213830.425:1461</Value>
          <Value>attributeSyntax:1461:1:55a73700-c891-46fd-8f5c-72bc827f2ef5:20160407213830.425:1461</Value>
          <Value>cn:1461:1:55a73700-c891-46fd-8f5c-72bc827f2ef5:20160407213830.425:1461</Value>
          <Value>createTimeStamp:1461:1:55a73700-c891-46fd-8f5c-72bc827f2ef5:20160407213830.425:1461</Value>
          <Value>entryDN:1461:1:55a73700-c891-46fd-8f5c-72bc827f2ef5:20160407213830.425:1461</Value>
          <Value>isSingleValued:1461:1:55a73700-c891-46fd-8f5c-72bc827f2ef5:20160407213830.425:1461</Value>
          <Value>lDAPDisplayName:1461:1:55a73700-c891-46fd-8f5c-72bc827f2ef5:20160407213830.425:1461</Value>
          <Value>modifyTimeStamp:1461:1:55a73700-c891-46fd-8f5c-72bc827f2ef5:20160407213830.425:1461</Value>
          <Value>objectClass:1461:1:55a73700-c891-46fd-8f5c-72bc827f2ef5:20160407213830.425:1461</Value>
          <Value>objectGUID:1461:1:55a73700-c891-46fd-8f5c-72bc827f2ef5:20160407213830.425:1461</Value>
          <Value>oMSyntax:1461:1:55a73700-c891-46fd-8f5c-72bc827f2ef5:20160407213830.425:1461</Value>
          <Value>schemaIDGUID:1461:1:55a73700-c891-46fd-8f5c-72bc827f2ef5:20160407213830.425:1461</Value>
          <Value>uSNChanged:1461:1:55a73700-c891-46fd-8f5c-72bc827f2ef5:20160407213830.425:1461</Value>
          <Value>uSNCreated:1461:1:55a73700-c891-46fd-8f5c-72bc827f2ef5:20160407213830.425:1461</Value>
          <Value>vmwAttributeUsage:1461:1:55a73700-c891-46fd-8f5c-72bc827f2ef5:20160407213830.425:1461</Value>
        </AttributeMetadata>
      </AttributeSchemaEntry>
      <AttributeSchemaEntry>
        <Name>privateKey</Name>
        <AttributeMetadata>
          <Value>attributeID:1368:1:55a73700-c891-46fd-8f5c-72bc827f2ef5:20160407213830.271:1368</Value>
          <Value>attributeSyntax:1368:1:55a73700-c891-46fd-8f5c-72bc827f2ef5:20160407213830.271:1368</Value>
          <Value>cn:1368:1:55a73700-c891-46fd-8f5c-72bc827f2ef5:20160407213830.271:1368</Value>
          <Value>createTimeStamp:1368:1:55a73700-c891-46fd-8f5c-72bc827f2ef5:20160407213830.271:1368</Value>
          <Value>entryDN:1368:1:55a73700-c891-46fd-8f5c-72bc827f2ef5:20160407213830.271:1368</Value>
          <Value>isSingleValued:1368:1:55a73700-c891-46fd-8f5c-72bc827f2ef5:20160407213830.271:1368</Value>
          <Value>lDAPDisplayName:1368:1:55a73700-c891-46fd-8f5c-72bc827f2ef5:20160407213830.271:1368</Value>
          <Value>modifyTimeStamp:1368:1:55a73700-c891-46fd-8f5c-72bc827f2ef5:20160407213830.271:1368</Value>
          <Value>objectClass:1368:1:55a73700-c891-46fd-8f5c-72bc827f2ef5:20160407213830.271:1368</Value>
          <Value>objectGUID:1368:1:55a73700-c891-46fd-8f5c-72bc827f2ef5:20160407213830.271:1368</Value>
          <Value>oMSyntax:1368:1:55a73700-c891-46fd-8f5c-72bc827f2ef5:20160407213830.271:1368</Value>
          <Value>schemaIDGUID:1368:1:55a73700-c891-46fd-8f5c-72bc827f2ef5:20160407213830.271:1368</Value>
          <Value>uSNChanged:1368:1:55a73700-c891-46fd-8f5c-72bc827f2ef5:20160407213830.271:1368</Value>
          <Value>uSNCreated:1368:1:55a73700-c891-46fd-8f5c-72bc827f2ef5:20160407213830.271:1368</Value>
          <Value>vmwAttributeUsage:1368:1:55a73700-c891-46fd-8f5c-72bc827f2ef5:20160407213830.271:1368</Value>
        </AttributeMetadata>
      </AttributeSchemaEntry>
      <AttributeSchemaEntry>
        <Name>privilegeAttributes</Name>
        <AttributeMetadata>
          <Value>attributeID:814:1:55a73700-c891-46fd-8f5c-72bc827f2ef5:20160407213829.317:814</Value>
          <Value>attributeSyntax:814:1:55a73700-c891-46fd-8f5c-72bc827f2ef5:20160407213829.317:814</Value>
          <Value>cn:814:1:55a73700-c891-46fd-8f5c-72bc827f2ef5:20160407213829.317:814</Value>
          <Value>createTimeStamp:814:1:55a73700-c891-46fd-8f5c-72bc827f2ef5:20160407213829.317:814</Value>
          <Value>entryDN:814:1:55a73700-c891-46fd-8f5c-72bc827f2ef5:20160407213829.317:814</Value>
          <Value>isSingleValued:814:1:55a73700-c891-46fd-8f5c-72bc827f2ef5:20160407213829.317:814</Value>
          <Value>lDAPDisplayName:814:1:55a73700-c891-46fd-8f5c-72bc827f2ef5:20160407213829.317:814</Value>
          <Value>modifyTimeStamp:814:1:55a73700-c891-46fd-8f5c-72bc827f2ef5:20160407213829.317:814</Value>
          <Value>objectClass:814:1:55a73700-c891-46fd-8f5c-72bc827f2ef5:20160407213829.317:814</Value>
          <Value>objectGUID:814:1:55a73700-c891-46fd-8f5c-72bc827f2ef5:20160407213829.317:814</Value>
          <Value>oMSyntax:814:1:55a73700-c891-46fd-8f5c-72bc827f2ef5:20160407213829.317:814</Value>
          <Value>schemaIDGUID:814:1:55a73700-c891-46fd-8f5c-72bc827f2ef5:20160407213829.317:814</Value>
          <Value>uSNChanged:814:1:55a73700-c891-46fd-8f5c-72bc827f2ef5:20160407213829.317:814</Value>
          <Value>uSNCreated:814:1:55a73700-c891-46fd-8f5c-72bc827f2ef5:20160407213829.317:814</Value>
          <Value>vmwAttributeUsage:814:1:55a73700-c891-46fd-8f5c-72bc827f2ef5:20160407213829.317:814</Value>
        </AttributeMetadata>
      </AttributeSchemaEntry>
      <AttributeSchemaEntry>
        <Name>privilegeDisplayName</Name>
        <AttributeMetadata>
          <Value>attributeID:383:1:55a73700-c891-46fd-8f5c-72bc827f2ef5:20160407213828.593:383</Value>
          <Value>attributeSyntax:383:1:55a73700-c891-46fd-8f5c-72bc827f2ef5:20160407213828.593:383</Value>
          <Value>cn:383:1:55a73700-c891-46fd-8f5c-72bc827f2ef5:20160407213828.593:383</Value>
          <Value>createTimeStamp:383:1:55a73700-c891-46fd-8f5c-72bc827f2ef5:20160407213828.593:383</Value>
          <Value>entryDN:383:1:55a73700-c891-46fd-8f5c-72bc827f2ef5:20160407213828.593:383</Value>
          <Value>isSingleValued:383:1:55a73700-c891-46fd-8f5c-72bc827f2ef5:20160407213828.593:383</Value>
          <Value>lDAPDisplayName:383:1:55a73700-c891-46fd-8f5c-72bc827f2ef5:20160407213828.593:383</Value>
          <Value>modifyTimeStamp:383:1:55a73700-c891-46fd-8f5c-72bc827f2ef5:20160407213828.593:383</Value>
          <Value>objectClass:383:1:55a73700-c891-46fd-8f5c-72bc827f2ef5:20160407213828.593:383</Value>
          <Value>objectGUID:383:1:55a73700-c891-46fd-8f5c-72bc827f2ef5:20160407213828.593:383</Value>
          <Value>oMSyntax:383:1:55a73700-c891-46fd-8f5c-72bc827f2ef5:20160407213828.593:383</Value>
          <Value>schemaIDGUID:383:1:55a73700-c891-46fd-8f5c-72bc827f2ef5:20160407213828.593:383</Value>
          <Value>uSNChanged:383:1:55a73700-c891-46fd-8f5c-72bc827f2ef5:20160407213828.593:383</Value>
          <Value>uSNCreated:383:1:55a73700-c891-46fd-8f5c-72bc827f2ef5:20160407213828.593:383</Value>
          <Value>vmwAttributeUsage:383:1:55a73700-c891-46fd-8f5c-72bc827f2ef5:20160407213828.593:383</Value>
        </AttributeMetadata>
      </AttributeSchemaEntry>
      <AttributeSchemaEntry>
        <Name>privilegeHolder</Name>
        <AttributeMetadata>
          <Value>attributeID:786:1:55a73700-c891-46fd-8f5c-72bc827f2ef5:20160407213829.269:786</Value>
          <Value>attributeSyntax:786:1:55a73700-c891-46fd-8f5c-72bc827f2ef5:20160407213829.269:786</Value>
          <Value>cn:786:1:55a73700-c891-46fd-8f5c-72bc827f2ef5:20160407213829.269:786</Value>
          <Value>createTimeStamp:786:1:55a73700-c891-46fd-8f5c-72bc827f2ef5:20160407213829.269:786</Value>
          <Value>entryDN:786:1:55a73700-c891-46fd-8f5c-72bc827f2ef5:20160407213829.269:786</Value>
          <Value>isSingleValued:786:1:55a73700-c891-46fd-8f5c-72bc827f2ef5:20160407213829.269:786</Value>
          <Value>lDAPDisplayName:786:1:55a73700-c891-46fd-8f5c-72bc827f2ef5:20160407213829.269:786</Value>
          <Value>modifyTimeStamp:786:1:55a73700-c891-46fd-8f5c-72bc827f2ef5:20160407213829.269:786</Value>
          <Value>objectClass:786:1:55a73700-c891-46fd-8f5c-72bc827f2ef5:20160407213829.269:786</Value>
          <Value>objectGUID:786:1:55a73700-c891-46fd-8f5c-72bc827f2ef5:20160407213829.269:786</Value>
          <Value>oMSyntax:786:1:55a73700-c891-46fd-8f5c-72bc827f2ef5:20160407213829.269:786</Value>
          <Value>schemaIDGUID:786:1:55a73700-c891-46fd-8f5c-72bc827f2ef5:20160407213829.269:786</Value>
          <Value>uSNChanged:786:1:55a73700-c891-46fd-8f5c-72bc827f2ef5:20160407213829.269:786</Value>
          <Value>uSNCreated:786:1:55a73700-c891-46fd-8f5c-72bc827f2ef5:20160407213829.269:786</Value>
          <Value>vmwAttributeUsage:786:1:55a73700-c891-46fd-8f5c-72bc827f2ef5:20160407213829.269:786</Value>
        </AttributeMetadata>
      </AttributeSchemaEntry>
      <AttributeSchemaEntry>
        <Name>privilegeValue</Name>
        <AttributeMetadata>
          <Value>attributeID:357:1:55a73700-c891-46fd-8f5c-72bc827f2ef5:20160407213828.556:357</Value>
          <Value>attributeSyntax:357:1:55a73700-c891-46fd-8f5c-72bc827f2ef5:20160407213828.556:357</Value>
          <Value>cn:357:1:55a73700-c891-46fd-8f5c-72bc827f2ef5:20160407213828.556:357</Value>
          <Value>createTimeStamp:357:1:55a73700-c891-46fd-8f5c-72bc827f2ef5:20160407213828.556:357</Value>
          <Value>entryDN:357:1:55a73700-c891-46fd-8f5c-72bc827f2ef5:20160407213828.556:357</Value>
          <Value>isSingleValued:357:1:55a73700-c891-46fd-8f5c-72bc827f2ef5:20160407213828.556:357</Value>
          <Value>lDAPDisplayName:357:1:55a73700-c891-46fd-8f5c-72bc827f2ef5:20160407213828.556:357</Value>
          <Value>modifyTimeStamp:357:1:55a73700-c891-46fd-8f5c-72bc827f2ef5:20160407213828.556:357</Value>
          <Value>objectClass:357:1:55a73700-c891-46fd-8f5c-72bc827f2ef5:20160407213828.556:357</Value>
          <Value>objectGUID:357:1:55a73700-c891-46fd-8f5c-72bc827f2ef5:20160407213828.556:357</Value>
          <Value>oMSyntax:357:1:55a73700-c891-46fd-8f5c-72bc827f2ef5:20160407213828.556:357</Value>
          <Value>schemaIDGUID:357:1:55a73700-c891-46fd-8f5c-72bc827f2ef5:20160407213828.556:357</Value>
          <Value>uSNChanged:357:1:55a73700-c891-46fd-8f5c-72bc827f2ef5:20160407213828.556:357</Value>
          <Value>uSNCreated:357:1:55a73700-c891-46fd-8f5c-72bc827f2ef5:20160407213828.556:357</Value>
          <Value>vmwAttributeUsage:357:1:55a73700-c891-46fd-8f5c-72bc827f2ef5:20160407213828.556:357</Value>
        </AttributeMetadata>
      </AttributeSchemaEntry>
      <AttributeSchemaEntry>
        <Name>productCode</Name>
        <AttributeMetadata>
          <Value>attributeID:1606:1:55a73700-c891-46fd-8f5c-72bc827f2ef5:20160407213830.671:1606</Value>
          <Value>attributeSyntax:1606:1:55a73700-c891-46fd-8f5c-72bc827f2ef5:20160407213830.671:1606</Value>
          <Value>cn:1606:1:55a73700-c891-46fd-8f5c-72bc827f2ef5:20160407213830.671:1606</Value>
          <Value>createTimeStamp:1606:1:55a73700-c891-46fd-8f5c-72bc827f2ef5:20160407213830.671:1606</Value>
          <Value>entryDN:1606:1:55a73700-c891-46fd-8f5c-72bc827f2ef5:20160407213830.671:1606</Value>
          <Value>isSingleValued:1606:1:55a73700-c891-46fd-8f5c-72bc827f2ef5:20160407213830.671:1606</Value>
          <Value>lDAPDisplayName:1606:1:55a73700-c891-46fd-8f5c-72bc827f2ef5:20160407213830.671:1606</Value>
          <Value>modifyTimeStamp:1606:1:55a73700-c891-46fd-8f5c-72bc827f2ef5:20160407213830.671:1606</Value>
          <Value>objectClass:1606:1:55a73700-c891-46fd-8f5c-72bc827f2ef5:20160407213830.671:1606</Value>
          <Value>objectGUID:1606:1:55a73700-c891-46fd-8f5c-72bc827f2ef5:20160407213830.671:1606</Value>
          <Value>oMSyntax:1606:1:55a73700-c891-46fd-8f5c-72bc827f2ef5:20160407213830.671:1606</Value>
          <Value>schemaIDGUID:1606:1:55a73700-c891-46fd-8f5c-72bc827f2ef5:20160407213830.671:1606</Value>
          <Value>uSNChanged:1606:1:55a73700-c891-46fd-8f5c-72bc827f2ef5:20160407213830.671:1606</Value>
          <Value>uSNCreated:1606:1:55a73700-c891-46fd-8f5c-72bc827f2ef5:20160407213830.671:1606</Value>
          <Value>vmwAttributeUsage:1606:1:55a73700-c891-46fd-8f5c-72bc827f2ef5:20160407213830.671:1606</Value>
        </AttributeMetadata>
      </AttributeSchemaEntry>
      <AttributeSchemaEntry>
        <Name>profilePath</Name>
        <AttributeMetadata>
          <Value>attributeID:1699:1:55a73700-c891-46fd-8f5c-72bc827f2ef5:20160407213830.830:1699</Value>
          <Value>attributeSyntax:1699:1:55a73700-c891-46fd-8f5c-72bc827f2ef5:20160407213830.830:1699</Value>
          <Value>cn:1699:1:55a73700-c891-46fd-8f5c-72bc827f2ef5:20160407213830.830:1699</Value>
          <Value>createTimeStamp:1699:1:55a73700-c891-46fd-8f5c-72bc827f2ef5:20160407213830.830:1699</Value>
          <Value>entryDN:1699:1:55a73700-c891-46fd-8f5c-72bc827f2ef5:20160407213830.830:1699</Value>
          <Value>isSingleValued:1699:1:55a73700-c891-46fd-8f5c-72bc827f2ef5:20160407213830.830:1699</Value>
          <Value>lDAPDisplayName:1699:1:55a73700-c891-46fd-8f5c-72bc827f2ef5:20160407213830.830:1699</Value>
          <Value>modifyTimeStamp:1699:1:55a73700-c891-46fd-8f5c-72bc827f2ef5:20160407213830.830:1699</Value>
          <Value>objectClass:1699:1:55a73700-c891-46fd-8f5c-72bc827f2ef5:20160407213830.830:1699</Value>
          <Value>objectGUID:1699:1:55a73700-c891-46fd-8f5c-72bc827f2ef5:20160407213830.830:1699</Value>
          <Value>oMSyntax:1699:1:55a73700-c891-46fd-8f5c-72bc827f2ef5:20160407213830.830:1699</Value>
          <Value>schemaIDGUID:1699:1:55a73700-c891-46fd-8f5c-72bc827f2ef5:20160407213830.830:1699</Value>
          <Value>uSNChanged:1699:1:55a73700-c891-46fd-8f5c-72bc827f2ef5:20160407213830.830:1699</Value>
          <Value>uSNCreated:1699:1:55a73700-c891-46fd-8f5c-72bc827f2ef5:20160407213830.830:1699</Value>
          <Value>vmwAttributeUsage:1699:1:55a73700-c891-46fd-8f5c-72bc827f2ef5:20160407213830.830:1699</Value>
        </AttributeMetadata>
      </AttributeSchemaEntry>
      <AttributeSchemaEntry>
        <Name>protocolInformation</Name>
        <AttributeMetadata>
          <Value>attributeID:1651:1:55a73700-c891-46fd-8f5c-72bc827f2ef5:20160407213830.745:1651</Value>
          <Value>attributeSyntax:1651:1:55a73700-c891-46fd-8f5c-72bc827f2ef5:20160407213830.745:1651</Value>
          <Value>cn:1651:1:55a73700-c891-46fd-8f5c-72bc827f2ef5:20160407213830.745:1651</Value>
          <Value>createTimeStamp:1651:1:55a73700-c891-46fd-8f5c-72bc827f2ef5:20160407213830.745:1651</Value>
          <Value>description:1651:1:55a73700-c891-46fd-8f5c-72bc827f2ef5:20160407213830.745:1651</Value>
          <Value>entryDN:1651:1:55a73700-c891-46fd-8f5c-72bc827f2ef5:20160407213830.745:1651</Value>
          <Value>isSingleValued:1651:1:55a73700-c891-46fd-8f5c-72bc827f2ef5:20160407213830.745:1651</Value>
          <Value>lDAPDisplayName:1651:1:55a73700-c891-46fd-8f5c-72bc827f2ef5:20160407213830.745:1651</Value>
          <Value>modifyTimeStamp:1651:1:55a73700-c891-46fd-8f5c-72bc827f2ef5:20160407213830.745:1651</Value>
          <Value>objectClass:1651:1:55a73700-c891-46fd-8f5c-72bc827f2ef5:20160407213830.745:1651</Value>
          <Value>objectGUID:1651:1:55a73700-c891-46fd-8f5c-72bc827f2ef5:20160407213830.745:1651</Value>
          <Value>oMSyntax:1651:1:55a73700-c891-46fd-8f5c-72bc827f2ef5:20160407213830.745:1651</Value>
          <Value>schemaIDGUID:1651:1:55a73700-c891-46fd-8f5c-72bc827f2ef5:20160407213830.745:1651</Value>
          <Value>uSNChanged:1651:1:55a73700-c891-46fd-8f5c-72bc827f2ef5:20160407213830.745:1651</Value>
          <Value>uSNCreated:1651:1:55a73700-c891-46fd-8f5c-72bc827f2ef5:20160407213830.745:1651</Value>
          <Value>vmwAttributeUsage:1651:1:55a73700-c891-46fd-8f5c-72bc827f2ef5:20160407213830.745:1651</Value>
        </AttributeMetadata>
      </AttributeSchemaEntry>
      <AttributeSchemaEntry>
        <Name>proxiedObjectName</Name>
        <AttributeMetadata>
          <Value>attributeID:1733:1:55a73700-c891-46fd-8f5c-72bc827f2ef5:20160407213830.889:1733</Value>
          <Value>attributeSyntax:1733:1:55a73700-c891-46fd-8f5c-72bc827f2ef5:20160407213830.889:1733</Value>
          <Value>cn:1733:1:55a73700-c891-46fd-8f5c-72bc827f2ef5:20160407213830.889:1733</Value>
          <Value>createTimeStamp:1733:1:55a73700-c891-46fd-8f5c-72bc827f2ef5:20160407213830.889:1733</Value>
          <Value>entryDN:1733:1:55a73700-c891-46fd-8f5c-72bc827f2ef5:20160407213830.889:1733</Value>
          <Value>isSingleValued:1733:1:55a73700-c891-46fd-8f5c-72bc827f2ef5:20160407213830.889:1733</Value>
          <Value>lDAPDisplayName:1733:1:55a73700-c891-46fd-8f5c-72bc827f2ef5:20160407213830.889:1733</Value>
          <Value>modifyTimeStamp:1733:1:55a73700-c891-46fd-8f5c-72bc827f2ef5:20160407213830.889:1733</Value>
          <Value>objectClass:1733:1:55a73700-c891-46fd-8f5c-72bc827f2ef5:20160407213830.889:1733</Value>
          <Value>objectGUID:1733:1:55a73700-c891-46fd-8f5c-72bc827f2ef5:20160407213830.889:1733</Value>
          <Value>oMSyntax:1733:1:55a73700-c891-46fd-8f5c-72bc827f2ef5:20160407213830.889:1733</Value>
          <Value>schemaIDGUID:1733:1:55a73700-c891-46fd-8f5c-72bc827f2ef5:20160407213830.889:1733</Value>
          <Value>uSNChanged:1733:1:55a73700-c891-46fd-8f5c-72bc827f2ef5:20160407213830.889:1733</Value>
          <Value>uSNCreated:1733:1:55a73700-c891-46fd-8f5c-72bc827f2ef5:20160407213830.889:1733</Value>
          <Value>vmwAttributeUsage:1733:1:55a73700-c891-46fd-8f5c-72bc827f2ef5:20160407213830.889:1733</Value>
        </AttributeMetadata>
      </AttributeSchemaEntry>
      <AttributeSchemaEntry>
        <Name>proxyAddresses</Name>
        <AttributeMetadata>
          <Value>attributeID:1470:1:55a73700-c891-46fd-8f5c-72bc827f2ef5:20160407213830.443:1470</Value>
          <Value>attributeSyntax:1470:1:55a73700-c891-46fd-8f5c-72bc827f2ef5:20160407213830.443:1470</Value>
          <Value>cn:1470:1:55a73700-c891-46fd-8f5c-72bc827f2ef5:20160407213830.443:1470</Value>
          <Value>createTimeStamp:1470:1:55a73700-c891-46fd-8f5c-72bc827f2ef5:20160407213830.443:1470</Value>
          <Value>entryDN:1470:1:55a73700-c891-46fd-8f5c-72bc827f2ef5:20160407213830.443:1470</Value>
          <Value>isSingleValued:1470:1:55a73700-c891-46fd-8f5c-72bc827f2ef5:20160407213830.443:1470</Value>
          <Value>lDAPDisplayName:1470:1:55a73700-c891-46fd-8f5c-72bc827f2ef5:20160407213830.443:1470</Value>
          <Value>modifyTimeStamp:1470:1:55a73700-c891-46fd-8f5c-72bc827f2ef5:20160407213830.443:1470</Value>
          <Value>objectClass:1470:1:55a73700-c891-46fd-8f5c-72bc827f2ef5:20160407213830.443:1470</Value>
          <Value>objectGUID:1470:1:55a73700-c891-46fd-8f5c-72bc827f2ef5:20160407213830.443:1470</Value>
          <Value>oMSyntax:1470:1:55a73700-c891-46fd-8f5c-72bc827f2ef5:20160407213830.443:1470</Value>
          <Value>schemaIDGUID:1470:1:55a73700-c891-46fd-8f5c-72bc827f2ef5:20160407213830.443:1470</Value>
          <Value>uSNChanged:1470:1:55a73700-c891-46fd-8f5c-72bc827f2ef5:20160407213830.443:1470</Value>
          <Value>uSNCreated:1470:1:55a73700-c891-46fd-8f5c-72bc827f2ef5:20160407213830.443:1470</Value>
          <Value>vmwAttributeUsage:1470:1:55a73700-c891-46fd-8f5c-72bc827f2ef5:20160407213830.443:1470</Value>
        </AttributeMetadata>
      </AttributeSchemaEntry>
      <AttributeSchemaEntry>
        <Name>proxyGenerationEnabled</Name>
        <AttributeMetadata>
          <Value>attributeID:597:1:55a73700-c891-46fd-8f5c-72bc827f2ef5:20160407213828.942:597</Value>
          <Value>attributeSyntax:597:1:55a73700-c891-46fd-8f5c-72bc827f2ef5:20160407213828.942:597</Value>
          <Value>cn:597:1:55a73700-c891-46fd-8f5c-72bc827f2ef5:20160407213828.942:597</Value>
          <Value>createTimeStamp:597:1:55a73700-c891-46fd-8f5c-72bc827f2ef5:20160407213828.942:597</Value>
          <Value>entryDN:597:1:55a73700-c891-46fd-8f5c-72bc827f2ef5:20160407213828.942:597</Value>
          <Value>isSingleValued:597:1:55a73700-c891-46fd-8f5c-72bc827f2ef5:20160407213828.942:597</Value>
          <Value>lDAPDisplayName:597:1:55a73700-c891-46fd-8f5c-72bc827f2ef5:20160407213828.942:597</Value>
          <Value>modifyTimeStamp:597:1:55a73700-c891-46fd-8f5c-72bc827f2ef5:20160407213828.942:597</Value>
          <Value>objectClass:597:1:55a73700-c891-46fd-8f5c-72bc827f2ef5:20160407213828.942:597</Value>
          <Value>objectGUID:597:1:55a73700-c891-46fd-8f5c-72bc827f2ef5:20160407213828.942:597</Value>
          <Value>oMSyntax:597:1:55a73700-c891-46fd-8f5c-72bc827f2ef5:20160407213828.942:597</Value>
          <Value>schemaIDGUID:597:1:55a73700-c891-46fd-8f5c-72bc827f2ef5:20160407213828.942:597</Value>
          <Value>uSNChanged:597:1:55a73700-c891-46fd-8f5c-72bc827f2ef5:20160407213828.942:597</Value>
          <Value>uSNCreated:597:1:55a73700-c891-46fd-8f5c-72bc827f2ef5:20160407213828.942:597</Value>
          <Value>vmwAttributeUsage:597:1:55a73700-c891-46fd-8f5c-72bc827f2ef5:20160407213828.942:597</Value>
        </AttributeMetadata>
      </AttributeSchemaEntry>
      <AttributeSchemaEntry>
        <Name>proxyLifetime</Name>
        <AttributeMetadata>
          <Value>attributeID:1291:1:55a73700-c891-46fd-8f5c-72bc827f2ef5:20160407213830.149:1291</Value>
          <Value>attributeSyntax:1291:1:55a73700-c891-46fd-8f5c-72bc827f2ef5:20160407213830.149:1291</Value>
          <Value>cn:1291:1:55a73700-c891-46fd-8f5c-72bc827f2ef5:20160407213830.149:1291</Value>
          <Value>createTimeStamp:1291:1:55a73700-c891-46fd-8f5c-72bc827f2ef5:20160407213830.149:1291</Value>
          <Value>entryDN:1291:1:55a73700-c891-46fd-8f5c-72bc827f2ef5:20160407213830.149:1291</Value>
          <Value>isSingleValued:1291:1:55a73700-c891-46fd-8f5c-72bc827f2ef5:20160407213830.149:1291</Value>
          <Value>lDAPDisplayName:1291:1:55a73700-c891-46fd-8f5c-72bc827f2ef5:20160407213830.149:1291</Value>
          <Value>modifyTimeStamp:1291:1:55a73700-c891-46fd-8f5c-72bc827f2ef5:20160407213830.149:1291</Value>
          <Value>objectClass:1291:1:55a73700-c891-46fd-8f5c-72bc827f2ef5:20160407213830.149:1291</Value>
          <Value>objectGUID:1291:1:55a73700-c891-46fd-8f5c-72bc827f2ef5:20160407213830.149:1291</Value>
          <Value>oMSyntax:1291:1:55a73700-c891-46fd-8f5c-72bc827f2ef5:20160407213830.149:1291</Value>
          <Value>schemaIDGUID:1291:1:55a73700-c891-46fd-8f5c-72bc827f2ef5:20160407213830.149:1291</Value>
          <Value>uSNChanged:1291:1:55a73700-c891-46fd-8f5c-72bc827f2ef5:20160407213830.149:1291</Value>
          <Value>uSNCreated:1291:1:55a73700-c891-46fd-8f5c-72bc827f2ef5:20160407213830.149:1291</Value>
          <Value>vmwAttributeUsage:1291:1:55a73700-c891-46fd-8f5c-72bc827f2ef5:20160407213830.149:1291</Value>
        </AttributeMetadata>
      </AttributeSchemaEntry>
      <AttributeSchemaEntry>
        <Name>pseudonym</Name>
        <AttributeMetadata>
          <Value>attributeID:668:1:55a73700-c891-46fd-8f5c-72bc827f2ef5:20160407213829.065:668</Value>
          <Value>attributeSyntax:668:1:55a73700-c891-46fd-8f5c-72bc827f2ef5:20160407213829.065:668</Value>
          <Value>cn:668:1:55a73700-c891-46fd-8f5c-72bc827f2ef5:20160407213829.065:668</Value>
          <Value>createTimeStamp:668:1:55a73700-c891-46fd-8f5c-72bc827f2ef5:20160407213829.065:668</Value>
          <Value>description:668:1:55a73700-c891-46fd-8f5c-72bc827f2ef5:20160407213829.065:668</Value>
          <Value>entryDN:668:1:55a73700-c891-46fd-8f5c-72bc827f2ef5:20160407213829.065:668</Value>
          <Value>isSingleValued:668:1:55a73700-c891-46fd-8f5c-72bc827f2ef5:20160407213829.065:668</Value>
          <Value>lDAPDisplayName:668:1:55a73700-c891-46fd-8f5c-72bc827f2ef5:20160407213829.065:668</Value>
          <Value>modifyTimeStamp:668:1:55a73700-c891-46fd-8f5c-72bc827f2ef5:20160407213829.065:668</Value>
          <Value>objectClass:668:1:55a73700-c891-46fd-8f5c-72bc827f2ef5:20160407213829.065:668</Value>
          <Value>objectGUID:668:1:55a73700-c891-46fd-8f5c-72bc827f2ef5:20160407213829.065:668</Value>
          <Value>oMSyntax:668:1:55a73700-c891-46fd-8f5c-72bc827f2ef5:20160407213829.065:668</Value>
          <Value>schemaIDGUID:668:1:55a73700-c891-46fd-8f5c-72bc827f2ef5:20160407213829.065:668</Value>
          <Value>uSNChanged:668:1:55a73700-c891-46fd-8f5c-72bc827f2ef5:20160407213829.065:668</Value>
          <Value>uSNCreated:668:1:55a73700-c891-46fd-8f5c-72bc827f2ef5:20160407213829.065:668</Value>
          <Value>vmwAttributeUsage:668:1:55a73700-c891-46fd-8f5c-72bc827f2ef5:20160407213829.065:668</Value>
        </AttributeMetadata>
      </AttributeSchemaEntry>
      <AttributeSchemaEntry>
        <Name>publicKeyPolicy</Name>
        <AttributeMetadata>
          <Value>attributeID:866:1:55a73700-c891-46fd-8f5c-72bc827f2ef5:20160407213829.410:866</Value>
          <Value>attributeSyntax:866:1:55a73700-c891-46fd-8f5c-72bc827f2ef5:20160407213829.410:866</Value>
          <Value>cn:866:1:55a73700-c891-46fd-8f5c-72bc827f2ef5:20160407213829.410:866</Value>
          <Value>createTimeStamp:866:1:55a73700-c891-46fd-8f5c-72bc827f2ef5:20160407213829.410:866</Value>
          <Value>entryDN:866:1:55a73700-c891-46fd-8f5c-72bc827f2ef5:20160407213829.410:866</Value>
          <Value>isSingleValued:866:1:55a73700-c891-46fd-8f5c-72bc827f2ef5:20160407213829.410:866</Value>
          <Value>lDAPDisplayName:866:1:55a73700-c891-46fd-8f5c-72bc827f2ef5:20160407213829.410:866</Value>
          <Value>modifyTimeStamp:866:1:55a73700-c891-46fd-8f5c-72bc827f2ef5:20160407213829.410:866</Value>
          <Value>objectClass:866:1:55a73700-c891-46fd-8f5c-72bc827f2ef5:20160407213829.410:866</Value>
          <Value>objectGUID:866:1:55a73700-c891-46fd-8f5c-72bc827f2ef5:20160407213829.410:866</Value>
          <Value>oMSyntax:866:1:55a73700-c891-46fd-8f5c-72bc827f2ef5:20160407213829.410:866</Value>
          <Value>schemaIDGUID:866:1:55a73700-c891-46fd-8f5c-72bc827f2ef5:20160407213829.410:866</Value>
          <Value>uSNChanged:866:1:55a73700-c891-46fd-8f5c-72bc827f2ef5:20160407213829.410:866</Value>
          <Value>uSNCreated:866:1:55a73700-c891-46fd-8f5c-72bc827f2ef5:20160407213829.410:866</Value>
          <Value>vmwAttributeUsage:866:1:55a73700-c891-46fd-8f5c-72bc827f2ef5:20160407213829.410:866</Value>
        </AttributeMetadata>
      </AttributeSchemaEntry>
      <AttributeSchemaEntry>
        <Name>purportedSearch</Name>
        <AttributeMetadata>
          <Value>attributeID:197:1:55a73700-c891-46fd-8f5c-72bc827f2ef5:20160407213828.319:197</Value>
          <Value>attributeSyntax:197:1:55a73700-c891-46fd-8f5c-72bc827f2ef5:20160407213828.319:197</Value>
          <Value>cn:197:1:55a73700-c891-46fd-8f5c-72bc827f2ef5:20160407213828.319:197</Value>
          <Value>createTimeStamp:197:1:55a73700-c891-46fd-8f5c-72bc827f2ef5:20160407213828.319:197</Value>
          <Value>entryDN:197:1:55a73700-c891-46fd-8f5c-72bc827f2ef5:20160407213828.319:197</Value>
          <Value>isSingleValued:197:1:55a73700-c891-46fd-8f5c-72bc827f2ef5:20160407213828.319:197</Value>
          <Value>lDAPDisplayName:197:1:55a73700-c891-46fd-8f5c-72bc827f2ef5:20160407213828.319:197</Value>
          <Value>modifyTimeStamp:197:1:55a73700-c891-46fd-8f5c-72bc827f2ef5:20160407213828.319:197</Value>
          <Value>objectClass:197:1:55a73700-c891-46fd-8f5c-72bc827f2ef5:20160407213828.319:197</Value>
          <Value>objectGUID:197:1:55a73700-c891-46fd-8f5c-72bc827f2ef5:20160407213828.319:197</Value>
          <Value>oMSyntax:197:1:55a73700-c891-46fd-8f5c-72bc827f2ef5:20160407213828.319:197</Value>
          <Value>schemaIDGUID:197:1:55a73700-c891-46fd-8f5c-72bc827f2ef5:20160407213828.319:197</Value>
          <Value>uSNChanged:197:1:55a73700-c891-46fd-8f5c-72bc827f2ef5:20160407213828.319:197</Value>
          <Value>uSNCreated:197:1:55a73700-c891-46fd-8f5c-72bc827f2ef5:20160407213828.319:197</Value>
          <Value>vmwAttributeUsage:197:1:55a73700-c891-46fd-8f5c-72bc827f2ef5:20160407213828.319:197</Value>
        </AttributeMetadata>
      </AttributeSchemaEntry>
      <AttributeSchemaEntry>
        <Name>pwdHistoryLength</Name>
        <AttributeMetadata>
          <Value>attributeID:567:1:55a73700-c891-46fd-8f5c-72bc827f2ef5:20160407213828.890:567</Value>
          <Value>attributeSyntax:567:1:55a73700-c891-46fd-8f5c-72bc827f2ef5:20160407213828.890:567</Value>
          <Value>cn:567:1:55a73700-c891-46fd-8f5c-72bc827f2ef5:20160407213828.890:567</Value>
          <Value>createTimeStamp:567:1:55a73700-c891-46fd-8f5c-72bc827f2ef5:20160407213828.890:567</Value>
          <Value>entryDN:567:1:55a73700-c891-46fd-8f5c-72bc827f2ef5:20160407213828.890:567</Value>
          <Value>isSingleValued:567:1:55a73700-c891-46fd-8f5c-72bc827f2ef5:20160407213828.890:567</Value>
          <Value>lDAPDisplayName:567:1:55a73700-c891-46fd-8f5c-72bc827f2ef5:20160407213828.890:567</Value>
          <Value>modifyTimeStamp:567:1:55a73700-c891-46fd-8f5c-72bc827f2ef5:20160407213828.890:567</Value>
          <Value>objectClass:567:1:55a73700-c891-46fd-8f5c-72bc827f2ef5:20160407213828.890:567</Value>
          <Value>objectGUID:567:1:55a73700-c891-46fd-8f5c-72bc827f2ef5:20160407213828.890:567</Value>
          <Value>oMSyntax:567:1:55a73700-c891-46fd-8f5c-72bc827f2ef5:20160407213828.890:567</Value>
          <Value>schemaIDGUID:567:1:55a73700-c891-46fd-8f5c-72bc827f2ef5:20160407213828.890:567</Value>
          <Value>uSNChanged:567:1:55a73700-c891-46fd-8f5c-72bc827f2ef5:20160407213828.890:567</Value>
          <Value>uSNCreated:567:1:55a73700-c891-46fd-8f5c-72bc827f2ef5:20160407213828.890:567</Value>
          <Value>vmwAttributeUsage:567:1:55a73700-c891-46fd-8f5c-72bc827f2ef5:20160407213828.890:567</Value>
        </AttributeMetadata>
      </AttributeSchemaEntry>
      <AttributeSchemaEntry>
        <Name>pwdLastSet</Name>
        <AttributeMetadata>
          <Value>attributeID:1599:1:55a73700-c891-46fd-8f5c-72bc827f2ef5:20160407213830.656:1599</Value>
          <Value>attributeSyntax:1599:1:55a73700-c891-46fd-8f5c-72bc827f2ef5:20160407213830.656:1599</Value>
          <Value>cn:1599:1:55a73700-c891-46fd-8f5c-72bc827f2ef5:20160407213830.656:1599</Value>
          <Value>createTimeStamp:1599:1:55a73700-c891-46fd-8f5c-72bc827f2ef5:20160407213830.656:1599</Value>
          <Value>entryDN:1599:1:55a73700-c891-46fd-8f5c-72bc827f2ef5:20160407213830.656:1599</Value>
          <Value>isSingleValued:1599:1:55a73700-c891-46fd-8f5c-72bc827f2ef5:20160407213830.656:1599</Value>
          <Value>lDAPDisplayName:1599:1:55a73700-c891-46fd-8f5c-72bc827f2ef5:20160407213830.656:1599</Value>
          <Value>modifyTimeStamp:1599:1:55a73700-c891-46fd-8f5c-72bc827f2ef5:20160407213830.656:1599</Value>
          <Value>objectClass:1599:1:55a73700-c891-46fd-8f5c-72bc827f2ef5:20160407213830.656:1599</Value>
          <Value>objectGUID:1599:1:55a73700-c891-46fd-8f5c-72bc827f2ef5:20160407213830.656:1599</Value>
          <Value>oMSyntax:1599:1:55a73700-c891-46fd-8f5c-72bc827f2ef5:20160407213830.656:1599</Value>
          <Value>schemaIDGUID:1599:1:55a73700-c891-46fd-8f5c-72bc827f2ef5:20160407213830.656:1599</Value>
          <Value>uSNChanged:1599:1:55a73700-c891-46fd-8f5c-72bc827f2ef5:20160407213830.656:1599</Value>
          <Value>uSNCreated:1599:1:55a73700-c891-46fd-8f5c-72bc827f2ef5:20160407213830.656:1599</Value>
          <Value>vmwAttributeUsage:1599:1:55a73700-c891-46fd-8f5c-72bc827f2ef5:20160407213830.656:1599</Value>
        </AttributeMetadata>
      </AttributeSchemaEntry>
      <AttributeSchemaEntry>
        <Name>pwdProperties</Name>
        <AttributeMetadata>
          <Value>attributeID:212:1:55a73700-c891-46fd-8f5c-72bc827f2ef5:20160407213828.334:212</Value>
          <Value>attributeSyntax:212:1:55a73700-c891-46fd-8f5c-72bc827f2ef5:20160407213828.334:212</Value>
          <Value>cn:212:1:55a73700-c891-46fd-8f5c-72bc827f2ef5:20160407213828.334:212</Value>
          <Value>createTimeStamp:212:1:55a73700-c891-46fd-8f5c-72bc827f2ef5:20160407213828.334:212</Value>
          <Value>entryDN:212:1:55a73700-c891-46fd-8f5c-72bc827f2ef5:20160407213828.334:212</Value>
          <Value>isSingleValued:212:1:55a73700-c891-46fd-8f5c-72bc827f2ef5:20160407213828.334:212</Value>
          <Value>lDAPDisplayName:212:1:55a73700-c891-46fd-8f5c-72bc827f2ef5:20160407213828.334:212</Value>
          <Value>modifyTimeStamp:212:1:55a73700-c891-46fd-8f5c-72bc827f2ef5:20160407213828.334:212</Value>
          <Value>objectClass:212:1:55a73700-c891-46fd-8f5c-72bc827f2ef5:20160407213828.334:212</Value>
          <Value>objectGUID:212:1:55a73700-c891-46fd-8f5c-72bc827f2ef5:20160407213828.334:212</Value>
          <Value>oMSyntax:212:1:55a73700-c891-46fd-8f5c-72bc827f2ef5:20160407213828.334:212</Value>
          <Value>schemaIDGUID:212:1:55a73700-c891-46fd-8f5c-72bc827f2ef5:20160407213828.334:212</Value>
          <Value>uSNChanged:212:1:55a73700-c891-46fd-8f5c-72bc827f2ef5:20160407213828.334:212</Value>
          <Value>uSNCreated:212:1:55a73700-c891-46fd-8f5c-72bc827f2ef5:20160407213828.334:212</Value>
          <Value>vmwAttributeUsage:212:1:55a73700-c891-46fd-8f5c-72bc827f2ef5:20160407213828.334:212</Value>
        </AttributeMetadata>
      </AttributeSchemaEntry>
      <AttributeSchemaEntry>
        <Name>qualityOfService</Name>
        <AttributeMetadata>
          <Value>attributeID:951:1:55a73700-c891-46fd-8f5c-72bc827f2ef5:20160407213829.553:951</Value>
          <Value>attributeSyntax:951:1:55a73700-c891-46fd-8f5c-72bc827f2ef5:20160407213829.553:951</Value>
          <Value>cn:951:1:55a73700-c891-46fd-8f5c-72bc827f2ef5:20160407213829.553:951</Value>
          <Value>createTimeStamp:951:1:55a73700-c891-46fd-8f5c-72bc827f2ef5:20160407213829.553:951</Value>
          <Value>entryDN:951:1:55a73700-c891-46fd-8f5c-72bc827f2ef5:20160407213829.553:951</Value>
          <Value>isSingleValued:951:1:55a73700-c891-46fd-8f5c-72bc827f2ef5:20160407213829.553:951</Value>
          <Value>lDAPDisplayName:951:1:55a73700-c891-46fd-8f5c-72bc827f2ef5:20160407213829.553:951</Value>
          <Value>modifyTimeStamp:951:1:55a73700-c891-46fd-8f5c-72bc827f2ef5:20160407213829.553:951</Value>
          <Value>objectClass:951:1:55a73700-c891-46fd-8f5c-72bc827f2ef5:20160407213829.553:951</Value>
          <Value>objectGUID:951:1:55a73700-c891-46fd-8f5c-72bc827f2ef5:20160407213829.553:951</Value>
          <Value>oMSyntax:951:1:55a73700-c891-46fd-8f5c-72bc827f2ef5:20160407213829.553:951</Value>
          <Value>schemaIDGUID:951:1:55a73700-c891-46fd-8f5c-72bc827f2ef5:20160407213829.553:951</Value>
          <Value>uSNChanged:951:1:55a73700-c891-46fd-8f5c-72bc827f2ef5:20160407213829.553:951</Value>
          <Value>uSNCreated:951:1:55a73700-c891-46fd-8f5c-72bc827f2ef5:20160407213829.553:951</Value>
          <Value>vmwAttributeUsage:951:1:55a73700-c891-46fd-8f5c-72bc827f2ef5:20160407213829.553:951</Value>
        </AttributeMetadata>
      </AttributeSchemaEntry>
      <AttributeSchemaEntry>
        <Name>queryFilter</Name>
        <AttributeMetadata>
          <Value>attributeID:1403:1:55a73700-c891-46fd-8f5c-72bc827f2ef5:20160407213830.330:1403</Value>
          <Value>attributeSyntax:1403:1:55a73700-c891-46fd-8f5c-72bc827f2ef5:20160407213830.330:1403</Value>
          <Value>cn:1403:1:55a73700-c891-46fd-8f5c-72bc827f2ef5:20160407213830.330:1403</Value>
          <Value>createTimeStamp:1403:1:55a73700-c891-46fd-8f5c-72bc827f2ef5:20160407213830.330:1403</Value>
          <Value>entryDN:1403:1:55a73700-c891-46fd-8f5c-72bc827f2ef5:20160407213830.330:1403</Value>
          <Value>isSingleValued:1403:1:55a73700-c891-46fd-8f5c-72bc827f2ef5:20160407213830.330:1403</Value>
          <Value>lDAPDisplayName:1403:1:55a73700-c891-46fd-8f5c-72bc827f2ef5:20160407213830.330:1403</Value>
          <Value>modifyTimeStamp:1403:1:55a73700-c891-46fd-8f5c-72bc827f2ef5:20160407213830.330:1403</Value>
          <Value>objectClass:1403:1:55a73700-c891-46fd-8f5c-72bc827f2ef5:20160407213830.330:1403</Value>
          <Value>objectGUID:1403:1:55a73700-c891-46fd-8f5c-72bc827f2ef5:20160407213830.330:1403</Value>
          <Value>oMSyntax:1403:1:55a73700-c891-46fd-8f5c-72bc827f2ef5:20160407213830.330:1403</Value>
          <Value>schemaIDGUID:1403:1:55a73700-c891-46fd-8f5c-72bc827f2ef5:20160407213830.330:1403</Value>
          <Value>uSNChanged:1403:1:55a73700-c891-46fd-8f5c-72bc827f2ef5:20160407213830.330:1403</Value>
          <Value>uSNCreated:1403:1:55a73700-c891-46fd-8f5c-72bc827f2ef5:20160407213830.330:1403</Value>
          <Value>vmwAttributeUsage:1403:1:55a73700-c891-46fd-8f5c-72bc827f2ef5:20160407213830.330:1403</Value>
        </AttributeMetadata>
      </AttributeSchemaEntry>
      <AttributeSchemaEntry>
        <Name>queryPoint</Name>
        <AttributeMetadata>
          <Value>attributeID:1432:1:55a73700-c891-46fd-8f5c-72bc827f2ef5:20160407213830.381:1432</Value>
          <Value>attributeSyntax:1432:1:55a73700-c891-46fd-8f5c-72bc827f2ef5:20160407213830.381:1432</Value>
          <Value>cn:1432:1:55a73700-c891-46fd-8f5c-72bc827f2ef5:20160407213830.381:1432</Value>
          <Value>createTimeStamp:1432:1:55a73700-c891-46fd-8f5c-72bc827f2ef5:20160407213830.381:1432</Value>
          <Value>entryDN:1432:1:55a73700-c891-46fd-8f5c-72bc827f2ef5:20160407213830.381:1432</Value>
          <Value>isSingleValued:1432:1:55a73700-c891-46fd-8f5c-72bc827f2ef5:20160407213830.381:1432</Value>
          <Value>lDAPDisplayName:1432:1:55a73700-c891-46fd-8f5c-72bc827f2ef5:20160407213830.381:1432</Value>
          <Value>modifyTimeStamp:1432:1:55a73700-c891-46fd-8f5c-72bc827f2ef5:20160407213830.381:1432</Value>
          <Value>objectClass:1432:1:55a73700-c891-46fd-8f5c-72bc827f2ef5:20160407213830.381:1432</Value>
          <Value>objectGUID:1432:1:55a73700-c891-46fd-8f5c-72bc827f2ef5:20160407213830.381:1432</Value>
          <Value>oMSyntax:1432:1:55a73700-c891-46fd-8f5c-72bc827f2ef5:20160407213830.381:1432</Value>
          <Value>schemaIDGUID:1432:1:55a73700-c891-46fd-8f5c-72bc827f2ef5:20160407213830.381:1432</Value>
          <Value>uSNChanged:1432:1:55a73700-c891-46fd-8f5c-72bc827f2ef5:20160407213830.381:1432</Value>
          <Value>uSNCreated:1432:1:55a73700-c891-46fd-8f5c-72bc827f2ef5:20160407213830.381:1432</Value>
          <Value>vmwAttributeUsage:1432:1:55a73700-c891-46fd-8f5c-72bc827f2ef5:20160407213830.381:1432</Value>
        </AttributeMetadata>
      </AttributeSchemaEntry>
      <AttributeSchemaEntry>
        <Name>queryPolicyBL</Name>
        <AttributeMetadata>
          <Value>attributeID:1089:1:55a73700-c891-46fd-8f5c-72bc827f2ef5:20160407213829.797:1089</Value>
          <Value>attributeSyntax:1089:1:55a73700-c891-46fd-8f5c-72bc827f2ef5:20160407213829.797:1089</Value>
          <Value>cn:1089:1:55a73700-c891-46fd-8f5c-72bc827f2ef5:20160407213829.797:1089</Value>
          <Value>createTimeStamp:1089:1:55a73700-c891-46fd-8f5c-72bc827f2ef5:20160407213829.797:1089</Value>
          <Value>entryDN:1089:1:55a73700-c891-46fd-8f5c-72bc827f2ef5:20160407213829.797:1089</Value>
          <Value>isSingleValued:1089:1:55a73700-c891-46fd-8f5c-72bc827f2ef5:20160407213829.797:1089</Value>
          <Value>lDAPDisplayName:1089:1:55a73700-c891-46fd-8f5c-72bc827f2ef5:20160407213829.797:1089</Value>
          <Value>modifyTimeStamp:1089:1:55a73700-c891-46fd-8f5c-72bc827f2ef5:20160407213829.797:1089</Value>
          <Value>objectClass:1089:1:55a73700-c891-46fd-8f5c-72bc827f2ef5:20160407213829.797:1089</Value>
          <Value>objectGUID:1089:1:55a73700-c891-46fd-8f5c-72bc827f2ef5:20160407213829.797:1089</Value>
          <Value>oMSyntax:1089:1:55a73700-c891-46fd-8f5c-72bc827f2ef5:20160407213829.797:1089</Value>
          <Value>schemaIDGUID:1089:1:55a73700-c891-46fd-8f5c-72bc827f2ef5:20160407213829.797:1089</Value>
          <Value>uSNChanged:1089:1:55a73700-c891-46fd-8f5c-72bc827f2ef5:20160407213829.797:1089</Value>
          <Value>uSNCreated:1089:1:55a73700-c891-46fd-8f5c-72bc827f2ef5:20160407213829.797:1089</Value>
          <Value>vmwAttributeUsage:1089:1:55a73700-c891-46fd-8f5c-72bc827f2ef5:20160407213829.797:1089</Value>
        </AttributeMetadata>
      </AttributeSchemaEntry>
      <AttributeSchemaEntry>
        <Name>queryPolicyObject</Name>
        <AttributeMetadata>
          <Value>attributeID:1081:1:55a73700-c891-46fd-8f5c-72bc827f2ef5:20160407213829.774:1081</Value>
          <Value>attributeSyntax:1081:1:55a73700-c891-46fd-8f5c-72bc827f2ef5:20160407213829.774:1081</Value>
          <Value>cn:1081:1:55a73700-c891-46fd-8f5c-72bc827f2ef5:20160407213829.774:1081</Value>
          <Value>createTimeStamp:1081:1:55a73700-c891-46fd-8f5c-72bc827f2ef5:20160407213829.774:1081</Value>
          <Value>entryDN:1081:1:55a73700-c891-46fd-8f5c-72bc827f2ef5:20160407213829.774:1081</Value>
          <Value>isSingleValued:1081:1:55a73700-c891-46fd-8f5c-72bc827f2ef5:20160407213829.774:1081</Value>
          <Value>lDAPDisplayName:1081:1:55a73700-c891-46fd-8f5c-72bc827f2ef5:20160407213829.774:1081</Value>
          <Value>modifyTimeStamp:1081:1:55a73700-c891-46fd-8f5c-72bc827f2ef5:20160407213829.774:1081</Value>
          <Value>objectClass:1081:1:55a73700-c891-46fd-8f5c-72bc827f2ef5:20160407213829.774:1081</Value>
          <Value>objectGUID:1081:1:55a73700-c891-46fd-8f5c-72bc827f2ef5:20160407213829.774:1081</Value>
          <Value>oMSyntax:1081:1:55a73700-c891-46fd-8f5c-72bc827f2ef5:20160407213829.774:1081</Value>
          <Value>schemaIDGUID:1081:1:55a73700-c891-46fd-8f5c-72bc827f2ef5:20160407213829.774:1081</Value>
          <Value>uSNChanged:1081:1:55a73700-c891-46fd-8f5c-72bc827f2ef5:20160407213829.774:1081</Value>
          <Value>uSNCreated:1081:1:55a73700-c891-46fd-8f5c-72bc827f2ef5:20160407213829.774:1081</Value>
          <Value>vmwAttributeUsage:1081:1:55a73700-c891-46fd-8f5c-72bc827f2ef5:20160407213829.774:1081</Value>
        </AttributeMetadata>
      </AttributeSchemaEntry>
      <AttributeSchemaEntry>
        <Name>rangeLower</Name>
        <AttributeMetadata>
          <Value>attributeID:360:1:55a73700-c891-46fd-8f5c-72bc827f2ef5:20160407213828.559:360</Value>
          <Value>attributeSyntax:360:1:55a73700-c891-46fd-8f5c-72bc827f2ef5:20160407213828.559:360</Value>
          <Value>cn:360:1:55a73700-c891-46fd-8f5c-72bc827f2ef5:20160407213828.559:360</Value>
          <Value>createTimeStamp:360:1:55a73700-c891-46fd-8f5c-72bc827f2ef5:20160407213828.559:360</Value>
          <Value>entryDN:360:1:55a73700-c891-46fd-8f5c-72bc827f2ef5:20160407213828.559:360</Value>
          <Value>isSingleValued:360:1:55a73700-c891-46fd-8f5c-72bc827f2ef5:20160407213828.559:360</Value>
          <Value>lDAPDisplayName:360:1:55a73700-c891-46fd-8f5c-72bc827f2ef5:20160407213828.559:360</Value>
          <Value>modifyTimeStamp:360:1:55a73700-c891-46fd-8f5c-72bc827f2ef5:20160407213828.559:360</Value>
          <Value>objectClass:360:1:55a73700-c891-46fd-8f5c-72bc827f2ef5:20160407213828.559:360</Value>
          <Value>objectGUID:360:1:55a73700-c891-46fd-8f5c-72bc827f2ef5:20160407213828.559:360</Value>
          <Value>oMSyntax:360:1:55a73700-c891-46fd-8f5c-72bc827f2ef5:20160407213828.559:360</Value>
          <Value>schemaIDGUID:360:1:55a73700-c891-46fd-8f5c-72bc827f2ef5:20160407213828.559:360</Value>
          <Value>uSNChanged:360:1:55a73700-c891-46fd-8f5c-72bc827f2ef5:20160407213828.559:360</Value>
          <Value>uSNCreated:360:1:55a73700-c891-46fd-8f5c-72bc827f2ef5:20160407213828.559:360</Value>
          <Value>vmwAttributeUsage:360:1:55a73700-c891-46fd-8f5c-72bc827f2ef5:20160407213828.559:360</Value>
        </AttributeMetadata>
      </AttributeSchemaEntry>
      <AttributeSchemaEntry>
        <Name>rangeUpper</Name>
        <AttributeMetadata>
          <Value>attributeID:887:1:55a73700-c891-46fd-8f5c-72bc827f2ef5:20160407213829.446:887</Value>
          <Value>attributeSyntax:887:1:55a73700-c891-46fd-8f5c-72bc827f2ef5:20160407213829.446:887</Value>
          <Value>cn:887:1:55a73700-c891-46fd-8f5c-72bc827f2ef5:20160407213829.446:887</Value>
          <Value>createTimeStamp:887:1:55a73700-c891-46fd-8f5c-72bc827f2ef5:20160407213829.446:887</Value>
          <Value>entryDN:887:1:55a73700-c891-46fd-8f5c-72bc827f2ef5:20160407213829.446:887</Value>
          <Value>isSingleValued:887:1:55a73700-c891-46fd-8f5c-72bc827f2ef5:20160407213829.446:887</Value>
          <Value>lDAPDisplayName:887:1:55a73700-c891-46fd-8f5c-72bc827f2ef5:20160407213829.446:887</Value>
          <Value>modifyTimeStamp:887:1:55a73700-c891-46fd-8f5c-72bc827f2ef5:20160407213829.446:887</Value>
          <Value>objectClass:887:1:55a73700-c891-46fd-8f5c-72bc827f2ef5:20160407213829.446:887</Value>
          <Value>objectGUID:887:1:55a73700-c891-46fd-8f5c-72bc827f2ef5:20160407213829.446:887</Value>
          <Value>oMSyntax:887:1:55a73700-c891-46fd-8f5c-72bc827f2ef5:20160407213829.446:887</Value>
          <Value>schemaIDGUID:887:1:55a73700-c891-46fd-8f5c-72bc827f2ef5:20160407213829.446:887</Value>
          <Value>uSNChanged:887:1:55a73700-c891-46fd-8f5c-72bc827f2ef5:20160407213829.446:887</Value>
          <Value>uSNCreated:887:1:55a73700-c891-46fd-8f5c-72bc827f2ef5:20160407213829.446:887</Value>
          <Value>vmwAttributeUsage:887:1:55a73700-c891-46fd-8f5c-72bc827f2ef5:20160407213829.446:887</Value>
        </AttributeMetadata>
      </AttributeSchemaEntry>
      <AttributeSchemaEntry>
        <Name>rDNAttID</Name>
        <AttributeMetadata>
          <Value>attributeID:690:1:55a73700-c891-46fd-8f5c-72bc827f2ef5:20160407213829.101:690</Value>
          <Value>attributeSyntax:690:1:55a73700-c891-46fd-8f5c-72bc827f2ef5:20160407213829.101:690</Value>
          <Value>cn:690:1:55a73700-c891-46fd-8f5c-72bc827f2ef5:20160407213829.101:690</Value>
          <Value>createTimeStamp:690:1:55a73700-c891-46fd-8f5c-72bc827f2ef5:20160407213829.101:690</Value>
          <Value>entryDN:690:1:55a73700-c891-46fd-8f5c-72bc827f2ef5:20160407213829.101:690</Value>
          <Value>isSingleValued:690:1:55a73700-c891-46fd-8f5c-72bc827f2ef5:20160407213829.101:690</Value>
          <Value>lDAPDisplayName:690:1:55a73700-c891-46fd-8f5c-72bc827f2ef5:20160407213829.101:690</Value>
          <Value>modifyTimeStamp:690:1:55a73700-c891-46fd-8f5c-72bc827f2ef5:20160407213829.101:690</Value>
          <Value>objectClass:690:1:55a73700-c891-46fd-8f5c-72bc827f2ef5:20160407213829.101:690</Value>
          <Value>objectGUID:690:1:55a73700-c891-46fd-8f5c-72bc827f2ef5:20160407213829.101:690</Value>
          <Value>oMSyntax:690:1:55a73700-c891-46fd-8f5c-72bc827f2ef5:20160407213829.101:690</Value>
          <Value>schemaIDGUID:690:1:55a73700-c891-46fd-8f5c-72bc827f2ef5:20160407213829.101:690</Value>
          <Value>uSNChanged:690:1:55a73700-c891-46fd-8f5c-72bc827f2ef5:20160407213829.101:690</Value>
          <Value>uSNCreated:690:1:55a73700-c891-46fd-8f5c-72bc827f2ef5:20160407213829.101:690</Value>
          <Value>vmwAttributeUsage:690:1:55a73700-c891-46fd-8f5c-72bc827f2ef5:20160407213829.101:690</Value>
        </AttributeMetadata>
      </AttributeSchemaEntry>
      <AttributeSchemaEntry>
        <Name>ref</Name>
        <AttributeMetadata>
          <Value>attributeID:483:1:55a73700-c891-46fd-8f5c-72bc827f2ef5:20160407213828.746:483</Value>
          <Value>attributeSyntax:483:1:55a73700-c891-46fd-8f5c-72bc827f2ef5:20160407213828.746:483</Value>
          <Value>cn:483:1:55a73700-c891-46fd-8f5c-72bc827f2ef5:20160407213828.746:483</Value>
          <Value>createTimeStamp:483:1:55a73700-c891-46fd-8f5c-72bc827f2ef5:20160407213828.746:483</Value>
          <Value>description:483:1:55a73700-c891-46fd-8f5c-72bc827f2ef5:20160407213828.746:483</Value>
          <Value>entryDN:483:1:55a73700-c891-46fd-8f5c-72bc827f2ef5:20160407213828.746:483</Value>
          <Value>isSingleValued:483:1:55a73700-c891-46fd-8f5c-72bc827f2ef5:20160407213828.746:483</Value>
          <Value>lDAPDisplayName:483:1:55a73700-c891-46fd-8f5c-72bc827f2ef5:20160407213828.746:483</Value>
          <Value>modifyTimeStamp:483:1:55a73700-c891-46fd-8f5c-72bc827f2ef5:20160407213828.746:483</Value>
          <Value>objectClass:483:1:55a73700-c891-46fd-8f5c-72bc827f2ef5:20160407213828.746:483</Value>
          <Value>objectGUID:483:1:55a73700-c891-46fd-8f5c-72bc827f2ef5:20160407213828.746:483</Value>
          <Value>oMSyntax:483:1:55a73700-c891-46fd-8f5c-72bc827f2ef5:20160407213828.746:483</Value>
          <Value>schemaIDGUID:483:1:55a73700-c891-46fd-8f5c-72bc827f2ef5:20160407213828.746:483</Value>
          <Value>uSNChanged:483:1:55a73700-c891-46fd-8f5c-72bc827f2ef5:20160407213828.746:483</Value>
          <Value>uSNCreated:483:1:55a73700-c891-46fd-8f5c-72bc827f2ef5:20160407213828.746:483</Value>
          <Value>vmwAttributeUsage:483:1:55a73700-c891-46fd-8f5c-72bc827f2ef5:20160407213828.746:483</Value>
        </AttributeMetadata>
      </AttributeSchemaEntry>
      <AttributeSchemaEntry>
        <Name>registeredAddress</Name>
        <AttributeMetadata>
          <Value>attributeID:801:1:55a73700-c891-46fd-8f5c-72bc827f2ef5:20160407213829.296:801</Value>
          <Value>attributeSyntax:801:1:55a73700-c891-46fd-8f5c-72bc827f2ef5:20160407213829.296:801</Value>
          <Value>cn:801:1:55a73700-c891-46fd-8f5c-72bc827f2ef5:20160407213829.296:801</Value>
          <Value>createTimeStamp:801:1:55a73700-c891-46fd-8f5c-72bc827f2ef5:20160407213829.296:801</Value>
          <Value>entryDN:801:1:55a73700-c891-46fd-8f5c-72bc827f2ef5:20160407213829.296:801</Value>
          <Value>isSingleValued:801:1:55a73700-c891-46fd-8f5c-72bc827f2ef5:20160407213829.296:801</Value>
          <Value>lDAPDisplayName:801:1:55a73700-c891-46fd-8f5c-72bc827f2ef5:20160407213829.296:801</Value>
          <Value>modifyTimeStamp:801:1:55a73700-c891-46fd-8f5c-72bc827f2ef5:20160407213829.296:801</Value>
          <Value>objectClass:801:1:55a73700-c891-46fd-8f5c-72bc827f2ef5:20160407213829.296:801</Value>
          <Value>objectGUID:801:1:55a73700-c891-46fd-8f5c-72bc827f2ef5:20160407213829.296:801</Value>
          <Value>oMSyntax:801:1:55a73700-c891-46fd-8f5c-72bc827f2ef5:20160407213829.296:801</Value>
          <Value>schemaIDGUID:801:1:55a73700-c891-46fd-8f5c-72bc827f2ef5:20160407213829.296:801</Value>
          <Value>uSNChanged:801:1:55a73700-c891-46fd-8f5c-72bc827f2ef5:20160407213829.296:801</Value>
          <Value>uSNCreated:801:1:55a73700-c891-46fd-8f5c-72bc827f2ef5:20160407213829.296:801</Value>
          <Value>vmwAttributeUsage:801:1:55a73700-c891-46fd-8f5c-72bc827f2ef5:20160407213829.296:801</Value>
        </AttributeMetadata>
      </AttributeSchemaEntry>
      <AttributeSchemaEntry>
        <Name>remoteServerName</Name>
        <AttributeMetadata>
          <Value>attributeID:1186:1:55a73700-c891-46fd-8f5c-72bc827f2ef5:20160407213829.972:1186</Value>
          <Value>attributeSyntax:1186:1:55a73700-c891-46fd-8f5c-72bc827f2ef5:20160407213829.972:1186</Value>
          <Value>cn:1186:1:55a73700-c891-46fd-8f5c-72bc827f2ef5:20160407213829.972:1186</Value>
          <Value>createTimeStamp:1186:1:55a73700-c891-46fd-8f5c-72bc827f2ef5:20160407213829.972:1186</Value>
          <Value>entryDN:1186:1:55a73700-c891-46fd-8f5c-72bc827f2ef5:20160407213829.972:1186</Value>
          <Value>isSingleValued:1186:1:55a73700-c891-46fd-8f5c-72bc827f2ef5:20160407213829.972:1186</Value>
          <Value>lDAPDisplayName:1186:1:55a73700-c891-46fd-8f5c-72bc827f2ef5:20160407213829.972:1186</Value>
          <Value>modifyTimeStamp:1186:1:55a73700-c891-46fd-8f5c-72bc827f2ef5:20160407213829.972:1186</Value>
          <Value>objectClass:1186:1:55a73700-c891-46fd-8f5c-72bc827f2ef5:20160407213829.972:1186</Value>
          <Value>objectGUID:1186:1:55a73700-c891-46fd-8f5c-72bc827f2ef5:20160407213829.972:1186</Value>
          <Value>oMSyntax:1186:1:55a73700-c891-46fd-8f5c-72bc827f2ef5:20160407213829.972:1186</Value>
          <Value>schemaIDGUID:1186:1:55a73700-c891-46fd-8f5c-72bc827f2ef5:20160407213829.972:1186</Value>
          <Value>uSNChanged:1186:1:55a73700-c891-46fd-8f5c-72bc827f2ef5:20160407213829.972:1186</Value>
          <Value>uSNCreated:1186:1:55a73700-c891-46fd-8f5c-72bc827f2ef5:20160407213829.972:1186</Value>
          <Value>vmwAttributeUsage:1186:1:55a73700-c891-46fd-8f5c-72bc827f2ef5:20160407213829.972:1186</Value>
        </AttributeMetadata>
      </AttributeSchemaEntry>
      <AttributeSchemaEntry>
        <Name>remoteSource</Name>
        <AttributeMetadata>
          <Value>attributeID:1347:1:55a73700-c891-46fd-8f5c-72bc827f2ef5:20160407213830.239:1347</Value>
          <Value>attributeSyntax:1347:1:55a73700-c891-46fd-8f5c-72bc827f2ef5:20160407213830.239:1347</Value>
          <Value>cn:1347:1:55a73700-c891-46fd-8f5c-72bc827f2ef5:20160407213830.239:1347</Value>
          <Value>createTimeStamp:1347:1:55a73700-c891-46fd-8f5c-72bc827f2ef5:20160407213830.239:1347</Value>
          <Value>entryDN:1347:1:55a73700-c891-46fd-8f5c-72bc827f2ef5:20160407213830.239:1347</Value>
          <Value>isSingleValued:1347:1:55a73700-c891-46fd-8f5c-72bc827f2ef5:20160407213830.239:1347</Value>
          <Value>lDAPDisplayName:1347:1:55a73700-c891-46fd-8f5c-72bc827f2ef5:20160407213830.239:1347</Value>
          <Value>modifyTimeStamp:1347:1:55a73700-c891-46fd-8f5c-72bc827f2ef5:20160407213830.239:1347</Value>
          <Value>objectClass:1347:1:55a73700-c891-46fd-8f5c-72bc827f2ef5:20160407213830.239:1347</Value>
          <Value>objectGUID:1347:1:55a73700-c891-46fd-8f5c-72bc827f2ef5:20160407213830.239:1347</Value>
          <Value>oMSyntax:1347:1:55a73700-c891-46fd-8f5c-72bc827f2ef5:20160407213830.239:1347</Value>
          <Value>schemaIDGUID:1347:1:55a73700-c891-46fd-8f5c-72bc827f2ef5:20160407213830.239:1347</Value>
          <Value>uSNChanged:1347:1:55a73700-c891-46fd-8f5c-72bc827f2ef5:20160407213830.239:1347</Value>
          <Value>uSNCreated:1347:1:55a73700-c891-46fd-8f5c-72bc827f2ef5:20160407213830.239:1347</Value>
          <Value>vmwAttributeUsage:1347:1:55a73700-c891-46fd-8f5c-72bc827f2ef5:20160407213830.239:1347</Value>
        </AttributeMetadata>
      </AttributeSchemaEntry>
      <AttributeSchemaEntry>
        <Name>remoteSourceType</Name>
        <AttributeMetadata>
          <Value>attributeID:994:1:55a73700-c891-46fd-8f5c-72bc827f2ef5:20160407213829.620:994</Value>
          <Value>attributeSyntax:994:1:55a73700-c891-46fd-8f5c-72bc827f2ef5:20160407213829.620:994</Value>
          <Value>cn:994:1:55a73700-c891-46fd-8f5c-72bc827f2ef5:20160407213829.620:994</Value>
          <Value>createTimeStamp:994:1:55a73700-c891-46fd-8f5c-72bc827f2ef5:20160407213829.620:994</Value>
          <Value>entryDN:994:1:55a73700-c891-46fd-8f5c-72bc827f2ef5:20160407213829.620:994</Value>
          <Value>isSingleValued:994:1:55a73700-c891-46fd-8f5c-72bc827f2ef5:20160407213829.620:994</Value>
          <Value>lDAPDisplayName:994:1:55a73700-c891-46fd-8f5c-72bc827f2ef5:20160407213829.620:994</Value>
          <Value>modifyTimeStamp:994:1:55a73700-c891-46fd-8f5c-72bc827f2ef5:20160407213829.620:994</Value>
          <Value>objectClass:994:1:55a73700-c891-46fd-8f5c-72bc827f2ef5:20160407213829.620:994</Value>
          <Value>objectGUID:994:1:55a73700-c891-46fd-8f5c-72bc827f2ef5:20160407213829.620:994</Value>
          <Value>oMSyntax:994:1:55a73700-c891-46fd-8f5c-72bc827f2ef5:20160407213829.620:994</Value>
          <Value>schemaIDGUID:994:1:55a73700-c891-46fd-8f5c-72bc827f2ef5:20160407213829.620:994</Value>
          <Value>uSNChanged:994:1:55a73700-c891-46fd-8f5c-72bc827f2ef5:20160407213829.620:994</Value>
          <Value>uSNCreated:994:1:55a73700-c891-46fd-8f5c-72bc827f2ef5:20160407213829.620:994</Value>
          <Value>vmwAttributeUsage:994:1:55a73700-c891-46fd-8f5c-72bc827f2ef5:20160407213829.620:994</Value>
        </AttributeMetadata>
      </AttributeSchemaEntry>
      <AttributeSchemaEntry>
        <Name>remoteStorageGUID</Name>
        <AttributeMetadata>
          <Value>attributeID:1635:1:55a73700-c891-46fd-8f5c-72bc827f2ef5:20160407213830.717:1635</Value>
          <Value>attributeSyntax:1635:1:55a73700-c891-46fd-8f5c-72bc827f2ef5:20160407213830.717:1635</Value>
          <Value>cn:1635:1:55a73700-c891-46fd-8f5c-72bc827f2ef5:20160407213830.717:1635</Value>
          <Value>createTimeStamp:1635:1:55a73700-c891-46fd-8f5c-72bc827f2ef5:20160407213830.717:1635</Value>
          <Value>entryDN:1635:1:55a73700-c891-46fd-8f5c-72bc827f2ef5:20160407213830.717:1635</Value>
          <Value>isSingleValued:1635:1:55a73700-c891-46fd-8f5c-72bc827f2ef5:20160407213830.717:1635</Value>
          <Value>lDAPDisplayName:1635:1:55a73700-c891-46fd-8f5c-72bc827f2ef5:20160407213830.717:1635</Value>
          <Value>modifyTimeStamp:1635:1:55a73700-c891-46fd-8f5c-72bc827f2ef5:20160407213830.717:1635</Value>
          <Value>objectClass:1635:1:55a73700-c891-46fd-8f5c-72bc827f2ef5:20160407213830.717:1635</Value>
          <Value>objectGUID:1635:1:55a73700-c891-46fd-8f5c-72bc827f2ef5:20160407213830.717:1635</Value>
          <Value>oMSyntax:1635:1:55a73700-c891-46fd-8f5c-72bc827f2ef5:20160407213830.717:1635</Value>
          <Value>schemaIDGUID:1635:1:55a73700-c891-46fd-8f5c-72bc827f2ef5:20160407213830.717:1635</Value>
          <Value>uSNChanged:1635:1:55a73700-c891-46fd-8f5c-72bc827f2ef5:20160407213830.717:1635</Value>
          <Value>uSNCreated:1635:1:55a73700-c891-46fd-8f5c-72bc827f2ef5:20160407213830.717:1635</Value>
          <Value>vmwAttributeUsage:1635:1:55a73700-c891-46fd-8f5c-72bc827f2ef5:20160407213830.717:1635</Value>
        </AttributeMetadata>
      </AttributeSchemaEntry>
      <AttributeSchemaEntry>
        <Name>replBindDN</Name>
        <AttributeMetadata>
          <Value>attributeID:736:1:55a73700-c891-46fd-8f5c-72bc827f2ef5:20160407213829.181:736</Value>
          <Value>attributeSyntax:736:1:55a73700-c891-46fd-8f5c-72bc827f2ef5:20160407213829.181:736</Value>
          <Value>cn:736:1:55a73700-c891-46fd-8f5c-72bc827f2ef5:20160407213829.181:736</Value>
          <Value>createTimeStamp:736:1:55a73700-c891-46fd-8f5c-72bc827f2ef5:20160407213829.181:736</Value>
          <Value>description:736:1:55a73700-c891-46fd-8f5c-72bc827f2ef5:20160407213829.181:736</Value>
          <Value>entryDN:736:1:55a73700-c891-46fd-8f5c-72bc827f2ef5:20160407213829.181:736</Value>
          <Value>isSingleValued:736:1:55a73700-c891-46fd-8f5c-72bc827f2ef5:20160407213829.181:736</Value>
          <Value>lDAPDisplayName:736:1:55a73700-c891-46fd-8f5c-72bc827f2ef5:20160407213829.181:736</Value>
          <Value>modifyTimeStamp:736:1:55a73700-c891-46fd-8f5c-72bc827f2ef5:20160407213829.181:736</Value>
          <Value>objectClass:736:1:55a73700-c891-46fd-8f5c-72bc827f2ef5:20160407213829.181:736</Value>
          <Value>objectGUID:736:1:55a73700-c891-46fd-8f5c-72bc827f2ef5:20160407213829.181:736</Value>
          <Value>oMSyntax:736:1:55a73700-c891-46fd-8f5c-72bc827f2ef5:20160407213829.181:736</Value>
          <Value>schemaIDGUID:736:1:55a73700-c891-46fd-8f5c-72bc827f2ef5:20160407213829.181:736</Value>
          <Value>uSNChanged:736:1:55a73700-c891-46fd-8f5c-72bc827f2ef5:20160407213829.181:736</Value>
          <Value>uSNCreated:736:1:55a73700-c891-46fd-8f5c-72bc827f2ef5:20160407213829.181:736</Value>
          <Value>vmwAttributeUsage:736:1:55a73700-c891-46fd-8f5c-72bc827f2ef5:20160407213829.181:736</Value>
        </AttributeMetadata>
      </AttributeSchemaEntry>
      <AttributeSchemaEntry>
        <Name>replBindPassword</Name>
        <AttributeMetadata>
          <Value>attributeID:836:1:55a73700-c891-46fd-8f5c-72bc827f2ef5:20160407213829.354:836</Value>
          <Value>attributeSyntax:836:1:55a73700-c891-46fd-8f5c-72bc827f2ef5:20160407213829.354:836</Value>
          <Value>cn:836:1:55a73700-c891-46fd-8f5c-72bc827f2ef5:20160407213829.354:836</Value>
          <Value>createTimeStamp:836:1:55a73700-c891-46fd-8f5c-72bc827f2ef5:20160407213829.354:836</Value>
          <Value>description:836:1:55a73700-c891-46fd-8f5c-72bc827f2ef5:20160407213829.354:836</Value>
          <Value>entryDN:836:1:55a73700-c891-46fd-8f5c-72bc827f2ef5:20160407213829.354:836</Value>
          <Value>isSingleValued:836:1:55a73700-c891-46fd-8f5c-72bc827f2ef5:20160407213829.354:836</Value>
          <Value>lDAPDisplayName:836:1:55a73700-c891-46fd-8f5c-72bc827f2ef5:20160407213829.354:836</Value>
          <Value>modifyTimeStamp:836:1:55a73700-c891-46fd-8f5c-72bc827f2ef5:20160407213829.354:836</Value>
          <Value>objectClass:836:1:55a73700-c891-46fd-8f5c-72bc827f2ef5:20160407213829.354:836</Value>
          <Value>objectGUID:836:1:55a73700-c891-46fd-8f5c-72bc827f2ef5:20160407213829.354:836</Value>
          <Value>oMSyntax:836:1:55a73700-c891-46fd-8f5c-72bc827f2ef5:20160407213829.354:836</Value>
          <Value>schemaIDGUID:836:1:55a73700-c891-46fd-8f5c-72bc827f2ef5:20160407213829.354:836</Value>
          <Value>uSNChanged:836:1:55a73700-c891-46fd-8f5c-72bc827f2ef5:20160407213829.354:836</Value>
          <Value>uSNCreated:836:1:55a73700-c891-46fd-8f5c-72bc827f2ef5:20160407213829.354:836</Value>
          <Value>vmwAttributeUsage:836:1:55a73700-c891-46fd-8f5c-72bc827f2ef5:20160407213829.354:836</Value>
        </AttributeMetadata>
      </AttributeSchemaEntry>
      <AttributeSchemaEntry>
        <Name>replicaSource</Name>
        <AttributeMetadata>
          <Value>attributeID:1520:1:55a73700-c891-46fd-8f5c-72bc827f2ef5:20160407213830.529:1520</Value>
          <Value>attributeSyntax:1520:1:55a73700-c891-46fd-8f5c-72bc827f2ef5:20160407213830.529:1520</Value>
          <Value>cn:1520:1:55a73700-c891-46fd-8f5c-72bc827f2ef5:20160407213830.529:1520</Value>
          <Value>createTimeStamp:1520:1:55a73700-c891-46fd-8f5c-72bc827f2ef5:20160407213830.529:1520</Value>
          <Value>entryDN:1520:1:55a73700-c891-46fd-8f5c-72bc827f2ef5:20160407213830.529:1520</Value>
          <Value>isSingleValued:1520:1:55a73700-c891-46fd-8f5c-72bc827f2ef5:20160407213830.529:1520</Value>
          <Value>lDAPDisplayName:1520:1:55a73700-c891-46fd-8f5c-72bc827f2ef5:20160407213830.529:1520</Value>
          <Value>modifyTimeStamp:1520:1:55a73700-c891-46fd-8f5c-72bc827f2ef5:20160407213830.529:1520</Value>
          <Value>objectClass:1520:1:55a73700-c891-46fd-8f5c-72bc827f2ef5:20160407213830.529:1520</Value>
          <Value>objectGUID:1520:1:55a73700-c891-46fd-8f5c-72bc827f2ef5:20160407213830.529:1520</Value>
          <Value>oMSyntax:1520:1:55a73700-c891-46fd-8f5c-72bc827f2ef5:20160407213830.529:1520</Value>
          <Value>schemaIDGUID:1520:1:55a73700-c891-46fd-8f5c-72bc827f2ef5:20160407213830.529:1520</Value>
          <Value>uSNChanged:1520:1:55a73700-c891-46fd-8f5c-72bc827f2ef5:20160407213830.529:1520</Value>
          <Value>uSNCreated:1520:1:55a73700-c891-46fd-8f5c-72bc827f2ef5:20160407213830.529:1520</Value>
          <Value>vmwAttributeUsage:1520:1:55a73700-c891-46fd-8f5c-72bc827f2ef5:20160407213830.529:1520</Value>
        </AttributeMetadata>
      </AttributeSchemaEntry>
      <AttributeSchemaEntry>
        <Name>replInterval</Name>
        <AttributeMetadata>
          <Value>attributeID:735:1:55a73700-c891-46fd-8f5c-72bc827f2ef5:20160407213829.180:735</Value>
          <Value>attributeSyntax:735:1:55a73700-c891-46fd-8f5c-72bc827f2ef5:20160407213829.180:735</Value>
          <Value>cn:735:1:55a73700-c891-46fd-8f5c-72bc827f2ef5:20160407213829.180:735</Value>
          <Value>createTimeStamp:735:1:55a73700-c891-46fd-8f5c-72bc827f2ef5:20160407213829.180:735</Value>
          <Value>description:735:1:55a73700-c891-46fd-8f5c-72bc827f2ef5:20160407213829.180:735</Value>
          <Value>entryDN:735:1:55a73700-c891-46fd-8f5c-72bc827f2ef5:20160407213829.180:735</Value>
          <Value>isSingleValued:735:1:55a73700-c891-46fd-8f5c-72bc827f2ef5:20160407213829.180:735</Value>
          <Value>lDAPDisplayName:735:1:55a73700-c891-46fd-8f5c-72bc827f2ef5:20160407213829.180:735</Value>
          <Value>modifyTimeStamp:735:1:55a73700-c891-46fd-8f5c-72bc827f2ef5:20160407213829.180:735</Value>
          <Value>objectClass:735:1:55a73700-c891-46fd-8f5c-72bc827f2ef5:20160407213829.180:735</Value>
          <Value>objectGUID:735:1:55a73700-c891-46fd-8f5c-72bc827f2ef5:20160407213829.180:735</Value>
          <Value>oMSyntax:735:1:55a73700-c891-46fd-8f5c-72bc827f2ef5:20160407213829.180:735</Value>
          <Value>schemaIDGUID:735:1:55a73700-c891-46fd-8f5c-72bc827f2ef5:20160407213829.180:735</Value>
          <Value>uSNChanged:735:1:55a73700-c891-46fd-8f5c-72bc827f2ef5:20160407213829.180:735</Value>
          <Value>uSNCreated:735:1:55a73700-c891-46fd-8f5c-72bc827f2ef5:20160407213829.180:735</Value>
          <Value>vmwAttributeUsage:735:1:55a73700-c891-46fd-8f5c-72bc827f2ef5:20160407213829.180:735</Value>
        </AttributeMetadata>
      </AttributeSchemaEntry>
      <AttributeSchemaEntry>
        <Name>replPageSize</Name>
        <AttributeMetadata>
          <Value>attributeID:1275:1:55a73700-c891-46fd-8f5c-72bc827f2ef5:20160407213830.122:1275</Value>
          <Value>attributeSyntax:1275:1:55a73700-c891-46fd-8f5c-72bc827f2ef5:20160407213830.122:1275</Value>
          <Value>cn:1275:1:55a73700-c891-46fd-8f5c-72bc827f2ef5:20160407213830.122:1275</Value>
          <Value>createTimeStamp:1275:1:55a73700-c891-46fd-8f5c-72bc827f2ef5:20160407213830.122:1275</Value>
          <Value>description:1275:1:55a73700-c891-46fd-8f5c-72bc827f2ef5:20160407213830.122:1275</Value>
          <Value>entryDN:1275:1:55a73700-c891-46fd-8f5c-72bc827f2ef5:20160407213830.122:1275</Value>
          <Value>isSingleValued:1275:1:55a73700-c891-46fd-8f5c-72bc827f2ef5:20160407213830.122:1275</Value>
          <Value>lDAPDisplayName:1275:1:55a73700-c891-46fd-8f5c-72bc827f2ef5:20160407213830.122:1275</Value>
          <Value>modifyTimeStamp:1275:1:55a73700-c891-46fd-8f5c-72bc827f2ef5:20160407213830.122:1275</Value>
          <Value>objectClass:1275:1:55a73700-c891-46fd-8f5c-72bc827f2ef5:20160407213830.122:1275</Value>
          <Value>objectGUID:1275:1:55a73700-c891-46fd-8f5c-72bc827f2ef5:20160407213830.122:1275</Value>
          <Value>oMSyntax:1275:1:55a73700-c891-46fd-8f5c-72bc827f2ef5:20160407213830.122:1275</Value>
          <Value>schemaIDGUID:1275:1:55a73700-c891-46fd-8f5c-72bc827f2ef5:20160407213830.122:1275</Value>
          <Value>uSNChanged:1275:1:55a73700-c891-46fd-8f5c-72bc827f2ef5:20160407213830.122:1275</Value>
          <Value>uSNCreated:1275:1:55a73700-c891-46fd-8f5c-72bc827f2ef5:20160407213830.122:1275</Value>
          <Value>vmwAttributeUsage:1275:1:55a73700-c891-46fd-8f5c-72bc827f2ef5:20160407213830.122:1275</Value>
        </AttributeMetadata>
      </AttributeSchemaEntry>
      <AttributeSchemaEntry>
        <Name>replPropertyMetaData</Name>
        <AttributeMetadata>
          <Value>attributeID:275:1:55a73700-c891-46fd-8f5c-72bc827f2ef5:20160407213828.424:275</Value>
          <Value>attributeSyntax:275:1:55a73700-c891-46fd-8f5c-72bc827f2ef5:20160407213828.424:275</Value>
          <Value>cn:275:1:55a73700-c891-46fd-8f5c-72bc827f2ef5:20160407213828.424:275</Value>
          <Value>createTimeStamp:275:1:55a73700-c891-46fd-8f5c-72bc827f2ef5:20160407213828.424:275</Value>
          <Value>entryDN:275:1:55a73700-c891-46fd-8f5c-72bc827f2ef5:20160407213828.424:275</Value>
          <Value>isSingleValued:275:1:55a73700-c891-46fd-8f5c-72bc827f2ef5:20160407213828.424:275</Value>
          <Value>lDAPDisplayName:275:1:55a73700-c891-46fd-8f5c-72bc827f2ef5:20160407213828.424:275</Value>
          <Value>modifyTimeStamp:275:1:55a73700-c891-46fd-8f5c-72bc827f2ef5:20160407213828.424:275</Value>
          <Value>objectClass:275:1:55a73700-c891-46fd-8f5c-72bc827f2ef5:20160407213828.424:275</Value>
          <Value>objectGUID:275:1:55a73700-c891-46fd-8f5c-72bc827f2ef5:20160407213828.424:275</Value>
          <Value>oMSyntax:275:1:55a73700-c891-46fd-8f5c-72bc827f2ef5:20160407213828.424:275</Value>
          <Value>schemaIDGUID:275:1:55a73700-c891-46fd-8f5c-72bc827f2ef5:20160407213828.424:275</Value>
          <Value>uSNChanged:275:1:55a73700-c891-46fd-8f5c-72bc827f2ef5:20160407213828.424:275</Value>
          <Value>uSNCreated:275:1:55a73700-c891-46fd-8f5c-72bc827f2ef5:20160407213828.424:275</Value>
          <Value>vmwAttributeUsage:275:1:55a73700-c891-46fd-8f5c-72bc827f2ef5:20160407213828.424:275</Value>
        </AttributeMetadata>
      </AttributeSchemaEntry>
      <AttributeSchemaEntry>
        <Name>replTopologyStayOfExecution</Name>
        <AttributeMetadata>
          <Value>attributeID:674:1:55a73700-c891-46fd-8f5c-72bc827f2ef5:20160407213829.071:674</Value>
          <Value>attributeSyntax:674:1:55a73700-c891-46fd-8f5c-72bc827f2ef5:20160407213829.071:674</Value>
          <Value>cn:674:1:55a73700-c891-46fd-8f5c-72bc827f2ef5:20160407213829.071:674</Value>
          <Value>createTimeStamp:674:1:55a73700-c891-46fd-8f5c-72bc827f2ef5:20160407213829.071:674</Value>
          <Value>entryDN:674:1:55a73700-c891-46fd-8f5c-72bc827f2ef5:20160407213829.071:674</Value>
          <Value>isSingleValued:674:1:55a73700-c891-46fd-8f5c-72bc827f2ef5:20160407213829.071:674</Value>
          <Value>lDAPDisplayName:674:1:55a73700-c891-46fd-8f5c-72bc827f2ef5:20160407213829.071:674</Value>
          <Value>modifyTimeStamp:674:1:55a73700-c891-46fd-8f5c-72bc827f2ef5:20160407213829.071:674</Value>
          <Value>objectClass:674:1:55a73700-c891-46fd-8f5c-72bc827f2ef5:20160407213829.071:674</Value>
          <Value>objectGUID:674:1:55a73700-c891-46fd-8f5c-72bc827f2ef5:20160407213829.071:674</Value>
          <Value>oMSyntax:674:1:55a73700-c891-46fd-8f5c-72bc827f2ef5:20160407213829.071:674</Value>
          <Value>schemaIDGUID:674:1:55a73700-c891-46fd-8f5c-72bc827f2ef5:20160407213829.071:674</Value>
          <Value>uSNChanged:674:1:55a73700-c891-46fd-8f5c-72bc827f2ef5:20160407213829.071:674</Value>
          <Value>uSNCreated:674:1:55a73700-c891-46fd-8f5c-72bc827f2ef5:20160407213829.071:674</Value>
          <Value>vmwAttributeUsage:674:1:55a73700-c891-46fd-8f5c-72bc827f2ef5:20160407213829.071:674</Value>
        </AttributeMetadata>
      </AttributeSchemaEntry>
      <AttributeSchemaEntry>
        <Name>replUpToDateVector</Name>
        <AttributeMetadata>
          <Value>attributeID:1745:1:55a73700-c891-46fd-8f5c-72bc827f2ef5:20160407213830.911:1745</Value>
          <Value>attributeSyntax:1745:1:55a73700-c891-46fd-8f5c-72bc827f2ef5:20160407213830.911:1745</Value>
          <Value>cn:1745:1:55a73700-c891-46fd-8f5c-72bc827f2ef5:20160407213830.911:1745</Value>
          <Value>createTimeStamp:1745:1:55a73700-c891-46fd-8f5c-72bc827f2ef5:20160407213830.911:1745</Value>
          <Value>entryDN:1745:1:55a73700-c891-46fd-8f5c-72bc827f2ef5:20160407213830.911:1745</Value>
          <Value>isSingleValued:1745:1:55a73700-c891-46fd-8f5c-72bc827f2ef5:20160407213830.911:1745</Value>
          <Value>lDAPDisplayName:1745:1:55a73700-c891-46fd-8f5c-72bc827f2ef5:20160407213830.911:1745</Value>
          <Value>modifyTimeStamp:1745:1:55a73700-c891-46fd-8f5c-72bc827f2ef5:20160407213830.911:1745</Value>
          <Value>objectClass:1745:1:55a73700-c891-46fd-8f5c-72bc827f2ef5:20160407213830.911:1745</Value>
          <Value>objectGUID:1745:1:55a73700-c891-46fd-8f5c-72bc827f2ef5:20160407213830.911:1745</Value>
          <Value>oMSyntax:1745:1:55a73700-c891-46fd-8f5c-72bc827f2ef5:20160407213830.911:1745</Value>
          <Value>schemaIDGUID:1745:1:55a73700-c891-46fd-8f5c-72bc827f2ef5:20160407213830.911:1745</Value>
          <Value>uSNChanged:1745:1:55a73700-c891-46fd-8f5c-72bc827f2ef5:20160407213830.911:1745</Value>
          <Value>uSNCreated:1745:1:55a73700-c891-46fd-8f5c-72bc827f2ef5:20160407213830.911:1745</Value>
          <Value>vmwAttributeUsage:1745:1:55a73700-c891-46fd-8f5c-72bc827f2ef5:20160407213830.911:1745</Value>
        </AttributeMetadata>
      </AttributeSchemaEntry>
      <AttributeSchemaEntry>
        <Name>repsFrom</Name>
        <AttributeMetadata>
          <Value>attributeID:1589:1:55a73700-c891-46fd-8f5c-72bc827f2ef5:20160407213830.645:1589</Value>
          <Value>attributeSyntax:1589:1:55a73700-c891-46fd-8f5c-72bc827f2ef5:20160407213830.645:1589</Value>
          <Value>cn:1589:1:55a73700-c891-46fd-8f5c-72bc827f2ef5:20160407213830.645:1589</Value>
          <Value>createTimeStamp:1589:1:55a73700-c891-46fd-8f5c-72bc827f2ef5:20160407213830.645:1589</Value>
          <Value>entryDN:1589:1:55a73700-c891-46fd-8f5c-72bc827f2ef5:20160407213830.645:1589</Value>
          <Value>isSingleValued:1589:1:55a73700-c891-46fd-8f5c-72bc827f2ef5:20160407213830.645:1589</Value>
          <Value>lDAPDisplayName:1589:1:55a73700-c891-46fd-8f5c-72bc827f2ef5:20160407213830.645:1589</Value>
          <Value>modifyTimeStamp:1589:1:55a73700-c891-46fd-8f5c-72bc827f2ef5:20160407213830.645:1589</Value>
          <Value>objectClass:1589:1:55a73700-c891-46fd-8f5c-72bc827f2ef5:20160407213830.645:1589</Value>
          <Value>objectGUID:1589:1:55a73700-c891-46fd-8f5c-72bc827f2ef5:20160407213830.645:1589</Value>
          <Value>oMSyntax:1589:1:55a73700-c891-46fd-8f5c-72bc827f2ef5:20160407213830.645:1589</Value>
          <Value>schemaIDGUID:1589:1:55a73700-c891-46fd-8f5c-72bc827f2ef5:20160407213830.645:1589</Value>
          <Value>uSNChanged:1589:1:55a73700-c891-46fd-8f5c-72bc827f2ef5:20160407213830.645:1589</Value>
          <Value>uSNCreated:1589:1:55a73700-c891-46fd-8f5c-72bc827f2ef5:20160407213830.645:1589</Value>
          <Value>vmwAttributeUsage:1589:1:55a73700-c891-46fd-8f5c-72bc827f2ef5:20160407213830.645:1589</Value>
        </AttributeMetadata>
      </AttributeSchemaEntry>
      <AttributeSchemaEntry>
        <Name>repsTo</Name>
        <AttributeMetadata>
          <Value>attributeID:876:1:55a73700-c891-46fd-8f5c-72bc827f2ef5:20160407213829.424:876</Value>
          <Value>attributeSyntax:876:1:55a73700-c891-46fd-8f5c-72bc827f2ef5:20160407213829.424:876</Value>
          <Value>cn:876:1:55a73700-c891-46fd-8f5c-72bc827f2ef5:20160407213829.424:876</Value>
          <Value>createTimeStamp:876:1:55a73700-c891-46fd-8f5c-72bc827f2ef5:20160407213829.424:876</Value>
          <Value>entryDN:876:1:55a73700-c891-46fd-8f5c-72bc827f2ef5:20160407213829.424:876</Value>
          <Value>isSingleValued:876:1:55a73700-c891-46fd-8f5c-72bc827f2ef5:20160407213829.424:876</Value>
          <Value>lDAPDisplayName:876:1:55a73700-c891-46fd-8f5c-72bc827f2ef5:20160407213829.424:876</Value>
          <Value>modifyTimeStamp:876:1:55a73700-c891-46fd-8f5c-72bc827f2ef5:20160407213829.424:876</Value>
          <Value>objectClass:876:1:55a73700-c891-46fd-8f5c-72bc827f2ef5:20160407213829.424:876</Value>
          <Value>objectGUID:876:1:55a73700-c891-46fd-8f5c-72bc827f2ef5:20160407213829.424:876</Value>
          <Value>oMSyntax:876:1:55a73700-c891-46fd-8f5c-72bc827f2ef5:20160407213829.424:876</Value>
          <Value>schemaIDGUID:876:1:55a73700-c891-46fd-8f5c-72bc827f2ef5:20160407213829.424:876</Value>
          <Value>uSNChanged:876:1:55a73700-c891-46fd-8f5c-72bc827f2ef5:20160407213829.424:876</Value>
          <Value>uSNCreated:876:1:55a73700-c891-46fd-8f5c-72bc827f2ef5:20160407213829.424:876</Value>
          <Value>vmwAttributeUsage:876:1:55a73700-c891-46fd-8f5c-72bc827f2ef5:20160407213829.424:876</Value>
        </AttributeMetadata>
      </AttributeSchemaEntry>
      <AttributeSchemaEntry>
        <Name>requiredCategories</Name>
        <AttributeMetadata>
          <Value>attributeID:1055:1:55a73700-c891-46fd-8f5c-72bc827f2ef5:20160407213829.725:1055</Value>
          <Value>attributeSyntax:1055:1:55a73700-c891-46fd-8f5c-72bc827f2ef5:20160407213829.725:1055</Value>
          <Value>cn:1055:1:55a73700-c891-46fd-8f5c-72bc827f2ef5:20160407213829.725:1055</Value>
          <Value>createTimeStamp:1055:1:55a73700-c891-46fd-8f5c-72bc827f2ef5:20160407213829.725:1055</Value>
          <Value>entryDN:1055:1:55a73700-c891-46fd-8f5c-72bc827f2ef5:20160407213829.725:1055</Value>
          <Value>isSingleValued:1055:1:55a73700-c891-46fd-8f5c-72bc827f2ef5:20160407213829.725:1055</Value>
          <Value>lDAPDisplayName:1055:1:55a73700-c891-46fd-8f5c-72bc827f2ef5:20160407213829.725:1055</Value>
          <Value>modifyTimeStamp:1055:1:55a73700-c891-46fd-8f5c-72bc827f2ef5:20160407213829.725:1055</Value>
          <Value>objectClass:1055:1:55a73700-c891-46fd-8f5c-72bc827f2ef5:20160407213829.725:1055</Value>
          <Value>objectGUID:1055:1:55a73700-c891-46fd-8f5c-72bc827f2ef5:20160407213829.725:1055</Value>
          <Value>oMSyntax:1055:1:55a73700-c891-46fd-8f5c-72bc827f2ef5:20160407213829.725:1055</Value>
          <Value>schemaIDGUID:1055:1:55a73700-c891-46fd-8f5c-72bc827f2ef5:20160407213829.725:1055</Value>
          <Value>uSNChanged:1055:1:55a73700-c891-46fd-8f5c-72bc827f2ef5:20160407213829.725:1055</Value>
          <Value>uSNCreated:1055:1:55a73700-c891-46fd-8f5c-72bc827f2ef5:20160407213829.725:1055</Value>
          <Value>vmwAttributeUsage:1055:1:55a73700-c891-46fd-8f5c-72bc827f2ef5:20160407213829.725:1055</Value>
        </AttributeMetadata>
      </AttributeSchemaEntry>
      <AttributeSchemaEntry>
        <Name>retiredReplDSASignatures</Name>
        <AttributeMetadata>
          <Value>attributeID:1443:1:55a73700-c891-46fd-8f5c-72bc827f2ef5:20160407213830.393:1443</Value>
          <Value>attributeSyntax:1443:1:55a73700-c891-46fd-8f5c-72bc827f2ef5:20160407213830.393:1443</Value>
          <Value>cn:1443:1:55a73700-c891-46fd-8f5c-72bc827f2ef5:20160407213830.393:1443</Value>
          <Value>createTimeStamp:1443:1:55a73700-c891-46fd-8f5c-72bc827f2ef5:20160407213830.393:1443</Value>
          <Value>entryDN:1443:1:55a73700-c891-46fd-8f5c-72bc827f2ef5:20160407213830.393:1443</Value>
          <Value>isSingleValued:1443:1:55a73700-c891-46fd-8f5c-72bc827f2ef5:20160407213830.393:1443</Value>
          <Value>lDAPDisplayName:1443:1:55a73700-c891-46fd-8f5c-72bc827f2ef5:20160407213830.393:1443</Value>
          <Value>modifyTimeStamp:1443:1:55a73700-c891-46fd-8f5c-72bc827f2ef5:20160407213830.393:1443</Value>
          <Value>objectClass:1443:1:55a73700-c891-46fd-8f5c-72bc827f2ef5:20160407213830.393:1443</Value>
          <Value>objectGUID:1443:1:55a73700-c891-46fd-8f5c-72bc827f2ef5:20160407213830.393:1443</Value>
          <Value>oMSyntax:1443:1:55a73700-c891-46fd-8f5c-72bc827f2ef5:20160407213830.393:1443</Value>
          <Value>schemaIDGUID:1443:1:55a73700-c891-46fd-8f5c-72bc827f2ef5:20160407213830.393:1443</Value>
          <Value>uSNChanged:1443:1:55a73700-c891-46fd-8f5c-72bc827f2ef5:20160407213830.393:1443</Value>
          <Value>uSNCreated:1443:1:55a73700-c891-46fd-8f5c-72bc827f2ef5:20160407213830.393:1443</Value>
          <Value>vmwAttributeUsage:1443:1:55a73700-c891-46fd-8f5c-72bc827f2ef5:20160407213830.393:1443</Value>
        </AttributeMetadata>
      </AttributeSchemaEntry>
      <AttributeSchemaEntry>
        <Name>revision</Name>
        <AttributeMetadata>
          <Value>attributeID:858:1:55a73700-c891-46fd-8f5c-72bc827f2ef5:20160407213829.389:858</Value>
          <Value>attributeSyntax:858:1:55a73700-c891-46fd-8f5c-72bc827f2ef5:20160407213829.389:858</Value>
          <Value>cn:858:1:55a73700-c891-46fd-8f5c-72bc827f2ef5:20160407213829.389:858</Value>
          <Value>createTimeStamp:858:1:55a73700-c891-46fd-8f5c-72bc827f2ef5:20160407213829.389:858</Value>
          <Value>entryDN:858:1:55a73700-c891-46fd-8f5c-72bc827f2ef5:20160407213829.389:858</Value>
          <Value>isSingleValued:858:1:55a73700-c891-46fd-8f5c-72bc827f2ef5:20160407213829.389:858</Value>
          <Value>lDAPDisplayName:858:1:55a73700-c891-46fd-8f5c-72bc827f2ef5:20160407213829.389:858</Value>
          <Value>modifyTimeStamp:858:1:55a73700-c891-46fd-8f5c-72bc827f2ef5:20160407213829.389:858</Value>
          <Value>objectClass:858:1:55a73700-c891-46fd-8f5c-72bc827f2ef5:20160407213829.389:858</Value>
          <Value>objectGUID:858:1:55a73700-c891-46fd-8f5c-72bc827f2ef5:20160407213829.389:858</Value>
          <Value>oMSyntax:858:1:55a73700-c891-46fd-8f5c-72bc827f2ef5:20160407213829.389:858</Value>
          <Value>schemaIDGUID:858:1:55a73700-c891-46fd-8f5c-72bc827f2ef5:20160407213829.389:858</Value>
          <Value>uSNChanged:858:1:55a73700-c891-46fd-8f5c-72bc827f2ef5:20160407213829.389:858</Value>
          <Value>uSNCreated:858:1:55a73700-c891-46fd-8f5c-72bc827f2ef5:20160407213829.389:858</Value>
          <Value>vmwAttributeUsage:858:1:55a73700-c891-46fd-8f5c-72bc827f2ef5:20160407213829.389:858</Value>
        </AttributeMetadata>
      </AttributeSchemaEntry>
      <AttributeSchemaEntry>
        <Name>rid</Name>
        <AttributeMetadata>
          <Value>attributeID:581:1:55a73700-c891-46fd-8f5c-72bc827f2ef5:20160407213828.915:581</Value>
          <Value>attributeSyntax:581:1:55a73700-c891-46fd-8f5c-72bc827f2ef5:20160407213828.915:581</Value>
          <Value>cn:581:1:55a73700-c891-46fd-8f5c-72bc827f2ef5:20160407213828.915:581</Value>
          <Value>createTimeStamp:581:1:55a73700-c891-46fd-8f5c-72bc827f2ef5:20160407213828.915:581</Value>
          <Value>entryDN:581:1:55a73700-c891-46fd-8f5c-72bc827f2ef5:20160407213828.915:581</Value>
          <Value>isSingleValued:581:1:55a73700-c891-46fd-8f5c-72bc827f2ef5:20160407213828.915:581</Value>
          <Value>lDAPDisplayName:581:1:55a73700-c891-46fd-8f5c-72bc827f2ef5:20160407213828.915:581</Value>
          <Value>modifyTimeStamp:581:1:55a73700-c891-46fd-8f5c-72bc827f2ef5:20160407213828.915:581</Value>
          <Value>objectClass:581:1:55a73700-c891-46fd-8f5c-72bc827f2ef5:20160407213828.915:581</Value>
          <Value>objectGUID:581:1:55a73700-c891-46fd-8f5c-72bc827f2ef5:20160407213828.915:581</Value>
          <Value>oMSyntax:581:1:55a73700-c891-46fd-8f5c-72bc827f2ef5:20160407213828.915:581</Value>
          <Value>schemaIDGUID:581:1:55a73700-c891-46fd-8f5c-72bc827f2ef5:20160407213828.915:581</Value>
          <Value>uSNChanged:581:1:55a73700-c891-46fd-8f5c-72bc827f2ef5:20160407213828.915:581</Value>
          <Value>uSNCreated:581:1:55a73700-c891-46fd-8f5c-72bc827f2ef5:20160407213828.915:581</Value>
          <Value>vmwAttributeUsage:581:1:55a73700-c891-46fd-8f5c-72bc827f2ef5:20160407213828.915:581</Value>
        </AttributeMetadata>
      </AttributeSchemaEntry>
      <AttributeSchemaEntry>
        <Name>rIDAllocationPool</Name>
        <AttributeMetadata>
          <Value>attributeID:526:1:55a73700-c891-46fd-8f5c-72bc827f2ef5:20160407213828.825:526</Value>
          <Value>attributeSyntax:526:1:55a73700-c891-46fd-8f5c-72bc827f2ef5:20160407213828.825:526</Value>
          <Value>cn:526:1:55a73700-c891-46fd-8f5c-72bc827f2ef5:20160407213828.825:526</Value>
          <Value>createTimeStamp:526:1:55a73700-c891-46fd-8f5c-72bc827f2ef5:20160407213828.825:526</Value>
          <Value>entryDN:526:1:55a73700-c891-46fd-8f5c-72bc827f2ef5:20160407213828.825:526</Value>
          <Value>isSingleValued:526:1:55a73700-c891-46fd-8f5c-72bc827f2ef5:20160407213828.825:526</Value>
          <Value>lDAPDisplayName:526:1:55a73700-c891-46fd-8f5c-72bc827f2ef5:20160407213828.825:526</Value>
          <Value>modifyTimeStamp:526:1:55a73700-c891-46fd-8f5c-72bc827f2ef5:20160407213828.825:526</Value>
          <Value>objectClass:526:1:55a73700-c891-46fd-8f5c-72bc827f2ef5:20160407213828.825:526</Value>
          <Value>objectGUID:526:1:55a73700-c891-46fd-8f5c-72bc827f2ef5:20160407213828.825:526</Value>
          <Value>oMSyntax:526:1:55a73700-c891-46fd-8f5c-72bc827f2ef5:20160407213828.825:526</Value>
          <Value>schemaIDGUID:526:1:55a73700-c891-46fd-8f5c-72bc827f2ef5:20160407213828.825:526</Value>
          <Value>uSNChanged:526:1:55a73700-c891-46fd-8f5c-72bc827f2ef5:20160407213828.825:526</Value>
          <Value>uSNCreated:526:1:55a73700-c891-46fd-8f5c-72bc827f2ef5:20160407213828.825:526</Value>
          <Value>vmwAttributeUsage:526:1:55a73700-c891-46fd-8f5c-72bc827f2ef5:20160407213828.825:526</Value>
        </AttributeMetadata>
      </AttributeSchemaEntry>
      <AttributeSchemaEntry>
        <Name>rIDAvailablePool</Name>
        <AttributeMetadata>
          <Value>attributeID:594:1:55a73700-c891-46fd-8f5c-72bc827f2ef5:20160407213828.939:594</Value>
          <Value>attributeSyntax:594:1:55a73700-c891-46fd-8f5c-72bc827f2ef5:20160407213828.939:594</Value>
          <Value>cn:594:1:55a73700-c891-46fd-8f5c-72bc827f2ef5:20160407213828.939:594</Value>
          <Value>createTimeStamp:594:1:55a73700-c891-46fd-8f5c-72bc827f2ef5:20160407213828.939:594</Value>
          <Value>entryDN:594:1:55a73700-c891-46fd-8f5c-72bc827f2ef5:20160407213828.939:594</Value>
          <Value>isSingleValued:594:1:55a73700-c891-46fd-8f5c-72bc827f2ef5:20160407213828.939:594</Value>
          <Value>lDAPDisplayName:594:1:55a73700-c891-46fd-8f5c-72bc827f2ef5:20160407213828.939:594</Value>
          <Value>modifyTimeStamp:594:1:55a73700-c891-46fd-8f5c-72bc827f2ef5:20160407213828.939:594</Value>
          <Value>objectClass:594:1:55a73700-c891-46fd-8f5c-72bc827f2ef5:20160407213828.939:594</Value>
          <Value>objectGUID:594:1:55a73700-c891-46fd-8f5c-72bc827f2ef5:20160407213828.939:594</Value>
          <Value>oMSyntax:594:1:55a73700-c891-46fd-8f5c-72bc827f2ef5:20160407213828.939:594</Value>
          <Value>schemaIDGUID:594:1:55a73700-c891-46fd-8f5c-72bc827f2ef5:20160407213828.939:594</Value>
          <Value>uSNChanged:594:1:55a73700-c891-46fd-8f5c-72bc827f2ef5:20160407213828.939:594</Value>
          <Value>uSNCreated:594:1:55a73700-c891-46fd-8f5c-72bc827f2ef5:20160407213828.939:594</Value>
          <Value>vmwAttributeUsage:594:1:55a73700-c891-46fd-8f5c-72bc827f2ef5:20160407213828.939:594</Value>
        </AttributeMetadata>
      </AttributeSchemaEntry>
      <AttributeSchemaEntry>
        <Name>rIDManagerReference</Name>
        <AttributeMetadata>
          <Value>attributeID:129:1:55a73700-c891-46fd-8f5c-72bc827f2ef5:20160407213828.217:129</Value>
          <Value>attributeSyntax:129:1:55a73700-c891-46fd-8f5c-72bc827f2ef5:20160407213828.217:129</Value>
          <Value>cn:129:1:55a73700-c891-46fd-8f5c-72bc827f2ef5:20160407213828.217:129</Value>
          <Value>createTimeStamp:129:1:55a73700-c891-46fd-8f5c-72bc827f2ef5:20160407213828.217:129</Value>
          <Value>entryDN:129:1:55a73700-c891-46fd-8f5c-72bc827f2ef5:20160407213828.217:129</Value>
          <Value>isSingleValued:129:1:55a73700-c891-46fd-8f5c-72bc827f2ef5:20160407213828.217:129</Value>
          <Value>lDAPDisplayName:129:1:55a73700-c891-46fd-8f5c-72bc827f2ef5:20160407213828.217:129</Value>
          <Value>modifyTimeStamp:129:1:55a73700-c891-46fd-8f5c-72bc827f2ef5:20160407213828.217:129</Value>
          <Value>objectClass:129:1:55a73700-c891-46fd-8f5c-72bc827f2ef5:20160407213828.217:129</Value>
          <Value>objectGUID:129:1:55a73700-c891-46fd-8f5c-72bc827f2ef5:20160407213828.217:129</Value>
          <Value>oMSyntax:129:1:55a73700-c891-46fd-8f5c-72bc827f2ef5:20160407213828.217:129</Value>
          <Value>schemaIDGUID:129:1:55a73700-c891-46fd-8f5c-72bc827f2ef5:20160407213828.217:129</Value>
          <Value>uSNChanged:129:1:55a73700-c891-46fd-8f5c-72bc827f2ef5:20160407213828.217:129</Value>
          <Value>uSNCreated:129:1:55a73700-c891-46fd-8f5c-72bc827f2ef5:20160407213828.217:129</Value>
          <Value>vmwAttributeUsage:129:1:55a73700-c891-46fd-8f5c-72bc827f2ef5:20160407213828.217:129</Value>
        </AttributeMetadata>
      </AttributeSchemaEntry>
      <AttributeSchemaEntry>
        <Name>rIDNextRID</Name>
        <AttributeMetadata>
          <Value>attributeID:610:1:55a73700-c891-46fd-8f5c-72bc827f2ef5:20160407213828.967:610</Value>
          <Value>attributeSyntax:610:1:55a73700-c891-46fd-8f5c-72bc827f2ef5:20160407213828.967:610</Value>
          <Value>cn:610:1:55a73700-c891-46fd-8f5c-72bc827f2ef5:20160407213828.967:610</Value>
          <Value>createTimeStamp:610:1:55a73700-c891-46fd-8f5c-72bc827f2ef5:20160407213828.967:610</Value>
          <Value>entryDN:610:1:55a73700-c891-46fd-8f5c-72bc827f2ef5:20160407213828.967:610</Value>
          <Value>isSingleValued:610:1:55a73700-c891-46fd-8f5c-72bc827f2ef5:20160407213828.967:610</Value>
          <Value>lDAPDisplayName:610:1:55a73700-c891-46fd-8f5c-72bc827f2ef5:20160407213828.967:610</Value>
          <Value>modifyTimeStamp:610:1:55a73700-c891-46fd-8f5c-72bc827f2ef5:20160407213828.967:610</Value>
          <Value>objectClass:610:1:55a73700-c891-46fd-8f5c-72bc827f2ef5:20160407213828.967:610</Value>
          <Value>objectGUID:610:1:55a73700-c891-46fd-8f5c-72bc827f2ef5:20160407213828.967:610</Value>
          <Value>oMSyntax:610:1:55a73700-c891-46fd-8f5c-72bc827f2ef5:20160407213828.967:610</Value>
          <Value>schemaIDGUID:610:1:55a73700-c891-46fd-8f5c-72bc827f2ef5:20160407213828.967:610</Value>
          <Value>uSNChanged:610:1:55a73700-c891-46fd-8f5c-72bc827f2ef5:20160407213828.967:610</Value>
          <Value>uSNCreated:610:1:55a73700-c891-46fd-8f5c-72bc827f2ef5:20160407213828.967:610</Value>
          <Value>vmwAttributeUsage:610:1:55a73700-c891-46fd-8f5c-72bc827f2ef5:20160407213828.967:610</Value>
        </AttributeMetadata>
      </AttributeSchemaEntry>
      <AttributeSchemaEntry>
        <Name>rIDPreviousAllocationPool</Name>
        <AttributeMetadata>
          <Value>attributeID:1248:1:55a73700-c891-46fd-8f5c-72bc827f2ef5:20160407213830.072:1248</Value>
          <Value>attributeSyntax:1248:1:55a73700-c891-46fd-8f5c-72bc827f2ef5:20160407213830.072:1248</Value>
          <Value>cn:1248:1:55a73700-c891-46fd-8f5c-72bc827f2ef5:20160407213830.072:1248</Value>
          <Value>createTimeStamp:1248:1:55a73700-c891-46fd-8f5c-72bc827f2ef5:20160407213830.072:1248</Value>
          <Value>entryDN:1248:1:55a73700-c891-46fd-8f5c-72bc827f2ef5:20160407213830.072:1248</Value>
          <Value>isSingleValued:1248:1:55a73700-c891-46fd-8f5c-72bc827f2ef5:20160407213830.072:1248</Value>
          <Value>lDAPDisplayName:1248:1:55a73700-c891-46fd-8f5c-72bc827f2ef5:20160407213830.072:1248</Value>
          <Value>modifyTimeStamp:1248:1:55a73700-c891-46fd-8f5c-72bc827f2ef5:20160407213830.072:1248</Value>
          <Value>objectClass:1248:1:55a73700-c891-46fd-8f5c-72bc827f2ef5:20160407213830.072:1248</Value>
          <Value>objectGUID:1248:1:55a73700-c891-46fd-8f5c-72bc827f2ef5:20160407213830.072:1248</Value>
          <Value>oMSyntax:1248:1:55a73700-c891-46fd-8f5c-72bc827f2ef5:20160407213830.072:1248</Value>
          <Value>schemaIDGUID:1248:1:55a73700-c891-46fd-8f5c-72bc827f2ef5:20160407213830.072:1248</Value>
          <Value>uSNChanged:1248:1:55a73700-c891-46fd-8f5c-72bc827f2ef5:20160407213830.072:1248</Value>
          <Value>uSNCreated:1248:1:55a73700-c891-46fd-8f5c-72bc827f2ef5:20160407213830.072:1248</Value>
          <Value>vmwAttributeUsage:1248:1:55a73700-c891-46fd-8f5c-72bc827f2ef5:20160407213830.072:1248</Value>
        </AttributeMetadata>
      </AttributeSchemaEntry>
      <AttributeSchemaEntry>
        <Name>rIDSetReferences</Name>
        <AttributeMetadata>
          <Value>attributeID:973:1:55a73700-c891-46fd-8f5c-72bc827f2ef5:20160407213829.587:973</Value>
          <Value>attributeSyntax:973:1:55a73700-c891-46fd-8f5c-72bc827f2ef5:20160407213829.587:973</Value>
          <Value>cn:973:1:55a73700-c891-46fd-8f5c-72bc827f2ef5:20160407213829.587:973</Value>
          <Value>createTimeStamp:973:1:55a73700-c891-46fd-8f5c-72bc827f2ef5:20160407213829.587:973</Value>
          <Value>entryDN:973:1:55a73700-c891-46fd-8f5c-72bc827f2ef5:20160407213829.587:973</Value>
          <Value>isSingleValued:973:1:55a73700-c891-46fd-8f5c-72bc827f2ef5:20160407213829.587:973</Value>
          <Value>lDAPDisplayName:973:1:55a73700-c891-46fd-8f5c-72bc827f2ef5:20160407213829.587:973</Value>
          <Value>modifyTimeStamp:973:1:55a73700-c891-46fd-8f5c-72bc827f2ef5:20160407213829.587:973</Value>
          <Value>objectClass:973:1:55a73700-c891-46fd-8f5c-72bc827f2ef5:20160407213829.587:973</Value>
          <Value>objectGUID:973:1:55a73700-c891-46fd-8f5c-72bc827f2ef5:20160407213829.587:973</Value>
          <Value>oMSyntax:973:1:55a73700-c891-46fd-8f5c-72bc827f2ef5:20160407213829.587:973</Value>
          <Value>schemaIDGUID:973:1:55a73700-c891-46fd-8f5c-72bc827f2ef5:20160407213829.587:973</Value>
          <Value>uSNChanged:973:1:55a73700-c891-46fd-8f5c-72bc827f2ef5:20160407213829.587:973</Value>
          <Value>uSNCreated:973:1:55a73700-c891-46fd-8f5c-72bc827f2ef5:20160407213829.587:973</Value>
          <Value>vmwAttributeUsage:973:1:55a73700-c891-46fd-8f5c-72bc827f2ef5:20160407213829.587:973</Value>
        </AttributeMetadata>
      </AttributeSchemaEntry>
      <AttributeSchemaEntry>
        <Name>rIDUsedPool</Name>
        <AttributeMetadata>
          <Value>attributeID:644:1:55a73700-c891-46fd-8f5c-72bc827f2ef5:20160407213829.028:644</Value>
          <Value>attributeSyntax:644:1:55a73700-c891-46fd-8f5c-72bc827f2ef5:20160407213829.028:644</Value>
          <Value>cn:644:1:55a73700-c891-46fd-8f5c-72bc827f2ef5:20160407213829.028:644</Value>
          <Value>createTimeStamp:644:1:55a73700-c891-46fd-8f5c-72bc827f2ef5:20160407213829.028:644</Value>
          <Value>entryDN:644:1:55a73700-c891-46fd-8f5c-72bc827f2ef5:20160407213829.028:644</Value>
          <Value>isSingleValued:644:1:55a73700-c891-46fd-8f5c-72bc827f2ef5:20160407213829.028:644</Value>
          <Value>lDAPDisplayName:644:1:55a73700-c891-46fd-8f5c-72bc827f2ef5:20160407213829.028:644</Value>
          <Value>modifyTimeStamp:644:1:55a73700-c891-46fd-8f5c-72bc827f2ef5:20160407213829.028:644</Value>
          <Value>objectClass:644:1:55a73700-c891-46fd-8f5c-72bc827f2ef5:20160407213829.028:644</Value>
          <Value>objectGUID:644:1:55a73700-c891-46fd-8f5c-72bc827f2ef5:20160407213829.028:644</Value>
          <Value>oMSyntax:644:1:55a73700-c891-46fd-8f5c-72bc827f2ef5:20160407213829.028:644</Value>
          <Value>schemaIDGUID:644:1:55a73700-c891-46fd-8f5c-72bc827f2ef5:20160407213829.028:644</Value>
          <Value>uSNChanged:644:1:55a73700-c891-46fd-8f5c-72bc827f2ef5:20160407213829.028:644</Value>
          <Value>uSNCreated:644:1:55a73700-c891-46fd-8f5c-72bc827f2ef5:20160407213829.028:644</Value>
          <Value>vmwAttributeUsage:644:1:55a73700-c891-46fd-8f5c-72bc827f2ef5:20160407213829.028:644</Value>
        </AttributeMetadata>
      </AttributeSchemaEntry>
      <AttributeSchemaEntry>
        <Name>rightsGuid</Name>
        <AttributeMetadata>
          <Value>attributeID:1730:1:55a73700-c891-46fd-8f5c-72bc827f2ef5:20160407213830.886:1730</Value>
          <Value>attributeSyntax:1730:1:55a73700-c891-46fd-8f5c-72bc827f2ef5:20160407213830.886:1730</Value>
          <Value>cn:1730:1:55a73700-c891-46fd-8f5c-72bc827f2ef5:20160407213830.886:1730</Value>
          <Value>createTimeStamp:1730:1:55a73700-c891-46fd-8f5c-72bc827f2ef5:20160407213830.886:1730</Value>
          <Value>entryDN:1730:1:55a73700-c891-46fd-8f5c-72bc827f2ef5:20160407213830.886:1730</Value>
          <Value>isSingleValued:1730:1:55a73700-c891-46fd-8f5c-72bc827f2ef5:20160407213830.886:1730</Value>
          <Value>lDAPDisplayName:1730:1:55a73700-c891-46fd-8f5c-72bc827f2ef5:20160407213830.886:1730</Value>
          <Value>modifyTimeStamp:1730:1:55a73700-c891-46fd-8f5c-72bc827f2ef5:20160407213830.886:1730</Value>
          <Value>objectClass:1730:1:55a73700-c891-46fd-8f5c-72bc827f2ef5:20160407213830.886:1730</Value>
          <Value>objectGUID:1730:1:55a73700-c891-46fd-8f5c-72bc827f2ef5:20160407213830.886:1730</Value>
          <Value>oMSyntax:1730:1:55a73700-c891-46fd-8f5c-72bc827f2ef5:20160407213830.886:1730</Value>
          <Value>schemaIDGUID:1730:1:55a73700-c891-46fd-8f5c-72bc827f2ef5:20160407213830.886:1730</Value>
          <Value>uSNChanged:1730:1:55a73700-c891-46fd-8f5c-72bc827f2ef5:20160407213830.886:1730</Value>
          <Value>uSNCreated:1730:1:55a73700-c891-46fd-8f5c-72bc827f2ef5:20160407213830.886:1730</Value>
          <Value>vmwAttributeUsage:1730:1:55a73700-c891-46fd-8f5c-72bc827f2ef5:20160407213830.886:1730</Value>
        </AttributeMetadata>
      </AttributeSchemaEntry>
      <AttributeSchemaEntry>
        <Name>roleOccupant</Name>
        <AttributeMetadata>
          <Value>attributeID:138:1:55a73700-c891-46fd-8f5c-72bc827f2ef5:20160407213828.237:138</Value>
          <Value>attributeSyntax:138:1:55a73700-c891-46fd-8f5c-72bc827f2ef5:20160407213828.237:138</Value>
          <Value>cn:138:1:55a73700-c891-46fd-8f5c-72bc827f2ef5:20160407213828.237:138</Value>
          <Value>createTimeStamp:138:1:55a73700-c891-46fd-8f5c-72bc827f2ef5:20160407213828.237:138</Value>
          <Value>entryDN:138:1:55a73700-c891-46fd-8f5c-72bc827f2ef5:20160407213828.237:138</Value>
          <Value>isSingleValued:138:1:55a73700-c891-46fd-8f5c-72bc827f2ef5:20160407213828.237:138</Value>
          <Value>lDAPDisplayName:138:1:55a73700-c891-46fd-8f5c-72bc827f2ef5:20160407213828.237:138</Value>
          <Value>modifyTimeStamp:138:1:55a73700-c891-46fd-8f5c-72bc827f2ef5:20160407213828.237:138</Value>
          <Value>objectClass:138:1:55a73700-c891-46fd-8f5c-72bc827f2ef5:20160407213828.237:138</Value>
          <Value>objectGUID:138:1:55a73700-c891-46fd-8f5c-72bc827f2ef5:20160407213828.237:138</Value>
          <Value>oMSyntax:138:1:55a73700-c891-46fd-8f5c-72bc827f2ef5:20160407213828.237:138</Value>
          <Value>schemaIDGUID:138:1:55a73700-c891-46fd-8f5c-72bc827f2ef5:20160407213828.237:138</Value>
          <Value>uSNChanged:138:1:55a73700-c891-46fd-8f5c-72bc827f2ef5:20160407213828.237:138</Value>
          <Value>uSNCreated:138:1:55a73700-c891-46fd-8f5c-72bc827f2ef5:20160407213828.237:138</Value>
          <Value>vmwAttributeUsage:138:1:55a73700-c891-46fd-8f5c-72bc827f2ef5:20160407213828.237:138</Value>
        </AttributeMetadata>
      </AttributeSchemaEntry>
      <AttributeSchemaEntry>
        <Name>roomNumber</Name>
        <AttributeMetadata>
          <Value>attributeID:761:1:55a73700-c891-46fd-8f5c-72bc827f2ef5:20160407213829.219:761</Value>
          <Value>attributeSyntax:761:1:55a73700-c891-46fd-8f5c-72bc827f2ef5:20160407213829.219:761</Value>
          <Value>cn:761:1:55a73700-c891-46fd-8f5c-72bc827f2ef5:20160407213829.219:761</Value>
          <Value>createTimeStamp:761:1:55a73700-c891-46fd-8f5c-72bc827f2ef5:20160407213829.219:761</Value>
          <Value>entryDN:761:1:55a73700-c891-46fd-8f5c-72bc827f2ef5:20160407213829.219:761</Value>
          <Value>isSingleValued:761:1:55a73700-c891-46fd-8f5c-72bc827f2ef5:20160407213829.219:761</Value>
          <Value>lDAPDisplayName:761:1:55a73700-c891-46fd-8f5c-72bc827f2ef5:20160407213829.219:761</Value>
          <Value>modifyTimeStamp:761:1:55a73700-c891-46fd-8f5c-72bc827f2ef5:20160407213829.219:761</Value>
          <Value>objectClass:761:1:55a73700-c891-46fd-8f5c-72bc827f2ef5:20160407213829.219:761</Value>
          <Value>objectGUID:761:1:55a73700-c891-46fd-8f5c-72bc827f2ef5:20160407213829.219:761</Value>
          <Value>oMSyntax:761:1:55a73700-c891-46fd-8f5c-72bc827f2ef5:20160407213829.219:761</Value>
          <Value>schemaIDGUID:761:1:55a73700-c891-46fd-8f5c-72bc827f2ef5:20160407213829.219:761</Value>
          <Value>uSNChanged:761:1:55a73700-c891-46fd-8f5c-72bc827f2ef5:20160407213829.219:761</Value>
          <Value>uSNCreated:761:1:55a73700-c891-46fd-8f5c-72bc827f2ef5:20160407213829.219:761</Value>
          <Value>vmwAttributeUsage:761:1:55a73700-c891-46fd-8f5c-72bc827f2ef5:20160407213829.219:761</Value>
        </AttributeMetadata>
      </AttributeSchemaEntry>
      <AttributeSchemaEntry>
        <Name>rootDomainNamingContext</Name>
        <AttributeMetadata>
          <Value>attributeID:716:1:55a73700-c891-46fd-8f5c-72bc827f2ef5:20160407213829.149:716</Value>
          <Value>attributeSyntax:716:1:55a73700-c891-46fd-8f5c-72bc827f2ef5:20160407213829.149:716</Value>
          <Value>cn:716:1:55a73700-c891-46fd-8f5c-72bc827f2ef5:20160407213829.149:716</Value>
          <Value>createTimeStamp:716:1:55a73700-c891-46fd-8f5c-72bc827f2ef5:20160407213829.149:716</Value>
          <Value>description:716:1:55a73700-c891-46fd-8f5c-72bc827f2ef5:20160407213829.149:716</Value>
          <Value>entryDN:716:1:55a73700-c891-46fd-8f5c-72bc827f2ef5:20160407213829.149:716</Value>
          <Value>isSingleValued:716:1:55a73700-c891-46fd-8f5c-72bc827f2ef5:20160407213829.149:716</Value>
          <Value>lDAPDisplayName:716:1:55a73700-c891-46fd-8f5c-72bc827f2ef5:20160407213829.149:716</Value>
          <Value>modifyTimeStamp:716:1:55a73700-c891-46fd-8f5c-72bc827f2ef5:20160407213829.149:716</Value>
          <Value>objectClass:716:1:55a73700-c891-46fd-8f5c-72bc827f2ef5:20160407213829.149:716</Value>
          <Value>objectGUID:716:1:55a73700-c891-46fd-8f5c-72bc827f2ef5:20160407213829.149:716</Value>
          <Value>oMSyntax:716:1:55a73700-c891-46fd-8f5c-72bc827f2ef5:20160407213829.149:716</Value>
          <Value>schemaIDGUID:716:1:55a73700-c891-46fd-8f5c-72bc827f2ef5:20160407213829.149:716</Value>
          <Value>uSNChanged:716:1:55a73700-c891-46fd-8f5c-72bc827f2ef5:20160407213829.149:716</Value>
          <Value>uSNCreated:716:1:55a73700-c891-46fd-8f5c-72bc827f2ef5:20160407213829.149:716</Value>
          <Value>vmwAttributeUsage:716:1:55a73700-c891-46fd-8f5c-72bc827f2ef5:20160407213829.149:716</Value>
        </AttributeMetadata>
      </AttributeSchemaEntry>
      <AttributeSchemaEntry>
        <Name>rootTrust</Name>
        <AttributeMetadata>
          <Value>attributeID:1678:1:55a73700-c891-46fd-8f5c-72bc827f2ef5:20160407213830.797:1678</Value>
          <Value>attributeSyntax:1678:1:55a73700-c891-46fd-8f5c-72bc827f2ef5:20160407213830.797:1678</Value>
          <Value>cn:1678:1:55a73700-c891-46fd-8f5c-72bc827f2ef5:20160407213830.797:1678</Value>
          <Value>createTimeStamp:1678:1:55a73700-c891-46fd-8f5c-72bc827f2ef5:20160407213830.797:1678</Value>
          <Value>entryDN:1678:1:55a73700-c891-46fd-8f5c-72bc827f2ef5:20160407213830.797:1678</Value>
          <Value>isSingleValued:1678:1:55a73700-c891-46fd-8f5c-72bc827f2ef5:20160407213830.797:1678</Value>
          <Value>lDAPDisplayName:1678:1:55a73700-c891-46fd-8f5c-72bc827f2ef5:20160407213830.797:1678</Value>
          <Value>modifyTimeStamp:1678:1:55a73700-c891-46fd-8f5c-72bc827f2ef5:20160407213830.797:1678</Value>
          <Value>objectClass:1678:1:55a73700-c891-46fd-8f5c-72bc827f2ef5:20160407213830.797:1678</Value>
          <Value>objectGUID:1678:1:55a73700-c891-46fd-8f5c-72bc827f2ef5:20160407213830.797:1678</Value>
          <Value>oMSyntax:1678:1:55a73700-c891-46fd-8f5c-72bc827f2ef5:20160407213830.797:1678</Value>
          <Value>schemaIDGUID:1678:1:55a73700-c891-46fd-8f5c-72bc827f2ef5:20160407213830.797:1678</Value>
          <Value>uSNChanged:1678:1:55a73700-c891-46fd-8f5c-72bc827f2ef5:20160407213830.797:1678</Value>
          <Value>uSNCreated:1678:1:55a73700-c891-46fd-8f5c-72bc827f2ef5:20160407213830.797:1678</Value>
          <Value>vmwAttributeUsage:1678:1:55a73700-c891-46fd-8f5c-72bc827f2ef5:20160407213830.797:1678</Value>
        </AttributeMetadata>
      </AttributeSchemaEntry>
      <AttributeSchemaEntry>
        <Name>rpcNsAnnotation</Name>
        <AttributeMetadata>
          <Value>attributeID:1748:1:55a73700-c891-46fd-8f5c-72bc827f2ef5:20160407213830.915:1748</Value>
          <Value>attributeSyntax:1748:1:55a73700-c891-46fd-8f5c-72bc827f2ef5:20160407213830.915:1748</Value>
          <Value>cn:1748:1:55a73700-c891-46fd-8f5c-72bc827f2ef5:20160407213830.915:1748</Value>
          <Value>createTimeStamp:1748:1:55a73700-c891-46fd-8f5c-72bc827f2ef5:20160407213830.915:1748</Value>
          <Value>entryDN:1748:1:55a73700-c891-46fd-8f5c-72bc827f2ef5:20160407213830.915:1748</Value>
          <Value>isSingleValued:1748:1:55a73700-c891-46fd-8f5c-72bc827f2ef5:20160407213830.915:1748</Value>
          <Value>lDAPDisplayName:1748:1:55a73700-c891-46fd-8f5c-72bc827f2ef5:20160407213830.915:1748</Value>
          <Value>modifyTimeStamp:1748:1:55a73700-c891-46fd-8f5c-72bc827f2ef5:20160407213830.915:1748</Value>
          <Value>objectClass:1748:1:55a73700-c891-46fd-8f5c-72bc827f2ef5:20160407213830.915:1748</Value>
          <Value>objectGUID:1748:1:55a73700-c891-46fd-8f5c-72bc827f2ef5:20160407213830.915:1748</Value>
          <Value>oMSyntax:1748:1:55a73700-c891-46fd-8f5c-72bc827f2ef5:20160407213830.915:1748</Value>
          <Value>schemaIDGUID:1748:1:55a73700-c891-46fd-8f5c-72bc827f2ef5:20160407213830.915:1748</Value>
          <Value>uSNChanged:1748:1:55a73700-c891-46fd-8f5c-72bc827f2ef5:20160407213830.915:1748</Value>
          <Value>uSNCreated:1748:1:55a73700-c891-46fd-8f5c-72bc827f2ef5:20160407213830.915:1748</Value>
          <Value>vmwAttributeUsage:1748:1:55a73700-c891-46fd-8f5c-72bc827f2ef5:20160407213830.915:1748</Value>
        </AttributeMetadata>
      </AttributeSchemaEntry>
      <AttributeSchemaEntry>
        <Name>rpcNsBindings</Name>
        <AttributeMetadata>
          <Value>attributeID:254:1:55a73700-c891-46fd-8f5c-72bc827f2ef5:20160407213828.404:254</Value>
          <Value>attributeSyntax:254:1:55a73700-c891-46fd-8f5c-72bc827f2ef5:20160407213828.404:254</Value>
          <Value>cn:254:1:55a73700-c891-46fd-8f5c-72bc827f2ef5:20160407213828.404:254</Value>
          <Value>createTimeStamp:254:1:55a73700-c891-46fd-8f5c-72bc827f2ef5:20160407213828.404:254</Value>
          <Value>entryDN:254:1:55a73700-c891-46fd-8f5c-72bc827f2ef5:20160407213828.404:254</Value>
          <Value>isSingleValued:254:1:55a73700-c891-46fd-8f5c-72bc827f2ef5:20160407213828.404:254</Value>
          <Value>lDAPDisplayName:254:1:55a73700-c891-46fd-8f5c-72bc827f2ef5:20160407213828.404:254</Value>
          <Value>modifyTimeStamp:254:1:55a73700-c891-46fd-8f5c-72bc827f2ef5:20160407213828.404:254</Value>
          <Value>objectClass:254:1:55a73700-c891-46fd-8f5c-72bc827f2ef5:20160407213828.404:254</Value>
          <Value>objectGUID:254:1:55a73700-c891-46fd-8f5c-72bc827f2ef5:20160407213828.404:254</Value>
          <Value>oMSyntax:254:1:55a73700-c891-46fd-8f5c-72bc827f2ef5:20160407213828.404:254</Value>
          <Value>schemaIDGUID:254:1:55a73700-c891-46fd-8f5c-72bc827f2ef5:20160407213828.404:254</Value>
          <Value>uSNChanged:254:1:55a73700-c891-46fd-8f5c-72bc827f2ef5:20160407213828.404:254</Value>
          <Value>uSNCreated:254:1:55a73700-c891-46fd-8f5c-72bc827f2ef5:20160407213828.404:254</Value>
          <Value>vmwAttributeUsage:254:1:55a73700-c891-46fd-8f5c-72bc827f2ef5:20160407213828.404:254</Value>
        </AttributeMetadata>
      </AttributeSchemaEntry>
      <AttributeSchemaEntry>
        <Name>rpcNsCodeset</Name>
        <AttributeMetadata>
          <Value>attributeID:528:1:55a73700-c891-46fd-8f5c-72bc827f2ef5:20160407213828.827:528</Value>
          <Value>attributeSyntax:528:1:55a73700-c891-46fd-8f5c-72bc827f2ef5:20160407213828.827:528</Value>
          <Value>cn:528:1:55a73700-c891-46fd-8f5c-72bc827f2ef5:20160407213828.827:528</Value>
          <Value>createTimeStamp:528:1:55a73700-c891-46fd-8f5c-72bc827f2ef5:20160407213828.827:528</Value>
          <Value>entryDN:528:1:55a73700-c891-46fd-8f5c-72bc827f2ef5:20160407213828.827:528</Value>
          <Value>isSingleValued:528:1:55a73700-c891-46fd-8f5c-72bc827f2ef5:20160407213828.827:528</Value>
          <Value>lDAPDisplayName:528:1:55a73700-c891-46fd-8f5c-72bc827f2ef5:20160407213828.827:528</Value>
          <Value>modifyTimeStamp:528:1:55a73700-c891-46fd-8f5c-72bc827f2ef5:20160407213828.827:528</Value>
          <Value>objectClass:528:1:55a73700-c891-46fd-8f5c-72bc827f2ef5:20160407213828.827:528</Value>
          <Value>objectGUID:528:1:55a73700-c891-46fd-8f5c-72bc827f2ef5:20160407213828.827:528</Value>
          <Value>oMSyntax:528:1:55a73700-c891-46fd-8f5c-72bc827f2ef5:20160407213828.827:528</Value>
          <Value>schemaIDGUID:528:1:55a73700-c891-46fd-8f5c-72bc827f2ef5:20160407213828.827:528</Value>
          <Value>uSNChanged:528:1:55a73700-c891-46fd-8f5c-72bc827f2ef5:20160407213828.827:528</Value>
          <Value>uSNCreated:528:1:55a73700-c891-46fd-8f5c-72bc827f2ef5:20160407213828.827:528</Value>
          <Value>vmwAttributeUsage:528:1:55a73700-c891-46fd-8f5c-72bc827f2ef5:20160407213828.827:528</Value>
        </AttributeMetadata>
      </AttributeSchemaEntry>
      <AttributeSchemaEntry>
        <Name>rpcNsEntryFlags</Name>
        <AttributeMetadata>
          <Value>attributeID:123:1:55a73700-c891-46fd-8f5c-72bc827f2ef5:20160407213828.212:123</Value>
          <Value>attributeSyntax:123:1:55a73700-c891-46fd-8f5c-72bc827f2ef5:20160407213828.212:123</Value>
          <Value>cn:123:1:55a73700-c891-46fd-8f5c-72bc827f2ef5:20160407213828.212:123</Value>
          <Value>createTimeStamp:123:1:55a73700-c891-46fd-8f5c-72bc827f2ef5:20160407213828.212:123</Value>
          <Value>entryDN:123:1:55a73700-c891-46fd-8f5c-72bc827f2ef5:20160407213828.212:123</Value>
          <Value>isSingleValued:123:1:55a73700-c891-46fd-8f5c-72bc827f2ef5:20160407213828.212:123</Value>
          <Value>lDAPDisplayName:123:1:55a73700-c891-46fd-8f5c-72bc827f2ef5:20160407213828.212:123</Value>
          <Value>modifyTimeStamp:123:1:55a73700-c891-46fd-8f5c-72bc827f2ef5:20160407213828.212:123</Value>
          <Value>objectClass:123:1:55a73700-c891-46fd-8f5c-72bc827f2ef5:20160407213828.212:123</Value>
          <Value>objectGUID:123:1:55a73700-c891-46fd-8f5c-72bc827f2ef5:20160407213828.212:123</Value>
          <Value>oMSyntax:123:1:55a73700-c891-46fd-8f5c-72bc827f2ef5:20160407213828.212:123</Value>
          <Value>schemaIDGUID:123:1:55a73700-c891-46fd-8f5c-72bc827f2ef5:20160407213828.212:123</Value>
          <Value>uSNChanged:123:1:55a73700-c891-46fd-8f5c-72bc827f2ef5:20160407213828.212:123</Value>
          <Value>uSNCreated:123:1:55a73700-c891-46fd-8f5c-72bc827f2ef5:20160407213828.212:123</Value>
          <Value>vmwAttributeUsage:123:1:55a73700-c891-46fd-8f5c-72bc827f2ef5:20160407213828.212:123</Value>
        </AttributeMetadata>
      </AttributeSchemaEntry>
      <AttributeSchemaEntry>
        <Name>rpcNsGroup</Name>
        <AttributeMetadata>
          <Value>attributeID:1130:1:55a73700-c891-46fd-8f5c-72bc827f2ef5:20160407213829.877:1130</Value>
          <Value>attributeSyntax:1130:1:55a73700-c891-46fd-8f5c-72bc827f2ef5:20160407213829.877:1130</Value>
          <Value>cn:1130:1:55a73700-c891-46fd-8f5c-72bc827f2ef5:20160407213829.877:1130</Value>
          <Value>createTimeStamp:1130:1:55a73700-c891-46fd-8f5c-72bc827f2ef5:20160407213829.877:1130</Value>
          <Value>entryDN:1130:1:55a73700-c891-46fd-8f5c-72bc827f2ef5:20160407213829.877:1130</Value>
          <Value>isSingleValued:1130:1:55a73700-c891-46fd-8f5c-72bc827f2ef5:20160407213829.877:1130</Value>
          <Value>lDAPDisplayName:1130:1:55a73700-c891-46fd-8f5c-72bc827f2ef5:20160407213829.877:1130</Value>
          <Value>modifyTimeStamp:1130:1:55a73700-c891-46fd-8f5c-72bc827f2ef5:20160407213829.877:1130</Value>
          <Value>objectClass:1130:1:55a73700-c891-46fd-8f5c-72bc827f2ef5:20160407213829.877:1130</Value>
          <Value>objectGUID:1130:1:55a73700-c891-46fd-8f5c-72bc827f2ef5:20160407213829.877:1130</Value>
          <Value>oMSyntax:1130:1:55a73700-c891-46fd-8f5c-72bc827f2ef5:20160407213829.877:1130</Value>
          <Value>schemaIDGUID:1130:1:55a73700-c891-46fd-8f5c-72bc827f2ef5:20160407213829.877:1130</Value>
          <Value>uSNChanged:1130:1:55a73700-c891-46fd-8f5c-72bc827f2ef5:20160407213829.877:1130</Value>
          <Value>uSNCreated:1130:1:55a73700-c891-46fd-8f5c-72bc827f2ef5:20160407213829.877:1130</Value>
          <Value>vmwAttributeUsage:1130:1:55a73700-c891-46fd-8f5c-72bc827f2ef5:20160407213829.877:1130</Value>
        </AttributeMetadata>
      </AttributeSchemaEntry>
      <AttributeSchemaEntry>
        <Name>rpcNsInterfaceID</Name>
        <AttributeMetadata>
          <Value>attributeID:767:1:55a73700-c891-46fd-8f5c-72bc827f2ef5:20160407213829.237:767</Value>
          <Value>attributeSyntax:767:1:55a73700-c891-46fd-8f5c-72bc827f2ef5:20160407213829.237:767</Value>
          <Value>cn:767:1:55a73700-c891-46fd-8f5c-72bc827f2ef5:20160407213829.237:767</Value>
          <Value>createTimeStamp:767:1:55a73700-c891-46fd-8f5c-72bc827f2ef5:20160407213829.237:767</Value>
          <Value>entryDN:767:1:55a73700-c891-46fd-8f5c-72bc827f2ef5:20160407213829.237:767</Value>
          <Value>isSingleValued:767:1:55a73700-c891-46fd-8f5c-72bc827f2ef5:20160407213829.237:767</Value>
          <Value>lDAPDisplayName:767:1:55a73700-c891-46fd-8f5c-72bc827f2ef5:20160407213829.237:767</Value>
          <Value>modifyTimeStamp:767:1:55a73700-c891-46fd-8f5c-72bc827f2ef5:20160407213829.237:767</Value>
          <Value>objectClass:767:1:55a73700-c891-46fd-8f5c-72bc827f2ef5:20160407213829.237:767</Value>
          <Value>objectGUID:767:1:55a73700-c891-46fd-8f5c-72bc827f2ef5:20160407213829.237:767</Value>
          <Value>oMSyntax:767:1:55a73700-c891-46fd-8f5c-72bc827f2ef5:20160407213829.237:767</Value>
          <Value>schemaIDGUID:767:1:55a73700-c891-46fd-8f5c-72bc827f2ef5:20160407213829.237:767</Value>
          <Value>uSNChanged:767:1:55a73700-c891-46fd-8f5c-72bc827f2ef5:20160407213829.237:767</Value>
          <Value>uSNCreated:767:1:55a73700-c891-46fd-8f5c-72bc827f2ef5:20160407213829.237:767</Value>
          <Value>vmwAttributeUsage:767:1:55a73700-c891-46fd-8f5c-72bc827f2ef5:20160407213829.237:767</Value>
        </AttributeMetadata>
      </AttributeSchemaEntry>
      <AttributeSchemaEntry>
        <Name>rpcNsObjectID</Name>
        <AttributeMetadata>
          <Value>attributeID:1253:1:55a73700-c891-46fd-8f5c-72bc827f2ef5:20160407213830.089:1253</Value>
          <Value>attributeSyntax:1253:1:55a73700-c891-46fd-8f5c-72bc827f2ef5:20160407213830.089:1253</Value>
          <Value>cn:1253:1:55a73700-c891-46fd-8f5c-72bc827f2ef5:20160407213830.089:1253</Value>
          <Value>createTimeStamp:1253:1:55a73700-c891-46fd-8f5c-72bc827f2ef5:20160407213830.089:1253</Value>
          <Value>entryDN:1253:1:55a73700-c891-46fd-8f5c-72bc827f2ef5:20160407213830.089:1253</Value>
          <Value>isSingleValued:1253:1:55a73700-c891-46fd-8f5c-72bc827f2ef5:20160407213830.089:1253</Value>
          <Value>lDAPDisplayName:1253:1:55a73700-c891-46fd-8f5c-72bc827f2ef5:20160407213830.089:1253</Value>
          <Value>modifyTimeStamp:1253:1:55a73700-c891-46fd-8f5c-72bc827f2ef5:20160407213830.089:1253</Value>
          <Value>objectClass:1253:1:55a73700-c891-46fd-8f5c-72bc827f2ef5:20160407213830.089:1253</Value>
          <Value>objectGUID:1253:1:55a73700-c891-46fd-8f5c-72bc827f2ef5:20160407213830.089:1253</Value>
          <Value>oMSyntax:1253:1:55a73700-c891-46fd-8f5c-72bc827f2ef5:20160407213830.089:1253</Value>
          <Value>schemaIDGUID:1253:1:55a73700-c891-46fd-8f5c-72bc827f2ef5:20160407213830.089:1253</Value>
          <Value>uSNChanged:1253:1:55a73700-c891-46fd-8f5c-72bc827f2ef5:20160407213830.089:1253</Value>
          <Value>uSNCreated:1253:1:55a73700-c891-46fd-8f5c-72bc827f2ef5:20160407213830.089:1253</Value>
          <Value>vmwAttributeUsage:1253:1:55a73700-c891-46fd-8f5c-72bc827f2ef5:20160407213830.089:1253</Value>
        </AttributeMetadata>
      </AttributeSchemaEntry>
      <AttributeSchemaEntry>
        <Name>rpcNsPriority</Name>
        <AttributeMetadata>
          <Value>attributeID:870:1:55a73700-c891-46fd-8f5c-72bc827f2ef5:20160407213829.416:870</Value>
          <Value>attributeSyntax:870:1:55a73700-c891-46fd-8f5c-72bc827f2ef5:20160407213829.416:870</Value>
          <Value>cn:870:1:55a73700-c891-46fd-8f5c-72bc827f2ef5:20160407213829.416:870</Value>
          <Value>createTimeStamp:870:1:55a73700-c891-46fd-8f5c-72bc827f2ef5:20160407213829.416:870</Value>
          <Value>entryDN:870:1:55a73700-c891-46fd-8f5c-72bc827f2ef5:20160407213829.416:870</Value>
          <Value>isSingleValued:870:1:55a73700-c891-46fd-8f5c-72bc827f2ef5:20160407213829.416:870</Value>
          <Value>lDAPDisplayName:870:1:55a73700-c891-46fd-8f5c-72bc827f2ef5:20160407213829.416:870</Value>
          <Value>modifyTimeStamp:870:1:55a73700-c891-46fd-8f5c-72bc827f2ef5:20160407213829.416:870</Value>
          <Value>objectClass:870:1:55a73700-c891-46fd-8f5c-72bc827f2ef5:20160407213829.416:870</Value>
          <Value>objectGUID:870:1:55a73700-c891-46fd-8f5c-72bc827f2ef5:20160407213829.416:870</Value>
          <Value>oMSyntax:870:1:55a73700-c891-46fd-8f5c-72bc827f2ef5:20160407213829.416:870</Value>
          <Value>schemaIDGUID:870:1:55a73700-c891-46fd-8f5c-72bc827f2ef5:20160407213829.416:870</Value>
          <Value>uSNChanged:870:1:55a73700-c891-46fd-8f5c-72bc827f2ef5:20160407213829.416:870</Value>
          <Value>uSNCreated:870:1:55a73700-c891-46fd-8f5c-72bc827f2ef5:20160407213829.416:870</Value>
          <Value>vmwAttributeUsage:870:1:55a73700-c891-46fd-8f5c-72bc827f2ef5:20160407213829.416:870</Value>
        </AttributeMetadata>
      </AttributeSchemaEntry>
      <AttributeSchemaEntry>
        <Name>rpcNsProfileEntry</Name>
        <AttributeMetadata>
          <Value>attributeID:915:1:55a73700-c891-46fd-8f5c-72bc827f2ef5:20160407213829.492:915</Value>
          <Value>attributeSyntax:915:1:55a73700-c891-46fd-8f5c-72bc827f2ef5:20160407213829.492:915</Value>
          <Value>cn:915:1:55a73700-c891-46fd-8f5c-72bc827f2ef5:20160407213829.492:915</Value>
          <Value>createTimeStamp:915:1:55a73700-c891-46fd-8f5c-72bc827f2ef5:20160407213829.492:915</Value>
          <Value>entryDN:915:1:55a73700-c891-46fd-8f5c-72bc827f2ef5:20160407213829.492:915</Value>
          <Value>isSingleValued:915:1:55a73700-c891-46fd-8f5c-72bc827f2ef5:20160407213829.492:915</Value>
          <Value>lDAPDisplayName:915:1:55a73700-c891-46fd-8f5c-72bc827f2ef5:20160407213829.492:915</Value>
          <Value>modifyTimeStamp:915:1:55a73700-c891-46fd-8f5c-72bc827f2ef5:20160407213829.492:915</Value>
          <Value>objectClass:915:1:55a73700-c891-46fd-8f5c-72bc827f2ef5:20160407213829.492:915</Value>
          <Value>objectGUID:915:1:55a73700-c891-46fd-8f5c-72bc827f2ef5:20160407213829.492:915</Value>
          <Value>oMSyntax:915:1:55a73700-c891-46fd-8f5c-72bc827f2ef5:20160407213829.492:915</Value>
          <Value>schemaIDGUID:915:1:55a73700-c891-46fd-8f5c-72bc827f2ef5:20160407213829.492:915</Value>
          <Value>uSNChanged:915:1:55a73700-c891-46fd-8f5c-72bc827f2ef5:20160407213829.492:915</Value>
          <Value>uSNCreated:915:1:55a73700-c891-46fd-8f5c-72bc827f2ef5:20160407213829.492:915</Value>
          <Value>vmwAttributeUsage:915:1:55a73700-c891-46fd-8f5c-72bc827f2ef5:20160407213829.492:915</Value>
        </AttributeMetadata>
      </AttributeSchemaEntry>
      <AttributeSchemaEntry>
        <Name>rpcNsTransferSyntax</Name>
        <AttributeMetadata>
          <Value>attributeID:1239:1:55a73700-c891-46fd-8f5c-72bc827f2ef5:20160407213830.062:1239</Value>
          <Value>attributeSyntax:1239:1:55a73700-c891-46fd-8f5c-72bc827f2ef5:20160407213830.062:1239</Value>
          <Value>cn:1239:1:55a73700-c891-46fd-8f5c-72bc827f2ef5:20160407213830.062:1239</Value>
          <Value>createTimeStamp:1239:1:55a73700-c891-46fd-8f5c-72bc827f2ef5:20160407213830.062:1239</Value>
          <Value>entryDN:1239:1:55a73700-c891-46fd-8f5c-72bc827f2ef5:20160407213830.062:1239</Value>
          <Value>isSingleValued:1239:1:55a73700-c891-46fd-8f5c-72bc827f2ef5:20160407213830.062:1239</Value>
          <Value>lDAPDisplayName:1239:1:55a73700-c891-46fd-8f5c-72bc827f2ef5:20160407213830.062:1239</Value>
          <Value>modifyTimeStamp:1239:1:55a73700-c891-46fd-8f5c-72bc827f2ef5:20160407213830.062:1239</Value>
          <Value>objectClass:1239:1:55a73700-c891-46fd-8f5c-72bc827f2ef5:20160407213830.062:1239</Value>
          <Value>objectGUID:1239:1:55a73700-c891-46fd-8f5c-72bc827f2ef5:20160407213830.062:1239</Value>
          <Value>oMSyntax:1239:1:55a73700-c891-46fd-8f5c-72bc827f2ef5:20160407213830.062:1239</Value>
          <Value>schemaIDGUID:1239:1:55a73700-c891-46fd-8f5c-72bc827f2ef5:20160407213830.062:1239</Value>
          <Value>uSNChanged:1239:1:55a73700-c891-46fd-8f5c-72bc827f2ef5:20160407213830.062:1239</Value>
          <Value>uSNCreated:1239:1:55a73700-c891-46fd-8f5c-72bc827f2ef5:20160407213830.062:1239</Value>
          <Value>vmwAttributeUsage:1239:1:55a73700-c891-46fd-8f5c-72bc827f2ef5:20160407213830.062:1239</Value>
        </AttributeMetadata>
      </AttributeSchemaEntry>
      <AttributeSchemaEntry>
        <Name>sAMAccountName</Name>
        <AttributeMetadata>
          <Value>attributeID:381:1:55a73700-c891-46fd-8f5c-72bc827f2ef5:20160407213828.591:381</Value>
          <Value>attributeSyntax:381:1:55a73700-c891-46fd-8f5c-72bc827f2ef5:20160407213828.591:381</Value>
          <Value>cn:381:1:55a73700-c891-46fd-8f5c-72bc827f2ef5:20160407213828.591:381</Value>
          <Value>createTimeStamp:381:1:55a73700-c891-46fd-8f5c-72bc827f2ef5:20160407213828.591:381</Value>
          <Value>entryDN:381:1:55a73700-c891-46fd-8f5c-72bc827f2ef5:20160407213828.591:381</Value>
          <Value>isSingleValued:381:1:55a73700-c891-46fd-8f5c-72bc827f2ef5:20160407213828.591:381</Value>
          <Value>lDAPDisplayName:381:1:55a73700-c891-46fd-8f5c-72bc827f2ef5:20160407213828.591:381</Value>
          <Value>modifyTimeStamp:381:1:55a73700-c891-46fd-8f5c-72bc827f2ef5:20160407213828.591:381</Value>
          <Value>objectClass:381:1:55a73700-c891-46fd-8f5c-72bc827f2ef5:20160407213828.591:381</Value>
          <Value>objectGUID:381:1:55a73700-c891-46fd-8f5c-72bc827f2ef5:20160407213828.591:381</Value>
          <Value>oMSyntax:381:1:55a73700-c891-46fd-8f5c-72bc827f2ef5:20160407213828.591:381</Value>
          <Value>schemaIDGUID:381:1:55a73700-c891-46fd-8f5c-72bc827f2ef5:20160407213828.591:381</Value>
          <Value>uSNChanged:381:1:55a73700-c891-46fd-8f5c-72bc827f2ef5:20160407213828.591:381</Value>
          <Value>uSNCreated:381:1:55a73700-c891-46fd-8f5c-72bc827f2ef5:20160407213828.591:381</Value>
          <Value>vmwAttributeUsage:381:1:55a73700-c891-46fd-8f5c-72bc827f2ef5:20160407213828.591:381</Value>
        </AttributeMetadata>
      </AttributeSchemaEntry>
      <AttributeSchemaEntry>
        <Name>sAMAccountType</Name>
        <AttributeMetadata>
          <Value>attributeID:1694:1:55a73700-c891-46fd-8f5c-72bc827f2ef5:20160407213830.824:1694</Value>
          <Value>attributeSyntax:1694:1:55a73700-c891-46fd-8f5c-72bc827f2ef5:20160407213830.824:1694</Value>
          <Value>cn:1694:1:55a73700-c891-46fd-8f5c-72bc827f2ef5:20160407213830.824:1694</Value>
          <Value>createTimeStamp:1694:1:55a73700-c891-46fd-8f5c-72bc827f2ef5:20160407213830.824:1694</Value>
          <Value>entryDN:1694:1:55a73700-c891-46fd-8f5c-72bc827f2ef5:20160407213830.824:1694</Value>
          <Value>isSingleValued:1694:1:55a73700-c891-46fd-8f5c-72bc827f2ef5:20160407213830.824:1694</Value>
          <Value>lDAPDisplayName:1694:1:55a73700-c891-46fd-8f5c-72bc827f2ef5:20160407213830.824:1694</Value>
          <Value>modifyTimeStamp:1694:1:55a73700-c891-46fd-8f5c-72bc827f2ef5:20160407213830.824:1694</Value>
          <Value>objectClass:1694:1:55a73700-c891-46fd-8f5c-72bc827f2ef5:20160407213830.824:1694</Value>
          <Value>objectGUID:1694:1:55a73700-c891-46fd-8f5c-72bc827f2ef5:20160407213830.824:1694</Value>
          <Value>oMSyntax:1694:1:55a73700-c891-46fd-8f5c-72bc827f2ef5:20160407213830.824:1694</Value>
          <Value>schemaIDGUID:1694:1:55a73700-c891-46fd-8f5c-72bc827f2ef5:20160407213830.824:1694</Value>
          <Value>uSNChanged:1694:1:55a73700-c891-46fd-8f5c-72bc827f2ef5:20160407213830.824:1694</Value>
          <Value>uSNCreated:1694:1:55a73700-c891-46fd-8f5c-72bc827f2ef5:20160407213830.824:1694</Value>
          <Value>vmwAttributeUsage:1694:1:55a73700-c891-46fd-8f5c-72bc827f2ef5:20160407213830.824:1694</Value>
        </AttributeMetadata>
      </AttributeSchemaEntry>
      <AttributeSchemaEntry>
        <Name>samDomainUpdates</Name>
        <AttributeMetadata>
          <Value>attributeID:498:1:55a73700-c891-46fd-8f5c-72bc827f2ef5:20160407213828.773:498</Value>
          <Value>attributeSyntax:498:1:55a73700-c891-46fd-8f5c-72bc827f2ef5:20160407213828.773:498</Value>
          <Value>cn:498:1:55a73700-c891-46fd-8f5c-72bc827f2ef5:20160407213828.773:498</Value>
          <Value>createTimeStamp:498:1:55a73700-c891-46fd-8f5c-72bc827f2ef5:20160407213828.773:498</Value>
          <Value>entryDN:498:1:55a73700-c891-46fd-8f5c-72bc827f2ef5:20160407213828.773:498</Value>
          <Value>isSingleValued:498:1:55a73700-c891-46fd-8f5c-72bc827f2ef5:20160407213828.773:498</Value>
          <Value>lDAPDisplayName:498:1:55a73700-c891-46fd-8f5c-72bc827f2ef5:20160407213828.773:498</Value>
          <Value>modifyTimeStamp:498:1:55a73700-c891-46fd-8f5c-72bc827f2ef5:20160407213828.773:498</Value>
          <Value>objectClass:498:1:55a73700-c891-46fd-8f5c-72bc827f2ef5:20160407213828.773:498</Value>
          <Value>objectGUID:498:1:55a73700-c891-46fd-8f5c-72bc827f2ef5:20160407213828.773:498</Value>
          <Value>oMSyntax:498:1:55a73700-c891-46fd-8f5c-72bc827f2ef5:20160407213828.773:498</Value>
          <Value>schemaIDGUID:498:1:55a73700-c891-46fd-8f5c-72bc827f2ef5:20160407213828.773:498</Value>
          <Value>uSNChanged:498:1:55a73700-c891-46fd-8f5c-72bc827f2ef5:20160407213828.773:498</Value>
          <Value>uSNCreated:498:1:55a73700-c891-46fd-8f5c-72bc827f2ef5:20160407213828.773:498</Value>
          <Value>vmwAttributeUsage:498:1:55a73700-c891-46fd-8f5c-72bc827f2ef5:20160407213828.773:498</Value>
        </AttributeMetadata>
      </AttributeSchemaEntry>
      <AttributeSchemaEntry>
        <Name>schedule</Name>
        <AttributeMetadata>
          <Value>attributeID:709:1:55a73700-c891-46fd-8f5c-72bc827f2ef5:20160407213829.139:709</Value>
          <Value>attributeSyntax:709:1:55a73700-c891-46fd-8f5c-72bc827f2ef5:20160407213829.139:709</Value>
          <Value>cn:709:1:55a73700-c891-46fd-8f5c-72bc827f2ef5:20160407213829.139:709</Value>
          <Value>createTimeStamp:709:1:55a73700-c891-46fd-8f5c-72bc827f2ef5:20160407213829.139:709</Value>
          <Value>entryDN:709:1:55a73700-c891-46fd-8f5c-72bc827f2ef5:20160407213829.139:709</Value>
          <Value>isSingleValued:709:1:55a73700-c891-46fd-8f5c-72bc827f2ef5:20160407213829.139:709</Value>
          <Value>lDAPDisplayName:709:1:55a73700-c891-46fd-8f5c-72bc827f2ef5:20160407213829.139:709</Value>
          <Value>modifyTimeStamp:709:1:55a73700-c891-46fd-8f5c-72bc827f2ef5:20160407213829.139:709</Value>
          <Value>objectClass:709:1:55a73700-c891-46fd-8f5c-72bc827f2ef5:20160407213829.139:709</Value>
          <Value>objectGUID:709:1:55a73700-c891-46fd-8f5c-72bc827f2ef5:20160407213829.139:709</Value>
          <Value>oMSyntax:709:1:55a73700-c891-46fd-8f5c-72bc827f2ef5:20160407213829.139:709</Value>
          <Value>schemaIDGUID:709:1:55a73700-c891-46fd-8f5c-72bc827f2ef5:20160407213829.139:709</Value>
          <Value>uSNChanged:709:1:55a73700-c891-46fd-8f5c-72bc827f2ef5:20160407213829.139:709</Value>
          <Value>uSNCreated:709:1:55a73700-c891-46fd-8f5c-72bc827f2ef5:20160407213829.139:709</Value>
          <Value>vmwAttributeUsage:709:1:55a73700-c891-46fd-8f5c-72bc827f2ef5:20160407213829.139:709</Value>
        </AttributeMetadata>
      </AttributeSchemaEntry>
      <AttributeSchemaEntry>
        <Name>schemaFlagsEx</Name>
        <AttributeMetadata>
          <Value>attributeID:1395:1:55a73700-c891-46fd-8f5c-72bc827f2ef5:20160407213830.322:1395</Value>
          <Value>attributeSyntax:1395:1:55a73700-c891-46fd-8f5c-72bc827f2ef5:20160407213830.322:1395</Value>
          <Value>cn:1395:1:55a73700-c891-46fd-8f5c-72bc827f2ef5:20160407213830.322:1395</Value>
          <Value>createTimeStamp:1395:1:55a73700-c891-46fd-8f5c-72bc827f2ef5:20160407213830.322:1395</Value>
          <Value>entryDN:1395:1:55a73700-c891-46fd-8f5c-72bc827f2ef5:20160407213830.322:1395</Value>
          <Value>isSingleValued:1395:1:55a73700-c891-46fd-8f5c-72bc827f2ef5:20160407213830.322:1395</Value>
          <Value>lDAPDisplayName:1395:1:55a73700-c891-46fd-8f5c-72bc827f2ef5:20160407213830.322:1395</Value>
          <Value>modifyTimeStamp:1395:1:55a73700-c891-46fd-8f5c-72bc827f2ef5:20160407213830.322:1395</Value>
          <Value>objectClass:1395:1:55a73700-c891-46fd-8f5c-72bc827f2ef5:20160407213830.322:1395</Value>
          <Value>objectGUID:1395:1:55a73700-c891-46fd-8f5c-72bc827f2ef5:20160407213830.322:1395</Value>
          <Value>oMSyntax:1395:1:55a73700-c891-46fd-8f5c-72bc827f2ef5:20160407213830.322:1395</Value>
          <Value>schemaIDGUID:1395:1:55a73700-c891-46fd-8f5c-72bc827f2ef5:20160407213830.322:1395</Value>
          <Value>uSNChanged:1395:1:55a73700-c891-46fd-8f5c-72bc827f2ef5:20160407213830.322:1395</Value>
          <Value>uSNCreated:1395:1:55a73700-c891-46fd-8f5c-72bc827f2ef5:20160407213830.322:1395</Value>
          <Value>vmwAttributeUsage:1395:1:55a73700-c891-46fd-8f5c-72bc827f2ef5:20160407213830.322:1395</Value>
        </AttributeMetadata>
      </AttributeSchemaEntry>
      <AttributeSchemaEntry>
        <Name>schemaIDGUID</Name>
        <AttributeMetadata>
          <Value>attributeID:289:1:55a73700-c891-46fd-8f5c-72bc827f2ef5:20160407213828.448:289</Value>
          <Value>attributeSyntax:289:1:55a73700-c891-46fd-8f5c-72bc827f2ef5:20160407213828.448:289</Value>
          <Value>cn:289:1:55a73700-c891-46fd-8f5c-72bc827f2ef5:20160407213828.448:289</Value>
          <Value>createTimeStamp:289:1:55a73700-c891-46fd-8f5c-72bc827f2ef5:20160407213828.448:289</Value>
          <Value>entryDN:289:1:55a73700-c891-46fd-8f5c-72bc827f2ef5:20160407213828.448:289</Value>
          <Value>isSingleValued:289:1:55a73700-c891-46fd-8f5c-72bc827f2ef5:20160407213828.448:289</Value>
          <Value>lDAPDisplayName:289:1:55a73700-c891-46fd-8f5c-72bc827f2ef5:20160407213828.448:289</Value>
          <Value>modifyTimeStamp:289:1:55a73700-c891-46fd-8f5c-72bc827f2ef5:20160407213828.448:289</Value>
          <Value>objectClass:289:1:55a73700-c891-46fd-8f5c-72bc827f2ef5:20160407213828.448:289</Value>
          <Value>objectGUID:289:1:55a73700-c891-46fd-8f5c-72bc827f2ef5:20160407213828.448:289</Value>
          <Value>oMSyntax:289:1:55a73700-c891-46fd-8f5c-72bc827f2ef5:20160407213828.448:289</Value>
          <Value>schemaIDGUID:289:1:55a73700-c891-46fd-8f5c-72bc827f2ef5:20160407213828.448:289</Value>
          <Value>uSNChanged:289:1:55a73700-c891-46fd-8f5c-72bc827f2ef5:20160407213828.448:289</Value>
          <Value>uSNCreated:289:1:55a73700-c891-46fd-8f5c-72bc827f2ef5:20160407213828.448:289</Value>
          <Value>vmwAttributeUsage:289:1:55a73700-c891-46fd-8f5c-72bc827f2ef5:20160407213828.448:289</Value>
        </AttributeMetadata>
      </AttributeSchemaEntry>
      <AttributeSchemaEntry>
        <Name>schemaInfo</Name>
        <AttributeMetadata>
          <Value>attributeID:1438:1:55a73700-c891-46fd-8f5c-72bc827f2ef5:20160407213830.388:1438</Value>
          <Value>attributeSyntax:1438:1:55a73700-c891-46fd-8f5c-72bc827f2ef5:20160407213830.388:1438</Value>
          <Value>cn:1438:1:55a73700-c891-46fd-8f5c-72bc827f2ef5:20160407213830.388:1438</Value>
          <Value>createTimeStamp:1438:1:55a73700-c891-46fd-8f5c-72bc827f2ef5:20160407213830.388:1438</Value>
          <Value>entryDN:1438:1:55a73700-c891-46fd-8f5c-72bc827f2ef5:20160407213830.388:1438</Value>
          <Value>isSingleValued:1438:1:55a73700-c891-46fd-8f5c-72bc827f2ef5:20160407213830.388:1438</Value>
          <Value>lDAPDisplayName:1438:1:55a73700-c891-46fd-8f5c-72bc827f2ef5:20160407213830.388:1438</Value>
          <Value>modifyTimeStamp:1438:1:55a73700-c891-46fd-8f5c-72bc827f2ef5:20160407213830.388:1438</Value>
          <Value>objectClass:1438:1:55a73700-c891-46fd-8f5c-72bc827f2ef5:20160407213830.388:1438</Value>
          <Value>objectGUID:1438:1:55a73700-c891-46fd-8f5c-72bc827f2ef5:20160407213830.388:1438</Value>
          <Value>oMSyntax:1438:1:55a73700-c891-46fd-8f5c-72bc827f2ef5:20160407213830.388:1438</Value>
          <Value>schemaIDGUID:1438:1:55a73700-c891-46fd-8f5c-72bc827f2ef5:20160407213830.388:1438</Value>
          <Value>uSNChanged:1438:1:55a73700-c891-46fd-8f5c-72bc827f2ef5:20160407213830.388:1438</Value>
          <Value>uSNCreated:1438:1:55a73700-c891-46fd-8f5c-72bc827f2ef5:20160407213830.388:1438</Value>
          <Value>vmwAttributeUsage:1438:1:55a73700-c891-46fd-8f5c-72bc827f2ef5:20160407213830.388:1438</Value>
        </AttributeMetadata>
      </AttributeSchemaEntry>
      <AttributeSchemaEntry>
        <Name>schemaNamingContext</Name>
        <AttributeMetadata>
          <Value>attributeID:398:1:55a73700-c891-46fd-8f5c-72bc827f2ef5:20160407213828.618:398</Value>
          <Value>attributeSyntax:398:1:55a73700-c891-46fd-8f5c-72bc827f2ef5:20160407213828.618:398</Value>
          <Value>cn:398:1:55a73700-c891-46fd-8f5c-72bc827f2ef5:20160407213828.618:398</Value>
          <Value>createTimeStamp:398:1:55a73700-c891-46fd-8f5c-72bc827f2ef5:20160407213828.618:398</Value>
          <Value>description:398:1:55a73700-c891-46fd-8f5c-72bc827f2ef5:20160407213828.618:398</Value>
          <Value>entryDN:398:1:55a73700-c891-46fd-8f5c-72bc827f2ef5:20160407213828.618:398</Value>
          <Value>isSingleValued:398:1:55a73700-c891-46fd-8f5c-72bc827f2ef5:20160407213828.618:398</Value>
          <Value>lDAPDisplayName:398:1:55a73700-c891-46fd-8f5c-72bc827f2ef5:20160407213828.618:398</Value>
          <Value>modifyTimeStamp:398:1:55a73700-c891-46fd-8f5c-72bc827f2ef5:20160407213828.618:398</Value>
          <Value>objectClass:398:1:55a73700-c891-46fd-8f5c-72bc827f2ef5:20160407213828.618:398</Value>
          <Value>objectGUID:398:1:55a73700-c891-46fd-8f5c-72bc827f2ef5:20160407213828.618:398</Value>
          <Value>oMSyntax:398:1:55a73700-c891-46fd-8f5c-72bc827f2ef5:20160407213828.618:398</Value>
          <Value>schemaIDGUID:398:1:55a73700-c891-46fd-8f5c-72bc827f2ef5:20160407213828.618:398</Value>
          <Value>uSNChanged:398:1:55a73700-c891-46fd-8f5c-72bc827f2ef5:20160407213828.618:398</Value>
          <Value>uSNCreated:398:1:55a73700-c891-46fd-8f5c-72bc827f2ef5:20160407213828.618:398</Value>
          <Value>vmwAttributeUsage:398:1:55a73700-c891-46fd-8f5c-72bc827f2ef5:20160407213828.618:398</Value>
        </AttributeMetadata>
      </AttributeSchemaEntry>
      <AttributeSchemaEntry>
        <Name>schemaUpdate</Name>
        <AttributeMetadata>
          <Value>attributeID:1206:1:55a73700-c891-46fd-8f5c-72bc827f2ef5:20160407213830.005:1206</Value>
          <Value>attributeSyntax:1206:1:55a73700-c891-46fd-8f5c-72bc827f2ef5:20160407213830.005:1206</Value>
          <Value>cn:1206:1:55a73700-c891-46fd-8f5c-72bc827f2ef5:20160407213830.005:1206</Value>
          <Value>createTimeStamp:1206:1:55a73700-c891-46fd-8f5c-72bc827f2ef5:20160407213830.005:1206</Value>
          <Value>entryDN:1206:1:55a73700-c891-46fd-8f5c-72bc827f2ef5:20160407213830.005:1206</Value>
          <Value>isSingleValued:1206:1:55a73700-c891-46fd-8f5c-72bc827f2ef5:20160407213830.005:1206</Value>
          <Value>lDAPDisplayName:1206:1:55a73700-c891-46fd-8f5c-72bc827f2ef5:20160407213830.005:1206</Value>
          <Value>modifyTimeStamp:1206:1:55a73700-c891-46fd-8f5c-72bc827f2ef5:20160407213830.005:1206</Value>
          <Value>objectClass:1206:1:55a73700-c891-46fd-8f5c-72bc827f2ef5:20160407213830.005:1206</Value>
          <Value>objectGUID:1206:1:55a73700-c891-46fd-8f5c-72bc827f2ef5:20160407213830.005:1206</Value>
          <Value>oMSyntax:1206:1:55a73700-c891-46fd-8f5c-72bc827f2ef5:20160407213830.005:1206</Value>
          <Value>schemaIDGUID:1206:1:55a73700-c891-46fd-8f5c-72bc827f2ef5:20160407213830.005:1206</Value>
          <Value>uSNChanged:1206:1:55a73700-c891-46fd-8f5c-72bc827f2ef5:20160407213830.005:1206</Value>
          <Value>uSNCreated:1206:1:55a73700-c891-46fd-8f5c-72bc827f2ef5:20160407213830.005:1206</Value>
          <Value>vmwAttributeUsage:1206:1:55a73700-c891-46fd-8f5c-72bc827f2ef5:20160407213830.005:1206</Value>
        </AttributeMetadata>
      </AttributeSchemaEntry>
      <AttributeSchemaEntry>
        <Name>schemaVersion</Name>
        <AttributeMetadata>
          <Value>attributeID:683:1:55a73700-c891-46fd-8f5c-72bc827f2ef5:20160407213829.093:683</Value>
          <Value>attributeSyntax:683:1:55a73700-c891-46fd-8f5c-72bc827f2ef5:20160407213829.093:683</Value>
          <Value>cn:683:1:55a73700-c891-46fd-8f5c-72bc827f2ef5:20160407213829.093:683</Value>
          <Value>createTimeStamp:683:1:55a73700-c891-46fd-8f5c-72bc827f2ef5:20160407213829.093:683</Value>
          <Value>entryDN:683:1:55a73700-c891-46fd-8f5c-72bc827f2ef5:20160407213829.093:683</Value>
          <Value>isSingleValued:683:1:55a73700-c891-46fd-8f5c-72bc827f2ef5:20160407213829.093:683</Value>
          <Value>lDAPDisplayName:683:1:55a73700-c891-46fd-8f5c-72bc827f2ef5:20160407213829.093:683</Value>
          <Value>modifyTimeStamp:683:1:55a73700-c891-46fd-8f5c-72bc827f2ef5:20160407213829.093:683</Value>
          <Value>objectClass:683:1:55a73700-c891-46fd-8f5c-72bc827f2ef5:20160407213829.093:683</Value>
          <Value>objectGUID:683:1:55a73700-c891-46fd-8f5c-72bc827f2ef5:20160407213829.093:683</Value>
          <Value>oMSyntax:683:1:55a73700-c891-46fd-8f5c-72bc827f2ef5:20160407213829.093:683</Value>
          <Value>schemaIDGUID:683:1:55a73700-c891-46fd-8f5c-72bc827f2ef5:20160407213829.093:683</Value>
          <Value>uSNChanged:683:1:55a73700-c891-46fd-8f5c-72bc827f2ef5:20160407213829.093:683</Value>
          <Value>uSNCreated:683:1:55a73700-c891-46fd-8f5c-72bc827f2ef5:20160407213829.093:683</Value>
          <Value>vmwAttributeUsage:683:1:55a73700-c891-46fd-8f5c-72bc827f2ef5:20160407213829.093:683</Value>
        </AttributeMetadata>
      </AttributeSchemaEntry>
      <AttributeSchemaEntry>
        <Name>scopeFlags</Name>
        <AttributeMetadata>
          <Value>attributeID:229:1:55a73700-c891-46fd-8f5c-72bc827f2ef5:20160407213828.361:229</Value>
          <Value>attributeSyntax:229:1:55a73700-c891-46fd-8f5c-72bc827f2ef5:20160407213828.361:229</Value>
          <Value>cn:229:1:55a73700-c891-46fd-8f5c-72bc827f2ef5:20160407213828.361:229</Value>
          <Value>createTimeStamp:229:1:55a73700-c891-46fd-8f5c-72bc827f2ef5:20160407213828.361:229</Value>
          <Value>entryDN:229:1:55a73700-c891-46fd-8f5c-72bc827f2ef5:20160407213828.361:229</Value>
          <Value>isSingleValued:229:1:55a73700-c891-46fd-8f5c-72bc827f2ef5:20160407213828.361:229</Value>
          <Value>lDAPDisplayName:229:1:55a73700-c891-46fd-8f5c-72bc827f2ef5:20160407213828.361:229</Value>
          <Value>modifyTimeStamp:229:1:55a73700-c891-46fd-8f5c-72bc827f2ef5:20160407213828.361:229</Value>
          <Value>objectClass:229:1:55a73700-c891-46fd-8f5c-72bc827f2ef5:20160407213828.361:229</Value>
          <Value>objectGUID:229:1:55a73700-c891-46fd-8f5c-72bc827f2ef5:20160407213828.361:229</Value>
          <Value>oMSyntax:229:1:55a73700-c891-46fd-8f5c-72bc827f2ef5:20160407213828.361:229</Value>
          <Value>schemaIDGUID:229:1:55a73700-c891-46fd-8f5c-72bc827f2ef5:20160407213828.361:229</Value>
          <Value>uSNChanged:229:1:55a73700-c891-46fd-8f5c-72bc827f2ef5:20160407213828.361:229</Value>
          <Value>uSNCreated:229:1:55a73700-c891-46fd-8f5c-72bc827f2ef5:20160407213828.361:229</Value>
          <Value>vmwAttributeUsage:229:1:55a73700-c891-46fd-8f5c-72bc827f2ef5:20160407213828.361:229</Value>
        </AttributeMetadata>
      </AttributeSchemaEntry>
      <AttributeSchemaEntry>
        <Name>scriptPath</Name>
        <AttributeMetadata>
          <Value>attributeID:192:1:55a73700-c891-46fd-8f5c-72bc827f2ef5:20160407213828.306:192</Value>
          <Value>attributeSyntax:192:1:55a73700-c891-46fd-8f5c-72bc827f2ef5:20160407213828.306:192</Value>
          <Value>cn:192:1:55a73700-c891-46fd-8f5c-72bc827f2ef5:20160407213828.306:192</Value>
          <Value>createTimeStamp:192:1:55a73700-c891-46fd-8f5c-72bc827f2ef5:20160407213828.306:192</Value>
          <Value>entryDN:192:1:55a73700-c891-46fd-8f5c-72bc827f2ef5:20160407213828.306:192</Value>
          <Value>isSingleValued:192:1:55a73700-c891-46fd-8f5c-72bc827f2ef5:20160407213828.306:192</Value>
          <Value>lDAPDisplayName:192:1:55a73700-c891-46fd-8f5c-72bc827f2ef5:20160407213828.306:192</Value>
          <Value>modifyTimeStamp:192:1:55a73700-c891-46fd-8f5c-72bc827f2ef5:20160407213828.306:192</Value>
          <Value>objectClass:192:1:55a73700-c891-46fd-8f5c-72bc827f2ef5:20160407213828.306:192</Value>
          <Value>objectGUID:192:1:55a73700-c891-46fd-8f5c-72bc827f2ef5:20160407213828.306:192</Value>
          <Value>oMSyntax:192:1:55a73700-c891-46fd-8f5c-72bc827f2ef5:20160407213828.306:192</Value>
          <Value>schemaIDGUID:192:1:55a73700-c891-46fd-8f5c-72bc827f2ef5:20160407213828.306:192</Value>
          <Value>uSNChanged:192:1:55a73700-c891-46fd-8f5c-72bc827f2ef5:20160407213828.306:192</Value>
          <Value>uSNCreated:192:1:55a73700-c891-46fd-8f5c-72bc827f2ef5:20160407213828.306:192</Value>
          <Value>vmwAttributeUsage:192:1:55a73700-c891-46fd-8f5c-72bc827f2ef5:20160407213828.306:192</Value>
        </AttributeMetadata>
      </AttributeSchemaEntry>
      <AttributeSchemaEntry>
        <Name>sDRightsEffective</Name>
        <AttributeMetadata>
          <Value>attributeID:410:1:55a73700-c891-46fd-8f5c-72bc827f2ef5:20160407213828.639:410</Value>
          <Value>attributeSyntax:410:1:55a73700-c891-46fd-8f5c-72bc827f2ef5:20160407213828.639:410</Value>
          <Value>cn:410:1:55a73700-c891-46fd-8f5c-72bc827f2ef5:20160407213828.639:410</Value>
          <Value>createTimeStamp:410:1:55a73700-c891-46fd-8f5c-72bc827f2ef5:20160407213828.639:410</Value>
          <Value>entryDN:410:1:55a73700-c891-46fd-8f5c-72bc827f2ef5:20160407213828.639:410</Value>
          <Value>isSingleValued:410:1:55a73700-c891-46fd-8f5c-72bc827f2ef5:20160407213828.639:410</Value>
          <Value>lDAPDisplayName:410:1:55a73700-c891-46fd-8f5c-72bc827f2ef5:20160407213828.639:410</Value>
          <Value>modifyTimeStamp:410:1:55a73700-c891-46fd-8f5c-72bc827f2ef5:20160407213828.639:410</Value>
          <Value>objectClass:410:1:55a73700-c891-46fd-8f5c-72bc827f2ef5:20160407213828.639:410</Value>
          <Value>objectGUID:410:1:55a73700-c891-46fd-8f5c-72bc827f2ef5:20160407213828.639:410</Value>
          <Value>oMSyntax:410:1:55a73700-c891-46fd-8f5c-72bc827f2ef5:20160407213828.639:410</Value>
          <Value>schemaIDGUID:410:1:55a73700-c891-46fd-8f5c-72bc827f2ef5:20160407213828.639:410</Value>
          <Value>uSNChanged:410:1:55a73700-c891-46fd-8f5c-72bc827f2ef5:20160407213828.639:410</Value>
          <Value>uSNCreated:410:1:55a73700-c891-46fd-8f5c-72bc827f2ef5:20160407213828.639:410</Value>
          <Value>vmwAttributeUsage:410:1:55a73700-c891-46fd-8f5c-72bc827f2ef5:20160407213828.639:410</Value>
        </AttributeMetadata>
      </AttributeSchemaEntry>
      <AttributeSchemaEntry>
        <Name>searchFlags</Name>
        <AttributeMetadata>
          <Value>attributeID:1709:1:55a73700-c891-46fd-8f5c-72bc827f2ef5:20160407213830.850:1709</Value>
          <Value>attributeSyntax:1709:1:55a73700-c891-46fd-8f5c-72bc827f2ef5:20160407213830.850:1709</Value>
          <Value>cn:1709:1:55a73700-c891-46fd-8f5c-72bc827f2ef5:20160407213830.850:1709</Value>
          <Value>createTimeStamp:1709:1:55a73700-c891-46fd-8f5c-72bc827f2ef5:20160407213830.850:1709</Value>
          <Value>entryDN:1709:1:55a73700-c891-46fd-8f5c-72bc827f2ef5:20160407213830.850:1709</Value>
          <Value>isSingleValued:1709:1:55a73700-c891-46fd-8f5c-72bc827f2ef5:20160407213830.850:1709</Value>
          <Value>lDAPDisplayName:1709:1:55a73700-c891-46fd-8f5c-72bc827f2ef5:20160407213830.850:1709</Value>
          <Value>modifyTimeStamp:1709:1:55a73700-c891-46fd-8f5c-72bc827f2ef5:20160407213830.850:1709</Value>
          <Value>objectClass:1709:1:55a73700-c891-46fd-8f5c-72bc827f2ef5:20160407213830.850:1709</Value>
          <Value>objectGUID:1709:1:55a73700-c891-46fd-8f5c-72bc827f2ef5:20160407213830.850:1709</Value>
          <Value>oMSyntax:1709:1:55a73700-c891-46fd-8f5c-72bc827f2ef5:20160407213830.850:1709</Value>
          <Value>schemaIDGUID:1709:1:55a73700-c891-46fd-8f5c-72bc827f2ef5:20160407213830.850:1709</Value>
          <Value>uSNChanged:1709:1:55a73700-c891-46fd-8f5c-72bc827f2ef5:20160407213830.850:1709</Value>
          <Value>uSNCreated:1709:1:55a73700-c891-46fd-8f5c-72bc827f2ef5:20160407213830.850:1709</Value>
          <Value>vmwAttributeUsage:1709:1:55a73700-c891-46fd-8f5c-72bc827f2ef5:20160407213830.850:1709</Value>
        </AttributeMetadata>
      </AttributeSchemaEntry>
      <AttributeSchemaEntry>
        <Name>searchGuide</Name>
        <AttributeMetadata>
          <Value>attributeID:230:1:55a73700-c891-46fd-8f5c-72bc827f2ef5:20160407213828.362:230</Value>
          <Value>attributeSyntax:230:1:55a73700-c891-46fd-8f5c-72bc827f2ef5:20160407213828.362:230</Value>
          <Value>cn:230:1:55a73700-c891-46fd-8f5c-72bc827f2ef5:20160407213828.362:230</Value>
          <Value>createTimeStamp:230:1:55a73700-c891-46fd-8f5c-72bc827f2ef5:20160407213828.362:230</Value>
          <Value>entryDN:230:1:55a73700-c891-46fd-8f5c-72bc827f2ef5:20160407213828.362:230</Value>
          <Value>isSingleValued:230:1:55a73700-c891-46fd-8f5c-72bc827f2ef5:20160407213828.362:230</Value>
          <Value>lDAPDisplayName:230:1:55a73700-c891-46fd-8f5c-72bc827f2ef5:20160407213828.362:230</Value>
          <Value>modifyTimeStamp:230:1:55a73700-c891-46fd-8f5c-72bc827f2ef5:20160407213828.362:230</Value>
          <Value>objectClass:230:1:55a73700-c891-46fd-8f5c-72bc827f2ef5:20160407213828.362:230</Value>
          <Value>objectGUID:230:1:55a73700-c891-46fd-8f5c-72bc827f2ef5:20160407213828.362:230</Value>
          <Value>oMSyntax:230:1:55a73700-c891-46fd-8f5c-72bc827f2ef5:20160407213828.362:230</Value>
          <Value>schemaIDGUID:230:1:55a73700-c891-46fd-8f5c-72bc827f2ef5:20160407213828.362:230</Value>
          <Value>uSNChanged:230:1:55a73700-c891-46fd-8f5c-72bc827f2ef5:20160407213828.362:230</Value>
          <Value>uSNCreated:230:1:55a73700-c891-46fd-8f5c-72bc827f2ef5:20160407213828.362:230</Value>
          <Value>vmwAttributeUsage:230:1:55a73700-c891-46fd-8f5c-72bc827f2ef5:20160407213828.362:230</Value>
        </AttributeMetadata>
      </AttributeSchemaEntry>
      <AttributeSchemaEntry>
        <Name>secretary</Name>
        <AttributeMetadata>
          <Value>attributeID:901:1:55a73700-c891-46fd-8f5c-72bc827f2ef5:20160407213829.470:901</Value>
          <Value>attributeSyntax:901:1:55a73700-c891-46fd-8f5c-72bc827f2ef5:20160407213829.470:901</Value>
          <Value>cn:901:1:55a73700-c891-46fd-8f5c-72bc827f2ef5:20160407213829.470:901</Value>
          <Value>createTimeStamp:901:1:55a73700-c891-46fd-8f5c-72bc827f2ef5:20160407213829.470:901</Value>
          <Value>entryDN:901:1:55a73700-c891-46fd-8f5c-72bc827f2ef5:20160407213829.470:901</Value>
          <Value>isSingleValued:901:1:55a73700-c891-46fd-8f5c-72bc827f2ef5:20160407213829.470:901</Value>
          <Value>lDAPDisplayName:901:1:55a73700-c891-46fd-8f5c-72bc827f2ef5:20160407213829.470:901</Value>
          <Value>modifyTimeStamp:901:1:55a73700-c891-46fd-8f5c-72bc827f2ef5:20160407213829.470:901</Value>
          <Value>objectClass:901:1:55a73700-c891-46fd-8f5c-72bc827f2ef5:20160407213829.470:901</Value>
          <Value>objectGUID:901:1:55a73700-c891-46fd-8f5c-72bc827f2ef5:20160407213829.470:901</Value>
          <Value>oMSyntax:901:1:55a73700-c891-46fd-8f5c-72bc827f2ef5:20160407213829.470:901</Value>
          <Value>schemaIDGUID:901:1:55a73700-c891-46fd-8f5c-72bc827f2ef5:20160407213829.470:901</Value>
          <Value>uSNChanged:901:1:55a73700-c891-46fd-8f5c-72bc827f2ef5:20160407213829.470:901</Value>
          <Value>uSNCreated:901:1:55a73700-c891-46fd-8f5c-72bc827f2ef5:20160407213829.470:901</Value>
          <Value>vmwAttributeUsage:901:1:55a73700-c891-46fd-8f5c-72bc827f2ef5:20160407213829.470:901</Value>
        </AttributeMetadata>
      </AttributeSchemaEntry>
      <AttributeSchemaEntry>
        <Name>securityIdentifier</Name>
        <AttributeMetadata>
          <Value>attributeID:1645:1:55a73700-c891-46fd-8f5c-72bc827f2ef5:20160407213830.739:1645</Value>
          <Value>attributeSyntax:1645:1:55a73700-c891-46fd-8f5c-72bc827f2ef5:20160407213830.739:1645</Value>
          <Value>cn:1645:1:55a73700-c891-46fd-8f5c-72bc827f2ef5:20160407213830.739:1645</Value>
          <Value>createTimeStamp:1645:1:55a73700-c891-46fd-8f5c-72bc827f2ef5:20160407213830.739:1645</Value>
          <Value>entryDN:1645:1:55a73700-c891-46fd-8f5c-72bc827f2ef5:20160407213830.739:1645</Value>
          <Value>isSingleValued:1645:1:55a73700-c891-46fd-8f5c-72bc827f2ef5:20160407213830.739:1645</Value>
          <Value>lDAPDisplayName:1645:1:55a73700-c891-46fd-8f5c-72bc827f2ef5:20160407213830.739:1645</Value>
          <Value>modifyTimeStamp:1645:1:55a73700-c891-46fd-8f5c-72bc827f2ef5:20160407213830.739:1645</Value>
          <Value>objectClass:1645:1:55a73700-c891-46fd-8f5c-72bc827f2ef5:20160407213830.739:1645</Value>
          <Value>objectGUID:1645:1:55a73700-c891-46fd-8f5c-72bc827f2ef5:20160407213830.739:1645</Value>
          <Value>oMSyntax:1645:1:55a73700-c891-46fd-8f5c-72bc827f2ef5:20160407213830.739:1645</Value>
          <Value>schemaIDGUID:1645:1:55a73700-c891-46fd-8f5c-72bc827f2ef5:20160407213830.739:1645</Value>
          <Value>uSNChanged:1645:1:55a73700-c891-46fd-8f5c-72bc827f2ef5:20160407213830.739:1645</Value>
          <Value>uSNCreated:1645:1:55a73700-c891-46fd-8f5c-72bc827f2ef5:20160407213830.739:1645</Value>
          <Value>vmwAttributeUsage:1645:1:55a73700-c891-46fd-8f5c-72bc827f2ef5:20160407213830.739:1645</Value>
        </AttributeMetadata>
      </AttributeSchemaEntry>
      <AttributeSchemaEntry>
        <Name>seeAlso</Name>
        <AttributeMetadata>
          <Value>attributeID:281:1:55a73700-c891-46fd-8f5c-72bc827f2ef5:20160407213828.440:281</Value>
          <Value>attributeSyntax:281:1:55a73700-c891-46fd-8f5c-72bc827f2ef5:20160407213828.440:281</Value>
          <Value>cn:281:1:55a73700-c891-46fd-8f5c-72bc827f2ef5:20160407213828.440:281</Value>
          <Value>createTimeStamp:281:1:55a73700-c891-46fd-8f5c-72bc827f2ef5:20160407213828.440:281</Value>
          <Value>entryDN:281:1:55a73700-c891-46fd-8f5c-72bc827f2ef5:20160407213828.440:281</Value>
          <Value>isSingleValued:281:1:55a73700-c891-46fd-8f5c-72bc827f2ef5:20160407213828.440:281</Value>
          <Value>lDAPDisplayName:281:1:55a73700-c891-46fd-8f5c-72bc827f2ef5:20160407213828.440:281</Value>
          <Value>modifyTimeStamp:281:1:55a73700-c891-46fd-8f5c-72bc827f2ef5:20160407213828.440:281</Value>
          <Value>objectClass:281:1:55a73700-c891-46fd-8f5c-72bc827f2ef5:20160407213828.440:281</Value>
          <Value>objectGUID:281:1:55a73700-c891-46fd-8f5c-72bc827f2ef5:20160407213828.440:281</Value>
          <Value>oMSyntax:281:1:55a73700-c891-46fd-8f5c-72bc827f2ef5:20160407213828.440:281</Value>
          <Value>schemaIDGUID:281:1:55a73700-c891-46fd-8f5c-72bc827f2ef5:20160407213828.440:281</Value>
          <Value>uSNChanged:281:1:55a73700-c891-46fd-8f5c-72bc827f2ef5:20160407213828.440:281</Value>
          <Value>uSNCreated:281:1:55a73700-c891-46fd-8f5c-72bc827f2ef5:20160407213828.440:281</Value>
          <Value>vmwAttributeUsage:281:1:55a73700-c891-46fd-8f5c-72bc827f2ef5:20160407213828.440:281</Value>
        </AttributeMetadata>
      </AttributeSchemaEntry>
      <AttributeSchemaEntry>
        <Name>seqNotification</Name>
        <AttributeMetadata>
          <Value>attributeID:1207:1:55a73700-c891-46fd-8f5c-72bc827f2ef5:20160407213830.006:1207</Value>
          <Value>attributeSyntax:1207:1:55a73700-c891-46fd-8f5c-72bc827f2ef5:20160407213830.006:1207</Value>
          <Value>cn:1207:1:55a73700-c891-46fd-8f5c-72bc827f2ef5:20160407213830.006:1207</Value>
          <Value>createTimeStamp:1207:1:55a73700-c891-46fd-8f5c-72bc827f2ef5:20160407213830.006:1207</Value>
          <Value>entryDN:1207:1:55a73700-c891-46fd-8f5c-72bc827f2ef5:20160407213830.006:1207</Value>
          <Value>isSingleValued:1207:1:55a73700-c891-46fd-8f5c-72bc827f2ef5:20160407213830.006:1207</Value>
          <Value>lDAPDisplayName:1207:1:55a73700-c891-46fd-8f5c-72bc827f2ef5:20160407213830.006:1207</Value>
          <Value>modifyTimeStamp:1207:1:55a73700-c891-46fd-8f5c-72bc827f2ef5:20160407213830.006:1207</Value>
          <Value>objectClass:1207:1:55a73700-c891-46fd-8f5c-72bc827f2ef5:20160407213830.006:1207</Value>
          <Value>objectGUID:1207:1:55a73700-c891-46fd-8f5c-72bc827f2ef5:20160407213830.006:1207</Value>
          <Value>oMSyntax:1207:1:55a73700-c891-46fd-8f5c-72bc827f2ef5:20160407213830.006:1207</Value>
          <Value>schemaIDGUID:1207:1:55a73700-c891-46fd-8f5c-72bc827f2ef5:20160407213830.006:1207</Value>
          <Value>uSNChanged:1207:1:55a73700-c891-46fd-8f5c-72bc827f2ef5:20160407213830.006:1207</Value>
          <Value>uSNCreated:1207:1:55a73700-c891-46fd-8f5c-72bc827f2ef5:20160407213830.006:1207</Value>
          <Value>vmwAttributeUsage:1207:1:55a73700-c891-46fd-8f5c-72bc827f2ef5:20160407213830.006:1207</Value>
        </AttributeMetadata>
      </AttributeSchemaEntry>
      <AttributeSchemaEntry>
        <Name>serialNumber</Name>
        <AttributeMetadata>
          <Value>attributeID:436:1:55a73700-c891-46fd-8f5c-72bc827f2ef5:20160407213828.678:436</Value>
          <Value>attributeSyntax:436:1:55a73700-c891-46fd-8f5c-72bc827f2ef5:20160407213828.678:436</Value>
          <Value>cn:436:1:55a73700-c891-46fd-8f5c-72bc827f2ef5:20160407213828.678:436</Value>
          <Value>createTimeStamp:436:1:55a73700-c891-46fd-8f5c-72bc827f2ef5:20160407213828.678:436</Value>
          <Value>entryDN:436:1:55a73700-c891-46fd-8f5c-72bc827f2ef5:20160407213828.678:436</Value>
          <Value>isSingleValued:436:1:55a73700-c891-46fd-8f5c-72bc827f2ef5:20160407213828.678:436</Value>
          <Value>lDAPDisplayName:436:1:55a73700-c891-46fd-8f5c-72bc827f2ef5:20160407213828.678:436</Value>
          <Value>modifyTimeStamp:436:1:55a73700-c891-46fd-8f5c-72bc827f2ef5:20160407213828.678:436</Value>
          <Value>objectClass:436:1:55a73700-c891-46fd-8f5c-72bc827f2ef5:20160407213828.678:436</Value>
          <Value>objectGUID:436:1:55a73700-c891-46fd-8f5c-72bc827f2ef5:20160407213828.678:436</Value>
          <Value>oMSyntax:436:1:55a73700-c891-46fd-8f5c-72bc827f2ef5:20160407213828.678:436</Value>
          <Value>schemaIDGUID:436:1:55a73700-c891-46fd-8f5c-72bc827f2ef5:20160407213828.678:436</Value>
          <Value>uSNChanged:436:1:55a73700-c891-46fd-8f5c-72bc827f2ef5:20160407213828.678:436</Value>
          <Value>uSNCreated:436:1:55a73700-c891-46fd-8f5c-72bc827f2ef5:20160407213828.678:436</Value>
          <Value>vmwAttributeUsage:436:1:55a73700-c891-46fd-8f5c-72bc827f2ef5:20160407213828.678:436</Value>
        </AttributeMetadata>
      </AttributeSchemaEntry>
      <AttributeSchemaEntry>
        <Name>serverId</Name>
        <AttributeMetadata>
          <Value>attributeID:1401:1:55a73700-c891-46fd-8f5c-72bc827f2ef5:20160407213830.328:1401</Value>
          <Value>attributeSyntax:1401:1:55a73700-c891-46fd-8f5c-72bc827f2ef5:20160407213830.328:1401</Value>
          <Value>cn:1401:1:55a73700-c891-46fd-8f5c-72bc827f2ef5:20160407213830.328:1401</Value>
          <Value>createTimeStamp:1401:1:55a73700-c891-46fd-8f5c-72bc827f2ef5:20160407213830.328:1401</Value>
          <Value>description:1401:1:55a73700-c891-46fd-8f5c-72bc827f2ef5:20160407213830.328:1401</Value>
          <Value>entryDN:1401:1:55a73700-c891-46fd-8f5c-72bc827f2ef5:20160407213830.328:1401</Value>
          <Value>isSingleValued:1401:1:55a73700-c891-46fd-8f5c-72bc827f2ef5:20160407213830.328:1401</Value>
          <Value>lDAPDisplayName:1401:1:55a73700-c891-46fd-8f5c-72bc827f2ef5:20160407213830.328:1401</Value>
          <Value>modifyTimeStamp:1401:1:55a73700-c891-46fd-8f5c-72bc827f2ef5:20160407213830.328:1401</Value>
          <Value>objectClass:1401:1:55a73700-c891-46fd-8f5c-72bc827f2ef5:20160407213830.328:1401</Value>
          <Value>objectGUID:1401:1:55a73700-c891-46fd-8f5c-72bc827f2ef5:20160407213830.328:1401</Value>
          <Value>oMSyntax:1401:1:55a73700-c891-46fd-8f5c-72bc827f2ef5:20160407213830.328:1401</Value>
          <Value>schemaIDGUID:1401:1:55a73700-c891-46fd-8f5c-72bc827f2ef5:20160407213830.328:1401</Value>
          <Value>uSNChanged:1401:1:55a73700-c891-46fd-8f5c-72bc827f2ef5:20160407213830.328:1401</Value>
          <Value>uSNCreated:1401:1:55a73700-c891-46fd-8f5c-72bc827f2ef5:20160407213830.328:1401</Value>
          <Value>vmwAttributeUsage:1401:1:55a73700-c891-46fd-8f5c-72bc827f2ef5:20160407213830.328:1401</Value>
        </AttributeMetadata>
      </AttributeSchemaEntry>
      <AttributeSchemaEntry>
        <Name>serverName</Name>
        <AttributeMetadata>
          <Value>attributeID:1019:1:55a73700-c891-46fd-8f5c-72bc827f2ef5:20160407213829.657:1019</Value>
          <Value>attributeSyntax:1019:1:55a73700-c891-46fd-8f5c-72bc827f2ef5:20160407213829.657:1019</Value>
          <Value>cn:1019:1:55a73700-c891-46fd-8f5c-72bc827f2ef5:20160407213829.657:1019</Value>
          <Value>createTimeStamp:1019:1:55a73700-c891-46fd-8f5c-72bc827f2ef5:20160407213829.657:1019</Value>
          <Value>description:1019:1:55a73700-c891-46fd-8f5c-72bc827f2ef5:20160407213829.657:1019</Value>
          <Value>entryDN:1019:1:55a73700-c891-46fd-8f5c-72bc827f2ef5:20160407213829.657:1019</Value>
          <Value>isSingleValued:1019:1:55a73700-c891-46fd-8f5c-72bc827f2ef5:20160407213829.657:1019</Value>
          <Value>lDAPDisplayName:1019:1:55a73700-c891-46fd-8f5c-72bc827f2ef5:20160407213829.657:1019</Value>
          <Value>modifyTimeStamp:1019:1:55a73700-c891-46fd-8f5c-72bc827f2ef5:20160407213829.657:1019</Value>
          <Value>objectClass:1019:1:55a73700-c891-46fd-8f5c-72bc827f2ef5:20160407213829.657:1019</Value>
          <Value>objectGUID:1019:1:55a73700-c891-46fd-8f5c-72bc827f2ef5:20160407213829.657:1019</Value>
          <Value>oMSyntax:1019:1:55a73700-c891-46fd-8f5c-72bc827f2ef5:20160407213829.657:1019</Value>
          <Value>schemaIDGUID:1019:1:55a73700-c891-46fd-8f5c-72bc827f2ef5:20160407213829.657:1019</Value>
          <Value>uSNChanged:1019:1:55a73700-c891-46fd-8f5c-72bc827f2ef5:20160407213829.657:1019</Value>
          <Value>uSNCreated:1019:1:55a73700-c891-46fd-8f5c-72bc827f2ef5:20160407213829.657:1019</Value>
          <Value>vmwAttributeUsage:1019:1:55a73700-c891-46fd-8f5c-72bc827f2ef5:20160407213829.657:1019</Value>
        </AttributeMetadata>
      </AttributeSchemaEntry>
      <AttributeSchemaEntry>
        <Name>serverReference</Name>
        <AttributeMetadata>
          <Value>attributeID:645:1:55a73700-c891-46fd-8f5c-72bc827f2ef5:20160407213829.029:645</Value>
          <Value>attributeSyntax:645:1:55a73700-c891-46fd-8f5c-72bc827f2ef5:20160407213829.029:645</Value>
          <Value>cn:645:1:55a73700-c891-46fd-8f5c-72bc827f2ef5:20160407213829.029:645</Value>
          <Value>createTimeStamp:645:1:55a73700-c891-46fd-8f5c-72bc827f2ef5:20160407213829.029:645</Value>
          <Value>entryDN:645:1:55a73700-c891-46fd-8f5c-72bc827f2ef5:20160407213829.029:645</Value>
          <Value>isSingleValued:645:1:55a73700-c891-46fd-8f5c-72bc827f2ef5:20160407213829.029:645</Value>
          <Value>lDAPDisplayName:645:1:55a73700-c891-46fd-8f5c-72bc827f2ef5:20160407213829.029:645</Value>
          <Value>modifyTimeStamp:645:1:55a73700-c891-46fd-8f5c-72bc827f2ef5:20160407213829.029:645</Value>
          <Value>objectClass:645:1:55a73700-c891-46fd-8f5c-72bc827f2ef5:20160407213829.029:645</Value>
          <Value>objectGUID:645:1:55a73700-c891-46fd-8f5c-72bc827f2ef5:20160407213829.029:645</Value>
          <Value>oMSyntax:645:1:55a73700-c891-46fd-8f5c-72bc827f2ef5:20160407213829.029:645</Value>
          <Value>schemaIDGUID:645:1:55a73700-c891-46fd-8f5c-72bc827f2ef5:20160407213829.029:645</Value>
          <Value>uSNChanged:645:1:55a73700-c891-46fd-8f5c-72bc827f2ef5:20160407213829.029:645</Value>
          <Value>uSNCreated:645:1:55a73700-c891-46fd-8f5c-72bc827f2ef5:20160407213829.029:645</Value>
          <Value>vmwAttributeUsage:645:1:55a73700-c891-46fd-8f5c-72bc827f2ef5:20160407213829.029:645</Value>
        </AttributeMetadata>
      </AttributeSchemaEntry>
      <AttributeSchemaEntry>
        <Name>serverReferenceBL</Name>
        <AttributeMetadata>
          <Value>attributeID:504:1:55a73700-c891-46fd-8f5c-72bc827f2ef5:20160407213828.790:504</Value>
          <Value>attributeSyntax:504:1:55a73700-c891-46fd-8f5c-72bc827f2ef5:20160407213828.790:504</Value>
          <Value>cn:504:1:55a73700-c891-46fd-8f5c-72bc827f2ef5:20160407213828.790:504</Value>
          <Value>createTimeStamp:504:1:55a73700-c891-46fd-8f5c-72bc827f2ef5:20160407213828.790:504</Value>
          <Value>entryDN:504:1:55a73700-c891-46fd-8f5c-72bc827f2ef5:20160407213828.790:504</Value>
          <Value>isSingleValued:504:1:55a73700-c891-46fd-8f5c-72bc827f2ef5:20160407213828.790:504</Value>
          <Value>lDAPDisplayName:504:1:55a73700-c891-46fd-8f5c-72bc827f2ef5:20160407213828.790:504</Value>
          <Value>modifyTimeStamp:504:1:55a73700-c891-46fd-8f5c-72bc827f2ef5:20160407213828.790:504</Value>
          <Value>objectClass:504:1:55a73700-c891-46fd-8f5c-72bc827f2ef5:20160407213828.790:504</Value>
          <Value>objectGUID:504:1:55a73700-c891-46fd-8f5c-72bc827f2ef5:20160407213828.790:504</Value>
          <Value>oMSyntax:504:1:55a73700-c891-46fd-8f5c-72bc827f2ef5:20160407213828.790:504</Value>
          <Value>schemaIDGUID:504:1:55a73700-c891-46fd-8f5c-72bc827f2ef5:20160407213828.790:504</Value>
          <Value>uSNChanged:504:1:55a73700-c891-46fd-8f5c-72bc827f2ef5:20160407213828.790:504</Value>
          <Value>uSNCreated:504:1:55a73700-c891-46fd-8f5c-72bc827f2ef5:20160407213828.790:504</Value>
          <Value>vmwAttributeUsage:504:1:55a73700-c891-46fd-8f5c-72bc827f2ef5:20160407213828.790:504</Value>
        </AttributeMetadata>
      </AttributeSchemaEntry>
      <AttributeSchemaEntry>
        <Name>serverRole</Name>
        <AttributeMetadata>
          <Value>attributeID:920:1:55a73700-c891-46fd-8f5c-72bc827f2ef5:20160407213829.501:920</Value>
          <Value>attributeSyntax:920:1:55a73700-c891-46fd-8f5c-72bc827f2ef5:20160407213829.501:920</Value>
          <Value>cn:920:1:55a73700-c891-46fd-8f5c-72bc827f2ef5:20160407213829.501:920</Value>
          <Value>createTimeStamp:920:1:55a73700-c891-46fd-8f5c-72bc827f2ef5:20160407213829.501:920</Value>
          <Value>entryDN:920:1:55a73700-c891-46fd-8f5c-72bc827f2ef5:20160407213829.501:920</Value>
          <Value>isSingleValued:920:1:55a73700-c891-46fd-8f5c-72bc827f2ef5:20160407213829.501:920</Value>
          <Value>lDAPDisplayName:920:1:55a73700-c891-46fd-8f5c-72bc827f2ef5:20160407213829.501:920</Value>
          <Value>modifyTimeStamp:920:1:55a73700-c891-46fd-8f5c-72bc827f2ef5:20160407213829.501:920</Value>
          <Value>objectClass:920:1:55a73700-c891-46fd-8f5c-72bc827f2ef5:20160407213829.501:920</Value>
          <Value>objectGUID:920:1:55a73700-c891-46fd-8f5c-72bc827f2ef5:20160407213829.501:920</Value>
          <Value>oMSyntax:920:1:55a73700-c891-46fd-8f5c-72bc827f2ef5:20160407213829.501:920</Value>
          <Value>schemaIDGUID:920:1:55a73700-c891-46fd-8f5c-72bc827f2ef5:20160407213829.501:920</Value>
          <Value>uSNChanged:920:1:55a73700-c891-46fd-8f5c-72bc827f2ef5:20160407213829.501:920</Value>
          <Value>uSNCreated:920:1:55a73700-c891-46fd-8f5c-72bc827f2ef5:20160407213829.501:920</Value>
          <Value>vmwAttributeUsage:920:1:55a73700-c891-46fd-8f5c-72bc827f2ef5:20160407213829.501:920</Value>
        </AttributeMetadata>
      </AttributeSchemaEntry>
      <AttributeSchemaEntry>
        <Name>serverState</Name>
        <AttributeMetadata>
          <Value>attributeID:401:1:55a73700-c891-46fd-8f5c-72bc827f2ef5:20160407213828.621:401</Value>
          <Value>attributeSyntax:401:1:55a73700-c891-46fd-8f5c-72bc827f2ef5:20160407213828.621:401</Value>
          <Value>cn:401:1:55a73700-c891-46fd-8f5c-72bc827f2ef5:20160407213828.621:401</Value>
          <Value>createTimeStamp:401:1:55a73700-c891-46fd-8f5c-72bc827f2ef5:20160407213828.621:401</Value>
          <Value>entryDN:401:1:55a73700-c891-46fd-8f5c-72bc827f2ef5:20160407213828.621:401</Value>
          <Value>isSingleValued:401:1:55a73700-c891-46fd-8f5c-72bc827f2ef5:20160407213828.621:401</Value>
          <Value>lDAPDisplayName:401:1:55a73700-c891-46fd-8f5c-72bc827f2ef5:20160407213828.621:401</Value>
          <Value>modifyTimeStamp:401:1:55a73700-c891-46fd-8f5c-72bc827f2ef5:20160407213828.621:401</Value>
          <Value>objectClass:401:1:55a73700-c891-46fd-8f5c-72bc827f2ef5:20160407213828.621:401</Value>
          <Value>objectGUID:401:1:55a73700-c891-46fd-8f5c-72bc827f2ef5:20160407213828.621:401</Value>
          <Value>oMSyntax:401:1:55a73700-c891-46fd-8f5c-72bc827f2ef5:20160407213828.621:401</Value>
          <Value>schemaIDGUID:401:1:55a73700-c891-46fd-8f5c-72bc827f2ef5:20160407213828.621:401</Value>
          <Value>uSNChanged:401:1:55a73700-c891-46fd-8f5c-72bc827f2ef5:20160407213828.621:401</Value>
          <Value>uSNCreated:401:1:55a73700-c891-46fd-8f5c-72bc827f2ef5:20160407213828.621:401</Value>
          <Value>vmwAttributeUsage:401:1:55a73700-c891-46fd-8f5c-72bc827f2ef5:20160407213828.621:401</Value>
        </AttributeMetadata>
      </AttributeSchemaEntry>
      <AttributeSchemaEntry>
        <Name>serviceBindingInformation</Name>
        <AttributeMetadata>
          <Value>attributeID:1032:1:55a73700-c891-46fd-8f5c-72bc827f2ef5:20160407213829.681:1032</Value>
          <Value>attributeSyntax:1032:1:55a73700-c891-46fd-8f5c-72bc827f2ef5:20160407213829.681:1032</Value>
          <Value>cn:1032:1:55a73700-c891-46fd-8f5c-72bc827f2ef5:20160407213829.681:1032</Value>
          <Value>createTimeStamp:1032:1:55a73700-c891-46fd-8f5c-72bc827f2ef5:20160407213829.681:1032</Value>
          <Value>entryDN:1032:1:55a73700-c891-46fd-8f5c-72bc827f2ef5:20160407213829.681:1032</Value>
          <Value>isSingleValued:1032:1:55a73700-c891-46fd-8f5c-72bc827f2ef5:20160407213829.681:1032</Value>
          <Value>lDAPDisplayName:1032:1:55a73700-c891-46fd-8f5c-72bc827f2ef5:20160407213829.681:1032</Value>
          <Value>modifyTimeStamp:1032:1:55a73700-c891-46fd-8f5c-72bc827f2ef5:20160407213829.681:1032</Value>
          <Value>objectClass:1032:1:55a73700-c891-46fd-8f5c-72bc827f2ef5:20160407213829.681:1032</Value>
          <Value>objectGUID:1032:1:55a73700-c891-46fd-8f5c-72bc827f2ef5:20160407213829.681:1032</Value>
          <Value>oMSyntax:1032:1:55a73700-c891-46fd-8f5c-72bc827f2ef5:20160407213829.681:1032</Value>
          <Value>schemaIDGUID:1032:1:55a73700-c891-46fd-8f5c-72bc827f2ef5:20160407213829.681:1032</Value>
          <Value>uSNChanged:1032:1:55a73700-c891-46fd-8f5c-72bc827f2ef5:20160407213829.681:1032</Value>
          <Value>uSNCreated:1032:1:55a73700-c891-46fd-8f5c-72bc827f2ef5:20160407213829.681:1032</Value>
          <Value>vmwAttributeUsage:1032:1:55a73700-c891-46fd-8f5c-72bc827f2ef5:20160407213829.681:1032</Value>
        </AttributeMetadata>
      </AttributeSchemaEntry>
      <AttributeSchemaEntry>
        <Name>serviceClassID</Name>
        <AttributeMetadata>
          <Value>attributeID:1010:1:55a73700-c891-46fd-8f5c-72bc827f2ef5:20160407213829.647:1010</Value>
          <Value>attributeSyntax:1010:1:55a73700-c891-46fd-8f5c-72bc827f2ef5:20160407213829.647:1010</Value>
          <Value>cn:1010:1:55a73700-c891-46fd-8f5c-72bc827f2ef5:20160407213829.647:1010</Value>
          <Value>createTimeStamp:1010:1:55a73700-c891-46fd-8f5c-72bc827f2ef5:20160407213829.647:1010</Value>
          <Value>entryDN:1010:1:55a73700-c891-46fd-8f5c-72bc827f2ef5:20160407213829.647:1010</Value>
          <Value>isSingleValued:1010:1:55a73700-c891-46fd-8f5c-72bc827f2ef5:20160407213829.647:1010</Value>
          <Value>lDAPDisplayName:1010:1:55a73700-c891-46fd-8f5c-72bc827f2ef5:20160407213829.647:1010</Value>
          <Value>modifyTimeStamp:1010:1:55a73700-c891-46fd-8f5c-72bc827f2ef5:20160407213829.647:1010</Value>
          <Value>objectClass:1010:1:55a73700-c891-46fd-8f5c-72bc827f2ef5:20160407213829.647:1010</Value>
          <Value>objectGUID:1010:1:55a73700-c891-46fd-8f5c-72bc827f2ef5:20160407213829.647:1010</Value>
          <Value>oMSyntax:1010:1:55a73700-c891-46fd-8f5c-72bc827f2ef5:20160407213829.647:1010</Value>
          <Value>schemaIDGUID:1010:1:55a73700-c891-46fd-8f5c-72bc827f2ef5:20160407213829.647:1010</Value>
          <Value>uSNChanged:1010:1:55a73700-c891-46fd-8f5c-72bc827f2ef5:20160407213829.647:1010</Value>
          <Value>uSNCreated:1010:1:55a73700-c891-46fd-8f5c-72bc827f2ef5:20160407213829.647:1010</Value>
          <Value>vmwAttributeUsage:1010:1:55a73700-c891-46fd-8f5c-72bc827f2ef5:20160407213829.647:1010</Value>
        </AttributeMetadata>
      </AttributeSchemaEntry>
      <AttributeSchemaEntry>
        <Name>serviceClassInfo</Name>
        <AttributeMetadata>
          <Value>attributeID:1671:1:55a73700-c891-46fd-8f5c-72bc827f2ef5:20160407213830.777:1671</Value>
          <Value>attributeSyntax:1671:1:55a73700-c891-46fd-8f5c-72bc827f2ef5:20160407213830.777:1671</Value>
          <Value>cn:1671:1:55a73700-c891-46fd-8f5c-72bc827f2ef5:20160407213830.777:1671</Value>
          <Value>createTimeStamp:1671:1:55a73700-c891-46fd-8f5c-72bc827f2ef5:20160407213830.777:1671</Value>
          <Value>entryDN:1671:1:55a73700-c891-46fd-8f5c-72bc827f2ef5:20160407213830.777:1671</Value>
          <Value>isSingleValued:1671:1:55a73700-c891-46fd-8f5c-72bc827f2ef5:20160407213830.777:1671</Value>
          <Value>lDAPDisplayName:1671:1:55a73700-c891-46fd-8f5c-72bc827f2ef5:20160407213830.777:1671</Value>
          <Value>modifyTimeStamp:1671:1:55a73700-c891-46fd-8f5c-72bc827f2ef5:20160407213830.777:1671</Value>
          <Value>objectClass:1671:1:55a73700-c891-46fd-8f5c-72bc827f2ef5:20160407213830.777:1671</Value>
          <Value>objectGUID:1671:1:55a73700-c891-46fd-8f5c-72bc827f2ef5:20160407213830.777:1671</Value>
          <Value>oMSyntax:1671:1:55a73700-c891-46fd-8f5c-72bc827f2ef5:20160407213830.777:1671</Value>
          <Value>schemaIDGUID:1671:1:55a73700-c891-46fd-8f5c-72bc827f2ef5:20160407213830.777:1671</Value>
          <Value>uSNChanged:1671:1:55a73700-c891-46fd-8f5c-72bc827f2ef5:20160407213830.777:1671</Value>
          <Value>uSNCreated:1671:1:55a73700-c891-46fd-8f5c-72bc827f2ef5:20160407213830.777:1671</Value>
          <Value>vmwAttributeUsage:1671:1:55a73700-c891-46fd-8f5c-72bc827f2ef5:20160407213830.777:1671</Value>
        </AttributeMetadata>
      </AttributeSchemaEntry>
      <AttributeSchemaEntry>
        <Name>serviceClassName</Name>
        <AttributeMetadata>
          <Value>attributeID:1359:1:55a73700-c891-46fd-8f5c-72bc827f2ef5:20160407213830.262:1359</Value>
          <Value>attributeSyntax:1359:1:55a73700-c891-46fd-8f5c-72bc827f2ef5:20160407213830.262:1359</Value>
          <Value>cn:1359:1:55a73700-c891-46fd-8f5c-72bc827f2ef5:20160407213830.262:1359</Value>
          <Value>createTimeStamp:1359:1:55a73700-c891-46fd-8f5c-72bc827f2ef5:20160407213830.262:1359</Value>
          <Value>entryDN:1359:1:55a73700-c891-46fd-8f5c-72bc827f2ef5:20160407213830.262:1359</Value>
          <Value>isSingleValued:1359:1:55a73700-c891-46fd-8f5c-72bc827f2ef5:20160407213830.262:1359</Value>
          <Value>lDAPDisplayName:1359:1:55a73700-c891-46fd-8f5c-72bc827f2ef5:20160407213830.262:1359</Value>
          <Value>modifyTimeStamp:1359:1:55a73700-c891-46fd-8f5c-72bc827f2ef5:20160407213830.262:1359</Value>
          <Value>objectClass:1359:1:55a73700-c891-46fd-8f5c-72bc827f2ef5:20160407213830.262:1359</Value>
          <Value>objectGUID:1359:1:55a73700-c891-46fd-8f5c-72bc827f2ef5:20160407213830.262:1359</Value>
          <Value>oMSyntax:1359:1:55a73700-c891-46fd-8f5c-72bc827f2ef5:20160407213830.262:1359</Value>
          <Value>schemaIDGUID:1359:1:55a73700-c891-46fd-8f5c-72bc827f2ef5:20160407213830.262:1359</Value>
          <Value>uSNChanged:1359:1:55a73700-c891-46fd-8f5c-72bc827f2ef5:20160407213830.262:1359</Value>
          <Value>uSNCreated:1359:1:55a73700-c891-46fd-8f5c-72bc827f2ef5:20160407213830.262:1359</Value>
          <Value>vmwAttributeUsage:1359:1:55a73700-c891-46fd-8f5c-72bc827f2ef5:20160407213830.262:1359</Value>
        </AttributeMetadata>
      </AttributeSchemaEntry>
      <AttributeSchemaEntry>
        <Name>serviceDNSName</Name>
        <AttributeMetadata>
          <Value>attributeID:464:1:55a73700-c891-46fd-8f5c-72bc827f2ef5:20160407213828.717:464</Value>
          <Value>attributeSyntax:464:1:55a73700-c891-46fd-8f5c-72bc827f2ef5:20160407213828.717:464</Value>
          <Value>cn:464:1:55a73700-c891-46fd-8f5c-72bc827f2ef5:20160407213828.717:464</Value>
          <Value>createTimeStamp:464:1:55a73700-c891-46fd-8f5c-72bc827f2ef5:20160407213828.717:464</Value>
          <Value>entryDN:464:1:55a73700-c891-46fd-8f5c-72bc827f2ef5:20160407213828.717:464</Value>
          <Value>isSingleValued:464:1:55a73700-c891-46fd-8f5c-72bc827f2ef5:20160407213828.717:464</Value>
          <Value>lDAPDisplayName:464:1:55a73700-c891-46fd-8f5c-72bc827f2ef5:20160407213828.717:464</Value>
          <Value>modifyTimeStamp:464:1:55a73700-c891-46fd-8f5c-72bc827f2ef5:20160407213828.717:464</Value>
          <Value>objectClass:464:1:55a73700-c891-46fd-8f5c-72bc827f2ef5:20160407213828.717:464</Value>
          <Value>objectGUID:464:1:55a73700-c891-46fd-8f5c-72bc827f2ef5:20160407213828.717:464</Value>
          <Value>oMSyntax:464:1:55a73700-c891-46fd-8f5c-72bc827f2ef5:20160407213828.717:464</Value>
          <Value>schemaIDGUID:464:1:55a73700-c891-46fd-8f5c-72bc827f2ef5:20160407213828.717:464</Value>
          <Value>uSNChanged:464:1:55a73700-c891-46fd-8f5c-72bc827f2ef5:20160407213828.717:464</Value>
          <Value>uSNCreated:464:1:55a73700-c891-46fd-8f5c-72bc827f2ef5:20160407213828.717:464</Value>
          <Value>vmwAttributeUsage:464:1:55a73700-c891-46fd-8f5c-72bc827f2ef5:20160407213828.717:464</Value>
        </AttributeMetadata>
      </AttributeSchemaEntry>
      <AttributeSchemaEntry>
        <Name>serviceDNSNameType</Name>
        <AttributeMetadata>
          <Value>attributeID:1396:1:55a73700-c891-46fd-8f5c-72bc827f2ef5:20160407213830.323:1396</Value>
          <Value>attributeSyntax:1396:1:55a73700-c891-46fd-8f5c-72bc827f2ef5:20160407213830.323:1396</Value>
          <Value>cn:1396:1:55a73700-c891-46fd-8f5c-72bc827f2ef5:20160407213830.323:1396</Value>
          <Value>createTimeStamp:1396:1:55a73700-c891-46fd-8f5c-72bc827f2ef5:20160407213830.323:1396</Value>
          <Value>entryDN:1396:1:55a73700-c891-46fd-8f5c-72bc827f2ef5:20160407213830.323:1396</Value>
          <Value>isSingleValued:1396:1:55a73700-c891-46fd-8f5c-72bc827f2ef5:20160407213830.323:1396</Value>
          <Value>lDAPDisplayName:1396:1:55a73700-c891-46fd-8f5c-72bc827f2ef5:20160407213830.323:1396</Value>
          <Value>modifyTimeStamp:1396:1:55a73700-c891-46fd-8f5c-72bc827f2ef5:20160407213830.323:1396</Value>
          <Value>objectClass:1396:1:55a73700-c891-46fd-8f5c-72bc827f2ef5:20160407213830.323:1396</Value>
          <Value>objectGUID:1396:1:55a73700-c891-46fd-8f5c-72bc827f2ef5:20160407213830.323:1396</Value>
          <Value>oMSyntax:1396:1:55a73700-c891-46fd-8f5c-72bc827f2ef5:20160407213830.323:1396</Value>
          <Value>schemaIDGUID:1396:1:55a73700-c891-46fd-8f5c-72bc827f2ef5:20160407213830.323:1396</Value>
          <Value>uSNChanged:1396:1:55a73700-c891-46fd-8f5c-72bc827f2ef5:20160407213830.323:1396</Value>
          <Value>uSNCreated:1396:1:55a73700-c891-46fd-8f5c-72bc827f2ef5:20160407213830.323:1396</Value>
          <Value>vmwAttributeUsage:1396:1:55a73700-c891-46fd-8f5c-72bc827f2ef5:20160407213830.323:1396</Value>
        </AttributeMetadata>
      </AttributeSchemaEntry>
      <AttributeSchemaEntry>
        <Name>serviceInstanceVersion</Name>
        <AttributeMetadata>
          <Value>attributeID:1020:1:55a73700-c891-46fd-8f5c-72bc827f2ef5:20160407213829.658:1020</Value>
          <Value>attributeSyntax:1020:1:55a73700-c891-46fd-8f5c-72bc827f2ef5:20160407213829.658:1020</Value>
          <Value>cn:1020:1:55a73700-c891-46fd-8f5c-72bc827f2ef5:20160407213829.658:1020</Value>
          <Value>createTimeStamp:1020:1:55a73700-c891-46fd-8f5c-72bc827f2ef5:20160407213829.658:1020</Value>
          <Value>entryDN:1020:1:55a73700-c891-46fd-8f5c-72bc827f2ef5:20160407213829.658:1020</Value>
          <Value>isSingleValued:1020:1:55a73700-c891-46fd-8f5c-72bc827f2ef5:20160407213829.658:1020</Value>
          <Value>lDAPDisplayName:1020:1:55a73700-c891-46fd-8f5c-72bc827f2ef5:20160407213829.658:1020</Value>
          <Value>modifyTimeStamp:1020:1:55a73700-c891-46fd-8f5c-72bc827f2ef5:20160407213829.658:1020</Value>
          <Value>objectClass:1020:1:55a73700-c891-46fd-8f5c-72bc827f2ef5:20160407213829.658:1020</Value>
          <Value>objectGUID:1020:1:55a73700-c891-46fd-8f5c-72bc827f2ef5:20160407213829.658:1020</Value>
          <Value>oMSyntax:1020:1:55a73700-c891-46fd-8f5c-72bc827f2ef5:20160407213829.658:1020</Value>
          <Value>schemaIDGUID:1020:1:55a73700-c891-46fd-8f5c-72bc827f2ef5:20160407213829.658:1020</Value>
          <Value>uSNChanged:1020:1:55a73700-c891-46fd-8f5c-72bc827f2ef5:20160407213829.658:1020</Value>
          <Value>uSNCreated:1020:1:55a73700-c891-46fd-8f5c-72bc827f2ef5:20160407213829.658:1020</Value>
          <Value>vmwAttributeUsage:1020:1:55a73700-c891-46fd-8f5c-72bc827f2ef5:20160407213829.658:1020</Value>
        </AttributeMetadata>
      </AttributeSchemaEntry>
      <AttributeSchemaEntry>
        <Name>servicePrincipalName</Name>
        <AttributeMetadata>
          <Value>attributeID:1405:1:55a73700-c891-46fd-8f5c-72bc827f2ef5:20160407213830.333:1405</Value>
          <Value>attributeSyntax:1405:1:55a73700-c891-46fd-8f5c-72bc827f2ef5:20160407213830.333:1405</Value>
          <Value>cn:1405:1:55a73700-c891-46fd-8f5c-72bc827f2ef5:20160407213830.333:1405</Value>
          <Value>createTimeStamp:1405:1:55a73700-c891-46fd-8f5c-72bc827f2ef5:20160407213830.333:1405</Value>
          <Value>entryDN:1405:1:55a73700-c891-46fd-8f5c-72bc827f2ef5:20160407213830.333:1405</Value>
          <Value>isSingleValued:1405:1:55a73700-c891-46fd-8f5c-72bc827f2ef5:20160407213830.333:1405</Value>
          <Value>lDAPDisplayName:1405:1:55a73700-c891-46fd-8f5c-72bc827f2ef5:20160407213830.333:1405</Value>
          <Value>modifyTimeStamp:1405:1:55a73700-c891-46fd-8f5c-72bc827f2ef5:20160407213830.333:1405</Value>
          <Value>objectClass:1405:1:55a73700-c891-46fd-8f5c-72bc827f2ef5:20160407213830.333:1405</Value>
          <Value>objectGUID:1405:1:55a73700-c891-46fd-8f5c-72bc827f2ef5:20160407213830.333:1405</Value>
          <Value>oMSyntax:1405:1:55a73700-c891-46fd-8f5c-72bc827f2ef5:20160407213830.333:1405</Value>
          <Value>schemaIDGUID:1405:1:55a73700-c891-46fd-8f5c-72bc827f2ef5:20160407213830.333:1405</Value>
          <Value>uSNChanged:1405:1:55a73700-c891-46fd-8f5c-72bc827f2ef5:20160407213830.333:1405</Value>
          <Value>uSNCreated:1405:1:55a73700-c891-46fd-8f5c-72bc827f2ef5:20160407213830.333:1405</Value>
          <Value>vmwAttributeUsage:1405:1:55a73700-c891-46fd-8f5c-72bc827f2ef5:20160407213830.333:1405</Value>
        </AttributeMetadata>
      </AttributeSchemaEntry>
      <AttributeSchemaEntry>
        <Name>setupCommand</Name>
        <AttributeMetadata>
          <Value>attributeID:730:1:55a73700-c891-46fd-8f5c-72bc827f2ef5:20160407213829.174:730</Value>
          <Value>attributeSyntax:730:1:55a73700-c891-46fd-8f5c-72bc827f2ef5:20160407213829.174:730</Value>
          <Value>cn:730:1:55a73700-c891-46fd-8f5c-72bc827f2ef5:20160407213829.174:730</Value>
          <Value>createTimeStamp:730:1:55a73700-c891-46fd-8f5c-72bc827f2ef5:20160407213829.174:730</Value>
          <Value>entryDN:730:1:55a73700-c891-46fd-8f5c-72bc827f2ef5:20160407213829.174:730</Value>
          <Value>isSingleValued:730:1:55a73700-c891-46fd-8f5c-72bc827f2ef5:20160407213829.174:730</Value>
          <Value>lDAPDisplayName:730:1:55a73700-c891-46fd-8f5c-72bc827f2ef5:20160407213829.174:730</Value>
          <Value>modifyTimeStamp:730:1:55a73700-c891-46fd-8f5c-72bc827f2ef5:20160407213829.174:730</Value>
          <Value>objectClass:730:1:55a73700-c891-46fd-8f5c-72bc827f2ef5:20160407213829.174:730</Value>
          <Value>objectGUID:730:1:55a73700-c891-46fd-8f5c-72bc827f2ef5:20160407213829.174:730</Value>
          <Value>oMSyntax:730:1:55a73700-c891-46fd-8f5c-72bc827f2ef5:20160407213829.174:730</Value>
          <Value>schemaIDGUID:730:1:55a73700-c891-46fd-8f5c-72bc827f2ef5:20160407213829.174:730</Value>
          <Value>uSNChanged:730:1:55a73700-c891-46fd-8f5c-72bc827f2ef5:20160407213829.174:730</Value>
          <Value>uSNCreated:730:1:55a73700-c891-46fd-8f5c-72bc827f2ef5:20160407213829.174:730</Value>
          <Value>vmwAttributeUsage:730:1:55a73700-c891-46fd-8f5c-72bc827f2ef5:20160407213829.174:730</Value>
        </AttributeMetadata>
      </AttributeSchemaEntry>
      <AttributeSchemaEntry>
        <Name>shadowExpire</Name>
        <AttributeMetadata>
          <Value>attributeID:1423:1:55a73700-c891-46fd-8f5c-72bc827f2ef5:20160407213830.361:1423</Value>
          <Value>attributeSyntax:1423:1:55a73700-c891-46fd-8f5c-72bc827f2ef5:20160407213830.361:1423</Value>
          <Value>cn:1423:1:55a73700-c891-46fd-8f5c-72bc827f2ef5:20160407213830.361:1423</Value>
          <Value>createTimeStamp:1423:1:55a73700-c891-46fd-8f5c-72bc827f2ef5:20160407213830.361:1423</Value>
          <Value>entryDN:1423:1:55a73700-c891-46fd-8f5c-72bc827f2ef5:20160407213830.361:1423</Value>
          <Value>isSingleValued:1423:1:55a73700-c891-46fd-8f5c-72bc827f2ef5:20160407213830.361:1423</Value>
          <Value>lDAPDisplayName:1423:1:55a73700-c891-46fd-8f5c-72bc827f2ef5:20160407213830.361:1423</Value>
          <Value>modifyTimeStamp:1423:1:55a73700-c891-46fd-8f5c-72bc827f2ef5:20160407213830.361:1423</Value>
          <Value>objectClass:1423:1:55a73700-c891-46fd-8f5c-72bc827f2ef5:20160407213830.361:1423</Value>
          <Value>objectGUID:1423:1:55a73700-c891-46fd-8f5c-72bc827f2ef5:20160407213830.361:1423</Value>
          <Value>oMSyntax:1423:1:55a73700-c891-46fd-8f5c-72bc827f2ef5:20160407213830.361:1423</Value>
          <Value>schemaIDGUID:1423:1:55a73700-c891-46fd-8f5c-72bc827f2ef5:20160407213830.361:1423</Value>
          <Value>uSNChanged:1423:1:55a73700-c891-46fd-8f5c-72bc827f2ef5:20160407213830.361:1423</Value>
          <Value>uSNCreated:1423:1:55a73700-c891-46fd-8f5c-72bc827f2ef5:20160407213830.361:1423</Value>
          <Value>vmwAttributeUsage:1423:1:55a73700-c891-46fd-8f5c-72bc827f2ef5:20160407213830.361:1423</Value>
        </AttributeMetadata>
      </AttributeSchemaEntry>
      <AttributeSchemaEntry>
        <Name>shadowFlag</Name>
        <AttributeMetadata>
          <Value>attributeID:1178:1:55a73700-c891-46fd-8f5c-72bc827f2ef5:20160407213829.952:1178</Value>
          <Value>attributeSyntax:1178:1:55a73700-c891-46fd-8f5c-72bc827f2ef5:20160407213829.952:1178</Value>
          <Value>cn:1178:1:55a73700-c891-46fd-8f5c-72bc827f2ef5:20160407213829.952:1178</Value>
          <Value>createTimeStamp:1178:1:55a73700-c891-46fd-8f5c-72bc827f2ef5:20160407213829.952:1178</Value>
          <Value>entryDN:1178:1:55a73700-c891-46fd-8f5c-72bc827f2ef5:20160407213829.952:1178</Value>
          <Value>isSingleValued:1178:1:55a73700-c891-46fd-8f5c-72bc827f2ef5:20160407213829.952:1178</Value>
          <Value>lDAPDisplayName:1178:1:55a73700-c891-46fd-8f5c-72bc827f2ef5:20160407213829.952:1178</Value>
          <Value>modifyTimeStamp:1178:1:55a73700-c891-46fd-8f5c-72bc827f2ef5:20160407213829.952:1178</Value>
          <Value>objectClass:1178:1:55a73700-c891-46fd-8f5c-72bc827f2ef5:20160407213829.952:1178</Value>
          <Value>objectGUID:1178:1:55a73700-c891-46fd-8f5c-72bc827f2ef5:20160407213829.952:1178</Value>
          <Value>oMSyntax:1178:1:55a73700-c891-46fd-8f5c-72bc827f2ef5:20160407213829.952:1178</Value>
          <Value>schemaIDGUID:1178:1:55a73700-c891-46fd-8f5c-72bc827f2ef5:20160407213829.952:1178</Value>
          <Value>uSNChanged:1178:1:55a73700-c891-46fd-8f5c-72bc827f2ef5:20160407213829.952:1178</Value>
          <Value>uSNCreated:1178:1:55a73700-c891-46fd-8f5c-72bc827f2ef5:20160407213829.952:1178</Value>
          <Value>vmwAttributeUsage:1178:1:55a73700-c891-46fd-8f5c-72bc827f2ef5:20160407213829.952:1178</Value>
        </AttributeMetadata>
      </AttributeSchemaEntry>
      <AttributeSchemaEntry>
        <Name>shadowInactive</Name>
        <AttributeMetadata>
          <Value>attributeID:1578:1:55a73700-c891-46fd-8f5c-72bc827f2ef5:20160407213830.623:1578</Value>
          <Value>attributeSyntax:1578:1:55a73700-c891-46fd-8f5c-72bc827f2ef5:20160407213830.623:1578</Value>
          <Value>cn:1578:1:55a73700-c891-46fd-8f5c-72bc827f2ef5:20160407213830.623:1578</Value>
          <Value>createTimeStamp:1578:1:55a73700-c891-46fd-8f5c-72bc827f2ef5:20160407213830.623:1578</Value>
          <Value>entryDN:1578:1:55a73700-c891-46fd-8f5c-72bc827f2ef5:20160407213830.623:1578</Value>
          <Value>isSingleValued:1578:1:55a73700-c891-46fd-8f5c-72bc827f2ef5:20160407213830.623:1578</Value>
          <Value>lDAPDisplayName:1578:1:55a73700-c891-46fd-8f5c-72bc827f2ef5:20160407213830.623:1578</Value>
          <Value>modifyTimeStamp:1578:1:55a73700-c891-46fd-8f5c-72bc827f2ef5:20160407213830.623:1578</Value>
          <Value>objectClass:1578:1:55a73700-c891-46fd-8f5c-72bc827f2ef5:20160407213830.623:1578</Value>
          <Value>objectGUID:1578:1:55a73700-c891-46fd-8f5c-72bc827f2ef5:20160407213830.623:1578</Value>
          <Value>oMSyntax:1578:1:55a73700-c891-46fd-8f5c-72bc827f2ef5:20160407213830.623:1578</Value>
          <Value>schemaIDGUID:1578:1:55a73700-c891-46fd-8f5c-72bc827f2ef5:20160407213830.623:1578</Value>
          <Value>uSNChanged:1578:1:55a73700-c891-46fd-8f5c-72bc827f2ef5:20160407213830.623:1578</Value>
          <Value>uSNCreated:1578:1:55a73700-c891-46fd-8f5c-72bc827f2ef5:20160407213830.623:1578</Value>
          <Value>vmwAttributeUsage:1578:1:55a73700-c891-46fd-8f5c-72bc827f2ef5:20160407213830.623:1578</Value>
        </AttributeMetadata>
      </AttributeSchemaEntry>
      <AttributeSchemaEntry>
        <Name>shadowLastChange</Name>
        <AttributeMetadata>
          <Value>attributeID:265:1:55a73700-c891-46fd-8f5c-72bc827f2ef5:20160407213828.415:265</Value>
          <Value>attributeSyntax:265:1:55a73700-c891-46fd-8f5c-72bc827f2ef5:20160407213828.415:265</Value>
          <Value>cn:265:1:55a73700-c891-46fd-8f5c-72bc827f2ef5:20160407213828.415:265</Value>
          <Value>createTimeStamp:265:1:55a73700-c891-46fd-8f5c-72bc827f2ef5:20160407213828.415:265</Value>
          <Value>entryDN:265:1:55a73700-c891-46fd-8f5c-72bc827f2ef5:20160407213828.415:265</Value>
          <Value>isSingleValued:265:1:55a73700-c891-46fd-8f5c-72bc827f2ef5:20160407213828.415:265</Value>
          <Value>lDAPDisplayName:265:1:55a73700-c891-46fd-8f5c-72bc827f2ef5:20160407213828.415:265</Value>
          <Value>modifyTimeStamp:265:1:55a73700-c891-46fd-8f5c-72bc827f2ef5:20160407213828.415:265</Value>
          <Value>objectClass:265:1:55a73700-c891-46fd-8f5c-72bc827f2ef5:20160407213828.415:265</Value>
          <Value>objectGUID:265:1:55a73700-c891-46fd-8f5c-72bc827f2ef5:20160407213828.415:265</Value>
          <Value>oMSyntax:265:1:55a73700-c891-46fd-8f5c-72bc827f2ef5:20160407213828.415:265</Value>
          <Value>schemaIDGUID:265:1:55a73700-c891-46fd-8f5c-72bc827f2ef5:20160407213828.415:265</Value>
          <Value>uSNChanged:265:1:55a73700-c891-46fd-8f5c-72bc827f2ef5:20160407213828.415:265</Value>
          <Value>uSNCreated:265:1:55a73700-c891-46fd-8f5c-72bc827f2ef5:20160407213828.415:265</Value>
          <Value>vmwAttributeUsage:265:1:55a73700-c891-46fd-8f5c-72bc827f2ef5:20160407213828.415:265</Value>
        </AttributeMetadata>
      </AttributeSchemaEntry>
      <AttributeSchemaEntry>
        <Name>shadowMax</Name>
        <AttributeMetadata>
          <Value>attributeID:125:1:55a73700-c891-46fd-8f5c-72bc827f2ef5:20160407213828.213:125</Value>
          <Value>attributeSyntax:125:1:55a73700-c891-46fd-8f5c-72bc827f2ef5:20160407213828.213:125</Value>
          <Value>cn:125:1:55a73700-c891-46fd-8f5c-72bc827f2ef5:20160407213828.213:125</Value>
          <Value>createTimeStamp:125:1:55a73700-c891-46fd-8f5c-72bc827f2ef5:20160407213828.213:125</Value>
          <Value>entryDN:125:1:55a73700-c891-46fd-8f5c-72bc827f2ef5:20160407213828.213:125</Value>
          <Value>isSingleValued:125:1:55a73700-c891-46fd-8f5c-72bc827f2ef5:20160407213828.213:125</Value>
          <Value>lDAPDisplayName:125:1:55a73700-c891-46fd-8f5c-72bc827f2ef5:20160407213828.213:125</Value>
          <Value>modifyTimeStamp:125:1:55a73700-c891-46fd-8f5c-72bc827f2ef5:20160407213828.213:125</Value>
          <Value>objectClass:125:1:55a73700-c891-46fd-8f5c-72bc827f2ef5:20160407213828.213:125</Value>
          <Value>objectGUID:125:1:55a73700-c891-46fd-8f5c-72bc827f2ef5:20160407213828.213:125</Value>
          <Value>oMSyntax:125:1:55a73700-c891-46fd-8f5c-72bc827f2ef5:20160407213828.213:125</Value>
          <Value>schemaIDGUID:125:1:55a73700-c891-46fd-8f5c-72bc827f2ef5:20160407213828.213:125</Value>
          <Value>uSNChanged:125:1:55a73700-c891-46fd-8f5c-72bc827f2ef5:20160407213828.213:125</Value>
          <Value>uSNCreated:125:1:55a73700-c891-46fd-8f5c-72bc827f2ef5:20160407213828.213:125</Value>
          <Value>vmwAttributeUsage:125:1:55a73700-c891-46fd-8f5c-72bc827f2ef5:20160407213828.213:125</Value>
        </AttributeMetadata>
      </AttributeSchemaEntry>
      <AttributeSchemaEntry>
        <Name>shadowMin</Name>
        <AttributeMetadata>
          <Value>attributeID:302:1:55a73700-c891-46fd-8f5c-72bc827f2ef5:20160407213828.471:302</Value>
          <Value>attributeSyntax:302:1:55a73700-c891-46fd-8f5c-72bc827f2ef5:20160407213828.471:302</Value>
          <Value>cn:302:1:55a73700-c891-46fd-8f5c-72bc827f2ef5:20160407213828.471:302</Value>
          <Value>createTimeStamp:302:1:55a73700-c891-46fd-8f5c-72bc827f2ef5:20160407213828.471:302</Value>
          <Value>entryDN:302:1:55a73700-c891-46fd-8f5c-72bc827f2ef5:20160407213828.471:302</Value>
          <Value>isSingleValued:302:1:55a73700-c891-46fd-8f5c-72bc827f2ef5:20160407213828.471:302</Value>
          <Value>lDAPDisplayName:302:1:55a73700-c891-46fd-8f5c-72bc827f2ef5:20160407213828.471:302</Value>
          <Value>modifyTimeStamp:302:1:55a73700-c891-46fd-8f5c-72bc827f2ef5:20160407213828.471:302</Value>
          <Value>objectClass:302:1:55a73700-c891-46fd-8f5c-72bc827f2ef5:20160407213828.471:302</Value>
          <Value>objectGUID:302:1:55a73700-c891-46fd-8f5c-72bc827f2ef5:20160407213828.471:302</Value>
          <Value>oMSyntax:302:1:55a73700-c891-46fd-8f5c-72bc827f2ef5:20160407213828.471:302</Value>
          <Value>schemaIDGUID:302:1:55a73700-c891-46fd-8f5c-72bc827f2ef5:20160407213828.471:302</Value>
          <Value>uSNChanged:302:1:55a73700-c891-46fd-8f5c-72bc827f2ef5:20160407213828.471:302</Value>
          <Value>uSNCreated:302:1:55a73700-c891-46fd-8f5c-72bc827f2ef5:20160407213828.471:302</Value>
          <Value>vmwAttributeUsage:302:1:55a73700-c891-46fd-8f5c-72bc827f2ef5:20160407213828.471:302</Value>
        </AttributeMetadata>
      </AttributeSchemaEntry>
      <AttributeSchemaEntry>
        <Name>shadowWarning</Name>
        <AttributeMetadata>
          <Value>attributeID:757:1:55a73700-c891-46fd-8f5c-72bc827f2ef5:20160407213829.214:757</Value>
          <Value>attributeSyntax:757:1:55a73700-c891-46fd-8f5c-72bc827f2ef5:20160407213829.214:757</Value>
          <Value>cn:757:1:55a73700-c891-46fd-8f5c-72bc827f2ef5:20160407213829.214:757</Value>
          <Value>createTimeStamp:757:1:55a73700-c891-46fd-8f5c-72bc827f2ef5:20160407213829.214:757</Value>
          <Value>entryDN:757:1:55a73700-c891-46fd-8f5c-72bc827f2ef5:20160407213829.214:757</Value>
          <Value>isSingleValued:757:1:55a73700-c891-46fd-8f5c-72bc827f2ef5:20160407213829.214:757</Value>
          <Value>lDAPDisplayName:757:1:55a73700-c891-46fd-8f5c-72bc827f2ef5:20160407213829.214:757</Value>
          <Value>modifyTimeStamp:757:1:55a73700-c891-46fd-8f5c-72bc827f2ef5:20160407213829.214:757</Value>
          <Value>objectClass:757:1:55a73700-c891-46fd-8f5c-72bc827f2ef5:20160407213829.214:757</Value>
          <Value>objectGUID:757:1:55a73700-c891-46fd-8f5c-72bc827f2ef5:20160407213829.214:757</Value>
          <Value>oMSyntax:757:1:55a73700-c891-46fd-8f5c-72bc827f2ef5:20160407213829.214:757</Value>
          <Value>schemaIDGUID:757:1:55a73700-c891-46fd-8f5c-72bc827f2ef5:20160407213829.214:757</Value>
          <Value>uSNChanged:757:1:55a73700-c891-46fd-8f5c-72bc827f2ef5:20160407213829.214:757</Value>
          <Value>uSNCreated:757:1:55a73700-c891-46fd-8f5c-72bc827f2ef5:20160407213829.214:757</Value>
          <Value>vmwAttributeUsage:757:1:55a73700-c891-46fd-8f5c-72bc827f2ef5:20160407213829.214:757</Value>
        </AttributeMetadata>
      </AttributeSchemaEntry>
      <AttributeSchemaEntry>
        <Name>shellContextMenu</Name>
        <AttributeMetadata>
          <Value>attributeID:352:1:55a73700-c891-46fd-8f5c-72bc827f2ef5:20160407213828.541:352</Value>
          <Value>attributeSyntax:352:1:55a73700-c891-46fd-8f5c-72bc827f2ef5:20160407213828.541:352</Value>
          <Value>cn:352:1:55a73700-c891-46fd-8f5c-72bc827f2ef5:20160407213828.541:352</Value>
          <Value>createTimeStamp:352:1:55a73700-c891-46fd-8f5c-72bc827f2ef5:20160407213828.541:352</Value>
          <Value>entryDN:352:1:55a73700-c891-46fd-8f5c-72bc827f2ef5:20160407213828.541:352</Value>
          <Value>isSingleValued:352:1:55a73700-c891-46fd-8f5c-72bc827f2ef5:20160407213828.541:352</Value>
          <Value>lDAPDisplayName:352:1:55a73700-c891-46fd-8f5c-72bc827f2ef5:20160407213828.541:352</Value>
          <Value>modifyTimeStamp:352:1:55a73700-c891-46fd-8f5c-72bc827f2ef5:20160407213828.541:352</Value>
          <Value>objectClass:352:1:55a73700-c891-46fd-8f5c-72bc827f2ef5:20160407213828.541:352</Value>
          <Value>objectGUID:352:1:55a73700-c891-46fd-8f5c-72bc827f2ef5:20160407213828.541:352</Value>
          <Value>oMSyntax:352:1:55a73700-c891-46fd-8f5c-72bc827f2ef5:20160407213828.541:352</Value>
          <Value>schemaIDGUID:352:1:55a73700-c891-46fd-8f5c-72bc827f2ef5:20160407213828.541:352</Value>
          <Value>uSNChanged:352:1:55a73700-c891-46fd-8f5c-72bc827f2ef5:20160407213828.541:352</Value>
          <Value>uSNCreated:352:1:55a73700-c891-46fd-8f5c-72bc827f2ef5:20160407213828.541:352</Value>
          <Value>vmwAttributeUsage:352:1:55a73700-c891-46fd-8f5c-72bc827f2ef5:20160407213828.541:352</Value>
        </AttributeMetadata>
      </AttributeSchemaEntry>
      <AttributeSchemaEntry>
        <Name>shellPropertyPages</Name>
        <AttributeMetadata>
          <Value>attributeID:571:1:55a73700-c891-46fd-8f5c-72bc827f2ef5:20160407213828.903:571</Value>
          <Value>attributeSyntax:571:1:55a73700-c891-46fd-8f5c-72bc827f2ef5:20160407213828.903:571</Value>
          <Value>cn:571:1:55a73700-c891-46fd-8f5c-72bc827f2ef5:20160407213828.903:571</Value>
          <Value>createTimeStamp:571:1:55a73700-c891-46fd-8f5c-72bc827f2ef5:20160407213828.903:571</Value>
          <Value>entryDN:571:1:55a73700-c891-46fd-8f5c-72bc827f2ef5:20160407213828.903:571</Value>
          <Value>isSingleValued:571:1:55a73700-c891-46fd-8f5c-72bc827f2ef5:20160407213828.903:571</Value>
          <Value>lDAPDisplayName:571:1:55a73700-c891-46fd-8f5c-72bc827f2ef5:20160407213828.903:571</Value>
          <Value>modifyTimeStamp:571:1:55a73700-c891-46fd-8f5c-72bc827f2ef5:20160407213828.903:571</Value>
          <Value>objectClass:571:1:55a73700-c891-46fd-8f5c-72bc827f2ef5:20160407213828.903:571</Value>
          <Value>objectGUID:571:1:55a73700-c891-46fd-8f5c-72bc827f2ef5:20160407213828.903:571</Value>
          <Value>oMSyntax:571:1:55a73700-c891-46fd-8f5c-72bc827f2ef5:20160407213828.903:571</Value>
          <Value>schemaIDGUID:571:1:55a73700-c891-46fd-8f5c-72bc827f2ef5:20160407213828.903:571</Value>
          <Value>uSNChanged:571:1:55a73700-c891-46fd-8f5c-72bc827f2ef5:20160407213828.903:571</Value>
          <Value>uSNCreated:571:1:55a73700-c891-46fd-8f5c-72bc827f2ef5:20160407213828.903:571</Value>
          <Value>vmwAttributeUsage:571:1:55a73700-c891-46fd-8f5c-72bc827f2ef5:20160407213828.903:571</Value>
        </AttributeMetadata>
      </AttributeSchemaEntry>
      <AttributeSchemaEntry>
        <Name>shortServerName</Name>
        <AttributeMetadata>
          <Value>attributeID:726:1:55a73700-c891-46fd-8f5c-72bc827f2ef5:20160407213829.160:726</Value>
          <Value>attributeSyntax:726:1:55a73700-c891-46fd-8f5c-72bc827f2ef5:20160407213829.160:726</Value>
          <Value>cn:726:1:55a73700-c891-46fd-8f5c-72bc827f2ef5:20160407213829.160:726</Value>
          <Value>createTimeStamp:726:1:55a73700-c891-46fd-8f5c-72bc827f2ef5:20160407213829.160:726</Value>
          <Value>entryDN:726:1:55a73700-c891-46fd-8f5c-72bc827f2ef5:20160407213829.160:726</Value>
          <Value>isSingleValued:726:1:55a73700-c891-46fd-8f5c-72bc827f2ef5:20160407213829.160:726</Value>
          <Value>lDAPDisplayName:726:1:55a73700-c891-46fd-8f5c-72bc827f2ef5:20160407213829.160:726</Value>
          <Value>modifyTimeStamp:726:1:55a73700-c891-46fd-8f5c-72bc827f2ef5:20160407213829.160:726</Value>
          <Value>objectClass:726:1:55a73700-c891-46fd-8f5c-72bc827f2ef5:20160407213829.160:726</Value>
          <Value>objectGUID:726:1:55a73700-c891-46fd-8f5c-72bc827f2ef5:20160407213829.160:726</Value>
          <Value>oMSyntax:726:1:55a73700-c891-46fd-8f5c-72bc827f2ef5:20160407213829.160:726</Value>
          <Value>schemaIDGUID:726:1:55a73700-c891-46fd-8f5c-72bc827f2ef5:20160407213829.160:726</Value>
          <Value>uSNChanged:726:1:55a73700-c891-46fd-8f5c-72bc827f2ef5:20160407213829.160:726</Value>
          <Value>uSNCreated:726:1:55a73700-c891-46fd-8f5c-72bc827f2ef5:20160407213829.160:726</Value>
          <Value>vmwAttributeUsage:726:1:55a73700-c891-46fd-8f5c-72bc827f2ef5:20160407213829.160:726</Value>
        </AttributeMetadata>
      </AttributeSchemaEntry>
      <AttributeSchemaEntry>
        <Name>showInAddressBook</Name>
        <AttributeMetadata>
          <Value>attributeID:1685:1:55a73700-c891-46fd-8f5c-72bc827f2ef5:20160407213830.804:1685</Value>
          <Value>attributeSyntax:1685:1:55a73700-c891-46fd-8f5c-72bc827f2ef5:20160407213830.804:1685</Value>
          <Value>cn:1685:1:55a73700-c891-46fd-8f5c-72bc827f2ef5:20160407213830.804:1685</Value>
          <Value>createTimeStamp:1685:1:55a73700-c891-46fd-8f5c-72bc827f2ef5:20160407213830.804:1685</Value>
          <Value>entryDN:1685:1:55a73700-c891-46fd-8f5c-72bc827f2ef5:20160407213830.804:1685</Value>
          <Value>isSingleValued:1685:1:55a73700-c891-46fd-8f5c-72bc827f2ef5:20160407213830.804:1685</Value>
          <Value>lDAPDisplayName:1685:1:55a73700-c891-46fd-8f5c-72bc827f2ef5:20160407213830.804:1685</Value>
          <Value>modifyTimeStamp:1685:1:55a73700-c891-46fd-8f5c-72bc827f2ef5:20160407213830.804:1685</Value>
          <Value>objectClass:1685:1:55a73700-c891-46fd-8f5c-72bc827f2ef5:20160407213830.804:1685</Value>
          <Value>objectGUID:1685:1:55a73700-c891-46fd-8f5c-72bc827f2ef5:20160407213830.804:1685</Value>
          <Value>oMSyntax:1685:1:55a73700-c891-46fd-8f5c-72bc827f2ef5:20160407213830.804:1685</Value>
          <Value>schemaIDGUID:1685:1:55a73700-c891-46fd-8f5c-72bc827f2ef5:20160407213830.804:1685</Value>
          <Value>uSNChanged:1685:1:55a73700-c891-46fd-8f5c-72bc827f2ef5:20160407213830.804:1685</Value>
          <Value>uSNCreated:1685:1:55a73700-c891-46fd-8f5c-72bc827f2ef5:20160407213830.804:1685</Value>
          <Value>vmwAttributeUsage:1685:1:55a73700-c891-46fd-8f5c-72bc827f2ef5:20160407213830.804:1685</Value>
        </AttributeMetadata>
      </AttributeSchemaEntry>
      <AttributeSchemaEntry>
        <Name>showInAdvancedViewOnly</Name>
        <AttributeMetadata>
          <Value>attributeID:943:1:55a73700-c891-46fd-8f5c-72bc827f2ef5:20160407213829.537:943</Value>
          <Value>attributeSyntax:943:1:55a73700-c891-46fd-8f5c-72bc827f2ef5:20160407213829.537:943</Value>
          <Value>cn:943:1:55a73700-c891-46fd-8f5c-72bc827f2ef5:20160407213829.537:943</Value>
          <Value>createTimeStamp:943:1:55a73700-c891-46fd-8f5c-72bc827f2ef5:20160407213829.537:943</Value>
          <Value>entryDN:943:1:55a73700-c891-46fd-8f5c-72bc827f2ef5:20160407213829.537:943</Value>
          <Value>isSingleValued:943:1:55a73700-c891-46fd-8f5c-72bc827f2ef5:20160407213829.537:943</Value>
          <Value>lDAPDisplayName:943:1:55a73700-c891-46fd-8f5c-72bc827f2ef5:20160407213829.537:943</Value>
          <Value>modifyTimeStamp:943:1:55a73700-c891-46fd-8f5c-72bc827f2ef5:20160407213829.537:943</Value>
          <Value>objectClass:943:1:55a73700-c891-46fd-8f5c-72bc827f2ef5:20160407213829.537:943</Value>
          <Value>objectGUID:943:1:55a73700-c891-46fd-8f5c-72bc827f2ef5:20160407213829.537:943</Value>
          <Value>oMSyntax:943:1:55a73700-c891-46fd-8f5c-72bc827f2ef5:20160407213829.537:943</Value>
          <Value>schemaIDGUID:943:1:55a73700-c891-46fd-8f5c-72bc827f2ef5:20160407213829.537:943</Value>
          <Value>uSNChanged:943:1:55a73700-c891-46fd-8f5c-72bc827f2ef5:20160407213829.537:943</Value>
          <Value>uSNCreated:943:1:55a73700-c891-46fd-8f5c-72bc827f2ef5:20160407213829.537:943</Value>
          <Value>vmwAttributeUsage:943:1:55a73700-c891-46fd-8f5c-72bc827f2ef5:20160407213829.537:943</Value>
        </AttributeMetadata>
      </AttributeSchemaEntry>
      <AttributeSchemaEntry>
        <Name>sIDHistory</Name>
        <AttributeMetadata>
          <Value>attributeID:1574:1:55a73700-c891-46fd-8f5c-72bc827f2ef5:20160407213830.618:1574</Value>
          <Value>attributeSyntax:1574:1:55a73700-c891-46fd-8f5c-72bc827f2ef5:20160407213830.618:1574</Value>
          <Value>cn:1574:1:55a73700-c891-46fd-8f5c-72bc827f2ef5:20160407213830.618:1574</Value>
          <Value>createTimeStamp:1574:1:55a73700-c891-46fd-8f5c-72bc827f2ef5:20160407213830.618:1574</Value>
          <Value>entryDN:1574:1:55a73700-c891-46fd-8f5c-72bc827f2ef5:20160407213830.618:1574</Value>
          <Value>isSingleValued:1574:1:55a73700-c891-46fd-8f5c-72bc827f2ef5:20160407213830.618:1574</Value>
          <Value>lDAPDisplayName:1574:1:55a73700-c891-46fd-8f5c-72bc827f2ef5:20160407213830.618:1574</Value>
          <Value>modifyTimeStamp:1574:1:55a73700-c891-46fd-8f5c-72bc827f2ef5:20160407213830.618:1574</Value>
          <Value>objectClass:1574:1:55a73700-c891-46fd-8f5c-72bc827f2ef5:20160407213830.618:1574</Value>
          <Value>objectGUID:1574:1:55a73700-c891-46fd-8f5c-72bc827f2ef5:20160407213830.618:1574</Value>
          <Value>oMSyntax:1574:1:55a73700-c891-46fd-8f5c-72bc827f2ef5:20160407213830.618:1574</Value>
          <Value>schemaIDGUID:1574:1:55a73700-c891-46fd-8f5c-72bc827f2ef5:20160407213830.618:1574</Value>
          <Value>uSNChanged:1574:1:55a73700-c891-46fd-8f5c-72bc827f2ef5:20160407213830.618:1574</Value>
          <Value>uSNCreated:1574:1:55a73700-c891-46fd-8f5c-72bc827f2ef5:20160407213830.618:1574</Value>
          <Value>vmwAttributeUsage:1574:1:55a73700-c891-46fd-8f5c-72bc827f2ef5:20160407213830.618:1574</Value>
        </AttributeMetadata>
      </AttributeSchemaEntry>
      <AttributeSchemaEntry>
        <Name>signatureAlgorithms</Name>
        <AttributeMetadata>
          <Value>attributeID:785:1:55a73700-c891-46fd-8f5c-72bc827f2ef5:20160407213829.268:785</Value>
          <Value>attributeSyntax:785:1:55a73700-c891-46fd-8f5c-72bc827f2ef5:20160407213829.268:785</Value>
          <Value>cn:785:1:55a73700-c891-46fd-8f5c-72bc827f2ef5:20160407213829.268:785</Value>
          <Value>createTimeStamp:785:1:55a73700-c891-46fd-8f5c-72bc827f2ef5:20160407213829.268:785</Value>
          <Value>entryDN:785:1:55a73700-c891-46fd-8f5c-72bc827f2ef5:20160407213829.268:785</Value>
          <Value>isSingleValued:785:1:55a73700-c891-46fd-8f5c-72bc827f2ef5:20160407213829.268:785</Value>
          <Value>lDAPDisplayName:785:1:55a73700-c891-46fd-8f5c-72bc827f2ef5:20160407213829.268:785</Value>
          <Value>modifyTimeStamp:785:1:55a73700-c891-46fd-8f5c-72bc827f2ef5:20160407213829.268:785</Value>
          <Value>objectClass:785:1:55a73700-c891-46fd-8f5c-72bc827f2ef5:20160407213829.268:785</Value>
          <Value>objectGUID:785:1:55a73700-c891-46fd-8f5c-72bc827f2ef5:20160407213829.268:785</Value>
          <Value>oMSyntax:785:1:55a73700-c891-46fd-8f5c-72bc827f2ef5:20160407213829.268:785</Value>
          <Value>schemaIDGUID:785:1:55a73700-c891-46fd-8f5c-72bc827f2ef5:20160407213829.268:785</Value>
          <Value>uSNChanged:785:1:55a73700-c891-46fd-8f5c-72bc827f2ef5:20160407213829.268:785</Value>
          <Value>uSNCreated:785:1:55a73700-c891-46fd-8f5c-72bc827f2ef5:20160407213829.268:785</Value>
          <Value>vmwAttributeUsage:785:1:55a73700-c891-46fd-8f5c-72bc827f2ef5:20160407213829.268:785</Value>
        </AttributeMetadata>
      </AttributeSchemaEntry>
      <AttributeSchemaEntry>
        <Name>siteGUID</Name>
        <AttributeMetadata>
          <Value>attributeID:941:1:55a73700-c891-46fd-8f5c-72bc827f2ef5:20160407213829.535:941</Value>
          <Value>attributeSyntax:941:1:55a73700-c891-46fd-8f5c-72bc827f2ef5:20160407213829.535:941</Value>
          <Value>cn:941:1:55a73700-c891-46fd-8f5c-72bc827f2ef5:20160407213829.535:941</Value>
          <Value>createTimeStamp:941:1:55a73700-c891-46fd-8f5c-72bc827f2ef5:20160407213829.535:941</Value>
          <Value>entryDN:941:1:55a73700-c891-46fd-8f5c-72bc827f2ef5:20160407213829.535:941</Value>
          <Value>isSingleValued:941:1:55a73700-c891-46fd-8f5c-72bc827f2ef5:20160407213829.535:941</Value>
          <Value>lDAPDisplayName:941:1:55a73700-c891-46fd-8f5c-72bc827f2ef5:20160407213829.535:941</Value>
          <Value>modifyTimeStamp:941:1:55a73700-c891-46fd-8f5c-72bc827f2ef5:20160407213829.535:941</Value>
          <Value>objectClass:941:1:55a73700-c891-46fd-8f5c-72bc827f2ef5:20160407213829.535:941</Value>
          <Value>objectGUID:941:1:55a73700-c891-46fd-8f5c-72bc827f2ef5:20160407213829.535:941</Value>
          <Value>oMSyntax:941:1:55a73700-c891-46fd-8f5c-72bc827f2ef5:20160407213829.535:941</Value>
          <Value>schemaIDGUID:941:1:55a73700-c891-46fd-8f5c-72bc827f2ef5:20160407213829.535:941</Value>
          <Value>uSNChanged:941:1:55a73700-c891-46fd-8f5c-72bc827f2ef5:20160407213829.535:941</Value>
          <Value>uSNCreated:941:1:55a73700-c891-46fd-8f5c-72bc827f2ef5:20160407213829.535:941</Value>
          <Value>vmwAttributeUsage:941:1:55a73700-c891-46fd-8f5c-72bc827f2ef5:20160407213829.535:941</Value>
        </AttributeMetadata>
      </AttributeSchemaEntry>
      <AttributeSchemaEntry>
        <Name>siteLinkList</Name>
        <AttributeMetadata>
          <Value>attributeID:862:1:55a73700-c891-46fd-8f5c-72bc827f2ef5:20160407213829.395:862</Value>
          <Value>attributeSyntax:862:1:55a73700-c891-46fd-8f5c-72bc827f2ef5:20160407213829.395:862</Value>
          <Value>cn:862:1:55a73700-c891-46fd-8f5c-72bc827f2ef5:20160407213829.395:862</Value>
          <Value>createTimeStamp:862:1:55a73700-c891-46fd-8f5c-72bc827f2ef5:20160407213829.395:862</Value>
          <Value>entryDN:862:1:55a73700-c891-46fd-8f5c-72bc827f2ef5:20160407213829.395:862</Value>
          <Value>isSingleValued:862:1:55a73700-c891-46fd-8f5c-72bc827f2ef5:20160407213829.395:862</Value>
          <Value>lDAPDisplayName:862:1:55a73700-c891-46fd-8f5c-72bc827f2ef5:20160407213829.395:862</Value>
          <Value>modifyTimeStamp:862:1:55a73700-c891-46fd-8f5c-72bc827f2ef5:20160407213829.395:862</Value>
          <Value>objectClass:862:1:55a73700-c891-46fd-8f5c-72bc827f2ef5:20160407213829.395:862</Value>
          <Value>objectGUID:862:1:55a73700-c891-46fd-8f5c-72bc827f2ef5:20160407213829.395:862</Value>
          <Value>oMSyntax:862:1:55a73700-c891-46fd-8f5c-72bc827f2ef5:20160407213829.395:862</Value>
          <Value>schemaIDGUID:862:1:55a73700-c891-46fd-8f5c-72bc827f2ef5:20160407213829.395:862</Value>
          <Value>uSNChanged:862:1:55a73700-c891-46fd-8f5c-72bc827f2ef5:20160407213829.395:862</Value>
          <Value>uSNCreated:862:1:55a73700-c891-46fd-8f5c-72bc827f2ef5:20160407213829.395:862</Value>
          <Value>vmwAttributeUsage:862:1:55a73700-c891-46fd-8f5c-72bc827f2ef5:20160407213829.395:862</Value>
        </AttributeMetadata>
      </AttributeSchemaEntry>
      <AttributeSchemaEntry>
        <Name>siteList</Name>
        <AttributeMetadata>
          <Value>attributeID:1460:1:55a73700-c891-46fd-8f5c-72bc827f2ef5:20160407213830.423:1460</Value>
          <Value>attributeSyntax:1460:1:55a73700-c891-46fd-8f5c-72bc827f2ef5:20160407213830.423:1460</Value>
          <Value>cn:1460:1:55a73700-c891-46fd-8f5c-72bc827f2ef5:20160407213830.423:1460</Value>
          <Value>createTimeStamp:1460:1:55a73700-c891-46fd-8f5c-72bc827f2ef5:20160407213830.423:1460</Value>
          <Value>entryDN:1460:1:55a73700-c891-46fd-8f5c-72bc827f2ef5:20160407213830.423:1460</Value>
          <Value>isSingleValued:1460:1:55a73700-c891-46fd-8f5c-72bc827f2ef5:20160407213830.423:1460</Value>
          <Value>lDAPDisplayName:1460:1:55a73700-c891-46fd-8f5c-72bc827f2ef5:20160407213830.423:1460</Value>
          <Value>modifyTimeStamp:1460:1:55a73700-c891-46fd-8f5c-72bc827f2ef5:20160407213830.423:1460</Value>
          <Value>objectClass:1460:1:55a73700-c891-46fd-8f5c-72bc827f2ef5:20160407213830.423:1460</Value>
          <Value>objectGUID:1460:1:55a73700-c891-46fd-8f5c-72bc827f2ef5:20160407213830.423:1460</Value>
          <Value>oMSyntax:1460:1:55a73700-c891-46fd-8f5c-72bc827f2ef5:20160407213830.423:1460</Value>
          <Value>schemaIDGUID:1460:1:55a73700-c891-46fd-8f5c-72bc827f2ef5:20160407213830.423:1460</Value>
          <Value>uSNChanged:1460:1:55a73700-c891-46fd-8f5c-72bc827f2ef5:20160407213830.423:1460</Value>
          <Value>uSNCreated:1460:1:55a73700-c891-46fd-8f5c-72bc827f2ef5:20160407213830.423:1460</Value>
          <Value>vmwAttributeUsage:1460:1:55a73700-c891-46fd-8f5c-72bc827f2ef5:20160407213830.423:1460</Value>
        </AttributeMetadata>
      </AttributeSchemaEntry>
      <AttributeSchemaEntry>
        <Name>siteObject</Name>
        <AttributeMetadata>
          <Value>attributeID:1332:1:55a73700-c891-46fd-8f5c-72bc827f2ef5:20160407213830.213:1332</Value>
          <Value>attributeSyntax:1332:1:55a73700-c891-46fd-8f5c-72bc827f2ef5:20160407213830.213:1332</Value>
          <Value>cn:1332:1:55a73700-c891-46fd-8f5c-72bc827f2ef5:20160407213830.213:1332</Value>
          <Value>createTimeStamp:1332:1:55a73700-c891-46fd-8f5c-72bc827f2ef5:20160407213830.213:1332</Value>
          <Value>entryDN:1332:1:55a73700-c891-46fd-8f5c-72bc827f2ef5:20160407213830.213:1332</Value>
          <Value>isSingleValued:1332:1:55a73700-c891-46fd-8f5c-72bc827f2ef5:20160407213830.213:1332</Value>
          <Value>lDAPDisplayName:1332:1:55a73700-c891-46fd-8f5c-72bc827f2ef5:20160407213830.213:1332</Value>
          <Value>modifyTimeStamp:1332:1:55a73700-c891-46fd-8f5c-72bc827f2ef5:20160407213830.213:1332</Value>
          <Value>objectClass:1332:1:55a73700-c891-46fd-8f5c-72bc827f2ef5:20160407213830.213:1332</Value>
          <Value>objectGUID:1332:1:55a73700-c891-46fd-8f5c-72bc827f2ef5:20160407213830.213:1332</Value>
          <Value>oMSyntax:1332:1:55a73700-c891-46fd-8f5c-72bc827f2ef5:20160407213830.213:1332</Value>
          <Value>schemaIDGUID:1332:1:55a73700-c891-46fd-8f5c-72bc827f2ef5:20160407213830.213:1332</Value>
          <Value>uSNChanged:1332:1:55a73700-c891-46fd-8f5c-72bc827f2ef5:20160407213830.213:1332</Value>
          <Value>uSNCreated:1332:1:55a73700-c891-46fd-8f5c-72bc827f2ef5:20160407213830.213:1332</Value>
          <Value>vmwAttributeUsage:1332:1:55a73700-c891-46fd-8f5c-72bc827f2ef5:20160407213830.213:1332</Value>
        </AttributeMetadata>
      </AttributeSchemaEntry>
      <AttributeSchemaEntry>
        <Name>siteObjectBL</Name>
        <AttributeMetadata>
          <Value>attributeID:1492:1:55a73700-c891-46fd-8f5c-72bc827f2ef5:20160407213830.477:1492</Value>
          <Value>attributeSyntax:1492:1:55a73700-c891-46fd-8f5c-72bc827f2ef5:20160407213830.477:1492</Value>
          <Value>cn:1492:1:55a73700-c891-46fd-8f5c-72bc827f2ef5:20160407213830.477:1492</Value>
          <Value>createTimeStamp:1492:1:55a73700-c891-46fd-8f5c-72bc827f2ef5:20160407213830.477:1492</Value>
          <Value>entryDN:1492:1:55a73700-c891-46fd-8f5c-72bc827f2ef5:20160407213830.477:1492</Value>
          <Value>isSingleValued:1492:1:55a73700-c891-46fd-8f5c-72bc827f2ef5:20160407213830.477:1492</Value>
          <Value>lDAPDisplayName:1492:1:55a73700-c891-46fd-8f5c-72bc827f2ef5:20160407213830.477:1492</Value>
          <Value>modifyTimeStamp:1492:1:55a73700-c891-46fd-8f5c-72bc827f2ef5:20160407213830.477:1492</Value>
          <Value>objectClass:1492:1:55a73700-c891-46fd-8f5c-72bc827f2ef5:20160407213830.477:1492</Value>
          <Value>objectGUID:1492:1:55a73700-c891-46fd-8f5c-72bc827f2ef5:20160407213830.477:1492</Value>
          <Value>oMSyntax:1492:1:55a73700-c891-46fd-8f5c-72bc827f2ef5:20160407213830.477:1492</Value>
          <Value>schemaIDGUID:1492:1:55a73700-c891-46fd-8f5c-72bc827f2ef5:20160407213830.477:1492</Value>
          <Value>uSNChanged:1492:1:55a73700-c891-46fd-8f5c-72bc827f2ef5:20160407213830.477:1492</Value>
          <Value>uSNCreated:1492:1:55a73700-c891-46fd-8f5c-72bc827f2ef5:20160407213830.477:1492</Value>
          <Value>vmwAttributeUsage:1492:1:55a73700-c891-46fd-8f5c-72bc827f2ef5:20160407213830.477:1492</Value>
        </AttributeMetadata>
      </AttributeSchemaEntry>
      <AttributeSchemaEntry>
        <Name>siteServer</Name>
        <AttributeMetadata>
          <Value>attributeID:350:1:55a73700-c891-46fd-8f5c-72bc827f2ef5:20160407213828.539:350</Value>
          <Value>attributeSyntax:350:1:55a73700-c891-46fd-8f5c-72bc827f2ef5:20160407213828.539:350</Value>
          <Value>cn:350:1:55a73700-c891-46fd-8f5c-72bc827f2ef5:20160407213828.539:350</Value>
          <Value>createTimeStamp:350:1:55a73700-c891-46fd-8f5c-72bc827f2ef5:20160407213828.539:350</Value>
          <Value>entryDN:350:1:55a73700-c891-46fd-8f5c-72bc827f2ef5:20160407213828.539:350</Value>
          <Value>isSingleValued:350:1:55a73700-c891-46fd-8f5c-72bc827f2ef5:20160407213828.539:350</Value>
          <Value>lDAPDisplayName:350:1:55a73700-c891-46fd-8f5c-72bc827f2ef5:20160407213828.539:350</Value>
          <Value>modifyTimeStamp:350:1:55a73700-c891-46fd-8f5c-72bc827f2ef5:20160407213828.539:350</Value>
          <Value>objectClass:350:1:55a73700-c891-46fd-8f5c-72bc827f2ef5:20160407213828.539:350</Value>
          <Value>objectGUID:350:1:55a73700-c891-46fd-8f5c-72bc827f2ef5:20160407213828.539:350</Value>
          <Value>oMSyntax:350:1:55a73700-c891-46fd-8f5c-72bc827f2ef5:20160407213828.539:350</Value>
          <Value>schemaIDGUID:350:1:55a73700-c891-46fd-8f5c-72bc827f2ef5:20160407213828.539:350</Value>
          <Value>uSNChanged:350:1:55a73700-c891-46fd-8f5c-72bc827f2ef5:20160407213828.539:350</Value>
          <Value>uSNCreated:350:1:55a73700-c891-46fd-8f5c-72bc827f2ef5:20160407213828.539:350</Value>
          <Value>vmwAttributeUsage:350:1:55a73700-c891-46fd-8f5c-72bc827f2ef5:20160407213828.539:350</Value>
        </AttributeMetadata>
      </AttributeSchemaEntry>
      <AttributeSchemaEntry>
        <Name>sn</Name>
        <AttributeMetadata>
          <Value>attributeID:461:1:55a73700-c891-46fd-8f5c-72bc827f2ef5:20160407213828.714:461</Value>
          <Value>attributeSyntax:461:1:55a73700-c891-46fd-8f5c-72bc827f2ef5:20160407213828.714:461</Value>
          <Value>cn:461:1:55a73700-c891-46fd-8f5c-72bc827f2ef5:20160407213828.714:461</Value>
          <Value>createTimeStamp:461:1:55a73700-c891-46fd-8f5c-72bc827f2ef5:20160407213828.714:461</Value>
          <Value>entryDN:461:1:55a73700-c891-46fd-8f5c-72bc827f2ef5:20160407213828.714:461</Value>
          <Value>isSingleValued:461:1:55a73700-c891-46fd-8f5c-72bc827f2ef5:20160407213828.714:461</Value>
          <Value>lDAPDisplayName:461:1:55a73700-c891-46fd-8f5c-72bc827f2ef5:20160407213828.714:461</Value>
          <Value>modifyTimeStamp:461:1:55a73700-c891-46fd-8f5c-72bc827f2ef5:20160407213828.714:461</Value>
          <Value>objectClass:461:1:55a73700-c891-46fd-8f5c-72bc827f2ef5:20160407213828.714:461</Value>
          <Value>objectGUID:461:1:55a73700-c891-46fd-8f5c-72bc827f2ef5:20160407213828.714:461</Value>
          <Value>oMSyntax:461:1:55a73700-c891-46fd-8f5c-72bc827f2ef5:20160407213828.714:461</Value>
          <Value>schemaIDGUID:461:1:55a73700-c891-46fd-8f5c-72bc827f2ef5:20160407213828.714:461</Value>
          <Value>uSNChanged:461:1:55a73700-c891-46fd-8f5c-72bc827f2ef5:20160407213828.714:461</Value>
          <Value>uSNCreated:461:1:55a73700-c891-46fd-8f5c-72bc827f2ef5:20160407213828.714:461</Value>
          <Value>vmwAttributeUsage:461:1:55a73700-c891-46fd-8f5c-72bc827f2ef5:20160407213828.714:461</Value>
        </AttributeMetadata>
      </AttributeSchemaEntry>
      <AttributeSchemaEntry>
        <Name>sPNMappings</Name>
        <AttributeMetadata>
          <Value>attributeID:486:1:55a73700-c891-46fd-8f5c-72bc827f2ef5:20160407213828.758:486</Value>
          <Value>attributeSyntax:486:1:55a73700-c891-46fd-8f5c-72bc827f2ef5:20160407213828.758:486</Value>
          <Value>cn:486:1:55a73700-c891-46fd-8f5c-72bc827f2ef5:20160407213828.758:486</Value>
          <Value>createTimeStamp:486:1:55a73700-c891-46fd-8f5c-72bc827f2ef5:20160407213828.758:486</Value>
          <Value>entryDN:486:1:55a73700-c891-46fd-8f5c-72bc827f2ef5:20160407213828.758:486</Value>
          <Value>isSingleValued:486:1:55a73700-c891-46fd-8f5c-72bc827f2ef5:20160407213828.758:486</Value>
          <Value>lDAPDisplayName:486:1:55a73700-c891-46fd-8f5c-72bc827f2ef5:20160407213828.758:486</Value>
          <Value>modifyTimeStamp:486:1:55a73700-c891-46fd-8f5c-72bc827f2ef5:20160407213828.758:486</Value>
          <Value>objectClass:486:1:55a73700-c891-46fd-8f5c-72bc827f2ef5:20160407213828.758:486</Value>
          <Value>objectGUID:486:1:55a73700-c891-46fd-8f5c-72bc827f2ef5:20160407213828.758:486</Value>
          <Value>oMSyntax:486:1:55a73700-c891-46fd-8f5c-72bc827f2ef5:20160407213828.758:486</Value>
          <Value>schemaIDGUID:486:1:55a73700-c891-46fd-8f5c-72bc827f2ef5:20160407213828.758:486</Value>
          <Value>uSNChanged:486:1:55a73700-c891-46fd-8f5c-72bc827f2ef5:20160407213828.758:486</Value>
          <Value>uSNCreated:486:1:55a73700-c891-46fd-8f5c-72bc827f2ef5:20160407213828.758:486</Value>
          <Value>vmwAttributeUsage:486:1:55a73700-c891-46fd-8f5c-72bc827f2ef5:20160407213828.758:486</Value>
        </AttributeMetadata>
      </AttributeSchemaEntry>
      <AttributeSchemaEntry>
        <Name>st</Name>
        <AttributeMetadata>
          <Value>attributeID:465:1:55a73700-c891-46fd-8f5c-72bc827f2ef5:20160407213828.727:465</Value>
          <Value>attributeSyntax:465:1:55a73700-c891-46fd-8f5c-72bc827f2ef5:20160407213828.727:465</Value>
          <Value>cn:465:1:55a73700-c891-46fd-8f5c-72bc827f2ef5:20160407213828.727:465</Value>
          <Value>createTimeStamp:465:1:55a73700-c891-46fd-8f5c-72bc827f2ef5:20160407213828.727:465</Value>
          <Value>entryDN:465:1:55a73700-c891-46fd-8f5c-72bc827f2ef5:20160407213828.727:465</Value>
          <Value>isSingleValued:465:1:55a73700-c891-46fd-8f5c-72bc827f2ef5:20160407213828.727:465</Value>
          <Value>lDAPDisplayName:465:1:55a73700-c891-46fd-8f5c-72bc827f2ef5:20160407213828.727:465</Value>
          <Value>modifyTimeStamp:465:1:55a73700-c891-46fd-8f5c-72bc827f2ef5:20160407213828.727:465</Value>
          <Value>objectClass:465:1:55a73700-c891-46fd-8f5c-72bc827f2ef5:20160407213828.727:465</Value>
          <Value>objectGUID:465:1:55a73700-c891-46fd-8f5c-72bc827f2ef5:20160407213828.727:465</Value>
          <Value>oMSyntax:465:1:55a73700-c891-46fd-8f5c-72bc827f2ef5:20160407213828.727:465</Value>
          <Value>schemaIDGUID:465:1:55a73700-c891-46fd-8f5c-72bc827f2ef5:20160407213828.727:465</Value>
          <Value>uSNChanged:465:1:55a73700-c891-46fd-8f5c-72bc827f2ef5:20160407213828.727:465</Value>
          <Value>uSNCreated:465:1:55a73700-c891-46fd-8f5c-72bc827f2ef5:20160407213828.727:465</Value>
          <Value>vmwAttributeUsage:465:1:55a73700-c891-46fd-8f5c-72bc827f2ef5:20160407213828.727:465</Value>
        </AttributeMetadata>
      </AttributeSchemaEntry>
      <AttributeSchemaEntry>
        <Name>street</Name>
        <AttributeMetadata>
          <Value>attributeID:791:1:55a73700-c891-46fd-8f5c-72bc827f2ef5:20160407213829.275:791</Value>
          <Value>attributeSyntax:791:1:55a73700-c891-46fd-8f5c-72bc827f2ef5:20160407213829.275:791</Value>
          <Value>cn:791:1:55a73700-c891-46fd-8f5c-72bc827f2ef5:20160407213829.275:791</Value>
          <Value>createTimeStamp:791:1:55a73700-c891-46fd-8f5c-72bc827f2ef5:20160407213829.275:791</Value>
          <Value>entryDN:791:1:55a73700-c891-46fd-8f5c-72bc827f2ef5:20160407213829.275:791</Value>
          <Value>isSingleValued:791:1:55a73700-c891-46fd-8f5c-72bc827f2ef5:20160407213829.275:791</Value>
          <Value>lDAPDisplayName:791:1:55a73700-c891-46fd-8f5c-72bc827f2ef5:20160407213829.275:791</Value>
          <Value>modifyTimeStamp:791:1:55a73700-c891-46fd-8f5c-72bc827f2ef5:20160407213829.275:791</Value>
          <Value>objectClass:791:1:55a73700-c891-46fd-8f5c-72bc827f2ef5:20160407213829.275:791</Value>
          <Value>objectGUID:791:1:55a73700-c891-46fd-8f5c-72bc827f2ef5:20160407213829.275:791</Value>
          <Value>oMSyntax:791:1:55a73700-c891-46fd-8f5c-72bc827f2ef5:20160407213829.275:791</Value>
          <Value>schemaIDGUID:791:1:55a73700-c891-46fd-8f5c-72bc827f2ef5:20160407213829.275:791</Value>
          <Value>uSNChanged:791:1:55a73700-c891-46fd-8f5c-72bc827f2ef5:20160407213829.275:791</Value>
          <Value>uSNCreated:791:1:55a73700-c891-46fd-8f5c-72bc827f2ef5:20160407213829.275:791</Value>
          <Value>vmwAttributeUsage:791:1:55a73700-c891-46fd-8f5c-72bc827f2ef5:20160407213829.275:791</Value>
        </AttributeMetadata>
      </AttributeSchemaEntry>
      <AttributeSchemaEntry>
        <Name>streetAddress</Name>
        <AttributeMetadata>
          <Value>attributeID:1464:1:55a73700-c891-46fd-8f5c-72bc827f2ef5:20160407213830.435:1464</Value>
          <Value>attributeSyntax:1464:1:55a73700-c891-46fd-8f5c-72bc827f2ef5:20160407213830.435:1464</Value>
          <Value>cn:1464:1:55a73700-c891-46fd-8f5c-72bc827f2ef5:20160407213830.435:1464</Value>
          <Value>createTimeStamp:1464:1:55a73700-c891-46fd-8f5c-72bc827f2ef5:20160407213830.435:1464</Value>
          <Value>entryDN:1464:1:55a73700-c891-46fd-8f5c-72bc827f2ef5:20160407213830.435:1464</Value>
          <Value>isSingleValued:1464:1:55a73700-c891-46fd-8f5c-72bc827f2ef5:20160407213830.435:1464</Value>
          <Value>lDAPDisplayName:1464:1:55a73700-c891-46fd-8f5c-72bc827f2ef5:20160407213830.435:1464</Value>
          <Value>modifyTimeStamp:1464:1:55a73700-c891-46fd-8f5c-72bc827f2ef5:20160407213830.435:1464</Value>
          <Value>objectClass:1464:1:55a73700-c891-46fd-8f5c-72bc827f2ef5:20160407213830.435:1464</Value>
          <Value>objectGUID:1464:1:55a73700-c891-46fd-8f5c-72bc827f2ef5:20160407213830.435:1464</Value>
          <Value>oMSyntax:1464:1:55a73700-c891-46fd-8f5c-72bc827f2ef5:20160407213830.435:1464</Value>
          <Value>schemaIDGUID:1464:1:55a73700-c891-46fd-8f5c-72bc827f2ef5:20160407213830.435:1464</Value>
          <Value>uSNChanged:1464:1:55a73700-c891-46fd-8f5c-72bc827f2ef5:20160407213830.435:1464</Value>
          <Value>uSNCreated:1464:1:55a73700-c891-46fd-8f5c-72bc827f2ef5:20160407213830.435:1464</Value>
          <Value>vmwAttributeUsage:1464:1:55a73700-c891-46fd-8f5c-72bc827f2ef5:20160407213830.435:1464</Value>
        </AttributeMetadata>
      </AttributeSchemaEntry>
      <AttributeSchemaEntry>
        <Name>structuralObjectClass</Name>
        <AttributeMetadata>
          <Value>attributeID:1167:1:55a73700-c891-46fd-8f5c-72bc827f2ef5:20160407213829.940:1167</Value>
          <Value>attributeSyntax:1167:1:55a73700-c891-46fd-8f5c-72bc827f2ef5:20160407213829.940:1167</Value>
          <Value>cn:1167:1:55a73700-c891-46fd-8f5c-72bc827f2ef5:20160407213829.940:1167</Value>
          <Value>createTimeStamp:1167:1:55a73700-c891-46fd-8f5c-72bc827f2ef5:20160407213829.940:1167</Value>
          <Value>entryDN:1167:1:55a73700-c891-46fd-8f5c-72bc827f2ef5:20160407213829.940:1167</Value>
          <Value>isSingleValued:1167:1:55a73700-c891-46fd-8f5c-72bc827f2ef5:20160407213829.940:1167</Value>
          <Value>lDAPDisplayName:1167:1:55a73700-c891-46fd-8f5c-72bc827f2ef5:20160407213829.940:1167</Value>
          <Value>modifyTimeStamp:1167:1:55a73700-c891-46fd-8f5c-72bc827f2ef5:20160407213829.940:1167</Value>
          <Value>objectClass:1167:1:55a73700-c891-46fd-8f5c-72bc827f2ef5:20160407213829.940:1167</Value>
          <Value>objectGUID:1167:1:55a73700-c891-46fd-8f5c-72bc827f2ef5:20160407213829.940:1167</Value>
          <Value>oMSyntax:1167:1:55a73700-c891-46fd-8f5c-72bc827f2ef5:20160407213829.940:1167</Value>
          <Value>schemaIDGUID:1167:1:55a73700-c891-46fd-8f5c-72bc827f2ef5:20160407213829.940:1167</Value>
          <Value>uSNChanged:1167:1:55a73700-c891-46fd-8f5c-72bc827f2ef5:20160407213829.940:1167</Value>
          <Value>uSNCreated:1167:1:55a73700-c891-46fd-8f5c-72bc827f2ef5:20160407213829.940:1167</Value>
          <Value>vmwAttributeUsage:1167:1:55a73700-c891-46fd-8f5c-72bc827f2ef5:20160407213829.940:1167</Value>
        </AttributeMetadata>
      </AttributeSchemaEntry>
      <AttributeSchemaEntry>
        <Name>subClassOf</Name>
        <AttributeMetadata>
          <Value>attributeID:798:1:55a73700-c891-46fd-8f5c-72bc827f2ef5:20160407213829.292:798</Value>
          <Value>attributeSyntax:798:1:55a73700-c891-46fd-8f5c-72bc827f2ef5:20160407213829.292:798</Value>
          <Value>cn:798:1:55a73700-c891-46fd-8f5c-72bc827f2ef5:20160407213829.292:798</Value>
          <Value>createTimeStamp:798:1:55a73700-c891-46fd-8f5c-72bc827f2ef5:20160407213829.292:798</Value>
          <Value>entryDN:798:1:55a73700-c891-46fd-8f5c-72bc827f2ef5:20160407213829.292:798</Value>
          <Value>isSingleValued:798:1:55a73700-c891-46fd-8f5c-72bc827f2ef5:20160407213829.292:798</Value>
          <Value>lDAPDisplayName:798:1:55a73700-c891-46fd-8f5c-72bc827f2ef5:20160407213829.292:798</Value>
          <Value>modifyTimeStamp:798:1:55a73700-c891-46fd-8f5c-72bc827f2ef5:20160407213829.292:798</Value>
          <Value>objectClass:798:1:55a73700-c891-46fd-8f5c-72bc827f2ef5:20160407213829.292:798</Value>
          <Value>objectGUID:798:1:55a73700-c891-46fd-8f5c-72bc827f2ef5:20160407213829.292:798</Value>
          <Value>oMSyntax:798:1:55a73700-c891-46fd-8f5c-72bc827f2ef5:20160407213829.292:798</Value>
          <Value>schemaIDGUID:798:1:55a73700-c891-46fd-8f5c-72bc827f2ef5:20160407213829.292:798</Value>
          <Value>uSNChanged:798:1:55a73700-c891-46fd-8f5c-72bc827f2ef5:20160407213829.292:798</Value>
          <Value>uSNCreated:798:1:55a73700-c891-46fd-8f5c-72bc827f2ef5:20160407213829.292:798</Value>
          <Value>vmwAttributeUsage:798:1:55a73700-c891-46fd-8f5c-72bc827f2ef5:20160407213829.292:798</Value>
        </AttributeMetadata>
      </AttributeSchemaEntry>
      <AttributeSchemaEntry>
        <Name>subRefs</Name>
        <AttributeMetadata>
          <Value>attributeID:1451:1:55a73700-c891-46fd-8f5c-72bc827f2ef5:20160407213830.414:1451</Value>
          <Value>attributeSyntax:1451:1:55a73700-c891-46fd-8f5c-72bc827f2ef5:20160407213830.414:1451</Value>
          <Value>cn:1451:1:55a73700-c891-46fd-8f5c-72bc827f2ef5:20160407213830.414:1451</Value>
          <Value>createTimeStamp:1451:1:55a73700-c891-46fd-8f5c-72bc827f2ef5:20160407213830.414:1451</Value>
          <Value>entryDN:1451:1:55a73700-c891-46fd-8f5c-72bc827f2ef5:20160407213830.414:1451</Value>
          <Value>isSingleValued:1451:1:55a73700-c891-46fd-8f5c-72bc827f2ef5:20160407213830.414:1451</Value>
          <Value>lDAPDisplayName:1451:1:55a73700-c891-46fd-8f5c-72bc827f2ef5:20160407213830.414:1451</Value>
          <Value>modifyTimeStamp:1451:1:55a73700-c891-46fd-8f5c-72bc827f2ef5:20160407213830.414:1451</Value>
          <Value>objectClass:1451:1:55a73700-c891-46fd-8f5c-72bc827f2ef5:20160407213830.414:1451</Value>
          <Value>objectGUID:1451:1:55a73700-c891-46fd-8f5c-72bc827f2ef5:20160407213830.414:1451</Value>
          <Value>oMSyntax:1451:1:55a73700-c891-46fd-8f5c-72bc827f2ef5:20160407213830.414:1451</Value>
          <Value>schemaIDGUID:1451:1:55a73700-c891-46fd-8f5c-72bc827f2ef5:20160407213830.414:1451</Value>
          <Value>uSNChanged:1451:1:55a73700-c891-46fd-8f5c-72bc827f2ef5:20160407213830.414:1451</Value>
          <Value>uSNCreated:1451:1:55a73700-c891-46fd-8f5c-72bc827f2ef5:20160407213830.414:1451</Value>
          <Value>vmwAttributeUsage:1451:1:55a73700-c891-46fd-8f5c-72bc827f2ef5:20160407213830.414:1451</Value>
        </AttributeMetadata>
      </AttributeSchemaEntry>
      <AttributeSchemaEntry>
        <Name>subSchemaSubEntry</Name>
        <AttributeMetadata>
          <Value>attributeID:1468:1:55a73700-c891-46fd-8f5c-72bc827f2ef5:20160407213830.440:1468</Value>
          <Value>attributeSyntax:1468:1:55a73700-c891-46fd-8f5c-72bc827f2ef5:20160407213830.440:1468</Value>
          <Value>cn:1468:1:55a73700-c891-46fd-8f5c-72bc827f2ef5:20160407213830.440:1468</Value>
          <Value>createTimeStamp:1468:1:55a73700-c891-46fd-8f5c-72bc827f2ef5:20160407213830.440:1468</Value>
          <Value>entryDN:1468:1:55a73700-c891-46fd-8f5c-72bc827f2ef5:20160407213830.440:1468</Value>
          <Value>isSingleValued:1468:1:55a73700-c891-46fd-8f5c-72bc827f2ef5:20160407213830.440:1468</Value>
          <Value>lDAPDisplayName:1468:1:55a73700-c891-46fd-8f5c-72bc827f2ef5:20160407213830.440:1468</Value>
          <Value>modifyTimeStamp:1468:1:55a73700-c891-46fd-8f5c-72bc827f2ef5:20160407213830.440:1468</Value>
          <Value>objectClass:1468:1:55a73700-c891-46fd-8f5c-72bc827f2ef5:20160407213830.440:1468</Value>
          <Value>objectGUID:1468:1:55a73700-c891-46fd-8f5c-72bc827f2ef5:20160407213830.440:1468</Value>
          <Value>oMSyntax:1468:1:55a73700-c891-46fd-8f5c-72bc827f2ef5:20160407213830.440:1468</Value>
          <Value>schemaIDGUID:1468:1:55a73700-c891-46fd-8f5c-72bc827f2ef5:20160407213830.440:1468</Value>
          <Value>uSNChanged:1468:1:55a73700-c891-46fd-8f5c-72bc827f2ef5:20160407213830.440:1468</Value>
          <Value>uSNCreated:1468:1:55a73700-c891-46fd-8f5c-72bc827f2ef5:20160407213830.440:1468</Value>
          <Value>vmwAttributeUsage:1468:1:55a73700-c891-46fd-8f5c-72bc827f2ef5:20160407213830.440:1468</Value>
        </AttributeMetadata>
      </AttributeSchemaEntry>
      <AttributeSchemaEntry>
        <Name>superiorDNSRoot</Name>
        <AttributeMetadata>
          <Value>attributeID:512:1:55a73700-c891-46fd-8f5c-72bc827f2ef5:20160407213828.799:512</Value>
          <Value>attributeSyntax:512:1:55a73700-c891-46fd-8f5c-72bc827f2ef5:20160407213828.799:512</Value>
          <Value>cn:512:1:55a73700-c891-46fd-8f5c-72bc827f2ef5:20160407213828.799:512</Value>
          <Value>createTimeStamp:512:1:55a73700-c891-46fd-8f5c-72bc827f2ef5:20160407213828.799:512</Value>
          <Value>entryDN:512:1:55a73700-c891-46fd-8f5c-72bc827f2ef5:20160407213828.799:512</Value>
          <Value>isSingleValued:512:1:55a73700-c891-46fd-8f5c-72bc827f2ef5:20160407213828.799:512</Value>
          <Value>lDAPDisplayName:512:1:55a73700-c891-46fd-8f5c-72bc827f2ef5:20160407213828.799:512</Value>
          <Value>modifyTimeStamp:512:1:55a73700-c891-46fd-8f5c-72bc827f2ef5:20160407213828.799:512</Value>
          <Value>objectClass:512:1:55a73700-c891-46fd-8f5c-72bc827f2ef5:20160407213828.799:512</Value>
          <Value>objectGUID:512:1:55a73700-c891-46fd-8f5c-72bc827f2ef5:20160407213828.799:512</Value>
          <Value>oMSyntax:512:1:55a73700-c891-46fd-8f5c-72bc827f2ef5:20160407213828.799:512</Value>
          <Value>schemaIDGUID:512:1:55a73700-c891-46fd-8f5c-72bc827f2ef5:20160407213828.799:512</Value>
          <Value>uSNChanged:512:1:55a73700-c891-46fd-8f5c-72bc827f2ef5:20160407213828.799:512</Value>
          <Value>uSNCreated:512:1:55a73700-c891-46fd-8f5c-72bc827f2ef5:20160407213828.799:512</Value>
          <Value>vmwAttributeUsage:512:1:55a73700-c891-46fd-8f5c-72bc827f2ef5:20160407213828.799:512</Value>
        </AttributeMetadata>
      </AttributeSchemaEntry>
      <AttributeSchemaEntry>
        <Name>superScopeDescription</Name>
        <AttributeMetadata>
          <Value>attributeID:603:1:55a73700-c891-46fd-8f5c-72bc827f2ef5:20160407213828.949:603</Value>
          <Value>attributeSyntax:603:1:55a73700-c891-46fd-8f5c-72bc827f2ef5:20160407213828.949:603</Value>
          <Value>cn:603:1:55a73700-c891-46fd-8f5c-72bc827f2ef5:20160407213828.949:603</Value>
          <Value>createTimeStamp:603:1:55a73700-c891-46fd-8f5c-72bc827f2ef5:20160407213828.949:603</Value>
          <Value>entryDN:603:1:55a73700-c891-46fd-8f5c-72bc827f2ef5:20160407213828.949:603</Value>
          <Value>isSingleValued:603:1:55a73700-c891-46fd-8f5c-72bc827f2ef5:20160407213828.949:603</Value>
          <Value>lDAPDisplayName:603:1:55a73700-c891-46fd-8f5c-72bc827f2ef5:20160407213828.949:603</Value>
          <Value>modifyTimeStamp:603:1:55a73700-c891-46fd-8f5c-72bc827f2ef5:20160407213828.949:603</Value>
          <Value>objectClass:603:1:55a73700-c891-46fd-8f5c-72bc827f2ef5:20160407213828.949:603</Value>
          <Value>objectGUID:603:1:55a73700-c891-46fd-8f5c-72bc827f2ef5:20160407213828.949:603</Value>
          <Value>oMSyntax:603:1:55a73700-c891-46fd-8f5c-72bc827f2ef5:20160407213828.949:603</Value>
          <Value>schemaIDGUID:603:1:55a73700-c891-46fd-8f5c-72bc827f2ef5:20160407213828.949:603</Value>
          <Value>uSNChanged:603:1:55a73700-c891-46fd-8f5c-72bc827f2ef5:20160407213828.949:603</Value>
          <Value>uSNCreated:603:1:55a73700-c891-46fd-8f5c-72bc827f2ef5:20160407213828.949:603</Value>
          <Value>vmwAttributeUsage:603:1:55a73700-c891-46fd-8f5c-72bc827f2ef5:20160407213828.949:603</Value>
        </AttributeMetadata>
      </AttributeSchemaEntry>
      <AttributeSchemaEntry>
        <Name>superScopes</Name>
        <AttributeMetadata>
          <Value>attributeID:144:1:55a73700-c891-46fd-8f5c-72bc827f2ef5:20160407213828.242:144</Value>
          <Value>attributeSyntax:144:1:55a73700-c891-46fd-8f5c-72bc827f2ef5:20160407213828.242:144</Value>
          <Value>cn:144:1:55a73700-c891-46fd-8f5c-72bc827f2ef5:20160407213828.242:144</Value>
          <Value>createTimeStamp:144:1:55a73700-c891-46fd-8f5c-72bc827f2ef5:20160407213828.242:144</Value>
          <Value>entryDN:144:1:55a73700-c891-46fd-8f5c-72bc827f2ef5:20160407213828.242:144</Value>
          <Value>isSingleValued:144:1:55a73700-c891-46fd-8f5c-72bc827f2ef5:20160407213828.242:144</Value>
          <Value>lDAPDisplayName:144:1:55a73700-c891-46fd-8f5c-72bc827f2ef5:20160407213828.242:144</Value>
          <Value>modifyTimeStamp:144:1:55a73700-c891-46fd-8f5c-72bc827f2ef5:20160407213828.242:144</Value>
          <Value>objectClass:144:1:55a73700-c891-46fd-8f5c-72bc827f2ef5:20160407213828.242:144</Value>
          <Value>objectGUID:144:1:55a73700-c891-46fd-8f5c-72bc827f2ef5:20160407213828.242:144</Value>
          <Value>oMSyntax:144:1:55a73700-c891-46fd-8f5c-72bc827f2ef5:20160407213828.242:144</Value>
          <Value>schemaIDGUID:144:1:55a73700-c891-46fd-8f5c-72bc827f2ef5:20160407213828.242:144</Value>
          <Value>uSNChanged:144:1:55a73700-c891-46fd-8f5c-72bc827f2ef5:20160407213828.242:144</Value>
          <Value>uSNCreated:144:1:55a73700-c891-46fd-8f5c-72bc827f2ef5:20160407213828.242:144</Value>
          <Value>vmwAttributeUsage:144:1:55a73700-c891-46fd-8f5c-72bc827f2ef5:20160407213828.242:144</Value>
        </AttributeMetadata>
      </AttributeSchemaEntry>
      <AttributeSchemaEntry>
        <Name>supplementalCredentials</Name>
        <AttributeMetadata>
          <Value>attributeID:1418:1:55a73700-c891-46fd-8f5c-72bc827f2ef5:20160407213830.356:1418</Value>
          <Value>attributeSyntax:1418:1:55a73700-c891-46fd-8f5c-72bc827f2ef5:20160407213830.356:1418</Value>
          <Value>cn:1418:1:55a73700-c891-46fd-8f5c-72bc827f2ef5:20160407213830.356:1418</Value>
          <Value>createTimeStamp:1418:1:55a73700-c891-46fd-8f5c-72bc827f2ef5:20160407213830.356:1418</Value>
          <Value>entryDN:1418:1:55a73700-c891-46fd-8f5c-72bc827f2ef5:20160407213830.356:1418</Value>
          <Value>isSingleValued:1418:1:55a73700-c891-46fd-8f5c-72bc827f2ef5:20160407213830.356:1418</Value>
          <Value>lDAPDisplayName:1418:1:55a73700-c891-46fd-8f5c-72bc827f2ef5:20160407213830.356:1418</Value>
          <Value>modifyTimeStamp:1418:1:55a73700-c891-46fd-8f5c-72bc827f2ef5:20160407213830.356:1418</Value>
          <Value>objectClass:1418:1:55a73700-c891-46fd-8f5c-72bc827f2ef5:20160407213830.356:1418</Value>
          <Value>objectGUID:1418:1:55a73700-c891-46fd-8f5c-72bc827f2ef5:20160407213830.356:1418</Value>
          <Value>oMSyntax:1418:1:55a73700-c891-46fd-8f5c-72bc827f2ef5:20160407213830.356:1418</Value>
          <Value>schemaIDGUID:1418:1:55a73700-c891-46fd-8f5c-72bc827f2ef5:20160407213830.356:1418</Value>
          <Value>uSNChanged:1418:1:55a73700-c891-46fd-8f5c-72bc827f2ef5:20160407213830.356:1418</Value>
          <Value>uSNCreated:1418:1:55a73700-c891-46fd-8f5c-72bc827f2ef5:20160407213830.356:1418</Value>
          <Value>vmwAttributeUsage:1418:1:55a73700-c891-46fd-8f5c-72bc827f2ef5:20160407213830.356:1418</Value>
        </AttributeMetadata>
      </AttributeSchemaEntry>
      <AttributeSchemaEntry>
        <Name>supportedAlgorithms</Name>
        <AttributeMetadata>
          <Value>attributeID:770:1:55a73700-c891-46fd-8f5c-72bc827f2ef5:20160407213829.240:770</Value>
          <Value>attributeSyntax:770:1:55a73700-c891-46fd-8f5c-72bc827f2ef5:20160407213829.240:770</Value>
          <Value>cn:770:1:55a73700-c891-46fd-8f5c-72bc827f2ef5:20160407213829.240:770</Value>
          <Value>createTimeStamp:770:1:55a73700-c891-46fd-8f5c-72bc827f2ef5:20160407213829.240:770</Value>
          <Value>description:770:1:55a73700-c891-46fd-8f5c-72bc827f2ef5:20160407213829.240:770</Value>
          <Value>entryDN:770:1:55a73700-c891-46fd-8f5c-72bc827f2ef5:20160407213829.240:770</Value>
          <Value>isSingleValued:770:1:55a73700-c891-46fd-8f5c-72bc827f2ef5:20160407213829.240:770</Value>
          <Value>lDAPDisplayName:770:1:55a73700-c891-46fd-8f5c-72bc827f2ef5:20160407213829.240:770</Value>
          <Value>modifyTimeStamp:770:1:55a73700-c891-46fd-8f5c-72bc827f2ef5:20160407213829.240:770</Value>
          <Value>objectClass:770:1:55a73700-c891-46fd-8f5c-72bc827f2ef5:20160407213829.240:770</Value>
          <Value>objectGUID:770:1:55a73700-c891-46fd-8f5c-72bc827f2ef5:20160407213829.240:770</Value>
          <Value>oMSyntax:770:1:55a73700-c891-46fd-8f5c-72bc827f2ef5:20160407213829.240:770</Value>
          <Value>schemaIDGUID:770:1:55a73700-c891-46fd-8f5c-72bc827f2ef5:20160407213829.240:770</Value>
          <Value>uSNChanged:770:1:55a73700-c891-46fd-8f5c-72bc827f2ef5:20160407213829.240:770</Value>
          <Value>uSNCreated:770:1:55a73700-c891-46fd-8f5c-72bc827f2ef5:20160407213829.240:770</Value>
          <Value>vmwAttributeUsage:770:1:55a73700-c891-46fd-8f5c-72bc827f2ef5:20160407213829.240:770</Value>
        </AttributeMetadata>
      </AttributeSchemaEntry>
      <AttributeSchemaEntry>
        <Name>supportedApplicationContext</Name>
        <AttributeMetadata>
          <Value>attributeID:1045:1:55a73700-c891-46fd-8f5c-72bc827f2ef5:20160407213829.708:1045</Value>
          <Value>attributeSyntax:1045:1:55a73700-c891-46fd-8f5c-72bc827f2ef5:20160407213829.708:1045</Value>
          <Value>cn:1045:1:55a73700-c891-46fd-8f5c-72bc827f2ef5:20160407213829.708:1045</Value>
          <Value>createTimeStamp:1045:1:55a73700-c891-46fd-8f5c-72bc827f2ef5:20160407213829.708:1045</Value>
          <Value>entryDN:1045:1:55a73700-c891-46fd-8f5c-72bc827f2ef5:20160407213829.708:1045</Value>
          <Value>isSingleValued:1045:1:55a73700-c891-46fd-8f5c-72bc827f2ef5:20160407213829.708:1045</Value>
          <Value>lDAPDisplayName:1045:1:55a73700-c891-46fd-8f5c-72bc827f2ef5:20160407213829.708:1045</Value>
          <Value>modifyTimeStamp:1045:1:55a73700-c891-46fd-8f5c-72bc827f2ef5:20160407213829.708:1045</Value>
          <Value>objectClass:1045:1:55a73700-c891-46fd-8f5c-72bc827f2ef5:20160407213829.708:1045</Value>
          <Value>objectGUID:1045:1:55a73700-c891-46fd-8f5c-72bc827f2ef5:20160407213829.708:1045</Value>
          <Value>oMSyntax:1045:1:55a73700-c891-46fd-8f5c-72bc827f2ef5:20160407213829.708:1045</Value>
          <Value>schemaIDGUID:1045:1:55a73700-c891-46fd-8f5c-72bc827f2ef5:20160407213829.708:1045</Value>
          <Value>uSNChanged:1045:1:55a73700-c891-46fd-8f5c-72bc827f2ef5:20160407213829.708:1045</Value>
          <Value>uSNCreated:1045:1:55a73700-c891-46fd-8f5c-72bc827f2ef5:20160407213829.708:1045</Value>
          <Value>vmwAttributeUsage:1045:1:55a73700-c891-46fd-8f5c-72bc827f2ef5:20160407213829.708:1045</Value>
        </AttributeMetadata>
      </AttributeSchemaEntry>
      <AttributeSchemaEntry>
        <Name>supportedControl</Name>
        <AttributeMetadata>
          <Value>attributeID:370:1:55a73700-c891-46fd-8f5c-72bc827f2ef5:20160407213828.569:370</Value>
          <Value>attributeSyntax:370:1:55a73700-c891-46fd-8f5c-72bc827f2ef5:20160407213828.569:370</Value>
          <Value>cn:370:1:55a73700-c891-46fd-8f5c-72bc827f2ef5:20160407213828.569:370</Value>
          <Value>createTimeStamp:370:1:55a73700-c891-46fd-8f5c-72bc827f2ef5:20160407213828.569:370</Value>
          <Value>description:370:1:55a73700-c891-46fd-8f5c-72bc827f2ef5:20160407213828.569:370</Value>
          <Value>entryDN:370:1:55a73700-c891-46fd-8f5c-72bc827f2ef5:20160407213828.569:370</Value>
          <Value>isSingleValued:370:1:55a73700-c891-46fd-8f5c-72bc827f2ef5:20160407213828.569:370</Value>
          <Value>lDAPDisplayName:370:1:55a73700-c891-46fd-8f5c-72bc827f2ef5:20160407213828.569:370</Value>
          <Value>modifyTimeStamp:370:1:55a73700-c891-46fd-8f5c-72bc827f2ef5:20160407213828.569:370</Value>
          <Value>objectClass:370:1:55a73700-c891-46fd-8f5c-72bc827f2ef5:20160407213828.569:370</Value>
          <Value>objectGUID:370:1:55a73700-c891-46fd-8f5c-72bc827f2ef5:20160407213828.569:370</Value>
          <Value>oMSyntax:370:1:55a73700-c891-46fd-8f5c-72bc827f2ef5:20160407213828.569:370</Value>
          <Value>schemaIDGUID:370:1:55a73700-c891-46fd-8f5c-72bc827f2ef5:20160407213828.569:370</Value>
          <Value>uSNChanged:370:1:55a73700-c891-46fd-8f5c-72bc827f2ef5:20160407213828.569:370</Value>
          <Value>uSNCreated:370:1:55a73700-c891-46fd-8f5c-72bc827f2ef5:20160407213828.569:370</Value>
          <Value>vmwAttributeUsage:370:1:55a73700-c891-46fd-8f5c-72bc827f2ef5:20160407213828.569:370</Value>
        </AttributeMetadata>
      </AttributeSchemaEntry>
      <AttributeSchemaEntry>
        <Name>supportedExtension</Name>
        <AttributeMetadata>
          <Value>attributeID:848:1:55a73700-c891-46fd-8f5c-72bc827f2ef5:20160407213829.374:848</Value>
          <Value>attributeSyntax:848:1:55a73700-c891-46fd-8f5c-72bc827f2ef5:20160407213829.374:848</Value>
          <Value>cn:848:1:55a73700-c891-46fd-8f5c-72bc827f2ef5:20160407213829.374:848</Value>
          <Value>createTimeStamp:848:1:55a73700-c891-46fd-8f5c-72bc827f2ef5:20160407213829.374:848</Value>
          <Value>description:848:1:55a73700-c891-46fd-8f5c-72bc827f2ef5:20160407213829.374:848</Value>
          <Value>entryDN:848:1:55a73700-c891-46fd-8f5c-72bc827f2ef5:20160407213829.374:848</Value>
          <Value>isSingleValued:848:1:55a73700-c891-46fd-8f5c-72bc827f2ef5:20160407213829.374:848</Value>
          <Value>lDAPDisplayName:848:1:55a73700-c891-46fd-8f5c-72bc827f2ef5:20160407213829.374:848</Value>
          <Value>modifyTimeStamp:848:1:55a73700-c891-46fd-8f5c-72bc827f2ef5:20160407213829.374:848</Value>
          <Value>objectClass:848:1:55a73700-c891-46fd-8f5c-72bc827f2ef5:20160407213829.374:848</Value>
          <Value>objectGUID:848:1:55a73700-c891-46fd-8f5c-72bc827f2ef5:20160407213829.374:848</Value>
          <Value>oMSyntax:848:1:55a73700-c891-46fd-8f5c-72bc827f2ef5:20160407213829.374:848</Value>
          <Value>schemaIDGUID:848:1:55a73700-c891-46fd-8f5c-72bc827f2ef5:20160407213829.374:848</Value>
          <Value>uSNChanged:848:1:55a73700-c891-46fd-8f5c-72bc827f2ef5:20160407213829.374:848</Value>
          <Value>uSNCreated:848:1:55a73700-c891-46fd-8f5c-72bc827f2ef5:20160407213829.374:848</Value>
          <Value>vmwAttributeUsage:848:1:55a73700-c891-46fd-8f5c-72bc827f2ef5:20160407213829.374:848</Value>
        </AttributeMetadata>
      </AttributeSchemaEntry>
      <AttributeSchemaEntry>
        <Name>supportedFeatures</Name>
        <AttributeMetadata>
          <Value>attributeID:1539:1:55a73700-c891-46fd-8f5c-72bc827f2ef5:20160407213830.560:1539</Value>
          <Value>attributeSyntax:1539:1:55a73700-c891-46fd-8f5c-72bc827f2ef5:20160407213830.560:1539</Value>
          <Value>cn:1539:1:55a73700-c891-46fd-8f5c-72bc827f2ef5:20160407213830.560:1539</Value>
          <Value>createTimeStamp:1539:1:55a73700-c891-46fd-8f5c-72bc827f2ef5:20160407213830.560:1539</Value>
          <Value>description:1539:1:55a73700-c891-46fd-8f5c-72bc827f2ef5:20160407213830.560:1539</Value>
          <Value>entryDN:1539:1:55a73700-c891-46fd-8f5c-72bc827f2ef5:20160407213830.560:1539</Value>
          <Value>isSingleValued:1539:1:55a73700-c891-46fd-8f5c-72bc827f2ef5:20160407213830.560:1539</Value>
          <Value>lDAPDisplayName:1539:1:55a73700-c891-46fd-8f5c-72bc827f2ef5:20160407213830.560:1539</Value>
          <Value>modifyTimeStamp:1539:1:55a73700-c891-46fd-8f5c-72bc827f2ef5:20160407213830.560:1539</Value>
          <Value>objectClass:1539:1:55a73700-c891-46fd-8f5c-72bc827f2ef5:20160407213830.560:1539</Value>
          <Value>objectGUID:1539:1:55a73700-c891-46fd-8f5c-72bc827f2ef5:20160407213830.560:1539</Value>
          <Value>oMSyntax:1539:1:55a73700-c891-46fd-8f5c-72bc827f2ef5:20160407213830.560:1539</Value>
          <Value>schemaIDGUID:1539:1:55a73700-c891-46fd-8f5c-72bc827f2ef5:20160407213830.560:1539</Value>
          <Value>uSNChanged:1539:1:55a73700-c891-46fd-8f5c-72bc827f2ef5:20160407213830.560:1539</Value>
          <Value>uSNCreated:1539:1:55a73700-c891-46fd-8f5c-72bc827f2ef5:20160407213830.560:1539</Value>
          <Value>vmwAttributeUsage:1539:1:55a73700-c891-46fd-8f5c-72bc827f2ef5:20160407213830.560:1539</Value>
        </AttributeMetadata>
      </AttributeSchemaEntry>
      <AttributeSchemaEntry>
        <Name>supportedLDAPVersion</Name>
        <AttributeMetadata>
          <Value>attributeID:667:1:55a73700-c891-46fd-8f5c-72bc827f2ef5:20160407213829.064:667</Value>
          <Value>attributeSyntax:667:1:55a73700-c891-46fd-8f5c-72bc827f2ef5:20160407213829.064:667</Value>
          <Value>cn:667:1:55a73700-c891-46fd-8f5c-72bc827f2ef5:20160407213829.064:667</Value>
          <Value>createTimeStamp:667:1:55a73700-c891-46fd-8f5c-72bc827f2ef5:20160407213829.064:667</Value>
          <Value>description:667:1:55a73700-c891-46fd-8f5c-72bc827f2ef5:20160407213829.064:667</Value>
          <Value>entryDN:667:1:55a73700-c891-46fd-8f5c-72bc827f2ef5:20160407213829.064:667</Value>
          <Value>isSingleValued:667:1:55a73700-c891-46fd-8f5c-72bc827f2ef5:20160407213829.064:667</Value>
          <Value>lDAPDisplayName:667:1:55a73700-c891-46fd-8f5c-72bc827f2ef5:20160407213829.064:667</Value>
          <Value>modifyTimeStamp:667:1:55a73700-c891-46fd-8f5c-72bc827f2ef5:20160407213829.064:667</Value>
          <Value>objectClass:667:1:55a73700-c891-46fd-8f5c-72bc827f2ef5:20160407213829.064:667</Value>
          <Value>objectGUID:667:1:55a73700-c891-46fd-8f5c-72bc827f2ef5:20160407213829.064:667</Value>
          <Value>oMSyntax:667:1:55a73700-c891-46fd-8f5c-72bc827f2ef5:20160407213829.064:667</Value>
          <Value>schemaIDGUID:667:1:55a73700-c891-46fd-8f5c-72bc827f2ef5:20160407213829.064:667</Value>
          <Value>uSNChanged:667:1:55a73700-c891-46fd-8f5c-72bc827f2ef5:20160407213829.064:667</Value>
          <Value>uSNCreated:667:1:55a73700-c891-46fd-8f5c-72bc827f2ef5:20160407213829.064:667</Value>
          <Value>vmwAttributeUsage:667:1:55a73700-c891-46fd-8f5c-72bc827f2ef5:20160407213829.064:667</Value>
        </AttributeMetadata>
      </AttributeSchemaEntry>
      <AttributeSchemaEntry>
        <Name>supportedSASLMechanisms</Name>
        <AttributeMetadata>
          <Value>attributeID:226:1:55a73700-c891-46fd-8f5c-72bc827f2ef5:20160407213828.357:226</Value>
          <Value>attributeSyntax:226:1:55a73700-c891-46fd-8f5c-72bc827f2ef5:20160407213828.357:226</Value>
          <Value>cn:226:1:55a73700-c891-46fd-8f5c-72bc827f2ef5:20160407213828.357:226</Value>
          <Value>createTimeStamp:226:1:55a73700-c891-46fd-8f5c-72bc827f2ef5:20160407213828.357:226</Value>
          <Value>description:226:1:55a73700-c891-46fd-8f5c-72bc827f2ef5:20160407213828.357:226</Value>
          <Value>entryDN:226:1:55a73700-c891-46fd-8f5c-72bc827f2ef5:20160407213828.357:226</Value>
          <Value>isSingleValued:226:1:55a73700-c891-46fd-8f5c-72bc827f2ef5:20160407213828.357:226</Value>
          <Value>lDAPDisplayName:226:1:55a73700-c891-46fd-8f5c-72bc827f2ef5:20160407213828.357:226</Value>
          <Value>modifyTimeStamp:226:1:55a73700-c891-46fd-8f5c-72bc827f2ef5:20160407213828.357:226</Value>
          <Value>objectClass:226:1:55a73700-c891-46fd-8f5c-72bc827f2ef5:20160407213828.357:226</Value>
          <Value>objectGUID:226:1:55a73700-c891-46fd-8f5c-72bc827f2ef5:20160407213828.357:226</Value>
          <Value>oMSyntax:226:1:55a73700-c891-46fd-8f5c-72bc827f2ef5:20160407213828.357:226</Value>
          <Value>schemaIDGUID:226:1:55a73700-c891-46fd-8f5c-72bc827f2ef5:20160407213828.357:226</Value>
          <Value>uSNChanged:226:1:55a73700-c891-46fd-8f5c-72bc827f2ef5:20160407213828.357:226</Value>
          <Value>uSNCreated:226:1:55a73700-c891-46fd-8f5c-72bc827f2ef5:20160407213828.357:226</Value>
          <Value>vmwAttributeUsage:226:1:55a73700-c891-46fd-8f5c-72bc827f2ef5:20160407213828.357:226</Value>
        </AttributeMetadata>
      </AttributeSchemaEntry>
      <AttributeSchemaEntry>
        <Name>syncAttributes</Name>
        <AttributeMetadata>
          <Value>attributeID:1210:1:55a73700-c891-46fd-8f5c-72bc827f2ef5:20160407213830.009:1210</Value>
          <Value>attributeSyntax:1210:1:55a73700-c891-46fd-8f5c-72bc827f2ef5:20160407213830.009:1210</Value>
          <Value>cn:1210:1:55a73700-c891-46fd-8f5c-72bc827f2ef5:20160407213830.009:1210</Value>
          <Value>createTimeStamp:1210:1:55a73700-c891-46fd-8f5c-72bc827f2ef5:20160407213830.009:1210</Value>
          <Value>entryDN:1210:1:55a73700-c891-46fd-8f5c-72bc827f2ef5:20160407213830.009:1210</Value>
          <Value>isSingleValued:1210:1:55a73700-c891-46fd-8f5c-72bc827f2ef5:20160407213830.009:1210</Value>
          <Value>lDAPDisplayName:1210:1:55a73700-c891-46fd-8f5c-72bc827f2ef5:20160407213830.009:1210</Value>
          <Value>modifyTimeStamp:1210:1:55a73700-c891-46fd-8f5c-72bc827f2ef5:20160407213830.009:1210</Value>
          <Value>objectClass:1210:1:55a73700-c891-46fd-8f5c-72bc827f2ef5:20160407213830.009:1210</Value>
          <Value>objectGUID:1210:1:55a73700-c891-46fd-8f5c-72bc827f2ef5:20160407213830.009:1210</Value>
          <Value>oMSyntax:1210:1:55a73700-c891-46fd-8f5c-72bc827f2ef5:20160407213830.009:1210</Value>
          <Value>schemaIDGUID:1210:1:55a73700-c891-46fd-8f5c-72bc827f2ef5:20160407213830.009:1210</Value>
          <Value>uSNChanged:1210:1:55a73700-c891-46fd-8f5c-72bc827f2ef5:20160407213830.009:1210</Value>
          <Value>uSNCreated:1210:1:55a73700-c891-46fd-8f5c-72bc827f2ef5:20160407213830.009:1210</Value>
          <Value>vmwAttributeUsage:1210:1:55a73700-c891-46fd-8f5c-72bc827f2ef5:20160407213830.009:1210</Value>
        </AttributeMetadata>
      </AttributeSchemaEntry>
      <AttributeSchemaEntry>
        <Name>syncMembership</Name>
        <AttributeMetadata>
          <Value>attributeID:1102:1:55a73700-c891-46fd-8f5c-72bc827f2ef5:20160407213829.826:1102</Value>
          <Value>attributeSyntax:1102:1:55a73700-c891-46fd-8f5c-72bc827f2ef5:20160407213829.826:1102</Value>
          <Value>cn:1102:1:55a73700-c891-46fd-8f5c-72bc827f2ef5:20160407213829.826:1102</Value>
          <Value>createTimeStamp:1102:1:55a73700-c891-46fd-8f5c-72bc827f2ef5:20160407213829.826:1102</Value>
          <Value>entryDN:1102:1:55a73700-c891-46fd-8f5c-72bc827f2ef5:20160407213829.826:1102</Value>
          <Value>isSingleValued:1102:1:55a73700-c891-46fd-8f5c-72bc827f2ef5:20160407213829.826:1102</Value>
          <Value>lDAPDisplayName:1102:1:55a73700-c891-46fd-8f5c-72bc827f2ef5:20160407213829.826:1102</Value>
          <Value>modifyTimeStamp:1102:1:55a73700-c891-46fd-8f5c-72bc827f2ef5:20160407213829.826:1102</Value>
          <Value>objectClass:1102:1:55a73700-c891-46fd-8f5c-72bc827f2ef5:20160407213829.826:1102</Value>
          <Value>objectGUID:1102:1:55a73700-c891-46fd-8f5c-72bc827f2ef5:20160407213829.826:1102</Value>
          <Value>oMSyntax:1102:1:55a73700-c891-46fd-8f5c-72bc827f2ef5:20160407213829.826:1102</Value>
          <Value>schemaIDGUID:1102:1:55a73700-c891-46fd-8f5c-72bc827f2ef5:20160407213829.826:1102</Value>
          <Value>uSNChanged:1102:1:55a73700-c891-46fd-8f5c-72bc827f2ef5:20160407213829.826:1102</Value>
          <Value>uSNCreated:1102:1:55a73700-c891-46fd-8f5c-72bc827f2ef5:20160407213829.826:1102</Value>
          <Value>vmwAttributeUsage:1102:1:55a73700-c891-46fd-8f5c-72bc827f2ef5:20160407213829.826:1102</Value>
        </AttributeMetadata>
      </AttributeSchemaEntry>
      <AttributeSchemaEntry>
        <Name>syncWithObject</Name>
        <AttributeMetadata>
          <Value>attributeID:358:1:55a73700-c891-46fd-8f5c-72bc827f2ef5:20160407213828.557:358</Value>
          <Value>attributeSyntax:358:1:55a73700-c891-46fd-8f5c-72bc827f2ef5:20160407213828.557:358</Value>
          <Value>cn:358:1:55a73700-c891-46fd-8f5c-72bc827f2ef5:20160407213828.557:358</Value>
          <Value>createTimeStamp:358:1:55a73700-c891-46fd-8f5c-72bc827f2ef5:20160407213828.557:358</Value>
          <Value>entryDN:358:1:55a73700-c891-46fd-8f5c-72bc827f2ef5:20160407213828.557:358</Value>
          <Value>isSingleValued:358:1:55a73700-c891-46fd-8f5c-72bc827f2ef5:20160407213828.557:358</Value>
          <Value>lDAPDisplayName:358:1:55a73700-c891-46fd-8f5c-72bc827f2ef5:20160407213828.557:358</Value>
          <Value>modifyTimeStamp:358:1:55a73700-c891-46fd-8f5c-72bc827f2ef5:20160407213828.557:358</Value>
          <Value>objectClass:358:1:55a73700-c891-46fd-8f5c-72bc827f2ef5:20160407213828.557:358</Value>
          <Value>objectGUID:358:1:55a73700-c891-46fd-8f5c-72bc827f2ef5:20160407213828.557:358</Value>
          <Value>oMSyntax:358:1:55a73700-c891-46fd-8f5c-72bc827f2ef5:20160407213828.557:358</Value>
          <Value>schemaIDGUID:358:1:55a73700-c891-46fd-8f5c-72bc827f2ef5:20160407213828.557:358</Value>
          <Value>uSNChanged:358:1:55a73700-c891-46fd-8f5c-72bc827f2ef5:20160407213828.557:358</Value>
          <Value>uSNCreated:358:1:55a73700-c891-46fd-8f5c-72bc827f2ef5:20160407213828.557:358</Value>
          <Value>vmwAttributeUsage:358:1:55a73700-c891-46fd-8f5c-72bc827f2ef5:20160407213828.557:358</Value>
        </AttributeMetadata>
      </AttributeSchemaEntry>
      <AttributeSchemaEntry>
        <Name>syncWithSID</Name>
        <AttributeMetadata>
          <Value>attributeID:1596:1:55a73700-c891-46fd-8f5c-72bc827f2ef5:20160407213830.653:1596</Value>
          <Value>attributeSyntax:1596:1:55a73700-c891-46fd-8f5c-72bc827f2ef5:20160407213830.653:1596</Value>
          <Value>cn:1596:1:55a73700-c891-46fd-8f5c-72bc827f2ef5:20160407213830.653:1596</Value>
          <Value>createTimeStamp:1596:1:55a73700-c891-46fd-8f5c-72bc827f2ef5:20160407213830.653:1596</Value>
          <Value>entryDN:1596:1:55a73700-c891-46fd-8f5c-72bc827f2ef5:20160407213830.653:1596</Value>
          <Value>isSingleValued:1596:1:55a73700-c891-46fd-8f5c-72bc827f2ef5:20160407213830.653:1596</Value>
          <Value>lDAPDisplayName:1596:1:55a73700-c891-46fd-8f5c-72bc827f2ef5:20160407213830.653:1596</Value>
          <Value>modifyTimeStamp:1596:1:55a73700-c891-46fd-8f5c-72bc827f2ef5:20160407213830.653:1596</Value>
          <Value>objectClass:1596:1:55a73700-c891-46fd-8f5c-72bc827f2ef5:20160407213830.653:1596</Value>
          <Value>objectGUID:1596:1:55a73700-c891-46fd-8f5c-72bc827f2ef5:20160407213830.653:1596</Value>
          <Value>oMSyntax:1596:1:55a73700-c891-46fd-8f5c-72bc827f2ef5:20160407213830.653:1596</Value>
          <Value>schemaIDGUID:1596:1:55a73700-c891-46fd-8f5c-72bc827f2ef5:20160407213830.653:1596</Value>
          <Value>uSNChanged:1596:1:55a73700-c891-46fd-8f5c-72bc827f2ef5:20160407213830.653:1596</Value>
          <Value>uSNCreated:1596:1:55a73700-c891-46fd-8f5c-72bc827f2ef5:20160407213830.653:1596</Value>
          <Value>vmwAttributeUsage:1596:1:55a73700-c891-46fd-8f5c-72bc827f2ef5:20160407213830.653:1596</Value>
        </AttributeMetadata>
      </AttributeSchemaEntry>
      <AttributeSchemaEntry>
        <Name>systemAuxiliaryClass</Name>
        <AttributeMetadata>
          <Value>attributeID:572:1:55a73700-c891-46fd-8f5c-72bc827f2ef5:20160407213828.905:572</Value>
          <Value>attributeSyntax:572:1:55a73700-c891-46fd-8f5c-72bc827f2ef5:20160407213828.905:572</Value>
          <Value>cn:572:1:55a73700-c891-46fd-8f5c-72bc827f2ef5:20160407213828.905:572</Value>
          <Value>createTimeStamp:572:1:55a73700-c891-46fd-8f5c-72bc827f2ef5:20160407213828.905:572</Value>
          <Value>entryDN:572:1:55a73700-c891-46fd-8f5c-72bc827f2ef5:20160407213828.905:572</Value>
          <Value>isSingleValued:572:1:55a73700-c891-46fd-8f5c-72bc827f2ef5:20160407213828.905:572</Value>
          <Value>lDAPDisplayName:572:1:55a73700-c891-46fd-8f5c-72bc827f2ef5:20160407213828.905:572</Value>
          <Value>modifyTimeStamp:572:1:55a73700-c891-46fd-8f5c-72bc827f2ef5:20160407213828.905:572</Value>
          <Value>objectClass:572:1:55a73700-c891-46fd-8f5c-72bc827f2ef5:20160407213828.905:572</Value>
          <Value>objectGUID:572:1:55a73700-c891-46fd-8f5c-72bc827f2ef5:20160407213828.905:572</Value>
          <Value>oMSyntax:572:1:55a73700-c891-46fd-8f5c-72bc827f2ef5:20160407213828.905:572</Value>
          <Value>schemaIDGUID:572:1:55a73700-c891-46fd-8f5c-72bc827f2ef5:20160407213828.905:572</Value>
          <Value>uSNChanged:572:1:55a73700-c891-46fd-8f5c-72bc827f2ef5:20160407213828.905:572</Value>
          <Value>uSNCreated:572:1:55a73700-c891-46fd-8f5c-72bc827f2ef5:20160407213828.905:572</Value>
          <Value>vmwAttributeUsage:572:1:55a73700-c891-46fd-8f5c-72bc827f2ef5:20160407213828.905:572</Value>
        </AttributeMetadata>
      </AttributeSchemaEntry>
      <AttributeSchemaEntry>
        <Name>systemFlags</Name>
        <AttributeMetadata>
          <Value>attributeID:1393:1:55a73700-c891-46fd-8f5c-72bc827f2ef5:20160407213830.319:1393</Value>
          <Value>attributeSyntax:1393:1:55a73700-c891-46fd-8f5c-72bc827f2ef5:20160407213830.319:1393</Value>
          <Value>cn:1393:1:55a73700-c891-46fd-8f5c-72bc827f2ef5:20160407213830.319:1393</Value>
          <Value>createTimeStamp:1393:1:55a73700-c891-46fd-8f5c-72bc827f2ef5:20160407213830.319:1393</Value>
          <Value>entryDN:1393:1:55a73700-c891-46fd-8f5c-72bc827f2ef5:20160407213830.319:1393</Value>
          <Value>isSingleValued:1393:1:55a73700-c891-46fd-8f5c-72bc827f2ef5:20160407213830.319:1393</Value>
          <Value>lDAPDisplayName:1393:1:55a73700-c891-46fd-8f5c-72bc827f2ef5:20160407213830.319:1393</Value>
          <Value>modifyTimeStamp:1393:1:55a73700-c891-46fd-8f5c-72bc827f2ef5:20160407213830.319:1393</Value>
          <Value>objectClass:1393:1:55a73700-c891-46fd-8f5c-72bc827f2ef5:20160407213830.319:1393</Value>
          <Value>objectGUID:1393:1:55a73700-c891-46fd-8f5c-72bc827f2ef5:20160407213830.319:1393</Value>
          <Value>oMSyntax:1393:1:55a73700-c891-46fd-8f5c-72bc827f2ef5:20160407213830.319:1393</Value>
          <Value>schemaIDGUID:1393:1:55a73700-c891-46fd-8f5c-72bc827f2ef5:20160407213830.319:1393</Value>
          <Value>uSNChanged:1393:1:55a73700-c891-46fd-8f5c-72bc827f2ef5:20160407213830.319:1393</Value>
          <Value>uSNCreated:1393:1:55a73700-c891-46fd-8f5c-72bc827f2ef5:20160407213830.319:1393</Value>
          <Value>vmwAttributeUsage:1393:1:55a73700-c891-46fd-8f5c-72bc827f2ef5:20160407213830.319:1393</Value>
        </AttributeMetadata>
      </AttributeSchemaEntry>
      <AttributeSchemaEntry>
        <Name>systemMayContain</Name>
        <AttributeMetadata>
          <Value>attributeID:241:1:55a73700-c891-46fd-8f5c-72bc827f2ef5:20160407213828.383:241</Value>
          <Value>attributeSyntax:241:1:55a73700-c891-46fd-8f5c-72bc827f2ef5:20160407213828.383:241</Value>
          <Value>cn:241:1:55a73700-c891-46fd-8f5c-72bc827f2ef5:20160407213828.383:241</Value>
          <Value>createTimeStamp:241:1:55a73700-c891-46fd-8f5c-72bc827f2ef5:20160407213828.383:241</Value>
          <Value>entryDN:241:1:55a73700-c891-46fd-8f5c-72bc827f2ef5:20160407213828.383:241</Value>
          <Value>isSingleValued:241:1:55a73700-c891-46fd-8f5c-72bc827f2ef5:20160407213828.383:241</Value>
          <Value>lDAPDisplayName:241:1:55a73700-c891-46fd-8f5c-72bc827f2ef5:20160407213828.383:241</Value>
          <Value>modifyTimeStamp:241:1:55a73700-c891-46fd-8f5c-72bc827f2ef5:20160407213828.383:241</Value>
          <Value>objectClass:241:1:55a73700-c891-46fd-8f5c-72bc827f2ef5:20160407213828.383:241</Value>
          <Value>objectGUID:241:1:55a73700-c891-46fd-8f5c-72bc827f2ef5:20160407213828.383:241</Value>
          <Value>oMSyntax:241:1:55a73700-c891-46fd-8f5c-72bc827f2ef5:20160407213828.383:241</Value>
          <Value>schemaIDGUID:241:1:55a73700-c891-46fd-8f5c-72bc827f2ef5:20160407213828.383:241</Value>
          <Value>uSNChanged:241:1:55a73700-c891-46fd-8f5c-72bc827f2ef5:20160407213828.383:241</Value>
          <Value>uSNCreated:241:1:55a73700-c891-46fd-8f5c-72bc827f2ef5:20160407213828.383:241</Value>
          <Value>vmwAttributeUsage:241:1:55a73700-c891-46fd-8f5c-72bc827f2ef5:20160407213828.383:241</Value>
        </AttributeMetadata>
      </AttributeSchemaEntry>
      <AttributeSchemaEntry>
        <Name>systemMustContain</Name>
        <AttributeMetadata>
          <Value>attributeID:490:1:55a73700-c891-46fd-8f5c-72bc827f2ef5:20160407213828.764:490</Value>
          <Value>attributeSyntax:490:1:55a73700-c891-46fd-8f5c-72bc827f2ef5:20160407213828.764:490</Value>
          <Value>cn:490:1:55a73700-c891-46fd-8f5c-72bc827f2ef5:20160407213828.764:490</Value>
          <Value>createTimeStamp:490:1:55a73700-c891-46fd-8f5c-72bc827f2ef5:20160407213828.764:490</Value>
          <Value>entryDN:490:1:55a73700-c891-46fd-8f5c-72bc827f2ef5:20160407213828.764:490</Value>
          <Value>isSingleValued:490:1:55a73700-c891-46fd-8f5c-72bc827f2ef5:20160407213828.764:490</Value>
          <Value>lDAPDisplayName:490:1:55a73700-c891-46fd-8f5c-72bc827f2ef5:20160407213828.764:490</Value>
          <Value>modifyTimeStamp:490:1:55a73700-c891-46fd-8f5c-72bc827f2ef5:20160407213828.764:490</Value>
          <Value>objectClass:490:1:55a73700-c891-46fd-8f5c-72bc827f2ef5:20160407213828.764:490</Value>
          <Value>objectGUID:490:1:55a73700-c891-46fd-8f5c-72bc827f2ef5:20160407213828.764:490</Value>
          <Value>oMSyntax:490:1:55a73700-c891-46fd-8f5c-72bc827f2ef5:20160407213828.764:490</Value>
          <Value>schemaIDGUID:490:1:55a73700-c891-46fd-8f5c-72bc827f2ef5:20160407213828.764:490</Value>
          <Value>uSNChanged:490:1:55a73700-c891-46fd-8f5c-72bc827f2ef5:20160407213828.764:490</Value>
          <Value>uSNCreated:490:1:55a73700-c891-46fd-8f5c-72bc827f2ef5:20160407213828.764:490</Value>
          <Value>vmwAttributeUsage:490:1:55a73700-c891-46fd-8f5c-72bc827f2ef5:20160407213828.764:490</Value>
        </AttributeMetadata>
      </AttributeSchemaEntry>
      <AttributeSchemaEntry>
        <Name>systemOnly</Name>
        <AttributeMetadata>
          <Value>attributeID:947:1:55a73700-c891-46fd-8f5c-72bc827f2ef5:20160407213829.541:947</Value>
          <Value>attributeSyntax:947:1:55a73700-c891-46fd-8f5c-72bc827f2ef5:20160407213829.541:947</Value>
          <Value>cn:947:1:55a73700-c891-46fd-8f5c-72bc827f2ef5:20160407213829.541:947</Value>
          <Value>createTimeStamp:947:1:55a73700-c891-46fd-8f5c-72bc827f2ef5:20160407213829.541:947</Value>
          <Value>entryDN:947:1:55a73700-c891-46fd-8f5c-72bc827f2ef5:20160407213829.541:947</Value>
          <Value>isSingleValued:947:1:55a73700-c891-46fd-8f5c-72bc827f2ef5:20160407213829.541:947</Value>
          <Value>lDAPDisplayName:947:1:55a73700-c891-46fd-8f5c-72bc827f2ef5:20160407213829.541:947</Value>
          <Value>modifyTimeStamp:947:1:55a73700-c891-46fd-8f5c-72bc827f2ef5:20160407213829.541:947</Value>
          <Value>objectClass:947:1:55a73700-c891-46fd-8f5c-72bc827f2ef5:20160407213829.541:947</Value>
          <Value>objectGUID:947:1:55a73700-c891-46fd-8f5c-72bc827f2ef5:20160407213829.541:947</Value>
          <Value>oMSyntax:947:1:55a73700-c891-46fd-8f5c-72bc827f2ef5:20160407213829.541:947</Value>
          <Value>schemaIDGUID:947:1:55a73700-c891-46fd-8f5c-72bc827f2ef5:20160407213829.541:947</Value>
          <Value>uSNChanged:947:1:55a73700-c891-46fd-8f5c-72bc827f2ef5:20160407213829.541:947</Value>
          <Value>uSNCreated:947:1:55a73700-c891-46fd-8f5c-72bc827f2ef5:20160407213829.541:947</Value>
          <Value>vmwAttributeUsage:947:1:55a73700-c891-46fd-8f5c-72bc827f2ef5:20160407213829.541:947</Value>
        </AttributeMetadata>
      </AttributeSchemaEntry>
      <AttributeSchemaEntry>
        <Name>systemPossSuperiors</Name>
        <AttributeMetadata>
          <Value>attributeID:1521:1:55a73700-c891-46fd-8f5c-72bc827f2ef5:20160407213830.530:1521</Value>
          <Value>attributeSyntax:1521:1:55a73700-c891-46fd-8f5c-72bc827f2ef5:20160407213830.530:1521</Value>
          <Value>cn:1521:1:55a73700-c891-46fd-8f5c-72bc827f2ef5:20160407213830.530:1521</Value>
          <Value>createTimeStamp:1521:1:55a73700-c891-46fd-8f5c-72bc827f2ef5:20160407213830.530:1521</Value>
          <Value>entryDN:1521:1:55a73700-c891-46fd-8f5c-72bc827f2ef5:20160407213830.530:1521</Value>
          <Value>isSingleValued:1521:1:55a73700-c891-46fd-8f5c-72bc827f2ef5:20160407213830.530:1521</Value>
          <Value>lDAPDisplayName:1521:1:55a73700-c891-46fd-8f5c-72bc827f2ef5:20160407213830.530:1521</Value>
          <Value>modifyTimeStamp:1521:1:55a73700-c891-46fd-8f5c-72bc827f2ef5:20160407213830.530:1521</Value>
          <Value>objectClass:1521:1:55a73700-c891-46fd-8f5c-72bc827f2ef5:20160407213830.530:1521</Value>
          <Value>objectGUID:1521:1:55a73700-c891-46fd-8f5c-72bc827f2ef5:20160407213830.530:1521</Value>
          <Value>oMSyntax:1521:1:55a73700-c891-46fd-8f5c-72bc827f2ef5:20160407213830.530:1521</Value>
          <Value>schemaIDGUID:1521:1:55a73700-c891-46fd-8f5c-72bc827f2ef5:20160407213830.530:1521</Value>
          <Value>uSNChanged:1521:1:55a73700-c891-46fd-8f5c-72bc827f2ef5:20160407213830.530:1521</Value>
          <Value>uSNCreated:1521:1:55a73700-c891-46fd-8f5c-72bc827f2ef5:20160407213830.530:1521</Value>
          <Value>vmwAttributeUsage:1521:1:55a73700-c891-46fd-8f5c-72bc827f2ef5:20160407213830.530:1521</Value>
        </AttributeMetadata>
      </AttributeSchemaEntry>
      <AttributeSchemaEntry>
        <Name>telephoneNumber</Name>
        <AttributeMetadata>
          <Value>attributeID:1308:1:55a73700-c891-46fd-8f5c-72bc827f2ef5:20160407213830.177:1308</Value>
          <Value>attributeSyntax:1308:1:55a73700-c891-46fd-8f5c-72bc827f2ef5:20160407213830.177:1308</Value>
          <Value>cn:1308:1:55a73700-c891-46fd-8f5c-72bc827f2ef5:20160407213830.177:1308</Value>
          <Value>createTimeStamp:1308:1:55a73700-c891-46fd-8f5c-72bc827f2ef5:20160407213830.177:1308</Value>
          <Value>entryDN:1308:1:55a73700-c891-46fd-8f5c-72bc827f2ef5:20160407213830.177:1308</Value>
          <Value>isSingleValued:1308:1:55a73700-c891-46fd-8f5c-72bc827f2ef5:20160407213830.177:1308</Value>
          <Value>lDAPDisplayName:1308:1:55a73700-c891-46fd-8f5c-72bc827f2ef5:20160407213830.177:1308</Value>
          <Value>modifyTimeStamp:1308:1:55a73700-c891-46fd-8f5c-72bc827f2ef5:20160407213830.177:1308</Value>
          <Value>objectClass:1308:1:55a73700-c891-46fd-8f5c-72bc827f2ef5:20160407213830.177:1308</Value>
          <Value>objectGUID:1308:1:55a73700-c891-46fd-8f5c-72bc827f2ef5:20160407213830.177:1308</Value>
          <Value>oMSyntax:1308:1:55a73700-c891-46fd-8f5c-72bc827f2ef5:20160407213830.177:1308</Value>
          <Value>schemaIDGUID:1308:1:55a73700-c891-46fd-8f5c-72bc827f2ef5:20160407213830.177:1308</Value>
          <Value>uSNChanged:1308:1:55a73700-c891-46fd-8f5c-72bc827f2ef5:20160407213830.177:1308</Value>
          <Value>uSNCreated:1308:1:55a73700-c891-46fd-8f5c-72bc827f2ef5:20160407213830.177:1308</Value>
          <Value>vmwAttributeUsage:1308:1:55a73700-c891-46fd-8f5c-72bc827f2ef5:20160407213830.177:1308</Value>
        </AttributeMetadata>
      </AttributeSchemaEntry>
      <AttributeSchemaEntry>
        <Name>teletexTerminalIdentifier</Name>
        <AttributeMetadata>
          <Value>attributeID:393:1:55a73700-c891-46fd-8f5c-72bc827f2ef5:20160407213828.608:393</Value>
          <Value>attributeSyntax:393:1:55a73700-c891-46fd-8f5c-72bc827f2ef5:20160407213828.608:393</Value>
          <Value>cn:393:1:55a73700-c891-46fd-8f5c-72bc827f2ef5:20160407213828.608:393</Value>
          <Value>createTimeStamp:393:1:55a73700-c891-46fd-8f5c-72bc827f2ef5:20160407213828.608:393</Value>
          <Value>entryDN:393:1:55a73700-c891-46fd-8f5c-72bc827f2ef5:20160407213828.608:393</Value>
          <Value>isSingleValued:393:1:55a73700-c891-46fd-8f5c-72bc827f2ef5:20160407213828.608:393</Value>
          <Value>lDAPDisplayName:393:1:55a73700-c891-46fd-8f5c-72bc827f2ef5:20160407213828.608:393</Value>
          <Value>modifyTimeStamp:393:1:55a73700-c891-46fd-8f5c-72bc827f2ef5:20160407213828.608:393</Value>
          <Value>objectClass:393:1:55a73700-c891-46fd-8f5c-72bc827f2ef5:20160407213828.608:393</Value>
          <Value>objectGUID:393:1:55a73700-c891-46fd-8f5c-72bc827f2ef5:20160407213828.608:393</Value>
          <Value>oMSyntax:393:1:55a73700-c891-46fd-8f5c-72bc827f2ef5:20160407213828.608:393</Value>
          <Value>schemaIDGUID:393:1:55a73700-c891-46fd-8f5c-72bc827f2ef5:20160407213828.608:393</Value>
          <Value>uSNChanged:393:1:55a73700-c891-46fd-8f5c-72bc827f2ef5:20160407213828.608:393</Value>
          <Value>uSNCreated:393:1:55a73700-c891-46fd-8f5c-72bc827f2ef5:20160407213828.608:393</Value>
          <Value>vmwAttributeUsage:393:1:55a73700-c891-46fd-8f5c-72bc827f2ef5:20160407213828.608:393</Value>
        </AttributeMetadata>
      </AttributeSchemaEntry>
      <AttributeSchemaEntry>
        <Name>telexNumber</Name>
        <AttributeMetadata>
          <Value>attributeID:917:1:55a73700-c891-46fd-8f5c-72bc827f2ef5:20160407213829.498:917</Value>
          <Value>attributeSyntax:917:1:55a73700-c891-46fd-8f5c-72bc827f2ef5:20160407213829.498:917</Value>
          <Value>cn:917:1:55a73700-c891-46fd-8f5c-72bc827f2ef5:20160407213829.498:917</Value>
          <Value>createTimeStamp:917:1:55a73700-c891-46fd-8f5c-72bc827f2ef5:20160407213829.498:917</Value>
          <Value>entryDN:917:1:55a73700-c891-46fd-8f5c-72bc827f2ef5:20160407213829.498:917</Value>
          <Value>isSingleValued:917:1:55a73700-c891-46fd-8f5c-72bc827f2ef5:20160407213829.498:917</Value>
          <Value>lDAPDisplayName:917:1:55a73700-c891-46fd-8f5c-72bc827f2ef5:20160407213829.498:917</Value>
          <Value>modifyTimeStamp:917:1:55a73700-c891-46fd-8f5c-72bc827f2ef5:20160407213829.498:917</Value>
          <Value>objectClass:917:1:55a73700-c891-46fd-8f5c-72bc827f2ef5:20160407213829.498:917</Value>
          <Value>objectGUID:917:1:55a73700-c891-46fd-8f5c-72bc827f2ef5:20160407213829.498:917</Value>
          <Value>oMSyntax:917:1:55a73700-c891-46fd-8f5c-72bc827f2ef5:20160407213829.498:917</Value>
          <Value>schemaIDGUID:917:1:55a73700-c891-46fd-8f5c-72bc827f2ef5:20160407213829.498:917</Value>
          <Value>uSNChanged:917:1:55a73700-c891-46fd-8f5c-72bc827f2ef5:20160407213829.498:917</Value>
          <Value>uSNCreated:917:1:55a73700-c891-46fd-8f5c-72bc827f2ef5:20160407213829.498:917</Value>
          <Value>vmwAttributeUsage:917:1:55a73700-c891-46fd-8f5c-72bc827f2ef5:20160407213829.498:917</Value>
        </AttributeMetadata>
      </AttributeSchemaEntry>
      <AttributeSchemaEntry>
        <Name>templateRoots</Name>
        <AttributeMetadata>
          <Value>attributeID:684:1:55a73700-c891-46fd-8f5c-72bc827f2ef5:20160407213829.094:684</Value>
          <Value>attributeSyntax:684:1:55a73700-c891-46fd-8f5c-72bc827f2ef5:20160407213829.094:684</Value>
          <Value>cn:684:1:55a73700-c891-46fd-8f5c-72bc827f2ef5:20160407213829.094:684</Value>
          <Value>createTimeStamp:684:1:55a73700-c891-46fd-8f5c-72bc827f2ef5:20160407213829.094:684</Value>
          <Value>entryDN:684:1:55a73700-c891-46fd-8f5c-72bc827f2ef5:20160407213829.094:684</Value>
          <Value>isSingleValued:684:1:55a73700-c891-46fd-8f5c-72bc827f2ef5:20160407213829.094:684</Value>
          <Value>lDAPDisplayName:684:1:55a73700-c891-46fd-8f5c-72bc827f2ef5:20160407213829.094:684</Value>
          <Value>modifyTimeStamp:684:1:55a73700-c891-46fd-8f5c-72bc827f2ef5:20160407213829.094:684</Value>
          <Value>objectClass:684:1:55a73700-c891-46fd-8f5c-72bc827f2ef5:20160407213829.094:684</Value>
          <Value>objectGUID:684:1:55a73700-c891-46fd-8f5c-72bc827f2ef5:20160407213829.094:684</Value>
          <Value>oMSyntax:684:1:55a73700-c891-46fd-8f5c-72bc827f2ef5:20160407213829.094:684</Value>
          <Value>schemaIDGUID:684:1:55a73700-c891-46fd-8f5c-72bc827f2ef5:20160407213829.094:684</Value>
          <Value>uSNChanged:684:1:55a73700-c891-46fd-8f5c-72bc827f2ef5:20160407213829.094:684</Value>
          <Value>uSNCreated:684:1:55a73700-c891-46fd-8f5c-72bc827f2ef5:20160407213829.094:684</Value>
          <Value>vmwAttributeUsage:684:1:55a73700-c891-46fd-8f5c-72bc827f2ef5:20160407213829.094:684</Value>
        </AttributeMetadata>
      </AttributeSchemaEntry>
      <AttributeSchemaEntry>
        <Name>templateRoots2</Name>
        <AttributeMetadata>
          <Value>attributeID:713:1:55a73700-c891-46fd-8f5c-72bc827f2ef5:20160407213829.145:713</Value>
          <Value>attributeSyntax:713:1:55a73700-c891-46fd-8f5c-72bc827f2ef5:20160407213829.145:713</Value>
          <Value>cn:713:1:55a73700-c891-46fd-8f5c-72bc827f2ef5:20160407213829.145:713</Value>
          <Value>createTimeStamp:713:1:55a73700-c891-46fd-8f5c-72bc827f2ef5:20160407213829.145:713</Value>
          <Value>entryDN:713:1:55a73700-c891-46fd-8f5c-72bc827f2ef5:20160407213829.145:713</Value>
          <Value>isSingleValued:713:1:55a73700-c891-46fd-8f5c-72bc827f2ef5:20160407213829.145:713</Value>
          <Value>lDAPDisplayName:713:1:55a73700-c891-46fd-8f5c-72bc827f2ef5:20160407213829.145:713</Value>
          <Value>modifyTimeStamp:713:1:55a73700-c891-46fd-8f5c-72bc827f2ef5:20160407213829.145:713</Value>
          <Value>objectClass:713:1:55a73700-c891-46fd-8f5c-72bc827f2ef5:20160407213829.145:713</Value>
          <Value>objectGUID:713:1:55a73700-c891-46fd-8f5c-72bc827f2ef5:20160407213829.145:713</Value>
          <Value>oMSyntax:713:1:55a73700-c891-46fd-8f5c-72bc827f2ef5:20160407213829.145:713</Value>
          <Value>schemaIDGUID:713:1:55a73700-c891-46fd-8f5c-72bc827f2ef5:20160407213829.145:713</Value>
          <Value>uSNChanged:713:1:55a73700-c891-46fd-8f5c-72bc827f2ef5:20160407213829.145:713</Value>
          <Value>uSNCreated:713:1:55a73700-c891-46fd-8f5c-72bc827f2ef5:20160407213829.145:713</Value>
          <Value>vmwAttributeUsage:713:1:55a73700-c891-46fd-8f5c-72bc827f2ef5:20160407213829.145:713</Value>
        </AttributeMetadata>
      </AttributeSchemaEntry>
      <AttributeSchemaEntry>
        <Name>terminalServer</Name>
        <AttributeMetadata>
          <Value>attributeID:1327:1:55a73700-c891-46fd-8f5c-72bc827f2ef5:20160407213830.207:1327</Value>
          <Value>attributeSyntax:1327:1:55a73700-c891-46fd-8f5c-72bc827f2ef5:20160407213830.207:1327</Value>
          <Value>cn:1327:1:55a73700-c891-46fd-8f5c-72bc827f2ef5:20160407213830.207:1327</Value>
          <Value>createTimeStamp:1327:1:55a73700-c891-46fd-8f5c-72bc827f2ef5:20160407213830.207:1327</Value>
          <Value>entryDN:1327:1:55a73700-c891-46fd-8f5c-72bc827f2ef5:20160407213830.207:1327</Value>
          <Value>isSingleValued:1327:1:55a73700-c891-46fd-8f5c-72bc827f2ef5:20160407213830.207:1327</Value>
          <Value>lDAPDisplayName:1327:1:55a73700-c891-46fd-8f5c-72bc827f2ef5:20160407213830.207:1327</Value>
          <Value>modifyTimeStamp:1327:1:55a73700-c891-46fd-8f5c-72bc827f2ef5:20160407213830.207:1327</Value>
          <Value>objectClass:1327:1:55a73700-c891-46fd-8f5c-72bc827f2ef5:20160407213830.207:1327</Value>
          <Value>objectGUID:1327:1:55a73700-c891-46fd-8f5c-72bc827f2ef5:20160407213830.207:1327</Value>
          <Value>oMSyntax:1327:1:55a73700-c891-46fd-8f5c-72bc827f2ef5:20160407213830.207:1327</Value>
          <Value>schemaIDGUID:1327:1:55a73700-c891-46fd-8f5c-72bc827f2ef5:20160407213830.207:1327</Value>
          <Value>uSNChanged:1327:1:55a73700-c891-46fd-8f5c-72bc827f2ef5:20160407213830.207:1327</Value>
          <Value>uSNCreated:1327:1:55a73700-c891-46fd-8f5c-72bc827f2ef5:20160407213830.207:1327</Value>
          <Value>vmwAttributeUsage:1327:1:55a73700-c891-46fd-8f5c-72bc827f2ef5:20160407213830.207:1327</Value>
        </AttributeMetadata>
      </AttributeSchemaEntry>
      <AttributeSchemaEntry>
        <Name>textEncodedORAddress</Name>
        <AttributeMetadata>
          <Value>attributeID:501:1:55a73700-c891-46fd-8f5c-72bc827f2ef5:20160407213828.776:501</Value>
          <Value>attributeSyntax:501:1:55a73700-c891-46fd-8f5c-72bc827f2ef5:20160407213828.776:501</Value>
          <Value>cn:501:1:55a73700-c891-46fd-8f5c-72bc827f2ef5:20160407213828.776:501</Value>
          <Value>createTimeStamp:501:1:55a73700-c891-46fd-8f5c-72bc827f2ef5:20160407213828.776:501</Value>
          <Value>entryDN:501:1:55a73700-c891-46fd-8f5c-72bc827f2ef5:20160407213828.776:501</Value>
          <Value>isSingleValued:501:1:55a73700-c891-46fd-8f5c-72bc827f2ef5:20160407213828.776:501</Value>
          <Value>lDAPDisplayName:501:1:55a73700-c891-46fd-8f5c-72bc827f2ef5:20160407213828.776:501</Value>
          <Value>modifyTimeStamp:501:1:55a73700-c891-46fd-8f5c-72bc827f2ef5:20160407213828.776:501</Value>
          <Value>objectClass:501:1:55a73700-c891-46fd-8f5c-72bc827f2ef5:20160407213828.776:501</Value>
          <Value>objectGUID:501:1:55a73700-c891-46fd-8f5c-72bc827f2ef5:20160407213828.776:501</Value>
          <Value>oMSyntax:501:1:55a73700-c891-46fd-8f5c-72bc827f2ef5:20160407213828.776:501</Value>
          <Value>schemaIDGUID:501:1:55a73700-c891-46fd-8f5c-72bc827f2ef5:20160407213828.776:501</Value>
          <Value>uSNChanged:501:1:55a73700-c891-46fd-8f5c-72bc827f2ef5:20160407213828.776:501</Value>
          <Value>uSNCreated:501:1:55a73700-c891-46fd-8f5c-72bc827f2ef5:20160407213828.776:501</Value>
          <Value>vmwAttributeUsage:501:1:55a73700-c891-46fd-8f5c-72bc827f2ef5:20160407213828.776:501</Value>
        </AttributeMetadata>
      </AttributeSchemaEntry>
      <AttributeSchemaEntry>
        <Name>thumbnailLogo</Name>
        <AttributeMetadata>
          <Value>attributeID:685:1:55a73700-c891-46fd-8f5c-72bc827f2ef5:20160407213829.095:685</Value>
          <Value>attributeSyntax:685:1:55a73700-c891-46fd-8f5c-72bc827f2ef5:20160407213829.095:685</Value>
          <Value>cn:685:1:55a73700-c891-46fd-8f5c-72bc827f2ef5:20160407213829.095:685</Value>
          <Value>createTimeStamp:685:1:55a73700-c891-46fd-8f5c-72bc827f2ef5:20160407213829.095:685</Value>
          <Value>entryDN:685:1:55a73700-c891-46fd-8f5c-72bc827f2ef5:20160407213829.095:685</Value>
          <Value>isSingleValued:685:1:55a73700-c891-46fd-8f5c-72bc827f2ef5:20160407213829.095:685</Value>
          <Value>lDAPDisplayName:685:1:55a73700-c891-46fd-8f5c-72bc827f2ef5:20160407213829.095:685</Value>
          <Value>modifyTimeStamp:685:1:55a73700-c891-46fd-8f5c-72bc827f2ef5:20160407213829.095:685</Value>
          <Value>objectClass:685:1:55a73700-c891-46fd-8f5c-72bc827f2ef5:20160407213829.095:685</Value>
          <Value>objectGUID:685:1:55a73700-c891-46fd-8f5c-72bc827f2ef5:20160407213829.095:685</Value>
          <Value>oMSyntax:685:1:55a73700-c891-46fd-8f5c-72bc827f2ef5:20160407213829.095:685</Value>
          <Value>schemaIDGUID:685:1:55a73700-c891-46fd-8f5c-72bc827f2ef5:20160407213829.095:685</Value>
          <Value>uSNChanged:685:1:55a73700-c891-46fd-8f5c-72bc827f2ef5:20160407213829.095:685</Value>
          <Value>uSNCreated:685:1:55a73700-c891-46fd-8f5c-72bc827f2ef5:20160407213829.095:685</Value>
          <Value>vmwAttributeUsage:685:1:55a73700-c891-46fd-8f5c-72bc827f2ef5:20160407213829.095:685</Value>
        </AttributeMetadata>
      </AttributeSchemaEntry>
      <AttributeSchemaEntry>
        <Name>thumbnailPhoto</Name>
        <AttributeMetadata>
          <Value>attributeID:1430:1:55a73700-c891-46fd-8f5c-72bc827f2ef5:20160407213830.375:1430</Value>
          <Value>attributeSyntax:1430:1:55a73700-c891-46fd-8f5c-72bc827f2ef5:20160407213830.375:1430</Value>
          <Value>cn:1430:1:55a73700-c891-46fd-8f5c-72bc827f2ef5:20160407213830.375:1430</Value>
          <Value>createTimeStamp:1430:1:55a73700-c891-46fd-8f5c-72bc827f2ef5:20160407213830.375:1430</Value>
          <Value>entryDN:1430:1:55a73700-c891-46fd-8f5c-72bc827f2ef5:20160407213830.375:1430</Value>
          <Value>isSingleValued:1430:1:55a73700-c891-46fd-8f5c-72bc827f2ef5:20160407213830.375:1430</Value>
          <Value>lDAPDisplayName:1430:1:55a73700-c891-46fd-8f5c-72bc827f2ef5:20160407213830.375:1430</Value>
          <Value>modifyTimeStamp:1430:1:55a73700-c891-46fd-8f5c-72bc827f2ef5:20160407213830.375:1430</Value>
          <Value>objectClass:1430:1:55a73700-c891-46fd-8f5c-72bc827f2ef5:20160407213830.375:1430</Value>
          <Value>objectGUID:1430:1:55a73700-c891-46fd-8f5c-72bc827f2ef5:20160407213830.375:1430</Value>
          <Value>oMSyntax:1430:1:55a73700-c891-46fd-8f5c-72bc827f2ef5:20160407213830.375:1430</Value>
          <Value>schemaIDGUID:1430:1:55a73700-c891-46fd-8f5c-72bc827f2ef5:20160407213830.375:1430</Value>
          <Value>uSNChanged:1430:1:55a73700-c891-46fd-8f5c-72bc827f2ef5:20160407213830.375:1430</Value>
          <Value>uSNCreated:1430:1:55a73700-c891-46fd-8f5c-72bc827f2ef5:20160407213830.375:1430</Value>
          <Value>vmwAttributeUsage:1430:1:55a73700-c891-46fd-8f5c-72bc827f2ef5:20160407213830.375:1430</Value>
        </AttributeMetadata>
      </AttributeSchemaEntry>
      <AttributeSchemaEntry>
        <Name>timeRefresh</Name>
        <AttributeMetadata>
          <Value>attributeID:1620:1:55a73700-c891-46fd-8f5c-72bc827f2ef5:20160407213830.689:1620</Value>
          <Value>attributeSyntax:1620:1:55a73700-c891-46fd-8f5c-72bc827f2ef5:20160407213830.689:1620</Value>
          <Value>cn:1620:1:55a73700-c891-46fd-8f5c-72bc827f2ef5:20160407213830.689:1620</Value>
          <Value>createTimeStamp:1620:1:55a73700-c891-46fd-8f5c-72bc827f2ef5:20160407213830.689:1620</Value>
          <Value>entryDN:1620:1:55a73700-c891-46fd-8f5c-72bc827f2ef5:20160407213830.689:1620</Value>
          <Value>isSingleValued:1620:1:55a73700-c891-46fd-8f5c-72bc827f2ef5:20160407213830.689:1620</Value>
          <Value>lDAPDisplayName:1620:1:55a73700-c891-46fd-8f5c-72bc827f2ef5:20160407213830.689:1620</Value>
          <Value>modifyTimeStamp:1620:1:55a73700-c891-46fd-8f5c-72bc827f2ef5:20160407213830.689:1620</Value>
          <Value>objectClass:1620:1:55a73700-c891-46fd-8f5c-72bc827f2ef5:20160407213830.689:1620</Value>
          <Value>objectGUID:1620:1:55a73700-c891-46fd-8f5c-72bc827f2ef5:20160407213830.689:1620</Value>
          <Value>oMSyntax:1620:1:55a73700-c891-46fd-8f5c-72bc827f2ef5:20160407213830.689:1620</Value>
          <Value>schemaIDGUID:1620:1:55a73700-c891-46fd-8f5c-72bc827f2ef5:20160407213830.689:1620</Value>
          <Value>uSNChanged:1620:1:55a73700-c891-46fd-8f5c-72bc827f2ef5:20160407213830.689:1620</Value>
          <Value>uSNCreated:1620:1:55a73700-c891-46fd-8f5c-72bc827f2ef5:20160407213830.689:1620</Value>
          <Value>vmwAttributeUsage:1620:1:55a73700-c891-46fd-8f5c-72bc827f2ef5:20160407213830.689:1620</Value>
        </AttributeMetadata>
      </AttributeSchemaEntry>
      <AttributeSchemaEntry>
        <Name>timeVolChange</Name>
        <AttributeMetadata>
          <Value>attributeID:1472:1:55a73700-c891-46fd-8f5c-72bc827f2ef5:20160407213830.445:1472</Value>
          <Value>attributeSyntax:1472:1:55a73700-c891-46fd-8f5c-72bc827f2ef5:20160407213830.445:1472</Value>
          <Value>cn:1472:1:55a73700-c891-46fd-8f5c-72bc827f2ef5:20160407213830.445:1472</Value>
          <Value>createTimeStamp:1472:1:55a73700-c891-46fd-8f5c-72bc827f2ef5:20160407213830.445:1472</Value>
          <Value>entryDN:1472:1:55a73700-c891-46fd-8f5c-72bc827f2ef5:20160407213830.445:1472</Value>
          <Value>isSingleValued:1472:1:55a73700-c891-46fd-8f5c-72bc827f2ef5:20160407213830.445:1472</Value>
          <Value>lDAPDisplayName:1472:1:55a73700-c891-46fd-8f5c-72bc827f2ef5:20160407213830.445:1472</Value>
          <Value>modifyTimeStamp:1472:1:55a73700-c891-46fd-8f5c-72bc827f2ef5:20160407213830.445:1472</Value>
          <Value>objectClass:1472:1:55a73700-c891-46fd-8f5c-72bc827f2ef5:20160407213830.445:1472</Value>
          <Value>objectGUID:1472:1:55a73700-c891-46fd-8f5c-72bc827f2ef5:20160407213830.445:1472</Value>
          <Value>oMSyntax:1472:1:55a73700-c891-46fd-8f5c-72bc827f2ef5:20160407213830.445:1472</Value>
          <Value>schemaIDGUID:1472:1:55a73700-c891-46fd-8f5c-72bc827f2ef5:20160407213830.445:1472</Value>
          <Value>uSNChanged:1472:1:55a73700-c891-46fd-8f5c-72bc827f2ef5:20160407213830.445:1472</Value>
          <Value>uSNCreated:1472:1:55a73700-c891-46fd-8f5c-72bc827f2ef5:20160407213830.445:1472</Value>
          <Value>vmwAttributeUsage:1472:1:55a73700-c891-46fd-8f5c-72bc827f2ef5:20160407213830.445:1472</Value>
        </AttributeMetadata>
      </AttributeSchemaEntry>
      <AttributeSchemaEntry>
        <Name>title</Name>
        <AttributeMetadata>
          <Value>attributeID:536:1:55a73700-c891-46fd-8f5c-72bc827f2ef5:20160407213828.835:536</Value>
          <Value>attributeSyntax:536:1:55a73700-c891-46fd-8f5c-72bc827f2ef5:20160407213828.835:536</Value>
          <Value>cn:536:1:55a73700-c891-46fd-8f5c-72bc827f2ef5:20160407213828.835:536</Value>
          <Value>createTimeStamp:536:1:55a73700-c891-46fd-8f5c-72bc827f2ef5:20160407213828.835:536</Value>
          <Value>entryDN:536:1:55a73700-c891-46fd-8f5c-72bc827f2ef5:20160407213828.835:536</Value>
          <Value>isSingleValued:536:1:55a73700-c891-46fd-8f5c-72bc827f2ef5:20160407213828.835:536</Value>
          <Value>lDAPDisplayName:536:1:55a73700-c891-46fd-8f5c-72bc827f2ef5:20160407213828.835:536</Value>
          <Value>modifyTimeStamp:536:1:55a73700-c891-46fd-8f5c-72bc827f2ef5:20160407213828.835:536</Value>
          <Value>objectClass:536:1:55a73700-c891-46fd-8f5c-72bc827f2ef5:20160407213828.835:536</Value>
          <Value>objectGUID:536:1:55a73700-c891-46fd-8f5c-72bc827f2ef5:20160407213828.835:536</Value>
          <Value>oMSyntax:536:1:55a73700-c891-46fd-8f5c-72bc827f2ef5:20160407213828.835:536</Value>
          <Value>schemaIDGUID:536:1:55a73700-c891-46fd-8f5c-72bc827f2ef5:20160407213828.835:536</Value>
          <Value>uSNChanged:536:1:55a73700-c891-46fd-8f5c-72bc827f2ef5:20160407213828.835:536</Value>
          <Value>uSNCreated:536:1:55a73700-c891-46fd-8f5c-72bc827f2ef5:20160407213828.835:536</Value>
          <Value>vmwAttributeUsage:536:1:55a73700-c891-46fd-8f5c-72bc827f2ef5:20160407213828.835:536</Value>
        </AttributeMetadata>
      </AttributeSchemaEntry>
      <AttributeSchemaEntry>
        <Name>tokenGroups</Name>
        <AttributeMetadata>
          <Value>attributeID:1743:1:55a73700-c891-46fd-8f5c-72bc827f2ef5:20160407213830.907:1743</Value>
          <Value>attributeSyntax:1743:1:55a73700-c891-46fd-8f5c-72bc827f2ef5:20160407213830.907:1743</Value>
          <Value>cn:1743:1:55a73700-c891-46fd-8f5c-72bc827f2ef5:20160407213830.907:1743</Value>
          <Value>createTimeStamp:1743:1:55a73700-c891-46fd-8f5c-72bc827f2ef5:20160407213830.907:1743</Value>
          <Value>entryDN:1743:1:55a73700-c891-46fd-8f5c-72bc827f2ef5:20160407213830.907:1743</Value>
          <Value>isSingleValued:1743:1:55a73700-c891-46fd-8f5c-72bc827f2ef5:20160407213830.907:1743</Value>
          <Value>lDAPDisplayName:1743:1:55a73700-c891-46fd-8f5c-72bc827f2ef5:20160407213830.907:1743</Value>
          <Value>modifyTimeStamp:1743:1:55a73700-c891-46fd-8f5c-72bc827f2ef5:20160407213830.907:1743</Value>
          <Value>objectClass:1743:1:55a73700-c891-46fd-8f5c-72bc827f2ef5:20160407213830.907:1743</Value>
          <Value>objectGUID:1743:1:55a73700-c891-46fd-8f5c-72bc827f2ef5:20160407213830.907:1743</Value>
          <Value>oMSyntax:1743:1:55a73700-c891-46fd-8f5c-72bc827f2ef5:20160407213830.907:1743</Value>
          <Value>schemaIDGUID:1743:1:55a73700-c891-46fd-8f5c-72bc827f2ef5:20160407213830.907:1743</Value>
          <Value>uSNChanged:1743:1:55a73700-c891-46fd-8f5c-72bc827f2ef5:20160407213830.907:1743</Value>
          <Value>uSNCreated:1743:1:55a73700-c891-46fd-8f5c-72bc827f2ef5:20160407213830.907:1743</Value>
          <Value>vmwAttributeUsage:1743:1:55a73700-c891-46fd-8f5c-72bc827f2ef5:20160407213830.907:1743</Value>
        </AttributeMetadata>
      </AttributeSchemaEntry>
      <AttributeSchemaEntry>
        <Name>tokenGroupsGlobalAndUniversal</Name>
        <AttributeMetadata>
          <Value>attributeID:997:1:55a73700-c891-46fd-8f5c-72bc827f2ef5:20160407213829.623:997</Value>
          <Value>attributeSyntax:997:1:55a73700-c891-46fd-8f5c-72bc827f2ef5:20160407213829.623:997</Value>
          <Value>cn:997:1:55a73700-c891-46fd-8f5c-72bc827f2ef5:20160407213829.623:997</Value>
          <Value>createTimeStamp:997:1:55a73700-c891-46fd-8f5c-72bc827f2ef5:20160407213829.623:997</Value>
          <Value>entryDN:997:1:55a73700-c891-46fd-8f5c-72bc827f2ef5:20160407213829.623:997</Value>
          <Value>isSingleValued:997:1:55a73700-c891-46fd-8f5c-72bc827f2ef5:20160407213829.623:997</Value>
          <Value>lDAPDisplayName:997:1:55a73700-c891-46fd-8f5c-72bc827f2ef5:20160407213829.623:997</Value>
          <Value>modifyTimeStamp:997:1:55a73700-c891-46fd-8f5c-72bc827f2ef5:20160407213829.623:997</Value>
          <Value>objectClass:997:1:55a73700-c891-46fd-8f5c-72bc827f2ef5:20160407213829.623:997</Value>
          <Value>objectGUID:997:1:55a73700-c891-46fd-8f5c-72bc827f2ef5:20160407213829.623:997</Value>
          <Value>oMSyntax:997:1:55a73700-c891-46fd-8f5c-72bc827f2ef5:20160407213829.623:997</Value>
          <Value>schemaIDGUID:997:1:55a73700-c891-46fd-8f5c-72bc827f2ef5:20160407213829.623:997</Value>
          <Value>uSNChanged:997:1:55a73700-c891-46fd-8f5c-72bc827f2ef5:20160407213829.623:997</Value>
          <Value>uSNCreated:997:1:55a73700-c891-46fd-8f5c-72bc827f2ef5:20160407213829.623:997</Value>
          <Value>vmwAttributeUsage:997:1:55a73700-c891-46fd-8f5c-72bc827f2ef5:20160407213829.623:997</Value>
        </AttributeMetadata>
      </AttributeSchemaEntry>
      <AttributeSchemaEntry>
        <Name>tokenGroupsNoGCAcceptable</Name>
        <AttributeMetadata>
          <Value>attributeID:1411:1:55a73700-c891-46fd-8f5c-72bc827f2ef5:20160407213830.347:1411</Value>
          <Value>attributeSyntax:1411:1:55a73700-c891-46fd-8f5c-72bc827f2ef5:20160407213830.347:1411</Value>
          <Value>cn:1411:1:55a73700-c891-46fd-8f5c-72bc827f2ef5:20160407213830.347:1411</Value>
          <Value>createTimeStamp:1411:1:55a73700-c891-46fd-8f5c-72bc827f2ef5:20160407213830.347:1411</Value>
          <Value>entryDN:1411:1:55a73700-c891-46fd-8f5c-72bc827f2ef5:20160407213830.347:1411</Value>
          <Value>isSingleValued:1411:1:55a73700-c891-46fd-8f5c-72bc827f2ef5:20160407213830.347:1411</Value>
          <Value>lDAPDisplayName:1411:1:55a73700-c891-46fd-8f5c-72bc827f2ef5:20160407213830.347:1411</Value>
          <Value>modifyTimeStamp:1411:1:55a73700-c891-46fd-8f5c-72bc827f2ef5:20160407213830.347:1411</Value>
          <Value>objectClass:1411:1:55a73700-c891-46fd-8f5c-72bc827f2ef5:20160407213830.347:1411</Value>
          <Value>objectGUID:1411:1:55a73700-c891-46fd-8f5c-72bc827f2ef5:20160407213830.347:1411</Value>
          <Value>oMSyntax:1411:1:55a73700-c891-46fd-8f5c-72bc827f2ef5:20160407213830.347:1411</Value>
          <Value>schemaIDGUID:1411:1:55a73700-c891-46fd-8f5c-72bc827f2ef5:20160407213830.347:1411</Value>
          <Value>uSNChanged:1411:1:55a73700-c891-46fd-8f5c-72bc827f2ef5:20160407213830.347:1411</Value>
          <Value>uSNCreated:1411:1:55a73700-c891-46fd-8f5c-72bc827f2ef5:20160407213830.347:1411</Value>
          <Value>vmwAttributeUsage:1411:1:55a73700-c891-46fd-8f5c-72bc827f2ef5:20160407213830.347:1411</Value>
        </AttributeMetadata>
      </AttributeSchemaEntry>
      <AttributeSchemaEntry>
        <Name>tombstoneLifetime</Name>
        <AttributeMetadata>
          <Value>attributeID:1112:1:55a73700-c891-46fd-8f5c-72bc827f2ef5:20160407213829.843:1112</Value>
          <Value>attributeSyntax:1112:1:55a73700-c891-46fd-8f5c-72bc827f2ef5:20160407213829.843:1112</Value>
          <Value>cn:1112:1:55a73700-c891-46fd-8f5c-72bc827f2ef5:20160407213829.843:1112</Value>
          <Value>createTimeStamp:1112:1:55a73700-c891-46fd-8f5c-72bc827f2ef5:20160407213829.843:1112</Value>
          <Value>entryDN:1112:1:55a73700-c891-46fd-8f5c-72bc827f2ef5:20160407213829.843:1112</Value>
          <Value>isSingleValued:1112:1:55a73700-c891-46fd-8f5c-72bc827f2ef5:20160407213829.843:1112</Value>
          <Value>lDAPDisplayName:1112:1:55a73700-c891-46fd-8f5c-72bc827f2ef5:20160407213829.843:1112</Value>
          <Value>modifyTimeStamp:1112:1:55a73700-c891-46fd-8f5c-72bc827f2ef5:20160407213829.843:1112</Value>
          <Value>objectClass:1112:1:55a73700-c891-46fd-8f5c-72bc827f2ef5:20160407213829.843:1112</Value>
          <Value>objectGUID:1112:1:55a73700-c891-46fd-8f5c-72bc827f2ef5:20160407213829.843:1112</Value>
          <Value>oMSyntax:1112:1:55a73700-c891-46fd-8f5c-72bc827f2ef5:20160407213829.843:1112</Value>
          <Value>schemaIDGUID:1112:1:55a73700-c891-46fd-8f5c-72bc827f2ef5:20160407213829.843:1112</Value>
          <Value>uSNChanged:1112:1:55a73700-c891-46fd-8f5c-72bc827f2ef5:20160407213829.843:1112</Value>
          <Value>uSNCreated:1112:1:55a73700-c891-46fd-8f5c-72bc827f2ef5:20160407213829.843:1112</Value>
          <Value>vmwAttributeUsage:1112:1:55a73700-c891-46fd-8f5c-72bc827f2ef5:20160407213829.843:1112</Value>
        </AttributeMetadata>
      </AttributeSchemaEntry>
      <AttributeSchemaEntry>
        <Name>transportAddressAttribute</Name>
        <AttributeMetadata>
          <Value>attributeID:135:1:55a73700-c891-46fd-8f5c-72bc827f2ef5:20160407213828.233:135</Value>
          <Value>attributeSyntax:135:1:55a73700-c891-46fd-8f5c-72bc827f2ef5:20160407213828.233:135</Value>
          <Value>cn:135:1:55a73700-c891-46fd-8f5c-72bc827f2ef5:20160407213828.233:135</Value>
          <Value>createTimeStamp:135:1:55a73700-c891-46fd-8f5c-72bc827f2ef5:20160407213828.233:135</Value>
          <Value>entryDN:135:1:55a73700-c891-46fd-8f5c-72bc827f2ef5:20160407213828.233:135</Value>
          <Value>isSingleValued:135:1:55a73700-c891-46fd-8f5c-72bc827f2ef5:20160407213828.233:135</Value>
          <Value>lDAPDisplayName:135:1:55a73700-c891-46fd-8f5c-72bc827f2ef5:20160407213828.233:135</Value>
          <Value>modifyTimeStamp:135:1:55a73700-c891-46fd-8f5c-72bc827f2ef5:20160407213828.233:135</Value>
          <Value>objectClass:135:1:55a73700-c891-46fd-8f5c-72bc827f2ef5:20160407213828.233:135</Value>
          <Value>objectGUID:135:1:55a73700-c891-46fd-8f5c-72bc827f2ef5:20160407213828.233:135</Value>
          <Value>oMSyntax:135:1:55a73700-c891-46fd-8f5c-72bc827f2ef5:20160407213828.233:135</Value>
          <Value>schemaIDGUID:135:1:55a73700-c891-46fd-8f5c-72bc827f2ef5:20160407213828.233:135</Value>
          <Value>uSNChanged:135:1:55a73700-c891-46fd-8f5c-72bc827f2ef5:20160407213828.233:135</Value>
          <Value>uSNCreated:135:1:55a73700-c891-46fd-8f5c-72bc827f2ef5:20160407213828.233:135</Value>
          <Value>vmwAttributeUsage:135:1:55a73700-c891-46fd-8f5c-72bc827f2ef5:20160407213828.233:135</Value>
        </AttributeMetadata>
      </AttributeSchemaEntry>
      <AttributeSchemaEntry>
        <Name>transportDLLName</Name>
        <AttributeMetadata>
          <Value>attributeID:722:1:55a73700-c891-46fd-8f5c-72bc827f2ef5:20160407213829.155:722</Value>
          <Value>attributeSyntax:722:1:55a73700-c891-46fd-8f5c-72bc827f2ef5:20160407213829.155:722</Value>
          <Value>cn:722:1:55a73700-c891-46fd-8f5c-72bc827f2ef5:20160407213829.155:722</Value>
          <Value>createTimeStamp:722:1:55a73700-c891-46fd-8f5c-72bc827f2ef5:20160407213829.155:722</Value>
          <Value>entryDN:722:1:55a73700-c891-46fd-8f5c-72bc827f2ef5:20160407213829.155:722</Value>
          <Value>isSingleValued:722:1:55a73700-c891-46fd-8f5c-72bc827f2ef5:20160407213829.155:722</Value>
          <Value>lDAPDisplayName:722:1:55a73700-c891-46fd-8f5c-72bc827f2ef5:20160407213829.155:722</Value>
          <Value>modifyTimeStamp:722:1:55a73700-c891-46fd-8f5c-72bc827f2ef5:20160407213829.155:722</Value>
          <Value>objectClass:722:1:55a73700-c891-46fd-8f5c-72bc827f2ef5:20160407213829.155:722</Value>
          <Value>objectGUID:722:1:55a73700-c891-46fd-8f5c-72bc827f2ef5:20160407213829.155:722</Value>
          <Value>oMSyntax:722:1:55a73700-c891-46fd-8f5c-72bc827f2ef5:20160407213829.155:722</Value>
          <Value>schemaIDGUID:722:1:55a73700-c891-46fd-8f5c-72bc827f2ef5:20160407213829.155:722</Value>
          <Value>uSNChanged:722:1:55a73700-c891-46fd-8f5c-72bc827f2ef5:20160407213829.155:722</Value>
          <Value>uSNCreated:722:1:55a73700-c891-46fd-8f5c-72bc827f2ef5:20160407213829.155:722</Value>
          <Value>vmwAttributeUsage:722:1:55a73700-c891-46fd-8f5c-72bc827f2ef5:20160407213829.155:722</Value>
        </AttributeMetadata>
      </AttributeSchemaEntry>
      <AttributeSchemaEntry>
        <Name>transportType</Name>
        <AttributeMetadata>
          <Value>attributeID:928:1:55a73700-c891-46fd-8f5c-72bc827f2ef5:20160407213829.510:928</Value>
          <Value>attributeSyntax:928:1:55a73700-c891-46fd-8f5c-72bc827f2ef5:20160407213829.510:928</Value>
          <Value>cn:928:1:55a73700-c891-46fd-8f5c-72bc827f2ef5:20160407213829.510:928</Value>
          <Value>createTimeStamp:928:1:55a73700-c891-46fd-8f5c-72bc827f2ef5:20160407213829.510:928</Value>
          <Value>entryDN:928:1:55a73700-c891-46fd-8f5c-72bc827f2ef5:20160407213829.510:928</Value>
          <Value>isSingleValued:928:1:55a73700-c891-46fd-8f5c-72bc827f2ef5:20160407213829.510:928</Value>
          <Value>lDAPDisplayName:928:1:55a73700-c891-46fd-8f5c-72bc827f2ef5:20160407213829.510:928</Value>
          <Value>modifyTimeStamp:928:1:55a73700-c891-46fd-8f5c-72bc827f2ef5:20160407213829.510:928</Value>
          <Value>objectClass:928:1:55a73700-c891-46fd-8f5c-72bc827f2ef5:20160407213829.510:928</Value>
          <Value>objectGUID:928:1:55a73700-c891-46fd-8f5c-72bc827f2ef5:20160407213829.510:928</Value>
          <Value>oMSyntax:928:1:55a73700-c891-46fd-8f5c-72bc827f2ef5:20160407213829.510:928</Value>
          <Value>schemaIDGUID:928:1:55a73700-c891-46fd-8f5c-72bc827f2ef5:20160407213829.510:928</Value>
          <Value>uSNChanged:928:1:55a73700-c891-46fd-8f5c-72bc827f2ef5:20160407213829.510:928</Value>
          <Value>uSNCreated:928:1:55a73700-c891-46fd-8f5c-72bc827f2ef5:20160407213829.510:928</Value>
          <Value>vmwAttributeUsage:928:1:55a73700-c891-46fd-8f5c-72bc827f2ef5:20160407213829.510:928</Value>
        </AttributeMetadata>
      </AttributeSchemaEntry>
      <AttributeSchemaEntry>
        <Name>treatAsLeaf</Name>
        <AttributeMetadata>
          <Value>attributeID:1575:1:55a73700-c891-46fd-8f5c-72bc827f2ef5:20160407213830.619:1575</Value>
          <Value>attributeSyntax:1575:1:55a73700-c891-46fd-8f5c-72bc827f2ef5:20160407213830.619:1575</Value>
          <Value>cn:1575:1:55a73700-c891-46fd-8f5c-72bc827f2ef5:20160407213830.619:1575</Value>
          <Value>createTimeStamp:1575:1:55a73700-c891-46fd-8f5c-72bc827f2ef5:20160407213830.619:1575</Value>
          <Value>entryDN:1575:1:55a73700-c891-46fd-8f5c-72bc827f2ef5:20160407213830.619:1575</Value>
          <Value>isSingleValued:1575:1:55a73700-c891-46fd-8f5c-72bc827f2ef5:20160407213830.619:1575</Value>
          <Value>lDAPDisplayName:1575:1:55a73700-c891-46fd-8f5c-72bc827f2ef5:20160407213830.619:1575</Value>
          <Value>modifyTimeStamp:1575:1:55a73700-c891-46fd-8f5c-72bc827f2ef5:20160407213830.619:1575</Value>
          <Value>objectClass:1575:1:55a73700-c891-46fd-8f5c-72bc827f2ef5:20160407213830.619:1575</Value>
          <Value>objectGUID:1575:1:55a73700-c891-46fd-8f5c-72bc827f2ef5:20160407213830.619:1575</Value>
          <Value>oMSyntax:1575:1:55a73700-c891-46fd-8f5c-72bc827f2ef5:20160407213830.619:1575</Value>
          <Value>schemaIDGUID:1575:1:55a73700-c891-46fd-8f5c-72bc827f2ef5:20160407213830.619:1575</Value>
          <Value>uSNChanged:1575:1:55a73700-c891-46fd-8f5c-72bc827f2ef5:20160407213830.619:1575</Value>
          <Value>uSNCreated:1575:1:55a73700-c891-46fd-8f5c-72bc827f2ef5:20160407213830.619:1575</Value>
          <Value>vmwAttributeUsage:1575:1:55a73700-c891-46fd-8f5c-72bc827f2ef5:20160407213830.619:1575</Value>
        </AttributeMetadata>
      </AttributeSchemaEntry>
      <AttributeSchemaEntry>
        <Name>treeName</Name>
        <AttributeMetadata>
          <Value>attributeID:1514:1:55a73700-c891-46fd-8f5c-72bc827f2ef5:20160407213830.511:1514</Value>
          <Value>attributeSyntax:1514:1:55a73700-c891-46fd-8f5c-72bc827f2ef5:20160407213830.511:1514</Value>
          <Value>cn:1514:1:55a73700-c891-46fd-8f5c-72bc827f2ef5:20160407213830.511:1514</Value>
          <Value>createTimeStamp:1514:1:55a73700-c891-46fd-8f5c-72bc827f2ef5:20160407213830.511:1514</Value>
          <Value>entryDN:1514:1:55a73700-c891-46fd-8f5c-72bc827f2ef5:20160407213830.511:1514</Value>
          <Value>isSingleValued:1514:1:55a73700-c891-46fd-8f5c-72bc827f2ef5:20160407213830.511:1514</Value>
          <Value>lDAPDisplayName:1514:1:55a73700-c891-46fd-8f5c-72bc827f2ef5:20160407213830.511:1514</Value>
          <Value>modifyTimeStamp:1514:1:55a73700-c891-46fd-8f5c-72bc827f2ef5:20160407213830.511:1514</Value>
          <Value>objectClass:1514:1:55a73700-c891-46fd-8f5c-72bc827f2ef5:20160407213830.511:1514</Value>
          <Value>objectGUID:1514:1:55a73700-c891-46fd-8f5c-72bc827f2ef5:20160407213830.511:1514</Value>
          <Value>oMSyntax:1514:1:55a73700-c891-46fd-8f5c-72bc827f2ef5:20160407213830.511:1514</Value>
          <Value>schemaIDGUID:1514:1:55a73700-c891-46fd-8f5c-72bc827f2ef5:20160407213830.511:1514</Value>
          <Value>uSNChanged:1514:1:55a73700-c891-46fd-8f5c-72bc827f2ef5:20160407213830.511:1514</Value>
          <Value>uSNCreated:1514:1:55a73700-c891-46fd-8f5c-72bc827f2ef5:20160407213830.511:1514</Value>
          <Value>vmwAttributeUsage:1514:1:55a73700-c891-46fd-8f5c-72bc827f2ef5:20160407213830.511:1514</Value>
        </AttributeMetadata>
      </AttributeSchemaEntry>
      <AttributeSchemaEntry>
        <Name>trustAttributes</Name>
        <AttributeMetadata>
          <Value>attributeID:894:1:55a73700-c891-46fd-8f5c-72bc827f2ef5:20160407213829.453:894</Value>
          <Value>attributeSyntax:894:1:55a73700-c891-46fd-8f5c-72bc827f2ef5:20160407213829.453:894</Value>
          <Value>cn:894:1:55a73700-c891-46fd-8f5c-72bc827f2ef5:20160407213829.453:894</Value>
          <Value>createTimeStamp:894:1:55a73700-c891-46fd-8f5c-72bc827f2ef5:20160407213829.453:894</Value>
          <Value>entryDN:894:1:55a73700-c891-46fd-8f5c-72bc827f2ef5:20160407213829.453:894</Value>
          <Value>isSingleValued:894:1:55a73700-c891-46fd-8f5c-72bc827f2ef5:20160407213829.453:894</Value>
          <Value>lDAPDisplayName:894:1:55a73700-c891-46fd-8f5c-72bc827f2ef5:20160407213829.453:894</Value>
          <Value>modifyTimeStamp:894:1:55a73700-c891-46fd-8f5c-72bc827f2ef5:20160407213829.453:894</Value>
          <Value>objectClass:894:1:55a73700-c891-46fd-8f5c-72bc827f2ef5:20160407213829.453:894</Value>
          <Value>objectGUID:894:1:55a73700-c891-46fd-8f5c-72bc827f2ef5:20160407213829.453:894</Value>
          <Value>oMSyntax:894:1:55a73700-c891-46fd-8f5c-72bc827f2ef5:20160407213829.453:894</Value>
          <Value>schemaIDGUID:894:1:55a73700-c891-46fd-8f5c-72bc827f2ef5:20160407213829.453:894</Value>
          <Value>uSNChanged:894:1:55a73700-c891-46fd-8f5c-72bc827f2ef5:20160407213829.453:894</Value>
          <Value>uSNCreated:894:1:55a73700-c891-46fd-8f5c-72bc827f2ef5:20160407213829.453:894</Value>
          <Value>vmwAttributeUsage:894:1:55a73700-c891-46fd-8f5c-72bc827f2ef5:20160407213829.453:894</Value>
        </AttributeMetadata>
      </AttributeSchemaEntry>
      <AttributeSchemaEntry>
        <Name>trustAuthIncoming</Name>
        <AttributeMetadata>
          <Value>attributeID:1483:1:55a73700-c891-46fd-8f5c-72bc827f2ef5:20160407213830.463:1483</Value>
          <Value>attributeSyntax:1483:1:55a73700-c891-46fd-8f5c-72bc827f2ef5:20160407213830.463:1483</Value>
          <Value>cn:1483:1:55a73700-c891-46fd-8f5c-72bc827f2ef5:20160407213830.463:1483</Value>
          <Value>createTimeStamp:1483:1:55a73700-c891-46fd-8f5c-72bc827f2ef5:20160407213830.463:1483</Value>
          <Value>entryDN:1483:1:55a73700-c891-46fd-8f5c-72bc827f2ef5:20160407213830.463:1483</Value>
          <Value>isSingleValued:1483:1:55a73700-c891-46fd-8f5c-72bc827f2ef5:20160407213830.463:1483</Value>
          <Value>lDAPDisplayName:1483:1:55a73700-c891-46fd-8f5c-72bc827f2ef5:20160407213830.463:1483</Value>
          <Value>modifyTimeStamp:1483:1:55a73700-c891-46fd-8f5c-72bc827f2ef5:20160407213830.463:1483</Value>
          <Value>objectClass:1483:1:55a73700-c891-46fd-8f5c-72bc827f2ef5:20160407213830.463:1483</Value>
          <Value>objectGUID:1483:1:55a73700-c891-46fd-8f5c-72bc827f2ef5:20160407213830.463:1483</Value>
          <Value>oMSyntax:1483:1:55a73700-c891-46fd-8f5c-72bc827f2ef5:20160407213830.463:1483</Value>
          <Value>schemaIDGUID:1483:1:55a73700-c891-46fd-8f5c-72bc827f2ef5:20160407213830.463:1483</Value>
          <Value>uSNChanged:1483:1:55a73700-c891-46fd-8f5c-72bc827f2ef5:20160407213830.463:1483</Value>
          <Value>uSNCreated:1483:1:55a73700-c891-46fd-8f5c-72bc827f2ef5:20160407213830.463:1483</Value>
          <Value>vmwAttributeUsage:1483:1:55a73700-c891-46fd-8f5c-72bc827f2ef5:20160407213830.463:1483</Value>
        </AttributeMetadata>
      </AttributeSchemaEntry>
      <AttributeSchemaEntry>
        <Name>trustAuthOutgoing</Name>
        <AttributeMetadata>
          <Value>attributeID:1619:1:55a73700-c891-46fd-8f5c-72bc827f2ef5:20160407213830.687:1619</Value>
          <Value>attributeSyntax:1619:1:55a73700-c891-46fd-8f5c-72bc827f2ef5:20160407213830.687:1619</Value>
          <Value>cn:1619:1:55a73700-c891-46fd-8f5c-72bc827f2ef5:20160407213830.687:1619</Value>
          <Value>createTimeStamp:1619:1:55a73700-c891-46fd-8f5c-72bc827f2ef5:20160407213830.687:1619</Value>
          <Value>entryDN:1619:1:55a73700-c891-46fd-8f5c-72bc827f2ef5:20160407213830.687:1619</Value>
          <Value>isSingleValued:1619:1:55a73700-c891-46fd-8f5c-72bc827f2ef5:20160407213830.687:1619</Value>
          <Value>lDAPDisplayName:1619:1:55a73700-c891-46fd-8f5c-72bc827f2ef5:20160407213830.687:1619</Value>
          <Value>modifyTimeStamp:1619:1:55a73700-c891-46fd-8f5c-72bc827f2ef5:20160407213830.687:1619</Value>
          <Value>objectClass:1619:1:55a73700-c891-46fd-8f5c-72bc827f2ef5:20160407213830.687:1619</Value>
          <Value>objectGUID:1619:1:55a73700-c891-46fd-8f5c-72bc827f2ef5:20160407213830.687:1619</Value>
          <Value>oMSyntax:1619:1:55a73700-c891-46fd-8f5c-72bc827f2ef5:20160407213830.687:1619</Value>
          <Value>schemaIDGUID:1619:1:55a73700-c891-46fd-8f5c-72bc827f2ef5:20160407213830.687:1619</Value>
          <Value>uSNChanged:1619:1:55a73700-c891-46fd-8f5c-72bc827f2ef5:20160407213830.687:1619</Value>
          <Value>uSNCreated:1619:1:55a73700-c891-46fd-8f5c-72bc827f2ef5:20160407213830.687:1619</Value>
          <Value>vmwAttributeUsage:1619:1:55a73700-c891-46fd-8f5c-72bc827f2ef5:20160407213830.687:1619</Value>
        </AttributeMetadata>
      </AttributeSchemaEntry>
      <AttributeSchemaEntry>
        <Name>trustDirection</Name>
        <AttributeMetadata>
          <Value>attributeID:1591:1:55a73700-c891-46fd-8f5c-72bc827f2ef5:20160407213830.648:1591</Value>
          <Value>attributeSyntax:1591:1:55a73700-c891-46fd-8f5c-72bc827f2ef5:20160407213830.648:1591</Value>
          <Value>cn:1591:1:55a73700-c891-46fd-8f5c-72bc827f2ef5:20160407213830.648:1591</Value>
          <Value>createTimeStamp:1591:1:55a73700-c891-46fd-8f5c-72bc827f2ef5:20160407213830.648:1591</Value>
          <Value>entryDN:1591:1:55a73700-c891-46fd-8f5c-72bc827f2ef5:20160407213830.648:1591</Value>
          <Value>isSingleValued:1591:1:55a73700-c891-46fd-8f5c-72bc827f2ef5:20160407213830.648:1591</Value>
          <Value>lDAPDisplayName:1591:1:55a73700-c891-46fd-8f5c-72bc827f2ef5:20160407213830.648:1591</Value>
          <Value>modifyTimeStamp:1591:1:55a73700-c891-46fd-8f5c-72bc827f2ef5:20160407213830.648:1591</Value>
          <Value>objectClass:1591:1:55a73700-c891-46fd-8f5c-72bc827f2ef5:20160407213830.648:1591</Value>
          <Value>objectGUID:1591:1:55a73700-c891-46fd-8f5c-72bc827f2ef5:20160407213830.648:1591</Value>
          <Value>oMSyntax:1591:1:55a73700-c891-46fd-8f5c-72bc827f2ef5:20160407213830.648:1591</Value>
          <Value>schemaIDGUID:1591:1:55a73700-c891-46fd-8f5c-72bc827f2ef5:20160407213830.648:1591</Value>
          <Value>uSNChanged:1591:1:55a73700-c891-46fd-8f5c-72bc827f2ef5:20160407213830.648:1591</Value>
          <Value>uSNCreated:1591:1:55a73700-c891-46fd-8f5c-72bc827f2ef5:20160407213830.648:1591</Value>
          <Value>vmwAttributeUsage:1591:1:55a73700-c891-46fd-8f5c-72bc827f2ef5:20160407213830.648:1591</Value>
        </AttributeMetadata>
      </AttributeSchemaEntry>
      <AttributeSchemaEntry>
        <Name>trustParent</Name>
        <AttributeMetadata>
          <Value>attributeID:1349:1:55a73700-c891-46fd-8f5c-72bc827f2ef5:20160407213830.241:1349</Value>
          <Value>attributeSyntax:1349:1:55a73700-c891-46fd-8f5c-72bc827f2ef5:20160407213830.241:1349</Value>
          <Value>cn:1349:1:55a73700-c891-46fd-8f5c-72bc827f2ef5:20160407213830.241:1349</Value>
          <Value>createTimeStamp:1349:1:55a73700-c891-46fd-8f5c-72bc827f2ef5:20160407213830.241:1349</Value>
          <Value>entryDN:1349:1:55a73700-c891-46fd-8f5c-72bc827f2ef5:20160407213830.241:1349</Value>
          <Value>isSingleValued:1349:1:55a73700-c891-46fd-8f5c-72bc827f2ef5:20160407213830.241:1349</Value>
          <Value>lDAPDisplayName:1349:1:55a73700-c891-46fd-8f5c-72bc827f2ef5:20160407213830.241:1349</Value>
          <Value>modifyTimeStamp:1349:1:55a73700-c891-46fd-8f5c-72bc827f2ef5:20160407213830.241:1349</Value>
          <Value>objectClass:1349:1:55a73700-c891-46fd-8f5c-72bc827f2ef5:20160407213830.241:1349</Value>
          <Value>objectGUID:1349:1:55a73700-c891-46fd-8f5c-72bc827f2ef5:20160407213830.241:1349</Value>
          <Value>oMSyntax:1349:1:55a73700-c891-46fd-8f5c-72bc827f2ef5:20160407213830.241:1349</Value>
          <Value>schemaIDGUID:1349:1:55a73700-c891-46fd-8f5c-72bc827f2ef5:20160407213830.241:1349</Value>
          <Value>uSNChanged:1349:1:55a73700-c891-46fd-8f5c-72bc827f2ef5:20160407213830.241:1349</Value>
          <Value>uSNCreated:1349:1:55a73700-c891-46fd-8f5c-72bc827f2ef5:20160407213830.241:1349</Value>
          <Value>vmwAttributeUsage:1349:1:55a73700-c891-46fd-8f5c-72bc827f2ef5:20160407213830.241:1349</Value>
        </AttributeMetadata>
      </AttributeSchemaEntry>
      <AttributeSchemaEntry>
        <Name>trustPartner</Name>
        <AttributeMetadata>
          <Value>attributeID:371:1:55a73700-c891-46fd-8f5c-72bc827f2ef5:20160407213828.570:371</Value>
          <Value>attributeSyntax:371:1:55a73700-c891-46fd-8f5c-72bc827f2ef5:20160407213828.570:371</Value>
          <Value>cn:371:1:55a73700-c891-46fd-8f5c-72bc827f2ef5:20160407213828.570:371</Value>
          <Value>createTimeStamp:371:1:55a73700-c891-46fd-8f5c-72bc827f2ef5:20160407213828.570:371</Value>
          <Value>entryDN:371:1:55a73700-c891-46fd-8f5c-72bc827f2ef5:20160407213828.570:371</Value>
          <Value>isSingleValued:371:1:55a73700-c891-46fd-8f5c-72bc827f2ef5:20160407213828.570:371</Value>
          <Value>lDAPDisplayName:371:1:55a73700-c891-46fd-8f5c-72bc827f2ef5:20160407213828.570:371</Value>
          <Value>modifyTimeStamp:371:1:55a73700-c891-46fd-8f5c-72bc827f2ef5:20160407213828.570:371</Value>
          <Value>objectClass:371:1:55a73700-c891-46fd-8f5c-72bc827f2ef5:20160407213828.570:371</Value>
          <Value>objectGUID:371:1:55a73700-c891-46fd-8f5c-72bc827f2ef5:20160407213828.570:371</Value>
          <Value>oMSyntax:371:1:55a73700-c891-46fd-8f5c-72bc827f2ef5:20160407213828.570:371</Value>
          <Value>schemaIDGUID:371:1:55a73700-c891-46fd-8f5c-72bc827f2ef5:20160407213828.570:371</Value>
          <Value>uSNChanged:371:1:55a73700-c891-46fd-8f5c-72bc827f2ef5:20160407213828.570:371</Value>
          <Value>uSNCreated:371:1:55a73700-c891-46fd-8f5c-72bc827f2ef5:20160407213828.570:371</Value>
          <Value>vmwAttributeUsage:371:1:55a73700-c891-46fd-8f5c-72bc827f2ef5:20160407213828.570:371</Value>
        </AttributeMetadata>
      </AttributeSchemaEntry>
      <AttributeSchemaEntry>
        <Name>trustPosixOffset</Name>
        <AttributeMetadata>
          <Value>attributeID:1169:1:55a73700-c891-46fd-8f5c-72bc827f2ef5:20160407213829.942:1169</Value>
          <Value>attributeSyntax:1169:1:55a73700-c891-46fd-8f5c-72bc827f2ef5:20160407213829.942:1169</Value>
          <Value>cn:1169:1:55a73700-c891-46fd-8f5c-72bc827f2ef5:20160407213829.942:1169</Value>
          <Value>createTimeStamp:1169:1:55a73700-c891-46fd-8f5c-72bc827f2ef5:20160407213829.942:1169</Value>
          <Value>entryDN:1169:1:55a73700-c891-46fd-8f5c-72bc827f2ef5:20160407213829.942:1169</Value>
          <Value>isSingleValued:1169:1:55a73700-c891-46fd-8f5c-72bc827f2ef5:20160407213829.942:1169</Value>
          <Value>lDAPDisplayName:1169:1:55a73700-c891-46fd-8f5c-72bc827f2ef5:20160407213829.942:1169</Value>
          <Value>modifyTimeStamp:1169:1:55a73700-c891-46fd-8f5c-72bc827f2ef5:20160407213829.942:1169</Value>
          <Value>objectClass:1169:1:55a73700-c891-46fd-8f5c-72bc827f2ef5:20160407213829.942:1169</Value>
          <Value>objectGUID:1169:1:55a73700-c891-46fd-8f5c-72bc827f2ef5:20160407213829.942:1169</Value>
          <Value>oMSyntax:1169:1:55a73700-c891-46fd-8f5c-72bc827f2ef5:20160407213829.942:1169</Value>
          <Value>schemaIDGUID:1169:1:55a73700-c891-46fd-8f5c-72bc827f2ef5:20160407213829.942:1169</Value>
          <Value>uSNChanged:1169:1:55a73700-c891-46fd-8f5c-72bc827f2ef5:20160407213829.942:1169</Value>
          <Value>uSNCreated:1169:1:55a73700-c891-46fd-8f5c-72bc827f2ef5:20160407213829.942:1169</Value>
          <Value>vmwAttributeUsage:1169:1:55a73700-c891-46fd-8f5c-72bc827f2ef5:20160407213829.942:1169</Value>
        </AttributeMetadata>
      </AttributeSchemaEntry>
      <AttributeSchemaEntry>
        <Name>trustType</Name>
        <AttributeMetadata>
          <Value>attributeID:481:1:55a73700-c891-46fd-8f5c-72bc827f2ef5:20160407213828.744:481</Value>
          <Value>attributeSyntax:481:1:55a73700-c891-46fd-8f5c-72bc827f2ef5:20160407213828.744:481</Value>
          <Value>cn:481:1:55a73700-c891-46fd-8f5c-72bc827f2ef5:20160407213828.744:481</Value>
          <Value>createTimeStamp:481:1:55a73700-c891-46fd-8f5c-72bc827f2ef5:20160407213828.744:481</Value>
          <Value>entryDN:481:1:55a73700-c891-46fd-8f5c-72bc827f2ef5:20160407213828.744:481</Value>
          <Value>isSingleValued:481:1:55a73700-c891-46fd-8f5c-72bc827f2ef5:20160407213828.744:481</Value>
          <Value>lDAPDisplayName:481:1:55a73700-c891-46fd-8f5c-72bc827f2ef5:20160407213828.744:481</Value>
          <Value>modifyTimeStamp:481:1:55a73700-c891-46fd-8f5c-72bc827f2ef5:20160407213828.744:481</Value>
          <Value>objectClass:481:1:55a73700-c891-46fd-8f5c-72bc827f2ef5:20160407213828.744:481</Value>
          <Value>objectGUID:481:1:55a73700-c891-46fd-8f5c-72bc827f2ef5:20160407213828.744:481</Value>
          <Value>oMSyntax:481:1:55a73700-c891-46fd-8f5c-72bc827f2ef5:20160407213828.744:481</Value>
          <Value>schemaIDGUID:481:1:55a73700-c891-46fd-8f5c-72bc827f2ef5:20160407213828.744:481</Value>
          <Value>uSNChanged:481:1:55a73700-c891-46fd-8f5c-72bc827f2ef5:20160407213828.744:481</Value>
          <Value>uSNCreated:481:1:55a73700-c891-46fd-8f5c-72bc827f2ef5:20160407213828.744:481</Value>
          <Value>vmwAttributeUsage:481:1:55a73700-c891-46fd-8f5c-72bc827f2ef5:20160407213828.744:481</Value>
        </AttributeMetadata>
      </AttributeSchemaEntry>
      <AttributeSchemaEntry>
        <Name>uASCompat</Name>
        <AttributeMetadata>
          <Value>attributeID:1665:1:55a73700-c891-46fd-8f5c-72bc827f2ef5:20160407213830.771:1665</Value>
          <Value>attributeSyntax:1665:1:55a73700-c891-46fd-8f5c-72bc827f2ef5:20160407213830.771:1665</Value>
          <Value>cn:1665:1:55a73700-c891-46fd-8f5c-72bc827f2ef5:20160407213830.771:1665</Value>
          <Value>createTimeStamp:1665:1:55a73700-c891-46fd-8f5c-72bc827f2ef5:20160407213830.771:1665</Value>
          <Value>entryDN:1665:1:55a73700-c891-46fd-8f5c-72bc827f2ef5:20160407213830.771:1665</Value>
          <Value>isSingleValued:1665:1:55a73700-c891-46fd-8f5c-72bc827f2ef5:20160407213830.771:1665</Value>
          <Value>lDAPDisplayName:1665:1:55a73700-c891-46fd-8f5c-72bc827f2ef5:20160407213830.771:1665</Value>
          <Value>modifyTimeStamp:1665:1:55a73700-c891-46fd-8f5c-72bc827f2ef5:20160407213830.771:1665</Value>
          <Value>objectClass:1665:1:55a73700-c891-46fd-8f5c-72bc827f2ef5:20160407213830.771:1665</Value>
          <Value>objectGUID:1665:1:55a73700-c891-46fd-8f5c-72bc827f2ef5:20160407213830.771:1665</Value>
          <Value>oMSyntax:1665:1:55a73700-c891-46fd-8f5c-72bc827f2ef5:20160407213830.771:1665</Value>
          <Value>schemaIDGUID:1665:1:55a73700-c891-46fd-8f5c-72bc827f2ef5:20160407213830.771:1665</Value>
          <Value>uSNChanged:1665:1:55a73700-c891-46fd-8f5c-72bc827f2ef5:20160407213830.771:1665</Value>
          <Value>uSNCreated:1665:1:55a73700-c891-46fd-8f5c-72bc827f2ef5:20160407213830.771:1665</Value>
          <Value>vmwAttributeUsage:1665:1:55a73700-c891-46fd-8f5c-72bc827f2ef5:20160407213830.771:1665</Value>
        </AttributeMetadata>
      </AttributeSchemaEntry>
      <AttributeSchemaEntry>
        <Name>uid</Name>
        <AttributeMetadata>
          <Value>attributeID:1099:1:55a73700-c891-46fd-8f5c-72bc827f2ef5:20160407213829.819:1099</Value>
          <Value>attributeSyntax:1099:1:55a73700-c891-46fd-8f5c-72bc827f2ef5:20160407213829.819:1099</Value>
          <Value>cn:1099:1:55a73700-c891-46fd-8f5c-72bc827f2ef5:20160407213829.819:1099</Value>
          <Value>createTimeStamp:1099:1:55a73700-c891-46fd-8f5c-72bc827f2ef5:20160407213829.819:1099</Value>
          <Value>entryDN:1099:1:55a73700-c891-46fd-8f5c-72bc827f2ef5:20160407213829.819:1099</Value>
          <Value>isSingleValued:1099:1:55a73700-c891-46fd-8f5c-72bc827f2ef5:20160407213829.819:1099</Value>
          <Value>lDAPDisplayName:1099:1:55a73700-c891-46fd-8f5c-72bc827f2ef5:20160407213829.819:1099</Value>
          <Value>modifyTimeStamp:1099:1:55a73700-c891-46fd-8f5c-72bc827f2ef5:20160407213829.819:1099</Value>
          <Value>objectClass:1099:1:55a73700-c891-46fd-8f5c-72bc827f2ef5:20160407213829.819:1099</Value>
          <Value>objectGUID:1099:1:55a73700-c891-46fd-8f5c-72bc827f2ef5:20160407213829.819:1099</Value>
          <Value>oMSyntax:1099:1:55a73700-c891-46fd-8f5c-72bc827f2ef5:20160407213829.819:1099</Value>
          <Value>schemaIDGUID:1099:1:55a73700-c891-46fd-8f5c-72bc827f2ef5:20160407213829.819:1099</Value>
          <Value>uSNChanged:1099:1:55a73700-c891-46fd-8f5c-72bc827f2ef5:20160407213829.819:1099</Value>
          <Value>uSNCreated:1099:1:55a73700-c891-46fd-8f5c-72bc827f2ef5:20160407213829.819:1099</Value>
          <Value>vmwAttributeUsage:1099:1:55a73700-c891-46fd-8f5c-72bc827f2ef5:20160407213829.819:1099</Value>
        </AttributeMetadata>
      </AttributeSchemaEntry>
      <AttributeSchemaEntry>
        <Name>uidNumber</Name>
        <AttributeMetadata>
          <Value>attributeID:1053:1:55a73700-c891-46fd-8f5c-72bc827f2ef5:20160407213829.718:1053</Value>
          <Value>attributeSyntax:1053:1:55a73700-c891-46fd-8f5c-72bc827f2ef5:20160407213829.718:1053</Value>
          <Value>cn:1053:1:55a73700-c891-46fd-8f5c-72bc827f2ef5:20160407213829.718:1053</Value>
          <Value>createTimeStamp:1053:1:55a73700-c891-46fd-8f5c-72bc827f2ef5:20160407213829.718:1053</Value>
          <Value>entryDN:1053:1:55a73700-c891-46fd-8f5c-72bc827f2ef5:20160407213829.718:1053</Value>
          <Value>isSingleValued:1053:1:55a73700-c891-46fd-8f5c-72bc827f2ef5:20160407213829.718:1053</Value>
          <Value>lDAPDisplayName:1053:1:55a73700-c891-46fd-8f5c-72bc827f2ef5:20160407213829.718:1053</Value>
          <Value>modifyTimeStamp:1053:1:55a73700-c891-46fd-8f5c-72bc827f2ef5:20160407213829.718:1053</Value>
          <Value>objectClass:1053:1:55a73700-c891-46fd-8f5c-72bc827f2ef5:20160407213829.718:1053</Value>
          <Value>objectGUID:1053:1:55a73700-c891-46fd-8f5c-72bc827f2ef5:20160407213829.718:1053</Value>
          <Value>oMSyntax:1053:1:55a73700-c891-46fd-8f5c-72bc827f2ef5:20160407213829.718:1053</Value>
          <Value>schemaIDGUID:1053:1:55a73700-c891-46fd-8f5c-72bc827f2ef5:20160407213829.718:1053</Value>
          <Value>uSNChanged:1053:1:55a73700-c891-46fd-8f5c-72bc827f2ef5:20160407213829.718:1053</Value>
          <Value>uSNCreated:1053:1:55a73700-c891-46fd-8f5c-72bc827f2ef5:20160407213829.718:1053</Value>
          <Value>vmwAttributeUsage:1053:1:55a73700-c891-46fd-8f5c-72bc827f2ef5:20160407213829.718:1053</Value>
        </AttributeMetadata>
      </AttributeSchemaEntry>
      <AttributeSchemaEntry>
        <Name>uNCName</Name>
        <AttributeMetadata>
          <Value>attributeID:944:1:55a73700-c891-46fd-8f5c-72bc827f2ef5:20160407213829.538:944</Value>
          <Value>attributeSyntax:944:1:55a73700-c891-46fd-8f5c-72bc827f2ef5:20160407213829.538:944</Value>
          <Value>cn:944:1:55a73700-c891-46fd-8f5c-72bc827f2ef5:20160407213829.538:944</Value>
          <Value>createTimeStamp:944:1:55a73700-c891-46fd-8f5c-72bc827f2ef5:20160407213829.538:944</Value>
          <Value>entryDN:944:1:55a73700-c891-46fd-8f5c-72bc827f2ef5:20160407213829.538:944</Value>
          <Value>isSingleValued:944:1:55a73700-c891-46fd-8f5c-72bc827f2ef5:20160407213829.538:944</Value>
          <Value>lDAPDisplayName:944:1:55a73700-c891-46fd-8f5c-72bc827f2ef5:20160407213829.538:944</Value>
          <Value>modifyTimeStamp:944:1:55a73700-c891-46fd-8f5c-72bc827f2ef5:20160407213829.538:944</Value>
          <Value>objectClass:944:1:55a73700-c891-46fd-8f5c-72bc827f2ef5:20160407213829.538:944</Value>
          <Value>objectGUID:944:1:55a73700-c891-46fd-8f5c-72bc827f2ef5:20160407213829.538:944</Value>
          <Value>oMSyntax:944:1:55a73700-c891-46fd-8f5c-72bc827f2ef5:20160407213829.538:944</Value>
          <Value>schemaIDGUID:944:1:55a73700-c891-46fd-8f5c-72bc827f2ef5:20160407213829.538:944</Value>
          <Value>uSNChanged:944:1:55a73700-c891-46fd-8f5c-72bc827f2ef5:20160407213829.538:944</Value>
          <Value>uSNCreated:944:1:55a73700-c891-46fd-8f5c-72bc827f2ef5:20160407213829.538:944</Value>
          <Value>vmwAttributeUsage:944:1:55a73700-c891-46fd-8f5c-72bc827f2ef5:20160407213829.538:944</Value>
        </AttributeMetadata>
      </AttributeSchemaEntry>
      <AttributeSchemaEntry>
        <Name>unicodePwd</Name>
        <AttributeMetadata>
          <Value>attributeID:1710:1:55a73700-c891-46fd-8f5c-72bc827f2ef5:20160407213830.852:1710</Value>
          <Value>attributeSyntax:1710:1:55a73700-c891-46fd-8f5c-72bc827f2ef5:20160407213830.852:1710</Value>
          <Value>cn:1710:1:55a73700-c891-46fd-8f5c-72bc827f2ef5:20160407213830.852:1710</Value>
          <Value>createTimeStamp:1710:1:55a73700-c891-46fd-8f5c-72bc827f2ef5:20160407213830.852:1710</Value>
          <Value>entryDN:1710:1:55a73700-c891-46fd-8f5c-72bc827f2ef5:20160407213830.852:1710</Value>
          <Value>isSingleValued:1710:1:55a73700-c891-46fd-8f5c-72bc827f2ef5:20160407213830.852:1710</Value>
          <Value>lDAPDisplayName:1710:1:55a73700-c891-46fd-8f5c-72bc827f2ef5:20160407213830.852:1710</Value>
          <Value>modifyTimeStamp:1710:1:55a73700-c891-46fd-8f5c-72bc827f2ef5:20160407213830.852:1710</Value>
          <Value>objectClass:1710:1:55a73700-c891-46fd-8f5c-72bc827f2ef5:20160407213830.852:1710</Value>
          <Value>objectGUID:1710:1:55a73700-c891-46fd-8f5c-72bc827f2ef5:20160407213830.852:1710</Value>
          <Value>oMSyntax:1710:1:55a73700-c891-46fd-8f5c-72bc827f2ef5:20160407213830.852:1710</Value>
          <Value>schemaIDGUID:1710:1:55a73700-c891-46fd-8f5c-72bc827f2ef5:20160407213830.852:1710</Value>
          <Value>uSNChanged:1710:1:55a73700-c891-46fd-8f5c-72bc827f2ef5:20160407213830.852:1710</Value>
          <Value>uSNCreated:1710:1:55a73700-c891-46fd-8f5c-72bc827f2ef5:20160407213830.852:1710</Value>
          <Value>vmwAttributeUsage:1710:1:55a73700-c891-46fd-8f5c-72bc827f2ef5:20160407213830.852:1710</Value>
        </AttributeMetadata>
      </AttributeSchemaEntry>
      <AttributeSchemaEntry>
        <Name>uniqueIdentifier</Name>
        <AttributeMetadata>
          <Value>attributeID:631:1:55a73700-c891-46fd-8f5c-72bc827f2ef5:20160407213829.003:631</Value>
          <Value>attributeSyntax:631:1:55a73700-c891-46fd-8f5c-72bc827f2ef5:20160407213829.003:631</Value>
          <Value>cn:631:1:55a73700-c891-46fd-8f5c-72bc827f2ef5:20160407213829.003:631</Value>
          <Value>createTimeStamp:631:1:55a73700-c891-46fd-8f5c-72bc827f2ef5:20160407213829.003:631</Value>
          <Value>entryDN:631:1:55a73700-c891-46fd-8f5c-72bc827f2ef5:20160407213829.003:631</Value>
          <Value>isSingleValued:631:1:55a73700-c891-46fd-8f5c-72bc827f2ef5:20160407213829.003:631</Value>
          <Value>lDAPDisplayName:631:1:55a73700-c891-46fd-8f5c-72bc827f2ef5:20160407213829.003:631</Value>
          <Value>modifyTimeStamp:631:1:55a73700-c891-46fd-8f5c-72bc827f2ef5:20160407213829.003:631</Value>
          <Value>objectClass:631:1:55a73700-c891-46fd-8f5c-72bc827f2ef5:20160407213829.003:631</Value>
          <Value>objectGUID:631:1:55a73700-c891-46fd-8f5c-72bc827f2ef5:20160407213829.003:631</Value>
          <Value>oMSyntax:631:1:55a73700-c891-46fd-8f5c-72bc827f2ef5:20160407213829.003:631</Value>
          <Value>schemaIDGUID:631:1:55a73700-c891-46fd-8f5c-72bc827f2ef5:20160407213829.003:631</Value>
          <Value>uSNChanged:631:1:55a73700-c891-46fd-8f5c-72bc827f2ef5:20160407213829.003:631</Value>
          <Value>uSNCreated:631:1:55a73700-c891-46fd-8f5c-72bc827f2ef5:20160407213829.003:631</Value>
          <Value>vmwAttributeUsage:631:1:55a73700-c891-46fd-8f5c-72bc827f2ef5:20160407213829.003:631</Value>
        </AttributeMetadata>
      </AttributeSchemaEntry>
      <AttributeSchemaEntry>
        <Name>uniqueMember</Name>
        <AttributeMetadata>
          <Value>attributeID:323:1:55a73700-c891-46fd-8f5c-72bc827f2ef5:20160407213828.501:323</Value>
          <Value>attributeSyntax:323:1:55a73700-c891-46fd-8f5c-72bc827f2ef5:20160407213828.501:323</Value>
          <Value>cn:323:1:55a73700-c891-46fd-8f5c-72bc827f2ef5:20160407213828.501:323</Value>
          <Value>createTimeStamp:323:1:55a73700-c891-46fd-8f5c-72bc827f2ef5:20160407213828.501:323</Value>
          <Value>entryDN:323:1:55a73700-c891-46fd-8f5c-72bc827f2ef5:20160407213828.501:323</Value>
          <Value>isSingleValued:323:1:55a73700-c891-46fd-8f5c-72bc827f2ef5:20160407213828.501:323</Value>
          <Value>lDAPDisplayName:323:1:55a73700-c891-46fd-8f5c-72bc827f2ef5:20160407213828.501:323</Value>
          <Value>modifyTimeStamp:323:1:55a73700-c891-46fd-8f5c-72bc827f2ef5:20160407213828.501:323</Value>
          <Value>objectClass:323:1:55a73700-c891-46fd-8f5c-72bc827f2ef5:20160407213828.501:323</Value>
          <Value>objectGUID:323:1:55a73700-c891-46fd-8f5c-72bc827f2ef5:20160407213828.501:323</Value>
          <Value>oMSyntax:323:1:55a73700-c891-46fd-8f5c-72bc827f2ef5:20160407213828.501:323</Value>
          <Value>schemaIDGUID:323:1:55a73700-c891-46fd-8f5c-72bc827f2ef5:20160407213828.501:323</Value>
          <Value>uSNChanged:323:1:55a73700-c891-46fd-8f5c-72bc827f2ef5:20160407213828.501:323</Value>
          <Value>uSNCreated:323:1:55a73700-c891-46fd-8f5c-72bc827f2ef5:20160407213828.501:323</Value>
          <Value>vmwAttributeUsage:323:1:55a73700-c891-46fd-8f5c-72bc827f2ef5:20160407213828.501:323</Value>
        </AttributeMetadata>
      </AttributeSchemaEntry>
      <AttributeSchemaEntry>
        <Name>unixHomeDirectory</Name>
        <AttributeMetadata>
          <Value>attributeID:1535:1:55a73700-c891-46fd-8f5c-72bc827f2ef5:20160407213830.551:1535</Value>
          <Value>attributeSyntax:1535:1:55a73700-c891-46fd-8f5c-72bc827f2ef5:20160407213830.551:1535</Value>
          <Value>cn:1535:1:55a73700-c891-46fd-8f5c-72bc827f2ef5:20160407213830.551:1535</Value>
          <Value>createTimeStamp:1535:1:55a73700-c891-46fd-8f5c-72bc827f2ef5:20160407213830.551:1535</Value>
          <Value>entryDN:1535:1:55a73700-c891-46fd-8f5c-72bc827f2ef5:20160407213830.551:1535</Value>
          <Value>isSingleValued:1535:1:55a73700-c891-46fd-8f5c-72bc827f2ef5:20160407213830.551:1535</Value>
          <Value>lDAPDisplayName:1535:1:55a73700-c891-46fd-8f5c-72bc827f2ef5:20160407213830.551:1535</Value>
          <Value>modifyTimeStamp:1535:1:55a73700-c891-46fd-8f5c-72bc827f2ef5:20160407213830.551:1535</Value>
          <Value>objectClass:1535:1:55a73700-c891-46fd-8f5c-72bc827f2ef5:20160407213830.551:1535</Value>
          <Value>objectGUID:1535:1:55a73700-c891-46fd-8f5c-72bc827f2ef5:20160407213830.551:1535</Value>
          <Value>oMSyntax:1535:1:55a73700-c891-46fd-8f5c-72bc827f2ef5:20160407213830.551:1535</Value>
          <Value>schemaIDGUID:1535:1:55a73700-c891-46fd-8f5c-72bc827f2ef5:20160407213830.551:1535</Value>
          <Value>uSNChanged:1535:1:55a73700-c891-46fd-8f5c-72bc827f2ef5:20160407213830.551:1535</Value>
          <Value>uSNCreated:1535:1:55a73700-c891-46fd-8f5c-72bc827f2ef5:20160407213830.551:1535</Value>
          <Value>vmwAttributeUsage:1535:1:55a73700-c891-46fd-8f5c-72bc827f2ef5:20160407213830.551:1535</Value>
        </AttributeMetadata>
      </AttributeSchemaEntry>
      <AttributeSchemaEntry>
        <Name>unixUserPassword</Name>
        <AttributeMetadata>
          <Value>attributeID:964:1:55a73700-c891-46fd-8f5c-72bc827f2ef5:20160407213829.567:964</Value>
          <Value>attributeSyntax:964:1:55a73700-c891-46fd-8f5c-72bc827f2ef5:20160407213829.567:964</Value>
          <Value>cn:964:1:55a73700-c891-46fd-8f5c-72bc827f2ef5:20160407213829.567:964</Value>
          <Value>createTimeStamp:964:1:55a73700-c891-46fd-8f5c-72bc827f2ef5:20160407213829.567:964</Value>
          <Value>entryDN:964:1:55a73700-c891-46fd-8f5c-72bc827f2ef5:20160407213829.567:964</Value>
          <Value>isSingleValued:964:1:55a73700-c891-46fd-8f5c-72bc827f2ef5:20160407213829.567:964</Value>
          <Value>lDAPDisplayName:964:1:55a73700-c891-46fd-8f5c-72bc827f2ef5:20160407213829.567:964</Value>
          <Value>modifyTimeStamp:964:1:55a73700-c891-46fd-8f5c-72bc827f2ef5:20160407213829.567:964</Value>
          <Value>objectClass:964:1:55a73700-c891-46fd-8f5c-72bc827f2ef5:20160407213829.567:964</Value>
          <Value>objectGUID:964:1:55a73700-c891-46fd-8f5c-72bc827f2ef5:20160407213829.567:964</Value>
          <Value>oMSyntax:964:1:55a73700-c891-46fd-8f5c-72bc827f2ef5:20160407213829.567:964</Value>
          <Value>schemaIDGUID:964:1:55a73700-c891-46fd-8f5c-72bc827f2ef5:20160407213829.567:964</Value>
          <Value>uSNChanged:964:1:55a73700-c891-46fd-8f5c-72bc827f2ef5:20160407213829.567:964</Value>
          <Value>uSNCreated:964:1:55a73700-c891-46fd-8f5c-72bc827f2ef5:20160407213829.567:964</Value>
          <Value>vmwAttributeUsage:964:1:55a73700-c891-46fd-8f5c-72bc827f2ef5:20160407213829.567:964</Value>
        </AttributeMetadata>
      </AttributeSchemaEntry>
      <AttributeSchemaEntry>
        <Name>unstructuredAddress</Name>
        <AttributeMetadata>
          <Value>attributeID:186:1:55a73700-c891-46fd-8f5c-72bc827f2ef5:20160407213828.301:186</Value>
          <Value>attributeSyntax:186:1:55a73700-c891-46fd-8f5c-72bc827f2ef5:20160407213828.301:186</Value>
          <Value>cn:186:1:55a73700-c891-46fd-8f5c-72bc827f2ef5:20160407213828.301:186</Value>
          <Value>createTimeStamp:186:1:55a73700-c891-46fd-8f5c-72bc827f2ef5:20160407213828.301:186</Value>
          <Value>entryDN:186:1:55a73700-c891-46fd-8f5c-72bc827f2ef5:20160407213828.301:186</Value>
          <Value>isSingleValued:186:1:55a73700-c891-46fd-8f5c-72bc827f2ef5:20160407213828.301:186</Value>
          <Value>lDAPDisplayName:186:1:55a73700-c891-46fd-8f5c-72bc827f2ef5:20160407213828.301:186</Value>
          <Value>modifyTimeStamp:186:1:55a73700-c891-46fd-8f5c-72bc827f2ef5:20160407213828.301:186</Value>
          <Value>objectClass:186:1:55a73700-c891-46fd-8f5c-72bc827f2ef5:20160407213828.301:186</Value>
          <Value>objectGUID:186:1:55a73700-c891-46fd-8f5c-72bc827f2ef5:20160407213828.301:186</Value>
          <Value>oMSyntax:186:1:55a73700-c891-46fd-8f5c-72bc827f2ef5:20160407213828.301:186</Value>
          <Value>schemaIDGUID:186:1:55a73700-c891-46fd-8f5c-72bc827f2ef5:20160407213828.301:186</Value>
          <Value>uSNChanged:186:1:55a73700-c891-46fd-8f5c-72bc827f2ef5:20160407213828.301:186</Value>
          <Value>uSNCreated:186:1:55a73700-c891-46fd-8f5c-72bc827f2ef5:20160407213828.301:186</Value>
          <Value>vmwAttributeUsage:186:1:55a73700-c891-46fd-8f5c-72bc827f2ef5:20160407213828.301:186</Value>
        </AttributeMetadata>
      </AttributeSchemaEntry>
      <AttributeSchemaEntry>
        <Name>unstructuredName</Name>
        <AttributeMetadata>
          <Value>attributeID:1212:1:55a73700-c891-46fd-8f5c-72bc827f2ef5:20160407213830.011:1212</Value>
          <Value>attributeSyntax:1212:1:55a73700-c891-46fd-8f5c-72bc827f2ef5:20160407213830.011:1212</Value>
          <Value>cn:1212:1:55a73700-c891-46fd-8f5c-72bc827f2ef5:20160407213830.011:1212</Value>
          <Value>createTimeStamp:1212:1:55a73700-c891-46fd-8f5c-72bc827f2ef5:20160407213830.011:1212</Value>
          <Value>entryDN:1212:1:55a73700-c891-46fd-8f5c-72bc827f2ef5:20160407213830.011:1212</Value>
          <Value>isSingleValued:1212:1:55a73700-c891-46fd-8f5c-72bc827f2ef5:20160407213830.011:1212</Value>
          <Value>lDAPDisplayName:1212:1:55a73700-c891-46fd-8f5c-72bc827f2ef5:20160407213830.011:1212</Value>
          <Value>modifyTimeStamp:1212:1:55a73700-c891-46fd-8f5c-72bc827f2ef5:20160407213830.011:1212</Value>
          <Value>objectClass:1212:1:55a73700-c891-46fd-8f5c-72bc827f2ef5:20160407213830.011:1212</Value>
          <Value>objectGUID:1212:1:55a73700-c891-46fd-8f5c-72bc827f2ef5:20160407213830.011:1212</Value>
          <Value>oMSyntax:1212:1:55a73700-c891-46fd-8f5c-72bc827f2ef5:20160407213830.011:1212</Value>
          <Value>schemaIDGUID:1212:1:55a73700-c891-46fd-8f5c-72bc827f2ef5:20160407213830.011:1212</Value>
          <Value>uSNChanged:1212:1:55a73700-c891-46fd-8f5c-72bc827f2ef5:20160407213830.011:1212</Value>
          <Value>uSNCreated:1212:1:55a73700-c891-46fd-8f5c-72bc827f2ef5:20160407213830.011:1212</Value>
          <Value>vmwAttributeUsage:1212:1:55a73700-c891-46fd-8f5c-72bc827f2ef5:20160407213830.011:1212</Value>
        </AttributeMetadata>
      </AttributeSchemaEntry>
      <AttributeSchemaEntry>
        <Name>upgradeProductCode</Name>
        <AttributeMetadata>
          <Value>attributeID:149:1:55a73700-c891-46fd-8f5c-72bc827f2ef5:20160407213828.247:149</Value>
          <Value>attributeSyntax:149:1:55a73700-c891-46fd-8f5c-72bc827f2ef5:20160407213828.247:149</Value>
          <Value>cn:149:1:55a73700-c891-46fd-8f5c-72bc827f2ef5:20160407213828.247:149</Value>
          <Value>createTimeStamp:149:1:55a73700-c891-46fd-8f5c-72bc827f2ef5:20160407213828.247:149</Value>
          <Value>entryDN:149:1:55a73700-c891-46fd-8f5c-72bc827f2ef5:20160407213828.247:149</Value>
          <Value>isSingleValued:149:1:55a73700-c891-46fd-8f5c-72bc827f2ef5:20160407213828.247:149</Value>
          <Value>lDAPDisplayName:149:1:55a73700-c891-46fd-8f5c-72bc827f2ef5:20160407213828.247:149</Value>
          <Value>modifyTimeStamp:149:1:55a73700-c891-46fd-8f5c-72bc827f2ef5:20160407213828.247:149</Value>
          <Value>objectClass:149:1:55a73700-c891-46fd-8f5c-72bc827f2ef5:20160407213828.247:149</Value>
          <Value>objectGUID:149:1:55a73700-c891-46fd-8f5c-72bc827f2ef5:20160407213828.247:149</Value>
          <Value>oMSyntax:149:1:55a73700-c891-46fd-8f5c-72bc827f2ef5:20160407213828.247:149</Value>
          <Value>schemaIDGUID:149:1:55a73700-c891-46fd-8f5c-72bc827f2ef5:20160407213828.247:149</Value>
          <Value>uSNChanged:149:1:55a73700-c891-46fd-8f5c-72bc827f2ef5:20160407213828.247:149</Value>
          <Value>uSNCreated:149:1:55a73700-c891-46fd-8f5c-72bc827f2ef5:20160407213828.247:149</Value>
          <Value>vmwAttributeUsage:149:1:55a73700-c891-46fd-8f5c-72bc827f2ef5:20160407213828.247:149</Value>
        </AttributeMetadata>
      </AttributeSchemaEntry>
      <AttributeSchemaEntry>
        <Name>uPNSuffixes</Name>
        <AttributeMetadata>
          <Value>attributeID:1025:1:55a73700-c891-46fd-8f5c-72bc827f2ef5:20160407213829.672:1025</Value>
          <Value>attributeSyntax:1025:1:55a73700-c891-46fd-8f5c-72bc827f2ef5:20160407213829.672:1025</Value>
          <Value>cn:1025:1:55a73700-c891-46fd-8f5c-72bc827f2ef5:20160407213829.672:1025</Value>
          <Value>createTimeStamp:1025:1:55a73700-c891-46fd-8f5c-72bc827f2ef5:20160407213829.672:1025</Value>
          <Value>entryDN:1025:1:55a73700-c891-46fd-8f5c-72bc827f2ef5:20160407213829.672:1025</Value>
          <Value>isSingleValued:1025:1:55a73700-c891-46fd-8f5c-72bc827f2ef5:20160407213829.672:1025</Value>
          <Value>lDAPDisplayName:1025:1:55a73700-c891-46fd-8f5c-72bc827f2ef5:20160407213829.672:1025</Value>
          <Value>modifyTimeStamp:1025:1:55a73700-c891-46fd-8f5c-72bc827f2ef5:20160407213829.672:1025</Value>
          <Value>objectClass:1025:1:55a73700-c891-46fd-8f5c-72bc827f2ef5:20160407213829.672:1025</Value>
          <Value>objectGUID:1025:1:55a73700-c891-46fd-8f5c-72bc827f2ef5:20160407213829.672:1025</Value>
          <Value>oMSyntax:1025:1:55a73700-c891-46fd-8f5c-72bc827f2ef5:20160407213829.672:1025</Value>
          <Value>schemaIDGUID:1025:1:55a73700-c891-46fd-8f5c-72bc827f2ef5:20160407213829.672:1025</Value>
          <Value>uSNChanged:1025:1:55a73700-c891-46fd-8f5c-72bc827f2ef5:20160407213829.672:1025</Value>
          <Value>uSNCreated:1025:1:55a73700-c891-46fd-8f5c-72bc827f2ef5:20160407213829.672:1025</Value>
          <Value>vmwAttributeUsage:1025:1:55a73700-c891-46fd-8f5c-72bc827f2ef5:20160407213829.672:1025</Value>
        </AttributeMetadata>
      </AttributeSchemaEntry>
      <AttributeSchemaEntry>
        <Name>upToDateVector</Name>
        <AttributeMetadata>
          <Value>attributeID:837:1:55a73700-c891-46fd-8f5c-72bc827f2ef5:20160407213829.355:837</Value>
          <Value>attributeSyntax:837:1:55a73700-c891-46fd-8f5c-72bc827f2ef5:20160407213829.355:837</Value>
          <Value>cn:837:1:55a73700-c891-46fd-8f5c-72bc827f2ef5:20160407213829.355:837</Value>
          <Value>createTimeStamp:837:1:55a73700-c891-46fd-8f5c-72bc827f2ef5:20160407213829.355:837</Value>
          <Value>description:837:1:55a73700-c891-46fd-8f5c-72bc827f2ef5:20160407213829.355:837</Value>
          <Value>entryDN:837:1:55a73700-c891-46fd-8f5c-72bc827f2ef5:20160407213829.355:837</Value>
          <Value>isSingleValued:837:1:55a73700-c891-46fd-8f5c-72bc827f2ef5:20160407213829.355:837</Value>
          <Value>lDAPDisplayName:837:1:55a73700-c891-46fd-8f5c-72bc827f2ef5:20160407213829.355:837</Value>
          <Value>modifyTimeStamp:837:1:55a73700-c891-46fd-8f5c-72bc827f2ef5:20160407213829.355:837</Value>
          <Value>objectClass:837:1:55a73700-c891-46fd-8f5c-72bc827f2ef5:20160407213829.355:837</Value>
          <Value>objectGUID:837:1:55a73700-c891-46fd-8f5c-72bc827f2ef5:20160407213829.355:837</Value>
          <Value>oMSyntax:837:1:55a73700-c891-46fd-8f5c-72bc827f2ef5:20160407213829.355:837</Value>
          <Value>schemaIDGUID:837:1:55a73700-c891-46fd-8f5c-72bc827f2ef5:20160407213829.355:837</Value>
          <Value>uSNChanged:837:1:55a73700-c891-46fd-8f5c-72bc827f2ef5:20160407213829.355:837</Value>
          <Value>uSNCreated:837:1:55a73700-c891-46fd-8f5c-72bc827f2ef5:20160407213829.355:837</Value>
          <Value>vmwAttributeUsage:837:1:55a73700-c891-46fd-8f5c-72bc827f2ef5:20160407213829.355:837</Value>
        </AttributeMetadata>
      </AttributeSchemaEntry>
      <AttributeSchemaEntry>
        <Name>url</Name>
        <AttributeMetadata>
          <Value>attributeID:1340:1:55a73700-c891-46fd-8f5c-72bc827f2ef5:20160407213830.227:1340</Value>
          <Value>attributeSyntax:1340:1:55a73700-c891-46fd-8f5c-72bc827f2ef5:20160407213830.227:1340</Value>
          <Value>cn:1340:1:55a73700-c891-46fd-8f5c-72bc827f2ef5:20160407213830.227:1340</Value>
          <Value>createTimeStamp:1340:1:55a73700-c891-46fd-8f5c-72bc827f2ef5:20160407213830.227:1340</Value>
          <Value>entryDN:1340:1:55a73700-c891-46fd-8f5c-72bc827f2ef5:20160407213830.227:1340</Value>
          <Value>isSingleValued:1340:1:55a73700-c891-46fd-8f5c-72bc827f2ef5:20160407213830.227:1340</Value>
          <Value>lDAPDisplayName:1340:1:55a73700-c891-46fd-8f5c-72bc827f2ef5:20160407213830.227:1340</Value>
          <Value>modifyTimeStamp:1340:1:55a73700-c891-46fd-8f5c-72bc827f2ef5:20160407213830.227:1340</Value>
          <Value>objectClass:1340:1:55a73700-c891-46fd-8f5c-72bc827f2ef5:20160407213830.227:1340</Value>
          <Value>objectGUID:1340:1:55a73700-c891-46fd-8f5c-72bc827f2ef5:20160407213830.227:1340</Value>
          <Value>oMSyntax:1340:1:55a73700-c891-46fd-8f5c-72bc827f2ef5:20160407213830.227:1340</Value>
          <Value>schemaIDGUID:1340:1:55a73700-c891-46fd-8f5c-72bc827f2ef5:20160407213830.227:1340</Value>
          <Value>uSNChanged:1340:1:55a73700-c891-46fd-8f5c-72bc827f2ef5:20160407213830.227:1340</Value>
          <Value>uSNCreated:1340:1:55a73700-c891-46fd-8f5c-72bc827f2ef5:20160407213830.227:1340</Value>
          <Value>vmwAttributeUsage:1340:1:55a73700-c891-46fd-8f5c-72bc827f2ef5:20160407213830.227:1340</Value>
        </AttributeMetadata>
      </AttributeSchemaEntry>
      <AttributeSchemaEntry>
        <Name>userAccountControl</Name>
        <AttributeMetadata>
          <Value>attributeID:1192:1:55a73700-c891-46fd-8f5c-72bc827f2ef5:20160407213829.979:1192</Value>
          <Value>attributeSyntax:1192:1:55a73700-c891-46fd-8f5c-72bc827f2ef5:20160407213829.979:1192</Value>
          <Value>cn:1192:1:55a73700-c891-46fd-8f5c-72bc827f2ef5:20160407213829.979:1192</Value>
          <Value>createTimeStamp:1192:1:55a73700-c891-46fd-8f5c-72bc827f2ef5:20160407213829.979:1192</Value>
          <Value>entryDN:1192:1:55a73700-c891-46fd-8f5c-72bc827f2ef5:20160407213829.979:1192</Value>
          <Value>isSingleValued:1192:1:55a73700-c891-46fd-8f5c-72bc827f2ef5:20160407213829.979:1192</Value>
          <Value>lDAPDisplayName:1192:1:55a73700-c891-46fd-8f5c-72bc827f2ef5:20160407213829.979:1192</Value>
          <Value>modifyTimeStamp:1192:1:55a73700-c891-46fd-8f5c-72bc827f2ef5:20160407213829.979:1192</Value>
          <Value>objectClass:1192:1:55a73700-c891-46fd-8f5c-72bc827f2ef5:20160407213829.979:1192</Value>
          <Value>objectGUID:1192:1:55a73700-c891-46fd-8f5c-72bc827f2ef5:20160407213829.979:1192</Value>
          <Value>oMSyntax:1192:1:55a73700-c891-46fd-8f5c-72bc827f2ef5:20160407213829.979:1192</Value>
          <Value>schemaIDGUID:1192:1:55a73700-c891-46fd-8f5c-72bc827f2ef5:20160407213829.979:1192</Value>
          <Value>uSNChanged:1192:1:55a73700-c891-46fd-8f5c-72bc827f2ef5:20160407213829.979:1192</Value>
          <Value>uSNCreated:1192:1:55a73700-c891-46fd-8f5c-72bc827f2ef5:20160407213829.979:1192</Value>
          <Value>vmwAttributeUsage:1192:1:55a73700-c891-46fd-8f5c-72bc827f2ef5:20160407213829.979:1192</Value>
        </AttributeMetadata>
      </AttributeSchemaEntry>
      <AttributeSchemaEntry>
        <Name>userCert</Name>
        <AttributeMetadata>
          <Value>attributeID:681:1:55a73700-c891-46fd-8f5c-72bc827f2ef5:20160407213829.090:681</Value>
          <Value>attributeSyntax:681:1:55a73700-c891-46fd-8f5c-72bc827f2ef5:20160407213829.090:681</Value>
          <Value>cn:681:1:55a73700-c891-46fd-8f5c-72bc827f2ef5:20160407213829.090:681</Value>
          <Value>createTimeStamp:681:1:55a73700-c891-46fd-8f5c-72bc827f2ef5:20160407213829.090:681</Value>
          <Value>entryDN:681:1:55a73700-c891-46fd-8f5c-72bc827f2ef5:20160407213829.090:681</Value>
          <Value>isSingleValued:681:1:55a73700-c891-46fd-8f5c-72bc827f2ef5:20160407213829.090:681</Value>
          <Value>lDAPDisplayName:681:1:55a73700-c891-46fd-8f5c-72bc827f2ef5:20160407213829.090:681</Value>
          <Value>modifyTimeStamp:681:1:55a73700-c891-46fd-8f5c-72bc827f2ef5:20160407213829.090:681</Value>
          <Value>objectClass:681:1:55a73700-c891-46fd-8f5c-72bc827f2ef5:20160407213829.090:681</Value>
          <Value>objectGUID:681:1:55a73700-c891-46fd-8f5c-72bc827f2ef5:20160407213829.090:681</Value>
          <Value>oMSyntax:681:1:55a73700-c891-46fd-8f5c-72bc827f2ef5:20160407213829.090:681</Value>
          <Value>schemaIDGUID:681:1:55a73700-c891-46fd-8f5c-72bc827f2ef5:20160407213829.090:681</Value>
          <Value>uSNChanged:681:1:55a73700-c891-46fd-8f5c-72bc827f2ef5:20160407213829.090:681</Value>
          <Value>uSNCreated:681:1:55a73700-c891-46fd-8f5c-72bc827f2ef5:20160407213829.090:681</Value>
          <Value>vmwAttributeUsage:681:1:55a73700-c891-46fd-8f5c-72bc827f2ef5:20160407213829.090:681</Value>
        </AttributeMetadata>
      </AttributeSchemaEntry>
      <AttributeSchemaEntry>
        <Name>userCertificate</Name>
        <AttributeMetadata>
          <Value>attributeID:1338:1:55a73700-c891-46fd-8f5c-72bc827f2ef5:20160407213830.219:1338</Value>
          <Value>attributeSyntax:1338:1:55a73700-c891-46fd-8f5c-72bc827f2ef5:20160407213830.219:1338</Value>
          <Value>cn:1338:1:55a73700-c891-46fd-8f5c-72bc827f2ef5:20160407213830.219:1338</Value>
          <Value>createTimeStamp:1338:1:55a73700-c891-46fd-8f5c-72bc827f2ef5:20160407213830.219:1338</Value>
          <Value>entryDN:1338:1:55a73700-c891-46fd-8f5c-72bc827f2ef5:20160407213830.219:1338</Value>
          <Value>isSingleValued:1338:1:55a73700-c891-46fd-8f5c-72bc827f2ef5:20160407213830.219:1338</Value>
          <Value>lDAPDisplayName:1338:1:55a73700-c891-46fd-8f5c-72bc827f2ef5:20160407213830.219:1338</Value>
          <Value>modifyTimeStamp:1338:1:55a73700-c891-46fd-8f5c-72bc827f2ef5:20160407213830.219:1338</Value>
          <Value>objectClass:1338:1:55a73700-c891-46fd-8f5c-72bc827f2ef5:20160407213830.219:1338</Value>
          <Value>objectGUID:1338:1:55a73700-c891-46fd-8f5c-72bc827f2ef5:20160407213830.219:1338</Value>
          <Value>oMSyntax:1338:1:55a73700-c891-46fd-8f5c-72bc827f2ef5:20160407213830.219:1338</Value>
          <Value>schemaIDGUID:1338:1:55a73700-c891-46fd-8f5c-72bc827f2ef5:20160407213830.219:1338</Value>
          <Value>uSNChanged:1338:1:55a73700-c891-46fd-8f5c-72bc827f2ef5:20160407213830.219:1338</Value>
          <Value>uSNCreated:1338:1:55a73700-c891-46fd-8f5c-72bc827f2ef5:20160407213830.219:1338</Value>
          <Value>vmwAttributeUsage:1338:1:55a73700-c891-46fd-8f5c-72bc827f2ef5:20160407213830.219:1338</Value>
        </AttributeMetadata>
      </AttributeSchemaEntry>
      <AttributeSchemaEntry>
        <Name>userClass</Name>
        <AttributeMetadata>
          <Value>attributeID:1260:1:55a73700-c891-46fd-8f5c-72bc827f2ef5:20160407213830.097:1260</Value>
          <Value>attributeSyntax:1260:1:55a73700-c891-46fd-8f5c-72bc827f2ef5:20160407213830.097:1260</Value>
          <Value>cn:1260:1:55a73700-c891-46fd-8f5c-72bc827f2ef5:20160407213830.097:1260</Value>
          <Value>createTimeStamp:1260:1:55a73700-c891-46fd-8f5c-72bc827f2ef5:20160407213830.097:1260</Value>
          <Value>entryDN:1260:1:55a73700-c891-46fd-8f5c-72bc827f2ef5:20160407213830.097:1260</Value>
          <Value>isSingleValued:1260:1:55a73700-c891-46fd-8f5c-72bc827f2ef5:20160407213830.097:1260</Value>
          <Value>lDAPDisplayName:1260:1:55a73700-c891-46fd-8f5c-72bc827f2ef5:20160407213830.097:1260</Value>
          <Value>modifyTimeStamp:1260:1:55a73700-c891-46fd-8f5c-72bc827f2ef5:20160407213830.097:1260</Value>
          <Value>objectClass:1260:1:55a73700-c891-46fd-8f5c-72bc827f2ef5:20160407213830.097:1260</Value>
          <Value>objectGUID:1260:1:55a73700-c891-46fd-8f5c-72bc827f2ef5:20160407213830.097:1260</Value>
          <Value>oMSyntax:1260:1:55a73700-c891-46fd-8f5c-72bc827f2ef5:20160407213830.097:1260</Value>
          <Value>schemaIDGUID:1260:1:55a73700-c891-46fd-8f5c-72bc827f2ef5:20160407213830.097:1260</Value>
          <Value>uSNChanged:1260:1:55a73700-c891-46fd-8f5c-72bc827f2ef5:20160407213830.097:1260</Value>
          <Value>uSNCreated:1260:1:55a73700-c891-46fd-8f5c-72bc827f2ef5:20160407213830.097:1260</Value>
          <Value>vmwAttributeUsage:1260:1:55a73700-c891-46fd-8f5c-72bc827f2ef5:20160407213830.097:1260</Value>
        </AttributeMetadata>
      </AttributeSchemaEntry>
      <AttributeSchemaEntry>
        <Name>userParameters</Name>
        <AttributeMetadata>
          <Value>attributeID:1162:1:55a73700-c891-46fd-8f5c-72bc827f2ef5:20160407213829.923:1162</Value>
          <Value>attributeSyntax:1162:1:55a73700-c891-46fd-8f5c-72bc827f2ef5:20160407213829.923:1162</Value>
          <Value>cn:1162:1:55a73700-c891-46fd-8f5c-72bc827f2ef5:20160407213829.923:1162</Value>
          <Value>createTimeStamp:1162:1:55a73700-c891-46fd-8f5c-72bc827f2ef5:20160407213829.923:1162</Value>
          <Value>entryDN:1162:1:55a73700-c891-46fd-8f5c-72bc827f2ef5:20160407213829.923:1162</Value>
          <Value>isSingleValued:1162:1:55a73700-c891-46fd-8f5c-72bc827f2ef5:20160407213829.923:1162</Value>
          <Value>lDAPDisplayName:1162:1:55a73700-c891-46fd-8f5c-72bc827f2ef5:20160407213829.923:1162</Value>
          <Value>modifyTimeStamp:1162:1:55a73700-c891-46fd-8f5c-72bc827f2ef5:20160407213829.923:1162</Value>
          <Value>objectClass:1162:1:55a73700-c891-46fd-8f5c-72bc827f2ef5:20160407213829.923:1162</Value>
          <Value>objectGUID:1162:1:55a73700-c891-46fd-8f5c-72bc827f2ef5:20160407213829.923:1162</Value>
          <Value>oMSyntax:1162:1:55a73700-c891-46fd-8f5c-72bc827f2ef5:20160407213829.923:1162</Value>
          <Value>schemaIDGUID:1162:1:55a73700-c891-46fd-8f5c-72bc827f2ef5:20160407213829.923:1162</Value>
          <Value>uSNChanged:1162:1:55a73700-c891-46fd-8f5c-72bc827f2ef5:20160407213829.923:1162</Value>
          <Value>uSNCreated:1162:1:55a73700-c891-46fd-8f5c-72bc827f2ef5:20160407213829.923:1162</Value>
          <Value>vmwAttributeUsage:1162:1:55a73700-c891-46fd-8f5c-72bc827f2ef5:20160407213829.923:1162</Value>
        </AttributeMetadata>
      </AttributeSchemaEntry>
      <AttributeSchemaEntry>
        <Name>userPassword</Name>
        <AttributeMetadata>
          <Value>attributeID:470:1:55a73700-c891-46fd-8f5c-72bc827f2ef5:20160407213828.734:470</Value>
          <Value>attributeSyntax:470:1:55a73700-c891-46fd-8f5c-72bc827f2ef5:20160407213828.734:470</Value>
          <Value>cn:470:1:55a73700-c891-46fd-8f5c-72bc827f2ef5:20160407213828.734:470</Value>
          <Value>createTimeStamp:470:1:55a73700-c891-46fd-8f5c-72bc827f2ef5:20160407213828.734:470</Value>
          <Value>entryDN:470:1:55a73700-c891-46fd-8f5c-72bc827f2ef5:20160407213828.734:470</Value>
          <Value>isSingleValued:470:1:55a73700-c891-46fd-8f5c-72bc827f2ef5:20160407213828.734:470</Value>
          <Value>lDAPDisplayName:470:1:55a73700-c891-46fd-8f5c-72bc827f2ef5:20160407213828.734:470</Value>
          <Value>modifyTimeStamp:470:1:55a73700-c891-46fd-8f5c-72bc827f2ef5:20160407213828.734:470</Value>
          <Value>objectClass:470:1:55a73700-c891-46fd-8f5c-72bc827f2ef5:20160407213828.734:470</Value>
          <Value>objectGUID:470:1:55a73700-c891-46fd-8f5c-72bc827f2ef5:20160407213828.734:470</Value>
          <Value>oMSyntax:470:1:55a73700-c891-46fd-8f5c-72bc827f2ef5:20160407213828.734:470</Value>
          <Value>schemaIDGUID:470:1:55a73700-c891-46fd-8f5c-72bc827f2ef5:20160407213828.734:470</Value>
          <Value>uSNChanged:470:1:55a73700-c891-46fd-8f5c-72bc827f2ef5:20160407213828.734:470</Value>
          <Value>uSNCreated:470:1:55a73700-c891-46fd-8f5c-72bc827f2ef5:20160407213828.734:470</Value>
          <Value>vmwAttributeUsage:470:1:55a73700-c891-46fd-8f5c-72bc827f2ef5:20160407213828.734:470</Value>
        </AttributeMetadata>
      </AttributeSchemaEntry>
      <AttributeSchemaEntry>
        <Name>userPKCS12</Name>
        <AttributeMetadata>
          <Value>attributeID:1190:1:55a73700-c891-46fd-8f5c-72bc827f2ef5:20160407213829.976:1190</Value>
          <Value>attributeSyntax:1190:1:55a73700-c891-46fd-8f5c-72bc827f2ef5:20160407213829.976:1190</Value>
          <Value>cn:1190:1:55a73700-c891-46fd-8f5c-72bc827f2ef5:20160407213829.976:1190</Value>
          <Value>createTimeStamp:1190:1:55a73700-c891-46fd-8f5c-72bc827f2ef5:20160407213829.976:1190</Value>
          <Value>entryDN:1190:1:55a73700-c891-46fd-8f5c-72bc827f2ef5:20160407213829.976:1190</Value>
          <Value>isSingleValued:1190:1:55a73700-c891-46fd-8f5c-72bc827f2ef5:20160407213829.976:1190</Value>
          <Value>lDAPDisplayName:1190:1:55a73700-c891-46fd-8f5c-72bc827f2ef5:20160407213829.976:1190</Value>
          <Value>modifyTimeStamp:1190:1:55a73700-c891-46fd-8f5c-72bc827f2ef5:20160407213829.976:1190</Value>
          <Value>objectClass:1190:1:55a73700-c891-46fd-8f5c-72bc827f2ef5:20160407213829.976:1190</Value>
          <Value>objectGUID:1190:1:55a73700-c891-46fd-8f5c-72bc827f2ef5:20160407213829.976:1190</Value>
          <Value>oMSyntax:1190:1:55a73700-c891-46fd-8f5c-72bc827f2ef5:20160407213829.976:1190</Value>
          <Value>schemaIDGUID:1190:1:55a73700-c891-46fd-8f5c-72bc827f2ef5:20160407213829.976:1190</Value>
          <Value>uSNChanged:1190:1:55a73700-c891-46fd-8f5c-72bc827f2ef5:20160407213829.976:1190</Value>
          <Value>uSNCreated:1190:1:55a73700-c891-46fd-8f5c-72bc827f2ef5:20160407213829.976:1190</Value>
          <Value>vmwAttributeUsage:1190:1:55a73700-c891-46fd-8f5c-72bc827f2ef5:20160407213829.976:1190</Value>
        </AttributeMetadata>
      </AttributeSchemaEntry>
      <AttributeSchemaEntry>
        <Name>userPrincipalName</Name>
        <AttributeMetadata>
          <Value>attributeID:529:1:55a73700-c891-46fd-8f5c-72bc827f2ef5:20160407213828.828:529</Value>
          <Value>attributeSyntax:529:1:55a73700-c891-46fd-8f5c-72bc827f2ef5:20160407213828.828:529</Value>
          <Value>cn:529:1:55a73700-c891-46fd-8f5c-72bc827f2ef5:20160407213828.828:529</Value>
          <Value>createTimeStamp:529:1:55a73700-c891-46fd-8f5c-72bc827f2ef5:20160407213828.828:529</Value>
          <Value>entryDN:529:1:55a73700-c891-46fd-8f5c-72bc827f2ef5:20160407213828.828:529</Value>
          <Value>isSingleValued:529:1:55a73700-c891-46fd-8f5c-72bc827f2ef5:20160407213828.828:529</Value>
          <Value>lDAPDisplayName:529:1:55a73700-c891-46fd-8f5c-72bc827f2ef5:20160407213828.828:529</Value>
          <Value>modifyTimeStamp:529:1:55a73700-c891-46fd-8f5c-72bc827f2ef5:20160407213828.828:529</Value>
          <Value>objectClass:529:1:55a73700-c891-46fd-8f5c-72bc827f2ef5:20160407213828.828:529</Value>
          <Value>objectGUID:529:1:55a73700-c891-46fd-8f5c-72bc827f2ef5:20160407213828.828:529</Value>
          <Value>oMSyntax:529:1:55a73700-c891-46fd-8f5c-72bc827f2ef5:20160407213828.828:529</Value>
          <Value>schemaIDGUID:529:1:55a73700-c891-46fd-8f5c-72bc827f2ef5:20160407213828.828:529</Value>
          <Value>uSNChanged:529:1:55a73700-c891-46fd-8f5c-72bc827f2ef5:20160407213828.828:529</Value>
          <Value>uSNCreated:529:1:55a73700-c891-46fd-8f5c-72bc827f2ef5:20160407213828.828:529</Value>
          <Value>vmwAttributeUsage:529:1:55a73700-c891-46fd-8f5c-72bc827f2ef5:20160407213828.828:529</Value>
        </AttributeMetadata>
      </AttributeSchemaEntry>
      <AttributeSchemaEntry>
        <Name>userSharedFolder</Name>
        <AttributeMetadata>
          <Value>attributeID:1634:1:55a73700-c891-46fd-8f5c-72bc827f2ef5:20160407213830.716:1634</Value>
          <Value>attributeSyntax:1634:1:55a73700-c891-46fd-8f5c-72bc827f2ef5:20160407213830.716:1634</Value>
          <Value>cn:1634:1:55a73700-c891-46fd-8f5c-72bc827f2ef5:20160407213830.716:1634</Value>
          <Value>createTimeStamp:1634:1:55a73700-c891-46fd-8f5c-72bc827f2ef5:20160407213830.716:1634</Value>
          <Value>entryDN:1634:1:55a73700-c891-46fd-8f5c-72bc827f2ef5:20160407213830.716:1634</Value>
          <Value>isSingleValued:1634:1:55a73700-c891-46fd-8f5c-72bc827f2ef5:20160407213830.716:1634</Value>
          <Value>lDAPDisplayName:1634:1:55a73700-c891-46fd-8f5c-72bc827f2ef5:20160407213830.716:1634</Value>
          <Value>modifyTimeStamp:1634:1:55a73700-c891-46fd-8f5c-72bc827f2ef5:20160407213830.716:1634</Value>
          <Value>objectClass:1634:1:55a73700-c891-46fd-8f5c-72bc827f2ef5:20160407213830.716:1634</Value>
          <Value>objectGUID:1634:1:55a73700-c891-46fd-8f5c-72bc827f2ef5:20160407213830.716:1634</Value>
          <Value>oMSyntax:1634:1:55a73700-c891-46fd-8f5c-72bc827f2ef5:20160407213830.716:1634</Value>
          <Value>schemaIDGUID:1634:1:55a73700-c891-46fd-8f5c-72bc827f2ef5:20160407213830.716:1634</Value>
          <Value>uSNChanged:1634:1:55a73700-c891-46fd-8f5c-72bc827f2ef5:20160407213830.716:1634</Value>
          <Value>uSNCreated:1634:1:55a73700-c891-46fd-8f5c-72bc827f2ef5:20160407213830.716:1634</Value>
          <Value>vmwAttributeUsage:1634:1:55a73700-c891-46fd-8f5c-72bc827f2ef5:20160407213830.716:1634</Value>
        </AttributeMetadata>
      </AttributeSchemaEntry>
      <AttributeSchemaEntry>
        <Name>userSharedFolderOther</Name>
        <AttributeMetadata>
          <Value>attributeID:1621:1:55a73700-c891-46fd-8f5c-72bc827f2ef5:20160407213830.690:1621</Value>
          <Value>attributeSyntax:1621:1:55a73700-c891-46fd-8f5c-72bc827f2ef5:20160407213830.690:1621</Value>
          <Value>cn:1621:1:55a73700-c891-46fd-8f5c-72bc827f2ef5:20160407213830.690:1621</Value>
          <Value>createTimeStamp:1621:1:55a73700-c891-46fd-8f5c-72bc827f2ef5:20160407213830.690:1621</Value>
          <Value>entryDN:1621:1:55a73700-c891-46fd-8f5c-72bc827f2ef5:20160407213830.690:1621</Value>
          <Value>isSingleValued:1621:1:55a73700-c891-46fd-8f5c-72bc827f2ef5:20160407213830.690:1621</Value>
          <Value>lDAPDisplayName:1621:1:55a73700-c891-46fd-8f5c-72bc827f2ef5:20160407213830.690:1621</Value>
          <Value>modifyTimeStamp:1621:1:55a73700-c891-46fd-8f5c-72bc827f2ef5:20160407213830.690:1621</Value>
          <Value>objectClass:1621:1:55a73700-c891-46fd-8f5c-72bc827f2ef5:20160407213830.690:1621</Value>
          <Value>objectGUID:1621:1:55a73700-c891-46fd-8f5c-72bc827f2ef5:20160407213830.690:1621</Value>
          <Value>oMSyntax:1621:1:55a73700-c891-46fd-8f5c-72bc827f2ef5:20160407213830.690:1621</Value>
          <Value>schemaIDGUID:1621:1:55a73700-c891-46fd-8f5c-72bc827f2ef5:20160407213830.690:1621</Value>
          <Value>uSNChanged:1621:1:55a73700-c891-46fd-8f5c-72bc827f2ef5:20160407213830.690:1621</Value>
          <Value>uSNCreated:1621:1:55a73700-c891-46fd-8f5c-72bc827f2ef5:20160407213830.690:1621</Value>
          <Value>vmwAttributeUsage:1621:1:55a73700-c891-46fd-8f5c-72bc827f2ef5:20160407213830.690:1621</Value>
        </AttributeMetadata>
      </AttributeSchemaEntry>
      <AttributeSchemaEntry>
        <Name>userSMIMECertificate</Name>
        <AttributeMetadata>
          <Value>attributeID:1343:1:55a73700-c891-46fd-8f5c-72bc827f2ef5:20160407213830.235:1343</Value>
          <Value>attributeSyntax:1343:1:55a73700-c891-46fd-8f5c-72bc827f2ef5:20160407213830.235:1343</Value>
          <Value>cn:1343:1:55a73700-c891-46fd-8f5c-72bc827f2ef5:20160407213830.235:1343</Value>
          <Value>createTimeStamp:1343:1:55a73700-c891-46fd-8f5c-72bc827f2ef5:20160407213830.235:1343</Value>
          <Value>entryDN:1343:1:55a73700-c891-46fd-8f5c-72bc827f2ef5:20160407213830.235:1343</Value>
          <Value>isSingleValued:1343:1:55a73700-c891-46fd-8f5c-72bc827f2ef5:20160407213830.235:1343</Value>
          <Value>lDAPDisplayName:1343:1:55a73700-c891-46fd-8f5c-72bc827f2ef5:20160407213830.235:1343</Value>
          <Value>modifyTimeStamp:1343:1:55a73700-c891-46fd-8f5c-72bc827f2ef5:20160407213830.235:1343</Value>
          <Value>objectClass:1343:1:55a73700-c891-46fd-8f5c-72bc827f2ef5:20160407213830.235:1343</Value>
          <Value>objectGUID:1343:1:55a73700-c891-46fd-8f5c-72bc827f2ef5:20160407213830.235:1343</Value>
          <Value>oMSyntax:1343:1:55a73700-c891-46fd-8f5c-72bc827f2ef5:20160407213830.235:1343</Value>
          <Value>schemaIDGUID:1343:1:55a73700-c891-46fd-8f5c-72bc827f2ef5:20160407213830.235:1343</Value>
          <Value>uSNChanged:1343:1:55a73700-c891-46fd-8f5c-72bc827f2ef5:20160407213830.235:1343</Value>
          <Value>uSNCreated:1343:1:55a73700-c891-46fd-8f5c-72bc827f2ef5:20160407213830.235:1343</Value>
          <Value>vmwAttributeUsage:1343:1:55a73700-c891-46fd-8f5c-72bc827f2ef5:20160407213830.235:1343</Value>
        </AttributeMetadata>
      </AttributeSchemaEntry>
      <AttributeSchemaEntry>
        <Name>userWorkstations</Name>
        <AttributeMetadata>
          <Value>attributeID:1193:1:55a73700-c891-46fd-8f5c-72bc827f2ef5:20160407213829.980:1193</Value>
          <Value>attributeSyntax:1193:1:55a73700-c891-46fd-8f5c-72bc827f2ef5:20160407213829.980:1193</Value>
          <Value>cn:1193:1:55a73700-c891-46fd-8f5c-72bc827f2ef5:20160407213829.980:1193</Value>
          <Value>createTimeStamp:1193:1:55a73700-c891-46fd-8f5c-72bc827f2ef5:20160407213829.980:1193</Value>
          <Value>entryDN:1193:1:55a73700-c891-46fd-8f5c-72bc827f2ef5:20160407213829.980:1193</Value>
          <Value>isSingleValued:1193:1:55a73700-c891-46fd-8f5c-72bc827f2ef5:20160407213829.980:1193</Value>
          <Value>lDAPDisplayName:1193:1:55a73700-c891-46fd-8f5c-72bc827f2ef5:20160407213829.980:1193</Value>
          <Value>modifyTimeStamp:1193:1:55a73700-c891-46fd-8f5c-72bc827f2ef5:20160407213829.980:1193</Value>
          <Value>objectClass:1193:1:55a73700-c891-46fd-8f5c-72bc827f2ef5:20160407213829.980:1193</Value>
          <Value>objectGUID:1193:1:55a73700-c891-46fd-8f5c-72bc827f2ef5:20160407213829.980:1193</Value>
          <Value>oMSyntax:1193:1:55a73700-c891-46fd-8f5c-72bc827f2ef5:20160407213829.980:1193</Value>
          <Value>schemaIDGUID:1193:1:55a73700-c891-46fd-8f5c-72bc827f2ef5:20160407213829.980:1193</Value>
          <Value>uSNChanged:1193:1:55a73700-c891-46fd-8f5c-72bc827f2ef5:20160407213829.980:1193</Value>
          <Value>uSNCreated:1193:1:55a73700-c891-46fd-8f5c-72bc827f2ef5:20160407213829.980:1193</Value>
          <Value>vmwAttributeUsage:1193:1:55a73700-c891-46fd-8f5c-72bc827f2ef5:20160407213829.980:1193</Value>
        </AttributeMetadata>
      </AttributeSchemaEntry>
      <AttributeSchemaEntry>
        <Name>uSNChanged</Name>
        <AttributeMetadata>
          <Value>attributeID:719:1:55a73700-c891-46fd-8f5c-72bc827f2ef5:20160407213829.152:719</Value>
          <Value>attributeSyntax:719:1:55a73700-c891-46fd-8f5c-72bc827f2ef5:20160407213829.152:719</Value>
          <Value>cn:719:1:55a73700-c891-46fd-8f5c-72bc827f2ef5:20160407213829.152:719</Value>
          <Value>createTimeStamp:719:1:55a73700-c891-46fd-8f5c-72bc827f2ef5:20160407213829.152:719</Value>
          <Value>description:719:1:55a73700-c891-46fd-8f5c-72bc827f2ef5:20160407213829.152:719</Value>
          <Value>entryDN:719:1:55a73700-c891-46fd-8f5c-72bc827f2ef5:20160407213829.152:719</Value>
          <Value>isSingleValued:719:1:55a73700-c891-46fd-8f5c-72bc827f2ef5:20160407213829.152:719</Value>
          <Value>lDAPDisplayName:719:1:55a73700-c891-46fd-8f5c-72bc827f2ef5:20160407213829.152:719</Value>
          <Value>modifyTimeStamp:719:1:55a73700-c891-46fd-8f5c-72bc827f2ef5:20160407213829.152:719</Value>
          <Value>objectClass:719:1:55a73700-c891-46fd-8f5c-72bc827f2ef5:20160407213829.152:719</Value>
          <Value>objectGUID:719:1:55a73700-c891-46fd-8f5c-72bc827f2ef5:20160407213829.152:719</Value>
          <Value>oMSyntax:719:1:55a73700-c891-46fd-8f5c-72bc827f2ef5:20160407213829.152:719</Value>
          <Value>schemaIDGUID:719:1:55a73700-c891-46fd-8f5c-72bc827f2ef5:20160407213829.152:719</Value>
          <Value>uSNChanged:719:1:55a73700-c891-46fd-8f5c-72bc827f2ef5:20160407213829.152:719</Value>
          <Value>uSNCreated:719:1:55a73700-c891-46fd-8f5c-72bc827f2ef5:20160407213829.152:719</Value>
          <Value>vmwAttributeUsage:719:1:55a73700-c891-46fd-8f5c-72bc827f2ef5:20160407213829.152:719</Value>
        </AttributeMetadata>
      </AttributeSchemaEntry>
      <AttributeSchemaEntry>
        <Name>uSNCreated</Name>
        <AttributeMetadata>
          <Value>attributeID:1027:1:55a73700-c891-46fd-8f5c-72bc827f2ef5:20160407213829.675:1027</Value>
          <Value>attributeSyntax:1027:1:55a73700-c891-46fd-8f5c-72bc827f2ef5:20160407213829.675:1027</Value>
          <Value>cn:1027:1:55a73700-c891-46fd-8f5c-72bc827f2ef5:20160407213829.675:1027</Value>
          <Value>createTimeStamp:1027:1:55a73700-c891-46fd-8f5c-72bc827f2ef5:20160407213829.675:1027</Value>
          <Value>description:1027:1:55a73700-c891-46fd-8f5c-72bc827f2ef5:20160407213829.675:1027</Value>
          <Value>entryDN:1027:1:55a73700-c891-46fd-8f5c-72bc827f2ef5:20160407213829.675:1027</Value>
          <Value>isSingleValued:1027:1:55a73700-c891-46fd-8f5c-72bc827f2ef5:20160407213829.675:1027</Value>
          <Value>lDAPDisplayName:1027:1:55a73700-c891-46fd-8f5c-72bc827f2ef5:20160407213829.675:1027</Value>
          <Value>modifyTimeStamp:1027:1:55a73700-c891-46fd-8f5c-72bc827f2ef5:20160407213829.675:1027</Value>
          <Value>objectClass:1027:1:55a73700-c891-46fd-8f5c-72bc827f2ef5:20160407213829.675:1027</Value>
          <Value>objectGUID:1027:1:55a73700-c891-46fd-8f5c-72bc827f2ef5:20160407213829.675:1027</Value>
          <Value>oMSyntax:1027:1:55a73700-c891-46fd-8f5c-72bc827f2ef5:20160407213829.675:1027</Value>
          <Value>schemaIDGUID:1027:1:55a73700-c891-46fd-8f5c-72bc827f2ef5:20160407213829.675:1027</Value>
          <Value>uSNChanged:1027:1:55a73700-c891-46fd-8f5c-72bc827f2ef5:20160407213829.675:1027</Value>
          <Value>uSNCreated:1027:1:55a73700-c891-46fd-8f5c-72bc827f2ef5:20160407213829.675:1027</Value>
          <Value>vmwAttributeUsage:1027:1:55a73700-c891-46fd-8f5c-72bc827f2ef5:20160407213829.675:1027</Value>
        </AttributeMetadata>
      </AttributeSchemaEntry>
      <AttributeSchemaEntry>
        <Name>uSNDSALastObjRemoved</Name>
        <AttributeMetadata>
          <Value>attributeID:1114:1:55a73700-c891-46fd-8f5c-72bc827f2ef5:20160407213829.850:1114</Value>
          <Value>attributeSyntax:1114:1:55a73700-c891-46fd-8f5c-72bc827f2ef5:20160407213829.850:1114</Value>
          <Value>cn:1114:1:55a73700-c891-46fd-8f5c-72bc827f2ef5:20160407213829.850:1114</Value>
          <Value>createTimeStamp:1114:1:55a73700-c891-46fd-8f5c-72bc827f2ef5:20160407213829.850:1114</Value>
          <Value>entryDN:1114:1:55a73700-c891-46fd-8f5c-72bc827f2ef5:20160407213829.850:1114</Value>
          <Value>isSingleValued:1114:1:55a73700-c891-46fd-8f5c-72bc827f2ef5:20160407213829.850:1114</Value>
          <Value>lDAPDisplayName:1114:1:55a73700-c891-46fd-8f5c-72bc827f2ef5:20160407213829.850:1114</Value>
          <Value>modifyTimeStamp:1114:1:55a73700-c891-46fd-8f5c-72bc827f2ef5:20160407213829.850:1114</Value>
          <Value>objectClass:1114:1:55a73700-c891-46fd-8f5c-72bc827f2ef5:20160407213829.850:1114</Value>
          <Value>objectGUID:1114:1:55a73700-c891-46fd-8f5c-72bc827f2ef5:20160407213829.850:1114</Value>
          <Value>oMSyntax:1114:1:55a73700-c891-46fd-8f5c-72bc827f2ef5:20160407213829.850:1114</Value>
          <Value>schemaIDGUID:1114:1:55a73700-c891-46fd-8f5c-72bc827f2ef5:20160407213829.850:1114</Value>
          <Value>uSNChanged:1114:1:55a73700-c891-46fd-8f5c-72bc827f2ef5:20160407213829.850:1114</Value>
          <Value>uSNCreated:1114:1:55a73700-c891-46fd-8f5c-72bc827f2ef5:20160407213829.850:1114</Value>
          <Value>vmwAttributeUsage:1114:1:55a73700-c891-46fd-8f5c-72bc827f2ef5:20160407213829.850:1114</Value>
        </AttributeMetadata>
      </AttributeSchemaEntry>
      <AttributeSchemaEntry>
        <Name>USNIntersite</Name>
        <AttributeMetadata>
          <Value>attributeID:1674:1:55a73700-c891-46fd-8f5c-72bc827f2ef5:20160407213830.787:1674</Value>
          <Value>attributeSyntax:1674:1:55a73700-c891-46fd-8f5c-72bc827f2ef5:20160407213830.787:1674</Value>
          <Value>cn:1674:1:55a73700-c891-46fd-8f5c-72bc827f2ef5:20160407213830.787:1674</Value>
          <Value>createTimeStamp:1674:1:55a73700-c891-46fd-8f5c-72bc827f2ef5:20160407213830.787:1674</Value>
          <Value>entryDN:1674:1:55a73700-c891-46fd-8f5c-72bc827f2ef5:20160407213830.787:1674</Value>
          <Value>isSingleValued:1674:1:55a73700-c891-46fd-8f5c-72bc827f2ef5:20160407213830.787:1674</Value>
          <Value>lDAPDisplayName:1674:1:55a73700-c891-46fd-8f5c-72bc827f2ef5:20160407213830.787:1674</Value>
          <Value>modifyTimeStamp:1674:1:55a73700-c891-46fd-8f5c-72bc827f2ef5:20160407213830.787:1674</Value>
          <Value>objectClass:1674:1:55a73700-c891-46fd-8f5c-72bc827f2ef5:20160407213830.787:1674</Value>
          <Value>objectGUID:1674:1:55a73700-c891-46fd-8f5c-72bc827f2ef5:20160407213830.787:1674</Value>
          <Value>oMSyntax:1674:1:55a73700-c891-46fd-8f5c-72bc827f2ef5:20160407213830.787:1674</Value>
          <Value>schemaIDGUID:1674:1:55a73700-c891-46fd-8f5c-72bc827f2ef5:20160407213830.787:1674</Value>
          <Value>uSNChanged:1674:1:55a73700-c891-46fd-8f5c-72bc827f2ef5:20160407213830.787:1674</Value>
          <Value>uSNCreated:1674:1:55a73700-c891-46fd-8f5c-72bc827f2ef5:20160407213830.787:1674</Value>
          <Value>vmwAttributeUsage:1674:1:55a73700-c891-46fd-8f5c-72bc827f2ef5:20160407213830.787:1674</Value>
        </AttributeMetadata>
      </AttributeSchemaEntry>
      <AttributeSchemaEntry>
        <Name>uSNLastObjRem</Name>
        <AttributeMetadata>
          <Value>attributeID:450:1:55a73700-c891-46fd-8f5c-72bc827f2ef5:20160407213828.703:450</Value>
          <Value>attributeSyntax:450:1:55a73700-c891-46fd-8f5c-72bc827f2ef5:20160407213828.703:450</Value>
          <Value>cn:450:1:55a73700-c891-46fd-8f5c-72bc827f2ef5:20160407213828.703:450</Value>
          <Value>createTimeStamp:450:1:55a73700-c891-46fd-8f5c-72bc827f2ef5:20160407213828.703:450</Value>
          <Value>entryDN:450:1:55a73700-c891-46fd-8f5c-72bc827f2ef5:20160407213828.703:450</Value>
          <Value>isSingleValued:450:1:55a73700-c891-46fd-8f5c-72bc827f2ef5:20160407213828.703:450</Value>
          <Value>lDAPDisplayName:450:1:55a73700-c891-46fd-8f5c-72bc827f2ef5:20160407213828.703:450</Value>
          <Value>modifyTimeStamp:450:1:55a73700-c891-46fd-8f5c-72bc827f2ef5:20160407213828.703:450</Value>
          <Value>objectClass:450:1:55a73700-c891-46fd-8f5c-72bc827f2ef5:20160407213828.703:450</Value>
          <Value>objectGUID:450:1:55a73700-c891-46fd-8f5c-72bc827f2ef5:20160407213828.703:450</Value>
          <Value>oMSyntax:450:1:55a73700-c891-46fd-8f5c-72bc827f2ef5:20160407213828.703:450</Value>
          <Value>schemaIDGUID:450:1:55a73700-c891-46fd-8f5c-72bc827f2ef5:20160407213828.703:450</Value>
          <Value>uSNChanged:450:1:55a73700-c891-46fd-8f5c-72bc827f2ef5:20160407213828.703:450</Value>
          <Value>uSNCreated:450:1:55a73700-c891-46fd-8f5c-72bc827f2ef5:20160407213828.703:450</Value>
          <Value>vmwAttributeUsage:450:1:55a73700-c891-46fd-8f5c-72bc827f2ef5:20160407213828.703:450</Value>
        </AttributeMetadata>
      </AttributeSchemaEntry>
      <AttributeSchemaEntry>
        <Name>uSNSource</Name>
        <AttributeMetadata>
          <Value>attributeID:112:1:55a73700-c891-46fd-8f5c-72bc827f2ef5:20160407213828.202:112</Value>
          <Value>attributeSyntax:112:1:55a73700-c891-46fd-8f5c-72bc827f2ef5:20160407213828.202:112</Value>
          <Value>cn:112:1:55a73700-c891-46fd-8f5c-72bc827f2ef5:20160407213828.202:112</Value>
          <Value>createTimeStamp:112:1:55a73700-c891-46fd-8f5c-72bc827f2ef5:20160407213828.202:112</Value>
          <Value>entryDN:112:1:55a73700-c891-46fd-8f5c-72bc827f2ef5:20160407213828.202:112</Value>
          <Value>isSingleValued:112:1:55a73700-c891-46fd-8f5c-72bc827f2ef5:20160407213828.202:112</Value>
          <Value>lDAPDisplayName:112:1:55a73700-c891-46fd-8f5c-72bc827f2ef5:20160407213828.202:112</Value>
          <Value>modifyTimeStamp:112:1:55a73700-c891-46fd-8f5c-72bc827f2ef5:20160407213828.202:112</Value>
          <Value>objectClass:112:1:55a73700-c891-46fd-8f5c-72bc827f2ef5:20160407213828.202:112</Value>
          <Value>objectGUID:112:1:55a73700-c891-46fd-8f5c-72bc827f2ef5:20160407213828.202:112</Value>
          <Value>oMSyntax:112:1:55a73700-c891-46fd-8f5c-72bc827f2ef5:20160407213828.202:112</Value>
          <Value>schemaIDGUID:112:1:55a73700-c891-46fd-8f5c-72bc827f2ef5:20160407213828.202:112</Value>
          <Value>uSNChanged:112:1:55a73700-c891-46fd-8f5c-72bc827f2ef5:20160407213828.202:112</Value>
          <Value>uSNCreated:112:1:55a73700-c891-46fd-8f5c-72bc827f2ef5:20160407213828.202:112</Value>
          <Value>vmwAttributeUsage:112:1:55a73700-c891-46fd-8f5c-72bc827f2ef5:20160407213828.202:112</Value>
        </AttributeMetadata>
      </AttributeSchemaEntry>
      <AttributeSchemaEntry>
        <Name>validAccesses</Name>
        <AttributeMetadata>
          <Value>attributeID:871:1:55a73700-c891-46fd-8f5c-72bc827f2ef5:20160407213829.418:871</Value>
          <Value>attributeSyntax:871:1:55a73700-c891-46fd-8f5c-72bc827f2ef5:20160407213829.418:871</Value>
          <Value>cn:871:1:55a73700-c891-46fd-8f5c-72bc827f2ef5:20160407213829.418:871</Value>
          <Value>createTimeStamp:871:1:55a73700-c891-46fd-8f5c-72bc827f2ef5:20160407213829.418:871</Value>
          <Value>entryDN:871:1:55a73700-c891-46fd-8f5c-72bc827f2ef5:20160407213829.418:871</Value>
          <Value>isSingleValued:871:1:55a73700-c891-46fd-8f5c-72bc827f2ef5:20160407213829.418:871</Value>
          <Value>lDAPDisplayName:871:1:55a73700-c891-46fd-8f5c-72bc827f2ef5:20160407213829.418:871</Value>
          <Value>modifyTimeStamp:871:1:55a73700-c891-46fd-8f5c-72bc827f2ef5:20160407213829.418:871</Value>
          <Value>objectClass:871:1:55a73700-c891-46fd-8f5c-72bc827f2ef5:20160407213829.418:871</Value>
          <Value>objectGUID:871:1:55a73700-c891-46fd-8f5c-72bc827f2ef5:20160407213829.418:871</Value>
          <Value>oMSyntax:871:1:55a73700-c891-46fd-8f5c-72bc827f2ef5:20160407213829.418:871</Value>
          <Value>schemaIDGUID:871:1:55a73700-c891-46fd-8f5c-72bc827f2ef5:20160407213829.418:871</Value>
          <Value>uSNChanged:871:1:55a73700-c891-46fd-8f5c-72bc827f2ef5:20160407213829.418:871</Value>
          <Value>uSNCreated:871:1:55a73700-c891-46fd-8f5c-72bc827f2ef5:20160407213829.418:871</Value>
          <Value>vmwAttributeUsage:871:1:55a73700-c891-46fd-8f5c-72bc827f2ef5:20160407213829.418:871</Value>
        </AttributeMetadata>
      </AttributeSchemaEntry>
      <AttributeSchemaEntry>
        <Name>vendor</Name>
        <AttributeMetadata>
          <Value>attributeID:932:1:55a73700-c891-46fd-8f5c-72bc827f2ef5:20160407213829.524:932</Value>
          <Value>attributeSyntax:932:1:55a73700-c891-46fd-8f5c-72bc827f2ef5:20160407213829.524:932</Value>
          <Value>cn:932:1:55a73700-c891-46fd-8f5c-72bc827f2ef5:20160407213829.524:932</Value>
          <Value>createTimeStamp:932:1:55a73700-c891-46fd-8f5c-72bc827f2ef5:20160407213829.524:932</Value>
          <Value>entryDN:932:1:55a73700-c891-46fd-8f5c-72bc827f2ef5:20160407213829.524:932</Value>
          <Value>isSingleValued:932:1:55a73700-c891-46fd-8f5c-72bc827f2ef5:20160407213829.524:932</Value>
          <Value>lDAPDisplayName:932:1:55a73700-c891-46fd-8f5c-72bc827f2ef5:20160407213829.524:932</Value>
          <Value>modifyTimeStamp:932:1:55a73700-c891-46fd-8f5c-72bc827f2ef5:20160407213829.524:932</Value>
          <Value>objectClass:932:1:55a73700-c891-46fd-8f5c-72bc827f2ef5:20160407213829.524:932</Value>
          <Value>objectGUID:932:1:55a73700-c891-46fd-8f5c-72bc827f2ef5:20160407213829.524:932</Value>
          <Value>oMSyntax:932:1:55a73700-c891-46fd-8f5c-72bc827f2ef5:20160407213829.524:932</Value>
          <Value>schemaIDGUID:932:1:55a73700-c891-46fd-8f5c-72bc827f2ef5:20160407213829.524:932</Value>
          <Value>uSNChanged:932:1:55a73700-c891-46fd-8f5c-72bc827f2ef5:20160407213829.524:932</Value>
          <Value>uSNCreated:932:1:55a73700-c891-46fd-8f5c-72bc827f2ef5:20160407213829.524:932</Value>
          <Value>vmwAttributeUsage:932:1:55a73700-c891-46fd-8f5c-72bc827f2ef5:20160407213829.524:932</Value>
        </AttributeMetadata>
      </AttributeSchemaEntry>
      <AttributeSchemaEntry>
        <Name>vendorName</Name>
        <AttributeMetadata>
          <Value>attributeID:562:1:55a73700-c891-46fd-8f5c-72bc827f2ef5:20160407213828.884:562</Value>
          <Value>attributeSyntax:562:1:55a73700-c891-46fd-8f5c-72bc827f2ef5:20160407213828.884:562</Value>
          <Value>cn:562:1:55a73700-c891-46fd-8f5c-72bc827f2ef5:20160407213828.884:562</Value>
          <Value>createTimeStamp:562:1:55a73700-c891-46fd-8f5c-72bc827f2ef5:20160407213828.884:562</Value>
          <Value>description:562:1:55a73700-c891-46fd-8f5c-72bc827f2ef5:20160407213828.884:562</Value>
          <Value>entryDN:562:1:55a73700-c891-46fd-8f5c-72bc827f2ef5:20160407213828.884:562</Value>
          <Value>isSingleValued:562:1:55a73700-c891-46fd-8f5c-72bc827f2ef5:20160407213828.884:562</Value>
          <Value>lDAPDisplayName:562:1:55a73700-c891-46fd-8f5c-72bc827f2ef5:20160407213828.884:562</Value>
          <Value>modifyTimeStamp:562:1:55a73700-c891-46fd-8f5c-72bc827f2ef5:20160407213828.884:562</Value>
          <Value>objectClass:562:1:55a73700-c891-46fd-8f5c-72bc827f2ef5:20160407213828.884:562</Value>
          <Value>objectGUID:562:1:55a73700-c891-46fd-8f5c-72bc827f2ef5:20160407213828.884:562</Value>
          <Value>oMSyntax:562:1:55a73700-c891-46fd-8f5c-72bc827f2ef5:20160407213828.884:562</Value>
          <Value>schemaIDGUID:562:1:55a73700-c891-46fd-8f5c-72bc827f2ef5:20160407213828.884:562</Value>
          <Value>uSNChanged:562:1:55a73700-c891-46fd-8f5c-72bc827f2ef5:20160407213828.884:562</Value>
          <Value>uSNCreated:562:1:55a73700-c891-46fd-8f5c-72bc827f2ef5:20160407213828.884:562</Value>
          <Value>vmwAttributeUsage:562:1:55a73700-c891-46fd-8f5c-72bc827f2ef5:20160407213828.884:562</Value>
        </AttributeMetadata>
      </AttributeSchemaEntry>
      <AttributeSchemaEntry>
        <Name>vendorVersion</Name>
        <AttributeMetadata>
          <Value>attributeID:478:1:55a73700-c891-46fd-8f5c-72bc827f2ef5:20160407213828.741:478</Value>
          <Value>attributeSyntax:478:1:55a73700-c891-46fd-8f5c-72bc827f2ef5:20160407213828.741:478</Value>
          <Value>cn:478:1:55a73700-c891-46fd-8f5c-72bc827f2ef5:20160407213828.741:478</Value>
          <Value>createTimeStamp:478:1:55a73700-c891-46fd-8f5c-72bc827f2ef5:20160407213828.741:478</Value>
          <Value>description:478:1:55a73700-c891-46fd-8f5c-72bc827f2ef5:20160407213828.741:478</Value>
          <Value>entryDN:478:1:55a73700-c891-46fd-8f5c-72bc827f2ef5:20160407213828.741:478</Value>
          <Value>isSingleValued:478:1:55a73700-c891-46fd-8f5c-72bc827f2ef5:20160407213828.741:478</Value>
          <Value>lDAPDisplayName:478:1:55a73700-c891-46fd-8f5c-72bc827f2ef5:20160407213828.741:478</Value>
          <Value>modifyTimeStamp:478:1:55a73700-c891-46fd-8f5c-72bc827f2ef5:20160407213828.741:478</Value>
          <Value>objectClass:478:1:55a73700-c891-46fd-8f5c-72bc827f2ef5:20160407213828.741:478</Value>
          <Value>objectGUID:478:1:55a73700-c891-46fd-8f5c-72bc827f2ef5:20160407213828.741:478</Value>
          <Value>oMSyntax:478:1:55a73700-c891-46fd-8f5c-72bc827f2ef5:20160407213828.741:478</Value>
          <Value>schemaIDGUID:478:1:55a73700-c891-46fd-8f5c-72bc827f2ef5:20160407213828.741:478</Value>
          <Value>uSNChanged:478:1:55a73700-c891-46fd-8f5c-72bc827f2ef5:20160407213828.741:478</Value>
          <Value>uSNCreated:478:1:55a73700-c891-46fd-8f5c-72bc827f2ef5:20160407213828.741:478</Value>
          <Value>vmwAttributeUsage:478:1:55a73700-c891-46fd-8f5c-72bc827f2ef5:20160407213828.741:478</Value>
        </AttributeMetadata>
      </AttributeSchemaEntry>
      <AttributeSchemaEntry>
        <Name>versionNumber</Name>
        <AttributeMetadata>
          <Value>attributeID:600:1:55a73700-c891-46fd-8f5c-72bc827f2ef5:20160407213828.945:600</Value>
          <Value>attributeSyntax:600:1:55a73700-c891-46fd-8f5c-72bc827f2ef5:20160407213828.945:600</Value>
          <Value>cn:600:1:55a73700-c891-46fd-8f5c-72bc827f2ef5:20160407213828.945:600</Value>
          <Value>createTimeStamp:600:1:55a73700-c891-46fd-8f5c-72bc827f2ef5:20160407213828.945:600</Value>
          <Value>entryDN:600:1:55a73700-c891-46fd-8f5c-72bc827f2ef5:20160407213828.945:600</Value>
          <Value>isSingleValued:600:1:55a73700-c891-46fd-8f5c-72bc827f2ef5:20160407213828.945:600</Value>
          <Value>lDAPDisplayName:600:1:55a73700-c891-46fd-8f5c-72bc827f2ef5:20160407213828.945:600</Value>
          <Value>modifyTimeStamp:600:1:55a73700-c891-46fd-8f5c-72bc827f2ef5:20160407213828.945:600</Value>
          <Value>objectClass:600:1:55a73700-c891-46fd-8f5c-72bc827f2ef5:20160407213828.945:600</Value>
          <Value>objectGUID:600:1:55a73700-c891-46fd-8f5c-72bc827f2ef5:20160407213828.945:600</Value>
          <Value>oMSyntax:600:1:55a73700-c891-46fd-8f5c-72bc827f2ef5:20160407213828.945:600</Value>
          <Value>schemaIDGUID:600:1:55a73700-c891-46fd-8f5c-72bc827f2ef5:20160407213828.945:600</Value>
          <Value>uSNChanged:600:1:55a73700-c891-46fd-8f5c-72bc827f2ef5:20160407213828.945:600</Value>
          <Value>uSNCreated:600:1:55a73700-c891-46fd-8f5c-72bc827f2ef5:20160407213828.945:600</Value>
          <Value>vmwAttributeUsage:600:1:55a73700-c891-46fd-8f5c-72bc827f2ef5:20160407213828.945:600</Value>
        </AttributeMetadata>
      </AttributeSchemaEntry>
      <AttributeSchemaEntry>
        <Name>versionNumberHi</Name>
        <AttributeMetadata>
          <Value>attributeID:927:1:55a73700-c891-46fd-8f5c-72bc827f2ef5:20160407213829.509:927</Value>
          <Value>attributeSyntax:927:1:55a73700-c891-46fd-8f5c-72bc827f2ef5:20160407213829.509:927</Value>
          <Value>cn:927:1:55a73700-c891-46fd-8f5c-72bc827f2ef5:20160407213829.509:927</Value>
          <Value>createTimeStamp:927:1:55a73700-c891-46fd-8f5c-72bc827f2ef5:20160407213829.509:927</Value>
          <Value>entryDN:927:1:55a73700-c891-46fd-8f5c-72bc827f2ef5:20160407213829.509:927</Value>
          <Value>isSingleValued:927:1:55a73700-c891-46fd-8f5c-72bc827f2ef5:20160407213829.509:927</Value>
          <Value>lDAPDisplayName:927:1:55a73700-c891-46fd-8f5c-72bc827f2ef5:20160407213829.509:927</Value>
          <Value>modifyTimeStamp:927:1:55a73700-c891-46fd-8f5c-72bc827f2ef5:20160407213829.509:927</Value>
          <Value>objectClass:927:1:55a73700-c891-46fd-8f5c-72bc827f2ef5:20160407213829.509:927</Value>
          <Value>objectGUID:927:1:55a73700-c891-46fd-8f5c-72bc827f2ef5:20160407213829.509:927</Value>
          <Value>oMSyntax:927:1:55a73700-c891-46fd-8f5c-72bc827f2ef5:20160407213829.509:927</Value>
          <Value>schemaIDGUID:927:1:55a73700-c891-46fd-8f5c-72bc827f2ef5:20160407213829.509:927</Value>
          <Value>uSNChanged:927:1:55a73700-c891-46fd-8f5c-72bc827f2ef5:20160407213829.509:927</Value>
          <Value>uSNCreated:927:1:55a73700-c891-46fd-8f5c-72bc827f2ef5:20160407213829.509:927</Value>
          <Value>vmwAttributeUsage:927:1:55a73700-c891-46fd-8f5c-72bc827f2ef5:20160407213829.509:927</Value>
        </AttributeMetadata>
      </AttributeSchemaEntry>
      <AttributeSchemaEntry>
        <Name>versionNumberLo</Name>
        <AttributeMetadata>
          <Value>attributeID:1016:1:55a73700-c891-46fd-8f5c-72bc827f2ef5:20160407213829.654:1016</Value>
          <Value>attributeSyntax:1016:1:55a73700-c891-46fd-8f5c-72bc827f2ef5:20160407213829.654:1016</Value>
          <Value>cn:1016:1:55a73700-c891-46fd-8f5c-72bc827f2ef5:20160407213829.654:1016</Value>
          <Value>createTimeStamp:1016:1:55a73700-c891-46fd-8f5c-72bc827f2ef5:20160407213829.654:1016</Value>
          <Value>entryDN:1016:1:55a73700-c891-46fd-8f5c-72bc827f2ef5:20160407213829.654:1016</Value>
          <Value>isSingleValued:1016:1:55a73700-c891-46fd-8f5c-72bc827f2ef5:20160407213829.654:1016</Value>
          <Value>lDAPDisplayName:1016:1:55a73700-c891-46fd-8f5c-72bc827f2ef5:20160407213829.654:1016</Value>
          <Value>modifyTimeStamp:1016:1:55a73700-c891-46fd-8f5c-72bc827f2ef5:20160407213829.654:1016</Value>
          <Value>objectClass:1016:1:55a73700-c891-46fd-8f5c-72bc827f2ef5:20160407213829.654:1016</Value>
          <Value>objectGUID:1016:1:55a73700-c891-46fd-8f5c-72bc827f2ef5:20160407213829.654:1016</Value>
          <Value>oMSyntax:1016:1:55a73700-c891-46fd-8f5c-72bc827f2ef5:20160407213829.654:1016</Value>
          <Value>schemaIDGUID:1016:1:55a73700-c891-46fd-8f5c-72bc827f2ef5:20160407213829.654:1016</Value>
          <Value>uSNChanged:1016:1:55a73700-c891-46fd-8f5c-72bc827f2ef5:20160407213829.654:1016</Value>
          <Value>uSNCreated:1016:1:55a73700-c891-46fd-8f5c-72bc827f2ef5:20160407213829.654:1016</Value>
          <Value>vmwAttributeUsage:1016:1:55a73700-c891-46fd-8f5c-72bc827f2ef5:20160407213829.654:1016</Value>
        </AttributeMetadata>
      </AttributeSchemaEntry>
      <AttributeSchemaEntry>
        <Name>vmwAclString</Name>
        <AttributeMetadata>
          <Value>attributeID:200:1:55a73700-c891-46fd-8f5c-72bc827f2ef5:20160407213828.322:200</Value>
          <Value>attributeSyntax:200:1:55a73700-c891-46fd-8f5c-72bc827f2ef5:20160407213828.322:200</Value>
          <Value>cn:200:1:55a73700-c891-46fd-8f5c-72bc827f2ef5:20160407213828.322:200</Value>
          <Value>createTimeStamp:200:1:55a73700-c891-46fd-8f5c-72bc827f2ef5:20160407213828.322:200</Value>
          <Value>description:200:1:55a73700-c891-46fd-8f5c-72bc827f2ef5:20160407213828.322:200</Value>
          <Value>entryDN:200:1:55a73700-c891-46fd-8f5c-72bc827f2ef5:20160407213828.322:200</Value>
          <Value>isSingleValued:200:1:55a73700-c891-46fd-8f5c-72bc827f2ef5:20160407213828.322:200</Value>
          <Value>lDAPDisplayName:200:1:55a73700-c891-46fd-8f5c-72bc827f2ef5:20160407213828.322:200</Value>
          <Value>modifyTimeStamp:200:1:55a73700-c891-46fd-8f5c-72bc827f2ef5:20160407213828.322:200</Value>
          <Value>objectClass:200:1:55a73700-c891-46fd-8f5c-72bc827f2ef5:20160407213828.322:200</Value>
          <Value>objectGUID:200:1:55a73700-c891-46fd-8f5c-72bc827f2ef5:20160407213828.322:200</Value>
          <Value>oMSyntax:200:1:55a73700-c891-46fd-8f5c-72bc827f2ef5:20160407213828.322:200</Value>
          <Value>schemaIDGUID:200:1:55a73700-c891-46fd-8f5c-72bc827f2ef5:20160407213828.322:200</Value>
          <Value>uSNChanged:200:1:55a73700-c891-46fd-8f5c-72bc827f2ef5:20160407213828.322:200</Value>
          <Value>uSNCreated:200:1:55a73700-c891-46fd-8f5c-72bc827f2ef5:20160407213828.322:200</Value>
          <Value>vmwAttributeUsage:200:1:55a73700-c891-46fd-8f5c-72bc827f2ef5:20160407213828.322:200</Value>
        </AttributeMetadata>
      </AttributeSchemaEntry>
      <AttributeSchemaEntry>
        <Name>vmwAdministratorDN</Name>
        <AttributeMetadata>
          <Value>attributeID:1747:1:55a73700-c891-46fd-8f5c-72bc827f2ef5:20160407213830.914:1747</Value>
          <Value>attributeSyntax:1747:1:55a73700-c891-46fd-8f5c-72bc827f2ef5:20160407213830.914:1747</Value>
          <Value>cn:1747:1:55a73700-c891-46fd-8f5c-72bc827f2ef5:20160407213830.914:1747</Value>
          <Value>createTimeStamp:1747:1:55a73700-c891-46fd-8f5c-72bc827f2ef5:20160407213830.914:1747</Value>
          <Value>description:1747:1:55a73700-c891-46fd-8f5c-72bc827f2ef5:20160407213830.914:1747</Value>
          <Value>entryDN:1747:1:55a73700-c891-46fd-8f5c-72bc827f2ef5:20160407213830.914:1747</Value>
          <Value>isSingleValued:1747:1:55a73700-c891-46fd-8f5c-72bc827f2ef5:20160407213830.914:1747</Value>
          <Value>lDAPDisplayName:1747:1:55a73700-c891-46fd-8f5c-72bc827f2ef5:20160407213830.914:1747</Value>
          <Value>modifyTimeStamp:1747:1:55a73700-c891-46fd-8f5c-72bc827f2ef5:20160407213830.914:1747</Value>
          <Value>objectClass:1747:1:55a73700-c891-46fd-8f5c-72bc827f2ef5:20160407213830.914:1747</Value>
          <Value>objectGUID:1747:1:55a73700-c891-46fd-8f5c-72bc827f2ef5:20160407213830.914:1747</Value>
          <Value>oMSyntax:1747:1:55a73700-c891-46fd-8f5c-72bc827f2ef5:20160407213830.914:1747</Value>
          <Value>schemaIDGUID:1747:1:55a73700-c891-46fd-8f5c-72bc827f2ef5:20160407213830.914:1747</Value>
          <Value>uSNChanged:1747:1:55a73700-c891-46fd-8f5c-72bc827f2ef5:20160407213830.914:1747</Value>
          <Value>uSNCreated:1747:1:55a73700-c891-46fd-8f5c-72bc827f2ef5:20160407213830.914:1747</Value>
          <Value>vmwAttributeUsage:1747:1:55a73700-c891-46fd-8f5c-72bc827f2ef5:20160407213830.914:1747</Value>
        </AttributeMetadata>
      </AttributeSchemaEntry>
      <AttributeSchemaEntry>
        <Name>vmwAttributeToIdMap</Name>
        <AttributeMetadata>
          <Value>attributeID:1408:1:55a73700-c891-46fd-8f5c-72bc827f2ef5:20160407213830.335:1408</Value>
          <Value>attributeSyntax:1408:1:55a73700-c891-46fd-8f5c-72bc827f2ef5:20160407213830.335:1408</Value>
          <Value>cn:1408:1:55a73700-c891-46fd-8f5c-72bc827f2ef5:20160407213830.335:1408</Value>
          <Value>createTimeStamp:1408:1:55a73700-c891-46fd-8f5c-72bc827f2ef5:20160407213830.335:1408</Value>
          <Value>description:1408:1:55a73700-c891-46fd-8f5c-72bc827f2ef5:20160407213830.335:1408</Value>
          <Value>entryDN:1408:1:55a73700-c891-46fd-8f5c-72bc827f2ef5:20160407213830.335:1408</Value>
          <Value>isSingleValued:1408:1:55a73700-c891-46fd-8f5c-72bc827f2ef5:20160407213830.335:1408</Value>
          <Value>lDAPDisplayName:1408:1:55a73700-c891-46fd-8f5c-72bc827f2ef5:20160407213830.335:1408</Value>
          <Value>modifyTimeStamp:1408:1:55a73700-c891-46fd-8f5c-72bc827f2ef5:20160407213830.335:1408</Value>
          <Value>objectClass:1408:1:55a73700-c891-46fd-8f5c-72bc827f2ef5:20160407213830.335:1408</Value>
          <Value>objectGUID:1408:1:55a73700-c891-46fd-8f5c-72bc827f2ef5:20160407213830.335:1408</Value>
          <Value>oMSyntax:1408:1:55a73700-c891-46fd-8f5c-72bc827f2ef5:20160407213830.335:1408</Value>
          <Value>schemaIDGUID:1408:1:55a73700-c891-46fd-8f5c-72bc827f2ef5:20160407213830.335:1408</Value>
          <Value>uSNChanged:1408:1:55a73700-c891-46fd-8f5c-72bc827f2ef5:20160407213830.335:1408</Value>
          <Value>uSNCreated:1408:1:55a73700-c891-46fd-8f5c-72bc827f2ef5:20160407213830.335:1408</Value>
          <Value>vmwAttributeUsage:1408:1:55a73700-c891-46fd-8f5c-72bc827f2ef5:20160407213830.335:1408</Value>
        </AttributeMetadata>
      </AttributeSchemaEntry>
      <AttributeSchemaEntry>
        <Name>vmwAttributeUsage</Name>
        <AttributeMetadata>
          <Value>attributeID:693:1:55a73700-c891-46fd-8f5c-72bc827f2ef5:20160407213829.114:693</Value>
          <Value>attributeSyntax:693:1:55a73700-c891-46fd-8f5c-72bc827f2ef5:20160407213829.114:693</Value>
          <Value>cn:693:1:55a73700-c891-46fd-8f5c-72bc827f2ef5:20160407213829.114:693</Value>
          <Value>createTimeStamp:693:1:55a73700-c891-46fd-8f5c-72bc827f2ef5:20160407213829.114:693</Value>
          <Value>description:693:1:55a73700-c891-46fd-8f5c-72bc827f2ef5:20160407213829.114:693</Value>
          <Value>entryDN:693:1:55a73700-c891-46fd-8f5c-72bc827f2ef5:20160407213829.114:693</Value>
          <Value>isSingleValued:693:1:55a73700-c891-46fd-8f5c-72bc827f2ef5:20160407213829.114:693</Value>
          <Value>lDAPDisplayName:693:1:55a73700-c891-46fd-8f5c-72bc827f2ef5:20160407213829.114:693</Value>
          <Value>modifyTimeStamp:693:1:55a73700-c891-46fd-8f5c-72bc827f2ef5:20160407213829.114:693</Value>
          <Value>objectClass:693:1:55a73700-c891-46fd-8f5c-72bc827f2ef5:20160407213829.114:693</Value>
          <Value>objectGUID:693:1:55a73700-c891-46fd-8f5c-72bc827f2ef5:20160407213829.114:693</Value>
          <Value>oMSyntax:693:1:55a73700-c891-46fd-8f5c-72bc827f2ef5:20160407213829.114:693</Value>
          <Value>schemaIDGUID:693:1:55a73700-c891-46fd-8f5c-72bc827f2ef5:20160407213829.114:693</Value>
          <Value>uSNChanged:693:1:55a73700-c891-46fd-8f5c-72bc827f2ef5:20160407213829.114:693</Value>
          <Value>uSNCreated:693:1:55a73700-c891-46fd-8f5c-72bc827f2ef5:20160407213829.114:693</Value>
          <Value>vmwAttributeUsage:693:1:55a73700-c891-46fd-8f5c-72bc827f2ef5:20160407213829.114:693</Value>
        </AttributeMetadata>
      </AttributeSchemaEntry>
      <AttributeSchemaEntry>
        <Name>vmwAttrIndexDesc</Name>
        <AttributeMetadata>
          <Value>attributeID:480:1:55a73700-c891-46fd-8f5c-72bc827f2ef5:20160407213828.743:480</Value>
          <Value>attributeSyntax:480:1:55a73700-c891-46fd-8f5c-72bc827f2ef5:20160407213828.743:480</Value>
          <Value>cn:480:1:55a73700-c891-46fd-8f5c-72bc827f2ef5:20160407213828.743:480</Value>
          <Value>createTimeStamp:480:1:55a73700-c891-46fd-8f5c-72bc827f2ef5:20160407213828.743:480</Value>
          <Value>description:480:1:55a73700-c891-46fd-8f5c-72bc827f2ef5:20160407213828.743:480</Value>
          <Value>entryDN:480:1:55a73700-c891-46fd-8f5c-72bc827f2ef5:20160407213828.743:480</Value>
          <Value>isSingleValued:480:1:55a73700-c891-46fd-8f5c-72bc827f2ef5:20160407213828.743:480</Value>
          <Value>lDAPDisplayName:480:1:55a73700-c891-46fd-8f5c-72bc827f2ef5:20160407213828.743:480</Value>
          <Value>modifyTimeStamp:480:1:55a73700-c891-46fd-8f5c-72bc827f2ef5:20160407213828.743:480</Value>
          <Value>objectClass:480:1:55a73700-c891-46fd-8f5c-72bc827f2ef5:20160407213828.743:480</Value>
          <Value>objectGUID:480:1:55a73700-c891-46fd-8f5c-72bc827f2ef5:20160407213828.743:480</Value>
          <Value>oMSyntax:480:1:55a73700-c891-46fd-8f5c-72bc827f2ef5:20160407213828.743:480</Value>
          <Value>schemaIDGUID:480:1:55a73700-c891-46fd-8f5c-72bc827f2ef5:20160407213828.743:480</Value>
          <Value>uSNChanged:480:1:55a73700-c891-46fd-8f5c-72bc827f2ef5:20160407213828.743:480</Value>
          <Value>uSNCreated:480:1:55a73700-c891-46fd-8f5c-72bc827f2ef5:20160407213828.743:480</Value>
          <Value>vmwAttributeUsage:480:1:55a73700-c891-46fd-8f5c-72bc827f2ef5:20160407213828.743:480</Value>
        </AttributeMetadata>
      </AttributeSchemaEntry>
      <AttributeSchemaEntry>
        <Name>vmwAttrOrganizationList</Name>
        <AttributeMetadata>
          <Value>attributeID:640:1:55a73700-c891-46fd-8f5c-72bc827f2ef5:20160407213829.019:640</Value>
          <Value>attributeSyntax:640:1:55a73700-c891-46fd-8f5c-72bc827f2ef5:20160407213829.019:640</Value>
          <Value>cn:640:1:55a73700-c891-46fd-8f5c-72bc827f2ef5:20160407213829.019:640</Value>
          <Value>createTimeStamp:640:1:55a73700-c891-46fd-8f5c-72bc827f2ef5:20160407213829.019:640</Value>
          <Value>description:640:1:55a73700-c891-46fd-8f5c-72bc827f2ef5:20160407213829.019:640</Value>
          <Value>entryDN:640:1:55a73700-c891-46fd-8f5c-72bc827f2ef5:20160407213829.019:640</Value>
          <Value>isSingleValued:640:1:55a73700-c891-46fd-8f5c-72bc827f2ef5:20160407213829.019:640</Value>
          <Value>lDAPDisplayName:640:1:55a73700-c891-46fd-8f5c-72bc827f2ef5:20160407213829.019:640</Value>
          <Value>modifyTimeStamp:640:1:55a73700-c891-46fd-8f5c-72bc827f2ef5:20160407213829.019:640</Value>
          <Value>objectClass:640:1:55a73700-c891-46fd-8f5c-72bc827f2ef5:20160407213829.019:640</Value>
          <Value>objectGUID:640:1:55a73700-c891-46fd-8f5c-72bc827f2ef5:20160407213829.019:640</Value>
          <Value>oMSyntax:640:1:55a73700-c891-46fd-8f5c-72bc827f2ef5:20160407213829.019:640</Value>
          <Value>schemaIDGUID:640:1:55a73700-c891-46fd-8f5c-72bc827f2ef5:20160407213829.019:640</Value>
          <Value>uSNChanged:640:1:55a73700-c891-46fd-8f5c-72bc827f2ef5:20160407213829.019:640</Value>
          <Value>uSNCreated:640:1:55a73700-c891-46fd-8f5c-72bc827f2ef5:20160407213829.019:640</Value>
          <Value>vmwAttributeUsage:640:1:55a73700-c891-46fd-8f5c-72bc827f2ef5:20160407213829.019:640</Value>
        </AttributeMetadata>
      </AttributeSchemaEntry>
      <AttributeSchemaEntry>
        <Name>vmwAuthzDocUri</Name>
        <AttributeMetadata>
          <Value>attributeID:363:1:55a73700-c891-46fd-8f5c-72bc827f2ef5:20160407213828.562:363</Value>
          <Value>attributeSyntax:363:1:55a73700-c891-46fd-8f5c-72bc827f2ef5:20160407213828.562:363</Value>
          <Value>cn:363:1:55a73700-c891-46fd-8f5c-72bc827f2ef5:20160407213828.562:363</Value>
          <Value>createTimeStamp:363:1:55a73700-c891-46fd-8f5c-72bc827f2ef5:20160407213828.562:363</Value>
          <Value>description:363:1:55a73700-c891-46fd-8f5c-72bc827f2ef5:20160407213828.562:363</Value>
          <Value>entryDN:363:1:55a73700-c891-46fd-8f5c-72bc827f2ef5:20160407213828.562:363</Value>
          <Value>isSingleValued:363:1:55a73700-c891-46fd-8f5c-72bc827f2ef5:20160407213828.562:363</Value>
          <Value>lDAPDisplayName:363:1:55a73700-c891-46fd-8f5c-72bc827f2ef5:20160407213828.562:363</Value>
          <Value>modifyTimeStamp:363:1:55a73700-c891-46fd-8f5c-72bc827f2ef5:20160407213828.562:363</Value>
          <Value>objectClass:363:1:55a73700-c891-46fd-8f5c-72bc827f2ef5:20160407213828.562:363</Value>
          <Value>objectGUID:363:1:55a73700-c891-46fd-8f5c-72bc827f2ef5:20160407213828.562:363</Value>
          <Value>oMSyntax:363:1:55a73700-c891-46fd-8f5c-72bc827f2ef5:20160407213828.562:363</Value>
          <Value>schemaIDGUID:363:1:55a73700-c891-46fd-8f5c-72bc827f2ef5:20160407213828.562:363</Value>
          <Value>uSNChanged:363:1:55a73700-c891-46fd-8f5c-72bc827f2ef5:20160407213828.562:363</Value>
          <Value>uSNCreated:363:1:55a73700-c891-46fd-8f5c-72bc827f2ef5:20160407213828.562:363</Value>
          <Value>vmwAttributeUsage:363:1:55a73700-c891-46fd-8f5c-72bc827f2ef5:20160407213828.562:363</Value>
        </AttributeMetadata>
      </AttributeSchemaEntry>
      <AttributeSchemaEntry>
        <Name>vmwAuthzPermissionPropagate</Name>
        <AttributeMetadata>
          <Value>attributeID:319:1:55a73700-c891-46fd-8f5c-72bc827f2ef5:20160407213828.497:319</Value>
          <Value>attributeSyntax:319:1:55a73700-c891-46fd-8f5c-72bc827f2ef5:20160407213828.497:319</Value>
          <Value>cn:319:1:55a73700-c891-46fd-8f5c-72bc827f2ef5:20160407213828.497:319</Value>
          <Value>createTimeStamp:319:1:55a73700-c891-46fd-8f5c-72bc827f2ef5:20160407213828.497:319</Value>
          <Value>description:319:1:55a73700-c891-46fd-8f5c-72bc827f2ef5:20160407213828.497:319</Value>
          <Value>entryDN:319:1:55a73700-c891-46fd-8f5c-72bc827f2ef5:20160407213828.497:319</Value>
          <Value>isSingleValued:319:1:55a73700-c891-46fd-8f5c-72bc827f2ef5:20160407213828.497:319</Value>
          <Value>lDAPDisplayName:319:1:55a73700-c891-46fd-8f5c-72bc827f2ef5:20160407213828.497:319</Value>
          <Value>modifyTimeStamp:319:1:55a73700-c891-46fd-8f5c-72bc827f2ef5:20160407213828.497:319</Value>
          <Value>objectClass:319:1:55a73700-c891-46fd-8f5c-72bc827f2ef5:20160407213828.497:319</Value>
          <Value>objectGUID:319:1:55a73700-c891-46fd-8f5c-72bc827f2ef5:20160407213828.497:319</Value>
          <Value>oMSyntax:319:1:55a73700-c891-46fd-8f5c-72bc827f2ef5:20160407213828.497:319</Value>
          <Value>schemaIDGUID:319:1:55a73700-c891-46fd-8f5c-72bc827f2ef5:20160407213828.497:319</Value>
          <Value>uSNChanged:319:1:55a73700-c891-46fd-8f5c-72bc827f2ef5:20160407213828.497:319</Value>
          <Value>uSNCreated:319:1:55a73700-c891-46fd-8f5c-72bc827f2ef5:20160407213828.497:319</Value>
          <Value>vmwAttributeUsage:319:1:55a73700-c891-46fd-8f5c-72bc827f2ef5:20160407213828.497:319</Value>
        </AttributeMetadata>
      </AttributeSchemaEntry>
      <AttributeSchemaEntry>
        <Name>vmwAuthzPermissionRoleId</Name>
        <AttributeMetadata>
          <Value>attributeID:1126:1:55a73700-c891-46fd-8f5c-72bc827f2ef5:20160407213829.864:1126</Value>
          <Value>attributeSyntax:1126:1:55a73700-c891-46fd-8f5c-72bc827f2ef5:20160407213829.864:1126</Value>
          <Value>cn:1126:1:55a73700-c891-46fd-8f5c-72bc827f2ef5:20160407213829.864:1126</Value>
          <Value>createTimeStamp:1126:1:55a73700-c891-46fd-8f5c-72bc827f2ef5:20160407213829.864:1126</Value>
          <Value>description:1126:1:55a73700-c891-46fd-8f5c-72bc827f2ef5:20160407213829.864:1126</Value>
          <Value>entryDN:1126:1:55a73700-c891-46fd-8f5c-72bc827f2ef5:20160407213829.864:1126</Value>
          <Value>isSingleValued:1126:1:55a73700-c891-46fd-8f5c-72bc827f2ef5:20160407213829.864:1126</Value>
          <Value>lDAPDisplayName:1126:1:55a73700-c891-46fd-8f5c-72bc827f2ef5:20160407213829.864:1126</Value>
          <Value>modifyTimeStamp:1126:1:55a73700-c891-46fd-8f5c-72bc827f2ef5:20160407213829.864:1126</Value>
          <Value>objectClass:1126:1:55a73700-c891-46fd-8f5c-72bc827f2ef5:20160407213829.864:1126</Value>
          <Value>objectGUID:1126:1:55a73700-c891-46fd-8f5c-72bc827f2ef5:20160407213829.864:1126</Value>
          <Value>oMSyntax:1126:1:55a73700-c891-46fd-8f5c-72bc827f2ef5:20160407213829.864:1126</Value>
          <Value>schemaIDGUID:1126:1:55a73700-c891-46fd-8f5c-72bc827f2ef5:20160407213829.864:1126</Value>
          <Value>uSNChanged:1126:1:55a73700-c891-46fd-8f5c-72bc827f2ef5:20160407213829.864:1126</Value>
          <Value>uSNCreated:1126:1:55a73700-c891-46fd-8f5c-72bc827f2ef5:20160407213829.864:1126</Value>
          <Value>vmwAttributeUsage:1126:1:55a73700-c891-46fd-8f5c-72bc827f2ef5:20160407213829.864:1126</Value>
        </AttributeMetadata>
      </AttributeSchemaEntry>
      <AttributeSchemaEntry>
        <Name>vmwAuthzPermissionVersion</Name>
        <AttributeMetadata>
          <Value>attributeID:119:1:55a73700-c891-46fd-8f5c-72bc827f2ef5:20160407213828.209:119</Value>
          <Value>attributeSyntax:119:1:55a73700-c891-46fd-8f5c-72bc827f2ef5:20160407213828.209:119</Value>
          <Value>cn:119:1:55a73700-c891-46fd-8f5c-72bc827f2ef5:20160407213828.209:119</Value>
          <Value>createTimeStamp:119:1:55a73700-c891-46fd-8f5c-72bc827f2ef5:20160407213828.209:119</Value>
          <Value>description:119:1:55a73700-c891-46fd-8f5c-72bc827f2ef5:20160407213828.209:119</Value>
          <Value>entryDN:119:1:55a73700-c891-46fd-8f5c-72bc827f2ef5:20160407213828.209:119</Value>
          <Value>isSingleValued:119:1:55a73700-c891-46fd-8f5c-72bc827f2ef5:20160407213828.209:119</Value>
          <Value>lDAPDisplayName:119:1:55a73700-c891-46fd-8f5c-72bc827f2ef5:20160407213828.209:119</Value>
          <Value>modifyTimeStamp:119:1:55a73700-c891-46fd-8f5c-72bc827f2ef5:20160407213828.209:119</Value>
          <Value>objectClass:119:1:55a73700-c891-46fd-8f5c-72bc827f2ef5:20160407213828.209:119</Value>
          <Value>objectGUID:119:1:55a73700-c891-46fd-8f5c-72bc827f2ef5:20160407213828.209:119</Value>
          <Value>oMSyntax:119:1:55a73700-c891-46fd-8f5c-72bc827f2ef5:20160407213828.209:119</Value>
          <Value>schemaIDGUID:119:1:55a73700-c891-46fd-8f5c-72bc827f2ef5:20160407213828.209:119</Value>
          <Value>uSNChanged:119:1:55a73700-c891-46fd-8f5c-72bc827f2ef5:20160407213828.209:119</Value>
          <Value>uSNCreated:119:1:55a73700-c891-46fd-8f5c-72bc827f2ef5:20160407213828.209:119</Value>
          <Value>vmwAttributeUsage:119:1:55a73700-c891-46fd-8f5c-72bc827f2ef5:20160407213828.209:119</Value>
        </AttributeMetadata>
      </AttributeSchemaEntry>
      <AttributeSchemaEntry>
        <Name>vmwAuthzPrincipalGroup</Name>
        <AttributeMetadata>
          <Value>attributeID:642:1:55a73700-c891-46fd-8f5c-72bc827f2ef5:20160407213829.024:642</Value>
          <Value>attributeSyntax:642:1:55a73700-c891-46fd-8f5c-72bc827f2ef5:20160407213829.024:642</Value>
          <Value>cn:642:1:55a73700-c891-46fd-8f5c-72bc827f2ef5:20160407213829.024:642</Value>
          <Value>createTimeStamp:642:1:55a73700-c891-46fd-8f5c-72bc827f2ef5:20160407213829.024:642</Value>
          <Value>description:642:1:55a73700-c891-46fd-8f5c-72bc827f2ef5:20160407213829.024:642</Value>
          <Value>entryDN:642:1:55a73700-c891-46fd-8f5c-72bc827f2ef5:20160407213829.024:642</Value>
          <Value>isSingleValued:642:1:55a73700-c891-46fd-8f5c-72bc827f2ef5:20160407213829.024:642</Value>
          <Value>lDAPDisplayName:642:1:55a73700-c891-46fd-8f5c-72bc827f2ef5:20160407213829.024:642</Value>
          <Value>modifyTimeStamp:642:1:55a73700-c891-46fd-8f5c-72bc827f2ef5:20160407213829.024:642</Value>
          <Value>objectClass:642:1:55a73700-c891-46fd-8f5c-72bc827f2ef5:20160407213829.024:642</Value>
          <Value>objectGUID:642:1:55a73700-c891-46fd-8f5c-72bc827f2ef5:20160407213829.024:642</Value>
          <Value>oMSyntax:642:1:55a73700-c891-46fd-8f5c-72bc827f2ef5:20160407213829.024:642</Value>
          <Value>schemaIDGUID:642:1:55a73700-c891-46fd-8f5c-72bc827f2ef5:20160407213829.024:642</Value>
          <Value>uSNChanged:642:1:55a73700-c891-46fd-8f5c-72bc827f2ef5:20160407213829.024:642</Value>
          <Value>uSNCreated:642:1:55a73700-c891-46fd-8f5c-72bc827f2ef5:20160407213829.024:642</Value>
          <Value>vmwAttributeUsage:642:1:55a73700-c891-46fd-8f5c-72bc827f2ef5:20160407213829.024:642</Value>
        </AttributeMetadata>
      </AttributeSchemaEntry>
      <AttributeSchemaEntry>
        <Name>vmwAuthzPrincipalName</Name>
        <AttributeMetadata>
          <Value>attributeID:1001:1:55a73700-c891-46fd-8f5c-72bc827f2ef5:20160407213829.627:1001</Value>
          <Value>attributeSyntax:1001:1:55a73700-c891-46fd-8f5c-72bc827f2ef5:20160407213829.627:1001</Value>
          <Value>cn:1001:1:55a73700-c891-46fd-8f5c-72bc827f2ef5:20160407213829.627:1001</Value>
          <Value>createTimeStamp:1001:1:55a73700-c891-46fd-8f5c-72bc827f2ef5:20160407213829.627:1001</Value>
          <Value>description:1001:1:55a73700-c891-46fd-8f5c-72bc827f2ef5:20160407213829.627:1001</Value>
          <Value>entryDN:1001:1:55a73700-c891-46fd-8f5c-72bc827f2ef5:20160407213829.627:1001</Value>
          <Value>isSingleValued:1001:1:55a73700-c891-46fd-8f5c-72bc827f2ef5:20160407213829.627:1001</Value>
          <Value>lDAPDisplayName:1001:1:55a73700-c891-46fd-8f5c-72bc827f2ef5:20160407213829.627:1001</Value>
          <Value>modifyTimeStamp:1001:1:55a73700-c891-46fd-8f5c-72bc827f2ef5:20160407213829.627:1001</Value>
          <Value>objectClass:1001:1:55a73700-c891-46fd-8f5c-72bc827f2ef5:20160407213829.627:1001</Value>
          <Value>objectGUID:1001:1:55a73700-c891-46fd-8f5c-72bc827f2ef5:20160407213829.627:1001</Value>
          <Value>oMSyntax:1001:1:55a73700-c891-46fd-8f5c-72bc827f2ef5:20160407213829.627:1001</Value>
          <Value>schemaIDGUID:1001:1:55a73700-c891-46fd-8f5c-72bc827f2ef5:20160407213829.627:1001</Value>
          <Value>uSNChanged:1001:1:55a73700-c891-46fd-8f5c-72bc827f2ef5:20160407213829.627:1001</Value>
          <Value>uSNCreated:1001:1:55a73700-c891-46fd-8f5c-72bc827f2ef5:20160407213829.627:1001</Value>
          <Value>vmwAttributeUsage:1001:1:55a73700-c891-46fd-8f5c-72bc827f2ef5:20160407213829.627:1001</Value>
        </AttributeMetadata>
      </AttributeSchemaEntry>
      <AttributeSchemaEntry>
        <Name>vmwAuthzPrivilegeDescription</Name>
        <AttributeMetadata>
          <Value>attributeID:177:1:55a73700-c891-46fd-8f5c-72bc827f2ef5:20160407213828.293:177</Value>
          <Value>attributeSyntax:177:1:55a73700-c891-46fd-8f5c-72bc827f2ef5:20160407213828.293:177</Value>
          <Value>cn:177:1:55a73700-c891-46fd-8f5c-72bc827f2ef5:20160407213828.293:177</Value>
          <Value>createTimeStamp:177:1:55a73700-c891-46fd-8f5c-72bc827f2ef5:20160407213828.293:177</Value>
          <Value>description:177:1:55a73700-c891-46fd-8f5c-72bc827f2ef5:20160407213828.293:177</Value>
          <Value>entryDN:177:1:55a73700-c891-46fd-8f5c-72bc827f2ef5:20160407213828.293:177</Value>
          <Value>isSingleValued:177:1:55a73700-c891-46fd-8f5c-72bc827f2ef5:20160407213828.293:177</Value>
          <Value>lDAPDisplayName:177:1:55a73700-c891-46fd-8f5c-72bc827f2ef5:20160407213828.293:177</Value>
          <Value>modifyTimeStamp:177:1:55a73700-c891-46fd-8f5c-72bc827f2ef5:20160407213828.293:177</Value>
          <Value>objectClass:177:1:55a73700-c891-46fd-8f5c-72bc827f2ef5:20160407213828.293:177</Value>
          <Value>objectGUID:177:1:55a73700-c891-46fd-8f5c-72bc827f2ef5:20160407213828.293:177</Value>
          <Value>oMSyntax:177:1:55a73700-c891-46fd-8f5c-72bc827f2ef5:20160407213828.293:177</Value>
          <Value>schemaIDGUID:177:1:55a73700-c891-46fd-8f5c-72bc827f2ef5:20160407213828.293:177</Value>
          <Value>uSNChanged:177:1:55a73700-c891-46fd-8f5c-72bc827f2ef5:20160407213828.293:177</Value>
          <Value>uSNCreated:177:1:55a73700-c891-46fd-8f5c-72bc827f2ef5:20160407213828.293:177</Value>
          <Value>vmwAttributeUsage:177:1:55a73700-c891-46fd-8f5c-72bc827f2ef5:20160407213828.293:177</Value>
        </AttributeMetadata>
      </AttributeSchemaEntry>
      <AttributeSchemaEntry>
        <Name>vmwAuthzPrivilegeGroupName</Name>
        <AttributeMetadata>
          <Value>attributeID:422:1:55a73700-c891-46fd-8f5c-72bc827f2ef5:20160407213828.652:422</Value>
          <Value>attributeSyntax:422:1:55a73700-c891-46fd-8f5c-72bc827f2ef5:20160407213828.652:422</Value>
          <Value>cn:422:1:55a73700-c891-46fd-8f5c-72bc827f2ef5:20160407213828.652:422</Value>
          <Value>createTimeStamp:422:1:55a73700-c891-46fd-8f5c-72bc827f2ef5:20160407213828.652:422</Value>
          <Value>description:422:1:55a73700-c891-46fd-8f5c-72bc827f2ef5:20160407213828.652:422</Value>
          <Value>entryDN:422:1:55a73700-c891-46fd-8f5c-72bc827f2ef5:20160407213828.652:422</Value>
          <Value>isSingleValued:422:1:55a73700-c891-46fd-8f5c-72bc827f2ef5:20160407213828.652:422</Value>
          <Value>lDAPDisplayName:422:1:55a73700-c891-46fd-8f5c-72bc827f2ef5:20160407213828.652:422</Value>
          <Value>modifyTimeStamp:422:1:55a73700-c891-46fd-8f5c-72bc827f2ef5:20160407213828.652:422</Value>
          <Value>objectClass:422:1:55a73700-c891-46fd-8f5c-72bc827f2ef5:20160407213828.652:422</Value>
          <Value>objectGUID:422:1:55a73700-c891-46fd-8f5c-72bc827f2ef5:20160407213828.652:422</Value>
          <Value>oMSyntax:422:1:55a73700-c891-46fd-8f5c-72bc827f2ef5:20160407213828.652:422</Value>
          <Value>schemaIDGUID:422:1:55a73700-c891-46fd-8f5c-72bc827f2ef5:20160407213828.652:422</Value>
          <Value>uSNChanged:422:1:55a73700-c891-46fd-8f5c-72bc827f2ef5:20160407213828.652:422</Value>
          <Value>uSNCreated:422:1:55a73700-c891-46fd-8f5c-72bc827f2ef5:20160407213828.652:422</Value>
          <Value>vmwAttributeUsage:422:1:55a73700-c891-46fd-8f5c-72bc827f2ef5:20160407213828.652:422</Value>
        </AttributeMetadata>
      </AttributeSchemaEntry>
      <AttributeSchemaEntry>
        <Name>vmwAuthzPrivilegeId</Name>
        <AttributeMetadata>
          <Value>attributeID:1054:1:55a73700-c891-46fd-8f5c-72bc827f2ef5:20160407213829.718:1054</Value>
          <Value>attributeSyntax:1054:1:55a73700-c891-46fd-8f5c-72bc827f2ef5:20160407213829.718:1054</Value>
          <Value>cn:1054:1:55a73700-c891-46fd-8f5c-72bc827f2ef5:20160407213829.718:1054</Value>
          <Value>createTimeStamp:1054:1:55a73700-c891-46fd-8f5c-72bc827f2ef5:20160407213829.718:1054</Value>
          <Value>description:1054:1:55a73700-c891-46fd-8f5c-72bc827f2ef5:20160407213829.718:1054</Value>
          <Value>entryDN:1054:1:55a73700-c891-46fd-8f5c-72bc827f2ef5:20160407213829.718:1054</Value>
          <Value>isSingleValued:1054:1:55a73700-c891-46fd-8f5c-72bc827f2ef5:20160407213829.718:1054</Value>
          <Value>lDAPDisplayName:1054:1:55a73700-c891-46fd-8f5c-72bc827f2ef5:20160407213829.718:1054</Value>
          <Value>modifyTimeStamp:1054:1:55a73700-c891-46fd-8f5c-72bc827f2ef5:20160407213829.718:1054</Value>
          <Value>objectClass:1054:1:55a73700-c891-46fd-8f5c-72bc827f2ef5:20160407213829.718:1054</Value>
          <Value>objectGUID:1054:1:55a73700-c891-46fd-8f5c-72bc827f2ef5:20160407213829.718:1054</Value>
          <Value>oMSyntax:1054:1:55a73700-c891-46fd-8f5c-72bc827f2ef5:20160407213829.718:1054</Value>
          <Value>schemaIDGUID:1054:1:55a73700-c891-46fd-8f5c-72bc827f2ef5:20160407213829.718:1054</Value>
          <Value>uSNChanged:1054:1:55a73700-c891-46fd-8f5c-72bc827f2ef5:20160407213829.718:1054</Value>
          <Value>uSNCreated:1054:1:55a73700-c891-46fd-8f5c-72bc827f2ef5:20160407213829.718:1054</Value>
          <Value>vmwAttributeUsage:1054:1:55a73700-c891-46fd-8f5c-72bc827f2ef5:20160407213829.718:1054</Value>
        </AttributeMetadata>
      </AttributeSchemaEntry>
      <AttributeSchemaEntry>
        <Name>vmwAuthzPrivilegeIsOnParent</Name>
        <AttributeMetadata>
          <Value>attributeID:751:1:55a73700-c891-46fd-8f5c-72bc827f2ef5:20160407213829.207:751</Value>
          <Value>attributeSyntax:751:1:55a73700-c891-46fd-8f5c-72bc827f2ef5:20160407213829.207:751</Value>
          <Value>cn:751:1:55a73700-c891-46fd-8f5c-72bc827f2ef5:20160407213829.207:751</Value>
          <Value>createTimeStamp:751:1:55a73700-c891-46fd-8f5c-72bc827f2ef5:20160407213829.207:751</Value>
          <Value>description:751:1:55a73700-c891-46fd-8f5c-72bc827f2ef5:20160407213829.207:751</Value>
          <Value>entryDN:751:1:55a73700-c891-46fd-8f5c-72bc827f2ef5:20160407213829.207:751</Value>
          <Value>isSingleValued:751:1:55a73700-c891-46fd-8f5c-72bc827f2ef5:20160407213829.207:751</Value>
          <Value>lDAPDisplayName:751:1:55a73700-c891-46fd-8f5c-72bc827f2ef5:20160407213829.207:751</Value>
          <Value>modifyTimeStamp:751:1:55a73700-c891-46fd-8f5c-72bc827f2ef5:20160407213829.207:751</Value>
          <Value>objectClass:751:1:55a73700-c891-46fd-8f5c-72bc827f2ef5:20160407213829.207:751</Value>
          <Value>objectGUID:751:1:55a73700-c891-46fd-8f5c-72bc827f2ef5:20160407213829.207:751</Value>
          <Value>oMSyntax:751:1:55a73700-c891-46fd-8f5c-72bc827f2ef5:20160407213829.207:751</Value>
          <Value>schemaIDGUID:751:1:55a73700-c891-46fd-8f5c-72bc827f2ef5:20160407213829.207:751</Value>
          <Value>uSNChanged:751:1:55a73700-c891-46fd-8f5c-72bc827f2ef5:20160407213829.207:751</Value>
          <Value>uSNCreated:751:1:55a73700-c891-46fd-8f5c-72bc827f2ef5:20160407213829.207:751</Value>
          <Value>vmwAttributeUsage:751:1:55a73700-c891-46fd-8f5c-72bc827f2ef5:20160407213829.207:751</Value>
        </AttributeMetadata>
      </AttributeSchemaEntry>
      <AttributeSchemaEntry>
        <Name>vmwAuthzPrivilegeVersion</Name>
        <AttributeMetadata>
          <Value>attributeID:142:1:55a73700-c891-46fd-8f5c-72bc827f2ef5:20160407213828.241:142</Value>
          <Value>attributeSyntax:142:1:55a73700-c891-46fd-8f5c-72bc827f2ef5:20160407213828.241:142</Value>
          <Value>cn:142:1:55a73700-c891-46fd-8f5c-72bc827f2ef5:20160407213828.241:142</Value>
          <Value>createTimeStamp:142:1:55a73700-c891-46fd-8f5c-72bc827f2ef5:20160407213828.241:142</Value>
          <Value>description:142:1:55a73700-c891-46fd-8f5c-72bc827f2ef5:20160407213828.241:142</Value>
          <Value>entryDN:142:1:55a73700-c891-46fd-8f5c-72bc827f2ef5:20160407213828.241:142</Value>
          <Value>isSingleValued:142:1:55a73700-c891-46fd-8f5c-72bc827f2ef5:20160407213828.241:142</Value>
          <Value>lDAPDisplayName:142:1:55a73700-c891-46fd-8f5c-72bc827f2ef5:20160407213828.241:142</Value>
          <Value>modifyTimeStamp:142:1:55a73700-c891-46fd-8f5c-72bc827f2ef5:20160407213828.241:142</Value>
          <Value>objectClass:142:1:55a73700-c891-46fd-8f5c-72bc827f2ef5:20160407213828.241:142</Value>
          <Value>objectGUID:142:1:55a73700-c891-46fd-8f5c-72bc827f2ef5:20160407213828.241:142</Value>
          <Value>oMSyntax:142:1:55a73700-c891-46fd-8f5c-72bc827f2ef5:20160407213828.241:142</Value>
          <Value>schemaIDGUID:142:1:55a73700-c891-46fd-8f5c-72bc827f2ef5:20160407213828.241:142</Value>
          <Value>uSNChanged:142:1:55a73700-c891-46fd-8f5c-72bc827f2ef5:20160407213828.241:142</Value>
          <Value>uSNCreated:142:1:55a73700-c891-46fd-8f5c-72bc827f2ef5:20160407213828.241:142</Value>
          <Value>vmwAttributeUsage:142:1:55a73700-c891-46fd-8f5c-72bc827f2ef5:20160407213828.241:142</Value>
        </AttributeMetadata>
      </AttributeSchemaEntry>
      <AttributeSchemaEntry>
        <Name>vmwAuthzRoleDescription</Name>
        <AttributeMetadata>
          <Value>attributeID:428:1:55a73700-c891-46fd-8f5c-72bc827f2ef5:20160407213828.659:428</Value>
          <Value>attributeSyntax:428:1:55a73700-c891-46fd-8f5c-72bc827f2ef5:20160407213828.659:428</Value>
          <Value>cn:428:1:55a73700-c891-46fd-8f5c-72bc827f2ef5:20160407213828.659:428</Value>
          <Value>createTimeStamp:428:1:55a73700-c891-46fd-8f5c-72bc827f2ef5:20160407213828.659:428</Value>
          <Value>description:428:1:55a73700-c891-46fd-8f5c-72bc827f2ef5:20160407213828.659:428</Value>
          <Value>entryDN:428:1:55a73700-c891-46fd-8f5c-72bc827f2ef5:20160407213828.659:428</Value>
          <Value>isSingleValued:428:1:55a73700-c891-46fd-8f5c-72bc827f2ef5:20160407213828.659:428</Value>
          <Value>lDAPDisplayName:428:1:55a73700-c891-46fd-8f5c-72bc827f2ef5:20160407213828.659:428</Value>
          <Value>modifyTimeStamp:428:1:55a73700-c891-46fd-8f5c-72bc827f2ef5:20160407213828.659:428</Value>
          <Value>objectClass:428:1:55a73700-c891-46fd-8f5c-72bc827f2ef5:20160407213828.659:428</Value>
          <Value>objectGUID:428:1:55a73700-c891-46fd-8f5c-72bc827f2ef5:20160407213828.659:428</Value>
          <Value>oMSyntax:428:1:55a73700-c891-46fd-8f5c-72bc827f2ef5:20160407213828.659:428</Value>
          <Value>schemaIDGUID:428:1:55a73700-c891-46fd-8f5c-72bc827f2ef5:20160407213828.659:428</Value>
          <Value>uSNChanged:428:1:55a73700-c891-46fd-8f5c-72bc827f2ef5:20160407213828.659:428</Value>
          <Value>uSNCreated:428:1:55a73700-c891-46fd-8f5c-72bc827f2ef5:20160407213828.659:428</Value>
          <Value>vmwAttributeUsage:428:1:55a73700-c891-46fd-8f5c-72bc827f2ef5:20160407213828.659:428</Value>
        </AttributeMetadata>
      </AttributeSchemaEntry>
      <AttributeSchemaEntry>
        <Name>vmwAuthzRoleIdBeforeUpgrade</Name>
        <AttributeMetadata>
          <Value>attributeID:1109:1:55a73700-c891-46fd-8f5c-72bc827f2ef5:20160407213829.834:1109</Value>
          <Value>attributeSyntax:1109:1:55a73700-c891-46fd-8f5c-72bc827f2ef5:20160407213829.834:1109</Value>
          <Value>cn:1109:1:55a73700-c891-46fd-8f5c-72bc827f2ef5:20160407213829.834:1109</Value>
          <Value>createTimeStamp:1109:1:55a73700-c891-46fd-8f5c-72bc827f2ef5:20160407213829.834:1109</Value>
          <Value>description:1109:1:55a73700-c891-46fd-8f5c-72bc827f2ef5:20160407213829.834:1109</Value>
          <Value>entryDN:1109:1:55a73700-c891-46fd-8f5c-72bc827f2ef5:20160407213829.834:1109</Value>
          <Value>isSingleValued:1109:1:55a73700-c891-46fd-8f5c-72bc827f2ef5:20160407213829.834:1109</Value>
          <Value>lDAPDisplayName:1109:1:55a73700-c891-46fd-8f5c-72bc827f2ef5:20160407213829.834:1109</Value>
          <Value>modifyTimeStamp:1109:1:55a73700-c891-46fd-8f5c-72bc827f2ef5:20160407213829.834:1109</Value>
          <Value>objectClass:1109:1:55a73700-c891-46fd-8f5c-72bc827f2ef5:20160407213829.834:1109</Value>
          <Value>objectGUID:1109:1:55a73700-c891-46fd-8f5c-72bc827f2ef5:20160407213829.834:1109</Value>
          <Value>oMSyntax:1109:1:55a73700-c891-46fd-8f5c-72bc827f2ef5:20160407213829.834:1109</Value>
          <Value>schemaIDGUID:1109:1:55a73700-c891-46fd-8f5c-72bc827f2ef5:20160407213829.834:1109</Value>
          <Value>uSNChanged:1109:1:55a73700-c891-46fd-8f5c-72bc827f2ef5:20160407213829.834:1109</Value>
          <Value>uSNCreated:1109:1:55a73700-c891-46fd-8f5c-72bc827f2ef5:20160407213829.834:1109</Value>
          <Value>vmwAttributeUsage:1109:1:55a73700-c891-46fd-8f5c-72bc827f2ef5:20160407213829.834:1109</Value>
        </AttributeMetadata>
      </AttributeSchemaEntry>
      <AttributeSchemaEntry>
        <Name>vmwAuthzRoleName</Name>
        <AttributeMetadata>
          <Value>attributeID:1103:1:55a73700-c891-46fd-8f5c-72bc827f2ef5:20160407213829.827:1103</Value>
          <Value>attributeSyntax:1103:1:55a73700-c891-46fd-8f5c-72bc827f2ef5:20160407213829.827:1103</Value>
          <Value>cn:1103:1:55a73700-c891-46fd-8f5c-72bc827f2ef5:20160407213829.827:1103</Value>
          <Value>createTimeStamp:1103:1:55a73700-c891-46fd-8f5c-72bc827f2ef5:20160407213829.827:1103</Value>
          <Value>description:1103:1:55a73700-c891-46fd-8f5c-72bc827f2ef5:20160407213829.827:1103</Value>
          <Value>entryDN:1103:1:55a73700-c891-46fd-8f5c-72bc827f2ef5:20160407213829.827:1103</Value>
          <Value>isSingleValued:1103:1:55a73700-c891-46fd-8f5c-72bc827f2ef5:20160407213829.827:1103</Value>
          <Value>lDAPDisplayName:1103:1:55a73700-c891-46fd-8f5c-72bc827f2ef5:20160407213829.827:1103</Value>
          <Value>modifyTimeStamp:1103:1:55a73700-c891-46fd-8f5c-72bc827f2ef5:20160407213829.827:1103</Value>
          <Value>objectClass:1103:1:55a73700-c891-46fd-8f5c-72bc827f2ef5:20160407213829.827:1103</Value>
          <Value>objectGUID:1103:1:55a73700-c891-46fd-8f5c-72bc827f2ef5:20160407213829.827:1103</Value>
          <Value>oMSyntax:1103:1:55a73700-c891-46fd-8f5c-72bc827f2ef5:20160407213829.827:1103</Value>
          <Value>schemaIDGUID:1103:1:55a73700-c891-46fd-8f5c-72bc827f2ef5:20160407213829.827:1103</Value>
          <Value>uSNChanged:1103:1:55a73700-c891-46fd-8f5c-72bc827f2ef5:20160407213829.827:1103</Value>
          <Value>uSNCreated:1103:1:55a73700-c891-46fd-8f5c-72bc827f2ef5:20160407213829.827:1103</Value>
          <Value>vmwAttributeUsage:1103:1:55a73700-c891-46fd-8f5c-72bc827f2ef5:20160407213829.827:1103</Value>
        </AttributeMetadata>
      </AttributeSchemaEntry>
      <AttributeSchemaEntry>
        <Name>vmwAuthzRolePrivilegeId</Name>
        <AttributeMetadata>
          <Value>attributeID:547:1:55a73700-c891-46fd-8f5c-72bc827f2ef5:20160407213828.857:547</Value>
          <Value>attributeSyntax:547:1:55a73700-c891-46fd-8f5c-72bc827f2ef5:20160407213828.857:547</Value>
          <Value>cn:547:1:55a73700-c891-46fd-8f5c-72bc827f2ef5:20160407213828.857:547</Value>
          <Value>createTimeStamp:547:1:55a73700-c891-46fd-8f5c-72bc827f2ef5:20160407213828.857:547</Value>
          <Value>description:547:1:55a73700-c891-46fd-8f5c-72bc827f2ef5:20160407213828.857:547</Value>
          <Value>entryDN:547:1:55a73700-c891-46fd-8f5c-72bc827f2ef5:20160407213828.857:547</Value>
          <Value>isSingleValued:547:1:55a73700-c891-46fd-8f5c-72bc827f2ef5:20160407213828.857:547</Value>
          <Value>lDAPDisplayName:547:1:55a73700-c891-46fd-8f5c-72bc827f2ef5:20160407213828.857:547</Value>
          <Value>modifyTimeStamp:547:1:55a73700-c891-46fd-8f5c-72bc827f2ef5:20160407213828.857:547</Value>
          <Value>objectClass:547:1:55a73700-c891-46fd-8f5c-72bc827f2ef5:20160407213828.857:547</Value>
          <Value>objectGUID:547:1:55a73700-c891-46fd-8f5c-72bc827f2ef5:20160407213828.857:547</Value>
          <Value>oMSyntax:547:1:55a73700-c891-46fd-8f5c-72bc827f2ef5:20160407213828.857:547</Value>
          <Value>schemaIDGUID:547:1:55a73700-c891-46fd-8f5c-72bc827f2ef5:20160407213828.857:547</Value>
          <Value>uSNChanged:547:1:55a73700-c891-46fd-8f5c-72bc827f2ef5:20160407213828.857:547</Value>
          <Value>uSNCreated:547:1:55a73700-c891-46fd-8f5c-72bc827f2ef5:20160407213828.857:547</Value>
          <Value>vmwAttributeUsage:547:1:55a73700-c891-46fd-8f5c-72bc827f2ef5:20160407213828.857:547</Value>
        </AttributeMetadata>
      </AttributeSchemaEntry>
      <AttributeSchemaEntry>
        <Name>vmwAuthzRoleVersion</Name>
        <AttributeMetadata>
          <Value>attributeID:988:1:55a73700-c891-46fd-8f5c-72bc827f2ef5:20160407213829.612:988</Value>
          <Value>attributeSyntax:988:1:55a73700-c891-46fd-8f5c-72bc827f2ef5:20160407213829.612:988</Value>
          <Value>cn:988:1:55a73700-c891-46fd-8f5c-72bc827f2ef5:20160407213829.612:988</Value>
          <Value>createTimeStamp:988:1:55a73700-c891-46fd-8f5c-72bc827f2ef5:20160407213829.612:988</Value>
          <Value>description:988:1:55a73700-c891-46fd-8f5c-72bc827f2ef5:20160407213829.612:988</Value>
          <Value>entryDN:988:1:55a73700-c891-46fd-8f5c-72bc827f2ef5:20160407213829.612:988</Value>
          <Value>isSingleValued:988:1:55a73700-c891-46fd-8f5c-72bc827f2ef5:20160407213829.612:988</Value>
          <Value>lDAPDisplayName:988:1:55a73700-c891-46fd-8f5c-72bc827f2ef5:20160407213829.612:988</Value>
          <Value>modifyTimeStamp:988:1:55a73700-c891-46fd-8f5c-72bc827f2ef5:20160407213829.612:988</Value>
          <Value>objectClass:988:1:55a73700-c891-46fd-8f5c-72bc827f2ef5:20160407213829.612:988</Value>
          <Value>objectGUID:988:1:55a73700-c891-46fd-8f5c-72bc827f2ef5:20160407213829.612:988</Value>
          <Value>oMSyntax:988:1:55a73700-c891-46fd-8f5c-72bc827f2ef5:20160407213829.612:988</Value>
          <Value>schemaIDGUID:988:1:55a73700-c891-46fd-8f5c-72bc827f2ef5:20160407213829.612:988</Value>
          <Value>uSNChanged:988:1:55a73700-c891-46fd-8f5c-72bc827f2ef5:20160407213829.612:988</Value>
          <Value>uSNCreated:988:1:55a73700-c891-46fd-8f5c-72bc827f2ef5:20160407213829.612:988</Value>
          <Value>vmwAttributeUsage:988:1:55a73700-c891-46fd-8f5c-72bc827f2ef5:20160407213829.612:988</Value>
        </AttributeMetadata>
      </AttributeSchemaEntry>
      <AttributeSchemaEntry>
        <Name>vmwAuthzTenantUri</Name>
        <AttributeMetadata>
          <Value>attributeID:1558:1:55a73700-c891-46fd-8f5c-72bc827f2ef5:20160407213830.591:1558</Value>
          <Value>attributeSyntax:1558:1:55a73700-c891-46fd-8f5c-72bc827f2ef5:20160407213830.591:1558</Value>
          <Value>cn:1558:1:55a73700-c891-46fd-8f5c-72bc827f2ef5:20160407213830.591:1558</Value>
          <Value>createTimeStamp:1558:1:55a73700-c891-46fd-8f5c-72bc827f2ef5:20160407213830.591:1558</Value>
          <Value>description:1558:1:55a73700-c891-46fd-8f5c-72bc827f2ef5:20160407213830.591:1558</Value>
          <Value>entryDN:1558:1:55a73700-c891-46fd-8f5c-72bc827f2ef5:20160407213830.591:1558</Value>
          <Value>isSingleValued:1558:1:55a73700-c891-46fd-8f5c-72bc827f2ef5:20160407213830.591:1558</Value>
          <Value>lDAPDisplayName:1558:1:55a73700-c891-46fd-8f5c-72bc827f2ef5:20160407213830.591:1558</Value>
          <Value>modifyTimeStamp:1558:1:55a73700-c891-46fd-8f5c-72bc827f2ef5:20160407213830.591:1558</Value>
          <Value>objectClass:1558:1:55a73700-c891-46fd-8f5c-72bc827f2ef5:20160407213830.591:1558</Value>
          <Value>objectGUID:1558:1:55a73700-c891-46fd-8f5c-72bc827f2ef5:20160407213830.591:1558</Value>
          <Value>oMSyntax:1558:1:55a73700-c891-46fd-8f5c-72bc827f2ef5:20160407213830.591:1558</Value>
          <Value>schemaIDGUID:1558:1:55a73700-c891-46fd-8f5c-72bc827f2ef5:20160407213830.591:1558</Value>
          <Value>uSNChanged:1558:1:55a73700-c891-46fd-8f5c-72bc827f2ef5:20160407213830.591:1558</Value>
          <Value>uSNCreated:1558:1:55a73700-c891-46fd-8f5c-72bc827f2ef5:20160407213830.591:1558</Value>
          <Value>vmwAttributeUsage:1558:1:55a73700-c891-46fd-8f5c-72bc827f2ef5:20160407213830.591:1558</Value>
        </AttributeMetadata>
      </AttributeSchemaEntry>
      <AttributeSchemaEntry>
        <Name>vmwCISAuxAttributes</Name>
        <AttributeMetadata>
          <Value>attributeID:189:1:55a73700-c891-46fd-8f5c-72bc827f2ef5:20160407213828.303:189</Value>
          <Value>attributeSyntax:189:1:55a73700-c891-46fd-8f5c-72bc827f2ef5:20160407213828.303:189</Value>
          <Value>cn:189:1:55a73700-c891-46fd-8f5c-72bc827f2ef5:20160407213828.303:189</Value>
          <Value>createTimeStamp:189:1:55a73700-c891-46fd-8f5c-72bc827f2ef5:20160407213828.303:189</Value>
          <Value>description:189:1:55a73700-c891-46fd-8f5c-72bc827f2ef5:20160407213828.303:189</Value>
          <Value>entryDN:189:1:55a73700-c891-46fd-8f5c-72bc827f2ef5:20160407213828.303:189</Value>
          <Value>isSingleValued:189:1:55a73700-c891-46fd-8f5c-72bc827f2ef5:20160407213828.303:189</Value>
          <Value>lDAPDisplayName:189:1:55a73700-c891-46fd-8f5c-72bc827f2ef5:20160407213828.303:189</Value>
          <Value>modifyTimeStamp:189:1:55a73700-c891-46fd-8f5c-72bc827f2ef5:20160407213828.303:189</Value>
          <Value>objectClass:189:1:55a73700-c891-46fd-8f5c-72bc827f2ef5:20160407213828.303:189</Value>
          <Value>objectGUID:189:1:55a73700-c891-46fd-8f5c-72bc827f2ef5:20160407213828.303:189</Value>
          <Value>oMSyntax:189:1:55a73700-c891-46fd-8f5c-72bc827f2ef5:20160407213828.303:189</Value>
          <Value>schemaIDGUID:189:1:55a73700-c891-46fd-8f5c-72bc827f2ef5:20160407213828.303:189</Value>
          <Value>uSNChanged:189:1:55a73700-c891-46fd-8f5c-72bc827f2ef5:20160407213828.303:189</Value>
          <Value>uSNCreated:189:1:55a73700-c891-46fd-8f5c-72bc827f2ef5:20160407213828.303:189</Value>
          <Value>vmwAttributeUsage:189:1:55a73700-c891-46fd-8f5c-72bc827f2ef5:20160407213828.303:189</Value>
        </AttributeMetadata>
      </AttributeSchemaEntry>
      <AttributeSchemaEntry>
        <Name>vmwCISDescription</Name>
        <AttributeMetadata>
          <Value>attributeID:403:1:55a73700-c891-46fd-8f5c-72bc827f2ef5:20160407213828.623:403</Value>
          <Value>attributeSyntax:403:1:55a73700-c891-46fd-8f5c-72bc827f2ef5:20160407213828.623:403</Value>
          <Value>cn:403:1:55a73700-c891-46fd-8f5c-72bc827f2ef5:20160407213828.623:403</Value>
          <Value>createTimeStamp:403:1:55a73700-c891-46fd-8f5c-72bc827f2ef5:20160407213828.623:403</Value>
          <Value>description:403:1:55a73700-c891-46fd-8f5c-72bc827f2ef5:20160407213828.623:403</Value>
          <Value>entryDN:403:1:55a73700-c891-46fd-8f5c-72bc827f2ef5:20160407213828.623:403</Value>
          <Value>isSingleValued:403:1:55a73700-c891-46fd-8f5c-72bc827f2ef5:20160407213828.623:403</Value>
          <Value>lDAPDisplayName:403:1:55a73700-c891-46fd-8f5c-72bc827f2ef5:20160407213828.623:403</Value>
          <Value>modifyTimeStamp:403:1:55a73700-c891-46fd-8f5c-72bc827f2ef5:20160407213828.623:403</Value>
          <Value>objectClass:403:1:55a73700-c891-46fd-8f5c-72bc827f2ef5:20160407213828.623:403</Value>
          <Value>objectGUID:403:1:55a73700-c891-46fd-8f5c-72bc827f2ef5:20160407213828.623:403</Value>
          <Value>oMSyntax:403:1:55a73700-c891-46fd-8f5c-72bc827f2ef5:20160407213828.623:403</Value>
          <Value>schemaIDGUID:403:1:55a73700-c891-46fd-8f5c-72bc827f2ef5:20160407213828.623:403</Value>
          <Value>uSNChanged:403:1:55a73700-c891-46fd-8f5c-72bc827f2ef5:20160407213828.623:403</Value>
          <Value>uSNCreated:403:1:55a73700-c891-46fd-8f5c-72bc827f2ef5:20160407213828.623:403</Value>
          <Value>vmwAttributeUsage:403:1:55a73700-c891-46fd-8f5c-72bc827f2ef5:20160407213828.623:403</Value>
        </AttributeMetadata>
      </AttributeSchemaEntry>
      <AttributeSchemaEntry>
        <Name>vmwCISEndpoints</Name>
        <AttributeMetadata>
          <Value>attributeID:1718:1:55a73700-c891-46fd-8f5c-72bc827f2ef5:20160407213830.861:1718</Value>
          <Value>attributeSyntax:1718:1:55a73700-c891-46fd-8f5c-72bc827f2ef5:20160407213830.861:1718</Value>
          <Value>cn:1718:1:55a73700-c891-46fd-8f5c-72bc827f2ef5:20160407213830.861:1718</Value>
          <Value>createTimeStamp:1718:1:55a73700-c891-46fd-8f5c-72bc827f2ef5:20160407213830.861:1718</Value>
          <Value>description:1718:1:55a73700-c891-46fd-8f5c-72bc827f2ef5:20160407213830.861:1718</Value>
          <Value>entryDN:1718:1:55a73700-c891-46fd-8f5c-72bc827f2ef5:20160407213830.861:1718</Value>
          <Value>isSingleValued:1718:1:55a73700-c891-46fd-8f5c-72bc827f2ef5:20160407213830.861:1718</Value>
          <Value>lDAPDisplayName:1718:1:55a73700-c891-46fd-8f5c-72bc827f2ef5:20160407213830.861:1718</Value>
          <Value>modifyTimeStamp:1718:1:55a73700-c891-46fd-8f5c-72bc827f2ef5:20160407213830.861:1718</Value>
          <Value>objectClass:1718:1:55a73700-c891-46fd-8f5c-72bc827f2ef5:20160407213830.861:1718</Value>
          <Value>objectGUID:1718:1:55a73700-c891-46fd-8f5c-72bc827f2ef5:20160407213830.861:1718</Value>
          <Value>oMSyntax:1718:1:55a73700-c891-46fd-8f5c-72bc827f2ef5:20160407213830.861:1718</Value>
          <Value>schemaIDGUID:1718:1:55a73700-c891-46fd-8f5c-72bc827f2ef5:20160407213830.861:1718</Value>
          <Value>uSNChanged:1718:1:55a73700-c891-46fd-8f5c-72bc827f2ef5:20160407213830.861:1718</Value>
          <Value>uSNCreated:1718:1:55a73700-c891-46fd-8f5c-72bc827f2ef5:20160407213830.861:1718</Value>
          <Value>vmwAttributeUsage:1718:1:55a73700-c891-46fd-8f5c-72bc827f2ef5:20160407213830.861:1718</Value>
        </AttributeMetadata>
      </AttributeSchemaEntry>
      <AttributeSchemaEntry>
        <Name>vmwCISEndpointTypes</Name>
        <AttributeMetadata>
          <Value>attributeID:945:1:55a73700-c891-46fd-8f5c-72bc827f2ef5:20160407213829.539:945</Value>
          <Value>attributeSyntax:945:1:55a73700-c891-46fd-8f5c-72bc827f2ef5:20160407213829.539:945</Value>
          <Value>cn:945:1:55a73700-c891-46fd-8f5c-72bc827f2ef5:20160407213829.539:945</Value>
          <Value>createTimeStamp:945:1:55a73700-c891-46fd-8f5c-72bc827f2ef5:20160407213829.539:945</Value>
          <Value>description:945:1:55a73700-c891-46fd-8f5c-72bc827f2ef5:20160407213829.539:945</Value>
          <Value>entryDN:945:1:55a73700-c891-46fd-8f5c-72bc827f2ef5:20160407213829.539:945</Value>
          <Value>isSingleValued:945:1:55a73700-c891-46fd-8f5c-72bc827f2ef5:20160407213829.539:945</Value>
          <Value>lDAPDisplayName:945:1:55a73700-c891-46fd-8f5c-72bc827f2ef5:20160407213829.539:945</Value>
          <Value>modifyTimeStamp:945:1:55a73700-c891-46fd-8f5c-72bc827f2ef5:20160407213829.539:945</Value>
          <Value>objectClass:945:1:55a73700-c891-46fd-8f5c-72bc827f2ef5:20160407213829.539:945</Value>
          <Value>objectGUID:945:1:55a73700-c891-46fd-8f5c-72bc827f2ef5:20160407213829.539:945</Value>
          <Value>oMSyntax:945:1:55a73700-c891-46fd-8f5c-72bc827f2ef5:20160407213829.539:945</Value>
          <Value>schemaIDGUID:945:1:55a73700-c891-46fd-8f5c-72bc827f2ef5:20160407213829.539:945</Value>
          <Value>uSNChanged:945:1:55a73700-c891-46fd-8f5c-72bc827f2ef5:20160407213829.539:945</Value>
          <Value>uSNCreated:945:1:55a73700-c891-46fd-8f5c-72bc827f2ef5:20160407213829.539:945</Value>
          <Value>vmwAttributeUsage:945:1:55a73700-c891-46fd-8f5c-72bc827f2ef5:20160407213829.539:945</Value>
        </AttributeMetadata>
      </AttributeSchemaEntry>
      <AttributeSchemaEntry>
        <Name>vmwCISGroup</Name>
        <AttributeMetadata>
          <Value>attributeID:657:1:55a73700-c891-46fd-8f5c-72bc827f2ef5:20160407213829.051:657</Value>
          <Value>attributeSyntax:657:1:55a73700-c891-46fd-8f5c-72bc827f2ef5:20160407213829.051:657</Value>
          <Value>cn:657:1:55a73700-c891-46fd-8f5c-72bc827f2ef5:20160407213829.051:657</Value>
          <Value>createTimeStamp:657:1:55a73700-c891-46fd-8f5c-72bc827f2ef5:20160407213829.051:657</Value>
          <Value>description:657:1:55a73700-c891-46fd-8f5c-72bc827f2ef5:20160407213829.051:657</Value>
          <Value>entryDN:657:1:55a73700-c891-46fd-8f5c-72bc827f2ef5:20160407213829.051:657</Value>
          <Value>isSingleValued:657:1:55a73700-c891-46fd-8f5c-72bc827f2ef5:20160407213829.051:657</Value>
          <Value>lDAPDisplayName:657:1:55a73700-c891-46fd-8f5c-72bc827f2ef5:20160407213829.051:657</Value>
          <Value>modifyTimeStamp:657:1:55a73700-c891-46fd-8f5c-72bc827f2ef5:20160407213829.051:657</Value>
          <Value>objectClass:657:1:55a73700-c891-46fd-8f5c-72bc827f2ef5:20160407213829.051:657</Value>
          <Value>objectGUID:657:1:55a73700-c891-46fd-8f5c-72bc827f2ef5:20160407213829.051:657</Value>
          <Value>oMSyntax:657:1:55a73700-c891-46fd-8f5c-72bc827f2ef5:20160407213829.051:657</Value>
          <Value>schemaIDGUID:657:1:55a73700-c891-46fd-8f5c-72bc827f2ef5:20160407213829.051:657</Value>
          <Value>uSNChanged:657:1:55a73700-c891-46fd-8f5c-72bc827f2ef5:20160407213829.051:657</Value>
          <Value>uSNCreated:657:1:55a73700-c891-46fd-8f5c-72bc827f2ef5:20160407213829.051:657</Value>
          <Value>vmwAttributeUsage:657:1:55a73700-c891-46fd-8f5c-72bc827f2ef5:20160407213829.051:657</Value>
        </AttributeMetadata>
      </AttributeSchemaEntry>
      <AttributeSchemaEntry>
        <Name>vmwCISGroupName</Name>
        <AttributeMetadata>
          <Value>attributeID:664:1:55a73700-c891-46fd-8f5c-72bc827f2ef5:20160407213829.061:664</Value>
          <Value>attributeSyntax:664:1:55a73700-c891-46fd-8f5c-72bc827f2ef5:20160407213829.061:664</Value>
          <Value>cn:664:1:55a73700-c891-46fd-8f5c-72bc827f2ef5:20160407213829.061:664</Value>
          <Value>createTimeStamp:664:1:55a73700-c891-46fd-8f5c-72bc827f2ef5:20160407213829.061:664</Value>
          <Value>description:664:1:55a73700-c891-46fd-8f5c-72bc827f2ef5:20160407213829.061:664</Value>
          <Value>entryDN:664:1:55a73700-c891-46fd-8f5c-72bc827f2ef5:20160407213829.061:664</Value>
          <Value>isSingleValued:664:1:55a73700-c891-46fd-8f5c-72bc827f2ef5:20160407213829.061:664</Value>
          <Value>lDAPDisplayName:664:1:55a73700-c891-46fd-8f5c-72bc827f2ef5:20160407213829.061:664</Value>
          <Value>modifyTimeStamp:664:1:55a73700-c891-46fd-8f5c-72bc827f2ef5:20160407213829.061:664</Value>
          <Value>objectClass:664:1:55a73700-c891-46fd-8f5c-72bc827f2ef5:20160407213829.061:664</Value>
          <Value>objectGUID:664:1:55a73700-c891-46fd-8f5c-72bc827f2ef5:20160407213829.061:664</Value>
          <Value>oMSyntax:664:1:55a73700-c891-46fd-8f5c-72bc827f2ef5:20160407213829.061:664</Value>
          <Value>schemaIDGUID:664:1:55a73700-c891-46fd-8f5c-72bc827f2ef5:20160407213829.061:664</Value>
          <Value>uSNChanged:664:1:55a73700-c891-46fd-8f5c-72bc827f2ef5:20160407213829.061:664</Value>
          <Value>uSNCreated:664:1:55a73700-c891-46fd-8f5c-72bc827f2ef5:20160407213829.061:664</Value>
          <Value>vmwAttributeUsage:664:1:55a73700-c891-46fd-8f5c-72bc827f2ef5:20160407213829.061:664</Value>
        </AttributeMetadata>
      </AttributeSchemaEntry>
      <AttributeSchemaEntry>
        <Name>vmwCISHost</Name>
        <AttributeMetadata>
          <Value>attributeID:1132:1:55a73700-c891-46fd-8f5c-72bc827f2ef5:20160407213829.880:1132</Value>
          <Value>attributeSyntax:1132:1:55a73700-c891-46fd-8f5c-72bc827f2ef5:20160407213829.880:1132</Value>
          <Value>cn:1132:1:55a73700-c891-46fd-8f5c-72bc827f2ef5:20160407213829.880:1132</Value>
          <Value>createTimeStamp:1132:1:55a73700-c891-46fd-8f5c-72bc827f2ef5:20160407213829.880:1132</Value>
          <Value>description:1132:1:55a73700-c891-46fd-8f5c-72bc827f2ef5:20160407213829.880:1132</Value>
          <Value>entryDN:1132:1:55a73700-c891-46fd-8f5c-72bc827f2ef5:20160407213829.880:1132</Value>
          <Value>isSingleValued:1132:1:55a73700-c891-46fd-8f5c-72bc827f2ef5:20160407213829.880:1132</Value>
          <Value>lDAPDisplayName:1132:1:55a73700-c891-46fd-8f5c-72bc827f2ef5:20160407213829.880:1132</Value>
          <Value>modifyTimeStamp:1132:1:55a73700-c891-46fd-8f5c-72bc827f2ef5:20160407213829.880:1132</Value>
          <Value>objectClass:1132:1:55a73700-c891-46fd-8f5c-72bc827f2ef5:20160407213829.880:1132</Value>
          <Value>objectGUID:1132:1:55a73700-c891-46fd-8f5c-72bc827f2ef5:20160407213829.880:1132</Value>
          <Value>oMSyntax:1132:1:55a73700-c891-46fd-8f5c-72bc827f2ef5:20160407213829.880:1132</Value>
          <Value>schemaIDGUID:1132:1:55a73700-c891-46fd-8f5c-72bc827f2ef5:20160407213829.880:1132</Value>
          <Value>uSNChanged:1132:1:55a73700-c891-46fd-8f5c-72bc827f2ef5:20160407213829.880:1132</Value>
          <Value>uSNCreated:1132:1:55a73700-c891-46fd-8f5c-72bc827f2ef5:20160407213829.880:1132</Value>
          <Value>vmwAttributeUsage:1132:1:55a73700-c891-46fd-8f5c-72bc827f2ef5:20160407213829.880:1132</Value>
        </AttributeMetadata>
      </AttributeSchemaEntry>
      <AttributeSchemaEntry>
        <Name>vmwCISLduId</Name>
        <AttributeMetadata>
          <Value>attributeID:421:1:55a73700-c891-46fd-8f5c-72bc827f2ef5:20160407213828.651:421</Value>
          <Value>attributeSyntax:421:1:55a73700-c891-46fd-8f5c-72bc827f2ef5:20160407213828.651:421</Value>
          <Value>cn:421:1:55a73700-c891-46fd-8f5c-72bc827f2ef5:20160407213828.651:421</Value>
          <Value>createTimeStamp:421:1:55a73700-c891-46fd-8f5c-72bc827f2ef5:20160407213828.651:421</Value>
          <Value>description:421:1:55a73700-c891-46fd-8f5c-72bc827f2ef5:20160407213828.651:421</Value>
          <Value>entryDN:421:1:55a73700-c891-46fd-8f5c-72bc827f2ef5:20160407213828.651:421</Value>
          <Value>isSingleValued:421:1:55a73700-c891-46fd-8f5c-72bc827f2ef5:20160407213828.651:421</Value>
          <Value>lDAPDisplayName:421:1:55a73700-c891-46fd-8f5c-72bc827f2ef5:20160407213828.651:421</Value>
          <Value>modifyTimeStamp:421:1:55a73700-c891-46fd-8f5c-72bc827f2ef5:20160407213828.651:421</Value>
          <Value>objectClass:421:1:55a73700-c891-46fd-8f5c-72bc827f2ef5:20160407213828.651:421</Value>
          <Value>objectGUID:421:1:55a73700-c891-46fd-8f5c-72bc827f2ef5:20160407213828.651:421</Value>
          <Value>oMSyntax:421:1:55a73700-c891-46fd-8f5c-72bc827f2ef5:20160407213828.651:421</Value>
          <Value>schemaIDGUID:421:1:55a73700-c891-46fd-8f5c-72bc827f2ef5:20160407213828.651:421</Value>
          <Value>uSNChanged:421:1:55a73700-c891-46fd-8f5c-72bc827f2ef5:20160407213828.651:421</Value>
          <Value>uSNCreated:421:1:55a73700-c891-46fd-8f5c-72bc827f2ef5:20160407213828.651:421</Value>
          <Value>vmwAttributeUsage:421:1:55a73700-c891-46fd-8f5c-72bc827f2ef5:20160407213828.651:421</Value>
        </AttributeMetadata>
      </AttributeSchemaEntry>
      <AttributeSchemaEntry>
        <Name>vmwCISName</Name>
        <AttributeMetadata>
          <Value>attributeID:919:1:55a73700-c891-46fd-8f5c-72bc827f2ef5:20160407213829.500:919</Value>
          <Value>attributeSyntax:919:1:55a73700-c891-46fd-8f5c-72bc827f2ef5:20160407213829.500:919</Value>
          <Value>cn:919:1:55a73700-c891-46fd-8f5c-72bc827f2ef5:20160407213829.500:919</Value>
          <Value>createTimeStamp:919:1:55a73700-c891-46fd-8f5c-72bc827f2ef5:20160407213829.500:919</Value>
          <Value>description:919:1:55a73700-c891-46fd-8f5c-72bc827f2ef5:20160407213829.500:919</Value>
          <Value>entryDN:919:1:55a73700-c891-46fd-8f5c-72bc827f2ef5:20160407213829.500:919</Value>
          <Value>isSingleValued:919:1:55a73700-c891-46fd-8f5c-72bc827f2ef5:20160407213829.500:919</Value>
          <Value>lDAPDisplayName:919:1:55a73700-c891-46fd-8f5c-72bc827f2ef5:20160407213829.500:919</Value>
          <Value>modifyTimeStamp:919:1:55a73700-c891-46fd-8f5c-72bc827f2ef5:20160407213829.500:919</Value>
          <Value>objectClass:919:1:55a73700-c891-46fd-8f5c-72bc827f2ef5:20160407213829.500:919</Value>
          <Value>objectGUID:919:1:55a73700-c891-46fd-8f5c-72bc827f2ef5:20160407213829.500:919</Value>
          <Value>oMSyntax:919:1:55a73700-c891-46fd-8f5c-72bc827f2ef5:20160407213829.500:919</Value>
          <Value>schemaIDGUID:919:1:55a73700-c891-46fd-8f5c-72bc827f2ef5:20160407213829.500:919</Value>
          <Value>uSNChanged:919:1:55a73700-c891-46fd-8f5c-72bc827f2ef5:20160407213829.500:919</Value>
          <Value>uSNCreated:919:1:55a73700-c891-46fd-8f5c-72bc827f2ef5:20160407213829.500:919</Value>
          <Value>vmwAttributeUsage:919:1:55a73700-c891-46fd-8f5c-72bc827f2ef5:20160407213829.500:919</Value>
        </AttributeMetadata>
      </AttributeSchemaEntry>
      <AttributeSchemaEntry>
        <Name>vmwCISOwner</Name>
        <AttributeMetadata>
          <Value>attributeID:795:1:55a73700-c891-46fd-8f5c-72bc827f2ef5:20160407213829.287:795</Value>
          <Value>attributeSyntax:795:1:55a73700-c891-46fd-8f5c-72bc827f2ef5:20160407213829.287:795</Value>
          <Value>cn:795:1:55a73700-c891-46fd-8f5c-72bc827f2ef5:20160407213829.287:795</Value>
          <Value>createTimeStamp:795:1:55a73700-c891-46fd-8f5c-72bc827f2ef5:20160407213829.287:795</Value>
          <Value>description:795:1:55a73700-c891-46fd-8f5c-72bc827f2ef5:20160407213829.287:795</Value>
          <Value>entryDN:795:1:55a73700-c891-46fd-8f5c-72bc827f2ef5:20160407213829.287:795</Value>
          <Value>isSingleValued:795:1:55a73700-c891-46fd-8f5c-72bc827f2ef5:20160407213829.287:795</Value>
          <Value>lDAPDisplayName:795:1:55a73700-c891-46fd-8f5c-72bc827f2ef5:20160407213829.287:795</Value>
          <Value>modifyTimeStamp:795:1:55a73700-c891-46fd-8f5c-72bc827f2ef5:20160407213829.287:795</Value>
          <Value>objectClass:795:1:55a73700-c891-46fd-8f5c-72bc827f2ef5:20160407213829.287:795</Value>
          <Value>objectGUID:795:1:55a73700-c891-46fd-8f5c-72bc827f2ef5:20160407213829.287:795</Value>
          <Value>oMSyntax:795:1:55a73700-c891-46fd-8f5c-72bc827f2ef5:20160407213829.287:795</Value>
          <Value>schemaIDGUID:795:1:55a73700-c891-46fd-8f5c-72bc827f2ef5:20160407213829.287:795</Value>
          <Value>uSNChanged:795:1:55a73700-c891-46fd-8f5c-72bc827f2ef5:20160407213829.287:795</Value>
          <Value>uSNCreated:795:1:55a73700-c891-46fd-8f5c-72bc827f2ef5:20160407213829.287:795</Value>
          <Value>vmwAttributeUsage:795:1:55a73700-c891-46fd-8f5c-72bc827f2ef5:20160407213829.287:795</Value>
        </AttributeMetadata>
      </AttributeSchemaEntry>
      <AttributeSchemaEntry>
        <Name>vmwCISProduct</Name>
        <AttributeMetadata>
          <Value>attributeID:978:1:55a73700-c891-46fd-8f5c-72bc827f2ef5:20160407213829.593:978</Value>
          <Value>attributeSyntax:978:1:55a73700-c891-46fd-8f5c-72bc827f2ef5:20160407213829.593:978</Value>
          <Value>cn:978:1:55a73700-c891-46fd-8f5c-72bc827f2ef5:20160407213829.593:978</Value>
          <Value>createTimeStamp:978:1:55a73700-c891-46fd-8f5c-72bc827f2ef5:20160407213829.593:978</Value>
          <Value>description:978:1:55a73700-c891-46fd-8f5c-72bc827f2ef5:20160407213829.593:978</Value>
          <Value>entryDN:978:1:55a73700-c891-46fd-8f5c-72bc827f2ef5:20160407213829.593:978</Value>
          <Value>isSingleValued:978:1:55a73700-c891-46fd-8f5c-72bc827f2ef5:20160407213829.593:978</Value>
          <Value>lDAPDisplayName:978:1:55a73700-c891-46fd-8f5c-72bc827f2ef5:20160407213829.593:978</Value>
          <Value>modifyTimeStamp:978:1:55a73700-c891-46fd-8f5c-72bc827f2ef5:20160407213829.593:978</Value>
          <Value>objectClass:978:1:55a73700-c891-46fd-8f5c-72bc827f2ef5:20160407213829.593:978</Value>
          <Value>objectGUID:978:1:55a73700-c891-46fd-8f5c-72bc827f2ef5:20160407213829.593:978</Value>
          <Value>oMSyntax:978:1:55a73700-c891-46fd-8f5c-72bc827f2ef5:20160407213829.593:978</Value>
          <Value>schemaIDGUID:978:1:55a73700-c891-46fd-8f5c-72bc827f2ef5:20160407213829.593:978</Value>
          <Value>uSNChanged:978:1:55a73700-c891-46fd-8f5c-72bc827f2ef5:20160407213829.593:978</Value>
          <Value>uSNCreated:978:1:55a73700-c891-46fd-8f5c-72bc827f2ef5:20160407213829.593:978</Value>
          <Value>vmwAttributeUsage:978:1:55a73700-c891-46fd-8f5c-72bc827f2ef5:20160407213829.593:978</Value>
        </AttributeMetadata>
      </AttributeSchemaEntry>
      <AttributeSchemaEntry>
        <Name>vmwCISServiceConfigDefinitions</Name>
        <AttributeMetadata>
          <Value>attributeID:900:1:55a73700-c891-46fd-8f5c-72bc827f2ef5:20160407213829.469:900</Value>
          <Value>attributeSyntax:900:1:55a73700-c891-46fd-8f5c-72bc827f2ef5:20160407213829.469:900</Value>
          <Value>cn:900:1:55a73700-c891-46fd-8f5c-72bc827f2ef5:20160407213829.469:900</Value>
          <Value>createTimeStamp:900:1:55a73700-c891-46fd-8f5c-72bc827f2ef5:20160407213829.469:900</Value>
          <Value>description:900:1:55a73700-c891-46fd-8f5c-72bc827f2ef5:20160407213829.469:900</Value>
          <Value>entryDN:900:1:55a73700-c891-46fd-8f5c-72bc827f2ef5:20160407213829.469:900</Value>
          <Value>isSingleValued:900:1:55a73700-c891-46fd-8f5c-72bc827f2ef5:20160407213829.469:900</Value>
          <Value>lDAPDisplayName:900:1:55a73700-c891-46fd-8f5c-72bc827f2ef5:20160407213829.469:900</Value>
          <Value>modifyTimeStamp:900:1:55a73700-c891-46fd-8f5c-72bc827f2ef5:20160407213829.469:900</Value>
          <Value>objectClass:900:1:55a73700-c891-46fd-8f5c-72bc827f2ef5:20160407213829.469:900</Value>
          <Value>objectGUID:900:1:55a73700-c891-46fd-8f5c-72bc827f2ef5:20160407213829.469:900</Value>
          <Value>oMSyntax:900:1:55a73700-c891-46fd-8f5c-72bc827f2ef5:20160407213829.469:900</Value>
          <Value>schemaIDGUID:900:1:55a73700-c891-46fd-8f5c-72bc827f2ef5:20160407213829.469:900</Value>
          <Value>uSNChanged:900:1:55a73700-c891-46fd-8f5c-72bc827f2ef5:20160407213829.469:900</Value>
          <Value>uSNCreated:900:1:55a73700-c891-46fd-8f5c-72bc827f2ef5:20160407213829.469:900</Value>
          <Value>vmwAttributeUsage:900:1:55a73700-c891-46fd-8f5c-72bc827f2ef5:20160407213829.469:900</Value>
        </AttributeMetadata>
      </AttributeSchemaEntry>
      <AttributeSchemaEntry>
        <Name>vmwCISServiceControlScript</Name>
        <AttributeMetadata>
          <Value>attributeID:389:1:55a73700-c891-46fd-8f5c-72bc827f2ef5:20160407213828.598:389</Value>
          <Value>attributeSyntax:389:1:55a73700-c891-46fd-8f5c-72bc827f2ef5:20160407213828.598:389</Value>
          <Value>cn:389:1:55a73700-c891-46fd-8f5c-72bc827f2ef5:20160407213828.598:389</Value>
          <Value>createTimeStamp:389:1:55a73700-c891-46fd-8f5c-72bc827f2ef5:20160407213828.598:389</Value>
          <Value>description:389:1:55a73700-c891-46fd-8f5c-72bc827f2ef5:20160407213828.598:389</Value>
          <Value>entryDN:389:1:55a73700-c891-46fd-8f5c-72bc827f2ef5:20160407213828.598:389</Value>
          <Value>isSingleValued:389:1:55a73700-c891-46fd-8f5c-72bc827f2ef5:20160407213828.598:389</Value>
          <Value>lDAPDisplayName:389:1:55a73700-c891-46fd-8f5c-72bc827f2ef5:20160407213828.598:389</Value>
          <Value>modifyTimeStamp:389:1:55a73700-c891-46fd-8f5c-72bc827f2ef5:20160407213828.598:389</Value>
          <Value>objectClass:389:1:55a73700-c891-46fd-8f5c-72bc827f2ef5:20160407213828.598:389</Value>
          <Value>objectGUID:389:1:55a73700-c891-46fd-8f5c-72bc827f2ef5:20160407213828.598:389</Value>
          <Value>oMSyntax:389:1:55a73700-c891-46fd-8f5c-72bc827f2ef5:20160407213828.598:389</Value>
          <Value>schemaIDGUID:389:1:55a73700-c891-46fd-8f5c-72bc827f2ef5:20160407213828.598:389</Value>
          <Value>uSNChanged:389:1:55a73700-c891-46fd-8f5c-72bc827f2ef5:20160407213828.598:389</Value>
          <Value>uSNCreated:389:1:55a73700-c891-46fd-8f5c-72bc827f2ef5:20160407213828.598:389</Value>
          <Value>vmwAttributeUsage:389:1:55a73700-c891-46fd-8f5c-72bc827f2ef5:20160407213828.598:389</Value>
        </AttributeMetadata>
      </AttributeSchemaEntry>
      <AttributeSchemaEntry>
        <Name>vmwCISSiteId</Name>
        <AttributeMetadata>
          <Value>attributeID:1182:1:55a73700-c891-46fd-8f5c-72bc827f2ef5:20160407213829.966:1182</Value>
          <Value>attributeSyntax:1182:1:55a73700-c891-46fd-8f5c-72bc827f2ef5:20160407213829.966:1182</Value>
          <Value>cn:1182:1:55a73700-c891-46fd-8f5c-72bc827f2ef5:20160407213829.966:1182</Value>
          <Value>createTimeStamp:1182:1:55a73700-c891-46fd-8f5c-72bc827f2ef5:20160407213829.966:1182</Value>
          <Value>description:1182:1:55a73700-c891-46fd-8f5c-72bc827f2ef5:20160407213829.966:1182</Value>
          <Value>entryDN:1182:1:55a73700-c891-46fd-8f5c-72bc827f2ef5:20160407213829.966:1182</Value>
          <Value>isSingleValued:1182:1:55a73700-c891-46fd-8f5c-72bc827f2ef5:20160407213829.966:1182</Value>
          <Value>lDAPDisplayName:1182:1:55a73700-c891-46fd-8f5c-72bc827f2ef5:20160407213829.966:1182</Value>
          <Value>modifyTimeStamp:1182:1:55a73700-c891-46fd-8f5c-72bc827f2ef5:20160407213829.966:1182</Value>
          <Value>objectClass:1182:1:55a73700-c891-46fd-8f5c-72bc827f2ef5:20160407213829.966:1182</Value>
          <Value>objectGUID:1182:1:55a73700-c891-46fd-8f5c-72bc827f2ef5:20160407213829.966:1182</Value>
          <Value>oMSyntax:1182:1:55a73700-c891-46fd-8f5c-72bc827f2ef5:20160407213829.966:1182</Value>
          <Value>schemaIDGUID:1182:1:55a73700-c891-46fd-8f5c-72bc827f2ef5:20160407213829.966:1182</Value>
          <Value>uSNChanged:1182:1:55a73700-c891-46fd-8f5c-72bc827f2ef5:20160407213829.966:1182</Value>
          <Value>uSNCreated:1182:1:55a73700-c891-46fd-8f5c-72bc827f2ef5:20160407213829.966:1182</Value>
          <Value>vmwAttributeUsage:1182:1:55a73700-c891-46fd-8f5c-72bc827f2ef5:20160407213829.966:1182</Value>
        </AttributeMetadata>
      </AttributeSchemaEntry>
      <AttributeSchemaEntry>
        <Name>vmwCISType</Name>
        <AttributeMetadata>
          <Value>attributeID:576:1:55a73700-c891-46fd-8f5c-72bc827f2ef5:20160407213828.910:576</Value>
          <Value>attributeSyntax:576:1:55a73700-c891-46fd-8f5c-72bc827f2ef5:20160407213828.910:576</Value>
          <Value>cn:576:1:55a73700-c891-46fd-8f5c-72bc827f2ef5:20160407213828.910:576</Value>
          <Value>createTimeStamp:576:1:55a73700-c891-46fd-8f5c-72bc827f2ef5:20160407213828.910:576</Value>
          <Value>description:576:1:55a73700-c891-46fd-8f5c-72bc827f2ef5:20160407213828.910:576</Value>
          <Value>entryDN:576:1:55a73700-c891-46fd-8f5c-72bc827f2ef5:20160407213828.910:576</Value>
          <Value>isSingleValued:576:1:55a73700-c891-46fd-8f5c-72bc827f2ef5:20160407213828.910:576</Value>
          <Value>lDAPDisplayName:576:1:55a73700-c891-46fd-8f5c-72bc827f2ef5:20160407213828.910:576</Value>
          <Value>modifyTimeStamp:576:1:55a73700-c891-46fd-8f5c-72bc827f2ef5:20160407213828.910:576</Value>
          <Value>objectClass:576:1:55a73700-c891-46fd-8f5c-72bc827f2ef5:20160407213828.910:576</Value>
          <Value>objectGUID:576:1:55a73700-c891-46fd-8f5c-72bc827f2ef5:20160407213828.910:576</Value>
          <Value>oMSyntax:576:1:55a73700-c891-46fd-8f5c-72bc827f2ef5:20160407213828.910:576</Value>
          <Value>schemaIDGUID:576:1:55a73700-c891-46fd-8f5c-72bc827f2ef5:20160407213828.910:576</Value>
          <Value>uSNChanged:576:1:55a73700-c891-46fd-8f5c-72bc827f2ef5:20160407213828.910:576</Value>
          <Value>uSNCreated:576:1:55a73700-c891-46fd-8f5c-72bc827f2ef5:20160407213828.910:576</Value>
          <Value>vmwAttributeUsage:576:1:55a73700-c891-46fd-8f5c-72bc827f2ef5:20160407213828.910:576</Value>
        </AttributeMetadata>
      </AttributeSchemaEntry>
      <AttributeSchemaEntry>
        <Name>vmwCISVersion</Name>
        <AttributeMetadata>
          <Value>attributeID:1157:1:55a73700-c891-46fd-8f5c-72bc827f2ef5:20160407213829.919:1157</Value>
          <Value>attributeSyntax:1157:1:55a73700-c891-46fd-8f5c-72bc827f2ef5:20160407213829.919:1157</Value>
          <Value>cn:1157:1:55a73700-c891-46fd-8f5c-72bc827f2ef5:20160407213829.919:1157</Value>
          <Value>createTimeStamp:1157:1:55a73700-c891-46fd-8f5c-72bc827f2ef5:20160407213829.919:1157</Value>
          <Value>description:1157:1:55a73700-c891-46fd-8f5c-72bc827f2ef5:20160407213829.919:1157</Value>
          <Value>entryDN:1157:1:55a73700-c891-46fd-8f5c-72bc827f2ef5:20160407213829.919:1157</Value>
          <Value>isSingleValued:1157:1:55a73700-c891-46fd-8f5c-72bc827f2ef5:20160407213829.919:1157</Value>
          <Value>lDAPDisplayName:1157:1:55a73700-c891-46fd-8f5c-72bc827f2ef5:20160407213829.919:1157</Value>
          <Value>modifyTimeStamp:1157:1:55a73700-c891-46fd-8f5c-72bc827f2ef5:20160407213829.919:1157</Value>
          <Value>objectClass:1157:1:55a73700-c891-46fd-8f5c-72bc827f2ef5:20160407213829.919:1157</Value>
          <Value>objectGUID:1157:1:55a73700-c891-46fd-8f5c-72bc827f2ef5:20160407213829.919:1157</Value>
          <Value>oMSyntax:1157:1:55a73700-c891-46fd-8f5c-72bc827f2ef5:20160407213829.919:1157</Value>
          <Value>schemaIDGUID:1157:1:55a73700-c891-46fd-8f5c-72bc827f2ef5:20160407213829.919:1157</Value>
          <Value>uSNChanged:1157:1:55a73700-c891-46fd-8f5c-72bc827f2ef5:20160407213829.919:1157</Value>
          <Value>uSNCreated:1157:1:55a73700-c891-46fd-8f5c-72bc827f2ef5:20160407213829.919:1157</Value>
          <Value>vmwAttributeUsage:1157:1:55a73700-c891-46fd-8f5c-72bc827f2ef5:20160407213829.919:1157</Value>
        </AttributeMetadata>
      </AttributeSchemaEntry>
      <AttributeSchemaEntry>
        <Name>vmwDCAccountDN</Name>
        <AttributeMetadata>
          <Value>attributeID:821:1:55a73700-c891-46fd-8f5c-72bc827f2ef5:20160407213829.327:821</Value>
          <Value>attributeSyntax:821:1:55a73700-c891-46fd-8f5c-72bc827f2ef5:20160407213829.327:821</Value>
          <Value>cn:821:1:55a73700-c891-46fd-8f5c-72bc827f2ef5:20160407213829.327:821</Value>
          <Value>createTimeStamp:821:1:55a73700-c891-46fd-8f5c-72bc827f2ef5:20160407213829.327:821</Value>
          <Value>description:821:1:55a73700-c891-46fd-8f5c-72bc827f2ef5:20160407213829.327:821</Value>
          <Value>entryDN:821:1:55a73700-c891-46fd-8f5c-72bc827f2ef5:20160407213829.327:821</Value>
          <Value>isSingleValued:821:1:55a73700-c891-46fd-8f5c-72bc827f2ef5:20160407213829.327:821</Value>
          <Value>lDAPDisplayName:821:1:55a73700-c891-46fd-8f5c-72bc827f2ef5:20160407213829.327:821</Value>
          <Value>modifyTimeStamp:821:1:55a73700-c891-46fd-8f5c-72bc827f2ef5:20160407213829.327:821</Value>
          <Value>objectClass:821:1:55a73700-c891-46fd-8f5c-72bc827f2ef5:20160407213829.327:821</Value>
          <Value>objectGUID:821:1:55a73700-c891-46fd-8f5c-72bc827f2ef5:20160407213829.327:821</Value>
          <Value>oMSyntax:821:1:55a73700-c891-46fd-8f5c-72bc827f2ef5:20160407213829.327:821</Value>
          <Value>schemaIDGUID:821:1:55a73700-c891-46fd-8f5c-72bc827f2ef5:20160407213829.327:821</Value>
          <Value>uSNChanged:821:1:55a73700-c891-46fd-8f5c-72bc827f2ef5:20160407213829.327:821</Value>
          <Value>uSNCreated:821:1:55a73700-c891-46fd-8f5c-72bc827f2ef5:20160407213829.327:821</Value>
          <Value>vmwAttributeUsage:821:1:55a73700-c891-46fd-8f5c-72bc827f2ef5:20160407213829.327:821</Value>
        </AttributeMetadata>
      </AttributeSchemaEntry>
      <AttributeSchemaEntry>
        <Name>vmwDCAccountUPN</Name>
        <AttributeMetadata>
          <Value>attributeID:1302:1:55a73700-c891-46fd-8f5c-72bc827f2ef5:20160407213830.168:1302</Value>
          <Value>attributeSyntax:1302:1:55a73700-c891-46fd-8f5c-72bc827f2ef5:20160407213830.168:1302</Value>
          <Value>cn:1302:1:55a73700-c891-46fd-8f5c-72bc827f2ef5:20160407213830.168:1302</Value>
          <Value>createTimeStamp:1302:1:55a73700-c891-46fd-8f5c-72bc827f2ef5:20160407213830.168:1302</Value>
          <Value>entryDN:1302:1:55a73700-c891-46fd-8f5c-72bc827f2ef5:20160407213830.168:1302</Value>
          <Value>isSingleValued:1302:1:55a73700-c891-46fd-8f5c-72bc827f2ef5:20160407213830.168:1302</Value>
          <Value>lDAPDisplayName:1302:1:55a73700-c891-46fd-8f5c-72bc827f2ef5:20160407213830.168:1302</Value>
          <Value>modifyTimeStamp:1302:1:55a73700-c891-46fd-8f5c-72bc827f2ef5:20160407213830.168:1302</Value>
          <Value>objectClass:1302:1:55a73700-c891-46fd-8f5c-72bc827f2ef5:20160407213830.168:1302</Value>
          <Value>objectGUID:1302:1:55a73700-c891-46fd-8f5c-72bc827f2ef5:20160407213830.168:1302</Value>
          <Value>oMSyntax:1302:1:55a73700-c891-46fd-8f5c-72bc827f2ef5:20160407213830.168:1302</Value>
          <Value>schemaIDGUID:1302:1:55a73700-c891-46fd-8f5c-72bc827f2ef5:20160407213830.168:1302</Value>
          <Value>uSNChanged:1302:1:55a73700-c891-46fd-8f5c-72bc827f2ef5:20160407213830.168:1302</Value>
          <Value>uSNCreated:1302:1:55a73700-c891-46fd-8f5c-72bc827f2ef5:20160407213830.168:1302</Value>
          <Value>vmwAttributeUsage:1302:1:55a73700-c891-46fd-8f5c-72bc827f2ef5:20160407213830.168:1302</Value>
        </AttributeMetadata>
      </AttributeSchemaEntry>
      <AttributeSchemaEntry>
        <Name>vmwDNSForwarders</Name>
        <AttributeMetadata>
          <Value>attributeID:553:1:55a73700-c891-46fd-8f5c-72bc827f2ef5:20160407213828.863:553</Value>
          <Value>attributeSyntax:553:1:55a73700-c891-46fd-8f5c-72bc827f2ef5:20160407213828.863:553</Value>
          <Value>cn:553:1:55a73700-c891-46fd-8f5c-72bc827f2ef5:20160407213828.863:553</Value>
          <Value>createTimeStamp:553:1:55a73700-c891-46fd-8f5c-72bc827f2ef5:20160407213828.863:553</Value>
          <Value>description:553:1:55a73700-c891-46fd-8f5c-72bc827f2ef5:20160407213828.863:553</Value>
          <Value>entryDN:553:1:55a73700-c891-46fd-8f5c-72bc827f2ef5:20160407213828.863:553</Value>
          <Value>isSingleValued:553:1:55a73700-c891-46fd-8f5c-72bc827f2ef5:20160407213828.863:553</Value>
          <Value>lDAPDisplayName:553:1:55a73700-c891-46fd-8f5c-72bc827f2ef5:20160407213828.863:553</Value>
          <Value>modifyTimeStamp:553:1:55a73700-c891-46fd-8f5c-72bc827f2ef5:20160407213828.863:553</Value>
          <Value>objectClass:553:1:55a73700-c891-46fd-8f5c-72bc827f2ef5:20160407213828.863:553</Value>
          <Value>objectGUID:553:1:55a73700-c891-46fd-8f5c-72bc827f2ef5:20160407213828.863:553</Value>
          <Value>oMSyntax:553:1:55a73700-c891-46fd-8f5c-72bc827f2ef5:20160407213828.863:553</Value>
          <Value>schemaIDGUID:553:1:55a73700-c891-46fd-8f5c-72bc827f2ef5:20160407213828.863:553</Value>
          <Value>uSNChanged:553:1:55a73700-c891-46fd-8f5c-72bc827f2ef5:20160407213828.863:553</Value>
          <Value>uSNCreated:553:1:55a73700-c891-46fd-8f5c-72bc827f2ef5:20160407213828.863:553</Value>
          <Value>vmwAttributeUsage:553:1:55a73700-c891-46fd-8f5c-72bc827f2ef5:20160407213828.863:553</Value>
        </AttributeMetadata>
      </AttributeSchemaEntry>
      <AttributeSchemaEntry>
        <Name>vmwDomainFunctionalLevel</Name>
        <AttributeMetadata>
          <Value>attributeID:1168:1:55a73700-c891-46fd-8f5c-72bc827f2ef5:20160407213829.941:1168</Value>
          <Value>attributeSyntax:1168:1:55a73700-c891-46fd-8f5c-72bc827f2ef5:20160407213829.941:1168</Value>
          <Value>cn:1168:1:55a73700-c891-46fd-8f5c-72bc827f2ef5:20160407213829.941:1168</Value>
          <Value>createTimeStamp:1168:1:55a73700-c891-46fd-8f5c-72bc827f2ef5:20160407213829.941:1168</Value>
          <Value>description:1168:1:55a73700-c891-46fd-8f5c-72bc827f2ef5:20160407213829.941:1168</Value>
          <Value>entryDN:1168:1:55a73700-c891-46fd-8f5c-72bc827f2ef5:20160407213829.941:1168</Value>
          <Value>isSingleValued:1168:1:55a73700-c891-46fd-8f5c-72bc827f2ef5:20160407213829.941:1168</Value>
          <Value>lDAPDisplayName:1168:1:55a73700-c891-46fd-8f5c-72bc827f2ef5:20160407213829.941:1168</Value>
          <Value>modifyTimeStamp:1168:1:55a73700-c891-46fd-8f5c-72bc827f2ef5:20160407213829.941:1168</Value>
          <Value>objectClass:1168:1:55a73700-c891-46fd-8f5c-72bc827f2ef5:20160407213829.941:1168</Value>
          <Value>objectGUID:1168:1:55a73700-c891-46fd-8f5c-72bc827f2ef5:20160407213829.941:1168</Value>
          <Value>oMSyntax:1168:1:55a73700-c891-46fd-8f5c-72bc827f2ef5:20160407213829.941:1168</Value>
          <Value>schemaIDGUID:1168:1:55a73700-c891-46fd-8f5c-72bc827f2ef5:20160407213829.941:1168</Value>
          <Value>uSNChanged:1168:1:55a73700-c891-46fd-8f5c-72bc827f2ef5:20160407213829.941:1168</Value>
          <Value>uSNCreated:1168:1:55a73700-c891-46fd-8f5c-72bc827f2ef5:20160407213829.941:1168</Value>
          <Value>vmwAttributeUsage:1168:1:55a73700-c891-46fd-8f5c-72bc827f2ef5:20160407213829.941:1168</Value>
        </AttributeMetadata>
      </AttributeSchemaEntry>
      <AttributeSchemaEntry>
        <Name>vmwEntryIdSequenceNumber</Name>
        <AttributeMetadata>
          <Value>attributeID:1560:1:55a73700-c891-46fd-8f5c-72bc827f2ef5:20160407213830.592:1560</Value>
          <Value>attributeSyntax:1560:1:55a73700-c891-46fd-8f5c-72bc827f2ef5:20160407213830.592:1560</Value>
          <Value>cn:1560:1:55a73700-c891-46fd-8f5c-72bc827f2ef5:20160407213830.592:1560</Value>
          <Value>createTimeStamp:1560:1:55a73700-c891-46fd-8f5c-72bc827f2ef5:20160407213830.592:1560</Value>
          <Value>description:1560:1:55a73700-c891-46fd-8f5c-72bc827f2ef5:20160407213830.592:1560</Value>
          <Value>entryDN:1560:1:55a73700-c891-46fd-8f5c-72bc827f2ef5:20160407213830.592:1560</Value>
          <Value>isSingleValued:1560:1:55a73700-c891-46fd-8f5c-72bc827f2ef5:20160407213830.592:1560</Value>
          <Value>lDAPDisplayName:1560:1:55a73700-c891-46fd-8f5c-72bc827f2ef5:20160407213830.592:1560</Value>
          <Value>modifyTimeStamp:1560:1:55a73700-c891-46fd-8f5c-72bc827f2ef5:20160407213830.592:1560</Value>
          <Value>objectClass:1560:1:55a73700-c891-46fd-8f5c-72bc827f2ef5:20160407213830.592:1560</Value>
          <Value>objectGUID:1560:1:55a73700-c891-46fd-8f5c-72bc827f2ef5:20160407213830.592:1560</Value>
          <Value>oMSyntax:1560:1:55a73700-c891-46fd-8f5c-72bc827f2ef5:20160407213830.592:1560</Value>
          <Value>schemaIDGUID:1560:1:55a73700-c891-46fd-8f5c-72bc827f2ef5:20160407213830.592:1560</Value>
          <Value>uSNChanged:1560:1:55a73700-c891-46fd-8f5c-72bc827f2ef5:20160407213830.592:1560</Value>
          <Value>uSNCreated:1560:1:55a73700-c891-46fd-8f5c-72bc827f2ef5:20160407213830.592:1560</Value>
          <Value>vmwAttributeUsage:1560:1:55a73700-c891-46fd-8f5c-72bc827f2ef5:20160407213830.592:1560</Value>
        </AttributeMetadata>
      </AttributeSchemaEntry>
      <AttributeSchemaEntry>
        <Name>vmwForestFunctionalLevel</Name>
        <AttributeMetadata>
          <Value>attributeID:288:1:55a73700-c891-46fd-8f5c-72bc827f2ef5:20160407213828.447:288</Value>
          <Value>attributeSyntax:288:1:55a73700-c891-46fd-8f5c-72bc827f2ef5:20160407213828.447:288</Value>
          <Value>cn:288:1:55a73700-c891-46fd-8f5c-72bc827f2ef5:20160407213828.447:288</Value>
          <Value>createTimeStamp:288:1:55a73700-c891-46fd-8f5c-72bc827f2ef5:20160407213828.447:288</Value>
          <Value>description:288:1:55a73700-c891-46fd-8f5c-72bc827f2ef5:20160407213828.447:288</Value>
          <Value>entryDN:288:1:55a73700-c891-46fd-8f5c-72bc827f2ef5:20160407213828.447:288</Value>
          <Value>isSingleValued:288:1:55a73700-c891-46fd-8f5c-72bc827f2ef5:20160407213828.447:288</Value>
          <Value>lDAPDisplayName:288:1:55a73700-c891-46fd-8f5c-72bc827f2ef5:20160407213828.447:288</Value>
          <Value>modifyTimeStamp:288:1:55a73700-c891-46fd-8f5c-72bc827f2ef5:20160407213828.447:288</Value>
          <Value>objectClass:288:1:55a73700-c891-46fd-8f5c-72bc827f2ef5:20160407213828.447:288</Value>
          <Value>objectGUID:288:1:55a73700-c891-46fd-8f5c-72bc827f2ef5:20160407213828.447:288</Value>
          <Value>oMSyntax:288:1:55a73700-c891-46fd-8f5c-72bc827f2ef5:20160407213828.447:288</Value>
          <Value>schemaIDGUID:288:1:55a73700-c891-46fd-8f5c-72bc827f2ef5:20160407213828.447:288</Value>
          <Value>uSNChanged:288:1:55a73700-c891-46fd-8f5c-72bc827f2ef5:20160407213828.447:288</Value>
          <Value>uSNCreated:288:1:55a73700-c891-46fd-8f5c-72bc827f2ef5:20160407213828.447:288</Value>
          <Value>vmwAttributeUsage:288:1:55a73700-c891-46fd-8f5c-72bc827f2ef5:20160407213828.447:288</Value>
        </AttributeMetadata>
      </AttributeSchemaEntry>
      <AttributeSchemaEntry>
        <Name>vmwLDUGuid</Name>
        <AttributeMetadata>
          <Value>attributeID:864:1:55a73700-c891-46fd-8f5c-72bc827f2ef5:20160407213829.405:864</Value>
          <Value>attributeSyntax:864:1:55a73700-c891-46fd-8f5c-72bc827f2ef5:20160407213829.405:864</Value>
          <Value>cn:864:1:55a73700-c891-46fd-8f5c-72bc827f2ef5:20160407213829.405:864</Value>
          <Value>createTimeStamp:864:1:55a73700-c891-46fd-8f5c-72bc827f2ef5:20160407213829.405:864</Value>
          <Value>description:864:1:55a73700-c891-46fd-8f5c-72bc827f2ef5:20160407213829.405:864</Value>
          <Value>entryDN:864:1:55a73700-c891-46fd-8f5c-72bc827f2ef5:20160407213829.405:864</Value>
          <Value>isSingleValued:864:1:55a73700-c891-46fd-8f5c-72bc827f2ef5:20160407213829.405:864</Value>
          <Value>lDAPDisplayName:864:1:55a73700-c891-46fd-8f5c-72bc827f2ef5:20160407213829.405:864</Value>
          <Value>modifyTimeStamp:864:1:55a73700-c891-46fd-8f5c-72bc827f2ef5:20160407213829.405:864</Value>
          <Value>objectClass:864:1:55a73700-c891-46fd-8f5c-72bc827f2ef5:20160407213829.405:864</Value>
          <Value>objectGUID:864:1:55a73700-c891-46fd-8f5c-72bc827f2ef5:20160407213829.405:864</Value>
          <Value>oMSyntax:864:1:55a73700-c891-46fd-8f5c-72bc827f2ef5:20160407213829.405:864</Value>
          <Value>schemaIDGUID:864:1:55a73700-c891-46fd-8f5c-72bc827f2ef5:20160407213829.405:864</Value>
          <Value>uSNChanged:864:1:55a73700-c891-46fd-8f5c-72bc827f2ef5:20160407213829.405:864</Value>
          <Value>uSNCreated:864:1:55a73700-c891-46fd-8f5c-72bc827f2ef5:20160407213829.405:864</Value>
          <Value>vmwAttributeUsage:864:1:55a73700-c891-46fd-8f5c-72bc827f2ef5:20160407213829.405:864</Value>
        </AttributeMetadata>
      </AttributeSchemaEntry>
      <AttributeSchemaEntry>
        <Name>vmwLicSvcAssetCostUnitUsageList</Name>
        <AttributeMetadata>
          <Value>attributeID:1704:1:55a73700-c891-46fd-8f5c-72bc827f2ef5:20160407213830.836:1704</Value>
          <Value>attributeSyntax:1704:1:55a73700-c891-46fd-8f5c-72bc827f2ef5:20160407213830.836:1704</Value>
          <Value>cn:1704:1:55a73700-c891-46fd-8f5c-72bc827f2ef5:20160407213830.836:1704</Value>
          <Value>createTimeStamp:1704:1:55a73700-c891-46fd-8f5c-72bc827f2ef5:20160407213830.836:1704</Value>
          <Value>description:1704:1:55a73700-c891-46fd-8f5c-72bc827f2ef5:20160407213830.836:1704</Value>
          <Value>entryDN:1704:1:55a73700-c891-46fd-8f5c-72bc827f2ef5:20160407213830.836:1704</Value>
          <Value>isSingleValued:1704:1:55a73700-c891-46fd-8f5c-72bc827f2ef5:20160407213830.836:1704</Value>
          <Value>lDAPDisplayName:1704:1:55a73700-c891-46fd-8f5c-72bc827f2ef5:20160407213830.836:1704</Value>
          <Value>modifyTimeStamp:1704:1:55a73700-c891-46fd-8f5c-72bc827f2ef5:20160407213830.836:1704</Value>
          <Value>objectClass:1704:1:55a73700-c891-46fd-8f5c-72bc827f2ef5:20160407213830.836:1704</Value>
          <Value>objectGUID:1704:1:55a73700-c891-46fd-8f5c-72bc827f2ef5:20160407213830.836:1704</Value>
          <Value>oMSyntax:1704:1:55a73700-c891-46fd-8f5c-72bc827f2ef5:20160407213830.836:1704</Value>
          <Value>schemaIDGUID:1704:1:55a73700-c891-46fd-8f5c-72bc827f2ef5:20160407213830.836:1704</Value>
          <Value>uSNChanged:1704:1:55a73700-c891-46fd-8f5c-72bc827f2ef5:20160407213830.836:1704</Value>
          <Value>uSNCreated:1704:1:55a73700-c891-46fd-8f5c-72bc827f2ef5:20160407213830.836:1704</Value>
          <Value>vmwAttributeUsage:1704:1:55a73700-c891-46fd-8f5c-72bc827f2ef5:20160407213830.836:1704</Value>
        </AttributeMetadata>
      </AttributeSchemaEntry>
      <AttributeSchemaEntry>
        <Name>vmwLicSvcAssetEvalExpiry</Name>
        <AttributeMetadata>
          <Value>attributeID:1534:1:55a73700-c891-46fd-8f5c-72bc827f2ef5:20160407213830.544:1534</Value>
          <Value>attributeSyntax:1534:1:55a73700-c891-46fd-8f5c-72bc827f2ef5:20160407213830.544:1534</Value>
          <Value>cn:1534:1:55a73700-c891-46fd-8f5c-72bc827f2ef5:20160407213830.544:1534</Value>
          <Value>createTimeStamp:1534:1:55a73700-c891-46fd-8f5c-72bc827f2ef5:20160407213830.544:1534</Value>
          <Value>description:1534:1:55a73700-c891-46fd-8f5c-72bc827f2ef5:20160407213830.544:1534</Value>
          <Value>entryDN:1534:1:55a73700-c891-46fd-8f5c-72bc827f2ef5:20160407213830.544:1534</Value>
          <Value>isSingleValued:1534:1:55a73700-c891-46fd-8f5c-72bc827f2ef5:20160407213830.544:1534</Value>
          <Value>lDAPDisplayName:1534:1:55a73700-c891-46fd-8f5c-72bc827f2ef5:20160407213830.544:1534</Value>
          <Value>modifyTimeStamp:1534:1:55a73700-c891-46fd-8f5c-72bc827f2ef5:20160407213830.544:1534</Value>
          <Value>objectClass:1534:1:55a73700-c891-46fd-8f5c-72bc827f2ef5:20160407213830.544:1534</Value>
          <Value>objectGUID:1534:1:55a73700-c891-46fd-8f5c-72bc827f2ef5:20160407213830.544:1534</Value>
          <Value>oMSyntax:1534:1:55a73700-c891-46fd-8f5c-72bc827f2ef5:20160407213830.544:1534</Value>
          <Value>schemaIDGUID:1534:1:55a73700-c891-46fd-8f5c-72bc827f2ef5:20160407213830.544:1534</Value>
          <Value>uSNChanged:1534:1:55a73700-c891-46fd-8f5c-72bc827f2ef5:20160407213830.544:1534</Value>
          <Value>uSNCreated:1534:1:55a73700-c891-46fd-8f5c-72bc827f2ef5:20160407213830.544:1534</Value>
          <Value>vmwAttributeUsage:1534:1:55a73700-c891-46fd-8f5c-72bc827f2ef5:20160407213830.544:1534</Value>
        </AttributeMetadata>
      </AttributeSchemaEntry>
      <AttributeSchemaEntry>
        <Name>vmwLicSvcAssetEvalSerialKey</Name>
        <AttributeMetadata>
          <Value>attributeID:1165:1:55a73700-c891-46fd-8f5c-72bc827f2ef5:20160407213829.936:1165</Value>
          <Value>attributeSyntax:1165:1:55a73700-c891-46fd-8f5c-72bc827f2ef5:20160407213829.936:1165</Value>
          <Value>cn:1165:1:55a73700-c891-46fd-8f5c-72bc827f2ef5:20160407213829.936:1165</Value>
          <Value>createTimeStamp:1165:1:55a73700-c891-46fd-8f5c-72bc827f2ef5:20160407213829.936:1165</Value>
          <Value>description:1165:1:55a73700-c891-46fd-8f5c-72bc827f2ef5:20160407213829.936:1165</Value>
          <Value>entryDN:1165:1:55a73700-c891-46fd-8f5c-72bc827f2ef5:20160407213829.936:1165</Value>
          <Value>isSingleValued:1165:1:55a73700-c891-46fd-8f5c-72bc827f2ef5:20160407213829.936:1165</Value>
          <Value>lDAPDisplayName:1165:1:55a73700-c891-46fd-8f5c-72bc827f2ef5:20160407213829.936:1165</Value>
          <Value>modifyTimeStamp:1165:1:55a73700-c891-46fd-8f5c-72bc827f2ef5:20160407213829.936:1165</Value>
          <Value>objectClass:1165:1:55a73700-c891-46fd-8f5c-72bc827f2ef5:20160407213829.936:1165</Value>
          <Value>objectGUID:1165:1:55a73700-c891-46fd-8f5c-72bc827f2ef5:20160407213829.936:1165</Value>
          <Value>oMSyntax:1165:1:55a73700-c891-46fd-8f5c-72bc827f2ef5:20160407213829.936:1165</Value>
          <Value>schemaIDGUID:1165:1:55a73700-c891-46fd-8f5c-72bc827f2ef5:20160407213829.936:1165</Value>
          <Value>uSNChanged:1165:1:55a73700-c891-46fd-8f5c-72bc827f2ef5:20160407213829.936:1165</Value>
          <Value>uSNCreated:1165:1:55a73700-c891-46fd-8f5c-72bc827f2ef5:20160407213829.936:1165</Value>
          <Value>vmwAttributeUsage:1165:1:55a73700-c891-46fd-8f5c-72bc827f2ef5:20160407213829.936:1165</Value>
        </AttributeMetadata>
      </AttributeSchemaEntry>
      <AttributeSchemaEntry>
        <Name>vmwLicSvcAssetEvalType</Name>
        <AttributeMetadata>
          <Value>attributeID:164:1:55a73700-c891-46fd-8f5c-72bc827f2ef5:20160407213828.271:164</Value>
          <Value>attributeSyntax:164:1:55a73700-c891-46fd-8f5c-72bc827f2ef5:20160407213828.271:164</Value>
          <Value>cn:164:1:55a73700-c891-46fd-8f5c-72bc827f2ef5:20160407213828.271:164</Value>
          <Value>createTimeStamp:164:1:55a73700-c891-46fd-8f5c-72bc827f2ef5:20160407213828.271:164</Value>
          <Value>description:164:1:55a73700-c891-46fd-8f5c-72bc827f2ef5:20160407213828.271:164</Value>
          <Value>entryDN:164:1:55a73700-c891-46fd-8f5c-72bc827f2ef5:20160407213828.271:164</Value>
          <Value>isSingleValued:164:1:55a73700-c891-46fd-8f5c-72bc827f2ef5:20160407213828.271:164</Value>
          <Value>lDAPDisplayName:164:1:55a73700-c891-46fd-8f5c-72bc827f2ef5:20160407213828.271:164</Value>
          <Value>modifyTimeStamp:164:1:55a73700-c891-46fd-8f5c-72bc827f2ef5:20160407213828.271:164</Value>
          <Value>objectClass:164:1:55a73700-c891-46fd-8f5c-72bc827f2ef5:20160407213828.271:164</Value>
          <Value>objectGUID:164:1:55a73700-c891-46fd-8f5c-72bc827f2ef5:20160407213828.271:164</Value>
          <Value>oMSyntax:164:1:55a73700-c891-46fd-8f5c-72bc827f2ef5:20160407213828.271:164</Value>
          <Value>schemaIDGUID:164:1:55a73700-c891-46fd-8f5c-72bc827f2ef5:20160407213828.271:164</Value>
          <Value>uSNChanged:164:1:55a73700-c891-46fd-8f5c-72bc827f2ef5:20160407213828.271:164</Value>
          <Value>uSNCreated:164:1:55a73700-c891-46fd-8f5c-72bc827f2ef5:20160407213828.271:164</Value>
          <Value>vmwAttributeUsage:164:1:55a73700-c891-46fd-8f5c-72bc827f2ef5:20160407213828.271:164</Value>
        </AttributeMetadata>
      </AttributeSchemaEntry>
      <AttributeSchemaEntry>
        <Name>vmwLicSvcAssetFeaturesInUseList</Name>
        <AttributeMetadata>
          <Value>attributeID:582:1:55a73700-c891-46fd-8f5c-72bc827f2ef5:20160407213828.916:582</Value>
          <Value>attributeSyntax:582:1:55a73700-c891-46fd-8f5c-72bc827f2ef5:20160407213828.916:582</Value>
          <Value>cn:582:1:55a73700-c891-46fd-8f5c-72bc827f2ef5:20160407213828.916:582</Value>
          <Value>createTimeStamp:582:1:55a73700-c891-46fd-8f5c-72bc827f2ef5:20160407213828.916:582</Value>
          <Value>description:582:1:55a73700-c891-46fd-8f5c-72bc827f2ef5:20160407213828.916:582</Value>
          <Value>entryDN:582:1:55a73700-c891-46fd-8f5c-72bc827f2ef5:20160407213828.916:582</Value>
          <Value>isSingleValued:582:1:55a73700-c891-46fd-8f5c-72bc827f2ef5:20160407213828.916:582</Value>
          <Value>lDAPDisplayName:582:1:55a73700-c891-46fd-8f5c-72bc827f2ef5:20160407213828.916:582</Value>
          <Value>modifyTimeStamp:582:1:55a73700-c891-46fd-8f5c-72bc827f2ef5:20160407213828.916:582</Value>
          <Value>objectClass:582:1:55a73700-c891-46fd-8f5c-72bc827f2ef5:20160407213828.916:582</Value>
          <Value>objectGUID:582:1:55a73700-c891-46fd-8f5c-72bc827f2ef5:20160407213828.916:582</Value>
          <Value>oMSyntax:582:1:55a73700-c891-46fd-8f5c-72bc827f2ef5:20160407213828.916:582</Value>
          <Value>schemaIDGUID:582:1:55a73700-c891-46fd-8f5c-72bc827f2ef5:20160407213828.916:582</Value>
          <Value>uSNChanged:582:1:55a73700-c891-46fd-8f5c-72bc827f2ef5:20160407213828.916:582</Value>
          <Value>uSNCreated:582:1:55a73700-c891-46fd-8f5c-72bc827f2ef5:20160407213828.916:582</Value>
          <Value>vmwAttributeUsage:582:1:55a73700-c891-46fd-8f5c-72bc827f2ef5:20160407213828.916:582</Value>
        </AttributeMetadata>
      </AttributeSchemaEntry>
      <AttributeSchemaEntry>
        <Name>vmwLicSvcAssetId</Name>
        <AttributeMetadata>
          <Value>attributeID:1673:1:55a73700-c891-46fd-8f5c-72bc827f2ef5:20160407213830.779:1673</Value>
          <Value>attributeSyntax:1673:1:55a73700-c891-46fd-8f5c-72bc827f2ef5:20160407213830.779:1673</Value>
          <Value>cn:1673:1:55a73700-c891-46fd-8f5c-72bc827f2ef5:20160407213830.779:1673</Value>
          <Value>createTimeStamp:1673:1:55a73700-c891-46fd-8f5c-72bc827f2ef5:20160407213830.779:1673</Value>
          <Value>description:1673:1:55a73700-c891-46fd-8f5c-72bc827f2ef5:20160407213830.779:1673</Value>
          <Value>entryDN:1673:1:55a73700-c891-46fd-8f5c-72bc827f2ef5:20160407213830.779:1673</Value>
          <Value>isSingleValued:1673:1:55a73700-c891-46fd-8f5c-72bc827f2ef5:20160407213830.779:1673</Value>
          <Value>lDAPDisplayName:1673:1:55a73700-c891-46fd-8f5c-72bc827f2ef5:20160407213830.779:1673</Value>
          <Value>modifyTimeStamp:1673:1:55a73700-c891-46fd-8f5c-72bc827f2ef5:20160407213830.779:1673</Value>
          <Value>objectClass:1673:1:55a73700-c891-46fd-8f5c-72bc827f2ef5:20160407213830.779:1673</Value>
          <Value>objectGUID:1673:1:55a73700-c891-46fd-8f5c-72bc827f2ef5:20160407213830.779:1673</Value>
          <Value>oMSyntax:1673:1:55a73700-c891-46fd-8f5c-72bc827f2ef5:20160407213830.779:1673</Value>
          <Value>schemaIDGUID:1673:1:55a73700-c891-46fd-8f5c-72bc827f2ef5:20160407213830.779:1673</Value>
          <Value>uSNChanged:1673:1:55a73700-c891-46fd-8f5c-72bc827f2ef5:20160407213830.779:1673</Value>
          <Value>uSNCreated:1673:1:55a73700-c891-46fd-8f5c-72bc827f2ef5:20160407213830.779:1673</Value>
          <Value>vmwAttributeUsage:1673:1:55a73700-c891-46fd-8f5c-72bc827f2ef5:20160407213830.779:1673</Value>
        </AttributeMetadata>
      </AttributeSchemaEntry>
      <AttributeSchemaEntry>
        <Name>vmwLicSvcAssetInstanceId</Name>
        <AttributeMetadata>
          <Value>attributeID:471:1:55a73700-c891-46fd-8f5c-72bc827f2ef5:20160407213828.735:471</Value>
          <Value>attributeSyntax:471:1:55a73700-c891-46fd-8f5c-72bc827f2ef5:20160407213828.735:471</Value>
          <Value>cn:471:1:55a73700-c891-46fd-8f5c-72bc827f2ef5:20160407213828.735:471</Value>
          <Value>createTimeStamp:471:1:55a73700-c891-46fd-8f5c-72bc827f2ef5:20160407213828.735:471</Value>
          <Value>description:471:1:55a73700-c891-46fd-8f5c-72bc827f2ef5:20160407213828.735:471</Value>
          <Value>entryDN:471:1:55a73700-c891-46fd-8f5c-72bc827f2ef5:20160407213828.735:471</Value>
          <Value>isSingleValued:471:1:55a73700-c891-46fd-8f5c-72bc827f2ef5:20160407213828.735:471</Value>
          <Value>lDAPDisplayName:471:1:55a73700-c891-46fd-8f5c-72bc827f2ef5:20160407213828.735:471</Value>
          <Value>modifyTimeStamp:471:1:55a73700-c891-46fd-8f5c-72bc827f2ef5:20160407213828.735:471</Value>
          <Value>objectClass:471:1:55a73700-c891-46fd-8f5c-72bc827f2ef5:20160407213828.735:471</Value>
          <Value>objectGUID:471:1:55a73700-c891-46fd-8f5c-72bc827f2ef5:20160407213828.735:471</Value>
          <Value>oMSyntax:471:1:55a73700-c891-46fd-8f5c-72bc827f2ef5:20160407213828.735:471</Value>
          <Value>schemaIDGUID:471:1:55a73700-c891-46fd-8f5c-72bc827f2ef5:20160407213828.735:471</Value>
          <Value>uSNChanged:471:1:55a73700-c891-46fd-8f5c-72bc827f2ef5:20160407213828.735:471</Value>
          <Value>uSNCreated:471:1:55a73700-c891-46fd-8f5c-72bc827f2ef5:20160407213828.735:471</Value>
          <Value>vmwAttributeUsage:471:1:55a73700-c891-46fd-8f5c-72bc827f2ef5:20160407213828.735:471</Value>
        </AttributeMetadata>
      </AttributeSchemaEntry>
      <AttributeSchemaEntry>
        <Name>vmwLicSvcAssetIsInEvaluation</Name>
        <AttributeMetadata>
          <Value>attributeID:925:1:55a73700-c891-46fd-8f5c-72bc827f2ef5:20160407213829.507:925</Value>
          <Value>attributeSyntax:925:1:55a73700-c891-46fd-8f5c-72bc827f2ef5:20160407213829.507:925</Value>
          <Value>cn:925:1:55a73700-c891-46fd-8f5c-72bc827f2ef5:20160407213829.507:925</Value>
          <Value>createTimeStamp:925:1:55a73700-c891-46fd-8f5c-72bc827f2ef5:20160407213829.507:925</Value>
          <Value>description:925:1:55a73700-c891-46fd-8f5c-72bc827f2ef5:20160407213829.507:925</Value>
          <Value>entryDN:925:1:55a73700-c891-46fd-8f5c-72bc827f2ef5:20160407213829.507:925</Value>
          <Value>isSingleValued:925:1:55a73700-c891-46fd-8f5c-72bc827f2ef5:20160407213829.507:925</Value>
          <Value>lDAPDisplayName:925:1:55a73700-c891-46fd-8f5c-72bc827f2ef5:20160407213829.507:925</Value>
          <Value>modifyTimeStamp:925:1:55a73700-c891-46fd-8f5c-72bc827f2ef5:20160407213829.507:925</Value>
          <Value>objectClass:925:1:55a73700-c891-46fd-8f5c-72bc827f2ef5:20160407213829.507:925</Value>
          <Value>objectGUID:925:1:55a73700-c891-46fd-8f5c-72bc827f2ef5:20160407213829.507:925</Value>
          <Value>oMSyntax:925:1:55a73700-c891-46fd-8f5c-72bc827f2ef5:20160407213829.507:925</Value>
          <Value>schemaIDGUID:925:1:55a73700-c891-46fd-8f5c-72bc827f2ef5:20160407213829.507:925</Value>
          <Value>uSNChanged:925:1:55a73700-c891-46fd-8f5c-72bc827f2ef5:20160407213829.507:925</Value>
          <Value>uSNCreated:925:1:55a73700-c891-46fd-8f5c-72bc827f2ef5:20160407213829.507:925</Value>
          <Value>vmwAttributeUsage:925:1:55a73700-c891-46fd-8f5c-72bc827f2ef5:20160407213829.507:925</Value>
        </AttributeMetadata>
      </AttributeSchemaEntry>
      <AttributeSchemaEntry>
        <Name>vmwLicSvcAssetLicenseId</Name>
        <AttributeMetadata>
          <Value>attributeID:549:1:55a73700-c891-46fd-8f5c-72bc827f2ef5:20160407213828.859:549</Value>
          <Value>attributeSyntax:549:1:55a73700-c891-46fd-8f5c-72bc827f2ef5:20160407213828.859:549</Value>
          <Value>cn:549:1:55a73700-c891-46fd-8f5c-72bc827f2ef5:20160407213828.859:549</Value>
          <Value>createTimeStamp:549:1:55a73700-c891-46fd-8f5c-72bc827f2ef5:20160407213828.859:549</Value>
          <Value>description:549:1:55a73700-c891-46fd-8f5c-72bc827f2ef5:20160407213828.859:549</Value>
          <Value>entryDN:549:1:55a73700-c891-46fd-8f5c-72bc827f2ef5:20160407213828.859:549</Value>
          <Value>isSingleValued:549:1:55a73700-c891-46fd-8f5c-72bc827f2ef5:20160407213828.859:549</Value>
          <Value>lDAPDisplayName:549:1:55a73700-c891-46fd-8f5c-72bc827f2ef5:20160407213828.859:549</Value>
          <Value>modifyTimeStamp:549:1:55a73700-c891-46fd-8f5c-72bc827f2ef5:20160407213828.859:549</Value>
          <Value>objectClass:549:1:55a73700-c891-46fd-8f5c-72bc827f2ef5:20160407213828.859:549</Value>
          <Value>objectGUID:549:1:55a73700-c891-46fd-8f5c-72bc827f2ef5:20160407213828.859:549</Value>
          <Value>oMSyntax:549:1:55a73700-c891-46fd-8f5c-72bc827f2ef5:20160407213828.859:549</Value>
          <Value>schemaIDGUID:549:1:55a73700-c891-46fd-8f5c-72bc827f2ef5:20160407213828.859:549</Value>
          <Value>uSNChanged:549:1:55a73700-c891-46fd-8f5c-72bc827f2ef5:20160407213828.859:549</Value>
          <Value>uSNCreated:549:1:55a73700-c891-46fd-8f5c-72bc827f2ef5:20160407213828.859:549</Value>
          <Value>vmwAttributeUsage:549:1:55a73700-c891-46fd-8f5c-72bc827f2ef5:20160407213828.859:549</Value>
        </AttributeMetadata>
      </AttributeSchemaEntry>
      <AttributeSchemaEntry>
        <Name>vmwLicSvcAssetName</Name>
        <AttributeMetadata>
          <Value>attributeID:391:1:55a73700-c891-46fd-8f5c-72bc827f2ef5:20160407213828.600:391</Value>
          <Value>attributeSyntax:391:1:55a73700-c891-46fd-8f5c-72bc827f2ef5:20160407213828.600:391</Value>
          <Value>cn:391:1:55a73700-c891-46fd-8f5c-72bc827f2ef5:20160407213828.600:391</Value>
          <Value>createTimeStamp:391:1:55a73700-c891-46fd-8f5c-72bc827f2ef5:20160407213828.600:391</Value>
          <Value>description:391:1:55a73700-c891-46fd-8f5c-72bc827f2ef5:20160407213828.600:391</Value>
          <Value>entryDN:391:1:55a73700-c891-46fd-8f5c-72bc827f2ef5:20160407213828.600:391</Value>
          <Value>isSingleValued:391:1:55a73700-c891-46fd-8f5c-72bc827f2ef5:20160407213828.600:391</Value>
          <Value>lDAPDisplayName:391:1:55a73700-c891-46fd-8f5c-72bc827f2ef5:20160407213828.600:391</Value>
          <Value>modifyTimeStamp:391:1:55a73700-c891-46fd-8f5c-72bc827f2ef5:20160407213828.600:391</Value>
          <Value>objectClass:391:1:55a73700-c891-46fd-8f5c-72bc827f2ef5:20160407213828.600:391</Value>
          <Value>objectGUID:391:1:55a73700-c891-46fd-8f5c-72bc827f2ef5:20160407213828.600:391</Value>
          <Value>oMSyntax:391:1:55a73700-c891-46fd-8f5c-72bc827f2ef5:20160407213828.600:391</Value>
          <Value>schemaIDGUID:391:1:55a73700-c891-46fd-8f5c-72bc827f2ef5:20160407213828.600:391</Value>
          <Value>uSNChanged:391:1:55a73700-c891-46fd-8f5c-72bc827f2ef5:20160407213828.600:391</Value>
          <Value>uSNCreated:391:1:55a73700-c891-46fd-8f5c-72bc827f2ef5:20160407213828.600:391</Value>
          <Value>vmwAttributeUsage:391:1:55a73700-c891-46fd-8f5c-72bc827f2ef5:20160407213828.600:391</Value>
        </AttributeMetadata>
      </AttributeSchemaEntry>
      <AttributeSchemaEntry>
        <Name>vmwLicSvcAssetOwnerId</Name>
        <AttributeMetadata>
          <Value>attributeID:1703:1:55a73700-c891-46fd-8f5c-72bc827f2ef5:20160407213830.834:1703</Value>
          <Value>attributeSyntax:1703:1:55a73700-c891-46fd-8f5c-72bc827f2ef5:20160407213830.834:1703</Value>
          <Value>cn:1703:1:55a73700-c891-46fd-8f5c-72bc827f2ef5:20160407213830.834:1703</Value>
          <Value>createTimeStamp:1703:1:55a73700-c891-46fd-8f5c-72bc827f2ef5:20160407213830.834:1703</Value>
          <Value>description:1703:1:55a73700-c891-46fd-8f5c-72bc827f2ef5:20160407213830.834:1703</Value>
          <Value>entryDN:1703:1:55a73700-c891-46fd-8f5c-72bc827f2ef5:20160407213830.834:1703</Value>
          <Value>isSingleValued:1703:1:55a73700-c891-46fd-8f5c-72bc827f2ef5:20160407213830.834:1703</Value>
          <Value>lDAPDisplayName:1703:1:55a73700-c891-46fd-8f5c-72bc827f2ef5:20160407213830.834:1703</Value>
          <Value>modifyTimeStamp:1703:1:55a73700-c891-46fd-8f5c-72bc827f2ef5:20160407213830.834:1703</Value>
          <Value>objectClass:1703:1:55a73700-c891-46fd-8f5c-72bc827f2ef5:20160407213830.834:1703</Value>
          <Value>objectGUID:1703:1:55a73700-c891-46fd-8f5c-72bc827f2ef5:20160407213830.834:1703</Value>
          <Value>oMSyntax:1703:1:55a73700-c891-46fd-8f5c-72bc827f2ef5:20160407213830.834:1703</Value>
          <Value>schemaIDGUID:1703:1:55a73700-c891-46fd-8f5c-72bc827f2ef5:20160407213830.834:1703</Value>
          <Value>uSNChanged:1703:1:55a73700-c891-46fd-8f5c-72bc827f2ef5:20160407213830.834:1703</Value>
          <Value>uSNCreated:1703:1:55a73700-c891-46fd-8f5c-72bc827f2ef5:20160407213830.834:1703</Value>
          <Value>vmwAttributeUsage:1703:1:55a73700-c891-46fd-8f5c-72bc827f2ef5:20160407213830.834:1703</Value>
        </AttributeMetadata>
      </AttributeSchemaEntry>
      <AttributeSchemaEntry>
        <Name>vmwLicSvcAssetProductName</Name>
        <AttributeMetadata>
          <Value>attributeID:720:1:55a73700-c891-46fd-8f5c-72bc827f2ef5:20160407213829.153:720</Value>
          <Value>attributeSyntax:720:1:55a73700-c891-46fd-8f5c-72bc827f2ef5:20160407213829.153:720</Value>
          <Value>cn:720:1:55a73700-c891-46fd-8f5c-72bc827f2ef5:20160407213829.153:720</Value>
          <Value>createTimeStamp:720:1:55a73700-c891-46fd-8f5c-72bc827f2ef5:20160407213829.153:720</Value>
          <Value>description:720:1:55a73700-c891-46fd-8f5c-72bc827f2ef5:20160407213829.153:720</Value>
          <Value>entryDN:720:1:55a73700-c891-46fd-8f5c-72bc827f2ef5:20160407213829.153:720</Value>
          <Value>isSingleValued:720:1:55a73700-c891-46fd-8f5c-72bc827f2ef5:20160407213829.153:720</Value>
          <Value>lDAPDisplayName:720:1:55a73700-c891-46fd-8f5c-72bc827f2ef5:20160407213829.153:720</Value>
          <Value>modifyTimeStamp:720:1:55a73700-c891-46fd-8f5c-72bc827f2ef5:20160407213829.153:720</Value>
          <Value>objectClass:720:1:55a73700-c891-46fd-8f5c-72bc827f2ef5:20160407213829.153:720</Value>
          <Value>objectGUID:720:1:55a73700-c891-46fd-8f5c-72bc827f2ef5:20160407213829.153:720</Value>
          <Value>oMSyntax:720:1:55a73700-c891-46fd-8f5c-72bc827f2ef5:20160407213829.153:720</Value>
          <Value>schemaIDGUID:720:1:55a73700-c891-46fd-8f5c-72bc827f2ef5:20160407213829.153:720</Value>
          <Value>uSNChanged:720:1:55a73700-c891-46fd-8f5c-72bc827f2ef5:20160407213829.153:720</Value>
          <Value>uSNCreated:720:1:55a73700-c891-46fd-8f5c-72bc827f2ef5:20160407213829.153:720</Value>
          <Value>vmwAttributeUsage:720:1:55a73700-c891-46fd-8f5c-72bc827f2ef5:20160407213829.153:720</Value>
        </AttributeMetadata>
      </AttributeSchemaEntry>
      <AttributeSchemaEntry>
        <Name>vmwLicSvcAssetProductVersion</Name>
        <AttributeMetadata>
          <Value>attributeID:881:1:55a73700-c891-46fd-8f5c-72bc827f2ef5:20160407213829.440:881</Value>
          <Value>attributeSyntax:881:1:55a73700-c891-46fd-8f5c-72bc827f2ef5:20160407213829.440:881</Value>
          <Value>cn:881:1:55a73700-c891-46fd-8f5c-72bc827f2ef5:20160407213829.440:881</Value>
          <Value>createTimeStamp:881:1:55a73700-c891-46fd-8f5c-72bc827f2ef5:20160407213829.440:881</Value>
          <Value>description:881:1:55a73700-c891-46fd-8f5c-72bc827f2ef5:20160407213829.440:881</Value>
          <Value>entryDN:881:1:55a73700-c891-46fd-8f5c-72bc827f2ef5:20160407213829.440:881</Value>
          <Value>isSingleValued:881:1:55a73700-c891-46fd-8f5c-72bc827f2ef5:20160407213829.440:881</Value>
          <Value>lDAPDisplayName:881:1:55a73700-c891-46fd-8f5c-72bc827f2ef5:20160407213829.440:881</Value>
          <Value>modifyTimeStamp:881:1:55a73700-c891-46fd-8f5c-72bc827f2ef5:20160407213829.440:881</Value>
          <Value>objectClass:881:1:55a73700-c891-46fd-8f5c-72bc827f2ef5:20160407213829.440:881</Value>
          <Value>objectGUID:881:1:55a73700-c891-46fd-8f5c-72bc827f2ef5:20160407213829.440:881</Value>
          <Value>oMSyntax:881:1:55a73700-c891-46fd-8f5c-72bc827f2ef5:20160407213829.440:881</Value>
          <Value>schemaIDGUID:881:1:55a73700-c891-46fd-8f5c-72bc827f2ef5:20160407213829.440:881</Value>
          <Value>uSNChanged:881:1:55a73700-c891-46fd-8f5c-72bc827f2ef5:20160407213829.440:881</Value>
          <Value>uSNCreated:881:1:55a73700-c891-46fd-8f5c-72bc827f2ef5:20160407213829.440:881</Value>
          <Value>vmwAttributeUsage:881:1:55a73700-c891-46fd-8f5c-72bc827f2ef5:20160407213829.440:881</Value>
        </AttributeMetadata>
      </AttributeSchemaEntry>
      <AttributeSchemaEntry>
        <Name>vmwLicSvcAssetPropertiesList</Name>
        <AttributeMetadata>
          <Value>attributeID:158:1:55a73700-c891-46fd-8f5c-72bc827f2ef5:20160407213828.266:158</Value>
          <Value>attributeSyntax:158:1:55a73700-c891-46fd-8f5c-72bc827f2ef5:20160407213828.266:158</Value>
          <Value>cn:158:1:55a73700-c891-46fd-8f5c-72bc827f2ef5:20160407213828.266:158</Value>
          <Value>createTimeStamp:158:1:55a73700-c891-46fd-8f5c-72bc827f2ef5:20160407213828.266:158</Value>
          <Value>description:158:1:55a73700-c891-46fd-8f5c-72bc827f2ef5:20160407213828.266:158</Value>
          <Value>entryDN:158:1:55a73700-c891-46fd-8f5c-72bc827f2ef5:20160407213828.266:158</Value>
          <Value>isSingleValued:158:1:55a73700-c891-46fd-8f5c-72bc827f2ef5:20160407213828.266:158</Value>
          <Value>lDAPDisplayName:158:1:55a73700-c891-46fd-8f5c-72bc827f2ef5:20160407213828.266:158</Value>
          <Value>modifyTimeStamp:158:1:55a73700-c891-46fd-8f5c-72bc827f2ef5:20160407213828.266:158</Value>
          <Value>objectClass:158:1:55a73700-c891-46fd-8f5c-72bc827f2ef5:20160407213828.266:158</Value>
          <Value>objectGUID:158:1:55a73700-c891-46fd-8f5c-72bc827f2ef5:20160407213828.266:158</Value>
          <Value>oMSyntax:158:1:55a73700-c891-46fd-8f5c-72bc827f2ef5:20160407213828.266:158</Value>
          <Value>schemaIDGUID:158:1:55a73700-c891-46fd-8f5c-72bc827f2ef5:20160407213828.266:158</Value>
          <Value>uSNChanged:158:1:55a73700-c891-46fd-8f5c-72bc827f2ef5:20160407213828.266:158</Value>
          <Value>uSNCreated:158:1:55a73700-c891-46fd-8f5c-72bc827f2ef5:20160407213828.266:158</Value>
          <Value>vmwAttributeUsage:158:1:55a73700-c891-46fd-8f5c-72bc827f2ef5:20160407213828.266:158</Value>
        </AttributeMetadata>
      </AttributeSchemaEntry>
      <AttributeSchemaEntry>
        <Name>vmwLicSvcAssetScopeId</Name>
        <AttributeMetadata>
          <Value>attributeID:510:1:55a73700-c891-46fd-8f5c-72bc827f2ef5:20160407213828.797:510</Value>
          <Value>attributeSyntax:510:1:55a73700-c891-46fd-8f5c-72bc827f2ef5:20160407213828.797:510</Value>
          <Value>cn:510:1:55a73700-c891-46fd-8f5c-72bc827f2ef5:20160407213828.797:510</Value>
          <Value>createTimeStamp:510:1:55a73700-c891-46fd-8f5c-72bc827f2ef5:20160407213828.797:510</Value>
          <Value>description:510:1:55a73700-c891-46fd-8f5c-72bc827f2ef5:20160407213828.797:510</Value>
          <Value>entryDN:510:1:55a73700-c891-46fd-8f5c-72bc827f2ef5:20160407213828.797:510</Value>
          <Value>isSingleValued:510:1:55a73700-c891-46fd-8f5c-72bc827f2ef5:20160407213828.797:510</Value>
          <Value>lDAPDisplayName:510:1:55a73700-c891-46fd-8f5c-72bc827f2ef5:20160407213828.797:510</Value>
          <Value>modifyTimeStamp:510:1:55a73700-c891-46fd-8f5c-72bc827f2ef5:20160407213828.797:510</Value>
          <Value>objectClass:510:1:55a73700-c891-46fd-8f5c-72bc827f2ef5:20160407213828.797:510</Value>
          <Value>objectGUID:510:1:55a73700-c891-46fd-8f5c-72bc827f2ef5:20160407213828.797:510</Value>
          <Value>oMSyntax:510:1:55a73700-c891-46fd-8f5c-72bc827f2ef5:20160407213828.797:510</Value>
          <Value>schemaIDGUID:510:1:55a73700-c891-46fd-8f5c-72bc827f2ef5:20160407213828.797:510</Value>
          <Value>uSNChanged:510:1:55a73700-c891-46fd-8f5c-72bc827f2ef5:20160407213828.797:510</Value>
          <Value>uSNCreated:510:1:55a73700-c891-46fd-8f5c-72bc827f2ef5:20160407213828.797:510</Value>
          <Value>vmwAttributeUsage:510:1:55a73700-c891-46fd-8f5c-72bc827f2ef5:20160407213828.797:510</Value>
        </AttributeMetadata>
      </AttributeSchemaEntry>
      <AttributeSchemaEntry>
        <Name>vmwLicSvcAssetVersion</Name>
        <AttributeMetadata>
          <Value>attributeID:601:1:55a73700-c891-46fd-8f5c-72bc827f2ef5:20160407213828.946:601</Value>
          <Value>attributeSyntax:601:1:55a73700-c891-46fd-8f5c-72bc827f2ef5:20160407213828.946:601</Value>
          <Value>cn:601:1:55a73700-c891-46fd-8f5c-72bc827f2ef5:20160407213828.946:601</Value>
          <Value>createTimeStamp:601:1:55a73700-c891-46fd-8f5c-72bc827f2ef5:20160407213828.946:601</Value>
          <Value>description:601:1:55a73700-c891-46fd-8f5c-72bc827f2ef5:20160407213828.946:601</Value>
          <Value>entryDN:601:1:55a73700-c891-46fd-8f5c-72bc827f2ef5:20160407213828.946:601</Value>
          <Value>isSingleValued:601:1:55a73700-c891-46fd-8f5c-72bc827f2ef5:20160407213828.946:601</Value>
          <Value>lDAPDisplayName:601:1:55a73700-c891-46fd-8f5c-72bc827f2ef5:20160407213828.946:601</Value>
          <Value>modifyTimeStamp:601:1:55a73700-c891-46fd-8f5c-72bc827f2ef5:20160407213828.946:601</Value>
          <Value>objectClass:601:1:55a73700-c891-46fd-8f5c-72bc827f2ef5:20160407213828.946:601</Value>
          <Value>objectGUID:601:1:55a73700-c891-46fd-8f5c-72bc827f2ef5:20160407213828.946:601</Value>
          <Value>oMSyntax:601:1:55a73700-c891-46fd-8f5c-72bc827f2ef5:20160407213828.946:601</Value>
          <Value>schemaIDGUID:601:1:55a73700-c891-46fd-8f5c-72bc827f2ef5:20160407213828.946:601</Value>
          <Value>uSNChanged:601:1:55a73700-c891-46fd-8f5c-72bc827f2ef5:20160407213828.946:601</Value>
          <Value>uSNCreated:601:1:55a73700-c891-46fd-8f5c-72bc827f2ef5:20160407213828.946:601</Value>
          <Value>vmwAttributeUsage:601:1:55a73700-c891-46fd-8f5c-72bc827f2ef5:20160407213828.946:601</Value>
        </AttributeMetadata>
      </AttributeSchemaEntry>
      <AttributeSchemaEntry>
        <Name>vmwLicSvcLicenseDescriptionContent</Name>
        <AttributeMetadata>
          <Value>attributeID:396:1:55a73700-c891-46fd-8f5c-72bc827f2ef5:20160407213828.616:396</Value>
          <Value>attributeSyntax:396:1:55a73700-c891-46fd-8f5c-72bc827f2ef5:20160407213828.616:396</Value>
          <Value>cn:396:1:55a73700-c891-46fd-8f5c-72bc827f2ef5:20160407213828.616:396</Value>
          <Value>createTimeStamp:396:1:55a73700-c891-46fd-8f5c-72bc827f2ef5:20160407213828.616:396</Value>
          <Value>description:396:1:55a73700-c891-46fd-8f5c-72bc827f2ef5:20160407213828.616:396</Value>
          <Value>entryDN:396:1:55a73700-c891-46fd-8f5c-72bc827f2ef5:20160407213828.616:396</Value>
          <Value>isSingleValued:396:1:55a73700-c891-46fd-8f5c-72bc827f2ef5:20160407213828.616:396</Value>
          <Value>lDAPDisplayName:396:1:55a73700-c891-46fd-8f5c-72bc827f2ef5:20160407213828.616:396</Value>
          <Value>modifyTimeStamp:396:1:55a73700-c891-46fd-8f5c-72bc827f2ef5:20160407213828.616:396</Value>
          <Value>objectClass:396:1:55a73700-c891-46fd-8f5c-72bc827f2ef5:20160407213828.616:396</Value>
          <Value>objectGUID:396:1:55a73700-c891-46fd-8f5c-72bc827f2ef5:20160407213828.616:396</Value>
          <Value>oMSyntax:396:1:55a73700-c891-46fd-8f5c-72bc827f2ef5:20160407213828.616:396</Value>
          <Value>schemaIDGUID:396:1:55a73700-c891-46fd-8f5c-72bc827f2ef5:20160407213828.616:396</Value>
          <Value>uSNChanged:396:1:55a73700-c891-46fd-8f5c-72bc827f2ef5:20160407213828.616:396</Value>
          <Value>uSNCreated:396:1:55a73700-c891-46fd-8f5c-72bc827f2ef5:20160407213828.616:396</Value>
          <Value>vmwAttributeUsage:396:1:55a73700-c891-46fd-8f5c-72bc827f2ef5:20160407213828.616:396</Value>
        </AttributeMetadata>
      </AttributeSchemaEntry>
      <AttributeSchemaEntry>
        <Name>vmwLicSvcLicenseDescriptionId</Name>
        <AttributeMetadata>
          <Value>attributeID:989:1:55a73700-c891-46fd-8f5c-72bc827f2ef5:20160407213829.614:989</Value>
          <Value>attributeSyntax:989:1:55a73700-c891-46fd-8f5c-72bc827f2ef5:20160407213829.614:989</Value>
          <Value>cn:989:1:55a73700-c891-46fd-8f5c-72bc827f2ef5:20160407213829.614:989</Value>
          <Value>createTimeStamp:989:1:55a73700-c891-46fd-8f5c-72bc827f2ef5:20160407213829.614:989</Value>
          <Value>description:989:1:55a73700-c891-46fd-8f5c-72bc827f2ef5:20160407213829.614:989</Value>
          <Value>entryDN:989:1:55a73700-c891-46fd-8f5c-72bc827f2ef5:20160407213829.614:989</Value>
          <Value>isSingleValued:989:1:55a73700-c891-46fd-8f5c-72bc827f2ef5:20160407213829.614:989</Value>
          <Value>lDAPDisplayName:989:1:55a73700-c891-46fd-8f5c-72bc827f2ef5:20160407213829.614:989</Value>
          <Value>modifyTimeStamp:989:1:55a73700-c891-46fd-8f5c-72bc827f2ef5:20160407213829.614:989</Value>
          <Value>objectClass:989:1:55a73700-c891-46fd-8f5c-72bc827f2ef5:20160407213829.614:989</Value>
          <Value>objectGUID:989:1:55a73700-c891-46fd-8f5c-72bc827f2ef5:20160407213829.614:989</Value>
          <Value>oMSyntax:989:1:55a73700-c891-46fd-8f5c-72bc827f2ef5:20160407213829.614:989</Value>
          <Value>schemaIDGUID:989:1:55a73700-c891-46fd-8f5c-72bc827f2ef5:20160407213829.614:989</Value>
          <Value>uSNChanged:989:1:55a73700-c891-46fd-8f5c-72bc827f2ef5:20160407213829.614:989</Value>
          <Value>uSNCreated:989:1:55a73700-c891-46fd-8f5c-72bc827f2ef5:20160407213829.614:989</Value>
          <Value>vmwAttributeUsage:989:1:55a73700-c891-46fd-8f5c-72bc827f2ef5:20160407213829.614:989</Value>
        </AttributeMetadata>
      </AttributeSchemaEntry>
      <AttributeSchemaEntry>
        <Name>vmwLicSvcLicenseDescriptionName</Name>
        <AttributeMetadata>
          <Value>attributeID:1329:1:55a73700-c891-46fd-8f5c-72bc827f2ef5:20160407213830.209:1329</Value>
          <Value>attributeSyntax:1329:1:55a73700-c891-46fd-8f5c-72bc827f2ef5:20160407213830.209:1329</Value>
          <Value>cn:1329:1:55a73700-c891-46fd-8f5c-72bc827f2ef5:20160407213830.209:1329</Value>
          <Value>createTimeStamp:1329:1:55a73700-c891-46fd-8f5c-72bc827f2ef5:20160407213830.209:1329</Value>
          <Value>description:1329:1:55a73700-c891-46fd-8f5c-72bc827f2ef5:20160407213830.209:1329</Value>
          <Value>entryDN:1329:1:55a73700-c891-46fd-8f5c-72bc827f2ef5:20160407213830.209:1329</Value>
          <Value>isSingleValued:1329:1:55a73700-c891-46fd-8f5c-72bc827f2ef5:20160407213830.209:1329</Value>
          <Value>lDAPDisplayName:1329:1:55a73700-c891-46fd-8f5c-72bc827f2ef5:20160407213830.209:1329</Value>
          <Value>modifyTimeStamp:1329:1:55a73700-c891-46fd-8f5c-72bc827f2ef5:20160407213830.209:1329</Value>
          <Value>objectClass:1329:1:55a73700-c891-46fd-8f5c-72bc827f2ef5:20160407213830.209:1329</Value>
          <Value>objectGUID:1329:1:55a73700-c891-46fd-8f5c-72bc827f2ef5:20160407213830.209:1329</Value>
          <Value>oMSyntax:1329:1:55a73700-c891-46fd-8f5c-72bc827f2ef5:20160407213830.209:1329</Value>
          <Value>schemaIDGUID:1329:1:55a73700-c891-46fd-8f5c-72bc827f2ef5:20160407213830.209:1329</Value>
          <Value>uSNChanged:1329:1:55a73700-c891-46fd-8f5c-72bc827f2ef5:20160407213830.209:1329</Value>
          <Value>uSNCreated:1329:1:55a73700-c891-46fd-8f5c-72bc827f2ef5:20160407213830.209:1329</Value>
          <Value>vmwAttributeUsage:1329:1:55a73700-c891-46fd-8f5c-72bc827f2ef5:20160407213830.209:1329</Value>
        </AttributeMetadata>
      </AttributeSchemaEntry>
      <AttributeSchemaEntry>
        <Name>vmwLicSvcLicenseDescriptionProperties</Name>
        <AttributeMetadata>
          <Value>attributeID:1204:1:55a73700-c891-46fd-8f5c-72bc827f2ef5:20160407213830.003:1204</Value>
          <Value>attributeSyntax:1204:1:55a73700-c891-46fd-8f5c-72bc827f2ef5:20160407213830.003:1204</Value>
          <Value>cn:1204:1:55a73700-c891-46fd-8f5c-72bc827f2ef5:20160407213830.003:1204</Value>
          <Value>createTimeStamp:1204:1:55a73700-c891-46fd-8f5c-72bc827f2ef5:20160407213830.003:1204</Value>
          <Value>description:1204:1:55a73700-c891-46fd-8f5c-72bc827f2ef5:20160407213830.003:1204</Value>
          <Value>entryDN:1204:1:55a73700-c891-46fd-8f5c-72bc827f2ef5:20160407213830.003:1204</Value>
          <Value>isSingleValued:1204:1:55a73700-c891-46fd-8f5c-72bc827f2ef5:20160407213830.003:1204</Value>
          <Value>lDAPDisplayName:1204:1:55a73700-c891-46fd-8f5c-72bc827f2ef5:20160407213830.003:1204</Value>
          <Value>modifyTimeStamp:1204:1:55a73700-c891-46fd-8f5c-72bc827f2ef5:20160407213830.003:1204</Value>
          <Value>objectClass:1204:1:55a73700-c891-46fd-8f5c-72bc827f2ef5:20160407213830.003:1204</Value>
          <Value>objectGUID:1204:1:55a73700-c891-46fd-8f5c-72bc827f2ef5:20160407213830.003:1204</Value>
          <Value>oMSyntax:1204:1:55a73700-c891-46fd-8f5c-72bc827f2ef5:20160407213830.003:1204</Value>
          <Value>schemaIDGUID:1204:1:55a73700-c891-46fd-8f5c-72bc827f2ef5:20160407213830.003:1204</Value>
          <Value>uSNChanged:1204:1:55a73700-c891-46fd-8f5c-72bc827f2ef5:20160407213830.003:1204</Value>
          <Value>uSNCreated:1204:1:55a73700-c891-46fd-8f5c-72bc827f2ef5:20160407213830.003:1204</Value>
          <Value>vmwAttributeUsage:1204:1:55a73700-c891-46fd-8f5c-72bc827f2ef5:20160407213830.003:1204</Value>
        </AttributeMetadata>
      </AttributeSchemaEntry>
      <AttributeSchemaEntry>
        <Name>vmwLicSvcLicenseDescriptionType</Name>
        <AttributeMetadata>
          <Value>attributeID:966:1:55a73700-c891-46fd-8f5c-72bc827f2ef5:20160407213829.569:966</Value>
          <Value>attributeSyntax:966:1:55a73700-c891-46fd-8f5c-72bc827f2ef5:20160407213829.569:966</Value>
          <Value>cn:966:1:55a73700-c891-46fd-8f5c-72bc827f2ef5:20160407213829.569:966</Value>
          <Value>createTimeStamp:966:1:55a73700-c891-46fd-8f5c-72bc827f2ef5:20160407213829.569:966</Value>
          <Value>description:966:1:55a73700-c891-46fd-8f5c-72bc827f2ef5:20160407213829.569:966</Value>
          <Value>entryDN:966:1:55a73700-c891-46fd-8f5c-72bc827f2ef5:20160407213829.569:966</Value>
          <Value>isSingleValued:966:1:55a73700-c891-46fd-8f5c-72bc827f2ef5:20160407213829.569:966</Value>
          <Value>lDAPDisplayName:966:1:55a73700-c891-46fd-8f5c-72bc827f2ef5:20160407213829.569:966</Value>
          <Value>modifyTimeStamp:966:1:55a73700-c891-46fd-8f5c-72bc827f2ef5:20160407213829.569:966</Value>
          <Value>objectClass:966:1:55a73700-c891-46fd-8f5c-72bc827f2ef5:20160407213829.569:966</Value>
          <Value>objectGUID:966:1:55a73700-c891-46fd-8f5c-72bc827f2ef5:20160407213829.569:966</Value>
          <Value>oMSyntax:966:1:55a73700-c891-46fd-8f5c-72bc827f2ef5:20160407213829.569:966</Value>
          <Value>schemaIDGUID:966:1:55a73700-c891-46fd-8f5c-72bc827f2ef5:20160407213829.569:966</Value>
          <Value>uSNChanged:966:1:55a73700-c891-46fd-8f5c-72bc827f2ef5:20160407213829.569:966</Value>
          <Value>uSNCreated:966:1:55a73700-c891-46fd-8f5c-72bc827f2ef5:20160407213829.569:966</Value>
          <Value>vmwAttributeUsage:966:1:55a73700-c891-46fd-8f5c-72bc827f2ef5:20160407213829.569:966</Value>
        </AttributeMetadata>
      </AttributeSchemaEntry>
      <AttributeSchemaEntry>
        <Name>vmwLicSvcLicenseId</Name>
        <AttributeMetadata>
          <Value>attributeID:312:1:55a73700-c891-46fd-8f5c-72bc827f2ef5:20160407213828.481:312</Value>
          <Value>attributeSyntax:312:1:55a73700-c891-46fd-8f5c-72bc827f2ef5:20160407213828.481:312</Value>
          <Value>cn:312:1:55a73700-c891-46fd-8f5c-72bc827f2ef5:20160407213828.481:312</Value>
          <Value>createTimeStamp:312:1:55a73700-c891-46fd-8f5c-72bc827f2ef5:20160407213828.481:312</Value>
          <Value>description:312:1:55a73700-c891-46fd-8f5c-72bc827f2ef5:20160407213828.481:312</Value>
          <Value>entryDN:312:1:55a73700-c891-46fd-8f5c-72bc827f2ef5:20160407213828.481:312</Value>
          <Value>isSingleValued:312:1:55a73700-c891-46fd-8f5c-72bc827f2ef5:20160407213828.481:312</Value>
          <Value>lDAPDisplayName:312:1:55a73700-c891-46fd-8f5c-72bc827f2ef5:20160407213828.481:312</Value>
          <Value>modifyTimeStamp:312:1:55a73700-c891-46fd-8f5c-72bc827f2ef5:20160407213828.481:312</Value>
          <Value>objectClass:312:1:55a73700-c891-46fd-8f5c-72bc827f2ef5:20160407213828.481:312</Value>
          <Value>objectGUID:312:1:55a73700-c891-46fd-8f5c-72bc827f2ef5:20160407213828.481:312</Value>
          <Value>oMSyntax:312:1:55a73700-c891-46fd-8f5c-72bc827f2ef5:20160407213828.481:312</Value>
          <Value>schemaIDGUID:312:1:55a73700-c891-46fd-8f5c-72bc827f2ef5:20160407213828.481:312</Value>
          <Value>uSNChanged:312:1:55a73700-c891-46fd-8f5c-72bc827f2ef5:20160407213828.481:312</Value>
          <Value>uSNCreated:312:1:55a73700-c891-46fd-8f5c-72bc827f2ef5:20160407213828.481:312</Value>
          <Value>vmwAttributeUsage:312:1:55a73700-c891-46fd-8f5c-72bc827f2ef5:20160407213828.481:312</Value>
        </AttributeMetadata>
      </AttributeSchemaEntry>
      <AttributeSchemaEntry>
        <Name>vmwLicSvcLicenseLabelKey</Name>
        <AttributeMetadata>
          <Value>attributeID:1309:1:55a73700-c891-46fd-8f5c-72bc827f2ef5:20160407213830.178:1309</Value>
          <Value>attributeSyntax:1309:1:55a73700-c891-46fd-8f5c-72bc827f2ef5:20160407213830.178:1309</Value>
          <Value>cn:1309:1:55a73700-c891-46fd-8f5c-72bc827f2ef5:20160407213830.178:1309</Value>
          <Value>createTimeStamp:1309:1:55a73700-c891-46fd-8f5c-72bc827f2ef5:20160407213830.178:1309</Value>
          <Value>description:1309:1:55a73700-c891-46fd-8f5c-72bc827f2ef5:20160407213830.178:1309</Value>
          <Value>entryDN:1309:1:55a73700-c891-46fd-8f5c-72bc827f2ef5:20160407213830.178:1309</Value>
          <Value>isSingleValued:1309:1:55a73700-c891-46fd-8f5c-72bc827f2ef5:20160407213830.178:1309</Value>
          <Value>lDAPDisplayName:1309:1:55a73700-c891-46fd-8f5c-72bc827f2ef5:20160407213830.178:1309</Value>
          <Value>modifyTimeStamp:1309:1:55a73700-c891-46fd-8f5c-72bc827f2ef5:20160407213830.178:1309</Value>
          <Value>objectClass:1309:1:55a73700-c891-46fd-8f5c-72bc827f2ef5:20160407213830.178:1309</Value>
          <Value>objectGUID:1309:1:55a73700-c891-46fd-8f5c-72bc827f2ef5:20160407213830.178:1309</Value>
          <Value>oMSyntax:1309:1:55a73700-c891-46fd-8f5c-72bc827f2ef5:20160407213830.178:1309</Value>
          <Value>schemaIDGUID:1309:1:55a73700-c891-46fd-8f5c-72bc827f2ef5:20160407213830.178:1309</Value>
          <Value>uSNChanged:1309:1:55a73700-c891-46fd-8f5c-72bc827f2ef5:20160407213830.178:1309</Value>
          <Value>uSNCreated:1309:1:55a73700-c891-46fd-8f5c-72bc827f2ef5:20160407213830.178:1309</Value>
          <Value>vmwAttributeUsage:1309:1:55a73700-c891-46fd-8f5c-72bc827f2ef5:20160407213830.178:1309</Value>
        </AttributeMetadata>
      </AttributeSchemaEntry>
      <AttributeSchemaEntry>
        <Name>vmwLicSvcLicenseLabelSerialKey</Name>
        <AttributeMetadata>
          <Value>attributeID:1479:1:55a73700-c891-46fd-8f5c-72bc827f2ef5:20160407213830.452:1479</Value>
          <Value>attributeSyntax:1479:1:55a73700-c891-46fd-8f5c-72bc827f2ef5:20160407213830.452:1479</Value>
          <Value>cn:1479:1:55a73700-c891-46fd-8f5c-72bc827f2ef5:20160407213830.452:1479</Value>
          <Value>createTimeStamp:1479:1:55a73700-c891-46fd-8f5c-72bc827f2ef5:20160407213830.452:1479</Value>
          <Value>description:1479:1:55a73700-c891-46fd-8f5c-72bc827f2ef5:20160407213830.452:1479</Value>
          <Value>entryDN:1479:1:55a73700-c891-46fd-8f5c-72bc827f2ef5:20160407213830.452:1479</Value>
          <Value>isSingleValued:1479:1:55a73700-c891-46fd-8f5c-72bc827f2ef5:20160407213830.452:1479</Value>
          <Value>lDAPDisplayName:1479:1:55a73700-c891-46fd-8f5c-72bc827f2ef5:20160407213830.452:1479</Value>
          <Value>modifyTimeStamp:1479:1:55a73700-c891-46fd-8f5c-72bc827f2ef5:20160407213830.452:1479</Value>
          <Value>objectClass:1479:1:55a73700-c891-46fd-8f5c-72bc827f2ef5:20160407213830.452:1479</Value>
          <Value>objectGUID:1479:1:55a73700-c891-46fd-8f5c-72bc827f2ef5:20160407213830.452:1479</Value>
          <Value>oMSyntax:1479:1:55a73700-c891-46fd-8f5c-72bc827f2ef5:20160407213830.452:1479</Value>
          <Value>schemaIDGUID:1479:1:55a73700-c891-46fd-8f5c-72bc827f2ef5:20160407213830.452:1479</Value>
          <Value>uSNChanged:1479:1:55a73700-c891-46fd-8f5c-72bc827f2ef5:20160407213830.452:1479</Value>
          <Value>uSNCreated:1479:1:55a73700-c891-46fd-8f5c-72bc827f2ef5:20160407213830.452:1479</Value>
          <Value>vmwAttributeUsage:1479:1:55a73700-c891-46fd-8f5c-72bc827f2ef5:20160407213830.452:1479</Value>
        </AttributeMetadata>
      </AttributeSchemaEntry>
      <AttributeSchemaEntry>
        <Name>vmwLicSvcLicenseLabelValue</Name>
        <AttributeMetadata>
          <Value>attributeID:792:1:55a73700-c891-46fd-8f5c-72bc827f2ef5:20160407213829.276:792</Value>
          <Value>attributeSyntax:792:1:55a73700-c891-46fd-8f5c-72bc827f2ef5:20160407213829.276:792</Value>
          <Value>cn:792:1:55a73700-c891-46fd-8f5c-72bc827f2ef5:20160407213829.276:792</Value>
          <Value>createTimeStamp:792:1:55a73700-c891-46fd-8f5c-72bc827f2ef5:20160407213829.276:792</Value>
          <Value>description:792:1:55a73700-c891-46fd-8f5c-72bc827f2ef5:20160407213829.276:792</Value>
          <Value>entryDN:792:1:55a73700-c891-46fd-8f5c-72bc827f2ef5:20160407213829.276:792</Value>
          <Value>isSingleValued:792:1:55a73700-c891-46fd-8f5c-72bc827f2ef5:20160407213829.276:792</Value>
          <Value>lDAPDisplayName:792:1:55a73700-c891-46fd-8f5c-72bc827f2ef5:20160407213829.276:792</Value>
          <Value>modifyTimeStamp:792:1:55a73700-c891-46fd-8f5c-72bc827f2ef5:20160407213829.276:792</Value>
          <Value>objectClass:792:1:55a73700-c891-46fd-8f5c-72bc827f2ef5:20160407213829.276:792</Value>
          <Value>objectGUID:792:1:55a73700-c891-46fd-8f5c-72bc827f2ef5:20160407213829.276:792</Value>
          <Value>oMSyntax:792:1:55a73700-c891-46fd-8f5c-72bc827f2ef5:20160407213829.276:792</Value>
          <Value>schemaIDGUID:792:1:55a73700-c891-46fd-8f5c-72bc827f2ef5:20160407213829.276:792</Value>
          <Value>uSNChanged:792:1:55a73700-c891-46fd-8f5c-72bc827f2ef5:20160407213829.276:792</Value>
          <Value>uSNCreated:792:1:55a73700-c891-46fd-8f5c-72bc827f2ef5:20160407213829.276:792</Value>
          <Value>vmwAttributeUsage:792:1:55a73700-c891-46fd-8f5c-72bc827f2ef5:20160407213829.276:792</Value>
        </AttributeMetadata>
      </AttributeSchemaEntry>
      <AttributeSchemaEntry>
        <Name>vmwLicSvcLicenseName</Name>
        <AttributeMetadata>
          <Value>attributeID:1721:1:55a73700-c891-46fd-8f5c-72bc827f2ef5:20160407213830.865:1721</Value>
          <Value>attributeSyntax:1721:1:55a73700-c891-46fd-8f5c-72bc827f2ef5:20160407213830.865:1721</Value>
          <Value>cn:1721:1:55a73700-c891-46fd-8f5c-72bc827f2ef5:20160407213830.865:1721</Value>
          <Value>createTimeStamp:1721:1:55a73700-c891-46fd-8f5c-72bc827f2ef5:20160407213830.865:1721</Value>
          <Value>description:1721:1:55a73700-c891-46fd-8f5c-72bc827f2ef5:20160407213830.865:1721</Value>
          <Value>entryDN:1721:1:55a73700-c891-46fd-8f5c-72bc827f2ef5:20160407213830.865:1721</Value>
          <Value>isSingleValued:1721:1:55a73700-c891-46fd-8f5c-72bc827f2ef5:20160407213830.865:1721</Value>
          <Value>lDAPDisplayName:1721:1:55a73700-c891-46fd-8f5c-72bc827f2ef5:20160407213830.865:1721</Value>
          <Value>modifyTimeStamp:1721:1:55a73700-c891-46fd-8f5c-72bc827f2ef5:20160407213830.865:1721</Value>
          <Value>objectClass:1721:1:55a73700-c891-46fd-8f5c-72bc827f2ef5:20160407213830.865:1721</Value>
          <Value>objectGUID:1721:1:55a73700-c891-46fd-8f5c-72bc827f2ef5:20160407213830.865:1721</Value>
          <Value>oMSyntax:1721:1:55a73700-c891-46fd-8f5c-72bc827f2ef5:20160407213830.865:1721</Value>
          <Value>schemaIDGUID:1721:1:55a73700-c891-46fd-8f5c-72bc827f2ef5:20160407213830.865:1721</Value>
          <Value>uSNChanged:1721:1:55a73700-c891-46fd-8f5c-72bc827f2ef5:20160407213830.865:1721</Value>
          <Value>uSNCreated:1721:1:55a73700-c891-46fd-8f5c-72bc827f2ef5:20160407213830.865:1721</Value>
          <Value>vmwAttributeUsage:1721:1:55a73700-c891-46fd-8f5c-72bc827f2ef5:20160407213830.865:1721</Value>
        </AttributeMetadata>
      </AttributeSchemaEntry>
      <AttributeSchemaEntry>
        <Name>vmwLicSvcLicenseProperties</Name>
        <AttributeMetadata>
          <Value>attributeID:1321:1:55a73700-c891-46fd-8f5c-72bc827f2ef5:20160407213830.199:1321</Value>
          <Value>attributeSyntax:1321:1:55a73700-c891-46fd-8f5c-72bc827f2ef5:20160407213830.199:1321</Value>
          <Value>cn:1321:1:55a73700-c891-46fd-8f5c-72bc827f2ef5:20160407213830.199:1321</Value>
          <Value>createTimeStamp:1321:1:55a73700-c891-46fd-8f5c-72bc827f2ef5:20160407213830.199:1321</Value>
          <Value>description:1321:1:55a73700-c891-46fd-8f5c-72bc827f2ef5:20160407213830.199:1321</Value>
          <Value>entryDN:1321:1:55a73700-c891-46fd-8f5c-72bc827f2ef5:20160407213830.199:1321</Value>
          <Value>isSingleValued:1321:1:55a73700-c891-46fd-8f5c-72bc827f2ef5:20160407213830.199:1321</Value>
          <Value>lDAPDisplayName:1321:1:55a73700-c891-46fd-8f5c-72bc827f2ef5:20160407213830.199:1321</Value>
          <Value>modifyTimeStamp:1321:1:55a73700-c891-46fd-8f5c-72bc827f2ef5:20160407213830.199:1321</Value>
          <Value>objectClass:1321:1:55a73700-c891-46fd-8f5c-72bc827f2ef5:20160407213830.199:1321</Value>
          <Value>objectGUID:1321:1:55a73700-c891-46fd-8f5c-72bc827f2ef5:20160407213830.199:1321</Value>
          <Value>oMSyntax:1321:1:55a73700-c891-46fd-8f5c-72bc827f2ef5:20160407213830.199:1321</Value>
          <Value>schemaIDGUID:1321:1:55a73700-c891-46fd-8f5c-72bc827f2ef5:20160407213830.199:1321</Value>
          <Value>uSNChanged:1321:1:55a73700-c891-46fd-8f5c-72bc827f2ef5:20160407213830.199:1321</Value>
          <Value>uSNCreated:1321:1:55a73700-c891-46fd-8f5c-72bc827f2ef5:20160407213830.199:1321</Value>
          <Value>vmwAttributeUsage:1321:1:55a73700-c891-46fd-8f5c-72bc827f2ef5:20160407213830.199:1321</Value>
        </AttributeMetadata>
      </AttributeSchemaEntry>
      <AttributeSchemaEntry>
        <Name>vmwLicSvcLicenseSerialKeys</Name>
        <AttributeMetadata>
          <Value>attributeID:584:1:55a73700-c891-46fd-8f5c-72bc827f2ef5:20160407213828.918:584</Value>
          <Value>attributeSyntax:584:1:55a73700-c891-46fd-8f5c-72bc827f2ef5:20160407213828.918:584</Value>
          <Value>cn:584:1:55a73700-c891-46fd-8f5c-72bc827f2ef5:20160407213828.918:584</Value>
          <Value>createTimeStamp:584:1:55a73700-c891-46fd-8f5c-72bc827f2ef5:20160407213828.918:584</Value>
          <Value>description:584:1:55a73700-c891-46fd-8f5c-72bc827f2ef5:20160407213828.918:584</Value>
          <Value>entryDN:584:1:55a73700-c891-46fd-8f5c-72bc827f2ef5:20160407213828.918:584</Value>
          <Value>isSingleValued:584:1:55a73700-c891-46fd-8f5c-72bc827f2ef5:20160407213828.918:584</Value>
          <Value>lDAPDisplayName:584:1:55a73700-c891-46fd-8f5c-72bc827f2ef5:20160407213828.918:584</Value>
          <Value>modifyTimeStamp:584:1:55a73700-c891-46fd-8f5c-72bc827f2ef5:20160407213828.918:584</Value>
          <Value>objectClass:584:1:55a73700-c891-46fd-8f5c-72bc827f2ef5:20160407213828.918:584</Value>
          <Value>objectGUID:584:1:55a73700-c891-46fd-8f5c-72bc827f2ef5:20160407213828.918:584</Value>
          <Value>oMSyntax:584:1:55a73700-c891-46fd-8f5c-72bc827f2ef5:20160407213828.918:584</Value>
          <Value>schemaIDGUID:584:1:55a73700-c891-46fd-8f5c-72bc827f2ef5:20160407213828.918:584</Value>
          <Value>uSNChanged:584:1:55a73700-c891-46fd-8f5c-72bc827f2ef5:20160407213828.918:584</Value>
          <Value>uSNCreated:584:1:55a73700-c891-46fd-8f5c-72bc827f2ef5:20160407213828.918:584</Value>
          <Value>vmwAttributeUsage:584:1:55a73700-c891-46fd-8f5c-72bc827f2ef5:20160407213828.918:584</Value>
        </AttributeMetadata>
      </AttributeSchemaEntry>
      <AttributeSchemaEntry>
        <Name>vmwLicSvcLicenseType</Name>
        <AttributeMetadata>
          <Value>attributeID:1374:1:55a73700-c891-46fd-8f5c-72bc827f2ef5:20160407213830.278:1374</Value>
          <Value>attributeSyntax:1374:1:55a73700-c891-46fd-8f5c-72bc827f2ef5:20160407213830.278:1374</Value>
          <Value>cn:1374:1:55a73700-c891-46fd-8f5c-72bc827f2ef5:20160407213830.278:1374</Value>
          <Value>createTimeStamp:1374:1:55a73700-c891-46fd-8f5c-72bc827f2ef5:20160407213830.278:1374</Value>
          <Value>description:1374:1:55a73700-c891-46fd-8f5c-72bc827f2ef5:20160407213830.278:1374</Value>
          <Value>entryDN:1374:1:55a73700-c891-46fd-8f5c-72bc827f2ef5:20160407213830.278:1374</Value>
          <Value>isSingleValued:1374:1:55a73700-c891-46fd-8f5c-72bc827f2ef5:20160407213830.278:1374</Value>
          <Value>lDAPDisplayName:1374:1:55a73700-c891-46fd-8f5c-72bc827f2ef5:20160407213830.278:1374</Value>
          <Value>modifyTimeStamp:1374:1:55a73700-c891-46fd-8f5c-72bc827f2ef5:20160407213830.278:1374</Value>
          <Value>objectClass:1374:1:55a73700-c891-46fd-8f5c-72bc827f2ef5:20160407213830.278:1374</Value>
          <Value>objectGUID:1374:1:55a73700-c891-46fd-8f5c-72bc827f2ef5:20160407213830.278:1374</Value>
          <Value>oMSyntax:1374:1:55a73700-c891-46fd-8f5c-72bc827f2ef5:20160407213830.278:1374</Value>
          <Value>schemaIDGUID:1374:1:55a73700-c891-46fd-8f5c-72bc827f2ef5:20160407213830.278:1374</Value>
          <Value>uSNChanged:1374:1:55a73700-c891-46fd-8f5c-72bc827f2ef5:20160407213830.278:1374</Value>
          <Value>uSNCreated:1374:1:55a73700-c891-46fd-8f5c-72bc827f2ef5:20160407213830.278:1374</Value>
          <Value>vmwAttributeUsage:1374:1:55a73700-c891-46fd-8f5c-72bc827f2ef5:20160407213830.278:1374</Value>
        </AttributeMetadata>
      </AttributeSchemaEntry>
      <AttributeSchemaEntry>
        <Name>vmwLicSvcObjectClass</Name>
        <AttributeMetadata>
          <Value>attributeID:518:1:55a73700-c891-46fd-8f5c-72bc827f2ef5:20160407213828.815:518</Value>
          <Value>attributeSyntax:518:1:55a73700-c891-46fd-8f5c-72bc827f2ef5:20160407213828.815:518</Value>
          <Value>cn:518:1:55a73700-c891-46fd-8f5c-72bc827f2ef5:20160407213828.815:518</Value>
          <Value>createTimeStamp:518:1:55a73700-c891-46fd-8f5c-72bc827f2ef5:20160407213828.815:518</Value>
          <Value>description:518:1:55a73700-c891-46fd-8f5c-72bc827f2ef5:20160407213828.815:518</Value>
          <Value>entryDN:518:1:55a73700-c891-46fd-8f5c-72bc827f2ef5:20160407213828.815:518</Value>
          <Value>isSingleValued:518:1:55a73700-c891-46fd-8f5c-72bc827f2ef5:20160407213828.815:518</Value>
          <Value>lDAPDisplayName:518:1:55a73700-c891-46fd-8f5c-72bc827f2ef5:20160407213828.815:518</Value>
          <Value>modifyTimeStamp:518:1:55a73700-c891-46fd-8f5c-72bc827f2ef5:20160407213828.815:518</Value>
          <Value>objectClass:518:1:55a73700-c891-46fd-8f5c-72bc827f2ef5:20160407213828.815:518</Value>
          <Value>objectGUID:518:1:55a73700-c891-46fd-8f5c-72bc827f2ef5:20160407213828.815:518</Value>
          <Value>oMSyntax:518:1:55a73700-c891-46fd-8f5c-72bc827f2ef5:20160407213828.815:518</Value>
          <Value>schemaIDGUID:518:1:55a73700-c891-46fd-8f5c-72bc827f2ef5:20160407213828.815:518</Value>
          <Value>uSNChanged:518:1:55a73700-c891-46fd-8f5c-72bc827f2ef5:20160407213828.815:518</Value>
          <Value>uSNCreated:518:1:55a73700-c891-46fd-8f5c-72bc827f2ef5:20160407213828.815:518</Value>
          <Value>vmwAttributeUsage:518:1:55a73700-c891-46fd-8f5c-72bc827f2ef5:20160407213828.815:518</Value>
        </AttributeMetadata>
      </AttributeSchemaEntry>
      <AttributeSchemaEntry>
        <Name>vmwLKUPConfigKey</Name>
        <AttributeMetadata>
          <Value>attributeID:314:1:55a73700-c891-46fd-8f5c-72bc827f2ef5:20160407213828.482:314</Value>
          <Value>attributeSyntax:314:1:55a73700-c891-46fd-8f5c-72bc827f2ef5:20160407213828.482:314</Value>
          <Value>cn:314:1:55a73700-c891-46fd-8f5c-72bc827f2ef5:20160407213828.482:314</Value>
          <Value>createTimeStamp:314:1:55a73700-c891-46fd-8f5c-72bc827f2ef5:20160407213828.482:314</Value>
          <Value>description:314:1:55a73700-c891-46fd-8f5c-72bc827f2ef5:20160407213828.482:314</Value>
          <Value>entryDN:314:1:55a73700-c891-46fd-8f5c-72bc827f2ef5:20160407213828.482:314</Value>
          <Value>isSingleValued:314:1:55a73700-c891-46fd-8f5c-72bc827f2ef5:20160407213828.482:314</Value>
          <Value>lDAPDisplayName:314:1:55a73700-c891-46fd-8f5c-72bc827f2ef5:20160407213828.482:314</Value>
          <Value>modifyTimeStamp:314:1:55a73700-c891-46fd-8f5c-72bc827f2ef5:20160407213828.482:314</Value>
          <Value>objectClass:314:1:55a73700-c891-46fd-8f5c-72bc827f2ef5:20160407213828.482:314</Value>
          <Value>objectGUID:314:1:55a73700-c891-46fd-8f5c-72bc827f2ef5:20160407213828.482:314</Value>
          <Value>oMSyntax:314:1:55a73700-c891-46fd-8f5c-72bc827f2ef5:20160407213828.482:314</Value>
          <Value>schemaIDGUID:314:1:55a73700-c891-46fd-8f5c-72bc827f2ef5:20160407213828.482:314</Value>
          <Value>uSNChanged:314:1:55a73700-c891-46fd-8f5c-72bc827f2ef5:20160407213828.482:314</Value>
          <Value>uSNCreated:314:1:55a73700-c891-46fd-8f5c-72bc827f2ef5:20160407213828.482:314</Value>
          <Value>vmwAttributeUsage:314:1:55a73700-c891-46fd-8f5c-72bc827f2ef5:20160407213828.482:314</Value>
        </AttributeMetadata>
      </AttributeSchemaEntry>
      <AttributeSchemaEntry>
        <Name>vmwLKUPConfigValue</Name>
        <AttributeMetadata>
          <Value>attributeID:336:1:55a73700-c891-46fd-8f5c-72bc827f2ef5:20160407213828.525:336</Value>
          <Value>attributeSyntax:336:1:55a73700-c891-46fd-8f5c-72bc827f2ef5:20160407213828.525:336</Value>
          <Value>cn:336:1:55a73700-c891-46fd-8f5c-72bc827f2ef5:20160407213828.525:336</Value>
          <Value>createTimeStamp:336:1:55a73700-c891-46fd-8f5c-72bc827f2ef5:20160407213828.525:336</Value>
          <Value>description:336:1:55a73700-c891-46fd-8f5c-72bc827f2ef5:20160407213828.525:336</Value>
          <Value>entryDN:336:1:55a73700-c891-46fd-8f5c-72bc827f2ef5:20160407213828.525:336</Value>
          <Value>isSingleValued:336:1:55a73700-c891-46fd-8f5c-72bc827f2ef5:20160407213828.525:336</Value>
          <Value>lDAPDisplayName:336:1:55a73700-c891-46fd-8f5c-72bc827f2ef5:20160407213828.525:336</Value>
          <Value>modifyTimeStamp:336:1:55a73700-c891-46fd-8f5c-72bc827f2ef5:20160407213828.525:336</Value>
          <Value>objectClass:336:1:55a73700-c891-46fd-8f5c-72bc827f2ef5:20160407213828.525:336</Value>
          <Value>objectGUID:336:1:55a73700-c891-46fd-8f5c-72bc827f2ef5:20160407213828.525:336</Value>
          <Value>oMSyntax:336:1:55a73700-c891-46fd-8f5c-72bc827f2ef5:20160407213828.525:336</Value>
          <Value>schemaIDGUID:336:1:55a73700-c891-46fd-8f5c-72bc827f2ef5:20160407213828.525:336</Value>
          <Value>uSNChanged:336:1:55a73700-c891-46fd-8f5c-72bc827f2ef5:20160407213828.525:336</Value>
          <Value>uSNCreated:336:1:55a73700-c891-46fd-8f5c-72bc827f2ef5:20160407213828.525:336</Value>
          <Value>vmwAttributeUsage:336:1:55a73700-c891-46fd-8f5c-72bc827f2ef5:20160407213828.525:336</Value>
        </AttributeMetadata>
      </AttributeSchemaEntry>
      <AttributeSchemaEntry>
        <Name>vmwLKUPDeploymentNodeId</Name>
        <AttributeMetadata>
          <Value>attributeID:1477:1:55a73700-c891-46fd-8f5c-72bc827f2ef5:20160407213830.450:1477</Value>
          <Value>attributeSyntax:1477:1:55a73700-c891-46fd-8f5c-72bc827f2ef5:20160407213830.450:1477</Value>
          <Value>cn:1477:1:55a73700-c891-46fd-8f5c-72bc827f2ef5:20160407213830.450:1477</Value>
          <Value>createTimeStamp:1477:1:55a73700-c891-46fd-8f5c-72bc827f2ef5:20160407213830.450:1477</Value>
          <Value>description:1477:1:55a73700-c891-46fd-8f5c-72bc827f2ef5:20160407213830.450:1477</Value>
          <Value>entryDN:1477:1:55a73700-c891-46fd-8f5c-72bc827f2ef5:20160407213830.450:1477</Value>
          <Value>isSingleValued:1477:1:55a73700-c891-46fd-8f5c-72bc827f2ef5:20160407213830.450:1477</Value>
          <Value>lDAPDisplayName:1477:1:55a73700-c891-46fd-8f5c-72bc827f2ef5:20160407213830.450:1477</Value>
          <Value>modifyTimeStamp:1477:1:55a73700-c891-46fd-8f5c-72bc827f2ef5:20160407213830.450:1477</Value>
          <Value>objectClass:1477:1:55a73700-c891-46fd-8f5c-72bc827f2ef5:20160407213830.450:1477</Value>
          <Value>objectGUID:1477:1:55a73700-c891-46fd-8f5c-72bc827f2ef5:20160407213830.450:1477</Value>
          <Value>oMSyntax:1477:1:55a73700-c891-46fd-8f5c-72bc827f2ef5:20160407213830.450:1477</Value>
          <Value>schemaIDGUID:1477:1:55a73700-c891-46fd-8f5c-72bc827f2ef5:20160407213830.450:1477</Value>
          <Value>uSNChanged:1477:1:55a73700-c891-46fd-8f5c-72bc827f2ef5:20160407213830.450:1477</Value>
          <Value>uSNCreated:1477:1:55a73700-c891-46fd-8f5c-72bc827f2ef5:20160407213830.450:1477</Value>
          <Value>vmwAttributeUsage:1477:1:55a73700-c891-46fd-8f5c-72bc827f2ef5:20160407213830.450:1477</Value>
        </AttributeMetadata>
      </AttributeSchemaEntry>
      <AttributeSchemaEntry>
        <Name>vmwLKUPDescription</Name>
        <AttributeMetadata>
          <Value>attributeID:1529:1:55a73700-c891-46fd-8f5c-72bc827f2ef5:20160407213830.539:1529</Value>
          <Value>attributeSyntax:1529:1:55a73700-c891-46fd-8f5c-72bc827f2ef5:20160407213830.539:1529</Value>
          <Value>cn:1529:1:55a73700-c891-46fd-8f5c-72bc827f2ef5:20160407213830.539:1529</Value>
          <Value>createTimeStamp:1529:1:55a73700-c891-46fd-8f5c-72bc827f2ef5:20160407213830.539:1529</Value>
          <Value>description:1529:1:55a73700-c891-46fd-8f5c-72bc827f2ef5:20160407213830.539:1529</Value>
          <Value>entryDN:1529:1:55a73700-c891-46fd-8f5c-72bc827f2ef5:20160407213830.539:1529</Value>
          <Value>isSingleValued:1529:1:55a73700-c891-46fd-8f5c-72bc827f2ef5:20160407213830.539:1529</Value>
          <Value>lDAPDisplayName:1529:1:55a73700-c891-46fd-8f5c-72bc827f2ef5:20160407213830.539:1529</Value>
          <Value>modifyTimeStamp:1529:1:55a73700-c891-46fd-8f5c-72bc827f2ef5:20160407213830.539:1529</Value>
          <Value>objectClass:1529:1:55a73700-c891-46fd-8f5c-72bc827f2ef5:20160407213830.539:1529</Value>
          <Value>objectGUID:1529:1:55a73700-c891-46fd-8f5c-72bc827f2ef5:20160407213830.539:1529</Value>
          <Value>oMSyntax:1529:1:55a73700-c891-46fd-8f5c-72bc827f2ef5:20160407213830.539:1529</Value>
          <Value>schemaIDGUID:1529:1:55a73700-c891-46fd-8f5c-72bc827f2ef5:20160407213830.539:1529</Value>
          <Value>uSNChanged:1529:1:55a73700-c891-46fd-8f5c-72bc827f2ef5:20160407213830.539:1529</Value>
          <Value>uSNCreated:1529:1:55a73700-c891-46fd-8f5c-72bc827f2ef5:20160407213830.539:1529</Value>
          <Value>vmwAttributeUsage:1529:1:55a73700-c891-46fd-8f5c-72bc827f2ef5:20160407213830.539:1529</Value>
        </AttributeMetadata>
      </AttributeSchemaEntry>
      <AttributeSchemaEntry>
        <Name>vmwLKUPDescriptionDefault</Name>
        <AttributeMetadata>
          <Value>attributeID:124:1:55a73700-c891-46fd-8f5c-72bc827f2ef5:20160407213828.213:124</Value>
          <Value>attributeSyntax:124:1:55a73700-c891-46fd-8f5c-72bc827f2ef5:20160407213828.213:124</Value>
          <Value>cn:124:1:55a73700-c891-46fd-8f5c-72bc827f2ef5:20160407213828.213:124</Value>
          <Value>createTimeStamp:124:1:55a73700-c891-46fd-8f5c-72bc827f2ef5:20160407213828.213:124</Value>
          <Value>description:124:1:55a73700-c891-46fd-8f5c-72bc827f2ef5:20160407213828.213:124</Value>
          <Value>entryDN:124:1:55a73700-c891-46fd-8f5c-72bc827f2ef5:20160407213828.213:124</Value>
          <Value>isSingleValued:124:1:55a73700-c891-46fd-8f5c-72bc827f2ef5:20160407213828.213:124</Value>
          <Value>lDAPDisplayName:124:1:55a73700-c891-46fd-8f5c-72bc827f2ef5:20160407213828.213:124</Value>
          <Value>modifyTimeStamp:124:1:55a73700-c891-46fd-8f5c-72bc827f2ef5:20160407213828.213:124</Value>
          <Value>objectClass:124:1:55a73700-c891-46fd-8f5c-72bc827f2ef5:20160407213828.213:124</Value>
          <Value>objectGUID:124:1:55a73700-c891-46fd-8f5c-72bc827f2ef5:20160407213828.213:124</Value>
          <Value>oMSyntax:124:1:55a73700-c891-46fd-8f5c-72bc827f2ef5:20160407213828.213:124</Value>
          <Value>schemaIDGUID:124:1:55a73700-c891-46fd-8f5c-72bc827f2ef5:20160407213828.213:124</Value>
          <Value>uSNChanged:124:1:55a73700-c891-46fd-8f5c-72bc827f2ef5:20160407213828.213:124</Value>
          <Value>uSNCreated:124:1:55a73700-c891-46fd-8f5c-72bc827f2ef5:20160407213828.213:124</Value>
          <Value>vmwAttributeUsage:124:1:55a73700-c891-46fd-8f5c-72bc827f2ef5:20160407213828.213:124</Value>
        </AttributeMetadata>
      </AttributeSchemaEntry>
      <AttributeSchemaEntry>
        <Name>vmwLKUPDescriptionResourceKey</Name>
        <AttributeMetadata>
          <Value>attributeID:190:1:55a73700-c891-46fd-8f5c-72bc827f2ef5:20160407213828.304:190</Value>
          <Value>attributeSyntax:190:1:55a73700-c891-46fd-8f5c-72bc827f2ef5:20160407213828.304:190</Value>
          <Value>cn:190:1:55a73700-c891-46fd-8f5c-72bc827f2ef5:20160407213828.304:190</Value>
          <Value>createTimeStamp:190:1:55a73700-c891-46fd-8f5c-72bc827f2ef5:20160407213828.304:190</Value>
          <Value>description:190:1:55a73700-c891-46fd-8f5c-72bc827f2ef5:20160407213828.304:190</Value>
          <Value>entryDN:190:1:55a73700-c891-46fd-8f5c-72bc827f2ef5:20160407213828.304:190</Value>
          <Value>isSingleValued:190:1:55a73700-c891-46fd-8f5c-72bc827f2ef5:20160407213828.304:190</Value>
          <Value>lDAPDisplayName:190:1:55a73700-c891-46fd-8f5c-72bc827f2ef5:20160407213828.304:190</Value>
          <Value>modifyTimeStamp:190:1:55a73700-c891-46fd-8f5c-72bc827f2ef5:20160407213828.304:190</Value>
          <Value>objectClass:190:1:55a73700-c891-46fd-8f5c-72bc827f2ef5:20160407213828.304:190</Value>
          <Value>objectGUID:190:1:55a73700-c891-46fd-8f5c-72bc827f2ef5:20160407213828.304:190</Value>
          <Value>oMSyntax:190:1:55a73700-c891-46fd-8f5c-72bc827f2ef5:20160407213828.304:190</Value>
          <Value>schemaIDGUID:190:1:55a73700-c891-46fd-8f5c-72bc827f2ef5:20160407213828.304:190</Value>
          <Value>uSNChanged:190:1:55a73700-c891-46fd-8f5c-72bc827f2ef5:20160407213828.304:190</Value>
          <Value>uSNCreated:190:1:55a73700-c891-46fd-8f5c-72bc827f2ef5:20160407213828.304:190</Value>
          <Value>vmwAttributeUsage:190:1:55a73700-c891-46fd-8f5c-72bc827f2ef5:20160407213828.304:190</Value>
        </AttributeMetadata>
      </AttributeSchemaEntry>
      <AttributeSchemaEntry>
        <Name>vmwLKUPEndpointProtocol</Name>
        <AttributeMetadata>
          <Value>attributeID:500:1:55a73700-c891-46fd-8f5c-72bc827f2ef5:20160407213828.776:500</Value>
          <Value>attributeSyntax:500:1:55a73700-c891-46fd-8f5c-72bc827f2ef5:20160407213828.776:500</Value>
          <Value>cn:500:1:55a73700-c891-46fd-8f5c-72bc827f2ef5:20160407213828.776:500</Value>
          <Value>createTimeStamp:500:1:55a73700-c891-46fd-8f5c-72bc827f2ef5:20160407213828.776:500</Value>
          <Value>description:500:1:55a73700-c891-46fd-8f5c-72bc827f2ef5:20160407213828.776:500</Value>
          <Value>entryDN:500:1:55a73700-c891-46fd-8f5c-72bc827f2ef5:20160407213828.776:500</Value>
          <Value>isSingleValued:500:1:55a73700-c891-46fd-8f5c-72bc827f2ef5:20160407213828.776:500</Value>
          <Value>lDAPDisplayName:500:1:55a73700-c891-46fd-8f5c-72bc827f2ef5:20160407213828.776:500</Value>
          <Value>modifyTimeStamp:500:1:55a73700-c891-46fd-8f5c-72bc827f2ef5:20160407213828.776:500</Value>
          <Value>objectClass:500:1:55a73700-c891-46fd-8f5c-72bc827f2ef5:20160407213828.776:500</Value>
          <Value>objectGUID:500:1:55a73700-c891-46fd-8f5c-72bc827f2ef5:20160407213828.776:500</Value>
          <Value>oMSyntax:500:1:55a73700-c891-46fd-8f5c-72bc827f2ef5:20160407213828.776:500</Value>
          <Value>schemaIDGUID:500:1:55a73700-c891-46fd-8f5c-72bc827f2ef5:20160407213828.776:500</Value>
          <Value>uSNChanged:500:1:55a73700-c891-46fd-8f5c-72bc827f2ef5:20160407213828.776:500</Value>
          <Value>uSNCreated:500:1:55a73700-c891-46fd-8f5c-72bc827f2ef5:20160407213828.776:500</Value>
          <Value>vmwAttributeUsage:500:1:55a73700-c891-46fd-8f5c-72bc827f2ef5:20160407213828.776:500</Value>
        </AttributeMetadata>
      </AttributeSchemaEntry>
      <AttributeSchemaEntry>
        <Name>vmwLKUPEndpointSslTrust</Name>
        <AttributeMetadata>
          <Value>attributeID:923:1:55a73700-c891-46fd-8f5c-72bc827f2ef5:20160407213829.505:923</Value>
          <Value>attributeSyntax:923:1:55a73700-c891-46fd-8f5c-72bc827f2ef5:20160407213829.505:923</Value>
          <Value>cn:923:1:55a73700-c891-46fd-8f5c-72bc827f2ef5:20160407213829.505:923</Value>
          <Value>createTimeStamp:923:1:55a73700-c891-46fd-8f5c-72bc827f2ef5:20160407213829.505:923</Value>
          <Value>description:923:1:55a73700-c891-46fd-8f5c-72bc827f2ef5:20160407213829.505:923</Value>
          <Value>entryDN:923:1:55a73700-c891-46fd-8f5c-72bc827f2ef5:20160407213829.505:923</Value>
          <Value>isSingleValued:923:1:55a73700-c891-46fd-8f5c-72bc827f2ef5:20160407213829.505:923</Value>
          <Value>lDAPDisplayName:923:1:55a73700-c891-46fd-8f5c-72bc827f2ef5:20160407213829.505:923</Value>
          <Value>modifyTimeStamp:923:1:55a73700-c891-46fd-8f5c-72bc827f2ef5:20160407213829.505:923</Value>
          <Value>objectClass:923:1:55a73700-c891-46fd-8f5c-72bc827f2ef5:20160407213829.505:923</Value>
          <Value>objectGUID:923:1:55a73700-c891-46fd-8f5c-72bc827f2ef5:20160407213829.505:923</Value>
          <Value>oMSyntax:923:1:55a73700-c891-46fd-8f5c-72bc827f2ef5:20160407213829.505:923</Value>
          <Value>schemaIDGUID:923:1:55a73700-c891-46fd-8f5c-72bc827f2ef5:20160407213829.505:923</Value>
          <Value>uSNChanged:923:1:55a73700-c891-46fd-8f5c-72bc827f2ef5:20160407213829.505:923</Value>
          <Value>uSNCreated:923:1:55a73700-c891-46fd-8f5c-72bc827f2ef5:20160407213829.505:923</Value>
          <Value>vmwAttributeUsage:923:1:55a73700-c891-46fd-8f5c-72bc827f2ef5:20160407213829.505:923</Value>
        </AttributeMetadata>
      </AttributeSchemaEntry>
      <AttributeSchemaEntry>
        <Name>vmwLKUPEndpointType</Name>
        <AttributeMetadata>
          <Value>attributeID:1003:1:55a73700-c891-46fd-8f5c-72bc827f2ef5:20160407213829.629:1003</Value>
          <Value>attributeSyntax:1003:1:55a73700-c891-46fd-8f5c-72bc827f2ef5:20160407213829.629:1003</Value>
          <Value>cn:1003:1:55a73700-c891-46fd-8f5c-72bc827f2ef5:20160407213829.629:1003</Value>
          <Value>createTimeStamp:1003:1:55a73700-c891-46fd-8f5c-72bc827f2ef5:20160407213829.629:1003</Value>
          <Value>description:1003:1:55a73700-c891-46fd-8f5c-72bc827f2ef5:20160407213829.629:1003</Value>
          <Value>entryDN:1003:1:55a73700-c891-46fd-8f5c-72bc827f2ef5:20160407213829.629:1003</Value>
          <Value>isSingleValued:1003:1:55a73700-c891-46fd-8f5c-72bc827f2ef5:20160407213829.629:1003</Value>
          <Value>lDAPDisplayName:1003:1:55a73700-c891-46fd-8f5c-72bc827f2ef5:20160407213829.629:1003</Value>
          <Value>modifyTimeStamp:1003:1:55a73700-c891-46fd-8f5c-72bc827f2ef5:20160407213829.629:1003</Value>
          <Value>objectClass:1003:1:55a73700-c891-46fd-8f5c-72bc827f2ef5:20160407213829.629:1003</Value>
          <Value>objectGUID:1003:1:55a73700-c891-46fd-8f5c-72bc827f2ef5:20160407213829.629:1003</Value>
          <Value>oMSyntax:1003:1:55a73700-c891-46fd-8f5c-72bc827f2ef5:20160407213829.629:1003</Value>
          <Value>schemaIDGUID:1003:1:55a73700-c891-46fd-8f5c-72bc827f2ef5:20160407213829.629:1003</Value>
          <Value>uSNChanged:1003:1:55a73700-c891-46fd-8f5c-72bc827f2ef5:20160407213829.629:1003</Value>
          <Value>uSNCreated:1003:1:55a73700-c891-46fd-8f5c-72bc827f2ef5:20160407213829.629:1003</Value>
          <Value>vmwAttributeUsage:1003:1:55a73700-c891-46fd-8f5c-72bc827f2ef5:20160407213829.629:1003</Value>
        </AttributeMetadata>
      </AttributeSchemaEntry>
      <AttributeSchemaEntry>
        <Name>vmwLKUPFriendlyName</Name>
        <AttributeMetadata>
          <Value>attributeID:1183:1:55a73700-c891-46fd-8f5c-72bc827f2ef5:20160407213829.968:1183</Value>
          <Value>attributeSyntax:1183:1:55a73700-c891-46fd-8f5c-72bc827f2ef5:20160407213829.968:1183</Value>
          <Value>cn:1183:1:55a73700-c891-46fd-8f5c-72bc827f2ef5:20160407213829.968:1183</Value>
          <Value>createTimeStamp:1183:1:55a73700-c891-46fd-8f5c-72bc827f2ef5:20160407213829.968:1183</Value>
          <Value>description:1183:1:55a73700-c891-46fd-8f5c-72bc827f2ef5:20160407213829.968:1183</Value>
          <Value>entryDN:1183:1:55a73700-c891-46fd-8f5c-72bc827f2ef5:20160407213829.968:1183</Value>
          <Value>isSingleValued:1183:1:55a73700-c891-46fd-8f5c-72bc827f2ef5:20160407213829.968:1183</Value>
          <Value>lDAPDisplayName:1183:1:55a73700-c891-46fd-8f5c-72bc827f2ef5:20160407213829.968:1183</Value>
          <Value>modifyTimeStamp:1183:1:55a73700-c891-46fd-8f5c-72bc827f2ef5:20160407213829.968:1183</Value>
          <Value>objectClass:1183:1:55a73700-c891-46fd-8f5c-72bc827f2ef5:20160407213829.968:1183</Value>
          <Value>objectGUID:1183:1:55a73700-c891-46fd-8f5c-72bc827f2ef5:20160407213829.968:1183</Value>
          <Value>oMSyntax:1183:1:55a73700-c891-46fd-8f5c-72bc827f2ef5:20160407213829.968:1183</Value>
          <Value>schemaIDGUID:1183:1:55a73700-c891-46fd-8f5c-72bc827f2ef5:20160407213829.968:1183</Value>
          <Value>uSNChanged:1183:1:55a73700-c891-46fd-8f5c-72bc827f2ef5:20160407213829.968:1183</Value>
          <Value>uSNCreated:1183:1:55a73700-c891-46fd-8f5c-72bc827f2ef5:20160407213829.968:1183</Value>
          <Value>vmwAttributeUsage:1183:1:55a73700-c891-46fd-8f5c-72bc827f2ef5:20160407213829.968:1183</Value>
        </AttributeMetadata>
      </AttributeSchemaEntry>
      <AttributeSchemaEntry>
        <Name>vmwLKUPFriendlyNameDefault</Name>
        <AttributeMetadata>
          <Value>attributeID:1184:1:55a73700-c891-46fd-8f5c-72bc827f2ef5:20160407213829.969:1184</Value>
          <Value>attributeSyntax:1184:1:55a73700-c891-46fd-8f5c-72bc827f2ef5:20160407213829.969:1184</Value>
          <Value>cn:1184:1:55a73700-c891-46fd-8f5c-72bc827f2ef5:20160407213829.969:1184</Value>
          <Value>createTimeStamp:1184:1:55a73700-c891-46fd-8f5c-72bc827f2ef5:20160407213829.969:1184</Value>
          <Value>description:1184:1:55a73700-c891-46fd-8f5c-72bc827f2ef5:20160407213829.969:1184</Value>
          <Value>entryDN:1184:1:55a73700-c891-46fd-8f5c-72bc827f2ef5:20160407213829.969:1184</Value>
          <Value>isSingleValued:1184:1:55a73700-c891-46fd-8f5c-72bc827f2ef5:20160407213829.969:1184</Value>
          <Value>lDAPDisplayName:1184:1:55a73700-c891-46fd-8f5c-72bc827f2ef5:20160407213829.969:1184</Value>
          <Value>modifyTimeStamp:1184:1:55a73700-c891-46fd-8f5c-72bc827f2ef5:20160407213829.969:1184</Value>
          <Value>objectClass:1184:1:55a73700-c891-46fd-8f5c-72bc827f2ef5:20160407213829.969:1184</Value>
          <Value>objectGUID:1184:1:55a73700-c891-46fd-8f5c-72bc827f2ef5:20160407213829.969:1184</Value>
          <Value>oMSyntax:1184:1:55a73700-c891-46fd-8f5c-72bc827f2ef5:20160407213829.969:1184</Value>
          <Value>schemaIDGUID:1184:1:55a73700-c891-46fd-8f5c-72bc827f2ef5:20160407213829.969:1184</Value>
          <Value>uSNChanged:1184:1:55a73700-c891-46fd-8f5c-72bc827f2ef5:20160407213829.969:1184</Value>
          <Value>uSNCreated:1184:1:55a73700-c891-46fd-8f5c-72bc827f2ef5:20160407213829.969:1184</Value>
          <Value>vmwAttributeUsage:1184:1:55a73700-c891-46fd-8f5c-72bc827f2ef5:20160407213829.969:1184</Value>
        </AttributeMetadata>
      </AttributeSchemaEntry>
      <AttributeSchemaEntry>
        <Name>vmwLKUPFriendlyNameResourceKey</Name>
        <AttributeMetadata>
          <Value>attributeID:1348:1:55a73700-c891-46fd-8f5c-72bc827f2ef5:20160407213830.240:1348</Value>
          <Value>attributeSyntax:1348:1:55a73700-c891-46fd-8f5c-72bc827f2ef5:20160407213830.240:1348</Value>
          <Value>cn:1348:1:55a73700-c891-46fd-8f5c-72bc827f2ef5:20160407213830.240:1348</Value>
          <Value>createTimeStamp:1348:1:55a73700-c891-46fd-8f5c-72bc827f2ef5:20160407213830.240:1348</Value>
          <Value>description:1348:1:55a73700-c891-46fd-8f5c-72bc827f2ef5:20160407213830.240:1348</Value>
          <Value>entryDN:1348:1:55a73700-c891-46fd-8f5c-72bc827f2ef5:20160407213830.240:1348</Value>
          <Value>isSingleValued:1348:1:55a73700-c891-46fd-8f5c-72bc827f2ef5:20160407213830.240:1348</Value>
          <Value>lDAPDisplayName:1348:1:55a73700-c891-46fd-8f5c-72bc827f2ef5:20160407213830.240:1348</Value>
          <Value>modifyTimeStamp:1348:1:55a73700-c891-46fd-8f5c-72bc827f2ef5:20160407213830.240:1348</Value>
          <Value>objectClass:1348:1:55a73700-c891-46fd-8f5c-72bc827f2ef5:20160407213830.240:1348</Value>
          <Value>objectGUID:1348:1:55a73700-c891-46fd-8f5c-72bc827f2ef5:20160407213830.240:1348</Value>
          <Value>oMSyntax:1348:1:55a73700-c891-46fd-8f5c-72bc827f2ef5:20160407213830.240:1348</Value>
          <Value>schemaIDGUID:1348:1:55a73700-c891-46fd-8f5c-72bc827f2ef5:20160407213830.240:1348</Value>
          <Value>uSNChanged:1348:1:55a73700-c891-46fd-8f5c-72bc827f2ef5:20160407213830.240:1348</Value>
          <Value>uSNCreated:1348:1:55a73700-c891-46fd-8f5c-72bc827f2ef5:20160407213830.240:1348</Value>
          <Value>vmwAttributeUsage:1348:1:55a73700-c891-46fd-8f5c-72bc827f2ef5:20160407213830.240:1348</Value>
        </AttributeMetadata>
      </AttributeSchemaEntry>
      <AttributeSchemaEntry>
        <Name>vmwLKUPLegacyId</Name>
        <AttributeMetadata>
          <Value>attributeID:1657:1:55a73700-c891-46fd-8f5c-72bc827f2ef5:20160407213830.759:1657</Value>
          <Value>attributeSyntax:1657:1:55a73700-c891-46fd-8f5c-72bc827f2ef5:20160407213830.759:1657</Value>
          <Value>cn:1657:1:55a73700-c891-46fd-8f5c-72bc827f2ef5:20160407213830.759:1657</Value>
          <Value>createTimeStamp:1657:1:55a73700-c891-46fd-8f5c-72bc827f2ef5:20160407213830.759:1657</Value>
          <Value>description:1657:1:55a73700-c891-46fd-8f5c-72bc827f2ef5:20160407213830.759:1657</Value>
          <Value>entryDN:1657:1:55a73700-c891-46fd-8f5c-72bc827f2ef5:20160407213830.759:1657</Value>
          <Value>isSingleValued:1657:1:55a73700-c891-46fd-8f5c-72bc827f2ef5:20160407213830.759:1657</Value>
          <Value>lDAPDisplayName:1657:1:55a73700-c891-46fd-8f5c-72bc827f2ef5:20160407213830.759:1657</Value>
          <Value>modifyTimeStamp:1657:1:55a73700-c891-46fd-8f5c-72bc827f2ef5:20160407213830.759:1657</Value>
          <Value>objectClass:1657:1:55a73700-c891-46fd-8f5c-72bc827f2ef5:20160407213830.759:1657</Value>
          <Value>objectGUID:1657:1:55a73700-c891-46fd-8f5c-72bc827f2ef5:20160407213830.759:1657</Value>
          <Value>oMSyntax:1657:1:55a73700-c891-46fd-8f5c-72bc827f2ef5:20160407213830.759:1657</Value>
          <Value>schemaIDGUID:1657:1:55a73700-c891-46fd-8f5c-72bc827f2ef5:20160407213830.759:1657</Value>
          <Value>uSNChanged:1657:1:55a73700-c891-46fd-8f5c-72bc827f2ef5:20160407213830.759:1657</Value>
          <Value>uSNCreated:1657:1:55a73700-c891-46fd-8f5c-72bc827f2ef5:20160407213830.759:1657</Value>
          <Value>vmwAttributeUsage:1657:1:55a73700-c891-46fd-8f5c-72bc827f2ef5:20160407213830.759:1657</Value>
        </AttributeMetadata>
      </AttributeSchemaEntry>
      <AttributeSchemaEntry>
        <Name>vmwLKUPLegacyIds</Name>
        <AttributeMetadata>
          <Value>attributeID:1498:1:55a73700-c891-46fd-8f5c-72bc827f2ef5:20160407213830.484:1498</Value>
          <Value>attributeSyntax:1498:1:55a73700-c891-46fd-8f5c-72bc827f2ef5:20160407213830.484:1498</Value>
          <Value>cn:1498:1:55a73700-c891-46fd-8f5c-72bc827f2ef5:20160407213830.484:1498</Value>
          <Value>createTimeStamp:1498:1:55a73700-c891-46fd-8f5c-72bc827f2ef5:20160407213830.484:1498</Value>
          <Value>description:1498:1:55a73700-c891-46fd-8f5c-72bc827f2ef5:20160407213830.484:1498</Value>
          <Value>entryDN:1498:1:55a73700-c891-46fd-8f5c-72bc827f2ef5:20160407213830.484:1498</Value>
          <Value>isSingleValued:1498:1:55a73700-c891-46fd-8f5c-72bc827f2ef5:20160407213830.484:1498</Value>
          <Value>lDAPDisplayName:1498:1:55a73700-c891-46fd-8f5c-72bc827f2ef5:20160407213830.484:1498</Value>
          <Value>modifyTimeStamp:1498:1:55a73700-c891-46fd-8f5c-72bc827f2ef5:20160407213830.484:1498</Value>
          <Value>objectClass:1498:1:55a73700-c891-46fd-8f5c-72bc827f2ef5:20160407213830.484:1498</Value>
          <Value>objectGUID:1498:1:55a73700-c891-46fd-8f5c-72bc827f2ef5:20160407213830.484:1498</Value>
          <Value>oMSyntax:1498:1:55a73700-c891-46fd-8f5c-72bc827f2ef5:20160407213830.484:1498</Value>
          <Value>schemaIDGUID:1498:1:55a73700-c891-46fd-8f5c-72bc827f2ef5:20160407213830.484:1498</Value>
          <Value>uSNChanged:1498:1:55a73700-c891-46fd-8f5c-72bc827f2ef5:20160407213830.484:1498</Value>
          <Value>uSNCreated:1498:1:55a73700-c891-46fd-8f5c-72bc827f2ef5:20160407213830.484:1498</Value>
          <Value>vmwAttributeUsage:1498:1:55a73700-c891-46fd-8f5c-72bc827f2ef5:20160407213830.484:1498</Value>
        </AttributeMetadata>
      </AttributeSchemaEntry>
      <AttributeSchemaEntry>
        <Name>vmwLKUPOwnerId</Name>
        <AttributeMetadata>
          <Value>attributeID:754:1:55a73700-c891-46fd-8f5c-72bc827f2ef5:20160407213829.211:754</Value>
          <Value>attributeSyntax:754:1:55a73700-c891-46fd-8f5c-72bc827f2ef5:20160407213829.211:754</Value>
          <Value>cn:754:1:55a73700-c891-46fd-8f5c-72bc827f2ef5:20160407213829.211:754</Value>
          <Value>createTimeStamp:754:1:55a73700-c891-46fd-8f5c-72bc827f2ef5:20160407213829.211:754</Value>
          <Value>description:754:1:55a73700-c891-46fd-8f5c-72bc827f2ef5:20160407213829.211:754</Value>
          <Value>entryDN:754:1:55a73700-c891-46fd-8f5c-72bc827f2ef5:20160407213829.211:754</Value>
          <Value>isSingleValued:754:1:55a73700-c891-46fd-8f5c-72bc827f2ef5:20160407213829.211:754</Value>
          <Value>lDAPDisplayName:754:1:55a73700-c891-46fd-8f5c-72bc827f2ef5:20160407213829.211:754</Value>
          <Value>modifyTimeStamp:754:1:55a73700-c891-46fd-8f5c-72bc827f2ef5:20160407213829.211:754</Value>
          <Value>objectClass:754:1:55a73700-c891-46fd-8f5c-72bc827f2ef5:20160407213829.211:754</Value>
          <Value>objectGUID:754:1:55a73700-c891-46fd-8f5c-72bc827f2ef5:20160407213829.211:754</Value>
          <Value>oMSyntax:754:1:55a73700-c891-46fd-8f5c-72bc827f2ef5:20160407213829.211:754</Value>
          <Value>schemaIDGUID:754:1:55a73700-c891-46fd-8f5c-72bc827f2ef5:20160407213829.211:754</Value>
          <Value>uSNChanged:754:1:55a73700-c891-46fd-8f5c-72bc827f2ef5:20160407213829.211:754</Value>
          <Value>uSNCreated:754:1:55a73700-c891-46fd-8f5c-72bc827f2ef5:20160407213829.211:754</Value>
          <Value>vmwAttributeUsage:754:1:55a73700-c891-46fd-8f5c-72bc827f2ef5:20160407213829.211:754</Value>
        </AttributeMetadata>
      </AttributeSchemaEntry>
      <AttributeSchemaEntry>
        <Name>vmwLKUPProduct</Name>
        <AttributeMetadata>
          <Value>attributeID:1104:1:55a73700-c891-46fd-8f5c-72bc827f2ef5:20160407213829.829:1104</Value>
          <Value>attributeSyntax:1104:1:55a73700-c891-46fd-8f5c-72bc827f2ef5:20160407213829.829:1104</Value>
          <Value>cn:1104:1:55a73700-c891-46fd-8f5c-72bc827f2ef5:20160407213829.829:1104</Value>
          <Value>createTimeStamp:1104:1:55a73700-c891-46fd-8f5c-72bc827f2ef5:20160407213829.829:1104</Value>
          <Value>description:1104:1:55a73700-c891-46fd-8f5c-72bc827f2ef5:20160407213829.829:1104</Value>
          <Value>entryDN:1104:1:55a73700-c891-46fd-8f5c-72bc827f2ef5:20160407213829.829:1104</Value>
          <Value>isSingleValued:1104:1:55a73700-c891-46fd-8f5c-72bc827f2ef5:20160407213829.829:1104</Value>
          <Value>lDAPDisplayName:1104:1:55a73700-c891-46fd-8f5c-72bc827f2ef5:20160407213829.829:1104</Value>
          <Value>modifyTimeStamp:1104:1:55a73700-c891-46fd-8f5c-72bc827f2ef5:20160407213829.829:1104</Value>
          <Value>objectClass:1104:1:55a73700-c891-46fd-8f5c-72bc827f2ef5:20160407213829.829:1104</Value>
          <Value>objectGUID:1104:1:55a73700-c891-46fd-8f5c-72bc827f2ef5:20160407213829.829:1104</Value>
          <Value>oMSyntax:1104:1:55a73700-c891-46fd-8f5c-72bc827f2ef5:20160407213829.829:1104</Value>
          <Value>schemaIDGUID:1104:1:55a73700-c891-46fd-8f5c-72bc827f2ef5:20160407213829.829:1104</Value>
          <Value>uSNChanged:1104:1:55a73700-c891-46fd-8f5c-72bc827f2ef5:20160407213829.829:1104</Value>
          <Value>uSNCreated:1104:1:55a73700-c891-46fd-8f5c-72bc827f2ef5:20160407213829.829:1104</Value>
          <Value>vmwAttributeUsage:1104:1:55a73700-c891-46fd-8f5c-72bc827f2ef5:20160407213829.829:1104</Value>
        </AttributeMetadata>
      </AttributeSchemaEntry>
      <AttributeSchemaEntry>
        <Name>vmwLKUPProductId</Name>
        <AttributeMetadata>
          <Value>attributeID:1075:1:55a73700-c891-46fd-8f5c-72bc827f2ef5:20160407213829.766:1075</Value>
          <Value>attributeSyntax:1075:1:55a73700-c891-46fd-8f5c-72bc827f2ef5:20160407213829.766:1075</Value>
          <Value>cn:1075:1:55a73700-c891-46fd-8f5c-72bc827f2ef5:20160407213829.766:1075</Value>
          <Value>createTimeStamp:1075:1:55a73700-c891-46fd-8f5c-72bc827f2ef5:20160407213829.766:1075</Value>
          <Value>description:1075:1:55a73700-c891-46fd-8f5c-72bc827f2ef5:20160407213829.766:1075</Value>
          <Value>entryDN:1075:1:55a73700-c891-46fd-8f5c-72bc827f2ef5:20160407213829.766:1075</Value>
          <Value>isSingleValued:1075:1:55a73700-c891-46fd-8f5c-72bc827f2ef5:20160407213829.766:1075</Value>
          <Value>lDAPDisplayName:1075:1:55a73700-c891-46fd-8f5c-72bc827f2ef5:20160407213829.766:1075</Value>
          <Value>modifyTimeStamp:1075:1:55a73700-c891-46fd-8f5c-72bc827f2ef5:20160407213829.766:1075</Value>
          <Value>objectClass:1075:1:55a73700-c891-46fd-8f5c-72bc827f2ef5:20160407213829.766:1075</Value>
          <Value>objectGUID:1075:1:55a73700-c891-46fd-8f5c-72bc827f2ef5:20160407213829.766:1075</Value>
          <Value>oMSyntax:1075:1:55a73700-c891-46fd-8f5c-72bc827f2ef5:20160407213829.766:1075</Value>
          <Value>schemaIDGUID:1075:1:55a73700-c891-46fd-8f5c-72bc827f2ef5:20160407213829.766:1075</Value>
          <Value>uSNChanged:1075:1:55a73700-c891-46fd-8f5c-72bc827f2ef5:20160407213829.766:1075</Value>
          <Value>uSNCreated:1075:1:55a73700-c891-46fd-8f5c-72bc827f2ef5:20160407213829.766:1075</Value>
          <Value>vmwAttributeUsage:1075:1:55a73700-c891-46fd-8f5c-72bc827f2ef5:20160407213829.766:1075</Value>
        </AttributeMetadata>
      </AttributeSchemaEntry>
      <AttributeSchemaEntry>
        <Name>vmwLKUPProductInfoDefault</Name>
        <AttributeMetadata>
          <Value>attributeID:1551:1:55a73700-c891-46fd-8f5c-72bc827f2ef5:20160407213830.573:1551</Value>
          <Value>attributeSyntax:1551:1:55a73700-c891-46fd-8f5c-72bc827f2ef5:20160407213830.573:1551</Value>
          <Value>cn:1551:1:55a73700-c891-46fd-8f5c-72bc827f2ef5:20160407213830.573:1551</Value>
          <Value>createTimeStamp:1551:1:55a73700-c891-46fd-8f5c-72bc827f2ef5:20160407213830.573:1551</Value>
          <Value>description:1551:1:55a73700-c891-46fd-8f5c-72bc827f2ef5:20160407213830.573:1551</Value>
          <Value>entryDN:1551:1:55a73700-c891-46fd-8f5c-72bc827f2ef5:20160407213830.573:1551</Value>
          <Value>isSingleValued:1551:1:55a73700-c891-46fd-8f5c-72bc827f2ef5:20160407213830.573:1551</Value>
          <Value>lDAPDisplayName:1551:1:55a73700-c891-46fd-8f5c-72bc827f2ef5:20160407213830.573:1551</Value>
          <Value>modifyTimeStamp:1551:1:55a73700-c891-46fd-8f5c-72bc827f2ef5:20160407213830.573:1551</Value>
          <Value>objectClass:1551:1:55a73700-c891-46fd-8f5c-72bc827f2ef5:20160407213830.573:1551</Value>
          <Value>objectGUID:1551:1:55a73700-c891-46fd-8f5c-72bc827f2ef5:20160407213830.573:1551</Value>
          <Value>oMSyntax:1551:1:55a73700-c891-46fd-8f5c-72bc827f2ef5:20160407213830.573:1551</Value>
          <Value>schemaIDGUID:1551:1:55a73700-c891-46fd-8f5c-72bc827f2ef5:20160407213830.573:1551</Value>
          <Value>uSNChanged:1551:1:55a73700-c891-46fd-8f5c-72bc827f2ef5:20160407213830.573:1551</Value>
          <Value>uSNCreated:1551:1:55a73700-c891-46fd-8f5c-72bc827f2ef5:20160407213830.573:1551</Value>
          <Value>vmwAttributeUsage:1551:1:55a73700-c891-46fd-8f5c-72bc827f2ef5:20160407213830.573:1551</Value>
        </AttributeMetadata>
      </AttributeSchemaEntry>
      <AttributeSchemaEntry>
        <Name>vmwLKUPProductInfoResourceKey</Name>
        <AttributeMetadata>
          <Value>attributeID:1098:1:55a73700-c891-46fd-8f5c-72bc827f2ef5:20160407213829.817:1098</Value>
          <Value>attributeSyntax:1098:1:55a73700-c891-46fd-8f5c-72bc827f2ef5:20160407213829.817:1098</Value>
          <Value>cn:1098:1:55a73700-c891-46fd-8f5c-72bc827f2ef5:20160407213829.817:1098</Value>
          <Value>createTimeStamp:1098:1:55a73700-c891-46fd-8f5c-72bc827f2ef5:20160407213829.817:1098</Value>
          <Value>description:1098:1:55a73700-c891-46fd-8f5c-72bc827f2ef5:20160407213829.817:1098</Value>
          <Value>entryDN:1098:1:55a73700-c891-46fd-8f5c-72bc827f2ef5:20160407213829.817:1098</Value>
          <Value>isSingleValued:1098:1:55a73700-c891-46fd-8f5c-72bc827f2ef5:20160407213829.817:1098</Value>
          <Value>lDAPDisplayName:1098:1:55a73700-c891-46fd-8f5c-72bc827f2ef5:20160407213829.817:1098</Value>
          <Value>modifyTimeStamp:1098:1:55a73700-c891-46fd-8f5c-72bc827f2ef5:20160407213829.817:1098</Value>
          <Value>objectClass:1098:1:55a73700-c891-46fd-8f5c-72bc827f2ef5:20160407213829.817:1098</Value>
          <Value>objectGUID:1098:1:55a73700-c891-46fd-8f5c-72bc827f2ef5:20160407213829.817:1098</Value>
          <Value>oMSyntax:1098:1:55a73700-c891-46fd-8f5c-72bc827f2ef5:20160407213829.817:1098</Value>
          <Value>schemaIDGUID:1098:1:55a73700-c891-46fd-8f5c-72bc827f2ef5:20160407213829.817:1098</Value>
          <Value>uSNChanged:1098:1:55a73700-c891-46fd-8f5c-72bc827f2ef5:20160407213829.817:1098</Value>
          <Value>uSNCreated:1098:1:55a73700-c891-46fd-8f5c-72bc827f2ef5:20160407213829.817:1098</Value>
          <Value>vmwAttributeUsage:1098:1:55a73700-c891-46fd-8f5c-72bc827f2ef5:20160407213829.817:1098</Value>
        </AttributeMetadata>
      </AttributeSchemaEntry>
      <AttributeSchemaEntry>
        <Name>vmwLKUPPropertyName</Name>
        <AttributeMetadata>
          <Value>attributeID:1217:1:55a73700-c891-46fd-8f5c-72bc827f2ef5:20160407213830.028:1217</Value>
          <Value>attributeSyntax:1217:1:55a73700-c891-46fd-8f5c-72bc827f2ef5:20160407213830.028:1217</Value>
          <Value>cn:1217:1:55a73700-c891-46fd-8f5c-72bc827f2ef5:20160407213830.028:1217</Value>
          <Value>createTimeStamp:1217:1:55a73700-c891-46fd-8f5c-72bc827f2ef5:20160407213830.028:1217</Value>
          <Value>description:1217:1:55a73700-c891-46fd-8f5c-72bc827f2ef5:20160407213830.028:1217</Value>
          <Value>entryDN:1217:1:55a73700-c891-46fd-8f5c-72bc827f2ef5:20160407213830.028:1217</Value>
          <Value>isSingleValued:1217:1:55a73700-c891-46fd-8f5c-72bc827f2ef5:20160407213830.028:1217</Value>
          <Value>lDAPDisplayName:1217:1:55a73700-c891-46fd-8f5c-72bc827f2ef5:20160407213830.028:1217</Value>
          <Value>modifyTimeStamp:1217:1:55a73700-c891-46fd-8f5c-72bc827f2ef5:20160407213830.028:1217</Value>
          <Value>objectClass:1217:1:55a73700-c891-46fd-8f5c-72bc827f2ef5:20160407213830.028:1217</Value>
          <Value>objectGUID:1217:1:55a73700-c891-46fd-8f5c-72bc827f2ef5:20160407213830.028:1217</Value>
          <Value>oMSyntax:1217:1:55a73700-c891-46fd-8f5c-72bc827f2ef5:20160407213830.028:1217</Value>
          <Value>schemaIDGUID:1217:1:55a73700-c891-46fd-8f5c-72bc827f2ef5:20160407213830.028:1217</Value>
          <Value>uSNChanged:1217:1:55a73700-c891-46fd-8f5c-72bc827f2ef5:20160407213830.028:1217</Value>
          <Value>uSNCreated:1217:1:55a73700-c891-46fd-8f5c-72bc827f2ef5:20160407213830.028:1217</Value>
          <Value>vmwAttributeUsage:1217:1:55a73700-c891-46fd-8f5c-72bc827f2ef5:20160407213830.028:1217</Value>
        </AttributeMetadata>
      </AttributeSchemaEntry>
      <AttributeSchemaEntry>
        <Name>vmwLKUPPropertyValue</Name>
        <AttributeMetadata>
          <Value>attributeID:394:1:55a73700-c891-46fd-8f5c-72bc827f2ef5:20160407213828.613:394</Value>
          <Value>attributeSyntax:394:1:55a73700-c891-46fd-8f5c-72bc827f2ef5:20160407213828.613:394</Value>
          <Value>cn:394:1:55a73700-c891-46fd-8f5c-72bc827f2ef5:20160407213828.613:394</Value>
          <Value>createTimeStamp:394:1:55a73700-c891-46fd-8f5c-72bc827f2ef5:20160407213828.613:394</Value>
          <Value>description:394:1:55a73700-c891-46fd-8f5c-72bc827f2ef5:20160407213828.613:394</Value>
          <Value>entryDN:394:1:55a73700-c891-46fd-8f5c-72bc827f2ef5:20160407213828.613:394</Value>
          <Value>isSingleValued:394:1:55a73700-c891-46fd-8f5c-72bc827f2ef5:20160407213828.613:394</Value>
          <Value>lDAPDisplayName:394:1:55a73700-c891-46fd-8f5c-72bc827f2ef5:20160407213828.613:394</Value>
          <Value>modifyTimeStamp:394:1:55a73700-c891-46fd-8f5c-72bc827f2ef5:20160407213828.613:394</Value>
          <Value>objectClass:394:1:55a73700-c891-46fd-8f5c-72bc827f2ef5:20160407213828.613:394</Value>
          <Value>objectGUID:394:1:55a73700-c891-46fd-8f5c-72bc827f2ef5:20160407213828.613:394</Value>
          <Value>oMSyntax:394:1:55a73700-c891-46fd-8f5c-72bc827f2ef5:20160407213828.613:394</Value>
          <Value>schemaIDGUID:394:1:55a73700-c891-46fd-8f5c-72bc827f2ef5:20160407213828.613:394</Value>
          <Value>uSNChanged:394:1:55a73700-c891-46fd-8f5c-72bc827f2ef5:20160407213828.613:394</Value>
          <Value>uSNCreated:394:1:55a73700-c891-46fd-8f5c-72bc827f2ef5:20160407213828.613:394</Value>
          <Value>vmwAttributeUsage:394:1:55a73700-c891-46fd-8f5c-72bc827f2ef5:20160407213828.613:394</Value>
        </AttributeMetadata>
      </AttributeSchemaEntry>
      <AttributeSchemaEntry>
        <Name>vmwLKUPProtocol</Name>
        <AttributeMetadata>
          <Value>attributeID:1050:1:55a73700-c891-46fd-8f5c-72bc827f2ef5:20160407213829.714:1050</Value>
          <Value>attributeSyntax:1050:1:55a73700-c891-46fd-8f5c-72bc827f2ef5:20160407213829.714:1050</Value>
          <Value>cn:1050:1:55a73700-c891-46fd-8f5c-72bc827f2ef5:20160407213829.714:1050</Value>
          <Value>createTimeStamp:1050:1:55a73700-c891-46fd-8f5c-72bc827f2ef5:20160407213829.714:1050</Value>
          <Value>description:1050:1:55a73700-c891-46fd-8f5c-72bc827f2ef5:20160407213829.714:1050</Value>
          <Value>entryDN:1050:1:55a73700-c891-46fd-8f5c-72bc827f2ef5:20160407213829.714:1050</Value>
          <Value>isSingleValued:1050:1:55a73700-c891-46fd-8f5c-72bc827f2ef5:20160407213829.714:1050</Value>
          <Value>lDAPDisplayName:1050:1:55a73700-c891-46fd-8f5c-72bc827f2ef5:20160407213829.714:1050</Value>
          <Value>modifyTimeStamp:1050:1:55a73700-c891-46fd-8f5c-72bc827f2ef5:20160407213829.714:1050</Value>
          <Value>objectClass:1050:1:55a73700-c891-46fd-8f5c-72bc827f2ef5:20160407213829.714:1050</Value>
          <Value>objectGUID:1050:1:55a73700-c891-46fd-8f5c-72bc827f2ef5:20160407213829.714:1050</Value>
          <Value>oMSyntax:1050:1:55a73700-c891-46fd-8f5c-72bc827f2ef5:20160407213829.714:1050</Value>
          <Value>schemaIDGUID:1050:1:55a73700-c891-46fd-8f5c-72bc827f2ef5:20160407213829.714:1050</Value>
          <Value>uSNChanged:1050:1:55a73700-c891-46fd-8f5c-72bc827f2ef5:20160407213829.714:1050</Value>
          <Value>uSNCreated:1050:1:55a73700-c891-46fd-8f5c-72bc827f2ef5:20160407213829.714:1050</Value>
          <Value>vmwAttributeUsage:1050:1:55a73700-c891-46fd-8f5c-72bc827f2ef5:20160407213829.714:1050</Value>
        </AttributeMetadata>
      </AttributeSchemaEntry>
      <AttributeSchemaEntry>
        <Name>vmwLKUPServiceType</Name>
        <AttributeMetadata>
          <Value>attributeID:1316:1:55a73700-c891-46fd-8f5c-72bc827f2ef5:20160407213830.186:1316</Value>
          <Value>attributeSyntax:1316:1:55a73700-c891-46fd-8f5c-72bc827f2ef5:20160407213830.186:1316</Value>
          <Value>cn:1316:1:55a73700-c891-46fd-8f5c-72bc827f2ef5:20160407213830.186:1316</Value>
          <Value>createTimeStamp:1316:1:55a73700-c891-46fd-8f5c-72bc827f2ef5:20160407213830.186:1316</Value>
          <Value>description:1316:1:55a73700-c891-46fd-8f5c-72bc827f2ef5:20160407213830.186:1316</Value>
          <Value>entryDN:1316:1:55a73700-c891-46fd-8f5c-72bc827f2ef5:20160407213830.186:1316</Value>
          <Value>isSingleValued:1316:1:55a73700-c891-46fd-8f5c-72bc827f2ef5:20160407213830.186:1316</Value>
          <Value>lDAPDisplayName:1316:1:55a73700-c891-46fd-8f5c-72bc827f2ef5:20160407213830.186:1316</Value>
          <Value>modifyTimeStamp:1316:1:55a73700-c891-46fd-8f5c-72bc827f2ef5:20160407213830.186:1316</Value>
          <Value>objectClass:1316:1:55a73700-c891-46fd-8f5c-72bc827f2ef5:20160407213830.186:1316</Value>
          <Value>objectGUID:1316:1:55a73700-c891-46fd-8f5c-72bc827f2ef5:20160407213830.186:1316</Value>
          <Value>oMSyntax:1316:1:55a73700-c891-46fd-8f5c-72bc827f2ef5:20160407213830.186:1316</Value>
          <Value>schemaIDGUID:1316:1:55a73700-c891-46fd-8f5c-72bc827f2ef5:20160407213830.186:1316</Value>
          <Value>uSNChanged:1316:1:55a73700-c891-46fd-8f5c-72bc827f2ef5:20160407213830.186:1316</Value>
          <Value>uSNCreated:1316:1:55a73700-c891-46fd-8f5c-72bc827f2ef5:20160407213830.186:1316</Value>
          <Value>vmwAttributeUsage:1316:1:55a73700-c891-46fd-8f5c-72bc827f2ef5:20160407213830.186:1316</Value>
        </AttributeMetadata>
      </AttributeSchemaEntry>
      <AttributeSchemaEntry>
        <Name>vmwLKUPSslTrustAnchor</Name>
        <AttributeMetadata>
          <Value>attributeID:462:1:55a73700-c891-46fd-8f5c-72bc827f2ef5:20160407213828.715:462</Value>
          <Value>attributeSyntax:462:1:55a73700-c891-46fd-8f5c-72bc827f2ef5:20160407213828.715:462</Value>
          <Value>cn:462:1:55a73700-c891-46fd-8f5c-72bc827f2ef5:20160407213828.715:462</Value>
          <Value>createTimeStamp:462:1:55a73700-c891-46fd-8f5c-72bc827f2ef5:20160407213828.715:462</Value>
          <Value>description:462:1:55a73700-c891-46fd-8f5c-72bc827f2ef5:20160407213828.715:462</Value>
          <Value>entryDN:462:1:55a73700-c891-46fd-8f5c-72bc827f2ef5:20160407213828.715:462</Value>
          <Value>isSingleValued:462:1:55a73700-c891-46fd-8f5c-72bc827f2ef5:20160407213828.715:462</Value>
          <Value>lDAPDisplayName:462:1:55a73700-c891-46fd-8f5c-72bc827f2ef5:20160407213828.715:462</Value>
          <Value>modifyTimeStamp:462:1:55a73700-c891-46fd-8f5c-72bc827f2ef5:20160407213828.715:462</Value>
          <Value>objectClass:462:1:55a73700-c891-46fd-8f5c-72bc827f2ef5:20160407213828.715:462</Value>
          <Value>objectGUID:462:1:55a73700-c891-46fd-8f5c-72bc827f2ef5:20160407213828.715:462</Value>
          <Value>oMSyntax:462:1:55a73700-c891-46fd-8f5c-72bc827f2ef5:20160407213828.715:462</Value>
          <Value>schemaIDGUID:462:1:55a73700-c891-46fd-8f5c-72bc827f2ef5:20160407213828.715:462</Value>
          <Value>uSNChanged:462:1:55a73700-c891-46fd-8f5c-72bc827f2ef5:20160407213828.715:462</Value>
          <Value>uSNCreated:462:1:55a73700-c891-46fd-8f5c-72bc827f2ef5:20160407213828.715:462</Value>
          <Value>vmwAttributeUsage:462:1:55a73700-c891-46fd-8f5c-72bc827f2ef5:20160407213828.715:462</Value>
        </AttributeMetadata>
      </AttributeSchemaEntry>
      <AttributeSchemaEntry>
        <Name>vmwLKUPType</Name>
        <AttributeMetadata>
          <Value>attributeID:1675:1:55a73700-c891-46fd-8f5c-72bc827f2ef5:20160407213830.789:1675</Value>
          <Value>attributeSyntax:1675:1:55a73700-c891-46fd-8f5c-72bc827f2ef5:20160407213830.789:1675</Value>
          <Value>cn:1675:1:55a73700-c891-46fd-8f5c-72bc827f2ef5:20160407213830.789:1675</Value>
          <Value>createTimeStamp:1675:1:55a73700-c891-46fd-8f5c-72bc827f2ef5:20160407213830.789:1675</Value>
          <Value>description:1675:1:55a73700-c891-46fd-8f5c-72bc827f2ef5:20160407213830.789:1675</Value>
          <Value>entryDN:1675:1:55a73700-c891-46fd-8f5c-72bc827f2ef5:20160407213830.789:1675</Value>
          <Value>isSingleValued:1675:1:55a73700-c891-46fd-8f5c-72bc827f2ef5:20160407213830.789:1675</Value>
          <Value>lDAPDisplayName:1675:1:55a73700-c891-46fd-8f5c-72bc827f2ef5:20160407213830.789:1675</Value>
          <Value>modifyTimeStamp:1675:1:55a73700-c891-46fd-8f5c-72bc827f2ef5:20160407213830.789:1675</Value>
          <Value>objectClass:1675:1:55a73700-c891-46fd-8f5c-72bc827f2ef5:20160407213830.789:1675</Value>
          <Value>objectGUID:1675:1:55a73700-c891-46fd-8f5c-72bc827f2ef5:20160407213830.789:1675</Value>
          <Value>oMSyntax:1675:1:55a73700-c891-46fd-8f5c-72bc827f2ef5:20160407213830.789:1675</Value>
          <Value>schemaIDGUID:1675:1:55a73700-c891-46fd-8f5c-72bc827f2ef5:20160407213830.789:1675</Value>
          <Value>uSNChanged:1675:1:55a73700-c891-46fd-8f5c-72bc827f2ef5:20160407213830.789:1675</Value>
          <Value>uSNCreated:1675:1:55a73700-c891-46fd-8f5c-72bc827f2ef5:20160407213830.789:1675</Value>
          <Value>vmwAttributeUsage:1675:1:55a73700-c891-46fd-8f5c-72bc827f2ef5:20160407213830.789:1675</Value>
        </AttributeMetadata>
      </AttributeSchemaEntry>
      <AttributeSchemaEntry>
        <Name>vmwLKUPURI</Name>
        <AttributeMetadata>
          <Value>attributeID:534:1:55a73700-c891-46fd-8f5c-72bc827f2ef5:20160407213828.833:534</Value>
          <Value>attributeSyntax:534:1:55a73700-c891-46fd-8f5c-72bc827f2ef5:20160407213828.833:534</Value>
          <Value>cn:534:1:55a73700-c891-46fd-8f5c-72bc827f2ef5:20160407213828.833:534</Value>
          <Value>createTimeStamp:534:1:55a73700-c891-46fd-8f5c-72bc827f2ef5:20160407213828.833:534</Value>
          <Value>description:534:1:55a73700-c891-46fd-8f5c-72bc827f2ef5:20160407213828.833:534</Value>
          <Value>entryDN:534:1:55a73700-c891-46fd-8f5c-72bc827f2ef5:20160407213828.833:534</Value>
          <Value>isSingleValued:534:1:55a73700-c891-46fd-8f5c-72bc827f2ef5:20160407213828.833:534</Value>
          <Value>lDAPDisplayName:534:1:55a73700-c891-46fd-8f5c-72bc827f2ef5:20160407213828.833:534</Value>
          <Value>modifyTimeStamp:534:1:55a73700-c891-46fd-8f5c-72bc827f2ef5:20160407213828.833:534</Value>
          <Value>objectClass:534:1:55a73700-c891-46fd-8f5c-72bc827f2ef5:20160407213828.833:534</Value>
          <Value>objectGUID:534:1:55a73700-c891-46fd-8f5c-72bc827f2ef5:20160407213828.833:534</Value>
          <Value>oMSyntax:534:1:55a73700-c891-46fd-8f5c-72bc827f2ef5:20160407213828.833:534</Value>
          <Value>schemaIDGUID:534:1:55a73700-c891-46fd-8f5c-72bc827f2ef5:20160407213828.833:534</Value>
          <Value>uSNChanged:534:1:55a73700-c891-46fd-8f5c-72bc827f2ef5:20160407213828.833:534</Value>
          <Value>uSNCreated:534:1:55a73700-c891-46fd-8f5c-72bc827f2ef5:20160407213828.833:534</Value>
          <Value>vmwAttributeUsage:534:1:55a73700-c891-46fd-8f5c-72bc827f2ef5:20160407213828.833:534</Value>
        </AttributeMetadata>
      </AttributeSchemaEntry>
      <AttributeSchemaEntry>
        <Name>vmwLKUPVendorNameDefault</Name>
        <AttributeMetadata>
          <Value>attributeID:1129:1:55a73700-c891-46fd-8f5c-72bc827f2ef5:20160407213829.877:1129</Value>
          <Value>attributeSyntax:1129:1:55a73700-c891-46fd-8f5c-72bc827f2ef5:20160407213829.877:1129</Value>
          <Value>cn:1129:1:55a73700-c891-46fd-8f5c-72bc827f2ef5:20160407213829.877:1129</Value>
          <Value>createTimeStamp:1129:1:55a73700-c891-46fd-8f5c-72bc827f2ef5:20160407213829.877:1129</Value>
          <Value>description:1129:1:55a73700-c891-46fd-8f5c-72bc827f2ef5:20160407213829.877:1129</Value>
          <Value>entryDN:1129:1:55a73700-c891-46fd-8f5c-72bc827f2ef5:20160407213829.877:1129</Value>
          <Value>isSingleValued:1129:1:55a73700-c891-46fd-8f5c-72bc827f2ef5:20160407213829.877:1129</Value>
          <Value>lDAPDisplayName:1129:1:55a73700-c891-46fd-8f5c-72bc827f2ef5:20160407213829.877:1129</Value>
          <Value>modifyTimeStamp:1129:1:55a73700-c891-46fd-8f5c-72bc827f2ef5:20160407213829.877:1129</Value>
          <Value>objectClass:1129:1:55a73700-c891-46fd-8f5c-72bc827f2ef5:20160407213829.877:1129</Value>
          <Value>objectGUID:1129:1:55a73700-c891-46fd-8f5c-72bc827f2ef5:20160407213829.877:1129</Value>
          <Value>oMSyntax:1129:1:55a73700-c891-46fd-8f5c-72bc827f2ef5:20160407213829.877:1129</Value>
          <Value>schemaIDGUID:1129:1:55a73700-c891-46fd-8f5c-72bc827f2ef5:20160407213829.877:1129</Value>
          <Value>uSNChanged:1129:1:55a73700-c891-46fd-8f5c-72bc827f2ef5:20160407213829.877:1129</Value>
          <Value>uSNCreated:1129:1:55a73700-c891-46fd-8f5c-72bc827f2ef5:20160407213829.877:1129</Value>
          <Value>vmwAttributeUsage:1129:1:55a73700-c891-46fd-8f5c-72bc827f2ef5:20160407213829.877:1129</Value>
        </AttributeMetadata>
      </AttributeSchemaEntry>
      <AttributeSchemaEntry>
        <Name>vmwLKUPVendorNameResourceKey</Name>
        <AttributeMetadata>
          <Value>attributeID:813:1:55a73700-c891-46fd-8f5c-72bc827f2ef5:20160407213829.315:813</Value>
          <Value>attributeSyntax:813:1:55a73700-c891-46fd-8f5c-72bc827f2ef5:20160407213829.315:813</Value>
          <Value>cn:813:1:55a73700-c891-46fd-8f5c-72bc827f2ef5:20160407213829.315:813</Value>
          <Value>createTimeStamp:813:1:55a73700-c891-46fd-8f5c-72bc827f2ef5:20160407213829.315:813</Value>
          <Value>description:813:1:55a73700-c891-46fd-8f5c-72bc827f2ef5:20160407213829.315:813</Value>
          <Value>entryDN:813:1:55a73700-c891-46fd-8f5c-72bc827f2ef5:20160407213829.315:813</Value>
          <Value>isSingleValued:813:1:55a73700-c891-46fd-8f5c-72bc827f2ef5:20160407213829.315:813</Value>
          <Value>lDAPDisplayName:813:1:55a73700-c891-46fd-8f5c-72bc827f2ef5:20160407213829.315:813</Value>
          <Value>modifyTimeStamp:813:1:55a73700-c891-46fd-8f5c-72bc827f2ef5:20160407213829.315:813</Value>
          <Value>objectClass:813:1:55a73700-c891-46fd-8f5c-72bc827f2ef5:20160407213829.315:813</Value>
          <Value>objectGUID:813:1:55a73700-c891-46fd-8f5c-72bc827f2ef5:20160407213829.315:813</Value>
          <Value>oMSyntax:813:1:55a73700-c891-46fd-8f5c-72bc827f2ef5:20160407213829.315:813</Value>
          <Value>schemaIDGUID:813:1:55a73700-c891-46fd-8f5c-72bc827f2ef5:20160407213829.315:813</Value>
          <Value>uSNChanged:813:1:55a73700-c891-46fd-8f5c-72bc827f2ef5:20160407213829.315:813</Value>
          <Value>uSNCreated:813:1:55a73700-c891-46fd-8f5c-72bc827f2ef5:20160407213829.315:813</Value>
          <Value>vmwAttributeUsage:813:1:55a73700-c891-46fd-8f5c-72bc827f2ef5:20160407213829.315:813</Value>
        </AttributeMetadata>
      </AttributeSchemaEntry>
      <AttributeSchemaEntry>
        <Name>vmwLKUPVersion</Name>
        <AttributeMetadata>
          <Value>attributeID:1296:1:55a73700-c891-46fd-8f5c-72bc827f2ef5:20160407213830.154:1296</Value>
          <Value>attributeSyntax:1296:1:55a73700-c891-46fd-8f5c-72bc827f2ef5:20160407213830.154:1296</Value>
          <Value>cn:1296:1:55a73700-c891-46fd-8f5c-72bc827f2ef5:20160407213830.154:1296</Value>
          <Value>createTimeStamp:1296:1:55a73700-c891-46fd-8f5c-72bc827f2ef5:20160407213830.154:1296</Value>
          <Value>description:1296:1:55a73700-c891-46fd-8f5c-72bc827f2ef5:20160407213830.154:1296</Value>
          <Value>entryDN:1296:1:55a73700-c891-46fd-8f5c-72bc827f2ef5:20160407213830.154:1296</Value>
          <Value>isSingleValued:1296:1:55a73700-c891-46fd-8f5c-72bc827f2ef5:20160407213830.154:1296</Value>
          <Value>lDAPDisplayName:1296:1:55a73700-c891-46fd-8f5c-72bc827f2ef5:20160407213830.154:1296</Value>
          <Value>modifyTimeStamp:1296:1:55a73700-c891-46fd-8f5c-72bc827f2ef5:20160407213830.154:1296</Value>
          <Value>objectClass:1296:1:55a73700-c891-46fd-8f5c-72bc827f2ef5:20160407213830.154:1296</Value>
          <Value>objectGUID:1296:1:55a73700-c891-46fd-8f5c-72bc827f2ef5:20160407213830.154:1296</Value>
          <Value>oMSyntax:1296:1:55a73700-c891-46fd-8f5c-72bc827f2ef5:20160407213830.154:1296</Value>
          <Value>schemaIDGUID:1296:1:55a73700-c891-46fd-8f5c-72bc827f2ef5:20160407213830.154:1296</Value>
          <Value>uSNChanged:1296:1:55a73700-c891-46fd-8f5c-72bc827f2ef5:20160407213830.154:1296</Value>
          <Value>uSNCreated:1296:1:55a73700-c891-46fd-8f5c-72bc827f2ef5:20160407213830.154:1296</Value>
          <Value>vmwAttributeUsage:1296:1:55a73700-c891-46fd-8f5c-72bc827f2ef5:20160407213830.154:1296</Value>
        </AttributeMetadata>
      </AttributeSchemaEntry>
      <AttributeSchemaEntry>
        <Name>vmwMachineGUID</Name>
        <AttributeMetadata>
          <Value>attributeID:330:1:55a73700-c891-46fd-8f5c-72bc827f2ef5:20160407213828.508:330</Value>
          <Value>attributeSyntax:330:1:55a73700-c891-46fd-8f5c-72bc827f2ef5:20160407213828.508:330</Value>
          <Value>cn:330:1:55a73700-c891-46fd-8f5c-72bc827f2ef5:20160407213828.508:330</Value>
          <Value>createTimeStamp:330:1:55a73700-c891-46fd-8f5c-72bc827f2ef5:20160407213828.508:330</Value>
          <Value>description:330:1:55a73700-c891-46fd-8f5c-72bc827f2ef5:20160407213828.508:330</Value>
          <Value>entryDN:330:1:55a73700-c891-46fd-8f5c-72bc827f2ef5:20160407213828.508:330</Value>
          <Value>isSingleValued:330:1:55a73700-c891-46fd-8f5c-72bc827f2ef5:20160407213828.508:330</Value>
          <Value>lDAPDisplayName:330:1:55a73700-c891-46fd-8f5c-72bc827f2ef5:20160407213828.508:330</Value>
          <Value>modifyTimeStamp:330:1:55a73700-c891-46fd-8f5c-72bc827f2ef5:20160407213828.508:330</Value>
          <Value>objectClass:330:1:55a73700-c891-46fd-8f5c-72bc827f2ef5:20160407213828.508:330</Value>
          <Value>objectGUID:330:1:55a73700-c891-46fd-8f5c-72bc827f2ef5:20160407213828.508:330</Value>
          <Value>oMSyntax:330:1:55a73700-c891-46fd-8f5c-72bc827f2ef5:20160407213828.508:330</Value>
          <Value>schemaIDGUID:330:1:55a73700-c891-46fd-8f5c-72bc827f2ef5:20160407213828.508:330</Value>
          <Value>uSNChanged:330:1:55a73700-c891-46fd-8f5c-72bc827f2ef5:20160407213828.508:330</Value>
          <Value>uSNCreated:330:1:55a73700-c891-46fd-8f5c-72bc827f2ef5:20160407213828.508:330</Value>
          <Value>vmwAttributeUsage:330:1:55a73700-c891-46fd-8f5c-72bc827f2ef5:20160407213828.508:330</Value>
        </AttributeMetadata>
      </AttributeSchemaEntry>
      <AttributeSchemaEntry>
        <Name>vmwMaxServerId</Name>
        <AttributeMetadata>
          <Value>attributeID:955:1:55a73700-c891-46fd-8f5c-72bc827f2ef5:20160407213829.558:955</Value>
          <Value>attributeSyntax:955:1:55a73700-c891-46fd-8f5c-72bc827f2ef5:20160407213829.558:955</Value>
          <Value>cn:955:1:55a73700-c891-46fd-8f5c-72bc827f2ef5:20160407213829.558:955</Value>
          <Value>createTimeStamp:955:1:55a73700-c891-46fd-8f5c-72bc827f2ef5:20160407213829.558:955</Value>
          <Value>description:955:1:55a73700-c891-46fd-8f5c-72bc827f2ef5:20160407213829.558:955</Value>
          <Value>entryDN:955:1:55a73700-c891-46fd-8f5c-72bc827f2ef5:20160407213829.558:955</Value>
          <Value>isSingleValued:955:1:55a73700-c891-46fd-8f5c-72bc827f2ef5:20160407213829.558:955</Value>
          <Value>lDAPDisplayName:955:1:55a73700-c891-46fd-8f5c-72bc827f2ef5:20160407213829.558:955</Value>
          <Value>modifyTimeStamp:955:1:55a73700-c891-46fd-8f5c-72bc827f2ef5:20160407213829.558:955</Value>
          <Value>objectClass:955:1:55a73700-c891-46fd-8f5c-72bc827f2ef5:20160407213829.558:955</Value>
          <Value>objectGUID:955:1:55a73700-c891-46fd-8f5c-72bc827f2ef5:20160407213829.558:955</Value>
          <Value>oMSyntax:955:1:55a73700-c891-46fd-8f5c-72bc827f2ef5:20160407213829.558:955</Value>
          <Value>schemaIDGUID:955:1:55a73700-c891-46fd-8f5c-72bc827f2ef5:20160407213829.558:955</Value>
          <Value>uSNChanged:955:1:55a73700-c891-46fd-8f5c-72bc827f2ef5:20160407213829.558:955</Value>
          <Value>uSNCreated:955:1:55a73700-c891-46fd-8f5c-72bc827f2ef5:20160407213829.558:955</Value>
          <Value>vmwAttributeUsage:955:1:55a73700-c891-46fd-8f5c-72bc827f2ef5:20160407213829.558:955</Value>
        </AttributeMetadata>
      </AttributeSchemaEntry>
      <AttributeSchemaEntry>
        <Name>vmwNodeSequenceNumber</Name>
        <AttributeMetadata>
          <Value>attributeID:162:1:55a73700-c891-46fd-8f5c-72bc827f2ef5:20160407213828.269:162</Value>
          <Value>attributeSyntax:162:1:55a73700-c891-46fd-8f5c-72bc827f2ef5:20160407213828.269:162</Value>
          <Value>cn:162:1:55a73700-c891-46fd-8f5c-72bc827f2ef5:20160407213828.269:162</Value>
          <Value>createTimeStamp:162:1:55a73700-c891-46fd-8f5c-72bc827f2ef5:20160407213828.269:162</Value>
          <Value>description:162:1:55a73700-c891-46fd-8f5c-72bc827f2ef5:20160407213828.269:162</Value>
          <Value>entryDN:162:1:55a73700-c891-46fd-8f5c-72bc827f2ef5:20160407213828.269:162</Value>
          <Value>isSingleValued:162:1:55a73700-c891-46fd-8f5c-72bc827f2ef5:20160407213828.269:162</Value>
          <Value>lDAPDisplayName:162:1:55a73700-c891-46fd-8f5c-72bc827f2ef5:20160407213828.269:162</Value>
          <Value>modifyTimeStamp:162:1:55a73700-c891-46fd-8f5c-72bc827f2ef5:20160407213828.269:162</Value>
          <Value>objectClass:162:1:55a73700-c891-46fd-8f5c-72bc827f2ef5:20160407213828.269:162</Value>
          <Value>objectGUID:162:1:55a73700-c891-46fd-8f5c-72bc827f2ef5:20160407213828.269:162</Value>
          <Value>oMSyntax:162:1:55a73700-c891-46fd-8f5c-72bc827f2ef5:20160407213828.269:162</Value>
          <Value>schemaIDGUID:162:1:55a73700-c891-46fd-8f5c-72bc827f2ef5:20160407213828.269:162</Value>
          <Value>uSNChanged:162:1:55a73700-c891-46fd-8f5c-72bc827f2ef5:20160407213828.269:162</Value>
          <Value>uSNCreated:162:1:55a73700-c891-46fd-8f5c-72bc827f2ef5:20160407213828.269:162</Value>
          <Value>vmwAttributeUsage:162:1:55a73700-c891-46fd-8f5c-72bc827f2ef5:20160407213828.269:162</Value>
        </AttributeMetadata>
      </AttributeSchemaEntry>
      <AttributeSchemaEntry>
        <Name>vmwOidcCertSubDN</Name>
        <AttributeMetadata>
          <Value>attributeID:649:1:55a73700-c891-46fd-8f5c-72bc827f2ef5:20160407213829.034:649</Value>
          <Value>attributeSyntax:649:1:55a73700-c891-46fd-8f5c-72bc827f2ef5:20160407213829.034:649</Value>
          <Value>cn:649:1:55a73700-c891-46fd-8f5c-72bc827f2ef5:20160407213829.034:649</Value>
          <Value>createTimeStamp:649:1:55a73700-c891-46fd-8f5c-72bc827f2ef5:20160407213829.034:649</Value>
          <Value>description:649:1:55a73700-c891-46fd-8f5c-72bc827f2ef5:20160407213829.034:649</Value>
          <Value>entryDN:649:1:55a73700-c891-46fd-8f5c-72bc827f2ef5:20160407213829.034:649</Value>
          <Value>isSingleValued:649:1:55a73700-c891-46fd-8f5c-72bc827f2ef5:20160407213829.034:649</Value>
          <Value>lDAPDisplayName:649:1:55a73700-c891-46fd-8f5c-72bc827f2ef5:20160407213829.034:649</Value>
          <Value>modifyTimeStamp:649:1:55a73700-c891-46fd-8f5c-72bc827f2ef5:20160407213829.034:649</Value>
          <Value>objectClass:649:1:55a73700-c891-46fd-8f5c-72bc827f2ef5:20160407213829.034:649</Value>
          <Value>objectGUID:649:1:55a73700-c891-46fd-8f5c-72bc827f2ef5:20160407213829.034:649</Value>
          <Value>oMSyntax:649:1:55a73700-c891-46fd-8f5c-72bc827f2ef5:20160407213829.034:649</Value>
          <Value>schemaIDGUID:649:1:55a73700-c891-46fd-8f5c-72bc827f2ef5:20160407213829.034:649</Value>
          <Value>uSNChanged:649:1:55a73700-c891-46fd-8f5c-72bc827f2ef5:20160407213829.034:649</Value>
          <Value>uSNCreated:649:1:55a73700-c891-46fd-8f5c-72bc827f2ef5:20160407213829.034:649</Value>
          <Value>vmwAttributeUsage:649:1:55a73700-c891-46fd-8f5c-72bc827f2ef5:20160407213829.034:649</Value>
        </AttributeMetadata>
      </AttributeSchemaEntry>
      <AttributeSchemaEntry>
        <Name>vmwOidcClientID</Name>
        <AttributeMetadata>
          <Value>attributeID:689:1:55a73700-c891-46fd-8f5c-72bc827f2ef5:20160407213829.099:689</Value>
          <Value>attributeSyntax:689:1:55a73700-c891-46fd-8f5c-72bc827f2ef5:20160407213829.099:689</Value>
          <Value>cn:689:1:55a73700-c891-46fd-8f5c-72bc827f2ef5:20160407213829.099:689</Value>
          <Value>createTimeStamp:689:1:55a73700-c891-46fd-8f5c-72bc827f2ef5:20160407213829.099:689</Value>
          <Value>description:689:1:55a73700-c891-46fd-8f5c-72bc827f2ef5:20160407213829.099:689</Value>
          <Value>entryDN:689:1:55a73700-c891-46fd-8f5c-72bc827f2ef5:20160407213829.099:689</Value>
          <Value>isSingleValued:689:1:55a73700-c891-46fd-8f5c-72bc827f2ef5:20160407213829.099:689</Value>
          <Value>lDAPDisplayName:689:1:55a73700-c891-46fd-8f5c-72bc827f2ef5:20160407213829.099:689</Value>
          <Value>modifyTimeStamp:689:1:55a73700-c891-46fd-8f5c-72bc827f2ef5:20160407213829.099:689</Value>
          <Value>objectClass:689:1:55a73700-c891-46fd-8f5c-72bc827f2ef5:20160407213829.099:689</Value>
          <Value>objectGUID:689:1:55a73700-c891-46fd-8f5c-72bc827f2ef5:20160407213829.099:689</Value>
          <Value>oMSyntax:689:1:55a73700-c891-46fd-8f5c-72bc827f2ef5:20160407213829.099:689</Value>
          <Value>schemaIDGUID:689:1:55a73700-c891-46fd-8f5c-72bc827f2ef5:20160407213829.099:689</Value>
          <Value>uSNChanged:689:1:55a73700-c891-46fd-8f5c-72bc827f2ef5:20160407213829.099:689</Value>
          <Value>uSNCreated:689:1:55a73700-c891-46fd-8f5c-72bc827f2ef5:20160407213829.099:689</Value>
          <Value>vmwAttributeUsage:689:1:55a73700-c891-46fd-8f5c-72bc827f2ef5:20160407213829.099:689</Value>
        </AttributeMetadata>
      </AttributeSchemaEntry>
      <AttributeSchemaEntry>
        <Name>vmwOidcIDTokenJWSAlg</Name>
        <AttributeMetadata>
          <Value>attributeID:283:1:55a73700-c891-46fd-8f5c-72bc827f2ef5:20160407213828.442:283</Value>
          <Value>attributeSyntax:283:1:55a73700-c891-46fd-8f5c-72bc827f2ef5:20160407213828.442:283</Value>
          <Value>cn:283:1:55a73700-c891-46fd-8f5c-72bc827f2ef5:20160407213828.442:283</Value>
          <Value>createTimeStamp:283:1:55a73700-c891-46fd-8f5c-72bc827f2ef5:20160407213828.442:283</Value>
          <Value>description:283:1:55a73700-c891-46fd-8f5c-72bc827f2ef5:20160407213828.442:283</Value>
          <Value>entryDN:283:1:55a73700-c891-46fd-8f5c-72bc827f2ef5:20160407213828.442:283</Value>
          <Value>isSingleValued:283:1:55a73700-c891-46fd-8f5c-72bc827f2ef5:20160407213828.442:283</Value>
          <Value>lDAPDisplayName:283:1:55a73700-c891-46fd-8f5c-72bc827f2ef5:20160407213828.442:283</Value>
          <Value>modifyTimeStamp:283:1:55a73700-c891-46fd-8f5c-72bc827f2ef5:20160407213828.442:283</Value>
          <Value>objectClass:283:1:55a73700-c891-46fd-8f5c-72bc827f2ef5:20160407213828.442:283</Value>
          <Value>objectGUID:283:1:55a73700-c891-46fd-8f5c-72bc827f2ef5:20160407213828.442:283</Value>
          <Value>oMSyntax:283:1:55a73700-c891-46fd-8f5c-72bc827f2ef5:20160407213828.442:283</Value>
          <Value>schemaIDGUID:283:1:55a73700-c891-46fd-8f5c-72bc827f2ef5:20160407213828.442:283</Value>
          <Value>uSNChanged:283:1:55a73700-c891-46fd-8f5c-72bc827f2ef5:20160407213828.442:283</Value>
          <Value>uSNCreated:283:1:55a73700-c891-46fd-8f5c-72bc827f2ef5:20160407213828.442:283</Value>
          <Value>vmwAttributeUsage:283:1:55a73700-c891-46fd-8f5c-72bc827f2ef5:20160407213828.442:283</Value>
        </AttributeMetadata>
      </AttributeSchemaEntry>
      <AttributeSchemaEntry>
        <Name>vmwOidcLogoutURI</Name>
        <AttributeMetadata>
          <Value>attributeID:1119:1:55a73700-c891-46fd-8f5c-72bc827f2ef5:20160407213829.856:1119</Value>
          <Value>attributeSyntax:1119:1:55a73700-c891-46fd-8f5c-72bc827f2ef5:20160407213829.856:1119</Value>
          <Value>cn:1119:1:55a73700-c891-46fd-8f5c-72bc827f2ef5:20160407213829.856:1119</Value>
          <Value>createTimeStamp:1119:1:55a73700-c891-46fd-8f5c-72bc827f2ef5:20160407213829.856:1119</Value>
          <Value>description:1119:1:55a73700-c891-46fd-8f5c-72bc827f2ef5:20160407213829.856:1119</Value>
          <Value>entryDN:1119:1:55a73700-c891-46fd-8f5c-72bc827f2ef5:20160407213829.856:1119</Value>
          <Value>isSingleValued:1119:1:55a73700-c891-46fd-8f5c-72bc827f2ef5:20160407213829.856:1119</Value>
          <Value>lDAPDisplayName:1119:1:55a73700-c891-46fd-8f5c-72bc827f2ef5:20160407213829.856:1119</Value>
          <Value>modifyTimeStamp:1119:1:55a73700-c891-46fd-8f5c-72bc827f2ef5:20160407213829.856:1119</Value>
          <Value>objectClass:1119:1:55a73700-c891-46fd-8f5c-72bc827f2ef5:20160407213829.856:1119</Value>
          <Value>objectGUID:1119:1:55a73700-c891-46fd-8f5c-72bc827f2ef5:20160407213829.856:1119</Value>
          <Value>oMSyntax:1119:1:55a73700-c891-46fd-8f5c-72bc827f2ef5:20160407213829.856:1119</Value>
          <Value>schemaIDGUID:1119:1:55a73700-c891-46fd-8f5c-72bc827f2ef5:20160407213829.856:1119</Value>
          <Value>uSNChanged:1119:1:55a73700-c891-46fd-8f5c-72bc827f2ef5:20160407213829.856:1119</Value>
          <Value>uSNCreated:1119:1:55a73700-c891-46fd-8f5c-72bc827f2ef5:20160407213829.856:1119</Value>
          <Value>vmwAttributeUsage:1119:1:55a73700-c891-46fd-8f5c-72bc827f2ef5:20160407213829.856:1119</Value>
        </AttributeMetadata>
      </AttributeSchemaEntry>
      <AttributeSchemaEntry>
        <Name>vmwOidcPostLogoutRedirectURI</Name>
        <AttributeMetadata>
          <Value>attributeID:648:1:55a73700-c891-46fd-8f5c-72bc827f2ef5:20160407213829.032:648</Value>
          <Value>attributeSyntax:648:1:55a73700-c891-46fd-8f5c-72bc827f2ef5:20160407213829.032:648</Value>
          <Value>cn:648:1:55a73700-c891-46fd-8f5c-72bc827f2ef5:20160407213829.032:648</Value>
          <Value>createTimeStamp:648:1:55a73700-c891-46fd-8f5c-72bc827f2ef5:20160407213829.032:648</Value>
          <Value>description:648:1:55a73700-c891-46fd-8f5c-72bc827f2ef5:20160407213829.032:648</Value>
          <Value>entryDN:648:1:55a73700-c891-46fd-8f5c-72bc827f2ef5:20160407213829.032:648</Value>
          <Value>isSingleValued:648:1:55a73700-c891-46fd-8f5c-72bc827f2ef5:20160407213829.032:648</Value>
          <Value>lDAPDisplayName:648:1:55a73700-c891-46fd-8f5c-72bc827f2ef5:20160407213829.032:648</Value>
          <Value>modifyTimeStamp:648:1:55a73700-c891-46fd-8f5c-72bc827f2ef5:20160407213829.032:648</Value>
          <Value>objectClass:648:1:55a73700-c891-46fd-8f5c-72bc827f2ef5:20160407213829.032:648</Value>
          <Value>objectGUID:648:1:55a73700-c891-46fd-8f5c-72bc827f2ef5:20160407213829.032:648</Value>
          <Value>oMSyntax:648:1:55a73700-c891-46fd-8f5c-72bc827f2ef5:20160407213829.032:648</Value>
          <Value>schemaIDGUID:648:1:55a73700-c891-46fd-8f5c-72bc827f2ef5:20160407213829.032:648</Value>
          <Value>uSNChanged:648:1:55a73700-c891-46fd-8f5c-72bc827f2ef5:20160407213829.032:648</Value>
          <Value>uSNCreated:648:1:55a73700-c891-46fd-8f5c-72bc827f2ef5:20160407213829.032:648</Value>
          <Value>vmwAttributeUsage:648:1:55a73700-c891-46fd-8f5c-72bc827f2ef5:20160407213829.032:648</Value>
        </AttributeMetadata>
      </AttributeSchemaEntry>
      <AttributeSchemaEntry>
        <Name>vmwOidcRedirectURIs</Name>
        <AttributeMetadata>
          <Value>attributeID:1607:1:55a73700-c891-46fd-8f5c-72bc827f2ef5:20160407213830.672:1607</Value>
          <Value>attributeSyntax:1607:1:55a73700-c891-46fd-8f5c-72bc827f2ef5:20160407213830.672:1607</Value>
          <Value>cn:1607:1:55a73700-c891-46fd-8f5c-72bc827f2ef5:20160407213830.672:1607</Value>
          <Value>createTimeStamp:1607:1:55a73700-c891-46fd-8f5c-72bc827f2ef5:20160407213830.672:1607</Value>
          <Value>description:1607:1:55a73700-c891-46fd-8f5c-72bc827f2ef5:20160407213830.672:1607</Value>
          <Value>entryDN:1607:1:55a73700-c891-46fd-8f5c-72bc827f2ef5:20160407213830.672:1607</Value>
          <Value>isSingleValued:1607:1:55a73700-c891-46fd-8f5c-72bc827f2ef5:20160407213830.672:1607</Value>
          <Value>lDAPDisplayName:1607:1:55a73700-c891-46fd-8f5c-72bc827f2ef5:20160407213830.672:1607</Value>
          <Value>modifyTimeStamp:1607:1:55a73700-c891-46fd-8f5c-72bc827f2ef5:20160407213830.672:1607</Value>
          <Value>objectClass:1607:1:55a73700-c891-46fd-8f5c-72bc827f2ef5:20160407213830.672:1607</Value>
          <Value>objectGUID:1607:1:55a73700-c891-46fd-8f5c-72bc827f2ef5:20160407213830.672:1607</Value>
          <Value>oMSyntax:1607:1:55a73700-c891-46fd-8f5c-72bc827f2ef5:20160407213830.672:1607</Value>
          <Value>schemaIDGUID:1607:1:55a73700-c891-46fd-8f5c-72bc827f2ef5:20160407213830.672:1607</Value>
          <Value>uSNChanged:1607:1:55a73700-c891-46fd-8f5c-72bc827f2ef5:20160407213830.672:1607</Value>
          <Value>uSNCreated:1607:1:55a73700-c891-46fd-8f5c-72bc827f2ef5:20160407213830.672:1607</Value>
          <Value>vmwAttributeUsage:1607:1:55a73700-c891-46fd-8f5c-72bc827f2ef5:20160407213830.672:1607</Value>
        </AttributeMetadata>
      </AttributeSchemaEntry>
      <AttributeSchemaEntry>
        <Name>vmwOidcResourceServerGroupFilter</Name>
        <AttributeMetadata>
          <Value>attributeID:1046:1:55a73700-c891-46fd-8f5c-72bc827f2ef5:20160407213829.709:1046</Value>
          <Value>attributeSyntax:1046:1:55a73700-c891-46fd-8f5c-72bc827f2ef5:20160407213829.709:1046</Value>
          <Value>cn:1046:1:55a73700-c891-46fd-8f5c-72bc827f2ef5:20160407213829.709:1046</Value>
          <Value>createTimeStamp:1046:1:55a73700-c891-46fd-8f5c-72bc827f2ef5:20160407213829.709:1046</Value>
          <Value>description:1046:1:55a73700-c891-46fd-8f5c-72bc827f2ef5:20160407213829.709:1046</Value>
          <Value>entryDN:1046:1:55a73700-c891-46fd-8f5c-72bc827f2ef5:20160407213829.709:1046</Value>
          <Value>isSingleValued:1046:1:55a73700-c891-46fd-8f5c-72bc827f2ef5:20160407213829.709:1046</Value>
          <Value>lDAPDisplayName:1046:1:55a73700-c891-46fd-8f5c-72bc827f2ef5:20160407213829.709:1046</Value>
          <Value>modifyTimeStamp:1046:1:55a73700-c891-46fd-8f5c-72bc827f2ef5:20160407213829.709:1046</Value>
          <Value>objectClass:1046:1:55a73700-c891-46fd-8f5c-72bc827f2ef5:20160407213829.709:1046</Value>
          <Value>objectGUID:1046:1:55a73700-c891-46fd-8f5c-72bc827f2ef5:20160407213829.709:1046</Value>
          <Value>oMSyntax:1046:1:55a73700-c891-46fd-8f5c-72bc827f2ef5:20160407213829.709:1046</Value>
          <Value>schemaIDGUID:1046:1:55a73700-c891-46fd-8f5c-72bc827f2ef5:20160407213829.709:1046</Value>
          <Value>uSNChanged:1046:1:55a73700-c891-46fd-8f5c-72bc827f2ef5:20160407213829.709:1046</Value>
          <Value>uSNCreated:1046:1:55a73700-c891-46fd-8f5c-72bc827f2ef5:20160407213829.709:1046</Value>
          <Value>vmwAttributeUsage:1046:1:55a73700-c891-46fd-8f5c-72bc827f2ef5:20160407213829.709:1046</Value>
        </AttributeMetadata>
      </AttributeSchemaEntry>
      <AttributeSchemaEntry>
        <Name>vmwOidcResourceServerName</Name>
        <AttributeMetadata>
          <Value>attributeID:376:1:55a73700-c891-46fd-8f5c-72bc827f2ef5:20160407213828.586:376</Value>
          <Value>attributeSyntax:376:1:55a73700-c891-46fd-8f5c-72bc827f2ef5:20160407213828.586:376</Value>
          <Value>cn:376:1:55a73700-c891-46fd-8f5c-72bc827f2ef5:20160407213828.586:376</Value>
          <Value>createTimeStamp:376:1:55a73700-c891-46fd-8f5c-72bc827f2ef5:20160407213828.586:376</Value>
          <Value>description:376:1:55a73700-c891-46fd-8f5c-72bc827f2ef5:20160407213828.586:376</Value>
          <Value>entryDN:376:1:55a73700-c891-46fd-8f5c-72bc827f2ef5:20160407213828.586:376</Value>
          <Value>isSingleValued:376:1:55a73700-c891-46fd-8f5c-72bc827f2ef5:20160407213828.586:376</Value>
          <Value>lDAPDisplayName:376:1:55a73700-c891-46fd-8f5c-72bc827f2ef5:20160407213828.586:376</Value>
          <Value>modifyTimeStamp:376:1:55a73700-c891-46fd-8f5c-72bc827f2ef5:20160407213828.586:376</Value>
          <Value>objectClass:376:1:55a73700-c891-46fd-8f5c-72bc827f2ef5:20160407213828.586:376</Value>
          <Value>objectGUID:376:1:55a73700-c891-46fd-8f5c-72bc827f2ef5:20160407213828.586:376</Value>
          <Value>oMSyntax:376:1:55a73700-c891-46fd-8f5c-72bc827f2ef5:20160407213828.586:376</Value>
          <Value>schemaIDGUID:376:1:55a73700-c891-46fd-8f5c-72bc827f2ef5:20160407213828.586:376</Value>
          <Value>uSNChanged:376:1:55a73700-c891-46fd-8f5c-72bc827f2ef5:20160407213828.586:376</Value>
          <Value>uSNCreated:376:1:55a73700-c891-46fd-8f5c-72bc827f2ef5:20160407213828.586:376</Value>
          <Value>vmwAttributeUsage:376:1:55a73700-c891-46fd-8f5c-72bc827f2ef5:20160407213828.586:376</Value>
        </AttributeMetadata>
      </AttributeSchemaEntry>
      <AttributeSchemaEntry>
        <Name>vmwOidcTokenEndpointAuthMethod</Name>
        <AttributeMetadata>
          <Value>attributeID:1478:1:55a73700-c891-46fd-8f5c-72bc827f2ef5:20160407213830.451:1478</Value>
          <Value>attributeSyntax:1478:1:55a73700-c891-46fd-8f5c-72bc827f2ef5:20160407213830.451:1478</Value>
          <Value>cn:1478:1:55a73700-c891-46fd-8f5c-72bc827f2ef5:20160407213830.451:1478</Value>
          <Value>createTimeStamp:1478:1:55a73700-c891-46fd-8f5c-72bc827f2ef5:20160407213830.451:1478</Value>
          <Value>description:1478:1:55a73700-c891-46fd-8f5c-72bc827f2ef5:20160407213830.451:1478</Value>
          <Value>entryDN:1478:1:55a73700-c891-46fd-8f5c-72bc827f2ef5:20160407213830.451:1478</Value>
          <Value>isSingleValued:1478:1:55a73700-c891-46fd-8f5c-72bc827f2ef5:20160407213830.451:1478</Value>
          <Value>lDAPDisplayName:1478:1:55a73700-c891-46fd-8f5c-72bc827f2ef5:20160407213830.451:1478</Value>
          <Value>modifyTimeStamp:1478:1:55a73700-c891-46fd-8f5c-72bc827f2ef5:20160407213830.451:1478</Value>
          <Value>objectClass:1478:1:55a73700-c891-46fd-8f5c-72bc827f2ef5:20160407213830.451:1478</Value>
          <Value>objectGUID:1478:1:55a73700-c891-46fd-8f5c-72bc827f2ef5:20160407213830.451:1478</Value>
          <Value>oMSyntax:1478:1:55a73700-c891-46fd-8f5c-72bc827f2ef5:20160407213830.451:1478</Value>
          <Value>schemaIDGUID:1478:1:55a73700-c891-46fd-8f5c-72bc827f2ef5:20160407213830.451:1478</Value>
          <Value>uSNChanged:1478:1:55a73700-c891-46fd-8f5c-72bc827f2ef5:20160407213830.451:1478</Value>
          <Value>uSNCreated:1478:1:55a73700-c891-46fd-8f5c-72bc827f2ef5:20160407213830.451:1478</Value>
          <Value>vmwAttributeUsage:1478:1:55a73700-c891-46fd-8f5c-72bc827f2ef5:20160407213830.451:1478</Value>
        </AttributeMetadata>
      </AttributeSchemaEntry>
      <AttributeSchemaEntry>
        <Name>vmwOidcTokenEndpointJWSAlg</Name>
        <AttributeMetadata>
          <Value>attributeID:695:1:55a73700-c891-46fd-8f5c-72bc827f2ef5:20160407213829.116:695</Value>
          <Value>attributeSyntax:695:1:55a73700-c891-46fd-8f5c-72bc827f2ef5:20160407213829.116:695</Value>
          <Value>cn:695:1:55a73700-c891-46fd-8f5c-72bc827f2ef5:20160407213829.116:695</Value>
          <Value>createTimeStamp:695:1:55a73700-c891-46fd-8f5c-72bc827f2ef5:20160407213829.116:695</Value>
          <Value>description:695:1:55a73700-c891-46fd-8f5c-72bc827f2ef5:20160407213829.116:695</Value>
          <Value>entryDN:695:1:55a73700-c891-46fd-8f5c-72bc827f2ef5:20160407213829.116:695</Value>
          <Value>isSingleValued:695:1:55a73700-c891-46fd-8f5c-72bc827f2ef5:20160407213829.116:695</Value>
          <Value>lDAPDisplayName:695:1:55a73700-c891-46fd-8f5c-72bc827f2ef5:20160407213829.116:695</Value>
          <Value>modifyTimeStamp:695:1:55a73700-c891-46fd-8f5c-72bc827f2ef5:20160407213829.116:695</Value>
          <Value>objectClass:695:1:55a73700-c891-46fd-8f5c-72bc827f2ef5:20160407213829.116:695</Value>
          <Value>objectGUID:695:1:55a73700-c891-46fd-8f5c-72bc827f2ef5:20160407213829.116:695</Value>
          <Value>oMSyntax:695:1:55a73700-c891-46fd-8f5c-72bc827f2ef5:20160407213829.116:695</Value>
          <Value>schemaIDGUID:695:1:55a73700-c891-46fd-8f5c-72bc827f2ef5:20160407213829.116:695</Value>
          <Value>uSNChanged:695:1:55a73700-c891-46fd-8f5c-72bc827f2ef5:20160407213829.116:695</Value>
          <Value>uSNCreated:695:1:55a73700-c891-46fd-8f5c-72bc827f2ef5:20160407213829.116:695</Value>
          <Value>vmwAttributeUsage:695:1:55a73700-c891-46fd-8f5c-72bc827f2ef5:20160407213829.116:695</Value>
        </AttributeMetadata>
      </AttributeSchemaEntry>
      <AttributeSchemaEntry>
        <Name>vmwPasswordChangeAutoUnlockIntervalSec</Name>
        <AttributeMetadata>
          <Value>attributeID:1581:1:55a73700-c891-46fd-8f5c-72bc827f2ef5:20160407213830.626:1581</Value>
          <Value>attributeSyntax:1581:1:55a73700-c891-46fd-8f5c-72bc827f2ef5:20160407213830.626:1581</Value>
          <Value>cn:1581:1:55a73700-c891-46fd-8f5c-72bc827f2ef5:20160407213830.626:1581</Value>
          <Value>createTimeStamp:1581:1:55a73700-c891-46fd-8f5c-72bc827f2ef5:20160407213830.626:1581</Value>
          <Value>description:1581:1:55a73700-c891-46fd-8f5c-72bc827f2ef5:20160407213830.626:1581</Value>
          <Value>entryDN:1581:1:55a73700-c891-46fd-8f5c-72bc827f2ef5:20160407213830.626:1581</Value>
          <Value>isSingleValued:1581:1:55a73700-c891-46fd-8f5c-72bc827f2ef5:20160407213830.626:1581</Value>
          <Value>lDAPDisplayName:1581:1:55a73700-c891-46fd-8f5c-72bc827f2ef5:20160407213830.626:1581</Value>
          <Value>modifyTimeStamp:1581:1:55a73700-c891-46fd-8f5c-72bc827f2ef5:20160407213830.626:1581</Value>
          <Value>objectClass:1581:1:55a73700-c891-46fd-8f5c-72bc827f2ef5:20160407213830.626:1581</Value>
          <Value>objectGUID:1581:1:55a73700-c891-46fd-8f5c-72bc827f2ef5:20160407213830.626:1581</Value>
          <Value>oMSyntax:1581:1:55a73700-c891-46fd-8f5c-72bc827f2ef5:20160407213830.626:1581</Value>
          <Value>schemaIDGUID:1581:1:55a73700-c891-46fd-8f5c-72bc827f2ef5:20160407213830.626:1581</Value>
          <Value>uSNChanged:1581:1:55a73700-c891-46fd-8f5c-72bc827f2ef5:20160407213830.626:1581</Value>
          <Value>uSNCreated:1581:1:55a73700-c891-46fd-8f5c-72bc827f2ef5:20160407213830.626:1581</Value>
          <Value>vmwAttributeUsage:1581:1:55a73700-c891-46fd-8f5c-72bc827f2ef5:20160407213830.626:1581</Value>
        </AttributeMetadata>
      </AttributeSchemaEntry>
      <AttributeSchemaEntry>
        <Name>vmwPasswordChangeFailedAttemptIntervalSec</Name>
        <AttributeMetadata>
          <Value>attributeID:1376:1:55a73700-c891-46fd-8f5c-72bc827f2ef5:20160407213830.288:1376</Value>
          <Value>attributeSyntax:1376:1:55a73700-c891-46fd-8f5c-72bc827f2ef5:20160407213830.288:1376</Value>
          <Value>cn:1376:1:55a73700-c891-46fd-8f5c-72bc827f2ef5:20160407213830.288:1376</Value>
          <Value>createTimeStamp:1376:1:55a73700-c891-46fd-8f5c-72bc827f2ef5:20160407213830.288:1376</Value>
          <Value>description:1376:1:55a73700-c891-46fd-8f5c-72bc827f2ef5:20160407213830.288:1376</Value>
          <Value>entryDN:1376:1:55a73700-c891-46fd-8f5c-72bc827f2ef5:20160407213830.288:1376</Value>
          <Value>isSingleValued:1376:1:55a73700-c891-46fd-8f5c-72bc827f2ef5:20160407213830.288:1376</Value>
          <Value>lDAPDisplayName:1376:1:55a73700-c891-46fd-8f5c-72bc827f2ef5:20160407213830.288:1376</Value>
          <Value>modifyTimeStamp:1376:1:55a73700-c891-46fd-8f5c-72bc827f2ef5:20160407213830.288:1376</Value>
          <Value>objectClass:1376:1:55a73700-c891-46fd-8f5c-72bc827f2ef5:20160407213830.288:1376</Value>
          <Value>objectGUID:1376:1:55a73700-c891-46fd-8f5c-72bc827f2ef5:20160407213830.288:1376</Value>
          <Value>oMSyntax:1376:1:55a73700-c891-46fd-8f5c-72bc827f2ef5:20160407213830.288:1376</Value>
          <Value>schemaIDGUID:1376:1:55a73700-c891-46fd-8f5c-72bc827f2ef5:20160407213830.288:1376</Value>
          <Value>uSNChanged:1376:1:55a73700-c891-46fd-8f5c-72bc827f2ef5:20160407213830.288:1376</Value>
          <Value>uSNCreated:1376:1:55a73700-c891-46fd-8f5c-72bc827f2ef5:20160407213830.288:1376</Value>
          <Value>vmwAttributeUsage:1376:1:55a73700-c891-46fd-8f5c-72bc827f2ef5:20160407213830.288:1376</Value>
        </AttributeMetadata>
      </AttributeSchemaEntry>
      <AttributeSchemaEntry>
        <Name>vmwPasswordChangeMaxFailedAttempts</Name>
        <AttributeMetadata>
          <Value>attributeID:310:1:55a73700-c891-46fd-8f5c-72bc827f2ef5:20160407213828.478:310</Value>
          <Value>attributeSyntax:310:1:55a73700-c891-46fd-8f5c-72bc827f2ef5:20160407213828.478:310</Value>
          <Value>cn:310:1:55a73700-c891-46fd-8f5c-72bc827f2ef5:20160407213828.478:310</Value>
          <Value>createTimeStamp:310:1:55a73700-c891-46fd-8f5c-72bc827f2ef5:20160407213828.478:310</Value>
          <Value>description:310:1:55a73700-c891-46fd-8f5c-72bc827f2ef5:20160407213828.478:310</Value>
          <Value>entryDN:310:1:55a73700-c891-46fd-8f5c-72bc827f2ef5:20160407213828.478:310</Value>
          <Value>isSingleValued:310:1:55a73700-c891-46fd-8f5c-72bc827f2ef5:20160407213828.478:310</Value>
          <Value>lDAPDisplayName:310:1:55a73700-c891-46fd-8f5c-72bc827f2ef5:20160407213828.478:310</Value>
          <Value>modifyTimeStamp:310:1:55a73700-c891-46fd-8f5c-72bc827f2ef5:20160407213828.478:310</Value>
          <Value>objectClass:310:1:55a73700-c891-46fd-8f5c-72bc827f2ef5:20160407213828.478:310</Value>
          <Value>objectGUID:310:1:55a73700-c891-46fd-8f5c-72bc827f2ef5:20160407213828.478:310</Value>
          <Value>oMSyntax:310:1:55a73700-c891-46fd-8f5c-72bc827f2ef5:20160407213828.478:310</Value>
          <Value>schemaIDGUID:310:1:55a73700-c891-46fd-8f5c-72bc827f2ef5:20160407213828.478:310</Value>
          <Value>uSNChanged:310:1:55a73700-c891-46fd-8f5c-72bc827f2ef5:20160407213828.478:310</Value>
          <Value>uSNCreated:310:1:55a73700-c891-46fd-8f5c-72bc827f2ef5:20160407213828.478:310</Value>
          <Value>vmwAttributeUsage:310:1:55a73700-c891-46fd-8f5c-72bc827f2ef5:20160407213828.478:310</Value>
        </AttributeMetadata>
      </AttributeSchemaEntry>
      <AttributeSchemaEntry>
        <Name>vmwPasswordLifetimeDays</Name>
        <AttributeMetadata>
          <Value>attributeID:434:1:55a73700-c891-46fd-8f5c-72bc827f2ef5:20160407213828.676:434</Value>
          <Value>attributeSyntax:434:1:55a73700-c891-46fd-8f5c-72bc827f2ef5:20160407213828.676:434</Value>
          <Value>cn:434:1:55a73700-c891-46fd-8f5c-72bc827f2ef5:20160407213828.676:434</Value>
          <Value>createTimeStamp:434:1:55a73700-c891-46fd-8f5c-72bc827f2ef5:20160407213828.676:434</Value>
          <Value>description:434:1:55a73700-c891-46fd-8f5c-72bc827f2ef5:20160407213828.676:434</Value>
          <Value>entryDN:434:1:55a73700-c891-46fd-8f5c-72bc827f2ef5:20160407213828.676:434</Value>
          <Value>isSingleValued:434:1:55a73700-c891-46fd-8f5c-72bc827f2ef5:20160407213828.676:434</Value>
          <Value>lDAPDisplayName:434:1:55a73700-c891-46fd-8f5c-72bc827f2ef5:20160407213828.676:434</Value>
          <Value>modifyTimeStamp:434:1:55a73700-c891-46fd-8f5c-72bc827f2ef5:20160407213828.676:434</Value>
          <Value>objectClass:434:1:55a73700-c891-46fd-8f5c-72bc827f2ef5:20160407213828.676:434</Value>
          <Value>objectGUID:434:1:55a73700-c891-46fd-8f5c-72bc827f2ef5:20160407213828.676:434</Value>
          <Value>oMSyntax:434:1:55a73700-c891-46fd-8f5c-72bc827f2ef5:20160407213828.676:434</Value>
          <Value>schemaIDGUID:434:1:55a73700-c891-46fd-8f5c-72bc827f2ef5:20160407213828.676:434</Value>
          <Value>uSNChanged:434:1:55a73700-c891-46fd-8f5c-72bc827f2ef5:20160407213828.676:434</Value>
          <Value>uSNCreated:434:1:55a73700-c891-46fd-8f5c-72bc827f2ef5:20160407213828.676:434</Value>
          <Value>vmwAttributeUsage:434:1:55a73700-c891-46fd-8f5c-72bc827f2ef5:20160407213828.676:434</Value>
        </AttributeMetadata>
      </AttributeSchemaEntry>
      <AttributeSchemaEntry>
        <Name>vmwPasswordMaxIdenticalAdjacentChars</Name>
        <AttributeMetadata>
          <Value>attributeID:167:1:55a73700-c891-46fd-8f5c-72bc827f2ef5:20160407213828.274:167</Value>
          <Value>attributeSyntax:167:1:55a73700-c891-46fd-8f5c-72bc827f2ef5:20160407213828.274:167</Value>
          <Value>cn:167:1:55a73700-c891-46fd-8f5c-72bc827f2ef5:20160407213828.274:167</Value>
          <Value>createTimeStamp:167:1:55a73700-c891-46fd-8f5c-72bc827f2ef5:20160407213828.274:167</Value>
          <Value>description:167:1:55a73700-c891-46fd-8f5c-72bc827f2ef5:20160407213828.274:167</Value>
          <Value>entryDN:167:1:55a73700-c891-46fd-8f5c-72bc827f2ef5:20160407213828.274:167</Value>
          <Value>isSingleValued:167:1:55a73700-c891-46fd-8f5c-72bc827f2ef5:20160407213828.274:167</Value>
          <Value>lDAPDisplayName:167:1:55a73700-c891-46fd-8f5c-72bc827f2ef5:20160407213828.274:167</Value>
          <Value>modifyTimeStamp:167:1:55a73700-c891-46fd-8f5c-72bc827f2ef5:20160407213828.274:167</Value>
          <Value>objectClass:167:1:55a73700-c891-46fd-8f5c-72bc827f2ef5:20160407213828.274:167</Value>
          <Value>objectGUID:167:1:55a73700-c891-46fd-8f5c-72bc827f2ef5:20160407213828.274:167</Value>
          <Value>oMSyntax:167:1:55a73700-c891-46fd-8f5c-72bc827f2ef5:20160407213828.274:167</Value>
          <Value>schemaIDGUID:167:1:55a73700-c891-46fd-8f5c-72bc827f2ef5:20160407213828.274:167</Value>
          <Value>uSNChanged:167:1:55a73700-c891-46fd-8f5c-72bc827f2ef5:20160407213828.274:167</Value>
          <Value>uSNCreated:167:1:55a73700-c891-46fd-8f5c-72bc827f2ef5:20160407213828.274:167</Value>
          <Value>vmwAttributeUsage:167:1:55a73700-c891-46fd-8f5c-72bc827f2ef5:20160407213828.274:167</Value>
        </AttributeMetadata>
      </AttributeSchemaEntry>
      <AttributeSchemaEntry>
        <Name>vmwPasswordMaxLength</Name>
        <AttributeMetadata>
          <Value>attributeID:965:1:55a73700-c891-46fd-8f5c-72bc827f2ef5:20160407213829.568:965</Value>
          <Value>attributeSyntax:965:1:55a73700-c891-46fd-8f5c-72bc827f2ef5:20160407213829.568:965</Value>
          <Value>cn:965:1:55a73700-c891-46fd-8f5c-72bc827f2ef5:20160407213829.568:965</Value>
          <Value>createTimeStamp:965:1:55a73700-c891-46fd-8f5c-72bc827f2ef5:20160407213829.568:965</Value>
          <Value>description:965:1:55a73700-c891-46fd-8f5c-72bc827f2ef5:20160407213829.568:965</Value>
          <Value>entryDN:965:1:55a73700-c891-46fd-8f5c-72bc827f2ef5:20160407213829.568:965</Value>
          <Value>isSingleValued:965:1:55a73700-c891-46fd-8f5c-72bc827f2ef5:20160407213829.568:965</Value>
          <Value>lDAPDisplayName:965:1:55a73700-c891-46fd-8f5c-72bc827f2ef5:20160407213829.568:965</Value>
          <Value>modifyTimeStamp:965:1:55a73700-c891-46fd-8f5c-72bc827f2ef5:20160407213829.568:965</Value>
          <Value>objectClass:965:1:55a73700-c891-46fd-8f5c-72bc827f2ef5:20160407213829.568:965</Value>
          <Value>objectGUID:965:1:55a73700-c891-46fd-8f5c-72bc827f2ef5:20160407213829.568:965</Value>
          <Value>oMSyntax:965:1:55a73700-c891-46fd-8f5c-72bc827f2ef5:20160407213829.568:965</Value>
          <Value>schemaIDGUID:965:1:55a73700-c891-46fd-8f5c-72bc827f2ef5:20160407213829.568:965</Value>
          <Value>uSNChanged:965:1:55a73700-c891-46fd-8f5c-72bc827f2ef5:20160407213829.568:965</Value>
          <Value>uSNCreated:965:1:55a73700-c891-46fd-8f5c-72bc827f2ef5:20160407213829.568:965</Value>
          <Value>vmwAttributeUsage:965:1:55a73700-c891-46fd-8f5c-72bc827f2ef5:20160407213829.568:965</Value>
        </AttributeMetadata>
      </AttributeSchemaEntry>
      <AttributeSchemaEntry>
        <Name>vmwPasswordMinAlphabeticCount</Name>
        <AttributeMetadata>
          <Value>attributeID:1208:1:55a73700-c891-46fd-8f5c-72bc827f2ef5:20160407213830.007:1208</Value>
          <Value>attributeSyntax:1208:1:55a73700-c891-46fd-8f5c-72bc827f2ef5:20160407213830.007:1208</Value>
          <Value>cn:1208:1:55a73700-c891-46fd-8f5c-72bc827f2ef5:20160407213830.007:1208</Value>
          <Value>createTimeStamp:1208:1:55a73700-c891-46fd-8f5c-72bc827f2ef5:20160407213830.007:1208</Value>
          <Value>description:1208:1:55a73700-c891-46fd-8f5c-72bc827f2ef5:20160407213830.007:1208</Value>
          <Value>entryDN:1208:1:55a73700-c891-46fd-8f5c-72bc827f2ef5:20160407213830.007:1208</Value>
          <Value>isSingleValued:1208:1:55a73700-c891-46fd-8f5c-72bc827f2ef5:20160407213830.007:1208</Value>
          <Value>lDAPDisplayName:1208:1:55a73700-c891-46fd-8f5c-72bc827f2ef5:20160407213830.007:1208</Value>
          <Value>modifyTimeStamp:1208:1:55a73700-c891-46fd-8f5c-72bc827f2ef5:20160407213830.007:1208</Value>
          <Value>objectClass:1208:1:55a73700-c891-46fd-8f5c-72bc827f2ef5:20160407213830.007:1208</Value>
          <Value>objectGUID:1208:1:55a73700-c891-46fd-8f5c-72bc827f2ef5:20160407213830.007:1208</Value>
          <Value>oMSyntax:1208:1:55a73700-c891-46fd-8f5c-72bc827f2ef5:20160407213830.007:1208</Value>
          <Value>schemaIDGUID:1208:1:55a73700-c891-46fd-8f5c-72bc827f2ef5:20160407213830.007:1208</Value>
          <Value>uSNChanged:1208:1:55a73700-c891-46fd-8f5c-72bc827f2ef5:20160407213830.007:1208</Value>
          <Value>uSNCreated:1208:1:55a73700-c891-46fd-8f5c-72bc827f2ef5:20160407213830.007:1208</Value>
          <Value>vmwAttributeUsage:1208:1:55a73700-c891-46fd-8f5c-72bc827f2ef5:20160407213830.007:1208</Value>
        </AttributeMetadata>
      </AttributeSchemaEntry>
      <AttributeSchemaEntry>
        <Name>vmwPasswordMinLength</Name>
        <AttributeMetadata>
          <Value>attributeID:1547:1:55a73700-c891-46fd-8f5c-72bc827f2ef5:20160407213830.569:1547</Value>
          <Value>attributeSyntax:1547:1:55a73700-c891-46fd-8f5c-72bc827f2ef5:20160407213830.569:1547</Value>
          <Value>cn:1547:1:55a73700-c891-46fd-8f5c-72bc827f2ef5:20160407213830.569:1547</Value>
          <Value>createTimeStamp:1547:1:55a73700-c891-46fd-8f5c-72bc827f2ef5:20160407213830.569:1547</Value>
          <Value>description:1547:1:55a73700-c891-46fd-8f5c-72bc827f2ef5:20160407213830.569:1547</Value>
          <Value>entryDN:1547:1:55a73700-c891-46fd-8f5c-72bc827f2ef5:20160407213830.569:1547</Value>
          <Value>isSingleValued:1547:1:55a73700-c891-46fd-8f5c-72bc827f2ef5:20160407213830.569:1547</Value>
          <Value>lDAPDisplayName:1547:1:55a73700-c891-46fd-8f5c-72bc827f2ef5:20160407213830.569:1547</Value>
          <Value>modifyTimeStamp:1547:1:55a73700-c891-46fd-8f5c-72bc827f2ef5:20160407213830.569:1547</Value>
          <Value>objectClass:1547:1:55a73700-c891-46fd-8f5c-72bc827f2ef5:20160407213830.569:1547</Value>
          <Value>objectGUID:1547:1:55a73700-c891-46fd-8f5c-72bc827f2ef5:20160407213830.569:1547</Value>
          <Value>oMSyntax:1547:1:55a73700-c891-46fd-8f5c-72bc827f2ef5:20160407213830.569:1547</Value>
          <Value>schemaIDGUID:1547:1:55a73700-c891-46fd-8f5c-72bc827f2ef5:20160407213830.569:1547</Value>
          <Value>uSNChanged:1547:1:55a73700-c891-46fd-8f5c-72bc827f2ef5:20160407213830.569:1547</Value>
          <Value>uSNCreated:1547:1:55a73700-c891-46fd-8f5c-72bc827f2ef5:20160407213830.569:1547</Value>
          <Value>vmwAttributeUsage:1547:1:55a73700-c891-46fd-8f5c-72bc827f2ef5:20160407213830.569:1547</Value>
        </AttributeMetadata>
      </AttributeSchemaEntry>
      <AttributeSchemaEntry>
        <Name>vmwPasswordMinLowerCaseCount</Name>
        <AttributeMetadata>
          <Value>attributeID:772:1:55a73700-c891-46fd-8f5c-72bc827f2ef5:20160407213829.242:772</Value>
          <Value>attributeSyntax:772:1:55a73700-c891-46fd-8f5c-72bc827f2ef5:20160407213829.242:772</Value>
          <Value>cn:772:1:55a73700-c891-46fd-8f5c-72bc827f2ef5:20160407213829.242:772</Value>
          <Value>createTimeStamp:772:1:55a73700-c891-46fd-8f5c-72bc827f2ef5:20160407213829.242:772</Value>
          <Value>description:772:1:55a73700-c891-46fd-8f5c-72bc827f2ef5:20160407213829.242:772</Value>
          <Value>entryDN:772:1:55a73700-c891-46fd-8f5c-72bc827f2ef5:20160407213829.242:772</Value>
          <Value>isSingleValued:772:1:55a73700-c891-46fd-8f5c-72bc827f2ef5:20160407213829.242:772</Value>
          <Value>lDAPDisplayName:772:1:55a73700-c891-46fd-8f5c-72bc827f2ef5:20160407213829.242:772</Value>
          <Value>modifyTimeStamp:772:1:55a73700-c891-46fd-8f5c-72bc827f2ef5:20160407213829.242:772</Value>
          <Value>objectClass:772:1:55a73700-c891-46fd-8f5c-72bc827f2ef5:20160407213829.242:772</Value>
          <Value>objectGUID:772:1:55a73700-c891-46fd-8f5c-72bc827f2ef5:20160407213829.242:772</Value>
          <Value>oMSyntax:772:1:55a73700-c891-46fd-8f5c-72bc827f2ef5:20160407213829.242:772</Value>
          <Value>schemaIDGUID:772:1:55a73700-c891-46fd-8f5c-72bc827f2ef5:20160407213829.242:772</Value>
          <Value>uSNChanged:772:1:55a73700-c891-46fd-8f5c-72bc827f2ef5:20160407213829.242:772</Value>
          <Value>uSNCreated:772:1:55a73700-c891-46fd-8f5c-72bc827f2ef5:20160407213829.242:772</Value>
          <Value>vmwAttributeUsage:772:1:55a73700-c891-46fd-8f5c-72bc827f2ef5:20160407213829.242:772</Value>
        </AttributeMetadata>
      </AttributeSchemaEntry>
      <AttributeSchemaEntry>
        <Name>vmwPasswordMinNumericCount</Name>
        <AttributeMetadata>
          <Value>attributeID:1142:1:55a73700-c891-46fd-8f5c-72bc827f2ef5:20160407213829.892:1142</Value>
          <Value>attributeSyntax:1142:1:55a73700-c891-46fd-8f5c-72bc827f2ef5:20160407213829.892:1142</Value>
          <Value>cn:1142:1:55a73700-c891-46fd-8f5c-72bc827f2ef5:20160407213829.892:1142</Value>
          <Value>createTimeStamp:1142:1:55a73700-c891-46fd-8f5c-72bc827f2ef5:20160407213829.892:1142</Value>
          <Value>description:1142:1:55a73700-c891-46fd-8f5c-72bc827f2ef5:20160407213829.892:1142</Value>
          <Value>entryDN:1142:1:55a73700-c891-46fd-8f5c-72bc827f2ef5:20160407213829.892:1142</Value>
          <Value>isSingleValued:1142:1:55a73700-c891-46fd-8f5c-72bc827f2ef5:20160407213829.892:1142</Value>
          <Value>lDAPDisplayName:1142:1:55a73700-c891-46fd-8f5c-72bc827f2ef5:20160407213829.892:1142</Value>
          <Value>modifyTimeStamp:1142:1:55a73700-c891-46fd-8f5c-72bc827f2ef5:20160407213829.892:1142</Value>
          <Value>objectClass:1142:1:55a73700-c891-46fd-8f5c-72bc827f2ef5:20160407213829.892:1142</Value>
          <Value>objectGUID:1142:1:55a73700-c891-46fd-8f5c-72bc827f2ef5:20160407213829.892:1142</Value>
          <Value>oMSyntax:1142:1:55a73700-c891-46fd-8f5c-72bc827f2ef5:20160407213829.892:1142</Value>
          <Value>schemaIDGUID:1142:1:55a73700-c891-46fd-8f5c-72bc827f2ef5:20160407213829.892:1142</Value>
          <Value>uSNChanged:1142:1:55a73700-c891-46fd-8f5c-72bc827f2ef5:20160407213829.892:1142</Value>
          <Value>uSNCreated:1142:1:55a73700-c891-46fd-8f5c-72bc827f2ef5:20160407213829.892:1142</Value>
          <Value>vmwAttributeUsage:1142:1:55a73700-c891-46fd-8f5c-72bc827f2ef5:20160407213829.892:1142</Value>
        </AttributeMetadata>
      </AttributeSchemaEntry>
      <AttributeSchemaEntry>
        <Name>vmwPasswordMinSpecialCharCount</Name>
        <AttributeMetadata>
          <Value>attributeID:218:1:55a73700-c891-46fd-8f5c-72bc827f2ef5:20160407213828.349:218</Value>
          <Value>attributeSyntax:218:1:55a73700-c891-46fd-8f5c-72bc827f2ef5:20160407213828.349:218</Value>
          <Value>cn:218:1:55a73700-c891-46fd-8f5c-72bc827f2ef5:20160407213828.349:218</Value>
          <Value>createTimeStamp:218:1:55a73700-c891-46fd-8f5c-72bc827f2ef5:20160407213828.349:218</Value>
          <Value>description:218:1:55a73700-c891-46fd-8f5c-72bc827f2ef5:20160407213828.349:218</Value>
          <Value>entryDN:218:1:55a73700-c891-46fd-8f5c-72bc827f2ef5:20160407213828.349:218</Value>
          <Value>isSingleValued:218:1:55a73700-c891-46fd-8f5c-72bc827f2ef5:20160407213828.349:218</Value>
          <Value>lDAPDisplayName:218:1:55a73700-c891-46fd-8f5c-72bc827f2ef5:20160407213828.349:218</Value>
          <Value>modifyTimeStamp:218:1:55a73700-c891-46fd-8f5c-72bc827f2ef5:20160407213828.349:218</Value>
          <Value>objectClass:218:1:55a73700-c891-46fd-8f5c-72bc827f2ef5:20160407213828.349:218</Value>
          <Value>objectGUID:218:1:55a73700-c891-46fd-8f5c-72bc827f2ef5:20160407213828.349:218</Value>
          <Value>oMSyntax:218:1:55a73700-c891-46fd-8f5c-72bc827f2ef5:20160407213828.349:218</Value>
          <Value>schemaIDGUID:218:1:55a73700-c891-46fd-8f5c-72bc827f2ef5:20160407213828.349:218</Value>
          <Value>uSNChanged:218:1:55a73700-c891-46fd-8f5c-72bc827f2ef5:20160407213828.349:218</Value>
          <Value>uSNCreated:218:1:55a73700-c891-46fd-8f5c-72bc827f2ef5:20160407213828.349:218</Value>
          <Value>vmwAttributeUsage:218:1:55a73700-c891-46fd-8f5c-72bc827f2ef5:20160407213828.349:218</Value>
        </AttributeMetadata>
      </AttributeSchemaEntry>
      <AttributeSchemaEntry>
        <Name>vmwPasswordMinUpperCaseCount</Name>
        <AttributeMetadata>
          <Value>attributeID:1160:1:55a73700-c891-46fd-8f5c-72bc827f2ef5:20160407213829.921:1160</Value>
          <Value>attributeSyntax:1160:1:55a73700-c891-46fd-8f5c-72bc827f2ef5:20160407213829.921:1160</Value>
          <Value>cn:1160:1:55a73700-c891-46fd-8f5c-72bc827f2ef5:20160407213829.921:1160</Value>
          <Value>createTimeStamp:1160:1:55a73700-c891-46fd-8f5c-72bc827f2ef5:20160407213829.921:1160</Value>
          <Value>description:1160:1:55a73700-c891-46fd-8f5c-72bc827f2ef5:20160407213829.921:1160</Value>
          <Value>entryDN:1160:1:55a73700-c891-46fd-8f5c-72bc827f2ef5:20160407213829.921:1160</Value>
          <Value>isSingleValued:1160:1:55a73700-c891-46fd-8f5c-72bc827f2ef5:20160407213829.921:1160</Value>
          <Value>lDAPDisplayName:1160:1:55a73700-c891-46fd-8f5c-72bc827f2ef5:20160407213829.921:1160</Value>
          <Value>modifyTimeStamp:1160:1:55a73700-c891-46fd-8f5c-72bc827f2ef5:20160407213829.921:1160</Value>
          <Value>objectClass:1160:1:55a73700-c891-46fd-8f5c-72bc827f2ef5:20160407213829.921:1160</Value>
          <Value>objectGUID:1160:1:55a73700-c891-46fd-8f5c-72bc827f2ef5:20160407213829.921:1160</Value>
          <Value>oMSyntax:1160:1:55a73700-c891-46fd-8f5c-72bc827f2ef5:20160407213829.921:1160</Value>
          <Value>schemaIDGUID:1160:1:55a73700-c891-46fd-8f5c-72bc827f2ef5:20160407213829.921:1160</Value>
          <Value>uSNChanged:1160:1:55a73700-c891-46fd-8f5c-72bc827f2ef5:20160407213829.921:1160</Value>
          <Value>uSNCreated:1160:1:55a73700-c891-46fd-8f5c-72bc827f2ef5:20160407213829.921:1160</Value>
          <Value>vmwAttributeUsage:1160:1:55a73700-c891-46fd-8f5c-72bc827f2ef5:20160407213829.921:1160</Value>
        </AttributeMetadata>
      </AttributeSchemaEntry>
      <AttributeSchemaEntry>
        <Name>vmwPasswordNeverExpires</Name>
        <AttributeMetadata>
          <Value>attributeID:346:1:55a73700-c891-46fd-8f5c-72bc827f2ef5:20160407213828.535:346</Value>
          <Value>attributeSyntax:346:1:55a73700-c891-46fd-8f5c-72bc827f2ef5:20160407213828.535:346</Value>
          <Value>cn:346:1:55a73700-c891-46fd-8f5c-72bc827f2ef5:20160407213828.535:346</Value>
          <Value>createTimeStamp:346:1:55a73700-c891-46fd-8f5c-72bc827f2ef5:20160407213828.535:346</Value>
          <Value>description:346:1:55a73700-c891-46fd-8f5c-72bc827f2ef5:20160407213828.535:346</Value>
          <Value>entryDN:346:1:55a73700-c891-46fd-8f5c-72bc827f2ef5:20160407213828.535:346</Value>
          <Value>isSingleValued:346:1:55a73700-c891-46fd-8f5c-72bc827f2ef5:20160407213828.535:346</Value>
          <Value>lDAPDisplayName:346:1:55a73700-c891-46fd-8f5c-72bc827f2ef5:20160407213828.535:346</Value>
          <Value>modifyTimeStamp:346:1:55a73700-c891-46fd-8f5c-72bc827f2ef5:20160407213828.535:346</Value>
          <Value>objectClass:346:1:55a73700-c891-46fd-8f5c-72bc827f2ef5:20160407213828.535:346</Value>
          <Value>objectGUID:346:1:55a73700-c891-46fd-8f5c-72bc827f2ef5:20160407213828.535:346</Value>
          <Value>oMSyntax:346:1:55a73700-c891-46fd-8f5c-72bc827f2ef5:20160407213828.535:346</Value>
          <Value>schemaIDGUID:346:1:55a73700-c891-46fd-8f5c-72bc827f2ef5:20160407213828.535:346</Value>
          <Value>uSNChanged:346:1:55a73700-c891-46fd-8f5c-72bc827f2ef5:20160407213828.535:346</Value>
          <Value>uSNCreated:346:1:55a73700-c891-46fd-8f5c-72bc827f2ef5:20160407213828.535:346</Value>
          <Value>vmwAttributeUsage:346:1:55a73700-c891-46fd-8f5c-72bc827f2ef5:20160407213828.535:346</Value>
        </AttributeMetadata>
      </AttributeSchemaEntry>
      <AttributeSchemaEntry>
        <Name>vmwPasswordProhibitedPreviousCount</Name>
        <AttributeMetadata>
          <Value>attributeID:1636:1:55a73700-c891-46fd-8f5c-72bc827f2ef5:20160407213830.719:1636</Value>
          <Value>attributeSyntax:1636:1:55a73700-c891-46fd-8f5c-72bc827f2ef5:20160407213830.719:1636</Value>
          <Value>cn:1636:1:55a73700-c891-46fd-8f5c-72bc827f2ef5:20160407213830.719:1636</Value>
          <Value>createTimeStamp:1636:1:55a73700-c891-46fd-8f5c-72bc827f2ef5:20160407213830.719:1636</Value>
          <Value>description:1636:1:55a73700-c891-46fd-8f5c-72bc827f2ef5:20160407213830.719:1636</Value>
          <Value>entryDN:1636:1:55a73700-c891-46fd-8f5c-72bc827f2ef5:20160407213830.719:1636</Value>
          <Value>isSingleValued:1636:1:55a73700-c891-46fd-8f5c-72bc827f2ef5:20160407213830.719:1636</Value>
          <Value>lDAPDisplayName:1636:1:55a73700-c891-46fd-8f5c-72bc827f2ef5:20160407213830.719:1636</Value>
          <Value>modifyTimeStamp:1636:1:55a73700-c891-46fd-8f5c-72bc827f2ef5:20160407213830.719:1636</Value>
          <Value>objectClass:1636:1:55a73700-c891-46fd-8f5c-72bc827f2ef5:20160407213830.719:1636</Value>
          <Value>objectGUID:1636:1:55a73700-c891-46fd-8f5c-72bc827f2ef5:20160407213830.719:1636</Value>
          <Value>oMSyntax:1636:1:55a73700-c891-46fd-8f5c-72bc827f2ef5:20160407213830.719:1636</Value>
          <Value>schemaIDGUID:1636:1:55a73700-c891-46fd-8f5c-72bc827f2ef5:20160407213830.719:1636</Value>
          <Value>uSNChanged:1636:1:55a73700-c891-46fd-8f5c-72bc827f2ef5:20160407213830.719:1636</Value>
          <Value>uSNCreated:1636:1:55a73700-c891-46fd-8f5c-72bc827f2ef5:20160407213830.719:1636</Value>
          <Value>vmwAttributeUsage:1636:1:55a73700-c891-46fd-8f5c-72bc827f2ef5:20160407213830.719:1636</Value>
        </AttributeMetadata>
      </AttributeSchemaEntry>
      <AttributeSchemaEntry>
        <Name>vmwPasswordSpecialChars</Name>
        <AttributeMetadata>
          <Value>attributeID:178:1:55a73700-c891-46fd-8f5c-72bc827f2ef5:20160407213828.294:178</Value>
          <Value>attributeSyntax:178:1:55a73700-c891-46fd-8f5c-72bc827f2ef5:20160407213828.294:178</Value>
          <Value>cn:178:1:55a73700-c891-46fd-8f5c-72bc827f2ef5:20160407213828.294:178</Value>
          <Value>createTimeStamp:178:1:55a73700-c891-46fd-8f5c-72bc827f2ef5:20160407213828.294:178</Value>
          <Value>description:178:1:55a73700-c891-46fd-8f5c-72bc827f2ef5:20160407213828.294:178</Value>
          <Value>entryDN:178:1:55a73700-c891-46fd-8f5c-72bc827f2ef5:20160407213828.294:178</Value>
          <Value>isSingleValued:178:1:55a73700-c891-46fd-8f5c-72bc827f2ef5:20160407213828.294:178</Value>
          <Value>lDAPDisplayName:178:1:55a73700-c891-46fd-8f5c-72bc827f2ef5:20160407213828.294:178</Value>
          <Value>modifyTimeStamp:178:1:55a73700-c891-46fd-8f5c-72bc827f2ef5:20160407213828.294:178</Value>
          <Value>objectClass:178:1:55a73700-c891-46fd-8f5c-72bc827f2ef5:20160407213828.294:178</Value>
          <Value>objectGUID:178:1:55a73700-c891-46fd-8f5c-72bc827f2ef5:20160407213828.294:178</Value>
          <Value>oMSyntax:178:1:55a73700-c891-46fd-8f5c-72bc827f2ef5:20160407213828.294:178</Value>
          <Value>schemaIDGUID:178:1:55a73700-c891-46fd-8f5c-72bc827f2ef5:20160407213828.294:178</Value>
          <Value>uSNChanged:178:1:55a73700-c891-46fd-8f5c-72bc827f2ef5:20160407213828.294:178</Value>
          <Value>uSNCreated:178:1:55a73700-c891-46fd-8f5c-72bc827f2ef5:20160407213828.294:178</Value>
          <Value>vmwAttributeUsage:178:1:55a73700-c891-46fd-8f5c-72bc827f2ef5:20160407213828.294:178</Value>
        </AttributeMetadata>
      </AttributeSchemaEntry>
      <AttributeSchemaEntry>
        <Name>vmwPlatformServicesControllerVersion</Name>
        <AttributeMetadata>
          <Value>attributeID:366:1:55a73700-c891-46fd-8f5c-72bc827f2ef5:20160407213828.566:366</Value>
          <Value>attributeSyntax:366:1:55a73700-c891-46fd-8f5c-72bc827f2ef5:20160407213828.566:366</Value>
          <Value>cn:366:1:55a73700-c891-46fd-8f5c-72bc827f2ef5:20160407213828.566:366</Value>
          <Value>createTimeStamp:366:1:55a73700-c891-46fd-8f5c-72bc827f2ef5:20160407213828.566:366</Value>
          <Value>description:366:1:55a73700-c891-46fd-8f5c-72bc827f2ef5:20160407213828.566:366</Value>
          <Value>entryDN:366:1:55a73700-c891-46fd-8f5c-72bc827f2ef5:20160407213828.566:366</Value>
          <Value>isSingleValued:366:1:55a73700-c891-46fd-8f5c-72bc827f2ef5:20160407213828.566:366</Value>
          <Value>lDAPDisplayName:366:1:55a73700-c891-46fd-8f5c-72bc827f2ef5:20160407213828.566:366</Value>
          <Value>modifyTimeStamp:366:1:55a73700-c891-46fd-8f5c-72bc827f2ef5:20160407213828.566:366</Value>
          <Value>objectClass:366:1:55a73700-c891-46fd-8f5c-72bc827f2ef5:20160407213828.566:366</Value>
          <Value>objectGUID:366:1:55a73700-c891-46fd-8f5c-72bc827f2ef5:20160407213828.566:366</Value>
          <Value>oMSyntax:366:1:55a73700-c891-46fd-8f5c-72bc827f2ef5:20160407213828.566:366</Value>
          <Value>schemaIDGUID:366:1:55a73700-c891-46fd-8f5c-72bc827f2ef5:20160407213828.566:366</Value>
          <Value>uSNChanged:366:1:55a73700-c891-46fd-8f5c-72bc827f2ef5:20160407213828.566:366</Value>
          <Value>uSNCreated:366:1:55a73700-c891-46fd-8f5c-72bc827f2ef5:20160407213828.566:366</Value>
          <Value>vmwAttributeUsage:366:1:55a73700-c891-46fd-8f5c-72bc827f2ef5:20160407213828.566:366</Value>
        </AttributeMetadata>
      </AttributeSchemaEntry>
      <AttributeSchemaEntry>
        <Name>vmwRidSequenceNumber</Name>
        <AttributeMetadata>
          <Value>attributeID:1746:1:55a73700-c891-46fd-8f5c-72bc827f2ef5:20160407213830.912:1746</Value>
          <Value>attributeSyntax:1746:1:55a73700-c891-46fd-8f5c-72bc827f2ef5:20160407213830.912:1746</Value>
          <Value>cn:1746:1:55a73700-c891-46fd-8f5c-72bc827f2ef5:20160407213830.912:1746</Value>
          <Value>createTimeStamp:1746:1:55a73700-c891-46fd-8f5c-72bc827f2ef5:20160407213830.912:1746</Value>
          <Value>description:1746:1:55a73700-c891-46fd-8f5c-72bc827f2ef5:20160407213830.912:1746</Value>
          <Value>entryDN:1746:1:55a73700-c891-46fd-8f5c-72bc827f2ef5:20160407213830.912:1746</Value>
          <Value>isSingleValued:1746:1:55a73700-c891-46fd-8f5c-72bc827f2ef5:20160407213830.912:1746</Value>
          <Value>lDAPDisplayName:1746:1:55a73700-c891-46fd-8f5c-72bc827f2ef5:20160407213830.912:1746</Value>
          <Value>modifyTimeStamp:1746:1:55a73700-c891-46fd-8f5c-72bc827f2ef5:20160407213830.912:1746</Value>
          <Value>objectClass:1746:1:55a73700-c891-46fd-8f5c-72bc827f2ef5:20160407213830.912:1746</Value>
          <Value>objectGUID:1746:1:55a73700-c891-46fd-8f5c-72bc827f2ef5:20160407213830.912:1746</Value>
          <Value>oMSyntax:1746:1:55a73700-c891-46fd-8f5c-72bc827f2ef5:20160407213830.912:1746</Value>
          <Value>schemaIDGUID:1746:1:55a73700-c891-46fd-8f5c-72bc827f2ef5:20160407213830.912:1746</Value>
          <Value>uSNChanged:1746:1:55a73700-c891-46fd-8f5c-72bc827f2ef5:20160407213830.912:1746</Value>
          <Value>uSNCreated:1746:1:55a73700-c891-46fd-8f5c-72bc827f2ef5:20160407213830.912:1746</Value>
          <Value>vmwAttributeUsage:1746:1:55a73700-c891-46fd-8f5c-72bc827f2ef5:20160407213830.912:1746</Value>
        </AttributeMetadata>
      </AttributeSchemaEntry>
      <AttributeSchemaEntry>
        <Name>vmwSecurityDescriptor</Name>
        <AttributeMetadata>
          <Value>attributeID:815:1:55a73700-c891-46fd-8f5c-72bc827f2ef5:20160407213829.320:815</Value>
          <Value>attributeSyntax:815:1:55a73700-c891-46fd-8f5c-72bc827f2ef5:20160407213829.320:815</Value>
          <Value>cn:815:1:55a73700-c891-46fd-8f5c-72bc827f2ef5:20160407213829.320:815</Value>
          <Value>createTimeStamp:815:1:55a73700-c891-46fd-8f5c-72bc827f2ef5:20160407213829.320:815</Value>
          <Value>entryDN:815:1:55a73700-c891-46fd-8f5c-72bc827f2ef5:20160407213829.320:815</Value>
          <Value>isSingleValued:815:1:55a73700-c891-46fd-8f5c-72bc827f2ef5:20160407213829.320:815</Value>
          <Value>lDAPDisplayName:815:1:55a73700-c891-46fd-8f5c-72bc827f2ef5:20160407213829.320:815</Value>
          <Value>modifyTimeStamp:815:1:55a73700-c891-46fd-8f5c-72bc827f2ef5:20160407213829.320:815</Value>
          <Value>objectClass:815:1:55a73700-c891-46fd-8f5c-72bc827f2ef5:20160407213829.320:815</Value>
          <Value>objectGUID:815:1:55a73700-c891-46fd-8f5c-72bc827f2ef5:20160407213829.320:815</Value>
          <Value>oMSyntax:815:1:55a73700-c891-46fd-8f5c-72bc827f2ef5:20160407213829.320:815</Value>
          <Value>schemaIDGUID:815:1:55a73700-c891-46fd-8f5c-72bc827f2ef5:20160407213829.320:815</Value>
          <Value>uSNChanged:815:1:55a73700-c891-46fd-8f5c-72bc827f2ef5:20160407213829.320:815</Value>
          <Value>uSNCreated:815:1:55a73700-c891-46fd-8f5c-72bc827f2ef5:20160407213829.320:815</Value>
          <Value>vmwAttributeUsage:815:1:55a73700-c891-46fd-8f5c-72bc827f2ef5:20160407213829.320:815</Value>
        </AttributeMetadata>
      </AttributeSchemaEntry>
      <AttributeSchemaEntry>
        <Name>vmwServerGUID</Name>
        <AttributeMetadata>
          <Value>attributeID:161:1:55a73700-c891-46fd-8f5c-72bc827f2ef5:20160407213828.269:161</Value>
          <Value>attributeSyntax:161:1:55a73700-c891-46fd-8f5c-72bc827f2ef5:20160407213828.269:161</Value>
          <Value>cn:161:1:55a73700-c891-46fd-8f5c-72bc827f2ef5:20160407213828.269:161</Value>
          <Value>createTimeStamp:161:1:55a73700-c891-46fd-8f5c-72bc827f2ef5:20160407213828.269:161</Value>
          <Value>description:161:1:55a73700-c891-46fd-8f5c-72bc827f2ef5:20160407213828.269:161</Value>
          <Value>entryDN:161:1:55a73700-c891-46fd-8f5c-72bc827f2ef5:20160407213828.269:161</Value>
          <Value>isSingleValued:161:1:55a73700-c891-46fd-8f5c-72bc827f2ef5:20160407213828.269:161</Value>
          <Value>lDAPDisplayName:161:1:55a73700-c891-46fd-8f5c-72bc827f2ef5:20160407213828.269:161</Value>
          <Value>modifyTimeStamp:161:1:55a73700-c891-46fd-8f5c-72bc827f2ef5:20160407213828.269:161</Value>
          <Value>objectClass:161:1:55a73700-c891-46fd-8f5c-72bc827f2ef5:20160407213828.269:161</Value>
          <Value>objectGUID:161:1:55a73700-c891-46fd-8f5c-72bc827f2ef5:20160407213828.269:161</Value>
          <Value>oMSyntax:161:1:55a73700-c891-46fd-8f5c-72bc827f2ef5:20160407213828.269:161</Value>
          <Value>schemaIDGUID:161:1:55a73700-c891-46fd-8f5c-72bc827f2ef5:20160407213828.269:161</Value>
          <Value>uSNChanged:161:1:55a73700-c891-46fd-8f5c-72bc827f2ef5:20160407213828.269:161</Value>
          <Value>uSNCreated:161:1:55a73700-c891-46fd-8f5c-72bc827f2ef5:20160407213828.269:161</Value>
          <Value>vmwAttributeUsage:161:1:55a73700-c891-46fd-8f5c-72bc827f2ef5:20160407213828.269:161</Value>
        </AttributeMetadata>
      </AttributeSchemaEntry>
      <AttributeSchemaEntry>
        <Name>vmwServerRunTimeStatus</Name>
        <AttributeMetadata>
          <Value>attributeID:1223:1:55a73700-c891-46fd-8f5c-72bc827f2ef5:20160407213830.035:1223</Value>
          <Value>attributeSyntax:1223:1:55a73700-c891-46fd-8f5c-72bc827f2ef5:20160407213830.035:1223</Value>
          <Value>cn:1223:1:55a73700-c891-46fd-8f5c-72bc827f2ef5:20160407213830.035:1223</Value>
          <Value>createTimeStamp:1223:1:55a73700-c891-46fd-8f5c-72bc827f2ef5:20160407213830.035:1223</Value>
          <Value>description:1223:1:55a73700-c891-46fd-8f5c-72bc827f2ef5:20160407213830.035:1223</Value>
          <Value>entryDN:1223:1:55a73700-c891-46fd-8f5c-72bc827f2ef5:20160407213830.035:1223</Value>
          <Value>isSingleValued:1223:1:55a73700-c891-46fd-8f5c-72bc827f2ef5:20160407213830.035:1223</Value>
          <Value>lDAPDisplayName:1223:1:55a73700-c891-46fd-8f5c-72bc827f2ef5:20160407213830.035:1223</Value>
          <Value>modifyTimeStamp:1223:1:55a73700-c891-46fd-8f5c-72bc827f2ef5:20160407213830.035:1223</Value>
          <Value>objectClass:1223:1:55a73700-c891-46fd-8f5c-72bc827f2ef5:20160407213830.035:1223</Value>
          <Value>objectGUID:1223:1:55a73700-c891-46fd-8f5c-72bc827f2ef5:20160407213830.035:1223</Value>
          <Value>oMSyntax:1223:1:55a73700-c891-46fd-8f5c-72bc827f2ef5:20160407213830.035:1223</Value>
          <Value>schemaIDGUID:1223:1:55a73700-c891-46fd-8f5c-72bc827f2ef5:20160407213830.035:1223</Value>
          <Value>uSNChanged:1223:1:55a73700-c891-46fd-8f5c-72bc827f2ef5:20160407213830.035:1223</Value>
          <Value>uSNCreated:1223:1:55a73700-c891-46fd-8f5c-72bc827f2ef5:20160407213830.035:1223</Value>
          <Value>vmwAttributeUsage:1223:1:55a73700-c891-46fd-8f5c-72bc827f2ef5:20160407213830.035:1223</Value>
        </AttributeMetadata>
      </AttributeSchemaEntry>
      <AttributeSchemaEntry>
        <Name>vmwServerVersion</Name>
        <AttributeMetadata>
          <Value>attributeID:114:1:55a73700-c891-46fd-8f5c-72bc827f2ef5:20160407213828.204:114</Value>
          <Value>attributeSyntax:114:1:55a73700-c891-46fd-8f5c-72bc827f2ef5:20160407213828.204:114</Value>
          <Value>cn:114:1:55a73700-c891-46fd-8f5c-72bc827f2ef5:20160407213828.204:114</Value>
          <Value>createTimeStamp:114:1:55a73700-c891-46fd-8f5c-72bc827f2ef5:20160407213828.204:114</Value>
          <Value>description:114:1:55a73700-c891-46fd-8f5c-72bc827f2ef5:20160407213828.204:114</Value>
          <Value>entryDN:114:1:55a73700-c891-46fd-8f5c-72bc827f2ef5:20160407213828.204:114</Value>
          <Value>isSingleValued:114:1:55a73700-c891-46fd-8f5c-72bc827f2ef5:20160407213828.204:114</Value>
          <Value>lDAPDisplayName:114:1:55a73700-c891-46fd-8f5c-72bc827f2ef5:20160407213828.204:114</Value>
          <Value>modifyTimeStamp:114:1:55a73700-c891-46fd-8f5c-72bc827f2ef5:20160407213828.204:114</Value>
          <Value>objectClass:114:1:55a73700-c891-46fd-8f5c-72bc827f2ef5:20160407213828.204:114</Value>
          <Value>objectGUID:114:1:55a73700-c891-46fd-8f5c-72bc827f2ef5:20160407213828.204:114</Value>
          <Value>oMSyntax:114:1:55a73700-c891-46fd-8f5c-72bc827f2ef5:20160407213828.204:114</Value>
          <Value>schemaIDGUID:114:1:55a73700-c891-46fd-8f5c-72bc827f2ef5:20160407213828.204:114</Value>
          <Value>uSNChanged:114:1:55a73700-c891-46fd-8f5c-72bc827f2ef5:20160407213828.204:114</Value>
          <Value>uSNCreated:114:1:55a73700-c891-46fd-8f5c-72bc827f2ef5:20160407213828.204:114</Value>
          <Value>vmwAttributeUsage:114:1:55a73700-c891-46fd-8f5c-72bc827f2ef5:20160407213828.204:114</Value>
        </AttributeMetadata>
      </AttributeSchemaEntry>
      <AttributeSchemaEntry>
        <Name>vmwSRPSecret</Name>
        <AttributeMetadata>
          <Value>attributeID:833:1:55a73700-c891-46fd-8f5c-72bc827f2ef5:20160407213829.351:833</Value>
          <Value>attributeSyntax:833:1:55a73700-c891-46fd-8f5c-72bc827f2ef5:20160407213829.351:833</Value>
          <Value>cn:833:1:55a73700-c891-46fd-8f5c-72bc827f2ef5:20160407213829.351:833</Value>
          <Value>createTimeStamp:833:1:55a73700-c891-46fd-8f5c-72bc827f2ef5:20160407213829.351:833</Value>
          <Value>description:833:1:55a73700-c891-46fd-8f5c-72bc827f2ef5:20160407213829.351:833</Value>
          <Value>entryDN:833:1:55a73700-c891-46fd-8f5c-72bc827f2ef5:20160407213829.351:833</Value>
          <Value>isSingleValued:833:1:55a73700-c891-46fd-8f5c-72bc827f2ef5:20160407213829.351:833</Value>
          <Value>lDAPDisplayName:833:1:55a73700-c891-46fd-8f5c-72bc827f2ef5:20160407213829.351:833</Value>
          <Value>modifyTimeStamp:833:1:55a73700-c891-46fd-8f5c-72bc827f2ef5:20160407213829.351:833</Value>
          <Value>objectClass:833:1:55a73700-c891-46fd-8f5c-72bc827f2ef5:20160407213829.351:833</Value>
          <Value>objectGUID:833:1:55a73700-c891-46fd-8f5c-72bc827f2ef5:20160407213829.351:833</Value>
          <Value>oMSyntax:833:1:55a73700-c891-46fd-8f5c-72bc827f2ef5:20160407213829.351:833</Value>
          <Value>schemaIDGUID:833:1:55a73700-c891-46fd-8f5c-72bc827f2ef5:20160407213829.351:833</Value>
          <Value>uSNChanged:833:1:55a73700-c891-46fd-8f5c-72bc827f2ef5:20160407213829.351:833</Value>
          <Value>uSNCreated:833:1:55a73700-c891-46fd-8f5c-72bc827f2ef5:20160407213829.351:833</Value>
          <Value>vmwAttributeUsage:833:1:55a73700-c891-46fd-8f5c-72bc827f2ef5:20160407213829.351:833</Value>
        </AttributeMetadata>
      </AttributeSchemaEntry>
      <AttributeSchemaEntry>
        <Name>vmwSTSAlias</Name>
        <AttributeMetadata>
          <Value>attributeID:463:1:55a73700-c891-46fd-8f5c-72bc827f2ef5:20160407213828.716:463</Value>
          <Value>attributeSyntax:463:1:55a73700-c891-46fd-8f5c-72bc827f2ef5:20160407213828.716:463</Value>
          <Value>cn:463:1:55a73700-c891-46fd-8f5c-72bc827f2ef5:20160407213828.716:463</Value>
          <Value>createTimeStamp:463:1:55a73700-c891-46fd-8f5c-72bc827f2ef5:20160407213828.716:463</Value>
          <Value>description:463:1:55a73700-c891-46fd-8f5c-72bc827f2ef5:20160407213828.716:463</Value>
          <Value>entryDN:463:1:55a73700-c891-46fd-8f5c-72bc827f2ef5:20160407213828.716:463</Value>
          <Value>isSingleValued:463:1:55a73700-c891-46fd-8f5c-72bc827f2ef5:20160407213828.716:463</Value>
          <Value>lDAPDisplayName:463:1:55a73700-c891-46fd-8f5c-72bc827f2ef5:20160407213828.716:463</Value>
          <Value>modifyTimeStamp:463:1:55a73700-c891-46fd-8f5c-72bc827f2ef5:20160407213828.716:463</Value>
          <Value>objectClass:463:1:55a73700-c891-46fd-8f5c-72bc827f2ef5:20160407213828.716:463</Value>
          <Value>objectGUID:463:1:55a73700-c891-46fd-8f5c-72bc827f2ef5:20160407213828.716:463</Value>
          <Value>oMSyntax:463:1:55a73700-c891-46fd-8f5c-72bc827f2ef5:20160407213828.716:463</Value>
          <Value>schemaIDGUID:463:1:55a73700-c891-46fd-8f5c-72bc827f2ef5:20160407213828.716:463</Value>
          <Value>uSNChanged:463:1:55a73700-c891-46fd-8f5c-72bc827f2ef5:20160407213828.716:463</Value>
          <Value>uSNCreated:463:1:55a73700-c891-46fd-8f5c-72bc827f2ef5:20160407213828.716:463</Value>
          <Value>vmwAttributeUsage:463:1:55a73700-c891-46fd-8f5c-72bc827f2ef5:20160407213828.716:463</Value>
        </AttributeMetadata>
      </AttributeSchemaEntry>
      <AttributeSchemaEntry>
        <Name>vmwSTSAuthenticationType</Name>
        <AttributeMetadata>
          <Value>attributeID:153:1:55a73700-c891-46fd-8f5c-72bc827f2ef5:20160407213828.261:153</Value>
          <Value>attributeSyntax:153:1:55a73700-c891-46fd-8f5c-72bc827f2ef5:20160407213828.261:153</Value>
          <Value>cn:153:1:55a73700-c891-46fd-8f5c-72bc827f2ef5:20160407213828.261:153</Value>
          <Value>createTimeStamp:153:1:55a73700-c891-46fd-8f5c-72bc827f2ef5:20160407213828.261:153</Value>
          <Value>description:153:1:55a73700-c891-46fd-8f5c-72bc827f2ef5:20160407213828.261:153</Value>
          <Value>entryDN:153:1:55a73700-c891-46fd-8f5c-72bc827f2ef5:20160407213828.261:153</Value>
          <Value>isSingleValued:153:1:55a73700-c891-46fd-8f5c-72bc827f2ef5:20160407213828.261:153</Value>
          <Value>lDAPDisplayName:153:1:55a73700-c891-46fd-8f5c-72bc827f2ef5:20160407213828.261:153</Value>
          <Value>modifyTimeStamp:153:1:55a73700-c891-46fd-8f5c-72bc827f2ef5:20160407213828.261:153</Value>
          <Value>objectClass:153:1:55a73700-c891-46fd-8f5c-72bc827f2ef5:20160407213828.261:153</Value>
          <Value>objectGUID:153:1:55a73700-c891-46fd-8f5c-72bc827f2ef5:20160407213828.261:153</Value>
          <Value>oMSyntax:153:1:55a73700-c891-46fd-8f5c-72bc827f2ef5:20160407213828.261:153</Value>
          <Value>schemaIDGUID:153:1:55a73700-c891-46fd-8f5c-72bc827f2ef5:20160407213828.261:153</Value>
          <Value>uSNChanged:153:1:55a73700-c891-46fd-8f5c-72bc827f2ef5:20160407213828.261:153</Value>
          <Value>uSNCreated:153:1:55a73700-c891-46fd-8f5c-72bc827f2ef5:20160407213828.261:153</Value>
          <Value>vmwAttributeUsage:153:1:55a73700-c891-46fd-8f5c-72bc827f2ef5:20160407213828.261:153</Value>
        </AttributeMetadata>
      </AttributeSchemaEntry>
      <AttributeSchemaEntry>
        <Name>vmwSTSAuthnRequestsSigned</Name>
        <AttributeMetadata>
          <Value>attributeID:231:1:55a73700-c891-46fd-8f5c-72bc827f2ef5:20160407213828.363:231</Value>
          <Value>attributeSyntax:231:1:55a73700-c891-46fd-8f5c-72bc827f2ef5:20160407213828.363:231</Value>
          <Value>cn:231:1:55a73700-c891-46fd-8f5c-72bc827f2ef5:20160407213828.363:231</Value>
          <Value>createTimeStamp:231:1:55a73700-c891-46fd-8f5c-72bc827f2ef5:20160407213828.363:231</Value>
          <Value>description:231:1:55a73700-c891-46fd-8f5c-72bc827f2ef5:20160407213828.363:231</Value>
          <Value>entryDN:231:1:55a73700-c891-46fd-8f5c-72bc827f2ef5:20160407213828.363:231</Value>
          <Value>isSingleValued:231:1:55a73700-c891-46fd-8f5c-72bc827f2ef5:20160407213828.363:231</Value>
          <Value>lDAPDisplayName:231:1:55a73700-c891-46fd-8f5c-72bc827f2ef5:20160407213828.363:231</Value>
          <Value>modifyTimeStamp:231:1:55a73700-c891-46fd-8f5c-72bc827f2ef5:20160407213828.363:231</Value>
          <Value>objectClass:231:1:55a73700-c891-46fd-8f5c-72bc827f2ef5:20160407213828.363:231</Value>
          <Value>objectGUID:231:1:55a73700-c891-46fd-8f5c-72bc827f2ef5:20160407213828.363:231</Value>
          <Value>oMSyntax:231:1:55a73700-c891-46fd-8f5c-72bc827f2ef5:20160407213828.363:231</Value>
          <Value>schemaIDGUID:231:1:55a73700-c891-46fd-8f5c-72bc827f2ef5:20160407213828.363:231</Value>
          <Value>uSNChanged:231:1:55a73700-c891-46fd-8f5c-72bc827f2ef5:20160407213828.363:231</Value>
          <Value>uSNCreated:231:1:55a73700-c891-46fd-8f5c-72bc827f2ef5:20160407213828.363:231</Value>
          <Value>vmwAttributeUsage:231:1:55a73700-c891-46fd-8f5c-72bc827f2ef5:20160407213828.363:231</Value>
        </AttributeMetadata>
      </AttributeSchemaEntry>
      <AttributeSchemaEntry>
        <Name>vmwSTSAuthnTypes</Name>
        <AttributeMetadata>
          <Value>attributeID:1280:1:55a73700-c891-46fd-8f5c-72bc827f2ef5:20160407213830.127:1280</Value>
          <Value>attributeSyntax:1280:1:55a73700-c891-46fd-8f5c-72bc827f2ef5:20160407213830.127:1280</Value>
          <Value>cn:1280:1:55a73700-c891-46fd-8f5c-72bc827f2ef5:20160407213830.127:1280</Value>
          <Value>createTimeStamp:1280:1:55a73700-c891-46fd-8f5c-72bc827f2ef5:20160407213830.127:1280</Value>
          <Value>description:1280:1:55a73700-c891-46fd-8f5c-72bc827f2ef5:20160407213830.127:1280</Value>
          <Value>entryDN:1280:1:55a73700-c891-46fd-8f5c-72bc827f2ef5:20160407213830.127:1280</Value>
          <Value>isSingleValued:1280:1:55a73700-c891-46fd-8f5c-72bc827f2ef5:20160407213830.127:1280</Value>
          <Value>lDAPDisplayName:1280:1:55a73700-c891-46fd-8f5c-72bc827f2ef5:20160407213830.127:1280</Value>
          <Value>modifyTimeStamp:1280:1:55a73700-c891-46fd-8f5c-72bc827f2ef5:20160407213830.127:1280</Value>
          <Value>objectClass:1280:1:55a73700-c891-46fd-8f5c-72bc827f2ef5:20160407213830.127:1280</Value>
          <Value>objectGUID:1280:1:55a73700-c891-46fd-8f5c-72bc827f2ef5:20160407213830.127:1280</Value>
          <Value>oMSyntax:1280:1:55a73700-c891-46fd-8f5c-72bc827f2ef5:20160407213830.127:1280</Value>
          <Value>schemaIDGUID:1280:1:55a73700-c891-46fd-8f5c-72bc827f2ef5:20160407213830.127:1280</Value>
          <Value>uSNChanged:1280:1:55a73700-c891-46fd-8f5c-72bc827f2ef5:20160407213830.127:1280</Value>
          <Value>uSNCreated:1280:1:55a73700-c891-46fd-8f5c-72bc827f2ef5:20160407213830.127:1280</Value>
          <Value>vmwAttributeUsage:1280:1:55a73700-c891-46fd-8f5c-72bc827f2ef5:20160407213830.127:1280</Value>
        </AttributeMetadata>
      </AttributeSchemaEntry>
      <AttributeSchemaEntry>
        <Name>vmwSTSBinding</Name>
        <AttributeMetadata>
          <Value>attributeID:1078:1:55a73700-c891-46fd-8f5c-72bc827f2ef5:20160407213829.770:1078</Value>
          <Value>attributeSyntax:1078:1:55a73700-c891-46fd-8f5c-72bc827f2ef5:20160407213829.770:1078</Value>
          <Value>cn:1078:1:55a73700-c891-46fd-8f5c-72bc827f2ef5:20160407213829.770:1078</Value>
          <Value>createTimeStamp:1078:1:55a73700-c891-46fd-8f5c-72bc827f2ef5:20160407213829.770:1078</Value>
          <Value>description:1078:1:55a73700-c891-46fd-8f5c-72bc827f2ef5:20160407213829.770:1078</Value>
          <Value>entryDN:1078:1:55a73700-c891-46fd-8f5c-72bc827f2ef5:20160407213829.770:1078</Value>
          <Value>isSingleValued:1078:1:55a73700-c891-46fd-8f5c-72bc827f2ef5:20160407213829.770:1078</Value>
          <Value>lDAPDisplayName:1078:1:55a73700-c891-46fd-8f5c-72bc827f2ef5:20160407213829.770:1078</Value>
          <Value>modifyTimeStamp:1078:1:55a73700-c891-46fd-8f5c-72bc827f2ef5:20160407213829.770:1078</Value>
          <Value>objectClass:1078:1:55a73700-c891-46fd-8f5c-72bc827f2ef5:20160407213829.770:1078</Value>
          <Value>objectGUID:1078:1:55a73700-c891-46fd-8f5c-72bc827f2ef5:20160407213829.770:1078</Value>
          <Value>oMSyntax:1078:1:55a73700-c891-46fd-8f5c-72bc827f2ef5:20160407213829.770:1078</Value>
          <Value>schemaIDGUID:1078:1:55a73700-c891-46fd-8f5c-72bc827f2ef5:20160407213829.770:1078</Value>
          <Value>uSNChanged:1078:1:55a73700-c891-46fd-8f5c-72bc827f2ef5:20160407213829.770:1078</Value>
          <Value>uSNCreated:1078:1:55a73700-c891-46fd-8f5c-72bc827f2ef5:20160407213829.770:1078</Value>
          <Value>vmwAttributeUsage:1078:1:55a73700-c891-46fd-8f5c-72bc827f2ef5:20160407213829.770:1078</Value>
        </AttributeMetadata>
      </AttributeSchemaEntry>
      <AttributeSchemaEntry>
        <Name>vmwSTSBrandName</Name>
        <AttributeMetadata>
          <Value>attributeID:1690:1:55a73700-c891-46fd-8f5c-72bc827f2ef5:20160407213830.809:1690</Value>
          <Value>attributeSyntax:1690:1:55a73700-c891-46fd-8f5c-72bc827f2ef5:20160407213830.809:1690</Value>
          <Value>cn:1690:1:55a73700-c891-46fd-8f5c-72bc827f2ef5:20160407213830.809:1690</Value>
          <Value>createTimeStamp:1690:1:55a73700-c891-46fd-8f5c-72bc827f2ef5:20160407213830.809:1690</Value>
          <Value>description:1690:1:55a73700-c891-46fd-8f5c-72bc827f2ef5:20160407213830.809:1690</Value>
          <Value>entryDN:1690:1:55a73700-c891-46fd-8f5c-72bc827f2ef5:20160407213830.809:1690</Value>
          <Value>isSingleValued:1690:1:55a73700-c891-46fd-8f5c-72bc827f2ef5:20160407213830.809:1690</Value>
          <Value>lDAPDisplayName:1690:1:55a73700-c891-46fd-8f5c-72bc827f2ef5:20160407213830.809:1690</Value>
          <Value>modifyTimeStamp:1690:1:55a73700-c891-46fd-8f5c-72bc827f2ef5:20160407213830.809:1690</Value>
          <Value>objectClass:1690:1:55a73700-c891-46fd-8f5c-72bc827f2ef5:20160407213830.809:1690</Value>
          <Value>objectGUID:1690:1:55a73700-c891-46fd-8f5c-72bc827f2ef5:20160407213830.809:1690</Value>
          <Value>oMSyntax:1690:1:55a73700-c891-46fd-8f5c-72bc827f2ef5:20160407213830.809:1690</Value>
          <Value>schemaIDGUID:1690:1:55a73700-c891-46fd-8f5c-72bc827f2ef5:20160407213830.809:1690</Value>
          <Value>uSNChanged:1690:1:55a73700-c891-46fd-8f5c-72bc827f2ef5:20160407213830.809:1690</Value>
          <Value>uSNCreated:1690:1:55a73700-c891-46fd-8f5c-72bc827f2ef5:20160407213830.809:1690</Value>
          <Value>vmwAttributeUsage:1690:1:55a73700-c891-46fd-8f5c-72bc827f2ef5:20160407213830.809:1690</Value>
        </AttributeMetadata>
      </AttributeSchemaEntry>
      <AttributeSchemaEntry>
        <Name>vmwSTSCertificateType</Name>
        <AttributeMetadata>
          <Value>attributeID:758:1:55a73700-c891-46fd-8f5c-72bc827f2ef5:20160407213829.215:758</Value>
          <Value>attributeSyntax:758:1:55a73700-c891-46fd-8f5c-72bc827f2ef5:20160407213829.215:758</Value>
          <Value>cn:758:1:55a73700-c891-46fd-8f5c-72bc827f2ef5:20160407213829.215:758</Value>
          <Value>createTimeStamp:758:1:55a73700-c891-46fd-8f5c-72bc827f2ef5:20160407213829.215:758</Value>
          <Value>description:758:1:55a73700-c891-46fd-8f5c-72bc827f2ef5:20160407213829.215:758</Value>
          <Value>entryDN:758:1:55a73700-c891-46fd-8f5c-72bc827f2ef5:20160407213829.215:758</Value>
          <Value>isSingleValued:758:1:55a73700-c891-46fd-8f5c-72bc827f2ef5:20160407213829.215:758</Value>
          <Value>lDAPDisplayName:758:1:55a73700-c891-46fd-8f5c-72bc827f2ef5:20160407213829.215:758</Value>
          <Value>modifyTimeStamp:758:1:55a73700-c891-46fd-8f5c-72bc827f2ef5:20160407213829.215:758</Value>
          <Value>objectClass:758:1:55a73700-c891-46fd-8f5c-72bc827f2ef5:20160407213829.215:758</Value>
          <Value>objectGUID:758:1:55a73700-c891-46fd-8f5c-72bc827f2ef5:20160407213829.215:758</Value>
          <Value>oMSyntax:758:1:55a73700-c891-46fd-8f5c-72bc827f2ef5:20160407213829.215:758</Value>
          <Value>schemaIDGUID:758:1:55a73700-c891-46fd-8f5c-72bc827f2ef5:20160407213829.215:758</Value>
          <Value>uSNChanged:758:1:55a73700-c891-46fd-8f5c-72bc827f2ef5:20160407213829.215:758</Value>
          <Value>uSNCreated:758:1:55a73700-c891-46fd-8f5c-72bc827f2ef5:20160407213829.215:758</Value>
          <Value>vmwAttributeUsage:758:1:55a73700-c891-46fd-8f5c-72bc827f2ef5:20160407213829.215:758</Value>
        </AttributeMetadata>
      </AttributeSchemaEntry>
      <AttributeSchemaEntry>
        <Name>vmwSTSClientCertCRLCacheSize</Name>
        <AttributeMetadata>
          <Value>attributeID:1018:1:55a73700-c891-46fd-8f5c-72bc827f2ef5:20160407213829.656:1018</Value>
          <Value>attributeSyntax:1018:1:55a73700-c891-46fd-8f5c-72bc827f2ef5:20160407213829.656:1018</Value>
          <Value>cn:1018:1:55a73700-c891-46fd-8f5c-72bc827f2ef5:20160407213829.656:1018</Value>
          <Value>createTimeStamp:1018:1:55a73700-c891-46fd-8f5c-72bc827f2ef5:20160407213829.656:1018</Value>
          <Value>description:1018:1:55a73700-c891-46fd-8f5c-72bc827f2ef5:20160407213829.656:1018</Value>
          <Value>entryDN:1018:1:55a73700-c891-46fd-8f5c-72bc827f2ef5:20160407213829.656:1018</Value>
          <Value>isSingleValued:1018:1:55a73700-c891-46fd-8f5c-72bc827f2ef5:20160407213829.656:1018</Value>
          <Value>lDAPDisplayName:1018:1:55a73700-c891-46fd-8f5c-72bc827f2ef5:20160407213829.656:1018</Value>
          <Value>modifyTimeStamp:1018:1:55a73700-c891-46fd-8f5c-72bc827f2ef5:20160407213829.656:1018</Value>
          <Value>objectClass:1018:1:55a73700-c891-46fd-8f5c-72bc827f2ef5:20160407213829.656:1018</Value>
          <Value>objectGUID:1018:1:55a73700-c891-46fd-8f5c-72bc827f2ef5:20160407213829.656:1018</Value>
          <Value>oMSyntax:1018:1:55a73700-c891-46fd-8f5c-72bc827f2ef5:20160407213829.656:1018</Value>
          <Value>schemaIDGUID:1018:1:55a73700-c891-46fd-8f5c-72bc827f2ef5:20160407213829.656:1018</Value>
          <Value>uSNChanged:1018:1:55a73700-c891-46fd-8f5c-72bc827f2ef5:20160407213829.656:1018</Value>
          <Value>uSNCreated:1018:1:55a73700-c891-46fd-8f5c-72bc827f2ef5:20160407213829.656:1018</Value>
          <Value>vmwAttributeUsage:1018:1:55a73700-c891-46fd-8f5c-72bc827f2ef5:20160407213829.656:1018</Value>
        </AttributeMetadata>
      </AttributeSchemaEntry>
      <AttributeSchemaEntry>
        <Name>vmwSTSClientCertCRLUrl</Name>
        <AttributeMetadata>
          <Value>attributeID:1601:1:55a73700-c891-46fd-8f5c-72bc827f2ef5:20160407213830.658:1601</Value>
          <Value>attributeSyntax:1601:1:55a73700-c891-46fd-8f5c-72bc827f2ef5:20160407213830.658:1601</Value>
          <Value>cn:1601:1:55a73700-c891-46fd-8f5c-72bc827f2ef5:20160407213830.658:1601</Value>
          <Value>createTimeStamp:1601:1:55a73700-c891-46fd-8f5c-72bc827f2ef5:20160407213830.658:1601</Value>
          <Value>description:1601:1:55a73700-c891-46fd-8f5c-72bc827f2ef5:20160407213830.658:1601</Value>
          <Value>entryDN:1601:1:55a73700-c891-46fd-8f5c-72bc827f2ef5:20160407213830.658:1601</Value>
          <Value>isSingleValued:1601:1:55a73700-c891-46fd-8f5c-72bc827f2ef5:20160407213830.658:1601</Value>
          <Value>lDAPDisplayName:1601:1:55a73700-c891-46fd-8f5c-72bc827f2ef5:20160407213830.658:1601</Value>
          <Value>modifyTimeStamp:1601:1:55a73700-c891-46fd-8f5c-72bc827f2ef5:20160407213830.658:1601</Value>
          <Value>objectClass:1601:1:55a73700-c891-46fd-8f5c-72bc827f2ef5:20160407213830.658:1601</Value>
          <Value>objectGUID:1601:1:55a73700-c891-46fd-8f5c-72bc827f2ef5:20160407213830.658:1601</Value>
          <Value>oMSyntax:1601:1:55a73700-c891-46fd-8f5c-72bc827f2ef5:20160407213830.658:1601</Value>
          <Value>schemaIDGUID:1601:1:55a73700-c891-46fd-8f5c-72bc827f2ef5:20160407213830.658:1601</Value>
          <Value>uSNChanged:1601:1:55a73700-c891-46fd-8f5c-72bc827f2ef5:20160407213830.658:1601</Value>
          <Value>uSNCreated:1601:1:55a73700-c891-46fd-8f5c-72bc827f2ef5:20160407213830.658:1601</Value>
          <Value>vmwAttributeUsage:1601:1:55a73700-c891-46fd-8f5c-72bc827f2ef5:20160407213830.658:1601</Value>
        </AttributeMetadata>
      </AttributeSchemaEntry>
      <AttributeSchemaEntry>
        <Name>vmwSTSClientCertCustomCertPolicyOid</Name>
        <AttributeMetadata>
          <Value>attributeID:718:1:55a73700-c891-46fd-8f5c-72bc827f2ef5:20160407213829.151:718</Value>
          <Value>attributeSyntax:718:1:55a73700-c891-46fd-8f5c-72bc827f2ef5:20160407213829.151:718</Value>
          <Value>cn:718:1:55a73700-c891-46fd-8f5c-72bc827f2ef5:20160407213829.151:718</Value>
          <Value>createTimeStamp:718:1:55a73700-c891-46fd-8f5c-72bc827f2ef5:20160407213829.151:718</Value>
          <Value>description:718:1:55a73700-c891-46fd-8f5c-72bc827f2ef5:20160407213829.151:718</Value>
          <Value>entryDN:718:1:55a73700-c891-46fd-8f5c-72bc827f2ef5:20160407213829.151:718</Value>
          <Value>isSingleValued:718:1:55a73700-c891-46fd-8f5c-72bc827f2ef5:20160407213829.151:718</Value>
          <Value>lDAPDisplayName:718:1:55a73700-c891-46fd-8f5c-72bc827f2ef5:20160407213829.151:718</Value>
          <Value>modifyTimeStamp:718:1:55a73700-c891-46fd-8f5c-72bc827f2ef5:20160407213829.151:718</Value>
          <Value>objectClass:718:1:55a73700-c891-46fd-8f5c-72bc827f2ef5:20160407213829.151:718</Value>
          <Value>objectGUID:718:1:55a73700-c891-46fd-8f5c-72bc827f2ef5:20160407213829.151:718</Value>
          <Value>oMSyntax:718:1:55a73700-c891-46fd-8f5c-72bc827f2ef5:20160407213829.151:718</Value>
          <Value>schemaIDGUID:718:1:55a73700-c891-46fd-8f5c-72bc827f2ef5:20160407213829.151:718</Value>
          <Value>uSNChanged:718:1:55a73700-c891-46fd-8f5c-72bc827f2ef5:20160407213829.151:718</Value>
          <Value>uSNCreated:718:1:55a73700-c891-46fd-8f5c-72bc827f2ef5:20160407213829.151:718</Value>
          <Value>vmwAttributeUsage:718:1:55a73700-c891-46fd-8f5c-72bc827f2ef5:20160407213829.151:718</Value>
        </AttributeMetadata>
      </AttributeSchemaEntry>
      <AttributeSchemaEntry>
        <Name>vmwSTSClientCertOCSPEnabled</Name>
        <AttributeMetadata>
          <Value>attributeID:425:1:55a73700-c891-46fd-8f5c-72bc827f2ef5:20160407213828.656:425</Value>
          <Value>attributeSyntax:425:1:55a73700-c891-46fd-8f5c-72bc827f2ef5:20160407213828.656:425</Value>
          <Value>cn:425:1:55a73700-c891-46fd-8f5c-72bc827f2ef5:20160407213828.656:425</Value>
          <Value>createTimeStamp:425:1:55a73700-c891-46fd-8f5c-72bc827f2ef5:20160407213828.656:425</Value>
          <Value>description:425:1:55a73700-c891-46fd-8f5c-72bc827f2ef5:20160407213828.656:425</Value>
          <Value>entryDN:425:1:55a73700-c891-46fd-8f5c-72bc827f2ef5:20160407213828.656:425</Value>
          <Value>isSingleValued:425:1:55a73700-c891-46fd-8f5c-72bc827f2ef5:20160407213828.656:425</Value>
          <Value>lDAPDisplayName:425:1:55a73700-c891-46fd-8f5c-72bc827f2ef5:20160407213828.656:425</Value>
          <Value>modifyTimeStamp:425:1:55a73700-c891-46fd-8f5c-72bc827f2ef5:20160407213828.656:425</Value>
          <Value>objectClass:425:1:55a73700-c891-46fd-8f5c-72bc827f2ef5:20160407213828.656:425</Value>
          <Value>objectGUID:425:1:55a73700-c891-46fd-8f5c-72bc827f2ef5:20160407213828.656:425</Value>
          <Value>oMSyntax:425:1:55a73700-c891-46fd-8f5c-72bc827f2ef5:20160407213828.656:425</Value>
          <Value>schemaIDGUID:425:1:55a73700-c891-46fd-8f5c-72bc827f2ef5:20160407213828.656:425</Value>
          <Value>uSNChanged:425:1:55a73700-c891-46fd-8f5c-72bc827f2ef5:20160407213828.656:425</Value>
          <Value>uSNCreated:425:1:55a73700-c891-46fd-8f5c-72bc827f2ef5:20160407213828.656:425</Value>
          <Value>vmwAttributeUsage:425:1:55a73700-c891-46fd-8f5c-72bc827f2ef5:20160407213828.656:425</Value>
        </AttributeMetadata>
      </AttributeSchemaEntry>
      <AttributeSchemaEntry>
        <Name>vmwSTSClientCertOCSPUrl</Name>
        <AttributeMetadata>
          <Value>attributeID:1034:1:55a73700-c891-46fd-8f5c-72bc827f2ef5:20160407213829.683:1034</Value>
          <Value>attributeSyntax:1034:1:55a73700-c891-46fd-8f5c-72bc827f2ef5:20160407213829.683:1034</Value>
          <Value>cn:1034:1:55a73700-c891-46fd-8f5c-72bc827f2ef5:20160407213829.683:1034</Value>
          <Value>createTimeStamp:1034:1:55a73700-c891-46fd-8f5c-72bc827f2ef5:20160407213829.683:1034</Value>
          <Value>description:1034:1:55a73700-c891-46fd-8f5c-72bc827f2ef5:20160407213829.683:1034</Value>
          <Value>entryDN:1034:1:55a73700-c891-46fd-8f5c-72bc827f2ef5:20160407213829.683:1034</Value>
          <Value>isSingleValued:1034:1:55a73700-c891-46fd-8f5c-72bc827f2ef5:20160407213829.683:1034</Value>
          <Value>lDAPDisplayName:1034:1:55a73700-c891-46fd-8f5c-72bc827f2ef5:20160407213829.683:1034</Value>
          <Value>modifyTimeStamp:1034:1:55a73700-c891-46fd-8f5c-72bc827f2ef5:20160407213829.683:1034</Value>
          <Value>objectClass:1034:1:55a73700-c891-46fd-8f5c-72bc827f2ef5:20160407213829.683:1034</Value>
          <Value>objectGUID:1034:1:55a73700-c891-46fd-8f5c-72bc827f2ef5:20160407213829.683:1034</Value>
          <Value>oMSyntax:1034:1:55a73700-c891-46fd-8f5c-72bc827f2ef5:20160407213829.683:1034</Value>
          <Value>schemaIDGUID:1034:1:55a73700-c891-46fd-8f5c-72bc827f2ef5:20160407213829.683:1034</Value>
          <Value>uSNChanged:1034:1:55a73700-c891-46fd-8f5c-72bc827f2ef5:20160407213829.683:1034</Value>
          <Value>uSNCreated:1034:1:55a73700-c891-46fd-8f5c-72bc827f2ef5:20160407213829.683:1034</Value>
          <Value>vmwAttributeUsage:1034:1:55a73700-c891-46fd-8f5c-72bc827f2ef5:20160407213829.683:1034</Value>
        </AttributeMetadata>
      </AttributeSchemaEntry>
      <AttributeSchemaEntry>
        <Name>vmwSTSClientCertRevocationCheckEnabled</Name>
        <AttributeMetadata>
          <Value>attributeID:508:1:55a73700-c891-46fd-8f5c-72bc827f2ef5:20160407213828.795:508</Value>
          <Value>attributeSyntax:508:1:55a73700-c891-46fd-8f5c-72bc827f2ef5:20160407213828.795:508</Value>
          <Value>cn:508:1:55a73700-c891-46fd-8f5c-72bc827f2ef5:20160407213828.795:508</Value>
          <Value>createTimeStamp:508:1:55a73700-c891-46fd-8f5c-72bc827f2ef5:20160407213828.795:508</Value>
          <Value>description:508:1:55a73700-c891-46fd-8f5c-72bc827f2ef5:20160407213828.795:508</Value>
          <Value>entryDN:508:1:55a73700-c891-46fd-8f5c-72bc827f2ef5:20160407213828.795:508</Value>
          <Value>isSingleValued:508:1:55a73700-c891-46fd-8f5c-72bc827f2ef5:20160407213828.795:508</Value>
          <Value>lDAPDisplayName:508:1:55a73700-c891-46fd-8f5c-72bc827f2ef5:20160407213828.795:508</Value>
          <Value>modifyTimeStamp:508:1:55a73700-c891-46fd-8f5c-72bc827f2ef5:20160407213828.795:508</Value>
          <Value>objectClass:508:1:55a73700-c891-46fd-8f5c-72bc827f2ef5:20160407213828.795:508</Value>
          <Value>objectGUID:508:1:55a73700-c891-46fd-8f5c-72bc827f2ef5:20160407213828.795:508</Value>
          <Value>oMSyntax:508:1:55a73700-c891-46fd-8f5c-72bc827f2ef5:20160407213828.795:508</Value>
          <Value>schemaIDGUID:508:1:55a73700-c891-46fd-8f5c-72bc827f2ef5:20160407213828.795:508</Value>
          <Value>uSNChanged:508:1:55a73700-c891-46fd-8f5c-72bc827f2ef5:20160407213828.795:508</Value>
          <Value>uSNCreated:508:1:55a73700-c891-46fd-8f5c-72bc827f2ef5:20160407213828.795:508</Value>
          <Value>vmwAttributeUsage:508:1:55a73700-c891-46fd-8f5c-72bc827f2ef5:20160407213828.795:508</Value>
        </AttributeMetadata>
      </AttributeSchemaEntry>
      <AttributeSchemaEntry>
        <Name>vmwSTSClientCertSendOCSPNounce</Name>
        <AttributeMetadata>
          <Value>attributeID:1417:1:55a73700-c891-46fd-8f5c-72bc827f2ef5:20160407213830.355:1417</Value>
          <Value>attributeSyntax:1417:1:55a73700-c891-46fd-8f5c-72bc827f2ef5:20160407213830.355:1417</Value>
          <Value>cn:1417:1:55a73700-c891-46fd-8f5c-72bc827f2ef5:20160407213830.355:1417</Value>
          <Value>createTimeStamp:1417:1:55a73700-c891-46fd-8f5c-72bc827f2ef5:20160407213830.355:1417</Value>
          <Value>description:1417:1:55a73700-c891-46fd-8f5c-72bc827f2ef5:20160407213830.355:1417</Value>
          <Value>entryDN:1417:1:55a73700-c891-46fd-8f5c-72bc827f2ef5:20160407213830.355:1417</Value>
          <Value>isSingleValued:1417:1:55a73700-c891-46fd-8f5c-72bc827f2ef5:20160407213830.355:1417</Value>
          <Value>lDAPDisplayName:1417:1:55a73700-c891-46fd-8f5c-72bc827f2ef5:20160407213830.355:1417</Value>
          <Value>modifyTimeStamp:1417:1:55a73700-c891-46fd-8f5c-72bc827f2ef5:20160407213830.355:1417</Value>
          <Value>objectClass:1417:1:55a73700-c891-46fd-8f5c-72bc827f2ef5:20160407213830.355:1417</Value>
          <Value>objectGUID:1417:1:55a73700-c891-46fd-8f5c-72bc827f2ef5:20160407213830.355:1417</Value>
          <Value>oMSyntax:1417:1:55a73700-c891-46fd-8f5c-72bc827f2ef5:20160407213830.355:1417</Value>
          <Value>schemaIDGUID:1417:1:55a73700-c891-46fd-8f5c-72bc827f2ef5:20160407213830.355:1417</Value>
          <Value>uSNChanged:1417:1:55a73700-c891-46fd-8f5c-72bc827f2ef5:20160407213830.355:1417</Value>
          <Value>uSNCreated:1417:1:55a73700-c891-46fd-8f5c-72bc827f2ef5:20160407213830.355:1417</Value>
          <Value>vmwAttributeUsage:1417:1:55a73700-c891-46fd-8f5c-72bc827f2ef5:20160407213830.355:1417</Value>
        </AttributeMetadata>
      </AttributeSchemaEntry>
      <AttributeSchemaEntry>
        <Name>vmwSTSClientCertUseCertCRL</Name>
        <AttributeMetadata>
          <Value>attributeID:802:1:55a73700-c891-46fd-8f5c-72bc827f2ef5:20160407213829.296:802</Value>
          <Value>attributeSyntax:802:1:55a73700-c891-46fd-8f5c-72bc827f2ef5:20160407213829.296:802</Value>
          <Value>cn:802:1:55a73700-c891-46fd-8f5c-72bc827f2ef5:20160407213829.296:802</Value>
          <Value>createTimeStamp:802:1:55a73700-c891-46fd-8f5c-72bc827f2ef5:20160407213829.296:802</Value>
          <Value>description:802:1:55a73700-c891-46fd-8f5c-72bc827f2ef5:20160407213829.296:802</Value>
          <Value>entryDN:802:1:55a73700-c891-46fd-8f5c-72bc827f2ef5:20160407213829.296:802</Value>
          <Value>isSingleValued:802:1:55a73700-c891-46fd-8f5c-72bc827f2ef5:20160407213829.296:802</Value>
          <Value>lDAPDisplayName:802:1:55a73700-c891-46fd-8f5c-72bc827f2ef5:20160407213829.296:802</Value>
          <Value>modifyTimeStamp:802:1:55a73700-c891-46fd-8f5c-72bc827f2ef5:20160407213829.296:802</Value>
          <Value>objectClass:802:1:55a73700-c891-46fd-8f5c-72bc827f2ef5:20160407213829.296:802</Value>
          <Value>objectGUID:802:1:55a73700-c891-46fd-8f5c-72bc827f2ef5:20160407213829.296:802</Value>
          <Value>oMSyntax:802:1:55a73700-c891-46fd-8f5c-72bc827f2ef5:20160407213829.296:802</Value>
          <Value>schemaIDGUID:802:1:55a73700-c891-46fd-8f5c-72bc827f2ef5:20160407213829.296:802</Value>
          <Value>uSNChanged:802:1:55a73700-c891-46fd-8f5c-72bc827f2ef5:20160407213829.296:802</Value>
          <Value>uSNCreated:802:1:55a73700-c891-46fd-8f5c-72bc827f2ef5:20160407213829.296:802</Value>
          <Value>vmwAttributeUsage:802:1:55a73700-c891-46fd-8f5c-72bc827f2ef5:20160407213829.296:802</Value>
        </AttributeMetadata>
      </AttributeSchemaEntry>
      <AttributeSchemaEntry>
        <Name>vmwSTSClientCertUseCRLAsFailOver</Name>
        <AttributeMetadata>
          <Value>attributeID:1294:1:55a73700-c891-46fd-8f5c-72bc827f2ef5:20160407213830.152:1294</Value>
          <Value>attributeSyntax:1294:1:55a73700-c891-46fd-8f5c-72bc827f2ef5:20160407213830.152:1294</Value>
          <Value>cn:1294:1:55a73700-c891-46fd-8f5c-72bc827f2ef5:20160407213830.152:1294</Value>
          <Value>createTimeStamp:1294:1:55a73700-c891-46fd-8f5c-72bc827f2ef5:20160407213830.152:1294</Value>
          <Value>description:1294:1:55a73700-c891-46fd-8f5c-72bc827f2ef5:20160407213830.152:1294</Value>
          <Value>entryDN:1294:1:55a73700-c891-46fd-8f5c-72bc827f2ef5:20160407213830.152:1294</Value>
          <Value>isSingleValued:1294:1:55a73700-c891-46fd-8f5c-72bc827f2ef5:20160407213830.152:1294</Value>
          <Value>lDAPDisplayName:1294:1:55a73700-c891-46fd-8f5c-72bc827f2ef5:20160407213830.152:1294</Value>
          <Value>modifyTimeStamp:1294:1:55a73700-c891-46fd-8f5c-72bc827f2ef5:20160407213830.152:1294</Value>
          <Value>objectClass:1294:1:55a73700-c891-46fd-8f5c-72bc827f2ef5:20160407213830.152:1294</Value>
          <Value>objectGUID:1294:1:55a73700-c891-46fd-8f5c-72bc827f2ef5:20160407213830.152:1294</Value>
          <Value>oMSyntax:1294:1:55a73700-c891-46fd-8f5c-72bc827f2ef5:20160407213830.152:1294</Value>
          <Value>schemaIDGUID:1294:1:55a73700-c891-46fd-8f5c-72bc827f2ef5:20160407213830.152:1294</Value>
          <Value>uSNChanged:1294:1:55a73700-c891-46fd-8f5c-72bc827f2ef5:20160407213830.152:1294</Value>
          <Value>uSNCreated:1294:1:55a73700-c891-46fd-8f5c-72bc827f2ef5:20160407213830.152:1294</Value>
          <Value>vmwAttributeUsage:1294:1:55a73700-c891-46fd-8f5c-72bc827f2ef5:20160407213830.152:1294</Value>
        </AttributeMetadata>
      </AttributeSchemaEntry>
      <AttributeSchemaEntry>
        <Name>vmwSTSClockTolerance</Name>
        <AttributeMetadata>
          <Value>attributeID:1230:1:55a73700-c891-46fd-8f5c-72bc827f2ef5:20160407213830.042:1230</Value>
          <Value>attributeSyntax:1230:1:55a73700-c891-46fd-8f5c-72bc827f2ef5:20160407213830.042:1230</Value>
          <Value>cn:1230:1:55a73700-c891-46fd-8f5c-72bc827f2ef5:20160407213830.042:1230</Value>
          <Value>createTimeStamp:1230:1:55a73700-c891-46fd-8f5c-72bc827f2ef5:20160407213830.042:1230</Value>
          <Value>description:1230:1:55a73700-c891-46fd-8f5c-72bc827f2ef5:20160407213830.042:1230</Value>
          <Value>entryDN:1230:1:55a73700-c891-46fd-8f5c-72bc827f2ef5:20160407213830.042:1230</Value>
          <Value>isSingleValued:1230:1:55a73700-c891-46fd-8f5c-72bc827f2ef5:20160407213830.042:1230</Value>
          <Value>lDAPDisplayName:1230:1:55a73700-c891-46fd-8f5c-72bc827f2ef5:20160407213830.042:1230</Value>
          <Value>modifyTimeStamp:1230:1:55a73700-c891-46fd-8f5c-72bc827f2ef5:20160407213830.042:1230</Value>
          <Value>objectClass:1230:1:55a73700-c891-46fd-8f5c-72bc827f2ef5:20160407213830.042:1230</Value>
          <Value>objectGUID:1230:1:55a73700-c891-46fd-8f5c-72bc827f2ef5:20160407213830.042:1230</Value>
          <Value>oMSyntax:1230:1:55a73700-c891-46fd-8f5c-72bc827f2ef5:20160407213830.042:1230</Value>
          <Value>schemaIDGUID:1230:1:55a73700-c891-46fd-8f5c-72bc827f2ef5:20160407213830.042:1230</Value>
          <Value>uSNChanged:1230:1:55a73700-c891-46fd-8f5c-72bc827f2ef5:20160407213830.042:1230</Value>
          <Value>uSNCreated:1230:1:55a73700-c891-46fd-8f5c-72bc827f2ef5:20160407213830.042:1230</Value>
          <Value>vmwAttributeUsage:1230:1:55a73700-c891-46fd-8f5c-72bc827f2ef5:20160407213830.042:1230</Value>
        </AttributeMetadata>
      </AttributeSchemaEntry>
      <AttributeSchemaEntry>
        <Name>vmwSTSConnectionStrings</Name>
        <AttributeMetadata>
          <Value>attributeID:968:1:55a73700-c891-46fd-8f5c-72bc827f2ef5:20160407213829.571:968</Value>
          <Value>attributeSyntax:968:1:55a73700-c891-46fd-8f5c-72bc827f2ef5:20160407213829.571:968</Value>
          <Value>cn:968:1:55a73700-c891-46fd-8f5c-72bc827f2ef5:20160407213829.571:968</Value>
          <Value>createTimeStamp:968:1:55a73700-c891-46fd-8f5c-72bc827f2ef5:20160407213829.571:968</Value>
          <Value>description:968:1:55a73700-c891-46fd-8f5c-72bc827f2ef5:20160407213829.571:968</Value>
          <Value>entryDN:968:1:55a73700-c891-46fd-8f5c-72bc827f2ef5:20160407213829.571:968</Value>
          <Value>isSingleValued:968:1:55a73700-c891-46fd-8f5c-72bc827f2ef5:20160407213829.571:968</Value>
          <Value>lDAPDisplayName:968:1:55a73700-c891-46fd-8f5c-72bc827f2ef5:20160407213829.571:968</Value>
          <Value>modifyTimeStamp:968:1:55a73700-c891-46fd-8f5c-72bc827f2ef5:20160407213829.571:968</Value>
          <Value>objectClass:968:1:55a73700-c891-46fd-8f5c-72bc827f2ef5:20160407213829.571:968</Value>
          <Value>objectGUID:968:1:55a73700-c891-46fd-8f5c-72bc827f2ef5:20160407213829.571:968</Value>
          <Value>oMSyntax:968:1:55a73700-c891-46fd-8f5c-72bc827f2ef5:20160407213829.571:968</Value>
          <Value>schemaIDGUID:968:1:55a73700-c891-46fd-8f5c-72bc827f2ef5:20160407213829.571:968</Value>
          <Value>uSNChanged:968:1:55a73700-c891-46fd-8f5c-72bc827f2ef5:20160407213829.571:968</Value>
          <Value>uSNCreated:968:1:55a73700-c891-46fd-8f5c-72bc827f2ef5:20160407213829.571:968</Value>
          <Value>vmwAttributeUsage:968:1:55a73700-c891-46fd-8f5c-72bc827f2ef5:20160407213829.571:968</Value>
        </AttributeMetadata>
      </AttributeSchemaEntry>
      <AttributeSchemaEntry>
        <Name>vmwSTSDefaultAssertionConsumerService</Name>
        <AttributeMetadata>
          <Value>attributeID:696:1:55a73700-c891-46fd-8f5c-72bc827f2ef5:20160407213829.117:696</Value>
          <Value>attributeSyntax:696:1:55a73700-c891-46fd-8f5c-72bc827f2ef5:20160407213829.117:696</Value>
          <Value>cn:696:1:55a73700-c891-46fd-8f5c-72bc827f2ef5:20160407213829.117:696</Value>
          <Value>createTimeStamp:696:1:55a73700-c891-46fd-8f5c-72bc827f2ef5:20160407213829.117:696</Value>
          <Value>description:696:1:55a73700-c891-46fd-8f5c-72bc827f2ef5:20160407213829.117:696</Value>
          <Value>entryDN:696:1:55a73700-c891-46fd-8f5c-72bc827f2ef5:20160407213829.117:696</Value>
          <Value>isSingleValued:696:1:55a73700-c891-46fd-8f5c-72bc827f2ef5:20160407213829.117:696</Value>
          <Value>lDAPDisplayName:696:1:55a73700-c891-46fd-8f5c-72bc827f2ef5:20160407213829.117:696</Value>
          <Value>modifyTimeStamp:696:1:55a73700-c891-46fd-8f5c-72bc827f2ef5:20160407213829.117:696</Value>
          <Value>objectClass:696:1:55a73700-c891-46fd-8f5c-72bc827f2ef5:20160407213829.117:696</Value>
          <Value>objectGUID:696:1:55a73700-c891-46fd-8f5c-72bc827f2ef5:20160407213829.117:696</Value>
          <Value>oMSyntax:696:1:55a73700-c891-46fd-8f5c-72bc827f2ef5:20160407213829.117:696</Value>
          <Value>schemaIDGUID:696:1:55a73700-c891-46fd-8f5c-72bc827f2ef5:20160407213829.117:696</Value>
          <Value>uSNChanged:696:1:55a73700-c891-46fd-8f5c-72bc827f2ef5:20160407213829.117:696</Value>
          <Value>uSNCreated:696:1:55a73700-c891-46fd-8f5c-72bc827f2ef5:20160407213829.117:696</Value>
          <Value>vmwAttributeUsage:696:1:55a73700-c891-46fd-8f5c-72bc827f2ef5:20160407213829.117:696</Value>
        </AttributeMetadata>
      </AttributeSchemaEntry>
      <AttributeSchemaEntry>
        <Name>vmwSTSDefaultAttributeConsumerService</Name>
        <AttributeMetadata>
          <Value>attributeID:914:1:55a73700-c891-46fd-8f5c-72bc827f2ef5:20160407213829.491:914</Value>
          <Value>attributeSyntax:914:1:55a73700-c891-46fd-8f5c-72bc827f2ef5:20160407213829.491:914</Value>
          <Value>cn:914:1:55a73700-c891-46fd-8f5c-72bc827f2ef5:20160407213829.491:914</Value>
          <Value>createTimeStamp:914:1:55a73700-c891-46fd-8f5c-72bc827f2ef5:20160407213829.491:914</Value>
          <Value>description:914:1:55a73700-c891-46fd-8f5c-72bc827f2ef5:20160407213829.491:914</Value>
          <Value>entryDN:914:1:55a73700-c891-46fd-8f5c-72bc827f2ef5:20160407213829.491:914</Value>
          <Value>isSingleValued:914:1:55a73700-c891-46fd-8f5c-72bc827f2ef5:20160407213829.491:914</Value>
          <Value>lDAPDisplayName:914:1:55a73700-c891-46fd-8f5c-72bc827f2ef5:20160407213829.491:914</Value>
          <Value>modifyTimeStamp:914:1:55a73700-c891-46fd-8f5c-72bc827f2ef5:20160407213829.491:914</Value>
          <Value>objectClass:914:1:55a73700-c891-46fd-8f5c-72bc827f2ef5:20160407213829.491:914</Value>
          <Value>objectGUID:914:1:55a73700-c891-46fd-8f5c-72bc827f2ef5:20160407213829.491:914</Value>
          <Value>oMSyntax:914:1:55a73700-c891-46fd-8f5c-72bc827f2ef5:20160407213829.491:914</Value>
          <Value>schemaIDGUID:914:1:55a73700-c891-46fd-8f5c-72bc827f2ef5:20160407213829.491:914</Value>
          <Value>uSNChanged:914:1:55a73700-c891-46fd-8f5c-72bc827f2ef5:20160407213829.491:914</Value>
          <Value>uSNCreated:914:1:55a73700-c891-46fd-8f5c-72bc827f2ef5:20160407213829.491:914</Value>
          <Value>vmwAttributeUsage:914:1:55a73700-c891-46fd-8f5c-72bc827f2ef5:20160407213829.491:914</Value>
        </AttributeMetadata>
      </AttributeSchemaEntry>
      <AttributeSchemaEntry>
        <Name>vmwSTSDefaultIdentityProvider</Name>
        <AttributeMetadata>
          <Value>attributeID:388:1:55a73700-c891-46fd-8f5c-72bc827f2ef5:20160407213828.597:388</Value>
          <Value>attributeSyntax:388:1:55a73700-c891-46fd-8f5c-72bc827f2ef5:20160407213828.597:388</Value>
          <Value>cn:388:1:55a73700-c891-46fd-8f5c-72bc827f2ef5:20160407213828.597:388</Value>
          <Value>createTimeStamp:388:1:55a73700-c891-46fd-8f5c-72bc827f2ef5:20160407213828.597:388</Value>
          <Value>description:388:1:55a73700-c891-46fd-8f5c-72bc827f2ef5:20160407213828.597:388</Value>
          <Value>entryDN:388:1:55a73700-c891-46fd-8f5c-72bc827f2ef5:20160407213828.597:388</Value>
          <Value>isSingleValued:388:1:55a73700-c891-46fd-8f5c-72bc827f2ef5:20160407213828.597:388</Value>
          <Value>lDAPDisplayName:388:1:55a73700-c891-46fd-8f5c-72bc827f2ef5:20160407213828.597:388</Value>
          <Value>modifyTimeStamp:388:1:55a73700-c891-46fd-8f5c-72bc827f2ef5:20160407213828.597:388</Value>
          <Value>objectClass:388:1:55a73700-c891-46fd-8f5c-72bc827f2ef5:20160407213828.597:388</Value>
          <Value>objectGUID:388:1:55a73700-c891-46fd-8f5c-72bc827f2ef5:20160407213828.597:388</Value>
          <Value>oMSyntax:388:1:55a73700-c891-46fd-8f5c-72bc827f2ef5:20160407213828.597:388</Value>
          <Value>schemaIDGUID:388:1:55a73700-c891-46fd-8f5c-72bc827f2ef5:20160407213828.597:388</Value>
          <Value>uSNChanged:388:1:55a73700-c891-46fd-8f5c-72bc827f2ef5:20160407213828.597:388</Value>
          <Value>uSNCreated:388:1:55a73700-c891-46fd-8f5c-72bc827f2ef5:20160407213828.597:388</Value>
          <Value>vmwAttributeUsage:388:1:55a73700-c891-46fd-8f5c-72bc827f2ef5:20160407213828.597:388</Value>
        </AttributeMetadata>
      </AttributeSchemaEntry>
      <AttributeSchemaEntry>
        <Name>vmwSTSDefaultTenant</Name>
        <AttributeMetadata>
          <Value>attributeID:234:1:55a73700-c891-46fd-8f5c-72bc827f2ef5:20160407213828.371:234</Value>
          <Value>attributeSyntax:234:1:55a73700-c891-46fd-8f5c-72bc827f2ef5:20160407213828.371:234</Value>
          <Value>cn:234:1:55a73700-c891-46fd-8f5c-72bc827f2ef5:20160407213828.371:234</Value>
          <Value>createTimeStamp:234:1:55a73700-c891-46fd-8f5c-72bc827f2ef5:20160407213828.371:234</Value>
          <Value>description:234:1:55a73700-c891-46fd-8f5c-72bc827f2ef5:20160407213828.371:234</Value>
          <Value>entryDN:234:1:55a73700-c891-46fd-8f5c-72bc827f2ef5:20160407213828.371:234</Value>
          <Value>isSingleValued:234:1:55a73700-c891-46fd-8f5c-72bc827f2ef5:20160407213828.371:234</Value>
          <Value>lDAPDisplayName:234:1:55a73700-c891-46fd-8f5c-72bc827f2ef5:20160407213828.371:234</Value>
          <Value>modifyTimeStamp:234:1:55a73700-c891-46fd-8f5c-72bc827f2ef5:20160407213828.371:234</Value>
          <Value>objectClass:234:1:55a73700-c891-46fd-8f5c-72bc827f2ef5:20160407213828.371:234</Value>
          <Value>objectGUID:234:1:55a73700-c891-46fd-8f5c-72bc827f2ef5:20160407213828.371:234</Value>
          <Value>oMSyntax:234:1:55a73700-c891-46fd-8f5c-72bc827f2ef5:20160407213828.371:234</Value>
          <Value>schemaIDGUID:234:1:55a73700-c891-46fd-8f5c-72bc827f2ef5:20160407213828.371:234</Value>
          <Value>uSNChanged:234:1:55a73700-c891-46fd-8f5c-72bc827f2ef5:20160407213828.371:234</Value>
          <Value>uSNCreated:234:1:55a73700-c891-46fd-8f5c-72bc827f2ef5:20160407213828.371:234</Value>
          <Value>vmwAttributeUsage:234:1:55a73700-c891-46fd-8f5c-72bc827f2ef5:20160407213828.371:234</Value>
        </AttributeMetadata>
      </AttributeSchemaEntry>
      <AttributeSchemaEntry>
        <Name>vmwSTSDelegationCount</Name>
        <AttributeMetadata>
          <Value>attributeID:1266:1:55a73700-c891-46fd-8f5c-72bc827f2ef5:20160407213830.112:1266</Value>
          <Value>attributeSyntax:1266:1:55a73700-c891-46fd-8f5c-72bc827f2ef5:20160407213830.112:1266</Value>
          <Value>cn:1266:1:55a73700-c891-46fd-8f5c-72bc827f2ef5:20160407213830.112:1266</Value>
          <Value>createTimeStamp:1266:1:55a73700-c891-46fd-8f5c-72bc827f2ef5:20160407213830.112:1266</Value>
          <Value>description:1266:1:55a73700-c891-46fd-8f5c-72bc827f2ef5:20160407213830.112:1266</Value>
          <Value>entryDN:1266:1:55a73700-c891-46fd-8f5c-72bc827f2ef5:20160407213830.112:1266</Value>
          <Value>isSingleValued:1266:1:55a73700-c891-46fd-8f5c-72bc827f2ef5:20160407213830.112:1266</Value>
          <Value>lDAPDisplayName:1266:1:55a73700-c891-46fd-8f5c-72bc827f2ef5:20160407213830.112:1266</Value>
          <Value>modifyTimeStamp:1266:1:55a73700-c891-46fd-8f5c-72bc827f2ef5:20160407213830.112:1266</Value>
          <Value>objectClass:1266:1:55a73700-c891-46fd-8f5c-72bc827f2ef5:20160407213830.112:1266</Value>
          <Value>objectGUID:1266:1:55a73700-c891-46fd-8f5c-72bc827f2ef5:20160407213830.112:1266</Value>
          <Value>oMSyntax:1266:1:55a73700-c891-46fd-8f5c-72bc827f2ef5:20160407213830.112:1266</Value>
          <Value>schemaIDGUID:1266:1:55a73700-c891-46fd-8f5c-72bc827f2ef5:20160407213830.112:1266</Value>
          <Value>uSNChanged:1266:1:55a73700-c891-46fd-8f5c-72bc827f2ef5:20160407213830.112:1266</Value>
          <Value>uSNCreated:1266:1:55a73700-c891-46fd-8f5c-72bc827f2ef5:20160407213830.112:1266</Value>
          <Value>vmwAttributeUsage:1266:1:55a73700-c891-46fd-8f5c-72bc827f2ef5:20160407213830.112:1266</Value>
        </AttributeMetadata>
      </AttributeSchemaEntry>
      <AttributeSchemaEntry>
        <Name>vmwSTSDigestMethods</Name>
        <AttributeMetadata>
          <Value>attributeID:1656:1:55a73700-c891-46fd-8f5c-72bc827f2ef5:20160407213830.750:1656</Value>
          <Value>attributeSyntax:1656:1:55a73700-c891-46fd-8f5c-72bc827f2ef5:20160407213830.750:1656</Value>
          <Value>cn:1656:1:55a73700-c891-46fd-8f5c-72bc827f2ef5:20160407213830.750:1656</Value>
          <Value>createTimeStamp:1656:1:55a73700-c891-46fd-8f5c-72bc827f2ef5:20160407213830.750:1656</Value>
          <Value>description:1656:1:55a73700-c891-46fd-8f5c-72bc827f2ef5:20160407213830.750:1656</Value>
          <Value>entryDN:1656:1:55a73700-c891-46fd-8f5c-72bc827f2ef5:20160407213830.750:1656</Value>
          <Value>isSingleValued:1656:1:55a73700-c891-46fd-8f5c-72bc827f2ef5:20160407213830.750:1656</Value>
          <Value>lDAPDisplayName:1656:1:55a73700-c891-46fd-8f5c-72bc827f2ef5:20160407213830.750:1656</Value>
          <Value>modifyTimeStamp:1656:1:55a73700-c891-46fd-8f5c-72bc827f2ef5:20160407213830.750:1656</Value>
          <Value>objectClass:1656:1:55a73700-c891-46fd-8f5c-72bc827f2ef5:20160407213830.750:1656</Value>
          <Value>objectGUID:1656:1:55a73700-c891-46fd-8f5c-72bc827f2ef5:20160407213830.750:1656</Value>
          <Value>oMSyntax:1656:1:55a73700-c891-46fd-8f5c-72bc827f2ef5:20160407213830.750:1656</Value>
          <Value>schemaIDGUID:1656:1:55a73700-c891-46fd-8f5c-72bc827f2ef5:20160407213830.750:1656</Value>
          <Value>uSNChanged:1656:1:55a73700-c891-46fd-8f5c-72bc827f2ef5:20160407213830.750:1656</Value>
          <Value>uSNCreated:1656:1:55a73700-c891-46fd-8f5c-72bc827f2ef5:20160407213830.750:1656</Value>
          <Value>vmwAttributeUsage:1656:1:55a73700-c891-46fd-8f5c-72bc827f2ef5:20160407213830.750:1656</Value>
        </AttributeMetadata>
      </AttributeSchemaEntry>
      <AttributeSchemaEntry>
        <Name>vmwSTSDomainName</Name>
        <AttributeMetadata>
          <Value>attributeID:1251:1:55a73700-c891-46fd-8f5c-72bc827f2ef5:20160407213830.086:1251</Value>
          <Value>attributeSyntax:1251:1:55a73700-c891-46fd-8f5c-72bc827f2ef5:20160407213830.086:1251</Value>
          <Value>cn:1251:1:55a73700-c891-46fd-8f5c-72bc827f2ef5:20160407213830.086:1251</Value>
          <Value>createTimeStamp:1251:1:55a73700-c891-46fd-8f5c-72bc827f2ef5:20160407213830.086:1251</Value>
          <Value>description:1251:1:55a73700-c891-46fd-8f5c-72bc827f2ef5:20160407213830.086:1251</Value>
          <Value>entryDN:1251:1:55a73700-c891-46fd-8f5c-72bc827f2ef5:20160407213830.086:1251</Value>
          <Value>isSingleValued:1251:1:55a73700-c891-46fd-8f5c-72bc827f2ef5:20160407213830.086:1251</Value>
          <Value>lDAPDisplayName:1251:1:55a73700-c891-46fd-8f5c-72bc827f2ef5:20160407213830.086:1251</Value>
          <Value>modifyTimeStamp:1251:1:55a73700-c891-46fd-8f5c-72bc827f2ef5:20160407213830.086:1251</Value>
          <Value>objectClass:1251:1:55a73700-c891-46fd-8f5c-72bc827f2ef5:20160407213830.086:1251</Value>
          <Value>objectGUID:1251:1:55a73700-c891-46fd-8f5c-72bc827f2ef5:20160407213830.086:1251</Value>
          <Value>oMSyntax:1251:1:55a73700-c891-46fd-8f5c-72bc827f2ef5:20160407213830.086:1251</Value>
          <Value>schemaIDGUID:1251:1:55a73700-c891-46fd-8f5c-72bc827f2ef5:20160407213830.086:1251</Value>
          <Value>uSNChanged:1251:1:55a73700-c891-46fd-8f5c-72bc827f2ef5:20160407213830.086:1251</Value>
          <Value>uSNCreated:1251:1:55a73700-c891-46fd-8f5c-72bc827f2ef5:20160407213830.086:1251</Value>
          <Value>vmwAttributeUsage:1251:1:55a73700-c891-46fd-8f5c-72bc827f2ef5:20160407213830.086:1251</Value>
        </AttributeMetadata>
      </AttributeSchemaEntry>
      <AttributeSchemaEntry>
        <Name>vmwSTSDomainType</Name>
        <AttributeMetadata>
          <Value>attributeID:897:1:55a73700-c891-46fd-8f5c-72bc827f2ef5:20160407213829.463:897</Value>
          <Value>attributeSyntax:897:1:55a73700-c891-46fd-8f5c-72bc827f2ef5:20160407213829.463:897</Value>
          <Value>cn:897:1:55a73700-c891-46fd-8f5c-72bc827f2ef5:20160407213829.463:897</Value>
          <Value>createTimeStamp:897:1:55a73700-c891-46fd-8f5c-72bc827f2ef5:20160407213829.463:897</Value>
          <Value>description:897:1:55a73700-c891-46fd-8f5c-72bc827f2ef5:20160407213829.463:897</Value>
          <Value>entryDN:897:1:55a73700-c891-46fd-8f5c-72bc827f2ef5:20160407213829.463:897</Value>
          <Value>isSingleValued:897:1:55a73700-c891-46fd-8f5c-72bc827f2ef5:20160407213829.463:897</Value>
          <Value>lDAPDisplayName:897:1:55a73700-c891-46fd-8f5c-72bc827f2ef5:20160407213829.463:897</Value>
          <Value>modifyTimeStamp:897:1:55a73700-c891-46fd-8f5c-72bc827f2ef5:20160407213829.463:897</Value>
          <Value>objectClass:897:1:55a73700-c891-46fd-8f5c-72bc827f2ef5:20160407213829.463:897</Value>
          <Value>objectGUID:897:1:55a73700-c891-46fd-8f5c-72bc827f2ef5:20160407213829.463:897</Value>
          <Value>oMSyntax:897:1:55a73700-c891-46fd-8f5c-72bc827f2ef5:20160407213829.463:897</Value>
          <Value>schemaIDGUID:897:1:55a73700-c891-46fd-8f5c-72bc827f2ef5:20160407213829.463:897</Value>
          <Value>uSNChanged:897:1:55a73700-c891-46fd-8f5c-72bc827f2ef5:20160407213829.463:897</Value>
          <Value>uSNCreated:897:1:55a73700-c891-46fd-8f5c-72bc827f2ef5:20160407213829.463:897</Value>
          <Value>vmwAttributeUsage:897:1:55a73700-c891-46fd-8f5c-72bc827f2ef5:20160407213829.463:897</Value>
        </AttributeMetadata>
      </AttributeSchemaEntry>
      <AttributeSchemaEntry>
        <Name>vmwSTSEnableIdpSelection</Name>
        <AttributeMetadata>
          <Value>attributeID:1668:1:55a73700-c891-46fd-8f5c-72bc827f2ef5:20160407213830.774:1668</Value>
          <Value>attributeSyntax:1668:1:55a73700-c891-46fd-8f5c-72bc827f2ef5:20160407213830.774:1668</Value>
          <Value>cn:1668:1:55a73700-c891-46fd-8f5c-72bc827f2ef5:20160407213830.774:1668</Value>
          <Value>createTimeStamp:1668:1:55a73700-c891-46fd-8f5c-72bc827f2ef5:20160407213830.774:1668</Value>
          <Value>description:1668:1:55a73700-c891-46fd-8f5c-72bc827f2ef5:20160407213830.774:1668</Value>
          <Value>entryDN:1668:1:55a73700-c891-46fd-8f5c-72bc827f2ef5:20160407213830.774:1668</Value>
          <Value>isSingleValued:1668:1:55a73700-c891-46fd-8f5c-72bc827f2ef5:20160407213830.774:1668</Value>
          <Value>lDAPDisplayName:1668:1:55a73700-c891-46fd-8f5c-72bc827f2ef5:20160407213830.774:1668</Value>
          <Value>modifyTimeStamp:1668:1:55a73700-c891-46fd-8f5c-72bc827f2ef5:20160407213830.774:1668</Value>
          <Value>objectClass:1668:1:55a73700-c891-46fd-8f5c-72bc827f2ef5:20160407213830.774:1668</Value>
          <Value>objectGUID:1668:1:55a73700-c891-46fd-8f5c-72bc827f2ef5:20160407213830.774:1668</Value>
          <Value>oMSyntax:1668:1:55a73700-c891-46fd-8f5c-72bc827f2ef5:20160407213830.774:1668</Value>
          <Value>schemaIDGUID:1668:1:55a73700-c891-46fd-8f5c-72bc827f2ef5:20160407213830.774:1668</Value>
          <Value>uSNChanged:1668:1:55a73700-c891-46fd-8f5c-72bc827f2ef5:20160407213830.774:1668</Value>
          <Value>uSNCreated:1668:1:55a73700-c891-46fd-8f5c-72bc827f2ef5:20160407213830.774:1668</Value>
          <Value>vmwAttributeUsage:1668:1:55a73700-c891-46fd-8f5c-72bc827f2ef5:20160407213830.774:1668</Value>
        </AttributeMetadata>
      </AttributeSchemaEntry>
      <AttributeSchemaEntry>
        <Name>vmwSTSEnablePasswordExpirationEmailNotification</Name>
        <AttributeMetadata>
          <Value>attributeID:1154:1:55a73700-c891-46fd-8f5c-72bc827f2ef5:20160407213829.915:1154</Value>
          <Value>attributeSyntax:1154:1:55a73700-c891-46fd-8f5c-72bc827f2ef5:20160407213829.915:1154</Value>
          <Value>cn:1154:1:55a73700-c891-46fd-8f5c-72bc827f2ef5:20160407213829.915:1154</Value>
          <Value>createTimeStamp:1154:1:55a73700-c891-46fd-8f5c-72bc827f2ef5:20160407213829.915:1154</Value>
          <Value>description:1154:1:55a73700-c891-46fd-8f5c-72bc827f2ef5:20160407213829.915:1154</Value>
          <Value>entryDN:1154:1:55a73700-c891-46fd-8f5c-72bc827f2ef5:20160407213829.915:1154</Value>
          <Value>isSingleValued:1154:1:55a73700-c891-46fd-8f5c-72bc827f2ef5:20160407213829.915:1154</Value>
          <Value>lDAPDisplayName:1154:1:55a73700-c891-46fd-8f5c-72bc827f2ef5:20160407213829.915:1154</Value>
          <Value>modifyTimeStamp:1154:1:55a73700-c891-46fd-8f5c-72bc827f2ef5:20160407213829.915:1154</Value>
          <Value>objectClass:1154:1:55a73700-c891-46fd-8f5c-72bc827f2ef5:20160407213829.915:1154</Value>
          <Value>objectGUID:1154:1:55a73700-c891-46fd-8f5c-72bc827f2ef5:20160407213829.915:1154</Value>
          <Value>oMSyntax:1154:1:55a73700-c891-46fd-8f5c-72bc827f2ef5:20160407213829.915:1154</Value>
          <Value>schemaIDGUID:1154:1:55a73700-c891-46fd-8f5c-72bc827f2ef5:20160407213829.915:1154</Value>
          <Value>uSNChanged:1154:1:55a73700-c891-46fd-8f5c-72bc827f2ef5:20160407213829.915:1154</Value>
          <Value>uSNCreated:1154:1:55a73700-c891-46fd-8f5c-72bc827f2ef5:20160407213829.915:1154</Value>
          <Value>vmwAttributeUsage:1154:1:55a73700-c891-46fd-8f5c-72bc827f2ef5:20160407213829.915:1154</Value>
        </AttributeMetadata>
      </AttributeSchemaEntry>
      <AttributeSchemaEntry>
        <Name>vmwSTSEndpoint</Name>
        <AttributeMetadata>
          <Value>attributeID:524:1:55a73700-c891-46fd-8f5c-72bc827f2ef5:20160407213828.822:524</Value>
          <Value>attributeSyntax:524:1:55a73700-c891-46fd-8f5c-72bc827f2ef5:20160407213828.822:524</Value>
          <Value>cn:524:1:55a73700-c891-46fd-8f5c-72bc827f2ef5:20160407213828.822:524</Value>
          <Value>createTimeStamp:524:1:55a73700-c891-46fd-8f5c-72bc827f2ef5:20160407213828.822:524</Value>
          <Value>description:524:1:55a73700-c891-46fd-8f5c-72bc827f2ef5:20160407213828.822:524</Value>
          <Value>entryDN:524:1:55a73700-c891-46fd-8f5c-72bc827f2ef5:20160407213828.822:524</Value>
          <Value>isSingleValued:524:1:55a73700-c891-46fd-8f5c-72bc827f2ef5:20160407213828.822:524</Value>
          <Value>lDAPDisplayName:524:1:55a73700-c891-46fd-8f5c-72bc827f2ef5:20160407213828.822:524</Value>
          <Value>modifyTimeStamp:524:1:55a73700-c891-46fd-8f5c-72bc827f2ef5:20160407213828.822:524</Value>
          <Value>objectClass:524:1:55a73700-c891-46fd-8f5c-72bc827f2ef5:20160407213828.822:524</Value>
          <Value>objectGUID:524:1:55a73700-c891-46fd-8f5c-72bc827f2ef5:20160407213828.822:524</Value>
          <Value>oMSyntax:524:1:55a73700-c891-46fd-8f5c-72bc827f2ef5:20160407213828.822:524</Value>
          <Value>schemaIDGUID:524:1:55a73700-c891-46fd-8f5c-72bc827f2ef5:20160407213828.822:524</Value>
          <Value>uSNChanged:524:1:55a73700-c891-46fd-8f5c-72bc827f2ef5:20160407213828.822:524</Value>
          <Value>uSNCreated:524:1:55a73700-c891-46fd-8f5c-72bc827f2ef5:20160407213828.822:524</Value>
          <Value>vmwAttributeUsage:524:1:55a73700-c891-46fd-8f5c-72bc827f2ef5:20160407213828.822:524</Value>
        </AttributeMetadata>
      </AttributeSchemaEntry>
      <AttributeSchemaEntry>
        <Name>vmwSTSEntityId</Name>
        <AttributeMetadata>
          <Value>attributeID:559:1:55a73700-c891-46fd-8f5c-72bc827f2ef5:20160407213828.881:559</Value>
          <Value>attributeSyntax:559:1:55a73700-c891-46fd-8f5c-72bc827f2ef5:20160407213828.881:559</Value>
          <Value>cn:559:1:55a73700-c891-46fd-8f5c-72bc827f2ef5:20160407213828.881:559</Value>
          <Value>createTimeStamp:559:1:55a73700-c891-46fd-8f5c-72bc827f2ef5:20160407213828.881:559</Value>
          <Value>description:559:1:55a73700-c891-46fd-8f5c-72bc827f2ef5:20160407213828.881:559</Value>
          <Value>entryDN:559:1:55a73700-c891-46fd-8f5c-72bc827f2ef5:20160407213828.881:559</Value>
          <Value>isSingleValued:559:1:55a73700-c891-46fd-8f5c-72bc827f2ef5:20160407213828.881:559</Value>
          <Value>lDAPDisplayName:559:1:55a73700-c891-46fd-8f5c-72bc827f2ef5:20160407213828.881:559</Value>
          <Value>modifyTimeStamp:559:1:55a73700-c891-46fd-8f5c-72bc827f2ef5:20160407213828.881:559</Value>
          <Value>objectClass:559:1:55a73700-c891-46fd-8f5c-72bc827f2ef5:20160407213828.881:559</Value>
          <Value>objectGUID:559:1:55a73700-c891-46fd-8f5c-72bc827f2ef5:20160407213828.881:559</Value>
          <Value>oMSyntax:559:1:55a73700-c891-46fd-8f5c-72bc827f2ef5:20160407213828.881:559</Value>
          <Value>schemaIDGUID:559:1:55a73700-c891-46fd-8f5c-72bc827f2ef5:20160407213828.881:559</Value>
          <Value>uSNChanged:559:1:55a73700-c891-46fd-8f5c-72bc827f2ef5:20160407213828.881:559</Value>
          <Value>uSNCreated:559:1:55a73700-c891-46fd-8f5c-72bc827f2ef5:20160407213828.881:559</Value>
          <Value>vmwAttributeUsage:559:1:55a73700-c891-46fd-8f5c-72bc827f2ef5:20160407213828.881:559</Value>
        </AttributeMetadata>
      </AttributeSchemaEntry>
      <AttributeSchemaEntry>
        <Name>vmwSTSExternalIdpEnableJit</Name>
        <AttributeMetadata>
          <Value>attributeID:282:1:55a73700-c891-46fd-8f5c-72bc827f2ef5:20160407213828.441:282</Value>
          <Value>attributeSyntax:282:1:55a73700-c891-46fd-8f5c-72bc827f2ef5:20160407213828.441:282</Value>
          <Value>cn:282:1:55a73700-c891-46fd-8f5c-72bc827f2ef5:20160407213828.441:282</Value>
          <Value>createTimeStamp:282:1:55a73700-c891-46fd-8f5c-72bc827f2ef5:20160407213828.441:282</Value>
          <Value>description:282:1:55a73700-c891-46fd-8f5c-72bc827f2ef5:20160407213828.441:282</Value>
          <Value>entryDN:282:1:55a73700-c891-46fd-8f5c-72bc827f2ef5:20160407213828.441:282</Value>
          <Value>isSingleValued:282:1:55a73700-c891-46fd-8f5c-72bc827f2ef5:20160407213828.441:282</Value>
          <Value>lDAPDisplayName:282:1:55a73700-c891-46fd-8f5c-72bc827f2ef5:20160407213828.441:282</Value>
          <Value>modifyTimeStamp:282:1:55a73700-c891-46fd-8f5c-72bc827f2ef5:20160407213828.441:282</Value>
          <Value>objectClass:282:1:55a73700-c891-46fd-8f5c-72bc827f2ef5:20160407213828.441:282</Value>
          <Value>objectGUID:282:1:55a73700-c891-46fd-8f5c-72bc827f2ef5:20160407213828.441:282</Value>
          <Value>oMSyntax:282:1:55a73700-c891-46fd-8f5c-72bc827f2ef5:20160407213828.441:282</Value>
          <Value>schemaIDGUID:282:1:55a73700-c891-46fd-8f5c-72bc827f2ef5:20160407213828.441:282</Value>
          <Value>uSNChanged:282:1:55a73700-c891-46fd-8f5c-72bc827f2ef5:20160407213828.441:282</Value>
          <Value>uSNCreated:282:1:55a73700-c891-46fd-8f5c-72bc827f2ef5:20160407213828.441:282</Value>
          <Value>vmwAttributeUsage:282:1:55a73700-c891-46fd-8f5c-72bc827f2ef5:20160407213828.441:282</Value>
        </AttributeMetadata>
      </AttributeSchemaEntry>
      <AttributeSchemaEntry>
        <Name>vmwSTSExternalIdpUpnSuffix</Name>
        <AttributeMetadata>
          <Value>attributeID:1381:1:55a73700-c891-46fd-8f5c-72bc827f2ef5:20160407213830.297:1381</Value>
          <Value>attributeSyntax:1381:1:55a73700-c891-46fd-8f5c-72bc827f2ef5:20160407213830.297:1381</Value>
          <Value>cn:1381:1:55a73700-c891-46fd-8f5c-72bc827f2ef5:20160407213830.297:1381</Value>
          <Value>createTimeStamp:1381:1:55a73700-c891-46fd-8f5c-72bc827f2ef5:20160407213830.297:1381</Value>
          <Value>description:1381:1:55a73700-c891-46fd-8f5c-72bc827f2ef5:20160407213830.297:1381</Value>
          <Value>entryDN:1381:1:55a73700-c891-46fd-8f5c-72bc827f2ef5:20160407213830.297:1381</Value>
          <Value>isSingleValued:1381:1:55a73700-c891-46fd-8f5c-72bc827f2ef5:20160407213830.297:1381</Value>
          <Value>lDAPDisplayName:1381:1:55a73700-c891-46fd-8f5c-72bc827f2ef5:20160407213830.297:1381</Value>
          <Value>modifyTimeStamp:1381:1:55a73700-c891-46fd-8f5c-72bc827f2ef5:20160407213830.297:1381</Value>
          <Value>objectClass:1381:1:55a73700-c891-46fd-8f5c-72bc827f2ef5:20160407213830.297:1381</Value>
          <Value>objectGUID:1381:1:55a73700-c891-46fd-8f5c-72bc827f2ef5:20160407213830.297:1381</Value>
          <Value>oMSyntax:1381:1:55a73700-c891-46fd-8f5c-72bc827f2ef5:20160407213830.297:1381</Value>
          <Value>schemaIDGUID:1381:1:55a73700-c891-46fd-8f5c-72bc827f2ef5:20160407213830.297:1381</Value>
          <Value>uSNChanged:1381:1:55a73700-c891-46fd-8f5c-72bc827f2ef5:20160407213830.297:1381</Value>
          <Value>uSNCreated:1381:1:55a73700-c891-46fd-8f5c-72bc827f2ef5:20160407213830.297:1381</Value>
          <Value>vmwAttributeUsage:1381:1:55a73700-c891-46fd-8f5c-72bc827f2ef5:20160407213830.297:1381</Value>
        </AttributeMetadata>
      </AttributeSchemaEntry>
      <AttributeSchemaEntry>
        <Name>vmwSTSExternalIdpUserId</Name>
        <AttributeMetadata>
          <Value>attributeID:636:1:55a73700-c891-46fd-8f5c-72bc827f2ef5:20160407213829.009:636</Value>
          <Value>attributeSyntax:636:1:55a73700-c891-46fd-8f5c-72bc827f2ef5:20160407213829.009:636</Value>
          <Value>cn:636:1:55a73700-c891-46fd-8f5c-72bc827f2ef5:20160407213829.009:636</Value>
          <Value>createTimeStamp:636:1:55a73700-c891-46fd-8f5c-72bc827f2ef5:20160407213829.009:636</Value>
          <Value>description:636:1:55a73700-c891-46fd-8f5c-72bc827f2ef5:20160407213829.009:636</Value>
          <Value>entryDN:636:1:55a73700-c891-46fd-8f5c-72bc827f2ef5:20160407213829.009:636</Value>
          <Value>isSingleValued:636:1:55a73700-c891-46fd-8f5c-72bc827f2ef5:20160407213829.009:636</Value>
          <Value>lDAPDisplayName:636:1:55a73700-c891-46fd-8f5c-72bc827f2ef5:20160407213829.009:636</Value>
          <Value>modifyTimeStamp:636:1:55a73700-c891-46fd-8f5c-72bc827f2ef5:20160407213829.009:636</Value>
          <Value>objectClass:636:1:55a73700-c891-46fd-8f5c-72bc827f2ef5:20160407213829.009:636</Value>
          <Value>objectGUID:636:1:55a73700-c891-46fd-8f5c-72bc827f2ef5:20160407213829.009:636</Value>
          <Value>oMSyntax:636:1:55a73700-c891-46fd-8f5c-72bc827f2ef5:20160407213829.009:636</Value>
          <Value>schemaIDGUID:636:1:55a73700-c891-46fd-8f5c-72bc827f2ef5:20160407213829.009:636</Value>
          <Value>uSNChanged:636:1:55a73700-c891-46fd-8f5c-72bc827f2ef5:20160407213829.009:636</Value>
          <Value>uSNCreated:636:1:55a73700-c891-46fd-8f5c-72bc827f2ef5:20160407213829.009:636</Value>
          <Value>vmwAttributeUsage:636:1:55a73700-c891-46fd-8f5c-72bc827f2ef5:20160407213829.009:636</Value>
        </AttributeMetadata>
      </AttributeSchemaEntry>
      <AttributeSchemaEntry>
        <Name>vmwSTSFingerprint</Name>
        <AttributeMetadata>
          <Value>attributeID:1744:1:55a73700-c891-46fd-8f5c-72bc827f2ef5:20160407213830.909:1744</Value>
          <Value>attributeSyntax:1744:1:55a73700-c891-46fd-8f5c-72bc827f2ef5:20160407213830.909:1744</Value>
          <Value>cn:1744:1:55a73700-c891-46fd-8f5c-72bc827f2ef5:20160407213830.909:1744</Value>
          <Value>createTimeStamp:1744:1:55a73700-c891-46fd-8f5c-72bc827f2ef5:20160407213830.909:1744</Value>
          <Value>description:1744:1:55a73700-c891-46fd-8f5c-72bc827f2ef5:20160407213830.909:1744</Value>
          <Value>entryDN:1744:1:55a73700-c891-46fd-8f5c-72bc827f2ef5:20160407213830.909:1744</Value>
          <Value>isSingleValued:1744:1:55a73700-c891-46fd-8f5c-72bc827f2ef5:20160407213830.909:1744</Value>
          <Value>lDAPDisplayName:1744:1:55a73700-c891-46fd-8f5c-72bc827f2ef5:20160407213830.909:1744</Value>
          <Value>modifyTimeStamp:1744:1:55a73700-c891-46fd-8f5c-72bc827f2ef5:20160407213830.909:1744</Value>
          <Value>objectClass:1744:1:55a73700-c891-46fd-8f5c-72bc827f2ef5:20160407213830.909:1744</Value>
          <Value>objectGUID:1744:1:55a73700-c891-46fd-8f5c-72bc827f2ef5:20160407213830.909:1744</Value>
          <Value>oMSyntax:1744:1:55a73700-c891-46fd-8f5c-72bc827f2ef5:20160407213830.909:1744</Value>
          <Value>schemaIDGUID:1744:1:55a73700-c891-46fd-8f5c-72bc827f2ef5:20160407213830.909:1744</Value>
          <Value>uSNChanged:1744:1:55a73700-c891-46fd-8f5c-72bc827f2ef5:20160407213830.909:1744</Value>
          <Value>uSNCreated:1744:1:55a73700-c891-46fd-8f5c-72bc827f2ef5:20160407213830.909:1744</Value>
          <Value>vmwAttributeUsage:1744:1:55a73700-c891-46fd-8f5c-72bc827f2ef5:20160407213830.909:1744</Value>
        </AttributeMetadata>
      </AttributeSchemaEntry>
      <AttributeSchemaEntry>
        <Name>vmwSTSGroupBaseDN</Name>
        <AttributeMetadata>
          <Value>attributeID:1644:1:55a73700-c891-46fd-8f5c-72bc827f2ef5:20160407213830.738:1644</Value>
          <Value>attributeSyntax:1644:1:55a73700-c891-46fd-8f5c-72bc827f2ef5:20160407213830.738:1644</Value>
          <Value>cn:1644:1:55a73700-c891-46fd-8f5c-72bc827f2ef5:20160407213830.738:1644</Value>
          <Value>createTimeStamp:1644:1:55a73700-c891-46fd-8f5c-72bc827f2ef5:20160407213830.738:1644</Value>
          <Value>description:1644:1:55a73700-c891-46fd-8f5c-72bc827f2ef5:20160407213830.738:1644</Value>
          <Value>entryDN:1644:1:55a73700-c891-46fd-8f5c-72bc827f2ef5:20160407213830.738:1644</Value>
          <Value>isSingleValued:1644:1:55a73700-c891-46fd-8f5c-72bc827f2ef5:20160407213830.738:1644</Value>
          <Value>lDAPDisplayName:1644:1:55a73700-c891-46fd-8f5c-72bc827f2ef5:20160407213830.738:1644</Value>
          <Value>modifyTimeStamp:1644:1:55a73700-c891-46fd-8f5c-72bc827f2ef5:20160407213830.738:1644</Value>
          <Value>objectClass:1644:1:55a73700-c891-46fd-8f5c-72bc827f2ef5:20160407213830.738:1644</Value>
          <Value>objectGUID:1644:1:55a73700-c891-46fd-8f5c-72bc827f2ef5:20160407213830.738:1644</Value>
          <Value>oMSyntax:1644:1:55a73700-c891-46fd-8f5c-72bc827f2ef5:20160407213830.738:1644</Value>
          <Value>schemaIDGUID:1644:1:55a73700-c891-46fd-8f5c-72bc827f2ef5:20160407213830.738:1644</Value>
          <Value>uSNChanged:1644:1:55a73700-c891-46fd-8f5c-72bc827f2ef5:20160407213830.738:1644</Value>
          <Value>uSNCreated:1644:1:55a73700-c891-46fd-8f5c-72bc827f2ef5:20160407213830.738:1644</Value>
          <Value>vmwAttributeUsage:1644:1:55a73700-c891-46fd-8f5c-72bc827f2ef5:20160407213830.738:1644</Value>
        </AttributeMetadata>
      </AttributeSchemaEntry>
      <AttributeSchemaEntry>
        <Name>vmwSTSGuidIdentity</Name>
        <AttributeMetadata>
          <Value>attributeID:176:1:55a73700-c891-46fd-8f5c-72bc827f2ef5:20160407213828.292:176</Value>
          <Value>attributeSyntax:176:1:55a73700-c891-46fd-8f5c-72bc827f2ef5:20160407213828.292:176</Value>
          <Value>cn:176:1:55a73700-c891-46fd-8f5c-72bc827f2ef5:20160407213828.292:176</Value>
          <Value>createTimeStamp:176:1:55a73700-c891-46fd-8f5c-72bc827f2ef5:20160407213828.292:176</Value>
          <Value>description:176:1:55a73700-c891-46fd-8f5c-72bc827f2ef5:20160407213828.292:176</Value>
          <Value>entryDN:176:1:55a73700-c891-46fd-8f5c-72bc827f2ef5:20160407213828.292:176</Value>
          <Value>isSingleValued:176:1:55a73700-c891-46fd-8f5c-72bc827f2ef5:20160407213828.292:176</Value>
          <Value>lDAPDisplayName:176:1:55a73700-c891-46fd-8f5c-72bc827f2ef5:20160407213828.292:176</Value>
          <Value>modifyTimeStamp:176:1:55a73700-c891-46fd-8f5c-72bc827f2ef5:20160407213828.292:176</Value>
          <Value>objectClass:176:1:55a73700-c891-46fd-8f5c-72bc827f2ef5:20160407213828.292:176</Value>
          <Value>objectGUID:176:1:55a73700-c891-46fd-8f5c-72bc827f2ef5:20160407213828.292:176</Value>
          <Value>oMSyntax:176:1:55a73700-c891-46fd-8f5c-72bc827f2ef5:20160407213828.292:176</Value>
          <Value>schemaIDGUID:176:1:55a73700-c891-46fd-8f5c-72bc827f2ef5:20160407213828.292:176</Value>
          <Value>uSNChanged:176:1:55a73700-c891-46fd-8f5c-72bc827f2ef5:20160407213828.292:176</Value>
          <Value>uSNCreated:176:1:55a73700-c891-46fd-8f5c-72bc827f2ef5:20160407213828.292:176</Value>
          <Value>vmwAttributeUsage:176:1:55a73700-c891-46fd-8f5c-72bc827f2ef5:20160407213828.292:176</Value>
        </AttributeMetadata>
      </AttributeSchemaEntry>
      <AttributeSchemaEntry>
        <Name>vmwSTSIdentityStoreFlags</Name>
        <AttributeMetadata>
          <Value>attributeID:617:1:55a73700-c891-46fd-8f5c-72bc827f2ef5:20160407213828.975:617</Value>
          <Value>attributeSyntax:617:1:55a73700-c891-46fd-8f5c-72bc827f2ef5:20160407213828.975:617</Value>
          <Value>cn:617:1:55a73700-c891-46fd-8f5c-72bc827f2ef5:20160407213828.975:617</Value>
          <Value>createTimeStamp:617:1:55a73700-c891-46fd-8f5c-72bc827f2ef5:20160407213828.975:617</Value>
          <Value>description:617:1:55a73700-c891-46fd-8f5c-72bc827f2ef5:20160407213828.975:617</Value>
          <Value>entryDN:617:1:55a73700-c891-46fd-8f5c-72bc827f2ef5:20160407213828.975:617</Value>
          <Value>isSingleValued:617:1:55a73700-c891-46fd-8f5c-72bc827f2ef5:20160407213828.975:617</Value>
          <Value>lDAPDisplayName:617:1:55a73700-c891-46fd-8f5c-72bc827f2ef5:20160407213828.975:617</Value>
          <Value>modifyTimeStamp:617:1:55a73700-c891-46fd-8f5c-72bc827f2ef5:20160407213828.975:617</Value>
          <Value>objectClass:617:1:55a73700-c891-46fd-8f5c-72bc827f2ef5:20160407213828.975:617</Value>
          <Value>objectGUID:617:1:55a73700-c891-46fd-8f5c-72bc827f2ef5:20160407213828.975:617</Value>
          <Value>oMSyntax:617:1:55a73700-c891-46fd-8f5c-72bc827f2ef5:20160407213828.975:617</Value>
          <Value>schemaIDGUID:617:1:55a73700-c891-46fd-8f5c-72bc827f2ef5:20160407213828.975:617</Value>
          <Value>uSNChanged:617:1:55a73700-c891-46fd-8f5c-72bc827f2ef5:20160407213828.975:617</Value>
          <Value>uSNCreated:617:1:55a73700-c891-46fd-8f5c-72bc827f2ef5:20160407213828.975:617</Value>
          <Value>vmwAttributeUsage:617:1:55a73700-c891-46fd-8f5c-72bc827f2ef5:20160407213828.975:617</Value>
        </AttributeMetadata>
      </AttributeSchemaEntry>
      <AttributeSchemaEntry>
        <Name>vmwSTSIndex</Name>
        <AttributeMetadata>
          <Value>attributeID:1346:1:55a73700-c891-46fd-8f5c-72bc827f2ef5:20160407213830.238:1346</Value>
          <Value>attributeSyntax:1346:1:55a73700-c891-46fd-8f5c-72bc827f2ef5:20160407213830.238:1346</Value>
          <Value>cn:1346:1:55a73700-c891-46fd-8f5c-72bc827f2ef5:20160407213830.238:1346</Value>
          <Value>createTimeStamp:1346:1:55a73700-c891-46fd-8f5c-72bc827f2ef5:20160407213830.238:1346</Value>
          <Value>description:1346:1:55a73700-c891-46fd-8f5c-72bc827f2ef5:20160407213830.238:1346</Value>
          <Value>entryDN:1346:1:55a73700-c891-46fd-8f5c-72bc827f2ef5:20160407213830.238:1346</Value>
          <Value>isSingleValued:1346:1:55a73700-c891-46fd-8f5c-72bc827f2ef5:20160407213830.238:1346</Value>
          <Value>lDAPDisplayName:1346:1:55a73700-c891-46fd-8f5c-72bc827f2ef5:20160407213830.238:1346</Value>
          <Value>modifyTimeStamp:1346:1:55a73700-c891-46fd-8f5c-72bc827f2ef5:20160407213830.238:1346</Value>
          <Value>objectClass:1346:1:55a73700-c891-46fd-8f5c-72bc827f2ef5:20160407213830.238:1346</Value>
          <Value>objectGUID:1346:1:55a73700-c891-46fd-8f5c-72bc827f2ef5:20160407213830.238:1346</Value>
          <Value>oMSyntax:1346:1:55a73700-c891-46fd-8f5c-72bc827f2ef5:20160407213830.238:1346</Value>
          <Value>schemaIDGUID:1346:1:55a73700-c891-46fd-8f5c-72bc827f2ef5:20160407213830.238:1346</Value>
          <Value>uSNChanged:1346:1:55a73700-c891-46fd-8f5c-72bc827f2ef5:20160407213830.238:1346</Value>
          <Value>uSNCreated:1346:1:55a73700-c891-46fd-8f5c-72bc827f2ef5:20160407213830.238:1346</Value>
          <Value>vmwAttributeUsage:1346:1:55a73700-c891-46fd-8f5c-72bc827f2ef5:20160407213830.238:1346</Value>
        </AttributeMetadata>
      </AttributeSchemaEntry>
      <AttributeSchemaEntry>
        <Name>vmwSTSIssuerName</Name>
        <AttributeMetadata>
          <Value>attributeID:1135:1:55a73700-c891-46fd-8f5c-72bc827f2ef5:20160407213829.883:1135</Value>
          <Value>attributeSyntax:1135:1:55a73700-c891-46fd-8f5c-72bc827f2ef5:20160407213829.883:1135</Value>
          <Value>cn:1135:1:55a73700-c891-46fd-8f5c-72bc827f2ef5:20160407213829.883:1135</Value>
          <Value>createTimeStamp:1135:1:55a73700-c891-46fd-8f5c-72bc827f2ef5:20160407213829.883:1135</Value>
          <Value>description:1135:1:55a73700-c891-46fd-8f5c-72bc827f2ef5:20160407213829.883:1135</Value>
          <Value>entryDN:1135:1:55a73700-c891-46fd-8f5c-72bc827f2ef5:20160407213829.883:1135</Value>
          <Value>isSingleValued:1135:1:55a73700-c891-46fd-8f5c-72bc827f2ef5:20160407213829.883:1135</Value>
          <Value>lDAPDisplayName:1135:1:55a73700-c891-46fd-8f5c-72bc827f2ef5:20160407213829.883:1135</Value>
          <Value>modifyTimeStamp:1135:1:55a73700-c891-46fd-8f5c-72bc827f2ef5:20160407213829.883:1135</Value>
          <Value>objectClass:1135:1:55a73700-c891-46fd-8f5c-72bc827f2ef5:20160407213829.883:1135</Value>
          <Value>objectGUID:1135:1:55a73700-c891-46fd-8f5c-72bc827f2ef5:20160407213829.883:1135</Value>
          <Value>oMSyntax:1135:1:55a73700-c891-46fd-8f5c-72bc827f2ef5:20160407213829.883:1135</Value>
          <Value>schemaIDGUID:1135:1:55a73700-c891-46fd-8f5c-72bc827f2ef5:20160407213829.883:1135</Value>
          <Value>uSNChanged:1135:1:55a73700-c891-46fd-8f5c-72bc827f2ef5:20160407213829.883:1135</Value>
          <Value>uSNCreated:1135:1:55a73700-c891-46fd-8f5c-72bc827f2ef5:20160407213829.883:1135</Value>
          <Value>vmwAttributeUsage:1135:1:55a73700-c891-46fd-8f5c-72bc827f2ef5:20160407213829.883:1135</Value>
        </AttributeMetadata>
      </AttributeSchemaEntry>
      <AttributeSchemaEntry>
        <Name>vmwSTSLogonBanner</Name>
        <AttributeMetadata>
          <Value>attributeID:1195:1:55a73700-c891-46fd-8f5c-72bc827f2ef5:20160407213829.982:1195</Value>
          <Value>attributeSyntax:1195:1:55a73700-c891-46fd-8f5c-72bc827f2ef5:20160407213829.982:1195</Value>
          <Value>cn:1195:1:55a73700-c891-46fd-8f5c-72bc827f2ef5:20160407213829.982:1195</Value>
          <Value>createTimeStamp:1195:1:55a73700-c891-46fd-8f5c-72bc827f2ef5:20160407213829.982:1195</Value>
          <Value>description:1195:1:55a73700-c891-46fd-8f5c-72bc827f2ef5:20160407213829.982:1195</Value>
          <Value>entryDN:1195:1:55a73700-c891-46fd-8f5c-72bc827f2ef5:20160407213829.982:1195</Value>
          <Value>isSingleValued:1195:1:55a73700-c891-46fd-8f5c-72bc827f2ef5:20160407213829.982:1195</Value>
          <Value>lDAPDisplayName:1195:1:55a73700-c891-46fd-8f5c-72bc827f2ef5:20160407213829.982:1195</Value>
          <Value>modifyTimeStamp:1195:1:55a73700-c891-46fd-8f5c-72bc827f2ef5:20160407213829.982:1195</Value>
          <Value>objectClass:1195:1:55a73700-c891-46fd-8f5c-72bc827f2ef5:20160407213829.982:1195</Value>
          <Value>objectGUID:1195:1:55a73700-c891-46fd-8f5c-72bc827f2ef5:20160407213829.982:1195</Value>
          <Value>oMSyntax:1195:1:55a73700-c891-46fd-8f5c-72bc827f2ef5:20160407213829.982:1195</Value>
          <Value>schemaIDGUID:1195:1:55a73700-c891-46fd-8f5c-72bc827f2ef5:20160407213829.982:1195</Value>
          <Value>uSNChanged:1195:1:55a73700-c891-46fd-8f5c-72bc827f2ef5:20160407213829.982:1195</Value>
          <Value>uSNCreated:1195:1:55a73700-c891-46fd-8f5c-72bc827f2ef5:20160407213829.982:1195</Value>
          <Value>vmwAttributeUsage:1195:1:55a73700-c891-46fd-8f5c-72bc827f2ef5:20160407213829.982:1195</Value>
        </AttributeMetadata>
      </AttributeSchemaEntry>
      <AttributeSchemaEntry>
        <Name>vmwSTSLogonBannerEnableCheckbox</Name>
        <AttributeMetadata>
          <Value>attributeID:1300:1:55a73700-c891-46fd-8f5c-72bc827f2ef5:20160407213830.159:1300</Value>
          <Value>attributeSyntax:1300:1:55a73700-c891-46fd-8f5c-72bc827f2ef5:20160407213830.159:1300</Value>
          <Value>cn:1300:1:55a73700-c891-46fd-8f5c-72bc827f2ef5:20160407213830.159:1300</Value>
          <Value>createTimeStamp:1300:1:55a73700-c891-46fd-8f5c-72bc827f2ef5:20160407213830.159:1300</Value>
          <Value>description:1300:1:55a73700-c891-46fd-8f5c-72bc827f2ef5:20160407213830.159:1300</Value>
          <Value>entryDN:1300:1:55a73700-c891-46fd-8f5c-72bc827f2ef5:20160407213830.159:1300</Value>
          <Value>isSingleValued:1300:1:55a73700-c891-46fd-8f5c-72bc827f2ef5:20160407213830.159:1300</Value>
          <Value>lDAPDisplayName:1300:1:55a73700-c891-46fd-8f5c-72bc827f2ef5:20160407213830.159:1300</Value>
          <Value>modifyTimeStamp:1300:1:55a73700-c891-46fd-8f5c-72bc827f2ef5:20160407213830.159:1300</Value>
          <Value>objectClass:1300:1:55a73700-c891-46fd-8f5c-72bc827f2ef5:20160407213830.159:1300</Value>
          <Value>objectGUID:1300:1:55a73700-c891-46fd-8f5c-72bc827f2ef5:20160407213830.159:1300</Value>
          <Value>oMSyntax:1300:1:55a73700-c891-46fd-8f5c-72bc827f2ef5:20160407213830.159:1300</Value>
          <Value>schemaIDGUID:1300:1:55a73700-c891-46fd-8f5c-72bc827f2ef5:20160407213830.159:1300</Value>
          <Value>uSNChanged:1300:1:55a73700-c891-46fd-8f5c-72bc827f2ef5:20160407213830.159:1300</Value>
          <Value>uSNCreated:1300:1:55a73700-c891-46fd-8f5c-72bc827f2ef5:20160407213830.159:1300</Value>
          <Value>vmwAttributeUsage:1300:1:55a73700-c891-46fd-8f5c-72bc827f2ef5:20160407213830.159:1300</Value>
        </AttributeMetadata>
      </AttributeSchemaEntry>
      <AttributeSchemaEntry>
        <Name>vmwSTSLogonBannerTitle</Name>
        <AttributeMetadata>
          <Value>attributeID:239:1:55a73700-c891-46fd-8f5c-72bc827f2ef5:20160407213828.381:239</Value>
          <Value>attributeSyntax:239:1:55a73700-c891-46fd-8f5c-72bc827f2ef5:20160407213828.381:239</Value>
          <Value>cn:239:1:55a73700-c891-46fd-8f5c-72bc827f2ef5:20160407213828.381:239</Value>
          <Value>createTimeStamp:239:1:55a73700-c891-46fd-8f5c-72bc827f2ef5:20160407213828.381:239</Value>
          <Value>description:239:1:55a73700-c891-46fd-8f5c-72bc827f2ef5:20160407213828.381:239</Value>
          <Value>entryDN:239:1:55a73700-c891-46fd-8f5c-72bc827f2ef5:20160407213828.381:239</Value>
          <Value>isSingleValued:239:1:55a73700-c891-46fd-8f5c-72bc827f2ef5:20160407213828.381:239</Value>
          <Value>lDAPDisplayName:239:1:55a73700-c891-46fd-8f5c-72bc827f2ef5:20160407213828.381:239</Value>
          <Value>modifyTimeStamp:239:1:55a73700-c891-46fd-8f5c-72bc827f2ef5:20160407213828.381:239</Value>
          <Value>objectClass:239:1:55a73700-c891-46fd-8f5c-72bc827f2ef5:20160407213828.381:239</Value>
          <Value>objectGUID:239:1:55a73700-c891-46fd-8f5c-72bc827f2ef5:20160407213828.381:239</Value>
          <Value>oMSyntax:239:1:55a73700-c891-46fd-8f5c-72bc827f2ef5:20160407213828.381:239</Value>
          <Value>schemaIDGUID:239:1:55a73700-c891-46fd-8f5c-72bc827f2ef5:20160407213828.381:239</Value>
          <Value>uSNChanged:239:1:55a73700-c891-46fd-8f5c-72bc827f2ef5:20160407213828.381:239</Value>
          <Value>uSNCreated:239:1:55a73700-c891-46fd-8f5c-72bc827f2ef5:20160407213828.381:239</Value>
          <Value>vmwAttributeUsage:239:1:55a73700-c891-46fd-8f5c-72bc827f2ef5:20160407213828.381:239</Value>
        </AttributeMetadata>
      </AttributeSchemaEntry>
      <AttributeSchemaEntry>
        <Name>vmwSTSMapKey</Name>
        <AttributeMetadata>
          <Value>attributeID:1676:1:55a73700-c891-46fd-8f5c-72bc827f2ef5:20160407213830.794:1676</Value>
          <Value>attributeSyntax:1676:1:55a73700-c891-46fd-8f5c-72bc827f2ef5:20160407213830.794:1676</Value>
          <Value>cn:1676:1:55a73700-c891-46fd-8f5c-72bc827f2ef5:20160407213830.794:1676</Value>
          <Value>createTimeStamp:1676:1:55a73700-c891-46fd-8f5c-72bc827f2ef5:20160407213830.794:1676</Value>
          <Value>description:1676:1:55a73700-c891-46fd-8f5c-72bc827f2ef5:20160407213830.794:1676</Value>
          <Value>entryDN:1676:1:55a73700-c891-46fd-8f5c-72bc827f2ef5:20160407213830.794:1676</Value>
          <Value>isSingleValued:1676:1:55a73700-c891-46fd-8f5c-72bc827f2ef5:20160407213830.794:1676</Value>
          <Value>lDAPDisplayName:1676:1:55a73700-c891-46fd-8f5c-72bc827f2ef5:20160407213830.794:1676</Value>
          <Value>modifyTimeStamp:1676:1:55a73700-c891-46fd-8f5c-72bc827f2ef5:20160407213830.794:1676</Value>
          <Value>objectClass:1676:1:55a73700-c891-46fd-8f5c-72bc827f2ef5:20160407213830.794:1676</Value>
          <Value>objectGUID:1676:1:55a73700-c891-46fd-8f5c-72bc827f2ef5:20160407213830.794:1676</Value>
          <Value>oMSyntax:1676:1:55a73700-c891-46fd-8f5c-72bc827f2ef5:20160407213830.794:1676</Value>
          <Value>schemaIDGUID:1676:1:55a73700-c891-46fd-8f5c-72bc827f2ef5:20160407213830.794:1676</Value>
          <Value>uSNChanged:1676:1:55a73700-c891-46fd-8f5c-72bc827f2ef5:20160407213830.794:1676</Value>
          <Value>uSNCreated:1676:1:55a73700-c891-46fd-8f5c-72bc827f2ef5:20160407213830.794:1676</Value>
          <Value>vmwAttributeUsage:1676:1:55a73700-c891-46fd-8f5c-72bc827f2ef5:20160407213830.794:1676</Value>
        </AttributeMetadata>
      </AttributeSchemaEntry>
      <AttributeSchemaEntry>
        <Name>vmwSTSMapValue</Name>
        <AttributeMetadata>
          <Value>attributeID:1511:1:55a73700-c891-46fd-8f5c-72bc827f2ef5:20160407213830.508:1511</Value>
          <Value>attributeSyntax:1511:1:55a73700-c891-46fd-8f5c-72bc827f2ef5:20160407213830.508:1511</Value>
          <Value>cn:1511:1:55a73700-c891-46fd-8f5c-72bc827f2ef5:20160407213830.508:1511</Value>
          <Value>createTimeStamp:1511:1:55a73700-c891-46fd-8f5c-72bc827f2ef5:20160407213830.508:1511</Value>
          <Value>description:1511:1:55a73700-c891-46fd-8f5c-72bc827f2ef5:20160407213830.508:1511</Value>
          <Value>entryDN:1511:1:55a73700-c891-46fd-8f5c-72bc827f2ef5:20160407213830.508:1511</Value>
          <Value>isSingleValued:1511:1:55a73700-c891-46fd-8f5c-72bc827f2ef5:20160407213830.508:1511</Value>
          <Value>lDAPDisplayName:1511:1:55a73700-c891-46fd-8f5c-72bc827f2ef5:20160407213830.508:1511</Value>
          <Value>modifyTimeStamp:1511:1:55a73700-c891-46fd-8f5c-72bc827f2ef5:20160407213830.508:1511</Value>
          <Value>objectClass:1511:1:55a73700-c891-46fd-8f5c-72bc827f2ef5:20160407213830.508:1511</Value>
          <Value>objectGUID:1511:1:55a73700-c891-46fd-8f5c-72bc827f2ef5:20160407213830.508:1511</Value>
          <Value>oMSyntax:1511:1:55a73700-c891-46fd-8f5c-72bc827f2ef5:20160407213830.508:1511</Value>
          <Value>schemaIDGUID:1511:1:55a73700-c891-46fd-8f5c-72bc827f2ef5:20160407213830.508:1511</Value>
          <Value>uSNChanged:1511:1:55a73700-c891-46fd-8f5c-72bc827f2ef5:20160407213830.508:1511</Value>
          <Value>uSNCreated:1511:1:55a73700-c891-46fd-8f5c-72bc827f2ef5:20160407213830.508:1511</Value>
          <Value>vmwAttributeUsage:1511:1:55a73700-c891-46fd-8f5c-72bc827f2ef5:20160407213830.508:1511</Value>
        </AttributeMetadata>
      </AttributeSchemaEntry>
      <AttributeSchemaEntry>
        <Name>vmwSTSMaxBearerRefreshTokenLifetime</Name>
        <AttributeMetadata>
          <Value>attributeID:712:1:55a73700-c891-46fd-8f5c-72bc827f2ef5:20160407213829.144:712</Value>
          <Value>attributeSyntax:712:1:55a73700-c891-46fd-8f5c-72bc827f2ef5:20160407213829.144:712</Value>
          <Value>cn:712:1:55a73700-c891-46fd-8f5c-72bc827f2ef5:20160407213829.144:712</Value>
          <Value>createTimeStamp:712:1:55a73700-c891-46fd-8f5c-72bc827f2ef5:20160407213829.144:712</Value>
          <Value>description:712:1:55a73700-c891-46fd-8f5c-72bc827f2ef5:20160407213829.144:712</Value>
          <Value>entryDN:712:1:55a73700-c891-46fd-8f5c-72bc827f2ef5:20160407213829.144:712</Value>
          <Value>isSingleValued:712:1:55a73700-c891-46fd-8f5c-72bc827f2ef5:20160407213829.144:712</Value>
          <Value>lDAPDisplayName:712:1:55a73700-c891-46fd-8f5c-72bc827f2ef5:20160407213829.144:712</Value>
          <Value>modifyTimeStamp:712:1:55a73700-c891-46fd-8f5c-72bc827f2ef5:20160407213829.144:712</Value>
          <Value>objectClass:712:1:55a73700-c891-46fd-8f5c-72bc827f2ef5:20160407213829.144:712</Value>
          <Value>objectGUID:712:1:55a73700-c891-46fd-8f5c-72bc827f2ef5:20160407213829.144:712</Value>
          <Value>oMSyntax:712:1:55a73700-c891-46fd-8f5c-72bc827f2ef5:20160407213829.144:712</Value>
          <Value>schemaIDGUID:712:1:55a73700-c891-46fd-8f5c-72bc827f2ef5:20160407213829.144:712</Value>
          <Value>uSNChanged:712:1:55a73700-c891-46fd-8f5c-72bc827f2ef5:20160407213829.144:712</Value>
          <Value>uSNCreated:712:1:55a73700-c891-46fd-8f5c-72bc827f2ef5:20160407213829.144:712</Value>
          <Value>vmwAttributeUsage:712:1:55a73700-c891-46fd-8f5c-72bc827f2ef5:20160407213829.144:712</Value>
        </AttributeMetadata>
      </AttributeSchemaEntry>
      <AttributeSchemaEntry>
        <Name>vmwSTSMaxBearerTokenLifetime</Name>
        <AttributeMetadata>
          <Value>attributeID:532:1:55a73700-c891-46fd-8f5c-72bc827f2ef5:20160407213828.831:532</Value>
          <Value>attributeSyntax:532:1:55a73700-c891-46fd-8f5c-72bc827f2ef5:20160407213828.831:532</Value>
          <Value>cn:532:1:55a73700-c891-46fd-8f5c-72bc827f2ef5:20160407213828.831:532</Value>
          <Value>createTimeStamp:532:1:55a73700-c891-46fd-8f5c-72bc827f2ef5:20160407213828.831:532</Value>
          <Value>description:532:1:55a73700-c891-46fd-8f5c-72bc827f2ef5:20160407213828.831:532</Value>
          <Value>entryDN:532:1:55a73700-c891-46fd-8f5c-72bc827f2ef5:20160407213828.831:532</Value>
          <Value>isSingleValued:532:1:55a73700-c891-46fd-8f5c-72bc827f2ef5:20160407213828.831:532</Value>
          <Value>lDAPDisplayName:532:1:55a73700-c891-46fd-8f5c-72bc827f2ef5:20160407213828.831:532</Value>
          <Value>modifyTimeStamp:532:1:55a73700-c891-46fd-8f5c-72bc827f2ef5:20160407213828.831:532</Value>
          <Value>objectClass:532:1:55a73700-c891-46fd-8f5c-72bc827f2ef5:20160407213828.831:532</Value>
          <Value>objectGUID:532:1:55a73700-c891-46fd-8f5c-72bc827f2ef5:20160407213828.831:532</Value>
          <Value>oMSyntax:532:1:55a73700-c891-46fd-8f5c-72bc827f2ef5:20160407213828.831:532</Value>
          <Value>schemaIDGUID:532:1:55a73700-c891-46fd-8f5c-72bc827f2ef5:20160407213828.831:532</Value>
          <Value>uSNChanged:532:1:55a73700-c891-46fd-8f5c-72bc827f2ef5:20160407213828.831:532</Value>
          <Value>uSNCreated:532:1:55a73700-c891-46fd-8f5c-72bc827f2ef5:20160407213828.831:532</Value>
          <Value>vmwAttributeUsage:532:1:55a73700-c891-46fd-8f5c-72bc827f2ef5:20160407213828.831:532</Value>
        </AttributeMetadata>
      </AttributeSchemaEntry>
      <AttributeSchemaEntry>
        <Name>vmwSTSMaxHolderOfKeyRefreshTokenLifetime</Name>
        <AttributeMetadata>
          <Value>attributeID:372:1:55a73700-c891-46fd-8f5c-72bc827f2ef5:20160407213828.579:372</Value>
          <Value>attributeSyntax:372:1:55a73700-c891-46fd-8f5c-72bc827f2ef5:20160407213828.579:372</Value>
          <Value>cn:372:1:55a73700-c891-46fd-8f5c-72bc827f2ef5:20160407213828.579:372</Value>
          <Value>createTimeStamp:372:1:55a73700-c891-46fd-8f5c-72bc827f2ef5:20160407213828.579:372</Value>
          <Value>description:372:1:55a73700-c891-46fd-8f5c-72bc827f2ef5:20160407213828.579:372</Value>
          <Value>entryDN:372:1:55a73700-c891-46fd-8f5c-72bc827f2ef5:20160407213828.579:372</Value>
          <Value>isSingleValued:372:1:55a73700-c891-46fd-8f5c-72bc827f2ef5:20160407213828.579:372</Value>
          <Value>lDAPDisplayName:372:1:55a73700-c891-46fd-8f5c-72bc827f2ef5:20160407213828.579:372</Value>
          <Value>modifyTimeStamp:372:1:55a73700-c891-46fd-8f5c-72bc827f2ef5:20160407213828.579:372</Value>
          <Value>objectClass:372:1:55a73700-c891-46fd-8f5c-72bc827f2ef5:20160407213828.579:372</Value>
          <Value>objectGUID:372:1:55a73700-c891-46fd-8f5c-72bc827f2ef5:20160407213828.579:372</Value>
          <Value>oMSyntax:372:1:55a73700-c891-46fd-8f5c-72bc827f2ef5:20160407213828.579:372</Value>
          <Value>schemaIDGUID:372:1:55a73700-c891-46fd-8f5c-72bc827f2ef5:20160407213828.579:372</Value>
          <Value>uSNChanged:372:1:55a73700-c891-46fd-8f5c-72bc827f2ef5:20160407213828.579:372</Value>
          <Value>uSNCreated:372:1:55a73700-c891-46fd-8f5c-72bc827f2ef5:20160407213828.579:372</Value>
          <Value>vmwAttributeUsage:372:1:55a73700-c891-46fd-8f5c-72bc827f2ef5:20160407213828.579:372</Value>
        </AttributeMetadata>
      </AttributeSchemaEntry>
      <AttributeSchemaEntry>
        <Name>vmwSTSMaxHolderOfKeyTokenLifetime</Name>
        <AttributeMetadata>
          <Value>attributeID:1216:1:55a73700-c891-46fd-8f5c-72bc827f2ef5:20160407213830.026:1216</Value>
          <Value>attributeSyntax:1216:1:55a73700-c891-46fd-8f5c-72bc827f2ef5:20160407213830.026:1216</Value>
          <Value>cn:1216:1:55a73700-c891-46fd-8f5c-72bc827f2ef5:20160407213830.026:1216</Value>
          <Value>createTimeStamp:1216:1:55a73700-c891-46fd-8f5c-72bc827f2ef5:20160407213830.026:1216</Value>
          <Value>description:1216:1:55a73700-c891-46fd-8f5c-72bc827f2ef5:20160407213830.026:1216</Value>
          <Value>entryDN:1216:1:55a73700-c891-46fd-8f5c-72bc827f2ef5:20160407213830.026:1216</Value>
          <Value>isSingleValued:1216:1:55a73700-c891-46fd-8f5c-72bc827f2ef5:20160407213830.026:1216</Value>
          <Value>lDAPDisplayName:1216:1:55a73700-c891-46fd-8f5c-72bc827f2ef5:20160407213830.026:1216</Value>
          <Value>modifyTimeStamp:1216:1:55a73700-c891-46fd-8f5c-72bc827f2ef5:20160407213830.026:1216</Value>
          <Value>objectClass:1216:1:55a73700-c891-46fd-8f5c-72bc827f2ef5:20160407213830.026:1216</Value>
          <Value>objectGUID:1216:1:55a73700-c891-46fd-8f5c-72bc827f2ef5:20160407213830.026:1216</Value>
          <Value>oMSyntax:1216:1:55a73700-c891-46fd-8f5c-72bc827f2ef5:20160407213830.026:1216</Value>
          <Value>schemaIDGUID:1216:1:55a73700-c891-46fd-8f5c-72bc827f2ef5:20160407213830.026:1216</Value>
          <Value>uSNChanged:1216:1:55a73700-c891-46fd-8f5c-72bc827f2ef5:20160407213830.026:1216</Value>
          <Value>uSNCreated:1216:1:55a73700-c891-46fd-8f5c-72bc827f2ef5:20160407213830.026:1216</Value>
          <Value>vmwAttributeUsage:1216:1:55a73700-c891-46fd-8f5c-72bc827f2ef5:20160407213830.026:1216</Value>
        </AttributeMetadata>
      </AttributeSchemaEntry>
      <AttributeSchemaEntry>
        <Name>vmwSTSMaximumKeySize</Name>
        <AttributeMetadata>
          <Value>attributeID:1622:1:55a73700-c891-46fd-8f5c-72bc827f2ef5:20160407213830.691:1622</Value>
          <Value>attributeSyntax:1622:1:55a73700-c891-46fd-8f5c-72bc827f2ef5:20160407213830.691:1622</Value>
          <Value>cn:1622:1:55a73700-c891-46fd-8f5c-72bc827f2ef5:20160407213830.691:1622</Value>
          <Value>createTimeStamp:1622:1:55a73700-c891-46fd-8f5c-72bc827f2ef5:20160407213830.691:1622</Value>
          <Value>description:1622:1:55a73700-c891-46fd-8f5c-72bc827f2ef5:20160407213830.691:1622</Value>
          <Value>entryDN:1622:1:55a73700-c891-46fd-8f5c-72bc827f2ef5:20160407213830.691:1622</Value>
          <Value>isSingleValued:1622:1:55a73700-c891-46fd-8f5c-72bc827f2ef5:20160407213830.691:1622</Value>
          <Value>lDAPDisplayName:1622:1:55a73700-c891-46fd-8f5c-72bc827f2ef5:20160407213830.691:1622</Value>
          <Value>modifyTimeStamp:1622:1:55a73700-c891-46fd-8f5c-72bc827f2ef5:20160407213830.691:1622</Value>
          <Value>objectClass:1622:1:55a73700-c891-46fd-8f5c-72bc827f2ef5:20160407213830.691:1622</Value>
          <Value>objectGUID:1622:1:55a73700-c891-46fd-8f5c-72bc827f2ef5:20160407213830.691:1622</Value>
          <Value>oMSyntax:1622:1:55a73700-c891-46fd-8f5c-72bc827f2ef5:20160407213830.691:1622</Value>
          <Value>schemaIDGUID:1622:1:55a73700-c891-46fd-8f5c-72bc827f2ef5:20160407213830.691:1622</Value>
          <Value>uSNChanged:1622:1:55a73700-c891-46fd-8f5c-72bc827f2ef5:20160407213830.691:1622</Value>
          <Value>uSNCreated:1622:1:55a73700-c891-46fd-8f5c-72bc827f2ef5:20160407213830.691:1622</Value>
          <Value>vmwAttributeUsage:1622:1:55a73700-c891-46fd-8f5c-72bc827f2ef5:20160407213830.691:1622</Value>
        </AttributeMetadata>
      </AttributeSchemaEntry>
      <AttributeSchemaEntry>
        <Name>vmwSTSMinimumKeySize</Name>
        <AttributeMetadata>
          <Value>attributeID:909:1:55a73700-c891-46fd-8f5c-72bc827f2ef5:20160407213829.478:909</Value>
          <Value>attributeSyntax:909:1:55a73700-c891-46fd-8f5c-72bc827f2ef5:20160407213829.478:909</Value>
          <Value>cn:909:1:55a73700-c891-46fd-8f5c-72bc827f2ef5:20160407213829.478:909</Value>
          <Value>createTimeStamp:909:1:55a73700-c891-46fd-8f5c-72bc827f2ef5:20160407213829.478:909</Value>
          <Value>description:909:1:55a73700-c891-46fd-8f5c-72bc827f2ef5:20160407213829.478:909</Value>
          <Value>entryDN:909:1:55a73700-c891-46fd-8f5c-72bc827f2ef5:20160407213829.478:909</Value>
          <Value>isSingleValued:909:1:55a73700-c891-46fd-8f5c-72bc827f2ef5:20160407213829.478:909</Value>
          <Value>lDAPDisplayName:909:1:55a73700-c891-46fd-8f5c-72bc827f2ef5:20160407213829.478:909</Value>
          <Value>modifyTimeStamp:909:1:55a73700-c891-46fd-8f5c-72bc827f2ef5:20160407213829.478:909</Value>
          <Value>objectClass:909:1:55a73700-c891-46fd-8f5c-72bc827f2ef5:20160407213829.478:909</Value>
          <Value>objectGUID:909:1:55a73700-c891-46fd-8f5c-72bc827f2ef5:20160407213829.478:909</Value>
          <Value>oMSyntax:909:1:55a73700-c891-46fd-8f5c-72bc827f2ef5:20160407213829.478:909</Value>
          <Value>schemaIDGUID:909:1:55a73700-c891-46fd-8f5c-72bc827f2ef5:20160407213829.478:909</Value>
          <Value>uSNChanged:909:1:55a73700-c891-46fd-8f5c-72bc827f2ef5:20160407213829.478:909</Value>
          <Value>uSNCreated:909:1:55a73700-c891-46fd-8f5c-72bc827f2ef5:20160407213829.478:909</Value>
          <Value>vmwAttributeUsage:909:1:55a73700-c891-46fd-8f5c-72bc827f2ef5:20160407213829.478:909</Value>
        </AttributeMetadata>
      </AttributeSchemaEntry>
      <AttributeSchemaEntry>
        <Name>vmwSTSName</Name>
        <AttributeMetadata>
          <Value>attributeID:220:1:55a73700-c891-46fd-8f5c-72bc827f2ef5:20160407213828.352:220</Value>
          <Value>attributeSyntax:220:1:55a73700-c891-46fd-8f5c-72bc827f2ef5:20160407213828.352:220</Value>
          <Value>cn:220:1:55a73700-c891-46fd-8f5c-72bc827f2ef5:20160407213828.352:220</Value>
          <Value>createTimeStamp:220:1:55a73700-c891-46fd-8f5c-72bc827f2ef5:20160407213828.352:220</Value>
          <Value>description:220:1:55a73700-c891-46fd-8f5c-72bc827f2ef5:20160407213828.352:220</Value>
          <Value>entryDN:220:1:55a73700-c891-46fd-8f5c-72bc827f2ef5:20160407213828.352:220</Value>
          <Value>isSingleValued:220:1:55a73700-c891-46fd-8f5c-72bc827f2ef5:20160407213828.352:220</Value>
          <Value>lDAPDisplayName:220:1:55a73700-c891-46fd-8f5c-72bc827f2ef5:20160407213828.352:220</Value>
          <Value>modifyTimeStamp:220:1:55a73700-c891-46fd-8f5c-72bc827f2ef5:20160407213828.352:220</Value>
          <Value>objectClass:220:1:55a73700-c891-46fd-8f5c-72bc827f2ef5:20160407213828.352:220</Value>
          <Value>objectGUID:220:1:55a73700-c891-46fd-8f5c-72bc827f2ef5:20160407213828.352:220</Value>
          <Value>oMSyntax:220:1:55a73700-c891-46fd-8f5c-72bc827f2ef5:20160407213828.352:220</Value>
          <Value>schemaIDGUID:220:1:55a73700-c891-46fd-8f5c-72bc827f2ef5:20160407213828.352:220</Value>
          <Value>uSNChanged:220:1:55a73700-c891-46fd-8f5c-72bc827f2ef5:20160407213828.352:220</Value>
          <Value>uSNCreated:220:1:55a73700-c891-46fd-8f5c-72bc827f2ef5:20160407213828.352:220</Value>
          <Value>vmwAttributeUsage:220:1:55a73700-c891-46fd-8f5c-72bc827f2ef5:20160407213828.352:220</Value>
        </AttributeMetadata>
      </AttributeSchemaEntry>
      <AttributeSchemaEntry>
        <Name>vmwSTSNameFormat</Name>
        <AttributeMetadata>
          <Value>attributeID:854:1:55a73700-c891-46fd-8f5c-72bc827f2ef5:20160407213829.385:854</Value>
          <Value>attributeSyntax:854:1:55a73700-c891-46fd-8f5c-72bc827f2ef5:20160407213829.385:854</Value>
          <Value>cn:854:1:55a73700-c891-46fd-8f5c-72bc827f2ef5:20160407213829.385:854</Value>
          <Value>createTimeStamp:854:1:55a73700-c891-46fd-8f5c-72bc827f2ef5:20160407213829.385:854</Value>
          <Value>description:854:1:55a73700-c891-46fd-8f5c-72bc827f2ef5:20160407213829.385:854</Value>
          <Value>entryDN:854:1:55a73700-c891-46fd-8f5c-72bc827f2ef5:20160407213829.385:854</Value>
          <Value>isSingleValued:854:1:55a73700-c891-46fd-8f5c-72bc827f2ef5:20160407213829.385:854</Value>
          <Value>lDAPDisplayName:854:1:55a73700-c891-46fd-8f5c-72bc827f2ef5:20160407213829.385:854</Value>
          <Value>modifyTimeStamp:854:1:55a73700-c891-46fd-8f5c-72bc827f2ef5:20160407213829.385:854</Value>
          <Value>objectClass:854:1:55a73700-c891-46fd-8f5c-72bc827f2ef5:20160407213829.385:854</Value>
          <Value>objectGUID:854:1:55a73700-c891-46fd-8f5c-72bc827f2ef5:20160407213829.385:854</Value>
          <Value>oMSyntax:854:1:55a73700-c891-46fd-8f5c-72bc827f2ef5:20160407213829.385:854</Value>
          <Value>schemaIDGUID:854:1:55a73700-c891-46fd-8f5c-72bc827f2ef5:20160407213829.385:854</Value>
          <Value>uSNChanged:854:1:55a73700-c891-46fd-8f5c-72bc827f2ef5:20160407213829.385:854</Value>
          <Value>uSNCreated:854:1:55a73700-c891-46fd-8f5c-72bc827f2ef5:20160407213829.385:854</Value>
          <Value>vmwAttributeUsage:854:1:55a73700-c891-46fd-8f5c-72bc827f2ef5:20160407213829.385:854</Value>
        </AttributeMetadata>
      </AttributeSchemaEntry>
      <AttributeSchemaEntry>
        <Name>vmwSTSNameIDFormat</Name>
        <AttributeMetadata>
          <Value>attributeID:874:1:55a73700-c891-46fd-8f5c-72bc827f2ef5:20160407213829.422:874</Value>
          <Value>attributeSyntax:874:1:55a73700-c891-46fd-8f5c-72bc827f2ef5:20160407213829.422:874</Value>
          <Value>cn:874:1:55a73700-c891-46fd-8f5c-72bc827f2ef5:20160407213829.422:874</Value>
          <Value>createTimeStamp:874:1:55a73700-c891-46fd-8f5c-72bc827f2ef5:20160407213829.422:874</Value>
          <Value>description:874:1:55a73700-c891-46fd-8f5c-72bc827f2ef5:20160407213829.422:874</Value>
          <Value>entryDN:874:1:55a73700-c891-46fd-8f5c-72bc827f2ef5:20160407213829.422:874</Value>
          <Value>isSingleValued:874:1:55a73700-c891-46fd-8f5c-72bc827f2ef5:20160407213829.422:874</Value>
          <Value>lDAPDisplayName:874:1:55a73700-c891-46fd-8f5c-72bc827f2ef5:20160407213829.422:874</Value>
          <Value>modifyTimeStamp:874:1:55a73700-c891-46fd-8f5c-72bc827f2ef5:20160407213829.422:874</Value>
          <Value>objectClass:874:1:55a73700-c891-46fd-8f5c-72bc827f2ef5:20160407213829.422:874</Value>
          <Value>objectGUID:874:1:55a73700-c891-46fd-8f5c-72bc827f2ef5:20160407213829.422:874</Value>
          <Value>oMSyntax:874:1:55a73700-c891-46fd-8f5c-72bc827f2ef5:20160407213829.422:874</Value>
          <Value>schemaIDGUID:874:1:55a73700-c891-46fd-8f5c-72bc827f2ef5:20160407213829.422:874</Value>
          <Value>uSNChanged:874:1:55a73700-c891-46fd-8f5c-72bc827f2ef5:20160407213829.422:874</Value>
          <Value>uSNCreated:874:1:55a73700-c891-46fd-8f5c-72bc827f2ef5:20160407213829.422:874</Value>
          <Value>vmwAttributeUsage:874:1:55a73700-c891-46fd-8f5c-72bc827f2ef5:20160407213829.422:874</Value>
        </AttributeMetadata>
      </AttributeSchemaEntry>
      <AttributeSchemaEntry>
        <Name>vmwSTSOneTimeUse</Name>
        <AttributeMetadata>
          <Value>attributeID:1281:1:55a73700-c891-46fd-8f5c-72bc827f2ef5:20160407213830.129:1281</Value>
          <Value>attributeSyntax:1281:1:55a73700-c891-46fd-8f5c-72bc827f2ef5:20160407213830.129:1281</Value>
          <Value>cn:1281:1:55a73700-c891-46fd-8f5c-72bc827f2ef5:20160407213830.129:1281</Value>
          <Value>createTimeStamp:1281:1:55a73700-c891-46fd-8f5c-72bc827f2ef5:20160407213830.129:1281</Value>
          <Value>description:1281:1:55a73700-c891-46fd-8f5c-72bc827f2ef5:20160407213830.129:1281</Value>
          <Value>entryDN:1281:1:55a73700-c891-46fd-8f5c-72bc827f2ef5:20160407213830.129:1281</Value>
          <Value>isSingleValued:1281:1:55a73700-c891-46fd-8f5c-72bc827f2ef5:20160407213830.129:1281</Value>
          <Value>lDAPDisplayName:1281:1:55a73700-c891-46fd-8f5c-72bc827f2ef5:20160407213830.129:1281</Value>
          <Value>modifyTimeStamp:1281:1:55a73700-c891-46fd-8f5c-72bc827f2ef5:20160407213830.129:1281</Value>
          <Value>objectClass:1281:1:55a73700-c891-46fd-8f5c-72bc827f2ef5:20160407213830.129:1281</Value>
          <Value>objectGUID:1281:1:55a73700-c891-46fd-8f5c-72bc827f2ef5:20160407213830.129:1281</Value>
          <Value>oMSyntax:1281:1:55a73700-c891-46fd-8f5c-72bc827f2ef5:20160407213830.129:1281</Value>
          <Value>schemaIDGUID:1281:1:55a73700-c891-46fd-8f5c-72bc827f2ef5:20160407213830.129:1281</Value>
          <Value>uSNChanged:1281:1:55a73700-c891-46fd-8f5c-72bc827f2ef5:20160407213830.129:1281</Value>
          <Value>uSNCreated:1281:1:55a73700-c891-46fd-8f5c-72bc827f2ef5:20160407213830.129:1281</Value>
          <Value>vmwAttributeUsage:1281:1:55a73700-c891-46fd-8f5c-72bc827f2ef5:20160407213830.129:1281</Value>
        </AttributeMetadata>
      </AttributeSchemaEntry>
      <AttributeSchemaEntry>
        <Name>vmwSTSPassword</Name>
        <AttributeMetadata>
          <Value>attributeID:1413:1:55a73700-c891-46fd-8f5c-72bc827f2ef5:20160407213830.351:1413</Value>
          <Value>attributeSyntax:1413:1:55a73700-c891-46fd-8f5c-72bc827f2ef5:20160407213830.351:1413</Value>
          <Value>cn:1413:1:55a73700-c891-46fd-8f5c-72bc827f2ef5:20160407213830.351:1413</Value>
          <Value>createTimeStamp:1413:1:55a73700-c891-46fd-8f5c-72bc827f2ef5:20160407213830.351:1413</Value>
          <Value>description:1413:1:55a73700-c891-46fd-8f5c-72bc827f2ef5:20160407213830.351:1413</Value>
          <Value>entryDN:1413:1:55a73700-c891-46fd-8f5c-72bc827f2ef5:20160407213830.351:1413</Value>
          <Value>isSingleValued:1413:1:55a73700-c891-46fd-8f5c-72bc827f2ef5:20160407213830.351:1413</Value>
          <Value>lDAPDisplayName:1413:1:55a73700-c891-46fd-8f5c-72bc827f2ef5:20160407213830.351:1413</Value>
          <Value>modifyTimeStamp:1413:1:55a73700-c891-46fd-8f5c-72bc827f2ef5:20160407213830.351:1413</Value>
          <Value>objectClass:1413:1:55a73700-c891-46fd-8f5c-72bc827f2ef5:20160407213830.351:1413</Value>
          <Value>objectGUID:1413:1:55a73700-c891-46fd-8f5c-72bc827f2ef5:20160407213830.351:1413</Value>
          <Value>oMSyntax:1413:1:55a73700-c891-46fd-8f5c-72bc827f2ef5:20160407213830.351:1413</Value>
          <Value>schemaIDGUID:1413:1:55a73700-c891-46fd-8f5c-72bc827f2ef5:20160407213830.351:1413</Value>
          <Value>uSNChanged:1413:1:55a73700-c891-46fd-8f5c-72bc827f2ef5:20160407213830.351:1413</Value>
          <Value>uSNCreated:1413:1:55a73700-c891-46fd-8f5c-72bc827f2ef5:20160407213830.351:1413</Value>
          <Value>vmwAttributeUsage:1413:1:55a73700-c891-46fd-8f5c-72bc827f2ef5:20160407213830.351:1413</Value>
        </AttributeMetadata>
      </AttributeSchemaEntry>
      <AttributeSchemaEntry>
        <Name>vmwSTSPasswordExpirationEmailSubject</Name>
        <AttributeMetadata>
          <Value>attributeID:1517:1:55a73700-c891-46fd-8f5c-72bc827f2ef5:20160407213830.515:1517</Value>
          <Value>attributeSyntax:1517:1:55a73700-c891-46fd-8f5c-72bc827f2ef5:20160407213830.515:1517</Value>
          <Value>cn:1517:1:55a73700-c891-46fd-8f5c-72bc827f2ef5:20160407213830.515:1517</Value>
          <Value>createTimeStamp:1517:1:55a73700-c891-46fd-8f5c-72bc827f2ef5:20160407213830.515:1517</Value>
          <Value>description:1517:1:55a73700-c891-46fd-8f5c-72bc827f2ef5:20160407213830.515:1517</Value>
          <Value>entryDN:1517:1:55a73700-c891-46fd-8f5c-72bc827f2ef5:20160407213830.515:1517</Value>
          <Value>isSingleValued:1517:1:55a73700-c891-46fd-8f5c-72bc827f2ef5:20160407213830.515:1517</Value>
          <Value>lDAPDisplayName:1517:1:55a73700-c891-46fd-8f5c-72bc827f2ef5:20160407213830.515:1517</Value>
          <Value>modifyTimeStamp:1517:1:55a73700-c891-46fd-8f5c-72bc827f2ef5:20160407213830.515:1517</Value>
          <Value>objectClass:1517:1:55a73700-c891-46fd-8f5c-72bc827f2ef5:20160407213830.515:1517</Value>
          <Value>objectGUID:1517:1:55a73700-c891-46fd-8f5c-72bc827f2ef5:20160407213830.515:1517</Value>
          <Value>oMSyntax:1517:1:55a73700-c891-46fd-8f5c-72bc827f2ef5:20160407213830.515:1517</Value>
          <Value>schemaIDGUID:1517:1:55a73700-c891-46fd-8f5c-72bc827f2ef5:20160407213830.515:1517</Value>
          <Value>uSNChanged:1517:1:55a73700-c891-46fd-8f5c-72bc827f2ef5:20160407213830.515:1517</Value>
          <Value>uSNCreated:1517:1:55a73700-c891-46fd-8f5c-72bc827f2ef5:20160407213830.515:1517</Value>
          <Value>vmwAttributeUsage:1517:1:55a73700-c891-46fd-8f5c-72bc827f2ef5:20160407213830.515:1517</Value>
        </AttributeMetadata>
      </AttributeSchemaEntry>
      <AttributeSchemaEntry>
        <Name>vmwSTSPasswordExpirationFromEmail</Name>
        <AttributeMetadata>
          <Value>attributeID:1267:1:55a73700-c891-46fd-8f5c-72bc827f2ef5:20160407213830.113:1267</Value>
          <Value>attributeSyntax:1267:1:55a73700-c891-46fd-8f5c-72bc827f2ef5:20160407213830.113:1267</Value>
          <Value>cn:1267:1:55a73700-c891-46fd-8f5c-72bc827f2ef5:20160407213830.113:1267</Value>
          <Value>createTimeStamp:1267:1:55a73700-c891-46fd-8f5c-72bc827f2ef5:20160407213830.113:1267</Value>
          <Value>description:1267:1:55a73700-c891-46fd-8f5c-72bc827f2ef5:20160407213830.113:1267</Value>
          <Value>entryDN:1267:1:55a73700-c891-46fd-8f5c-72bc827f2ef5:20160407213830.113:1267</Value>
          <Value>isSingleValued:1267:1:55a73700-c891-46fd-8f5c-72bc827f2ef5:20160407213830.113:1267</Value>
          <Value>lDAPDisplayName:1267:1:55a73700-c891-46fd-8f5c-72bc827f2ef5:20160407213830.113:1267</Value>
          <Value>modifyTimeStamp:1267:1:55a73700-c891-46fd-8f5c-72bc827f2ef5:20160407213830.113:1267</Value>
          <Value>objectClass:1267:1:55a73700-c891-46fd-8f5c-72bc827f2ef5:20160407213830.113:1267</Value>
          <Value>objectGUID:1267:1:55a73700-c891-46fd-8f5c-72bc827f2ef5:20160407213830.113:1267</Value>
          <Value>oMSyntax:1267:1:55a73700-c891-46fd-8f5c-72bc827f2ef5:20160407213830.113:1267</Value>
          <Value>schemaIDGUID:1267:1:55a73700-c891-46fd-8f5c-72bc827f2ef5:20160407213830.113:1267</Value>
          <Value>uSNChanged:1267:1:55a73700-c891-46fd-8f5c-72bc827f2ef5:20160407213830.113:1267</Value>
          <Value>uSNCreated:1267:1:55a73700-c891-46fd-8f5c-72bc827f2ef5:20160407213830.113:1267</Value>
          <Value>vmwAttributeUsage:1267:1:55a73700-c891-46fd-8f5c-72bc827f2ef5:20160407213830.113:1267</Value>
        </AttributeMetadata>
      </AttributeSchemaEntry>
      <AttributeSchemaEntry>
        <Name>vmwSTSPasswordExpirationNotificationDays</Name>
        <AttributeMetadata>
          <Value>attributeID:1151:1:55a73700-c891-46fd-8f5c-72bc827f2ef5:20160407213829.912:1151</Value>
          <Value>attributeSyntax:1151:1:55a73700-c891-46fd-8f5c-72bc827f2ef5:20160407213829.912:1151</Value>
          <Value>cn:1151:1:55a73700-c891-46fd-8f5c-72bc827f2ef5:20160407213829.912:1151</Value>
          <Value>createTimeStamp:1151:1:55a73700-c891-46fd-8f5c-72bc827f2ef5:20160407213829.912:1151</Value>
          <Value>description:1151:1:55a73700-c891-46fd-8f5c-72bc827f2ef5:20160407213829.912:1151</Value>
          <Value>entryDN:1151:1:55a73700-c891-46fd-8f5c-72bc827f2ef5:20160407213829.912:1151</Value>
          <Value>isSingleValued:1151:1:55a73700-c891-46fd-8f5c-72bc827f2ef5:20160407213829.912:1151</Value>
          <Value>lDAPDisplayName:1151:1:55a73700-c891-46fd-8f5c-72bc827f2ef5:20160407213829.912:1151</Value>
          <Value>modifyTimeStamp:1151:1:55a73700-c891-46fd-8f5c-72bc827f2ef5:20160407213829.912:1151</Value>
          <Value>objectClass:1151:1:55a73700-c891-46fd-8f5c-72bc827f2ef5:20160407213829.912:1151</Value>
          <Value>objectGUID:1151:1:55a73700-c891-46fd-8f5c-72bc827f2ef5:20160407213829.912:1151</Value>
          <Value>oMSyntax:1151:1:55a73700-c891-46fd-8f5c-72bc827f2ef5:20160407213829.912:1151</Value>
          <Value>schemaIDGUID:1151:1:55a73700-c891-46fd-8f5c-72bc827f2ef5:20160407213829.912:1151</Value>
          <Value>uSNChanged:1151:1:55a73700-c891-46fd-8f5c-72bc827f2ef5:20160407213829.912:1151</Value>
          <Value>uSNCreated:1151:1:55a73700-c891-46fd-8f5c-72bc827f2ef5:20160407213829.912:1151</Value>
          <Value>vmwAttributeUsage:1151:1:55a73700-c891-46fd-8f5c-72bc827f2ef5:20160407213829.912:1151</Value>
        </AttributeMetadata>
      </AttributeSchemaEntry>
      <AttributeSchemaEntry>
        <Name>vmwSTSPriority</Name>
        <AttributeMetadata>
          <Value>attributeID:818:1:55a73700-c891-46fd-8f5c-72bc827f2ef5:20160407213829.324:818</Value>
          <Value>attributeSyntax:818:1:55a73700-c891-46fd-8f5c-72bc827f2ef5:20160407213829.324:818</Value>
          <Value>cn:818:1:55a73700-c891-46fd-8f5c-72bc827f2ef5:20160407213829.324:818</Value>
          <Value>createTimeStamp:818:1:55a73700-c891-46fd-8f5c-72bc827f2ef5:20160407213829.324:818</Value>
          <Value>description:818:1:55a73700-c891-46fd-8f5c-72bc827f2ef5:20160407213829.324:818</Value>
          <Value>entryDN:818:1:55a73700-c891-46fd-8f5c-72bc827f2ef5:20160407213829.324:818</Value>
          <Value>isSingleValued:818:1:55a73700-c891-46fd-8f5c-72bc827f2ef5:20160407213829.324:818</Value>
          <Value>lDAPDisplayName:818:1:55a73700-c891-46fd-8f5c-72bc827f2ef5:20160407213829.324:818</Value>
          <Value>modifyTimeStamp:818:1:55a73700-c891-46fd-8f5c-72bc827f2ef5:20160407213829.324:818</Value>
          <Value>objectClass:818:1:55a73700-c891-46fd-8f5c-72bc827f2ef5:20160407213829.324:818</Value>
          <Value>objectGUID:818:1:55a73700-c891-46fd-8f5c-72bc827f2ef5:20160407213829.324:818</Value>
          <Value>oMSyntax:818:1:55a73700-c891-46fd-8f5c-72bc827f2ef5:20160407213829.324:818</Value>
          <Value>schemaIDGUID:818:1:55a73700-c891-46fd-8f5c-72bc827f2ef5:20160407213829.324:818</Value>
          <Value>uSNChanged:818:1:55a73700-c891-46fd-8f5c-72bc827f2ef5:20160407213829.324:818</Value>
          <Value>uSNCreated:818:1:55a73700-c891-46fd-8f5c-72bc827f2ef5:20160407213829.324:818</Value>
          <Value>vmwAttributeUsage:818:1:55a73700-c891-46fd-8f5c-72bc827f2ef5:20160407213829.324:818</Value>
        </AttributeMetadata>
      </AttributeSchemaEntry>
      <AttributeSchemaEntry>
        <Name>vmwSTSPrivateKey</Name>
        <AttributeMetadata>
          <Value>attributeID:797:1:55a73700-c891-46fd-8f5c-72bc827f2ef5:20160407213829.290:797</Value>
          <Value>attributeSyntax:797:1:55a73700-c891-46fd-8f5c-72bc827f2ef5:20160407213829.290:797</Value>
          <Value>cn:797:1:55a73700-c891-46fd-8f5c-72bc827f2ef5:20160407213829.290:797</Value>
          <Value>createTimeStamp:797:1:55a73700-c891-46fd-8f5c-72bc827f2ef5:20160407213829.290:797</Value>
          <Value>description:797:1:55a73700-c891-46fd-8f5c-72bc827f2ef5:20160407213829.290:797</Value>
          <Value>entryDN:797:1:55a73700-c891-46fd-8f5c-72bc827f2ef5:20160407213829.290:797</Value>
          <Value>isSingleValued:797:1:55a73700-c891-46fd-8f5c-72bc827f2ef5:20160407213829.290:797</Value>
          <Value>lDAPDisplayName:797:1:55a73700-c891-46fd-8f5c-72bc827f2ef5:20160407213829.290:797</Value>
          <Value>modifyTimeStamp:797:1:55a73700-c891-46fd-8f5c-72bc827f2ef5:20160407213829.290:797</Value>
          <Value>objectClass:797:1:55a73700-c891-46fd-8f5c-72bc827f2ef5:20160407213829.290:797</Value>
          <Value>objectGUID:797:1:55a73700-c891-46fd-8f5c-72bc827f2ef5:20160407213829.290:797</Value>
          <Value>oMSyntax:797:1:55a73700-c891-46fd-8f5c-72bc827f2ef5:20160407213829.290:797</Value>
          <Value>schemaIDGUID:797:1:55a73700-c891-46fd-8f5c-72bc827f2ef5:20160407213829.290:797</Value>
          <Value>uSNChanged:797:1:55a73700-c891-46fd-8f5c-72bc827f2ef5:20160407213829.290:797</Value>
          <Value>uSNCreated:797:1:55a73700-c891-46fd-8f5c-72bc827f2ef5:20160407213829.290:797</Value>
          <Value>vmwAttributeUsage:797:1:55a73700-c891-46fd-8f5c-72bc827f2ef5:20160407213829.290:797</Value>
        </AttributeMetadata>
      </AttributeSchemaEntry>
      <AttributeSchemaEntry>
        <Name>vmwSTSProviderType</Name>
        <AttributeMetadata>
          <Value>attributeID:542:1:55a73700-c891-46fd-8f5c-72bc827f2ef5:20160407213828.851:542</Value>
          <Value>attributeSyntax:542:1:55a73700-c891-46fd-8f5c-72bc827f2ef5:20160407213828.851:542</Value>
          <Value>cn:542:1:55a73700-c891-46fd-8f5c-72bc827f2ef5:20160407213828.851:542</Value>
          <Value>createTimeStamp:542:1:55a73700-c891-46fd-8f5c-72bc827f2ef5:20160407213828.851:542</Value>
          <Value>description:542:1:55a73700-c891-46fd-8f5c-72bc827f2ef5:20160407213828.851:542</Value>
          <Value>entryDN:542:1:55a73700-c891-46fd-8f5c-72bc827f2ef5:20160407213828.851:542</Value>
          <Value>isSingleValued:542:1:55a73700-c891-46fd-8f5c-72bc827f2ef5:20160407213828.851:542</Value>
          <Value>lDAPDisplayName:542:1:55a73700-c891-46fd-8f5c-72bc827f2ef5:20160407213828.851:542</Value>
          <Value>modifyTimeStamp:542:1:55a73700-c891-46fd-8f5c-72bc827f2ef5:20160407213828.851:542</Value>
          <Value>objectClass:542:1:55a73700-c891-46fd-8f5c-72bc827f2ef5:20160407213828.851:542</Value>
          <Value>objectGUID:542:1:55a73700-c891-46fd-8f5c-72bc827f2ef5:20160407213828.851:542</Value>
          <Value>oMSyntax:542:1:55a73700-c891-46fd-8f5c-72bc827f2ef5:20160407213828.851:542</Value>
          <Value>schemaIDGUID:542:1:55a73700-c891-46fd-8f5c-72bc827f2ef5:20160407213828.851:542</Value>
          <Value>uSNChanged:542:1:55a73700-c891-46fd-8f5c-72bc827f2ef5:20160407213828.851:542</Value>
          <Value>uSNCreated:542:1:55a73700-c891-46fd-8f5c-72bc827f2ef5:20160407213828.851:542</Value>
          <Value>vmwAttributeUsage:542:1:55a73700-c891-46fd-8f5c-72bc827f2ef5:20160407213828.851:542</Value>
        </AttributeMetadata>
      </AttributeSchemaEntry>
      <AttributeSchemaEntry>
        <Name>vmwSTSRelyingPartyURL</Name>
        <AttributeMetadata>
          <Value>attributeID:235:1:55a73700-c891-46fd-8f5c-72bc827f2ef5:20160407213828.376:235</Value>
          <Value>attributeSyntax:235:1:55a73700-c891-46fd-8f5c-72bc827f2ef5:20160407213828.376:235</Value>
          <Value>cn:235:1:55a73700-c891-46fd-8f5c-72bc827f2ef5:20160407213828.376:235</Value>
          <Value>createTimeStamp:235:1:55a73700-c891-46fd-8f5c-72bc827f2ef5:20160407213828.376:235</Value>
          <Value>description:235:1:55a73700-c891-46fd-8f5c-72bc827f2ef5:20160407213828.376:235</Value>
          <Value>entryDN:235:1:55a73700-c891-46fd-8f5c-72bc827f2ef5:20160407213828.376:235</Value>
          <Value>isSingleValued:235:1:55a73700-c891-46fd-8f5c-72bc827f2ef5:20160407213828.376:235</Value>
          <Value>lDAPDisplayName:235:1:55a73700-c891-46fd-8f5c-72bc827f2ef5:20160407213828.376:235</Value>
          <Value>modifyTimeStamp:235:1:55a73700-c891-46fd-8f5c-72bc827f2ef5:20160407213828.376:235</Value>
          <Value>objectClass:235:1:55a73700-c891-46fd-8f5c-72bc827f2ef5:20160407213828.376:235</Value>
          <Value>objectGUID:235:1:55a73700-c891-46fd-8f5c-72bc827f2ef5:20160407213828.376:235</Value>
          <Value>oMSyntax:235:1:55a73700-c891-46fd-8f5c-72bc827f2ef5:20160407213828.376:235</Value>
          <Value>schemaIDGUID:235:1:55a73700-c891-46fd-8f5c-72bc827f2ef5:20160407213828.376:235</Value>
          <Value>uSNChanged:235:1:55a73700-c891-46fd-8f5c-72bc827f2ef5:20160407213828.376:235</Value>
          <Value>uSNCreated:235:1:55a73700-c891-46fd-8f5c-72bc827f2ef5:20160407213828.376:235</Value>
          <Value>vmwAttributeUsage:235:1:55a73700-c891-46fd-8f5c-72bc827f2ef5:20160407213828.376:235</Value>
        </AttributeMetadata>
      </AttributeSchemaEntry>
      <AttributeSchemaEntry>
        <Name>vmwSTSRenewCount</Name>
        <AttributeMetadata>
          <Value>attributeID:1313:1:55a73700-c891-46fd-8f5c-72bc827f2ef5:20160407213830.182:1313</Value>
          <Value>attributeSyntax:1313:1:55a73700-c891-46fd-8f5c-72bc827f2ef5:20160407213830.182:1313</Value>
          <Value>cn:1313:1:55a73700-c891-46fd-8f5c-72bc827f2ef5:20160407213830.182:1313</Value>
          <Value>createTimeStamp:1313:1:55a73700-c891-46fd-8f5c-72bc827f2ef5:20160407213830.182:1313</Value>
          <Value>description:1313:1:55a73700-c891-46fd-8f5c-72bc827f2ef5:20160407213830.182:1313</Value>
          <Value>entryDN:1313:1:55a73700-c891-46fd-8f5c-72bc827f2ef5:20160407213830.182:1313</Value>
          <Value>isSingleValued:1313:1:55a73700-c891-46fd-8f5c-72bc827f2ef5:20160407213830.182:1313</Value>
          <Value>lDAPDisplayName:1313:1:55a73700-c891-46fd-8f5c-72bc827f2ef5:20160407213830.182:1313</Value>
          <Value>modifyTimeStamp:1313:1:55a73700-c891-46fd-8f5c-72bc827f2ef5:20160407213830.182:1313</Value>
          <Value>objectClass:1313:1:55a73700-c891-46fd-8f5c-72bc827f2ef5:20160407213830.182:1313</Value>
          <Value>objectGUID:1313:1:55a73700-c891-46fd-8f5c-72bc827f2ef5:20160407213830.182:1313</Value>
          <Value>oMSyntax:1313:1:55a73700-c891-46fd-8f5c-72bc827f2ef5:20160407213830.182:1313</Value>
          <Value>schemaIDGUID:1313:1:55a73700-c891-46fd-8f5c-72bc827f2ef5:20160407213830.182:1313</Value>
          <Value>uSNChanged:1313:1:55a73700-c891-46fd-8f5c-72bc827f2ef5:20160407213830.182:1313</Value>
          <Value>uSNCreated:1313:1:55a73700-c891-46fd-8f5c-72bc827f2ef5:20160407213830.182:1313</Value>
          <Value>vmwAttributeUsage:1313:1:55a73700-c891-46fd-8f5c-72bc827f2ef5:20160407213830.182:1313</Value>
        </AttributeMetadata>
      </AttributeSchemaEntry>
      <AttributeSchemaEntry>
        <Name>vmwSTSResponseEndpoint</Name>
        <AttributeMetadata>
          <Value>attributeID:1155:1:55a73700-c891-46fd-8f5c-72bc827f2ef5:20160407213829.917:1155</Value>
          <Value>attributeSyntax:1155:1:55a73700-c891-46fd-8f5c-72bc827f2ef5:20160407213829.917:1155</Value>
          <Value>cn:1155:1:55a73700-c891-46fd-8f5c-72bc827f2ef5:20160407213829.917:1155</Value>
          <Value>createTimeStamp:1155:1:55a73700-c891-46fd-8f5c-72bc827f2ef5:20160407213829.917:1155</Value>
          <Value>description:1155:1:55a73700-c891-46fd-8f5c-72bc827f2ef5:20160407213829.917:1155</Value>
          <Value>entryDN:1155:1:55a73700-c891-46fd-8f5c-72bc827f2ef5:20160407213829.917:1155</Value>
          <Value>isSingleValued:1155:1:55a73700-c891-46fd-8f5c-72bc827f2ef5:20160407213829.917:1155</Value>
          <Value>lDAPDisplayName:1155:1:55a73700-c891-46fd-8f5c-72bc827f2ef5:20160407213829.917:1155</Value>
          <Value>modifyTimeStamp:1155:1:55a73700-c891-46fd-8f5c-72bc827f2ef5:20160407213829.917:1155</Value>
          <Value>objectClass:1155:1:55a73700-c891-46fd-8f5c-72bc827f2ef5:20160407213829.917:1155</Value>
          <Value>objectGUID:1155:1:55a73700-c891-46fd-8f5c-72bc827f2ef5:20160407213829.917:1155</Value>
          <Value>oMSyntax:1155:1:55a73700-c891-46fd-8f5c-72bc827f2ef5:20160407213829.917:1155</Value>
          <Value>schemaIDGUID:1155:1:55a73700-c891-46fd-8f5c-72bc827f2ef5:20160407213829.917:1155</Value>
          <Value>uSNChanged:1155:1:55a73700-c891-46fd-8f5c-72bc827f2ef5:20160407213829.917:1155</Value>
          <Value>uSNCreated:1155:1:55a73700-c891-46fd-8f5c-72bc827f2ef5:20160407213829.917:1155</Value>
          <Value>vmwAttributeUsage:1155:1:55a73700-c891-46fd-8f5c-72bc827f2ef5:20160407213829.917:1155</Value>
        </AttributeMetadata>
      </AttributeSchemaEntry>
      <AttributeSchemaEntry>
        <Name>vmwSTSRsaAgentName</Name>
        <AttributeMetadata>
          <Value>attributeID:1455:1:55a73700-c891-46fd-8f5c-72bc827f2ef5:20160407213830.418:1455</Value>
          <Value>attributeSyntax:1455:1:55a73700-c891-46fd-8f5c-72bc827f2ef5:20160407213830.418:1455</Value>
          <Value>cn:1455:1:55a73700-c891-46fd-8f5c-72bc827f2ef5:20160407213830.418:1455</Value>
          <Value>createTimeStamp:1455:1:55a73700-c891-46fd-8f5c-72bc827f2ef5:20160407213830.418:1455</Value>
          <Value>description:1455:1:55a73700-c891-46fd-8f5c-72bc827f2ef5:20160407213830.418:1455</Value>
          <Value>entryDN:1455:1:55a73700-c891-46fd-8f5c-72bc827f2ef5:20160407213830.418:1455</Value>
          <Value>isSingleValued:1455:1:55a73700-c891-46fd-8f5c-72bc827f2ef5:20160407213830.418:1455</Value>
          <Value>lDAPDisplayName:1455:1:55a73700-c891-46fd-8f5c-72bc827f2ef5:20160407213830.418:1455</Value>
          <Value>modifyTimeStamp:1455:1:55a73700-c891-46fd-8f5c-72bc827f2ef5:20160407213830.418:1455</Value>
          <Value>objectClass:1455:1:55a73700-c891-46fd-8f5c-72bc827f2ef5:20160407213830.418:1455</Value>
          <Value>objectGUID:1455:1:55a73700-c891-46fd-8f5c-72bc827f2ef5:20160407213830.418:1455</Value>
          <Value>oMSyntax:1455:1:55a73700-c891-46fd-8f5c-72bc827f2ef5:20160407213830.418:1455</Value>
          <Value>schemaIDGUID:1455:1:55a73700-c891-46fd-8f5c-72bc827f2ef5:20160407213830.418:1455</Value>
          <Value>uSNChanged:1455:1:55a73700-c891-46fd-8f5c-72bc827f2ef5:20160407213830.418:1455</Value>
          <Value>uSNCreated:1455:1:55a73700-c891-46fd-8f5c-72bc827f2ef5:20160407213830.418:1455</Value>
          <Value>vmwAttributeUsage:1455:1:55a73700-c891-46fd-8f5c-72bc827f2ef5:20160407213830.418:1455</Value>
        </AttributeMetadata>
      </AttributeSchemaEntry>
      <AttributeSchemaEntry>
        <Name>vmwSTSRsaConnectionTimeOut</Name>
        <AttributeMetadata>
          <Value>attributeID:1079:1:55a73700-c891-46fd-8f5c-72bc827f2ef5:20160407213829.771:1079</Value>
          <Value>attributeSyntax:1079:1:55a73700-c891-46fd-8f5c-72bc827f2ef5:20160407213829.771:1079</Value>
          <Value>cn:1079:1:55a73700-c891-46fd-8f5c-72bc827f2ef5:20160407213829.771:1079</Value>
          <Value>createTimeStamp:1079:1:55a73700-c891-46fd-8f5c-72bc827f2ef5:20160407213829.771:1079</Value>
          <Value>description:1079:1:55a73700-c891-46fd-8f5c-72bc827f2ef5:20160407213829.771:1079</Value>
          <Value>entryDN:1079:1:55a73700-c891-46fd-8f5c-72bc827f2ef5:20160407213829.771:1079</Value>
          <Value>isSingleValued:1079:1:55a73700-c891-46fd-8f5c-72bc827f2ef5:20160407213829.771:1079</Value>
          <Value>lDAPDisplayName:1079:1:55a73700-c891-46fd-8f5c-72bc827f2ef5:20160407213829.771:1079</Value>
          <Value>modifyTimeStamp:1079:1:55a73700-c891-46fd-8f5c-72bc827f2ef5:20160407213829.771:1079</Value>
          <Value>objectClass:1079:1:55a73700-c891-46fd-8f5c-72bc827f2ef5:20160407213829.771:1079</Value>
          <Value>objectGUID:1079:1:55a73700-c891-46fd-8f5c-72bc827f2ef5:20160407213829.771:1079</Value>
          <Value>oMSyntax:1079:1:55a73700-c891-46fd-8f5c-72bc827f2ef5:20160407213829.771:1079</Value>
          <Value>schemaIDGUID:1079:1:55a73700-c891-46fd-8f5c-72bc827f2ef5:20160407213829.771:1079</Value>
          <Value>uSNChanged:1079:1:55a73700-c891-46fd-8f5c-72bc827f2ef5:20160407213829.771:1079</Value>
          <Value>uSNCreated:1079:1:55a73700-c891-46fd-8f5c-72bc827f2ef5:20160407213829.771:1079</Value>
          <Value>vmwAttributeUsage:1079:1:55a73700-c891-46fd-8f5c-72bc827f2ef5:20160407213829.771:1079</Value>
        </AttributeMetadata>
      </AttributeSchemaEntry>
      <AttributeSchemaEntry>
        <Name>vmwSTSRsaEncryptionAlg</Name>
        <AttributeMetadata>
          <Value>attributeID:608:1:55a73700-c891-46fd-8f5c-72bc827f2ef5:20160407213828.963:608</Value>
          <Value>attributeSyntax:608:1:55a73700-c891-46fd-8f5c-72bc827f2ef5:20160407213828.963:608</Value>
          <Value>cn:608:1:55a73700-c891-46fd-8f5c-72bc827f2ef5:20160407213828.963:608</Value>
          <Value>createTimeStamp:608:1:55a73700-c891-46fd-8f5c-72bc827f2ef5:20160407213828.963:608</Value>
          <Value>description:608:1:55a73700-c891-46fd-8f5c-72bc827f2ef5:20160407213828.963:608</Value>
          <Value>entryDN:608:1:55a73700-c891-46fd-8f5c-72bc827f2ef5:20160407213828.963:608</Value>
          <Value>isSingleValued:608:1:55a73700-c891-46fd-8f5c-72bc827f2ef5:20160407213828.963:608</Value>
          <Value>lDAPDisplayName:608:1:55a73700-c891-46fd-8f5c-72bc827f2ef5:20160407213828.963:608</Value>
          <Value>modifyTimeStamp:608:1:55a73700-c891-46fd-8f5c-72bc827f2ef5:20160407213828.963:608</Value>
          <Value>objectClass:608:1:55a73700-c891-46fd-8f5c-72bc827f2ef5:20160407213828.963:608</Value>
          <Value>objectGUID:608:1:55a73700-c891-46fd-8f5c-72bc827f2ef5:20160407213828.963:608</Value>
          <Value>oMSyntax:608:1:55a73700-c891-46fd-8f5c-72bc827f2ef5:20160407213828.963:608</Value>
          <Value>schemaIDGUID:608:1:55a73700-c891-46fd-8f5c-72bc827f2ef5:20160407213828.963:608</Value>
          <Value>uSNChanged:608:1:55a73700-c891-46fd-8f5c-72bc827f2ef5:20160407213828.963:608</Value>
          <Value>uSNCreated:608:1:55a73700-c891-46fd-8f5c-72bc827f2ef5:20160407213828.963:608</Value>
          <Value>vmwAttributeUsage:608:1:55a73700-c891-46fd-8f5c-72bc827f2ef5:20160407213828.963:608</Value>
        </AttributeMetadata>
      </AttributeSchemaEntry>
      <AttributeSchemaEntry>
        <Name>vmwSTSRsaLogFileSize</Name>
        <AttributeMetadata>
          <Value>attributeID:803:1:55a73700-c891-46fd-8f5c-72bc827f2ef5:20160407213829.297:803</Value>
          <Value>attributeSyntax:803:1:55a73700-c891-46fd-8f5c-72bc827f2ef5:20160407213829.297:803</Value>
          <Value>cn:803:1:55a73700-c891-46fd-8f5c-72bc827f2ef5:20160407213829.297:803</Value>
          <Value>createTimeStamp:803:1:55a73700-c891-46fd-8f5c-72bc827f2ef5:20160407213829.297:803</Value>
          <Value>description:803:1:55a73700-c891-46fd-8f5c-72bc827f2ef5:20160407213829.297:803</Value>
          <Value>entryDN:803:1:55a73700-c891-46fd-8f5c-72bc827f2ef5:20160407213829.297:803</Value>
          <Value>isSingleValued:803:1:55a73700-c891-46fd-8f5c-72bc827f2ef5:20160407213829.297:803</Value>
          <Value>lDAPDisplayName:803:1:55a73700-c891-46fd-8f5c-72bc827f2ef5:20160407213829.297:803</Value>
          <Value>modifyTimeStamp:803:1:55a73700-c891-46fd-8f5c-72bc827f2ef5:20160407213829.297:803</Value>
          <Value>objectClass:803:1:55a73700-c891-46fd-8f5c-72bc827f2ef5:20160407213829.297:803</Value>
          <Value>objectGUID:803:1:55a73700-c891-46fd-8f5c-72bc827f2ef5:20160407213829.297:803</Value>
          <Value>oMSyntax:803:1:55a73700-c891-46fd-8f5c-72bc827f2ef5:20160407213829.297:803</Value>
          <Value>schemaIDGUID:803:1:55a73700-c891-46fd-8f5c-72bc827f2ef5:20160407213829.297:803</Value>
          <Value>uSNChanged:803:1:55a73700-c891-46fd-8f5c-72bc827f2ef5:20160407213829.297:803</Value>
          <Value>uSNCreated:803:1:55a73700-c891-46fd-8f5c-72bc827f2ef5:20160407213829.297:803</Value>
          <Value>vmwAttributeUsage:803:1:55a73700-c891-46fd-8f5c-72bc827f2ef5:20160407213829.297:803</Value>
        </AttributeMetadata>
      </AttributeSchemaEntry>
      <AttributeSchemaEntry>
        <Name>vmwSTSRsaLoginGuidence</Name>
        <AttributeMetadata>
          <Value>attributeID:896:1:55a73700-c891-46fd-8f5c-72bc827f2ef5:20160407213829.461:896</Value>
          <Value>attributeSyntax:896:1:55a73700-c891-46fd-8f5c-72bc827f2ef5:20160407213829.461:896</Value>
          <Value>cn:896:1:55a73700-c891-46fd-8f5c-72bc827f2ef5:20160407213829.461:896</Value>
          <Value>createTimeStamp:896:1:55a73700-c891-46fd-8f5c-72bc827f2ef5:20160407213829.461:896</Value>
          <Value>description:896:1:55a73700-c891-46fd-8f5c-72bc827f2ef5:20160407213829.461:896</Value>
          <Value>entryDN:896:1:55a73700-c891-46fd-8f5c-72bc827f2ef5:20160407213829.461:896</Value>
          <Value>isSingleValued:896:1:55a73700-c891-46fd-8f5c-72bc827f2ef5:20160407213829.461:896</Value>
          <Value>lDAPDisplayName:896:1:55a73700-c891-46fd-8f5c-72bc827f2ef5:20160407213829.461:896</Value>
          <Value>modifyTimeStamp:896:1:55a73700-c891-46fd-8f5c-72bc827f2ef5:20160407213829.461:896</Value>
          <Value>objectClass:896:1:55a73700-c891-46fd-8f5c-72bc827f2ef5:20160407213829.461:896</Value>
          <Value>objectGUID:896:1:55a73700-c891-46fd-8f5c-72bc827f2ef5:20160407213829.461:896</Value>
          <Value>oMSyntax:896:1:55a73700-c891-46fd-8f5c-72bc827f2ef5:20160407213829.461:896</Value>
          <Value>schemaIDGUID:896:1:55a73700-c891-46fd-8f5c-72bc827f2ef5:20160407213829.461:896</Value>
          <Value>uSNChanged:896:1:55a73700-c891-46fd-8f5c-72bc827f2ef5:20160407213829.461:896</Value>
          <Value>uSNCreated:896:1:55a73700-c891-46fd-8f5c-72bc827f2ef5:20160407213829.461:896</Value>
          <Value>vmwAttributeUsage:896:1:55a73700-c891-46fd-8f5c-72bc827f2ef5:20160407213829.461:896</Value>
        </AttributeMetadata>
      </AttributeSchemaEntry>
      <AttributeSchemaEntry>
        <Name>vmwSTSRsaLogLevel</Name>
        <AttributeMetadata>
          <Value>attributeID:1385:1:55a73700-c891-46fd-8f5c-72bc827f2ef5:20160407213830.302:1385</Value>
          <Value>attributeSyntax:1385:1:55a73700-c891-46fd-8f5c-72bc827f2ef5:20160407213830.302:1385</Value>
          <Value>cn:1385:1:55a73700-c891-46fd-8f5c-72bc827f2ef5:20160407213830.302:1385</Value>
          <Value>createTimeStamp:1385:1:55a73700-c891-46fd-8f5c-72bc827f2ef5:20160407213830.302:1385</Value>
          <Value>description:1385:1:55a73700-c891-46fd-8f5c-72bc827f2ef5:20160407213830.302:1385</Value>
          <Value>entryDN:1385:1:55a73700-c891-46fd-8f5c-72bc827f2ef5:20160407213830.302:1385</Value>
          <Value>isSingleValued:1385:1:55a73700-c891-46fd-8f5c-72bc827f2ef5:20160407213830.302:1385</Value>
          <Value>lDAPDisplayName:1385:1:55a73700-c891-46fd-8f5c-72bc827f2ef5:20160407213830.302:1385</Value>
          <Value>modifyTimeStamp:1385:1:55a73700-c891-46fd-8f5c-72bc827f2ef5:20160407213830.302:1385</Value>
          <Value>objectClass:1385:1:55a73700-c891-46fd-8f5c-72bc827f2ef5:20160407213830.302:1385</Value>
          <Value>objectGUID:1385:1:55a73700-c891-46fd-8f5c-72bc827f2ef5:20160407213830.302:1385</Value>
          <Value>oMSyntax:1385:1:55a73700-c891-46fd-8f5c-72bc827f2ef5:20160407213830.302:1385</Value>
          <Value>schemaIDGUID:1385:1:55a73700-c891-46fd-8f5c-72bc827f2ef5:20160407213830.302:1385</Value>
          <Value>uSNChanged:1385:1:55a73700-c891-46fd-8f5c-72bc827f2ef5:20160407213830.302:1385</Value>
          <Value>uSNCreated:1385:1:55a73700-c891-46fd-8f5c-72bc827f2ef5:20160407213830.302:1385</Value>
          <Value>vmwAttributeUsage:1385:1:55a73700-c891-46fd-8f5c-72bc827f2ef5:20160407213830.302:1385</Value>
        </AttributeMetadata>
      </AttributeSchemaEntry>
      <AttributeSchemaEntry>
        <Name>vmwSTSRsaMaxLogFileCount</Name>
        <AttributeMetadata>
          <Value>attributeID:1661:1:55a73700-c891-46fd-8f5c-72bc827f2ef5:20160407213830.766:1661</Value>
          <Value>attributeSyntax:1661:1:55a73700-c891-46fd-8f5c-72bc827f2ef5:20160407213830.766:1661</Value>
          <Value>cn:1661:1:55a73700-c891-46fd-8f5c-72bc827f2ef5:20160407213830.766:1661</Value>
          <Value>createTimeStamp:1661:1:55a73700-c891-46fd-8f5c-72bc827f2ef5:20160407213830.766:1661</Value>
          <Value>description:1661:1:55a73700-c891-46fd-8f5c-72bc827f2ef5:20160407213830.766:1661</Value>
          <Value>entryDN:1661:1:55a73700-c891-46fd-8f5c-72bc827f2ef5:20160407213830.766:1661</Value>
          <Value>isSingleValued:1661:1:55a73700-c891-46fd-8f5c-72bc827f2ef5:20160407213830.766:1661</Value>
          <Value>lDAPDisplayName:1661:1:55a73700-c891-46fd-8f5c-72bc827f2ef5:20160407213830.766:1661</Value>
          <Value>modifyTimeStamp:1661:1:55a73700-c891-46fd-8f5c-72bc827f2ef5:20160407213830.766:1661</Value>
          <Value>objectClass:1661:1:55a73700-c891-46fd-8f5c-72bc827f2ef5:20160407213830.766:1661</Value>
          <Value>objectGUID:1661:1:55a73700-c891-46fd-8f5c-72bc827f2ef5:20160407213830.766:1661</Value>
          <Value>oMSyntax:1661:1:55a73700-c891-46fd-8f5c-72bc827f2ef5:20160407213830.766:1661</Value>
          <Value>schemaIDGUID:1661:1:55a73700-c891-46fd-8f5c-72bc827f2ef5:20160407213830.766:1661</Value>
          <Value>uSNChanged:1661:1:55a73700-c891-46fd-8f5c-72bc827f2ef5:20160407213830.766:1661</Value>
          <Value>uSNCreated:1661:1:55a73700-c891-46fd-8f5c-72bc827f2ef5:20160407213830.766:1661</Value>
          <Value>vmwAttributeUsage:1661:1:55a73700-c891-46fd-8f5c-72bc827f2ef5:20160407213830.766:1661</Value>
        </AttributeMetadata>
      </AttributeSchemaEntry>
      <AttributeSchemaEntry>
        <Name>vmwSTSRsaReadTimeOut</Name>
        <AttributeMetadata>
          <Value>attributeID:1549:1:55a73700-c891-46fd-8f5c-72bc827f2ef5:20160407213830.571:1549</Value>
          <Value>attributeSyntax:1549:1:55a73700-c891-46fd-8f5c-72bc827f2ef5:20160407213830.571:1549</Value>
          <Value>cn:1549:1:55a73700-c891-46fd-8f5c-72bc827f2ef5:20160407213830.571:1549</Value>
          <Value>createTimeStamp:1549:1:55a73700-c891-46fd-8f5c-72bc827f2ef5:20160407213830.571:1549</Value>
          <Value>description:1549:1:55a73700-c891-46fd-8f5c-72bc827f2ef5:20160407213830.571:1549</Value>
          <Value>entryDN:1549:1:55a73700-c891-46fd-8f5c-72bc827f2ef5:20160407213830.571:1549</Value>
          <Value>isSingleValued:1549:1:55a73700-c891-46fd-8f5c-72bc827f2ef5:20160407213830.571:1549</Value>
          <Value>lDAPDisplayName:1549:1:55a73700-c891-46fd-8f5c-72bc827f2ef5:20160407213830.571:1549</Value>
          <Value>modifyTimeStamp:1549:1:55a73700-c891-46fd-8f5c-72bc827f2ef5:20160407213830.571:1549</Value>
          <Value>objectClass:1549:1:55a73700-c891-46fd-8f5c-72bc827f2ef5:20160407213830.571:1549</Value>
          <Value>objectGUID:1549:1:55a73700-c891-46fd-8f5c-72bc827f2ef5:20160407213830.571:1549</Value>
          <Value>oMSyntax:1549:1:55a73700-c891-46fd-8f5c-72bc827f2ef5:20160407213830.571:1549</Value>
          <Value>schemaIDGUID:1549:1:55a73700-c891-46fd-8f5c-72bc827f2ef5:20160407213830.571:1549</Value>
          <Value>uSNChanged:1549:1:55a73700-c891-46fd-8f5c-72bc827f2ef5:20160407213830.571:1549</Value>
          <Value>uSNCreated:1549:1:55a73700-c891-46fd-8f5c-72bc827f2ef5:20160407213830.571:1549</Value>
          <Value>vmwAttributeUsage:1549:1:55a73700-c891-46fd-8f5c-72bc827f2ef5:20160407213830.571:1549</Value>
        </AttributeMetadata>
      </AttributeSchemaEntry>
      <AttributeSchemaEntry>
        <Name>vmwSTSRsaSDConfigRec</Name>
        <AttributeMetadata>
          <Value>attributeID:329:1:55a73700-c891-46fd-8f5c-72bc827f2ef5:20160407213828.507:329</Value>
          <Value>attributeSyntax:329:1:55a73700-c891-46fd-8f5c-72bc827f2ef5:20160407213828.507:329</Value>
          <Value>cn:329:1:55a73700-c891-46fd-8f5c-72bc827f2ef5:20160407213828.507:329</Value>
          <Value>createTimeStamp:329:1:55a73700-c891-46fd-8f5c-72bc827f2ef5:20160407213828.507:329</Value>
          <Value>description:329:1:55a73700-c891-46fd-8f5c-72bc827f2ef5:20160407213828.507:329</Value>
          <Value>entryDN:329:1:55a73700-c891-46fd-8f5c-72bc827f2ef5:20160407213828.507:329</Value>
          <Value>isSingleValued:329:1:55a73700-c891-46fd-8f5c-72bc827f2ef5:20160407213828.507:329</Value>
          <Value>lDAPDisplayName:329:1:55a73700-c891-46fd-8f5c-72bc827f2ef5:20160407213828.507:329</Value>
          <Value>modifyTimeStamp:329:1:55a73700-c891-46fd-8f5c-72bc827f2ef5:20160407213828.507:329</Value>
          <Value>objectClass:329:1:55a73700-c891-46fd-8f5c-72bc827f2ef5:20160407213828.507:329</Value>
          <Value>objectGUID:329:1:55a73700-c891-46fd-8f5c-72bc827f2ef5:20160407213828.507:329</Value>
          <Value>oMSyntax:329:1:55a73700-c891-46fd-8f5c-72bc827f2ef5:20160407213828.507:329</Value>
          <Value>schemaIDGUID:329:1:55a73700-c891-46fd-8f5c-72bc827f2ef5:20160407213828.507:329</Value>
          <Value>uSNChanged:329:1:55a73700-c891-46fd-8f5c-72bc827f2ef5:20160407213828.507:329</Value>
          <Value>uSNCreated:329:1:55a73700-c891-46fd-8f5c-72bc827f2ef5:20160407213828.507:329</Value>
          <Value>vmwAttributeUsage:329:1:55a73700-c891-46fd-8f5c-72bc827f2ef5:20160407213828.507:329</Value>
        </AttributeMetadata>
      </AttributeSchemaEntry>
      <AttributeSchemaEntry>
        <Name>vmwSTSRsaSDOptsRec</Name>
        <AttributeMetadata>
          <Value>attributeID:561:1:55a73700-c891-46fd-8f5c-72bc827f2ef5:20160407213828.883:561</Value>
          <Value>attributeSyntax:561:1:55a73700-c891-46fd-8f5c-72bc827f2ef5:20160407213828.883:561</Value>
          <Value>cn:561:1:55a73700-c891-46fd-8f5c-72bc827f2ef5:20160407213828.883:561</Value>
          <Value>createTimeStamp:561:1:55a73700-c891-46fd-8f5c-72bc827f2ef5:20160407213828.883:561</Value>
          <Value>description:561:1:55a73700-c891-46fd-8f5c-72bc827f2ef5:20160407213828.883:561</Value>
          <Value>entryDN:561:1:55a73700-c891-46fd-8f5c-72bc827f2ef5:20160407213828.883:561</Value>
          <Value>isSingleValued:561:1:55a73700-c891-46fd-8f5c-72bc827f2ef5:20160407213828.883:561</Value>
          <Value>lDAPDisplayName:561:1:55a73700-c891-46fd-8f5c-72bc827f2ef5:20160407213828.883:561</Value>
          <Value>modifyTimeStamp:561:1:55a73700-c891-46fd-8f5c-72bc827f2ef5:20160407213828.883:561</Value>
          <Value>objectClass:561:1:55a73700-c891-46fd-8f5c-72bc827f2ef5:20160407213828.883:561</Value>
          <Value>objectGUID:561:1:55a73700-c891-46fd-8f5c-72bc827f2ef5:20160407213828.883:561</Value>
          <Value>oMSyntax:561:1:55a73700-c891-46fd-8f5c-72bc827f2ef5:20160407213828.883:561</Value>
          <Value>schemaIDGUID:561:1:55a73700-c891-46fd-8f5c-72bc827f2ef5:20160407213828.883:561</Value>
          <Value>uSNChanged:561:1:55a73700-c891-46fd-8f5c-72bc827f2ef5:20160407213828.883:561</Value>
          <Value>uSNCreated:561:1:55a73700-c891-46fd-8f5c-72bc827f2ef5:20160407213828.883:561</Value>
          <Value>vmwAttributeUsage:561:1:55a73700-c891-46fd-8f5c-72bc827f2ef5:20160407213828.883:561</Value>
        </AttributeMetadata>
      </AttributeSchemaEntry>
      <AttributeSchemaEntry>
        <Name>vmwSTSRsaSiteID</Name>
        <AttributeMetadata>
          <Value>attributeID:272:1:55a73700-c891-46fd-8f5c-72bc827f2ef5:20160407213828.421:272</Value>
          <Value>attributeSyntax:272:1:55a73700-c891-46fd-8f5c-72bc827f2ef5:20160407213828.421:272</Value>
          <Value>cn:272:1:55a73700-c891-46fd-8f5c-72bc827f2ef5:20160407213828.421:272</Value>
          <Value>createTimeStamp:272:1:55a73700-c891-46fd-8f5c-72bc827f2ef5:20160407213828.421:272</Value>
          <Value>description:272:1:55a73700-c891-46fd-8f5c-72bc827f2ef5:20160407213828.421:272</Value>
          <Value>entryDN:272:1:55a73700-c891-46fd-8f5c-72bc827f2ef5:20160407213828.421:272</Value>
          <Value>isSingleValued:272:1:55a73700-c891-46fd-8f5c-72bc827f2ef5:20160407213828.421:272</Value>
          <Value>lDAPDisplayName:272:1:55a73700-c891-46fd-8f5c-72bc827f2ef5:20160407213828.421:272</Value>
          <Value>modifyTimeStamp:272:1:55a73700-c891-46fd-8f5c-72bc827f2ef5:20160407213828.421:272</Value>
          <Value>objectClass:272:1:55a73700-c891-46fd-8f5c-72bc827f2ef5:20160407213828.421:272</Value>
          <Value>objectGUID:272:1:55a73700-c891-46fd-8f5c-72bc827f2ef5:20160407213828.421:272</Value>
          <Value>oMSyntax:272:1:55a73700-c891-46fd-8f5c-72bc827f2ef5:20160407213828.421:272</Value>
          <Value>schemaIDGUID:272:1:55a73700-c891-46fd-8f5c-72bc827f2ef5:20160407213828.421:272</Value>
          <Value>uSNChanged:272:1:55a73700-c891-46fd-8f5c-72bc827f2ef5:20160407213828.421:272</Value>
          <Value>uSNCreated:272:1:55a73700-c891-46fd-8f5c-72bc827f2ef5:20160407213828.421:272</Value>
          <Value>vmwAttributeUsage:272:1:55a73700-c891-46fd-8f5c-72bc827f2ef5:20160407213828.421:272</Value>
        </AttributeMetadata>
      </AttributeSchemaEntry>
      <AttributeSchemaEntry>
        <Name>vmwSTSServicePrincipalName</Name>
        <AttributeMetadata>
          <Value>attributeID:429:1:55a73700-c891-46fd-8f5c-72bc827f2ef5:20160407213828.667:429</Value>
          <Value>attributeSyntax:429:1:55a73700-c891-46fd-8f5c-72bc827f2ef5:20160407213828.667:429</Value>
          <Value>cn:429:1:55a73700-c891-46fd-8f5c-72bc827f2ef5:20160407213828.667:429</Value>
          <Value>createTimeStamp:429:1:55a73700-c891-46fd-8f5c-72bc827f2ef5:20160407213828.667:429</Value>
          <Value>description:429:1:55a73700-c891-46fd-8f5c-72bc827f2ef5:20160407213828.667:429</Value>
          <Value>entryDN:429:1:55a73700-c891-46fd-8f5c-72bc827f2ef5:20160407213828.667:429</Value>
          <Value>isSingleValued:429:1:55a73700-c891-46fd-8f5c-72bc827f2ef5:20160407213828.667:429</Value>
          <Value>lDAPDisplayName:429:1:55a73700-c891-46fd-8f5c-72bc827f2ef5:20160407213828.667:429</Value>
          <Value>modifyTimeStamp:429:1:55a73700-c891-46fd-8f5c-72bc827f2ef5:20160407213828.667:429</Value>
          <Value>objectClass:429:1:55a73700-c891-46fd-8f5c-72bc827f2ef5:20160407213828.667:429</Value>
          <Value>objectGUID:429:1:55a73700-c891-46fd-8f5c-72bc827f2ef5:20160407213828.667:429</Value>
          <Value>oMSyntax:429:1:55a73700-c891-46fd-8f5c-72bc827f2ef5:20160407213828.667:429</Value>
          <Value>schemaIDGUID:429:1:55a73700-c891-46fd-8f5c-72bc827f2ef5:20160407213828.667:429</Value>
          <Value>uSNChanged:429:1:55a73700-c891-46fd-8f5c-72bc827f2ef5:20160407213828.667:429</Value>
          <Value>uSNCreated:429:1:55a73700-c891-46fd-8f5c-72bc827f2ef5:20160407213828.667:429</Value>
          <Value>vmwAttributeUsage:429:1:55a73700-c891-46fd-8f5c-72bc827f2ef5:20160407213828.667:429</Value>
        </AttributeMetadata>
      </AttributeSchemaEntry>
      <AttributeSchemaEntry>
        <Name>vmwSTSServiceUseMachineAccount</Name>
        <AttributeMetadata>
          <Value>attributeID:934:1:55a73700-c891-46fd-8f5c-72bc827f2ef5:20160407213829.528:934</Value>
          <Value>attributeSyntax:934:1:55a73700-c891-46fd-8f5c-72bc827f2ef5:20160407213829.528:934</Value>
          <Value>cn:934:1:55a73700-c891-46fd-8f5c-72bc827f2ef5:20160407213829.528:934</Value>
          <Value>createTimeStamp:934:1:55a73700-c891-46fd-8f5c-72bc827f2ef5:20160407213829.528:934</Value>
          <Value>description:934:1:55a73700-c891-46fd-8f5c-72bc827f2ef5:20160407213829.528:934</Value>
          <Value>entryDN:934:1:55a73700-c891-46fd-8f5c-72bc827f2ef5:20160407213829.528:934</Value>
          <Value>isSingleValued:934:1:55a73700-c891-46fd-8f5c-72bc827f2ef5:20160407213829.528:934</Value>
          <Value>lDAPDisplayName:934:1:55a73700-c891-46fd-8f5c-72bc827f2ef5:20160407213829.528:934</Value>
          <Value>modifyTimeStamp:934:1:55a73700-c891-46fd-8f5c-72bc827f2ef5:20160407213829.528:934</Value>
          <Value>objectClass:934:1:55a73700-c891-46fd-8f5c-72bc827f2ef5:20160407213829.528:934</Value>
          <Value>objectGUID:934:1:55a73700-c891-46fd-8f5c-72bc827f2ef5:20160407213829.528:934</Value>
          <Value>oMSyntax:934:1:55a73700-c891-46fd-8f5c-72bc827f2ef5:20160407213829.528:934</Value>
          <Value>schemaIDGUID:934:1:55a73700-c891-46fd-8f5c-72bc827f2ef5:20160407213829.528:934</Value>
          <Value>uSNChanged:934:1:55a73700-c891-46fd-8f5c-72bc827f2ef5:20160407213829.528:934</Value>
          <Value>uSNCreated:934:1:55a73700-c891-46fd-8f5c-72bc827f2ef5:20160407213829.528:934</Value>
          <Value>vmwAttributeUsage:934:1:55a73700-c891-46fd-8f5c-72bc827f2ef5:20160407213829.528:934</Value>
        </AttributeMetadata>
      </AttributeSchemaEntry>
      <AttributeSchemaEntry>
        <Name>vmwSTSSignatureAlgorithmIdentifier</Name>
        <AttributeMetadata>
          <Value>attributeID:733:1:55a73700-c891-46fd-8f5c-72bc827f2ef5:20160407213829.178:733</Value>
          <Value>attributeSyntax:733:1:55a73700-c891-46fd-8f5c-72bc827f2ef5:20160407213829.178:733</Value>
          <Value>cn:733:1:55a73700-c891-46fd-8f5c-72bc827f2ef5:20160407213829.178:733</Value>
          <Value>createTimeStamp:733:1:55a73700-c891-46fd-8f5c-72bc827f2ef5:20160407213829.178:733</Value>
          <Value>description:733:1:55a73700-c891-46fd-8f5c-72bc827f2ef5:20160407213829.178:733</Value>
          <Value>entryDN:733:1:55a73700-c891-46fd-8f5c-72bc827f2ef5:20160407213829.178:733</Value>
          <Value>isSingleValued:733:1:55a73700-c891-46fd-8f5c-72bc827f2ef5:20160407213829.178:733</Value>
          <Value>lDAPDisplayName:733:1:55a73700-c891-46fd-8f5c-72bc827f2ef5:20160407213829.178:733</Value>
          <Value>modifyTimeStamp:733:1:55a73700-c891-46fd-8f5c-72bc827f2ef5:20160407213829.178:733</Value>
          <Value>objectClass:733:1:55a73700-c891-46fd-8f5c-72bc827f2ef5:20160407213829.178:733</Value>
          <Value>objectGUID:733:1:55a73700-c891-46fd-8f5c-72bc827f2ef5:20160407213829.178:733</Value>
          <Value>oMSyntax:733:1:55a73700-c891-46fd-8f5c-72bc827f2ef5:20160407213829.178:733</Value>
          <Value>schemaIDGUID:733:1:55a73700-c891-46fd-8f5c-72bc827f2ef5:20160407213829.178:733</Value>
          <Value>uSNChanged:733:1:55a73700-c891-46fd-8f5c-72bc827f2ef5:20160407213829.178:733</Value>
          <Value>uSNCreated:733:1:55a73700-c891-46fd-8f5c-72bc827f2ef5:20160407213829.178:733</Value>
          <Value>vmwAttributeUsage:733:1:55a73700-c891-46fd-8f5c-72bc827f2ef5:20160407213829.178:733</Value>
        </AttributeMetadata>
      </AttributeSchemaEntry>
      <AttributeSchemaEntry>
        <Name>vmwSTSSubjectDN</Name>
        <AttributeMetadata>
          <Value>attributeID:744:1:55a73700-c891-46fd-8f5c-72bc827f2ef5:20160407213829.197:744</Value>
          <Value>attributeSyntax:744:1:55a73700-c891-46fd-8f5c-72bc827f2ef5:20160407213829.197:744</Value>
          <Value>cn:744:1:55a73700-c891-46fd-8f5c-72bc827f2ef5:20160407213829.197:744</Value>
          <Value>createTimeStamp:744:1:55a73700-c891-46fd-8f5c-72bc827f2ef5:20160407213829.197:744</Value>
          <Value>description:744:1:55a73700-c891-46fd-8f5c-72bc827f2ef5:20160407213829.197:744</Value>
          <Value>entryDN:744:1:55a73700-c891-46fd-8f5c-72bc827f2ef5:20160407213829.197:744</Value>
          <Value>isSingleValued:744:1:55a73700-c891-46fd-8f5c-72bc827f2ef5:20160407213829.197:744</Value>
          <Value>lDAPDisplayName:744:1:55a73700-c891-46fd-8f5c-72bc827f2ef5:20160407213829.197:744</Value>
          <Value>modifyTimeStamp:744:1:55a73700-c891-46fd-8f5c-72bc827f2ef5:20160407213829.197:744</Value>
          <Value>objectClass:744:1:55a73700-c891-46fd-8f5c-72bc827f2ef5:20160407213829.197:744</Value>
          <Value>objectGUID:744:1:55a73700-c891-46fd-8f5c-72bc827f2ef5:20160407213829.197:744</Value>
          <Value>oMSyntax:744:1:55a73700-c891-46fd-8f5c-72bc827f2ef5:20160407213829.197:744</Value>
          <Value>schemaIDGUID:744:1:55a73700-c891-46fd-8f5c-72bc827f2ef5:20160407213829.197:744</Value>
          <Value>uSNChanged:744:1:55a73700-c891-46fd-8f5c-72bc827f2ef5:20160407213829.197:744</Value>
          <Value>uSNCreated:744:1:55a73700-c891-46fd-8f5c-72bc827f2ef5:20160407213829.197:744</Value>
          <Value>vmwAttributeUsage:744:1:55a73700-c891-46fd-8f5c-72bc827f2ef5:20160407213829.197:744</Value>
        </AttributeMetadata>
      </AttributeSchemaEntry>
      <AttributeSchemaEntry>
        <Name>vmwSTSSystemTenant</Name>
        <AttributeMetadata>
          <Value>attributeID:728:1:55a73700-c891-46fd-8f5c-72bc827f2ef5:20160407213829.169:728</Value>
          <Value>attributeSyntax:728:1:55a73700-c891-46fd-8f5c-72bc827f2ef5:20160407213829.169:728</Value>
          <Value>cn:728:1:55a73700-c891-46fd-8f5c-72bc827f2ef5:20160407213829.169:728</Value>
          <Value>createTimeStamp:728:1:55a73700-c891-46fd-8f5c-72bc827f2ef5:20160407213829.169:728</Value>
          <Value>description:728:1:55a73700-c891-46fd-8f5c-72bc827f2ef5:20160407213829.169:728</Value>
          <Value>entryDN:728:1:55a73700-c891-46fd-8f5c-72bc827f2ef5:20160407213829.169:728</Value>
          <Value>isSingleValued:728:1:55a73700-c891-46fd-8f5c-72bc827f2ef5:20160407213829.169:728</Value>
          <Value>lDAPDisplayName:728:1:55a73700-c891-46fd-8f5c-72bc827f2ef5:20160407213829.169:728</Value>
          <Value>modifyTimeStamp:728:1:55a73700-c891-46fd-8f5c-72bc827f2ef5:20160407213829.169:728</Value>
          <Value>objectClass:728:1:55a73700-c891-46fd-8f5c-72bc827f2ef5:20160407213829.169:728</Value>
          <Value>objectGUID:728:1:55a73700-c891-46fd-8f5c-72bc827f2ef5:20160407213829.169:728</Value>
          <Value>oMSyntax:728:1:55a73700-c891-46fd-8f5c-72bc827f2ef5:20160407213829.169:728</Value>
          <Value>schemaIDGUID:728:1:55a73700-c891-46fd-8f5c-72bc827f2ef5:20160407213829.169:728</Value>
          <Value>uSNChanged:728:1:55a73700-c891-46fd-8f5c-72bc827f2ef5:20160407213829.169:728</Value>
          <Value>uSNCreated:728:1:55a73700-c891-46fd-8f5c-72bc827f2ef5:20160407213829.169:728</Value>
          <Value>vmwAttributeUsage:728:1:55a73700-c891-46fd-8f5c-72bc827f2ef5:20160407213829.169:728</Value>
        </AttributeMetadata>
      </AttributeSchemaEntry>
      <AttributeSchemaEntry>
        <Name>vmwSTSTenantKey</Name>
        <AttributeMetadata>
          <Value>attributeID:1278:1:55a73700-c891-46fd-8f5c-72bc827f2ef5:20160407213830.125:1278</Value>
          <Value>attributeSyntax:1278:1:55a73700-c891-46fd-8f5c-72bc827f2ef5:20160407213830.125:1278</Value>
          <Value>cn:1278:1:55a73700-c891-46fd-8f5c-72bc827f2ef5:20160407213830.125:1278</Value>
          <Value>createTimeStamp:1278:1:55a73700-c891-46fd-8f5c-72bc827f2ef5:20160407213830.125:1278</Value>
          <Value>description:1278:1:55a73700-c891-46fd-8f5c-72bc827f2ef5:20160407213830.125:1278</Value>
          <Value>entryDN:1278:1:55a73700-c891-46fd-8f5c-72bc827f2ef5:20160407213830.125:1278</Value>
          <Value>isSingleValued:1278:1:55a73700-c891-46fd-8f5c-72bc827f2ef5:20160407213830.125:1278</Value>
          <Value>lDAPDisplayName:1278:1:55a73700-c891-46fd-8f5c-72bc827f2ef5:20160407213830.125:1278</Value>
          <Value>modifyTimeStamp:1278:1:55a73700-c891-46fd-8f5c-72bc827f2ef5:20160407213830.125:1278</Value>
          <Value>objectClass:1278:1:55a73700-c891-46fd-8f5c-72bc827f2ef5:20160407213830.125:1278</Value>
          <Value>objectGUID:1278:1:55a73700-c891-46fd-8f5c-72bc827f2ef5:20160407213830.125:1278</Value>
          <Value>oMSyntax:1278:1:55a73700-c891-46fd-8f5c-72bc827f2ef5:20160407213830.125:1278</Value>
          <Value>schemaIDGUID:1278:1:55a73700-c891-46fd-8f5c-72bc827f2ef5:20160407213830.125:1278</Value>
          <Value>uSNChanged:1278:1:55a73700-c891-46fd-8f5c-72bc827f2ef5:20160407213830.125:1278</Value>
          <Value>uSNCreated:1278:1:55a73700-c891-46fd-8f5c-72bc827f2ef5:20160407213830.125:1278</Value>
          <Value>vmwAttributeUsage:1278:1:55a73700-c891-46fd-8f5c-72bc827f2ef5:20160407213830.125:1278</Value>
        </AttributeMetadata>
      </AttributeSchemaEntry>
      <AttributeSchemaEntry>
        <Name>vmwSTSTimeout</Name>
        <AttributeMetadata>
          <Value>attributeID:1463:1:55a73700-c891-46fd-8f5c-72bc827f2ef5:20160407213830.426:1463</Value>
          <Value>attributeSyntax:1463:1:55a73700-c891-46fd-8f5c-72bc827f2ef5:20160407213830.426:1463</Value>
          <Value>cn:1463:1:55a73700-c891-46fd-8f5c-72bc827f2ef5:20160407213830.426:1463</Value>
          <Value>createTimeStamp:1463:1:55a73700-c891-46fd-8f5c-72bc827f2ef5:20160407213830.426:1463</Value>
          <Value>description:1463:1:55a73700-c891-46fd-8f5c-72bc827f2ef5:20160407213830.426:1463</Value>
          <Value>entryDN:1463:1:55a73700-c891-46fd-8f5c-72bc827f2ef5:20160407213830.426:1463</Value>
          <Value>isSingleValued:1463:1:55a73700-c891-46fd-8f5c-72bc827f2ef5:20160407213830.426:1463</Value>
          <Value>lDAPDisplayName:1463:1:55a73700-c891-46fd-8f5c-72bc827f2ef5:20160407213830.426:1463</Value>
          <Value>modifyTimeStamp:1463:1:55a73700-c891-46fd-8f5c-72bc827f2ef5:20160407213830.426:1463</Value>
          <Value>objectClass:1463:1:55a73700-c891-46fd-8f5c-72bc827f2ef5:20160407213830.426:1463</Value>
          <Value>objectGUID:1463:1:55a73700-c891-46fd-8f5c-72bc827f2ef5:20160407213830.426:1463</Value>
          <Value>oMSyntax:1463:1:55a73700-c891-46fd-8f5c-72bc827f2ef5:20160407213830.426:1463</Value>
          <Value>schemaIDGUID:1463:1:55a73700-c891-46fd-8f5c-72bc827f2ef5:20160407213830.426:1463</Value>
          <Value>uSNChanged:1463:1:55a73700-c891-46fd-8f5c-72bc827f2ef5:20160407213830.426:1463</Value>
          <Value>uSNCreated:1463:1:55a73700-c891-46fd-8f5c-72bc827f2ef5:20160407213830.426:1463</Value>
          <Value>vmwAttributeUsage:1463:1:55a73700-c891-46fd-8f5c-72bc827f2ef5:20160407213830.426:1463</Value>
        </AttributeMetadata>
      </AttributeSchemaEntry>
      <AttributeSchemaEntry>
        <Name>vmwSTSUpnSuffixes</Name>
        <AttributeMetadata>
          <Value>attributeID:1659:1:55a73700-c891-46fd-8f5c-72bc827f2ef5:20160407213830.762:1659</Value>
          <Value>attributeSyntax:1659:1:55a73700-c891-46fd-8f5c-72bc827f2ef5:20160407213830.762:1659</Value>
          <Value>cn:1659:1:55a73700-c891-46fd-8f5c-72bc827f2ef5:20160407213830.762:1659</Value>
          <Value>createTimeStamp:1659:1:55a73700-c891-46fd-8f5c-72bc827f2ef5:20160407213830.762:1659</Value>
          <Value>description:1659:1:55a73700-c891-46fd-8f5c-72bc827f2ef5:20160407213830.762:1659</Value>
          <Value>entryDN:1659:1:55a73700-c891-46fd-8f5c-72bc827f2ef5:20160407213830.762:1659</Value>
          <Value>isSingleValued:1659:1:55a73700-c891-46fd-8f5c-72bc827f2ef5:20160407213830.762:1659</Value>
          <Value>lDAPDisplayName:1659:1:55a73700-c891-46fd-8f5c-72bc827f2ef5:20160407213830.762:1659</Value>
          <Value>modifyTimeStamp:1659:1:55a73700-c891-46fd-8f5c-72bc827f2ef5:20160407213830.762:1659</Value>
          <Value>objectClass:1659:1:55a73700-c891-46fd-8f5c-72bc827f2ef5:20160407213830.762:1659</Value>
          <Value>objectGUID:1659:1:55a73700-c891-46fd-8f5c-72bc827f2ef5:20160407213830.762:1659</Value>
          <Value>oMSyntax:1659:1:55a73700-c891-46fd-8f5c-72bc827f2ef5:20160407213830.762:1659</Value>
          <Value>schemaIDGUID:1659:1:55a73700-c891-46fd-8f5c-72bc827f2ef5:20160407213830.762:1659</Value>
          <Value>uSNChanged:1659:1:55a73700-c891-46fd-8f5c-72bc827f2ef5:20160407213830.762:1659</Value>
          <Value>uSNCreated:1659:1:55a73700-c891-46fd-8f5c-72bc827f2ef5:20160407213830.762:1659</Value>
          <Value>vmwAttributeUsage:1659:1:55a73700-c891-46fd-8f5c-72bc827f2ef5:20160407213830.762:1659</Value>
        </AttributeMetadata>
      </AttributeSchemaEntry>
      <AttributeSchemaEntry>
        <Name>vmwSTSUserBaseDN</Name>
        <AttributeMetadata>
          <Value>attributeID:825:1:55a73700-c891-46fd-8f5c-72bc827f2ef5:20160407213829.332:825</Value>
          <Value>attributeSyntax:825:1:55a73700-c891-46fd-8f5c-72bc827f2ef5:20160407213829.332:825</Value>
          <Value>cn:825:1:55a73700-c891-46fd-8f5c-72bc827f2ef5:20160407213829.332:825</Value>
          <Value>createTimeStamp:825:1:55a73700-c891-46fd-8f5c-72bc827f2ef5:20160407213829.332:825</Value>
          <Value>description:825:1:55a73700-c891-46fd-8f5c-72bc827f2ef5:20160407213829.332:825</Value>
          <Value>entryDN:825:1:55a73700-c891-46fd-8f5c-72bc827f2ef5:20160407213829.332:825</Value>
          <Value>isSingleValued:825:1:55a73700-c891-46fd-8f5c-72bc827f2ef5:20160407213829.332:825</Value>
          <Value>lDAPDisplayName:825:1:55a73700-c891-46fd-8f5c-72bc827f2ef5:20160407213829.332:825</Value>
          <Value>modifyTimeStamp:825:1:55a73700-c891-46fd-8f5c-72bc827f2ef5:20160407213829.332:825</Value>
          <Value>objectClass:825:1:55a73700-c891-46fd-8f5c-72bc827f2ef5:20160407213829.332:825</Value>
          <Value>objectGUID:825:1:55a73700-c891-46fd-8f5c-72bc827f2ef5:20160407213829.332:825</Value>
          <Value>oMSyntax:825:1:55a73700-c891-46fd-8f5c-72bc827f2ef5:20160407213829.332:825</Value>
          <Value>schemaIDGUID:825:1:55a73700-c891-46fd-8f5c-72bc827f2ef5:20160407213829.332:825</Value>
          <Value>uSNChanged:825:1:55a73700-c891-46fd-8f5c-72bc827f2ef5:20160407213829.332:825</Value>
          <Value>uSNCreated:825:1:55a73700-c891-46fd-8f5c-72bc827f2ef5:20160407213829.332:825</Value>
          <Value>vmwAttributeUsage:825:1:55a73700-c891-46fd-8f5c-72bc827f2ef5:20160407213829.332:825</Value>
        </AttributeMetadata>
      </AttributeSchemaEntry>
      <AttributeSchemaEntry>
        <Name>vmwSTSUserName</Name>
        <AttributeMetadata>
          <Value>attributeID:766:1:55a73700-c891-46fd-8f5c-72bc827f2ef5:20160407213829.236:766</Value>
          <Value>attributeSyntax:766:1:55a73700-c891-46fd-8f5c-72bc827f2ef5:20160407213829.236:766</Value>
          <Value>cn:766:1:55a73700-c891-46fd-8f5c-72bc827f2ef5:20160407213829.236:766</Value>
          <Value>createTimeStamp:766:1:55a73700-c891-46fd-8f5c-72bc827f2ef5:20160407213829.236:766</Value>
          <Value>description:766:1:55a73700-c891-46fd-8f5c-72bc827f2ef5:20160407213829.236:766</Value>
          <Value>entryDN:766:1:55a73700-c891-46fd-8f5c-72bc827f2ef5:20160407213829.236:766</Value>
          <Value>isSingleValued:766:1:55a73700-c891-46fd-8f5c-72bc827f2ef5:20160407213829.236:766</Value>
          <Value>lDAPDisplayName:766:1:55a73700-c891-46fd-8f5c-72bc827f2ef5:20160407213829.236:766</Value>
          <Value>modifyTimeStamp:766:1:55a73700-c891-46fd-8f5c-72bc827f2ef5:20160407213829.236:766</Value>
          <Value>objectClass:766:1:55a73700-c891-46fd-8f5c-72bc827f2ef5:20160407213829.236:766</Value>
          <Value>objectGUID:766:1:55a73700-c891-46fd-8f5c-72bc827f2ef5:20160407213829.236:766</Value>
          <Value>oMSyntax:766:1:55a73700-c891-46fd-8f5c-72bc827f2ef5:20160407213829.236:766</Value>
          <Value>schemaIDGUID:766:1:55a73700-c891-46fd-8f5c-72bc827f2ef5:20160407213829.236:766</Value>
          <Value>uSNChanged:766:1:55a73700-c891-46fd-8f5c-72bc827f2ef5:20160407213829.236:766</Value>
          <Value>uSNCreated:766:1:55a73700-c891-46fd-8f5c-72bc827f2ef5:20160407213829.236:766</Value>
          <Value>vmwAttributeUsage:766:1:55a73700-c891-46fd-8f5c-72bc827f2ef5:20160407213829.236:766</Value>
        </AttributeMetadata>
      </AttributeSchemaEntry>
      <AttributeSchemaEntry>
        <Name>vmwTaggingAuthzUri</Name>
        <AttributeMetadata>
          <Value>attributeID:1360:1:55a73700-c891-46fd-8f5c-72bc827f2ef5:20160407213830.263:1360</Value>
          <Value>attributeSyntax:1360:1:55a73700-c891-46fd-8f5c-72bc827f2ef5:20160407213830.263:1360</Value>
          <Value>cn:1360:1:55a73700-c891-46fd-8f5c-72bc827f2ef5:20160407213830.263:1360</Value>
          <Value>createTimeStamp:1360:1:55a73700-c891-46fd-8f5c-72bc827f2ef5:20160407213830.263:1360</Value>
          <Value>description:1360:1:55a73700-c891-46fd-8f5c-72bc827f2ef5:20160407213830.263:1360</Value>
          <Value>entryDN:1360:1:55a73700-c891-46fd-8f5c-72bc827f2ef5:20160407213830.263:1360</Value>
          <Value>isSingleValued:1360:1:55a73700-c891-46fd-8f5c-72bc827f2ef5:20160407213830.263:1360</Value>
          <Value>lDAPDisplayName:1360:1:55a73700-c891-46fd-8f5c-72bc827f2ef5:20160407213830.263:1360</Value>
          <Value>modifyTimeStamp:1360:1:55a73700-c891-46fd-8f5c-72bc827f2ef5:20160407213830.263:1360</Value>
          <Value>objectClass:1360:1:55a73700-c891-46fd-8f5c-72bc827f2ef5:20160407213830.263:1360</Value>
          <Value>objectGUID:1360:1:55a73700-c891-46fd-8f5c-72bc827f2ef5:20160407213830.263:1360</Value>
          <Value>oMSyntax:1360:1:55a73700-c891-46fd-8f5c-72bc827f2ef5:20160407213830.263:1360</Value>
          <Value>schemaIDGUID:1360:1:55a73700-c891-46fd-8f5c-72bc827f2ef5:20160407213830.263:1360</Value>
          <Value>uSNChanged:1360:1:55a73700-c891-46fd-8f5c-72bc827f2ef5:20160407213830.263:1360</Value>
          <Value>uSNCreated:1360:1:55a73700-c891-46fd-8f5c-72bc827f2ef5:20160407213830.263:1360</Value>
          <Value>vmwAttributeUsage:1360:1:55a73700-c891-46fd-8f5c-72bc827f2ef5:20160407213830.263:1360</Value>
        </AttributeMetadata>
      </AttributeSchemaEntry>
      <AttributeSchemaEntry>
        <Name>vmwTaggingCategoryAssociableType</Name>
        <AttributeMetadata>
          <Value>attributeID:1244:1:55a73700-c891-46fd-8f5c-72bc827f2ef5:20160407213830.067:1244</Value>
          <Value>attributeSyntax:1244:1:55a73700-c891-46fd-8f5c-72bc827f2ef5:20160407213830.067:1244</Value>
          <Value>cn:1244:1:55a73700-c891-46fd-8f5c-72bc827f2ef5:20160407213830.067:1244</Value>
          <Value>createTimeStamp:1244:1:55a73700-c891-46fd-8f5c-72bc827f2ef5:20160407213830.067:1244</Value>
          <Value>description:1244:1:55a73700-c891-46fd-8f5c-72bc827f2ef5:20160407213830.067:1244</Value>
          <Value>entryDN:1244:1:55a73700-c891-46fd-8f5c-72bc827f2ef5:20160407213830.067:1244</Value>
          <Value>isSingleValued:1244:1:55a73700-c891-46fd-8f5c-72bc827f2ef5:20160407213830.067:1244</Value>
          <Value>lDAPDisplayName:1244:1:55a73700-c891-46fd-8f5c-72bc827f2ef5:20160407213830.067:1244</Value>
          <Value>modifyTimeStamp:1244:1:55a73700-c891-46fd-8f5c-72bc827f2ef5:20160407213830.067:1244</Value>
          <Value>objectClass:1244:1:55a73700-c891-46fd-8f5c-72bc827f2ef5:20160407213830.067:1244</Value>
          <Value>objectGUID:1244:1:55a73700-c891-46fd-8f5c-72bc827f2ef5:20160407213830.067:1244</Value>
          <Value>oMSyntax:1244:1:55a73700-c891-46fd-8f5c-72bc827f2ef5:20160407213830.067:1244</Value>
          <Value>schemaIDGUID:1244:1:55a73700-c891-46fd-8f5c-72bc827f2ef5:20160407213830.067:1244</Value>
          <Value>uSNChanged:1244:1:55a73700-c891-46fd-8f5c-72bc827f2ef5:20160407213830.067:1244</Value>
          <Value>uSNCreated:1244:1:55a73700-c891-46fd-8f5c-72bc827f2ef5:20160407213830.067:1244</Value>
          <Value>vmwAttributeUsage:1244:1:55a73700-c891-46fd-8f5c-72bc827f2ef5:20160407213830.067:1244</Value>
        </AttributeMetadata>
      </AttributeSchemaEntry>
      <AttributeSchemaEntry>
        <Name>vmwTaggingCategoryCardinality</Name>
        <AttributeMetadata>
          <Value>attributeID:489:1:55a73700-c891-46fd-8f5c-72bc827f2ef5:20160407213828.763:489</Value>
          <Value>attributeSyntax:489:1:55a73700-c891-46fd-8f5c-72bc827f2ef5:20160407213828.763:489</Value>
          <Value>cn:489:1:55a73700-c891-46fd-8f5c-72bc827f2ef5:20160407213828.763:489</Value>
          <Value>createTimeStamp:489:1:55a73700-c891-46fd-8f5c-72bc827f2ef5:20160407213828.763:489</Value>
          <Value>description:489:1:55a73700-c891-46fd-8f5c-72bc827f2ef5:20160407213828.763:489</Value>
          <Value>entryDN:489:1:55a73700-c891-46fd-8f5c-72bc827f2ef5:20160407213828.763:489</Value>
          <Value>isSingleValued:489:1:55a73700-c891-46fd-8f5c-72bc827f2ef5:20160407213828.763:489</Value>
          <Value>lDAPDisplayName:489:1:55a73700-c891-46fd-8f5c-72bc827f2ef5:20160407213828.763:489</Value>
          <Value>modifyTimeStamp:489:1:55a73700-c891-46fd-8f5c-72bc827f2ef5:20160407213828.763:489</Value>
          <Value>objectClass:489:1:55a73700-c891-46fd-8f5c-72bc827f2ef5:20160407213828.763:489</Value>
          <Value>objectGUID:489:1:55a73700-c891-46fd-8f5c-72bc827f2ef5:20160407213828.763:489</Value>
          <Value>oMSyntax:489:1:55a73700-c891-46fd-8f5c-72bc827f2ef5:20160407213828.763:489</Value>
          <Value>schemaIDGUID:489:1:55a73700-c891-46fd-8f5c-72bc827f2ef5:20160407213828.763:489</Value>
          <Value>uSNChanged:489:1:55a73700-c891-46fd-8f5c-72bc827f2ef5:20160407213828.763:489</Value>
          <Value>uSNCreated:489:1:55a73700-c891-46fd-8f5c-72bc827f2ef5:20160407213828.763:489</Value>
          <Value>vmwAttributeUsage:489:1:55a73700-c891-46fd-8f5c-72bc827f2ef5:20160407213828.763:489</Value>
        </AttributeMetadata>
      </AttributeSchemaEntry>
      <AttributeSchemaEntry>
        <Name>vmwTaggingCategoryDescription</Name>
        <AttributeMetadata>
          <Value>attributeID:1554:1:55a73700-c891-46fd-8f5c-72bc827f2ef5:20160407213830.584:1554</Value>
          <Value>attributeSyntax:1554:1:55a73700-c891-46fd-8f5c-72bc827f2ef5:20160407213830.584:1554</Value>
          <Value>cn:1554:1:55a73700-c891-46fd-8f5c-72bc827f2ef5:20160407213830.584:1554</Value>
          <Value>createTimeStamp:1554:1:55a73700-c891-46fd-8f5c-72bc827f2ef5:20160407213830.584:1554</Value>
          <Value>description:1554:1:55a73700-c891-46fd-8f5c-72bc827f2ef5:20160407213830.584:1554</Value>
          <Value>entryDN:1554:1:55a73700-c891-46fd-8f5c-72bc827f2ef5:20160407213830.584:1554</Value>
          <Value>isSingleValued:1554:1:55a73700-c891-46fd-8f5c-72bc827f2ef5:20160407213830.584:1554</Value>
          <Value>lDAPDisplayName:1554:1:55a73700-c891-46fd-8f5c-72bc827f2ef5:20160407213830.584:1554</Value>
          <Value>modifyTimeStamp:1554:1:55a73700-c891-46fd-8f5c-72bc827f2ef5:20160407213830.584:1554</Value>
          <Value>objectClass:1554:1:55a73700-c891-46fd-8f5c-72bc827f2ef5:20160407213830.584:1554</Value>
          <Value>objectGUID:1554:1:55a73700-c891-46fd-8f5c-72bc827f2ef5:20160407213830.584:1554</Value>
          <Value>oMSyntax:1554:1:55a73700-c891-46fd-8f5c-72bc827f2ef5:20160407213830.584:1554</Value>
          <Value>schemaIDGUID:1554:1:55a73700-c891-46fd-8f5c-72bc827f2ef5:20160407213830.584:1554</Value>
          <Value>uSNChanged:1554:1:55a73700-c891-46fd-8f5c-72bc827f2ef5:20160407213830.584:1554</Value>
          <Value>uSNCreated:1554:1:55a73700-c891-46fd-8f5c-72bc827f2ef5:20160407213830.584:1554</Value>
          <Value>vmwAttributeUsage:1554:1:55a73700-c891-46fd-8f5c-72bc827f2ef5:20160407213830.584:1554</Value>
        </AttributeMetadata>
      </AttributeSchemaEntry>
      <AttributeSchemaEntry>
        <Name>vmwTaggingCategoryName</Name>
        <AttributeMetadata>
          <Value>attributeID:808:1:55a73700-c891-46fd-8f5c-72bc827f2ef5:20160407213829.302:808</Value>
          <Value>attributeSyntax:808:1:55a73700-c891-46fd-8f5c-72bc827f2ef5:20160407213829.302:808</Value>
          <Value>cn:808:1:55a73700-c891-46fd-8f5c-72bc827f2ef5:20160407213829.302:808</Value>
          <Value>createTimeStamp:808:1:55a73700-c891-46fd-8f5c-72bc827f2ef5:20160407213829.302:808</Value>
          <Value>description:808:1:55a73700-c891-46fd-8f5c-72bc827f2ef5:20160407213829.302:808</Value>
          <Value>entryDN:808:1:55a73700-c891-46fd-8f5c-72bc827f2ef5:20160407213829.302:808</Value>
          <Value>isSingleValued:808:1:55a73700-c891-46fd-8f5c-72bc827f2ef5:20160407213829.302:808</Value>
          <Value>lDAPDisplayName:808:1:55a73700-c891-46fd-8f5c-72bc827f2ef5:20160407213829.302:808</Value>
          <Value>modifyTimeStamp:808:1:55a73700-c891-46fd-8f5c-72bc827f2ef5:20160407213829.302:808</Value>
          <Value>objectClass:808:1:55a73700-c891-46fd-8f5c-72bc827f2ef5:20160407213829.302:808</Value>
          <Value>objectGUID:808:1:55a73700-c891-46fd-8f5c-72bc827f2ef5:20160407213829.302:808</Value>
          <Value>oMSyntax:808:1:55a73700-c891-46fd-8f5c-72bc827f2ef5:20160407213829.302:808</Value>
          <Value>schemaIDGUID:808:1:55a73700-c891-46fd-8f5c-72bc827f2ef5:20160407213829.302:808</Value>
          <Value>uSNChanged:808:1:55a73700-c891-46fd-8f5c-72bc827f2ef5:20160407213829.302:808</Value>
          <Value>uSNCreated:808:1:55a73700-c891-46fd-8f5c-72bc827f2ef5:20160407213829.302:808</Value>
          <Value>vmwAttributeUsage:808:1:55a73700-c891-46fd-8f5c-72bc827f2ef5:20160407213829.302:808</Value>
        </AttributeMetadata>
      </AttributeSchemaEntry>
      <AttributeSchemaEntry>
        <Name>vmwTaggingCategoryUsedBy</Name>
        <AttributeMetadata>
          <Value>attributeID:126:1:55a73700-c891-46fd-8f5c-72bc827f2ef5:20160407213828.214:126</Value>
          <Value>attributeSyntax:126:1:55a73700-c891-46fd-8f5c-72bc827f2ef5:20160407213828.214:126</Value>
          <Value>cn:126:1:55a73700-c891-46fd-8f5c-72bc827f2ef5:20160407213828.214:126</Value>
          <Value>createTimeStamp:126:1:55a73700-c891-46fd-8f5c-72bc827f2ef5:20160407213828.214:126</Value>
          <Value>description:126:1:55a73700-c891-46fd-8f5c-72bc827f2ef5:20160407213828.214:126</Value>
          <Value>entryDN:126:1:55a73700-c891-46fd-8f5c-72bc827f2ef5:20160407213828.214:126</Value>
          <Value>isSingleValued:126:1:55a73700-c891-46fd-8f5c-72bc827f2ef5:20160407213828.214:126</Value>
          <Value>lDAPDisplayName:126:1:55a73700-c891-46fd-8f5c-72bc827f2ef5:20160407213828.214:126</Value>
          <Value>modifyTimeStamp:126:1:55a73700-c891-46fd-8f5c-72bc827f2ef5:20160407213828.214:126</Value>
          <Value>objectClass:126:1:55a73700-c891-46fd-8f5c-72bc827f2ef5:20160407213828.214:126</Value>
          <Value>objectGUID:126:1:55a73700-c891-46fd-8f5c-72bc827f2ef5:20160407213828.214:126</Value>
          <Value>oMSyntax:126:1:55a73700-c891-46fd-8f5c-72bc827f2ef5:20160407213828.214:126</Value>
          <Value>schemaIDGUID:126:1:55a73700-c891-46fd-8f5c-72bc827f2ef5:20160407213828.214:126</Value>
          <Value>uSNChanged:126:1:55a73700-c891-46fd-8f5c-72bc827f2ef5:20160407213828.214:126</Value>
          <Value>uSNCreated:126:1:55a73700-c891-46fd-8f5c-72bc827f2ef5:20160407213828.214:126</Value>
          <Value>vmwAttributeUsage:126:1:55a73700-c891-46fd-8f5c-72bc827f2ef5:20160407213828.214:126</Value>
        </AttributeMetadata>
      </AttributeSchemaEntry>
      <AttributeSchemaEntry>
        <Name>vmwTaggingCategoryVersion</Name>
        <AttributeMetadata>
          <Value>attributeID:445:1:55a73700-c891-46fd-8f5c-72bc827f2ef5:20160407213828.687:445</Value>
          <Value>attributeSyntax:445:1:55a73700-c891-46fd-8f5c-72bc827f2ef5:20160407213828.687:445</Value>
          <Value>cn:445:1:55a73700-c891-46fd-8f5c-72bc827f2ef5:20160407213828.687:445</Value>
          <Value>createTimeStamp:445:1:55a73700-c891-46fd-8f5c-72bc827f2ef5:20160407213828.687:445</Value>
          <Value>description:445:1:55a73700-c891-46fd-8f5c-72bc827f2ef5:20160407213828.687:445</Value>
          <Value>entryDN:445:1:55a73700-c891-46fd-8f5c-72bc827f2ef5:20160407213828.687:445</Value>
          <Value>isSingleValued:445:1:55a73700-c891-46fd-8f5c-72bc827f2ef5:20160407213828.687:445</Value>
          <Value>lDAPDisplayName:445:1:55a73700-c891-46fd-8f5c-72bc827f2ef5:20160407213828.687:445</Value>
          <Value>modifyTimeStamp:445:1:55a73700-c891-46fd-8f5c-72bc827f2ef5:20160407213828.687:445</Value>
          <Value>objectClass:445:1:55a73700-c891-46fd-8f5c-72bc827f2ef5:20160407213828.687:445</Value>
          <Value>objectGUID:445:1:55a73700-c891-46fd-8f5c-72bc827f2ef5:20160407213828.687:445</Value>
          <Value>oMSyntax:445:1:55a73700-c891-46fd-8f5c-72bc827f2ef5:20160407213828.687:445</Value>
          <Value>schemaIDGUID:445:1:55a73700-c891-46fd-8f5c-72bc827f2ef5:20160407213828.687:445</Value>
          <Value>uSNChanged:445:1:55a73700-c891-46fd-8f5c-72bc827f2ef5:20160407213828.687:445</Value>
          <Value>uSNCreated:445:1:55a73700-c891-46fd-8f5c-72bc827f2ef5:20160407213828.687:445</Value>
          <Value>vmwAttributeUsage:445:1:55a73700-c891-46fd-8f5c-72bc827f2ef5:20160407213828.687:445</Value>
        </AttributeMetadata>
      </AttributeSchemaEntry>
      <AttributeSchemaEntry>
        <Name>vmwTaggingIsSystemScope</Name>
        <AttributeMetadata>
          <Value>attributeID:1175:1:55a73700-c891-46fd-8f5c-72bc827f2ef5:20160407213829.949:1175</Value>
          <Value>attributeSyntax:1175:1:55a73700-c891-46fd-8f5c-72bc827f2ef5:20160407213829.949:1175</Value>
          <Value>cn:1175:1:55a73700-c891-46fd-8f5c-72bc827f2ef5:20160407213829.949:1175</Value>
          <Value>createTimeStamp:1175:1:55a73700-c891-46fd-8f5c-72bc827f2ef5:20160407213829.949:1175</Value>
          <Value>description:1175:1:55a73700-c891-46fd-8f5c-72bc827f2ef5:20160407213829.949:1175</Value>
          <Value>entryDN:1175:1:55a73700-c891-46fd-8f5c-72bc827f2ef5:20160407213829.949:1175</Value>
          <Value>isSingleValued:1175:1:55a73700-c891-46fd-8f5c-72bc827f2ef5:20160407213829.949:1175</Value>
          <Value>lDAPDisplayName:1175:1:55a73700-c891-46fd-8f5c-72bc827f2ef5:20160407213829.949:1175</Value>
          <Value>modifyTimeStamp:1175:1:55a73700-c891-46fd-8f5c-72bc827f2ef5:20160407213829.949:1175</Value>
          <Value>objectClass:1175:1:55a73700-c891-46fd-8f5c-72bc827f2ef5:20160407213829.949:1175</Value>
          <Value>objectGUID:1175:1:55a73700-c891-46fd-8f5c-72bc827f2ef5:20160407213829.949:1175</Value>
          <Value>oMSyntax:1175:1:55a73700-c891-46fd-8f5c-72bc827f2ef5:20160407213829.949:1175</Value>
          <Value>schemaIDGUID:1175:1:55a73700-c891-46fd-8f5c-72bc827f2ef5:20160407213829.949:1175</Value>
          <Value>uSNChanged:1175:1:55a73700-c891-46fd-8f5c-72bc827f2ef5:20160407213829.949:1175</Value>
          <Value>uSNCreated:1175:1:55a73700-c891-46fd-8f5c-72bc827f2ef5:20160407213829.949:1175</Value>
          <Value>vmwAttributeUsage:1175:1:55a73700-c891-46fd-8f5c-72bc827f2ef5:20160407213829.949:1175</Value>
        </AttributeMetadata>
      </AttributeSchemaEntry>
      <AttributeSchemaEntry>
        <Name>vmwTaggingObjectState</Name>
        <AttributeMetadata>
          <Value>attributeID:1633:1:55a73700-c891-46fd-8f5c-72bc827f2ef5:20160407213830.715:1633</Value>
          <Value>attributeSyntax:1633:1:55a73700-c891-46fd-8f5c-72bc827f2ef5:20160407213830.715:1633</Value>
          <Value>cn:1633:1:55a73700-c891-46fd-8f5c-72bc827f2ef5:20160407213830.715:1633</Value>
          <Value>createTimeStamp:1633:1:55a73700-c891-46fd-8f5c-72bc827f2ef5:20160407213830.715:1633</Value>
          <Value>description:1633:1:55a73700-c891-46fd-8f5c-72bc827f2ef5:20160407213830.715:1633</Value>
          <Value>entryDN:1633:1:55a73700-c891-46fd-8f5c-72bc827f2ef5:20160407213830.715:1633</Value>
          <Value>isSingleValued:1633:1:55a73700-c891-46fd-8f5c-72bc827f2ef5:20160407213830.715:1633</Value>
          <Value>lDAPDisplayName:1633:1:55a73700-c891-46fd-8f5c-72bc827f2ef5:20160407213830.715:1633</Value>
          <Value>modifyTimeStamp:1633:1:55a73700-c891-46fd-8f5c-72bc827f2ef5:20160407213830.715:1633</Value>
          <Value>objectClass:1633:1:55a73700-c891-46fd-8f5c-72bc827f2ef5:20160407213830.715:1633</Value>
          <Value>objectGUID:1633:1:55a73700-c891-46fd-8f5c-72bc827f2ef5:20160407213830.715:1633</Value>
          <Value>oMSyntax:1633:1:55a73700-c891-46fd-8f5c-72bc827f2ef5:20160407213830.715:1633</Value>
          <Value>schemaIDGUID:1633:1:55a73700-c891-46fd-8f5c-72bc827f2ef5:20160407213830.715:1633</Value>
          <Value>uSNChanged:1633:1:55a73700-c891-46fd-8f5c-72bc827f2ef5:20160407213830.715:1633</Value>
          <Value>uSNCreated:1633:1:55a73700-c891-46fd-8f5c-72bc827f2ef5:20160407213830.715:1633</Value>
          <Value>vmwAttributeUsage:1633:1:55a73700-c891-46fd-8f5c-72bc827f2ef5:20160407213830.715:1633</Value>
        </AttributeMetadata>
      </AttributeSchemaEntry>
      <AttributeSchemaEntry>
        <Name>vmwTaggingScopeVersion</Name>
        <AttributeMetadata>
          <Value>attributeID:1082:1:55a73700-c891-46fd-8f5c-72bc827f2ef5:20160407213829.775:1082</Value>
          <Value>attributeSyntax:1082:1:55a73700-c891-46fd-8f5c-72bc827f2ef5:20160407213829.775:1082</Value>
          <Value>cn:1082:1:55a73700-c891-46fd-8f5c-72bc827f2ef5:20160407213829.775:1082</Value>
          <Value>createTimeStamp:1082:1:55a73700-c891-46fd-8f5c-72bc827f2ef5:20160407213829.775:1082</Value>
          <Value>description:1082:1:55a73700-c891-46fd-8f5c-72bc827f2ef5:20160407213829.775:1082</Value>
          <Value>entryDN:1082:1:55a73700-c891-46fd-8f5c-72bc827f2ef5:20160407213829.775:1082</Value>
          <Value>isSingleValued:1082:1:55a73700-c891-46fd-8f5c-72bc827f2ef5:20160407213829.775:1082</Value>
          <Value>lDAPDisplayName:1082:1:55a73700-c891-46fd-8f5c-72bc827f2ef5:20160407213829.775:1082</Value>
          <Value>modifyTimeStamp:1082:1:55a73700-c891-46fd-8f5c-72bc827f2ef5:20160407213829.775:1082</Value>
          <Value>objectClass:1082:1:55a73700-c891-46fd-8f5c-72bc827f2ef5:20160407213829.775:1082</Value>
          <Value>objectGUID:1082:1:55a73700-c891-46fd-8f5c-72bc827f2ef5:20160407213829.775:1082</Value>
          <Value>oMSyntax:1082:1:55a73700-c891-46fd-8f5c-72bc827f2ef5:20160407213829.775:1082</Value>
          <Value>schemaIDGUID:1082:1:55a73700-c891-46fd-8f5c-72bc827f2ef5:20160407213829.775:1082</Value>
          <Value>uSNChanged:1082:1:55a73700-c891-46fd-8f5c-72bc827f2ef5:20160407213829.775:1082</Value>
          <Value>uSNCreated:1082:1:55a73700-c891-46fd-8f5c-72bc827f2ef5:20160407213829.775:1082</Value>
          <Value>vmwAttributeUsage:1082:1:55a73700-c891-46fd-8f5c-72bc827f2ef5:20160407213829.775:1082</Value>
        </AttributeMetadata>
      </AttributeSchemaEntry>
      <AttributeSchemaEntry>
        <Name>vmwTaggingSystemScopeFlag</Name>
        <AttributeMetadata>
          <Value>attributeID:514:1:55a73700-c891-46fd-8f5c-72bc827f2ef5:20160407213828.802:514</Value>
          <Value>attributeSyntax:514:1:55a73700-c891-46fd-8f5c-72bc827f2ef5:20160407213828.802:514</Value>
          <Value>cn:514:1:55a73700-c891-46fd-8f5c-72bc827f2ef5:20160407213828.802:514</Value>
          <Value>createTimeStamp:514:1:55a73700-c891-46fd-8f5c-72bc827f2ef5:20160407213828.802:514</Value>
          <Value>description:514:1:55a73700-c891-46fd-8f5c-72bc827f2ef5:20160407213828.802:514</Value>
          <Value>entryDN:514:1:55a73700-c891-46fd-8f5c-72bc827f2ef5:20160407213828.802:514</Value>
          <Value>isSingleValued:514:1:55a73700-c891-46fd-8f5c-72bc827f2ef5:20160407213828.802:514</Value>
          <Value>lDAPDisplayName:514:1:55a73700-c891-46fd-8f5c-72bc827f2ef5:20160407213828.802:514</Value>
          <Value>modifyTimeStamp:514:1:55a73700-c891-46fd-8f5c-72bc827f2ef5:20160407213828.802:514</Value>
          <Value>objectClass:514:1:55a73700-c891-46fd-8f5c-72bc827f2ef5:20160407213828.802:514</Value>
          <Value>objectGUID:514:1:55a73700-c891-46fd-8f5c-72bc827f2ef5:20160407213828.802:514</Value>
          <Value>oMSyntax:514:1:55a73700-c891-46fd-8f5c-72bc827f2ef5:20160407213828.802:514</Value>
          <Value>schemaIDGUID:514:1:55a73700-c891-46fd-8f5c-72bc827f2ef5:20160407213828.802:514</Value>
          <Value>uSNChanged:514:1:55a73700-c891-46fd-8f5c-72bc827f2ef5:20160407213828.802:514</Value>
          <Value>uSNCreated:514:1:55a73700-c891-46fd-8f5c-72bc827f2ef5:20160407213828.802:514</Value>
          <Value>vmwAttributeUsage:514:1:55a73700-c891-46fd-8f5c-72bc827f2ef5:20160407213828.802:514</Value>
        </AttributeMetadata>
      </AttributeSchemaEntry>
      <AttributeSchemaEntry>
        <Name>vmwTaggingTagDescription</Name>
        <AttributeMetadata>
          <Value>attributeID:1163:1:55a73700-c891-46fd-8f5c-72bc827f2ef5:20160407213829.931:1163</Value>
          <Value>attributeSyntax:1163:1:55a73700-c891-46fd-8f5c-72bc827f2ef5:20160407213829.931:1163</Value>
          <Value>cn:1163:1:55a73700-c891-46fd-8f5c-72bc827f2ef5:20160407213829.931:1163</Value>
          <Value>createTimeStamp:1163:1:55a73700-c891-46fd-8f5c-72bc827f2ef5:20160407213829.931:1163</Value>
          <Value>description:1163:1:55a73700-c891-46fd-8f5c-72bc827f2ef5:20160407213829.931:1163</Value>
          <Value>entryDN:1163:1:55a73700-c891-46fd-8f5c-72bc827f2ef5:20160407213829.931:1163</Value>
          <Value>isSingleValued:1163:1:55a73700-c891-46fd-8f5c-72bc827f2ef5:20160407213829.931:1163</Value>
          <Value>lDAPDisplayName:1163:1:55a73700-c891-46fd-8f5c-72bc827f2ef5:20160407213829.931:1163</Value>
          <Value>modifyTimeStamp:1163:1:55a73700-c891-46fd-8f5c-72bc827f2ef5:20160407213829.931:1163</Value>
          <Value>objectClass:1163:1:55a73700-c891-46fd-8f5c-72bc827f2ef5:20160407213829.931:1163</Value>
          <Value>objectGUID:1163:1:55a73700-c891-46fd-8f5c-72bc827f2ef5:20160407213829.931:1163</Value>
          <Value>oMSyntax:1163:1:55a73700-c891-46fd-8f5c-72bc827f2ef5:20160407213829.931:1163</Value>
          <Value>schemaIDGUID:1163:1:55a73700-c891-46fd-8f5c-72bc827f2ef5:20160407213829.931:1163</Value>
          <Value>uSNChanged:1163:1:55a73700-c891-46fd-8f5c-72bc827f2ef5:20160407213829.931:1163</Value>
          <Value>uSNCreated:1163:1:55a73700-c891-46fd-8f5c-72bc827f2ef5:20160407213829.931:1163</Value>
          <Value>vmwAttributeUsage:1163:1:55a73700-c891-46fd-8f5c-72bc827f2ef5:20160407213829.931:1163</Value>
        </AttributeMetadata>
      </AttributeSchemaEntry>
      <AttributeSchemaEntry>
        <Name>vmwTaggingTagName</Name>
        <AttributeMetadata>
          <Value>attributeID:654:1:55a73700-c891-46fd-8f5c-72bc827f2ef5:20160407213829.039:654</Value>
          <Value>attributeSyntax:654:1:55a73700-c891-46fd-8f5c-72bc827f2ef5:20160407213829.039:654</Value>
          <Value>cn:654:1:55a73700-c891-46fd-8f5c-72bc827f2ef5:20160407213829.039:654</Value>
          <Value>createTimeStamp:654:1:55a73700-c891-46fd-8f5c-72bc827f2ef5:20160407213829.039:654</Value>
          <Value>description:654:1:55a73700-c891-46fd-8f5c-72bc827f2ef5:20160407213829.039:654</Value>
          <Value>entryDN:654:1:55a73700-c891-46fd-8f5c-72bc827f2ef5:20160407213829.039:654</Value>
          <Value>isSingleValued:654:1:55a73700-c891-46fd-8f5c-72bc827f2ef5:20160407213829.039:654</Value>
          <Value>lDAPDisplayName:654:1:55a73700-c891-46fd-8f5c-72bc827f2ef5:20160407213829.039:654</Value>
          <Value>modifyTimeStamp:654:1:55a73700-c891-46fd-8f5c-72bc827f2ef5:20160407213829.039:654</Value>
          <Value>objectClass:654:1:55a73700-c891-46fd-8f5c-72bc827f2ef5:20160407213829.039:654</Value>
          <Value>objectGUID:654:1:55a73700-c891-46fd-8f5c-72bc827f2ef5:20160407213829.039:654</Value>
          <Value>oMSyntax:654:1:55a73700-c891-46fd-8f5c-72bc827f2ef5:20160407213829.039:654</Value>
          <Value>schemaIDGUID:654:1:55a73700-c891-46fd-8f5c-72bc827f2ef5:20160407213829.039:654</Value>
          <Value>uSNChanged:654:1:55a73700-c891-46fd-8f5c-72bc827f2ef5:20160407213829.039:654</Value>
          <Value>uSNCreated:654:1:55a73700-c891-46fd-8f5c-72bc827f2ef5:20160407213829.039:654</Value>
          <Value>vmwAttributeUsage:654:1:55a73700-c891-46fd-8f5c-72bc827f2ef5:20160407213829.039:654</Value>
        </AttributeMetadata>
      </AttributeSchemaEntry>
      <AttributeSchemaEntry>
        <Name>vmwTaggingTagUsedBy</Name>
        <AttributeMetadata>
          <Value>attributeID:1726:1:55a73700-c891-46fd-8f5c-72bc827f2ef5:20160407213830.881:1726</Value>
          <Value>attributeSyntax:1726:1:55a73700-c891-46fd-8f5c-72bc827f2ef5:20160407213830.881:1726</Value>
          <Value>cn:1726:1:55a73700-c891-46fd-8f5c-72bc827f2ef5:20160407213830.881:1726</Value>
          <Value>createTimeStamp:1726:1:55a73700-c891-46fd-8f5c-72bc827f2ef5:20160407213830.881:1726</Value>
          <Value>description:1726:1:55a73700-c891-46fd-8f5c-72bc827f2ef5:20160407213830.881:1726</Value>
          <Value>entryDN:1726:1:55a73700-c891-46fd-8f5c-72bc827f2ef5:20160407213830.881:1726</Value>
          <Value>isSingleValued:1726:1:55a73700-c891-46fd-8f5c-72bc827f2ef5:20160407213830.881:1726</Value>
          <Value>lDAPDisplayName:1726:1:55a73700-c891-46fd-8f5c-72bc827f2ef5:20160407213830.881:1726</Value>
          <Value>modifyTimeStamp:1726:1:55a73700-c891-46fd-8f5c-72bc827f2ef5:20160407213830.881:1726</Value>
          <Value>objectClass:1726:1:55a73700-c891-46fd-8f5c-72bc827f2ef5:20160407213830.881:1726</Value>
          <Value>objectGUID:1726:1:55a73700-c891-46fd-8f5c-72bc827f2ef5:20160407213830.881:1726</Value>
          <Value>oMSyntax:1726:1:55a73700-c891-46fd-8f5c-72bc827f2ef5:20160407213830.881:1726</Value>
          <Value>schemaIDGUID:1726:1:55a73700-c891-46fd-8f5c-72bc827f2ef5:20160407213830.881:1726</Value>
          <Value>uSNChanged:1726:1:55a73700-c891-46fd-8f5c-72bc827f2ef5:20160407213830.881:1726</Value>
          <Value>uSNCreated:1726:1:55a73700-c891-46fd-8f5c-72bc827f2ef5:20160407213830.881:1726</Value>
          <Value>vmwAttributeUsage:1726:1:55a73700-c891-46fd-8f5c-72bc827f2ef5:20160407213830.881:1726</Value>
        </AttributeMetadata>
      </AttributeSchemaEntry>
      <AttributeSchemaEntry>
        <Name>vmwTaggingTagVersion</Name>
        <AttributeMetadata>
          <Value>attributeID:659:1:55a73700-c891-46fd-8f5c-72bc827f2ef5:20160407213829.054:659</Value>
          <Value>attributeSyntax:659:1:55a73700-c891-46fd-8f5c-72bc827f2ef5:20160407213829.054:659</Value>
          <Value>cn:659:1:55a73700-c891-46fd-8f5c-72bc827f2ef5:20160407213829.054:659</Value>
          <Value>createTimeStamp:659:1:55a73700-c891-46fd-8f5c-72bc827f2ef5:20160407213829.054:659</Value>
          <Value>description:659:1:55a73700-c891-46fd-8f5c-72bc827f2ef5:20160407213829.054:659</Value>
          <Value>entryDN:659:1:55a73700-c891-46fd-8f5c-72bc827f2ef5:20160407213829.054:659</Value>
          <Value>isSingleValued:659:1:55a73700-c891-46fd-8f5c-72bc827f2ef5:20160407213829.054:659</Value>
          <Value>lDAPDisplayName:659:1:55a73700-c891-46fd-8f5c-72bc827f2ef5:20160407213829.054:659</Value>
          <Value>modifyTimeStamp:659:1:55a73700-c891-46fd-8f5c-72bc827f2ef5:20160407213829.054:659</Value>
          <Value>objectClass:659:1:55a73700-c891-46fd-8f5c-72bc827f2ef5:20160407213829.054:659</Value>
          <Value>objectGUID:659:1:55a73700-c891-46fd-8f5c-72bc827f2ef5:20160407213829.054:659</Value>
          <Value>oMSyntax:659:1:55a73700-c891-46fd-8f5c-72bc827f2ef5:20160407213829.054:659</Value>
          <Value>schemaIDGUID:659:1:55a73700-c891-46fd-8f5c-72bc827f2ef5:20160407213829.054:659</Value>
          <Value>uSNChanged:659:1:55a73700-c891-46fd-8f5c-72bc827f2ef5:20160407213829.054:659</Value>
          <Value>uSNCreated:659:1:55a73700-c891-46fd-8f5c-72bc827f2ef5:20160407213829.054:659</Value>
          <Value>vmwAttributeUsage:659:1:55a73700-c891-46fd-8f5c-72bc827f2ef5:20160407213829.054:659</Value>
        </AttributeMetadata>
      </AttributeSchemaEntry>
      <AttributeSchemaEntry>
        <Name>vmwUSNSequenceNumber</Name>
        <AttributeMetadata>
          <Value>attributeID:538:1:55a73700-c891-46fd-8f5c-72bc827f2ef5:20160407213828.845:538</Value>
          <Value>attributeSyntax:538:1:55a73700-c891-46fd-8f5c-72bc827f2ef5:20160407213828.845:538</Value>
          <Value>cn:538:1:55a73700-c891-46fd-8f5c-72bc827f2ef5:20160407213828.845:538</Value>
          <Value>createTimeStamp:538:1:55a73700-c891-46fd-8f5c-72bc827f2ef5:20160407213828.845:538</Value>
          <Value>description:538:1:55a73700-c891-46fd-8f5c-72bc827f2ef5:20160407213828.845:538</Value>
          <Value>entryDN:538:1:55a73700-c891-46fd-8f5c-72bc827f2ef5:20160407213828.845:538</Value>
          <Value>isSingleValued:538:1:55a73700-c891-46fd-8f5c-72bc827f2ef5:20160407213828.845:538</Value>
          <Value>lDAPDisplayName:538:1:55a73700-c891-46fd-8f5c-72bc827f2ef5:20160407213828.845:538</Value>
          <Value>modifyTimeStamp:538:1:55a73700-c891-46fd-8f5c-72bc827f2ef5:20160407213828.845:538</Value>
          <Value>objectClass:538:1:55a73700-c891-46fd-8f5c-72bc827f2ef5:20160407213828.845:538</Value>
          <Value>objectGUID:538:1:55a73700-c891-46fd-8f5c-72bc827f2ef5:20160407213828.845:538</Value>
          <Value>oMSyntax:538:1:55a73700-c891-46fd-8f5c-72bc827f2ef5:20160407213828.845:538</Value>
          <Value>schemaIDGUID:538:1:55a73700-c891-46fd-8f5c-72bc827f2ef5:20160407213828.845:538</Value>
          <Value>uSNChanged:538:1:55a73700-c891-46fd-8f5c-72bc827f2ef5:20160407213828.845:538</Value>
          <Value>uSNCreated:538:1:55a73700-c891-46fd-8f5c-72bc827f2ef5:20160407213828.845:538</Value>
          <Value>vmwAttributeUsage:538:1:55a73700-c891-46fd-8f5c-72bc827f2ef5:20160407213828.845:538</Value>
        </AttributeMetadata>
      </AttributeSchemaEntry>
      <AttributeSchemaEntry>
        <Name>volTableGUID</Name>
        <AttributeMetadata>
          <Value>attributeID:1456:1:55a73700-c891-46fd-8f5c-72bc827f2ef5:20160407213830.419:1456</Value>
          <Value>attributeSyntax:1456:1:55a73700-c891-46fd-8f5c-72bc827f2ef5:20160407213830.419:1456</Value>
          <Value>cn:1456:1:55a73700-c891-46fd-8f5c-72bc827f2ef5:20160407213830.419:1456</Value>
          <Value>createTimeStamp:1456:1:55a73700-c891-46fd-8f5c-72bc827f2ef5:20160407213830.419:1456</Value>
          <Value>entryDN:1456:1:55a73700-c891-46fd-8f5c-72bc827f2ef5:20160407213830.419:1456</Value>
          <Value>isSingleValued:1456:1:55a73700-c891-46fd-8f5c-72bc827f2ef5:20160407213830.419:1456</Value>
          <Value>lDAPDisplayName:1456:1:55a73700-c891-46fd-8f5c-72bc827f2ef5:20160407213830.419:1456</Value>
          <Value>modifyTimeStamp:1456:1:55a73700-c891-46fd-8f5c-72bc827f2ef5:20160407213830.419:1456</Value>
          <Value>objectClass:1456:1:55a73700-c891-46fd-8f5c-72bc827f2ef5:20160407213830.419:1456</Value>
          <Value>objectGUID:1456:1:55a73700-c891-46fd-8f5c-72bc827f2ef5:20160407213830.419:1456</Value>
          <Value>oMSyntax:1456:1:55a73700-c891-46fd-8f5c-72bc827f2ef5:20160407213830.419:1456</Value>
          <Value>schemaIDGUID:1456:1:55a73700-c891-46fd-8f5c-72bc827f2ef5:20160407213830.419:1456</Value>
          <Value>uSNChanged:1456:1:55a73700-c891-46fd-8f5c-72bc827f2ef5:20160407213830.419:1456</Value>
          <Value>uSNCreated:1456:1:55a73700-c891-46fd-8f5c-72bc827f2ef5:20160407213830.419:1456</Value>
          <Value>vmwAttributeUsage:1456:1:55a73700-c891-46fd-8f5c-72bc827f2ef5:20160407213830.419:1456</Value>
        </AttributeMetadata>
      </AttributeSchemaEntry>
      <AttributeSchemaEntry>
        <Name>volTableIdxGUID</Name>
        <AttributeMetadata>
          <Value>attributeID:475:1:55a73700-c891-46fd-8f5c-72bc827f2ef5:20160407213828.738:475</Value>
          <Value>attributeSyntax:475:1:55a73700-c891-46fd-8f5c-72bc827f2ef5:20160407213828.738:475</Value>
          <Value>cn:475:1:55a73700-c891-46fd-8f5c-72bc827f2ef5:20160407213828.738:475</Value>
          <Value>createTimeStamp:475:1:55a73700-c891-46fd-8f5c-72bc827f2ef5:20160407213828.738:475</Value>
          <Value>entryDN:475:1:55a73700-c891-46fd-8f5c-72bc827f2ef5:20160407213828.738:475</Value>
          <Value>isSingleValued:475:1:55a73700-c891-46fd-8f5c-72bc827f2ef5:20160407213828.738:475</Value>
          <Value>lDAPDisplayName:475:1:55a73700-c891-46fd-8f5c-72bc827f2ef5:20160407213828.738:475</Value>
          <Value>modifyTimeStamp:475:1:55a73700-c891-46fd-8f5c-72bc827f2ef5:20160407213828.738:475</Value>
          <Value>objectClass:475:1:55a73700-c891-46fd-8f5c-72bc827f2ef5:20160407213828.738:475</Value>
          <Value>objectGUID:475:1:55a73700-c891-46fd-8f5c-72bc827f2ef5:20160407213828.738:475</Value>
          <Value>oMSyntax:475:1:55a73700-c891-46fd-8f5c-72bc827f2ef5:20160407213828.738:475</Value>
          <Value>schemaIDGUID:475:1:55a73700-c891-46fd-8f5c-72bc827f2ef5:20160407213828.738:475</Value>
          <Value>uSNChanged:475:1:55a73700-c891-46fd-8f5c-72bc827f2ef5:20160407213828.738:475</Value>
          <Value>uSNCreated:475:1:55a73700-c891-46fd-8f5c-72bc827f2ef5:20160407213828.738:475</Value>
          <Value>vmwAttributeUsage:475:1:55a73700-c891-46fd-8f5c-72bc827f2ef5:20160407213828.738:475</Value>
        </AttributeMetadata>
      </AttributeSchemaEntry>
      <AttributeSchemaEntry>
        <Name>volumeCount</Name>
        <AttributeMetadata>
          <Value>attributeID:116:1:55a73700-c891-46fd-8f5c-72bc827f2ef5:20160407213828.206:116</Value>
          <Value>attributeSyntax:116:1:55a73700-c891-46fd-8f5c-72bc827f2ef5:20160407213828.206:116</Value>
          <Value>cn:116:1:55a73700-c891-46fd-8f5c-72bc827f2ef5:20160407213828.206:116</Value>
          <Value>createTimeStamp:116:1:55a73700-c891-46fd-8f5c-72bc827f2ef5:20160407213828.206:116</Value>
          <Value>entryDN:116:1:55a73700-c891-46fd-8f5c-72bc827f2ef5:20160407213828.206:116</Value>
          <Value>isSingleValued:116:1:55a73700-c891-46fd-8f5c-72bc827f2ef5:20160407213828.206:116</Value>
          <Value>lDAPDisplayName:116:1:55a73700-c891-46fd-8f5c-72bc827f2ef5:20160407213828.206:116</Value>
          <Value>modifyTimeStamp:116:1:55a73700-c891-46fd-8f5c-72bc827f2ef5:20160407213828.206:116</Value>
          <Value>objectClass:116:1:55a73700-c891-46fd-8f5c-72bc827f2ef5:20160407213828.206:116</Value>
          <Value>objectGUID:116:1:55a73700-c891-46fd-8f5c-72bc827f2ef5:20160407213828.206:116</Value>
          <Value>oMSyntax:116:1:55a73700-c891-46fd-8f5c-72bc827f2ef5:20160407213828.206:116</Value>
          <Value>schemaIDGUID:116:1:55a73700-c891-46fd-8f5c-72bc827f2ef5:20160407213828.206:116</Value>
          <Value>uSNChanged:116:1:55a73700-c891-46fd-8f5c-72bc827f2ef5:20160407213828.206:116</Value>
          <Value>uSNCreated:116:1:55a73700-c891-46fd-8f5c-72bc827f2ef5:20160407213828.206:116</Value>
          <Value>vmwAttributeUsage:116:1:55a73700-c891-46fd-8f5c-72bc827f2ef5:20160407213828.206:116</Value>
        </AttributeMetadata>
      </AttributeSchemaEntry>
      <AttributeSchemaEntry>
        <Name>wbemPath</Name>
        <AttributeMetadata>
          <Value>attributeID:255:1:55a73700-c891-46fd-8f5c-72bc827f2ef5:20160407213828.405:255</Value>
          <Value>attributeSyntax:255:1:55a73700-c891-46fd-8f5c-72bc827f2ef5:20160407213828.405:255</Value>
          <Value>cn:255:1:55a73700-c891-46fd-8f5c-72bc827f2ef5:20160407213828.405:255</Value>
          <Value>createTimeStamp:255:1:55a73700-c891-46fd-8f5c-72bc827f2ef5:20160407213828.405:255</Value>
          <Value>entryDN:255:1:55a73700-c891-46fd-8f5c-72bc827f2ef5:20160407213828.405:255</Value>
          <Value>isSingleValued:255:1:55a73700-c891-46fd-8f5c-72bc827f2ef5:20160407213828.405:255</Value>
          <Value>lDAPDisplayName:255:1:55a73700-c891-46fd-8f5c-72bc827f2ef5:20160407213828.405:255</Value>
          <Value>modifyTimeStamp:255:1:55a73700-c891-46fd-8f5c-72bc827f2ef5:20160407213828.405:255</Value>
          <Value>objectClass:255:1:55a73700-c891-46fd-8f5c-72bc827f2ef5:20160407213828.405:255</Value>
          <Value>objectGUID:255:1:55a73700-c891-46fd-8f5c-72bc827f2ef5:20160407213828.405:255</Value>
          <Value>oMSyntax:255:1:55a73700-c891-46fd-8f5c-72bc827f2ef5:20160407213828.405:255</Value>
          <Value>schemaIDGUID:255:1:55a73700-c891-46fd-8f5c-72bc827f2ef5:20160407213828.405:255</Value>
          <Value>uSNChanged:255:1:55a73700-c891-46fd-8f5c-72bc827f2ef5:20160407213828.405:255</Value>
          <Value>uSNCreated:255:1:55a73700-c891-46fd-8f5c-72bc827f2ef5:20160407213828.405:255</Value>
          <Value>vmwAttributeUsage:255:1:55a73700-c891-46fd-8f5c-72bc827f2ef5:20160407213828.405:255</Value>
        </AttributeMetadata>
      </AttributeSchemaEntry>
      <AttributeSchemaEntry>
        <Name>wellKnownObjects</Name>
        <AttributeMetadata>
          <Value>attributeID:439:1:55a73700-c891-46fd-8f5c-72bc827f2ef5:20160407213828.681:439</Value>
          <Value>attributeSyntax:439:1:55a73700-c891-46fd-8f5c-72bc827f2ef5:20160407213828.681:439</Value>
          <Value>cn:439:1:55a73700-c891-46fd-8f5c-72bc827f2ef5:20160407213828.681:439</Value>
          <Value>createTimeStamp:439:1:55a73700-c891-46fd-8f5c-72bc827f2ef5:20160407213828.681:439</Value>
          <Value>entryDN:439:1:55a73700-c891-46fd-8f5c-72bc827f2ef5:20160407213828.681:439</Value>
          <Value>isSingleValued:439:1:55a73700-c891-46fd-8f5c-72bc827f2ef5:20160407213828.681:439</Value>
          <Value>lDAPDisplayName:439:1:55a73700-c891-46fd-8f5c-72bc827f2ef5:20160407213828.681:439</Value>
          <Value>modifyTimeStamp:439:1:55a73700-c891-46fd-8f5c-72bc827f2ef5:20160407213828.681:439</Value>
          <Value>objectClass:439:1:55a73700-c891-46fd-8f5c-72bc827f2ef5:20160407213828.681:439</Value>
          <Value>objectGUID:439:1:55a73700-c891-46fd-8f5c-72bc827f2ef5:20160407213828.681:439</Value>
          <Value>oMSyntax:439:1:55a73700-c891-46fd-8f5c-72bc827f2ef5:20160407213828.681:439</Value>
          <Value>schemaIDGUID:439:1:55a73700-c891-46fd-8f5c-72bc827f2ef5:20160407213828.681:439</Value>
          <Value>uSNChanged:439:1:55a73700-c891-46fd-8f5c-72bc827f2ef5:20160407213828.681:439</Value>
          <Value>uSNCreated:439:1:55a73700-c891-46fd-8f5c-72bc827f2ef5:20160407213828.681:439</Value>
          <Value>vmwAttributeUsage:439:1:55a73700-c891-46fd-8f5c-72bc827f2ef5:20160407213828.681:439</Value>
        </AttributeMetadata>
      </AttributeSchemaEntry>
      <AttributeSchemaEntry>
        <Name>whenChanged</Name>
        <AttributeMetadata>
          <Value>attributeID:904:1:55a73700-c891-46fd-8f5c-72bc827f2ef5:20160407213829.473:904</Value>
          <Value>attributeSyntax:904:1:55a73700-c891-46fd-8f5c-72bc827f2ef5:20160407213829.473:904</Value>
          <Value>cn:904:1:55a73700-c891-46fd-8f5c-72bc827f2ef5:20160407213829.473:904</Value>
          <Value>createTimeStamp:904:1:55a73700-c891-46fd-8f5c-72bc827f2ef5:20160407213829.473:904</Value>
          <Value>entryDN:904:1:55a73700-c891-46fd-8f5c-72bc827f2ef5:20160407213829.473:904</Value>
          <Value>isSingleValued:904:1:55a73700-c891-46fd-8f5c-72bc827f2ef5:20160407213829.473:904</Value>
          <Value>lDAPDisplayName:904:1:55a73700-c891-46fd-8f5c-72bc827f2ef5:20160407213829.473:904</Value>
          <Value>modifyTimeStamp:904:1:55a73700-c891-46fd-8f5c-72bc827f2ef5:20160407213829.473:904</Value>
          <Value>objectClass:904:1:55a73700-c891-46fd-8f5c-72bc827f2ef5:20160407213829.473:904</Value>
          <Value>objectGUID:904:1:55a73700-c891-46fd-8f5c-72bc827f2ef5:20160407213829.473:904</Value>
          <Value>oMSyntax:904:1:55a73700-c891-46fd-8f5c-72bc827f2ef5:20160407213829.473:904</Value>
          <Value>schemaIDGUID:904:1:55a73700-c891-46fd-8f5c-72bc827f2ef5:20160407213829.473:904</Value>
          <Value>uSNChanged:904:1:55a73700-c891-46fd-8f5c-72bc827f2ef5:20160407213829.473:904</Value>
          <Value>uSNCreated:904:1:55a73700-c891-46fd-8f5c-72bc827f2ef5:20160407213829.473:904</Value>
          <Value>vmwAttributeUsage:904:1:55a73700-c891-46fd-8f5c-72bc827f2ef5:20160407213829.473:904</Value>
        </AttributeMetadata>
      </AttributeSchemaEntry>
      <AttributeSchemaEntry>
        <Name>whenCreated</Name>
        <AttributeMetadata>
          <Value>attributeID:1228:1:55a73700-c891-46fd-8f5c-72bc827f2ef5:20160407213830.040:1228</Value>
          <Value>attributeSyntax:1228:1:55a73700-c891-46fd-8f5c-72bc827f2ef5:20160407213830.040:1228</Value>
          <Value>cn:1228:1:55a73700-c891-46fd-8f5c-72bc827f2ef5:20160407213830.040:1228</Value>
          <Value>createTimeStamp:1228:1:55a73700-c891-46fd-8f5c-72bc827f2ef5:20160407213830.040:1228</Value>
          <Value>entryDN:1228:1:55a73700-c891-46fd-8f5c-72bc827f2ef5:20160407213830.040:1228</Value>
          <Value>isSingleValued:1228:1:55a73700-c891-46fd-8f5c-72bc827f2ef5:20160407213830.040:1228</Value>
          <Value>lDAPDisplayName:1228:1:55a73700-c891-46fd-8f5c-72bc827f2ef5:20160407213830.040:1228</Value>
          <Value>modifyTimeStamp:1228:1:55a73700-c891-46fd-8f5c-72bc827f2ef5:20160407213830.040:1228</Value>
          <Value>objectClass:1228:1:55a73700-c891-46fd-8f5c-72bc827f2ef5:20160407213830.040:1228</Value>
          <Value>objectGUID:1228:1:55a73700-c891-46fd-8f5c-72bc827f2ef5:20160407213830.040:1228</Value>
          <Value>oMSyntax:1228:1:55a73700-c891-46fd-8f5c-72bc827f2ef5:20160407213830.040:1228</Value>
          <Value>schemaIDGUID:1228:1:55a73700-c891-46fd-8f5c-72bc827f2ef5:20160407213830.040:1228</Value>
          <Value>uSNChanged:1228:1:55a73700-c891-46fd-8f5c-72bc827f2ef5:20160407213830.040:1228</Value>
          <Value>uSNCreated:1228:1:55a73700-c891-46fd-8f5c-72bc827f2ef5:20160407213830.040:1228</Value>
          <Value>vmwAttributeUsage:1228:1:55a73700-c891-46fd-8f5c-72bc827f2ef5:20160407213830.040:1228</Value>
        </AttributeMetadata>
      </AttributeSchemaEntry>
      <AttributeSchemaEntry>
        <Name>winsockAddresses</Name>
        <AttributeMetadata>
          <Value>attributeID:692:1:55a73700-c891-46fd-8f5c-72bc827f2ef5:20160407213829.109:692</Value>
          <Value>attributeSyntax:692:1:55a73700-c891-46fd-8f5c-72bc827f2ef5:20160407213829.109:692</Value>
          <Value>cn:692:1:55a73700-c891-46fd-8f5c-72bc827f2ef5:20160407213829.109:692</Value>
          <Value>createTimeStamp:692:1:55a73700-c891-46fd-8f5c-72bc827f2ef5:20160407213829.109:692</Value>
          <Value>entryDN:692:1:55a73700-c891-46fd-8f5c-72bc827f2ef5:20160407213829.109:692</Value>
          <Value>isSingleValued:692:1:55a73700-c891-46fd-8f5c-72bc827f2ef5:20160407213829.109:692</Value>
          <Value>lDAPDisplayName:692:1:55a73700-c891-46fd-8f5c-72bc827f2ef5:20160407213829.109:692</Value>
          <Value>modifyTimeStamp:692:1:55a73700-c891-46fd-8f5c-72bc827f2ef5:20160407213829.109:692</Value>
          <Value>objectClass:692:1:55a73700-c891-46fd-8f5c-72bc827f2ef5:20160407213829.109:692</Value>
          <Value>objectGUID:692:1:55a73700-c891-46fd-8f5c-72bc827f2ef5:20160407213829.109:692</Value>
          <Value>oMSyntax:692:1:55a73700-c891-46fd-8f5c-72bc827f2ef5:20160407213829.109:692</Value>
          <Value>schemaIDGUID:692:1:55a73700-c891-46fd-8f5c-72bc827f2ef5:20160407213829.109:692</Value>
          <Value>uSNChanged:692:1:55a73700-c891-46fd-8f5c-72bc827f2ef5:20160407213829.109:692</Value>
          <Value>uSNCreated:692:1:55a73700-c891-46fd-8f5c-72bc827f2ef5:20160407213829.109:692</Value>
          <Value>vmwAttributeUsage:692:1:55a73700-c891-46fd-8f5c-72bc827f2ef5:20160407213829.109:692</Value>
        </AttributeMetadata>
      </AttributeSchemaEntry>
      <AttributeSchemaEntry>
        <Name>wWWHomePage</Name>
        <AttributeMetadata>
          <Value>attributeID:1641:1:55a73700-c891-46fd-8f5c-72bc827f2ef5:20160407213830.734:1641</Value>
          <Value>attributeSyntax:1641:1:55a73700-c891-46fd-8f5c-72bc827f2ef5:20160407213830.734:1641</Value>
          <Value>cn:1641:1:55a73700-c891-46fd-8f5c-72bc827f2ef5:20160407213830.734:1641</Value>
          <Value>createTimeStamp:1641:1:55a73700-c891-46fd-8f5c-72bc827f2ef5:20160407213830.734:1641</Value>
          <Value>entryDN:1641:1:55a73700-c891-46fd-8f5c-72bc827f2ef5:20160407213830.734:1641</Value>
          <Value>isSingleValued:1641:1:55a73700-c891-46fd-8f5c-72bc827f2ef5:20160407213830.734:1641</Value>
          <Value>lDAPDisplayName:1641:1:55a73700-c891-46fd-8f5c-72bc827f2ef5:20160407213830.734:1641</Value>
          <Value>modifyTimeStamp:1641:1:55a73700-c891-46fd-8f5c-72bc827f2ef5:20160407213830.734:1641</Value>
          <Value>objectClass:1641:1:55a73700-c891-46fd-8f5c-72bc827f2ef5:20160407213830.734:1641</Value>
          <Value>objectGUID:1641:1:55a73700-c891-46fd-8f5c-72bc827f2ef5:20160407213830.734:1641</Value>
          <Value>oMSyntax:1641:1:55a73700-c891-46fd-8f5c-72bc827f2ef5:20160407213830.734:1641</Value>
          <Value>schemaIDGUID:1641:1:55a73700-c891-46fd-8f5c-72bc827f2ef5:20160407213830.734:1641</Value>
          <Value>uSNChanged:1641:1:55a73700-c891-46fd-8f5c-72bc827f2ef5:20160407213830.734:1641</Value>
          <Value>uSNCreated:1641:1:55a73700-c891-46fd-8f5c-72bc827f2ef5:20160407213830.734:1641</Value>
          <Value>vmwAttributeUsage:1641:1:55a73700-c891-46fd-8f5c-72bc827f2ef5:20160407213830.734:1641</Value>
        </AttributeMetadata>
      </AttributeSchemaEntry>
      <AttributeSchemaEntry>
        <Name>x121Address</Name>
        <AttributeMetadata>
          <Value>attributeID:1749:1:55a73700-c891-46fd-8f5c-72bc827f2ef5:20160407213830.916:1749</Value>
          <Value>attributeSyntax:1749:1:55a73700-c891-46fd-8f5c-72bc827f2ef5:20160407213830.916:1749</Value>
          <Value>cn:1749:1:55a73700-c891-46fd-8f5c-72bc827f2ef5:20160407213830.916:1749</Value>
          <Value>createTimeStamp:1749:1:55a73700-c891-46fd-8f5c-72bc827f2ef5:20160407213830.916:1749</Value>
          <Value>entryDN:1749:1:55a73700-c891-46fd-8f5c-72bc827f2ef5:20160407213830.916:1749</Value>
          <Value>isSingleValued:1749:1:55a73700-c891-46fd-8f5c-72bc827f2ef5:20160407213830.916:1749</Value>
          <Value>lDAPDisplayName:1749:1:55a73700-c891-46fd-8f5c-72bc827f2ef5:20160407213830.916:1749</Value>
          <Value>modifyTimeStamp:1749:1:55a73700-c891-46fd-8f5c-72bc827f2ef5:20160407213830.916:1749</Value>
          <Value>objectClass:1749:1:55a73700-c891-46fd-8f5c-72bc827f2ef5:20160407213830.916:1749</Value>
          <Value>objectGUID:1749:1:55a73700-c891-46fd-8f5c-72bc827f2ef5:20160407213830.916:1749</Value>
          <Value>oMSyntax:1749:1:55a73700-c891-46fd-8f5c-72bc827f2ef5:20160407213830.916:1749</Value>
          <Value>schemaIDGUID:1749:1:55a73700-c891-46fd-8f5c-72bc827f2ef5:20160407213830.916:1749</Value>
          <Value>uSNChanged:1749:1:55a73700-c891-46fd-8f5c-72bc827f2ef5:20160407213830.916:1749</Value>
          <Value>uSNCreated:1749:1:55a73700-c891-46fd-8f5c-72bc827f2ef5:20160407213830.916:1749</Value>
          <Value>vmwAttributeUsage:1749:1:55a73700-c891-46fd-8f5c-72bc827f2ef5:20160407213830.916:1749</Value>
        </AttributeMetadata>
      </AttributeSchemaEntry>
      <AttributeSchemaEntry>
        <Name>x500uniqueIdentifier</Name>
        <AttributeMetadata>
          <Value>attributeID:1237:1:55a73700-c891-46fd-8f5c-72bc827f2ef5:20160407213830.060:1237</Value>
          <Value>attributeSyntax:1237:1:55a73700-c891-46fd-8f5c-72bc827f2ef5:20160407213830.060:1237</Value>
          <Value>cn:1237:1:55a73700-c891-46fd-8f5c-72bc827f2ef5:20160407213830.060:1237</Value>
          <Value>createTimeStamp:1237:1:55a73700-c891-46fd-8f5c-72bc827f2ef5:20160407213830.060:1237</Value>
          <Value>entryDN:1237:1:55a73700-c891-46fd-8f5c-72bc827f2ef5:20160407213830.060:1237</Value>
          <Value>isSingleValued:1237:1:55a73700-c891-46fd-8f5c-72bc827f2ef5:20160407213830.060:1237</Value>
          <Value>lDAPDisplayName:1237:1:55a73700-c891-46fd-8f5c-72bc827f2ef5:20160407213830.060:1237</Value>
          <Value>modifyTimeStamp:1237:1:55a73700-c891-46fd-8f5c-72bc827f2ef5:20160407213830.060:1237</Value>
          <Value>objectClass:1237:1:55a73700-c891-46fd-8f5c-72bc827f2ef5:20160407213830.060:1237</Value>
          <Value>objectGUID:1237:1:55a73700-c891-46fd-8f5c-72bc827f2ef5:20160407213830.060:1237</Value>
          <Value>oMSyntax:1237:1:55a73700-c891-46fd-8f5c-72bc827f2ef5:20160407213830.060:1237</Value>
          <Value>schemaIDGUID:1237:1:55a73700-c891-46fd-8f5c-72bc827f2ef5:20160407213830.060:1237</Value>
          <Value>uSNChanged:1237:1:55a73700-c891-46fd-8f5c-72bc827f2ef5:20160407213830.060:1237</Value>
          <Value>uSNCreated:1237:1:55a73700-c891-46fd-8f5c-72bc827f2ef5:20160407213830.060:1237</Value>
          <Value>vmwAttributeUsage:1237:1:55a73700-c891-46fd-8f5c-72bc827f2ef5:20160407213830.060:1237</Value>
        </AttributeMetadata>
      </AttributeSchemaEntry>
    </AttributeSchemaEntries>
    <ClassSchemaEntries>
      <ClassSchemaEntry>
        <Name>account</Name>
        <AttributeMetadata>
          <Value>auxiliaryClass:1896:1:55a73700-c891-46fd-8f5c-72bc827f2ef5:20160407213831.157:1896</Value>
          <Value>cn:1896:1:55a73700-c891-46fd-8f5c-72bc827f2ef5:20160407213831.157:1896</Value>
          <Value>createTimeStamp:1896:1:55a73700-c891-46fd-8f5c-72bc827f2ef5:20160407213831.157:1896</Value>
          <Value>defaultObjectCategory:1896:1:55a73700-c891-46fd-8f5c-72bc827f2ef5:20160407213831.157:1896</Value>
          <Value>entryDN:1896:1:55a73700-c891-46fd-8f5c-72bc827f2ef5:20160407213831.157:1896</Value>
          <Value>governsID:1896:1:55a73700-c891-46fd-8f5c-72bc827f2ef5:20160407213831.157:1896</Value>
          <Value>modifyTimeStamp:1896:1:55a73700-c891-46fd-8f5c-72bc827f2ef5:20160407213831.157:1896</Value>
          <Value>objectClass:1896:1:55a73700-c891-46fd-8f5c-72bc827f2ef5:20160407213831.157:1896</Value>
          <Value>objectClassCategory:1896:1:55a73700-c891-46fd-8f5c-72bc827f2ef5:20160407213831.157:1896</Value>
          <Value>objectGUID:1896:1:55a73700-c891-46fd-8f5c-72bc827f2ef5:20160407213831.157:1896</Value>
          <Value>schemaIDGUID:1896:1:55a73700-c891-46fd-8f5c-72bc827f2ef5:20160407213831.157:1896</Value>
          <Value>subClassOf:1896:1:55a73700-c891-46fd-8f5c-72bc827f2ef5:20160407213831.157:1896</Value>
          <Value>systemMayContain:1896:1:55a73700-c891-46fd-8f5c-72bc827f2ef5:20160407213831.157:1896</Value>
          <Value>uSNChanged:1896:1:55a73700-c891-46fd-8f5c-72bc827f2ef5:20160407213831.157:1896</Value>
          <Value>uSNCreated:1896:1:55a73700-c891-46fd-8f5c-72bc827f2ef5:20160407213831.157:1896</Value>
        </AttributeMetadata>
      </ClassSchemaEntry>
      <ClassSchemaEntry>
        <Name>aCSPolicy</Name>
        <AttributeMetadata>
          <Value>auxiliaryClass:1969:1:55a73700-c891-46fd-8f5c-72bc827f2ef5:20160407213831.287:1969</Value>
          <Value>cn:1969:1:55a73700-c891-46fd-8f5c-72bc827f2ef5:20160407213831.287:1969</Value>
          <Value>createTimeStamp:1969:1:55a73700-c891-46fd-8f5c-72bc827f2ef5:20160407213831.287:1969</Value>
          <Value>defaultObjectCategory:1969:1:55a73700-c891-46fd-8f5c-72bc827f2ef5:20160407213831.287:1969</Value>
          <Value>entryDN:1969:1:55a73700-c891-46fd-8f5c-72bc827f2ef5:20160407213831.287:1969</Value>
          <Value>governsID:1969:1:55a73700-c891-46fd-8f5c-72bc827f2ef5:20160407213831.287:1969</Value>
          <Value>modifyTimeStamp:1969:1:55a73700-c891-46fd-8f5c-72bc827f2ef5:20160407213831.287:1969</Value>
          <Value>objectClass:1969:1:55a73700-c891-46fd-8f5c-72bc827f2ef5:20160407213831.287:1969</Value>
          <Value>objectClassCategory:1969:1:55a73700-c891-46fd-8f5c-72bc827f2ef5:20160407213831.287:1969</Value>
          <Value>objectGUID:1969:1:55a73700-c891-46fd-8f5c-72bc827f2ef5:20160407213831.287:1969</Value>
          <Value>schemaIDGUID:1969:1:55a73700-c891-46fd-8f5c-72bc827f2ef5:20160407213831.287:1969</Value>
          <Value>subClassOf:1969:1:55a73700-c891-46fd-8f5c-72bc827f2ef5:20160407213831.287:1969</Value>
          <Value>systemMayContain:1969:1:55a73700-c891-46fd-8f5c-72bc827f2ef5:20160407213831.287:1969</Value>
          <Value>uSNChanged:1969:1:55a73700-c891-46fd-8f5c-72bc827f2ef5:20160407213831.287:1969</Value>
          <Value>uSNCreated:1969:1:55a73700-c891-46fd-8f5c-72bc827f2ef5:20160407213831.287:1969</Value>
        </AttributeMetadata>
      </ClassSchemaEntry>
      <ClassSchemaEntry>
        <Name>aCSResourceLimits</Name>
        <AttributeMetadata>
          <Value>auxiliaryClass:2039:1:55a73700-c891-46fd-8f5c-72bc827f2ef5:20160407213831.410:2039</Value>
          <Value>cn:2039:1:55a73700-c891-46fd-8f5c-72bc827f2ef5:20160407213831.410:2039</Value>
          <Value>createTimeStamp:2039:1:55a73700-c891-46fd-8f5c-72bc827f2ef5:20160407213831.410:2039</Value>
          <Value>defaultObjectCategory:2039:1:55a73700-c891-46fd-8f5c-72bc827f2ef5:20160407213831.410:2039</Value>
          <Value>entryDN:2039:1:55a73700-c891-46fd-8f5c-72bc827f2ef5:20160407213831.410:2039</Value>
          <Value>governsID:2039:1:55a73700-c891-46fd-8f5c-72bc827f2ef5:20160407213831.410:2039</Value>
          <Value>modifyTimeStamp:2039:1:55a73700-c891-46fd-8f5c-72bc827f2ef5:20160407213831.410:2039</Value>
          <Value>objectClass:2039:1:55a73700-c891-46fd-8f5c-72bc827f2ef5:20160407213831.410:2039</Value>
          <Value>objectClassCategory:2039:1:55a73700-c891-46fd-8f5c-72bc827f2ef5:20160407213831.410:2039</Value>
          <Value>objectGUID:2039:1:55a73700-c891-46fd-8f5c-72bc827f2ef5:20160407213831.410:2039</Value>
          <Value>schemaIDGUID:2039:1:55a73700-c891-46fd-8f5c-72bc827f2ef5:20160407213831.410:2039</Value>
          <Value>subClassOf:2039:1:55a73700-c891-46fd-8f5c-72bc827f2ef5:20160407213831.410:2039</Value>
          <Value>systemMayContain:2039:1:55a73700-c891-46fd-8f5c-72bc827f2ef5:20160407213831.410:2039</Value>
          <Value>uSNChanged:2039:1:55a73700-c891-46fd-8f5c-72bc827f2ef5:20160407213831.410:2039</Value>
          <Value>uSNCreated:2039:1:55a73700-c891-46fd-8f5c-72bc827f2ef5:20160407213831.410:2039</Value>
        </AttributeMetadata>
      </ClassSchemaEntry>
      <ClassSchemaEntry>
        <Name>aCSSubnet</Name>
        <AttributeMetadata>
          <Value>auxiliaryClass:1821:1:55a73700-c891-46fd-8f5c-72bc827f2ef5:20160407213831.035:1821</Value>
          <Value>cn:1821:1:55a73700-c891-46fd-8f5c-72bc827f2ef5:20160407213831.035:1821</Value>
          <Value>createTimeStamp:1821:1:55a73700-c891-46fd-8f5c-72bc827f2ef5:20160407213831.035:1821</Value>
          <Value>defaultObjectCategory:1821:1:55a73700-c891-46fd-8f5c-72bc827f2ef5:20160407213831.035:1821</Value>
          <Value>entryDN:1821:1:55a73700-c891-46fd-8f5c-72bc827f2ef5:20160407213831.035:1821</Value>
          <Value>governsID:1821:1:55a73700-c891-46fd-8f5c-72bc827f2ef5:20160407213831.035:1821</Value>
          <Value>modifyTimeStamp:1821:1:55a73700-c891-46fd-8f5c-72bc827f2ef5:20160407213831.035:1821</Value>
          <Value>objectClass:1821:1:55a73700-c891-46fd-8f5c-72bc827f2ef5:20160407213831.035:1821</Value>
          <Value>objectClassCategory:1821:1:55a73700-c891-46fd-8f5c-72bc827f2ef5:20160407213831.035:1821</Value>
          <Value>objectGUID:1821:1:55a73700-c891-46fd-8f5c-72bc827f2ef5:20160407213831.035:1821</Value>
          <Value>schemaIDGUID:1821:1:55a73700-c891-46fd-8f5c-72bc827f2ef5:20160407213831.035:1821</Value>
          <Value>subClassOf:1821:1:55a73700-c891-46fd-8f5c-72bc827f2ef5:20160407213831.035:1821</Value>
          <Value>systemMayContain:1821:1:55a73700-c891-46fd-8f5c-72bc827f2ef5:20160407213831.035:1821</Value>
          <Value>uSNChanged:1821:1:55a73700-c891-46fd-8f5c-72bc827f2ef5:20160407213831.035:1821</Value>
          <Value>uSNCreated:1821:1:55a73700-c891-46fd-8f5c-72bc827f2ef5:20160407213831.035:1821</Value>
        </AttributeMetadata>
      </ClassSchemaEntry>
      <ClassSchemaEntry>
        <Name>addressBookContainer</Name>
        <AttributeMetadata>
          <Value>auxiliaryClass:1812:1:55a73700-c891-46fd-8f5c-72bc827f2ef5:20160407213831.025:1812</Value>
          <Value>cn:1812:1:55a73700-c891-46fd-8f5c-72bc827f2ef5:20160407213831.025:1812</Value>
          <Value>createTimeStamp:1812:1:55a73700-c891-46fd-8f5c-72bc827f2ef5:20160407213831.025:1812</Value>
          <Value>defaultObjectCategory:1812:1:55a73700-c891-46fd-8f5c-72bc827f2ef5:20160407213831.025:1812</Value>
          <Value>entryDN:1812:1:55a73700-c891-46fd-8f5c-72bc827f2ef5:20160407213831.025:1812</Value>
          <Value>governsID:1812:1:55a73700-c891-46fd-8f5c-72bc827f2ef5:20160407213831.025:1812</Value>
          <Value>modifyTimeStamp:1812:1:55a73700-c891-46fd-8f5c-72bc827f2ef5:20160407213831.025:1812</Value>
          <Value>objectClass:1812:1:55a73700-c891-46fd-8f5c-72bc827f2ef5:20160407213831.025:1812</Value>
          <Value>objectClassCategory:1812:1:55a73700-c891-46fd-8f5c-72bc827f2ef5:20160407213831.025:1812</Value>
          <Value>objectGUID:1812:1:55a73700-c891-46fd-8f5c-72bc827f2ef5:20160407213831.025:1812</Value>
          <Value>schemaIDGUID:1812:1:55a73700-c891-46fd-8f5c-72bc827f2ef5:20160407213831.025:1812</Value>
          <Value>subClassOf:1812:1:55a73700-c891-46fd-8f5c-72bc827f2ef5:20160407213831.025:1812</Value>
          <Value>systemMayContain:1812:1:55a73700-c891-46fd-8f5c-72bc827f2ef5:20160407213831.025:1812</Value>
          <Value>systemMustContain:1812:1:55a73700-c891-46fd-8f5c-72bc827f2ef5:20160407213831.025:1812</Value>
          <Value>uSNChanged:1812:1:55a73700-c891-46fd-8f5c-72bc827f2ef5:20160407213831.025:1812</Value>
          <Value>uSNCreated:1812:1:55a73700-c891-46fd-8f5c-72bc827f2ef5:20160407213831.025:1812</Value>
        </AttributeMetadata>
      </ClassSchemaEntry>
      <ClassSchemaEntry>
        <Name>addressTemplate</Name>
        <AttributeMetadata>
          <Value>auxiliaryClass:2012:1:55a73700-c891-46fd-8f5c-72bc827f2ef5:20160407213831.360:2012</Value>
          <Value>cn:2012:1:55a73700-c891-46fd-8f5c-72bc827f2ef5:20160407213831.360:2012</Value>
          <Value>createTimeStamp:2012:1:55a73700-c891-46fd-8f5c-72bc827f2ef5:20160407213831.360:2012</Value>
          <Value>defaultObjectCategory:2012:1:55a73700-c891-46fd-8f5c-72bc827f2ef5:20160407213831.360:2012</Value>
          <Value>entryDN:2012:1:55a73700-c891-46fd-8f5c-72bc827f2ef5:20160407213831.360:2012</Value>
          <Value>governsID:2012:1:55a73700-c891-46fd-8f5c-72bc827f2ef5:20160407213831.360:2012</Value>
          <Value>modifyTimeStamp:2012:1:55a73700-c891-46fd-8f5c-72bc827f2ef5:20160407213831.360:2012</Value>
          <Value>objectClass:2012:1:55a73700-c891-46fd-8f5c-72bc827f2ef5:20160407213831.360:2012</Value>
          <Value>objectClassCategory:2012:1:55a73700-c891-46fd-8f5c-72bc827f2ef5:20160407213831.360:2012</Value>
          <Value>objectGUID:2012:1:55a73700-c891-46fd-8f5c-72bc827f2ef5:20160407213831.360:2012</Value>
          <Value>schemaIDGUID:2012:1:55a73700-c891-46fd-8f5c-72bc827f2ef5:20160407213831.360:2012</Value>
          <Value>subClassOf:2012:1:55a73700-c891-46fd-8f5c-72bc827f2ef5:20160407213831.360:2012</Value>
          <Value>systemMayContain:2012:1:55a73700-c891-46fd-8f5c-72bc827f2ef5:20160407213831.360:2012</Value>
          <Value>systemMustContain:2012:1:55a73700-c891-46fd-8f5c-72bc827f2ef5:20160407213831.360:2012</Value>
          <Value>uSNChanged:2012:1:55a73700-c891-46fd-8f5c-72bc827f2ef5:20160407213831.360:2012</Value>
          <Value>uSNCreated:2012:1:55a73700-c891-46fd-8f5c-72bc827f2ef5:20160407213831.360:2012</Value>
        </AttributeMetadata>
      </ClassSchemaEntry>
      <ClassSchemaEntry>
        <Name>alias</Name>
        <AttributeMetadata>
          <Value>cn:2055:1:55a73700-c891-46fd-8f5c-72bc827f2ef5:20160407213831.436:2055</Value>
          <Value>createTimeStamp:2055:1:55a73700-c891-46fd-8f5c-72bc827f2ef5:20160407213831.436:2055</Value>
          <Value>defaultObjectCategory:2055:1:55a73700-c891-46fd-8f5c-72bc827f2ef5:20160407213831.436:2055</Value>
          <Value>description:2055:1:55a73700-c891-46fd-8f5c-72bc827f2ef5:20160407213831.436:2055</Value>
          <Value>entryDN:2055:1:55a73700-c891-46fd-8f5c-72bc827f2ef5:20160407213831.436:2055</Value>
          <Value>governsID:2055:1:55a73700-c891-46fd-8f5c-72bc827f2ef5:20160407213831.436:2055</Value>
          <Value>modifyTimeStamp:2055:1:55a73700-c891-46fd-8f5c-72bc827f2ef5:20160407213831.436:2055</Value>
          <Value>objectClass:2055:1:55a73700-c891-46fd-8f5c-72bc827f2ef5:20160407213831.436:2055</Value>
          <Value>objectClassCategory:2055:1:55a73700-c891-46fd-8f5c-72bc827f2ef5:20160407213831.436:2055</Value>
          <Value>objectGUID:2055:1:55a73700-c891-46fd-8f5c-72bc827f2ef5:20160407213831.436:2055</Value>
          <Value>schemaIDGUID:2055:1:55a73700-c891-46fd-8f5c-72bc827f2ef5:20160407213831.436:2055</Value>
          <Value>subClassOf:2055:1:55a73700-c891-46fd-8f5c-72bc827f2ef5:20160407213831.436:2055</Value>
          <Value>systemMustContain:2055:1:55a73700-c891-46fd-8f5c-72bc827f2ef5:20160407213831.436:2055</Value>
          <Value>uSNChanged:2055:1:55a73700-c891-46fd-8f5c-72bc827f2ef5:20160407213831.436:2055</Value>
          <Value>uSNCreated:2055:1:55a73700-c891-46fd-8f5c-72bc827f2ef5:20160407213831.436:2055</Value>
        </AttributeMetadata>
      </ClassSchemaEntry>
      <ClassSchemaEntry>
        <Name>applicationEntity</Name>
        <AttributeMetadata>
          <Value>auxiliaryClass:1958:1:55a73700-c891-46fd-8f5c-72bc827f2ef5:20160407213831.268:1958</Value>
          <Value>cn:1958:1:55a73700-c891-46fd-8f5c-72bc827f2ef5:20160407213831.268:1958</Value>
          <Value>createTimeStamp:1958:1:55a73700-c891-46fd-8f5c-72bc827f2ef5:20160407213831.268:1958</Value>
          <Value>defaultObjectCategory:1958:1:55a73700-c891-46fd-8f5c-72bc827f2ef5:20160407213831.268:1958</Value>
          <Value>entryDN:1958:1:55a73700-c891-46fd-8f5c-72bc827f2ef5:20160407213831.268:1958</Value>
          <Value>governsID:1958:1:55a73700-c891-46fd-8f5c-72bc827f2ef5:20160407213831.268:1958</Value>
          <Value>modifyTimeStamp:1958:1:55a73700-c891-46fd-8f5c-72bc827f2ef5:20160407213831.268:1958</Value>
          <Value>objectClass:1958:1:55a73700-c891-46fd-8f5c-72bc827f2ef5:20160407213831.268:1958</Value>
          <Value>objectClassCategory:1958:1:55a73700-c891-46fd-8f5c-72bc827f2ef5:20160407213831.268:1958</Value>
          <Value>objectGUID:1958:1:55a73700-c891-46fd-8f5c-72bc827f2ef5:20160407213831.268:1958</Value>
          <Value>schemaIDGUID:1958:1:55a73700-c891-46fd-8f5c-72bc827f2ef5:20160407213831.268:1958</Value>
          <Value>subClassOf:1958:1:55a73700-c891-46fd-8f5c-72bc827f2ef5:20160407213831.268:1958</Value>
          <Value>systemMayContain:1958:1:55a73700-c891-46fd-8f5c-72bc827f2ef5:20160407213831.268:1958</Value>
          <Value>systemMustContain:1958:1:55a73700-c891-46fd-8f5c-72bc827f2ef5:20160407213831.268:1958</Value>
          <Value>uSNChanged:1958:1:55a73700-c891-46fd-8f5c-72bc827f2ef5:20160407213831.268:1958</Value>
          <Value>uSNCreated:1958:1:55a73700-c891-46fd-8f5c-72bc827f2ef5:20160407213831.268:1958</Value>
        </AttributeMetadata>
      </ClassSchemaEntry>
      <ClassSchemaEntry>
        <Name>applicationProcess</Name>
        <AttributeMetadata>
          <Value>auxiliaryClass:1794:1:55a73700-c891-46fd-8f5c-72bc827f2ef5:20160407213830.991:1794</Value>
          <Value>cn:1794:1:55a73700-c891-46fd-8f5c-72bc827f2ef5:20160407213830.991:1794</Value>
          <Value>createTimeStamp:1794:1:55a73700-c891-46fd-8f5c-72bc827f2ef5:20160407213830.991:1794</Value>
          <Value>defaultObjectCategory:1794:1:55a73700-c891-46fd-8f5c-72bc827f2ef5:20160407213830.991:1794</Value>
          <Value>entryDN:1794:1:55a73700-c891-46fd-8f5c-72bc827f2ef5:20160407213830.991:1794</Value>
          <Value>governsID:1794:1:55a73700-c891-46fd-8f5c-72bc827f2ef5:20160407213830.991:1794</Value>
          <Value>modifyTimeStamp:1794:1:55a73700-c891-46fd-8f5c-72bc827f2ef5:20160407213830.991:1794</Value>
          <Value>objectClass:1794:1:55a73700-c891-46fd-8f5c-72bc827f2ef5:20160407213830.991:1794</Value>
          <Value>objectClassCategory:1794:1:55a73700-c891-46fd-8f5c-72bc827f2ef5:20160407213830.991:1794</Value>
          <Value>objectGUID:1794:1:55a73700-c891-46fd-8f5c-72bc827f2ef5:20160407213830.991:1794</Value>
          <Value>schemaIDGUID:1794:1:55a73700-c891-46fd-8f5c-72bc827f2ef5:20160407213830.991:1794</Value>
          <Value>subClassOf:1794:1:55a73700-c891-46fd-8f5c-72bc827f2ef5:20160407213830.991:1794</Value>
          <Value>systemMayContain:1794:1:55a73700-c891-46fd-8f5c-72bc827f2ef5:20160407213830.991:1794</Value>
          <Value>systemMustContain:1794:1:55a73700-c891-46fd-8f5c-72bc827f2ef5:20160407213830.991:1794</Value>
          <Value>uSNChanged:1794:1:55a73700-c891-46fd-8f5c-72bc827f2ef5:20160407213830.991:1794</Value>
          <Value>uSNCreated:1794:1:55a73700-c891-46fd-8f5c-72bc827f2ef5:20160407213830.991:1794</Value>
        </AttributeMetadata>
      </ClassSchemaEntry>
      <ClassSchemaEntry>
        <Name>applicationSettings</Name>
        <AttributeMetadata>
          <Value>cn:2058:1:55a73700-c891-46fd-8f5c-72bc827f2ef5:20160407213831.441:2058</Value>
          <Value>createTimeStamp:2058:1:55a73700-c891-46fd-8f5c-72bc827f2ef5:20160407213831.441:2058</Value>
          <Value>defaultObjectCategory:2058:1:55a73700-c891-46fd-8f5c-72bc827f2ef5:20160407213831.441:2058</Value>
          <Value>entryDN:2058:1:55a73700-c891-46fd-8f5c-72bc827f2ef5:20160407213831.441:2058</Value>
          <Value>governsID:2058:1:55a73700-c891-46fd-8f5c-72bc827f2ef5:20160407213831.441:2058</Value>
          <Value>modifyTimeStamp:2058:1:55a73700-c891-46fd-8f5c-72bc827f2ef5:20160407213831.441:2058</Value>
          <Value>objectClass:2058:1:55a73700-c891-46fd-8f5c-72bc827f2ef5:20160407213831.441:2058</Value>
          <Value>objectClassCategory:2058:1:55a73700-c891-46fd-8f5c-72bc827f2ef5:20160407213831.441:2058</Value>
          <Value>objectGUID:2058:1:55a73700-c891-46fd-8f5c-72bc827f2ef5:20160407213831.441:2058</Value>
          <Value>schemaIDGUID:2058:1:55a73700-c891-46fd-8f5c-72bc827f2ef5:20160407213831.441:2058</Value>
          <Value>subClassOf:2058:1:55a73700-c891-46fd-8f5c-72bc827f2ef5:20160407213831.441:2058</Value>
          <Value>systemMayContain:2058:1:55a73700-c891-46fd-8f5c-72bc827f2ef5:20160407213831.441:2058</Value>
          <Value>uSNChanged:2058:1:55a73700-c891-46fd-8f5c-72bc827f2ef5:20160407213831.441:2058</Value>
          <Value>uSNCreated:2058:1:55a73700-c891-46fd-8f5c-72bc827f2ef5:20160407213831.441:2058</Value>
        </AttributeMetadata>
      </ClassSchemaEntry>
      <ClassSchemaEntry>
        <Name>applicationSiteSettings</Name>
        <AttributeMetadata>
          <Value>cn:1825:1:55a73700-c891-46fd-8f5c-72bc827f2ef5:20160407213831.040:1825</Value>
          <Value>createTimeStamp:1825:1:55a73700-c891-46fd-8f5c-72bc827f2ef5:20160407213831.040:1825</Value>
          <Value>defaultObjectCategory:1825:1:55a73700-c891-46fd-8f5c-72bc827f2ef5:20160407213831.040:1825</Value>
          <Value>entryDN:1825:1:55a73700-c891-46fd-8f5c-72bc827f2ef5:20160407213831.040:1825</Value>
          <Value>governsID:1825:1:55a73700-c891-46fd-8f5c-72bc827f2ef5:20160407213831.040:1825</Value>
          <Value>modifyTimeStamp:1825:1:55a73700-c891-46fd-8f5c-72bc827f2ef5:20160407213831.040:1825</Value>
          <Value>objectClass:1825:1:55a73700-c891-46fd-8f5c-72bc827f2ef5:20160407213831.040:1825</Value>
          <Value>objectClassCategory:1825:1:55a73700-c891-46fd-8f5c-72bc827f2ef5:20160407213831.040:1825</Value>
          <Value>objectGUID:1825:1:55a73700-c891-46fd-8f5c-72bc827f2ef5:20160407213831.040:1825</Value>
          <Value>schemaIDGUID:1825:1:55a73700-c891-46fd-8f5c-72bc827f2ef5:20160407213831.040:1825</Value>
          <Value>subClassOf:1825:1:55a73700-c891-46fd-8f5c-72bc827f2ef5:20160407213831.040:1825</Value>
          <Value>systemMayContain:1825:1:55a73700-c891-46fd-8f5c-72bc827f2ef5:20160407213831.040:1825</Value>
          <Value>uSNChanged:1825:1:55a73700-c891-46fd-8f5c-72bc827f2ef5:20160407213831.040:1825</Value>
          <Value>uSNCreated:1825:1:55a73700-c891-46fd-8f5c-72bc827f2ef5:20160407213831.040:1825</Value>
        </AttributeMetadata>
      </ClassSchemaEntry>
      <ClassSchemaEntry>
        <Name>applicationVersion</Name>
        <AttributeMetadata>
          <Value>auxiliaryClass:1972:1:55a73700-c891-46fd-8f5c-72bc827f2ef5:20160407213831.294:1972</Value>
          <Value>cn:1972:1:55a73700-c891-46fd-8f5c-72bc827f2ef5:20160407213831.294:1972</Value>
          <Value>createTimeStamp:1972:1:55a73700-c891-46fd-8f5c-72bc827f2ef5:20160407213831.294:1972</Value>
          <Value>defaultObjectCategory:1972:1:55a73700-c891-46fd-8f5c-72bc827f2ef5:20160407213831.294:1972</Value>
          <Value>entryDN:1972:1:55a73700-c891-46fd-8f5c-72bc827f2ef5:20160407213831.294:1972</Value>
          <Value>governsID:1972:1:55a73700-c891-46fd-8f5c-72bc827f2ef5:20160407213831.294:1972</Value>
          <Value>modifyTimeStamp:1972:1:55a73700-c891-46fd-8f5c-72bc827f2ef5:20160407213831.294:1972</Value>
          <Value>objectClass:1972:1:55a73700-c891-46fd-8f5c-72bc827f2ef5:20160407213831.294:1972</Value>
          <Value>objectClassCategory:1972:1:55a73700-c891-46fd-8f5c-72bc827f2ef5:20160407213831.294:1972</Value>
          <Value>objectGUID:1972:1:55a73700-c891-46fd-8f5c-72bc827f2ef5:20160407213831.294:1972</Value>
          <Value>schemaIDGUID:1972:1:55a73700-c891-46fd-8f5c-72bc827f2ef5:20160407213831.294:1972</Value>
          <Value>subClassOf:1972:1:55a73700-c891-46fd-8f5c-72bc827f2ef5:20160407213831.294:1972</Value>
          <Value>systemMayContain:1972:1:55a73700-c891-46fd-8f5c-72bc827f2ef5:20160407213831.294:1972</Value>
          <Value>uSNChanged:1972:1:55a73700-c891-46fd-8f5c-72bc827f2ef5:20160407213831.294:1972</Value>
          <Value>uSNCreated:1972:1:55a73700-c891-46fd-8f5c-72bc827f2ef5:20160407213831.294:1972</Value>
        </AttributeMetadata>
      </ClassSchemaEntry>
      <ClassSchemaEntry>
        <Name>attributeSchema</Name>
        <AttributeMetadata>
          <Value>auxiliaryClass:1827:1:55a73700-c891-46fd-8f5c-72bc827f2ef5:20160407213831.041:1827</Value>
          <Value>cn:1827:1:55a73700-c891-46fd-8f5c-72bc827f2ef5:20160407213831.041:1827</Value>
          <Value>createTimeStamp:1827:1:55a73700-c891-46fd-8f5c-72bc827f2ef5:20160407213831.041:1827</Value>
          <Value>defaultObjectCategory:1827:1:55a73700-c891-46fd-8f5c-72bc827f2ef5:20160407213831.041:1827</Value>
          <Value>entryDN:1827:1:55a73700-c891-46fd-8f5c-72bc827f2ef5:20160407213831.041:1827</Value>
          <Value>governsID:1827:1:55a73700-c891-46fd-8f5c-72bc827f2ef5:20160407213831.041:1827</Value>
          <Value>modifyTimeStamp:1827:1:55a73700-c891-46fd-8f5c-72bc827f2ef5:20160407213831.041:1827</Value>
          <Value>objectClass:1827:1:55a73700-c891-46fd-8f5c-72bc827f2ef5:20160407213831.041:1827</Value>
          <Value>objectClassCategory:1827:1:55a73700-c891-46fd-8f5c-72bc827f2ef5:20160407213831.041:1827</Value>
          <Value>objectGUID:1827:1:55a73700-c891-46fd-8f5c-72bc827f2ef5:20160407213831.041:1827</Value>
          <Value>schemaIDGUID:1827:1:55a73700-c891-46fd-8f5c-72bc827f2ef5:20160407213831.041:1827</Value>
          <Value>subClassOf:1827:1:55a73700-c891-46fd-8f5c-72bc827f2ef5:20160407213831.041:1827</Value>
          <Value>systemMayContain:1827:1:55a73700-c891-46fd-8f5c-72bc827f2ef5:20160407213831.041:1827</Value>
          <Value>systemMustContain:1827:1:55a73700-c891-46fd-8f5c-72bc827f2ef5:20160407213831.041:1827</Value>
          <Value>uSNChanged:1827:1:55a73700-c891-46fd-8f5c-72bc827f2ef5:20160407213831.041:1827</Value>
          <Value>uSNCreated:1827:1:55a73700-c891-46fd-8f5c-72bc827f2ef5:20160407213831.041:1827</Value>
        </AttributeMetadata>
      </ClassSchemaEntry>
      <ClassSchemaEntry>
        <Name>bootableDevice</Name>
        <AttributeMetadata>
          <Value>cn:2030:1:55a73700-c891-46fd-8f5c-72bc827f2ef5:20160407213831.390:2030</Value>
          <Value>createTimeStamp:2030:1:55a73700-c891-46fd-8f5c-72bc827f2ef5:20160407213831.390:2030</Value>
          <Value>defaultObjectCategory:2030:1:55a73700-c891-46fd-8f5c-72bc827f2ef5:20160407213831.390:2030</Value>
          <Value>entryDN:2030:1:55a73700-c891-46fd-8f5c-72bc827f2ef5:20160407213831.390:2030</Value>
          <Value>governsID:2030:1:55a73700-c891-46fd-8f5c-72bc827f2ef5:20160407213831.390:2030</Value>
          <Value>modifyTimeStamp:2030:1:55a73700-c891-46fd-8f5c-72bc827f2ef5:20160407213831.390:2030</Value>
          <Value>objectClass:2030:1:55a73700-c891-46fd-8f5c-72bc827f2ef5:20160407213831.390:2030</Value>
          <Value>objectClassCategory:2030:1:55a73700-c891-46fd-8f5c-72bc827f2ef5:20160407213831.390:2030</Value>
          <Value>objectGUID:2030:1:55a73700-c891-46fd-8f5c-72bc827f2ef5:20160407213831.390:2030</Value>
          <Value>schemaIDGUID:2030:1:55a73700-c891-46fd-8f5c-72bc827f2ef5:20160407213831.390:2030</Value>
          <Value>subClassOf:2030:1:55a73700-c891-46fd-8f5c-72bc827f2ef5:20160407213831.390:2030</Value>
          <Value>systemMayContain:2030:1:55a73700-c891-46fd-8f5c-72bc827f2ef5:20160407213831.390:2030</Value>
          <Value>uSNChanged:2030:1:55a73700-c891-46fd-8f5c-72bc827f2ef5:20160407213831.390:2030</Value>
          <Value>uSNCreated:2030:1:55a73700-c891-46fd-8f5c-72bc827f2ef5:20160407213831.390:2030</Value>
        </AttributeMetadata>
      </ClassSchemaEntry>
      <ClassSchemaEntry>
        <Name>builtinDomain</Name>
        <AttributeMetadata>
          <Value>auxiliaryClass:1797:1:55a73700-c891-46fd-8f5c-72bc827f2ef5:20160407213831.000:1797</Value>
          <Value>cn:1797:1:55a73700-c891-46fd-8f5c-72bc827f2ef5:20160407213831.000:1797</Value>
          <Value>createTimeStamp:1797:1:55a73700-c891-46fd-8f5c-72bc827f2ef5:20160407213831.000:1797</Value>
          <Value>defaultObjectCategory:1797:1:55a73700-c891-46fd-8f5c-72bc827f2ef5:20160407213831.000:1797</Value>
          <Value>entryDN:1797:1:55a73700-c891-46fd-8f5c-72bc827f2ef5:20160407213831.000:1797</Value>
          <Value>governsID:1797:1:55a73700-c891-46fd-8f5c-72bc827f2ef5:20160407213831.000:1797</Value>
          <Value>mayContain:1797:1:55a73700-c891-46fd-8f5c-72bc827f2ef5:20160407213831.000:1797</Value>
          <Value>modifyTimeStamp:1797:1:55a73700-c891-46fd-8f5c-72bc827f2ef5:20160407213831.000:1797</Value>
          <Value>objectClass:1797:1:55a73700-c891-46fd-8f5c-72bc827f2ef5:20160407213831.000:1797</Value>
          <Value>objectClassCategory:1797:1:55a73700-c891-46fd-8f5c-72bc827f2ef5:20160407213831.000:1797</Value>
          <Value>objectGUID:1797:1:55a73700-c891-46fd-8f5c-72bc827f2ef5:20160407213831.000:1797</Value>
          <Value>schemaIDGUID:1797:1:55a73700-c891-46fd-8f5c-72bc827f2ef5:20160407213831.000:1797</Value>
          <Value>subClassOf:1797:1:55a73700-c891-46fd-8f5c-72bc827f2ef5:20160407213831.000:1797</Value>
          <Value>uSNChanged:1797:1:55a73700-c891-46fd-8f5c-72bc827f2ef5:20160407213831.000:1797</Value>
          <Value>uSNCreated:1797:1:55a73700-c891-46fd-8f5c-72bc827f2ef5:20160407213831.000:1797</Value>
        </AttributeMetadata>
      </ClassSchemaEntry>
      <ClassSchemaEntry>
        <Name>categoryRegistration</Name>
        <AttributeMetadata>
          <Value>auxiliaryClass:1995:1:55a73700-c891-46fd-8f5c-72bc827f2ef5:20160407213831.331:1995</Value>
          <Value>cn:1995:1:55a73700-c891-46fd-8f5c-72bc827f2ef5:20160407213831.331:1995</Value>
          <Value>createTimeStamp:1995:1:55a73700-c891-46fd-8f5c-72bc827f2ef5:20160407213831.331:1995</Value>
          <Value>defaultObjectCategory:1995:1:55a73700-c891-46fd-8f5c-72bc827f2ef5:20160407213831.331:1995</Value>
          <Value>entryDN:1995:1:55a73700-c891-46fd-8f5c-72bc827f2ef5:20160407213831.331:1995</Value>
          <Value>governsID:1995:1:55a73700-c891-46fd-8f5c-72bc827f2ef5:20160407213831.331:1995</Value>
          <Value>modifyTimeStamp:1995:1:55a73700-c891-46fd-8f5c-72bc827f2ef5:20160407213831.331:1995</Value>
          <Value>objectClass:1995:1:55a73700-c891-46fd-8f5c-72bc827f2ef5:20160407213831.331:1995</Value>
          <Value>objectClassCategory:1995:1:55a73700-c891-46fd-8f5c-72bc827f2ef5:20160407213831.331:1995</Value>
          <Value>objectGUID:1995:1:55a73700-c891-46fd-8f5c-72bc827f2ef5:20160407213831.331:1995</Value>
          <Value>schemaIDGUID:1995:1:55a73700-c891-46fd-8f5c-72bc827f2ef5:20160407213831.331:1995</Value>
          <Value>subClassOf:1995:1:55a73700-c891-46fd-8f5c-72bc827f2ef5:20160407213831.331:1995</Value>
          <Value>systemMayContain:1995:1:55a73700-c891-46fd-8f5c-72bc827f2ef5:20160407213831.331:1995</Value>
          <Value>uSNChanged:1995:1:55a73700-c891-46fd-8f5c-72bc827f2ef5:20160407213831.331:1995</Value>
          <Value>uSNCreated:1995:1:55a73700-c891-46fd-8f5c-72bc827f2ef5:20160407213831.331:1995</Value>
        </AttributeMetadata>
      </ClassSchemaEntry>
      <ClassSchemaEntry>
        <Name>certificationAuthority</Name>
        <AttributeMetadata>
          <Value>auxiliaryClass:1798:1:55a73700-c891-46fd-8f5c-72bc827f2ef5:20160407213831.001:1798</Value>
          <Value>cn:1798:1:55a73700-c891-46fd-8f5c-72bc827f2ef5:20160407213831.001:1798</Value>
          <Value>createTimeStamp:1798:1:55a73700-c891-46fd-8f5c-72bc827f2ef5:20160407213831.001:1798</Value>
          <Value>defaultObjectCategory:1798:1:55a73700-c891-46fd-8f5c-72bc827f2ef5:20160407213831.001:1798</Value>
          <Value>entryDN:1798:1:55a73700-c891-46fd-8f5c-72bc827f2ef5:20160407213831.001:1798</Value>
          <Value>governsID:1798:1:55a73700-c891-46fd-8f5c-72bc827f2ef5:20160407213831.001:1798</Value>
          <Value>modifyTimeStamp:1798:1:55a73700-c891-46fd-8f5c-72bc827f2ef5:20160407213831.001:1798</Value>
          <Value>objectClass:1798:1:55a73700-c891-46fd-8f5c-72bc827f2ef5:20160407213831.001:1798</Value>
          <Value>objectClassCategory:1798:1:55a73700-c891-46fd-8f5c-72bc827f2ef5:20160407213831.001:1798</Value>
          <Value>objectGUID:1798:1:55a73700-c891-46fd-8f5c-72bc827f2ef5:20160407213831.001:1798</Value>
          <Value>schemaIDGUID:1798:1:55a73700-c891-46fd-8f5c-72bc827f2ef5:20160407213831.001:1798</Value>
          <Value>subClassOf:1798:1:55a73700-c891-46fd-8f5c-72bc827f2ef5:20160407213831.001:1798</Value>
          <Value>systemMayContain:1798:1:55a73700-c891-46fd-8f5c-72bc827f2ef5:20160407213831.001:1798</Value>
          <Value>systemMustContain:1798:1:55a73700-c891-46fd-8f5c-72bc827f2ef5:20160407213831.001:1798</Value>
          <Value>uSNChanged:1798:1:55a73700-c891-46fd-8f5c-72bc827f2ef5:20160407213831.001:1798</Value>
          <Value>uSNCreated:1798:1:55a73700-c891-46fd-8f5c-72bc827f2ef5:20160407213831.001:1798</Value>
        </AttributeMetadata>
      </ClassSchemaEntry>
      <ClassSchemaEntry>
        <Name>classRegistration</Name>
        <AttributeMetadata>
          <Value>auxiliaryClass:1855:1:55a73700-c891-46fd-8f5c-72bc827f2ef5:20160407213831.093:1855</Value>
          <Value>cn:1855:1:55a73700-c891-46fd-8f5c-72bc827f2ef5:20160407213831.093:1855</Value>
          <Value>createTimeStamp:1855:1:55a73700-c891-46fd-8f5c-72bc827f2ef5:20160407213831.093:1855</Value>
          <Value>defaultObjectCategory:1855:1:55a73700-c891-46fd-8f5c-72bc827f2ef5:20160407213831.093:1855</Value>
          <Value>entryDN:1855:1:55a73700-c891-46fd-8f5c-72bc827f2ef5:20160407213831.093:1855</Value>
          <Value>governsID:1855:1:55a73700-c891-46fd-8f5c-72bc827f2ef5:20160407213831.093:1855</Value>
          <Value>modifyTimeStamp:1855:1:55a73700-c891-46fd-8f5c-72bc827f2ef5:20160407213831.093:1855</Value>
          <Value>objectClass:1855:1:55a73700-c891-46fd-8f5c-72bc827f2ef5:20160407213831.093:1855</Value>
          <Value>objectClassCategory:1855:1:55a73700-c891-46fd-8f5c-72bc827f2ef5:20160407213831.093:1855</Value>
          <Value>objectGUID:1855:1:55a73700-c891-46fd-8f5c-72bc827f2ef5:20160407213831.093:1855</Value>
          <Value>schemaIDGUID:1855:1:55a73700-c891-46fd-8f5c-72bc827f2ef5:20160407213831.093:1855</Value>
          <Value>subClassOf:1855:1:55a73700-c891-46fd-8f5c-72bc827f2ef5:20160407213831.093:1855</Value>
          <Value>systemMayContain:1855:1:55a73700-c891-46fd-8f5c-72bc827f2ef5:20160407213831.093:1855</Value>
          <Value>uSNChanged:1855:1:55a73700-c891-46fd-8f5c-72bc827f2ef5:20160407213831.093:1855</Value>
          <Value>uSNCreated:1855:1:55a73700-c891-46fd-8f5c-72bc827f2ef5:20160407213831.093:1855</Value>
        </AttributeMetadata>
      </ClassSchemaEntry>
      <ClassSchemaEntry>
        <Name>classSchema</Name>
        <AttributeMetadata>
          <Value>auxiliaryClass:2023:1:55a73700-c891-46fd-8f5c-72bc827f2ef5:20160407213831.382:2023</Value>
          <Value>cn:2023:1:55a73700-c891-46fd-8f5c-72bc827f2ef5:20160407213831.382:2023</Value>
          <Value>createTimeStamp:2023:1:55a73700-c891-46fd-8f5c-72bc827f2ef5:20160407213831.382:2023</Value>
          <Value>defaultObjectCategory:2023:1:55a73700-c891-46fd-8f5c-72bc827f2ef5:20160407213831.382:2023</Value>
          <Value>entryDN:2023:1:55a73700-c891-46fd-8f5c-72bc827f2ef5:20160407213831.382:2023</Value>
          <Value>governsID:2023:1:55a73700-c891-46fd-8f5c-72bc827f2ef5:20160407213831.382:2023</Value>
          <Value>modifyTimeStamp:2023:1:55a73700-c891-46fd-8f5c-72bc827f2ef5:20160407213831.382:2023</Value>
          <Value>objectClass:2023:1:55a73700-c891-46fd-8f5c-72bc827f2ef5:20160407213831.382:2023</Value>
          <Value>objectClassCategory:2023:1:55a73700-c891-46fd-8f5c-72bc827f2ef5:20160407213831.382:2023</Value>
          <Value>objectGUID:2023:1:55a73700-c891-46fd-8f5c-72bc827f2ef5:20160407213831.382:2023</Value>
          <Value>schemaIDGUID:2023:1:55a73700-c891-46fd-8f5c-72bc827f2ef5:20160407213831.382:2023</Value>
          <Value>subClassOf:2023:1:55a73700-c891-46fd-8f5c-72bc827f2ef5:20160407213831.382:2023</Value>
          <Value>systemMayContain:2023:1:55a73700-c891-46fd-8f5c-72bc827f2ef5:20160407213831.382:2023</Value>
          <Value>systemMustContain:2023:1:55a73700-c891-46fd-8f5c-72bc827f2ef5:20160407213831.382:2023</Value>
          <Value>uSNChanged:2023:1:55a73700-c891-46fd-8f5c-72bc827f2ef5:20160407213831.382:2023</Value>
          <Value>uSNCreated:2023:1:55a73700-c891-46fd-8f5c-72bc827f2ef5:20160407213831.382:2023</Value>
        </AttributeMetadata>
      </ClassSchemaEntry>
      <ClassSchemaEntry>
        <Name>classStore</Name>
        <AttributeMetadata>
          <Value>auxiliaryClass:1892:1:55a73700-c891-46fd-8f5c-72bc827f2ef5:20160407213831.153:1892</Value>
          <Value>cn:1892:1:55a73700-c891-46fd-8f5c-72bc827f2ef5:20160407213831.153:1892</Value>
          <Value>createTimeStamp:1892:1:55a73700-c891-46fd-8f5c-72bc827f2ef5:20160407213831.153:1892</Value>
          <Value>defaultObjectCategory:1892:1:55a73700-c891-46fd-8f5c-72bc827f2ef5:20160407213831.153:1892</Value>
          <Value>entryDN:1892:1:55a73700-c891-46fd-8f5c-72bc827f2ef5:20160407213831.153:1892</Value>
          <Value>governsID:1892:1:55a73700-c891-46fd-8f5c-72bc827f2ef5:20160407213831.153:1892</Value>
          <Value>modifyTimeStamp:1892:1:55a73700-c891-46fd-8f5c-72bc827f2ef5:20160407213831.153:1892</Value>
          <Value>objectClass:1892:1:55a73700-c891-46fd-8f5c-72bc827f2ef5:20160407213831.153:1892</Value>
          <Value>objectClassCategory:1892:1:55a73700-c891-46fd-8f5c-72bc827f2ef5:20160407213831.153:1892</Value>
          <Value>objectGUID:1892:1:55a73700-c891-46fd-8f5c-72bc827f2ef5:20160407213831.153:1892</Value>
          <Value>schemaIDGUID:1892:1:55a73700-c891-46fd-8f5c-72bc827f2ef5:20160407213831.153:1892</Value>
          <Value>subClassOf:1892:1:55a73700-c891-46fd-8f5c-72bc827f2ef5:20160407213831.153:1892</Value>
          <Value>systemMayContain:1892:1:55a73700-c891-46fd-8f5c-72bc827f2ef5:20160407213831.153:1892</Value>
          <Value>uSNChanged:1892:1:55a73700-c891-46fd-8f5c-72bc827f2ef5:20160407213831.153:1892</Value>
          <Value>uSNCreated:1892:1:55a73700-c891-46fd-8f5c-72bc827f2ef5:20160407213831.153:1892</Value>
        </AttributeMetadata>
      </ClassSchemaEntry>
      <ClassSchemaEntry>
        <Name>comConnectionPoint</Name>
        <AttributeMetadata>
          <Value>auxiliaryClass:1918:1:55a73700-c891-46fd-8f5c-72bc827f2ef5:20160407213831.191:1918</Value>
          <Value>cn:1918:1:55a73700-c891-46fd-8f5c-72bc827f2ef5:20160407213831.191:1918</Value>
          <Value>createTimeStamp:1918:1:55a73700-c891-46fd-8f5c-72bc827f2ef5:20160407213831.191:1918</Value>
          <Value>defaultObjectCategory:1918:1:55a73700-c891-46fd-8f5c-72bc827f2ef5:20160407213831.191:1918</Value>
          <Value>entryDN:1918:1:55a73700-c891-46fd-8f5c-72bc827f2ef5:20160407213831.191:1918</Value>
          <Value>governsID:1918:1:55a73700-c891-46fd-8f5c-72bc827f2ef5:20160407213831.191:1918</Value>
          <Value>modifyTimeStamp:1918:1:55a73700-c891-46fd-8f5c-72bc827f2ef5:20160407213831.191:1918</Value>
          <Value>objectClass:1918:1:55a73700-c891-46fd-8f5c-72bc827f2ef5:20160407213831.191:1918</Value>
          <Value>objectClassCategory:1918:1:55a73700-c891-46fd-8f5c-72bc827f2ef5:20160407213831.191:1918</Value>
          <Value>objectGUID:1918:1:55a73700-c891-46fd-8f5c-72bc827f2ef5:20160407213831.191:1918</Value>
          <Value>schemaIDGUID:1918:1:55a73700-c891-46fd-8f5c-72bc827f2ef5:20160407213831.191:1918</Value>
          <Value>subClassOf:1918:1:55a73700-c891-46fd-8f5c-72bc827f2ef5:20160407213831.191:1918</Value>
          <Value>systemMayContain:1918:1:55a73700-c891-46fd-8f5c-72bc827f2ef5:20160407213831.191:1918</Value>
          <Value>systemMustContain:1918:1:55a73700-c891-46fd-8f5c-72bc827f2ef5:20160407213831.191:1918</Value>
          <Value>uSNChanged:1918:1:55a73700-c891-46fd-8f5c-72bc827f2ef5:20160407213831.191:1918</Value>
          <Value>uSNCreated:1918:1:55a73700-c891-46fd-8f5c-72bc827f2ef5:20160407213831.191:1918</Value>
        </AttributeMetadata>
      </ClassSchemaEntry>
      <ClassSchemaEntry>
        <Name>computer</Name>
        <AttributeMetadata>
          <Value>auxiliaryClass:1883:1:55a73700-c891-46fd-8f5c-72bc827f2ef5:20160407213831.138:1883</Value>
          <Value>cn:1883:1:55a73700-c891-46fd-8f5c-72bc827f2ef5:20160407213831.138:1883</Value>
          <Value>createTimeStamp:1883:1:55a73700-c891-46fd-8f5c-72bc827f2ef5:20160407213831.138:1883</Value>
          <Value>defaultObjectCategory:1883:1:55a73700-c891-46fd-8f5c-72bc827f2ef5:20160407213831.138:1883</Value>
          <Value>entryDN:1883:1:55a73700-c891-46fd-8f5c-72bc827f2ef5:20160407213831.138:1883</Value>
          <Value>governsID:1883:1:55a73700-c891-46fd-8f5c-72bc827f2ef5:20160407213831.138:1883</Value>
          <Value>mayContain:1883:1:55a73700-c891-46fd-8f5c-72bc827f2ef5:20160407213831.138:1883</Value>
          <Value>modifyTimeStamp:1883:1:55a73700-c891-46fd-8f5c-72bc827f2ef5:20160407213831.138:1883</Value>
          <Value>mustContain:1883:1:55a73700-c891-46fd-8f5c-72bc827f2ef5:20160407213831.138:1883</Value>
          <Value>objectClass:1883:1:55a73700-c891-46fd-8f5c-72bc827f2ef5:20160407213831.138:1883</Value>
          <Value>objectClassCategory:1883:1:55a73700-c891-46fd-8f5c-72bc827f2ef5:20160407213831.138:1883</Value>
          <Value>objectGUID:1883:1:55a73700-c891-46fd-8f5c-72bc827f2ef5:20160407213831.138:1883</Value>
          <Value>schemaIDGUID:1883:1:55a73700-c891-46fd-8f5c-72bc827f2ef5:20160407213831.138:1883</Value>
          <Value>subClassOf:1883:1:55a73700-c891-46fd-8f5c-72bc827f2ef5:20160407213831.138:1883</Value>
          <Value>systemMayContain:1883:1:55a73700-c891-46fd-8f5c-72bc827f2ef5:20160407213831.138:1883</Value>
          <Value>uSNChanged:1883:1:55a73700-c891-46fd-8f5c-72bc827f2ef5:20160407213831.138:1883</Value>
          <Value>uSNCreated:1883:1:55a73700-c891-46fd-8f5c-72bc827f2ef5:20160407213831.138:1883</Value>
        </AttributeMetadata>
      </ClassSchemaEntry>
      <ClassSchemaEntry>
        <Name>configuration</Name>
        <AttributeMetadata>
          <Value>auxiliaryClass:1858:1:55a73700-c891-46fd-8f5c-72bc827f2ef5:20160407213831.097:1858</Value>
          <Value>cn:1858:1:55a73700-c891-46fd-8f5c-72bc827f2ef5:20160407213831.097:1858</Value>
          <Value>createTimeStamp:1858:1:55a73700-c891-46fd-8f5c-72bc827f2ef5:20160407213831.097:1858</Value>
          <Value>defaultObjectCategory:1858:1:55a73700-c891-46fd-8f5c-72bc827f2ef5:20160407213831.097:1858</Value>
          <Value>entryDN:1858:1:55a73700-c891-46fd-8f5c-72bc827f2ef5:20160407213831.097:1858</Value>
          <Value>governsID:1858:1:55a73700-c891-46fd-8f5c-72bc827f2ef5:20160407213831.097:1858</Value>
          <Value>modifyTimeStamp:1858:1:55a73700-c891-46fd-8f5c-72bc827f2ef5:20160407213831.097:1858</Value>
          <Value>objectClass:1858:1:55a73700-c891-46fd-8f5c-72bc827f2ef5:20160407213831.097:1858</Value>
          <Value>objectClassCategory:1858:1:55a73700-c891-46fd-8f5c-72bc827f2ef5:20160407213831.097:1858</Value>
          <Value>objectGUID:1858:1:55a73700-c891-46fd-8f5c-72bc827f2ef5:20160407213831.097:1858</Value>
          <Value>schemaIDGUID:1858:1:55a73700-c891-46fd-8f5c-72bc827f2ef5:20160407213831.097:1858</Value>
          <Value>subClassOf:1858:1:55a73700-c891-46fd-8f5c-72bc827f2ef5:20160407213831.097:1858</Value>
          <Value>systemMayContain:1858:1:55a73700-c891-46fd-8f5c-72bc827f2ef5:20160407213831.097:1858</Value>
          <Value>systemMustContain:1858:1:55a73700-c891-46fd-8f5c-72bc827f2ef5:20160407213831.097:1858</Value>
          <Value>uSNChanged:1858:1:55a73700-c891-46fd-8f5c-72bc827f2ef5:20160407213831.097:1858</Value>
          <Value>uSNCreated:1858:1:55a73700-c891-46fd-8f5c-72bc827f2ef5:20160407213831.097:1858</Value>
        </AttributeMetadata>
      </ClassSchemaEntry>
      <ClassSchemaEntry>
        <Name>connectionPoint</Name>
        <AttributeMetadata>
          <Value>cn:1877:1:55a73700-c891-46fd-8f5c-72bc827f2ef5:20160407213831.126:1877</Value>
          <Value>createTimeStamp:1877:1:55a73700-c891-46fd-8f5c-72bc827f2ef5:20160407213831.126:1877</Value>
          <Value>defaultObjectCategory:1877:1:55a73700-c891-46fd-8f5c-72bc827f2ef5:20160407213831.126:1877</Value>
          <Value>entryDN:1877:1:55a73700-c891-46fd-8f5c-72bc827f2ef5:20160407213831.126:1877</Value>
          <Value>governsID:1877:1:55a73700-c891-46fd-8f5c-72bc827f2ef5:20160407213831.126:1877</Value>
          <Value>modifyTimeStamp:1877:1:55a73700-c891-46fd-8f5c-72bc827f2ef5:20160407213831.126:1877</Value>
          <Value>objectClass:1877:1:55a73700-c891-46fd-8f5c-72bc827f2ef5:20160407213831.126:1877</Value>
          <Value>objectClassCategory:1877:1:55a73700-c891-46fd-8f5c-72bc827f2ef5:20160407213831.126:1877</Value>
          <Value>objectGUID:1877:1:55a73700-c891-46fd-8f5c-72bc827f2ef5:20160407213831.126:1877</Value>
          <Value>schemaIDGUID:1877:1:55a73700-c891-46fd-8f5c-72bc827f2ef5:20160407213831.126:1877</Value>
          <Value>subClassOf:1877:1:55a73700-c891-46fd-8f5c-72bc827f2ef5:20160407213831.126:1877</Value>
          <Value>systemMayContain:1877:1:55a73700-c891-46fd-8f5c-72bc827f2ef5:20160407213831.126:1877</Value>
          <Value>systemMustContain:1877:1:55a73700-c891-46fd-8f5c-72bc827f2ef5:20160407213831.126:1877</Value>
          <Value>uSNChanged:1877:1:55a73700-c891-46fd-8f5c-72bc827f2ef5:20160407213831.126:1877</Value>
          <Value>uSNCreated:1877:1:55a73700-c891-46fd-8f5c-72bc827f2ef5:20160407213831.126:1877</Value>
        </AttributeMetadata>
      </ClassSchemaEntry>
      <ClassSchemaEntry>
        <Name>contact</Name>
        <AttributeMetadata>
          <Value>auxiliaryClass:1927:1:55a73700-c891-46fd-8f5c-72bc827f2ef5:20160407213831.213:1927</Value>
          <Value>cn:1927:1:55a73700-c891-46fd-8f5c-72bc827f2ef5:20160407213831.213:1927</Value>
          <Value>createTimeStamp:1927:1:55a73700-c891-46fd-8f5c-72bc827f2ef5:20160407213831.213:1927</Value>
          <Value>defaultObjectCategory:1927:1:55a73700-c891-46fd-8f5c-72bc827f2ef5:20160407213831.213:1927</Value>
          <Value>entryDN:1927:1:55a73700-c891-46fd-8f5c-72bc827f2ef5:20160407213831.213:1927</Value>
          <Value>governsID:1927:1:55a73700-c891-46fd-8f5c-72bc827f2ef5:20160407213831.213:1927</Value>
          <Value>mayContain:1927:1:55a73700-c891-46fd-8f5c-72bc827f2ef5:20160407213831.213:1927</Value>
          <Value>modifyTimeStamp:1927:1:55a73700-c891-46fd-8f5c-72bc827f2ef5:20160407213831.213:1927</Value>
          <Value>objectClass:1927:1:55a73700-c891-46fd-8f5c-72bc827f2ef5:20160407213831.213:1927</Value>
          <Value>objectClassCategory:1927:1:55a73700-c891-46fd-8f5c-72bc827f2ef5:20160407213831.213:1927</Value>
          <Value>objectGUID:1927:1:55a73700-c891-46fd-8f5c-72bc827f2ef5:20160407213831.213:1927</Value>
          <Value>schemaIDGUID:1927:1:55a73700-c891-46fd-8f5c-72bc827f2ef5:20160407213831.213:1927</Value>
          <Value>subClassOf:1927:1:55a73700-c891-46fd-8f5c-72bc827f2ef5:20160407213831.213:1927</Value>
          <Value>systemMayContain:1927:1:55a73700-c891-46fd-8f5c-72bc827f2ef5:20160407213831.213:1927</Value>
          <Value>systemMustContain:1927:1:55a73700-c891-46fd-8f5c-72bc827f2ef5:20160407213831.213:1927</Value>
          <Value>uSNChanged:1927:1:55a73700-c891-46fd-8f5c-72bc827f2ef5:20160407213831.213:1927</Value>
          <Value>uSNCreated:1927:1:55a73700-c891-46fd-8f5c-72bc827f2ef5:20160407213831.213:1927</Value>
        </AttributeMetadata>
      </ClassSchemaEntry>
      <ClassSchemaEntry>
        <Name>container</Name>
        <AttributeMetadata>
          <Value>auxiliaryClass:2005:1:55a73700-c891-46fd-8f5c-72bc827f2ef5:20160407213831.351:2005</Value>
          <Value>cn:2005:1:55a73700-c891-46fd-8f5c-72bc827f2ef5:20160407213831.351:2005</Value>
          <Value>createTimeStamp:2005:1:55a73700-c891-46fd-8f5c-72bc827f2ef5:20160407213831.351:2005</Value>
          <Value>defaultObjectCategory:2005:1:55a73700-c891-46fd-8f5c-72bc827f2ef5:20160407213831.351:2005</Value>
          <Value>entryDN:2005:1:55a73700-c891-46fd-8f5c-72bc827f2ef5:20160407213831.351:2005</Value>
          <Value>governsID:2005:1:55a73700-c891-46fd-8f5c-72bc827f2ef5:20160407213831.351:2005</Value>
          <Value>modifyTimeStamp:2005:1:55a73700-c891-46fd-8f5c-72bc827f2ef5:20160407213831.351:2005</Value>
          <Value>objectClass:2005:1:55a73700-c891-46fd-8f5c-72bc827f2ef5:20160407213831.351:2005</Value>
          <Value>objectClassCategory:2005:1:55a73700-c891-46fd-8f5c-72bc827f2ef5:20160407213831.351:2005</Value>
          <Value>objectGUID:2005:1:55a73700-c891-46fd-8f5c-72bc827f2ef5:20160407213831.351:2005</Value>
          <Value>schemaIDGUID:2005:1:55a73700-c891-46fd-8f5c-72bc827f2ef5:20160407213831.351:2005</Value>
          <Value>subClassOf:2005:1:55a73700-c891-46fd-8f5c-72bc827f2ef5:20160407213831.351:2005</Value>
          <Value>systemMayContain:2005:1:55a73700-c891-46fd-8f5c-72bc827f2ef5:20160407213831.351:2005</Value>
          <Value>systemMustContain:2005:1:55a73700-c891-46fd-8f5c-72bc827f2ef5:20160407213831.351:2005</Value>
          <Value>uSNChanged:2005:1:55a73700-c891-46fd-8f5c-72bc827f2ef5:20160407213831.351:2005</Value>
          <Value>uSNCreated:2005:1:55a73700-c891-46fd-8f5c-72bc827f2ef5:20160407213831.351:2005</Value>
        </AttributeMetadata>
      </ClassSchemaEntry>
      <ClassSchemaEntry>
        <Name>controlAccessRight</Name>
        <AttributeMetadata>
          <Value>auxiliaryClass:2027:1:55a73700-c891-46fd-8f5c-72bc827f2ef5:20160407213831.386:2027</Value>
          <Value>cn:2027:1:55a73700-c891-46fd-8f5c-72bc827f2ef5:20160407213831.386:2027</Value>
          <Value>createTimeStamp:2027:1:55a73700-c891-46fd-8f5c-72bc827f2ef5:20160407213831.386:2027</Value>
          <Value>defaultObjectCategory:2027:1:55a73700-c891-46fd-8f5c-72bc827f2ef5:20160407213831.386:2027</Value>
          <Value>entryDN:2027:1:55a73700-c891-46fd-8f5c-72bc827f2ef5:20160407213831.386:2027</Value>
          <Value>governsID:2027:1:55a73700-c891-46fd-8f5c-72bc827f2ef5:20160407213831.386:2027</Value>
          <Value>modifyTimeStamp:2027:1:55a73700-c891-46fd-8f5c-72bc827f2ef5:20160407213831.386:2027</Value>
          <Value>objectClass:2027:1:55a73700-c891-46fd-8f5c-72bc827f2ef5:20160407213831.386:2027</Value>
          <Value>objectClassCategory:2027:1:55a73700-c891-46fd-8f5c-72bc827f2ef5:20160407213831.386:2027</Value>
          <Value>objectGUID:2027:1:55a73700-c891-46fd-8f5c-72bc827f2ef5:20160407213831.386:2027</Value>
          <Value>schemaIDGUID:2027:1:55a73700-c891-46fd-8f5c-72bc827f2ef5:20160407213831.386:2027</Value>
          <Value>subClassOf:2027:1:55a73700-c891-46fd-8f5c-72bc827f2ef5:20160407213831.386:2027</Value>
          <Value>systemMayContain:2027:1:55a73700-c891-46fd-8f5c-72bc827f2ef5:20160407213831.386:2027</Value>
          <Value>uSNChanged:2027:1:55a73700-c891-46fd-8f5c-72bc827f2ef5:20160407213831.386:2027</Value>
          <Value>uSNCreated:2027:1:55a73700-c891-46fd-8f5c-72bc827f2ef5:20160407213831.386:2027</Value>
        </AttributeMetadata>
      </ClassSchemaEntry>
      <ClassSchemaEntry>
        <Name>country</Name>
        <AttributeMetadata>
          <Value>auxiliaryClass:2060:1:55a73700-c891-46fd-8f5c-72bc827f2ef5:20160407213831.444:2060</Value>
          <Value>cn:2060:1:55a73700-c891-46fd-8f5c-72bc827f2ef5:20160407213831.444:2060</Value>
          <Value>createTimeStamp:2060:1:55a73700-c891-46fd-8f5c-72bc827f2ef5:20160407213831.444:2060</Value>
          <Value>defaultObjectCategory:2060:1:55a73700-c891-46fd-8f5c-72bc827f2ef5:20160407213831.444:2060</Value>
          <Value>entryDN:2060:1:55a73700-c891-46fd-8f5c-72bc827f2ef5:20160407213831.444:2060</Value>
          <Value>governsID:2060:1:55a73700-c891-46fd-8f5c-72bc827f2ef5:20160407213831.444:2060</Value>
          <Value>modifyTimeStamp:2060:1:55a73700-c891-46fd-8f5c-72bc827f2ef5:20160407213831.444:2060</Value>
          <Value>objectClass:2060:1:55a73700-c891-46fd-8f5c-72bc827f2ef5:20160407213831.444:2060</Value>
          <Value>objectClassCategory:2060:1:55a73700-c891-46fd-8f5c-72bc827f2ef5:20160407213831.444:2060</Value>
          <Value>objectGUID:2060:1:55a73700-c891-46fd-8f5c-72bc827f2ef5:20160407213831.444:2060</Value>
          <Value>schemaIDGUID:2060:1:55a73700-c891-46fd-8f5c-72bc827f2ef5:20160407213831.444:2060</Value>
          <Value>subClassOf:2060:1:55a73700-c891-46fd-8f5c-72bc827f2ef5:20160407213831.444:2060</Value>
          <Value>systemMayContain:2060:1:55a73700-c891-46fd-8f5c-72bc827f2ef5:20160407213831.444:2060</Value>
          <Value>systemMustContain:2060:1:55a73700-c891-46fd-8f5c-72bc827f2ef5:20160407213831.444:2060</Value>
          <Value>uSNChanged:2060:1:55a73700-c891-46fd-8f5c-72bc827f2ef5:20160407213831.444:2060</Value>
          <Value>uSNCreated:2060:1:55a73700-c891-46fd-8f5c-72bc827f2ef5:20160407213831.444:2060</Value>
        </AttributeMetadata>
      </ClassSchemaEntry>
      <ClassSchemaEntry>
        <Name>cRLDistributionPoint</Name>
        <AttributeMetadata>
          <Value>auxiliaryClass:2054:1:55a73700-c891-46fd-8f5c-72bc827f2ef5:20160407213831.435:2054</Value>
          <Value>cn:2054:1:55a73700-c891-46fd-8f5c-72bc827f2ef5:20160407213831.435:2054</Value>
          <Value>createTimeStamp:2054:1:55a73700-c891-46fd-8f5c-72bc827f2ef5:20160407213831.435:2054</Value>
          <Value>defaultObjectCategory:2054:1:55a73700-c891-46fd-8f5c-72bc827f2ef5:20160407213831.435:2054</Value>
          <Value>entryDN:2054:1:55a73700-c891-46fd-8f5c-72bc827f2ef5:20160407213831.435:2054</Value>
          <Value>governsID:2054:1:55a73700-c891-46fd-8f5c-72bc827f2ef5:20160407213831.435:2054</Value>
          <Value>modifyTimeStamp:2054:1:55a73700-c891-46fd-8f5c-72bc827f2ef5:20160407213831.435:2054</Value>
          <Value>objectClass:2054:1:55a73700-c891-46fd-8f5c-72bc827f2ef5:20160407213831.435:2054</Value>
          <Value>objectClassCategory:2054:1:55a73700-c891-46fd-8f5c-72bc827f2ef5:20160407213831.435:2054</Value>
          <Value>objectGUID:2054:1:55a73700-c891-46fd-8f5c-72bc827f2ef5:20160407213831.435:2054</Value>
          <Value>schemaIDGUID:2054:1:55a73700-c891-46fd-8f5c-72bc827f2ef5:20160407213831.435:2054</Value>
          <Value>subClassOf:2054:1:55a73700-c891-46fd-8f5c-72bc827f2ef5:20160407213831.435:2054</Value>
          <Value>systemMayContain:2054:1:55a73700-c891-46fd-8f5c-72bc827f2ef5:20160407213831.435:2054</Value>
          <Value>systemMustContain:2054:1:55a73700-c891-46fd-8f5c-72bc827f2ef5:20160407213831.435:2054</Value>
          <Value>uSNChanged:2054:1:55a73700-c891-46fd-8f5c-72bc827f2ef5:20160407213831.435:2054</Value>
          <Value>uSNCreated:2054:1:55a73700-c891-46fd-8f5c-72bc827f2ef5:20160407213831.435:2054</Value>
        </AttributeMetadata>
      </ClassSchemaEntry>
      <ClassSchemaEntry>
        <Name>crossRef</Name>
        <AttributeMetadata>
          <Value>auxiliaryClass:1843:1:55a73700-c891-46fd-8f5c-72bc827f2ef5:20160407213831.069:1843</Value>
          <Value>cn:1843:1:55a73700-c891-46fd-8f5c-72bc827f2ef5:20160407213831.069:1843</Value>
          <Value>createTimeStamp:1843:1:55a73700-c891-46fd-8f5c-72bc827f2ef5:20160407213831.069:1843</Value>
          <Value>defaultObjectCategory:1843:1:55a73700-c891-46fd-8f5c-72bc827f2ef5:20160407213831.069:1843</Value>
          <Value>entryDN:1843:1:55a73700-c891-46fd-8f5c-72bc827f2ef5:20160407213831.069:1843</Value>
          <Value>governsID:1843:1:55a73700-c891-46fd-8f5c-72bc827f2ef5:20160407213831.069:1843</Value>
          <Value>modifyTimeStamp:1843:1:55a73700-c891-46fd-8f5c-72bc827f2ef5:20160407213831.069:1843</Value>
          <Value>objectClass:1843:1:55a73700-c891-46fd-8f5c-72bc827f2ef5:20160407213831.069:1843</Value>
          <Value>objectClassCategory:1843:1:55a73700-c891-46fd-8f5c-72bc827f2ef5:20160407213831.069:1843</Value>
          <Value>objectGUID:1843:1:55a73700-c891-46fd-8f5c-72bc827f2ef5:20160407213831.069:1843</Value>
          <Value>schemaIDGUID:1843:1:55a73700-c891-46fd-8f5c-72bc827f2ef5:20160407213831.069:1843</Value>
          <Value>subClassOf:1843:1:55a73700-c891-46fd-8f5c-72bc827f2ef5:20160407213831.069:1843</Value>
          <Value>systemMayContain:1843:1:55a73700-c891-46fd-8f5c-72bc827f2ef5:20160407213831.069:1843</Value>
          <Value>systemMustContain:1843:1:55a73700-c891-46fd-8f5c-72bc827f2ef5:20160407213831.069:1843</Value>
          <Value>uSNChanged:1843:1:55a73700-c891-46fd-8f5c-72bc827f2ef5:20160407213831.069:1843</Value>
          <Value>uSNCreated:1843:1:55a73700-c891-46fd-8f5c-72bc827f2ef5:20160407213831.069:1843</Value>
        </AttributeMetadata>
      </ClassSchemaEntry>
      <ClassSchemaEntry>
        <Name>crossRefContainer</Name>
        <AttributeMetadata>
          <Value>auxiliaryClass:1839:1:55a73700-c891-46fd-8f5c-72bc827f2ef5:20160407213831.065:1839</Value>
          <Value>cn:1839:1:55a73700-c891-46fd-8f5c-72bc827f2ef5:20160407213831.065:1839</Value>
          <Value>createTimeStamp:1839:1:55a73700-c891-46fd-8f5c-72bc827f2ef5:20160407213831.065:1839</Value>
          <Value>defaultObjectCategory:1839:1:55a73700-c891-46fd-8f5c-72bc827f2ef5:20160407213831.065:1839</Value>
          <Value>entryDN:1839:1:55a73700-c891-46fd-8f5c-72bc827f2ef5:20160407213831.065:1839</Value>
          <Value>governsID:1839:1:55a73700-c891-46fd-8f5c-72bc827f2ef5:20160407213831.065:1839</Value>
          <Value>modifyTimeStamp:1839:1:55a73700-c891-46fd-8f5c-72bc827f2ef5:20160407213831.065:1839</Value>
          <Value>objectClass:1839:1:55a73700-c891-46fd-8f5c-72bc827f2ef5:20160407213831.065:1839</Value>
          <Value>objectClassCategory:1839:1:55a73700-c891-46fd-8f5c-72bc827f2ef5:20160407213831.065:1839</Value>
          <Value>objectGUID:1839:1:55a73700-c891-46fd-8f5c-72bc827f2ef5:20160407213831.065:1839</Value>
          <Value>schemaIDGUID:1839:1:55a73700-c891-46fd-8f5c-72bc827f2ef5:20160407213831.065:1839</Value>
          <Value>subClassOf:1839:1:55a73700-c891-46fd-8f5c-72bc827f2ef5:20160407213831.065:1839</Value>
          <Value>systemMayContain:1839:1:55a73700-c891-46fd-8f5c-72bc827f2ef5:20160407213831.065:1839</Value>
          <Value>uSNChanged:1839:1:55a73700-c891-46fd-8f5c-72bc827f2ef5:20160407213831.065:1839</Value>
          <Value>uSNCreated:1839:1:55a73700-c891-46fd-8f5c-72bc827f2ef5:20160407213831.065:1839</Value>
        </AttributeMetadata>
      </ClassSchemaEntry>
      <ClassSchemaEntry>
        <Name>dcObject</Name>
        <AttributeMetadata>
          <Value>cn:1863:1:55a73700-c891-46fd-8f5c-72bc827f2ef5:20160407213831.102:1863</Value>
          <Value>createTimeStamp:1863:1:55a73700-c891-46fd-8f5c-72bc827f2ef5:20160407213831.102:1863</Value>
          <Value>defaultObjectCategory:1863:1:55a73700-c891-46fd-8f5c-72bc827f2ef5:20160407213831.102:1863</Value>
          <Value>description:1863:1:55a73700-c891-46fd-8f5c-72bc827f2ef5:20160407213831.102:1863</Value>
          <Value>entryDN:1863:1:55a73700-c891-46fd-8f5c-72bc827f2ef5:20160407213831.102:1863</Value>
          <Value>governsID:1863:1:55a73700-c891-46fd-8f5c-72bc827f2ef5:20160407213831.102:1863</Value>
          <Value>modifyTimeStamp:1863:1:55a73700-c891-46fd-8f5c-72bc827f2ef5:20160407213831.102:1863</Value>
          <Value>objectClass:1863:1:55a73700-c891-46fd-8f5c-72bc827f2ef5:20160407213831.102:1863</Value>
          <Value>objectClassCategory:1863:1:55a73700-c891-46fd-8f5c-72bc827f2ef5:20160407213831.102:1863</Value>
          <Value>objectGUID:1863:1:55a73700-c891-46fd-8f5c-72bc827f2ef5:20160407213831.102:1863</Value>
          <Value>schemaIDGUID:1863:1:55a73700-c891-46fd-8f5c-72bc827f2ef5:20160407213831.102:1863</Value>
          <Value>subClassOf:1863:1:55a73700-c891-46fd-8f5c-72bc827f2ef5:20160407213831.102:1863</Value>
          <Value>systemMayContain:1863:1:55a73700-c891-46fd-8f5c-72bc827f2ef5:20160407213831.102:1863</Value>
          <Value>systemMustContain:1863:1:55a73700-c891-46fd-8f5c-72bc827f2ef5:20160407213831.102:1863</Value>
          <Value>uSNChanged:1863:1:55a73700-c891-46fd-8f5c-72bc827f2ef5:20160407213831.102:1863</Value>
          <Value>uSNCreated:1863:1:55a73700-c891-46fd-8f5c-72bc827f2ef5:20160407213831.102:1863</Value>
        </AttributeMetadata>
      </ClassSchemaEntry>
      <ClassSchemaEntry>
        <Name>deltaCRL</Name>
        <AttributeMetadata>
          <Value>cn:2031:1:55a73700-c891-46fd-8f5c-72bc827f2ef5:20160407213831.391:2031</Value>
          <Value>createTimeStamp:2031:1:55a73700-c891-46fd-8f5c-72bc827f2ef5:20160407213831.391:2031</Value>
          <Value>defaultObjectCategory:2031:1:55a73700-c891-46fd-8f5c-72bc827f2ef5:20160407213831.391:2031</Value>
          <Value>description:2031:1:55a73700-c891-46fd-8f5c-72bc827f2ef5:20160407213831.391:2031</Value>
          <Value>entryDN:2031:1:55a73700-c891-46fd-8f5c-72bc827f2ef5:20160407213831.391:2031</Value>
          <Value>governsID:2031:1:55a73700-c891-46fd-8f5c-72bc827f2ef5:20160407213831.391:2031</Value>
          <Value>modifyTimeStamp:2031:1:55a73700-c891-46fd-8f5c-72bc827f2ef5:20160407213831.391:2031</Value>
          <Value>objectClass:2031:1:55a73700-c891-46fd-8f5c-72bc827f2ef5:20160407213831.391:2031</Value>
          <Value>objectClassCategory:2031:1:55a73700-c891-46fd-8f5c-72bc827f2ef5:20160407213831.391:2031</Value>
          <Value>objectGUID:2031:1:55a73700-c891-46fd-8f5c-72bc827f2ef5:20160407213831.391:2031</Value>
          <Value>schemaIDGUID:2031:1:55a73700-c891-46fd-8f5c-72bc827f2ef5:20160407213831.391:2031</Value>
          <Value>subClassOf:2031:1:55a73700-c891-46fd-8f5c-72bc827f2ef5:20160407213831.391:2031</Value>
          <Value>systemMayContain:2031:1:55a73700-c891-46fd-8f5c-72bc827f2ef5:20160407213831.391:2031</Value>
          <Value>uSNChanged:2031:1:55a73700-c891-46fd-8f5c-72bc827f2ef5:20160407213831.391:2031</Value>
          <Value>uSNCreated:2031:1:55a73700-c891-46fd-8f5c-72bc827f2ef5:20160407213831.391:2031</Value>
        </AttributeMetadata>
      </ClassSchemaEntry>
      <ClassSchemaEntry>
        <Name>device</Name>
        <AttributeMetadata>
          <Value>auxiliaryClass:1787:1:55a73700-c891-46fd-8f5c-72bc827f2ef5:20160407213830.978:1787</Value>
          <Value>cn:1787:1:55a73700-c891-46fd-8f5c-72bc827f2ef5:20160407213830.978:1787</Value>
          <Value>createTimeStamp:1787:1:55a73700-c891-46fd-8f5c-72bc827f2ef5:20160407213830.978:1787</Value>
          <Value>defaultObjectCategory:1787:1:55a73700-c891-46fd-8f5c-72bc827f2ef5:20160407213830.978:1787</Value>
          <Value>entryDN:1787:1:55a73700-c891-46fd-8f5c-72bc827f2ef5:20160407213830.978:1787</Value>
          <Value>governsID:1787:1:55a73700-c891-46fd-8f5c-72bc827f2ef5:20160407213830.978:1787</Value>
          <Value>mayContain:1787:1:55a73700-c891-46fd-8f5c-72bc827f2ef5:20160407213830.978:1787</Value>
          <Value>modifyTimeStamp:1787:1:55a73700-c891-46fd-8f5c-72bc827f2ef5:20160407213830.978:1787</Value>
          <Value>objectClass:1787:1:55a73700-c891-46fd-8f5c-72bc827f2ef5:20160407213830.978:1787</Value>
          <Value>objectClassCategory:1787:1:55a73700-c891-46fd-8f5c-72bc827f2ef5:20160407213830.978:1787</Value>
          <Value>objectGUID:1787:1:55a73700-c891-46fd-8f5c-72bc827f2ef5:20160407213830.978:1787</Value>
          <Value>schemaIDGUID:1787:1:55a73700-c891-46fd-8f5c-72bc827f2ef5:20160407213830.978:1787</Value>
          <Value>subClassOf:1787:1:55a73700-c891-46fd-8f5c-72bc827f2ef5:20160407213830.978:1787</Value>
          <Value>systemMayContain:1787:1:55a73700-c891-46fd-8f5c-72bc827f2ef5:20160407213830.978:1787</Value>
          <Value>systemMustContain:1787:1:55a73700-c891-46fd-8f5c-72bc827f2ef5:20160407213830.978:1787</Value>
          <Value>uSNChanged:1787:1:55a73700-c891-46fd-8f5c-72bc827f2ef5:20160407213830.978:1787</Value>
          <Value>uSNCreated:1787:1:55a73700-c891-46fd-8f5c-72bc827f2ef5:20160407213830.978:1787</Value>
        </AttributeMetadata>
      </ClassSchemaEntry>
      <ClassSchemaEntry>
        <Name>dfsConfiguration</Name>
        <AttributeMetadata>
          <Value>auxiliaryClass:1971:1:55a73700-c891-46fd-8f5c-72bc827f2ef5:20160407213831.292:1971</Value>
          <Value>cn:1971:1:55a73700-c891-46fd-8f5c-72bc827f2ef5:20160407213831.292:1971</Value>
          <Value>createTimeStamp:1971:1:55a73700-c891-46fd-8f5c-72bc827f2ef5:20160407213831.292:1971</Value>
          <Value>defaultObjectCategory:1971:1:55a73700-c891-46fd-8f5c-72bc827f2ef5:20160407213831.292:1971</Value>
          <Value>entryDN:1971:1:55a73700-c891-46fd-8f5c-72bc827f2ef5:20160407213831.292:1971</Value>
          <Value>governsID:1971:1:55a73700-c891-46fd-8f5c-72bc827f2ef5:20160407213831.292:1971</Value>
          <Value>modifyTimeStamp:1971:1:55a73700-c891-46fd-8f5c-72bc827f2ef5:20160407213831.292:1971</Value>
          <Value>objectClass:1971:1:55a73700-c891-46fd-8f5c-72bc827f2ef5:20160407213831.292:1971</Value>
          <Value>objectClassCategory:1971:1:55a73700-c891-46fd-8f5c-72bc827f2ef5:20160407213831.292:1971</Value>
          <Value>objectGUID:1971:1:55a73700-c891-46fd-8f5c-72bc827f2ef5:20160407213831.292:1971</Value>
          <Value>schemaIDGUID:1971:1:55a73700-c891-46fd-8f5c-72bc827f2ef5:20160407213831.292:1971</Value>
          <Value>subClassOf:1971:1:55a73700-c891-46fd-8f5c-72bc827f2ef5:20160407213831.292:1971</Value>
          <Value>uSNChanged:1971:1:55a73700-c891-46fd-8f5c-72bc827f2ef5:20160407213831.292:1971</Value>
          <Value>uSNCreated:1971:1:55a73700-c891-46fd-8f5c-72bc827f2ef5:20160407213831.292:1971</Value>
        </AttributeMetadata>
      </ClassSchemaEntry>
      <ClassSchemaEntry>
        <Name>dHCPClass</Name>
        <AttributeMetadata>
          <Value>auxiliaryClass:1813:1:55a73700-c891-46fd-8f5c-72bc827f2ef5:20160407213831.026:1813</Value>
          <Value>cn:1813:1:55a73700-c891-46fd-8f5c-72bc827f2ef5:20160407213831.026:1813</Value>
          <Value>createTimeStamp:1813:1:55a73700-c891-46fd-8f5c-72bc827f2ef5:20160407213831.026:1813</Value>
          <Value>defaultObjectCategory:1813:1:55a73700-c891-46fd-8f5c-72bc827f2ef5:20160407213831.026:1813</Value>
          <Value>entryDN:1813:1:55a73700-c891-46fd-8f5c-72bc827f2ef5:20160407213831.026:1813</Value>
          <Value>governsID:1813:1:55a73700-c891-46fd-8f5c-72bc827f2ef5:20160407213831.026:1813</Value>
          <Value>modifyTimeStamp:1813:1:55a73700-c891-46fd-8f5c-72bc827f2ef5:20160407213831.026:1813</Value>
          <Value>objectClass:1813:1:55a73700-c891-46fd-8f5c-72bc827f2ef5:20160407213831.026:1813</Value>
          <Value>objectClassCategory:1813:1:55a73700-c891-46fd-8f5c-72bc827f2ef5:20160407213831.026:1813</Value>
          <Value>objectGUID:1813:1:55a73700-c891-46fd-8f5c-72bc827f2ef5:20160407213831.026:1813</Value>
          <Value>schemaIDGUID:1813:1:55a73700-c891-46fd-8f5c-72bc827f2ef5:20160407213831.026:1813</Value>
          <Value>subClassOf:1813:1:55a73700-c891-46fd-8f5c-72bc827f2ef5:20160407213831.026:1813</Value>
          <Value>systemMayContain:1813:1:55a73700-c891-46fd-8f5c-72bc827f2ef5:20160407213831.026:1813</Value>
          <Value>systemMustContain:1813:1:55a73700-c891-46fd-8f5c-72bc827f2ef5:20160407213831.026:1813</Value>
          <Value>uSNChanged:1813:1:55a73700-c891-46fd-8f5c-72bc827f2ef5:20160407213831.026:1813</Value>
          <Value>uSNCreated:1813:1:55a73700-c891-46fd-8f5c-72bc827f2ef5:20160407213831.026:1813</Value>
        </AttributeMetadata>
      </ClassSchemaEntry>
      <ClassSchemaEntry>
        <Name>displaySpecifier</Name>
        <AttributeMetadata>
          <Value>auxiliaryClass:1807:1:55a73700-c891-46fd-8f5c-72bc827f2ef5:20160407213831.011:1807</Value>
          <Value>cn:1807:1:55a73700-c891-46fd-8f5c-72bc827f2ef5:20160407213831.011:1807</Value>
          <Value>createTimeStamp:1807:1:55a73700-c891-46fd-8f5c-72bc827f2ef5:20160407213831.011:1807</Value>
          <Value>defaultObjectCategory:1807:1:55a73700-c891-46fd-8f5c-72bc827f2ef5:20160407213831.011:1807</Value>
          <Value>entryDN:1807:1:55a73700-c891-46fd-8f5c-72bc827f2ef5:20160407213831.011:1807</Value>
          <Value>governsID:1807:1:55a73700-c891-46fd-8f5c-72bc827f2ef5:20160407213831.011:1807</Value>
          <Value>modifyTimeStamp:1807:1:55a73700-c891-46fd-8f5c-72bc827f2ef5:20160407213831.011:1807</Value>
          <Value>objectClass:1807:1:55a73700-c891-46fd-8f5c-72bc827f2ef5:20160407213831.011:1807</Value>
          <Value>objectClassCategory:1807:1:55a73700-c891-46fd-8f5c-72bc827f2ef5:20160407213831.011:1807</Value>
          <Value>objectGUID:1807:1:55a73700-c891-46fd-8f5c-72bc827f2ef5:20160407213831.011:1807</Value>
          <Value>schemaIDGUID:1807:1:55a73700-c891-46fd-8f5c-72bc827f2ef5:20160407213831.011:1807</Value>
          <Value>subClassOf:1807:1:55a73700-c891-46fd-8f5c-72bc827f2ef5:20160407213831.011:1807</Value>
          <Value>systemMayContain:1807:1:55a73700-c891-46fd-8f5c-72bc827f2ef5:20160407213831.011:1807</Value>
          <Value>uSNChanged:1807:1:55a73700-c891-46fd-8f5c-72bc827f2ef5:20160407213831.011:1807</Value>
          <Value>uSNCreated:1807:1:55a73700-c891-46fd-8f5c-72bc827f2ef5:20160407213831.011:1807</Value>
        </AttributeMetadata>
      </ClassSchemaEntry>
      <ClassSchemaEntry>
        <Name>displayTemplate</Name>
        <AttributeMetadata>
          <Value>auxiliaryClass:2042:1:55a73700-c891-46fd-8f5c-72bc827f2ef5:20160407213831.414:2042</Value>
          <Value>cn:2042:1:55a73700-c891-46fd-8f5c-72bc827f2ef5:20160407213831.414:2042</Value>
          <Value>createTimeStamp:2042:1:55a73700-c891-46fd-8f5c-72bc827f2ef5:20160407213831.414:2042</Value>
          <Value>defaultObjectCategory:2042:1:55a73700-c891-46fd-8f5c-72bc827f2ef5:20160407213831.414:2042</Value>
          <Value>entryDN:2042:1:55a73700-c891-46fd-8f5c-72bc827f2ef5:20160407213831.414:2042</Value>
          <Value>governsID:2042:1:55a73700-c891-46fd-8f5c-72bc827f2ef5:20160407213831.414:2042</Value>
          <Value>modifyTimeStamp:2042:1:55a73700-c891-46fd-8f5c-72bc827f2ef5:20160407213831.414:2042</Value>
          <Value>objectClass:2042:1:55a73700-c891-46fd-8f5c-72bc827f2ef5:20160407213831.414:2042</Value>
          <Value>objectClassCategory:2042:1:55a73700-c891-46fd-8f5c-72bc827f2ef5:20160407213831.414:2042</Value>
          <Value>objectGUID:2042:1:55a73700-c891-46fd-8f5c-72bc827f2ef5:20160407213831.414:2042</Value>
          <Value>schemaIDGUID:2042:1:55a73700-c891-46fd-8f5c-72bc827f2ef5:20160407213831.414:2042</Value>
          <Value>subClassOf:2042:1:55a73700-c891-46fd-8f5c-72bc827f2ef5:20160407213831.414:2042</Value>
          <Value>systemMayContain:2042:1:55a73700-c891-46fd-8f5c-72bc827f2ef5:20160407213831.414:2042</Value>
          <Value>systemMustContain:2042:1:55a73700-c891-46fd-8f5c-72bc827f2ef5:20160407213831.414:2042</Value>
          <Value>uSNChanged:2042:1:55a73700-c891-46fd-8f5c-72bc827f2ef5:20160407213831.414:2042</Value>
          <Value>uSNCreated:2042:1:55a73700-c891-46fd-8f5c-72bc827f2ef5:20160407213831.414:2042</Value>
        </AttributeMetadata>
      </ClassSchemaEntry>
      <ClassSchemaEntry>
        <Name>dMD</Name>
        <AttributeMetadata>
          <Value>auxiliaryClass:1943:1:55a73700-c891-46fd-8f5c-72bc827f2ef5:20160407213831.242:1943</Value>
          <Value>cn:1943:1:55a73700-c891-46fd-8f5c-72bc827f2ef5:20160407213831.242:1943</Value>
          <Value>createTimeStamp:1943:1:55a73700-c891-46fd-8f5c-72bc827f2ef5:20160407213831.242:1943</Value>
          <Value>defaultObjectCategory:1943:1:55a73700-c891-46fd-8f5c-72bc827f2ef5:20160407213831.242:1943</Value>
          <Value>entryDN:1943:1:55a73700-c891-46fd-8f5c-72bc827f2ef5:20160407213831.242:1943</Value>
          <Value>governsID:1943:1:55a73700-c891-46fd-8f5c-72bc827f2ef5:20160407213831.242:1943</Value>
          <Value>modifyTimeStamp:1943:1:55a73700-c891-46fd-8f5c-72bc827f2ef5:20160407213831.242:1943</Value>
          <Value>objectClass:1943:1:55a73700-c891-46fd-8f5c-72bc827f2ef5:20160407213831.242:1943</Value>
          <Value>objectClassCategory:1943:1:55a73700-c891-46fd-8f5c-72bc827f2ef5:20160407213831.242:1943</Value>
          <Value>objectGUID:1943:1:55a73700-c891-46fd-8f5c-72bc827f2ef5:20160407213831.242:1943</Value>
          <Value>schemaIDGUID:1943:1:55a73700-c891-46fd-8f5c-72bc827f2ef5:20160407213831.242:1943</Value>
          <Value>subClassOf:1943:1:55a73700-c891-46fd-8f5c-72bc827f2ef5:20160407213831.242:1943</Value>
          <Value>systemMayContain:1943:1:55a73700-c891-46fd-8f5c-72bc827f2ef5:20160407213831.242:1943</Value>
          <Value>systemMustContain:1943:1:55a73700-c891-46fd-8f5c-72bc827f2ef5:20160407213831.242:1943</Value>
          <Value>uSNChanged:1943:1:55a73700-c891-46fd-8f5c-72bc827f2ef5:20160407213831.242:1943</Value>
          <Value>uSNCreated:1943:1:55a73700-c891-46fd-8f5c-72bc827f2ef5:20160407213831.242:1943</Value>
        </AttributeMetadata>
      </ClassSchemaEntry>
      <ClassSchemaEntry>
        <Name>dnsNode</Name>
        <AttributeMetadata>
          <Value>auxiliaryClass:1894:1:55a73700-c891-46fd-8f5c-72bc827f2ef5:20160407213831.155:1894</Value>
          <Value>cn:1894:1:55a73700-c891-46fd-8f5c-72bc827f2ef5:20160407213831.155:1894</Value>
          <Value>createTimeStamp:1894:1:55a73700-c891-46fd-8f5c-72bc827f2ef5:20160407213831.155:1894</Value>
          <Value>defaultObjectCategory:1894:1:55a73700-c891-46fd-8f5c-72bc827f2ef5:20160407213831.155:1894</Value>
          <Value>entryDN:1894:1:55a73700-c891-46fd-8f5c-72bc827f2ef5:20160407213831.155:1894</Value>
          <Value>governsID:1894:1:55a73700-c891-46fd-8f5c-72bc827f2ef5:20160407213831.155:1894</Value>
          <Value>modifyTimeStamp:1894:1:55a73700-c891-46fd-8f5c-72bc827f2ef5:20160407213831.155:1894</Value>
          <Value>objectClass:1894:1:55a73700-c891-46fd-8f5c-72bc827f2ef5:20160407213831.155:1894</Value>
          <Value>objectClassCategory:1894:1:55a73700-c891-46fd-8f5c-72bc827f2ef5:20160407213831.155:1894</Value>
          <Value>objectGUID:1894:1:55a73700-c891-46fd-8f5c-72bc827f2ef5:20160407213831.155:1894</Value>
          <Value>schemaIDGUID:1894:1:55a73700-c891-46fd-8f5c-72bc827f2ef5:20160407213831.155:1894</Value>
          <Value>subClassOf:1894:1:55a73700-c891-46fd-8f5c-72bc827f2ef5:20160407213831.155:1894</Value>
          <Value>systemMayContain:1894:1:55a73700-c891-46fd-8f5c-72bc827f2ef5:20160407213831.155:1894</Value>
          <Value>systemMustContain:1894:1:55a73700-c891-46fd-8f5c-72bc827f2ef5:20160407213831.155:1894</Value>
          <Value>uSNChanged:1894:1:55a73700-c891-46fd-8f5c-72bc827f2ef5:20160407213831.155:1894</Value>
          <Value>uSNCreated:1894:1:55a73700-c891-46fd-8f5c-72bc827f2ef5:20160407213831.155:1894</Value>
        </AttributeMetadata>
      </ClassSchemaEntry>
      <ClassSchemaEntry>
        <Name>dnsZone</Name>
        <AttributeMetadata>
          <Value>auxiliaryClass:1804:1:55a73700-c891-46fd-8f5c-72bc827f2ef5:20160407213831.008:1804</Value>
          <Value>cn:1804:1:55a73700-c891-46fd-8f5c-72bc827f2ef5:20160407213831.008:1804</Value>
          <Value>createTimeStamp:1804:1:55a73700-c891-46fd-8f5c-72bc827f2ef5:20160407213831.008:1804</Value>
          <Value>defaultObjectCategory:1804:1:55a73700-c891-46fd-8f5c-72bc827f2ef5:20160407213831.008:1804</Value>
          <Value>entryDN:1804:1:55a73700-c891-46fd-8f5c-72bc827f2ef5:20160407213831.008:1804</Value>
          <Value>governsID:1804:1:55a73700-c891-46fd-8f5c-72bc827f2ef5:20160407213831.008:1804</Value>
          <Value>modifyTimeStamp:1804:1:55a73700-c891-46fd-8f5c-72bc827f2ef5:20160407213831.008:1804</Value>
          <Value>objectClass:1804:1:55a73700-c891-46fd-8f5c-72bc827f2ef5:20160407213831.008:1804</Value>
          <Value>objectClassCategory:1804:1:55a73700-c891-46fd-8f5c-72bc827f2ef5:20160407213831.008:1804</Value>
          <Value>objectGUID:1804:1:55a73700-c891-46fd-8f5c-72bc827f2ef5:20160407213831.008:1804</Value>
          <Value>schemaIDGUID:1804:1:55a73700-c891-46fd-8f5c-72bc827f2ef5:20160407213831.008:1804</Value>
          <Value>subClassOf:1804:1:55a73700-c891-46fd-8f5c-72bc827f2ef5:20160407213831.008:1804</Value>
          <Value>systemMayContain:1804:1:55a73700-c891-46fd-8f5c-72bc827f2ef5:20160407213831.008:1804</Value>
          <Value>systemMustContain:1804:1:55a73700-c891-46fd-8f5c-72bc827f2ef5:20160407213831.008:1804</Value>
          <Value>uSNChanged:1804:1:55a73700-c891-46fd-8f5c-72bc827f2ef5:20160407213831.008:1804</Value>
          <Value>uSNCreated:1804:1:55a73700-c891-46fd-8f5c-72bc827f2ef5:20160407213831.008:1804</Value>
        </AttributeMetadata>
      </ClassSchemaEntry>
      <ClassSchemaEntry>
        <Name>document</Name>
        <AttributeMetadata>
          <Value>auxiliaryClass:2041:1:55a73700-c891-46fd-8f5c-72bc827f2ef5:20160407213831.413:2041</Value>
          <Value>cn:2041:1:55a73700-c891-46fd-8f5c-72bc827f2ef5:20160407213831.413:2041</Value>
          <Value>createTimeStamp:2041:1:55a73700-c891-46fd-8f5c-72bc827f2ef5:20160407213831.413:2041</Value>
          <Value>defaultObjectCategory:2041:1:55a73700-c891-46fd-8f5c-72bc827f2ef5:20160407213831.413:2041</Value>
          <Value>entryDN:2041:1:55a73700-c891-46fd-8f5c-72bc827f2ef5:20160407213831.413:2041</Value>
          <Value>governsID:2041:1:55a73700-c891-46fd-8f5c-72bc827f2ef5:20160407213831.413:2041</Value>
          <Value>modifyTimeStamp:2041:1:55a73700-c891-46fd-8f5c-72bc827f2ef5:20160407213831.413:2041</Value>
          <Value>objectClass:2041:1:55a73700-c891-46fd-8f5c-72bc827f2ef5:20160407213831.413:2041</Value>
          <Value>objectClassCategory:2041:1:55a73700-c891-46fd-8f5c-72bc827f2ef5:20160407213831.413:2041</Value>
          <Value>objectGUID:2041:1:55a73700-c891-46fd-8f5c-72bc827f2ef5:20160407213831.413:2041</Value>
          <Value>schemaIDGUID:2041:1:55a73700-c891-46fd-8f5c-72bc827f2ef5:20160407213831.413:2041</Value>
          <Value>subClassOf:2041:1:55a73700-c891-46fd-8f5c-72bc827f2ef5:20160407213831.413:2041</Value>
          <Value>systemMayContain:2041:1:55a73700-c891-46fd-8f5c-72bc827f2ef5:20160407213831.413:2041</Value>
          <Value>uSNChanged:2041:1:55a73700-c891-46fd-8f5c-72bc827f2ef5:20160407213831.413:2041</Value>
          <Value>uSNCreated:2041:1:55a73700-c891-46fd-8f5c-72bc827f2ef5:20160407213831.413:2041</Value>
        </AttributeMetadata>
      </ClassSchemaEntry>
      <ClassSchemaEntry>
        <Name>documentSeries</Name>
        <AttributeMetadata>
          <Value>auxiliaryClass:1842:1:55a73700-c891-46fd-8f5c-72bc827f2ef5:20160407213831.068:1842</Value>
          <Value>cn:1842:1:55a73700-c891-46fd-8f5c-72bc827f2ef5:20160407213831.068:1842</Value>
          <Value>createTimeStamp:1842:1:55a73700-c891-46fd-8f5c-72bc827f2ef5:20160407213831.068:1842</Value>
          <Value>defaultObjectCategory:1842:1:55a73700-c891-46fd-8f5c-72bc827f2ef5:20160407213831.068:1842</Value>
          <Value>entryDN:1842:1:55a73700-c891-46fd-8f5c-72bc827f2ef5:20160407213831.068:1842</Value>
          <Value>governsID:1842:1:55a73700-c891-46fd-8f5c-72bc827f2ef5:20160407213831.068:1842</Value>
          <Value>modifyTimeStamp:1842:1:55a73700-c891-46fd-8f5c-72bc827f2ef5:20160407213831.068:1842</Value>
          <Value>objectClass:1842:1:55a73700-c891-46fd-8f5c-72bc827f2ef5:20160407213831.068:1842</Value>
          <Value>objectClassCategory:1842:1:55a73700-c891-46fd-8f5c-72bc827f2ef5:20160407213831.068:1842</Value>
          <Value>objectGUID:1842:1:55a73700-c891-46fd-8f5c-72bc827f2ef5:20160407213831.068:1842</Value>
          <Value>schemaIDGUID:1842:1:55a73700-c891-46fd-8f5c-72bc827f2ef5:20160407213831.068:1842</Value>
          <Value>subClassOf:1842:1:55a73700-c891-46fd-8f5c-72bc827f2ef5:20160407213831.068:1842</Value>
          <Value>systemMayContain:1842:1:55a73700-c891-46fd-8f5c-72bc827f2ef5:20160407213831.068:1842</Value>
          <Value>systemMustContain:1842:1:55a73700-c891-46fd-8f5c-72bc827f2ef5:20160407213831.068:1842</Value>
          <Value>uSNChanged:1842:1:55a73700-c891-46fd-8f5c-72bc827f2ef5:20160407213831.068:1842</Value>
          <Value>uSNCreated:1842:1:55a73700-c891-46fd-8f5c-72bc827f2ef5:20160407213831.068:1842</Value>
        </AttributeMetadata>
      </ClassSchemaEntry>
      <ClassSchemaEntry>
        <Name>domain</Name>
        <AttributeMetadata>
          <Value>cn:1752:1:55a73700-c891-46fd-8f5c-72bc827f2ef5:20160407213830.919:1752</Value>
          <Value>createTimeStamp:1752:1:55a73700-c891-46fd-8f5c-72bc827f2ef5:20160407213830.919:1752</Value>
          <Value>defaultObjectCategory:1752:1:55a73700-c891-46fd-8f5c-72bc827f2ef5:20160407213830.919:1752</Value>
          <Value>entryDN:1752:1:55a73700-c891-46fd-8f5c-72bc827f2ef5:20160407213830.919:1752</Value>
          <Value>governsID:1752:1:55a73700-c891-46fd-8f5c-72bc827f2ef5:20160407213830.919:1752</Value>
          <Value>modifyTimeStamp:1752:1:55a73700-c891-46fd-8f5c-72bc827f2ef5:20160407213830.919:1752</Value>
          <Value>objectClass:1752:1:55a73700-c891-46fd-8f5c-72bc827f2ef5:20160407213830.919:1752</Value>
          <Value>objectClassCategory:1752:1:55a73700-c891-46fd-8f5c-72bc827f2ef5:20160407213830.919:1752</Value>
          <Value>objectGUID:1752:1:55a73700-c891-46fd-8f5c-72bc827f2ef5:20160407213830.919:1752</Value>
          <Value>schemaIDGUID:1752:1:55a73700-c891-46fd-8f5c-72bc827f2ef5:20160407213830.919:1752</Value>
          <Value>subClassOf:1752:1:55a73700-c891-46fd-8f5c-72bc827f2ef5:20160407213830.919:1752</Value>
          <Value>systemMustContain:1752:1:55a73700-c891-46fd-8f5c-72bc827f2ef5:20160407213830.919:1752</Value>
          <Value>uSNChanged:1752:1:55a73700-c891-46fd-8f5c-72bc827f2ef5:20160407213830.919:1752</Value>
          <Value>uSNCreated:1752:1:55a73700-c891-46fd-8f5c-72bc827f2ef5:20160407213830.919:1752</Value>
        </AttributeMetadata>
      </ClassSchemaEntry>
      <ClassSchemaEntry>
        <Name>domainDNS</Name>
        <AttributeMetadata>
          <Value>auxiliaryClass:1987:1:55a73700-c891-46fd-8f5c-72bc827f2ef5:20160407213831.321:1987</Value>
          <Value>cn:1987:1:55a73700-c891-46fd-8f5c-72bc827f2ef5:20160407213831.321:1987</Value>
          <Value>createTimeStamp:1987:1:55a73700-c891-46fd-8f5c-72bc827f2ef5:20160407213831.321:1987</Value>
          <Value>defaultObjectCategory:1987:1:55a73700-c891-46fd-8f5c-72bc827f2ef5:20160407213831.321:1987</Value>
          <Value>entryDN:1987:1:55a73700-c891-46fd-8f5c-72bc827f2ef5:20160407213831.321:1987</Value>
          <Value>governsID:1987:1:55a73700-c891-46fd-8f5c-72bc827f2ef5:20160407213831.321:1987</Value>
          <Value>mayContain:1987:1:55a73700-c891-46fd-8f5c-72bc827f2ef5:20160407213831.321:1987</Value>
          <Value>modifyTimeStamp:1987:1:55a73700-c891-46fd-8f5c-72bc827f2ef5:20160407213831.321:1987</Value>
          <Value>objectClass:1987:1:55a73700-c891-46fd-8f5c-72bc827f2ef5:20160407213831.321:1987</Value>
          <Value>objectClassCategory:1987:1:55a73700-c891-46fd-8f5c-72bc827f2ef5:20160407213831.321:1987</Value>
          <Value>objectGUID:1987:1:55a73700-c891-46fd-8f5c-72bc827f2ef5:20160407213831.321:1987</Value>
          <Value>schemaIDGUID:1987:1:55a73700-c891-46fd-8f5c-72bc827f2ef5:20160407213831.321:1987</Value>
          <Value>subClassOf:1987:1:55a73700-c891-46fd-8f5c-72bc827f2ef5:20160407213831.321:1987</Value>
          <Value>systemMayContain:1987:1:55a73700-c891-46fd-8f5c-72bc827f2ef5:20160407213831.321:1987</Value>
          <Value>uSNChanged:1987:1:55a73700-c891-46fd-8f5c-72bc827f2ef5:20160407213831.321:1987</Value>
          <Value>uSNCreated:1987:1:55a73700-c891-46fd-8f5c-72bc827f2ef5:20160407213831.321:1987</Value>
        </AttributeMetadata>
      </ClassSchemaEntry>
      <ClassSchemaEntry>
        <Name>domainPolicy</Name>
        <AttributeMetadata>
          <Value>auxiliaryClass:2038:1:55a73700-c891-46fd-8f5c-72bc827f2ef5:20160407213831.403:2038</Value>
          <Value>cn:2038:1:55a73700-c891-46fd-8f5c-72bc827f2ef5:20160407213831.403:2038</Value>
          <Value>createTimeStamp:2038:1:55a73700-c891-46fd-8f5c-72bc827f2ef5:20160407213831.403:2038</Value>
          <Value>defaultObjectCategory:2038:1:55a73700-c891-46fd-8f5c-72bc827f2ef5:20160407213831.403:2038</Value>
          <Value>entryDN:2038:1:55a73700-c891-46fd-8f5c-72bc827f2ef5:20160407213831.403:2038</Value>
          <Value>governsID:2038:1:55a73700-c891-46fd-8f5c-72bc827f2ef5:20160407213831.403:2038</Value>
          <Value>modifyTimeStamp:2038:1:55a73700-c891-46fd-8f5c-72bc827f2ef5:20160407213831.403:2038</Value>
          <Value>objectClass:2038:1:55a73700-c891-46fd-8f5c-72bc827f2ef5:20160407213831.403:2038</Value>
          <Value>objectClassCategory:2038:1:55a73700-c891-46fd-8f5c-72bc827f2ef5:20160407213831.403:2038</Value>
          <Value>objectGUID:2038:1:55a73700-c891-46fd-8f5c-72bc827f2ef5:20160407213831.403:2038</Value>
          <Value>schemaIDGUID:2038:1:55a73700-c891-46fd-8f5c-72bc827f2ef5:20160407213831.403:2038</Value>
          <Value>subClassOf:2038:1:55a73700-c891-46fd-8f5c-72bc827f2ef5:20160407213831.403:2038</Value>
          <Value>systemMayContain:2038:1:55a73700-c891-46fd-8f5c-72bc827f2ef5:20160407213831.403:2038</Value>
          <Value>uSNChanged:2038:1:55a73700-c891-46fd-8f5c-72bc827f2ef5:20160407213831.403:2038</Value>
          <Value>uSNCreated:2038:1:55a73700-c891-46fd-8f5c-72bc827f2ef5:20160407213831.403:2038</Value>
        </AttributeMetadata>
      </ClassSchemaEntry>
      <ClassSchemaEntry>
        <Name>domainRelatedObject</Name>
        <AttributeMetadata>
          <Value>cn:1775:1:55a73700-c891-46fd-8f5c-72bc827f2ef5:20160407213830.954:1775</Value>
          <Value>createTimeStamp:1775:1:55a73700-c891-46fd-8f5c-72bc827f2ef5:20160407213830.954:1775</Value>
          <Value>defaultObjectCategory:1775:1:55a73700-c891-46fd-8f5c-72bc827f2ef5:20160407213830.954:1775</Value>
          <Value>entryDN:1775:1:55a73700-c891-46fd-8f5c-72bc827f2ef5:20160407213830.954:1775</Value>
          <Value>governsID:1775:1:55a73700-c891-46fd-8f5c-72bc827f2ef5:20160407213830.954:1775</Value>
          <Value>modifyTimeStamp:1775:1:55a73700-c891-46fd-8f5c-72bc827f2ef5:20160407213830.954:1775</Value>
          <Value>objectClass:1775:1:55a73700-c891-46fd-8f5c-72bc827f2ef5:20160407213830.954:1775</Value>
          <Value>objectClassCategory:1775:1:55a73700-c891-46fd-8f5c-72bc827f2ef5:20160407213830.954:1775</Value>
          <Value>objectGUID:1775:1:55a73700-c891-46fd-8f5c-72bc827f2ef5:20160407213830.954:1775</Value>
          <Value>schemaIDGUID:1775:1:55a73700-c891-46fd-8f5c-72bc827f2ef5:20160407213830.954:1775</Value>
          <Value>subClassOf:1775:1:55a73700-c891-46fd-8f5c-72bc827f2ef5:20160407213830.954:1775</Value>
          <Value>systemMayContain:1775:1:55a73700-c891-46fd-8f5c-72bc827f2ef5:20160407213830.954:1775</Value>
          <Value>uSNChanged:1775:1:55a73700-c891-46fd-8f5c-72bc827f2ef5:20160407213830.954:1775</Value>
          <Value>uSNCreated:1775:1:55a73700-c891-46fd-8f5c-72bc827f2ef5:20160407213830.954:1775</Value>
        </AttributeMetadata>
      </ClassSchemaEntry>
      <ClassSchemaEntry>
        <Name>dSA</Name>
        <AttributeMetadata>
          <Value>auxiliaryClass:2057:1:55a73700-c891-46fd-8f5c-72bc827f2ef5:20160407213831.439:2057</Value>
          <Value>cn:2057:1:55a73700-c891-46fd-8f5c-72bc827f2ef5:20160407213831.439:2057</Value>
          <Value>createTimeStamp:2057:1:55a73700-c891-46fd-8f5c-72bc827f2ef5:20160407213831.439:2057</Value>
          <Value>defaultObjectCategory:2057:1:55a73700-c891-46fd-8f5c-72bc827f2ef5:20160407213831.439:2057</Value>
          <Value>entryDN:2057:1:55a73700-c891-46fd-8f5c-72bc827f2ef5:20160407213831.439:2057</Value>
          <Value>governsID:2057:1:55a73700-c891-46fd-8f5c-72bc827f2ef5:20160407213831.439:2057</Value>
          <Value>modifyTimeStamp:2057:1:55a73700-c891-46fd-8f5c-72bc827f2ef5:20160407213831.439:2057</Value>
          <Value>objectClass:2057:1:55a73700-c891-46fd-8f5c-72bc827f2ef5:20160407213831.439:2057</Value>
          <Value>objectClassCategory:2057:1:55a73700-c891-46fd-8f5c-72bc827f2ef5:20160407213831.439:2057</Value>
          <Value>objectGUID:2057:1:55a73700-c891-46fd-8f5c-72bc827f2ef5:20160407213831.439:2057</Value>
          <Value>schemaIDGUID:2057:1:55a73700-c891-46fd-8f5c-72bc827f2ef5:20160407213831.439:2057</Value>
          <Value>subClassOf:2057:1:55a73700-c891-46fd-8f5c-72bc827f2ef5:20160407213831.439:2057</Value>
          <Value>systemMayContain:2057:1:55a73700-c891-46fd-8f5c-72bc827f2ef5:20160407213831.439:2057</Value>
          <Value>uSNChanged:2057:1:55a73700-c891-46fd-8f5c-72bc827f2ef5:20160407213831.439:2057</Value>
          <Value>uSNCreated:2057:1:55a73700-c891-46fd-8f5c-72bc827f2ef5:20160407213831.439:2057</Value>
        </AttributeMetadata>
      </ClassSchemaEntry>
      <ClassSchemaEntry>
        <Name>dSUISettings</Name>
        <AttributeMetadata>
          <Value>auxiliaryClass:1851:1:55a73700-c891-46fd-8f5c-72bc827f2ef5:20160407213831.089:1851</Value>
          <Value>cn:1851:1:55a73700-c891-46fd-8f5c-72bc827f2ef5:20160407213831.089:1851</Value>
          <Value>createTimeStamp:1851:1:55a73700-c891-46fd-8f5c-72bc827f2ef5:20160407213831.089:1851</Value>
          <Value>defaultObjectCategory:1851:1:55a73700-c891-46fd-8f5c-72bc827f2ef5:20160407213831.089:1851</Value>
          <Value>entryDN:1851:1:55a73700-c891-46fd-8f5c-72bc827f2ef5:20160407213831.089:1851</Value>
          <Value>governsID:1851:1:55a73700-c891-46fd-8f5c-72bc827f2ef5:20160407213831.089:1851</Value>
          <Value>modifyTimeStamp:1851:1:55a73700-c891-46fd-8f5c-72bc827f2ef5:20160407213831.089:1851</Value>
          <Value>objectClass:1851:1:55a73700-c891-46fd-8f5c-72bc827f2ef5:20160407213831.089:1851</Value>
          <Value>objectClassCategory:1851:1:55a73700-c891-46fd-8f5c-72bc827f2ef5:20160407213831.089:1851</Value>
          <Value>objectGUID:1851:1:55a73700-c891-46fd-8f5c-72bc827f2ef5:20160407213831.089:1851</Value>
          <Value>schemaIDGUID:1851:1:55a73700-c891-46fd-8f5c-72bc827f2ef5:20160407213831.089:1851</Value>
          <Value>subClassOf:1851:1:55a73700-c891-46fd-8f5c-72bc827f2ef5:20160407213831.089:1851</Value>
          <Value>systemMayContain:1851:1:55a73700-c891-46fd-8f5c-72bc827f2ef5:20160407213831.089:1851</Value>
          <Value>uSNChanged:1851:1:55a73700-c891-46fd-8f5c-72bc827f2ef5:20160407213831.089:1851</Value>
          <Value>uSNCreated:1851:1:55a73700-c891-46fd-8f5c-72bc827f2ef5:20160407213831.089:1851</Value>
        </AttributeMetadata>
      </ClassSchemaEntry>
      <ClassSchemaEntry>
        <Name>dynamicObject</Name>
        <AttributeMetadata>
          <Value>cn:2002:1:55a73700-c891-46fd-8f5c-72bc827f2ef5:20160407213831.339:2002</Value>
          <Value>createTimeStamp:2002:1:55a73700-c891-46fd-8f5c-72bc827f2ef5:20160407213831.339:2002</Value>
          <Value>defaultObjectCategory:2002:1:55a73700-c891-46fd-8f5c-72bc827f2ef5:20160407213831.339:2002</Value>
          <Value>entryDN:2002:1:55a73700-c891-46fd-8f5c-72bc827f2ef5:20160407213831.339:2002</Value>
          <Value>governsID:2002:1:55a73700-c891-46fd-8f5c-72bc827f2ef5:20160407213831.339:2002</Value>
          <Value>modifyTimeStamp:2002:1:55a73700-c891-46fd-8f5c-72bc827f2ef5:20160407213831.339:2002</Value>
          <Value>objectClass:2002:1:55a73700-c891-46fd-8f5c-72bc827f2ef5:20160407213831.339:2002</Value>
          <Value>objectClassCategory:2002:1:55a73700-c891-46fd-8f5c-72bc827f2ef5:20160407213831.339:2002</Value>
          <Value>objectGUID:2002:1:55a73700-c891-46fd-8f5c-72bc827f2ef5:20160407213831.339:2002</Value>
          <Value>schemaIDGUID:2002:1:55a73700-c891-46fd-8f5c-72bc827f2ef5:20160407213831.339:2002</Value>
          <Value>subClassOf:2002:1:55a73700-c891-46fd-8f5c-72bc827f2ef5:20160407213831.339:2002</Value>
          <Value>systemMayContain:2002:1:55a73700-c891-46fd-8f5c-72bc827f2ef5:20160407213831.339:2002</Value>
          <Value>uSNChanged:2002:1:55a73700-c891-46fd-8f5c-72bc827f2ef5:20160407213831.339:2002</Value>
          <Value>uSNCreated:2002:1:55a73700-c891-46fd-8f5c-72bc827f2ef5:20160407213831.339:2002</Value>
        </AttributeMetadata>
      </ClassSchemaEntry>
      <ClassSchemaEntry>
        <Name>extensibleObject</Name>
        <AttributeMetadata>
          <Value>cn:2063:1:55a73700-c891-46fd-8f5c-72bc827f2ef5:20160407213831.447:2063</Value>
          <Value>createTimeStamp:2063:1:55a73700-c891-46fd-8f5c-72bc827f2ef5:20160407213831.447:2063</Value>
          <Value>defaultObjectCategory:2063:1:55a73700-c891-46fd-8f5c-72bc827f2ef5:20160407213831.447:2063</Value>
          <Value>description:2063:1:55a73700-c891-46fd-8f5c-72bc827f2ef5:20160407213831.447:2063</Value>
          <Value>entryDN:2063:1:55a73700-c891-46fd-8f5c-72bc827f2ef5:20160407213831.447:2063</Value>
          <Value>governsID:2063:1:55a73700-c891-46fd-8f5c-72bc827f2ef5:20160407213831.447:2063</Value>
          <Value>modifyTimeStamp:2063:1:55a73700-c891-46fd-8f5c-72bc827f2ef5:20160407213831.447:2063</Value>
          <Value>objectClass:2063:1:55a73700-c891-46fd-8f5c-72bc827f2ef5:20160407213831.447:2063</Value>
          <Value>objectClassCategory:2063:1:55a73700-c891-46fd-8f5c-72bc827f2ef5:20160407213831.447:2063</Value>
          <Value>objectGUID:2063:1:55a73700-c891-46fd-8f5c-72bc827f2ef5:20160407213831.447:2063</Value>
          <Value>schemaIDGUID:2063:1:55a73700-c891-46fd-8f5c-72bc827f2ef5:20160407213831.447:2063</Value>
          <Value>subClassOf:2063:1:55a73700-c891-46fd-8f5c-72bc827f2ef5:20160407213831.447:2063</Value>
          <Value>uSNChanged:2063:1:55a73700-c891-46fd-8f5c-72bc827f2ef5:20160407213831.447:2063</Value>
          <Value>uSNCreated:2063:1:55a73700-c891-46fd-8f5c-72bc827f2ef5:20160407213831.447:2063</Value>
        </AttributeMetadata>
      </ClassSchemaEntry>
      <ClassSchemaEntry>
        <Name>fileLinkTracking</Name>
        <AttributeMetadata>
          <Value>auxiliaryClass:1954:1:55a73700-c891-46fd-8f5c-72bc827f2ef5:20160407213831.262:1954</Value>
          <Value>cn:1954:1:55a73700-c891-46fd-8f5c-72bc827f2ef5:20160407213831.262:1954</Value>
          <Value>createTimeStamp:1954:1:55a73700-c891-46fd-8f5c-72bc827f2ef5:20160407213831.262:1954</Value>
          <Value>defaultObjectCategory:1954:1:55a73700-c891-46fd-8f5c-72bc827f2ef5:20160407213831.262:1954</Value>
          <Value>entryDN:1954:1:55a73700-c891-46fd-8f5c-72bc827f2ef5:20160407213831.262:1954</Value>
          <Value>governsID:1954:1:55a73700-c891-46fd-8f5c-72bc827f2ef5:20160407213831.262:1954</Value>
          <Value>modifyTimeStamp:1954:1:55a73700-c891-46fd-8f5c-72bc827f2ef5:20160407213831.262:1954</Value>
          <Value>objectClass:1954:1:55a73700-c891-46fd-8f5c-72bc827f2ef5:20160407213831.262:1954</Value>
          <Value>objectClassCategory:1954:1:55a73700-c891-46fd-8f5c-72bc827f2ef5:20160407213831.262:1954</Value>
          <Value>objectGUID:1954:1:55a73700-c891-46fd-8f5c-72bc827f2ef5:20160407213831.262:1954</Value>
          <Value>schemaIDGUID:1954:1:55a73700-c891-46fd-8f5c-72bc827f2ef5:20160407213831.262:1954</Value>
          <Value>subClassOf:1954:1:55a73700-c891-46fd-8f5c-72bc827f2ef5:20160407213831.262:1954</Value>
          <Value>uSNChanged:1954:1:55a73700-c891-46fd-8f5c-72bc827f2ef5:20160407213831.262:1954</Value>
          <Value>uSNCreated:1954:1:55a73700-c891-46fd-8f5c-72bc827f2ef5:20160407213831.262:1954</Value>
        </AttributeMetadata>
      </ClassSchemaEntry>
      <ClassSchemaEntry>
        <Name>fileLinkTrackingEntry</Name>
        <AttributeMetadata>
          <Value>auxiliaryClass:1869:1:55a73700-c891-46fd-8f5c-72bc827f2ef5:20160407213831.117:1869</Value>
          <Value>cn:1869:1:55a73700-c891-46fd-8f5c-72bc827f2ef5:20160407213831.117:1869</Value>
          <Value>createTimeStamp:1869:1:55a73700-c891-46fd-8f5c-72bc827f2ef5:20160407213831.117:1869</Value>
          <Value>defaultObjectCategory:1869:1:55a73700-c891-46fd-8f5c-72bc827f2ef5:20160407213831.117:1869</Value>
          <Value>entryDN:1869:1:55a73700-c891-46fd-8f5c-72bc827f2ef5:20160407213831.117:1869</Value>
          <Value>governsID:1869:1:55a73700-c891-46fd-8f5c-72bc827f2ef5:20160407213831.117:1869</Value>
          <Value>modifyTimeStamp:1869:1:55a73700-c891-46fd-8f5c-72bc827f2ef5:20160407213831.117:1869</Value>
          <Value>objectClass:1869:1:55a73700-c891-46fd-8f5c-72bc827f2ef5:20160407213831.117:1869</Value>
          <Value>objectClassCategory:1869:1:55a73700-c891-46fd-8f5c-72bc827f2ef5:20160407213831.117:1869</Value>
          <Value>objectGUID:1869:1:55a73700-c891-46fd-8f5c-72bc827f2ef5:20160407213831.117:1869</Value>
          <Value>schemaIDGUID:1869:1:55a73700-c891-46fd-8f5c-72bc827f2ef5:20160407213831.117:1869</Value>
          <Value>subClassOf:1869:1:55a73700-c891-46fd-8f5c-72bc827f2ef5:20160407213831.117:1869</Value>
          <Value>uSNChanged:1869:1:55a73700-c891-46fd-8f5c-72bc827f2ef5:20160407213831.117:1869</Value>
          <Value>uSNCreated:1869:1:55a73700-c891-46fd-8f5c-72bc827f2ef5:20160407213831.117:1869</Value>
        </AttributeMetadata>
      </ClassSchemaEntry>
      <ClassSchemaEntry>
        <Name>foreignSecurityPrincipal</Name>
        <AttributeMetadata>
          <Value>auxiliaryClass:1781:1:55a73700-c891-46fd-8f5c-72bc827f2ef5:20160407213830.972:1781</Value>
          <Value>cn:1781:1:55a73700-c891-46fd-8f5c-72bc827f2ef5:20160407213830.972:1781</Value>
          <Value>createTimeStamp:1781:1:55a73700-c891-46fd-8f5c-72bc827f2ef5:20160407213830.972:1781</Value>
          <Value>defaultObjectCategory:1781:1:55a73700-c891-46fd-8f5c-72bc827f2ef5:20160407213830.972:1781</Value>
          <Value>entryDN:1781:1:55a73700-c891-46fd-8f5c-72bc827f2ef5:20160407213830.972:1781</Value>
          <Value>governsID:1781:1:55a73700-c891-46fd-8f5c-72bc827f2ef5:20160407213830.972:1781</Value>
          <Value>modifyTimeStamp:1781:1:55a73700-c891-46fd-8f5c-72bc827f2ef5:20160407213830.972:1781</Value>
          <Value>objectClass:1781:1:55a73700-c891-46fd-8f5c-72bc827f2ef5:20160407213830.972:1781</Value>
          <Value>objectClassCategory:1781:1:55a73700-c891-46fd-8f5c-72bc827f2ef5:20160407213830.972:1781</Value>
          <Value>objectGUID:1781:1:55a73700-c891-46fd-8f5c-72bc827f2ef5:20160407213830.972:1781</Value>
          <Value>schemaIDGUID:1781:1:55a73700-c891-46fd-8f5c-72bc827f2ef5:20160407213830.972:1781</Value>
          <Value>subClassOf:1781:1:55a73700-c891-46fd-8f5c-72bc827f2ef5:20160407213830.972:1781</Value>
          <Value>systemMustContain:1781:1:55a73700-c891-46fd-8f5c-72bc827f2ef5:20160407213830.972:1781</Value>
          <Value>uSNChanged:1781:1:55a73700-c891-46fd-8f5c-72bc827f2ef5:20160407213830.972:1781</Value>
          <Value>uSNCreated:1781:1:55a73700-c891-46fd-8f5c-72bc827f2ef5:20160407213830.972:1781</Value>
        </AttributeMetadata>
      </ClassSchemaEntry>
      <ClassSchemaEntry>
        <Name>friendlyCountry</Name>
        <AttributeMetadata>
          <Value>auxiliaryClass:1754:1:55a73700-c891-46fd-8f5c-72bc827f2ef5:20160407213830.921:1754</Value>
          <Value>cn:1754:1:55a73700-c891-46fd-8f5c-72bc827f2ef5:20160407213830.921:1754</Value>
          <Value>createTimeStamp:1754:1:55a73700-c891-46fd-8f5c-72bc827f2ef5:20160407213830.921:1754</Value>
          <Value>defaultObjectCategory:1754:1:55a73700-c891-46fd-8f5c-72bc827f2ef5:20160407213830.921:1754</Value>
          <Value>entryDN:1754:1:55a73700-c891-46fd-8f5c-72bc827f2ef5:20160407213830.921:1754</Value>
          <Value>governsID:1754:1:55a73700-c891-46fd-8f5c-72bc827f2ef5:20160407213830.921:1754</Value>
          <Value>modifyTimeStamp:1754:1:55a73700-c891-46fd-8f5c-72bc827f2ef5:20160407213830.921:1754</Value>
          <Value>objectClass:1754:1:55a73700-c891-46fd-8f5c-72bc827f2ef5:20160407213830.921:1754</Value>
          <Value>objectClassCategory:1754:1:55a73700-c891-46fd-8f5c-72bc827f2ef5:20160407213830.921:1754</Value>
          <Value>objectGUID:1754:1:55a73700-c891-46fd-8f5c-72bc827f2ef5:20160407213830.921:1754</Value>
          <Value>schemaIDGUID:1754:1:55a73700-c891-46fd-8f5c-72bc827f2ef5:20160407213830.921:1754</Value>
          <Value>subClassOf:1754:1:55a73700-c891-46fd-8f5c-72bc827f2ef5:20160407213830.921:1754</Value>
          <Value>systemMustContain:1754:1:55a73700-c891-46fd-8f5c-72bc827f2ef5:20160407213830.921:1754</Value>
          <Value>uSNChanged:1754:1:55a73700-c891-46fd-8f5c-72bc827f2ef5:20160407213830.921:1754</Value>
          <Value>uSNCreated:1754:1:55a73700-c891-46fd-8f5c-72bc827f2ef5:20160407213830.921:1754</Value>
        </AttributeMetadata>
      </ClassSchemaEntry>
      <ClassSchemaEntry>
        <Name>fTDfs</Name>
        <AttributeMetadata>
          <Value>auxiliaryClass:1986:1:55a73700-c891-46fd-8f5c-72bc827f2ef5:20160407213831.320:1986</Value>
          <Value>cn:1986:1:55a73700-c891-46fd-8f5c-72bc827f2ef5:20160407213831.320:1986</Value>
          <Value>createTimeStamp:1986:1:55a73700-c891-46fd-8f5c-72bc827f2ef5:20160407213831.320:1986</Value>
          <Value>defaultObjectCategory:1986:1:55a73700-c891-46fd-8f5c-72bc827f2ef5:20160407213831.320:1986</Value>
          <Value>entryDN:1986:1:55a73700-c891-46fd-8f5c-72bc827f2ef5:20160407213831.320:1986</Value>
          <Value>governsID:1986:1:55a73700-c891-46fd-8f5c-72bc827f2ef5:20160407213831.320:1986</Value>
          <Value>modifyTimeStamp:1986:1:55a73700-c891-46fd-8f5c-72bc827f2ef5:20160407213831.320:1986</Value>
          <Value>objectClass:1986:1:55a73700-c891-46fd-8f5c-72bc827f2ef5:20160407213831.320:1986</Value>
          <Value>objectClassCategory:1986:1:55a73700-c891-46fd-8f5c-72bc827f2ef5:20160407213831.320:1986</Value>
          <Value>objectGUID:1986:1:55a73700-c891-46fd-8f5c-72bc827f2ef5:20160407213831.320:1986</Value>
          <Value>schemaIDGUID:1986:1:55a73700-c891-46fd-8f5c-72bc827f2ef5:20160407213831.320:1986</Value>
          <Value>subClassOf:1986:1:55a73700-c891-46fd-8f5c-72bc827f2ef5:20160407213831.320:1986</Value>
          <Value>systemMayContain:1986:1:55a73700-c891-46fd-8f5c-72bc827f2ef5:20160407213831.320:1986</Value>
          <Value>systemMustContain:1986:1:55a73700-c891-46fd-8f5c-72bc827f2ef5:20160407213831.320:1986</Value>
          <Value>uSNChanged:1986:1:55a73700-c891-46fd-8f5c-72bc827f2ef5:20160407213831.320:1986</Value>
          <Value>uSNCreated:1986:1:55a73700-c891-46fd-8f5c-72bc827f2ef5:20160407213831.320:1986</Value>
        </AttributeMetadata>
      </ClassSchemaEntry>
      <ClassSchemaEntry>
        <Name>group</Name>
        <AttributeMetadata>
          <Value>auxiliaryClass:1793:1:55a73700-c891-46fd-8f5c-72bc827f2ef5:20160407213830.985:1793</Value>
          <Value>cn:1793:1:55a73700-c891-46fd-8f5c-72bc827f2ef5:20160407213830.985:1793</Value>
          <Value>createTimeStamp:1793:1:55a73700-c891-46fd-8f5c-72bc827f2ef5:20160407213830.985:1793</Value>
          <Value>defaultObjectCategory:1793:1:55a73700-c891-46fd-8f5c-72bc827f2ef5:20160407213830.985:1793</Value>
          <Value>entryDN:1793:1:55a73700-c891-46fd-8f5c-72bc827f2ef5:20160407213830.985:1793</Value>
          <Value>governsID:1793:1:55a73700-c891-46fd-8f5c-72bc827f2ef5:20160407213830.985:1793</Value>
          <Value>mayContain:1793:1:55a73700-c891-46fd-8f5c-72bc827f2ef5:20160407213830.985:1793</Value>
          <Value>modifyTimeStamp:1793:1:55a73700-c891-46fd-8f5c-72bc827f2ef5:20160407213830.985:1793</Value>
          <Value>mustContain:1793:1:55a73700-c891-46fd-8f5c-72bc827f2ef5:20160407213830.985:1793</Value>
          <Value>objectClass:1793:1:55a73700-c891-46fd-8f5c-72bc827f2ef5:20160407213830.985:1793</Value>
          <Value>objectClassCategory:1793:1:55a73700-c891-46fd-8f5c-72bc827f2ef5:20160407213830.985:1793</Value>
          <Value>objectGUID:1793:1:55a73700-c891-46fd-8f5c-72bc827f2ef5:20160407213830.985:1793</Value>
          <Value>schemaIDGUID:1793:1:55a73700-c891-46fd-8f5c-72bc827f2ef5:20160407213830.985:1793</Value>
          <Value>subClassOf:1793:1:55a73700-c891-46fd-8f5c-72bc827f2ef5:20160407213830.985:1793</Value>
          <Value>systemMayContain:1793:1:55a73700-c891-46fd-8f5c-72bc827f2ef5:20160407213830.985:1793</Value>
          <Value>systemMustContain:1793:1:55a73700-c891-46fd-8f5c-72bc827f2ef5:20160407213830.985:1793</Value>
          <Value>uSNChanged:1793:1:55a73700-c891-46fd-8f5c-72bc827f2ef5:20160407213830.985:1793</Value>
          <Value>uSNCreated:1793:1:55a73700-c891-46fd-8f5c-72bc827f2ef5:20160407213830.985:1793</Value>
        </AttributeMetadata>
      </ClassSchemaEntry>
      <ClassSchemaEntry>
        <Name>groupOfNames</Name>
        <AttributeMetadata>
          <Value>auxiliaryClass:1803:1:55a73700-c891-46fd-8f5c-72bc827f2ef5:20160407213831.006:1803</Value>
          <Value>cn:1803:1:55a73700-c891-46fd-8f5c-72bc827f2ef5:20160407213831.006:1803</Value>
          <Value>createTimeStamp:1803:1:55a73700-c891-46fd-8f5c-72bc827f2ef5:20160407213831.006:1803</Value>
          <Value>defaultObjectCategory:1803:1:55a73700-c891-46fd-8f5c-72bc827f2ef5:20160407213831.006:1803</Value>
          <Value>entryDN:1803:1:55a73700-c891-46fd-8f5c-72bc827f2ef5:20160407213831.006:1803</Value>
          <Value>governsID:1803:1:55a73700-c891-46fd-8f5c-72bc827f2ef5:20160407213831.006:1803</Value>
          <Value>modifyTimeStamp:1803:1:55a73700-c891-46fd-8f5c-72bc827f2ef5:20160407213831.006:1803</Value>
          <Value>objectClass:1803:1:55a73700-c891-46fd-8f5c-72bc827f2ef5:20160407213831.006:1803</Value>
          <Value>objectClassCategory:1803:1:55a73700-c891-46fd-8f5c-72bc827f2ef5:20160407213831.006:1803</Value>
          <Value>objectGUID:1803:1:55a73700-c891-46fd-8f5c-72bc827f2ef5:20160407213831.006:1803</Value>
          <Value>schemaIDGUID:1803:1:55a73700-c891-46fd-8f5c-72bc827f2ef5:20160407213831.006:1803</Value>
          <Value>subClassOf:1803:1:55a73700-c891-46fd-8f5c-72bc827f2ef5:20160407213831.006:1803</Value>
          <Value>systemMayContain:1803:1:55a73700-c891-46fd-8f5c-72bc827f2ef5:20160407213831.006:1803</Value>
          <Value>systemMustContain:1803:1:55a73700-c891-46fd-8f5c-72bc827f2ef5:20160407213831.006:1803</Value>
          <Value>uSNChanged:1803:1:55a73700-c891-46fd-8f5c-72bc827f2ef5:20160407213831.006:1803</Value>
          <Value>uSNCreated:1803:1:55a73700-c891-46fd-8f5c-72bc827f2ef5:20160407213831.006:1803</Value>
        </AttributeMetadata>
      </ClassSchemaEntry>
      <ClassSchemaEntry>
        <Name>groupOfUniqueNames</Name>
        <AttributeMetadata>
          <Value>auxiliaryClass:1985:1:55a73700-c891-46fd-8f5c-72bc827f2ef5:20160407213831.319:1985</Value>
          <Value>cn:1985:1:55a73700-c891-46fd-8f5c-72bc827f2ef5:20160407213831.319:1985</Value>
          <Value>createTimeStamp:1985:1:55a73700-c891-46fd-8f5c-72bc827f2ef5:20160407213831.319:1985</Value>
          <Value>defaultObjectCategory:1985:1:55a73700-c891-46fd-8f5c-72bc827f2ef5:20160407213831.319:1985</Value>
          <Value>entryDN:1985:1:55a73700-c891-46fd-8f5c-72bc827f2ef5:20160407213831.319:1985</Value>
          <Value>governsID:1985:1:55a73700-c891-46fd-8f5c-72bc827f2ef5:20160407213831.319:1985</Value>
          <Value>modifyTimeStamp:1985:1:55a73700-c891-46fd-8f5c-72bc827f2ef5:20160407213831.319:1985</Value>
          <Value>objectClass:1985:1:55a73700-c891-46fd-8f5c-72bc827f2ef5:20160407213831.319:1985</Value>
          <Value>objectClassCategory:1985:1:55a73700-c891-46fd-8f5c-72bc827f2ef5:20160407213831.319:1985</Value>
          <Value>objectGUID:1985:1:55a73700-c891-46fd-8f5c-72bc827f2ef5:20160407213831.319:1985</Value>
          <Value>schemaIDGUID:1985:1:55a73700-c891-46fd-8f5c-72bc827f2ef5:20160407213831.319:1985</Value>
          <Value>subClassOf:1985:1:55a73700-c891-46fd-8f5c-72bc827f2ef5:20160407213831.319:1985</Value>
          <Value>systemMayContain:1985:1:55a73700-c891-46fd-8f5c-72bc827f2ef5:20160407213831.319:1985</Value>
          <Value>systemMustContain:1985:1:55a73700-c891-46fd-8f5c-72bc827f2ef5:20160407213831.319:1985</Value>
          <Value>uSNChanged:1985:1:55a73700-c891-46fd-8f5c-72bc827f2ef5:20160407213831.319:1985</Value>
          <Value>uSNCreated:1985:1:55a73700-c891-46fd-8f5c-72bc827f2ef5:20160407213831.319:1985</Value>
        </AttributeMetadata>
      </ClassSchemaEntry>
      <ClassSchemaEntry>
        <Name>groupPolicyContainer</Name>
        <AttributeMetadata>
          <Value>auxiliaryClass:1758:1:55a73700-c891-46fd-8f5c-72bc827f2ef5:20160407213830.926:1758</Value>
          <Value>cn:1758:1:55a73700-c891-46fd-8f5c-72bc827f2ef5:20160407213830.926:1758</Value>
          <Value>createTimeStamp:1758:1:55a73700-c891-46fd-8f5c-72bc827f2ef5:20160407213830.926:1758</Value>
          <Value>defaultObjectCategory:1758:1:55a73700-c891-46fd-8f5c-72bc827f2ef5:20160407213830.926:1758</Value>
          <Value>entryDN:1758:1:55a73700-c891-46fd-8f5c-72bc827f2ef5:20160407213830.926:1758</Value>
          <Value>governsID:1758:1:55a73700-c891-46fd-8f5c-72bc827f2ef5:20160407213830.926:1758</Value>
          <Value>modifyTimeStamp:1758:1:55a73700-c891-46fd-8f5c-72bc827f2ef5:20160407213830.926:1758</Value>
          <Value>objectClass:1758:1:55a73700-c891-46fd-8f5c-72bc827f2ef5:20160407213830.926:1758</Value>
          <Value>objectClassCategory:1758:1:55a73700-c891-46fd-8f5c-72bc827f2ef5:20160407213830.926:1758</Value>
          <Value>objectGUID:1758:1:55a73700-c891-46fd-8f5c-72bc827f2ef5:20160407213830.926:1758</Value>
          <Value>schemaIDGUID:1758:1:55a73700-c891-46fd-8f5c-72bc827f2ef5:20160407213830.926:1758</Value>
          <Value>subClassOf:1758:1:55a73700-c891-46fd-8f5c-72bc827f2ef5:20160407213830.926:1758</Value>
          <Value>systemMayContain:1758:1:55a73700-c891-46fd-8f5c-72bc827f2ef5:20160407213830.926:1758</Value>
          <Value>uSNChanged:1758:1:55a73700-c891-46fd-8f5c-72bc827f2ef5:20160407213830.926:1758</Value>
          <Value>uSNCreated:1758:1:55a73700-c891-46fd-8f5c-72bc827f2ef5:20160407213830.926:1758</Value>
        </AttributeMetadata>
      </ClassSchemaEntry>
      <ClassSchemaEntry>
        <Name>ieee802Device</Name>
        <AttributeMetadata>
          <Value>cn:1778:1:55a73700-c891-46fd-8f5c-72bc827f2ef5:20160407213830.964:1778</Value>
          <Value>createTimeStamp:1778:1:55a73700-c891-46fd-8f5c-72bc827f2ef5:20160407213830.964:1778</Value>
          <Value>defaultObjectCategory:1778:1:55a73700-c891-46fd-8f5c-72bc827f2ef5:20160407213830.964:1778</Value>
          <Value>entryDN:1778:1:55a73700-c891-46fd-8f5c-72bc827f2ef5:20160407213830.964:1778</Value>
          <Value>governsID:1778:1:55a73700-c891-46fd-8f5c-72bc827f2ef5:20160407213830.964:1778</Value>
          <Value>modifyTimeStamp:1778:1:55a73700-c891-46fd-8f5c-72bc827f2ef5:20160407213830.964:1778</Value>
          <Value>objectClass:1778:1:55a73700-c891-46fd-8f5c-72bc827f2ef5:20160407213830.964:1778</Value>
          <Value>objectClassCategory:1778:1:55a73700-c891-46fd-8f5c-72bc827f2ef5:20160407213830.964:1778</Value>
          <Value>objectGUID:1778:1:55a73700-c891-46fd-8f5c-72bc827f2ef5:20160407213830.964:1778</Value>
          <Value>schemaIDGUID:1778:1:55a73700-c891-46fd-8f5c-72bc827f2ef5:20160407213830.964:1778</Value>
          <Value>subClassOf:1778:1:55a73700-c891-46fd-8f5c-72bc827f2ef5:20160407213830.964:1778</Value>
          <Value>systemMayContain:1778:1:55a73700-c891-46fd-8f5c-72bc827f2ef5:20160407213830.964:1778</Value>
          <Value>uSNChanged:1778:1:55a73700-c891-46fd-8f5c-72bc827f2ef5:20160407213830.964:1778</Value>
          <Value>uSNCreated:1778:1:55a73700-c891-46fd-8f5c-72bc827f2ef5:20160407213830.964:1778</Value>
        </AttributeMetadata>
      </ClassSchemaEntry>
      <ClassSchemaEntry>
        <Name>indexServerCatalog</Name>
        <AttributeMetadata>
          <Value>auxiliaryClass:1774:1:55a73700-c891-46fd-8f5c-72bc827f2ef5:20160407213830.953:1774</Value>
          <Value>cn:1774:1:55a73700-c891-46fd-8f5c-72bc827f2ef5:20160407213830.953:1774</Value>
          <Value>createTimeStamp:1774:1:55a73700-c891-46fd-8f5c-72bc827f2ef5:20160407213830.953:1774</Value>
          <Value>defaultObjectCategory:1774:1:55a73700-c891-46fd-8f5c-72bc827f2ef5:20160407213830.953:1774</Value>
          <Value>entryDN:1774:1:55a73700-c891-46fd-8f5c-72bc827f2ef5:20160407213830.953:1774</Value>
          <Value>governsID:1774:1:55a73700-c891-46fd-8f5c-72bc827f2ef5:20160407213830.953:1774</Value>
          <Value>modifyTimeStamp:1774:1:55a73700-c891-46fd-8f5c-72bc827f2ef5:20160407213830.953:1774</Value>
          <Value>objectClass:1774:1:55a73700-c891-46fd-8f5c-72bc827f2ef5:20160407213830.953:1774</Value>
          <Value>objectClassCategory:1774:1:55a73700-c891-46fd-8f5c-72bc827f2ef5:20160407213830.953:1774</Value>
          <Value>objectGUID:1774:1:55a73700-c891-46fd-8f5c-72bc827f2ef5:20160407213830.953:1774</Value>
          <Value>schemaIDGUID:1774:1:55a73700-c891-46fd-8f5c-72bc827f2ef5:20160407213830.953:1774</Value>
          <Value>subClassOf:1774:1:55a73700-c891-46fd-8f5c-72bc827f2ef5:20160407213830.953:1774</Value>
          <Value>systemMayContain:1774:1:55a73700-c891-46fd-8f5c-72bc827f2ef5:20160407213830.953:1774</Value>
          <Value>systemMustContain:1774:1:55a73700-c891-46fd-8f5c-72bc827f2ef5:20160407213830.953:1774</Value>
          <Value>uSNChanged:1774:1:55a73700-c891-46fd-8f5c-72bc827f2ef5:20160407213830.953:1774</Value>
          <Value>uSNCreated:1774:1:55a73700-c891-46fd-8f5c-72bc827f2ef5:20160407213830.953:1774</Value>
        </AttributeMetadata>
      </ClassSchemaEntry>
      <ClassSchemaEntry>
        <Name>inetOrgPerson</Name>
        <AttributeMetadata>
          <Value>auxiliaryClass:1950:1:55a73700-c891-46fd-8f5c-72bc827f2ef5:20160407213831.249:1950</Value>
          <Value>cn:1950:1:55a73700-c891-46fd-8f5c-72bc827f2ef5:20160407213831.249:1950</Value>
          <Value>createTimeStamp:1950:1:55a73700-c891-46fd-8f5c-72bc827f2ef5:20160407213831.249:1950</Value>
          <Value>defaultObjectCategory:1950:1:55a73700-c891-46fd-8f5c-72bc827f2ef5:20160407213831.249:1950</Value>
          <Value>entryDN:1950:1:55a73700-c891-46fd-8f5c-72bc827f2ef5:20160407213831.249:1950</Value>
          <Value>governsID:1950:1:55a73700-c891-46fd-8f5c-72bc827f2ef5:20160407213831.249:1950</Value>
          <Value>mayContain:1950:1:55a73700-c891-46fd-8f5c-72bc827f2ef5:20160407213831.249:1950</Value>
          <Value>modifyTimeStamp:1950:1:55a73700-c891-46fd-8f5c-72bc827f2ef5:20160407213831.249:1950</Value>
          <Value>mustContain:1950:1:55a73700-c891-46fd-8f5c-72bc827f2ef5:20160407213831.249:1950</Value>
          <Value>objectClass:1950:1:55a73700-c891-46fd-8f5c-72bc827f2ef5:20160407213831.249:1950</Value>
          <Value>objectClassCategory:1950:1:55a73700-c891-46fd-8f5c-72bc827f2ef5:20160407213831.249:1950</Value>
          <Value>objectGUID:1950:1:55a73700-c891-46fd-8f5c-72bc827f2ef5:20160407213831.249:1950</Value>
          <Value>schemaIDGUID:1950:1:55a73700-c891-46fd-8f5c-72bc827f2ef5:20160407213831.249:1950</Value>
          <Value>subClassOf:1950:1:55a73700-c891-46fd-8f5c-72bc827f2ef5:20160407213831.249:1950</Value>
          <Value>systemMayContain:1950:1:55a73700-c891-46fd-8f5c-72bc827f2ef5:20160407213831.249:1950</Value>
          <Value>uSNChanged:1950:1:55a73700-c891-46fd-8f5c-72bc827f2ef5:20160407213831.249:1950</Value>
          <Value>uSNCreated:1950:1:55a73700-c891-46fd-8f5c-72bc827f2ef5:20160407213831.249:1950</Value>
        </AttributeMetadata>
      </ClassSchemaEntry>
      <ClassSchemaEntry>
        <Name>infrastructureUpdate</Name>
        <AttributeMetadata>
          <Value>auxiliaryClass:1916:1:55a73700-c891-46fd-8f5c-72bc827f2ef5:20160407213831.189:1916</Value>
          <Value>cn:1916:1:55a73700-c891-46fd-8f5c-72bc827f2ef5:20160407213831.189:1916</Value>
          <Value>createTimeStamp:1916:1:55a73700-c891-46fd-8f5c-72bc827f2ef5:20160407213831.189:1916</Value>
          <Value>defaultObjectCategory:1916:1:55a73700-c891-46fd-8f5c-72bc827f2ef5:20160407213831.189:1916</Value>
          <Value>entryDN:1916:1:55a73700-c891-46fd-8f5c-72bc827f2ef5:20160407213831.189:1916</Value>
          <Value>governsID:1916:1:55a73700-c891-46fd-8f5c-72bc827f2ef5:20160407213831.189:1916</Value>
          <Value>modifyTimeStamp:1916:1:55a73700-c891-46fd-8f5c-72bc827f2ef5:20160407213831.189:1916</Value>
          <Value>objectClass:1916:1:55a73700-c891-46fd-8f5c-72bc827f2ef5:20160407213831.189:1916</Value>
          <Value>objectClassCategory:1916:1:55a73700-c891-46fd-8f5c-72bc827f2ef5:20160407213831.189:1916</Value>
          <Value>objectGUID:1916:1:55a73700-c891-46fd-8f5c-72bc827f2ef5:20160407213831.189:1916</Value>
          <Value>schemaIDGUID:1916:1:55a73700-c891-46fd-8f5c-72bc827f2ef5:20160407213831.189:1916</Value>
          <Value>subClassOf:1916:1:55a73700-c891-46fd-8f5c-72bc827f2ef5:20160407213831.189:1916</Value>
          <Value>systemMayContain:1916:1:55a73700-c891-46fd-8f5c-72bc827f2ef5:20160407213831.189:1916</Value>
          <Value>uSNChanged:1916:1:55a73700-c891-46fd-8f5c-72bc827f2ef5:20160407213831.189:1916</Value>
          <Value>uSNCreated:1916:1:55a73700-c891-46fd-8f5c-72bc827f2ef5:20160407213831.189:1916</Value>
        </AttributeMetadata>
      </ClassSchemaEntry>
      <ClassSchemaEntry>
        <Name>intellimirrorGroup</Name>
        <AttributeMetadata>
          <Value>auxiliaryClass:2034:1:55a73700-c891-46fd-8f5c-72bc827f2ef5:20160407213831.394:2034</Value>
          <Value>cn:2034:1:55a73700-c891-46fd-8f5c-72bc827f2ef5:20160407213831.394:2034</Value>
          <Value>createTimeStamp:2034:1:55a73700-c891-46fd-8f5c-72bc827f2ef5:20160407213831.394:2034</Value>
          <Value>defaultObjectCategory:2034:1:55a73700-c891-46fd-8f5c-72bc827f2ef5:20160407213831.394:2034</Value>
          <Value>entryDN:2034:1:55a73700-c891-46fd-8f5c-72bc827f2ef5:20160407213831.394:2034</Value>
          <Value>governsID:2034:1:55a73700-c891-46fd-8f5c-72bc827f2ef5:20160407213831.394:2034</Value>
          <Value>modifyTimeStamp:2034:1:55a73700-c891-46fd-8f5c-72bc827f2ef5:20160407213831.394:2034</Value>
          <Value>objectClass:2034:1:55a73700-c891-46fd-8f5c-72bc827f2ef5:20160407213831.394:2034</Value>
          <Value>objectClassCategory:2034:1:55a73700-c891-46fd-8f5c-72bc827f2ef5:20160407213831.394:2034</Value>
          <Value>objectGUID:2034:1:55a73700-c891-46fd-8f5c-72bc827f2ef5:20160407213831.394:2034</Value>
          <Value>schemaIDGUID:2034:1:55a73700-c891-46fd-8f5c-72bc827f2ef5:20160407213831.394:2034</Value>
          <Value>subClassOf:2034:1:55a73700-c891-46fd-8f5c-72bc827f2ef5:20160407213831.394:2034</Value>
          <Value>uSNChanged:2034:1:55a73700-c891-46fd-8f5c-72bc827f2ef5:20160407213831.394:2034</Value>
          <Value>uSNCreated:2034:1:55a73700-c891-46fd-8f5c-72bc827f2ef5:20160407213831.394:2034</Value>
        </AttributeMetadata>
      </ClassSchemaEntry>
      <ClassSchemaEntry>
        <Name>intellimirrorSCP</Name>
        <AttributeMetadata>
          <Value>auxiliaryClass:1935:1:55a73700-c891-46fd-8f5c-72bc827f2ef5:20160407213831.227:1935</Value>
          <Value>cn:1935:1:55a73700-c891-46fd-8f5c-72bc827f2ef5:20160407213831.227:1935</Value>
          <Value>createTimeStamp:1935:1:55a73700-c891-46fd-8f5c-72bc827f2ef5:20160407213831.227:1935</Value>
          <Value>defaultObjectCategory:1935:1:55a73700-c891-46fd-8f5c-72bc827f2ef5:20160407213831.227:1935</Value>
          <Value>entryDN:1935:1:55a73700-c891-46fd-8f5c-72bc827f2ef5:20160407213831.227:1935</Value>
          <Value>governsID:1935:1:55a73700-c891-46fd-8f5c-72bc827f2ef5:20160407213831.227:1935</Value>
          <Value>modifyTimeStamp:1935:1:55a73700-c891-46fd-8f5c-72bc827f2ef5:20160407213831.227:1935</Value>
          <Value>objectClass:1935:1:55a73700-c891-46fd-8f5c-72bc827f2ef5:20160407213831.227:1935</Value>
          <Value>objectClassCategory:1935:1:55a73700-c891-46fd-8f5c-72bc827f2ef5:20160407213831.227:1935</Value>
          <Value>objectGUID:1935:1:55a73700-c891-46fd-8f5c-72bc827f2ef5:20160407213831.227:1935</Value>
          <Value>schemaIDGUID:1935:1:55a73700-c891-46fd-8f5c-72bc827f2ef5:20160407213831.227:1935</Value>
          <Value>subClassOf:1935:1:55a73700-c891-46fd-8f5c-72bc827f2ef5:20160407213831.227:1935</Value>
          <Value>systemMayContain:1935:1:55a73700-c891-46fd-8f5c-72bc827f2ef5:20160407213831.227:1935</Value>
          <Value>uSNChanged:1935:1:55a73700-c891-46fd-8f5c-72bc827f2ef5:20160407213831.227:1935</Value>
          <Value>uSNCreated:1935:1:55a73700-c891-46fd-8f5c-72bc827f2ef5:20160407213831.227:1935</Value>
        </AttributeMetadata>
      </ClassSchemaEntry>
      <ClassSchemaEntry>
        <Name>interSiteTransport</Name>
        <AttributeMetadata>
          <Value>auxiliaryClass:1951:1:55a73700-c891-46fd-8f5c-72bc827f2ef5:20160407213831.250:1951</Value>
          <Value>cn:1951:1:55a73700-c891-46fd-8f5c-72bc827f2ef5:20160407213831.250:1951</Value>
          <Value>createTimeStamp:1951:1:55a73700-c891-46fd-8f5c-72bc827f2ef5:20160407213831.250:1951</Value>
          <Value>defaultObjectCategory:1951:1:55a73700-c891-46fd-8f5c-72bc827f2ef5:20160407213831.250:1951</Value>
          <Value>entryDN:1951:1:55a73700-c891-46fd-8f5c-72bc827f2ef5:20160407213831.250:1951</Value>
          <Value>governsID:1951:1:55a73700-c891-46fd-8f5c-72bc827f2ef5:20160407213831.250:1951</Value>
          <Value>modifyTimeStamp:1951:1:55a73700-c891-46fd-8f5c-72bc827f2ef5:20160407213831.250:1951</Value>
          <Value>objectClass:1951:1:55a73700-c891-46fd-8f5c-72bc827f2ef5:20160407213831.250:1951</Value>
          <Value>objectClassCategory:1951:1:55a73700-c891-46fd-8f5c-72bc827f2ef5:20160407213831.250:1951</Value>
          <Value>objectGUID:1951:1:55a73700-c891-46fd-8f5c-72bc827f2ef5:20160407213831.250:1951</Value>
          <Value>schemaIDGUID:1951:1:55a73700-c891-46fd-8f5c-72bc827f2ef5:20160407213831.250:1951</Value>
          <Value>subClassOf:1951:1:55a73700-c891-46fd-8f5c-72bc827f2ef5:20160407213831.250:1951</Value>
          <Value>systemMayContain:1951:1:55a73700-c891-46fd-8f5c-72bc827f2ef5:20160407213831.250:1951</Value>
          <Value>systemMustContain:1951:1:55a73700-c891-46fd-8f5c-72bc827f2ef5:20160407213831.250:1951</Value>
          <Value>uSNChanged:1951:1:55a73700-c891-46fd-8f5c-72bc827f2ef5:20160407213831.250:1951</Value>
          <Value>uSNCreated:1951:1:55a73700-c891-46fd-8f5c-72bc827f2ef5:20160407213831.250:1951</Value>
        </AttributeMetadata>
      </ClassSchemaEntry>
      <ClassSchemaEntry>
        <Name>interSiteTransportContainer</Name>
        <AttributeMetadata>
          <Value>auxiliaryClass:2064:1:55a73700-c891-46fd-8f5c-72bc827f2ef5:20160407213831.448:2064</Value>
          <Value>cn:2064:1:55a73700-c891-46fd-8f5c-72bc827f2ef5:20160407213831.448:2064</Value>
          <Value>createTimeStamp:2064:1:55a73700-c891-46fd-8f5c-72bc827f2ef5:20160407213831.448:2064</Value>
          <Value>defaultObjectCategory:2064:1:55a73700-c891-46fd-8f5c-72bc827f2ef5:20160407213831.448:2064</Value>
          <Value>entryDN:2064:1:55a73700-c891-46fd-8f5c-72bc827f2ef5:20160407213831.448:2064</Value>
          <Value>governsID:2064:1:55a73700-c891-46fd-8f5c-72bc827f2ef5:20160407213831.448:2064</Value>
          <Value>modifyTimeStamp:2064:1:55a73700-c891-46fd-8f5c-72bc827f2ef5:20160407213831.448:2064</Value>
          <Value>objectClass:2064:1:55a73700-c891-46fd-8f5c-72bc827f2ef5:20160407213831.448:2064</Value>
          <Value>objectClassCategory:2064:1:55a73700-c891-46fd-8f5c-72bc827f2ef5:20160407213831.448:2064</Value>
          <Value>objectGUID:2064:1:55a73700-c891-46fd-8f5c-72bc827f2ef5:20160407213831.448:2064</Value>
          <Value>schemaIDGUID:2064:1:55a73700-c891-46fd-8f5c-72bc827f2ef5:20160407213831.448:2064</Value>
          <Value>subClassOf:2064:1:55a73700-c891-46fd-8f5c-72bc827f2ef5:20160407213831.448:2064</Value>
          <Value>uSNChanged:2064:1:55a73700-c891-46fd-8f5c-72bc827f2ef5:20160407213831.448:2064</Value>
          <Value>uSNCreated:2064:1:55a73700-c891-46fd-8f5c-72bc827f2ef5:20160407213831.448:2064</Value>
        </AttributeMetadata>
      </ClassSchemaEntry>
      <ClassSchemaEntry>
        <Name>ipHost</Name>
        <AttributeMetadata>
          <Value>cn:1977:1:55a73700-c891-46fd-8f5c-72bc827f2ef5:20160407213831.300:1977</Value>
          <Value>createTimeStamp:1977:1:55a73700-c891-46fd-8f5c-72bc827f2ef5:20160407213831.300:1977</Value>
          <Value>defaultObjectCategory:1977:1:55a73700-c891-46fd-8f5c-72bc827f2ef5:20160407213831.300:1977</Value>
          <Value>entryDN:1977:1:55a73700-c891-46fd-8f5c-72bc827f2ef5:20160407213831.300:1977</Value>
          <Value>governsID:1977:1:55a73700-c891-46fd-8f5c-72bc827f2ef5:20160407213831.300:1977</Value>
          <Value>modifyTimeStamp:1977:1:55a73700-c891-46fd-8f5c-72bc827f2ef5:20160407213831.300:1977</Value>
          <Value>objectClass:1977:1:55a73700-c891-46fd-8f5c-72bc827f2ef5:20160407213831.300:1977</Value>
          <Value>objectClassCategory:1977:1:55a73700-c891-46fd-8f5c-72bc827f2ef5:20160407213831.300:1977</Value>
          <Value>objectGUID:1977:1:55a73700-c891-46fd-8f5c-72bc827f2ef5:20160407213831.300:1977</Value>
          <Value>schemaIDGUID:1977:1:55a73700-c891-46fd-8f5c-72bc827f2ef5:20160407213831.300:1977</Value>
          <Value>subClassOf:1977:1:55a73700-c891-46fd-8f5c-72bc827f2ef5:20160407213831.300:1977</Value>
          <Value>systemMayContain:1977:1:55a73700-c891-46fd-8f5c-72bc827f2ef5:20160407213831.300:1977</Value>
          <Value>uSNChanged:1977:1:55a73700-c891-46fd-8f5c-72bc827f2ef5:20160407213831.300:1977</Value>
          <Value>uSNCreated:1977:1:55a73700-c891-46fd-8f5c-72bc827f2ef5:20160407213831.300:1977</Value>
        </AttributeMetadata>
      </ClassSchemaEntry>
      <ClassSchemaEntry>
        <Name>ipNetwork</Name>
        <AttributeMetadata>
          <Value>auxiliaryClass:1890:1:55a73700-c891-46fd-8f5c-72bc827f2ef5:20160407213831.151:1890</Value>
          <Value>cn:1890:1:55a73700-c891-46fd-8f5c-72bc827f2ef5:20160407213831.151:1890</Value>
          <Value>createTimeStamp:1890:1:55a73700-c891-46fd-8f5c-72bc827f2ef5:20160407213831.151:1890</Value>
          <Value>defaultObjectCategory:1890:1:55a73700-c891-46fd-8f5c-72bc827f2ef5:20160407213831.151:1890</Value>
          <Value>entryDN:1890:1:55a73700-c891-46fd-8f5c-72bc827f2ef5:20160407213831.151:1890</Value>
          <Value>governsID:1890:1:55a73700-c891-46fd-8f5c-72bc827f2ef5:20160407213831.151:1890</Value>
          <Value>modifyTimeStamp:1890:1:55a73700-c891-46fd-8f5c-72bc827f2ef5:20160407213831.151:1890</Value>
          <Value>objectClass:1890:1:55a73700-c891-46fd-8f5c-72bc827f2ef5:20160407213831.151:1890</Value>
          <Value>objectClassCategory:1890:1:55a73700-c891-46fd-8f5c-72bc827f2ef5:20160407213831.151:1890</Value>
          <Value>objectGUID:1890:1:55a73700-c891-46fd-8f5c-72bc827f2ef5:20160407213831.151:1890</Value>
          <Value>schemaIDGUID:1890:1:55a73700-c891-46fd-8f5c-72bc827f2ef5:20160407213831.151:1890</Value>
          <Value>subClassOf:1890:1:55a73700-c891-46fd-8f5c-72bc827f2ef5:20160407213831.151:1890</Value>
          <Value>systemMayContain:1890:1:55a73700-c891-46fd-8f5c-72bc827f2ef5:20160407213831.151:1890</Value>
          <Value>systemMustContain:1890:1:55a73700-c891-46fd-8f5c-72bc827f2ef5:20160407213831.151:1890</Value>
          <Value>uSNChanged:1890:1:55a73700-c891-46fd-8f5c-72bc827f2ef5:20160407213831.151:1890</Value>
          <Value>uSNCreated:1890:1:55a73700-c891-46fd-8f5c-72bc827f2ef5:20160407213831.151:1890</Value>
        </AttributeMetadata>
      </ClassSchemaEntry>
      <ClassSchemaEntry>
        <Name>ipProtocol</Name>
        <AttributeMetadata>
          <Value>auxiliaryClass:2003:1:55a73700-c891-46fd-8f5c-72bc827f2ef5:20160407213831.347:2003</Value>
          <Value>cn:2003:1:55a73700-c891-46fd-8f5c-72bc827f2ef5:20160407213831.347:2003</Value>
          <Value>createTimeStamp:2003:1:55a73700-c891-46fd-8f5c-72bc827f2ef5:20160407213831.347:2003</Value>
          <Value>defaultObjectCategory:2003:1:55a73700-c891-46fd-8f5c-72bc827f2ef5:20160407213831.347:2003</Value>
          <Value>entryDN:2003:1:55a73700-c891-46fd-8f5c-72bc827f2ef5:20160407213831.347:2003</Value>
          <Value>governsID:2003:1:55a73700-c891-46fd-8f5c-72bc827f2ef5:20160407213831.347:2003</Value>
          <Value>modifyTimeStamp:2003:1:55a73700-c891-46fd-8f5c-72bc827f2ef5:20160407213831.347:2003</Value>
          <Value>objectClass:2003:1:55a73700-c891-46fd-8f5c-72bc827f2ef5:20160407213831.347:2003</Value>
          <Value>objectClassCategory:2003:1:55a73700-c891-46fd-8f5c-72bc827f2ef5:20160407213831.347:2003</Value>
          <Value>objectGUID:2003:1:55a73700-c891-46fd-8f5c-72bc827f2ef5:20160407213831.347:2003</Value>
          <Value>schemaIDGUID:2003:1:55a73700-c891-46fd-8f5c-72bc827f2ef5:20160407213831.347:2003</Value>
          <Value>subClassOf:2003:1:55a73700-c891-46fd-8f5c-72bc827f2ef5:20160407213831.347:2003</Value>
          <Value>systemMayContain:2003:1:55a73700-c891-46fd-8f5c-72bc827f2ef5:20160407213831.347:2003</Value>
          <Value>systemMustContain:2003:1:55a73700-c891-46fd-8f5c-72bc827f2ef5:20160407213831.347:2003</Value>
          <Value>uSNChanged:2003:1:55a73700-c891-46fd-8f5c-72bc827f2ef5:20160407213831.347:2003</Value>
          <Value>uSNCreated:2003:1:55a73700-c891-46fd-8f5c-72bc827f2ef5:20160407213831.347:2003</Value>
        </AttributeMetadata>
      </ClassSchemaEntry>
      <ClassSchemaEntry>
        <Name>ipsecBase</Name>
        <AttributeMetadata>
          <Value>cn:1805:1:55a73700-c891-46fd-8f5c-72bc827f2ef5:20160407213831.009:1805</Value>
          <Value>createTimeStamp:1805:1:55a73700-c891-46fd-8f5c-72bc827f2ef5:20160407213831.009:1805</Value>
          <Value>defaultObjectCategory:1805:1:55a73700-c891-46fd-8f5c-72bc827f2ef5:20160407213831.009:1805</Value>
          <Value>entryDN:1805:1:55a73700-c891-46fd-8f5c-72bc827f2ef5:20160407213831.009:1805</Value>
          <Value>governsID:1805:1:55a73700-c891-46fd-8f5c-72bc827f2ef5:20160407213831.009:1805</Value>
          <Value>modifyTimeStamp:1805:1:55a73700-c891-46fd-8f5c-72bc827f2ef5:20160407213831.009:1805</Value>
          <Value>objectClass:1805:1:55a73700-c891-46fd-8f5c-72bc827f2ef5:20160407213831.009:1805</Value>
          <Value>objectClassCategory:1805:1:55a73700-c891-46fd-8f5c-72bc827f2ef5:20160407213831.009:1805</Value>
          <Value>objectGUID:1805:1:55a73700-c891-46fd-8f5c-72bc827f2ef5:20160407213831.009:1805</Value>
          <Value>schemaIDGUID:1805:1:55a73700-c891-46fd-8f5c-72bc827f2ef5:20160407213831.009:1805</Value>
          <Value>subClassOf:1805:1:55a73700-c891-46fd-8f5c-72bc827f2ef5:20160407213831.009:1805</Value>
          <Value>systemMayContain:1805:1:55a73700-c891-46fd-8f5c-72bc827f2ef5:20160407213831.009:1805</Value>
          <Value>uSNChanged:1805:1:55a73700-c891-46fd-8f5c-72bc827f2ef5:20160407213831.009:1805</Value>
          <Value>uSNCreated:1805:1:55a73700-c891-46fd-8f5c-72bc827f2ef5:20160407213831.009:1805</Value>
        </AttributeMetadata>
      </ClassSchemaEntry>
      <ClassSchemaEntry>
        <Name>ipsecFilter</Name>
        <AttributeMetadata>
          <Value>auxiliaryClass:1772:1:55a73700-c891-46fd-8f5c-72bc827f2ef5:20160407213830.951:1772</Value>
          <Value>cn:1772:1:55a73700-c891-46fd-8f5c-72bc827f2ef5:20160407213830.951:1772</Value>
          <Value>createTimeStamp:1772:1:55a73700-c891-46fd-8f5c-72bc827f2ef5:20160407213830.951:1772</Value>
          <Value>defaultObjectCategory:1772:1:55a73700-c891-46fd-8f5c-72bc827f2ef5:20160407213830.951:1772</Value>
          <Value>entryDN:1772:1:55a73700-c891-46fd-8f5c-72bc827f2ef5:20160407213830.951:1772</Value>
          <Value>governsID:1772:1:55a73700-c891-46fd-8f5c-72bc827f2ef5:20160407213830.951:1772</Value>
          <Value>modifyTimeStamp:1772:1:55a73700-c891-46fd-8f5c-72bc827f2ef5:20160407213830.951:1772</Value>
          <Value>objectClass:1772:1:55a73700-c891-46fd-8f5c-72bc827f2ef5:20160407213830.951:1772</Value>
          <Value>objectClassCategory:1772:1:55a73700-c891-46fd-8f5c-72bc827f2ef5:20160407213830.951:1772</Value>
          <Value>objectGUID:1772:1:55a73700-c891-46fd-8f5c-72bc827f2ef5:20160407213830.951:1772</Value>
          <Value>schemaIDGUID:1772:1:55a73700-c891-46fd-8f5c-72bc827f2ef5:20160407213830.951:1772</Value>
          <Value>subClassOf:1772:1:55a73700-c891-46fd-8f5c-72bc827f2ef5:20160407213830.951:1772</Value>
          <Value>uSNChanged:1772:1:55a73700-c891-46fd-8f5c-72bc827f2ef5:20160407213830.951:1772</Value>
          <Value>uSNCreated:1772:1:55a73700-c891-46fd-8f5c-72bc827f2ef5:20160407213830.951:1772</Value>
        </AttributeMetadata>
      </ClassSchemaEntry>
      <ClassSchemaEntry>
        <Name>ipsecISAKMPPolicy</Name>
        <AttributeMetadata>
          <Value>auxiliaryClass:1990:1:55a73700-c891-46fd-8f5c-72bc827f2ef5:20160407213831.325:1990</Value>
          <Value>cn:1990:1:55a73700-c891-46fd-8f5c-72bc827f2ef5:20160407213831.325:1990</Value>
          <Value>createTimeStamp:1990:1:55a73700-c891-46fd-8f5c-72bc827f2ef5:20160407213831.325:1990</Value>
          <Value>defaultObjectCategory:1990:1:55a73700-c891-46fd-8f5c-72bc827f2ef5:20160407213831.325:1990</Value>
          <Value>entryDN:1990:1:55a73700-c891-46fd-8f5c-72bc827f2ef5:20160407213831.325:1990</Value>
          <Value>governsID:1990:1:55a73700-c891-46fd-8f5c-72bc827f2ef5:20160407213831.325:1990</Value>
          <Value>modifyTimeStamp:1990:1:55a73700-c891-46fd-8f5c-72bc827f2ef5:20160407213831.325:1990</Value>
          <Value>objectClass:1990:1:55a73700-c891-46fd-8f5c-72bc827f2ef5:20160407213831.325:1990</Value>
          <Value>objectClassCategory:1990:1:55a73700-c891-46fd-8f5c-72bc827f2ef5:20160407213831.325:1990</Value>
          <Value>objectGUID:1990:1:55a73700-c891-46fd-8f5c-72bc827f2ef5:20160407213831.325:1990</Value>
          <Value>schemaIDGUID:1990:1:55a73700-c891-46fd-8f5c-72bc827f2ef5:20160407213831.325:1990</Value>
          <Value>subClassOf:1990:1:55a73700-c891-46fd-8f5c-72bc827f2ef5:20160407213831.325:1990</Value>
          <Value>uSNChanged:1990:1:55a73700-c891-46fd-8f5c-72bc827f2ef5:20160407213831.325:1990</Value>
          <Value>uSNCreated:1990:1:55a73700-c891-46fd-8f5c-72bc827f2ef5:20160407213831.325:1990</Value>
        </AttributeMetadata>
      </ClassSchemaEntry>
      <ClassSchemaEntry>
        <Name>ipsecNegotiationPolicy</Name>
        <AttributeMetadata>
          <Value>auxiliaryClass:1891:1:55a73700-c891-46fd-8f5c-72bc827f2ef5:20160407213831.152:1891</Value>
          <Value>cn:1891:1:55a73700-c891-46fd-8f5c-72bc827f2ef5:20160407213831.152:1891</Value>
          <Value>createTimeStamp:1891:1:55a73700-c891-46fd-8f5c-72bc827f2ef5:20160407213831.152:1891</Value>
          <Value>defaultObjectCategory:1891:1:55a73700-c891-46fd-8f5c-72bc827f2ef5:20160407213831.152:1891</Value>
          <Value>entryDN:1891:1:55a73700-c891-46fd-8f5c-72bc827f2ef5:20160407213831.152:1891</Value>
          <Value>governsID:1891:1:55a73700-c891-46fd-8f5c-72bc827f2ef5:20160407213831.152:1891</Value>
          <Value>modifyTimeStamp:1891:1:55a73700-c891-46fd-8f5c-72bc827f2ef5:20160407213831.152:1891</Value>
          <Value>objectClass:1891:1:55a73700-c891-46fd-8f5c-72bc827f2ef5:20160407213831.152:1891</Value>
          <Value>objectClassCategory:1891:1:55a73700-c891-46fd-8f5c-72bc827f2ef5:20160407213831.152:1891</Value>
          <Value>objectGUID:1891:1:55a73700-c891-46fd-8f5c-72bc827f2ef5:20160407213831.152:1891</Value>
          <Value>schemaIDGUID:1891:1:55a73700-c891-46fd-8f5c-72bc827f2ef5:20160407213831.152:1891</Value>
          <Value>subClassOf:1891:1:55a73700-c891-46fd-8f5c-72bc827f2ef5:20160407213831.152:1891</Value>
          <Value>systemMayContain:1891:1:55a73700-c891-46fd-8f5c-72bc827f2ef5:20160407213831.152:1891</Value>
          <Value>uSNChanged:1891:1:55a73700-c891-46fd-8f5c-72bc827f2ef5:20160407213831.152:1891</Value>
          <Value>uSNCreated:1891:1:55a73700-c891-46fd-8f5c-72bc827f2ef5:20160407213831.152:1891</Value>
        </AttributeMetadata>
      </ClassSchemaEntry>
      <ClassSchemaEntry>
        <Name>ipsecNFA</Name>
        <AttributeMetadata>
          <Value>auxiliaryClass:1792:1:55a73700-c891-46fd-8f5c-72bc827f2ef5:20160407213830.983:1792</Value>
          <Value>cn:1792:1:55a73700-c891-46fd-8f5c-72bc827f2ef5:20160407213830.983:1792</Value>
          <Value>createTimeStamp:1792:1:55a73700-c891-46fd-8f5c-72bc827f2ef5:20160407213830.983:1792</Value>
          <Value>defaultObjectCategory:1792:1:55a73700-c891-46fd-8f5c-72bc827f2ef5:20160407213830.983:1792</Value>
          <Value>entryDN:1792:1:55a73700-c891-46fd-8f5c-72bc827f2ef5:20160407213830.983:1792</Value>
          <Value>governsID:1792:1:55a73700-c891-46fd-8f5c-72bc827f2ef5:20160407213830.983:1792</Value>
          <Value>modifyTimeStamp:1792:1:55a73700-c891-46fd-8f5c-72bc827f2ef5:20160407213830.983:1792</Value>
          <Value>objectClass:1792:1:55a73700-c891-46fd-8f5c-72bc827f2ef5:20160407213830.983:1792</Value>
          <Value>objectClassCategory:1792:1:55a73700-c891-46fd-8f5c-72bc827f2ef5:20160407213830.983:1792</Value>
          <Value>objectGUID:1792:1:55a73700-c891-46fd-8f5c-72bc827f2ef5:20160407213830.983:1792</Value>
          <Value>schemaIDGUID:1792:1:55a73700-c891-46fd-8f5c-72bc827f2ef5:20160407213830.983:1792</Value>
          <Value>subClassOf:1792:1:55a73700-c891-46fd-8f5c-72bc827f2ef5:20160407213830.983:1792</Value>
          <Value>systemMayContain:1792:1:55a73700-c891-46fd-8f5c-72bc827f2ef5:20160407213830.983:1792</Value>
          <Value>uSNChanged:1792:1:55a73700-c891-46fd-8f5c-72bc827f2ef5:20160407213830.983:1792</Value>
          <Value>uSNCreated:1792:1:55a73700-c891-46fd-8f5c-72bc827f2ef5:20160407213830.983:1792</Value>
        </AttributeMetadata>
      </ClassSchemaEntry>
      <ClassSchemaEntry>
        <Name>ipsecPolicy</Name>
        <AttributeMetadata>
          <Value>auxiliaryClass:1926:1:55a73700-c891-46fd-8f5c-72bc827f2ef5:20160407213831.211:1926</Value>
          <Value>cn:1926:1:55a73700-c891-46fd-8f5c-72bc827f2ef5:20160407213831.211:1926</Value>
          <Value>createTimeStamp:1926:1:55a73700-c891-46fd-8f5c-72bc827f2ef5:20160407213831.211:1926</Value>
          <Value>defaultObjectCategory:1926:1:55a73700-c891-46fd-8f5c-72bc827f2ef5:20160407213831.211:1926</Value>
          <Value>entryDN:1926:1:55a73700-c891-46fd-8f5c-72bc827f2ef5:20160407213831.211:1926</Value>
          <Value>governsID:1926:1:55a73700-c891-46fd-8f5c-72bc827f2ef5:20160407213831.211:1926</Value>
          <Value>modifyTimeStamp:1926:1:55a73700-c891-46fd-8f5c-72bc827f2ef5:20160407213831.211:1926</Value>
          <Value>objectClass:1926:1:55a73700-c891-46fd-8f5c-72bc827f2ef5:20160407213831.211:1926</Value>
          <Value>objectClassCategory:1926:1:55a73700-c891-46fd-8f5c-72bc827f2ef5:20160407213831.211:1926</Value>
          <Value>objectGUID:1926:1:55a73700-c891-46fd-8f5c-72bc827f2ef5:20160407213831.211:1926</Value>
          <Value>schemaIDGUID:1926:1:55a73700-c891-46fd-8f5c-72bc827f2ef5:20160407213831.211:1926</Value>
          <Value>subClassOf:1926:1:55a73700-c891-46fd-8f5c-72bc827f2ef5:20160407213831.211:1926</Value>
          <Value>systemMayContain:1926:1:55a73700-c891-46fd-8f5c-72bc827f2ef5:20160407213831.211:1926</Value>
          <Value>uSNChanged:1926:1:55a73700-c891-46fd-8f5c-72bc827f2ef5:20160407213831.211:1926</Value>
          <Value>uSNCreated:1926:1:55a73700-c891-46fd-8f5c-72bc827f2ef5:20160407213831.211:1926</Value>
        </AttributeMetadata>
      </ClassSchemaEntry>
      <ClassSchemaEntry>
        <Name>ipService</Name>
        <AttributeMetadata>
          <Value>auxiliaryClass:1873:1:55a73700-c891-46fd-8f5c-72bc827f2ef5:20160407213831.121:1873</Value>
          <Value>cn:1873:1:55a73700-c891-46fd-8f5c-72bc827f2ef5:20160407213831.121:1873</Value>
          <Value>createTimeStamp:1873:1:55a73700-c891-46fd-8f5c-72bc827f2ef5:20160407213831.121:1873</Value>
          <Value>defaultObjectCategory:1873:1:55a73700-c891-46fd-8f5c-72bc827f2ef5:20160407213831.121:1873</Value>
          <Value>entryDN:1873:1:55a73700-c891-46fd-8f5c-72bc827f2ef5:20160407213831.121:1873</Value>
          <Value>governsID:1873:1:55a73700-c891-46fd-8f5c-72bc827f2ef5:20160407213831.121:1873</Value>
          <Value>modifyTimeStamp:1873:1:55a73700-c891-46fd-8f5c-72bc827f2ef5:20160407213831.121:1873</Value>
          <Value>objectClass:1873:1:55a73700-c891-46fd-8f5c-72bc827f2ef5:20160407213831.121:1873</Value>
          <Value>objectClassCategory:1873:1:55a73700-c891-46fd-8f5c-72bc827f2ef5:20160407213831.121:1873</Value>
          <Value>objectGUID:1873:1:55a73700-c891-46fd-8f5c-72bc827f2ef5:20160407213831.121:1873</Value>
          <Value>schemaIDGUID:1873:1:55a73700-c891-46fd-8f5c-72bc827f2ef5:20160407213831.121:1873</Value>
          <Value>subClassOf:1873:1:55a73700-c891-46fd-8f5c-72bc827f2ef5:20160407213831.121:1873</Value>
          <Value>systemMayContain:1873:1:55a73700-c891-46fd-8f5c-72bc827f2ef5:20160407213831.121:1873</Value>
          <Value>systemMustContain:1873:1:55a73700-c891-46fd-8f5c-72bc827f2ef5:20160407213831.121:1873</Value>
          <Value>uSNChanged:1873:1:55a73700-c891-46fd-8f5c-72bc827f2ef5:20160407213831.121:1873</Value>
          <Value>uSNCreated:1873:1:55a73700-c891-46fd-8f5c-72bc827f2ef5:20160407213831.121:1873</Value>
        </AttributeMetadata>
      </ClassSchemaEntry>
      <ClassSchemaEntry>
        <Name>krbAdmService</Name>
        <AttributeMetadata>
          <Value>cn:1871:1:55a73700-c891-46fd-8f5c-72bc827f2ef5:20160407213831.119:1871</Value>
          <Value>createTimeStamp:1871:1:55a73700-c891-46fd-8f5c-72bc827f2ef5:20160407213831.119:1871</Value>
          <Value>defaultObjectCategory:1871:1:55a73700-c891-46fd-8f5c-72bc827f2ef5:20160407213831.119:1871</Value>
          <Value>entryDN:1871:1:55a73700-c891-46fd-8f5c-72bc827f2ef5:20160407213831.119:1871</Value>
          <Value>governsID:1871:1:55a73700-c891-46fd-8f5c-72bc827f2ef5:20160407213831.119:1871</Value>
          <Value>modifyTimeStamp:1871:1:55a73700-c891-46fd-8f5c-72bc827f2ef5:20160407213831.119:1871</Value>
          <Value>objectClass:1871:1:55a73700-c891-46fd-8f5c-72bc827f2ef5:20160407213831.119:1871</Value>
          <Value>objectClassCategory:1871:1:55a73700-c891-46fd-8f5c-72bc827f2ef5:20160407213831.119:1871</Value>
          <Value>objectGUID:1871:1:55a73700-c891-46fd-8f5c-72bc827f2ef5:20160407213831.119:1871</Value>
          <Value>schemaIDGUID:1871:1:55a73700-c891-46fd-8f5c-72bc827f2ef5:20160407213831.119:1871</Value>
          <Value>subClassOf:1871:1:55a73700-c891-46fd-8f5c-72bc827f2ef5:20160407213831.119:1871</Value>
          <Value>uSNChanged:1871:1:55a73700-c891-46fd-8f5c-72bc827f2ef5:20160407213831.119:1871</Value>
          <Value>uSNCreated:1871:1:55a73700-c891-46fd-8f5c-72bc827f2ef5:20160407213831.119:1871</Value>
        </AttributeMetadata>
      </ClassSchemaEntry>
      <ClassSchemaEntry>
        <Name>krbContainer</Name>
        <AttributeMetadata>
          <Value>cn:1870:1:55a73700-c891-46fd-8f5c-72bc827f2ef5:20160407213831.118:1870</Value>
          <Value>createTimeStamp:1870:1:55a73700-c891-46fd-8f5c-72bc827f2ef5:20160407213831.118:1870</Value>
          <Value>defaultObjectCategory:1870:1:55a73700-c891-46fd-8f5c-72bc827f2ef5:20160407213831.118:1870</Value>
          <Value>entryDN:1870:1:55a73700-c891-46fd-8f5c-72bc827f2ef5:20160407213831.118:1870</Value>
          <Value>governsID:1870:1:55a73700-c891-46fd-8f5c-72bc827f2ef5:20160407213831.118:1870</Value>
          <Value>modifyTimeStamp:1870:1:55a73700-c891-46fd-8f5c-72bc827f2ef5:20160407213831.118:1870</Value>
          <Value>objectClass:1870:1:55a73700-c891-46fd-8f5c-72bc827f2ef5:20160407213831.118:1870</Value>
          <Value>objectClassCategory:1870:1:55a73700-c891-46fd-8f5c-72bc827f2ef5:20160407213831.118:1870</Value>
          <Value>objectGUID:1870:1:55a73700-c891-46fd-8f5c-72bc827f2ef5:20160407213831.118:1870</Value>
          <Value>schemaIDGUID:1870:1:55a73700-c891-46fd-8f5c-72bc827f2ef5:20160407213831.118:1870</Value>
          <Value>subClassOf:1870:1:55a73700-c891-46fd-8f5c-72bc827f2ef5:20160407213831.118:1870</Value>
          <Value>systemMustContain:1870:1:55a73700-c891-46fd-8f5c-72bc827f2ef5:20160407213831.118:1870</Value>
          <Value>uSNChanged:1870:1:55a73700-c891-46fd-8f5c-72bc827f2ef5:20160407213831.118:1870</Value>
          <Value>uSNCreated:1870:1:55a73700-c891-46fd-8f5c-72bc827f2ef5:20160407213831.118:1870</Value>
        </AttributeMetadata>
      </ClassSchemaEntry>
      <ClassSchemaEntry>
        <Name>krbKdcService</Name>
        <AttributeMetadata>
          <Value>cn:1889:1:55a73700-c891-46fd-8f5c-72bc827f2ef5:20160407213831.150:1889</Value>
          <Value>createTimeStamp:1889:1:55a73700-c891-46fd-8f5c-72bc827f2ef5:20160407213831.150:1889</Value>
          <Value>defaultObjectCategory:1889:1:55a73700-c891-46fd-8f5c-72bc827f2ef5:20160407213831.150:1889</Value>
          <Value>entryDN:1889:1:55a73700-c891-46fd-8f5c-72bc827f2ef5:20160407213831.150:1889</Value>
          <Value>governsID:1889:1:55a73700-c891-46fd-8f5c-72bc827f2ef5:20160407213831.150:1889</Value>
          <Value>modifyTimeStamp:1889:1:55a73700-c891-46fd-8f5c-72bc827f2ef5:20160407213831.150:1889</Value>
          <Value>objectClass:1889:1:55a73700-c891-46fd-8f5c-72bc827f2ef5:20160407213831.150:1889</Value>
          <Value>objectClassCategory:1889:1:55a73700-c891-46fd-8f5c-72bc827f2ef5:20160407213831.150:1889</Value>
          <Value>objectGUID:1889:1:55a73700-c891-46fd-8f5c-72bc827f2ef5:20160407213831.150:1889</Value>
          <Value>schemaIDGUID:1889:1:55a73700-c891-46fd-8f5c-72bc827f2ef5:20160407213831.150:1889</Value>
          <Value>subClassOf:1889:1:55a73700-c891-46fd-8f5c-72bc827f2ef5:20160407213831.150:1889</Value>
          <Value>uSNChanged:1889:1:55a73700-c891-46fd-8f5c-72bc827f2ef5:20160407213831.150:1889</Value>
          <Value>uSNCreated:1889:1:55a73700-c891-46fd-8f5c-72bc827f2ef5:20160407213831.150:1889</Value>
        </AttributeMetadata>
      </ClassSchemaEntry>
      <ClassSchemaEntry>
        <Name>krbPrincipal</Name>
        <AttributeMetadata>
          <Value>cn:1898:1:55a73700-c891-46fd-8f5c-72bc827f2ef5:20160407213831.159:1898</Value>
          <Value>createTimeStamp:1898:1:55a73700-c891-46fd-8f5c-72bc827f2ef5:20160407213831.159:1898</Value>
          <Value>defaultObjectCategory:1898:1:55a73700-c891-46fd-8f5c-72bc827f2ef5:20160407213831.159:1898</Value>
          <Value>entryDN:1898:1:55a73700-c891-46fd-8f5c-72bc827f2ef5:20160407213831.159:1898</Value>
          <Value>governsID:1898:1:55a73700-c891-46fd-8f5c-72bc827f2ef5:20160407213831.159:1898</Value>
          <Value>modifyTimeStamp:1898:1:55a73700-c891-46fd-8f5c-72bc827f2ef5:20160407213831.159:1898</Value>
          <Value>objectClass:1898:1:55a73700-c891-46fd-8f5c-72bc827f2ef5:20160407213831.159:1898</Value>
          <Value>objectClassCategory:1898:1:55a73700-c891-46fd-8f5c-72bc827f2ef5:20160407213831.159:1898</Value>
          <Value>objectGUID:1898:1:55a73700-c891-46fd-8f5c-72bc827f2ef5:20160407213831.159:1898</Value>
          <Value>schemaIDGUID:1898:1:55a73700-c891-46fd-8f5c-72bc827f2ef5:20160407213831.159:1898</Value>
          <Value>subClassOf:1898:1:55a73700-c891-46fd-8f5c-72bc827f2ef5:20160407213831.159:1898</Value>
          <Value>systemMayContain:1898:1:55a73700-c891-46fd-8f5c-72bc827f2ef5:20160407213831.159:1898</Value>
          <Value>systemMustContain:1898:1:55a73700-c891-46fd-8f5c-72bc827f2ef5:20160407213831.159:1898</Value>
          <Value>uSNChanged:1898:1:55a73700-c891-46fd-8f5c-72bc827f2ef5:20160407213831.159:1898</Value>
          <Value>uSNCreated:1898:1:55a73700-c891-46fd-8f5c-72bc827f2ef5:20160407213831.159:1898</Value>
        </AttributeMetadata>
      </ClassSchemaEntry>
      <ClassSchemaEntry>
        <Name>krbPrincipalAux</Name>
        <AttributeMetadata>
          <Value>cn:1957:1:55a73700-c891-46fd-8f5c-72bc827f2ef5:20160407213831.267:1957</Value>
          <Value>createTimeStamp:1957:1:55a73700-c891-46fd-8f5c-72bc827f2ef5:20160407213831.267:1957</Value>
          <Value>defaultObjectCategory:1957:1:55a73700-c891-46fd-8f5c-72bc827f2ef5:20160407213831.267:1957</Value>
          <Value>entryDN:1957:1:55a73700-c891-46fd-8f5c-72bc827f2ef5:20160407213831.267:1957</Value>
          <Value>governsID:1957:1:55a73700-c891-46fd-8f5c-72bc827f2ef5:20160407213831.267:1957</Value>
          <Value>modifyTimeStamp:1957:1:55a73700-c891-46fd-8f5c-72bc827f2ef5:20160407213831.267:1957</Value>
          <Value>objectClass:1957:1:55a73700-c891-46fd-8f5c-72bc827f2ef5:20160407213831.267:1957</Value>
          <Value>objectClassCategory:1957:1:55a73700-c891-46fd-8f5c-72bc827f2ef5:20160407213831.267:1957</Value>
          <Value>objectGUID:1957:1:55a73700-c891-46fd-8f5c-72bc827f2ef5:20160407213831.267:1957</Value>
          <Value>schemaIDGUID:1957:1:55a73700-c891-46fd-8f5c-72bc827f2ef5:20160407213831.267:1957</Value>
          <Value>subClassOf:1957:1:55a73700-c891-46fd-8f5c-72bc827f2ef5:20160407213831.267:1957</Value>
          <Value>systemMayContain:1957:1:55a73700-c891-46fd-8f5c-72bc827f2ef5:20160407213831.267:1957</Value>
          <Value>uSNChanged:1957:1:55a73700-c891-46fd-8f5c-72bc827f2ef5:20160407213831.267:1957</Value>
          <Value>uSNCreated:1957:1:55a73700-c891-46fd-8f5c-72bc827f2ef5:20160407213831.267:1957</Value>
        </AttributeMetadata>
      </ClassSchemaEntry>
      <ClassSchemaEntry>
        <Name>krbPrincRefAux</Name>
        <AttributeMetadata>
          <Value>cn:2037:1:55a73700-c891-46fd-8f5c-72bc827f2ef5:20160407213831.397:2037</Value>
          <Value>createTimeStamp:2037:1:55a73700-c891-46fd-8f5c-72bc827f2ef5:20160407213831.397:2037</Value>
          <Value>defaultObjectCategory:2037:1:55a73700-c891-46fd-8f5c-72bc827f2ef5:20160407213831.397:2037</Value>
          <Value>entryDN:2037:1:55a73700-c891-46fd-8f5c-72bc827f2ef5:20160407213831.397:2037</Value>
          <Value>governsID:2037:1:55a73700-c891-46fd-8f5c-72bc827f2ef5:20160407213831.397:2037</Value>
          <Value>modifyTimeStamp:2037:1:55a73700-c891-46fd-8f5c-72bc827f2ef5:20160407213831.397:2037</Value>
          <Value>objectClass:2037:1:55a73700-c891-46fd-8f5c-72bc827f2ef5:20160407213831.397:2037</Value>
          <Value>objectClassCategory:2037:1:55a73700-c891-46fd-8f5c-72bc827f2ef5:20160407213831.397:2037</Value>
          <Value>objectGUID:2037:1:55a73700-c891-46fd-8f5c-72bc827f2ef5:20160407213831.397:2037</Value>
          <Value>schemaIDGUID:2037:1:55a73700-c891-46fd-8f5c-72bc827f2ef5:20160407213831.397:2037</Value>
          <Value>subClassOf:2037:1:55a73700-c891-46fd-8f5c-72bc827f2ef5:20160407213831.397:2037</Value>
          <Value>systemMayContain:2037:1:55a73700-c891-46fd-8f5c-72bc827f2ef5:20160407213831.397:2037</Value>
          <Value>uSNChanged:2037:1:55a73700-c891-46fd-8f5c-72bc827f2ef5:20160407213831.397:2037</Value>
          <Value>uSNCreated:2037:1:55a73700-c891-46fd-8f5c-72bc827f2ef5:20160407213831.397:2037</Value>
        </AttributeMetadata>
      </ClassSchemaEntry>
      <ClassSchemaEntry>
        <Name>krbPwdPolicy</Name>
        <AttributeMetadata>
          <Value>cn:1899:1:55a73700-c891-46fd-8f5c-72bc827f2ef5:20160407213831.160:1899</Value>
          <Value>createTimeStamp:1899:1:55a73700-c891-46fd-8f5c-72bc827f2ef5:20160407213831.160:1899</Value>
          <Value>defaultObjectCategory:1899:1:55a73700-c891-46fd-8f5c-72bc827f2ef5:20160407213831.160:1899</Value>
          <Value>entryDN:1899:1:55a73700-c891-46fd-8f5c-72bc827f2ef5:20160407213831.160:1899</Value>
          <Value>governsID:1899:1:55a73700-c891-46fd-8f5c-72bc827f2ef5:20160407213831.160:1899</Value>
          <Value>modifyTimeStamp:1899:1:55a73700-c891-46fd-8f5c-72bc827f2ef5:20160407213831.160:1899</Value>
          <Value>objectClass:1899:1:55a73700-c891-46fd-8f5c-72bc827f2ef5:20160407213831.160:1899</Value>
          <Value>objectClassCategory:1899:1:55a73700-c891-46fd-8f5c-72bc827f2ef5:20160407213831.160:1899</Value>
          <Value>objectGUID:1899:1:55a73700-c891-46fd-8f5c-72bc827f2ef5:20160407213831.160:1899</Value>
          <Value>schemaIDGUID:1899:1:55a73700-c891-46fd-8f5c-72bc827f2ef5:20160407213831.160:1899</Value>
          <Value>subClassOf:1899:1:55a73700-c891-46fd-8f5c-72bc827f2ef5:20160407213831.160:1899</Value>
          <Value>systemMayContain:1899:1:55a73700-c891-46fd-8f5c-72bc827f2ef5:20160407213831.160:1899</Value>
          <Value>systemMustContain:1899:1:55a73700-c891-46fd-8f5c-72bc827f2ef5:20160407213831.160:1899</Value>
          <Value>uSNChanged:1899:1:55a73700-c891-46fd-8f5c-72bc827f2ef5:20160407213831.160:1899</Value>
          <Value>uSNCreated:1899:1:55a73700-c891-46fd-8f5c-72bc827f2ef5:20160407213831.160:1899</Value>
        </AttributeMetadata>
      </ClassSchemaEntry>
      <ClassSchemaEntry>
        <Name>krbPwdService</Name>
        <AttributeMetadata>
          <Value>cn:1822:1:55a73700-c891-46fd-8f5c-72bc827f2ef5:20160407213831.037:1822</Value>
          <Value>createTimeStamp:1822:1:55a73700-c891-46fd-8f5c-72bc827f2ef5:20160407213831.037:1822</Value>
          <Value>defaultObjectCategory:1822:1:55a73700-c891-46fd-8f5c-72bc827f2ef5:20160407213831.037:1822</Value>
          <Value>entryDN:1822:1:55a73700-c891-46fd-8f5c-72bc827f2ef5:20160407213831.037:1822</Value>
          <Value>governsID:1822:1:55a73700-c891-46fd-8f5c-72bc827f2ef5:20160407213831.037:1822</Value>
          <Value>modifyTimeStamp:1822:1:55a73700-c891-46fd-8f5c-72bc827f2ef5:20160407213831.037:1822</Value>
          <Value>objectClass:1822:1:55a73700-c891-46fd-8f5c-72bc827f2ef5:20160407213831.037:1822</Value>
          <Value>objectClassCategory:1822:1:55a73700-c891-46fd-8f5c-72bc827f2ef5:20160407213831.037:1822</Value>
          <Value>objectGUID:1822:1:55a73700-c891-46fd-8f5c-72bc827f2ef5:20160407213831.037:1822</Value>
          <Value>schemaIDGUID:1822:1:55a73700-c891-46fd-8f5c-72bc827f2ef5:20160407213831.037:1822</Value>
          <Value>subClassOf:1822:1:55a73700-c891-46fd-8f5c-72bc827f2ef5:20160407213831.037:1822</Value>
          <Value>uSNChanged:1822:1:55a73700-c891-46fd-8f5c-72bc827f2ef5:20160407213831.037:1822</Value>
          <Value>uSNCreated:1822:1:55a73700-c891-46fd-8f5c-72bc827f2ef5:20160407213831.037:1822</Value>
        </AttributeMetadata>
      </ClassSchemaEntry>
      <ClassSchemaEntry>
        <Name>krbRealmContainer</Name>
        <AttributeMetadata>
          <Value>cn:1976:1:55a73700-c891-46fd-8f5c-72bc827f2ef5:20160407213831.299:1976</Value>
          <Value>createTimeStamp:1976:1:55a73700-c891-46fd-8f5c-72bc827f2ef5:20160407213831.299:1976</Value>
          <Value>defaultObjectCategory:1976:1:55a73700-c891-46fd-8f5c-72bc827f2ef5:20160407213831.299:1976</Value>
          <Value>entryDN:1976:1:55a73700-c891-46fd-8f5c-72bc827f2ef5:20160407213831.299:1976</Value>
          <Value>governsID:1976:1:55a73700-c891-46fd-8f5c-72bc827f2ef5:20160407213831.299:1976</Value>
          <Value>modifyTimeStamp:1976:1:55a73700-c891-46fd-8f5c-72bc827f2ef5:20160407213831.299:1976</Value>
          <Value>objectClass:1976:1:55a73700-c891-46fd-8f5c-72bc827f2ef5:20160407213831.299:1976</Value>
          <Value>objectClassCategory:1976:1:55a73700-c891-46fd-8f5c-72bc827f2ef5:20160407213831.299:1976</Value>
          <Value>objectGUID:1976:1:55a73700-c891-46fd-8f5c-72bc827f2ef5:20160407213831.299:1976</Value>
          <Value>schemaIDGUID:1976:1:55a73700-c891-46fd-8f5c-72bc827f2ef5:20160407213831.299:1976</Value>
          <Value>subClassOf:1976:1:55a73700-c891-46fd-8f5c-72bc827f2ef5:20160407213831.299:1976</Value>
          <Value>systemMayContain:1976:1:55a73700-c891-46fd-8f5c-72bc827f2ef5:20160407213831.299:1976</Value>
          <Value>systemMustContain:1976:1:55a73700-c891-46fd-8f5c-72bc827f2ef5:20160407213831.299:1976</Value>
          <Value>uSNChanged:1976:1:55a73700-c891-46fd-8f5c-72bc827f2ef5:20160407213831.299:1976</Value>
          <Value>uSNCreated:1976:1:55a73700-c891-46fd-8f5c-72bc827f2ef5:20160407213831.299:1976</Value>
        </AttributeMetadata>
      </ClassSchemaEntry>
      <ClassSchemaEntry>
        <Name>krbService</Name>
        <AttributeMetadata>
          <Value>cn:1791:1:55a73700-c891-46fd-8f5c-72bc827f2ef5:20160407213830.982:1791</Value>
          <Value>createTimeStamp:1791:1:55a73700-c891-46fd-8f5c-72bc827f2ef5:20160407213830.982:1791</Value>
          <Value>defaultObjectCategory:1791:1:55a73700-c891-46fd-8f5c-72bc827f2ef5:20160407213830.982:1791</Value>
          <Value>entryDN:1791:1:55a73700-c891-46fd-8f5c-72bc827f2ef5:20160407213830.982:1791</Value>
          <Value>governsID:1791:1:55a73700-c891-46fd-8f5c-72bc827f2ef5:20160407213830.982:1791</Value>
          <Value>modifyTimeStamp:1791:1:55a73700-c891-46fd-8f5c-72bc827f2ef5:20160407213830.982:1791</Value>
          <Value>objectClass:1791:1:55a73700-c891-46fd-8f5c-72bc827f2ef5:20160407213830.982:1791</Value>
          <Value>objectClassCategory:1791:1:55a73700-c891-46fd-8f5c-72bc827f2ef5:20160407213830.982:1791</Value>
          <Value>objectGUID:1791:1:55a73700-c891-46fd-8f5c-72bc827f2ef5:20160407213830.982:1791</Value>
          <Value>schemaIDGUID:1791:1:55a73700-c891-46fd-8f5c-72bc827f2ef5:20160407213830.982:1791</Value>
          <Value>subClassOf:1791:1:55a73700-c891-46fd-8f5c-72bc827f2ef5:20160407213830.982:1791</Value>
          <Value>systemMayContain:1791:1:55a73700-c891-46fd-8f5c-72bc827f2ef5:20160407213830.982:1791</Value>
          <Value>systemMustContain:1791:1:55a73700-c891-46fd-8f5c-72bc827f2ef5:20160407213830.982:1791</Value>
          <Value>uSNChanged:1791:1:55a73700-c891-46fd-8f5c-72bc827f2ef5:20160407213830.982:1791</Value>
          <Value>uSNCreated:1791:1:55a73700-c891-46fd-8f5c-72bc827f2ef5:20160407213830.982:1791</Value>
        </AttributeMetadata>
      </ClassSchemaEntry>
      <ClassSchemaEntry>
        <Name>krbTicketPolicy</Name>
        <AttributeMetadata>
          <Value>cn:1903:1:55a73700-c891-46fd-8f5c-72bc827f2ef5:20160407213831.174:1903</Value>
          <Value>createTimeStamp:1903:1:55a73700-c891-46fd-8f5c-72bc827f2ef5:20160407213831.174:1903</Value>
          <Value>defaultObjectCategory:1903:1:55a73700-c891-46fd-8f5c-72bc827f2ef5:20160407213831.174:1903</Value>
          <Value>entryDN:1903:1:55a73700-c891-46fd-8f5c-72bc827f2ef5:20160407213831.174:1903</Value>
          <Value>governsID:1903:1:55a73700-c891-46fd-8f5c-72bc827f2ef5:20160407213831.174:1903</Value>
          <Value>modifyTimeStamp:1903:1:55a73700-c891-46fd-8f5c-72bc827f2ef5:20160407213831.174:1903</Value>
          <Value>objectClass:1903:1:55a73700-c891-46fd-8f5c-72bc827f2ef5:20160407213831.174:1903</Value>
          <Value>objectClassCategory:1903:1:55a73700-c891-46fd-8f5c-72bc827f2ef5:20160407213831.174:1903</Value>
          <Value>objectGUID:1903:1:55a73700-c891-46fd-8f5c-72bc827f2ef5:20160407213831.174:1903</Value>
          <Value>schemaIDGUID:1903:1:55a73700-c891-46fd-8f5c-72bc827f2ef5:20160407213831.174:1903</Value>
          <Value>subClassOf:1903:1:55a73700-c891-46fd-8f5c-72bc827f2ef5:20160407213831.174:1903</Value>
          <Value>systemMustContain:1903:1:55a73700-c891-46fd-8f5c-72bc827f2ef5:20160407213831.174:1903</Value>
          <Value>uSNChanged:1903:1:55a73700-c891-46fd-8f5c-72bc827f2ef5:20160407213831.174:1903</Value>
          <Value>uSNCreated:1903:1:55a73700-c891-46fd-8f5c-72bc827f2ef5:20160407213831.174:1903</Value>
        </AttributeMetadata>
      </ClassSchemaEntry>
      <ClassSchemaEntry>
        <Name>krbTicketPolicyAux</Name>
        <AttributeMetadata>
          <Value>cn:1952:1:55a73700-c891-46fd-8f5c-72bc827f2ef5:20160407213831.259:1952</Value>
          <Value>createTimeStamp:1952:1:55a73700-c891-46fd-8f5c-72bc827f2ef5:20160407213831.259:1952</Value>
          <Value>defaultObjectCategory:1952:1:55a73700-c891-46fd-8f5c-72bc827f2ef5:20160407213831.259:1952</Value>
          <Value>entryDN:1952:1:55a73700-c891-46fd-8f5c-72bc827f2ef5:20160407213831.259:1952</Value>
          <Value>governsID:1952:1:55a73700-c891-46fd-8f5c-72bc827f2ef5:20160407213831.259:1952</Value>
          <Value>modifyTimeStamp:1952:1:55a73700-c891-46fd-8f5c-72bc827f2ef5:20160407213831.259:1952</Value>
          <Value>objectClass:1952:1:55a73700-c891-46fd-8f5c-72bc827f2ef5:20160407213831.259:1952</Value>
          <Value>objectClassCategory:1952:1:55a73700-c891-46fd-8f5c-72bc827f2ef5:20160407213831.259:1952</Value>
          <Value>objectGUID:1952:1:55a73700-c891-46fd-8f5c-72bc827f2ef5:20160407213831.259:1952</Value>
          <Value>schemaIDGUID:1952:1:55a73700-c891-46fd-8f5c-72bc827f2ef5:20160407213831.259:1952</Value>
          <Value>subClassOf:1952:1:55a73700-c891-46fd-8f5c-72bc827f2ef5:20160407213831.259:1952</Value>
          <Value>systemMayContain:1952:1:55a73700-c891-46fd-8f5c-72bc827f2ef5:20160407213831.259:1952</Value>
          <Value>uSNChanged:1952:1:55a73700-c891-46fd-8f5c-72bc827f2ef5:20160407213831.259:1952</Value>
          <Value>uSNCreated:1952:1:55a73700-c891-46fd-8f5c-72bc827f2ef5:20160407213831.259:1952</Value>
        </AttributeMetadata>
      </ClassSchemaEntry>
      <ClassSchemaEntry>
        <Name>labeledURIObject</Name>
        <AttributeMetadata>
          <Value>cn:1902:1:55a73700-c891-46fd-8f5c-72bc827f2ef5:20160407213831.172:1902</Value>
          <Value>createTimeStamp:1902:1:55a73700-c891-46fd-8f5c-72bc827f2ef5:20160407213831.172:1902</Value>
          <Value>defaultObjectCategory:1902:1:55a73700-c891-46fd-8f5c-72bc827f2ef5:20160407213831.172:1902</Value>
          <Value>description:1902:1:55a73700-c891-46fd-8f5c-72bc827f2ef5:20160407213831.172:1902</Value>
          <Value>entryDN:1902:1:55a73700-c891-46fd-8f5c-72bc827f2ef5:20160407213831.172:1902</Value>
          <Value>governsID:1902:1:55a73700-c891-46fd-8f5c-72bc827f2ef5:20160407213831.172:1902</Value>
          <Value>modifyTimeStamp:1902:1:55a73700-c891-46fd-8f5c-72bc827f2ef5:20160407213831.172:1902</Value>
          <Value>objectClass:1902:1:55a73700-c891-46fd-8f5c-72bc827f2ef5:20160407213831.172:1902</Value>
          <Value>objectClassCategory:1902:1:55a73700-c891-46fd-8f5c-72bc827f2ef5:20160407213831.172:1902</Value>
          <Value>objectGUID:1902:1:55a73700-c891-46fd-8f5c-72bc827f2ef5:20160407213831.172:1902</Value>
          <Value>schemaIDGUID:1902:1:55a73700-c891-46fd-8f5c-72bc827f2ef5:20160407213831.172:1902</Value>
          <Value>subClassOf:1902:1:55a73700-c891-46fd-8f5c-72bc827f2ef5:20160407213831.172:1902</Value>
          <Value>systemMayContain:1902:1:55a73700-c891-46fd-8f5c-72bc827f2ef5:20160407213831.172:1902</Value>
          <Value>uSNChanged:1902:1:55a73700-c891-46fd-8f5c-72bc827f2ef5:20160407213831.172:1902</Value>
          <Value>uSNCreated:1902:1:55a73700-c891-46fd-8f5c-72bc827f2ef5:20160407213831.172:1902</Value>
        </AttributeMetadata>
      </ClassSchemaEntry>
      <ClassSchemaEntry>
        <Name>leaf</Name>
        <AttributeMetadata>
          <Value>cn:1964:1:55a73700-c891-46fd-8f5c-72bc827f2ef5:20160407213831.275:1964</Value>
          <Value>createTimeStamp:1964:1:55a73700-c891-46fd-8f5c-72bc827f2ef5:20160407213831.275:1964</Value>
          <Value>defaultObjectCategory:1964:1:55a73700-c891-46fd-8f5c-72bc827f2ef5:20160407213831.275:1964</Value>
          <Value>entryDN:1964:1:55a73700-c891-46fd-8f5c-72bc827f2ef5:20160407213831.275:1964</Value>
          <Value>governsID:1964:1:55a73700-c891-46fd-8f5c-72bc827f2ef5:20160407213831.275:1964</Value>
          <Value>modifyTimeStamp:1964:1:55a73700-c891-46fd-8f5c-72bc827f2ef5:20160407213831.275:1964</Value>
          <Value>objectClass:1964:1:55a73700-c891-46fd-8f5c-72bc827f2ef5:20160407213831.275:1964</Value>
          <Value>objectClassCategory:1964:1:55a73700-c891-46fd-8f5c-72bc827f2ef5:20160407213831.275:1964</Value>
          <Value>objectGUID:1964:1:55a73700-c891-46fd-8f5c-72bc827f2ef5:20160407213831.275:1964</Value>
          <Value>schemaIDGUID:1964:1:55a73700-c891-46fd-8f5c-72bc827f2ef5:20160407213831.275:1964</Value>
          <Value>subClassOf:1964:1:55a73700-c891-46fd-8f5c-72bc827f2ef5:20160407213831.275:1964</Value>
          <Value>uSNChanged:1964:1:55a73700-c891-46fd-8f5c-72bc827f2ef5:20160407213831.275:1964</Value>
          <Value>uSNCreated:1964:1:55a73700-c891-46fd-8f5c-72bc827f2ef5:20160407213831.275:1964</Value>
        </AttributeMetadata>
      </ClassSchemaEntry>
      <ClassSchemaEntry>
        <Name>licensingSiteSettings</Name>
        <AttributeMetadata>
          <Value>auxiliaryClass:1832:1:55a73700-c891-46fd-8f5c-72bc827f2ef5:20160407213831.056:1832</Value>
          <Value>cn:1832:1:55a73700-c891-46fd-8f5c-72bc827f2ef5:20160407213831.056:1832</Value>
          <Value>createTimeStamp:1832:1:55a73700-c891-46fd-8f5c-72bc827f2ef5:20160407213831.056:1832</Value>
          <Value>defaultObjectCategory:1832:1:55a73700-c891-46fd-8f5c-72bc827f2ef5:20160407213831.056:1832</Value>
          <Value>entryDN:1832:1:55a73700-c891-46fd-8f5c-72bc827f2ef5:20160407213831.056:1832</Value>
          <Value>governsID:1832:1:55a73700-c891-46fd-8f5c-72bc827f2ef5:20160407213831.056:1832</Value>
          <Value>modifyTimeStamp:1832:1:55a73700-c891-46fd-8f5c-72bc827f2ef5:20160407213831.056:1832</Value>
          <Value>objectClass:1832:1:55a73700-c891-46fd-8f5c-72bc827f2ef5:20160407213831.056:1832</Value>
          <Value>objectClassCategory:1832:1:55a73700-c891-46fd-8f5c-72bc827f2ef5:20160407213831.056:1832</Value>
          <Value>objectGUID:1832:1:55a73700-c891-46fd-8f5c-72bc827f2ef5:20160407213831.056:1832</Value>
          <Value>schemaIDGUID:1832:1:55a73700-c891-46fd-8f5c-72bc827f2ef5:20160407213831.056:1832</Value>
          <Value>subClassOf:1832:1:55a73700-c891-46fd-8f5c-72bc827f2ef5:20160407213831.056:1832</Value>
          <Value>systemMayContain:1832:1:55a73700-c891-46fd-8f5c-72bc827f2ef5:20160407213831.056:1832</Value>
          <Value>uSNChanged:1832:1:55a73700-c891-46fd-8f5c-72bc827f2ef5:20160407213831.056:1832</Value>
          <Value>uSNCreated:1832:1:55a73700-c891-46fd-8f5c-72bc827f2ef5:20160407213831.056:1832</Value>
        </AttributeMetadata>
      </ClassSchemaEntry>
      <ClassSchemaEntry>
        <Name>linkTrackObjectMoveTable</Name>
        <AttributeMetadata>
          <Value>auxiliaryClass:1975:1:55a73700-c891-46fd-8f5c-72bc827f2ef5:20160407213831.298:1975</Value>
          <Value>cn:1975:1:55a73700-c891-46fd-8f5c-72bc827f2ef5:20160407213831.298:1975</Value>
          <Value>createTimeStamp:1975:1:55a73700-c891-46fd-8f5c-72bc827f2ef5:20160407213831.298:1975</Value>
          <Value>defaultObjectCategory:1975:1:55a73700-c891-46fd-8f5c-72bc827f2ef5:20160407213831.298:1975</Value>
          <Value>entryDN:1975:1:55a73700-c891-46fd-8f5c-72bc827f2ef5:20160407213831.298:1975</Value>
          <Value>governsID:1975:1:55a73700-c891-46fd-8f5c-72bc827f2ef5:20160407213831.298:1975</Value>
          <Value>modifyTimeStamp:1975:1:55a73700-c891-46fd-8f5c-72bc827f2ef5:20160407213831.298:1975</Value>
          <Value>objectClass:1975:1:55a73700-c891-46fd-8f5c-72bc827f2ef5:20160407213831.298:1975</Value>
          <Value>objectClassCategory:1975:1:55a73700-c891-46fd-8f5c-72bc827f2ef5:20160407213831.298:1975</Value>
          <Value>objectGUID:1975:1:55a73700-c891-46fd-8f5c-72bc827f2ef5:20160407213831.298:1975</Value>
          <Value>schemaIDGUID:1975:1:55a73700-c891-46fd-8f5c-72bc827f2ef5:20160407213831.298:1975</Value>
          <Value>subClassOf:1975:1:55a73700-c891-46fd-8f5c-72bc827f2ef5:20160407213831.298:1975</Value>
          <Value>uSNChanged:1975:1:55a73700-c891-46fd-8f5c-72bc827f2ef5:20160407213831.298:1975</Value>
          <Value>uSNCreated:1975:1:55a73700-c891-46fd-8f5c-72bc827f2ef5:20160407213831.298:1975</Value>
        </AttributeMetadata>
      </ClassSchemaEntry>
      <ClassSchemaEntry>
        <Name>linkTrackOMTEntry</Name>
        <AttributeMetadata>
          <Value>auxiliaryClass:1897:1:55a73700-c891-46fd-8f5c-72bc827f2ef5:20160407213831.158:1897</Value>
          <Value>cn:1897:1:55a73700-c891-46fd-8f5c-72bc827f2ef5:20160407213831.158:1897</Value>
          <Value>createTimeStamp:1897:1:55a73700-c891-46fd-8f5c-72bc827f2ef5:20160407213831.158:1897</Value>
          <Value>defaultObjectCategory:1897:1:55a73700-c891-46fd-8f5c-72bc827f2ef5:20160407213831.158:1897</Value>
          <Value>entryDN:1897:1:55a73700-c891-46fd-8f5c-72bc827f2ef5:20160407213831.158:1897</Value>
          <Value>governsID:1897:1:55a73700-c891-46fd-8f5c-72bc827f2ef5:20160407213831.158:1897</Value>
          <Value>modifyTimeStamp:1897:1:55a73700-c891-46fd-8f5c-72bc827f2ef5:20160407213831.158:1897</Value>
          <Value>objectClass:1897:1:55a73700-c891-46fd-8f5c-72bc827f2ef5:20160407213831.158:1897</Value>
          <Value>objectClassCategory:1897:1:55a73700-c891-46fd-8f5c-72bc827f2ef5:20160407213831.158:1897</Value>
          <Value>objectGUID:1897:1:55a73700-c891-46fd-8f5c-72bc827f2ef5:20160407213831.158:1897</Value>
          <Value>schemaIDGUID:1897:1:55a73700-c891-46fd-8f5c-72bc827f2ef5:20160407213831.158:1897</Value>
          <Value>subClassOf:1897:1:55a73700-c891-46fd-8f5c-72bc827f2ef5:20160407213831.158:1897</Value>
          <Value>systemMayContain:1897:1:55a73700-c891-46fd-8f5c-72bc827f2ef5:20160407213831.158:1897</Value>
          <Value>uSNChanged:1897:1:55a73700-c891-46fd-8f5c-72bc827f2ef5:20160407213831.158:1897</Value>
          <Value>uSNCreated:1897:1:55a73700-c891-46fd-8f5c-72bc827f2ef5:20160407213831.158:1897</Value>
        </AttributeMetadata>
      </ClassSchemaEntry>
      <ClassSchemaEntry>
        <Name>linkTrackVolEntry</Name>
        <AttributeMetadata>
          <Value>auxiliaryClass:1937:1:55a73700-c891-46fd-8f5c-72bc827f2ef5:20160407213831.235:1937</Value>
          <Value>cn:1937:1:55a73700-c891-46fd-8f5c-72bc827f2ef5:20160407213831.235:1937</Value>
          <Value>createTimeStamp:1937:1:55a73700-c891-46fd-8f5c-72bc827f2ef5:20160407213831.235:1937</Value>
          <Value>defaultObjectCategory:1937:1:55a73700-c891-46fd-8f5c-72bc827f2ef5:20160407213831.235:1937</Value>
          <Value>entryDN:1937:1:55a73700-c891-46fd-8f5c-72bc827f2ef5:20160407213831.235:1937</Value>
          <Value>governsID:1937:1:55a73700-c891-46fd-8f5c-72bc827f2ef5:20160407213831.235:1937</Value>
          <Value>modifyTimeStamp:1937:1:55a73700-c891-46fd-8f5c-72bc827f2ef5:20160407213831.235:1937</Value>
          <Value>objectClass:1937:1:55a73700-c891-46fd-8f5c-72bc827f2ef5:20160407213831.235:1937</Value>
          <Value>objectClassCategory:1937:1:55a73700-c891-46fd-8f5c-72bc827f2ef5:20160407213831.235:1937</Value>
          <Value>objectGUID:1937:1:55a73700-c891-46fd-8f5c-72bc827f2ef5:20160407213831.235:1937</Value>
          <Value>schemaIDGUID:1937:1:55a73700-c891-46fd-8f5c-72bc827f2ef5:20160407213831.235:1937</Value>
          <Value>subClassOf:1937:1:55a73700-c891-46fd-8f5c-72bc827f2ef5:20160407213831.235:1937</Value>
          <Value>systemMayContain:1937:1:55a73700-c891-46fd-8f5c-72bc827f2ef5:20160407213831.235:1937</Value>
          <Value>uSNChanged:1937:1:55a73700-c891-46fd-8f5c-72bc827f2ef5:20160407213831.235:1937</Value>
          <Value>uSNCreated:1937:1:55a73700-c891-46fd-8f5c-72bc827f2ef5:20160407213831.235:1937</Value>
        </AttributeMetadata>
      </ClassSchemaEntry>
      <ClassSchemaEntry>
        <Name>linkTrackVolumeTable</Name>
        <AttributeMetadata>
          <Value>auxiliaryClass:1868:1:55a73700-c891-46fd-8f5c-72bc827f2ef5:20160407213831.116:1868</Value>
          <Value>cn:1868:1:55a73700-c891-46fd-8f5c-72bc827f2ef5:20160407213831.116:1868</Value>
          <Value>createTimeStamp:1868:1:55a73700-c891-46fd-8f5c-72bc827f2ef5:20160407213831.116:1868</Value>
          <Value>defaultObjectCategory:1868:1:55a73700-c891-46fd-8f5c-72bc827f2ef5:20160407213831.116:1868</Value>
          <Value>entryDN:1868:1:55a73700-c891-46fd-8f5c-72bc827f2ef5:20160407213831.116:1868</Value>
          <Value>governsID:1868:1:55a73700-c891-46fd-8f5c-72bc827f2ef5:20160407213831.116:1868</Value>
          <Value>modifyTimeStamp:1868:1:55a73700-c891-46fd-8f5c-72bc827f2ef5:20160407213831.116:1868</Value>
          <Value>objectClass:1868:1:55a73700-c891-46fd-8f5c-72bc827f2ef5:20160407213831.116:1868</Value>
          <Value>objectClassCategory:1868:1:55a73700-c891-46fd-8f5c-72bc827f2ef5:20160407213831.116:1868</Value>
          <Value>objectGUID:1868:1:55a73700-c891-46fd-8f5c-72bc827f2ef5:20160407213831.116:1868</Value>
          <Value>schemaIDGUID:1868:1:55a73700-c891-46fd-8f5c-72bc827f2ef5:20160407213831.116:1868</Value>
          <Value>subClassOf:1868:1:55a73700-c891-46fd-8f5c-72bc827f2ef5:20160407213831.116:1868</Value>
          <Value>uSNChanged:1868:1:55a73700-c891-46fd-8f5c-72bc827f2ef5:20160407213831.116:1868</Value>
          <Value>uSNCreated:1868:1:55a73700-c891-46fd-8f5c-72bc827f2ef5:20160407213831.116:1868</Value>
        </AttributeMetadata>
      </ClassSchemaEntry>
      <ClassSchemaEntry>
        <Name>locality</Name>
        <AttributeMetadata>
          <Value>auxiliaryClass:2048:1:55a73700-c891-46fd-8f5c-72bc827f2ef5:20160407213831.421:2048</Value>
          <Value>cn:2048:1:55a73700-c891-46fd-8f5c-72bc827f2ef5:20160407213831.421:2048</Value>
          <Value>createTimeStamp:2048:1:55a73700-c891-46fd-8f5c-72bc827f2ef5:20160407213831.421:2048</Value>
          <Value>defaultObjectCategory:2048:1:55a73700-c891-46fd-8f5c-72bc827f2ef5:20160407213831.421:2048</Value>
          <Value>entryDN:2048:1:55a73700-c891-46fd-8f5c-72bc827f2ef5:20160407213831.421:2048</Value>
          <Value>governsID:2048:1:55a73700-c891-46fd-8f5c-72bc827f2ef5:20160407213831.421:2048</Value>
          <Value>modifyTimeStamp:2048:1:55a73700-c891-46fd-8f5c-72bc827f2ef5:20160407213831.421:2048</Value>
          <Value>objectClass:2048:1:55a73700-c891-46fd-8f5c-72bc827f2ef5:20160407213831.421:2048</Value>
          <Value>objectClassCategory:2048:1:55a73700-c891-46fd-8f5c-72bc827f2ef5:20160407213831.421:2048</Value>
          <Value>objectGUID:2048:1:55a73700-c891-46fd-8f5c-72bc827f2ef5:20160407213831.421:2048</Value>
          <Value>schemaIDGUID:2048:1:55a73700-c891-46fd-8f5c-72bc827f2ef5:20160407213831.421:2048</Value>
          <Value>subClassOf:2048:1:55a73700-c891-46fd-8f5c-72bc827f2ef5:20160407213831.421:2048</Value>
          <Value>systemMayContain:2048:1:55a73700-c891-46fd-8f5c-72bc827f2ef5:20160407213831.421:2048</Value>
          <Value>systemMustContain:2048:1:55a73700-c891-46fd-8f5c-72bc827f2ef5:20160407213831.421:2048</Value>
          <Value>uSNChanged:2048:1:55a73700-c891-46fd-8f5c-72bc827f2ef5:20160407213831.421:2048</Value>
          <Value>uSNCreated:2048:1:55a73700-c891-46fd-8f5c-72bc827f2ef5:20160407213831.421:2048</Value>
        </AttributeMetadata>
      </ClassSchemaEntry>
      <ClassSchemaEntry>
        <Name>lostAndFound</Name>
        <AttributeMetadata>
          <Value>auxiliaryClass:2053:1:55a73700-c891-46fd-8f5c-72bc827f2ef5:20160407213831.426:2053</Value>
          <Value>cn:2053:1:55a73700-c891-46fd-8f5c-72bc827f2ef5:20160407213831.426:2053</Value>
          <Value>createTimeStamp:2053:1:55a73700-c891-46fd-8f5c-72bc827f2ef5:20160407213831.426:2053</Value>
          <Value>defaultObjectCategory:2053:1:55a73700-c891-46fd-8f5c-72bc827f2ef5:20160407213831.426:2053</Value>
          <Value>entryDN:2053:1:55a73700-c891-46fd-8f5c-72bc827f2ef5:20160407213831.426:2053</Value>
          <Value>governsID:2053:1:55a73700-c891-46fd-8f5c-72bc827f2ef5:20160407213831.426:2053</Value>
          <Value>modifyTimeStamp:2053:1:55a73700-c891-46fd-8f5c-72bc827f2ef5:20160407213831.426:2053</Value>
          <Value>objectClass:2053:1:55a73700-c891-46fd-8f5c-72bc827f2ef5:20160407213831.426:2053</Value>
          <Value>objectClassCategory:2053:1:55a73700-c891-46fd-8f5c-72bc827f2ef5:20160407213831.426:2053</Value>
          <Value>objectGUID:2053:1:55a73700-c891-46fd-8f5c-72bc827f2ef5:20160407213831.426:2053</Value>
          <Value>schemaIDGUID:2053:1:55a73700-c891-46fd-8f5c-72bc827f2ef5:20160407213831.426:2053</Value>
          <Value>subClassOf:2053:1:55a73700-c891-46fd-8f5c-72bc827f2ef5:20160407213831.426:2053</Value>
          <Value>systemMayContain:2053:1:55a73700-c891-46fd-8f5c-72bc827f2ef5:20160407213831.426:2053</Value>
          <Value>uSNChanged:2053:1:55a73700-c891-46fd-8f5c-72bc827f2ef5:20160407213831.426:2053</Value>
          <Value>uSNCreated:2053:1:55a73700-c891-46fd-8f5c-72bc827f2ef5:20160407213831.426:2053</Value>
        </AttributeMetadata>
      </ClassSchemaEntry>
      <ClassSchemaEntry>
        <Name>mailRecipient</Name>
        <AttributeMetadata>
          <Value>cn:2006:1:55a73700-c891-46fd-8f5c-72bc827f2ef5:20160407213831.353:2006</Value>
          <Value>createTimeStamp:2006:1:55a73700-c891-46fd-8f5c-72bc827f2ef5:20160407213831.353:2006</Value>
          <Value>defaultObjectCategory:2006:1:55a73700-c891-46fd-8f5c-72bc827f2ef5:20160407213831.353:2006</Value>
          <Value>entryDN:2006:1:55a73700-c891-46fd-8f5c-72bc827f2ef5:20160407213831.353:2006</Value>
          <Value>governsID:2006:1:55a73700-c891-46fd-8f5c-72bc827f2ef5:20160407213831.353:2006</Value>
          <Value>modifyTimeStamp:2006:1:55a73700-c891-46fd-8f5c-72bc827f2ef5:20160407213831.353:2006</Value>
          <Value>objectClass:2006:1:55a73700-c891-46fd-8f5c-72bc827f2ef5:20160407213831.353:2006</Value>
          <Value>objectClassCategory:2006:1:55a73700-c891-46fd-8f5c-72bc827f2ef5:20160407213831.353:2006</Value>
          <Value>objectGUID:2006:1:55a73700-c891-46fd-8f5c-72bc827f2ef5:20160407213831.353:2006</Value>
          <Value>schemaIDGUID:2006:1:55a73700-c891-46fd-8f5c-72bc827f2ef5:20160407213831.353:2006</Value>
          <Value>subClassOf:2006:1:55a73700-c891-46fd-8f5c-72bc827f2ef5:20160407213831.353:2006</Value>
          <Value>systemMayContain:2006:1:55a73700-c891-46fd-8f5c-72bc827f2ef5:20160407213831.353:2006</Value>
          <Value>systemMustContain:2006:1:55a73700-c891-46fd-8f5c-72bc827f2ef5:20160407213831.353:2006</Value>
          <Value>uSNChanged:2006:1:55a73700-c891-46fd-8f5c-72bc827f2ef5:20160407213831.353:2006</Value>
          <Value>uSNCreated:2006:1:55a73700-c891-46fd-8f5c-72bc827f2ef5:20160407213831.353:2006</Value>
        </AttributeMetadata>
      </ClassSchemaEntry>
      <ClassSchemaEntry>
        <Name>meeting</Name>
        <AttributeMetadata>
          <Value>auxiliaryClass:1826:1:55a73700-c891-46fd-8f5c-72bc827f2ef5:20160407213831.041:1826</Value>
          <Value>cn:1826:1:55a73700-c891-46fd-8f5c-72bc827f2ef5:20160407213831.041:1826</Value>
          <Value>createTimeStamp:1826:1:55a73700-c891-46fd-8f5c-72bc827f2ef5:20160407213831.041:1826</Value>
          <Value>defaultObjectCategory:1826:1:55a73700-c891-46fd-8f5c-72bc827f2ef5:20160407213831.041:1826</Value>
          <Value>entryDN:1826:1:55a73700-c891-46fd-8f5c-72bc827f2ef5:20160407213831.041:1826</Value>
          <Value>governsID:1826:1:55a73700-c891-46fd-8f5c-72bc827f2ef5:20160407213831.041:1826</Value>
          <Value>modifyTimeStamp:1826:1:55a73700-c891-46fd-8f5c-72bc827f2ef5:20160407213831.041:1826</Value>
          <Value>objectClass:1826:1:55a73700-c891-46fd-8f5c-72bc827f2ef5:20160407213831.041:1826</Value>
          <Value>objectClassCategory:1826:1:55a73700-c891-46fd-8f5c-72bc827f2ef5:20160407213831.041:1826</Value>
          <Value>objectGUID:1826:1:55a73700-c891-46fd-8f5c-72bc827f2ef5:20160407213831.041:1826</Value>
          <Value>schemaIDGUID:1826:1:55a73700-c891-46fd-8f5c-72bc827f2ef5:20160407213831.041:1826</Value>
          <Value>subClassOf:1826:1:55a73700-c891-46fd-8f5c-72bc827f2ef5:20160407213831.041:1826</Value>
          <Value>systemMayContain:1826:1:55a73700-c891-46fd-8f5c-72bc827f2ef5:20160407213831.041:1826</Value>
          <Value>systemMustContain:1826:1:55a73700-c891-46fd-8f5c-72bc827f2ef5:20160407213831.041:1826</Value>
          <Value>uSNChanged:1826:1:55a73700-c891-46fd-8f5c-72bc827f2ef5:20160407213831.041:1826</Value>
          <Value>uSNCreated:1826:1:55a73700-c891-46fd-8f5c-72bc827f2ef5:20160407213831.041:1826</Value>
        </AttributeMetadata>
      </ClassSchemaEntry>
      <ClassSchemaEntry>
        <Name>msCOM-Partition</Name>
        <AttributeMetadata>
          <Value>auxiliaryClass:1996:1:55a73700-c891-46fd-8f5c-72bc827f2ef5:20160407213831.332:1996</Value>
          <Value>cn:1996:1:55a73700-c891-46fd-8f5c-72bc827f2ef5:20160407213831.332:1996</Value>
          <Value>createTimeStamp:1996:1:55a73700-c891-46fd-8f5c-72bc827f2ef5:20160407213831.332:1996</Value>
          <Value>defaultObjectCategory:1996:1:55a73700-c891-46fd-8f5c-72bc827f2ef5:20160407213831.332:1996</Value>
          <Value>entryDN:1996:1:55a73700-c891-46fd-8f5c-72bc827f2ef5:20160407213831.332:1996</Value>
          <Value>governsID:1996:1:55a73700-c891-46fd-8f5c-72bc827f2ef5:20160407213831.332:1996</Value>
          <Value>modifyTimeStamp:1996:1:55a73700-c891-46fd-8f5c-72bc827f2ef5:20160407213831.332:1996</Value>
          <Value>objectClass:1996:1:55a73700-c891-46fd-8f5c-72bc827f2ef5:20160407213831.332:1996</Value>
          <Value>objectClassCategory:1996:1:55a73700-c891-46fd-8f5c-72bc827f2ef5:20160407213831.332:1996</Value>
          <Value>objectGUID:1996:1:55a73700-c891-46fd-8f5c-72bc827f2ef5:20160407213831.332:1996</Value>
          <Value>schemaIDGUID:1996:1:55a73700-c891-46fd-8f5c-72bc827f2ef5:20160407213831.332:1996</Value>
          <Value>subClassOf:1996:1:55a73700-c891-46fd-8f5c-72bc827f2ef5:20160407213831.332:1996</Value>
          <Value>systemMayContain:1996:1:55a73700-c891-46fd-8f5c-72bc827f2ef5:20160407213831.332:1996</Value>
          <Value>uSNChanged:1996:1:55a73700-c891-46fd-8f5c-72bc827f2ef5:20160407213831.332:1996</Value>
          <Value>uSNCreated:1996:1:55a73700-c891-46fd-8f5c-72bc827f2ef5:20160407213831.332:1996</Value>
        </AttributeMetadata>
      </ClassSchemaEntry>
      <ClassSchemaEntry>
        <Name>msCOM-PartitionSet</Name>
        <AttributeMetadata>
          <Value>auxiliaryClass:1753:1:55a73700-c891-46fd-8f5c-72bc827f2ef5:20160407213830.920:1753</Value>
          <Value>cn:1753:1:55a73700-c891-46fd-8f5c-72bc827f2ef5:20160407213830.920:1753</Value>
          <Value>createTimeStamp:1753:1:55a73700-c891-46fd-8f5c-72bc827f2ef5:20160407213830.920:1753</Value>
          <Value>defaultObjectCategory:1753:1:55a73700-c891-46fd-8f5c-72bc827f2ef5:20160407213830.920:1753</Value>
          <Value>entryDN:1753:1:55a73700-c891-46fd-8f5c-72bc827f2ef5:20160407213830.920:1753</Value>
          <Value>governsID:1753:1:55a73700-c891-46fd-8f5c-72bc827f2ef5:20160407213830.920:1753</Value>
          <Value>modifyTimeStamp:1753:1:55a73700-c891-46fd-8f5c-72bc827f2ef5:20160407213830.920:1753</Value>
          <Value>objectClass:1753:1:55a73700-c891-46fd-8f5c-72bc827f2ef5:20160407213830.920:1753</Value>
          <Value>objectClassCategory:1753:1:55a73700-c891-46fd-8f5c-72bc827f2ef5:20160407213830.920:1753</Value>
          <Value>objectGUID:1753:1:55a73700-c891-46fd-8f5c-72bc827f2ef5:20160407213830.920:1753</Value>
          <Value>schemaIDGUID:1753:1:55a73700-c891-46fd-8f5c-72bc827f2ef5:20160407213830.920:1753</Value>
          <Value>subClassOf:1753:1:55a73700-c891-46fd-8f5c-72bc827f2ef5:20160407213830.920:1753</Value>
          <Value>systemMayContain:1753:1:55a73700-c891-46fd-8f5c-72bc827f2ef5:20160407213830.920:1753</Value>
          <Value>uSNChanged:1753:1:55a73700-c891-46fd-8f5c-72bc827f2ef5:20160407213830.920:1753</Value>
          <Value>uSNCreated:1753:1:55a73700-c891-46fd-8f5c-72bc827f2ef5:20160407213830.920:1753</Value>
        </AttributeMetadata>
      </ClassSchemaEntry>
      <ClassSchemaEntry>
        <Name>msDFS-DeletedLinkv2</Name>
        <AttributeMetadata>
          <Value>auxiliaryClass:1837:1:55a73700-c891-46fd-8f5c-72bc827f2ef5:20160407213831.062:1837</Value>
          <Value>cn:1837:1:55a73700-c891-46fd-8f5c-72bc827f2ef5:20160407213831.062:1837</Value>
          <Value>createTimeStamp:1837:1:55a73700-c891-46fd-8f5c-72bc827f2ef5:20160407213831.062:1837</Value>
          <Value>defaultObjectCategory:1837:1:55a73700-c891-46fd-8f5c-72bc827f2ef5:20160407213831.062:1837</Value>
          <Value>entryDN:1837:1:55a73700-c891-46fd-8f5c-72bc827f2ef5:20160407213831.062:1837</Value>
          <Value>governsID:1837:1:55a73700-c891-46fd-8f5c-72bc827f2ef5:20160407213831.062:1837</Value>
          <Value>modifyTimeStamp:1837:1:55a73700-c891-46fd-8f5c-72bc827f2ef5:20160407213831.062:1837</Value>
          <Value>objectClass:1837:1:55a73700-c891-46fd-8f5c-72bc827f2ef5:20160407213831.062:1837</Value>
          <Value>objectClassCategory:1837:1:55a73700-c891-46fd-8f5c-72bc827f2ef5:20160407213831.062:1837</Value>
          <Value>objectGUID:1837:1:55a73700-c891-46fd-8f5c-72bc827f2ef5:20160407213831.062:1837</Value>
          <Value>schemaIDGUID:1837:1:55a73700-c891-46fd-8f5c-72bc827f2ef5:20160407213831.062:1837</Value>
          <Value>subClassOf:1837:1:55a73700-c891-46fd-8f5c-72bc827f2ef5:20160407213831.062:1837</Value>
          <Value>systemMayContain:1837:1:55a73700-c891-46fd-8f5c-72bc827f2ef5:20160407213831.062:1837</Value>
          <Value>systemMustContain:1837:1:55a73700-c891-46fd-8f5c-72bc827f2ef5:20160407213831.062:1837</Value>
          <Value>uSNChanged:1837:1:55a73700-c891-46fd-8f5c-72bc827f2ef5:20160407213831.062:1837</Value>
          <Value>uSNCreated:1837:1:55a73700-c891-46fd-8f5c-72bc827f2ef5:20160407213831.062:1837</Value>
        </AttributeMetadata>
      </ClassSchemaEntry>
      <ClassSchemaEntry>
        <Name>msDFS-Linkv2</Name>
        <AttributeMetadata>
          <Value>auxiliaryClass:1847:1:55a73700-c891-46fd-8f5c-72bc827f2ef5:20160407213831.079:1847</Value>
          <Value>cn:1847:1:55a73700-c891-46fd-8f5c-72bc827f2ef5:20160407213831.079:1847</Value>
          <Value>createTimeStamp:1847:1:55a73700-c891-46fd-8f5c-72bc827f2ef5:20160407213831.079:1847</Value>
          <Value>defaultObjectCategory:1847:1:55a73700-c891-46fd-8f5c-72bc827f2ef5:20160407213831.079:1847</Value>
          <Value>entryDN:1847:1:55a73700-c891-46fd-8f5c-72bc827f2ef5:20160407213831.079:1847</Value>
          <Value>governsID:1847:1:55a73700-c891-46fd-8f5c-72bc827f2ef5:20160407213831.079:1847</Value>
          <Value>modifyTimeStamp:1847:1:55a73700-c891-46fd-8f5c-72bc827f2ef5:20160407213831.079:1847</Value>
          <Value>objectClass:1847:1:55a73700-c891-46fd-8f5c-72bc827f2ef5:20160407213831.079:1847</Value>
          <Value>objectClassCategory:1847:1:55a73700-c891-46fd-8f5c-72bc827f2ef5:20160407213831.079:1847</Value>
          <Value>objectGUID:1847:1:55a73700-c891-46fd-8f5c-72bc827f2ef5:20160407213831.079:1847</Value>
          <Value>schemaIDGUID:1847:1:55a73700-c891-46fd-8f5c-72bc827f2ef5:20160407213831.079:1847</Value>
          <Value>subClassOf:1847:1:55a73700-c891-46fd-8f5c-72bc827f2ef5:20160407213831.079:1847</Value>
          <Value>systemMayContain:1847:1:55a73700-c891-46fd-8f5c-72bc827f2ef5:20160407213831.079:1847</Value>
          <Value>systemMustContain:1847:1:55a73700-c891-46fd-8f5c-72bc827f2ef5:20160407213831.079:1847</Value>
          <Value>uSNChanged:1847:1:55a73700-c891-46fd-8f5c-72bc827f2ef5:20160407213831.079:1847</Value>
          <Value>uSNCreated:1847:1:55a73700-c891-46fd-8f5c-72bc827f2ef5:20160407213831.079:1847</Value>
        </AttributeMetadata>
      </ClassSchemaEntry>
      <ClassSchemaEntry>
        <Name>msDFS-NamespaceAnchor</Name>
        <AttributeMetadata>
          <Value>auxiliaryClass:1756:1:55a73700-c891-46fd-8f5c-72bc827f2ef5:20160407213830.923:1756</Value>
          <Value>cn:1756:1:55a73700-c891-46fd-8f5c-72bc827f2ef5:20160407213830.923:1756</Value>
          <Value>createTimeStamp:1756:1:55a73700-c891-46fd-8f5c-72bc827f2ef5:20160407213830.923:1756</Value>
          <Value>defaultObjectCategory:1756:1:55a73700-c891-46fd-8f5c-72bc827f2ef5:20160407213830.923:1756</Value>
          <Value>entryDN:1756:1:55a73700-c891-46fd-8f5c-72bc827f2ef5:20160407213830.923:1756</Value>
          <Value>governsID:1756:1:55a73700-c891-46fd-8f5c-72bc827f2ef5:20160407213830.923:1756</Value>
          <Value>modifyTimeStamp:1756:1:55a73700-c891-46fd-8f5c-72bc827f2ef5:20160407213830.923:1756</Value>
          <Value>objectClass:1756:1:55a73700-c891-46fd-8f5c-72bc827f2ef5:20160407213830.923:1756</Value>
          <Value>objectClassCategory:1756:1:55a73700-c891-46fd-8f5c-72bc827f2ef5:20160407213830.923:1756</Value>
          <Value>objectGUID:1756:1:55a73700-c891-46fd-8f5c-72bc827f2ef5:20160407213830.923:1756</Value>
          <Value>schemaIDGUID:1756:1:55a73700-c891-46fd-8f5c-72bc827f2ef5:20160407213830.923:1756</Value>
          <Value>subClassOf:1756:1:55a73700-c891-46fd-8f5c-72bc827f2ef5:20160407213830.923:1756</Value>
          <Value>systemMustContain:1756:1:55a73700-c891-46fd-8f5c-72bc827f2ef5:20160407213830.923:1756</Value>
          <Value>uSNChanged:1756:1:55a73700-c891-46fd-8f5c-72bc827f2ef5:20160407213830.923:1756</Value>
          <Value>uSNCreated:1756:1:55a73700-c891-46fd-8f5c-72bc827f2ef5:20160407213830.923:1756</Value>
        </AttributeMetadata>
      </ClassSchemaEntry>
      <ClassSchemaEntry>
        <Name>msDFS-Namespacev2</Name>
        <AttributeMetadata>
          <Value>auxiliaryClass:1960:1:55a73700-c891-46fd-8f5c-72bc827f2ef5:20160407213831.270:1960</Value>
          <Value>cn:1960:1:55a73700-c891-46fd-8f5c-72bc827f2ef5:20160407213831.270:1960</Value>
          <Value>createTimeStamp:1960:1:55a73700-c891-46fd-8f5c-72bc827f2ef5:20160407213831.270:1960</Value>
          <Value>defaultObjectCategory:1960:1:55a73700-c891-46fd-8f5c-72bc827f2ef5:20160407213831.270:1960</Value>
          <Value>entryDN:1960:1:55a73700-c891-46fd-8f5c-72bc827f2ef5:20160407213831.270:1960</Value>
          <Value>governsID:1960:1:55a73700-c891-46fd-8f5c-72bc827f2ef5:20160407213831.270:1960</Value>
          <Value>modifyTimeStamp:1960:1:55a73700-c891-46fd-8f5c-72bc827f2ef5:20160407213831.270:1960</Value>
          <Value>objectClass:1960:1:55a73700-c891-46fd-8f5c-72bc827f2ef5:20160407213831.270:1960</Value>
          <Value>objectClassCategory:1960:1:55a73700-c891-46fd-8f5c-72bc827f2ef5:20160407213831.270:1960</Value>
          <Value>objectGUID:1960:1:55a73700-c891-46fd-8f5c-72bc827f2ef5:20160407213831.270:1960</Value>
          <Value>schemaIDGUID:1960:1:55a73700-c891-46fd-8f5c-72bc827f2ef5:20160407213831.270:1960</Value>
          <Value>subClassOf:1960:1:55a73700-c891-46fd-8f5c-72bc827f2ef5:20160407213831.270:1960</Value>
          <Value>systemMayContain:1960:1:55a73700-c891-46fd-8f5c-72bc827f2ef5:20160407213831.270:1960</Value>
          <Value>systemMustContain:1960:1:55a73700-c891-46fd-8f5c-72bc827f2ef5:20160407213831.270:1960</Value>
          <Value>uSNChanged:1960:1:55a73700-c891-46fd-8f5c-72bc827f2ef5:20160407213831.270:1960</Value>
          <Value>uSNCreated:1960:1:55a73700-c891-46fd-8f5c-72bc827f2ef5:20160407213831.270:1960</Value>
        </AttributeMetadata>
      </ClassSchemaEntry>
      <ClassSchemaEntry>
        <Name>msDFSR-Connection</Name>
        <AttributeMetadata>
          <Value>auxiliaryClass:1911:1:55a73700-c891-46fd-8f5c-72bc827f2ef5:20160407213831.183:1911</Value>
          <Value>cn:1911:1:55a73700-c891-46fd-8f5c-72bc827f2ef5:20160407213831.183:1911</Value>
          <Value>createTimeStamp:1911:1:55a73700-c891-46fd-8f5c-72bc827f2ef5:20160407213831.183:1911</Value>
          <Value>defaultObjectCategory:1911:1:55a73700-c891-46fd-8f5c-72bc827f2ef5:20160407213831.183:1911</Value>
          <Value>entryDN:1911:1:55a73700-c891-46fd-8f5c-72bc827f2ef5:20160407213831.183:1911</Value>
          <Value>governsID:1911:1:55a73700-c891-46fd-8f5c-72bc827f2ef5:20160407213831.183:1911</Value>
          <Value>modifyTimeStamp:1911:1:55a73700-c891-46fd-8f5c-72bc827f2ef5:20160407213831.183:1911</Value>
          <Value>objectClass:1911:1:55a73700-c891-46fd-8f5c-72bc827f2ef5:20160407213831.183:1911</Value>
          <Value>objectClassCategory:1911:1:55a73700-c891-46fd-8f5c-72bc827f2ef5:20160407213831.183:1911</Value>
          <Value>objectGUID:1911:1:55a73700-c891-46fd-8f5c-72bc827f2ef5:20160407213831.183:1911</Value>
          <Value>schemaIDGUID:1911:1:55a73700-c891-46fd-8f5c-72bc827f2ef5:20160407213831.183:1911</Value>
          <Value>subClassOf:1911:1:55a73700-c891-46fd-8f5c-72bc827f2ef5:20160407213831.183:1911</Value>
          <Value>systemMayContain:1911:1:55a73700-c891-46fd-8f5c-72bc827f2ef5:20160407213831.183:1911</Value>
          <Value>systemMustContain:1911:1:55a73700-c891-46fd-8f5c-72bc827f2ef5:20160407213831.183:1911</Value>
          <Value>uSNChanged:1911:1:55a73700-c891-46fd-8f5c-72bc827f2ef5:20160407213831.183:1911</Value>
          <Value>uSNCreated:1911:1:55a73700-c891-46fd-8f5c-72bc827f2ef5:20160407213831.183:1911</Value>
        </AttributeMetadata>
      </ClassSchemaEntry>
      <ClassSchemaEntry>
        <Name>msDFSR-Content</Name>
        <AttributeMetadata>
          <Value>auxiliaryClass:1991:1:55a73700-c891-46fd-8f5c-72bc827f2ef5:20160407213831.326:1991</Value>
          <Value>cn:1991:1:55a73700-c891-46fd-8f5c-72bc827f2ef5:20160407213831.326:1991</Value>
          <Value>createTimeStamp:1991:1:55a73700-c891-46fd-8f5c-72bc827f2ef5:20160407213831.326:1991</Value>
          <Value>defaultObjectCategory:1991:1:55a73700-c891-46fd-8f5c-72bc827f2ef5:20160407213831.326:1991</Value>
          <Value>entryDN:1991:1:55a73700-c891-46fd-8f5c-72bc827f2ef5:20160407213831.326:1991</Value>
          <Value>governsID:1991:1:55a73700-c891-46fd-8f5c-72bc827f2ef5:20160407213831.326:1991</Value>
          <Value>modifyTimeStamp:1991:1:55a73700-c891-46fd-8f5c-72bc827f2ef5:20160407213831.326:1991</Value>
          <Value>objectClass:1991:1:55a73700-c891-46fd-8f5c-72bc827f2ef5:20160407213831.326:1991</Value>
          <Value>objectClassCategory:1991:1:55a73700-c891-46fd-8f5c-72bc827f2ef5:20160407213831.326:1991</Value>
          <Value>objectGUID:1991:1:55a73700-c891-46fd-8f5c-72bc827f2ef5:20160407213831.326:1991</Value>
          <Value>schemaIDGUID:1991:1:55a73700-c891-46fd-8f5c-72bc827f2ef5:20160407213831.326:1991</Value>
          <Value>subClassOf:1991:1:55a73700-c891-46fd-8f5c-72bc827f2ef5:20160407213831.326:1991</Value>
          <Value>systemMayContain:1991:1:55a73700-c891-46fd-8f5c-72bc827f2ef5:20160407213831.326:1991</Value>
          <Value>uSNChanged:1991:1:55a73700-c891-46fd-8f5c-72bc827f2ef5:20160407213831.326:1991</Value>
          <Value>uSNCreated:1991:1:55a73700-c891-46fd-8f5c-72bc827f2ef5:20160407213831.326:1991</Value>
        </AttributeMetadata>
      </ClassSchemaEntry>
      <ClassSchemaEntry>
        <Name>msDFSR-ContentSet</Name>
        <AttributeMetadata>
          <Value>auxiliaryClass:1854:1:55a73700-c891-46fd-8f5c-72bc827f2ef5:20160407213831.092:1854</Value>
          <Value>cn:1854:1:55a73700-c891-46fd-8f5c-72bc827f2ef5:20160407213831.092:1854</Value>
          <Value>createTimeStamp:1854:1:55a73700-c891-46fd-8f5c-72bc827f2ef5:20160407213831.092:1854</Value>
          <Value>defaultObjectCategory:1854:1:55a73700-c891-46fd-8f5c-72bc827f2ef5:20160407213831.092:1854</Value>
          <Value>entryDN:1854:1:55a73700-c891-46fd-8f5c-72bc827f2ef5:20160407213831.092:1854</Value>
          <Value>governsID:1854:1:55a73700-c891-46fd-8f5c-72bc827f2ef5:20160407213831.092:1854</Value>
          <Value>modifyTimeStamp:1854:1:55a73700-c891-46fd-8f5c-72bc827f2ef5:20160407213831.092:1854</Value>
          <Value>objectClass:1854:1:55a73700-c891-46fd-8f5c-72bc827f2ef5:20160407213831.092:1854</Value>
          <Value>objectClassCategory:1854:1:55a73700-c891-46fd-8f5c-72bc827f2ef5:20160407213831.092:1854</Value>
          <Value>objectGUID:1854:1:55a73700-c891-46fd-8f5c-72bc827f2ef5:20160407213831.092:1854</Value>
          <Value>schemaIDGUID:1854:1:55a73700-c891-46fd-8f5c-72bc827f2ef5:20160407213831.092:1854</Value>
          <Value>subClassOf:1854:1:55a73700-c891-46fd-8f5c-72bc827f2ef5:20160407213831.092:1854</Value>
          <Value>systemMayContain:1854:1:55a73700-c891-46fd-8f5c-72bc827f2ef5:20160407213831.092:1854</Value>
          <Value>uSNChanged:1854:1:55a73700-c891-46fd-8f5c-72bc827f2ef5:20160407213831.092:1854</Value>
          <Value>uSNCreated:1854:1:55a73700-c891-46fd-8f5c-72bc827f2ef5:20160407213831.092:1854</Value>
        </AttributeMetadata>
      </ClassSchemaEntry>
      <ClassSchemaEntry>
        <Name>msDFSR-GlobalSettings</Name>
        <AttributeMetadata>
          <Value>auxiliaryClass:1800:1:55a73700-c891-46fd-8f5c-72bc827f2ef5:20160407213831.004:1800</Value>
          <Value>cn:1800:1:55a73700-c891-46fd-8f5c-72bc827f2ef5:20160407213831.004:1800</Value>
          <Value>createTimeStamp:1800:1:55a73700-c891-46fd-8f5c-72bc827f2ef5:20160407213831.004:1800</Value>
          <Value>defaultObjectCategory:1800:1:55a73700-c891-46fd-8f5c-72bc827f2ef5:20160407213831.004:1800</Value>
          <Value>entryDN:1800:1:55a73700-c891-46fd-8f5c-72bc827f2ef5:20160407213831.004:1800</Value>
          <Value>governsID:1800:1:55a73700-c891-46fd-8f5c-72bc827f2ef5:20160407213831.004:1800</Value>
          <Value>modifyTimeStamp:1800:1:55a73700-c891-46fd-8f5c-72bc827f2ef5:20160407213831.004:1800</Value>
          <Value>objectClass:1800:1:55a73700-c891-46fd-8f5c-72bc827f2ef5:20160407213831.004:1800</Value>
          <Value>objectClassCategory:1800:1:55a73700-c891-46fd-8f5c-72bc827f2ef5:20160407213831.004:1800</Value>
          <Value>objectGUID:1800:1:55a73700-c891-46fd-8f5c-72bc827f2ef5:20160407213831.004:1800</Value>
          <Value>schemaIDGUID:1800:1:55a73700-c891-46fd-8f5c-72bc827f2ef5:20160407213831.004:1800</Value>
          <Value>subClassOf:1800:1:55a73700-c891-46fd-8f5c-72bc827f2ef5:20160407213831.004:1800</Value>
          <Value>systemMayContain:1800:1:55a73700-c891-46fd-8f5c-72bc827f2ef5:20160407213831.004:1800</Value>
          <Value>uSNChanged:1800:1:55a73700-c891-46fd-8f5c-72bc827f2ef5:20160407213831.004:1800</Value>
          <Value>uSNCreated:1800:1:55a73700-c891-46fd-8f5c-72bc827f2ef5:20160407213831.004:1800</Value>
        </AttributeMetadata>
      </ClassSchemaEntry>
      <ClassSchemaEntry>
        <Name>msDFSR-LocalSettings</Name>
        <AttributeMetadata>
          <Value>auxiliaryClass:1988:1:55a73700-c891-46fd-8f5c-72bc827f2ef5:20160407213831.322:1988</Value>
          <Value>cn:1988:1:55a73700-c891-46fd-8f5c-72bc827f2ef5:20160407213831.322:1988</Value>
          <Value>createTimeStamp:1988:1:55a73700-c891-46fd-8f5c-72bc827f2ef5:20160407213831.322:1988</Value>
          <Value>defaultObjectCategory:1988:1:55a73700-c891-46fd-8f5c-72bc827f2ef5:20160407213831.322:1988</Value>
          <Value>entryDN:1988:1:55a73700-c891-46fd-8f5c-72bc827f2ef5:20160407213831.322:1988</Value>
          <Value>governsID:1988:1:55a73700-c891-46fd-8f5c-72bc827f2ef5:20160407213831.322:1988</Value>
          <Value>modifyTimeStamp:1988:1:55a73700-c891-46fd-8f5c-72bc827f2ef5:20160407213831.322:1988</Value>
          <Value>objectClass:1988:1:55a73700-c891-46fd-8f5c-72bc827f2ef5:20160407213831.322:1988</Value>
          <Value>objectClassCategory:1988:1:55a73700-c891-46fd-8f5c-72bc827f2ef5:20160407213831.322:1988</Value>
          <Value>objectGUID:1988:1:55a73700-c891-46fd-8f5c-72bc827f2ef5:20160407213831.322:1988</Value>
          <Value>schemaIDGUID:1988:1:55a73700-c891-46fd-8f5c-72bc827f2ef5:20160407213831.322:1988</Value>
          <Value>subClassOf:1988:1:55a73700-c891-46fd-8f5c-72bc827f2ef5:20160407213831.322:1988</Value>
          <Value>systemMayContain:1988:1:55a73700-c891-46fd-8f5c-72bc827f2ef5:20160407213831.322:1988</Value>
          <Value>uSNChanged:1988:1:55a73700-c891-46fd-8f5c-72bc827f2ef5:20160407213831.322:1988</Value>
          <Value>uSNCreated:1988:1:55a73700-c891-46fd-8f5c-72bc827f2ef5:20160407213831.322:1988</Value>
        </AttributeMetadata>
      </ClassSchemaEntry>
      <ClassSchemaEntry>
        <Name>msDFSR-Member</Name>
        <AttributeMetadata>
          <Value>auxiliaryClass:1828:1:55a73700-c891-46fd-8f5c-72bc827f2ef5:20160407213831.042:1828</Value>
          <Value>cn:1828:1:55a73700-c891-46fd-8f5c-72bc827f2ef5:20160407213831.042:1828</Value>
          <Value>createTimeStamp:1828:1:55a73700-c891-46fd-8f5c-72bc827f2ef5:20160407213831.042:1828</Value>
          <Value>defaultObjectCategory:1828:1:55a73700-c891-46fd-8f5c-72bc827f2ef5:20160407213831.042:1828</Value>
          <Value>entryDN:1828:1:55a73700-c891-46fd-8f5c-72bc827f2ef5:20160407213831.042:1828</Value>
          <Value>governsID:1828:1:55a73700-c891-46fd-8f5c-72bc827f2ef5:20160407213831.042:1828</Value>
          <Value>modifyTimeStamp:1828:1:55a73700-c891-46fd-8f5c-72bc827f2ef5:20160407213831.042:1828</Value>
          <Value>objectClass:1828:1:55a73700-c891-46fd-8f5c-72bc827f2ef5:20160407213831.042:1828</Value>
          <Value>objectClassCategory:1828:1:55a73700-c891-46fd-8f5c-72bc827f2ef5:20160407213831.042:1828</Value>
          <Value>objectGUID:1828:1:55a73700-c891-46fd-8f5c-72bc827f2ef5:20160407213831.042:1828</Value>
          <Value>schemaIDGUID:1828:1:55a73700-c891-46fd-8f5c-72bc827f2ef5:20160407213831.042:1828</Value>
          <Value>subClassOf:1828:1:55a73700-c891-46fd-8f5c-72bc827f2ef5:20160407213831.042:1828</Value>
          <Value>systemMayContain:1828:1:55a73700-c891-46fd-8f5c-72bc827f2ef5:20160407213831.042:1828</Value>
          <Value>systemMustContain:1828:1:55a73700-c891-46fd-8f5c-72bc827f2ef5:20160407213831.042:1828</Value>
          <Value>uSNChanged:1828:1:55a73700-c891-46fd-8f5c-72bc827f2ef5:20160407213831.042:1828</Value>
          <Value>uSNCreated:1828:1:55a73700-c891-46fd-8f5c-72bc827f2ef5:20160407213831.042:1828</Value>
        </AttributeMetadata>
      </ClassSchemaEntry>
      <ClassSchemaEntry>
        <Name>msDFSR-ReplicationGroup</Name>
        <AttributeMetadata>
          <Value>auxiliaryClass:1860:1:55a73700-c891-46fd-8f5c-72bc827f2ef5:20160407213831.099:1860</Value>
          <Value>cn:1860:1:55a73700-c891-46fd-8f5c-72bc827f2ef5:20160407213831.099:1860</Value>
          <Value>createTimeStamp:1860:1:55a73700-c891-46fd-8f5c-72bc827f2ef5:20160407213831.099:1860</Value>
          <Value>defaultObjectCategory:1860:1:55a73700-c891-46fd-8f5c-72bc827f2ef5:20160407213831.099:1860</Value>
          <Value>entryDN:1860:1:55a73700-c891-46fd-8f5c-72bc827f2ef5:20160407213831.099:1860</Value>
          <Value>governsID:1860:1:55a73700-c891-46fd-8f5c-72bc827f2ef5:20160407213831.099:1860</Value>
          <Value>modifyTimeStamp:1860:1:55a73700-c891-46fd-8f5c-72bc827f2ef5:20160407213831.099:1860</Value>
          <Value>objectClass:1860:1:55a73700-c891-46fd-8f5c-72bc827f2ef5:20160407213831.099:1860</Value>
          <Value>objectClassCategory:1860:1:55a73700-c891-46fd-8f5c-72bc827f2ef5:20160407213831.099:1860</Value>
          <Value>objectGUID:1860:1:55a73700-c891-46fd-8f5c-72bc827f2ef5:20160407213831.099:1860</Value>
          <Value>schemaIDGUID:1860:1:55a73700-c891-46fd-8f5c-72bc827f2ef5:20160407213831.099:1860</Value>
          <Value>subClassOf:1860:1:55a73700-c891-46fd-8f5c-72bc827f2ef5:20160407213831.099:1860</Value>
          <Value>systemMayContain:1860:1:55a73700-c891-46fd-8f5c-72bc827f2ef5:20160407213831.099:1860</Value>
          <Value>systemMustContain:1860:1:55a73700-c891-46fd-8f5c-72bc827f2ef5:20160407213831.099:1860</Value>
          <Value>uSNChanged:1860:1:55a73700-c891-46fd-8f5c-72bc827f2ef5:20160407213831.099:1860</Value>
          <Value>uSNCreated:1860:1:55a73700-c891-46fd-8f5c-72bc827f2ef5:20160407213831.099:1860</Value>
        </AttributeMetadata>
      </ClassSchemaEntry>
      <ClassSchemaEntry>
        <Name>msDFSR-Subscriber</Name>
        <AttributeMetadata>
          <Value>auxiliaryClass:2014:1:55a73700-c891-46fd-8f5c-72bc827f2ef5:20160407213831.362:2014</Value>
          <Value>cn:2014:1:55a73700-c891-46fd-8f5c-72bc827f2ef5:20160407213831.362:2014</Value>
          <Value>createTimeStamp:2014:1:55a73700-c891-46fd-8f5c-72bc827f2ef5:20160407213831.362:2014</Value>
          <Value>defaultObjectCategory:2014:1:55a73700-c891-46fd-8f5c-72bc827f2ef5:20160407213831.362:2014</Value>
          <Value>entryDN:2014:1:55a73700-c891-46fd-8f5c-72bc827f2ef5:20160407213831.362:2014</Value>
          <Value>governsID:2014:1:55a73700-c891-46fd-8f5c-72bc827f2ef5:20160407213831.362:2014</Value>
          <Value>modifyTimeStamp:2014:1:55a73700-c891-46fd-8f5c-72bc827f2ef5:20160407213831.362:2014</Value>
          <Value>objectClass:2014:1:55a73700-c891-46fd-8f5c-72bc827f2ef5:20160407213831.362:2014</Value>
          <Value>objectClassCategory:2014:1:55a73700-c891-46fd-8f5c-72bc827f2ef5:20160407213831.362:2014</Value>
          <Value>objectGUID:2014:1:55a73700-c891-46fd-8f5c-72bc827f2ef5:20160407213831.362:2014</Value>
          <Value>schemaIDGUID:2014:1:55a73700-c891-46fd-8f5c-72bc827f2ef5:20160407213831.362:2014</Value>
          <Value>subClassOf:2014:1:55a73700-c891-46fd-8f5c-72bc827f2ef5:20160407213831.362:2014</Value>
          <Value>systemMayContain:2014:1:55a73700-c891-46fd-8f5c-72bc827f2ef5:20160407213831.362:2014</Value>
          <Value>systemMustContain:2014:1:55a73700-c891-46fd-8f5c-72bc827f2ef5:20160407213831.362:2014</Value>
          <Value>uSNChanged:2014:1:55a73700-c891-46fd-8f5c-72bc827f2ef5:20160407213831.362:2014</Value>
          <Value>uSNCreated:2014:1:55a73700-c891-46fd-8f5c-72bc827f2ef5:20160407213831.362:2014</Value>
        </AttributeMetadata>
      </ClassSchemaEntry>
      <ClassSchemaEntry>
        <Name>msDFSR-Subscription</Name>
        <AttributeMetadata>
          <Value>auxiliaryClass:1931:1:55a73700-c891-46fd-8f5c-72bc827f2ef5:20160407213831.217:1931</Value>
          <Value>cn:1931:1:55a73700-c891-46fd-8f5c-72bc827f2ef5:20160407213831.217:1931</Value>
          <Value>createTimeStamp:1931:1:55a73700-c891-46fd-8f5c-72bc827f2ef5:20160407213831.217:1931</Value>
          <Value>defaultObjectCategory:1931:1:55a73700-c891-46fd-8f5c-72bc827f2ef5:20160407213831.217:1931</Value>
          <Value>entryDN:1931:1:55a73700-c891-46fd-8f5c-72bc827f2ef5:20160407213831.217:1931</Value>
          <Value>governsID:1931:1:55a73700-c891-46fd-8f5c-72bc827f2ef5:20160407213831.217:1931</Value>
          <Value>modifyTimeStamp:1931:1:55a73700-c891-46fd-8f5c-72bc827f2ef5:20160407213831.217:1931</Value>
          <Value>objectClass:1931:1:55a73700-c891-46fd-8f5c-72bc827f2ef5:20160407213831.217:1931</Value>
          <Value>objectClassCategory:1931:1:55a73700-c891-46fd-8f5c-72bc827f2ef5:20160407213831.217:1931</Value>
          <Value>objectGUID:1931:1:55a73700-c891-46fd-8f5c-72bc827f2ef5:20160407213831.217:1931</Value>
          <Value>schemaIDGUID:1931:1:55a73700-c891-46fd-8f5c-72bc827f2ef5:20160407213831.217:1931</Value>
          <Value>subClassOf:1931:1:55a73700-c891-46fd-8f5c-72bc827f2ef5:20160407213831.217:1931</Value>
          <Value>systemMayContain:1931:1:55a73700-c891-46fd-8f5c-72bc827f2ef5:20160407213831.217:1931</Value>
          <Value>systemMustContain:1931:1:55a73700-c891-46fd-8f5c-72bc827f2ef5:20160407213831.217:1931</Value>
          <Value>uSNChanged:1931:1:55a73700-c891-46fd-8f5c-72bc827f2ef5:20160407213831.217:1931</Value>
          <Value>uSNCreated:1931:1:55a73700-c891-46fd-8f5c-72bc827f2ef5:20160407213831.217:1931</Value>
        </AttributeMetadata>
      </ClassSchemaEntry>
      <ClassSchemaEntry>
        <Name>msDFSR-Topology</Name>
        <AttributeMetadata>
          <Value>auxiliaryClass:1993:1:55a73700-c891-46fd-8f5c-72bc827f2ef5:20160407213831.329:1993</Value>
          <Value>cn:1993:1:55a73700-c891-46fd-8f5c-72bc827f2ef5:20160407213831.329:1993</Value>
          <Value>createTimeStamp:1993:1:55a73700-c891-46fd-8f5c-72bc827f2ef5:20160407213831.329:1993</Value>
          <Value>defaultObjectCategory:1993:1:55a73700-c891-46fd-8f5c-72bc827f2ef5:20160407213831.329:1993</Value>
          <Value>entryDN:1993:1:55a73700-c891-46fd-8f5c-72bc827f2ef5:20160407213831.329:1993</Value>
          <Value>governsID:1993:1:55a73700-c891-46fd-8f5c-72bc827f2ef5:20160407213831.329:1993</Value>
          <Value>modifyTimeStamp:1993:1:55a73700-c891-46fd-8f5c-72bc827f2ef5:20160407213831.329:1993</Value>
          <Value>objectClass:1993:1:55a73700-c891-46fd-8f5c-72bc827f2ef5:20160407213831.329:1993</Value>
          <Value>objectClassCategory:1993:1:55a73700-c891-46fd-8f5c-72bc827f2ef5:20160407213831.329:1993</Value>
          <Value>objectGUID:1993:1:55a73700-c891-46fd-8f5c-72bc827f2ef5:20160407213831.329:1993</Value>
          <Value>schemaIDGUID:1993:1:55a73700-c891-46fd-8f5c-72bc827f2ef5:20160407213831.329:1993</Value>
          <Value>subClassOf:1993:1:55a73700-c891-46fd-8f5c-72bc827f2ef5:20160407213831.329:1993</Value>
          <Value>systemMayContain:1993:1:55a73700-c891-46fd-8f5c-72bc827f2ef5:20160407213831.329:1993</Value>
          <Value>uSNChanged:1993:1:55a73700-c891-46fd-8f5c-72bc827f2ef5:20160407213831.329:1993</Value>
          <Value>uSNCreated:1993:1:55a73700-c891-46fd-8f5c-72bc827f2ef5:20160407213831.329:1993</Value>
        </AttributeMetadata>
      </ClassSchemaEntry>
      <ClassSchemaEntry>
        <Name>msDS-App-Configuration</Name>
        <AttributeMetadata>
          <Value>auxiliaryClass:2017:1:55a73700-c891-46fd-8f5c-72bc827f2ef5:20160407213831.365:2017</Value>
          <Value>cn:2017:1:55a73700-c891-46fd-8f5c-72bc827f2ef5:20160407213831.365:2017</Value>
          <Value>createTimeStamp:2017:1:55a73700-c891-46fd-8f5c-72bc827f2ef5:20160407213831.365:2017</Value>
          <Value>defaultObjectCategory:2017:1:55a73700-c891-46fd-8f5c-72bc827f2ef5:20160407213831.365:2017</Value>
          <Value>entryDN:2017:1:55a73700-c891-46fd-8f5c-72bc827f2ef5:20160407213831.365:2017</Value>
          <Value>governsID:2017:1:55a73700-c891-46fd-8f5c-72bc827f2ef5:20160407213831.365:2017</Value>
          <Value>modifyTimeStamp:2017:1:55a73700-c891-46fd-8f5c-72bc827f2ef5:20160407213831.365:2017</Value>
          <Value>objectClass:2017:1:55a73700-c891-46fd-8f5c-72bc827f2ef5:20160407213831.365:2017</Value>
          <Value>objectClassCategory:2017:1:55a73700-c891-46fd-8f5c-72bc827f2ef5:20160407213831.365:2017</Value>
          <Value>objectGUID:2017:1:55a73700-c891-46fd-8f5c-72bc827f2ef5:20160407213831.365:2017</Value>
          <Value>schemaIDGUID:2017:1:55a73700-c891-46fd-8f5c-72bc827f2ef5:20160407213831.365:2017</Value>
          <Value>subClassOf:2017:1:55a73700-c891-46fd-8f5c-72bc827f2ef5:20160407213831.365:2017</Value>
          <Value>systemMayContain:2017:1:55a73700-c891-46fd-8f5c-72bc827f2ef5:20160407213831.365:2017</Value>
          <Value>uSNChanged:2017:1:55a73700-c891-46fd-8f5c-72bc827f2ef5:20160407213831.365:2017</Value>
          <Value>uSNCreated:2017:1:55a73700-c891-46fd-8f5c-72bc827f2ef5:20160407213831.365:2017</Value>
        </AttributeMetadata>
      </ClassSchemaEntry>
      <ClassSchemaEntry>
        <Name>msDS-AppData</Name>
        <AttributeMetadata>
          <Value>auxiliaryClass:1844:1:55a73700-c891-46fd-8f5c-72bc827f2ef5:20160407213831.071:1844</Value>
          <Value>cn:1844:1:55a73700-c891-46fd-8f5c-72bc827f2ef5:20160407213831.071:1844</Value>
          <Value>createTimeStamp:1844:1:55a73700-c891-46fd-8f5c-72bc827f2ef5:20160407213831.071:1844</Value>
          <Value>defaultObjectCategory:1844:1:55a73700-c891-46fd-8f5c-72bc827f2ef5:20160407213831.071:1844</Value>
          <Value>entryDN:1844:1:55a73700-c891-46fd-8f5c-72bc827f2ef5:20160407213831.071:1844</Value>
          <Value>governsID:1844:1:55a73700-c891-46fd-8f5c-72bc827f2ef5:20160407213831.071:1844</Value>
          <Value>modifyTimeStamp:1844:1:55a73700-c891-46fd-8f5c-72bc827f2ef5:20160407213831.071:1844</Value>
          <Value>objectClass:1844:1:55a73700-c891-46fd-8f5c-72bc827f2ef5:20160407213831.071:1844</Value>
          <Value>objectClassCategory:1844:1:55a73700-c891-46fd-8f5c-72bc827f2ef5:20160407213831.071:1844</Value>
          <Value>objectGUID:1844:1:55a73700-c891-46fd-8f5c-72bc827f2ef5:20160407213831.071:1844</Value>
          <Value>schemaIDGUID:1844:1:55a73700-c891-46fd-8f5c-72bc827f2ef5:20160407213831.071:1844</Value>
          <Value>subClassOf:1844:1:55a73700-c891-46fd-8f5c-72bc827f2ef5:20160407213831.071:1844</Value>
          <Value>systemMayContain:1844:1:55a73700-c891-46fd-8f5c-72bc827f2ef5:20160407213831.071:1844</Value>
          <Value>uSNChanged:1844:1:55a73700-c891-46fd-8f5c-72bc827f2ef5:20160407213831.071:1844</Value>
          <Value>uSNCreated:1844:1:55a73700-c891-46fd-8f5c-72bc827f2ef5:20160407213831.071:1844</Value>
        </AttributeMetadata>
      </ClassSchemaEntry>
      <ClassSchemaEntry>
        <Name>msDS-AzAdminManager</Name>
        <AttributeMetadata>
          <Value>auxiliaryClass:1840:1:55a73700-c891-46fd-8f5c-72bc827f2ef5:20160407213831.066:1840</Value>
          <Value>cn:1840:1:55a73700-c891-46fd-8f5c-72bc827f2ef5:20160407213831.066:1840</Value>
          <Value>createTimeStamp:1840:1:55a73700-c891-46fd-8f5c-72bc827f2ef5:20160407213831.066:1840</Value>
          <Value>defaultObjectCategory:1840:1:55a73700-c891-46fd-8f5c-72bc827f2ef5:20160407213831.066:1840</Value>
          <Value>entryDN:1840:1:55a73700-c891-46fd-8f5c-72bc827f2ef5:20160407213831.066:1840</Value>
          <Value>governsID:1840:1:55a73700-c891-46fd-8f5c-72bc827f2ef5:20160407213831.066:1840</Value>
          <Value>modifyTimeStamp:1840:1:55a73700-c891-46fd-8f5c-72bc827f2ef5:20160407213831.066:1840</Value>
          <Value>objectClass:1840:1:55a73700-c891-46fd-8f5c-72bc827f2ef5:20160407213831.066:1840</Value>
          <Value>objectClassCategory:1840:1:55a73700-c891-46fd-8f5c-72bc827f2ef5:20160407213831.066:1840</Value>
          <Value>objectGUID:1840:1:55a73700-c891-46fd-8f5c-72bc827f2ef5:20160407213831.066:1840</Value>
          <Value>schemaIDGUID:1840:1:55a73700-c891-46fd-8f5c-72bc827f2ef5:20160407213831.066:1840</Value>
          <Value>subClassOf:1840:1:55a73700-c891-46fd-8f5c-72bc827f2ef5:20160407213831.066:1840</Value>
          <Value>systemMayContain:1840:1:55a73700-c891-46fd-8f5c-72bc827f2ef5:20160407213831.066:1840</Value>
          <Value>uSNChanged:1840:1:55a73700-c891-46fd-8f5c-72bc827f2ef5:20160407213831.066:1840</Value>
          <Value>uSNCreated:1840:1:55a73700-c891-46fd-8f5c-72bc827f2ef5:20160407213831.066:1840</Value>
        </AttributeMetadata>
      </ClassSchemaEntry>
      <ClassSchemaEntry>
        <Name>msDS-AzApplication</Name>
        <AttributeMetadata>
          <Value>auxiliaryClass:1769:1:55a73700-c891-46fd-8f5c-72bc827f2ef5:20160407213830.947:1769</Value>
          <Value>cn:1769:1:55a73700-c891-46fd-8f5c-72bc827f2ef5:20160407213830.947:1769</Value>
          <Value>createTimeStamp:1769:1:55a73700-c891-46fd-8f5c-72bc827f2ef5:20160407213830.947:1769</Value>
          <Value>defaultObjectCategory:1769:1:55a73700-c891-46fd-8f5c-72bc827f2ef5:20160407213830.947:1769</Value>
          <Value>entryDN:1769:1:55a73700-c891-46fd-8f5c-72bc827f2ef5:20160407213830.947:1769</Value>
          <Value>governsID:1769:1:55a73700-c891-46fd-8f5c-72bc827f2ef5:20160407213830.947:1769</Value>
          <Value>modifyTimeStamp:1769:1:55a73700-c891-46fd-8f5c-72bc827f2ef5:20160407213830.947:1769</Value>
          <Value>objectClass:1769:1:55a73700-c891-46fd-8f5c-72bc827f2ef5:20160407213830.947:1769</Value>
          <Value>objectClassCategory:1769:1:55a73700-c891-46fd-8f5c-72bc827f2ef5:20160407213830.947:1769</Value>
          <Value>objectGUID:1769:1:55a73700-c891-46fd-8f5c-72bc827f2ef5:20160407213830.947:1769</Value>
          <Value>schemaIDGUID:1769:1:55a73700-c891-46fd-8f5c-72bc827f2ef5:20160407213830.947:1769</Value>
          <Value>subClassOf:1769:1:55a73700-c891-46fd-8f5c-72bc827f2ef5:20160407213830.947:1769</Value>
          <Value>systemMayContain:1769:1:55a73700-c891-46fd-8f5c-72bc827f2ef5:20160407213830.947:1769</Value>
          <Value>uSNChanged:1769:1:55a73700-c891-46fd-8f5c-72bc827f2ef5:20160407213830.947:1769</Value>
          <Value>uSNCreated:1769:1:55a73700-c891-46fd-8f5c-72bc827f2ef5:20160407213830.947:1769</Value>
        </AttributeMetadata>
      </ClassSchemaEntry>
      <ClassSchemaEntry>
        <Name>msDS-AzOperation</Name>
        <AttributeMetadata>
          <Value>auxiliaryClass:1900:1:55a73700-c891-46fd-8f5c-72bc827f2ef5:20160407213831.161:1900</Value>
          <Value>cn:1900:1:55a73700-c891-46fd-8f5c-72bc827f2ef5:20160407213831.161:1900</Value>
          <Value>createTimeStamp:1900:1:55a73700-c891-46fd-8f5c-72bc827f2ef5:20160407213831.161:1900</Value>
          <Value>defaultObjectCategory:1900:1:55a73700-c891-46fd-8f5c-72bc827f2ef5:20160407213831.161:1900</Value>
          <Value>entryDN:1900:1:55a73700-c891-46fd-8f5c-72bc827f2ef5:20160407213831.161:1900</Value>
          <Value>governsID:1900:1:55a73700-c891-46fd-8f5c-72bc827f2ef5:20160407213831.161:1900</Value>
          <Value>modifyTimeStamp:1900:1:55a73700-c891-46fd-8f5c-72bc827f2ef5:20160407213831.161:1900</Value>
          <Value>objectClass:1900:1:55a73700-c891-46fd-8f5c-72bc827f2ef5:20160407213831.161:1900</Value>
          <Value>objectClassCategory:1900:1:55a73700-c891-46fd-8f5c-72bc827f2ef5:20160407213831.161:1900</Value>
          <Value>objectGUID:1900:1:55a73700-c891-46fd-8f5c-72bc827f2ef5:20160407213831.161:1900</Value>
          <Value>schemaIDGUID:1900:1:55a73700-c891-46fd-8f5c-72bc827f2ef5:20160407213831.161:1900</Value>
          <Value>subClassOf:1900:1:55a73700-c891-46fd-8f5c-72bc827f2ef5:20160407213831.161:1900</Value>
          <Value>systemMayContain:1900:1:55a73700-c891-46fd-8f5c-72bc827f2ef5:20160407213831.161:1900</Value>
          <Value>systemMustContain:1900:1:55a73700-c891-46fd-8f5c-72bc827f2ef5:20160407213831.161:1900</Value>
          <Value>uSNChanged:1900:1:55a73700-c891-46fd-8f5c-72bc827f2ef5:20160407213831.161:1900</Value>
          <Value>uSNCreated:1900:1:55a73700-c891-46fd-8f5c-72bc827f2ef5:20160407213831.161:1900</Value>
        </AttributeMetadata>
      </ClassSchemaEntry>
      <ClassSchemaEntry>
        <Name>msDS-AzRole</Name>
        <AttributeMetadata>
          <Value>auxiliaryClass:2010:1:55a73700-c891-46fd-8f5c-72bc827f2ef5:20160407213831.358:2010</Value>
          <Value>cn:2010:1:55a73700-c891-46fd-8f5c-72bc827f2ef5:20160407213831.358:2010</Value>
          <Value>createTimeStamp:2010:1:55a73700-c891-46fd-8f5c-72bc827f2ef5:20160407213831.358:2010</Value>
          <Value>defaultObjectCategory:2010:1:55a73700-c891-46fd-8f5c-72bc827f2ef5:20160407213831.358:2010</Value>
          <Value>entryDN:2010:1:55a73700-c891-46fd-8f5c-72bc827f2ef5:20160407213831.358:2010</Value>
          <Value>governsID:2010:1:55a73700-c891-46fd-8f5c-72bc827f2ef5:20160407213831.358:2010</Value>
          <Value>modifyTimeStamp:2010:1:55a73700-c891-46fd-8f5c-72bc827f2ef5:20160407213831.358:2010</Value>
          <Value>objectClass:2010:1:55a73700-c891-46fd-8f5c-72bc827f2ef5:20160407213831.358:2010</Value>
          <Value>objectClassCategory:2010:1:55a73700-c891-46fd-8f5c-72bc827f2ef5:20160407213831.358:2010</Value>
          <Value>objectGUID:2010:1:55a73700-c891-46fd-8f5c-72bc827f2ef5:20160407213831.358:2010</Value>
          <Value>schemaIDGUID:2010:1:55a73700-c891-46fd-8f5c-72bc827f2ef5:20160407213831.358:2010</Value>
          <Value>subClassOf:2010:1:55a73700-c891-46fd-8f5c-72bc827f2ef5:20160407213831.358:2010</Value>
          <Value>systemMayContain:2010:1:55a73700-c891-46fd-8f5c-72bc827f2ef5:20160407213831.358:2010</Value>
          <Value>uSNChanged:2010:1:55a73700-c891-46fd-8f5c-72bc827f2ef5:20160407213831.358:2010</Value>
          <Value>uSNCreated:2010:1:55a73700-c891-46fd-8f5c-72bc827f2ef5:20160407213831.358:2010</Value>
        </AttributeMetadata>
      </ClassSchemaEntry>
      <ClassSchemaEntry>
        <Name>msDS-AzScope</Name>
        <AttributeMetadata>
          <Value>auxiliaryClass:1795:1:55a73700-c891-46fd-8f5c-72bc827f2ef5:20160407213830.996:1795</Value>
          <Value>cn:1795:1:55a73700-c891-46fd-8f5c-72bc827f2ef5:20160407213830.996:1795</Value>
          <Value>createTimeStamp:1795:1:55a73700-c891-46fd-8f5c-72bc827f2ef5:20160407213830.996:1795</Value>
          <Value>defaultObjectCategory:1795:1:55a73700-c891-46fd-8f5c-72bc827f2ef5:20160407213830.996:1795</Value>
          <Value>entryDN:1795:1:55a73700-c891-46fd-8f5c-72bc827f2ef5:20160407213830.996:1795</Value>
          <Value>governsID:1795:1:55a73700-c891-46fd-8f5c-72bc827f2ef5:20160407213830.996:1795</Value>
          <Value>modifyTimeStamp:1795:1:55a73700-c891-46fd-8f5c-72bc827f2ef5:20160407213830.996:1795</Value>
          <Value>objectClass:1795:1:55a73700-c891-46fd-8f5c-72bc827f2ef5:20160407213830.996:1795</Value>
          <Value>objectClassCategory:1795:1:55a73700-c891-46fd-8f5c-72bc827f2ef5:20160407213830.996:1795</Value>
          <Value>objectGUID:1795:1:55a73700-c891-46fd-8f5c-72bc827f2ef5:20160407213830.996:1795</Value>
          <Value>schemaIDGUID:1795:1:55a73700-c891-46fd-8f5c-72bc827f2ef5:20160407213830.996:1795</Value>
          <Value>subClassOf:1795:1:55a73700-c891-46fd-8f5c-72bc827f2ef5:20160407213830.996:1795</Value>
          <Value>systemMayContain:1795:1:55a73700-c891-46fd-8f5c-72bc827f2ef5:20160407213830.996:1795</Value>
          <Value>systemMustContain:1795:1:55a73700-c891-46fd-8f5c-72bc827f2ef5:20160407213830.996:1795</Value>
          <Value>uSNChanged:1795:1:55a73700-c891-46fd-8f5c-72bc827f2ef5:20160407213830.996:1795</Value>
          <Value>uSNCreated:1795:1:55a73700-c891-46fd-8f5c-72bc827f2ef5:20160407213830.996:1795</Value>
        </AttributeMetadata>
      </ClassSchemaEntry>
      <ClassSchemaEntry>
        <Name>msDS-AzTask</Name>
        <AttributeMetadata>
          <Value>auxiliaryClass:1763:1:55a73700-c891-46fd-8f5c-72bc827f2ef5:20160407213830.941:1763</Value>
          <Value>cn:1763:1:55a73700-c891-46fd-8f5c-72bc827f2ef5:20160407213830.941:1763</Value>
          <Value>createTimeStamp:1763:1:55a73700-c891-46fd-8f5c-72bc827f2ef5:20160407213830.941:1763</Value>
          <Value>defaultObjectCategory:1763:1:55a73700-c891-46fd-8f5c-72bc827f2ef5:20160407213830.941:1763</Value>
          <Value>entryDN:1763:1:55a73700-c891-46fd-8f5c-72bc827f2ef5:20160407213830.941:1763</Value>
          <Value>governsID:1763:1:55a73700-c891-46fd-8f5c-72bc827f2ef5:20160407213830.941:1763</Value>
          <Value>modifyTimeStamp:1763:1:55a73700-c891-46fd-8f5c-72bc827f2ef5:20160407213830.941:1763</Value>
          <Value>objectClass:1763:1:55a73700-c891-46fd-8f5c-72bc827f2ef5:20160407213830.941:1763</Value>
          <Value>objectClassCategory:1763:1:55a73700-c891-46fd-8f5c-72bc827f2ef5:20160407213830.941:1763</Value>
          <Value>objectGUID:1763:1:55a73700-c891-46fd-8f5c-72bc827f2ef5:20160407213830.941:1763</Value>
          <Value>schemaIDGUID:1763:1:55a73700-c891-46fd-8f5c-72bc827f2ef5:20160407213830.941:1763</Value>
          <Value>subClassOf:1763:1:55a73700-c891-46fd-8f5c-72bc827f2ef5:20160407213830.941:1763</Value>
          <Value>systemMayContain:1763:1:55a73700-c891-46fd-8f5c-72bc827f2ef5:20160407213830.941:1763</Value>
          <Value>uSNChanged:1763:1:55a73700-c891-46fd-8f5c-72bc827f2ef5:20160407213830.941:1763</Value>
          <Value>uSNCreated:1763:1:55a73700-c891-46fd-8f5c-72bc827f2ef5:20160407213830.941:1763</Value>
        </AttributeMetadata>
      </ClassSchemaEntry>
      <ClassSchemaEntry>
        <Name>msDS-ManagedServiceAccount</Name>
        <AttributeMetadata>
          <Value>auxiliaryClass:1945:1:55a73700-c891-46fd-8f5c-72bc827f2ef5:20160407213831.244:1945</Value>
          <Value>cn:1945:1:55a73700-c891-46fd-8f5c-72bc827f2ef5:20160407213831.244:1945</Value>
          <Value>createTimeStamp:1945:1:55a73700-c891-46fd-8f5c-72bc827f2ef5:20160407213831.244:1945</Value>
          <Value>defaultObjectCategory:1945:1:55a73700-c891-46fd-8f5c-72bc827f2ef5:20160407213831.244:1945</Value>
          <Value>entryDN:1945:1:55a73700-c891-46fd-8f5c-72bc827f2ef5:20160407213831.244:1945</Value>
          <Value>governsID:1945:1:55a73700-c891-46fd-8f5c-72bc827f2ef5:20160407213831.244:1945</Value>
          <Value>mayContain:1945:1:55a73700-c891-46fd-8f5c-72bc827f2ef5:20160407213831.244:1945</Value>
          <Value>modifyTimeStamp:1945:1:55a73700-c891-46fd-8f5c-72bc827f2ef5:20160407213831.244:1945</Value>
          <Value>mustContain:1945:1:55a73700-c891-46fd-8f5c-72bc827f2ef5:20160407213831.244:1945</Value>
          <Value>objectClass:1945:1:55a73700-c891-46fd-8f5c-72bc827f2ef5:20160407213831.244:1945</Value>
          <Value>objectClassCategory:1945:1:55a73700-c891-46fd-8f5c-72bc827f2ef5:20160407213831.244:1945</Value>
          <Value>objectGUID:1945:1:55a73700-c891-46fd-8f5c-72bc827f2ef5:20160407213831.244:1945</Value>
          <Value>schemaIDGUID:1945:1:55a73700-c891-46fd-8f5c-72bc827f2ef5:20160407213831.244:1945</Value>
          <Value>subClassOf:1945:1:55a73700-c891-46fd-8f5c-72bc827f2ef5:20160407213831.244:1945</Value>
          <Value>uSNChanged:1945:1:55a73700-c891-46fd-8f5c-72bc827f2ef5:20160407213831.244:1945</Value>
          <Value>uSNCreated:1945:1:55a73700-c891-46fd-8f5c-72bc827f2ef5:20160407213831.244:1945</Value>
        </AttributeMetadata>
      </ClassSchemaEntry>
      <ClassSchemaEntry>
        <Name>msDS-OptionalFeature</Name>
        <AttributeMetadata>
          <Value>auxiliaryClass:1966:1:55a73700-c891-46fd-8f5c-72bc827f2ef5:20160407213831.277:1966</Value>
          <Value>cn:1966:1:55a73700-c891-46fd-8f5c-72bc827f2ef5:20160407213831.277:1966</Value>
          <Value>createTimeStamp:1966:1:55a73700-c891-46fd-8f5c-72bc827f2ef5:20160407213831.277:1966</Value>
          <Value>defaultObjectCategory:1966:1:55a73700-c891-46fd-8f5c-72bc827f2ef5:20160407213831.277:1966</Value>
          <Value>entryDN:1966:1:55a73700-c891-46fd-8f5c-72bc827f2ef5:20160407213831.277:1966</Value>
          <Value>governsID:1966:1:55a73700-c891-46fd-8f5c-72bc827f2ef5:20160407213831.277:1966</Value>
          <Value>modifyTimeStamp:1966:1:55a73700-c891-46fd-8f5c-72bc827f2ef5:20160407213831.277:1966</Value>
          <Value>objectClass:1966:1:55a73700-c891-46fd-8f5c-72bc827f2ef5:20160407213831.277:1966</Value>
          <Value>objectClassCategory:1966:1:55a73700-c891-46fd-8f5c-72bc827f2ef5:20160407213831.277:1966</Value>
          <Value>objectGUID:1966:1:55a73700-c891-46fd-8f5c-72bc827f2ef5:20160407213831.277:1966</Value>
          <Value>schemaIDGUID:1966:1:55a73700-c891-46fd-8f5c-72bc827f2ef5:20160407213831.277:1966</Value>
          <Value>subClassOf:1966:1:55a73700-c891-46fd-8f5c-72bc827f2ef5:20160407213831.277:1966</Value>
          <Value>systemMayContain:1966:1:55a73700-c891-46fd-8f5c-72bc827f2ef5:20160407213831.277:1966</Value>
          <Value>systemMustContain:1966:1:55a73700-c891-46fd-8f5c-72bc827f2ef5:20160407213831.277:1966</Value>
          <Value>uSNChanged:1966:1:55a73700-c891-46fd-8f5c-72bc827f2ef5:20160407213831.277:1966</Value>
          <Value>uSNCreated:1966:1:55a73700-c891-46fd-8f5c-72bc827f2ef5:20160407213831.277:1966</Value>
        </AttributeMetadata>
      </ClassSchemaEntry>
      <ClassSchemaEntry>
        <Name>msDS-PasswordSettings</Name>
        <AttributeMetadata>
          <Value>auxiliaryClass:1764:1:55a73700-c891-46fd-8f5c-72bc827f2ef5:20160407213830.942:1764</Value>
          <Value>cn:1764:1:55a73700-c891-46fd-8f5c-72bc827f2ef5:20160407213830.942:1764</Value>
          <Value>createTimeStamp:1764:1:55a73700-c891-46fd-8f5c-72bc827f2ef5:20160407213830.942:1764</Value>
          <Value>defaultObjectCategory:1764:1:55a73700-c891-46fd-8f5c-72bc827f2ef5:20160407213830.942:1764</Value>
          <Value>entryDN:1764:1:55a73700-c891-46fd-8f5c-72bc827f2ef5:20160407213830.942:1764</Value>
          <Value>governsID:1764:1:55a73700-c891-46fd-8f5c-72bc827f2ef5:20160407213830.942:1764</Value>
          <Value>modifyTimeStamp:1764:1:55a73700-c891-46fd-8f5c-72bc827f2ef5:20160407213830.942:1764</Value>
          <Value>objectClass:1764:1:55a73700-c891-46fd-8f5c-72bc827f2ef5:20160407213830.942:1764</Value>
          <Value>objectClassCategory:1764:1:55a73700-c891-46fd-8f5c-72bc827f2ef5:20160407213830.942:1764</Value>
          <Value>objectGUID:1764:1:55a73700-c891-46fd-8f5c-72bc827f2ef5:20160407213830.942:1764</Value>
          <Value>schemaIDGUID:1764:1:55a73700-c891-46fd-8f5c-72bc827f2ef5:20160407213830.942:1764</Value>
          <Value>subClassOf:1764:1:55a73700-c891-46fd-8f5c-72bc827f2ef5:20160407213830.942:1764</Value>
          <Value>systemMayContain:1764:1:55a73700-c891-46fd-8f5c-72bc827f2ef5:20160407213830.942:1764</Value>
          <Value>systemMustContain:1764:1:55a73700-c891-46fd-8f5c-72bc827f2ef5:20160407213830.942:1764</Value>
          <Value>uSNChanged:1764:1:55a73700-c891-46fd-8f5c-72bc827f2ef5:20160407213830.942:1764</Value>
          <Value>uSNCreated:1764:1:55a73700-c891-46fd-8f5c-72bc827f2ef5:20160407213830.942:1764</Value>
        </AttributeMetadata>
      </ClassSchemaEntry>
      <ClassSchemaEntry>
        <Name>msDS-PasswordSettingsContainer</Name>
        <AttributeMetadata>
          <Value>auxiliaryClass:1913:1:55a73700-c891-46fd-8f5c-72bc827f2ef5:20160407213831.186:1913</Value>
          <Value>cn:1913:1:55a73700-c891-46fd-8f5c-72bc827f2ef5:20160407213831.186:1913</Value>
          <Value>createTimeStamp:1913:1:55a73700-c891-46fd-8f5c-72bc827f2ef5:20160407213831.186:1913</Value>
          <Value>defaultObjectCategory:1913:1:55a73700-c891-46fd-8f5c-72bc827f2ef5:20160407213831.186:1913</Value>
          <Value>entryDN:1913:1:55a73700-c891-46fd-8f5c-72bc827f2ef5:20160407213831.186:1913</Value>
          <Value>governsID:1913:1:55a73700-c891-46fd-8f5c-72bc827f2ef5:20160407213831.186:1913</Value>
          <Value>modifyTimeStamp:1913:1:55a73700-c891-46fd-8f5c-72bc827f2ef5:20160407213831.186:1913</Value>
          <Value>objectClass:1913:1:55a73700-c891-46fd-8f5c-72bc827f2ef5:20160407213831.186:1913</Value>
          <Value>objectClassCategory:1913:1:55a73700-c891-46fd-8f5c-72bc827f2ef5:20160407213831.186:1913</Value>
          <Value>objectGUID:1913:1:55a73700-c891-46fd-8f5c-72bc827f2ef5:20160407213831.186:1913</Value>
          <Value>schemaIDGUID:1913:1:55a73700-c891-46fd-8f5c-72bc827f2ef5:20160407213831.186:1913</Value>
          <Value>subClassOf:1913:1:55a73700-c891-46fd-8f5c-72bc827f2ef5:20160407213831.186:1913</Value>
          <Value>uSNChanged:1913:1:55a73700-c891-46fd-8f5c-72bc827f2ef5:20160407213831.186:1913</Value>
          <Value>uSNCreated:1913:1:55a73700-c891-46fd-8f5c-72bc827f2ef5:20160407213831.186:1913</Value>
        </AttributeMetadata>
      </ClassSchemaEntry>
      <ClassSchemaEntry>
        <Name>msDS-QuotaContainer</Name>
        <AttributeMetadata>
          <Value>auxiliaryClass:1866:1:55a73700-c891-46fd-8f5c-72bc827f2ef5:20160407213831.114:1866</Value>
          <Value>cn:1866:1:55a73700-c891-46fd-8f5c-72bc827f2ef5:20160407213831.114:1866</Value>
          <Value>createTimeStamp:1866:1:55a73700-c891-46fd-8f5c-72bc827f2ef5:20160407213831.114:1866</Value>
          <Value>defaultObjectCategory:1866:1:55a73700-c891-46fd-8f5c-72bc827f2ef5:20160407213831.114:1866</Value>
          <Value>entryDN:1866:1:55a73700-c891-46fd-8f5c-72bc827f2ef5:20160407213831.114:1866</Value>
          <Value>governsID:1866:1:55a73700-c891-46fd-8f5c-72bc827f2ef5:20160407213831.114:1866</Value>
          <Value>modifyTimeStamp:1866:1:55a73700-c891-46fd-8f5c-72bc827f2ef5:20160407213831.114:1866</Value>
          <Value>objectClass:1866:1:55a73700-c891-46fd-8f5c-72bc827f2ef5:20160407213831.114:1866</Value>
          <Value>objectClassCategory:1866:1:55a73700-c891-46fd-8f5c-72bc827f2ef5:20160407213831.114:1866</Value>
          <Value>objectGUID:1866:1:55a73700-c891-46fd-8f5c-72bc827f2ef5:20160407213831.114:1866</Value>
          <Value>schemaIDGUID:1866:1:55a73700-c891-46fd-8f5c-72bc827f2ef5:20160407213831.114:1866</Value>
          <Value>subClassOf:1866:1:55a73700-c891-46fd-8f5c-72bc827f2ef5:20160407213831.114:1866</Value>
          <Value>systemMayContain:1866:1:55a73700-c891-46fd-8f5c-72bc827f2ef5:20160407213831.114:1866</Value>
          <Value>systemMustContain:1866:1:55a73700-c891-46fd-8f5c-72bc827f2ef5:20160407213831.114:1866</Value>
          <Value>uSNChanged:1866:1:55a73700-c891-46fd-8f5c-72bc827f2ef5:20160407213831.114:1866</Value>
          <Value>uSNCreated:1866:1:55a73700-c891-46fd-8f5c-72bc827f2ef5:20160407213831.114:1866</Value>
        </AttributeMetadata>
      </ClassSchemaEntry>
      <ClassSchemaEntry>
        <Name>msDS-QuotaControl</Name>
        <AttributeMetadata>
          <Value>auxiliaryClass:1808:1:55a73700-c891-46fd-8f5c-72bc827f2ef5:20160407213831.012:1808</Value>
          <Value>cn:1808:1:55a73700-c891-46fd-8f5c-72bc827f2ef5:20160407213831.012:1808</Value>
          <Value>createTimeStamp:1808:1:55a73700-c891-46fd-8f5c-72bc827f2ef5:20160407213831.012:1808</Value>
          <Value>defaultObjectCategory:1808:1:55a73700-c891-46fd-8f5c-72bc827f2ef5:20160407213831.012:1808</Value>
          <Value>entryDN:1808:1:55a73700-c891-46fd-8f5c-72bc827f2ef5:20160407213831.012:1808</Value>
          <Value>governsID:1808:1:55a73700-c891-46fd-8f5c-72bc827f2ef5:20160407213831.012:1808</Value>
          <Value>modifyTimeStamp:1808:1:55a73700-c891-46fd-8f5c-72bc827f2ef5:20160407213831.012:1808</Value>
          <Value>objectClass:1808:1:55a73700-c891-46fd-8f5c-72bc827f2ef5:20160407213831.012:1808</Value>
          <Value>objectClassCategory:1808:1:55a73700-c891-46fd-8f5c-72bc827f2ef5:20160407213831.012:1808</Value>
          <Value>objectGUID:1808:1:55a73700-c891-46fd-8f5c-72bc827f2ef5:20160407213831.012:1808</Value>
          <Value>schemaIDGUID:1808:1:55a73700-c891-46fd-8f5c-72bc827f2ef5:20160407213831.012:1808</Value>
          <Value>subClassOf:1808:1:55a73700-c891-46fd-8f5c-72bc827f2ef5:20160407213831.012:1808</Value>
          <Value>systemMustContain:1808:1:55a73700-c891-46fd-8f5c-72bc827f2ef5:20160407213831.012:1808</Value>
          <Value>uSNChanged:1808:1:55a73700-c891-46fd-8f5c-72bc827f2ef5:20160407213831.012:1808</Value>
          <Value>uSNCreated:1808:1:55a73700-c891-46fd-8f5c-72bc827f2ef5:20160407213831.012:1808</Value>
        </AttributeMetadata>
      </ClassSchemaEntry>
      <ClassSchemaEntry>
        <Name>msExchConfigurationContainer</Name>
        <AttributeMetadata>
          <Value>auxiliaryClass:1989:1:55a73700-c891-46fd-8f5c-72bc827f2ef5:20160407213831.323:1989</Value>
          <Value>cn:1989:1:55a73700-c891-46fd-8f5c-72bc827f2ef5:20160407213831.323:1989</Value>
          <Value>createTimeStamp:1989:1:55a73700-c891-46fd-8f5c-72bc827f2ef5:20160407213831.323:1989</Value>
          <Value>defaultObjectCategory:1989:1:55a73700-c891-46fd-8f5c-72bc827f2ef5:20160407213831.323:1989</Value>
          <Value>entryDN:1989:1:55a73700-c891-46fd-8f5c-72bc827f2ef5:20160407213831.323:1989</Value>
          <Value>governsID:1989:1:55a73700-c891-46fd-8f5c-72bc827f2ef5:20160407213831.323:1989</Value>
          <Value>modifyTimeStamp:1989:1:55a73700-c891-46fd-8f5c-72bc827f2ef5:20160407213831.323:1989</Value>
          <Value>objectClass:1989:1:55a73700-c891-46fd-8f5c-72bc827f2ef5:20160407213831.323:1989</Value>
          <Value>objectClassCategory:1989:1:55a73700-c891-46fd-8f5c-72bc827f2ef5:20160407213831.323:1989</Value>
          <Value>objectGUID:1989:1:55a73700-c891-46fd-8f5c-72bc827f2ef5:20160407213831.323:1989</Value>
          <Value>schemaIDGUID:1989:1:55a73700-c891-46fd-8f5c-72bc827f2ef5:20160407213831.323:1989</Value>
          <Value>subClassOf:1989:1:55a73700-c891-46fd-8f5c-72bc827f2ef5:20160407213831.323:1989</Value>
          <Value>systemMayContain:1989:1:55a73700-c891-46fd-8f5c-72bc827f2ef5:20160407213831.323:1989</Value>
          <Value>uSNChanged:1989:1:55a73700-c891-46fd-8f5c-72bc827f2ef5:20160407213831.323:1989</Value>
          <Value>uSNCreated:1989:1:55a73700-c891-46fd-8f5c-72bc827f2ef5:20160407213831.323:1989</Value>
        </AttributeMetadata>
      </ClassSchemaEntry>
      <ClassSchemaEntry>
        <Name>msFVE-RecoveryInformation</Name>
        <AttributeMetadata>
          <Value>auxiliaryClass:2024:1:55a73700-c891-46fd-8f5c-72bc827f2ef5:20160407213831.383:2024</Value>
          <Value>cn:2024:1:55a73700-c891-46fd-8f5c-72bc827f2ef5:20160407213831.383:2024</Value>
          <Value>createTimeStamp:2024:1:55a73700-c891-46fd-8f5c-72bc827f2ef5:20160407213831.383:2024</Value>
          <Value>defaultObjectCategory:2024:1:55a73700-c891-46fd-8f5c-72bc827f2ef5:20160407213831.383:2024</Value>
          <Value>entryDN:2024:1:55a73700-c891-46fd-8f5c-72bc827f2ef5:20160407213831.383:2024</Value>
          <Value>governsID:2024:1:55a73700-c891-46fd-8f5c-72bc827f2ef5:20160407213831.383:2024</Value>
          <Value>modifyTimeStamp:2024:1:55a73700-c891-46fd-8f5c-72bc827f2ef5:20160407213831.383:2024</Value>
          <Value>objectClass:2024:1:55a73700-c891-46fd-8f5c-72bc827f2ef5:20160407213831.383:2024</Value>
          <Value>objectClassCategory:2024:1:55a73700-c891-46fd-8f5c-72bc827f2ef5:20160407213831.383:2024</Value>
          <Value>objectGUID:2024:1:55a73700-c891-46fd-8f5c-72bc827f2ef5:20160407213831.383:2024</Value>
          <Value>schemaIDGUID:2024:1:55a73700-c891-46fd-8f5c-72bc827f2ef5:20160407213831.383:2024</Value>
          <Value>subClassOf:2024:1:55a73700-c891-46fd-8f5c-72bc827f2ef5:20160407213831.383:2024</Value>
          <Value>systemMayContain:2024:1:55a73700-c891-46fd-8f5c-72bc827f2ef5:20160407213831.383:2024</Value>
          <Value>systemMustContain:2024:1:55a73700-c891-46fd-8f5c-72bc827f2ef5:20160407213831.383:2024</Value>
          <Value>uSNChanged:2024:1:55a73700-c891-46fd-8f5c-72bc827f2ef5:20160407213831.383:2024</Value>
          <Value>uSNCreated:2024:1:55a73700-c891-46fd-8f5c-72bc827f2ef5:20160407213831.383:2024</Value>
        </AttributeMetadata>
      </ClassSchemaEntry>
      <ClassSchemaEntry>
        <Name>msieee80211-Policy</Name>
        <AttributeMetadata>
          <Value>auxiliaryClass:1783:1:55a73700-c891-46fd-8f5c-72bc827f2ef5:20160407213830.974:1783</Value>
          <Value>cn:1783:1:55a73700-c891-46fd-8f5c-72bc827f2ef5:20160407213830.974:1783</Value>
          <Value>createTimeStamp:1783:1:55a73700-c891-46fd-8f5c-72bc827f2ef5:20160407213830.974:1783</Value>
          <Value>defaultObjectCategory:1783:1:55a73700-c891-46fd-8f5c-72bc827f2ef5:20160407213830.974:1783</Value>
          <Value>entryDN:1783:1:55a73700-c891-46fd-8f5c-72bc827f2ef5:20160407213830.974:1783</Value>
          <Value>governsID:1783:1:55a73700-c891-46fd-8f5c-72bc827f2ef5:20160407213830.974:1783</Value>
          <Value>modifyTimeStamp:1783:1:55a73700-c891-46fd-8f5c-72bc827f2ef5:20160407213830.974:1783</Value>
          <Value>objectClass:1783:1:55a73700-c891-46fd-8f5c-72bc827f2ef5:20160407213830.974:1783</Value>
          <Value>objectClassCategory:1783:1:55a73700-c891-46fd-8f5c-72bc827f2ef5:20160407213830.974:1783</Value>
          <Value>objectGUID:1783:1:55a73700-c891-46fd-8f5c-72bc827f2ef5:20160407213830.974:1783</Value>
          <Value>schemaIDGUID:1783:1:55a73700-c891-46fd-8f5c-72bc827f2ef5:20160407213830.974:1783</Value>
          <Value>subClassOf:1783:1:55a73700-c891-46fd-8f5c-72bc827f2ef5:20160407213830.974:1783</Value>
          <Value>systemMayContain:1783:1:55a73700-c891-46fd-8f5c-72bc827f2ef5:20160407213830.974:1783</Value>
          <Value>uSNChanged:1783:1:55a73700-c891-46fd-8f5c-72bc827f2ef5:20160407213830.974:1783</Value>
          <Value>uSNCreated:1783:1:55a73700-c891-46fd-8f5c-72bc827f2ef5:20160407213830.974:1783</Value>
        </AttributeMetadata>
      </ClassSchemaEntry>
      <ClassSchemaEntry>
        <Name>msImaging-PostScanProcess</Name>
        <AttributeMetadata>
          <Value>auxiliaryClass:1901:1:55a73700-c891-46fd-8f5c-72bc827f2ef5:20160407213831.171:1901</Value>
          <Value>cn:1901:1:55a73700-c891-46fd-8f5c-72bc827f2ef5:20160407213831.171:1901</Value>
          <Value>createTimeStamp:1901:1:55a73700-c891-46fd-8f5c-72bc827f2ef5:20160407213831.171:1901</Value>
          <Value>defaultObjectCategory:1901:1:55a73700-c891-46fd-8f5c-72bc827f2ef5:20160407213831.171:1901</Value>
          <Value>entryDN:1901:1:55a73700-c891-46fd-8f5c-72bc827f2ef5:20160407213831.171:1901</Value>
          <Value>governsID:1901:1:55a73700-c891-46fd-8f5c-72bc827f2ef5:20160407213831.171:1901</Value>
          <Value>modifyTimeStamp:1901:1:55a73700-c891-46fd-8f5c-72bc827f2ef5:20160407213831.171:1901</Value>
          <Value>objectClass:1901:1:55a73700-c891-46fd-8f5c-72bc827f2ef5:20160407213831.171:1901</Value>
          <Value>objectClassCategory:1901:1:55a73700-c891-46fd-8f5c-72bc827f2ef5:20160407213831.171:1901</Value>
          <Value>objectGUID:1901:1:55a73700-c891-46fd-8f5c-72bc827f2ef5:20160407213831.171:1901</Value>
          <Value>schemaIDGUID:1901:1:55a73700-c891-46fd-8f5c-72bc827f2ef5:20160407213831.171:1901</Value>
          <Value>subClassOf:1901:1:55a73700-c891-46fd-8f5c-72bc827f2ef5:20160407213831.171:1901</Value>
          <Value>systemMayContain:1901:1:55a73700-c891-46fd-8f5c-72bc827f2ef5:20160407213831.171:1901</Value>
          <Value>systemMustContain:1901:1:55a73700-c891-46fd-8f5c-72bc827f2ef5:20160407213831.171:1901</Value>
          <Value>uSNChanged:1901:1:55a73700-c891-46fd-8f5c-72bc827f2ef5:20160407213831.171:1901</Value>
          <Value>uSNCreated:1901:1:55a73700-c891-46fd-8f5c-72bc827f2ef5:20160407213831.171:1901</Value>
        </AttributeMetadata>
      </ClassSchemaEntry>
      <ClassSchemaEntry>
        <Name>msImaging-PSPs</Name>
        <AttributeMetadata>
          <Value>auxiliaryClass:1770:1:55a73700-c891-46fd-8f5c-72bc827f2ef5:20160407213830.949:1770</Value>
          <Value>cn:1770:1:55a73700-c891-46fd-8f5c-72bc827f2ef5:20160407213830.949:1770</Value>
          <Value>createTimeStamp:1770:1:55a73700-c891-46fd-8f5c-72bc827f2ef5:20160407213830.949:1770</Value>
          <Value>defaultObjectCategory:1770:1:55a73700-c891-46fd-8f5c-72bc827f2ef5:20160407213830.949:1770</Value>
          <Value>entryDN:1770:1:55a73700-c891-46fd-8f5c-72bc827f2ef5:20160407213830.949:1770</Value>
          <Value>governsID:1770:1:55a73700-c891-46fd-8f5c-72bc827f2ef5:20160407213830.949:1770</Value>
          <Value>modifyTimeStamp:1770:1:55a73700-c891-46fd-8f5c-72bc827f2ef5:20160407213830.949:1770</Value>
          <Value>objectClass:1770:1:55a73700-c891-46fd-8f5c-72bc827f2ef5:20160407213830.949:1770</Value>
          <Value>objectClassCategory:1770:1:55a73700-c891-46fd-8f5c-72bc827f2ef5:20160407213830.949:1770</Value>
          <Value>objectGUID:1770:1:55a73700-c891-46fd-8f5c-72bc827f2ef5:20160407213830.949:1770</Value>
          <Value>schemaIDGUID:1770:1:55a73700-c891-46fd-8f5c-72bc827f2ef5:20160407213830.949:1770</Value>
          <Value>subClassOf:1770:1:55a73700-c891-46fd-8f5c-72bc827f2ef5:20160407213830.949:1770</Value>
          <Value>uSNChanged:1770:1:55a73700-c891-46fd-8f5c-72bc827f2ef5:20160407213830.949:1770</Value>
          <Value>uSNCreated:1770:1:55a73700-c891-46fd-8f5c-72bc827f2ef5:20160407213830.949:1770</Value>
        </AttributeMetadata>
      </ClassSchemaEntry>
      <ClassSchemaEntry>
        <Name>mSMQConfiguration</Name>
        <AttributeMetadata>
          <Value>auxiliaryClass:1835:1:55a73700-c891-46fd-8f5c-72bc827f2ef5:20160407213831.061:1835</Value>
          <Value>cn:1835:1:55a73700-c891-46fd-8f5c-72bc827f2ef5:20160407213831.061:1835</Value>
          <Value>createTimeStamp:1835:1:55a73700-c891-46fd-8f5c-72bc827f2ef5:20160407213831.061:1835</Value>
          <Value>defaultObjectCategory:1835:1:55a73700-c891-46fd-8f5c-72bc827f2ef5:20160407213831.061:1835</Value>
          <Value>entryDN:1835:1:55a73700-c891-46fd-8f5c-72bc827f2ef5:20160407213831.061:1835</Value>
          <Value>governsID:1835:1:55a73700-c891-46fd-8f5c-72bc827f2ef5:20160407213831.061:1835</Value>
          <Value>modifyTimeStamp:1835:1:55a73700-c891-46fd-8f5c-72bc827f2ef5:20160407213831.061:1835</Value>
          <Value>objectClass:1835:1:55a73700-c891-46fd-8f5c-72bc827f2ef5:20160407213831.061:1835</Value>
          <Value>objectClassCategory:1835:1:55a73700-c891-46fd-8f5c-72bc827f2ef5:20160407213831.061:1835</Value>
          <Value>objectGUID:1835:1:55a73700-c891-46fd-8f5c-72bc827f2ef5:20160407213831.061:1835</Value>
          <Value>schemaIDGUID:1835:1:55a73700-c891-46fd-8f5c-72bc827f2ef5:20160407213831.061:1835</Value>
          <Value>subClassOf:1835:1:55a73700-c891-46fd-8f5c-72bc827f2ef5:20160407213831.061:1835</Value>
          <Value>systemMayContain:1835:1:55a73700-c891-46fd-8f5c-72bc827f2ef5:20160407213831.061:1835</Value>
          <Value>uSNChanged:1835:1:55a73700-c891-46fd-8f5c-72bc827f2ef5:20160407213831.061:1835</Value>
          <Value>uSNCreated:1835:1:55a73700-c891-46fd-8f5c-72bc827f2ef5:20160407213831.061:1835</Value>
        </AttributeMetadata>
      </ClassSchemaEntry>
      <ClassSchemaEntry>
        <Name>msMQ-Custom-Recipient</Name>
        <AttributeMetadata>
          <Value>auxiliaryClass:1887:1:55a73700-c891-46fd-8f5c-72bc827f2ef5:20160407213831.148:1887</Value>
          <Value>cn:1887:1:55a73700-c891-46fd-8f5c-72bc827f2ef5:20160407213831.148:1887</Value>
          <Value>createTimeStamp:1887:1:55a73700-c891-46fd-8f5c-72bc827f2ef5:20160407213831.148:1887</Value>
          <Value>defaultObjectCategory:1887:1:55a73700-c891-46fd-8f5c-72bc827f2ef5:20160407213831.148:1887</Value>
          <Value>entryDN:1887:1:55a73700-c891-46fd-8f5c-72bc827f2ef5:20160407213831.148:1887</Value>
          <Value>governsID:1887:1:55a73700-c891-46fd-8f5c-72bc827f2ef5:20160407213831.148:1887</Value>
          <Value>modifyTimeStamp:1887:1:55a73700-c891-46fd-8f5c-72bc827f2ef5:20160407213831.148:1887</Value>
          <Value>objectClass:1887:1:55a73700-c891-46fd-8f5c-72bc827f2ef5:20160407213831.148:1887</Value>
          <Value>objectClassCategory:1887:1:55a73700-c891-46fd-8f5c-72bc827f2ef5:20160407213831.148:1887</Value>
          <Value>objectGUID:1887:1:55a73700-c891-46fd-8f5c-72bc827f2ef5:20160407213831.148:1887</Value>
          <Value>schemaIDGUID:1887:1:55a73700-c891-46fd-8f5c-72bc827f2ef5:20160407213831.148:1887</Value>
          <Value>subClassOf:1887:1:55a73700-c891-46fd-8f5c-72bc827f2ef5:20160407213831.148:1887</Value>
          <Value>systemMayContain:1887:1:55a73700-c891-46fd-8f5c-72bc827f2ef5:20160407213831.148:1887</Value>
          <Value>uSNChanged:1887:1:55a73700-c891-46fd-8f5c-72bc827f2ef5:20160407213831.148:1887</Value>
          <Value>uSNCreated:1887:1:55a73700-c891-46fd-8f5c-72bc827f2ef5:20160407213831.148:1887</Value>
        </AttributeMetadata>
      </ClassSchemaEntry>
      <ClassSchemaEntry>
        <Name>mSMQEnterpriseSettings</Name>
        <AttributeMetadata>
          <Value>auxiliaryClass:1955:1:55a73700-c891-46fd-8f5c-72bc827f2ef5:20160407213831.264:1955</Value>
          <Value>cn:1955:1:55a73700-c891-46fd-8f5c-72bc827f2ef5:20160407213831.264:1955</Value>
          <Value>createTimeStamp:1955:1:55a73700-c891-46fd-8f5c-72bc827f2ef5:20160407213831.264:1955</Value>
          <Value>defaultObjectCategory:1955:1:55a73700-c891-46fd-8f5c-72bc827f2ef5:20160407213831.264:1955</Value>
          <Value>entryDN:1955:1:55a73700-c891-46fd-8f5c-72bc827f2ef5:20160407213831.264:1955</Value>
          <Value>governsID:1955:1:55a73700-c891-46fd-8f5c-72bc827f2ef5:20160407213831.264:1955</Value>
          <Value>modifyTimeStamp:1955:1:55a73700-c891-46fd-8f5c-72bc827f2ef5:20160407213831.264:1955</Value>
          <Value>objectClass:1955:1:55a73700-c891-46fd-8f5c-72bc827f2ef5:20160407213831.264:1955</Value>
          <Value>objectClassCategory:1955:1:55a73700-c891-46fd-8f5c-72bc827f2ef5:20160407213831.264:1955</Value>
          <Value>objectGUID:1955:1:55a73700-c891-46fd-8f5c-72bc827f2ef5:20160407213831.264:1955</Value>
          <Value>schemaIDGUID:1955:1:55a73700-c891-46fd-8f5c-72bc827f2ef5:20160407213831.264:1955</Value>
          <Value>subClassOf:1955:1:55a73700-c891-46fd-8f5c-72bc827f2ef5:20160407213831.264:1955</Value>
          <Value>systemMayContain:1955:1:55a73700-c891-46fd-8f5c-72bc827f2ef5:20160407213831.264:1955</Value>
          <Value>uSNChanged:1955:1:55a73700-c891-46fd-8f5c-72bc827f2ef5:20160407213831.264:1955</Value>
          <Value>uSNCreated:1955:1:55a73700-c891-46fd-8f5c-72bc827f2ef5:20160407213831.264:1955</Value>
        </AttributeMetadata>
      </ClassSchemaEntry>
      <ClassSchemaEntry>
        <Name>msMQ-Group</Name>
        <AttributeMetadata>
          <Value>auxiliaryClass:1962:1:55a73700-c891-46fd-8f5c-72bc827f2ef5:20160407213831.273:1962</Value>
          <Value>cn:1962:1:55a73700-c891-46fd-8f5c-72bc827f2ef5:20160407213831.273:1962</Value>
          <Value>createTimeStamp:1962:1:55a73700-c891-46fd-8f5c-72bc827f2ef5:20160407213831.273:1962</Value>
          <Value>defaultObjectCategory:1962:1:55a73700-c891-46fd-8f5c-72bc827f2ef5:20160407213831.273:1962</Value>
          <Value>entryDN:1962:1:55a73700-c891-46fd-8f5c-72bc827f2ef5:20160407213831.273:1962</Value>
          <Value>governsID:1962:1:55a73700-c891-46fd-8f5c-72bc827f2ef5:20160407213831.273:1962</Value>
          <Value>modifyTimeStamp:1962:1:55a73700-c891-46fd-8f5c-72bc827f2ef5:20160407213831.273:1962</Value>
          <Value>objectClass:1962:1:55a73700-c891-46fd-8f5c-72bc827f2ef5:20160407213831.273:1962</Value>
          <Value>objectClassCategory:1962:1:55a73700-c891-46fd-8f5c-72bc827f2ef5:20160407213831.273:1962</Value>
          <Value>objectGUID:1962:1:55a73700-c891-46fd-8f5c-72bc827f2ef5:20160407213831.273:1962</Value>
          <Value>schemaIDGUID:1962:1:55a73700-c891-46fd-8f5c-72bc827f2ef5:20160407213831.273:1962</Value>
          <Value>subClassOf:1962:1:55a73700-c891-46fd-8f5c-72bc827f2ef5:20160407213831.273:1962</Value>
          <Value>systemMustContain:1962:1:55a73700-c891-46fd-8f5c-72bc827f2ef5:20160407213831.273:1962</Value>
          <Value>uSNChanged:1962:1:55a73700-c891-46fd-8f5c-72bc827f2ef5:20160407213831.273:1962</Value>
          <Value>uSNCreated:1962:1:55a73700-c891-46fd-8f5c-72bc827f2ef5:20160407213831.273:1962</Value>
        </AttributeMetadata>
      </ClassSchemaEntry>
      <ClassSchemaEntry>
        <Name>mSMQMigratedUser</Name>
        <AttributeMetadata>
          <Value>auxiliaryClass:1838:1:55a73700-c891-46fd-8f5c-72bc827f2ef5:20160407213831.063:1838</Value>
          <Value>cn:1838:1:55a73700-c891-46fd-8f5c-72bc827f2ef5:20160407213831.063:1838</Value>
          <Value>createTimeStamp:1838:1:55a73700-c891-46fd-8f5c-72bc827f2ef5:20160407213831.063:1838</Value>
          <Value>defaultObjectCategory:1838:1:55a73700-c891-46fd-8f5c-72bc827f2ef5:20160407213831.063:1838</Value>
          <Value>entryDN:1838:1:55a73700-c891-46fd-8f5c-72bc827f2ef5:20160407213831.063:1838</Value>
          <Value>governsID:1838:1:55a73700-c891-46fd-8f5c-72bc827f2ef5:20160407213831.063:1838</Value>
          <Value>modifyTimeStamp:1838:1:55a73700-c891-46fd-8f5c-72bc827f2ef5:20160407213831.063:1838</Value>
          <Value>objectClass:1838:1:55a73700-c891-46fd-8f5c-72bc827f2ef5:20160407213831.063:1838</Value>
          <Value>objectClassCategory:1838:1:55a73700-c891-46fd-8f5c-72bc827f2ef5:20160407213831.063:1838</Value>
          <Value>objectGUID:1838:1:55a73700-c891-46fd-8f5c-72bc827f2ef5:20160407213831.063:1838</Value>
          <Value>schemaIDGUID:1838:1:55a73700-c891-46fd-8f5c-72bc827f2ef5:20160407213831.063:1838</Value>
          <Value>subClassOf:1838:1:55a73700-c891-46fd-8f5c-72bc827f2ef5:20160407213831.063:1838</Value>
          <Value>systemMayContain:1838:1:55a73700-c891-46fd-8f5c-72bc827f2ef5:20160407213831.063:1838</Value>
          <Value>uSNChanged:1838:1:55a73700-c891-46fd-8f5c-72bc827f2ef5:20160407213831.063:1838</Value>
          <Value>uSNCreated:1838:1:55a73700-c891-46fd-8f5c-72bc827f2ef5:20160407213831.063:1838</Value>
        </AttributeMetadata>
      </ClassSchemaEntry>
      <ClassSchemaEntry>
        <Name>mSMQQueue</Name>
        <AttributeMetadata>
          <Value>auxiliaryClass:2009:1:55a73700-c891-46fd-8f5c-72bc827f2ef5:20160407213831.356:2009</Value>
          <Value>cn:2009:1:55a73700-c891-46fd-8f5c-72bc827f2ef5:20160407213831.356:2009</Value>
          <Value>createTimeStamp:2009:1:55a73700-c891-46fd-8f5c-72bc827f2ef5:20160407213831.356:2009</Value>
          <Value>defaultObjectCategory:2009:1:55a73700-c891-46fd-8f5c-72bc827f2ef5:20160407213831.356:2009</Value>
          <Value>entryDN:2009:1:55a73700-c891-46fd-8f5c-72bc827f2ef5:20160407213831.356:2009</Value>
          <Value>governsID:2009:1:55a73700-c891-46fd-8f5c-72bc827f2ef5:20160407213831.356:2009</Value>
          <Value>modifyTimeStamp:2009:1:55a73700-c891-46fd-8f5c-72bc827f2ef5:20160407213831.356:2009</Value>
          <Value>objectClass:2009:1:55a73700-c891-46fd-8f5c-72bc827f2ef5:20160407213831.356:2009</Value>
          <Value>objectClassCategory:2009:1:55a73700-c891-46fd-8f5c-72bc827f2ef5:20160407213831.356:2009</Value>
          <Value>objectGUID:2009:1:55a73700-c891-46fd-8f5c-72bc827f2ef5:20160407213831.356:2009</Value>
          <Value>schemaIDGUID:2009:1:55a73700-c891-46fd-8f5c-72bc827f2ef5:20160407213831.356:2009</Value>
          <Value>subClassOf:2009:1:55a73700-c891-46fd-8f5c-72bc827f2ef5:20160407213831.356:2009</Value>
          <Value>systemMayContain:2009:1:55a73700-c891-46fd-8f5c-72bc827f2ef5:20160407213831.356:2009</Value>
          <Value>uSNChanged:2009:1:55a73700-c891-46fd-8f5c-72bc827f2ef5:20160407213831.356:2009</Value>
          <Value>uSNCreated:2009:1:55a73700-c891-46fd-8f5c-72bc827f2ef5:20160407213831.356:2009</Value>
        </AttributeMetadata>
      </ClassSchemaEntry>
      <ClassSchemaEntry>
        <Name>mSMQSettings</Name>
        <AttributeMetadata>
          <Value>auxiliaryClass:1819:1:55a73700-c891-46fd-8f5c-72bc827f2ef5:20160407213831.033:1819</Value>
          <Value>cn:1819:1:55a73700-c891-46fd-8f5c-72bc827f2ef5:20160407213831.033:1819</Value>
          <Value>createTimeStamp:1819:1:55a73700-c891-46fd-8f5c-72bc827f2ef5:20160407213831.033:1819</Value>
          <Value>defaultObjectCategory:1819:1:55a73700-c891-46fd-8f5c-72bc827f2ef5:20160407213831.033:1819</Value>
          <Value>entryDN:1819:1:55a73700-c891-46fd-8f5c-72bc827f2ef5:20160407213831.033:1819</Value>
          <Value>governsID:1819:1:55a73700-c891-46fd-8f5c-72bc827f2ef5:20160407213831.033:1819</Value>
          <Value>modifyTimeStamp:1819:1:55a73700-c891-46fd-8f5c-72bc827f2ef5:20160407213831.033:1819</Value>
          <Value>objectClass:1819:1:55a73700-c891-46fd-8f5c-72bc827f2ef5:20160407213831.033:1819</Value>
          <Value>objectClassCategory:1819:1:55a73700-c891-46fd-8f5c-72bc827f2ef5:20160407213831.033:1819</Value>
          <Value>objectGUID:1819:1:55a73700-c891-46fd-8f5c-72bc827f2ef5:20160407213831.033:1819</Value>
          <Value>schemaIDGUID:1819:1:55a73700-c891-46fd-8f5c-72bc827f2ef5:20160407213831.033:1819</Value>
          <Value>subClassOf:1819:1:55a73700-c891-46fd-8f5c-72bc827f2ef5:20160407213831.033:1819</Value>
          <Value>systemMayContain:1819:1:55a73700-c891-46fd-8f5c-72bc827f2ef5:20160407213831.033:1819</Value>
          <Value>uSNChanged:1819:1:55a73700-c891-46fd-8f5c-72bc827f2ef5:20160407213831.033:1819</Value>
          <Value>uSNCreated:1819:1:55a73700-c891-46fd-8f5c-72bc827f2ef5:20160407213831.033:1819</Value>
        </AttributeMetadata>
      </ClassSchemaEntry>
      <ClassSchemaEntry>
        <Name>mSMQSiteLink</Name>
        <AttributeMetadata>
          <Value>auxiliaryClass:1817:1:55a73700-c891-46fd-8f5c-72bc827f2ef5:20160407213831.031:1817</Value>
          <Value>cn:1817:1:55a73700-c891-46fd-8f5c-72bc827f2ef5:20160407213831.031:1817</Value>
          <Value>createTimeStamp:1817:1:55a73700-c891-46fd-8f5c-72bc827f2ef5:20160407213831.031:1817</Value>
          <Value>defaultObjectCategory:1817:1:55a73700-c891-46fd-8f5c-72bc827f2ef5:20160407213831.031:1817</Value>
          <Value>entryDN:1817:1:55a73700-c891-46fd-8f5c-72bc827f2ef5:20160407213831.031:1817</Value>
          <Value>governsID:1817:1:55a73700-c891-46fd-8f5c-72bc827f2ef5:20160407213831.031:1817</Value>
          <Value>modifyTimeStamp:1817:1:55a73700-c891-46fd-8f5c-72bc827f2ef5:20160407213831.031:1817</Value>
          <Value>objectClass:1817:1:55a73700-c891-46fd-8f5c-72bc827f2ef5:20160407213831.031:1817</Value>
          <Value>objectClassCategory:1817:1:55a73700-c891-46fd-8f5c-72bc827f2ef5:20160407213831.031:1817</Value>
          <Value>objectGUID:1817:1:55a73700-c891-46fd-8f5c-72bc827f2ef5:20160407213831.031:1817</Value>
          <Value>schemaIDGUID:1817:1:55a73700-c891-46fd-8f5c-72bc827f2ef5:20160407213831.031:1817</Value>
          <Value>subClassOf:1817:1:55a73700-c891-46fd-8f5c-72bc827f2ef5:20160407213831.031:1817</Value>
          <Value>systemMayContain:1817:1:55a73700-c891-46fd-8f5c-72bc827f2ef5:20160407213831.031:1817</Value>
          <Value>systemMustContain:1817:1:55a73700-c891-46fd-8f5c-72bc827f2ef5:20160407213831.031:1817</Value>
          <Value>uSNChanged:1817:1:55a73700-c891-46fd-8f5c-72bc827f2ef5:20160407213831.031:1817</Value>
          <Value>uSNCreated:1817:1:55a73700-c891-46fd-8f5c-72bc827f2ef5:20160407213831.031:1817</Value>
        </AttributeMetadata>
      </ClassSchemaEntry>
      <ClassSchemaEntry>
        <Name>ms-net-ieee-80211-GroupPolicy</Name>
        <AttributeMetadata>
          <Value>auxiliaryClass:1949:1:55a73700-c891-46fd-8f5c-72bc827f2ef5:20160407213831.248:1949</Value>
          <Value>cn:1949:1:55a73700-c891-46fd-8f5c-72bc827f2ef5:20160407213831.248:1949</Value>
          <Value>createTimeStamp:1949:1:55a73700-c891-46fd-8f5c-72bc827f2ef5:20160407213831.248:1949</Value>
          <Value>defaultObjectCategory:1949:1:55a73700-c891-46fd-8f5c-72bc827f2ef5:20160407213831.248:1949</Value>
          <Value>entryDN:1949:1:55a73700-c891-46fd-8f5c-72bc827f2ef5:20160407213831.248:1949</Value>
          <Value>governsID:1949:1:55a73700-c891-46fd-8f5c-72bc827f2ef5:20160407213831.248:1949</Value>
          <Value>modifyTimeStamp:1949:1:55a73700-c891-46fd-8f5c-72bc827f2ef5:20160407213831.248:1949</Value>
          <Value>objectClass:1949:1:55a73700-c891-46fd-8f5c-72bc827f2ef5:20160407213831.248:1949</Value>
          <Value>objectClassCategory:1949:1:55a73700-c891-46fd-8f5c-72bc827f2ef5:20160407213831.248:1949</Value>
          <Value>objectGUID:1949:1:55a73700-c891-46fd-8f5c-72bc827f2ef5:20160407213831.248:1949</Value>
          <Value>schemaIDGUID:1949:1:55a73700-c891-46fd-8f5c-72bc827f2ef5:20160407213831.248:1949</Value>
          <Value>subClassOf:1949:1:55a73700-c891-46fd-8f5c-72bc827f2ef5:20160407213831.248:1949</Value>
          <Value>systemMayContain:1949:1:55a73700-c891-46fd-8f5c-72bc827f2ef5:20160407213831.248:1949</Value>
          <Value>uSNChanged:1949:1:55a73700-c891-46fd-8f5c-72bc827f2ef5:20160407213831.248:1949</Value>
          <Value>uSNCreated:1949:1:55a73700-c891-46fd-8f5c-72bc827f2ef5:20160407213831.248:1949</Value>
        </AttributeMetadata>
      </ClassSchemaEntry>
      <ClassSchemaEntry>
        <Name>ms-net-ieee-8023-GroupPolicy</Name>
        <AttributeMetadata>
          <Value>auxiliaryClass:2061:1:55a73700-c891-46fd-8f5c-72bc827f2ef5:20160407213831.445:2061</Value>
          <Value>cn:2061:1:55a73700-c891-46fd-8f5c-72bc827f2ef5:20160407213831.445:2061</Value>
          <Value>createTimeStamp:2061:1:55a73700-c891-46fd-8f5c-72bc827f2ef5:20160407213831.445:2061</Value>
          <Value>defaultObjectCategory:2061:1:55a73700-c891-46fd-8f5c-72bc827f2ef5:20160407213831.445:2061</Value>
          <Value>entryDN:2061:1:55a73700-c891-46fd-8f5c-72bc827f2ef5:20160407213831.445:2061</Value>
          <Value>governsID:2061:1:55a73700-c891-46fd-8f5c-72bc827f2ef5:20160407213831.445:2061</Value>
          <Value>modifyTimeStamp:2061:1:55a73700-c891-46fd-8f5c-72bc827f2ef5:20160407213831.445:2061</Value>
          <Value>objectClass:2061:1:55a73700-c891-46fd-8f5c-72bc827f2ef5:20160407213831.445:2061</Value>
          <Value>objectClassCategory:2061:1:55a73700-c891-46fd-8f5c-72bc827f2ef5:20160407213831.445:2061</Value>
          <Value>objectGUID:2061:1:55a73700-c891-46fd-8f5c-72bc827f2ef5:20160407213831.445:2061</Value>
          <Value>schemaIDGUID:2061:1:55a73700-c891-46fd-8f5c-72bc827f2ef5:20160407213831.445:2061</Value>
          <Value>subClassOf:2061:1:55a73700-c891-46fd-8f5c-72bc827f2ef5:20160407213831.445:2061</Value>
          <Value>systemMayContain:2061:1:55a73700-c891-46fd-8f5c-72bc827f2ef5:20160407213831.445:2061</Value>
          <Value>uSNChanged:2061:1:55a73700-c891-46fd-8f5c-72bc827f2ef5:20160407213831.445:2061</Value>
          <Value>uSNCreated:2061:1:55a73700-c891-46fd-8f5c-72bc827f2ef5:20160407213831.445:2061</Value>
        </AttributeMetadata>
      </ClassSchemaEntry>
      <ClassSchemaEntry>
        <Name>msPKI-Enterprise-Oid</Name>
        <AttributeMetadata>
          <Value>auxiliaryClass:2007:1:55a73700-c891-46fd-8f5c-72bc827f2ef5:20160407213831.354:2007</Value>
          <Value>cn:2007:1:55a73700-c891-46fd-8f5c-72bc827f2ef5:20160407213831.354:2007</Value>
          <Value>createTimeStamp:2007:1:55a73700-c891-46fd-8f5c-72bc827f2ef5:20160407213831.354:2007</Value>
          <Value>defaultObjectCategory:2007:1:55a73700-c891-46fd-8f5c-72bc827f2ef5:20160407213831.354:2007</Value>
          <Value>entryDN:2007:1:55a73700-c891-46fd-8f5c-72bc827f2ef5:20160407213831.354:2007</Value>
          <Value>governsID:2007:1:55a73700-c891-46fd-8f5c-72bc827f2ef5:20160407213831.354:2007</Value>
          <Value>modifyTimeStamp:2007:1:55a73700-c891-46fd-8f5c-72bc827f2ef5:20160407213831.354:2007</Value>
          <Value>objectClass:2007:1:55a73700-c891-46fd-8f5c-72bc827f2ef5:20160407213831.354:2007</Value>
          <Value>objectClassCategory:2007:1:55a73700-c891-46fd-8f5c-72bc827f2ef5:20160407213831.354:2007</Value>
          <Value>objectGUID:2007:1:55a73700-c891-46fd-8f5c-72bc827f2ef5:20160407213831.354:2007</Value>
          <Value>schemaIDGUID:2007:1:55a73700-c891-46fd-8f5c-72bc827f2ef5:20160407213831.354:2007</Value>
          <Value>subClassOf:2007:1:55a73700-c891-46fd-8f5c-72bc827f2ef5:20160407213831.354:2007</Value>
          <Value>systemMayContain:2007:1:55a73700-c891-46fd-8f5c-72bc827f2ef5:20160407213831.354:2007</Value>
          <Value>uSNChanged:2007:1:55a73700-c891-46fd-8f5c-72bc827f2ef5:20160407213831.354:2007</Value>
          <Value>uSNCreated:2007:1:55a73700-c891-46fd-8f5c-72bc827f2ef5:20160407213831.354:2007</Value>
        </AttributeMetadata>
      </ClassSchemaEntry>
      <ClassSchemaEntry>
        <Name>msPKI-Key-Recovery-Agent</Name>
        <AttributeMetadata>
          <Value>auxiliaryClass:1946:1:55a73700-c891-46fd-8f5c-72bc827f2ef5:20160407213831.245:1946</Value>
          <Value>cn:1946:1:55a73700-c891-46fd-8f5c-72bc827f2ef5:20160407213831.245:1946</Value>
          <Value>createTimeStamp:1946:1:55a73700-c891-46fd-8f5c-72bc827f2ef5:20160407213831.245:1946</Value>
          <Value>defaultObjectCategory:1946:1:55a73700-c891-46fd-8f5c-72bc827f2ef5:20160407213831.245:1946</Value>
          <Value>entryDN:1946:1:55a73700-c891-46fd-8f5c-72bc827f2ef5:20160407213831.245:1946</Value>
          <Value>governsID:1946:1:55a73700-c891-46fd-8f5c-72bc827f2ef5:20160407213831.245:1946</Value>
          <Value>mayContain:1946:1:55a73700-c891-46fd-8f5c-72bc827f2ef5:20160407213831.245:1946</Value>
          <Value>modifyTimeStamp:1946:1:55a73700-c891-46fd-8f5c-72bc827f2ef5:20160407213831.245:1946</Value>
          <Value>mustContain:1946:1:55a73700-c891-46fd-8f5c-72bc827f2ef5:20160407213831.245:1946</Value>
          <Value>objectClass:1946:1:55a73700-c891-46fd-8f5c-72bc827f2ef5:20160407213831.245:1946</Value>
          <Value>objectClassCategory:1946:1:55a73700-c891-46fd-8f5c-72bc827f2ef5:20160407213831.245:1946</Value>
          <Value>objectGUID:1946:1:55a73700-c891-46fd-8f5c-72bc827f2ef5:20160407213831.245:1946</Value>
          <Value>schemaIDGUID:1946:1:55a73700-c891-46fd-8f5c-72bc827f2ef5:20160407213831.245:1946</Value>
          <Value>subClassOf:1946:1:55a73700-c891-46fd-8f5c-72bc827f2ef5:20160407213831.245:1946</Value>
          <Value>uSNChanged:1946:1:55a73700-c891-46fd-8f5c-72bc827f2ef5:20160407213831.245:1946</Value>
          <Value>uSNCreated:1946:1:55a73700-c891-46fd-8f5c-72bc827f2ef5:20160407213831.245:1946</Value>
        </AttributeMetadata>
      </ClassSchemaEntry>
      <ClassSchemaEntry>
        <Name>msPKI-PrivateKeyRecoveryAgent</Name>
        <AttributeMetadata>
          <Value>auxiliaryClass:2015:1:55a73700-c891-46fd-8f5c-72bc827f2ef5:20160407213831.363:2015</Value>
          <Value>cn:2015:1:55a73700-c891-46fd-8f5c-72bc827f2ef5:20160407213831.363:2015</Value>
          <Value>createTimeStamp:2015:1:55a73700-c891-46fd-8f5c-72bc827f2ef5:20160407213831.363:2015</Value>
          <Value>defaultObjectCategory:2015:1:55a73700-c891-46fd-8f5c-72bc827f2ef5:20160407213831.363:2015</Value>
          <Value>entryDN:2015:1:55a73700-c891-46fd-8f5c-72bc827f2ef5:20160407213831.363:2015</Value>
          <Value>governsID:2015:1:55a73700-c891-46fd-8f5c-72bc827f2ef5:20160407213831.363:2015</Value>
          <Value>modifyTimeStamp:2015:1:55a73700-c891-46fd-8f5c-72bc827f2ef5:20160407213831.363:2015</Value>
          <Value>objectClass:2015:1:55a73700-c891-46fd-8f5c-72bc827f2ef5:20160407213831.363:2015</Value>
          <Value>objectClassCategory:2015:1:55a73700-c891-46fd-8f5c-72bc827f2ef5:20160407213831.363:2015</Value>
          <Value>objectGUID:2015:1:55a73700-c891-46fd-8f5c-72bc827f2ef5:20160407213831.363:2015</Value>
          <Value>schemaIDGUID:2015:1:55a73700-c891-46fd-8f5c-72bc827f2ef5:20160407213831.363:2015</Value>
          <Value>subClassOf:2015:1:55a73700-c891-46fd-8f5c-72bc827f2ef5:20160407213831.363:2015</Value>
          <Value>systemMustContain:2015:1:55a73700-c891-46fd-8f5c-72bc827f2ef5:20160407213831.363:2015</Value>
          <Value>uSNChanged:2015:1:55a73700-c891-46fd-8f5c-72bc827f2ef5:20160407213831.363:2015</Value>
          <Value>uSNCreated:2015:1:55a73700-c891-46fd-8f5c-72bc827f2ef5:20160407213831.363:2015</Value>
        </AttributeMetadata>
      </ClassSchemaEntry>
      <ClassSchemaEntry>
        <Name>msPrint-ConnectionPolicy</Name>
        <AttributeMetadata>
          <Value>auxiliaryClass:1765:1:55a73700-c891-46fd-8f5c-72bc827f2ef5:20160407213830.943:1765</Value>
          <Value>cn:1765:1:55a73700-c891-46fd-8f5c-72bc827f2ef5:20160407213830.943:1765</Value>
          <Value>createTimeStamp:1765:1:55a73700-c891-46fd-8f5c-72bc827f2ef5:20160407213830.943:1765</Value>
          <Value>defaultObjectCategory:1765:1:55a73700-c891-46fd-8f5c-72bc827f2ef5:20160407213830.943:1765</Value>
          <Value>entryDN:1765:1:55a73700-c891-46fd-8f5c-72bc827f2ef5:20160407213830.943:1765</Value>
          <Value>governsID:1765:1:55a73700-c891-46fd-8f5c-72bc827f2ef5:20160407213830.943:1765</Value>
          <Value>modifyTimeStamp:1765:1:55a73700-c891-46fd-8f5c-72bc827f2ef5:20160407213830.943:1765</Value>
          <Value>objectClass:1765:1:55a73700-c891-46fd-8f5c-72bc827f2ef5:20160407213830.943:1765</Value>
          <Value>objectClassCategory:1765:1:55a73700-c891-46fd-8f5c-72bc827f2ef5:20160407213830.943:1765</Value>
          <Value>objectGUID:1765:1:55a73700-c891-46fd-8f5c-72bc827f2ef5:20160407213830.943:1765</Value>
          <Value>schemaIDGUID:1765:1:55a73700-c891-46fd-8f5c-72bc827f2ef5:20160407213830.943:1765</Value>
          <Value>subClassOf:1765:1:55a73700-c891-46fd-8f5c-72bc827f2ef5:20160407213830.943:1765</Value>
          <Value>systemMayContain:1765:1:55a73700-c891-46fd-8f5c-72bc827f2ef5:20160407213830.943:1765</Value>
          <Value>systemMustContain:1765:1:55a73700-c891-46fd-8f5c-72bc827f2ef5:20160407213830.943:1765</Value>
          <Value>uSNChanged:1765:1:55a73700-c891-46fd-8f5c-72bc827f2ef5:20160407213830.943:1765</Value>
          <Value>uSNCreated:1765:1:55a73700-c891-46fd-8f5c-72bc827f2ef5:20160407213830.943:1765</Value>
        </AttributeMetadata>
      </ClassSchemaEntry>
      <ClassSchemaEntry>
        <Name>msSFU30DomainInfo</Name>
        <AttributeMetadata>
          <Value>auxiliaryClass:1915:1:55a73700-c891-46fd-8f5c-72bc827f2ef5:20160407213831.188:1915</Value>
          <Value>cn:1915:1:55a73700-c891-46fd-8f5c-72bc827f2ef5:20160407213831.188:1915</Value>
          <Value>createTimeStamp:1915:1:55a73700-c891-46fd-8f5c-72bc827f2ef5:20160407213831.188:1915</Value>
          <Value>defaultObjectCategory:1915:1:55a73700-c891-46fd-8f5c-72bc827f2ef5:20160407213831.188:1915</Value>
          <Value>entryDN:1915:1:55a73700-c891-46fd-8f5c-72bc827f2ef5:20160407213831.188:1915</Value>
          <Value>governsID:1915:1:55a73700-c891-46fd-8f5c-72bc827f2ef5:20160407213831.188:1915</Value>
          <Value>modifyTimeStamp:1915:1:55a73700-c891-46fd-8f5c-72bc827f2ef5:20160407213831.188:1915</Value>
          <Value>objectClass:1915:1:55a73700-c891-46fd-8f5c-72bc827f2ef5:20160407213831.188:1915</Value>
          <Value>objectClassCategory:1915:1:55a73700-c891-46fd-8f5c-72bc827f2ef5:20160407213831.188:1915</Value>
          <Value>objectGUID:1915:1:55a73700-c891-46fd-8f5c-72bc827f2ef5:20160407213831.188:1915</Value>
          <Value>schemaIDGUID:1915:1:55a73700-c891-46fd-8f5c-72bc827f2ef5:20160407213831.188:1915</Value>
          <Value>subClassOf:1915:1:55a73700-c891-46fd-8f5c-72bc827f2ef5:20160407213831.188:1915</Value>
          <Value>systemMayContain:1915:1:55a73700-c891-46fd-8f5c-72bc827f2ef5:20160407213831.188:1915</Value>
          <Value>uSNChanged:1915:1:55a73700-c891-46fd-8f5c-72bc827f2ef5:20160407213831.188:1915</Value>
          <Value>uSNCreated:1915:1:55a73700-c891-46fd-8f5c-72bc827f2ef5:20160407213831.188:1915</Value>
        </AttributeMetadata>
      </ClassSchemaEntry>
      <ClassSchemaEntry>
        <Name>msSFU30MailAliases</Name>
        <AttributeMetadata>
          <Value>auxiliaryClass:1777:1:55a73700-c891-46fd-8f5c-72bc827f2ef5:20160407213830.963:1777</Value>
          <Value>cn:1777:1:55a73700-c891-46fd-8f5c-72bc827f2ef5:20160407213830.963:1777</Value>
          <Value>createTimeStamp:1777:1:55a73700-c891-46fd-8f5c-72bc827f2ef5:20160407213830.963:1777</Value>
          <Value>defaultObjectCategory:1777:1:55a73700-c891-46fd-8f5c-72bc827f2ef5:20160407213830.963:1777</Value>
          <Value>entryDN:1777:1:55a73700-c891-46fd-8f5c-72bc827f2ef5:20160407213830.963:1777</Value>
          <Value>governsID:1777:1:55a73700-c891-46fd-8f5c-72bc827f2ef5:20160407213830.963:1777</Value>
          <Value>modifyTimeStamp:1777:1:55a73700-c891-46fd-8f5c-72bc827f2ef5:20160407213830.963:1777</Value>
          <Value>objectClass:1777:1:55a73700-c891-46fd-8f5c-72bc827f2ef5:20160407213830.963:1777</Value>
          <Value>objectClassCategory:1777:1:55a73700-c891-46fd-8f5c-72bc827f2ef5:20160407213830.963:1777</Value>
          <Value>objectGUID:1777:1:55a73700-c891-46fd-8f5c-72bc827f2ef5:20160407213830.963:1777</Value>
          <Value>schemaIDGUID:1777:1:55a73700-c891-46fd-8f5c-72bc827f2ef5:20160407213830.963:1777</Value>
          <Value>subClassOf:1777:1:55a73700-c891-46fd-8f5c-72bc827f2ef5:20160407213830.963:1777</Value>
          <Value>systemMayContain:1777:1:55a73700-c891-46fd-8f5c-72bc827f2ef5:20160407213830.963:1777</Value>
          <Value>uSNChanged:1777:1:55a73700-c891-46fd-8f5c-72bc827f2ef5:20160407213830.963:1777</Value>
          <Value>uSNCreated:1777:1:55a73700-c891-46fd-8f5c-72bc827f2ef5:20160407213830.963:1777</Value>
        </AttributeMetadata>
      </ClassSchemaEntry>
      <ClassSchemaEntry>
        <Name>msSFU30NetId</Name>
        <AttributeMetadata>
          <Value>auxiliaryClass:1983:1:55a73700-c891-46fd-8f5c-72bc827f2ef5:20160407213831.307:1983</Value>
          <Value>cn:1983:1:55a73700-c891-46fd-8f5c-72bc827f2ef5:20160407213831.307:1983</Value>
          <Value>createTimeStamp:1983:1:55a73700-c891-46fd-8f5c-72bc827f2ef5:20160407213831.307:1983</Value>
          <Value>defaultObjectCategory:1983:1:55a73700-c891-46fd-8f5c-72bc827f2ef5:20160407213831.307:1983</Value>
          <Value>entryDN:1983:1:55a73700-c891-46fd-8f5c-72bc827f2ef5:20160407213831.307:1983</Value>
          <Value>governsID:1983:1:55a73700-c891-46fd-8f5c-72bc827f2ef5:20160407213831.307:1983</Value>
          <Value>modifyTimeStamp:1983:1:55a73700-c891-46fd-8f5c-72bc827f2ef5:20160407213831.307:1983</Value>
          <Value>objectClass:1983:1:55a73700-c891-46fd-8f5c-72bc827f2ef5:20160407213831.307:1983</Value>
          <Value>objectClassCategory:1983:1:55a73700-c891-46fd-8f5c-72bc827f2ef5:20160407213831.307:1983</Value>
          <Value>objectGUID:1983:1:55a73700-c891-46fd-8f5c-72bc827f2ef5:20160407213831.307:1983</Value>
          <Value>schemaIDGUID:1983:1:55a73700-c891-46fd-8f5c-72bc827f2ef5:20160407213831.307:1983</Value>
          <Value>subClassOf:1983:1:55a73700-c891-46fd-8f5c-72bc827f2ef5:20160407213831.307:1983</Value>
          <Value>systemMayContain:1983:1:55a73700-c891-46fd-8f5c-72bc827f2ef5:20160407213831.307:1983</Value>
          <Value>uSNChanged:1983:1:55a73700-c891-46fd-8f5c-72bc827f2ef5:20160407213831.307:1983</Value>
          <Value>uSNCreated:1983:1:55a73700-c891-46fd-8f5c-72bc827f2ef5:20160407213831.307:1983</Value>
        </AttributeMetadata>
      </ClassSchemaEntry>
      <ClassSchemaEntry>
        <Name>msSFU30NetworkUser</Name>
        <AttributeMetadata>
          <Value>auxiliaryClass:1967:1:55a73700-c891-46fd-8f5c-72bc827f2ef5:20160407213831.278:1967</Value>
          <Value>cn:1967:1:55a73700-c891-46fd-8f5c-72bc827f2ef5:20160407213831.278:1967</Value>
          <Value>createTimeStamp:1967:1:55a73700-c891-46fd-8f5c-72bc827f2ef5:20160407213831.278:1967</Value>
          <Value>defaultObjectCategory:1967:1:55a73700-c891-46fd-8f5c-72bc827f2ef5:20160407213831.278:1967</Value>
          <Value>entryDN:1967:1:55a73700-c891-46fd-8f5c-72bc827f2ef5:20160407213831.278:1967</Value>
          <Value>governsID:1967:1:55a73700-c891-46fd-8f5c-72bc827f2ef5:20160407213831.278:1967</Value>
          <Value>modifyTimeStamp:1967:1:55a73700-c891-46fd-8f5c-72bc827f2ef5:20160407213831.278:1967</Value>
          <Value>objectClass:1967:1:55a73700-c891-46fd-8f5c-72bc827f2ef5:20160407213831.278:1967</Value>
          <Value>objectClassCategory:1967:1:55a73700-c891-46fd-8f5c-72bc827f2ef5:20160407213831.278:1967</Value>
          <Value>objectGUID:1967:1:55a73700-c891-46fd-8f5c-72bc827f2ef5:20160407213831.278:1967</Value>
          <Value>schemaIDGUID:1967:1:55a73700-c891-46fd-8f5c-72bc827f2ef5:20160407213831.278:1967</Value>
          <Value>subClassOf:1967:1:55a73700-c891-46fd-8f5c-72bc827f2ef5:20160407213831.278:1967</Value>
          <Value>systemMayContain:1967:1:55a73700-c891-46fd-8f5c-72bc827f2ef5:20160407213831.278:1967</Value>
          <Value>uSNChanged:1967:1:55a73700-c891-46fd-8f5c-72bc827f2ef5:20160407213831.278:1967</Value>
          <Value>uSNCreated:1967:1:55a73700-c891-46fd-8f5c-72bc827f2ef5:20160407213831.278:1967</Value>
        </AttributeMetadata>
      </ClassSchemaEntry>
      <ClassSchemaEntry>
        <Name>msSFU30NISMapConfig</Name>
        <AttributeMetadata>
          <Value>auxiliaryClass:2044:1:55a73700-c891-46fd-8f5c-72bc827f2ef5:20160407213831.417:2044</Value>
          <Value>cn:2044:1:55a73700-c891-46fd-8f5c-72bc827f2ef5:20160407213831.417:2044</Value>
          <Value>createTimeStamp:2044:1:55a73700-c891-46fd-8f5c-72bc827f2ef5:20160407213831.417:2044</Value>
          <Value>defaultObjectCategory:2044:1:55a73700-c891-46fd-8f5c-72bc827f2ef5:20160407213831.417:2044</Value>
          <Value>entryDN:2044:1:55a73700-c891-46fd-8f5c-72bc827f2ef5:20160407213831.417:2044</Value>
          <Value>governsID:2044:1:55a73700-c891-46fd-8f5c-72bc827f2ef5:20160407213831.417:2044</Value>
          <Value>modifyTimeStamp:2044:1:55a73700-c891-46fd-8f5c-72bc827f2ef5:20160407213831.417:2044</Value>
          <Value>objectClass:2044:1:55a73700-c891-46fd-8f5c-72bc827f2ef5:20160407213831.417:2044</Value>
          <Value>objectClassCategory:2044:1:55a73700-c891-46fd-8f5c-72bc827f2ef5:20160407213831.417:2044</Value>
          <Value>objectGUID:2044:1:55a73700-c891-46fd-8f5c-72bc827f2ef5:20160407213831.417:2044</Value>
          <Value>schemaIDGUID:2044:1:55a73700-c891-46fd-8f5c-72bc827f2ef5:20160407213831.417:2044</Value>
          <Value>subClassOf:2044:1:55a73700-c891-46fd-8f5c-72bc827f2ef5:20160407213831.417:2044</Value>
          <Value>systemMayContain:2044:1:55a73700-c891-46fd-8f5c-72bc827f2ef5:20160407213831.417:2044</Value>
          <Value>uSNChanged:2044:1:55a73700-c891-46fd-8f5c-72bc827f2ef5:20160407213831.417:2044</Value>
          <Value>uSNCreated:2044:1:55a73700-c891-46fd-8f5c-72bc827f2ef5:20160407213831.417:2044</Value>
        </AttributeMetadata>
      </ClassSchemaEntry>
      <ClassSchemaEntry>
        <Name>mS-SQL-OLAPCube</Name>
        <AttributeMetadata>
          <Value>auxiliaryClass:1776:1:55a73700-c891-46fd-8f5c-72bc827f2ef5:20160407213830.955:1776</Value>
          <Value>cn:1776:1:55a73700-c891-46fd-8f5c-72bc827f2ef5:20160407213830.955:1776</Value>
          <Value>createTimeStamp:1776:1:55a73700-c891-46fd-8f5c-72bc827f2ef5:20160407213830.955:1776</Value>
          <Value>defaultObjectCategory:1776:1:55a73700-c891-46fd-8f5c-72bc827f2ef5:20160407213830.955:1776</Value>
          <Value>entryDN:1776:1:55a73700-c891-46fd-8f5c-72bc827f2ef5:20160407213830.955:1776</Value>
          <Value>governsID:1776:1:55a73700-c891-46fd-8f5c-72bc827f2ef5:20160407213830.955:1776</Value>
          <Value>modifyTimeStamp:1776:1:55a73700-c891-46fd-8f5c-72bc827f2ef5:20160407213830.955:1776</Value>
          <Value>objectClass:1776:1:55a73700-c891-46fd-8f5c-72bc827f2ef5:20160407213830.955:1776</Value>
          <Value>objectClassCategory:1776:1:55a73700-c891-46fd-8f5c-72bc827f2ef5:20160407213830.955:1776</Value>
          <Value>objectGUID:1776:1:55a73700-c891-46fd-8f5c-72bc827f2ef5:20160407213830.955:1776</Value>
          <Value>schemaIDGUID:1776:1:55a73700-c891-46fd-8f5c-72bc827f2ef5:20160407213830.955:1776</Value>
          <Value>subClassOf:1776:1:55a73700-c891-46fd-8f5c-72bc827f2ef5:20160407213830.955:1776</Value>
          <Value>systemMayContain:1776:1:55a73700-c891-46fd-8f5c-72bc827f2ef5:20160407213830.955:1776</Value>
          <Value>uSNChanged:1776:1:55a73700-c891-46fd-8f5c-72bc827f2ef5:20160407213830.955:1776</Value>
          <Value>uSNCreated:1776:1:55a73700-c891-46fd-8f5c-72bc827f2ef5:20160407213830.955:1776</Value>
        </AttributeMetadata>
      </ClassSchemaEntry>
      <ClassSchemaEntry>
        <Name>mS-SQL-OLAPDatabase</Name>
        <AttributeMetadata>
          <Value>auxiliaryClass:1820:1:55a73700-c891-46fd-8f5c-72bc827f2ef5:20160407213831.034:1820</Value>
          <Value>cn:1820:1:55a73700-c891-46fd-8f5c-72bc827f2ef5:20160407213831.034:1820</Value>
          <Value>createTimeStamp:1820:1:55a73700-c891-46fd-8f5c-72bc827f2ef5:20160407213831.034:1820</Value>
          <Value>defaultObjectCategory:1820:1:55a73700-c891-46fd-8f5c-72bc827f2ef5:20160407213831.034:1820</Value>
          <Value>entryDN:1820:1:55a73700-c891-46fd-8f5c-72bc827f2ef5:20160407213831.034:1820</Value>
          <Value>governsID:1820:1:55a73700-c891-46fd-8f5c-72bc827f2ef5:20160407213831.034:1820</Value>
          <Value>modifyTimeStamp:1820:1:55a73700-c891-46fd-8f5c-72bc827f2ef5:20160407213831.034:1820</Value>
          <Value>objectClass:1820:1:55a73700-c891-46fd-8f5c-72bc827f2ef5:20160407213831.034:1820</Value>
          <Value>objectClassCategory:1820:1:55a73700-c891-46fd-8f5c-72bc827f2ef5:20160407213831.034:1820</Value>
          <Value>objectGUID:1820:1:55a73700-c891-46fd-8f5c-72bc827f2ef5:20160407213831.034:1820</Value>
          <Value>schemaIDGUID:1820:1:55a73700-c891-46fd-8f5c-72bc827f2ef5:20160407213831.034:1820</Value>
          <Value>subClassOf:1820:1:55a73700-c891-46fd-8f5c-72bc827f2ef5:20160407213831.034:1820</Value>
          <Value>systemMayContain:1820:1:55a73700-c891-46fd-8f5c-72bc827f2ef5:20160407213831.034:1820</Value>
          <Value>uSNChanged:1820:1:55a73700-c891-46fd-8f5c-72bc827f2ef5:20160407213831.034:1820</Value>
          <Value>uSNCreated:1820:1:55a73700-c891-46fd-8f5c-72bc827f2ef5:20160407213831.034:1820</Value>
        </AttributeMetadata>
      </ClassSchemaEntry>
      <ClassSchemaEntry>
        <Name>mS-SQL-OLAPServer</Name>
        <AttributeMetadata>
          <Value>auxiliaryClass:1978:1:55a73700-c891-46fd-8f5c-72bc827f2ef5:20160407213831.301:1978</Value>
          <Value>cn:1978:1:55a73700-c891-46fd-8f5c-72bc827f2ef5:20160407213831.301:1978</Value>
          <Value>createTimeStamp:1978:1:55a73700-c891-46fd-8f5c-72bc827f2ef5:20160407213831.301:1978</Value>
          <Value>defaultObjectCategory:1978:1:55a73700-c891-46fd-8f5c-72bc827f2ef5:20160407213831.301:1978</Value>
          <Value>entryDN:1978:1:55a73700-c891-46fd-8f5c-72bc827f2ef5:20160407213831.301:1978</Value>
          <Value>governsID:1978:1:55a73700-c891-46fd-8f5c-72bc827f2ef5:20160407213831.301:1978</Value>
          <Value>modifyTimeStamp:1978:1:55a73700-c891-46fd-8f5c-72bc827f2ef5:20160407213831.301:1978</Value>
          <Value>objectClass:1978:1:55a73700-c891-46fd-8f5c-72bc827f2ef5:20160407213831.301:1978</Value>
          <Value>objectClassCategory:1978:1:55a73700-c891-46fd-8f5c-72bc827f2ef5:20160407213831.301:1978</Value>
          <Value>objectGUID:1978:1:55a73700-c891-46fd-8f5c-72bc827f2ef5:20160407213831.301:1978</Value>
          <Value>schemaIDGUID:1978:1:55a73700-c891-46fd-8f5c-72bc827f2ef5:20160407213831.301:1978</Value>
          <Value>subClassOf:1978:1:55a73700-c891-46fd-8f5c-72bc827f2ef5:20160407213831.301:1978</Value>
          <Value>systemMayContain:1978:1:55a73700-c891-46fd-8f5c-72bc827f2ef5:20160407213831.301:1978</Value>
          <Value>uSNChanged:1978:1:55a73700-c891-46fd-8f5c-72bc827f2ef5:20160407213831.301:1978</Value>
          <Value>uSNCreated:1978:1:55a73700-c891-46fd-8f5c-72bc827f2ef5:20160407213831.301:1978</Value>
        </AttributeMetadata>
      </ClassSchemaEntry>
      <ClassSchemaEntry>
        <Name>mS-SQL-SQLDatabase</Name>
        <AttributeMetadata>
          <Value>auxiliaryClass:1811:1:55a73700-c891-46fd-8f5c-72bc827f2ef5:20160407213831.023:1811</Value>
          <Value>cn:1811:1:55a73700-c891-46fd-8f5c-72bc827f2ef5:20160407213831.023:1811</Value>
          <Value>createTimeStamp:1811:1:55a73700-c891-46fd-8f5c-72bc827f2ef5:20160407213831.023:1811</Value>
          <Value>defaultObjectCategory:1811:1:55a73700-c891-46fd-8f5c-72bc827f2ef5:20160407213831.023:1811</Value>
          <Value>entryDN:1811:1:55a73700-c891-46fd-8f5c-72bc827f2ef5:20160407213831.023:1811</Value>
          <Value>governsID:1811:1:55a73700-c891-46fd-8f5c-72bc827f2ef5:20160407213831.023:1811</Value>
          <Value>modifyTimeStamp:1811:1:55a73700-c891-46fd-8f5c-72bc827f2ef5:20160407213831.023:1811</Value>
          <Value>objectClass:1811:1:55a73700-c891-46fd-8f5c-72bc827f2ef5:20160407213831.023:1811</Value>
          <Value>objectClassCategory:1811:1:55a73700-c891-46fd-8f5c-72bc827f2ef5:20160407213831.023:1811</Value>
          <Value>objectGUID:1811:1:55a73700-c891-46fd-8f5c-72bc827f2ef5:20160407213831.023:1811</Value>
          <Value>schemaIDGUID:1811:1:55a73700-c891-46fd-8f5c-72bc827f2ef5:20160407213831.023:1811</Value>
          <Value>subClassOf:1811:1:55a73700-c891-46fd-8f5c-72bc827f2ef5:20160407213831.023:1811</Value>
          <Value>systemMayContain:1811:1:55a73700-c891-46fd-8f5c-72bc827f2ef5:20160407213831.023:1811</Value>
          <Value>uSNChanged:1811:1:55a73700-c891-46fd-8f5c-72bc827f2ef5:20160407213831.023:1811</Value>
          <Value>uSNCreated:1811:1:55a73700-c891-46fd-8f5c-72bc827f2ef5:20160407213831.023:1811</Value>
        </AttributeMetadata>
      </ClassSchemaEntry>
      <ClassSchemaEntry>
        <Name>mS-SQL-SQLPublication</Name>
        <AttributeMetadata>
          <Value>auxiliaryClass:1850:1:55a73700-c891-46fd-8f5c-72bc827f2ef5:20160407213831.088:1850</Value>
          <Value>cn:1850:1:55a73700-c891-46fd-8f5c-72bc827f2ef5:20160407213831.088:1850</Value>
          <Value>createTimeStamp:1850:1:55a73700-c891-46fd-8f5c-72bc827f2ef5:20160407213831.088:1850</Value>
          <Value>defaultObjectCategory:1850:1:55a73700-c891-46fd-8f5c-72bc827f2ef5:20160407213831.088:1850</Value>
          <Value>entryDN:1850:1:55a73700-c891-46fd-8f5c-72bc827f2ef5:20160407213831.088:1850</Value>
          <Value>governsID:1850:1:55a73700-c891-46fd-8f5c-72bc827f2ef5:20160407213831.088:1850</Value>
          <Value>modifyTimeStamp:1850:1:55a73700-c891-46fd-8f5c-72bc827f2ef5:20160407213831.088:1850</Value>
          <Value>objectClass:1850:1:55a73700-c891-46fd-8f5c-72bc827f2ef5:20160407213831.088:1850</Value>
          <Value>objectClassCategory:1850:1:55a73700-c891-46fd-8f5c-72bc827f2ef5:20160407213831.088:1850</Value>
          <Value>objectGUID:1850:1:55a73700-c891-46fd-8f5c-72bc827f2ef5:20160407213831.088:1850</Value>
          <Value>schemaIDGUID:1850:1:55a73700-c891-46fd-8f5c-72bc827f2ef5:20160407213831.088:1850</Value>
          <Value>subClassOf:1850:1:55a73700-c891-46fd-8f5c-72bc827f2ef5:20160407213831.088:1850</Value>
          <Value>systemMayContain:1850:1:55a73700-c891-46fd-8f5c-72bc827f2ef5:20160407213831.088:1850</Value>
          <Value>uSNChanged:1850:1:55a73700-c891-46fd-8f5c-72bc827f2ef5:20160407213831.088:1850</Value>
          <Value>uSNCreated:1850:1:55a73700-c891-46fd-8f5c-72bc827f2ef5:20160407213831.088:1850</Value>
        </AttributeMetadata>
      </ClassSchemaEntry>
      <ClassSchemaEntry>
        <Name>mS-SQL-SQLRepository</Name>
        <AttributeMetadata>
          <Value>auxiliaryClass:1939:1:55a73700-c891-46fd-8f5c-72bc827f2ef5:20160407213831.237:1939</Value>
          <Value>cn:1939:1:55a73700-c891-46fd-8f5c-72bc827f2ef5:20160407213831.237:1939</Value>
          <Value>createTimeStamp:1939:1:55a73700-c891-46fd-8f5c-72bc827f2ef5:20160407213831.237:1939</Value>
          <Value>defaultObjectCategory:1939:1:55a73700-c891-46fd-8f5c-72bc827f2ef5:20160407213831.237:1939</Value>
          <Value>entryDN:1939:1:55a73700-c891-46fd-8f5c-72bc827f2ef5:20160407213831.237:1939</Value>
          <Value>governsID:1939:1:55a73700-c891-46fd-8f5c-72bc827f2ef5:20160407213831.237:1939</Value>
          <Value>modifyTimeStamp:1939:1:55a73700-c891-46fd-8f5c-72bc827f2ef5:20160407213831.237:1939</Value>
          <Value>objectClass:1939:1:55a73700-c891-46fd-8f5c-72bc827f2ef5:20160407213831.237:1939</Value>
          <Value>objectClassCategory:1939:1:55a73700-c891-46fd-8f5c-72bc827f2ef5:20160407213831.237:1939</Value>
          <Value>objectGUID:1939:1:55a73700-c891-46fd-8f5c-72bc827f2ef5:20160407213831.237:1939</Value>
          <Value>schemaIDGUID:1939:1:55a73700-c891-46fd-8f5c-72bc827f2ef5:20160407213831.237:1939</Value>
          <Value>subClassOf:1939:1:55a73700-c891-46fd-8f5c-72bc827f2ef5:20160407213831.237:1939</Value>
          <Value>systemMayContain:1939:1:55a73700-c891-46fd-8f5c-72bc827f2ef5:20160407213831.237:1939</Value>
          <Value>uSNChanged:1939:1:55a73700-c891-46fd-8f5c-72bc827f2ef5:20160407213831.237:1939</Value>
          <Value>uSNCreated:1939:1:55a73700-c891-46fd-8f5c-72bc827f2ef5:20160407213831.237:1939</Value>
        </AttributeMetadata>
      </ClassSchemaEntry>
      <ClassSchemaEntry>
        <Name>mS-SQL-SQLServer</Name>
        <AttributeMetadata>
          <Value>auxiliaryClass:1786:1:55a73700-c891-46fd-8f5c-72bc827f2ef5:20160407213830.977:1786</Value>
          <Value>cn:1786:1:55a73700-c891-46fd-8f5c-72bc827f2ef5:20160407213830.977:1786</Value>
          <Value>createTimeStamp:1786:1:55a73700-c891-46fd-8f5c-72bc827f2ef5:20160407213830.977:1786</Value>
          <Value>defaultObjectCategory:1786:1:55a73700-c891-46fd-8f5c-72bc827f2ef5:20160407213830.977:1786</Value>
          <Value>entryDN:1786:1:55a73700-c891-46fd-8f5c-72bc827f2ef5:20160407213830.977:1786</Value>
          <Value>governsID:1786:1:55a73700-c891-46fd-8f5c-72bc827f2ef5:20160407213830.977:1786</Value>
          <Value>modifyTimeStamp:1786:1:55a73700-c891-46fd-8f5c-72bc827f2ef5:20160407213830.977:1786</Value>
          <Value>objectClass:1786:1:55a73700-c891-46fd-8f5c-72bc827f2ef5:20160407213830.977:1786</Value>
          <Value>objectClassCategory:1786:1:55a73700-c891-46fd-8f5c-72bc827f2ef5:20160407213830.977:1786</Value>
          <Value>objectGUID:1786:1:55a73700-c891-46fd-8f5c-72bc827f2ef5:20160407213830.977:1786</Value>
          <Value>schemaIDGUID:1786:1:55a73700-c891-46fd-8f5c-72bc827f2ef5:20160407213830.977:1786</Value>
          <Value>subClassOf:1786:1:55a73700-c891-46fd-8f5c-72bc827f2ef5:20160407213830.977:1786</Value>
          <Value>systemMayContain:1786:1:55a73700-c891-46fd-8f5c-72bc827f2ef5:20160407213830.977:1786</Value>
          <Value>uSNChanged:1786:1:55a73700-c891-46fd-8f5c-72bc827f2ef5:20160407213830.977:1786</Value>
          <Value>uSNCreated:1786:1:55a73700-c891-46fd-8f5c-72bc827f2ef5:20160407213830.977:1786</Value>
        </AttributeMetadata>
      </ClassSchemaEntry>
      <ClassSchemaEntry>
        <Name>msTAPI-RtConference</Name>
        <AttributeMetadata>
          <Value>auxiliaryClass:1864:1:55a73700-c891-46fd-8f5c-72bc827f2ef5:20160407213831.111:1864</Value>
          <Value>cn:1864:1:55a73700-c891-46fd-8f5c-72bc827f2ef5:20160407213831.111:1864</Value>
          <Value>createTimeStamp:1864:1:55a73700-c891-46fd-8f5c-72bc827f2ef5:20160407213831.111:1864</Value>
          <Value>defaultObjectCategory:1864:1:55a73700-c891-46fd-8f5c-72bc827f2ef5:20160407213831.111:1864</Value>
          <Value>entryDN:1864:1:55a73700-c891-46fd-8f5c-72bc827f2ef5:20160407213831.111:1864</Value>
          <Value>governsID:1864:1:55a73700-c891-46fd-8f5c-72bc827f2ef5:20160407213831.111:1864</Value>
          <Value>modifyTimeStamp:1864:1:55a73700-c891-46fd-8f5c-72bc827f2ef5:20160407213831.111:1864</Value>
          <Value>objectClass:1864:1:55a73700-c891-46fd-8f5c-72bc827f2ef5:20160407213831.111:1864</Value>
          <Value>objectClassCategory:1864:1:55a73700-c891-46fd-8f5c-72bc827f2ef5:20160407213831.111:1864</Value>
          <Value>objectGUID:1864:1:55a73700-c891-46fd-8f5c-72bc827f2ef5:20160407213831.111:1864</Value>
          <Value>schemaIDGUID:1864:1:55a73700-c891-46fd-8f5c-72bc827f2ef5:20160407213831.111:1864</Value>
          <Value>subClassOf:1864:1:55a73700-c891-46fd-8f5c-72bc827f2ef5:20160407213831.111:1864</Value>
          <Value>systemMayContain:1864:1:55a73700-c891-46fd-8f5c-72bc827f2ef5:20160407213831.111:1864</Value>
          <Value>systemMustContain:1864:1:55a73700-c891-46fd-8f5c-72bc827f2ef5:20160407213831.111:1864</Value>
          <Value>uSNChanged:1864:1:55a73700-c891-46fd-8f5c-72bc827f2ef5:20160407213831.111:1864</Value>
          <Value>uSNCreated:1864:1:55a73700-c891-46fd-8f5c-72bc827f2ef5:20160407213831.111:1864</Value>
        </AttributeMetadata>
      </ClassSchemaEntry>
      <ClassSchemaEntry>
        <Name>msTAPI-RtPerson</Name>
        <AttributeMetadata>
          <Value>auxiliaryClass:2040:1:55a73700-c891-46fd-8f5c-72bc827f2ef5:20160407213831.412:2040</Value>
          <Value>cn:2040:1:55a73700-c891-46fd-8f5c-72bc827f2ef5:20160407213831.412:2040</Value>
          <Value>createTimeStamp:2040:1:55a73700-c891-46fd-8f5c-72bc827f2ef5:20160407213831.412:2040</Value>
          <Value>defaultObjectCategory:2040:1:55a73700-c891-46fd-8f5c-72bc827f2ef5:20160407213831.412:2040</Value>
          <Value>entryDN:2040:1:55a73700-c891-46fd-8f5c-72bc827f2ef5:20160407213831.412:2040</Value>
          <Value>governsID:2040:1:55a73700-c891-46fd-8f5c-72bc827f2ef5:20160407213831.412:2040</Value>
          <Value>modifyTimeStamp:2040:1:55a73700-c891-46fd-8f5c-72bc827f2ef5:20160407213831.412:2040</Value>
          <Value>objectClass:2040:1:55a73700-c891-46fd-8f5c-72bc827f2ef5:20160407213831.412:2040</Value>
          <Value>objectClassCategory:2040:1:55a73700-c891-46fd-8f5c-72bc827f2ef5:20160407213831.412:2040</Value>
          <Value>objectGUID:2040:1:55a73700-c891-46fd-8f5c-72bc827f2ef5:20160407213831.412:2040</Value>
          <Value>schemaIDGUID:2040:1:55a73700-c891-46fd-8f5c-72bc827f2ef5:20160407213831.412:2040</Value>
          <Value>subClassOf:2040:1:55a73700-c891-46fd-8f5c-72bc827f2ef5:20160407213831.412:2040</Value>
          <Value>systemMayContain:2040:1:55a73700-c891-46fd-8f5c-72bc827f2ef5:20160407213831.412:2040</Value>
          <Value>uSNChanged:2040:1:55a73700-c891-46fd-8f5c-72bc827f2ef5:20160407213831.412:2040</Value>
          <Value>uSNCreated:2040:1:55a73700-c891-46fd-8f5c-72bc827f2ef5:20160407213831.412:2040</Value>
        </AttributeMetadata>
      </ClassSchemaEntry>
      <ClassSchemaEntry>
        <Name>msWMI-IntRangeParam</Name>
        <AttributeMetadata>
          <Value>auxiliaryClass:2028:1:55a73700-c891-46fd-8f5c-72bc827f2ef5:20160407213831.387:2028</Value>
          <Value>cn:2028:1:55a73700-c891-46fd-8f5c-72bc827f2ef5:20160407213831.387:2028</Value>
          <Value>createTimeStamp:2028:1:55a73700-c891-46fd-8f5c-72bc827f2ef5:20160407213831.387:2028</Value>
          <Value>defaultObjectCategory:2028:1:55a73700-c891-46fd-8f5c-72bc827f2ef5:20160407213831.387:2028</Value>
          <Value>entryDN:2028:1:55a73700-c891-46fd-8f5c-72bc827f2ef5:20160407213831.387:2028</Value>
          <Value>governsID:2028:1:55a73700-c891-46fd-8f5c-72bc827f2ef5:20160407213831.387:2028</Value>
          <Value>modifyTimeStamp:2028:1:55a73700-c891-46fd-8f5c-72bc827f2ef5:20160407213831.387:2028</Value>
          <Value>objectClass:2028:1:55a73700-c891-46fd-8f5c-72bc827f2ef5:20160407213831.387:2028</Value>
          <Value>objectClassCategory:2028:1:55a73700-c891-46fd-8f5c-72bc827f2ef5:20160407213831.387:2028</Value>
          <Value>objectGUID:2028:1:55a73700-c891-46fd-8f5c-72bc827f2ef5:20160407213831.387:2028</Value>
          <Value>schemaIDGUID:2028:1:55a73700-c891-46fd-8f5c-72bc827f2ef5:20160407213831.387:2028</Value>
          <Value>subClassOf:2028:1:55a73700-c891-46fd-8f5c-72bc827f2ef5:20160407213831.387:2028</Value>
          <Value>systemMayContain:2028:1:55a73700-c891-46fd-8f5c-72bc827f2ef5:20160407213831.387:2028</Value>
          <Value>systemMustContain:2028:1:55a73700-c891-46fd-8f5c-72bc827f2ef5:20160407213831.387:2028</Value>
          <Value>uSNChanged:2028:1:55a73700-c891-46fd-8f5c-72bc827f2ef5:20160407213831.387:2028</Value>
          <Value>uSNCreated:2028:1:55a73700-c891-46fd-8f5c-72bc827f2ef5:20160407213831.387:2028</Value>
        </AttributeMetadata>
      </ClassSchemaEntry>
      <ClassSchemaEntry>
        <Name>msWMI-IntSetParam</Name>
        <AttributeMetadata>
          <Value>auxiliaryClass:1882:1:55a73700-c891-46fd-8f5c-72bc827f2ef5:20160407213831.131:1882</Value>
          <Value>cn:1882:1:55a73700-c891-46fd-8f5c-72bc827f2ef5:20160407213831.131:1882</Value>
          <Value>createTimeStamp:1882:1:55a73700-c891-46fd-8f5c-72bc827f2ef5:20160407213831.131:1882</Value>
          <Value>defaultObjectCategory:1882:1:55a73700-c891-46fd-8f5c-72bc827f2ef5:20160407213831.131:1882</Value>
          <Value>entryDN:1882:1:55a73700-c891-46fd-8f5c-72bc827f2ef5:20160407213831.131:1882</Value>
          <Value>governsID:1882:1:55a73700-c891-46fd-8f5c-72bc827f2ef5:20160407213831.131:1882</Value>
          <Value>modifyTimeStamp:1882:1:55a73700-c891-46fd-8f5c-72bc827f2ef5:20160407213831.131:1882</Value>
          <Value>objectClass:1882:1:55a73700-c891-46fd-8f5c-72bc827f2ef5:20160407213831.131:1882</Value>
          <Value>objectClassCategory:1882:1:55a73700-c891-46fd-8f5c-72bc827f2ef5:20160407213831.131:1882</Value>
          <Value>objectGUID:1882:1:55a73700-c891-46fd-8f5c-72bc827f2ef5:20160407213831.131:1882</Value>
          <Value>schemaIDGUID:1882:1:55a73700-c891-46fd-8f5c-72bc827f2ef5:20160407213831.131:1882</Value>
          <Value>subClassOf:1882:1:55a73700-c891-46fd-8f5c-72bc827f2ef5:20160407213831.131:1882</Value>
          <Value>systemMayContain:1882:1:55a73700-c891-46fd-8f5c-72bc827f2ef5:20160407213831.131:1882</Value>
          <Value>systemMustContain:1882:1:55a73700-c891-46fd-8f5c-72bc827f2ef5:20160407213831.131:1882</Value>
          <Value>uSNChanged:1882:1:55a73700-c891-46fd-8f5c-72bc827f2ef5:20160407213831.131:1882</Value>
          <Value>uSNCreated:1882:1:55a73700-c891-46fd-8f5c-72bc827f2ef5:20160407213831.131:1882</Value>
        </AttributeMetadata>
      </ClassSchemaEntry>
      <ClassSchemaEntry>
        <Name>msWMI-MergeablePolicyTemplate</Name>
        <AttributeMetadata>
          <Value>auxiliaryClass:1965:1:55a73700-c891-46fd-8f5c-72bc827f2ef5:20160407213831.276:1965</Value>
          <Value>cn:1965:1:55a73700-c891-46fd-8f5c-72bc827f2ef5:20160407213831.276:1965</Value>
          <Value>createTimeStamp:1965:1:55a73700-c891-46fd-8f5c-72bc827f2ef5:20160407213831.276:1965</Value>
          <Value>defaultObjectCategory:1965:1:55a73700-c891-46fd-8f5c-72bc827f2ef5:20160407213831.276:1965</Value>
          <Value>entryDN:1965:1:55a73700-c891-46fd-8f5c-72bc827f2ef5:20160407213831.276:1965</Value>
          <Value>governsID:1965:1:55a73700-c891-46fd-8f5c-72bc827f2ef5:20160407213831.276:1965</Value>
          <Value>modifyTimeStamp:1965:1:55a73700-c891-46fd-8f5c-72bc827f2ef5:20160407213831.276:1965</Value>
          <Value>objectClass:1965:1:55a73700-c891-46fd-8f5c-72bc827f2ef5:20160407213831.276:1965</Value>
          <Value>objectClassCategory:1965:1:55a73700-c891-46fd-8f5c-72bc827f2ef5:20160407213831.276:1965</Value>
          <Value>objectGUID:1965:1:55a73700-c891-46fd-8f5c-72bc827f2ef5:20160407213831.276:1965</Value>
          <Value>schemaIDGUID:1965:1:55a73700-c891-46fd-8f5c-72bc827f2ef5:20160407213831.276:1965</Value>
          <Value>subClassOf:1965:1:55a73700-c891-46fd-8f5c-72bc827f2ef5:20160407213831.276:1965</Value>
          <Value>uSNChanged:1965:1:55a73700-c891-46fd-8f5c-72bc827f2ef5:20160407213831.276:1965</Value>
          <Value>uSNCreated:1965:1:55a73700-c891-46fd-8f5c-72bc827f2ef5:20160407213831.276:1965</Value>
        </AttributeMetadata>
      </ClassSchemaEntry>
      <ClassSchemaEntry>
        <Name>msWMI-ObjectEncoding</Name>
        <AttributeMetadata>
          <Value>auxiliaryClass:1920:1:55a73700-c891-46fd-8f5c-72bc827f2ef5:20160407213831.201:1920</Value>
          <Value>cn:1920:1:55a73700-c891-46fd-8f5c-72bc827f2ef5:20160407213831.201:1920</Value>
          <Value>createTimeStamp:1920:1:55a73700-c891-46fd-8f5c-72bc827f2ef5:20160407213831.201:1920</Value>
          <Value>defaultObjectCategory:1920:1:55a73700-c891-46fd-8f5c-72bc827f2ef5:20160407213831.201:1920</Value>
          <Value>entryDN:1920:1:55a73700-c891-46fd-8f5c-72bc827f2ef5:20160407213831.201:1920</Value>
          <Value>governsID:1920:1:55a73700-c891-46fd-8f5c-72bc827f2ef5:20160407213831.201:1920</Value>
          <Value>modifyTimeStamp:1920:1:55a73700-c891-46fd-8f5c-72bc827f2ef5:20160407213831.201:1920</Value>
          <Value>objectClass:1920:1:55a73700-c891-46fd-8f5c-72bc827f2ef5:20160407213831.201:1920</Value>
          <Value>objectClassCategory:1920:1:55a73700-c891-46fd-8f5c-72bc827f2ef5:20160407213831.201:1920</Value>
          <Value>objectGUID:1920:1:55a73700-c891-46fd-8f5c-72bc827f2ef5:20160407213831.201:1920</Value>
          <Value>schemaIDGUID:1920:1:55a73700-c891-46fd-8f5c-72bc827f2ef5:20160407213831.201:1920</Value>
          <Value>subClassOf:1920:1:55a73700-c891-46fd-8f5c-72bc827f2ef5:20160407213831.201:1920</Value>
          <Value>systemMustContain:1920:1:55a73700-c891-46fd-8f5c-72bc827f2ef5:20160407213831.201:1920</Value>
          <Value>uSNChanged:1920:1:55a73700-c891-46fd-8f5c-72bc827f2ef5:20160407213831.201:1920</Value>
          <Value>uSNCreated:1920:1:55a73700-c891-46fd-8f5c-72bc827f2ef5:20160407213831.201:1920</Value>
        </AttributeMetadata>
      </ClassSchemaEntry>
      <ClassSchemaEntry>
        <Name>msWMI-PolicyTemplate</Name>
        <AttributeMetadata>
          <Value>auxiliaryClass:1895:1:55a73700-c891-46fd-8f5c-72bc827f2ef5:20160407213831.156:1895</Value>
          <Value>cn:1895:1:55a73700-c891-46fd-8f5c-72bc827f2ef5:20160407213831.156:1895</Value>
          <Value>createTimeStamp:1895:1:55a73700-c891-46fd-8f5c-72bc827f2ef5:20160407213831.156:1895</Value>
          <Value>defaultObjectCategory:1895:1:55a73700-c891-46fd-8f5c-72bc827f2ef5:20160407213831.156:1895</Value>
          <Value>entryDN:1895:1:55a73700-c891-46fd-8f5c-72bc827f2ef5:20160407213831.156:1895</Value>
          <Value>governsID:1895:1:55a73700-c891-46fd-8f5c-72bc827f2ef5:20160407213831.156:1895</Value>
          <Value>modifyTimeStamp:1895:1:55a73700-c891-46fd-8f5c-72bc827f2ef5:20160407213831.156:1895</Value>
          <Value>objectClass:1895:1:55a73700-c891-46fd-8f5c-72bc827f2ef5:20160407213831.156:1895</Value>
          <Value>objectClassCategory:1895:1:55a73700-c891-46fd-8f5c-72bc827f2ef5:20160407213831.156:1895</Value>
          <Value>objectGUID:1895:1:55a73700-c891-46fd-8f5c-72bc827f2ef5:20160407213831.156:1895</Value>
          <Value>schemaIDGUID:1895:1:55a73700-c891-46fd-8f5c-72bc827f2ef5:20160407213831.156:1895</Value>
          <Value>subClassOf:1895:1:55a73700-c891-46fd-8f5c-72bc827f2ef5:20160407213831.156:1895</Value>
          <Value>systemMayContain:1895:1:55a73700-c891-46fd-8f5c-72bc827f2ef5:20160407213831.156:1895</Value>
          <Value>systemMustContain:1895:1:55a73700-c891-46fd-8f5c-72bc827f2ef5:20160407213831.156:1895</Value>
          <Value>uSNChanged:1895:1:55a73700-c891-46fd-8f5c-72bc827f2ef5:20160407213831.156:1895</Value>
          <Value>uSNCreated:1895:1:55a73700-c891-46fd-8f5c-72bc827f2ef5:20160407213831.156:1895</Value>
        </AttributeMetadata>
      </ClassSchemaEntry>
      <ClassSchemaEntry>
        <Name>msWMI-PolicyType</Name>
        <AttributeMetadata>
          <Value>auxiliaryClass:1818:1:55a73700-c891-46fd-8f5c-72bc827f2ef5:20160407213831.032:1818</Value>
          <Value>cn:1818:1:55a73700-c891-46fd-8f5c-72bc827f2ef5:20160407213831.032:1818</Value>
          <Value>createTimeStamp:1818:1:55a73700-c891-46fd-8f5c-72bc827f2ef5:20160407213831.032:1818</Value>
          <Value>defaultObjectCategory:1818:1:55a73700-c891-46fd-8f5c-72bc827f2ef5:20160407213831.032:1818</Value>
          <Value>entryDN:1818:1:55a73700-c891-46fd-8f5c-72bc827f2ef5:20160407213831.032:1818</Value>
          <Value>governsID:1818:1:55a73700-c891-46fd-8f5c-72bc827f2ef5:20160407213831.032:1818</Value>
          <Value>modifyTimeStamp:1818:1:55a73700-c891-46fd-8f5c-72bc827f2ef5:20160407213831.032:1818</Value>
          <Value>objectClass:1818:1:55a73700-c891-46fd-8f5c-72bc827f2ef5:20160407213831.032:1818</Value>
          <Value>objectClassCategory:1818:1:55a73700-c891-46fd-8f5c-72bc827f2ef5:20160407213831.032:1818</Value>
          <Value>objectGUID:1818:1:55a73700-c891-46fd-8f5c-72bc827f2ef5:20160407213831.032:1818</Value>
          <Value>schemaIDGUID:1818:1:55a73700-c891-46fd-8f5c-72bc827f2ef5:20160407213831.032:1818</Value>
          <Value>subClassOf:1818:1:55a73700-c891-46fd-8f5c-72bc827f2ef5:20160407213831.032:1818</Value>
          <Value>systemMayContain:1818:1:55a73700-c891-46fd-8f5c-72bc827f2ef5:20160407213831.032:1818</Value>
          <Value>systemMustContain:1818:1:55a73700-c891-46fd-8f5c-72bc827f2ef5:20160407213831.032:1818</Value>
          <Value>uSNChanged:1818:1:55a73700-c891-46fd-8f5c-72bc827f2ef5:20160407213831.032:1818</Value>
          <Value>uSNCreated:1818:1:55a73700-c891-46fd-8f5c-72bc827f2ef5:20160407213831.032:1818</Value>
        </AttributeMetadata>
      </ClassSchemaEntry>
      <ClassSchemaEntry>
        <Name>msWMI-RangeParam</Name>
        <AttributeMetadata>
          <Value>auxiliaryClass:2056:1:55a73700-c891-46fd-8f5c-72bc827f2ef5:20160407213831.438:2056</Value>
          <Value>cn:2056:1:55a73700-c891-46fd-8f5c-72bc827f2ef5:20160407213831.438:2056</Value>
          <Value>createTimeStamp:2056:1:55a73700-c891-46fd-8f5c-72bc827f2ef5:20160407213831.438:2056</Value>
          <Value>defaultObjectCategory:2056:1:55a73700-c891-46fd-8f5c-72bc827f2ef5:20160407213831.438:2056</Value>
          <Value>entryDN:2056:1:55a73700-c891-46fd-8f5c-72bc827f2ef5:20160407213831.438:2056</Value>
          <Value>governsID:2056:1:55a73700-c891-46fd-8f5c-72bc827f2ef5:20160407213831.438:2056</Value>
          <Value>modifyTimeStamp:2056:1:55a73700-c891-46fd-8f5c-72bc827f2ef5:20160407213831.438:2056</Value>
          <Value>objectClass:2056:1:55a73700-c891-46fd-8f5c-72bc827f2ef5:20160407213831.438:2056</Value>
          <Value>objectClassCategory:2056:1:55a73700-c891-46fd-8f5c-72bc827f2ef5:20160407213831.438:2056</Value>
          <Value>objectGUID:2056:1:55a73700-c891-46fd-8f5c-72bc827f2ef5:20160407213831.438:2056</Value>
          <Value>schemaIDGUID:2056:1:55a73700-c891-46fd-8f5c-72bc827f2ef5:20160407213831.438:2056</Value>
          <Value>subClassOf:2056:1:55a73700-c891-46fd-8f5c-72bc827f2ef5:20160407213831.438:2056</Value>
          <Value>systemMustContain:2056:1:55a73700-c891-46fd-8f5c-72bc827f2ef5:20160407213831.438:2056</Value>
          <Value>uSNChanged:2056:1:55a73700-c891-46fd-8f5c-72bc827f2ef5:20160407213831.438:2056</Value>
          <Value>uSNCreated:2056:1:55a73700-c891-46fd-8f5c-72bc827f2ef5:20160407213831.438:2056</Value>
        </AttributeMetadata>
      </ClassSchemaEntry>
      <ClassSchemaEntry>
        <Name>msWMI-RealRangeParam</Name>
        <AttributeMetadata>
          <Value>auxiliaryClass:2013:1:55a73700-c891-46fd-8f5c-72bc827f2ef5:20160407213831.361:2013</Value>
          <Value>cn:2013:1:55a73700-c891-46fd-8f5c-72bc827f2ef5:20160407213831.361:2013</Value>
          <Value>createTimeStamp:2013:1:55a73700-c891-46fd-8f5c-72bc827f2ef5:20160407213831.361:2013</Value>
          <Value>defaultObjectCategory:2013:1:55a73700-c891-46fd-8f5c-72bc827f2ef5:20160407213831.361:2013</Value>
          <Value>entryDN:2013:1:55a73700-c891-46fd-8f5c-72bc827f2ef5:20160407213831.361:2013</Value>
          <Value>governsID:2013:1:55a73700-c891-46fd-8f5c-72bc827f2ef5:20160407213831.361:2013</Value>
          <Value>modifyTimeStamp:2013:1:55a73700-c891-46fd-8f5c-72bc827f2ef5:20160407213831.361:2013</Value>
          <Value>objectClass:2013:1:55a73700-c891-46fd-8f5c-72bc827f2ef5:20160407213831.361:2013</Value>
          <Value>objectClassCategory:2013:1:55a73700-c891-46fd-8f5c-72bc827f2ef5:20160407213831.361:2013</Value>
          <Value>objectGUID:2013:1:55a73700-c891-46fd-8f5c-72bc827f2ef5:20160407213831.361:2013</Value>
          <Value>schemaIDGUID:2013:1:55a73700-c891-46fd-8f5c-72bc827f2ef5:20160407213831.361:2013</Value>
          <Value>subClassOf:2013:1:55a73700-c891-46fd-8f5c-72bc827f2ef5:20160407213831.361:2013</Value>
          <Value>systemMayContain:2013:1:55a73700-c891-46fd-8f5c-72bc827f2ef5:20160407213831.361:2013</Value>
          <Value>systemMustContain:2013:1:55a73700-c891-46fd-8f5c-72bc827f2ef5:20160407213831.361:2013</Value>
          <Value>uSNChanged:2013:1:55a73700-c891-46fd-8f5c-72bc827f2ef5:20160407213831.361:2013</Value>
          <Value>uSNCreated:2013:1:55a73700-c891-46fd-8f5c-72bc827f2ef5:20160407213831.361:2013</Value>
        </AttributeMetadata>
      </ClassSchemaEntry>
      <ClassSchemaEntry>
        <Name>msWMI-Rule</Name>
        <AttributeMetadata>
          <Value>auxiliaryClass:1925:1:55a73700-c891-46fd-8f5c-72bc827f2ef5:20160407213831.210:1925</Value>
          <Value>cn:1925:1:55a73700-c891-46fd-8f5c-72bc827f2ef5:20160407213831.210:1925</Value>
          <Value>createTimeStamp:1925:1:55a73700-c891-46fd-8f5c-72bc827f2ef5:20160407213831.210:1925</Value>
          <Value>defaultObjectCategory:1925:1:55a73700-c891-46fd-8f5c-72bc827f2ef5:20160407213831.210:1925</Value>
          <Value>entryDN:1925:1:55a73700-c891-46fd-8f5c-72bc827f2ef5:20160407213831.210:1925</Value>
          <Value>governsID:1925:1:55a73700-c891-46fd-8f5c-72bc827f2ef5:20160407213831.210:1925</Value>
          <Value>modifyTimeStamp:1925:1:55a73700-c891-46fd-8f5c-72bc827f2ef5:20160407213831.210:1925</Value>
          <Value>objectClass:1925:1:55a73700-c891-46fd-8f5c-72bc827f2ef5:20160407213831.210:1925</Value>
          <Value>objectClassCategory:1925:1:55a73700-c891-46fd-8f5c-72bc827f2ef5:20160407213831.210:1925</Value>
          <Value>objectGUID:1925:1:55a73700-c891-46fd-8f5c-72bc827f2ef5:20160407213831.210:1925</Value>
          <Value>schemaIDGUID:1925:1:55a73700-c891-46fd-8f5c-72bc827f2ef5:20160407213831.210:1925</Value>
          <Value>subClassOf:1925:1:55a73700-c891-46fd-8f5c-72bc827f2ef5:20160407213831.210:1925</Value>
          <Value>systemMustContain:1925:1:55a73700-c891-46fd-8f5c-72bc827f2ef5:20160407213831.210:1925</Value>
          <Value>uSNChanged:1925:1:55a73700-c891-46fd-8f5c-72bc827f2ef5:20160407213831.210:1925</Value>
          <Value>uSNCreated:1925:1:55a73700-c891-46fd-8f5c-72bc827f2ef5:20160407213831.210:1925</Value>
        </AttributeMetadata>
      </ClassSchemaEntry>
      <ClassSchemaEntry>
        <Name>msWMI-ShadowObject</Name>
        <AttributeMetadata>
          <Value>auxiliaryClass:1885:1:55a73700-c891-46fd-8f5c-72bc827f2ef5:20160407213831.145:1885</Value>
          <Value>cn:1885:1:55a73700-c891-46fd-8f5c-72bc827f2ef5:20160407213831.145:1885</Value>
          <Value>createTimeStamp:1885:1:55a73700-c891-46fd-8f5c-72bc827f2ef5:20160407213831.145:1885</Value>
          <Value>defaultObjectCategory:1885:1:55a73700-c891-46fd-8f5c-72bc827f2ef5:20160407213831.145:1885</Value>
          <Value>entryDN:1885:1:55a73700-c891-46fd-8f5c-72bc827f2ef5:20160407213831.145:1885</Value>
          <Value>governsID:1885:1:55a73700-c891-46fd-8f5c-72bc827f2ef5:20160407213831.145:1885</Value>
          <Value>modifyTimeStamp:1885:1:55a73700-c891-46fd-8f5c-72bc827f2ef5:20160407213831.145:1885</Value>
          <Value>objectClass:1885:1:55a73700-c891-46fd-8f5c-72bc827f2ef5:20160407213831.145:1885</Value>
          <Value>objectClassCategory:1885:1:55a73700-c891-46fd-8f5c-72bc827f2ef5:20160407213831.145:1885</Value>
          <Value>objectGUID:1885:1:55a73700-c891-46fd-8f5c-72bc827f2ef5:20160407213831.145:1885</Value>
          <Value>schemaIDGUID:1885:1:55a73700-c891-46fd-8f5c-72bc827f2ef5:20160407213831.145:1885</Value>
          <Value>subClassOf:1885:1:55a73700-c891-46fd-8f5c-72bc827f2ef5:20160407213831.145:1885</Value>
          <Value>systemMustContain:1885:1:55a73700-c891-46fd-8f5c-72bc827f2ef5:20160407213831.145:1885</Value>
          <Value>uSNChanged:1885:1:55a73700-c891-46fd-8f5c-72bc827f2ef5:20160407213831.145:1885</Value>
          <Value>uSNCreated:1885:1:55a73700-c891-46fd-8f5c-72bc827f2ef5:20160407213831.145:1885</Value>
        </AttributeMetadata>
      </ClassSchemaEntry>
      <ClassSchemaEntry>
        <Name>msWMI-SimplePolicyTemplate</Name>
        <AttributeMetadata>
          <Value>auxiliaryClass:1768:1:55a73700-c891-46fd-8f5c-72bc827f2ef5:20160407213830.946:1768</Value>
          <Value>cn:1768:1:55a73700-c891-46fd-8f5c-72bc827f2ef5:20160407213830.946:1768</Value>
          <Value>createTimeStamp:1768:1:55a73700-c891-46fd-8f5c-72bc827f2ef5:20160407213830.946:1768</Value>
          <Value>defaultObjectCategory:1768:1:55a73700-c891-46fd-8f5c-72bc827f2ef5:20160407213830.946:1768</Value>
          <Value>entryDN:1768:1:55a73700-c891-46fd-8f5c-72bc827f2ef5:20160407213830.946:1768</Value>
          <Value>governsID:1768:1:55a73700-c891-46fd-8f5c-72bc827f2ef5:20160407213830.946:1768</Value>
          <Value>modifyTimeStamp:1768:1:55a73700-c891-46fd-8f5c-72bc827f2ef5:20160407213830.946:1768</Value>
          <Value>objectClass:1768:1:55a73700-c891-46fd-8f5c-72bc827f2ef5:20160407213830.946:1768</Value>
          <Value>objectClassCategory:1768:1:55a73700-c891-46fd-8f5c-72bc827f2ef5:20160407213830.946:1768</Value>
          <Value>objectGUID:1768:1:55a73700-c891-46fd-8f5c-72bc827f2ef5:20160407213830.946:1768</Value>
          <Value>schemaIDGUID:1768:1:55a73700-c891-46fd-8f5c-72bc827f2ef5:20160407213830.946:1768</Value>
          <Value>subClassOf:1768:1:55a73700-c891-46fd-8f5c-72bc827f2ef5:20160407213830.946:1768</Value>
          <Value>systemMustContain:1768:1:55a73700-c891-46fd-8f5c-72bc827f2ef5:20160407213830.946:1768</Value>
          <Value>uSNChanged:1768:1:55a73700-c891-46fd-8f5c-72bc827f2ef5:20160407213830.946:1768</Value>
          <Value>uSNCreated:1768:1:55a73700-c891-46fd-8f5c-72bc827f2ef5:20160407213830.946:1768</Value>
        </AttributeMetadata>
      </ClassSchemaEntry>
      <ClassSchemaEntry>
        <Name>msWMI-Som</Name>
        <AttributeMetadata>
          <Value>auxiliaryClass:1759:1:55a73700-c891-46fd-8f5c-72bc827f2ef5:20160407213830.927:1759</Value>
          <Value>cn:1759:1:55a73700-c891-46fd-8f5c-72bc827f2ef5:20160407213830.927:1759</Value>
          <Value>createTimeStamp:1759:1:55a73700-c891-46fd-8f5c-72bc827f2ef5:20160407213830.927:1759</Value>
          <Value>defaultObjectCategory:1759:1:55a73700-c891-46fd-8f5c-72bc827f2ef5:20160407213830.927:1759</Value>
          <Value>entryDN:1759:1:55a73700-c891-46fd-8f5c-72bc827f2ef5:20160407213830.927:1759</Value>
          <Value>governsID:1759:1:55a73700-c891-46fd-8f5c-72bc827f2ef5:20160407213830.927:1759</Value>
          <Value>modifyTimeStamp:1759:1:55a73700-c891-46fd-8f5c-72bc827f2ef5:20160407213830.927:1759</Value>
          <Value>objectClass:1759:1:55a73700-c891-46fd-8f5c-72bc827f2ef5:20160407213830.927:1759</Value>
          <Value>objectClassCategory:1759:1:55a73700-c891-46fd-8f5c-72bc827f2ef5:20160407213830.927:1759</Value>
          <Value>objectGUID:1759:1:55a73700-c891-46fd-8f5c-72bc827f2ef5:20160407213830.927:1759</Value>
          <Value>schemaIDGUID:1759:1:55a73700-c891-46fd-8f5c-72bc827f2ef5:20160407213830.927:1759</Value>
          <Value>subClassOf:1759:1:55a73700-c891-46fd-8f5c-72bc827f2ef5:20160407213830.927:1759</Value>
          <Value>systemMayContain:1759:1:55a73700-c891-46fd-8f5c-72bc827f2ef5:20160407213830.927:1759</Value>
          <Value>systemMustContain:1759:1:55a73700-c891-46fd-8f5c-72bc827f2ef5:20160407213830.927:1759</Value>
          <Value>uSNChanged:1759:1:55a73700-c891-46fd-8f5c-72bc827f2ef5:20160407213830.927:1759</Value>
          <Value>uSNCreated:1759:1:55a73700-c891-46fd-8f5c-72bc827f2ef5:20160407213830.927:1759</Value>
        </AttributeMetadata>
      </ClassSchemaEntry>
      <ClassSchemaEntry>
        <Name>msWMI-StringSetParam</Name>
        <AttributeMetadata>
          <Value>auxiliaryClass:1905:1:55a73700-c891-46fd-8f5c-72bc827f2ef5:20160407213831.176:1905</Value>
          <Value>cn:1905:1:55a73700-c891-46fd-8f5c-72bc827f2ef5:20160407213831.176:1905</Value>
          <Value>createTimeStamp:1905:1:55a73700-c891-46fd-8f5c-72bc827f2ef5:20160407213831.176:1905</Value>
          <Value>defaultObjectCategory:1905:1:55a73700-c891-46fd-8f5c-72bc827f2ef5:20160407213831.176:1905</Value>
          <Value>entryDN:1905:1:55a73700-c891-46fd-8f5c-72bc827f2ef5:20160407213831.176:1905</Value>
          <Value>governsID:1905:1:55a73700-c891-46fd-8f5c-72bc827f2ef5:20160407213831.176:1905</Value>
          <Value>modifyTimeStamp:1905:1:55a73700-c891-46fd-8f5c-72bc827f2ef5:20160407213831.176:1905</Value>
          <Value>objectClass:1905:1:55a73700-c891-46fd-8f5c-72bc827f2ef5:20160407213831.176:1905</Value>
          <Value>objectClassCategory:1905:1:55a73700-c891-46fd-8f5c-72bc827f2ef5:20160407213831.176:1905</Value>
          <Value>objectGUID:1905:1:55a73700-c891-46fd-8f5c-72bc827f2ef5:20160407213831.176:1905</Value>
          <Value>schemaIDGUID:1905:1:55a73700-c891-46fd-8f5c-72bc827f2ef5:20160407213831.176:1905</Value>
          <Value>subClassOf:1905:1:55a73700-c891-46fd-8f5c-72bc827f2ef5:20160407213831.176:1905</Value>
          <Value>systemMayContain:1905:1:55a73700-c891-46fd-8f5c-72bc827f2ef5:20160407213831.176:1905</Value>
          <Value>systemMustContain:1905:1:55a73700-c891-46fd-8f5c-72bc827f2ef5:20160407213831.176:1905</Value>
          <Value>uSNChanged:1905:1:55a73700-c891-46fd-8f5c-72bc827f2ef5:20160407213831.176:1905</Value>
          <Value>uSNCreated:1905:1:55a73700-c891-46fd-8f5c-72bc827f2ef5:20160407213831.176:1905</Value>
        </AttributeMetadata>
      </ClassSchemaEntry>
      <ClassSchemaEntry>
        <Name>msWMI-UintRangeParam</Name>
        <AttributeMetadata>
          <Value>auxiliaryClass:1933:1:55a73700-c891-46fd-8f5c-72bc827f2ef5:20160407213831.219:1933</Value>
          <Value>cn:1933:1:55a73700-c891-46fd-8f5c-72bc827f2ef5:20160407213831.219:1933</Value>
          <Value>createTimeStamp:1933:1:55a73700-c891-46fd-8f5c-72bc827f2ef5:20160407213831.219:1933</Value>
          <Value>defaultObjectCategory:1933:1:55a73700-c891-46fd-8f5c-72bc827f2ef5:20160407213831.219:1933</Value>
          <Value>entryDN:1933:1:55a73700-c891-46fd-8f5c-72bc827f2ef5:20160407213831.219:1933</Value>
          <Value>governsID:1933:1:55a73700-c891-46fd-8f5c-72bc827f2ef5:20160407213831.219:1933</Value>
          <Value>modifyTimeStamp:1933:1:55a73700-c891-46fd-8f5c-72bc827f2ef5:20160407213831.219:1933</Value>
          <Value>objectClass:1933:1:55a73700-c891-46fd-8f5c-72bc827f2ef5:20160407213831.219:1933</Value>
          <Value>objectClassCategory:1933:1:55a73700-c891-46fd-8f5c-72bc827f2ef5:20160407213831.219:1933</Value>
          <Value>objectGUID:1933:1:55a73700-c891-46fd-8f5c-72bc827f2ef5:20160407213831.219:1933</Value>
          <Value>schemaIDGUID:1933:1:55a73700-c891-46fd-8f5c-72bc827f2ef5:20160407213831.219:1933</Value>
          <Value>subClassOf:1933:1:55a73700-c891-46fd-8f5c-72bc827f2ef5:20160407213831.219:1933</Value>
          <Value>systemMayContain:1933:1:55a73700-c891-46fd-8f5c-72bc827f2ef5:20160407213831.219:1933</Value>
          <Value>systemMustContain:1933:1:55a73700-c891-46fd-8f5c-72bc827f2ef5:20160407213831.219:1933</Value>
          <Value>uSNChanged:1933:1:55a73700-c891-46fd-8f5c-72bc827f2ef5:20160407213831.219:1933</Value>
          <Value>uSNCreated:1933:1:55a73700-c891-46fd-8f5c-72bc827f2ef5:20160407213831.219:1933</Value>
        </AttributeMetadata>
      </ClassSchemaEntry>
      <ClassSchemaEntry>
        <Name>msWMI-UintSetParam</Name>
        <AttributeMetadata>
          <Value>auxiliaryClass:1830:1:55a73700-c891-46fd-8f5c-72bc827f2ef5:20160407213831.051:1830</Value>
          <Value>cn:1830:1:55a73700-c891-46fd-8f5c-72bc827f2ef5:20160407213831.051:1830</Value>
          <Value>createTimeStamp:1830:1:55a73700-c891-46fd-8f5c-72bc827f2ef5:20160407213831.051:1830</Value>
          <Value>defaultObjectCategory:1830:1:55a73700-c891-46fd-8f5c-72bc827f2ef5:20160407213831.051:1830</Value>
          <Value>entryDN:1830:1:55a73700-c891-46fd-8f5c-72bc827f2ef5:20160407213831.051:1830</Value>
          <Value>governsID:1830:1:55a73700-c891-46fd-8f5c-72bc827f2ef5:20160407213831.051:1830</Value>
          <Value>modifyTimeStamp:1830:1:55a73700-c891-46fd-8f5c-72bc827f2ef5:20160407213831.051:1830</Value>
          <Value>objectClass:1830:1:55a73700-c891-46fd-8f5c-72bc827f2ef5:20160407213831.051:1830</Value>
          <Value>objectClassCategory:1830:1:55a73700-c891-46fd-8f5c-72bc827f2ef5:20160407213831.051:1830</Value>
          <Value>objectGUID:1830:1:55a73700-c891-46fd-8f5c-72bc827f2ef5:20160407213831.051:1830</Value>
          <Value>schemaIDGUID:1830:1:55a73700-c891-46fd-8f5c-72bc827f2ef5:20160407213831.051:1830</Value>
          <Value>subClassOf:1830:1:55a73700-c891-46fd-8f5c-72bc827f2ef5:20160407213831.051:1830</Value>
          <Value>systemMayContain:1830:1:55a73700-c891-46fd-8f5c-72bc827f2ef5:20160407213831.051:1830</Value>
          <Value>systemMustContain:1830:1:55a73700-c891-46fd-8f5c-72bc827f2ef5:20160407213831.051:1830</Value>
          <Value>uSNChanged:1830:1:55a73700-c891-46fd-8f5c-72bc827f2ef5:20160407213831.051:1830</Value>
          <Value>uSNCreated:1830:1:55a73700-c891-46fd-8f5c-72bc827f2ef5:20160407213831.051:1830</Value>
        </AttributeMetadata>
      </ClassSchemaEntry>
      <ClassSchemaEntry>
        <Name>msWMI-UnknownRangeParam</Name>
        <AttributeMetadata>
          <Value>auxiliaryClass:1790:1:55a73700-c891-46fd-8f5c-72bc827f2ef5:20160407213830.981:1790</Value>
          <Value>cn:1790:1:55a73700-c891-46fd-8f5c-72bc827f2ef5:20160407213830.981:1790</Value>
          <Value>createTimeStamp:1790:1:55a73700-c891-46fd-8f5c-72bc827f2ef5:20160407213830.981:1790</Value>
          <Value>defaultObjectCategory:1790:1:55a73700-c891-46fd-8f5c-72bc827f2ef5:20160407213830.981:1790</Value>
          <Value>entryDN:1790:1:55a73700-c891-46fd-8f5c-72bc827f2ef5:20160407213830.981:1790</Value>
          <Value>governsID:1790:1:55a73700-c891-46fd-8f5c-72bc827f2ef5:20160407213830.981:1790</Value>
          <Value>modifyTimeStamp:1790:1:55a73700-c891-46fd-8f5c-72bc827f2ef5:20160407213830.981:1790</Value>
          <Value>objectClass:1790:1:55a73700-c891-46fd-8f5c-72bc827f2ef5:20160407213830.981:1790</Value>
          <Value>objectClassCategory:1790:1:55a73700-c891-46fd-8f5c-72bc827f2ef5:20160407213830.981:1790</Value>
          <Value>objectGUID:1790:1:55a73700-c891-46fd-8f5c-72bc827f2ef5:20160407213830.981:1790</Value>
          <Value>schemaIDGUID:1790:1:55a73700-c891-46fd-8f5c-72bc827f2ef5:20160407213830.981:1790</Value>
          <Value>subClassOf:1790:1:55a73700-c891-46fd-8f5c-72bc827f2ef5:20160407213830.981:1790</Value>
          <Value>systemMustContain:1790:1:55a73700-c891-46fd-8f5c-72bc827f2ef5:20160407213830.981:1790</Value>
          <Value>uSNChanged:1790:1:55a73700-c891-46fd-8f5c-72bc827f2ef5:20160407213830.981:1790</Value>
          <Value>uSNCreated:1790:1:55a73700-c891-46fd-8f5c-72bc827f2ef5:20160407213830.981:1790</Value>
        </AttributeMetadata>
      </ClassSchemaEntry>
      <ClassSchemaEntry>
        <Name>msWMI-WMIGPO</Name>
        <AttributeMetadata>
          <Value>auxiliaryClass:2018:1:55a73700-c891-46fd-8f5c-72bc827f2ef5:20160407213831.367:2018</Value>
          <Value>cn:2018:1:55a73700-c891-46fd-8f5c-72bc827f2ef5:20160407213831.367:2018</Value>
          <Value>createTimeStamp:2018:1:55a73700-c891-46fd-8f5c-72bc827f2ef5:20160407213831.367:2018</Value>
          <Value>defaultObjectCategory:2018:1:55a73700-c891-46fd-8f5c-72bc827f2ef5:20160407213831.367:2018</Value>
          <Value>entryDN:2018:1:55a73700-c891-46fd-8f5c-72bc827f2ef5:20160407213831.367:2018</Value>
          <Value>governsID:2018:1:55a73700-c891-46fd-8f5c-72bc827f2ef5:20160407213831.367:2018</Value>
          <Value>modifyTimeStamp:2018:1:55a73700-c891-46fd-8f5c-72bc827f2ef5:20160407213831.367:2018</Value>
          <Value>objectClass:2018:1:55a73700-c891-46fd-8f5c-72bc827f2ef5:20160407213831.367:2018</Value>
          <Value>objectClassCategory:2018:1:55a73700-c891-46fd-8f5c-72bc827f2ef5:20160407213831.367:2018</Value>
          <Value>objectGUID:2018:1:55a73700-c891-46fd-8f5c-72bc827f2ef5:20160407213831.367:2018</Value>
          <Value>schemaIDGUID:2018:1:55a73700-c891-46fd-8f5c-72bc827f2ef5:20160407213831.367:2018</Value>
          <Value>subClassOf:2018:1:55a73700-c891-46fd-8f5c-72bc827f2ef5:20160407213831.367:2018</Value>
          <Value>systemMayContain:2018:1:55a73700-c891-46fd-8f5c-72bc827f2ef5:20160407213831.367:2018</Value>
          <Value>systemMustContain:2018:1:55a73700-c891-46fd-8f5c-72bc827f2ef5:20160407213831.367:2018</Value>
          <Value>uSNChanged:2018:1:55a73700-c891-46fd-8f5c-72bc827f2ef5:20160407213831.367:2018</Value>
          <Value>uSNCreated:2018:1:55a73700-c891-46fd-8f5c-72bc827f2ef5:20160407213831.367:2018</Value>
        </AttributeMetadata>
      </ClassSchemaEntry>
      <ClassSchemaEntry>
        <Name>nisMap</Name>
        <AttributeMetadata>
          <Value>auxiliaryClass:1932:1:55a73700-c891-46fd-8f5c-72bc827f2ef5:20160407213831.218:1932</Value>
          <Value>cn:1932:1:55a73700-c891-46fd-8f5c-72bc827f2ef5:20160407213831.218:1932</Value>
          <Value>createTimeStamp:1932:1:55a73700-c891-46fd-8f5c-72bc827f2ef5:20160407213831.218:1932</Value>
          <Value>defaultObjectCategory:1932:1:55a73700-c891-46fd-8f5c-72bc827f2ef5:20160407213831.218:1932</Value>
          <Value>entryDN:1932:1:55a73700-c891-46fd-8f5c-72bc827f2ef5:20160407213831.218:1932</Value>
          <Value>governsID:1932:1:55a73700-c891-46fd-8f5c-72bc827f2ef5:20160407213831.218:1932</Value>
          <Value>modifyTimeStamp:1932:1:55a73700-c891-46fd-8f5c-72bc827f2ef5:20160407213831.218:1932</Value>
          <Value>objectClass:1932:1:55a73700-c891-46fd-8f5c-72bc827f2ef5:20160407213831.218:1932</Value>
          <Value>objectClassCategory:1932:1:55a73700-c891-46fd-8f5c-72bc827f2ef5:20160407213831.218:1932</Value>
          <Value>objectGUID:1932:1:55a73700-c891-46fd-8f5c-72bc827f2ef5:20160407213831.218:1932</Value>
          <Value>schemaIDGUID:1932:1:55a73700-c891-46fd-8f5c-72bc827f2ef5:20160407213831.218:1932</Value>
          <Value>subClassOf:1932:1:55a73700-c891-46fd-8f5c-72bc827f2ef5:20160407213831.218:1932</Value>
          <Value>systemMayContain:1932:1:55a73700-c891-46fd-8f5c-72bc827f2ef5:20160407213831.218:1932</Value>
          <Value>systemMustContain:1932:1:55a73700-c891-46fd-8f5c-72bc827f2ef5:20160407213831.218:1932</Value>
          <Value>uSNChanged:1932:1:55a73700-c891-46fd-8f5c-72bc827f2ef5:20160407213831.218:1932</Value>
          <Value>uSNCreated:1932:1:55a73700-c891-46fd-8f5c-72bc827f2ef5:20160407213831.218:1932</Value>
        </AttributeMetadata>
      </ClassSchemaEntry>
      <ClassSchemaEntry>
        <Name>nisNetgroup</Name>
        <AttributeMetadata>
          <Value>auxiliaryClass:2026:1:55a73700-c891-46fd-8f5c-72bc827f2ef5:20160407213831.385:2026</Value>
          <Value>cn:2026:1:55a73700-c891-46fd-8f5c-72bc827f2ef5:20160407213831.385:2026</Value>
          <Value>createTimeStamp:2026:1:55a73700-c891-46fd-8f5c-72bc827f2ef5:20160407213831.385:2026</Value>
          <Value>defaultObjectCategory:2026:1:55a73700-c891-46fd-8f5c-72bc827f2ef5:20160407213831.385:2026</Value>
          <Value>entryDN:2026:1:55a73700-c891-46fd-8f5c-72bc827f2ef5:20160407213831.385:2026</Value>
          <Value>governsID:2026:1:55a73700-c891-46fd-8f5c-72bc827f2ef5:20160407213831.385:2026</Value>
          <Value>modifyTimeStamp:2026:1:55a73700-c891-46fd-8f5c-72bc827f2ef5:20160407213831.385:2026</Value>
          <Value>objectClass:2026:1:55a73700-c891-46fd-8f5c-72bc827f2ef5:20160407213831.385:2026</Value>
          <Value>objectClassCategory:2026:1:55a73700-c891-46fd-8f5c-72bc827f2ef5:20160407213831.385:2026</Value>
          <Value>objectGUID:2026:1:55a73700-c891-46fd-8f5c-72bc827f2ef5:20160407213831.385:2026</Value>
          <Value>schemaIDGUID:2026:1:55a73700-c891-46fd-8f5c-72bc827f2ef5:20160407213831.385:2026</Value>
          <Value>subClassOf:2026:1:55a73700-c891-46fd-8f5c-72bc827f2ef5:20160407213831.385:2026</Value>
          <Value>systemMayContain:2026:1:55a73700-c891-46fd-8f5c-72bc827f2ef5:20160407213831.385:2026</Value>
          <Value>systemMustContain:2026:1:55a73700-c891-46fd-8f5c-72bc827f2ef5:20160407213831.385:2026</Value>
          <Value>uSNChanged:2026:1:55a73700-c891-46fd-8f5c-72bc827f2ef5:20160407213831.385:2026</Value>
          <Value>uSNCreated:2026:1:55a73700-c891-46fd-8f5c-72bc827f2ef5:20160407213831.385:2026</Value>
        </AttributeMetadata>
      </ClassSchemaEntry>
      <ClassSchemaEntry>
        <Name>nisObject</Name>
        <AttributeMetadata>
          <Value>auxiliaryClass:1789:1:55a73700-c891-46fd-8f5c-72bc827f2ef5:20160407213830.980:1789</Value>
          <Value>cn:1789:1:55a73700-c891-46fd-8f5c-72bc827f2ef5:20160407213830.980:1789</Value>
          <Value>createTimeStamp:1789:1:55a73700-c891-46fd-8f5c-72bc827f2ef5:20160407213830.980:1789</Value>
          <Value>defaultObjectCategory:1789:1:55a73700-c891-46fd-8f5c-72bc827f2ef5:20160407213830.980:1789</Value>
          <Value>entryDN:1789:1:55a73700-c891-46fd-8f5c-72bc827f2ef5:20160407213830.980:1789</Value>
          <Value>governsID:1789:1:55a73700-c891-46fd-8f5c-72bc827f2ef5:20160407213830.980:1789</Value>
          <Value>modifyTimeStamp:1789:1:55a73700-c891-46fd-8f5c-72bc827f2ef5:20160407213830.980:1789</Value>
          <Value>objectClass:1789:1:55a73700-c891-46fd-8f5c-72bc827f2ef5:20160407213830.980:1789</Value>
          <Value>objectClassCategory:1789:1:55a73700-c891-46fd-8f5c-72bc827f2ef5:20160407213830.980:1789</Value>
          <Value>objectGUID:1789:1:55a73700-c891-46fd-8f5c-72bc827f2ef5:20160407213830.980:1789</Value>
          <Value>schemaIDGUID:1789:1:55a73700-c891-46fd-8f5c-72bc827f2ef5:20160407213830.980:1789</Value>
          <Value>subClassOf:1789:1:55a73700-c891-46fd-8f5c-72bc827f2ef5:20160407213830.980:1789</Value>
          <Value>systemMayContain:1789:1:55a73700-c891-46fd-8f5c-72bc827f2ef5:20160407213830.980:1789</Value>
          <Value>systemMustContain:1789:1:55a73700-c891-46fd-8f5c-72bc827f2ef5:20160407213830.980:1789</Value>
          <Value>uSNChanged:1789:1:55a73700-c891-46fd-8f5c-72bc827f2ef5:20160407213830.980:1789</Value>
          <Value>uSNCreated:1789:1:55a73700-c891-46fd-8f5c-72bc827f2ef5:20160407213830.980:1789</Value>
        </AttributeMetadata>
      </ClassSchemaEntry>
      <ClassSchemaEntry>
        <Name>nTDSConnection</Name>
        <AttributeMetadata>
          <Value>auxiliaryClass:2019:1:55a73700-c891-46fd-8f5c-72bc827f2ef5:20160407213831.368:2019</Value>
          <Value>cn:2019:1:55a73700-c891-46fd-8f5c-72bc827f2ef5:20160407213831.368:2019</Value>
          <Value>createTimeStamp:2019:1:55a73700-c891-46fd-8f5c-72bc827f2ef5:20160407213831.368:2019</Value>
          <Value>defaultObjectCategory:2019:1:55a73700-c891-46fd-8f5c-72bc827f2ef5:20160407213831.368:2019</Value>
          <Value>entryDN:2019:1:55a73700-c891-46fd-8f5c-72bc827f2ef5:20160407213831.368:2019</Value>
          <Value>governsID:2019:1:55a73700-c891-46fd-8f5c-72bc827f2ef5:20160407213831.368:2019</Value>
          <Value>modifyTimeStamp:2019:1:55a73700-c891-46fd-8f5c-72bc827f2ef5:20160407213831.368:2019</Value>
          <Value>objectClass:2019:1:55a73700-c891-46fd-8f5c-72bc827f2ef5:20160407213831.368:2019</Value>
          <Value>objectClassCategory:2019:1:55a73700-c891-46fd-8f5c-72bc827f2ef5:20160407213831.368:2019</Value>
          <Value>objectGUID:2019:1:55a73700-c891-46fd-8f5c-72bc827f2ef5:20160407213831.368:2019</Value>
          <Value>schemaIDGUID:2019:1:55a73700-c891-46fd-8f5c-72bc827f2ef5:20160407213831.368:2019</Value>
          <Value>subClassOf:2019:1:55a73700-c891-46fd-8f5c-72bc827f2ef5:20160407213831.368:2019</Value>
          <Value>systemMayContain:2019:1:55a73700-c891-46fd-8f5c-72bc827f2ef5:20160407213831.368:2019</Value>
          <Value>systemMustContain:2019:1:55a73700-c891-46fd-8f5c-72bc827f2ef5:20160407213831.368:2019</Value>
          <Value>uSNChanged:2019:1:55a73700-c891-46fd-8f5c-72bc827f2ef5:20160407213831.368:2019</Value>
          <Value>uSNCreated:2019:1:55a73700-c891-46fd-8f5c-72bc827f2ef5:20160407213831.368:2019</Value>
        </AttributeMetadata>
      </ClassSchemaEntry>
      <ClassSchemaEntry>
        <Name>nTDSDSA</Name>
        <AttributeMetadata>
          <Value>auxiliaryClass:1944:1:55a73700-c891-46fd-8f5c-72bc827f2ef5:20160407213831.243:1944</Value>
          <Value>cn:1944:1:55a73700-c891-46fd-8f5c-72bc827f2ef5:20160407213831.243:1944</Value>
          <Value>createTimeStamp:1944:1:55a73700-c891-46fd-8f5c-72bc827f2ef5:20160407213831.243:1944</Value>
          <Value>defaultObjectCategory:1944:1:55a73700-c891-46fd-8f5c-72bc827f2ef5:20160407213831.243:1944</Value>
          <Value>entryDN:1944:1:55a73700-c891-46fd-8f5c-72bc827f2ef5:20160407213831.243:1944</Value>
          <Value>governsID:1944:1:55a73700-c891-46fd-8f5c-72bc827f2ef5:20160407213831.243:1944</Value>
          <Value>modifyTimeStamp:1944:1:55a73700-c891-46fd-8f5c-72bc827f2ef5:20160407213831.243:1944</Value>
          <Value>objectClass:1944:1:55a73700-c891-46fd-8f5c-72bc827f2ef5:20160407213831.243:1944</Value>
          <Value>objectClassCategory:1944:1:55a73700-c891-46fd-8f5c-72bc827f2ef5:20160407213831.243:1944</Value>
          <Value>objectGUID:1944:1:55a73700-c891-46fd-8f5c-72bc827f2ef5:20160407213831.243:1944</Value>
          <Value>schemaIDGUID:1944:1:55a73700-c891-46fd-8f5c-72bc827f2ef5:20160407213831.243:1944</Value>
          <Value>subClassOf:1944:1:55a73700-c891-46fd-8f5c-72bc827f2ef5:20160407213831.243:1944</Value>
          <Value>systemMayContain:1944:1:55a73700-c891-46fd-8f5c-72bc827f2ef5:20160407213831.243:1944</Value>
          <Value>uSNChanged:1944:1:55a73700-c891-46fd-8f5c-72bc827f2ef5:20160407213831.243:1944</Value>
          <Value>uSNCreated:1944:1:55a73700-c891-46fd-8f5c-72bc827f2ef5:20160407213831.243:1944</Value>
        </AttributeMetadata>
      </ClassSchemaEntry>
      <ClassSchemaEntry>
        <Name>nTDSDSARO</Name>
        <AttributeMetadata>
          <Value>auxiliaryClass:1861:1:55a73700-c891-46fd-8f5c-72bc827f2ef5:20160407213831.100:1861</Value>
          <Value>cn:1861:1:55a73700-c891-46fd-8f5c-72bc827f2ef5:20160407213831.100:1861</Value>
          <Value>createTimeStamp:1861:1:55a73700-c891-46fd-8f5c-72bc827f2ef5:20160407213831.100:1861</Value>
          <Value>defaultObjectCategory:1861:1:55a73700-c891-46fd-8f5c-72bc827f2ef5:20160407213831.100:1861</Value>
          <Value>entryDN:1861:1:55a73700-c891-46fd-8f5c-72bc827f2ef5:20160407213831.100:1861</Value>
          <Value>governsID:1861:1:55a73700-c891-46fd-8f5c-72bc827f2ef5:20160407213831.100:1861</Value>
          <Value>modifyTimeStamp:1861:1:55a73700-c891-46fd-8f5c-72bc827f2ef5:20160407213831.100:1861</Value>
          <Value>objectClass:1861:1:55a73700-c891-46fd-8f5c-72bc827f2ef5:20160407213831.100:1861</Value>
          <Value>objectClassCategory:1861:1:55a73700-c891-46fd-8f5c-72bc827f2ef5:20160407213831.100:1861</Value>
          <Value>objectGUID:1861:1:55a73700-c891-46fd-8f5c-72bc827f2ef5:20160407213831.100:1861</Value>
          <Value>schemaIDGUID:1861:1:55a73700-c891-46fd-8f5c-72bc827f2ef5:20160407213831.100:1861</Value>
          <Value>subClassOf:1861:1:55a73700-c891-46fd-8f5c-72bc827f2ef5:20160407213831.100:1861</Value>
          <Value>uSNChanged:1861:1:55a73700-c891-46fd-8f5c-72bc827f2ef5:20160407213831.100:1861</Value>
          <Value>uSNCreated:1861:1:55a73700-c891-46fd-8f5c-72bc827f2ef5:20160407213831.100:1861</Value>
        </AttributeMetadata>
      </ClassSchemaEntry>
      <ClassSchemaEntry>
        <Name>nTDSService</Name>
        <AttributeMetadata>
          <Value>auxiliaryClass:1809:1:55a73700-c891-46fd-8f5c-72bc827f2ef5:20160407213831.013:1809</Value>
          <Value>cn:1809:1:55a73700-c891-46fd-8f5c-72bc827f2ef5:20160407213831.013:1809</Value>
          <Value>createTimeStamp:1809:1:55a73700-c891-46fd-8f5c-72bc827f2ef5:20160407213831.013:1809</Value>
          <Value>defaultObjectCategory:1809:1:55a73700-c891-46fd-8f5c-72bc827f2ef5:20160407213831.013:1809</Value>
          <Value>entryDN:1809:1:55a73700-c891-46fd-8f5c-72bc827f2ef5:20160407213831.013:1809</Value>
          <Value>governsID:1809:1:55a73700-c891-46fd-8f5c-72bc827f2ef5:20160407213831.013:1809</Value>
          <Value>modifyTimeStamp:1809:1:55a73700-c891-46fd-8f5c-72bc827f2ef5:20160407213831.013:1809</Value>
          <Value>objectClass:1809:1:55a73700-c891-46fd-8f5c-72bc827f2ef5:20160407213831.013:1809</Value>
          <Value>objectClassCategory:1809:1:55a73700-c891-46fd-8f5c-72bc827f2ef5:20160407213831.013:1809</Value>
          <Value>objectGUID:1809:1:55a73700-c891-46fd-8f5c-72bc827f2ef5:20160407213831.013:1809</Value>
          <Value>schemaIDGUID:1809:1:55a73700-c891-46fd-8f5c-72bc827f2ef5:20160407213831.013:1809</Value>
          <Value>subClassOf:1809:1:55a73700-c891-46fd-8f5c-72bc827f2ef5:20160407213831.013:1809</Value>
          <Value>systemMayContain:1809:1:55a73700-c891-46fd-8f5c-72bc827f2ef5:20160407213831.013:1809</Value>
          <Value>uSNChanged:1809:1:55a73700-c891-46fd-8f5c-72bc827f2ef5:20160407213831.013:1809</Value>
          <Value>uSNCreated:1809:1:55a73700-c891-46fd-8f5c-72bc827f2ef5:20160407213831.013:1809</Value>
        </AttributeMetadata>
      </ClassSchemaEntry>
      <ClassSchemaEntry>
        <Name>nTDSSiteSettings</Name>
        <AttributeMetadata>
          <Value>auxiliaryClass:1782:1:55a73700-c891-46fd-8f5c-72bc827f2ef5:20160407213830.973:1782</Value>
          <Value>cn:1782:1:55a73700-c891-46fd-8f5c-72bc827f2ef5:20160407213830.973:1782</Value>
          <Value>createTimeStamp:1782:1:55a73700-c891-46fd-8f5c-72bc827f2ef5:20160407213830.973:1782</Value>
          <Value>defaultObjectCategory:1782:1:55a73700-c891-46fd-8f5c-72bc827f2ef5:20160407213830.973:1782</Value>
          <Value>entryDN:1782:1:55a73700-c891-46fd-8f5c-72bc827f2ef5:20160407213830.973:1782</Value>
          <Value>governsID:1782:1:55a73700-c891-46fd-8f5c-72bc827f2ef5:20160407213830.973:1782</Value>
          <Value>modifyTimeStamp:1782:1:55a73700-c891-46fd-8f5c-72bc827f2ef5:20160407213830.973:1782</Value>
          <Value>objectClass:1782:1:55a73700-c891-46fd-8f5c-72bc827f2ef5:20160407213830.973:1782</Value>
          <Value>objectClassCategory:1782:1:55a73700-c891-46fd-8f5c-72bc827f2ef5:20160407213830.973:1782</Value>
          <Value>objectGUID:1782:1:55a73700-c891-46fd-8f5c-72bc827f2ef5:20160407213830.973:1782</Value>
          <Value>schemaIDGUID:1782:1:55a73700-c891-46fd-8f5c-72bc827f2ef5:20160407213830.973:1782</Value>
          <Value>subClassOf:1782:1:55a73700-c891-46fd-8f5c-72bc827f2ef5:20160407213830.973:1782</Value>
          <Value>systemMayContain:1782:1:55a73700-c891-46fd-8f5c-72bc827f2ef5:20160407213830.973:1782</Value>
          <Value>uSNChanged:1782:1:55a73700-c891-46fd-8f5c-72bc827f2ef5:20160407213830.973:1782</Value>
          <Value>uSNCreated:1782:1:55a73700-c891-46fd-8f5c-72bc827f2ef5:20160407213830.973:1782</Value>
        </AttributeMetadata>
      </ClassSchemaEntry>
      <ClassSchemaEntry>
        <Name>nTFRSMember</Name>
        <AttributeMetadata>
          <Value>auxiliaryClass:1884:1:55a73700-c891-46fd-8f5c-72bc827f2ef5:20160407213831.143:1884</Value>
          <Value>cn:1884:1:55a73700-c891-46fd-8f5c-72bc827f2ef5:20160407213831.143:1884</Value>
          <Value>createTimeStamp:1884:1:55a73700-c891-46fd-8f5c-72bc827f2ef5:20160407213831.143:1884</Value>
          <Value>defaultObjectCategory:1884:1:55a73700-c891-46fd-8f5c-72bc827f2ef5:20160407213831.143:1884</Value>
          <Value>entryDN:1884:1:55a73700-c891-46fd-8f5c-72bc827f2ef5:20160407213831.143:1884</Value>
          <Value>governsID:1884:1:55a73700-c891-46fd-8f5c-72bc827f2ef5:20160407213831.143:1884</Value>
          <Value>modifyTimeStamp:1884:1:55a73700-c891-46fd-8f5c-72bc827f2ef5:20160407213831.143:1884</Value>
          <Value>objectClass:1884:1:55a73700-c891-46fd-8f5c-72bc827f2ef5:20160407213831.143:1884</Value>
          <Value>objectClassCategory:1884:1:55a73700-c891-46fd-8f5c-72bc827f2ef5:20160407213831.143:1884</Value>
          <Value>objectGUID:1884:1:55a73700-c891-46fd-8f5c-72bc827f2ef5:20160407213831.143:1884</Value>
          <Value>schemaIDGUID:1884:1:55a73700-c891-46fd-8f5c-72bc827f2ef5:20160407213831.143:1884</Value>
          <Value>subClassOf:1884:1:55a73700-c891-46fd-8f5c-72bc827f2ef5:20160407213831.143:1884</Value>
          <Value>systemMayContain:1884:1:55a73700-c891-46fd-8f5c-72bc827f2ef5:20160407213831.143:1884</Value>
          <Value>uSNChanged:1884:1:55a73700-c891-46fd-8f5c-72bc827f2ef5:20160407213831.143:1884</Value>
          <Value>uSNCreated:1884:1:55a73700-c891-46fd-8f5c-72bc827f2ef5:20160407213831.143:1884</Value>
        </AttributeMetadata>
      </ClassSchemaEntry>
      <ClassSchemaEntry>
        <Name>nTFRSReplicaSet</Name>
        <AttributeMetadata>
          <Value>auxiliaryClass:1834:1:55a73700-c891-46fd-8f5c-72bc827f2ef5:20160407213831.059:1834</Value>
          <Value>cn:1834:1:55a73700-c891-46fd-8f5c-72bc827f2ef5:20160407213831.059:1834</Value>
          <Value>createTimeStamp:1834:1:55a73700-c891-46fd-8f5c-72bc827f2ef5:20160407213831.059:1834</Value>
          <Value>defaultObjectCategory:1834:1:55a73700-c891-46fd-8f5c-72bc827f2ef5:20160407213831.059:1834</Value>
          <Value>entryDN:1834:1:55a73700-c891-46fd-8f5c-72bc827f2ef5:20160407213831.059:1834</Value>
          <Value>governsID:1834:1:55a73700-c891-46fd-8f5c-72bc827f2ef5:20160407213831.059:1834</Value>
          <Value>modifyTimeStamp:1834:1:55a73700-c891-46fd-8f5c-72bc827f2ef5:20160407213831.059:1834</Value>
          <Value>objectClass:1834:1:55a73700-c891-46fd-8f5c-72bc827f2ef5:20160407213831.059:1834</Value>
          <Value>objectClassCategory:1834:1:55a73700-c891-46fd-8f5c-72bc827f2ef5:20160407213831.059:1834</Value>
          <Value>objectGUID:1834:1:55a73700-c891-46fd-8f5c-72bc827f2ef5:20160407213831.059:1834</Value>
          <Value>schemaIDGUID:1834:1:55a73700-c891-46fd-8f5c-72bc827f2ef5:20160407213831.059:1834</Value>
          <Value>subClassOf:1834:1:55a73700-c891-46fd-8f5c-72bc827f2ef5:20160407213831.059:1834</Value>
          <Value>systemMayContain:1834:1:55a73700-c891-46fd-8f5c-72bc827f2ef5:20160407213831.059:1834</Value>
          <Value>uSNChanged:1834:1:55a73700-c891-46fd-8f5c-72bc827f2ef5:20160407213831.059:1834</Value>
          <Value>uSNCreated:1834:1:55a73700-c891-46fd-8f5c-72bc827f2ef5:20160407213831.059:1834</Value>
        </AttributeMetadata>
      </ClassSchemaEntry>
      <ClassSchemaEntry>
        <Name>nTFRSSettings</Name>
        <AttributeMetadata>
          <Value>auxiliaryClass:2049:1:55a73700-c891-46fd-8f5c-72bc827f2ef5:20160407213831.422:2049</Value>
          <Value>cn:2049:1:55a73700-c891-46fd-8f5c-72bc827f2ef5:20160407213831.422:2049</Value>
          <Value>createTimeStamp:2049:1:55a73700-c891-46fd-8f5c-72bc827f2ef5:20160407213831.422:2049</Value>
          <Value>defaultObjectCategory:2049:1:55a73700-c891-46fd-8f5c-72bc827f2ef5:20160407213831.422:2049</Value>
          <Value>entryDN:2049:1:55a73700-c891-46fd-8f5c-72bc827f2ef5:20160407213831.422:2049</Value>
          <Value>governsID:2049:1:55a73700-c891-46fd-8f5c-72bc827f2ef5:20160407213831.422:2049</Value>
          <Value>modifyTimeStamp:2049:1:55a73700-c891-46fd-8f5c-72bc827f2ef5:20160407213831.422:2049</Value>
          <Value>objectClass:2049:1:55a73700-c891-46fd-8f5c-72bc827f2ef5:20160407213831.422:2049</Value>
          <Value>objectClassCategory:2049:1:55a73700-c891-46fd-8f5c-72bc827f2ef5:20160407213831.422:2049</Value>
          <Value>objectGUID:2049:1:55a73700-c891-46fd-8f5c-72bc827f2ef5:20160407213831.422:2049</Value>
          <Value>schemaIDGUID:2049:1:55a73700-c891-46fd-8f5c-72bc827f2ef5:20160407213831.422:2049</Value>
          <Value>subClassOf:2049:1:55a73700-c891-46fd-8f5c-72bc827f2ef5:20160407213831.422:2049</Value>
          <Value>systemMayContain:2049:1:55a73700-c891-46fd-8f5c-72bc827f2ef5:20160407213831.422:2049</Value>
          <Value>uSNChanged:2049:1:55a73700-c891-46fd-8f5c-72bc827f2ef5:20160407213831.422:2049</Value>
          <Value>uSNCreated:2049:1:55a73700-c891-46fd-8f5c-72bc827f2ef5:20160407213831.422:2049</Value>
        </AttributeMetadata>
      </ClassSchemaEntry>
      <ClassSchemaEntry>
        <Name>nTFRSSubscriber</Name>
        <AttributeMetadata>
          <Value>auxiliaryClass:1973:1:55a73700-c891-46fd-8f5c-72bc827f2ef5:20160407213831.296:1973</Value>
          <Value>cn:1973:1:55a73700-c891-46fd-8f5c-72bc827f2ef5:20160407213831.296:1973</Value>
          <Value>createTimeStamp:1973:1:55a73700-c891-46fd-8f5c-72bc827f2ef5:20160407213831.296:1973</Value>
          <Value>defaultObjectCategory:1973:1:55a73700-c891-46fd-8f5c-72bc827f2ef5:20160407213831.296:1973</Value>
          <Value>entryDN:1973:1:55a73700-c891-46fd-8f5c-72bc827f2ef5:20160407213831.296:1973</Value>
          <Value>governsID:1973:1:55a73700-c891-46fd-8f5c-72bc827f2ef5:20160407213831.296:1973</Value>
          <Value>modifyTimeStamp:1973:1:55a73700-c891-46fd-8f5c-72bc827f2ef5:20160407213831.296:1973</Value>
          <Value>objectClass:1973:1:55a73700-c891-46fd-8f5c-72bc827f2ef5:20160407213831.296:1973</Value>
          <Value>objectClassCategory:1973:1:55a73700-c891-46fd-8f5c-72bc827f2ef5:20160407213831.296:1973</Value>
          <Value>objectGUID:1973:1:55a73700-c891-46fd-8f5c-72bc827f2ef5:20160407213831.296:1973</Value>
          <Value>schemaIDGUID:1973:1:55a73700-c891-46fd-8f5c-72bc827f2ef5:20160407213831.296:1973</Value>
          <Value>subClassOf:1973:1:55a73700-c891-46fd-8f5c-72bc827f2ef5:20160407213831.296:1973</Value>
          <Value>systemMayContain:1973:1:55a73700-c891-46fd-8f5c-72bc827f2ef5:20160407213831.296:1973</Value>
          <Value>systemMustContain:1973:1:55a73700-c891-46fd-8f5c-72bc827f2ef5:20160407213831.296:1973</Value>
          <Value>uSNChanged:1973:1:55a73700-c891-46fd-8f5c-72bc827f2ef5:20160407213831.296:1973</Value>
          <Value>uSNCreated:1973:1:55a73700-c891-46fd-8f5c-72bc827f2ef5:20160407213831.296:1973</Value>
        </AttributeMetadata>
      </ClassSchemaEntry>
      <ClassSchemaEntry>
        <Name>nTFRSSubscriptions</Name>
        <AttributeMetadata>
          <Value>auxiliaryClass:2059:1:55a73700-c891-46fd-8f5c-72bc827f2ef5:20160407213831.442:2059</Value>
          <Value>cn:2059:1:55a73700-c891-46fd-8f5c-72bc827f2ef5:20160407213831.442:2059</Value>
          <Value>createTimeStamp:2059:1:55a73700-c891-46fd-8f5c-72bc827f2ef5:20160407213831.442:2059</Value>
          <Value>defaultObjectCategory:2059:1:55a73700-c891-46fd-8f5c-72bc827f2ef5:20160407213831.442:2059</Value>
          <Value>entryDN:2059:1:55a73700-c891-46fd-8f5c-72bc827f2ef5:20160407213831.442:2059</Value>
          <Value>governsID:2059:1:55a73700-c891-46fd-8f5c-72bc827f2ef5:20160407213831.442:2059</Value>
          <Value>modifyTimeStamp:2059:1:55a73700-c891-46fd-8f5c-72bc827f2ef5:20160407213831.442:2059</Value>
          <Value>objectClass:2059:1:55a73700-c891-46fd-8f5c-72bc827f2ef5:20160407213831.442:2059</Value>
          <Value>objectClassCategory:2059:1:55a73700-c891-46fd-8f5c-72bc827f2ef5:20160407213831.442:2059</Value>
          <Value>objectGUID:2059:1:55a73700-c891-46fd-8f5c-72bc827f2ef5:20160407213831.442:2059</Value>
          <Value>schemaIDGUID:2059:1:55a73700-c891-46fd-8f5c-72bc827f2ef5:20160407213831.442:2059</Value>
          <Value>subClassOf:2059:1:55a73700-c891-46fd-8f5c-72bc827f2ef5:20160407213831.442:2059</Value>
          <Value>systemMayContain:2059:1:55a73700-c891-46fd-8f5c-72bc827f2ef5:20160407213831.442:2059</Value>
          <Value>uSNChanged:2059:1:55a73700-c891-46fd-8f5c-72bc827f2ef5:20160407213831.442:2059</Value>
          <Value>uSNCreated:2059:1:55a73700-c891-46fd-8f5c-72bc827f2ef5:20160407213831.442:2059</Value>
        </AttributeMetadata>
      </ClassSchemaEntry>
      <ClassSchemaEntry>
        <Name>oncRpc</Name>
        <AttributeMetadata>
          <Value>auxiliaryClass:1867:1:55a73700-c891-46fd-8f5c-72bc827f2ef5:20160407213831.115:1867</Value>
          <Value>cn:1867:1:55a73700-c891-46fd-8f5c-72bc827f2ef5:20160407213831.115:1867</Value>
          <Value>createTimeStamp:1867:1:55a73700-c891-46fd-8f5c-72bc827f2ef5:20160407213831.115:1867</Value>
          <Value>defaultObjectCategory:1867:1:55a73700-c891-46fd-8f5c-72bc827f2ef5:20160407213831.115:1867</Value>
          <Value>entryDN:1867:1:55a73700-c891-46fd-8f5c-72bc827f2ef5:20160407213831.115:1867</Value>
          <Value>governsID:1867:1:55a73700-c891-46fd-8f5c-72bc827f2ef5:20160407213831.115:1867</Value>
          <Value>modifyTimeStamp:1867:1:55a73700-c891-46fd-8f5c-72bc827f2ef5:20160407213831.115:1867</Value>
          <Value>objectClass:1867:1:55a73700-c891-46fd-8f5c-72bc827f2ef5:20160407213831.115:1867</Value>
          <Value>objectClassCategory:1867:1:55a73700-c891-46fd-8f5c-72bc827f2ef5:20160407213831.115:1867</Value>
          <Value>objectGUID:1867:1:55a73700-c891-46fd-8f5c-72bc827f2ef5:20160407213831.115:1867</Value>
          <Value>schemaIDGUID:1867:1:55a73700-c891-46fd-8f5c-72bc827f2ef5:20160407213831.115:1867</Value>
          <Value>subClassOf:1867:1:55a73700-c891-46fd-8f5c-72bc827f2ef5:20160407213831.115:1867</Value>
          <Value>systemMayContain:1867:1:55a73700-c891-46fd-8f5c-72bc827f2ef5:20160407213831.115:1867</Value>
          <Value>systemMustContain:1867:1:55a73700-c891-46fd-8f5c-72bc827f2ef5:20160407213831.115:1867</Value>
          <Value>uSNChanged:1867:1:55a73700-c891-46fd-8f5c-72bc827f2ef5:20160407213831.115:1867</Value>
          <Value>uSNCreated:1867:1:55a73700-c891-46fd-8f5c-72bc827f2ef5:20160407213831.115:1867</Value>
        </AttributeMetadata>
      </ClassSchemaEntry>
      <ClassSchemaEntry>
        <Name>organization</Name>
        <AttributeMetadata>
          <Value>auxiliaryClass:1992:1:55a73700-c891-46fd-8f5c-72bc827f2ef5:20160407213831.328:1992</Value>
          <Value>cn:1992:1:55a73700-c891-46fd-8f5c-72bc827f2ef5:20160407213831.328:1992</Value>
          <Value>createTimeStamp:1992:1:55a73700-c891-46fd-8f5c-72bc827f2ef5:20160407213831.328:1992</Value>
          <Value>defaultObjectCategory:1992:1:55a73700-c891-46fd-8f5c-72bc827f2ef5:20160407213831.328:1992</Value>
          <Value>entryDN:1992:1:55a73700-c891-46fd-8f5c-72bc827f2ef5:20160407213831.328:1992</Value>
          <Value>governsID:1992:1:55a73700-c891-46fd-8f5c-72bc827f2ef5:20160407213831.328:1992</Value>
          <Value>modifyTimeStamp:1992:1:55a73700-c891-46fd-8f5c-72bc827f2ef5:20160407213831.328:1992</Value>
          <Value>objectClass:1992:1:55a73700-c891-46fd-8f5c-72bc827f2ef5:20160407213831.328:1992</Value>
          <Value>objectClassCategory:1992:1:55a73700-c891-46fd-8f5c-72bc827f2ef5:20160407213831.328:1992</Value>
          <Value>objectGUID:1992:1:55a73700-c891-46fd-8f5c-72bc827f2ef5:20160407213831.328:1992</Value>
          <Value>schemaIDGUID:1992:1:55a73700-c891-46fd-8f5c-72bc827f2ef5:20160407213831.328:1992</Value>
          <Value>subClassOf:1992:1:55a73700-c891-46fd-8f5c-72bc827f2ef5:20160407213831.328:1992</Value>
          <Value>systemMayContain:1992:1:55a73700-c891-46fd-8f5c-72bc827f2ef5:20160407213831.328:1992</Value>
          <Value>systemMustContain:1992:1:55a73700-c891-46fd-8f5c-72bc827f2ef5:20160407213831.328:1992</Value>
          <Value>uSNChanged:1992:1:55a73700-c891-46fd-8f5c-72bc827f2ef5:20160407213831.328:1992</Value>
          <Value>uSNCreated:1992:1:55a73700-c891-46fd-8f5c-72bc827f2ef5:20160407213831.328:1992</Value>
        </AttributeMetadata>
      </ClassSchemaEntry>
      <ClassSchemaEntry>
        <Name>organizationalPerson</Name>
        <AttributeMetadata>
          <Value>auxiliaryClass:1878:1:55a73700-c891-46fd-8f5c-72bc827f2ef5:20160407213831.127:1878</Value>
          <Value>cn:1878:1:55a73700-c891-46fd-8f5c-72bc827f2ef5:20160407213831.127:1878</Value>
          <Value>createTimeStamp:1878:1:55a73700-c891-46fd-8f5c-72bc827f2ef5:20160407213831.127:1878</Value>
          <Value>defaultObjectCategory:1878:1:55a73700-c891-46fd-8f5c-72bc827f2ef5:20160407213831.127:1878</Value>
          <Value>entryDN:1878:1:55a73700-c891-46fd-8f5c-72bc827f2ef5:20160407213831.127:1878</Value>
          <Value>governsID:1878:1:55a73700-c891-46fd-8f5c-72bc827f2ef5:20160407213831.127:1878</Value>
          <Value>modifyTimeStamp:1878:1:55a73700-c891-46fd-8f5c-72bc827f2ef5:20160407213831.127:1878</Value>
          <Value>objectClass:1878:1:55a73700-c891-46fd-8f5c-72bc827f2ef5:20160407213831.127:1878</Value>
          <Value>objectClassCategory:1878:1:55a73700-c891-46fd-8f5c-72bc827f2ef5:20160407213831.127:1878</Value>
          <Value>objectGUID:1878:1:55a73700-c891-46fd-8f5c-72bc827f2ef5:20160407213831.127:1878</Value>
          <Value>schemaIDGUID:1878:1:55a73700-c891-46fd-8f5c-72bc827f2ef5:20160407213831.127:1878</Value>
          <Value>subClassOf:1878:1:55a73700-c891-46fd-8f5c-72bc827f2ef5:20160407213831.127:1878</Value>
          <Value>systemMayContain:1878:1:55a73700-c891-46fd-8f5c-72bc827f2ef5:20160407213831.127:1878</Value>
          <Value>uSNChanged:1878:1:55a73700-c891-46fd-8f5c-72bc827f2ef5:20160407213831.127:1878</Value>
          <Value>uSNCreated:1878:1:55a73700-c891-46fd-8f5c-72bc827f2ef5:20160407213831.127:1878</Value>
        </AttributeMetadata>
      </ClassSchemaEntry>
      <ClassSchemaEntry>
        <Name>organizationalRole</Name>
        <AttributeMetadata>
          <Value>auxiliaryClass:1823:1:55a73700-c891-46fd-8f5c-72bc827f2ef5:20160407213831.038:1823</Value>
          <Value>cn:1823:1:55a73700-c891-46fd-8f5c-72bc827f2ef5:20160407213831.038:1823</Value>
          <Value>createTimeStamp:1823:1:55a73700-c891-46fd-8f5c-72bc827f2ef5:20160407213831.038:1823</Value>
          <Value>defaultObjectCategory:1823:1:55a73700-c891-46fd-8f5c-72bc827f2ef5:20160407213831.038:1823</Value>
          <Value>entryDN:1823:1:55a73700-c891-46fd-8f5c-72bc827f2ef5:20160407213831.038:1823</Value>
          <Value>governsID:1823:1:55a73700-c891-46fd-8f5c-72bc827f2ef5:20160407213831.038:1823</Value>
          <Value>modifyTimeStamp:1823:1:55a73700-c891-46fd-8f5c-72bc827f2ef5:20160407213831.038:1823</Value>
          <Value>objectClass:1823:1:55a73700-c891-46fd-8f5c-72bc827f2ef5:20160407213831.038:1823</Value>
          <Value>objectClassCategory:1823:1:55a73700-c891-46fd-8f5c-72bc827f2ef5:20160407213831.038:1823</Value>
          <Value>objectGUID:1823:1:55a73700-c891-46fd-8f5c-72bc827f2ef5:20160407213831.038:1823</Value>
          <Value>schemaIDGUID:1823:1:55a73700-c891-46fd-8f5c-72bc827f2ef5:20160407213831.038:1823</Value>
          <Value>subClassOf:1823:1:55a73700-c891-46fd-8f5c-72bc827f2ef5:20160407213831.038:1823</Value>
          <Value>systemMayContain:1823:1:55a73700-c891-46fd-8f5c-72bc827f2ef5:20160407213831.038:1823</Value>
          <Value>systemMustContain:1823:1:55a73700-c891-46fd-8f5c-72bc827f2ef5:20160407213831.038:1823</Value>
          <Value>uSNChanged:1823:1:55a73700-c891-46fd-8f5c-72bc827f2ef5:20160407213831.038:1823</Value>
          <Value>uSNCreated:1823:1:55a73700-c891-46fd-8f5c-72bc827f2ef5:20160407213831.038:1823</Value>
        </AttributeMetadata>
      </ClassSchemaEntry>
      <ClassSchemaEntry>
        <Name>organizationalUnit</Name>
        <AttributeMetadata>
          <Value>auxiliaryClass:1948:1:55a73700-c891-46fd-8f5c-72bc827f2ef5:20160407213831.247:1948</Value>
          <Value>cn:1948:1:55a73700-c891-46fd-8f5c-72bc827f2ef5:20160407213831.247:1948</Value>
          <Value>createTimeStamp:1948:1:55a73700-c891-46fd-8f5c-72bc827f2ef5:20160407213831.247:1948</Value>
          <Value>defaultObjectCategory:1948:1:55a73700-c891-46fd-8f5c-72bc827f2ef5:20160407213831.247:1948</Value>
          <Value>entryDN:1948:1:55a73700-c891-46fd-8f5c-72bc827f2ef5:20160407213831.247:1948</Value>
          <Value>governsID:1948:1:55a73700-c891-46fd-8f5c-72bc827f2ef5:20160407213831.247:1948</Value>
          <Value>modifyTimeStamp:1948:1:55a73700-c891-46fd-8f5c-72bc827f2ef5:20160407213831.247:1948</Value>
          <Value>objectClass:1948:1:55a73700-c891-46fd-8f5c-72bc827f2ef5:20160407213831.247:1948</Value>
          <Value>objectClassCategory:1948:1:55a73700-c891-46fd-8f5c-72bc827f2ef5:20160407213831.247:1948</Value>
          <Value>objectGUID:1948:1:55a73700-c891-46fd-8f5c-72bc827f2ef5:20160407213831.247:1948</Value>
          <Value>schemaIDGUID:1948:1:55a73700-c891-46fd-8f5c-72bc827f2ef5:20160407213831.247:1948</Value>
          <Value>subClassOf:1948:1:55a73700-c891-46fd-8f5c-72bc827f2ef5:20160407213831.247:1948</Value>
          <Value>systemMayContain:1948:1:55a73700-c891-46fd-8f5c-72bc827f2ef5:20160407213831.247:1948</Value>
          <Value>systemMustContain:1948:1:55a73700-c891-46fd-8f5c-72bc827f2ef5:20160407213831.247:1948</Value>
          <Value>uSNChanged:1948:1:55a73700-c891-46fd-8f5c-72bc827f2ef5:20160407213831.247:1948</Value>
          <Value>uSNCreated:1948:1:55a73700-c891-46fd-8f5c-72bc827f2ef5:20160407213831.247:1948</Value>
        </AttributeMetadata>
      </ClassSchemaEntry>
      <ClassSchemaEntry>
        <Name>packageRegistration</Name>
        <AttributeMetadata>
          <Value>auxiliaryClass:1886:1:55a73700-c891-46fd-8f5c-72bc827f2ef5:20160407213831.147:1886</Value>
          <Value>cn:1886:1:55a73700-c891-46fd-8f5c-72bc827f2ef5:20160407213831.147:1886</Value>
          <Value>createTimeStamp:1886:1:55a73700-c891-46fd-8f5c-72bc827f2ef5:20160407213831.147:1886</Value>
          <Value>defaultObjectCategory:1886:1:55a73700-c891-46fd-8f5c-72bc827f2ef5:20160407213831.147:1886</Value>
          <Value>entryDN:1886:1:55a73700-c891-46fd-8f5c-72bc827f2ef5:20160407213831.147:1886</Value>
          <Value>governsID:1886:1:55a73700-c891-46fd-8f5c-72bc827f2ef5:20160407213831.147:1886</Value>
          <Value>modifyTimeStamp:1886:1:55a73700-c891-46fd-8f5c-72bc827f2ef5:20160407213831.147:1886</Value>
          <Value>objectClass:1886:1:55a73700-c891-46fd-8f5c-72bc827f2ef5:20160407213831.147:1886</Value>
          <Value>objectClassCategory:1886:1:55a73700-c891-46fd-8f5c-72bc827f2ef5:20160407213831.147:1886</Value>
          <Value>objectGUID:1886:1:55a73700-c891-46fd-8f5c-72bc827f2ef5:20160407213831.147:1886</Value>
          <Value>schemaIDGUID:1886:1:55a73700-c891-46fd-8f5c-72bc827f2ef5:20160407213831.147:1886</Value>
          <Value>subClassOf:1886:1:55a73700-c891-46fd-8f5c-72bc827f2ef5:20160407213831.147:1886</Value>
          <Value>systemMayContain:1886:1:55a73700-c891-46fd-8f5c-72bc827f2ef5:20160407213831.147:1886</Value>
          <Value>uSNChanged:1886:1:55a73700-c891-46fd-8f5c-72bc827f2ef5:20160407213831.147:1886</Value>
          <Value>uSNCreated:1886:1:55a73700-c891-46fd-8f5c-72bc827f2ef5:20160407213831.147:1886</Value>
        </AttributeMetadata>
      </ClassSchemaEntry>
      <ClassSchemaEntry>
        <Name>person</Name>
        <AttributeMetadata>
          <Value>auxiliaryClass:2022:1:55a73700-c891-46fd-8f5c-72bc827f2ef5:20160407213831.381:2022</Value>
          <Value>cn:2022:1:55a73700-c891-46fd-8f5c-72bc827f2ef5:20160407213831.381:2022</Value>
          <Value>createTimeStamp:2022:1:55a73700-c891-46fd-8f5c-72bc827f2ef5:20160407213831.381:2022</Value>
          <Value>defaultObjectCategory:2022:1:55a73700-c891-46fd-8f5c-72bc827f2ef5:20160407213831.381:2022</Value>
          <Value>entryDN:2022:1:55a73700-c891-46fd-8f5c-72bc827f2ef5:20160407213831.381:2022</Value>
          <Value>governsID:2022:1:55a73700-c891-46fd-8f5c-72bc827f2ef5:20160407213831.381:2022</Value>
          <Value>modifyTimeStamp:2022:1:55a73700-c891-46fd-8f5c-72bc827f2ef5:20160407213831.381:2022</Value>
          <Value>objectClass:2022:1:55a73700-c891-46fd-8f5c-72bc827f2ef5:20160407213831.381:2022</Value>
          <Value>objectClassCategory:2022:1:55a73700-c891-46fd-8f5c-72bc827f2ef5:20160407213831.381:2022</Value>
          <Value>objectGUID:2022:1:55a73700-c891-46fd-8f5c-72bc827f2ef5:20160407213831.381:2022</Value>
          <Value>schemaIDGUID:2022:1:55a73700-c891-46fd-8f5c-72bc827f2ef5:20160407213831.381:2022</Value>
          <Value>subClassOf:2022:1:55a73700-c891-46fd-8f5c-72bc827f2ef5:20160407213831.381:2022</Value>
          <Value>systemMayContain:2022:1:55a73700-c891-46fd-8f5c-72bc827f2ef5:20160407213831.381:2022</Value>
          <Value>systemMustContain:2022:1:55a73700-c891-46fd-8f5c-72bc827f2ef5:20160407213831.381:2022</Value>
          <Value>uSNChanged:2022:1:55a73700-c891-46fd-8f5c-72bc827f2ef5:20160407213831.381:2022</Value>
          <Value>uSNCreated:2022:1:55a73700-c891-46fd-8f5c-72bc827f2ef5:20160407213831.381:2022</Value>
        </AttributeMetadata>
      </ClassSchemaEntry>
      <ClassSchemaEntry>
        <Name>physicalLocation</Name>
        <AttributeMetadata>
          <Value>auxiliaryClass:1917:1:55a73700-c891-46fd-8f5c-72bc827f2ef5:20160407213831.190:1917</Value>
          <Value>cn:1917:1:55a73700-c891-46fd-8f5c-72bc827f2ef5:20160407213831.190:1917</Value>
          <Value>createTimeStamp:1917:1:55a73700-c891-46fd-8f5c-72bc827f2ef5:20160407213831.190:1917</Value>
          <Value>defaultObjectCategory:1917:1:55a73700-c891-46fd-8f5c-72bc827f2ef5:20160407213831.190:1917</Value>
          <Value>entryDN:1917:1:55a73700-c891-46fd-8f5c-72bc827f2ef5:20160407213831.190:1917</Value>
          <Value>governsID:1917:1:55a73700-c891-46fd-8f5c-72bc827f2ef5:20160407213831.190:1917</Value>
          <Value>modifyTimeStamp:1917:1:55a73700-c891-46fd-8f5c-72bc827f2ef5:20160407213831.190:1917</Value>
          <Value>objectClass:1917:1:55a73700-c891-46fd-8f5c-72bc827f2ef5:20160407213831.190:1917</Value>
          <Value>objectClassCategory:1917:1:55a73700-c891-46fd-8f5c-72bc827f2ef5:20160407213831.190:1917</Value>
          <Value>objectGUID:1917:1:55a73700-c891-46fd-8f5c-72bc827f2ef5:20160407213831.190:1917</Value>
          <Value>schemaIDGUID:1917:1:55a73700-c891-46fd-8f5c-72bc827f2ef5:20160407213831.190:1917</Value>
          <Value>subClassOf:1917:1:55a73700-c891-46fd-8f5c-72bc827f2ef5:20160407213831.190:1917</Value>
          <Value>systemMayContain:1917:1:55a73700-c891-46fd-8f5c-72bc827f2ef5:20160407213831.190:1917</Value>
          <Value>uSNChanged:1917:1:55a73700-c891-46fd-8f5c-72bc827f2ef5:20160407213831.190:1917</Value>
          <Value>uSNCreated:1917:1:55a73700-c891-46fd-8f5c-72bc827f2ef5:20160407213831.190:1917</Value>
        </AttributeMetadata>
      </ClassSchemaEntry>
      <ClassSchemaEntry>
        <Name>pkiCA</Name>
        <AttributeMetadata>
          <Value>cn:1755:1:55a73700-c891-46fd-8f5c-72bc827f2ef5:20160407213830.922:1755</Value>
          <Value>createTimeStamp:1755:1:55a73700-c891-46fd-8f5c-72bc827f2ef5:20160407213830.922:1755</Value>
          <Value>defaultObjectCategory:1755:1:55a73700-c891-46fd-8f5c-72bc827f2ef5:20160407213830.922:1755</Value>
          <Value>description:1755:1:55a73700-c891-46fd-8f5c-72bc827f2ef5:20160407213830.922:1755</Value>
          <Value>entryDN:1755:1:55a73700-c891-46fd-8f5c-72bc827f2ef5:20160407213830.922:1755</Value>
          <Value>governsID:1755:1:55a73700-c891-46fd-8f5c-72bc827f2ef5:20160407213830.922:1755</Value>
          <Value>modifyTimeStamp:1755:1:55a73700-c891-46fd-8f5c-72bc827f2ef5:20160407213830.922:1755</Value>
          <Value>objectClass:1755:1:55a73700-c891-46fd-8f5c-72bc827f2ef5:20160407213830.922:1755</Value>
          <Value>objectClassCategory:1755:1:55a73700-c891-46fd-8f5c-72bc827f2ef5:20160407213830.922:1755</Value>
          <Value>objectGUID:1755:1:55a73700-c891-46fd-8f5c-72bc827f2ef5:20160407213830.922:1755</Value>
          <Value>schemaIDGUID:1755:1:55a73700-c891-46fd-8f5c-72bc827f2ef5:20160407213830.922:1755</Value>
          <Value>subClassOf:1755:1:55a73700-c891-46fd-8f5c-72bc827f2ef5:20160407213830.922:1755</Value>
          <Value>systemMayContain:1755:1:55a73700-c891-46fd-8f5c-72bc827f2ef5:20160407213830.922:1755</Value>
          <Value>uSNChanged:1755:1:55a73700-c891-46fd-8f5c-72bc827f2ef5:20160407213830.922:1755</Value>
          <Value>uSNCreated:1755:1:55a73700-c891-46fd-8f5c-72bc827f2ef5:20160407213830.922:1755</Value>
        </AttributeMetadata>
      </ClassSchemaEntry>
      <ClassSchemaEntry>
        <Name>pKICertificateTemplate</Name>
        <AttributeMetadata>
          <Value>auxiliaryClass:1929:1:55a73700-c891-46fd-8f5c-72bc827f2ef5:20160407213831.215:1929</Value>
          <Value>cn:1929:1:55a73700-c891-46fd-8f5c-72bc827f2ef5:20160407213831.215:1929</Value>
          <Value>createTimeStamp:1929:1:55a73700-c891-46fd-8f5c-72bc827f2ef5:20160407213831.215:1929</Value>
          <Value>defaultObjectCategory:1929:1:55a73700-c891-46fd-8f5c-72bc827f2ef5:20160407213831.215:1929</Value>
          <Value>entryDN:1929:1:55a73700-c891-46fd-8f5c-72bc827f2ef5:20160407213831.215:1929</Value>
          <Value>governsID:1929:1:55a73700-c891-46fd-8f5c-72bc827f2ef5:20160407213831.215:1929</Value>
          <Value>modifyTimeStamp:1929:1:55a73700-c891-46fd-8f5c-72bc827f2ef5:20160407213831.215:1929</Value>
          <Value>objectClass:1929:1:55a73700-c891-46fd-8f5c-72bc827f2ef5:20160407213831.215:1929</Value>
          <Value>objectClassCategory:1929:1:55a73700-c891-46fd-8f5c-72bc827f2ef5:20160407213831.215:1929</Value>
          <Value>objectGUID:1929:1:55a73700-c891-46fd-8f5c-72bc827f2ef5:20160407213831.215:1929</Value>
          <Value>schemaIDGUID:1929:1:55a73700-c891-46fd-8f5c-72bc827f2ef5:20160407213831.215:1929</Value>
          <Value>subClassOf:1929:1:55a73700-c891-46fd-8f5c-72bc827f2ef5:20160407213831.215:1929</Value>
          <Value>systemMayContain:1929:1:55a73700-c891-46fd-8f5c-72bc827f2ef5:20160407213831.215:1929</Value>
          <Value>uSNChanged:1929:1:55a73700-c891-46fd-8f5c-72bc827f2ef5:20160407213831.215:1929</Value>
          <Value>uSNCreated:1929:1:55a73700-c891-46fd-8f5c-72bc827f2ef5:20160407213831.215:1929</Value>
        </AttributeMetadata>
      </ClassSchemaEntry>
      <ClassSchemaEntry>
        <Name>pKIEnrollmentService</Name>
        <AttributeMetadata>
          <Value>auxiliaryClass:1930:1:55a73700-c891-46fd-8f5c-72bc827f2ef5:20160407213831.216:1930</Value>
          <Value>cn:1930:1:55a73700-c891-46fd-8f5c-72bc827f2ef5:20160407213831.216:1930</Value>
          <Value>createTimeStamp:1930:1:55a73700-c891-46fd-8f5c-72bc827f2ef5:20160407213831.216:1930</Value>
          <Value>defaultObjectCategory:1930:1:55a73700-c891-46fd-8f5c-72bc827f2ef5:20160407213831.216:1930</Value>
          <Value>entryDN:1930:1:55a73700-c891-46fd-8f5c-72bc827f2ef5:20160407213831.216:1930</Value>
          <Value>governsID:1930:1:55a73700-c891-46fd-8f5c-72bc827f2ef5:20160407213831.216:1930</Value>
          <Value>modifyTimeStamp:1930:1:55a73700-c891-46fd-8f5c-72bc827f2ef5:20160407213831.216:1930</Value>
          <Value>objectClass:1930:1:55a73700-c891-46fd-8f5c-72bc827f2ef5:20160407213831.216:1930</Value>
          <Value>objectClassCategory:1930:1:55a73700-c891-46fd-8f5c-72bc827f2ef5:20160407213831.216:1930</Value>
          <Value>objectGUID:1930:1:55a73700-c891-46fd-8f5c-72bc827f2ef5:20160407213831.216:1930</Value>
          <Value>schemaIDGUID:1930:1:55a73700-c891-46fd-8f5c-72bc827f2ef5:20160407213831.216:1930</Value>
          <Value>subClassOf:1930:1:55a73700-c891-46fd-8f5c-72bc827f2ef5:20160407213831.216:1930</Value>
          <Value>systemMayContain:1930:1:55a73700-c891-46fd-8f5c-72bc827f2ef5:20160407213831.216:1930</Value>
          <Value>uSNChanged:1930:1:55a73700-c891-46fd-8f5c-72bc827f2ef5:20160407213831.216:1930</Value>
          <Value>uSNCreated:1930:1:55a73700-c891-46fd-8f5c-72bc827f2ef5:20160407213831.216:1930</Value>
        </AttributeMetadata>
      </ClassSchemaEntry>
      <ClassSchemaEntry>
        <Name>pkiUser</Name>
        <AttributeMetadata>
          <Value>cn:1998:1:55a73700-c891-46fd-8f5c-72bc827f2ef5:20160407213831.334:1998</Value>
          <Value>createTimeStamp:1998:1:55a73700-c891-46fd-8f5c-72bc827f2ef5:20160407213831.334:1998</Value>
          <Value>defaultObjectCategory:1998:1:55a73700-c891-46fd-8f5c-72bc827f2ef5:20160407213831.334:1998</Value>
          <Value>description:1998:1:55a73700-c891-46fd-8f5c-72bc827f2ef5:20160407213831.334:1998</Value>
          <Value>entryDN:1998:1:55a73700-c891-46fd-8f5c-72bc827f2ef5:20160407213831.334:1998</Value>
          <Value>governsID:1998:1:55a73700-c891-46fd-8f5c-72bc827f2ef5:20160407213831.334:1998</Value>
          <Value>modifyTimeStamp:1998:1:55a73700-c891-46fd-8f5c-72bc827f2ef5:20160407213831.334:1998</Value>
          <Value>objectClass:1998:1:55a73700-c891-46fd-8f5c-72bc827f2ef5:20160407213831.334:1998</Value>
          <Value>objectClassCategory:1998:1:55a73700-c891-46fd-8f5c-72bc827f2ef5:20160407213831.334:1998</Value>
          <Value>objectGUID:1998:1:55a73700-c891-46fd-8f5c-72bc827f2ef5:20160407213831.334:1998</Value>
          <Value>schemaIDGUID:1998:1:55a73700-c891-46fd-8f5c-72bc827f2ef5:20160407213831.334:1998</Value>
          <Value>subClassOf:1998:1:55a73700-c891-46fd-8f5c-72bc827f2ef5:20160407213831.334:1998</Value>
          <Value>systemMayContain:1998:1:55a73700-c891-46fd-8f5c-72bc827f2ef5:20160407213831.334:1998</Value>
          <Value>uSNChanged:1998:1:55a73700-c891-46fd-8f5c-72bc827f2ef5:20160407213831.334:1998</Value>
          <Value>uSNCreated:1998:1:55a73700-c891-46fd-8f5c-72bc827f2ef5:20160407213831.334:1998</Value>
        </AttributeMetadata>
      </ClassSchemaEntry>
      <ClassSchemaEntry>
        <Name>posixAccount</Name>
        <AttributeMetadata>
          <Value>cn:2051:1:55a73700-c891-46fd-8f5c-72bc827f2ef5:20160407213831.424:2051</Value>
          <Value>createTimeStamp:2051:1:55a73700-c891-46fd-8f5c-72bc827f2ef5:20160407213831.424:2051</Value>
          <Value>defaultObjectCategory:2051:1:55a73700-c891-46fd-8f5c-72bc827f2ef5:20160407213831.424:2051</Value>
          <Value>entryDN:2051:1:55a73700-c891-46fd-8f5c-72bc827f2ef5:20160407213831.424:2051</Value>
          <Value>governsID:2051:1:55a73700-c891-46fd-8f5c-72bc827f2ef5:20160407213831.424:2051</Value>
          <Value>modifyTimeStamp:2051:1:55a73700-c891-46fd-8f5c-72bc827f2ef5:20160407213831.424:2051</Value>
          <Value>objectClass:2051:1:55a73700-c891-46fd-8f5c-72bc827f2ef5:20160407213831.424:2051</Value>
          <Value>objectClassCategory:2051:1:55a73700-c891-46fd-8f5c-72bc827f2ef5:20160407213831.424:2051</Value>
          <Value>objectGUID:2051:1:55a73700-c891-46fd-8f5c-72bc827f2ef5:20160407213831.424:2051</Value>
          <Value>schemaIDGUID:2051:1:55a73700-c891-46fd-8f5c-72bc827f2ef5:20160407213831.424:2051</Value>
          <Value>subClassOf:2051:1:55a73700-c891-46fd-8f5c-72bc827f2ef5:20160407213831.424:2051</Value>
          <Value>systemMayContain:2051:1:55a73700-c891-46fd-8f5c-72bc827f2ef5:20160407213831.424:2051</Value>
          <Value>uSNChanged:2051:1:55a73700-c891-46fd-8f5c-72bc827f2ef5:20160407213831.424:2051</Value>
          <Value>uSNCreated:2051:1:55a73700-c891-46fd-8f5c-72bc827f2ef5:20160407213831.424:2051</Value>
        </AttributeMetadata>
      </ClassSchemaEntry>
      <ClassSchemaEntry>
        <Name>posixGroup</Name>
        <AttributeMetadata>
          <Value>cn:1906:1:55a73700-c891-46fd-8f5c-72bc827f2ef5:20160407213831.178:1906</Value>
          <Value>createTimeStamp:1906:1:55a73700-c891-46fd-8f5c-72bc827f2ef5:20160407213831.178:1906</Value>
          <Value>defaultObjectCategory:1906:1:55a73700-c891-46fd-8f5c-72bc827f2ef5:20160407213831.178:1906</Value>
          <Value>entryDN:1906:1:55a73700-c891-46fd-8f5c-72bc827f2ef5:20160407213831.178:1906</Value>
          <Value>governsID:1906:1:55a73700-c891-46fd-8f5c-72bc827f2ef5:20160407213831.178:1906</Value>
          <Value>modifyTimeStamp:1906:1:55a73700-c891-46fd-8f5c-72bc827f2ef5:20160407213831.178:1906</Value>
          <Value>objectClass:1906:1:55a73700-c891-46fd-8f5c-72bc827f2ef5:20160407213831.178:1906</Value>
          <Value>objectClassCategory:1906:1:55a73700-c891-46fd-8f5c-72bc827f2ef5:20160407213831.178:1906</Value>
          <Value>objectGUID:1906:1:55a73700-c891-46fd-8f5c-72bc827f2ef5:20160407213831.178:1906</Value>
          <Value>schemaIDGUID:1906:1:55a73700-c891-46fd-8f5c-72bc827f2ef5:20160407213831.178:1906</Value>
          <Value>subClassOf:1906:1:55a73700-c891-46fd-8f5c-72bc827f2ef5:20160407213831.178:1906</Value>
          <Value>systemMayContain:1906:1:55a73700-c891-46fd-8f5c-72bc827f2ef5:20160407213831.178:1906</Value>
          <Value>uSNChanged:1906:1:55a73700-c891-46fd-8f5c-72bc827f2ef5:20160407213831.178:1906</Value>
          <Value>uSNCreated:1906:1:55a73700-c891-46fd-8f5c-72bc827f2ef5:20160407213831.178:1906</Value>
        </AttributeMetadata>
      </ClassSchemaEntry>
      <ClassSchemaEntry>
        <Name>printQueue</Name>
        <AttributeMetadata>
          <Value>auxiliaryClass:1910:1:55a73700-c891-46fd-8f5c-72bc827f2ef5:20160407213831.182:1910</Value>
          <Value>cn:1910:1:55a73700-c891-46fd-8f5c-72bc827f2ef5:20160407213831.182:1910</Value>
          <Value>createTimeStamp:1910:1:55a73700-c891-46fd-8f5c-72bc827f2ef5:20160407213831.182:1910</Value>
          <Value>defaultObjectCategory:1910:1:55a73700-c891-46fd-8f5c-72bc827f2ef5:20160407213831.182:1910</Value>
          <Value>entryDN:1910:1:55a73700-c891-46fd-8f5c-72bc827f2ef5:20160407213831.182:1910</Value>
          <Value>governsID:1910:1:55a73700-c891-46fd-8f5c-72bc827f2ef5:20160407213831.182:1910</Value>
          <Value>modifyTimeStamp:1910:1:55a73700-c891-46fd-8f5c-72bc827f2ef5:20160407213831.182:1910</Value>
          <Value>objectClass:1910:1:55a73700-c891-46fd-8f5c-72bc827f2ef5:20160407213831.182:1910</Value>
          <Value>objectClassCategory:1910:1:55a73700-c891-46fd-8f5c-72bc827f2ef5:20160407213831.182:1910</Value>
          <Value>objectGUID:1910:1:55a73700-c891-46fd-8f5c-72bc827f2ef5:20160407213831.182:1910</Value>
          <Value>schemaIDGUID:1910:1:55a73700-c891-46fd-8f5c-72bc827f2ef5:20160407213831.182:1910</Value>
          <Value>subClassOf:1910:1:55a73700-c891-46fd-8f5c-72bc827f2ef5:20160407213831.182:1910</Value>
          <Value>systemMayContain:1910:1:55a73700-c891-46fd-8f5c-72bc827f2ef5:20160407213831.182:1910</Value>
          <Value>systemMustContain:1910:1:55a73700-c891-46fd-8f5c-72bc827f2ef5:20160407213831.182:1910</Value>
          <Value>uSNChanged:1910:1:55a73700-c891-46fd-8f5c-72bc827f2ef5:20160407213831.182:1910</Value>
          <Value>uSNCreated:1910:1:55a73700-c891-46fd-8f5c-72bc827f2ef5:20160407213831.182:1910</Value>
        </AttributeMetadata>
      </ClassSchemaEntry>
      <ClassSchemaEntry>
        <Name>queryPolicy</Name>
        <AttributeMetadata>
          <Value>auxiliaryClass:1942:1:55a73700-c891-46fd-8f5c-72bc827f2ef5:20160407213831.241:1942</Value>
          <Value>cn:1942:1:55a73700-c891-46fd-8f5c-72bc827f2ef5:20160407213831.241:1942</Value>
          <Value>createTimeStamp:1942:1:55a73700-c891-46fd-8f5c-72bc827f2ef5:20160407213831.241:1942</Value>
          <Value>defaultObjectCategory:1942:1:55a73700-c891-46fd-8f5c-72bc827f2ef5:20160407213831.241:1942</Value>
          <Value>entryDN:1942:1:55a73700-c891-46fd-8f5c-72bc827f2ef5:20160407213831.241:1942</Value>
          <Value>governsID:1942:1:55a73700-c891-46fd-8f5c-72bc827f2ef5:20160407213831.241:1942</Value>
          <Value>modifyTimeStamp:1942:1:55a73700-c891-46fd-8f5c-72bc827f2ef5:20160407213831.241:1942</Value>
          <Value>objectClass:1942:1:55a73700-c891-46fd-8f5c-72bc827f2ef5:20160407213831.241:1942</Value>
          <Value>objectClassCategory:1942:1:55a73700-c891-46fd-8f5c-72bc827f2ef5:20160407213831.241:1942</Value>
          <Value>objectGUID:1942:1:55a73700-c891-46fd-8f5c-72bc827f2ef5:20160407213831.241:1942</Value>
          <Value>schemaIDGUID:1942:1:55a73700-c891-46fd-8f5c-72bc827f2ef5:20160407213831.241:1942</Value>
          <Value>subClassOf:1942:1:55a73700-c891-46fd-8f5c-72bc827f2ef5:20160407213831.241:1942</Value>
          <Value>systemMayContain:1942:1:55a73700-c891-46fd-8f5c-72bc827f2ef5:20160407213831.241:1942</Value>
          <Value>uSNChanged:1942:1:55a73700-c891-46fd-8f5c-72bc827f2ef5:20160407213831.241:1942</Value>
          <Value>uSNCreated:1942:1:55a73700-c891-46fd-8f5c-72bc827f2ef5:20160407213831.241:1942</Value>
        </AttributeMetadata>
      </ClassSchemaEntry>
      <ClassSchemaEntry>
        <Name>referral</Name>
        <AttributeMetadata>
          <Value>cn:1963:1:55a73700-c891-46fd-8f5c-72bc827f2ef5:20160407213831.274:1963</Value>
          <Value>createTimeStamp:1963:1:55a73700-c891-46fd-8f5c-72bc827f2ef5:20160407213831.274:1963</Value>
          <Value>defaultObjectCategory:1963:1:55a73700-c891-46fd-8f5c-72bc827f2ef5:20160407213831.274:1963</Value>
          <Value>description:1963:1:55a73700-c891-46fd-8f5c-72bc827f2ef5:20160407213831.274:1963</Value>
          <Value>entryDN:1963:1:55a73700-c891-46fd-8f5c-72bc827f2ef5:20160407213831.274:1963</Value>
          <Value>governsID:1963:1:55a73700-c891-46fd-8f5c-72bc827f2ef5:20160407213831.274:1963</Value>
          <Value>modifyTimeStamp:1963:1:55a73700-c891-46fd-8f5c-72bc827f2ef5:20160407213831.274:1963</Value>
          <Value>objectClass:1963:1:55a73700-c891-46fd-8f5c-72bc827f2ef5:20160407213831.274:1963</Value>
          <Value>objectClassCategory:1963:1:55a73700-c891-46fd-8f5c-72bc827f2ef5:20160407213831.274:1963</Value>
          <Value>objectGUID:1963:1:55a73700-c891-46fd-8f5c-72bc827f2ef5:20160407213831.274:1963</Value>
          <Value>schemaIDGUID:1963:1:55a73700-c891-46fd-8f5c-72bc827f2ef5:20160407213831.274:1963</Value>
          <Value>subClassOf:1963:1:55a73700-c891-46fd-8f5c-72bc827f2ef5:20160407213831.274:1963</Value>
          <Value>systemMustContain:1963:1:55a73700-c891-46fd-8f5c-72bc827f2ef5:20160407213831.274:1963</Value>
          <Value>uSNChanged:1963:1:55a73700-c891-46fd-8f5c-72bc827f2ef5:20160407213831.274:1963</Value>
          <Value>uSNCreated:1963:1:55a73700-c891-46fd-8f5c-72bc827f2ef5:20160407213831.274:1963</Value>
        </AttributeMetadata>
      </ClassSchemaEntry>
      <ClassSchemaEntry>
        <Name>remoteMailRecipient</Name>
        <AttributeMetadata>
          <Value>auxiliaryClass:1806:1:55a73700-c891-46fd-8f5c-72bc827f2ef5:20160407213831.010:1806</Value>
          <Value>cn:1806:1:55a73700-c891-46fd-8f5c-72bc827f2ef5:20160407213831.010:1806</Value>
          <Value>createTimeStamp:1806:1:55a73700-c891-46fd-8f5c-72bc827f2ef5:20160407213831.010:1806</Value>
          <Value>defaultObjectCategory:1806:1:55a73700-c891-46fd-8f5c-72bc827f2ef5:20160407213831.010:1806</Value>
          <Value>entryDN:1806:1:55a73700-c891-46fd-8f5c-72bc827f2ef5:20160407213831.010:1806</Value>
          <Value>governsID:1806:1:55a73700-c891-46fd-8f5c-72bc827f2ef5:20160407213831.010:1806</Value>
          <Value>mayContain:1806:1:55a73700-c891-46fd-8f5c-72bc827f2ef5:20160407213831.010:1806</Value>
          <Value>modifyTimeStamp:1806:1:55a73700-c891-46fd-8f5c-72bc827f2ef5:20160407213831.010:1806</Value>
          <Value>mustContain:1806:1:55a73700-c891-46fd-8f5c-72bc827f2ef5:20160407213831.010:1806</Value>
          <Value>objectClass:1806:1:55a73700-c891-46fd-8f5c-72bc827f2ef5:20160407213831.010:1806</Value>
          <Value>objectClassCategory:1806:1:55a73700-c891-46fd-8f5c-72bc827f2ef5:20160407213831.010:1806</Value>
          <Value>objectGUID:1806:1:55a73700-c891-46fd-8f5c-72bc827f2ef5:20160407213831.010:1806</Value>
          <Value>schemaIDGUID:1806:1:55a73700-c891-46fd-8f5c-72bc827f2ef5:20160407213831.010:1806</Value>
          <Value>subClassOf:1806:1:55a73700-c891-46fd-8f5c-72bc827f2ef5:20160407213831.010:1806</Value>
          <Value>systemMayContain:1806:1:55a73700-c891-46fd-8f5c-72bc827f2ef5:20160407213831.010:1806</Value>
          <Value>uSNChanged:1806:1:55a73700-c891-46fd-8f5c-72bc827f2ef5:20160407213831.010:1806</Value>
          <Value>uSNCreated:1806:1:55a73700-c891-46fd-8f5c-72bc827f2ef5:20160407213831.010:1806</Value>
        </AttributeMetadata>
      </ClassSchemaEntry>
      <ClassSchemaEntry>
        <Name>remoteStorageServicePoint</Name>
        <AttributeMetadata>
          <Value>auxiliaryClass:1956:1:55a73700-c891-46fd-8f5c-72bc827f2ef5:20160407213831.266:1956</Value>
          <Value>cn:1956:1:55a73700-c891-46fd-8f5c-72bc827f2ef5:20160407213831.266:1956</Value>
          <Value>createTimeStamp:1956:1:55a73700-c891-46fd-8f5c-72bc827f2ef5:20160407213831.266:1956</Value>
          <Value>defaultObjectCategory:1956:1:55a73700-c891-46fd-8f5c-72bc827f2ef5:20160407213831.266:1956</Value>
          <Value>entryDN:1956:1:55a73700-c891-46fd-8f5c-72bc827f2ef5:20160407213831.266:1956</Value>
          <Value>governsID:1956:1:55a73700-c891-46fd-8f5c-72bc827f2ef5:20160407213831.266:1956</Value>
          <Value>modifyTimeStamp:1956:1:55a73700-c891-46fd-8f5c-72bc827f2ef5:20160407213831.266:1956</Value>
          <Value>objectClass:1956:1:55a73700-c891-46fd-8f5c-72bc827f2ef5:20160407213831.266:1956</Value>
          <Value>objectClassCategory:1956:1:55a73700-c891-46fd-8f5c-72bc827f2ef5:20160407213831.266:1956</Value>
          <Value>objectGUID:1956:1:55a73700-c891-46fd-8f5c-72bc827f2ef5:20160407213831.266:1956</Value>
          <Value>schemaIDGUID:1956:1:55a73700-c891-46fd-8f5c-72bc827f2ef5:20160407213831.266:1956</Value>
          <Value>subClassOf:1956:1:55a73700-c891-46fd-8f5c-72bc827f2ef5:20160407213831.266:1956</Value>
          <Value>systemMayContain:1956:1:55a73700-c891-46fd-8f5c-72bc827f2ef5:20160407213831.266:1956</Value>
          <Value>uSNChanged:1956:1:55a73700-c891-46fd-8f5c-72bc827f2ef5:20160407213831.266:1956</Value>
          <Value>uSNCreated:1956:1:55a73700-c891-46fd-8f5c-72bc827f2ef5:20160407213831.266:1956</Value>
        </AttributeMetadata>
      </ClassSchemaEntry>
      <ClassSchemaEntry>
        <Name>residentialPerson</Name>
        <AttributeMetadata>
          <Value>auxiliaryClass:1824:1:55a73700-c891-46fd-8f5c-72bc827f2ef5:20160407213831.039:1824</Value>
          <Value>cn:1824:1:55a73700-c891-46fd-8f5c-72bc827f2ef5:20160407213831.039:1824</Value>
          <Value>createTimeStamp:1824:1:55a73700-c891-46fd-8f5c-72bc827f2ef5:20160407213831.039:1824</Value>
          <Value>defaultObjectCategory:1824:1:55a73700-c891-46fd-8f5c-72bc827f2ef5:20160407213831.039:1824</Value>
          <Value>entryDN:1824:1:55a73700-c891-46fd-8f5c-72bc827f2ef5:20160407213831.039:1824</Value>
          <Value>governsID:1824:1:55a73700-c891-46fd-8f5c-72bc827f2ef5:20160407213831.039:1824</Value>
          <Value>modifyTimeStamp:1824:1:55a73700-c891-46fd-8f5c-72bc827f2ef5:20160407213831.039:1824</Value>
          <Value>objectClass:1824:1:55a73700-c891-46fd-8f5c-72bc827f2ef5:20160407213831.039:1824</Value>
          <Value>objectClassCategory:1824:1:55a73700-c891-46fd-8f5c-72bc827f2ef5:20160407213831.039:1824</Value>
          <Value>objectGUID:1824:1:55a73700-c891-46fd-8f5c-72bc827f2ef5:20160407213831.039:1824</Value>
          <Value>schemaIDGUID:1824:1:55a73700-c891-46fd-8f5c-72bc827f2ef5:20160407213831.039:1824</Value>
          <Value>subClassOf:1824:1:55a73700-c891-46fd-8f5c-72bc827f2ef5:20160407213831.039:1824</Value>
          <Value>systemMayContain:1824:1:55a73700-c891-46fd-8f5c-72bc827f2ef5:20160407213831.039:1824</Value>
          <Value>uSNChanged:1824:1:55a73700-c891-46fd-8f5c-72bc827f2ef5:20160407213831.039:1824</Value>
          <Value>uSNCreated:1824:1:55a73700-c891-46fd-8f5c-72bc827f2ef5:20160407213831.039:1824</Value>
        </AttributeMetadata>
      </ClassSchemaEntry>
      <ClassSchemaEntry>
        <Name>rFC822LocalPart</Name>
        <AttributeMetadata>
          <Value>auxiliaryClass:2021:1:55a73700-c891-46fd-8f5c-72bc827f2ef5:20160407213831.379:2021</Value>
          <Value>cn:2021:1:55a73700-c891-46fd-8f5c-72bc827f2ef5:20160407213831.379:2021</Value>
          <Value>createTimeStamp:2021:1:55a73700-c891-46fd-8f5c-72bc827f2ef5:20160407213831.379:2021</Value>
          <Value>defaultObjectCategory:2021:1:55a73700-c891-46fd-8f5c-72bc827f2ef5:20160407213831.379:2021</Value>
          <Value>entryDN:2021:1:55a73700-c891-46fd-8f5c-72bc827f2ef5:20160407213831.379:2021</Value>
          <Value>governsID:2021:1:55a73700-c891-46fd-8f5c-72bc827f2ef5:20160407213831.379:2021</Value>
          <Value>modifyTimeStamp:2021:1:55a73700-c891-46fd-8f5c-72bc827f2ef5:20160407213831.379:2021</Value>
          <Value>objectClass:2021:1:55a73700-c891-46fd-8f5c-72bc827f2ef5:20160407213831.379:2021</Value>
          <Value>objectClassCategory:2021:1:55a73700-c891-46fd-8f5c-72bc827f2ef5:20160407213831.379:2021</Value>
          <Value>objectGUID:2021:1:55a73700-c891-46fd-8f5c-72bc827f2ef5:20160407213831.379:2021</Value>
          <Value>schemaIDGUID:2021:1:55a73700-c891-46fd-8f5c-72bc827f2ef5:20160407213831.379:2021</Value>
          <Value>subClassOf:2021:1:55a73700-c891-46fd-8f5c-72bc827f2ef5:20160407213831.379:2021</Value>
          <Value>systemMayContain:2021:1:55a73700-c891-46fd-8f5c-72bc827f2ef5:20160407213831.379:2021</Value>
          <Value>uSNChanged:2021:1:55a73700-c891-46fd-8f5c-72bc827f2ef5:20160407213831.379:2021</Value>
          <Value>uSNCreated:2021:1:55a73700-c891-46fd-8f5c-72bc827f2ef5:20160407213831.379:2021</Value>
        </AttributeMetadata>
      </ClassSchemaEntry>
      <ClassSchemaEntry>
        <Name>rIDManager</Name>
        <AttributeMetadata>
          <Value>auxiliaryClass:1909:1:55a73700-c891-46fd-8f5c-72bc827f2ef5:20160407213831.181:1909</Value>
          <Value>cn:1909:1:55a73700-c891-46fd-8f5c-72bc827f2ef5:20160407213831.181:1909</Value>
          <Value>createTimeStamp:1909:1:55a73700-c891-46fd-8f5c-72bc827f2ef5:20160407213831.181:1909</Value>
          <Value>defaultObjectCategory:1909:1:55a73700-c891-46fd-8f5c-72bc827f2ef5:20160407213831.181:1909</Value>
          <Value>entryDN:1909:1:55a73700-c891-46fd-8f5c-72bc827f2ef5:20160407213831.181:1909</Value>
          <Value>governsID:1909:1:55a73700-c891-46fd-8f5c-72bc827f2ef5:20160407213831.181:1909</Value>
          <Value>modifyTimeStamp:1909:1:55a73700-c891-46fd-8f5c-72bc827f2ef5:20160407213831.181:1909</Value>
          <Value>objectClass:1909:1:55a73700-c891-46fd-8f5c-72bc827f2ef5:20160407213831.181:1909</Value>
          <Value>objectClassCategory:1909:1:55a73700-c891-46fd-8f5c-72bc827f2ef5:20160407213831.181:1909</Value>
          <Value>objectGUID:1909:1:55a73700-c891-46fd-8f5c-72bc827f2ef5:20160407213831.181:1909</Value>
          <Value>schemaIDGUID:1909:1:55a73700-c891-46fd-8f5c-72bc827f2ef5:20160407213831.181:1909</Value>
          <Value>subClassOf:1909:1:55a73700-c891-46fd-8f5c-72bc827f2ef5:20160407213831.181:1909</Value>
          <Value>systemMustContain:1909:1:55a73700-c891-46fd-8f5c-72bc827f2ef5:20160407213831.181:1909</Value>
          <Value>uSNChanged:1909:1:55a73700-c891-46fd-8f5c-72bc827f2ef5:20160407213831.181:1909</Value>
          <Value>uSNCreated:1909:1:55a73700-c891-46fd-8f5c-72bc827f2ef5:20160407213831.181:1909</Value>
        </AttributeMetadata>
      </ClassSchemaEntry>
      <ClassSchemaEntry>
        <Name>rIDSet</Name>
        <AttributeMetadata>
          <Value>auxiliaryClass:1880:1:55a73700-c891-46fd-8f5c-72bc827f2ef5:20160407213831.129:1880</Value>
          <Value>cn:1880:1:55a73700-c891-46fd-8f5c-72bc827f2ef5:20160407213831.129:1880</Value>
          <Value>createTimeStamp:1880:1:55a73700-c891-46fd-8f5c-72bc827f2ef5:20160407213831.129:1880</Value>
          <Value>defaultObjectCategory:1880:1:55a73700-c891-46fd-8f5c-72bc827f2ef5:20160407213831.129:1880</Value>
          <Value>entryDN:1880:1:55a73700-c891-46fd-8f5c-72bc827f2ef5:20160407213831.129:1880</Value>
          <Value>governsID:1880:1:55a73700-c891-46fd-8f5c-72bc827f2ef5:20160407213831.129:1880</Value>
          <Value>modifyTimeStamp:1880:1:55a73700-c891-46fd-8f5c-72bc827f2ef5:20160407213831.129:1880</Value>
          <Value>objectClass:1880:1:55a73700-c891-46fd-8f5c-72bc827f2ef5:20160407213831.129:1880</Value>
          <Value>objectClassCategory:1880:1:55a73700-c891-46fd-8f5c-72bc827f2ef5:20160407213831.129:1880</Value>
          <Value>objectGUID:1880:1:55a73700-c891-46fd-8f5c-72bc827f2ef5:20160407213831.129:1880</Value>
          <Value>schemaIDGUID:1880:1:55a73700-c891-46fd-8f5c-72bc827f2ef5:20160407213831.129:1880</Value>
          <Value>subClassOf:1880:1:55a73700-c891-46fd-8f5c-72bc827f2ef5:20160407213831.129:1880</Value>
          <Value>systemMustContain:1880:1:55a73700-c891-46fd-8f5c-72bc827f2ef5:20160407213831.129:1880</Value>
          <Value>uSNChanged:1880:1:55a73700-c891-46fd-8f5c-72bc827f2ef5:20160407213831.129:1880</Value>
          <Value>uSNCreated:1880:1:55a73700-c891-46fd-8f5c-72bc827f2ef5:20160407213831.129:1880</Value>
        </AttributeMetadata>
      </ClassSchemaEntry>
      <ClassSchemaEntry>
        <Name>room</Name>
        <AttributeMetadata>
          <Value>auxiliaryClass:1981:1:55a73700-c891-46fd-8f5c-72bc827f2ef5:20160407213831.305:1981</Value>
          <Value>cn:1981:1:55a73700-c891-46fd-8f5c-72bc827f2ef5:20160407213831.305:1981</Value>
          <Value>createTimeStamp:1981:1:55a73700-c891-46fd-8f5c-72bc827f2ef5:20160407213831.305:1981</Value>
          <Value>defaultObjectCategory:1981:1:55a73700-c891-46fd-8f5c-72bc827f2ef5:20160407213831.305:1981</Value>
          <Value>entryDN:1981:1:55a73700-c891-46fd-8f5c-72bc827f2ef5:20160407213831.305:1981</Value>
          <Value>governsID:1981:1:55a73700-c891-46fd-8f5c-72bc827f2ef5:20160407213831.305:1981</Value>
          <Value>modifyTimeStamp:1981:1:55a73700-c891-46fd-8f5c-72bc827f2ef5:20160407213831.305:1981</Value>
          <Value>objectClass:1981:1:55a73700-c891-46fd-8f5c-72bc827f2ef5:20160407213831.305:1981</Value>
          <Value>objectClassCategory:1981:1:55a73700-c891-46fd-8f5c-72bc827f2ef5:20160407213831.305:1981</Value>
          <Value>objectGUID:1981:1:55a73700-c891-46fd-8f5c-72bc827f2ef5:20160407213831.305:1981</Value>
          <Value>schemaIDGUID:1981:1:55a73700-c891-46fd-8f5c-72bc827f2ef5:20160407213831.305:1981</Value>
          <Value>subClassOf:1981:1:55a73700-c891-46fd-8f5c-72bc827f2ef5:20160407213831.305:1981</Value>
          <Value>systemMayContain:1981:1:55a73700-c891-46fd-8f5c-72bc827f2ef5:20160407213831.305:1981</Value>
          <Value>systemMustContain:1981:1:55a73700-c891-46fd-8f5c-72bc827f2ef5:20160407213831.305:1981</Value>
          <Value>uSNChanged:1981:1:55a73700-c891-46fd-8f5c-72bc827f2ef5:20160407213831.305:1981</Value>
          <Value>uSNCreated:1981:1:55a73700-c891-46fd-8f5c-72bc827f2ef5:20160407213831.305:1981</Value>
        </AttributeMetadata>
      </ClassSchemaEntry>
      <ClassSchemaEntry>
        <Name>rpcContainer</Name>
        <AttributeMetadata>
          <Value>auxiliaryClass:1924:1:55a73700-c891-46fd-8f5c-72bc827f2ef5:20160407213831.209:1924</Value>
          <Value>cn:1924:1:55a73700-c891-46fd-8f5c-72bc827f2ef5:20160407213831.209:1924</Value>
          <Value>createTimeStamp:1924:1:55a73700-c891-46fd-8f5c-72bc827f2ef5:20160407213831.209:1924</Value>
          <Value>defaultObjectCategory:1924:1:55a73700-c891-46fd-8f5c-72bc827f2ef5:20160407213831.209:1924</Value>
          <Value>entryDN:1924:1:55a73700-c891-46fd-8f5c-72bc827f2ef5:20160407213831.209:1924</Value>
          <Value>governsID:1924:1:55a73700-c891-46fd-8f5c-72bc827f2ef5:20160407213831.209:1924</Value>
          <Value>modifyTimeStamp:1924:1:55a73700-c891-46fd-8f5c-72bc827f2ef5:20160407213831.209:1924</Value>
          <Value>objectClass:1924:1:55a73700-c891-46fd-8f5c-72bc827f2ef5:20160407213831.209:1924</Value>
          <Value>objectClassCategory:1924:1:55a73700-c891-46fd-8f5c-72bc827f2ef5:20160407213831.209:1924</Value>
          <Value>objectGUID:1924:1:55a73700-c891-46fd-8f5c-72bc827f2ef5:20160407213831.209:1924</Value>
          <Value>schemaIDGUID:1924:1:55a73700-c891-46fd-8f5c-72bc827f2ef5:20160407213831.209:1924</Value>
          <Value>subClassOf:1924:1:55a73700-c891-46fd-8f5c-72bc827f2ef5:20160407213831.209:1924</Value>
          <Value>systemMayContain:1924:1:55a73700-c891-46fd-8f5c-72bc827f2ef5:20160407213831.209:1924</Value>
          <Value>uSNChanged:1924:1:55a73700-c891-46fd-8f5c-72bc827f2ef5:20160407213831.209:1924</Value>
          <Value>uSNCreated:1924:1:55a73700-c891-46fd-8f5c-72bc827f2ef5:20160407213831.209:1924</Value>
        </AttributeMetadata>
      </ClassSchemaEntry>
      <ClassSchemaEntry>
        <Name>rpcEntry</Name>
        <AttributeMetadata>
          <Value>cn:1853:1:55a73700-c891-46fd-8f5c-72bc827f2ef5:20160407213831.091:1853</Value>
          <Value>createTimeStamp:1853:1:55a73700-c891-46fd-8f5c-72bc827f2ef5:20160407213831.091:1853</Value>
          <Value>defaultObjectCategory:1853:1:55a73700-c891-46fd-8f5c-72bc827f2ef5:20160407213831.091:1853</Value>
          <Value>entryDN:1853:1:55a73700-c891-46fd-8f5c-72bc827f2ef5:20160407213831.091:1853</Value>
          <Value>governsID:1853:1:55a73700-c891-46fd-8f5c-72bc827f2ef5:20160407213831.091:1853</Value>
          <Value>modifyTimeStamp:1853:1:55a73700-c891-46fd-8f5c-72bc827f2ef5:20160407213831.091:1853</Value>
          <Value>objectClass:1853:1:55a73700-c891-46fd-8f5c-72bc827f2ef5:20160407213831.091:1853</Value>
          <Value>objectClassCategory:1853:1:55a73700-c891-46fd-8f5c-72bc827f2ef5:20160407213831.091:1853</Value>
          <Value>objectGUID:1853:1:55a73700-c891-46fd-8f5c-72bc827f2ef5:20160407213831.091:1853</Value>
          <Value>schemaIDGUID:1853:1:55a73700-c891-46fd-8f5c-72bc827f2ef5:20160407213831.091:1853</Value>
          <Value>subClassOf:1853:1:55a73700-c891-46fd-8f5c-72bc827f2ef5:20160407213831.091:1853</Value>
          <Value>uSNChanged:1853:1:55a73700-c891-46fd-8f5c-72bc827f2ef5:20160407213831.091:1853</Value>
          <Value>uSNCreated:1853:1:55a73700-c891-46fd-8f5c-72bc827f2ef5:20160407213831.091:1853</Value>
        </AttributeMetadata>
      </ClassSchemaEntry>
      <ClassSchemaEntry>
        <Name>rpcGroup</Name>
        <AttributeMetadata>
          <Value>auxiliaryClass:1766:1:55a73700-c891-46fd-8f5c-72bc827f2ef5:20160407213830.945:1766</Value>
          <Value>cn:1766:1:55a73700-c891-46fd-8f5c-72bc827f2ef5:20160407213830.945:1766</Value>
          <Value>createTimeStamp:1766:1:55a73700-c891-46fd-8f5c-72bc827f2ef5:20160407213830.945:1766</Value>
          <Value>defaultObjectCategory:1766:1:55a73700-c891-46fd-8f5c-72bc827f2ef5:20160407213830.945:1766</Value>
          <Value>entryDN:1766:1:55a73700-c891-46fd-8f5c-72bc827f2ef5:20160407213830.945:1766</Value>
          <Value>governsID:1766:1:55a73700-c891-46fd-8f5c-72bc827f2ef5:20160407213830.945:1766</Value>
          <Value>modifyTimeStamp:1766:1:55a73700-c891-46fd-8f5c-72bc827f2ef5:20160407213830.945:1766</Value>
          <Value>objectClass:1766:1:55a73700-c891-46fd-8f5c-72bc827f2ef5:20160407213830.945:1766</Value>
          <Value>objectClassCategory:1766:1:55a73700-c891-46fd-8f5c-72bc827f2ef5:20160407213830.945:1766</Value>
          <Value>objectGUID:1766:1:55a73700-c891-46fd-8f5c-72bc827f2ef5:20160407213830.945:1766</Value>
          <Value>schemaIDGUID:1766:1:55a73700-c891-46fd-8f5c-72bc827f2ef5:20160407213830.945:1766</Value>
          <Value>subClassOf:1766:1:55a73700-c891-46fd-8f5c-72bc827f2ef5:20160407213830.945:1766</Value>
          <Value>systemMayContain:1766:1:55a73700-c891-46fd-8f5c-72bc827f2ef5:20160407213830.945:1766</Value>
          <Value>uSNChanged:1766:1:55a73700-c891-46fd-8f5c-72bc827f2ef5:20160407213830.945:1766</Value>
          <Value>uSNCreated:1766:1:55a73700-c891-46fd-8f5c-72bc827f2ef5:20160407213830.945:1766</Value>
        </AttributeMetadata>
      </ClassSchemaEntry>
      <ClassSchemaEntry>
        <Name>rpcProfile</Name>
        <AttributeMetadata>
          <Value>auxiliaryClass:1888:1:55a73700-c891-46fd-8f5c-72bc827f2ef5:20160407213831.149:1888</Value>
          <Value>cn:1888:1:55a73700-c891-46fd-8f5c-72bc827f2ef5:20160407213831.149:1888</Value>
          <Value>createTimeStamp:1888:1:55a73700-c891-46fd-8f5c-72bc827f2ef5:20160407213831.149:1888</Value>
          <Value>defaultObjectCategory:1888:1:55a73700-c891-46fd-8f5c-72bc827f2ef5:20160407213831.149:1888</Value>
          <Value>entryDN:1888:1:55a73700-c891-46fd-8f5c-72bc827f2ef5:20160407213831.149:1888</Value>
          <Value>governsID:1888:1:55a73700-c891-46fd-8f5c-72bc827f2ef5:20160407213831.149:1888</Value>
          <Value>modifyTimeStamp:1888:1:55a73700-c891-46fd-8f5c-72bc827f2ef5:20160407213831.149:1888</Value>
          <Value>objectClass:1888:1:55a73700-c891-46fd-8f5c-72bc827f2ef5:20160407213831.149:1888</Value>
          <Value>objectClassCategory:1888:1:55a73700-c891-46fd-8f5c-72bc827f2ef5:20160407213831.149:1888</Value>
          <Value>objectGUID:1888:1:55a73700-c891-46fd-8f5c-72bc827f2ef5:20160407213831.149:1888</Value>
          <Value>schemaIDGUID:1888:1:55a73700-c891-46fd-8f5c-72bc827f2ef5:20160407213831.149:1888</Value>
          <Value>subClassOf:1888:1:55a73700-c891-46fd-8f5c-72bc827f2ef5:20160407213831.149:1888</Value>
          <Value>uSNChanged:1888:1:55a73700-c891-46fd-8f5c-72bc827f2ef5:20160407213831.149:1888</Value>
          <Value>uSNCreated:1888:1:55a73700-c891-46fd-8f5c-72bc827f2ef5:20160407213831.149:1888</Value>
        </AttributeMetadata>
      </ClassSchemaEntry>
      <ClassSchemaEntry>
        <Name>rpcProfileElement</Name>
        <AttributeMetadata>
          <Value>auxiliaryClass:2062:1:55a73700-c891-46fd-8f5c-72bc827f2ef5:20160407213831.446:2062</Value>
          <Value>cn:2062:1:55a73700-c891-46fd-8f5c-72bc827f2ef5:20160407213831.446:2062</Value>
          <Value>createTimeStamp:2062:1:55a73700-c891-46fd-8f5c-72bc827f2ef5:20160407213831.446:2062</Value>
          <Value>defaultObjectCategory:2062:1:55a73700-c891-46fd-8f5c-72bc827f2ef5:20160407213831.446:2062</Value>
          <Value>entryDN:2062:1:55a73700-c891-46fd-8f5c-72bc827f2ef5:20160407213831.446:2062</Value>
          <Value>governsID:2062:1:55a73700-c891-46fd-8f5c-72bc827f2ef5:20160407213831.446:2062</Value>
          <Value>modifyTimeStamp:2062:1:55a73700-c891-46fd-8f5c-72bc827f2ef5:20160407213831.446:2062</Value>
          <Value>objectClass:2062:1:55a73700-c891-46fd-8f5c-72bc827f2ef5:20160407213831.446:2062</Value>
          <Value>objectClassCategory:2062:1:55a73700-c891-46fd-8f5c-72bc827f2ef5:20160407213831.446:2062</Value>
          <Value>objectGUID:2062:1:55a73700-c891-46fd-8f5c-72bc827f2ef5:20160407213831.446:2062</Value>
          <Value>schemaIDGUID:2062:1:55a73700-c891-46fd-8f5c-72bc827f2ef5:20160407213831.446:2062</Value>
          <Value>subClassOf:2062:1:55a73700-c891-46fd-8f5c-72bc827f2ef5:20160407213831.446:2062</Value>
          <Value>systemMayContain:2062:1:55a73700-c891-46fd-8f5c-72bc827f2ef5:20160407213831.446:2062</Value>
          <Value>systemMustContain:2062:1:55a73700-c891-46fd-8f5c-72bc827f2ef5:20160407213831.446:2062</Value>
          <Value>uSNChanged:2062:1:55a73700-c891-46fd-8f5c-72bc827f2ef5:20160407213831.446:2062</Value>
          <Value>uSNCreated:2062:1:55a73700-c891-46fd-8f5c-72bc827f2ef5:20160407213831.446:2062</Value>
        </AttributeMetadata>
      </ClassSchemaEntry>
      <ClassSchemaEntry>
        <Name>rpcServer</Name>
        <AttributeMetadata>
          <Value>auxiliaryClass:1814:1:55a73700-c891-46fd-8f5c-72bc827f2ef5:20160407213831.028:1814</Value>
          <Value>cn:1814:1:55a73700-c891-46fd-8f5c-72bc827f2ef5:20160407213831.028:1814</Value>
          <Value>createTimeStamp:1814:1:55a73700-c891-46fd-8f5c-72bc827f2ef5:20160407213831.028:1814</Value>
          <Value>defaultObjectCategory:1814:1:55a73700-c891-46fd-8f5c-72bc827f2ef5:20160407213831.028:1814</Value>
          <Value>entryDN:1814:1:55a73700-c891-46fd-8f5c-72bc827f2ef5:20160407213831.028:1814</Value>
          <Value>governsID:1814:1:55a73700-c891-46fd-8f5c-72bc827f2ef5:20160407213831.028:1814</Value>
          <Value>modifyTimeStamp:1814:1:55a73700-c891-46fd-8f5c-72bc827f2ef5:20160407213831.028:1814</Value>
          <Value>objectClass:1814:1:55a73700-c891-46fd-8f5c-72bc827f2ef5:20160407213831.028:1814</Value>
          <Value>objectClassCategory:1814:1:55a73700-c891-46fd-8f5c-72bc827f2ef5:20160407213831.028:1814</Value>
          <Value>objectGUID:1814:1:55a73700-c891-46fd-8f5c-72bc827f2ef5:20160407213831.028:1814</Value>
          <Value>schemaIDGUID:1814:1:55a73700-c891-46fd-8f5c-72bc827f2ef5:20160407213831.028:1814</Value>
          <Value>subClassOf:1814:1:55a73700-c891-46fd-8f5c-72bc827f2ef5:20160407213831.028:1814</Value>
          <Value>systemMayContain:1814:1:55a73700-c891-46fd-8f5c-72bc827f2ef5:20160407213831.028:1814</Value>
          <Value>uSNChanged:1814:1:55a73700-c891-46fd-8f5c-72bc827f2ef5:20160407213831.028:1814</Value>
          <Value>uSNCreated:1814:1:55a73700-c891-46fd-8f5c-72bc827f2ef5:20160407213831.028:1814</Value>
        </AttributeMetadata>
      </ClassSchemaEntry>
      <ClassSchemaEntry>
        <Name>rpcServerElement</Name>
        <AttributeMetadata>
          <Value>auxiliaryClass:1879:1:55a73700-c891-46fd-8f5c-72bc827f2ef5:20160407213831.128:1879</Value>
          <Value>cn:1879:1:55a73700-c891-46fd-8f5c-72bc827f2ef5:20160407213831.128:1879</Value>
          <Value>createTimeStamp:1879:1:55a73700-c891-46fd-8f5c-72bc827f2ef5:20160407213831.128:1879</Value>
          <Value>defaultObjectCategory:1879:1:55a73700-c891-46fd-8f5c-72bc827f2ef5:20160407213831.128:1879</Value>
          <Value>entryDN:1879:1:55a73700-c891-46fd-8f5c-72bc827f2ef5:20160407213831.128:1879</Value>
          <Value>governsID:1879:1:55a73700-c891-46fd-8f5c-72bc827f2ef5:20160407213831.128:1879</Value>
          <Value>modifyTimeStamp:1879:1:55a73700-c891-46fd-8f5c-72bc827f2ef5:20160407213831.128:1879</Value>
          <Value>objectClass:1879:1:55a73700-c891-46fd-8f5c-72bc827f2ef5:20160407213831.128:1879</Value>
          <Value>objectClassCategory:1879:1:55a73700-c891-46fd-8f5c-72bc827f2ef5:20160407213831.128:1879</Value>
          <Value>objectGUID:1879:1:55a73700-c891-46fd-8f5c-72bc827f2ef5:20160407213831.128:1879</Value>
          <Value>schemaIDGUID:1879:1:55a73700-c891-46fd-8f5c-72bc827f2ef5:20160407213831.128:1879</Value>
          <Value>subClassOf:1879:1:55a73700-c891-46fd-8f5c-72bc827f2ef5:20160407213831.128:1879</Value>
          <Value>systemMustContain:1879:1:55a73700-c891-46fd-8f5c-72bc827f2ef5:20160407213831.128:1879</Value>
          <Value>uSNChanged:1879:1:55a73700-c891-46fd-8f5c-72bc827f2ef5:20160407213831.128:1879</Value>
          <Value>uSNCreated:1879:1:55a73700-c891-46fd-8f5c-72bc827f2ef5:20160407213831.128:1879</Value>
        </AttributeMetadata>
      </ClassSchemaEntry>
      <ClassSchemaEntry>
        <Name>rRASAdministrationConnectionPoint</Name>
        <AttributeMetadata>
          <Value>auxiliaryClass:1947:1:55a73700-c891-46fd-8f5c-72bc827f2ef5:20160407213831.246:1947</Value>
          <Value>cn:1947:1:55a73700-c891-46fd-8f5c-72bc827f2ef5:20160407213831.246:1947</Value>
          <Value>createTimeStamp:1947:1:55a73700-c891-46fd-8f5c-72bc827f2ef5:20160407213831.246:1947</Value>
          <Value>defaultObjectCategory:1947:1:55a73700-c891-46fd-8f5c-72bc827f2ef5:20160407213831.246:1947</Value>
          <Value>entryDN:1947:1:55a73700-c891-46fd-8f5c-72bc827f2ef5:20160407213831.246:1947</Value>
          <Value>governsID:1947:1:55a73700-c891-46fd-8f5c-72bc827f2ef5:20160407213831.246:1947</Value>
          <Value>modifyTimeStamp:1947:1:55a73700-c891-46fd-8f5c-72bc827f2ef5:20160407213831.246:1947</Value>
          <Value>objectClass:1947:1:55a73700-c891-46fd-8f5c-72bc827f2ef5:20160407213831.246:1947</Value>
          <Value>objectClassCategory:1947:1:55a73700-c891-46fd-8f5c-72bc827f2ef5:20160407213831.246:1947</Value>
          <Value>objectGUID:1947:1:55a73700-c891-46fd-8f5c-72bc827f2ef5:20160407213831.246:1947</Value>
          <Value>schemaIDGUID:1947:1:55a73700-c891-46fd-8f5c-72bc827f2ef5:20160407213831.246:1947</Value>
          <Value>subClassOf:1947:1:55a73700-c891-46fd-8f5c-72bc827f2ef5:20160407213831.246:1947</Value>
          <Value>systemMayContain:1947:1:55a73700-c891-46fd-8f5c-72bc827f2ef5:20160407213831.246:1947</Value>
          <Value>uSNChanged:1947:1:55a73700-c891-46fd-8f5c-72bc827f2ef5:20160407213831.246:1947</Value>
          <Value>uSNCreated:1947:1:55a73700-c891-46fd-8f5c-72bc827f2ef5:20160407213831.246:1947</Value>
        </AttributeMetadata>
      </ClassSchemaEntry>
      <ClassSchemaEntry>
        <Name>rRASAdministrationDictionary</Name>
        <AttributeMetadata>
          <Value>auxiliaryClass:2050:1:55a73700-c891-46fd-8f5c-72bc827f2ef5:20160407213831.423:2050</Value>
          <Value>cn:2050:1:55a73700-c891-46fd-8f5c-72bc827f2ef5:20160407213831.423:2050</Value>
          <Value>createTimeStamp:2050:1:55a73700-c891-46fd-8f5c-72bc827f2ef5:20160407213831.423:2050</Value>
          <Value>defaultObjectCategory:2050:1:55a73700-c891-46fd-8f5c-72bc827f2ef5:20160407213831.423:2050</Value>
          <Value>entryDN:2050:1:55a73700-c891-46fd-8f5c-72bc827f2ef5:20160407213831.423:2050</Value>
          <Value>governsID:2050:1:55a73700-c891-46fd-8f5c-72bc827f2ef5:20160407213831.423:2050</Value>
          <Value>modifyTimeStamp:2050:1:55a73700-c891-46fd-8f5c-72bc827f2ef5:20160407213831.423:2050</Value>
          <Value>objectClass:2050:1:55a73700-c891-46fd-8f5c-72bc827f2ef5:20160407213831.423:2050</Value>
          <Value>objectClassCategory:2050:1:55a73700-c891-46fd-8f5c-72bc827f2ef5:20160407213831.423:2050</Value>
          <Value>objectGUID:2050:1:55a73700-c891-46fd-8f5c-72bc827f2ef5:20160407213831.423:2050</Value>
          <Value>schemaIDGUID:2050:1:55a73700-c891-46fd-8f5c-72bc827f2ef5:20160407213831.423:2050</Value>
          <Value>subClassOf:2050:1:55a73700-c891-46fd-8f5c-72bc827f2ef5:20160407213831.423:2050</Value>
          <Value>systemMayContain:2050:1:55a73700-c891-46fd-8f5c-72bc827f2ef5:20160407213831.423:2050</Value>
          <Value>uSNChanged:2050:1:55a73700-c891-46fd-8f5c-72bc827f2ef5:20160407213831.423:2050</Value>
          <Value>uSNCreated:2050:1:55a73700-c891-46fd-8f5c-72bc827f2ef5:20160407213831.423:2050</Value>
        </AttributeMetadata>
      </ClassSchemaEntry>
      <ClassSchemaEntry>
        <Name>samDomain</Name>
        <AttributeMetadata>
          <Value>cn:2047:1:55a73700-c891-46fd-8f5c-72bc827f2ef5:20160407213831.420:2047</Value>
          <Value>createTimeStamp:2047:1:55a73700-c891-46fd-8f5c-72bc827f2ef5:20160407213831.420:2047</Value>
          <Value>defaultObjectCategory:2047:1:55a73700-c891-46fd-8f5c-72bc827f2ef5:20160407213831.420:2047</Value>
          <Value>entryDN:2047:1:55a73700-c891-46fd-8f5c-72bc827f2ef5:20160407213831.420:2047</Value>
          <Value>governsID:2047:1:55a73700-c891-46fd-8f5c-72bc827f2ef5:20160407213831.420:2047</Value>
          <Value>modifyTimeStamp:2047:1:55a73700-c891-46fd-8f5c-72bc827f2ef5:20160407213831.420:2047</Value>
          <Value>objectClass:2047:1:55a73700-c891-46fd-8f5c-72bc827f2ef5:20160407213831.420:2047</Value>
          <Value>objectClassCategory:2047:1:55a73700-c891-46fd-8f5c-72bc827f2ef5:20160407213831.420:2047</Value>
          <Value>objectGUID:2047:1:55a73700-c891-46fd-8f5c-72bc827f2ef5:20160407213831.420:2047</Value>
          <Value>schemaIDGUID:2047:1:55a73700-c891-46fd-8f5c-72bc827f2ef5:20160407213831.420:2047</Value>
          <Value>subClassOf:2047:1:55a73700-c891-46fd-8f5c-72bc827f2ef5:20160407213831.420:2047</Value>
          <Value>systemMayContain:2047:1:55a73700-c891-46fd-8f5c-72bc827f2ef5:20160407213831.420:2047</Value>
          <Value>uSNChanged:2047:1:55a73700-c891-46fd-8f5c-72bc827f2ef5:20160407213831.420:2047</Value>
          <Value>uSNCreated:2047:1:55a73700-c891-46fd-8f5c-72bc827f2ef5:20160407213831.420:2047</Value>
        </AttributeMetadata>
      </ClassSchemaEntry>
      <ClassSchemaEntry>
        <Name>samDomainBase</Name>
        <AttributeMetadata>
          <Value>cn:1761:1:55a73700-c891-46fd-8f5c-72bc827f2ef5:20160407213830.937:1761</Value>
          <Value>createTimeStamp:1761:1:55a73700-c891-46fd-8f5c-72bc827f2ef5:20160407213830.937:1761</Value>
          <Value>defaultObjectCategory:1761:1:55a73700-c891-46fd-8f5c-72bc827f2ef5:20160407213830.937:1761</Value>
          <Value>entryDN:1761:1:55a73700-c891-46fd-8f5c-72bc827f2ef5:20160407213830.937:1761</Value>
          <Value>governsID:1761:1:55a73700-c891-46fd-8f5c-72bc827f2ef5:20160407213830.937:1761</Value>
          <Value>modifyTimeStamp:1761:1:55a73700-c891-46fd-8f5c-72bc827f2ef5:20160407213830.937:1761</Value>
          <Value>objectClass:1761:1:55a73700-c891-46fd-8f5c-72bc827f2ef5:20160407213830.937:1761</Value>
          <Value>objectClassCategory:1761:1:55a73700-c891-46fd-8f5c-72bc827f2ef5:20160407213830.937:1761</Value>
          <Value>objectGUID:1761:1:55a73700-c891-46fd-8f5c-72bc827f2ef5:20160407213830.937:1761</Value>
          <Value>schemaIDGUID:1761:1:55a73700-c891-46fd-8f5c-72bc827f2ef5:20160407213830.937:1761</Value>
          <Value>subClassOf:1761:1:55a73700-c891-46fd-8f5c-72bc827f2ef5:20160407213830.937:1761</Value>
          <Value>systemMayContain:1761:1:55a73700-c891-46fd-8f5c-72bc827f2ef5:20160407213830.937:1761</Value>
          <Value>uSNChanged:1761:1:55a73700-c891-46fd-8f5c-72bc827f2ef5:20160407213830.937:1761</Value>
          <Value>uSNCreated:1761:1:55a73700-c891-46fd-8f5c-72bc827f2ef5:20160407213830.937:1761</Value>
        </AttributeMetadata>
      </ClassSchemaEntry>
      <ClassSchemaEntry>
        <Name>samServer</Name>
        <AttributeMetadata>
          <Value>auxiliaryClass:2029:1:55a73700-c891-46fd-8f5c-72bc827f2ef5:20160407213831.389:2029</Value>
          <Value>cn:2029:1:55a73700-c891-46fd-8f5c-72bc827f2ef5:20160407213831.389:2029</Value>
          <Value>createTimeStamp:2029:1:55a73700-c891-46fd-8f5c-72bc827f2ef5:20160407213831.389:2029</Value>
          <Value>defaultObjectCategory:2029:1:55a73700-c891-46fd-8f5c-72bc827f2ef5:20160407213831.389:2029</Value>
          <Value>entryDN:2029:1:55a73700-c891-46fd-8f5c-72bc827f2ef5:20160407213831.389:2029</Value>
          <Value>governsID:2029:1:55a73700-c891-46fd-8f5c-72bc827f2ef5:20160407213831.389:2029</Value>
          <Value>modifyTimeStamp:2029:1:55a73700-c891-46fd-8f5c-72bc827f2ef5:20160407213831.389:2029</Value>
          <Value>objectClass:2029:1:55a73700-c891-46fd-8f5c-72bc827f2ef5:20160407213831.389:2029</Value>
          <Value>objectClassCategory:2029:1:55a73700-c891-46fd-8f5c-72bc827f2ef5:20160407213831.389:2029</Value>
          <Value>objectGUID:2029:1:55a73700-c891-46fd-8f5c-72bc827f2ef5:20160407213831.389:2029</Value>
          <Value>schemaIDGUID:2029:1:55a73700-c891-46fd-8f5c-72bc827f2ef5:20160407213831.389:2029</Value>
          <Value>subClassOf:2029:1:55a73700-c891-46fd-8f5c-72bc827f2ef5:20160407213831.389:2029</Value>
          <Value>systemMayContain:2029:1:55a73700-c891-46fd-8f5c-72bc827f2ef5:20160407213831.389:2029</Value>
          <Value>uSNChanged:2029:1:55a73700-c891-46fd-8f5c-72bc827f2ef5:20160407213831.389:2029</Value>
          <Value>uSNCreated:2029:1:55a73700-c891-46fd-8f5c-72bc827f2ef5:20160407213831.389:2029</Value>
        </AttributeMetadata>
      </ClassSchemaEntry>
      <ClassSchemaEntry>
        <Name>secret</Name>
        <AttributeMetadata>
          <Value>auxiliaryClass:1875:1:55a73700-c891-46fd-8f5c-72bc827f2ef5:20160407213831.124:1875</Value>
          <Value>cn:1875:1:55a73700-c891-46fd-8f5c-72bc827f2ef5:20160407213831.124:1875</Value>
          <Value>createTimeStamp:1875:1:55a73700-c891-46fd-8f5c-72bc827f2ef5:20160407213831.124:1875</Value>
          <Value>defaultObjectCategory:1875:1:55a73700-c891-46fd-8f5c-72bc827f2ef5:20160407213831.124:1875</Value>
          <Value>entryDN:1875:1:55a73700-c891-46fd-8f5c-72bc827f2ef5:20160407213831.124:1875</Value>
          <Value>governsID:1875:1:55a73700-c891-46fd-8f5c-72bc827f2ef5:20160407213831.124:1875</Value>
          <Value>modifyTimeStamp:1875:1:55a73700-c891-46fd-8f5c-72bc827f2ef5:20160407213831.124:1875</Value>
          <Value>objectClass:1875:1:55a73700-c891-46fd-8f5c-72bc827f2ef5:20160407213831.124:1875</Value>
          <Value>objectClassCategory:1875:1:55a73700-c891-46fd-8f5c-72bc827f2ef5:20160407213831.124:1875</Value>
          <Value>objectGUID:1875:1:55a73700-c891-46fd-8f5c-72bc827f2ef5:20160407213831.124:1875</Value>
          <Value>schemaIDGUID:1875:1:55a73700-c891-46fd-8f5c-72bc827f2ef5:20160407213831.124:1875</Value>
          <Value>subClassOf:1875:1:55a73700-c891-46fd-8f5c-72bc827f2ef5:20160407213831.124:1875</Value>
          <Value>systemMayContain:1875:1:55a73700-c891-46fd-8f5c-72bc827f2ef5:20160407213831.124:1875</Value>
          <Value>uSNChanged:1875:1:55a73700-c891-46fd-8f5c-72bc827f2ef5:20160407213831.124:1875</Value>
          <Value>uSNCreated:1875:1:55a73700-c891-46fd-8f5c-72bc827f2ef5:20160407213831.124:1875</Value>
        </AttributeMetadata>
      </ClassSchemaEntry>
      <ClassSchemaEntry>
        <Name>securityObject</Name>
        <AttributeMetadata>
          <Value>cn:1982:1:55a73700-c891-46fd-8f5c-72bc827f2ef5:20160407213831.306:1982</Value>
          <Value>createTimeStamp:1982:1:55a73700-c891-46fd-8f5c-72bc827f2ef5:20160407213831.306:1982</Value>
          <Value>defaultObjectCategory:1982:1:55a73700-c891-46fd-8f5c-72bc827f2ef5:20160407213831.306:1982</Value>
          <Value>entryDN:1982:1:55a73700-c891-46fd-8f5c-72bc827f2ef5:20160407213831.306:1982</Value>
          <Value>governsID:1982:1:55a73700-c891-46fd-8f5c-72bc827f2ef5:20160407213831.306:1982</Value>
          <Value>modifyTimeStamp:1982:1:55a73700-c891-46fd-8f5c-72bc827f2ef5:20160407213831.306:1982</Value>
          <Value>objectClass:1982:1:55a73700-c891-46fd-8f5c-72bc827f2ef5:20160407213831.306:1982</Value>
          <Value>objectClassCategory:1982:1:55a73700-c891-46fd-8f5c-72bc827f2ef5:20160407213831.306:1982</Value>
          <Value>objectGUID:1982:1:55a73700-c891-46fd-8f5c-72bc827f2ef5:20160407213831.306:1982</Value>
          <Value>schemaIDGUID:1982:1:55a73700-c891-46fd-8f5c-72bc827f2ef5:20160407213831.306:1982</Value>
          <Value>subClassOf:1982:1:55a73700-c891-46fd-8f5c-72bc827f2ef5:20160407213831.306:1982</Value>
          <Value>systemMustContain:1982:1:55a73700-c891-46fd-8f5c-72bc827f2ef5:20160407213831.306:1982</Value>
          <Value>uSNChanged:1982:1:55a73700-c891-46fd-8f5c-72bc827f2ef5:20160407213831.306:1982</Value>
          <Value>uSNCreated:1982:1:55a73700-c891-46fd-8f5c-72bc827f2ef5:20160407213831.306:1982</Value>
        </AttributeMetadata>
      </ClassSchemaEntry>
      <ClassSchemaEntry>
        <Name>securityPrincipal</Name>
        <AttributeMetadata>
          <Value>cn:1872:1:55a73700-c891-46fd-8f5c-72bc827f2ef5:20160407213831.120:1872</Value>
          <Value>createTimeStamp:1872:1:55a73700-c891-46fd-8f5c-72bc827f2ef5:20160407213831.120:1872</Value>
          <Value>defaultObjectCategory:1872:1:55a73700-c891-46fd-8f5c-72bc827f2ef5:20160407213831.120:1872</Value>
          <Value>entryDN:1872:1:55a73700-c891-46fd-8f5c-72bc827f2ef5:20160407213831.120:1872</Value>
          <Value>governsID:1872:1:55a73700-c891-46fd-8f5c-72bc827f2ef5:20160407213831.120:1872</Value>
          <Value>modifyTimeStamp:1872:1:55a73700-c891-46fd-8f5c-72bc827f2ef5:20160407213831.120:1872</Value>
          <Value>objectClass:1872:1:55a73700-c891-46fd-8f5c-72bc827f2ef5:20160407213831.120:1872</Value>
          <Value>objectClassCategory:1872:1:55a73700-c891-46fd-8f5c-72bc827f2ef5:20160407213831.120:1872</Value>
          <Value>objectGUID:1872:1:55a73700-c891-46fd-8f5c-72bc827f2ef5:20160407213831.120:1872</Value>
          <Value>schemaIDGUID:1872:1:55a73700-c891-46fd-8f5c-72bc827f2ef5:20160407213831.120:1872</Value>
          <Value>subClassOf:1872:1:55a73700-c891-46fd-8f5c-72bc827f2ef5:20160407213831.120:1872</Value>
          <Value>systemMayContain:1872:1:55a73700-c891-46fd-8f5c-72bc827f2ef5:20160407213831.120:1872</Value>
          <Value>systemMustContain:1872:1:55a73700-c891-46fd-8f5c-72bc827f2ef5:20160407213831.120:1872</Value>
          <Value>uSNChanged:1872:1:55a73700-c891-46fd-8f5c-72bc827f2ef5:20160407213831.120:1872</Value>
          <Value>uSNCreated:1872:1:55a73700-c891-46fd-8f5c-72bc827f2ef5:20160407213831.120:1872</Value>
        </AttributeMetadata>
      </ClassSchemaEntry>
      <ClassSchemaEntry>
        <Name>server</Name>
        <AttributeMetadata>
          <Value>auxiliaryClass:2046:1:55a73700-c891-46fd-8f5c-72bc827f2ef5:20160407213831.419:2046</Value>
          <Value>cn:2046:1:55a73700-c891-46fd-8f5c-72bc827f2ef5:20160407213831.419:2046</Value>
          <Value>createTimeStamp:2046:1:55a73700-c891-46fd-8f5c-72bc827f2ef5:20160407213831.419:2046</Value>
          <Value>defaultObjectCategory:2046:1:55a73700-c891-46fd-8f5c-72bc827f2ef5:20160407213831.419:2046</Value>
          <Value>entryDN:2046:1:55a73700-c891-46fd-8f5c-72bc827f2ef5:20160407213831.419:2046</Value>
          <Value>governsID:2046:1:55a73700-c891-46fd-8f5c-72bc827f2ef5:20160407213831.419:2046</Value>
          <Value>modifyTimeStamp:2046:1:55a73700-c891-46fd-8f5c-72bc827f2ef5:20160407213831.419:2046</Value>
          <Value>objectClass:2046:1:55a73700-c891-46fd-8f5c-72bc827f2ef5:20160407213831.419:2046</Value>
          <Value>objectClassCategory:2046:1:55a73700-c891-46fd-8f5c-72bc827f2ef5:20160407213831.419:2046</Value>
          <Value>objectGUID:2046:1:55a73700-c891-46fd-8f5c-72bc827f2ef5:20160407213831.419:2046</Value>
          <Value>schemaIDGUID:2046:1:55a73700-c891-46fd-8f5c-72bc827f2ef5:20160407213831.419:2046</Value>
          <Value>subClassOf:2046:1:55a73700-c891-46fd-8f5c-72bc827f2ef5:20160407213831.419:2046</Value>
          <Value>systemMayContain:2046:1:55a73700-c891-46fd-8f5c-72bc827f2ef5:20160407213831.419:2046</Value>
          <Value>uSNChanged:2046:1:55a73700-c891-46fd-8f5c-72bc827f2ef5:20160407213831.419:2046</Value>
          <Value>uSNCreated:2046:1:55a73700-c891-46fd-8f5c-72bc827f2ef5:20160407213831.419:2046</Value>
        </AttributeMetadata>
      </ClassSchemaEntry>
      <ClassSchemaEntry>
        <Name>serversContainer</Name>
        <AttributeMetadata>
          <Value>auxiliaryClass:1760:1:55a73700-c891-46fd-8f5c-72bc827f2ef5:20160407213830.935:1760</Value>
          <Value>cn:1760:1:55a73700-c891-46fd-8f5c-72bc827f2ef5:20160407213830.935:1760</Value>
          <Value>createTimeStamp:1760:1:55a73700-c891-46fd-8f5c-72bc827f2ef5:20160407213830.935:1760</Value>
          <Value>defaultObjectCategory:1760:1:55a73700-c891-46fd-8f5c-72bc827f2ef5:20160407213830.935:1760</Value>
          <Value>entryDN:1760:1:55a73700-c891-46fd-8f5c-72bc827f2ef5:20160407213830.935:1760</Value>
          <Value>governsID:1760:1:55a73700-c891-46fd-8f5c-72bc827f2ef5:20160407213830.935:1760</Value>
          <Value>modifyTimeStamp:1760:1:55a73700-c891-46fd-8f5c-72bc827f2ef5:20160407213830.935:1760</Value>
          <Value>objectClass:1760:1:55a73700-c891-46fd-8f5c-72bc827f2ef5:20160407213830.935:1760</Value>
          <Value>objectClassCategory:1760:1:55a73700-c891-46fd-8f5c-72bc827f2ef5:20160407213830.935:1760</Value>
          <Value>objectGUID:1760:1:55a73700-c891-46fd-8f5c-72bc827f2ef5:20160407213830.935:1760</Value>
          <Value>schemaIDGUID:1760:1:55a73700-c891-46fd-8f5c-72bc827f2ef5:20160407213830.935:1760</Value>
          <Value>subClassOf:1760:1:55a73700-c891-46fd-8f5c-72bc827f2ef5:20160407213830.935:1760</Value>
          <Value>uSNChanged:1760:1:55a73700-c891-46fd-8f5c-72bc827f2ef5:20160407213830.935:1760</Value>
          <Value>uSNCreated:1760:1:55a73700-c891-46fd-8f5c-72bc827f2ef5:20160407213830.935:1760</Value>
        </AttributeMetadata>
      </ClassSchemaEntry>
      <ClassSchemaEntry>
        <Name>serviceAdministrationPoint</Name>
        <AttributeMetadata>
          <Value>auxiliaryClass:2043:1:55a73700-c891-46fd-8f5c-72bc827f2ef5:20160407213831.416:2043</Value>
          <Value>cn:2043:1:55a73700-c891-46fd-8f5c-72bc827f2ef5:20160407213831.416:2043</Value>
          <Value>createTimeStamp:2043:1:55a73700-c891-46fd-8f5c-72bc827f2ef5:20160407213831.416:2043</Value>
          <Value>defaultObjectCategory:2043:1:55a73700-c891-46fd-8f5c-72bc827f2ef5:20160407213831.416:2043</Value>
          <Value>entryDN:2043:1:55a73700-c891-46fd-8f5c-72bc827f2ef5:20160407213831.416:2043</Value>
          <Value>governsID:2043:1:55a73700-c891-46fd-8f5c-72bc827f2ef5:20160407213831.416:2043</Value>
          <Value>modifyTimeStamp:2043:1:55a73700-c891-46fd-8f5c-72bc827f2ef5:20160407213831.416:2043</Value>
          <Value>objectClass:2043:1:55a73700-c891-46fd-8f5c-72bc827f2ef5:20160407213831.416:2043</Value>
          <Value>objectClassCategory:2043:1:55a73700-c891-46fd-8f5c-72bc827f2ef5:20160407213831.416:2043</Value>
          <Value>objectGUID:2043:1:55a73700-c891-46fd-8f5c-72bc827f2ef5:20160407213831.416:2043</Value>
          <Value>schemaIDGUID:2043:1:55a73700-c891-46fd-8f5c-72bc827f2ef5:20160407213831.416:2043</Value>
          <Value>subClassOf:2043:1:55a73700-c891-46fd-8f5c-72bc827f2ef5:20160407213831.416:2043</Value>
          <Value>uSNChanged:2043:1:55a73700-c891-46fd-8f5c-72bc827f2ef5:20160407213831.416:2043</Value>
          <Value>uSNCreated:2043:1:55a73700-c891-46fd-8f5c-72bc827f2ef5:20160407213831.416:2043</Value>
        </AttributeMetadata>
      </ClassSchemaEntry>
      <ClassSchemaEntry>
        <Name>serviceClass</Name>
        <AttributeMetadata>
          <Value>auxiliaryClass:1773:1:55a73700-c891-46fd-8f5c-72bc827f2ef5:20160407213830.952:1773</Value>
          <Value>cn:1773:1:55a73700-c891-46fd-8f5c-72bc827f2ef5:20160407213830.952:1773</Value>
          <Value>createTimeStamp:1773:1:55a73700-c891-46fd-8f5c-72bc827f2ef5:20160407213830.952:1773</Value>
          <Value>defaultObjectCategory:1773:1:55a73700-c891-46fd-8f5c-72bc827f2ef5:20160407213830.952:1773</Value>
          <Value>entryDN:1773:1:55a73700-c891-46fd-8f5c-72bc827f2ef5:20160407213830.952:1773</Value>
          <Value>governsID:1773:1:55a73700-c891-46fd-8f5c-72bc827f2ef5:20160407213830.952:1773</Value>
          <Value>modifyTimeStamp:1773:1:55a73700-c891-46fd-8f5c-72bc827f2ef5:20160407213830.952:1773</Value>
          <Value>objectClass:1773:1:55a73700-c891-46fd-8f5c-72bc827f2ef5:20160407213830.952:1773</Value>
          <Value>objectClassCategory:1773:1:55a73700-c891-46fd-8f5c-72bc827f2ef5:20160407213830.952:1773</Value>
          <Value>objectGUID:1773:1:55a73700-c891-46fd-8f5c-72bc827f2ef5:20160407213830.952:1773</Value>
          <Value>schemaIDGUID:1773:1:55a73700-c891-46fd-8f5c-72bc827f2ef5:20160407213830.952:1773</Value>
          <Value>subClassOf:1773:1:55a73700-c891-46fd-8f5c-72bc827f2ef5:20160407213830.952:1773</Value>
          <Value>systemMayContain:1773:1:55a73700-c891-46fd-8f5c-72bc827f2ef5:20160407213830.952:1773</Value>
          <Value>systemMustContain:1773:1:55a73700-c891-46fd-8f5c-72bc827f2ef5:20160407213830.952:1773</Value>
          <Value>uSNChanged:1773:1:55a73700-c891-46fd-8f5c-72bc827f2ef5:20160407213830.952:1773</Value>
          <Value>uSNCreated:1773:1:55a73700-c891-46fd-8f5c-72bc827f2ef5:20160407213830.952:1773</Value>
        </AttributeMetadata>
      </ClassSchemaEntry>
      <ClassSchemaEntry>
        <Name>serviceConnectionPoint</Name>
        <AttributeMetadata>
          <Value>auxiliaryClass:1862:1:55a73700-c891-46fd-8f5c-72bc827f2ef5:20160407213831.101:1862</Value>
          <Value>cn:1862:1:55a73700-c891-46fd-8f5c-72bc827f2ef5:20160407213831.101:1862</Value>
          <Value>createTimeStamp:1862:1:55a73700-c891-46fd-8f5c-72bc827f2ef5:20160407213831.101:1862</Value>
          <Value>defaultObjectCategory:1862:1:55a73700-c891-46fd-8f5c-72bc827f2ef5:20160407213831.101:1862</Value>
          <Value>entryDN:1862:1:55a73700-c891-46fd-8f5c-72bc827f2ef5:20160407213831.101:1862</Value>
          <Value>governsID:1862:1:55a73700-c891-46fd-8f5c-72bc827f2ef5:20160407213831.101:1862</Value>
          <Value>modifyTimeStamp:1862:1:55a73700-c891-46fd-8f5c-72bc827f2ef5:20160407213831.101:1862</Value>
          <Value>objectClass:1862:1:55a73700-c891-46fd-8f5c-72bc827f2ef5:20160407213831.101:1862</Value>
          <Value>objectClassCategory:1862:1:55a73700-c891-46fd-8f5c-72bc827f2ef5:20160407213831.101:1862</Value>
          <Value>objectGUID:1862:1:55a73700-c891-46fd-8f5c-72bc827f2ef5:20160407213831.101:1862</Value>
          <Value>schemaIDGUID:1862:1:55a73700-c891-46fd-8f5c-72bc827f2ef5:20160407213831.101:1862</Value>
          <Value>subClassOf:1862:1:55a73700-c891-46fd-8f5c-72bc827f2ef5:20160407213831.101:1862</Value>
          <Value>systemMayContain:1862:1:55a73700-c891-46fd-8f5c-72bc827f2ef5:20160407213831.101:1862</Value>
          <Value>uSNChanged:1862:1:55a73700-c891-46fd-8f5c-72bc827f2ef5:20160407213831.101:1862</Value>
          <Value>uSNCreated:1862:1:55a73700-c891-46fd-8f5c-72bc827f2ef5:20160407213831.101:1862</Value>
        </AttributeMetadata>
      </ClassSchemaEntry>
      <ClassSchemaEntry>
        <Name>serviceInstance</Name>
        <AttributeMetadata>
          <Value>auxiliaryClass:2033:1:55a73700-c891-46fd-8f5c-72bc827f2ef5:20160407213831.393:2033</Value>
          <Value>cn:2033:1:55a73700-c891-46fd-8f5c-72bc827f2ef5:20160407213831.393:2033</Value>
          <Value>createTimeStamp:2033:1:55a73700-c891-46fd-8f5c-72bc827f2ef5:20160407213831.393:2033</Value>
          <Value>defaultObjectCategory:2033:1:55a73700-c891-46fd-8f5c-72bc827f2ef5:20160407213831.393:2033</Value>
          <Value>entryDN:2033:1:55a73700-c891-46fd-8f5c-72bc827f2ef5:20160407213831.393:2033</Value>
          <Value>governsID:2033:1:55a73700-c891-46fd-8f5c-72bc827f2ef5:20160407213831.393:2033</Value>
          <Value>modifyTimeStamp:2033:1:55a73700-c891-46fd-8f5c-72bc827f2ef5:20160407213831.393:2033</Value>
          <Value>objectClass:2033:1:55a73700-c891-46fd-8f5c-72bc827f2ef5:20160407213831.393:2033</Value>
          <Value>objectClassCategory:2033:1:55a73700-c891-46fd-8f5c-72bc827f2ef5:20160407213831.393:2033</Value>
          <Value>objectGUID:2033:1:55a73700-c891-46fd-8f5c-72bc827f2ef5:20160407213831.393:2033</Value>
          <Value>schemaIDGUID:2033:1:55a73700-c891-46fd-8f5c-72bc827f2ef5:20160407213831.393:2033</Value>
          <Value>subClassOf:2033:1:55a73700-c891-46fd-8f5c-72bc827f2ef5:20160407213831.393:2033</Value>
          <Value>systemMayContain:2033:1:55a73700-c891-46fd-8f5c-72bc827f2ef5:20160407213831.393:2033</Value>
          <Value>systemMustContain:2033:1:55a73700-c891-46fd-8f5c-72bc827f2ef5:20160407213831.393:2033</Value>
          <Value>uSNChanged:2033:1:55a73700-c891-46fd-8f5c-72bc827f2ef5:20160407213831.393:2033</Value>
          <Value>uSNCreated:2033:1:55a73700-c891-46fd-8f5c-72bc827f2ef5:20160407213831.393:2033</Value>
        </AttributeMetadata>
      </ClassSchemaEntry>
      <ClassSchemaEntry>
        <Name>shadowAccount</Name>
        <AttributeMetadata>
          <Value>cn:2052:1:55a73700-c891-46fd-8f5c-72bc827f2ef5:20160407213831.425:2052</Value>
          <Value>createTimeStamp:2052:1:55a73700-c891-46fd-8f5c-72bc827f2ef5:20160407213831.425:2052</Value>
          <Value>defaultObjectCategory:2052:1:55a73700-c891-46fd-8f5c-72bc827f2ef5:20160407213831.425:2052</Value>
          <Value>entryDN:2052:1:55a73700-c891-46fd-8f5c-72bc827f2ef5:20160407213831.425:2052</Value>
          <Value>governsID:2052:1:55a73700-c891-46fd-8f5c-72bc827f2ef5:20160407213831.425:2052</Value>
          <Value>modifyTimeStamp:2052:1:55a73700-c891-46fd-8f5c-72bc827f2ef5:20160407213831.425:2052</Value>
          <Value>objectClass:2052:1:55a73700-c891-46fd-8f5c-72bc827f2ef5:20160407213831.425:2052</Value>
          <Value>objectClassCategory:2052:1:55a73700-c891-46fd-8f5c-72bc827f2ef5:20160407213831.425:2052</Value>
          <Value>objectGUID:2052:1:55a73700-c891-46fd-8f5c-72bc827f2ef5:20160407213831.425:2052</Value>
          <Value>schemaIDGUID:2052:1:55a73700-c891-46fd-8f5c-72bc827f2ef5:20160407213831.425:2052</Value>
          <Value>subClassOf:2052:1:55a73700-c891-46fd-8f5c-72bc827f2ef5:20160407213831.425:2052</Value>
          <Value>systemMayContain:2052:1:55a73700-c891-46fd-8f5c-72bc827f2ef5:20160407213831.425:2052</Value>
          <Value>uSNChanged:2052:1:55a73700-c891-46fd-8f5c-72bc827f2ef5:20160407213831.425:2052</Value>
          <Value>uSNCreated:2052:1:55a73700-c891-46fd-8f5c-72bc827f2ef5:20160407213831.425:2052</Value>
        </AttributeMetadata>
      </ClassSchemaEntry>
      <ClassSchemaEntry>
        <Name>simpleSecurityObject</Name>
        <AttributeMetadata>
          <Value>cn:2016:1:55a73700-c891-46fd-8f5c-72bc827f2ef5:20160407213831.364:2016</Value>
          <Value>createTimeStamp:2016:1:55a73700-c891-46fd-8f5c-72bc827f2ef5:20160407213831.364:2016</Value>
          <Value>defaultObjectCategory:2016:1:55a73700-c891-46fd-8f5c-72bc827f2ef5:20160407213831.364:2016</Value>
          <Value>entryDN:2016:1:55a73700-c891-46fd-8f5c-72bc827f2ef5:20160407213831.364:2016</Value>
          <Value>governsID:2016:1:55a73700-c891-46fd-8f5c-72bc827f2ef5:20160407213831.364:2016</Value>
          <Value>modifyTimeStamp:2016:1:55a73700-c891-46fd-8f5c-72bc827f2ef5:20160407213831.364:2016</Value>
          <Value>objectClass:2016:1:55a73700-c891-46fd-8f5c-72bc827f2ef5:20160407213831.364:2016</Value>
          <Value>objectClassCategory:2016:1:55a73700-c891-46fd-8f5c-72bc827f2ef5:20160407213831.364:2016</Value>
          <Value>objectGUID:2016:1:55a73700-c891-46fd-8f5c-72bc827f2ef5:20160407213831.364:2016</Value>
          <Value>schemaIDGUID:2016:1:55a73700-c891-46fd-8f5c-72bc827f2ef5:20160407213831.364:2016</Value>
          <Value>subClassOf:2016:1:55a73700-c891-46fd-8f5c-72bc827f2ef5:20160407213831.364:2016</Value>
          <Value>systemMayContain:2016:1:55a73700-c891-46fd-8f5c-72bc827f2ef5:20160407213831.364:2016</Value>
          <Value>uSNChanged:2016:1:55a73700-c891-46fd-8f5c-72bc827f2ef5:20160407213831.364:2016</Value>
          <Value>uSNCreated:2016:1:55a73700-c891-46fd-8f5c-72bc827f2ef5:20160407213831.364:2016</Value>
        </AttributeMetadata>
      </ClassSchemaEntry>
      <ClassSchemaEntry>
        <Name>site</Name>
        <AttributeMetadata>
          <Value>auxiliaryClass:1796:1:55a73700-c891-46fd-8f5c-72bc827f2ef5:20160407213830.999:1796</Value>
          <Value>cn:1796:1:55a73700-c891-46fd-8f5c-72bc827f2ef5:20160407213830.999:1796</Value>
          <Value>createTimeStamp:1796:1:55a73700-c891-46fd-8f5c-72bc827f2ef5:20160407213830.999:1796</Value>
          <Value>defaultObjectCategory:1796:1:55a73700-c891-46fd-8f5c-72bc827f2ef5:20160407213830.999:1796</Value>
          <Value>entryDN:1796:1:55a73700-c891-46fd-8f5c-72bc827f2ef5:20160407213830.999:1796</Value>
          <Value>governsID:1796:1:55a73700-c891-46fd-8f5c-72bc827f2ef5:20160407213830.999:1796</Value>
          <Value>modifyTimeStamp:1796:1:55a73700-c891-46fd-8f5c-72bc827f2ef5:20160407213830.999:1796</Value>
          <Value>objectClass:1796:1:55a73700-c891-46fd-8f5c-72bc827f2ef5:20160407213830.999:1796</Value>
          <Value>objectClassCategory:1796:1:55a73700-c891-46fd-8f5c-72bc827f2ef5:20160407213830.999:1796</Value>
          <Value>objectGUID:1796:1:55a73700-c891-46fd-8f5c-72bc827f2ef5:20160407213830.999:1796</Value>
          <Value>schemaIDGUID:1796:1:55a73700-c891-46fd-8f5c-72bc827f2ef5:20160407213830.999:1796</Value>
          <Value>subClassOf:1796:1:55a73700-c891-46fd-8f5c-72bc827f2ef5:20160407213830.999:1796</Value>
          <Value>systemMayContain:1796:1:55a73700-c891-46fd-8f5c-72bc827f2ef5:20160407213830.999:1796</Value>
          <Value>uSNChanged:1796:1:55a73700-c891-46fd-8f5c-72bc827f2ef5:20160407213830.999:1796</Value>
          <Value>uSNCreated:1796:1:55a73700-c891-46fd-8f5c-72bc827f2ef5:20160407213830.999:1796</Value>
        </AttributeMetadata>
      </ClassSchemaEntry>
      <ClassSchemaEntry>
        <Name>siteLink</Name>
        <AttributeMetadata>
          <Value>auxiliaryClass:2045:1:55a73700-c891-46fd-8f5c-72bc827f2ef5:20160407213831.418:2045</Value>
          <Value>cn:2045:1:55a73700-c891-46fd-8f5c-72bc827f2ef5:20160407213831.418:2045</Value>
          <Value>createTimeStamp:2045:1:55a73700-c891-46fd-8f5c-72bc827f2ef5:20160407213831.418:2045</Value>
          <Value>defaultObjectCategory:2045:1:55a73700-c891-46fd-8f5c-72bc827f2ef5:20160407213831.418:2045</Value>
          <Value>entryDN:2045:1:55a73700-c891-46fd-8f5c-72bc827f2ef5:20160407213831.418:2045</Value>
          <Value>governsID:2045:1:55a73700-c891-46fd-8f5c-72bc827f2ef5:20160407213831.418:2045</Value>
          <Value>modifyTimeStamp:2045:1:55a73700-c891-46fd-8f5c-72bc827f2ef5:20160407213831.418:2045</Value>
          <Value>objectClass:2045:1:55a73700-c891-46fd-8f5c-72bc827f2ef5:20160407213831.418:2045</Value>
          <Value>objectClassCategory:2045:1:55a73700-c891-46fd-8f5c-72bc827f2ef5:20160407213831.418:2045</Value>
          <Value>objectGUID:2045:1:55a73700-c891-46fd-8f5c-72bc827f2ef5:20160407213831.418:2045</Value>
          <Value>schemaIDGUID:2045:1:55a73700-c891-46fd-8f5c-72bc827f2ef5:20160407213831.418:2045</Value>
          <Value>subClassOf:2045:1:55a73700-c891-46fd-8f5c-72bc827f2ef5:20160407213831.418:2045</Value>
          <Value>systemMayContain:2045:1:55a73700-c891-46fd-8f5c-72bc827f2ef5:20160407213831.418:2045</Value>
          <Value>systemMustContain:2045:1:55a73700-c891-46fd-8f5c-72bc827f2ef5:20160407213831.418:2045</Value>
          <Value>uSNChanged:2045:1:55a73700-c891-46fd-8f5c-72bc827f2ef5:20160407213831.418:2045</Value>
          <Value>uSNCreated:2045:1:55a73700-c891-46fd-8f5c-72bc827f2ef5:20160407213831.418:2045</Value>
        </AttributeMetadata>
      </ClassSchemaEntry>
      <ClassSchemaEntry>
        <Name>siteLinkBridge</Name>
        <AttributeMetadata>
          <Value>auxiliaryClass:1785:1:55a73700-c891-46fd-8f5c-72bc827f2ef5:20160407213830.976:1785</Value>
          <Value>cn:1785:1:55a73700-c891-46fd-8f5c-72bc827f2ef5:20160407213830.976:1785</Value>
          <Value>createTimeStamp:1785:1:55a73700-c891-46fd-8f5c-72bc827f2ef5:20160407213830.976:1785</Value>
          <Value>defaultObjectCategory:1785:1:55a73700-c891-46fd-8f5c-72bc827f2ef5:20160407213830.976:1785</Value>
          <Value>entryDN:1785:1:55a73700-c891-46fd-8f5c-72bc827f2ef5:20160407213830.976:1785</Value>
          <Value>governsID:1785:1:55a73700-c891-46fd-8f5c-72bc827f2ef5:20160407213830.976:1785</Value>
          <Value>modifyTimeStamp:1785:1:55a73700-c891-46fd-8f5c-72bc827f2ef5:20160407213830.976:1785</Value>
          <Value>objectClass:1785:1:55a73700-c891-46fd-8f5c-72bc827f2ef5:20160407213830.976:1785</Value>
          <Value>objectClassCategory:1785:1:55a73700-c891-46fd-8f5c-72bc827f2ef5:20160407213830.976:1785</Value>
          <Value>objectGUID:1785:1:55a73700-c891-46fd-8f5c-72bc827f2ef5:20160407213830.976:1785</Value>
          <Value>schemaIDGUID:1785:1:55a73700-c891-46fd-8f5c-72bc827f2ef5:20160407213830.976:1785</Value>
          <Value>subClassOf:1785:1:55a73700-c891-46fd-8f5c-72bc827f2ef5:20160407213830.976:1785</Value>
          <Value>systemMustContain:1785:1:55a73700-c891-46fd-8f5c-72bc827f2ef5:20160407213830.976:1785</Value>
          <Value>uSNChanged:1785:1:55a73700-c891-46fd-8f5c-72bc827f2ef5:20160407213830.976:1785</Value>
          <Value>uSNCreated:1785:1:55a73700-c891-46fd-8f5c-72bc827f2ef5:20160407213830.976:1785</Value>
        </AttributeMetadata>
      </ClassSchemaEntry>
      <ClassSchemaEntry>
        <Name>sitesContainer</Name>
        <AttributeMetadata>
          <Value>auxiliaryClass:1959:1:55a73700-c891-46fd-8f5c-72bc827f2ef5:20160407213831.269:1959</Value>
          <Value>cn:1959:1:55a73700-c891-46fd-8f5c-72bc827f2ef5:20160407213831.269:1959</Value>
          <Value>createTimeStamp:1959:1:55a73700-c891-46fd-8f5c-72bc827f2ef5:20160407213831.269:1959</Value>
          <Value>defaultObjectCategory:1959:1:55a73700-c891-46fd-8f5c-72bc827f2ef5:20160407213831.269:1959</Value>
          <Value>entryDN:1959:1:55a73700-c891-46fd-8f5c-72bc827f2ef5:20160407213831.269:1959</Value>
          <Value>governsID:1959:1:55a73700-c891-46fd-8f5c-72bc827f2ef5:20160407213831.269:1959</Value>
          <Value>modifyTimeStamp:1959:1:55a73700-c891-46fd-8f5c-72bc827f2ef5:20160407213831.269:1959</Value>
          <Value>objectClass:1959:1:55a73700-c891-46fd-8f5c-72bc827f2ef5:20160407213831.269:1959</Value>
          <Value>objectClassCategory:1959:1:55a73700-c891-46fd-8f5c-72bc827f2ef5:20160407213831.269:1959</Value>
          <Value>objectGUID:1959:1:55a73700-c891-46fd-8f5c-72bc827f2ef5:20160407213831.269:1959</Value>
          <Value>schemaIDGUID:1959:1:55a73700-c891-46fd-8f5c-72bc827f2ef5:20160407213831.269:1959</Value>
          <Value>subClassOf:1959:1:55a73700-c891-46fd-8f5c-72bc827f2ef5:20160407213831.269:1959</Value>
          <Value>uSNChanged:1959:1:55a73700-c891-46fd-8f5c-72bc827f2ef5:20160407213831.269:1959</Value>
          <Value>uSNCreated:1959:1:55a73700-c891-46fd-8f5c-72bc827f2ef5:20160407213831.269:1959</Value>
        </AttributeMetadata>
      </ClassSchemaEntry>
      <ClassSchemaEntry>
        <Name>storage</Name>
        <AttributeMetadata>
          <Value>auxiliaryClass:1904:1:55a73700-c891-46fd-8f5c-72bc827f2ef5:20160407213831.175:1904</Value>
          <Value>cn:1904:1:55a73700-c891-46fd-8f5c-72bc827f2ef5:20160407213831.175:1904</Value>
          <Value>createTimeStamp:1904:1:55a73700-c891-46fd-8f5c-72bc827f2ef5:20160407213831.175:1904</Value>
          <Value>defaultObjectCategory:1904:1:55a73700-c891-46fd-8f5c-72bc827f2ef5:20160407213831.175:1904</Value>
          <Value>entryDN:1904:1:55a73700-c891-46fd-8f5c-72bc827f2ef5:20160407213831.175:1904</Value>
          <Value>governsID:1904:1:55a73700-c891-46fd-8f5c-72bc827f2ef5:20160407213831.175:1904</Value>
          <Value>modifyTimeStamp:1904:1:55a73700-c891-46fd-8f5c-72bc827f2ef5:20160407213831.175:1904</Value>
          <Value>objectClass:1904:1:55a73700-c891-46fd-8f5c-72bc827f2ef5:20160407213831.175:1904</Value>
          <Value>objectClassCategory:1904:1:55a73700-c891-46fd-8f5c-72bc827f2ef5:20160407213831.175:1904</Value>
          <Value>objectGUID:1904:1:55a73700-c891-46fd-8f5c-72bc827f2ef5:20160407213831.175:1904</Value>
          <Value>schemaIDGUID:1904:1:55a73700-c891-46fd-8f5c-72bc827f2ef5:20160407213831.175:1904</Value>
          <Value>subClassOf:1904:1:55a73700-c891-46fd-8f5c-72bc827f2ef5:20160407213831.175:1904</Value>
          <Value>systemMayContain:1904:1:55a73700-c891-46fd-8f5c-72bc827f2ef5:20160407213831.175:1904</Value>
          <Value>uSNChanged:1904:1:55a73700-c891-46fd-8f5c-72bc827f2ef5:20160407213831.175:1904</Value>
          <Value>uSNCreated:1904:1:55a73700-c891-46fd-8f5c-72bc827f2ef5:20160407213831.175:1904</Value>
        </AttributeMetadata>
      </ClassSchemaEntry>
      <ClassSchemaEntry>
        <Name>strongAuthenticationUser</Name>
        <AttributeMetadata>
          <Value>cn:2000:1:55a73700-c891-46fd-8f5c-72bc827f2ef5:20160407213831.336:2000</Value>
          <Value>createTimeStamp:2000:1:55a73700-c891-46fd-8f5c-72bc827f2ef5:20160407213831.336:2000</Value>
          <Value>defaultObjectCategory:2000:1:55a73700-c891-46fd-8f5c-72bc827f2ef5:20160407213831.336:2000</Value>
          <Value>description:2000:1:55a73700-c891-46fd-8f5c-72bc827f2ef5:20160407213831.336:2000</Value>
          <Value>entryDN:2000:1:55a73700-c891-46fd-8f5c-72bc827f2ef5:20160407213831.336:2000</Value>
          <Value>governsID:2000:1:55a73700-c891-46fd-8f5c-72bc827f2ef5:20160407213831.336:2000</Value>
          <Value>modifyTimeStamp:2000:1:55a73700-c891-46fd-8f5c-72bc827f2ef5:20160407213831.336:2000</Value>
          <Value>objectClass:2000:1:55a73700-c891-46fd-8f5c-72bc827f2ef5:20160407213831.336:2000</Value>
          <Value>objectClassCategory:2000:1:55a73700-c891-46fd-8f5c-72bc827f2ef5:20160407213831.336:2000</Value>
          <Value>objectGUID:2000:1:55a73700-c891-46fd-8f5c-72bc827f2ef5:20160407213831.336:2000</Value>
          <Value>schemaIDGUID:2000:1:55a73700-c891-46fd-8f5c-72bc827f2ef5:20160407213831.336:2000</Value>
          <Value>subClassOf:2000:1:55a73700-c891-46fd-8f5c-72bc827f2ef5:20160407213831.336:2000</Value>
          <Value>systemMustContain:2000:1:55a73700-c891-46fd-8f5c-72bc827f2ef5:20160407213831.336:2000</Value>
          <Value>uSNChanged:2000:1:55a73700-c891-46fd-8f5c-72bc827f2ef5:20160407213831.336:2000</Value>
          <Value>uSNCreated:2000:1:55a73700-c891-46fd-8f5c-72bc827f2ef5:20160407213831.336:2000</Value>
        </AttributeMetadata>
      </ClassSchemaEntry>
      <ClassSchemaEntry>
        <Name>subentry</Name>
        <AttributeMetadata>
          <Value>auxiliaryClass:1802:1:55a73700-c891-46fd-8f5c-72bc827f2ef5:20160407213831.006:1802</Value>
          <Value>cn:1802:1:55a73700-c891-46fd-8f5c-72bc827f2ef5:20160407213831.006:1802</Value>
          <Value>createTimeStamp:1802:1:55a73700-c891-46fd-8f5c-72bc827f2ef5:20160407213831.006:1802</Value>
          <Value>defaultObjectCategory:1802:1:55a73700-c891-46fd-8f5c-72bc827f2ef5:20160407213831.006:1802</Value>
          <Value>description:1802:1:55a73700-c891-46fd-8f5c-72bc827f2ef5:20160407213831.006:1802</Value>
          <Value>entryDN:1802:1:55a73700-c891-46fd-8f5c-72bc827f2ef5:20160407213831.006:1802</Value>
          <Value>governsID:1802:1:55a73700-c891-46fd-8f5c-72bc827f2ef5:20160407213831.006:1802</Value>
          <Value>modifyTimeStamp:1802:1:55a73700-c891-46fd-8f5c-72bc827f2ef5:20160407213831.006:1802</Value>
          <Value>objectClass:1802:1:55a73700-c891-46fd-8f5c-72bc827f2ef5:20160407213831.006:1802</Value>
          <Value>objectClassCategory:1802:1:55a73700-c891-46fd-8f5c-72bc827f2ef5:20160407213831.006:1802</Value>
          <Value>objectGUID:1802:1:55a73700-c891-46fd-8f5c-72bc827f2ef5:20160407213831.006:1802</Value>
          <Value>schemaIDGUID:1802:1:55a73700-c891-46fd-8f5c-72bc827f2ef5:20160407213831.006:1802</Value>
          <Value>subClassOf:1802:1:55a73700-c891-46fd-8f5c-72bc827f2ef5:20160407213831.006:1802</Value>
          <Value>systemMustContain:1802:1:55a73700-c891-46fd-8f5c-72bc827f2ef5:20160407213831.006:1802</Value>
          <Value>uSNChanged:1802:1:55a73700-c891-46fd-8f5c-72bc827f2ef5:20160407213831.006:1802</Value>
          <Value>uSNCreated:1802:1:55a73700-c891-46fd-8f5c-72bc827f2ef5:20160407213831.006:1802</Value>
        </AttributeMetadata>
      </ClassSchemaEntry>
      <ClassSchemaEntry>
        <Name>subnet</Name>
        <AttributeMetadata>
          <Value>auxiliaryClass:2065:1:55a73700-c891-46fd-8f5c-72bc827f2ef5:20160407213831.449:2065</Value>
          <Value>cn:2065:1:55a73700-c891-46fd-8f5c-72bc827f2ef5:20160407213831.449:2065</Value>
          <Value>createTimeStamp:2065:1:55a73700-c891-46fd-8f5c-72bc827f2ef5:20160407213831.449:2065</Value>
          <Value>defaultObjectCategory:2065:1:55a73700-c891-46fd-8f5c-72bc827f2ef5:20160407213831.449:2065</Value>
          <Value>entryDN:2065:1:55a73700-c891-46fd-8f5c-72bc827f2ef5:20160407213831.449:2065</Value>
          <Value>governsID:2065:1:55a73700-c891-46fd-8f5c-72bc827f2ef5:20160407213831.449:2065</Value>
          <Value>modifyTimeStamp:2065:1:55a73700-c891-46fd-8f5c-72bc827f2ef5:20160407213831.449:2065</Value>
          <Value>objectClass:2065:1:55a73700-c891-46fd-8f5c-72bc827f2ef5:20160407213831.449:2065</Value>
          <Value>objectClassCategory:2065:1:55a73700-c891-46fd-8f5c-72bc827f2ef5:20160407213831.449:2065</Value>
          <Value>objectGUID:2065:1:55a73700-c891-46fd-8f5c-72bc827f2ef5:20160407213831.449:2065</Value>
          <Value>schemaIDGUID:2065:1:55a73700-c891-46fd-8f5c-72bc827f2ef5:20160407213831.449:2065</Value>
          <Value>subClassOf:2065:1:55a73700-c891-46fd-8f5c-72bc827f2ef5:20160407213831.449:2065</Value>
          <Value>systemMayContain:2065:1:55a73700-c891-46fd-8f5c-72bc827f2ef5:20160407213831.449:2065</Value>
          <Value>uSNChanged:2065:1:55a73700-c891-46fd-8f5c-72bc827f2ef5:20160407213831.449:2065</Value>
          <Value>uSNCreated:2065:1:55a73700-c891-46fd-8f5c-72bc827f2ef5:20160407213831.449:2065</Value>
        </AttributeMetadata>
      </ClassSchemaEntry>
      <ClassSchemaEntry>
        <Name>subnetContainer</Name>
        <AttributeMetadata>
          <Value>auxiliaryClass:1970:1:55a73700-c891-46fd-8f5c-72bc827f2ef5:20160407213831.289:1970</Value>
          <Value>cn:1970:1:55a73700-c891-46fd-8f5c-72bc827f2ef5:20160407213831.289:1970</Value>
          <Value>createTimeStamp:1970:1:55a73700-c891-46fd-8f5c-72bc827f2ef5:20160407213831.289:1970</Value>
          <Value>defaultObjectCategory:1970:1:55a73700-c891-46fd-8f5c-72bc827f2ef5:20160407213831.289:1970</Value>
          <Value>entryDN:1970:1:55a73700-c891-46fd-8f5c-72bc827f2ef5:20160407213831.289:1970</Value>
          <Value>governsID:1970:1:55a73700-c891-46fd-8f5c-72bc827f2ef5:20160407213831.289:1970</Value>
          <Value>modifyTimeStamp:1970:1:55a73700-c891-46fd-8f5c-72bc827f2ef5:20160407213831.289:1970</Value>
          <Value>objectClass:1970:1:55a73700-c891-46fd-8f5c-72bc827f2ef5:20160407213831.289:1970</Value>
          <Value>objectClassCategory:1970:1:55a73700-c891-46fd-8f5c-72bc827f2ef5:20160407213831.289:1970</Value>
          <Value>objectGUID:1970:1:55a73700-c891-46fd-8f5c-72bc827f2ef5:20160407213831.289:1970</Value>
          <Value>schemaIDGUID:1970:1:55a73700-c891-46fd-8f5c-72bc827f2ef5:20160407213831.289:1970</Value>
          <Value>subClassOf:1970:1:55a73700-c891-46fd-8f5c-72bc827f2ef5:20160407213831.289:1970</Value>
          <Value>uSNChanged:1970:1:55a73700-c891-46fd-8f5c-72bc827f2ef5:20160407213831.289:1970</Value>
          <Value>uSNCreated:1970:1:55a73700-c891-46fd-8f5c-72bc827f2ef5:20160407213831.289:1970</Value>
        </AttributeMetadata>
      </ClassSchemaEntry>
      <ClassSchemaEntry>
        <Name>subschema</Name>
        <AttributeMetadata>
          <Value>cn:1865:1:55a73700-c891-46fd-8f5c-72bc827f2ef5:20160407213831.112:1865</Value>
          <Value>createTimeStamp:1865:1:55a73700-c891-46fd-8f5c-72bc827f2ef5:20160407213831.112:1865</Value>
          <Value>defaultObjectCategory:1865:1:55a73700-c891-46fd-8f5c-72bc827f2ef5:20160407213831.112:1865</Value>
          <Value>description:1865:1:55a73700-c891-46fd-8f5c-72bc827f2ef5:20160407213831.112:1865</Value>
          <Value>entryDN:1865:1:55a73700-c891-46fd-8f5c-72bc827f2ef5:20160407213831.112:1865</Value>
          <Value>governsID:1865:1:55a73700-c891-46fd-8f5c-72bc827f2ef5:20160407213831.112:1865</Value>
          <Value>modifyTimeStamp:1865:1:55a73700-c891-46fd-8f5c-72bc827f2ef5:20160407213831.112:1865</Value>
          <Value>objectClass:1865:1:55a73700-c891-46fd-8f5c-72bc827f2ef5:20160407213831.112:1865</Value>
          <Value>objectClassCategory:1865:1:55a73700-c891-46fd-8f5c-72bc827f2ef5:20160407213831.112:1865</Value>
          <Value>objectGUID:1865:1:55a73700-c891-46fd-8f5c-72bc827f2ef5:20160407213831.112:1865</Value>
          <Value>schemaIDGUID:1865:1:55a73700-c891-46fd-8f5c-72bc827f2ef5:20160407213831.112:1865</Value>
          <Value>subClassOf:1865:1:55a73700-c891-46fd-8f5c-72bc827f2ef5:20160407213831.112:1865</Value>
          <Value>systemMayContain:1865:1:55a73700-c891-46fd-8f5c-72bc827f2ef5:20160407213831.112:1865</Value>
          <Value>uSNChanged:1865:1:55a73700-c891-46fd-8f5c-72bc827f2ef5:20160407213831.112:1865</Value>
          <Value>uSNCreated:1865:1:55a73700-c891-46fd-8f5c-72bc827f2ef5:20160407213831.112:1865</Value>
        </AttributeMetadata>
      </ClassSchemaEntry>
      <ClassSchemaEntry>
        <Name>top</Name>
        <AttributeMetadata>
          <Value>cn:1762:1:55a73700-c891-46fd-8f5c-72bc827f2ef5:20160407213830.938:1762</Value>
          <Value>createTimeStamp:1762:1:55a73700-c891-46fd-8f5c-72bc827f2ef5:20160407213830.938:1762</Value>
          <Value>defaultObjectCategory:1762:1:55a73700-c891-46fd-8f5c-72bc827f2ef5:20160407213830.938:1762</Value>
          <Value>entryDN:1762:1:55a73700-c891-46fd-8f5c-72bc827f2ef5:20160407213830.938:1762</Value>
          <Value>governsID:1762:1:55a73700-c891-46fd-8f5c-72bc827f2ef5:20160407213830.938:1762</Value>
          <Value>modifyTimeStamp:1762:1:55a73700-c891-46fd-8f5c-72bc827f2ef5:20160407213830.938:1762</Value>
          <Value>objectClass:1762:1:55a73700-c891-46fd-8f5c-72bc827f2ef5:20160407213830.938:1762</Value>
          <Value>objectClassCategory:1762:1:55a73700-c891-46fd-8f5c-72bc827f2ef5:20160407213830.938:1762</Value>
          <Value>objectGUID:1762:1:55a73700-c891-46fd-8f5c-72bc827f2ef5:20160407213830.938:1762</Value>
          <Value>schemaIDGUID:1762:1:55a73700-c891-46fd-8f5c-72bc827f2ef5:20160407213830.938:1762</Value>
          <Value>subClassOf:1762:1:55a73700-c891-46fd-8f5c-72bc827f2ef5:20160407213830.938:1762</Value>
          <Value>systemMayContain:1762:1:55a73700-c891-46fd-8f5c-72bc827f2ef5:20160407213830.938:1762</Value>
          <Value>systemMustContain:1762:1:55a73700-c891-46fd-8f5c-72bc827f2ef5:20160407213830.938:1762</Value>
          <Value>uSNChanged:1762:1:55a73700-c891-46fd-8f5c-72bc827f2ef5:20160407213830.938:1762</Value>
          <Value>uSNCreated:1762:1:55a73700-c891-46fd-8f5c-72bc827f2ef5:20160407213830.938:1762</Value>
        </AttributeMetadata>
      </ClassSchemaEntry>
      <ClassSchemaEntry>
        <Name>trustedDomain</Name>
        <AttributeMetadata>
          <Value>auxiliaryClass:2001:1:55a73700-c891-46fd-8f5c-72bc827f2ef5:20160407213831.337:2001</Value>
          <Value>cn:2001:1:55a73700-c891-46fd-8f5c-72bc827f2ef5:20160407213831.337:2001</Value>
          <Value>createTimeStamp:2001:1:55a73700-c891-46fd-8f5c-72bc827f2ef5:20160407213831.337:2001</Value>
          <Value>defaultObjectCategory:2001:1:55a73700-c891-46fd-8f5c-72bc827f2ef5:20160407213831.337:2001</Value>
          <Value>entryDN:2001:1:55a73700-c891-46fd-8f5c-72bc827f2ef5:20160407213831.337:2001</Value>
          <Value>governsID:2001:1:55a73700-c891-46fd-8f5c-72bc827f2ef5:20160407213831.337:2001</Value>
          <Value>modifyTimeStamp:2001:1:55a73700-c891-46fd-8f5c-72bc827f2ef5:20160407213831.337:2001</Value>
          <Value>objectClass:2001:1:55a73700-c891-46fd-8f5c-72bc827f2ef5:20160407213831.337:2001</Value>
          <Value>objectClassCategory:2001:1:55a73700-c891-46fd-8f5c-72bc827f2ef5:20160407213831.337:2001</Value>
          <Value>objectGUID:2001:1:55a73700-c891-46fd-8f5c-72bc827f2ef5:20160407213831.337:2001</Value>
          <Value>schemaIDGUID:2001:1:55a73700-c891-46fd-8f5c-72bc827f2ef5:20160407213831.337:2001</Value>
          <Value>subClassOf:2001:1:55a73700-c891-46fd-8f5c-72bc827f2ef5:20160407213831.337:2001</Value>
          <Value>systemMayContain:2001:1:55a73700-c891-46fd-8f5c-72bc827f2ef5:20160407213831.337:2001</Value>
          <Value>uSNChanged:2001:1:55a73700-c891-46fd-8f5c-72bc827f2ef5:20160407213831.337:2001</Value>
          <Value>uSNCreated:2001:1:55a73700-c891-46fd-8f5c-72bc827f2ef5:20160407213831.337:2001</Value>
        </AttributeMetadata>
      </ClassSchemaEntry>
      <ClassSchemaEntry>
        <Name>typeLibrary</Name>
        <AttributeMetadata>
          <Value>auxiliaryClass:1928:1:55a73700-c891-46fd-8f5c-72bc827f2ef5:20160407213831.214:1928</Value>
          <Value>cn:1928:1:55a73700-c891-46fd-8f5c-72bc827f2ef5:20160407213831.214:1928</Value>
          <Value>createTimeStamp:1928:1:55a73700-c891-46fd-8f5c-72bc827f2ef5:20160407213831.214:1928</Value>
          <Value>defaultObjectCategory:1928:1:55a73700-c891-46fd-8f5c-72bc827f2ef5:20160407213831.214:1928</Value>
          <Value>entryDN:1928:1:55a73700-c891-46fd-8f5c-72bc827f2ef5:20160407213831.214:1928</Value>
          <Value>governsID:1928:1:55a73700-c891-46fd-8f5c-72bc827f2ef5:20160407213831.214:1928</Value>
          <Value>modifyTimeStamp:1928:1:55a73700-c891-46fd-8f5c-72bc827f2ef5:20160407213831.214:1928</Value>
          <Value>objectClass:1928:1:55a73700-c891-46fd-8f5c-72bc827f2ef5:20160407213831.214:1928</Value>
          <Value>objectClassCategory:1928:1:55a73700-c891-46fd-8f5c-72bc827f2ef5:20160407213831.214:1928</Value>
          <Value>objectGUID:1928:1:55a73700-c891-46fd-8f5c-72bc827f2ef5:20160407213831.214:1928</Value>
          <Value>schemaIDGUID:1928:1:55a73700-c891-46fd-8f5c-72bc827f2ef5:20160407213831.214:1928</Value>
          <Value>subClassOf:1928:1:55a73700-c891-46fd-8f5c-72bc827f2ef5:20160407213831.214:1928</Value>
          <Value>systemMayContain:1928:1:55a73700-c891-46fd-8f5c-72bc827f2ef5:20160407213831.214:1928</Value>
          <Value>uSNChanged:1928:1:55a73700-c891-46fd-8f5c-72bc827f2ef5:20160407213831.214:1928</Value>
          <Value>uSNCreated:1928:1:55a73700-c891-46fd-8f5c-72bc827f2ef5:20160407213831.214:1928</Value>
        </AttributeMetadata>
      </ClassSchemaEntry>
      <ClassSchemaEntry>
        <Name>uidObject</Name>
        <AttributeMetadata>
          <Value>cn:1757:1:55a73700-c891-46fd-8f5c-72bc827f2ef5:20160407213830.924:1757</Value>
          <Value>createTimeStamp:1757:1:55a73700-c891-46fd-8f5c-72bc827f2ef5:20160407213830.924:1757</Value>
          <Value>defaultObjectCategory:1757:1:55a73700-c891-46fd-8f5c-72bc827f2ef5:20160407213830.924:1757</Value>
          <Value>description:1757:1:55a73700-c891-46fd-8f5c-72bc827f2ef5:20160407213830.924:1757</Value>
          <Value>entryDN:1757:1:55a73700-c891-46fd-8f5c-72bc827f2ef5:20160407213830.924:1757</Value>
          <Value>governsID:1757:1:55a73700-c891-46fd-8f5c-72bc827f2ef5:20160407213830.924:1757</Value>
          <Value>modifyTimeStamp:1757:1:55a73700-c891-46fd-8f5c-72bc827f2ef5:20160407213830.924:1757</Value>
          <Value>objectClass:1757:1:55a73700-c891-46fd-8f5c-72bc827f2ef5:20160407213830.924:1757</Value>
          <Value>objectClassCategory:1757:1:55a73700-c891-46fd-8f5c-72bc827f2ef5:20160407213830.924:1757</Value>
          <Value>objectGUID:1757:1:55a73700-c891-46fd-8f5c-72bc827f2ef5:20160407213830.924:1757</Value>
          <Value>schemaIDGUID:1757:1:55a73700-c891-46fd-8f5c-72bc827f2ef5:20160407213830.924:1757</Value>
          <Value>subClassOf:1757:1:55a73700-c891-46fd-8f5c-72bc827f2ef5:20160407213830.924:1757</Value>
          <Value>systemMustContain:1757:1:55a73700-c891-46fd-8f5c-72bc827f2ef5:20160407213830.924:1757</Value>
          <Value>uSNChanged:1757:1:55a73700-c891-46fd-8f5c-72bc827f2ef5:20160407213830.924:1757</Value>
          <Value>uSNCreated:1757:1:55a73700-c891-46fd-8f5c-72bc827f2ef5:20160407213830.924:1757</Value>
        </AttributeMetadata>
      </ClassSchemaEntry>
      <ClassSchemaEntry>
        <Name>user</Name>
        <AttributeMetadata>
          <Value>auxiliaryClass:1914:1:55a73700-c891-46fd-8f5c-72bc827f2ef5:20160407213831.187:1914</Value>
          <Value>cn:1914:1:55a73700-c891-46fd-8f5c-72bc827f2ef5:20160407213831.187:1914</Value>
          <Value>createTimeStamp:1914:1:55a73700-c891-46fd-8f5c-72bc827f2ef5:20160407213831.187:1914</Value>
          <Value>defaultObjectCategory:1914:1:55a73700-c891-46fd-8f5c-72bc827f2ef5:20160407213831.187:1914</Value>
          <Value>entryDN:1914:1:55a73700-c891-46fd-8f5c-72bc827f2ef5:20160407213831.187:1914</Value>
          <Value>governsID:1914:1:55a73700-c891-46fd-8f5c-72bc827f2ef5:20160407213831.187:1914</Value>
          <Value>mayContain:1914:1:55a73700-c891-46fd-8f5c-72bc827f2ef5:20160407213831.187:1914</Value>
          <Value>modifyTimeStamp:1914:1:55a73700-c891-46fd-8f5c-72bc827f2ef5:20160407213831.187:1914</Value>
          <Value>mustContain:1914:1:55a73700-c891-46fd-8f5c-72bc827f2ef5:20160407213831.187:1914</Value>
          <Value>objectClass:1914:1:55a73700-c891-46fd-8f5c-72bc827f2ef5:20160407213831.187:1914</Value>
          <Value>objectClassCategory:1914:1:55a73700-c891-46fd-8f5c-72bc827f2ef5:20160407213831.187:1914</Value>
          <Value>objectGUID:1914:1:55a73700-c891-46fd-8f5c-72bc827f2ef5:20160407213831.187:1914</Value>
          <Value>schemaIDGUID:1914:1:55a73700-c891-46fd-8f5c-72bc827f2ef5:20160407213831.187:1914</Value>
          <Value>subClassOf:1914:1:55a73700-c891-46fd-8f5c-72bc827f2ef5:20160407213831.187:1914</Value>
          <Value>systemMayContain:1914:1:55a73700-c891-46fd-8f5c-72bc827f2ef5:20160407213831.187:1914</Value>
          <Value>uSNChanged:1914:1:55a73700-c891-46fd-8f5c-72bc827f2ef5:20160407213831.187:1914</Value>
          <Value>uSNCreated:1914:1:55a73700-c891-46fd-8f5c-72bc827f2ef5:20160407213831.187:1914</Value>
        </AttributeMetadata>
      </ClassSchemaEntry>
      <ClassSchemaEntry>
        <Name>userSecurityInformation</Name>
        <AttributeMetadata>
          <Value>cn:1810:1:55a73700-c891-46fd-8f5c-72bc827f2ef5:20160407213831.014:1810</Value>
          <Value>createTimeStamp:1810:1:55a73700-c891-46fd-8f5c-72bc827f2ef5:20160407213831.014:1810</Value>
          <Value>defaultObjectCategory:1810:1:55a73700-c891-46fd-8f5c-72bc827f2ef5:20160407213831.014:1810</Value>
          <Value>description:1810:1:55a73700-c891-46fd-8f5c-72bc827f2ef5:20160407213831.014:1810</Value>
          <Value>entryDN:1810:1:55a73700-c891-46fd-8f5c-72bc827f2ef5:20160407213831.014:1810</Value>
          <Value>governsID:1810:1:55a73700-c891-46fd-8f5c-72bc827f2ef5:20160407213831.014:1810</Value>
          <Value>modifyTimeStamp:1810:1:55a73700-c891-46fd-8f5c-72bc827f2ef5:20160407213831.014:1810</Value>
          <Value>objectClass:1810:1:55a73700-c891-46fd-8f5c-72bc827f2ef5:20160407213831.014:1810</Value>
          <Value>objectClassCategory:1810:1:55a73700-c891-46fd-8f5c-72bc827f2ef5:20160407213831.014:1810</Value>
          <Value>objectGUID:1810:1:55a73700-c891-46fd-8f5c-72bc827f2ef5:20160407213831.014:1810</Value>
          <Value>schemaIDGUID:1810:1:55a73700-c891-46fd-8f5c-72bc827f2ef5:20160407213831.014:1810</Value>
          <Value>subClassOf:1810:1:55a73700-c891-46fd-8f5c-72bc827f2ef5:20160407213831.014:1810</Value>
          <Value>systemMayContain:1810:1:55a73700-c891-46fd-8f5c-72bc827f2ef5:20160407213831.014:1810</Value>
          <Value>uSNChanged:1810:1:55a73700-c891-46fd-8f5c-72bc827f2ef5:20160407213831.014:1810</Value>
          <Value>uSNCreated:1810:1:55a73700-c891-46fd-8f5c-72bc827f2ef5:20160407213831.014:1810</Value>
        </AttributeMetadata>
      </ClassSchemaEntry>
      <ClassSchemaEntry>
        <Name>vmwAuthzAcl</Name>
        <AttributeMetadata>
          <Value>cn:1941:1:55a73700-c891-46fd-8f5c-72bc827f2ef5:20160407213831.240:1941</Value>
          <Value>createTimeStamp:1941:1:55a73700-c891-46fd-8f5c-72bc827f2ef5:20160407213831.240:1941</Value>
          <Value>defaultObjectCategory:1941:1:55a73700-c891-46fd-8f5c-72bc827f2ef5:20160407213831.240:1941</Value>
          <Value>description:1941:1:55a73700-c891-46fd-8f5c-72bc827f2ef5:20160407213831.240:1941</Value>
          <Value>entryDN:1941:1:55a73700-c891-46fd-8f5c-72bc827f2ef5:20160407213831.240:1941</Value>
          <Value>governsID:1941:1:55a73700-c891-46fd-8f5c-72bc827f2ef5:20160407213831.240:1941</Value>
          <Value>modifyTimeStamp:1941:1:55a73700-c891-46fd-8f5c-72bc827f2ef5:20160407213831.240:1941</Value>
          <Value>objectClass:1941:1:55a73700-c891-46fd-8f5c-72bc827f2ef5:20160407213831.240:1941</Value>
          <Value>objectClassCategory:1941:1:55a73700-c891-46fd-8f5c-72bc827f2ef5:20160407213831.240:1941</Value>
          <Value>objectGUID:1941:1:55a73700-c891-46fd-8f5c-72bc827f2ef5:20160407213831.240:1941</Value>
          <Value>schemaIDGUID:1941:1:55a73700-c891-46fd-8f5c-72bc827f2ef5:20160407213831.240:1941</Value>
          <Value>subClassOf:1941:1:55a73700-c891-46fd-8f5c-72bc827f2ef5:20160407213831.240:1941</Value>
          <Value>systemMayContain:1941:1:55a73700-c891-46fd-8f5c-72bc827f2ef5:20160407213831.240:1941</Value>
          <Value>systemMustContain:1941:1:55a73700-c891-46fd-8f5c-72bc827f2ef5:20160407213831.240:1941</Value>
          <Value>uSNChanged:1941:1:55a73700-c891-46fd-8f5c-72bc827f2ef5:20160407213831.240:1941</Value>
          <Value>uSNCreated:1941:1:55a73700-c891-46fd-8f5c-72bc827f2ef5:20160407213831.240:1941</Value>
        </AttributeMetadata>
      </ClassSchemaEntry>
      <ClassSchemaEntry>
        <Name>vmwAuthzAclMap</Name>
        <AttributeMetadata>
          <Value>cn:1829:1:55a73700-c891-46fd-8f5c-72bc827f2ef5:20160407213831.043:1829</Value>
          <Value>createTimeStamp:1829:1:55a73700-c891-46fd-8f5c-72bc827f2ef5:20160407213831.043:1829</Value>
          <Value>defaultObjectCategory:1829:1:55a73700-c891-46fd-8f5c-72bc827f2ef5:20160407213831.043:1829</Value>
          <Value>description:1829:1:55a73700-c891-46fd-8f5c-72bc827f2ef5:20160407213831.043:1829</Value>
          <Value>entryDN:1829:1:55a73700-c891-46fd-8f5c-72bc827f2ef5:20160407213831.043:1829</Value>
          <Value>governsID:1829:1:55a73700-c891-46fd-8f5c-72bc827f2ef5:20160407213831.043:1829</Value>
          <Value>modifyTimeStamp:1829:1:55a73700-c891-46fd-8f5c-72bc827f2ef5:20160407213831.043:1829</Value>
          <Value>objectClass:1829:1:55a73700-c891-46fd-8f5c-72bc827f2ef5:20160407213831.043:1829</Value>
          <Value>objectClassCategory:1829:1:55a73700-c891-46fd-8f5c-72bc827f2ef5:20160407213831.043:1829</Value>
          <Value>objectGUID:1829:1:55a73700-c891-46fd-8f5c-72bc827f2ef5:20160407213831.043:1829</Value>
          <Value>schemaIDGUID:1829:1:55a73700-c891-46fd-8f5c-72bc827f2ef5:20160407213831.043:1829</Value>
          <Value>subClassOf:1829:1:55a73700-c891-46fd-8f5c-72bc827f2ef5:20160407213831.043:1829</Value>
          <Value>systemMayContain:1829:1:55a73700-c891-46fd-8f5c-72bc827f2ef5:20160407213831.043:1829</Value>
          <Value>systemMustContain:1829:1:55a73700-c891-46fd-8f5c-72bc827f2ef5:20160407213831.043:1829</Value>
          <Value>uSNChanged:1829:1:55a73700-c891-46fd-8f5c-72bc827f2ef5:20160407213831.043:1829</Value>
          <Value>uSNCreated:1829:1:55a73700-c891-46fd-8f5c-72bc827f2ef5:20160407213831.043:1829</Value>
        </AttributeMetadata>
      </ClassSchemaEntry>
      <ClassSchemaEntry>
        <Name>vmwAuthzAclModel</Name>
        <AttributeMetadata>
          <Value>cn:1876:1:55a73700-c891-46fd-8f5c-72bc827f2ef5:20160407213831.125:1876</Value>
          <Value>createTimeStamp:1876:1:55a73700-c891-46fd-8f5c-72bc827f2ef5:20160407213831.125:1876</Value>
          <Value>defaultObjectCategory:1876:1:55a73700-c891-46fd-8f5c-72bc827f2ef5:20160407213831.125:1876</Value>
          <Value>description:1876:1:55a73700-c891-46fd-8f5c-72bc827f2ef5:20160407213831.125:1876</Value>
          <Value>entryDN:1876:1:55a73700-c891-46fd-8f5c-72bc827f2ef5:20160407213831.125:1876</Value>
          <Value>governsID:1876:1:55a73700-c891-46fd-8f5c-72bc827f2ef5:20160407213831.125:1876</Value>
          <Value>modifyTimeStamp:1876:1:55a73700-c891-46fd-8f5c-72bc827f2ef5:20160407213831.125:1876</Value>
          <Value>objectClass:1876:1:55a73700-c891-46fd-8f5c-72bc827f2ef5:20160407213831.125:1876</Value>
          <Value>objectClassCategory:1876:1:55a73700-c891-46fd-8f5c-72bc827f2ef5:20160407213831.125:1876</Value>
          <Value>objectGUID:1876:1:55a73700-c891-46fd-8f5c-72bc827f2ef5:20160407213831.125:1876</Value>
          <Value>schemaIDGUID:1876:1:55a73700-c891-46fd-8f5c-72bc827f2ef5:20160407213831.125:1876</Value>
          <Value>subClassOf:1876:1:55a73700-c891-46fd-8f5c-72bc827f2ef5:20160407213831.125:1876</Value>
          <Value>systemMustContain:1876:1:55a73700-c891-46fd-8f5c-72bc827f2ef5:20160407213831.125:1876</Value>
          <Value>uSNChanged:1876:1:55a73700-c891-46fd-8f5c-72bc827f2ef5:20160407213831.125:1876</Value>
          <Value>uSNCreated:1876:1:55a73700-c891-46fd-8f5c-72bc827f2ef5:20160407213831.125:1876</Value>
        </AttributeMetadata>
      </ClassSchemaEntry>
      <ClassSchemaEntry>
        <Name>vmwAuthzPrivilege</Name>
        <AttributeMetadata>
          <Value>cn:1849:1:55a73700-c891-46fd-8f5c-72bc827f2ef5:20160407213831.086:1849</Value>
          <Value>createTimeStamp:1849:1:55a73700-c891-46fd-8f5c-72bc827f2ef5:20160407213831.086:1849</Value>
          <Value>defaultObjectCategory:1849:1:55a73700-c891-46fd-8f5c-72bc827f2ef5:20160407213831.086:1849</Value>
          <Value>description:1849:1:55a73700-c891-46fd-8f5c-72bc827f2ef5:20160407213831.086:1849</Value>
          <Value>entryDN:1849:1:55a73700-c891-46fd-8f5c-72bc827f2ef5:20160407213831.086:1849</Value>
          <Value>governsID:1849:1:55a73700-c891-46fd-8f5c-72bc827f2ef5:20160407213831.086:1849</Value>
          <Value>modifyTimeStamp:1849:1:55a73700-c891-46fd-8f5c-72bc827f2ef5:20160407213831.086:1849</Value>
          <Value>objectClass:1849:1:55a73700-c891-46fd-8f5c-72bc827f2ef5:20160407213831.086:1849</Value>
          <Value>objectClassCategory:1849:1:55a73700-c891-46fd-8f5c-72bc827f2ef5:20160407213831.086:1849</Value>
          <Value>objectGUID:1849:1:55a73700-c891-46fd-8f5c-72bc827f2ef5:20160407213831.086:1849</Value>
          <Value>schemaIDGUID:1849:1:55a73700-c891-46fd-8f5c-72bc827f2ef5:20160407213831.086:1849</Value>
          <Value>subClassOf:1849:1:55a73700-c891-46fd-8f5c-72bc827f2ef5:20160407213831.086:1849</Value>
          <Value>systemMayContain:1849:1:55a73700-c891-46fd-8f5c-72bc827f2ef5:20160407213831.086:1849</Value>
          <Value>systemMustContain:1849:1:55a73700-c891-46fd-8f5c-72bc827f2ef5:20160407213831.086:1849</Value>
          <Value>uSNChanged:1849:1:55a73700-c891-46fd-8f5c-72bc827f2ef5:20160407213831.086:1849</Value>
          <Value>uSNCreated:1849:1:55a73700-c891-46fd-8f5c-72bc827f2ef5:20160407213831.086:1849</Value>
        </AttributeMetadata>
      </ClassSchemaEntry>
      <ClassSchemaEntry>
        <Name>vmwAuthzPrivModel</Name>
        <AttributeMetadata>
          <Value>cn:1852:1:55a73700-c891-46fd-8f5c-72bc827f2ef5:20160407213831.090:1852</Value>
          <Value>createTimeStamp:1852:1:55a73700-c891-46fd-8f5c-72bc827f2ef5:20160407213831.090:1852</Value>
          <Value>defaultObjectCategory:1852:1:55a73700-c891-46fd-8f5c-72bc827f2ef5:20160407213831.090:1852</Value>
          <Value>description:1852:1:55a73700-c891-46fd-8f5c-72bc827f2ef5:20160407213831.090:1852</Value>
          <Value>entryDN:1852:1:55a73700-c891-46fd-8f5c-72bc827f2ef5:20160407213831.090:1852</Value>
          <Value>governsID:1852:1:55a73700-c891-46fd-8f5c-72bc827f2ef5:20160407213831.090:1852</Value>
          <Value>modifyTimeStamp:1852:1:55a73700-c891-46fd-8f5c-72bc827f2ef5:20160407213831.090:1852</Value>
          <Value>objectClass:1852:1:55a73700-c891-46fd-8f5c-72bc827f2ef5:20160407213831.090:1852</Value>
          <Value>objectClassCategory:1852:1:55a73700-c891-46fd-8f5c-72bc827f2ef5:20160407213831.090:1852</Value>
          <Value>objectGUID:1852:1:55a73700-c891-46fd-8f5c-72bc827f2ef5:20160407213831.090:1852</Value>
          <Value>schemaIDGUID:1852:1:55a73700-c891-46fd-8f5c-72bc827f2ef5:20160407213831.090:1852</Value>
          <Value>subClassOf:1852:1:55a73700-c891-46fd-8f5c-72bc827f2ef5:20160407213831.090:1852</Value>
          <Value>systemMustContain:1852:1:55a73700-c891-46fd-8f5c-72bc827f2ef5:20160407213831.090:1852</Value>
          <Value>uSNChanged:1852:1:55a73700-c891-46fd-8f5c-72bc827f2ef5:20160407213831.090:1852</Value>
          <Value>uSNCreated:1852:1:55a73700-c891-46fd-8f5c-72bc827f2ef5:20160407213831.090:1852</Value>
        </AttributeMetadata>
      </ClassSchemaEntry>
      <ClassSchemaEntry>
        <Name>vmwAuthzRole</Name>
        <AttributeMetadata>
          <Value>cn:1815:1:55a73700-c891-46fd-8f5c-72bc827f2ef5:20160407213831.029:1815</Value>
          <Value>createTimeStamp:1815:1:55a73700-c891-46fd-8f5c-72bc827f2ef5:20160407213831.029:1815</Value>
          <Value>defaultObjectCategory:1815:1:55a73700-c891-46fd-8f5c-72bc827f2ef5:20160407213831.029:1815</Value>
          <Value>description:1815:1:55a73700-c891-46fd-8f5c-72bc827f2ef5:20160407213831.029:1815</Value>
          <Value>entryDN:1815:1:55a73700-c891-46fd-8f5c-72bc827f2ef5:20160407213831.029:1815</Value>
          <Value>governsID:1815:1:55a73700-c891-46fd-8f5c-72bc827f2ef5:20160407213831.029:1815</Value>
          <Value>modifyTimeStamp:1815:1:55a73700-c891-46fd-8f5c-72bc827f2ef5:20160407213831.029:1815</Value>
          <Value>objectClass:1815:1:55a73700-c891-46fd-8f5c-72bc827f2ef5:20160407213831.029:1815</Value>
          <Value>objectClassCategory:1815:1:55a73700-c891-46fd-8f5c-72bc827f2ef5:20160407213831.029:1815</Value>
          <Value>objectGUID:1815:1:55a73700-c891-46fd-8f5c-72bc827f2ef5:20160407213831.029:1815</Value>
          <Value>schemaIDGUID:1815:1:55a73700-c891-46fd-8f5c-72bc827f2ef5:20160407213831.029:1815</Value>
          <Value>subClassOf:1815:1:55a73700-c891-46fd-8f5c-72bc827f2ef5:20160407213831.029:1815</Value>
          <Value>systemMayContain:1815:1:55a73700-c891-46fd-8f5c-72bc827f2ef5:20160407213831.029:1815</Value>
          <Value>systemMustContain:1815:1:55a73700-c891-46fd-8f5c-72bc827f2ef5:20160407213831.029:1815</Value>
          <Value>uSNChanged:1815:1:55a73700-c891-46fd-8f5c-72bc827f2ef5:20160407213831.029:1815</Value>
          <Value>uSNCreated:1815:1:55a73700-c891-46fd-8f5c-72bc827f2ef5:20160407213831.029:1815</Value>
        </AttributeMetadata>
      </ClassSchemaEntry>
      <ClassSchemaEntry>
        <Name>vmwAuthzRoleModel</Name>
        <AttributeMetadata>
          <Value>cn:1771:1:55a73700-c891-46fd-8f5c-72bc827f2ef5:20160407213830.950:1771</Value>
          <Value>createTimeStamp:1771:1:55a73700-c891-46fd-8f5c-72bc827f2ef5:20160407213830.950:1771</Value>
          <Value>defaultObjectCategory:1771:1:55a73700-c891-46fd-8f5c-72bc827f2ef5:20160407213830.950:1771</Value>
          <Value>description:1771:1:55a73700-c891-46fd-8f5c-72bc827f2ef5:20160407213830.950:1771</Value>
          <Value>entryDN:1771:1:55a73700-c891-46fd-8f5c-72bc827f2ef5:20160407213830.950:1771</Value>
          <Value>governsID:1771:1:55a73700-c891-46fd-8f5c-72bc827f2ef5:20160407213830.950:1771</Value>
          <Value>modifyTimeStamp:1771:1:55a73700-c891-46fd-8f5c-72bc827f2ef5:20160407213830.950:1771</Value>
          <Value>objectClass:1771:1:55a73700-c891-46fd-8f5c-72bc827f2ef5:20160407213830.950:1771</Value>
          <Value>objectClassCategory:1771:1:55a73700-c891-46fd-8f5c-72bc827f2ef5:20160407213830.950:1771</Value>
          <Value>objectGUID:1771:1:55a73700-c891-46fd-8f5c-72bc827f2ef5:20160407213830.950:1771</Value>
          <Value>schemaIDGUID:1771:1:55a73700-c891-46fd-8f5c-72bc827f2ef5:20160407213830.950:1771</Value>
          <Value>subClassOf:1771:1:55a73700-c891-46fd-8f5c-72bc827f2ef5:20160407213830.950:1771</Value>
          <Value>systemMustContain:1771:1:55a73700-c891-46fd-8f5c-72bc827f2ef5:20160407213830.950:1771</Value>
          <Value>uSNChanged:1771:1:55a73700-c891-46fd-8f5c-72bc827f2ef5:20160407213830.950:1771</Value>
          <Value>uSNCreated:1771:1:55a73700-c891-46fd-8f5c-72bc827f2ef5:20160407213830.950:1771</Value>
        </AttributeMetadata>
      </ClassSchemaEntry>
      <ClassSchemaEntry>
        <Name>vmwCertificationAuthority</Name>
        <AttributeMetadata>
          <Value>auxiliaryClass:1974:1:55a73700-c891-46fd-8f5c-72bc827f2ef5:20160407213831.297:1974</Value>
          <Value>cn:1974:1:55a73700-c891-46fd-8f5c-72bc827f2ef5:20160407213831.297:1974</Value>
          <Value>createTimeStamp:1974:1:55a73700-c891-46fd-8f5c-72bc827f2ef5:20160407213831.297:1974</Value>
          <Value>defaultObjectCategory:1974:1:55a73700-c891-46fd-8f5c-72bc827f2ef5:20160407213831.297:1974</Value>
          <Value>entryDN:1974:1:55a73700-c891-46fd-8f5c-72bc827f2ef5:20160407213831.297:1974</Value>
          <Value>governsID:1974:1:55a73700-c891-46fd-8f5c-72bc827f2ef5:20160407213831.297:1974</Value>
          <Value>modifyTimeStamp:1974:1:55a73700-c891-46fd-8f5c-72bc827f2ef5:20160407213831.297:1974</Value>
          <Value>objectClass:1974:1:55a73700-c891-46fd-8f5c-72bc827f2ef5:20160407213831.297:1974</Value>
          <Value>objectClassCategory:1974:1:55a73700-c891-46fd-8f5c-72bc827f2ef5:20160407213831.297:1974</Value>
          <Value>objectGUID:1974:1:55a73700-c891-46fd-8f5c-72bc827f2ef5:20160407213831.297:1974</Value>
          <Value>schemaIDGUID:1974:1:55a73700-c891-46fd-8f5c-72bc827f2ef5:20160407213831.297:1974</Value>
          <Value>subClassOf:1974:1:55a73700-c891-46fd-8f5c-72bc827f2ef5:20160407213831.297:1974</Value>
          <Value>systemMayContain:1974:1:55a73700-c891-46fd-8f5c-72bc827f2ef5:20160407213831.297:1974</Value>
          <Value>systemMustContain:1974:1:55a73700-c891-46fd-8f5c-72bc827f2ef5:20160407213831.297:1974</Value>
          <Value>uSNChanged:1974:1:55a73700-c891-46fd-8f5c-72bc827f2ef5:20160407213831.297:1974</Value>
          <Value>uSNCreated:1974:1:55a73700-c891-46fd-8f5c-72bc827f2ef5:20160407213831.297:1974</Value>
        </AttributeMetadata>
      </ClassSchemaEntry>
      <ClassSchemaEntry>
        <Name>vmwCISLdu</Name>
        <AttributeMetadata>
          <Value>cn:1938:1:55a73700-c891-46fd-8f5c-72bc827f2ef5:20160407213831.237:1938</Value>
          <Value>createTimeStamp:1938:1:55a73700-c891-46fd-8f5c-72bc827f2ef5:20160407213831.237:1938</Value>
          <Value>defaultObjectCategory:1938:1:55a73700-c891-46fd-8f5c-72bc827f2ef5:20160407213831.237:1938</Value>
          <Value>description:1938:1:55a73700-c891-46fd-8f5c-72bc827f2ef5:20160407213831.237:1938</Value>
          <Value>entryDN:1938:1:55a73700-c891-46fd-8f5c-72bc827f2ef5:20160407213831.237:1938</Value>
          <Value>governsID:1938:1:55a73700-c891-46fd-8f5c-72bc827f2ef5:20160407213831.237:1938</Value>
          <Value>modifyTimeStamp:1938:1:55a73700-c891-46fd-8f5c-72bc827f2ef5:20160407213831.237:1938</Value>
          <Value>objectClass:1938:1:55a73700-c891-46fd-8f5c-72bc827f2ef5:20160407213831.237:1938</Value>
          <Value>objectClassCategory:1938:1:55a73700-c891-46fd-8f5c-72bc827f2ef5:20160407213831.237:1938</Value>
          <Value>objectGUID:1938:1:55a73700-c891-46fd-8f5c-72bc827f2ef5:20160407213831.237:1938</Value>
          <Value>schemaIDGUID:1938:1:55a73700-c891-46fd-8f5c-72bc827f2ef5:20160407213831.237:1938</Value>
          <Value>subClassOf:1938:1:55a73700-c891-46fd-8f5c-72bc827f2ef5:20160407213831.237:1938</Value>
          <Value>systemMayContain:1938:1:55a73700-c891-46fd-8f5c-72bc827f2ef5:20160407213831.237:1938</Value>
          <Value>systemMustContain:1938:1:55a73700-c891-46fd-8f5c-72bc827f2ef5:20160407213831.237:1938</Value>
          <Value>uSNChanged:1938:1:55a73700-c891-46fd-8f5c-72bc827f2ef5:20160407213831.237:1938</Value>
          <Value>uSNCreated:1938:1:55a73700-c891-46fd-8f5c-72bc827f2ef5:20160407213831.237:1938</Value>
        </AttributeMetadata>
      </ClassSchemaEntry>
      <ClassSchemaEntry>
        <Name>vmwCISService</Name>
        <AttributeMetadata>
          <Value>cn:2011:1:55a73700-c891-46fd-8f5c-72bc827f2ef5:20160407213831.358:2011</Value>
          <Value>createTimeStamp:2011:1:55a73700-c891-46fd-8f5c-72bc827f2ef5:20160407213831.358:2011</Value>
          <Value>defaultObjectCategory:2011:1:55a73700-c891-46fd-8f5c-72bc827f2ef5:20160407213831.358:2011</Value>
          <Value>description:2011:1:55a73700-c891-46fd-8f5c-72bc827f2ef5:20160407213831.358:2011</Value>
          <Value>entryDN:2011:1:55a73700-c891-46fd-8f5c-72bc827f2ef5:20160407213831.358:2011</Value>
          <Value>governsID:2011:1:55a73700-c891-46fd-8f5c-72bc827f2ef5:20160407213831.358:2011</Value>
          <Value>modifyTimeStamp:2011:1:55a73700-c891-46fd-8f5c-72bc827f2ef5:20160407213831.358:2011</Value>
          <Value>objectClass:2011:1:55a73700-c891-46fd-8f5c-72bc827f2ef5:20160407213831.358:2011</Value>
          <Value>objectClassCategory:2011:1:55a73700-c891-46fd-8f5c-72bc827f2ef5:20160407213831.358:2011</Value>
          <Value>objectGUID:2011:1:55a73700-c891-46fd-8f5c-72bc827f2ef5:20160407213831.358:2011</Value>
          <Value>schemaIDGUID:2011:1:55a73700-c891-46fd-8f5c-72bc827f2ef5:20160407213831.358:2011</Value>
          <Value>subClassOf:2011:1:55a73700-c891-46fd-8f5c-72bc827f2ef5:20160407213831.358:2011</Value>
          <Value>systemMayContain:2011:1:55a73700-c891-46fd-8f5c-72bc827f2ef5:20160407213831.358:2011</Value>
          <Value>systemMustContain:2011:1:55a73700-c891-46fd-8f5c-72bc827f2ef5:20160407213831.358:2011</Value>
          <Value>uSNChanged:2011:1:55a73700-c891-46fd-8f5c-72bc827f2ef5:20160407213831.358:2011</Value>
          <Value>uSNCreated:2011:1:55a73700-c891-46fd-8f5c-72bc827f2ef5:20160407213831.358:2011</Value>
        </AttributeMetadata>
      </ClassSchemaEntry>
      <ClassSchemaEntry>
        <Name>vmwCISSite</Name>
        <AttributeMetadata>
          <Value>cn:1845:1:55a73700-c891-46fd-8f5c-72bc827f2ef5:20160407213831.072:1845</Value>
          <Value>createTimeStamp:1845:1:55a73700-c891-46fd-8f5c-72bc827f2ef5:20160407213831.072:1845</Value>
          <Value>defaultObjectCategory:1845:1:55a73700-c891-46fd-8f5c-72bc827f2ef5:20160407213831.072:1845</Value>
          <Value>description:1845:1:55a73700-c891-46fd-8f5c-72bc827f2ef5:20160407213831.072:1845</Value>
          <Value>entryDN:1845:1:55a73700-c891-46fd-8f5c-72bc827f2ef5:20160407213831.072:1845</Value>
          <Value>governsID:1845:1:55a73700-c891-46fd-8f5c-72bc827f2ef5:20160407213831.072:1845</Value>
          <Value>modifyTimeStamp:1845:1:55a73700-c891-46fd-8f5c-72bc827f2ef5:20160407213831.072:1845</Value>
          <Value>objectClass:1845:1:55a73700-c891-46fd-8f5c-72bc827f2ef5:20160407213831.072:1845</Value>
          <Value>objectClassCategory:1845:1:55a73700-c891-46fd-8f5c-72bc827f2ef5:20160407213831.072:1845</Value>
          <Value>objectGUID:1845:1:55a73700-c891-46fd-8f5c-72bc827f2ef5:20160407213831.072:1845</Value>
          <Value>schemaIDGUID:1845:1:55a73700-c891-46fd-8f5c-72bc827f2ef5:20160407213831.072:1845</Value>
          <Value>subClassOf:1845:1:55a73700-c891-46fd-8f5c-72bc827f2ef5:20160407213831.072:1845</Value>
          <Value>systemMayContain:1845:1:55a73700-c891-46fd-8f5c-72bc827f2ef5:20160407213831.072:1845</Value>
          <Value>systemMustContain:1845:1:55a73700-c891-46fd-8f5c-72bc827f2ef5:20160407213831.072:1845</Value>
          <Value>uSNChanged:1845:1:55a73700-c891-46fd-8f5c-72bc827f2ef5:20160407213831.072:1845</Value>
          <Value>uSNCreated:1845:1:55a73700-c891-46fd-8f5c-72bc827f2ef5:20160407213831.072:1845</Value>
        </AttributeMetadata>
      </ClassSchemaEntry>
      <ClassSchemaEntry>
        <Name>vmwDirCfg</Name>
        <AttributeMetadata>
          <Value>cn:1788:1:55a73700-c891-46fd-8f5c-72bc827f2ef5:20160407213830.979:1788</Value>
          <Value>createTimeStamp:1788:1:55a73700-c891-46fd-8f5c-72bc827f2ef5:20160407213830.979:1788</Value>
          <Value>defaultObjectCategory:1788:1:55a73700-c891-46fd-8f5c-72bc827f2ef5:20160407213830.979:1788</Value>
          <Value>description:1788:1:55a73700-c891-46fd-8f5c-72bc827f2ef5:20160407213830.979:1788</Value>
          <Value>entryDN:1788:1:55a73700-c891-46fd-8f5c-72bc827f2ef5:20160407213830.979:1788</Value>
          <Value>governsID:1788:1:55a73700-c891-46fd-8f5c-72bc827f2ef5:20160407213830.979:1788</Value>
          <Value>modifyTimeStamp:1788:1:55a73700-c891-46fd-8f5c-72bc827f2ef5:20160407213830.979:1788</Value>
          <Value>objectClass:1788:1:55a73700-c891-46fd-8f5c-72bc827f2ef5:20160407213830.979:1788</Value>
          <Value>objectClassCategory:1788:1:55a73700-c891-46fd-8f5c-72bc827f2ef5:20160407213830.979:1788</Value>
          <Value>objectGUID:1788:1:55a73700-c891-46fd-8f5c-72bc827f2ef5:20160407213830.979:1788</Value>
          <Value>schemaIDGUID:1788:1:55a73700-c891-46fd-8f5c-72bc827f2ef5:20160407213830.979:1788</Value>
          <Value>subClassOf:1788:1:55a73700-c891-46fd-8f5c-72bc827f2ef5:20160407213830.979:1788</Value>
          <Value>systemMayContain:1788:1:55a73700-c891-46fd-8f5c-72bc827f2ef5:20160407213830.979:1788</Value>
          <Value>systemMustContain:1788:1:55a73700-c891-46fd-8f5c-72bc827f2ef5:20160407213830.979:1788</Value>
          <Value>uSNChanged:1788:1:55a73700-c891-46fd-8f5c-72bc827f2ef5:20160407213830.979:1788</Value>
          <Value>uSNCreated:1788:1:55a73700-c891-46fd-8f5c-72bc827f2ef5:20160407213830.979:1788</Value>
        </AttributeMetadata>
      </ClassSchemaEntry>
      <ClassSchemaEntry>
        <Name>vmwDirServer</Name>
        <AttributeMetadata>
          <Value>cn:1936:1:55a73700-c891-46fd-8f5c-72bc827f2ef5:20160407213831.233:1936</Value>
          <Value>createTimeStamp:1936:1:55a73700-c891-46fd-8f5c-72bc827f2ef5:20160407213831.233:1936</Value>
          <Value>defaultObjectCategory:1936:1:55a73700-c891-46fd-8f5c-72bc827f2ef5:20160407213831.233:1936</Value>
          <Value>description:1936:1:55a73700-c891-46fd-8f5c-72bc827f2ef5:20160407213831.233:1936</Value>
          <Value>entryDN:1936:1:55a73700-c891-46fd-8f5c-72bc827f2ef5:20160407213831.233:1936</Value>
          <Value>governsID:1936:1:55a73700-c891-46fd-8f5c-72bc827f2ef5:20160407213831.233:1936</Value>
          <Value>modifyTimeStamp:1936:1:55a73700-c891-46fd-8f5c-72bc827f2ef5:20160407213831.233:1936</Value>
          <Value>objectClass:1936:1:55a73700-c891-46fd-8f5c-72bc827f2ef5:20160407213831.233:1936</Value>
          <Value>objectClassCategory:1936:1:55a73700-c891-46fd-8f5c-72bc827f2ef5:20160407213831.233:1936</Value>
          <Value>objectGUID:1936:1:55a73700-c891-46fd-8f5c-72bc827f2ef5:20160407213831.233:1936</Value>
          <Value>schemaIDGUID:1936:1:55a73700-c891-46fd-8f5c-72bc827f2ef5:20160407213831.233:1936</Value>
          <Value>subClassOf:1936:1:55a73700-c891-46fd-8f5c-72bc827f2ef5:20160407213831.233:1936</Value>
          <Value>systemMayContain:1936:1:55a73700-c891-46fd-8f5c-72bc827f2ef5:20160407213831.233:1936</Value>
          <Value>systemMustContain:1936:1:55a73700-c891-46fd-8f5c-72bc827f2ef5:20160407213831.233:1936</Value>
          <Value>uSNChanged:1936:1:55a73700-c891-46fd-8f5c-72bc827f2ef5:20160407213831.233:1936</Value>
          <Value>uSNCreated:1936:1:55a73700-c891-46fd-8f5c-72bc827f2ef5:20160407213831.233:1936</Value>
        </AttributeMetadata>
      </ClassSchemaEntry>
      <ClassSchemaEntry>
        <Name>vmwDirServerStatus</Name>
        <AttributeMetadata>
          <Value>cn:1968:1:55a73700-c891-46fd-8f5c-72bc827f2ef5:20160407213831.279:1968</Value>
          <Value>createTimeStamp:1968:1:55a73700-c891-46fd-8f5c-72bc827f2ef5:20160407213831.279:1968</Value>
          <Value>defaultObjectCategory:1968:1:55a73700-c891-46fd-8f5c-72bc827f2ef5:20160407213831.279:1968</Value>
          <Value>description:1968:1:55a73700-c891-46fd-8f5c-72bc827f2ef5:20160407213831.279:1968</Value>
          <Value>entryDN:1968:1:55a73700-c891-46fd-8f5c-72bc827f2ef5:20160407213831.279:1968</Value>
          <Value>governsID:1968:1:55a73700-c891-46fd-8f5c-72bc827f2ef5:20160407213831.279:1968</Value>
          <Value>modifyTimeStamp:1968:1:55a73700-c891-46fd-8f5c-72bc827f2ef5:20160407213831.279:1968</Value>
          <Value>objectClass:1968:1:55a73700-c891-46fd-8f5c-72bc827f2ef5:20160407213831.279:1968</Value>
          <Value>objectClassCategory:1968:1:55a73700-c891-46fd-8f5c-72bc827f2ef5:20160407213831.279:1968</Value>
          <Value>objectGUID:1968:1:55a73700-c891-46fd-8f5c-72bc827f2ef5:20160407213831.279:1968</Value>
          <Value>schemaIDGUID:1968:1:55a73700-c891-46fd-8f5c-72bc827f2ef5:20160407213831.279:1968</Value>
          <Value>subClassOf:1968:1:55a73700-c891-46fd-8f5c-72bc827f2ef5:20160407213831.279:1968</Value>
          <Value>systemMayContain:1968:1:55a73700-c891-46fd-8f5c-72bc827f2ef5:20160407213831.279:1968</Value>
          <Value>systemMustContain:1968:1:55a73700-c891-46fd-8f5c-72bc827f2ef5:20160407213831.279:1968</Value>
          <Value>uSNChanged:1968:1:55a73700-c891-46fd-8f5c-72bc827f2ef5:20160407213831.279:1968</Value>
          <Value>uSNCreated:1968:1:55a73700-c891-46fd-8f5c-72bc827f2ef5:20160407213831.279:1968</Value>
        </AttributeMetadata>
      </ClassSchemaEntry>
      <ClassSchemaEntry>
        <Name>vmwDNSConfig</Name>
        <AttributeMetadata>
          <Value>cn:1953:1:55a73700-c891-46fd-8f5c-72bc827f2ef5:20160407213831.261:1953</Value>
          <Value>createTimeStamp:1953:1:55a73700-c891-46fd-8f5c-72bc827f2ef5:20160407213831.261:1953</Value>
          <Value>defaultObjectCategory:1953:1:55a73700-c891-46fd-8f5c-72bc827f2ef5:20160407213831.261:1953</Value>
          <Value>description:1953:1:55a73700-c891-46fd-8f5c-72bc827f2ef5:20160407213831.261:1953</Value>
          <Value>entryDN:1953:1:55a73700-c891-46fd-8f5c-72bc827f2ef5:20160407213831.261:1953</Value>
          <Value>governsID:1953:1:55a73700-c891-46fd-8f5c-72bc827f2ef5:20160407213831.261:1953</Value>
          <Value>modifyTimeStamp:1953:1:55a73700-c891-46fd-8f5c-72bc827f2ef5:20160407213831.261:1953</Value>
          <Value>objectClass:1953:1:55a73700-c891-46fd-8f5c-72bc827f2ef5:20160407213831.261:1953</Value>
          <Value>objectClassCategory:1953:1:55a73700-c891-46fd-8f5c-72bc827f2ef5:20160407213831.261:1953</Value>
          <Value>objectGUID:1953:1:55a73700-c891-46fd-8f5c-72bc827f2ef5:20160407213831.261:1953</Value>
          <Value>schemaIDGUID:1953:1:55a73700-c891-46fd-8f5c-72bc827f2ef5:20160407213831.261:1953</Value>
          <Value>subClassOf:1953:1:55a73700-c891-46fd-8f5c-72bc827f2ef5:20160407213831.261:1953</Value>
          <Value>systemMayContain:1953:1:55a73700-c891-46fd-8f5c-72bc827f2ef5:20160407213831.261:1953</Value>
          <Value>uSNChanged:1953:1:55a73700-c891-46fd-8f5c-72bc827f2ef5:20160407213831.261:1953</Value>
          <Value>uSNCreated:1953:1:55a73700-c891-46fd-8f5c-72bc827f2ef5:20160407213831.261:1953</Value>
        </AttributeMetadata>
      </ClassSchemaEntry>
      <ClassSchemaEntry>
        <Name>vmwDseRoot</Name>
        <AttributeMetadata>
          <Value>cn:1923:1:55a73700-c891-46fd-8f5c-72bc827f2ef5:20160407213831.208:1923</Value>
          <Value>createTimeStamp:1923:1:55a73700-c891-46fd-8f5c-72bc827f2ef5:20160407213831.208:1923</Value>
          <Value>defaultObjectCategory:1923:1:55a73700-c891-46fd-8f5c-72bc827f2ef5:20160407213831.208:1923</Value>
          <Value>description:1923:1:55a73700-c891-46fd-8f5c-72bc827f2ef5:20160407213831.208:1923</Value>
          <Value>entryDN:1923:1:55a73700-c891-46fd-8f5c-72bc827f2ef5:20160407213831.208:1923</Value>
          <Value>governsID:1923:1:55a73700-c891-46fd-8f5c-72bc827f2ef5:20160407213831.208:1923</Value>
          <Value>modifyTimeStamp:1923:1:55a73700-c891-46fd-8f5c-72bc827f2ef5:20160407213831.208:1923</Value>
          <Value>objectClass:1923:1:55a73700-c891-46fd-8f5c-72bc827f2ef5:20160407213831.208:1923</Value>
          <Value>objectClassCategory:1923:1:55a73700-c891-46fd-8f5c-72bc827f2ef5:20160407213831.208:1923</Value>
          <Value>objectGUID:1923:1:55a73700-c891-46fd-8f5c-72bc827f2ef5:20160407213831.208:1923</Value>
          <Value>schemaIDGUID:1923:1:55a73700-c891-46fd-8f5c-72bc827f2ef5:20160407213831.208:1923</Value>
          <Value>subClassOf:1923:1:55a73700-c891-46fd-8f5c-72bc827f2ef5:20160407213831.208:1923</Value>
          <Value>systemMayContain:1923:1:55a73700-c891-46fd-8f5c-72bc827f2ef5:20160407213831.208:1923</Value>
          <Value>systemMustContain:1923:1:55a73700-c891-46fd-8f5c-72bc827f2ef5:20160407213831.208:1923</Value>
          <Value>uSNChanged:1923:1:55a73700-c891-46fd-8f5c-72bc827f2ef5:20160407213831.208:1923</Value>
          <Value>uSNCreated:1923:1:55a73700-c891-46fd-8f5c-72bc827f2ef5:20160407213831.208:1923</Value>
        </AttributeMetadata>
      </ClassSchemaEntry>
      <ClassSchemaEntry>
        <Name>vmwExternalIdpUser</Name>
        <AttributeMetadata>
          <Value>cn:1994:1:55a73700-c891-46fd-8f5c-72bc827f2ef5:20160407213831.330:1994</Value>
          <Value>createTimeStamp:1994:1:55a73700-c891-46fd-8f5c-72bc827f2ef5:20160407213831.330:1994</Value>
          <Value>defaultObjectCategory:1994:1:55a73700-c891-46fd-8f5c-72bc827f2ef5:20160407213831.330:1994</Value>
          <Value>description:1994:1:55a73700-c891-46fd-8f5c-72bc827f2ef5:20160407213831.330:1994</Value>
          <Value>entryDN:1994:1:55a73700-c891-46fd-8f5c-72bc827f2ef5:20160407213831.330:1994</Value>
          <Value>governsID:1994:1:55a73700-c891-46fd-8f5c-72bc827f2ef5:20160407213831.330:1994</Value>
          <Value>modifyTimeStamp:1994:1:55a73700-c891-46fd-8f5c-72bc827f2ef5:20160407213831.330:1994</Value>
          <Value>objectClass:1994:1:55a73700-c891-46fd-8f5c-72bc827f2ef5:20160407213831.330:1994</Value>
          <Value>objectClassCategory:1994:1:55a73700-c891-46fd-8f5c-72bc827f2ef5:20160407213831.330:1994</Value>
          <Value>objectGUID:1994:1:55a73700-c891-46fd-8f5c-72bc827f2ef5:20160407213831.330:1994</Value>
          <Value>schemaIDGUID:1994:1:55a73700-c891-46fd-8f5c-72bc827f2ef5:20160407213831.330:1994</Value>
          <Value>subClassOf:1994:1:55a73700-c891-46fd-8f5c-72bc827f2ef5:20160407213831.330:1994</Value>
          <Value>systemMustContain:1994:1:55a73700-c891-46fd-8f5c-72bc827f2ef5:20160407213831.330:1994</Value>
          <Value>uSNChanged:1994:1:55a73700-c891-46fd-8f5c-72bc827f2ef5:20160407213831.330:1994</Value>
          <Value>uSNCreated:1994:1:55a73700-c891-46fd-8f5c-72bc827f2ef5:20160407213831.330:1994</Value>
        </AttributeMetadata>
      </ClassSchemaEntry>
      <ClassSchemaEntry>
        <Name>vmwLicSvcAssetEntity</Name>
        <AttributeMetadata>
          <Value>cn:1999:1:55a73700-c891-46fd-8f5c-72bc827f2ef5:20160407213831.336:1999</Value>
          <Value>createTimeStamp:1999:1:55a73700-c891-46fd-8f5c-72bc827f2ef5:20160407213831.336:1999</Value>
          <Value>defaultObjectCategory:1999:1:55a73700-c891-46fd-8f5c-72bc827f2ef5:20160407213831.336:1999</Value>
          <Value>description:1999:1:55a73700-c891-46fd-8f5c-72bc827f2ef5:20160407213831.336:1999</Value>
          <Value>entryDN:1999:1:55a73700-c891-46fd-8f5c-72bc827f2ef5:20160407213831.336:1999</Value>
          <Value>governsID:1999:1:55a73700-c891-46fd-8f5c-72bc827f2ef5:20160407213831.336:1999</Value>
          <Value>modifyTimeStamp:1999:1:55a73700-c891-46fd-8f5c-72bc827f2ef5:20160407213831.336:1999</Value>
          <Value>objectClass:1999:1:55a73700-c891-46fd-8f5c-72bc827f2ef5:20160407213831.336:1999</Value>
          <Value>objectClassCategory:1999:1:55a73700-c891-46fd-8f5c-72bc827f2ef5:20160407213831.336:1999</Value>
          <Value>objectGUID:1999:1:55a73700-c891-46fd-8f5c-72bc827f2ef5:20160407213831.336:1999</Value>
          <Value>schemaIDGUID:1999:1:55a73700-c891-46fd-8f5c-72bc827f2ef5:20160407213831.336:1999</Value>
          <Value>subClassOf:1999:1:55a73700-c891-46fd-8f5c-72bc827f2ef5:20160407213831.336:1999</Value>
          <Value>systemMayContain:1999:1:55a73700-c891-46fd-8f5c-72bc827f2ef5:20160407213831.336:1999</Value>
          <Value>systemMustContain:1999:1:55a73700-c891-46fd-8f5c-72bc827f2ef5:20160407213831.336:1999</Value>
          <Value>uSNChanged:1999:1:55a73700-c891-46fd-8f5c-72bc827f2ef5:20160407213831.336:1999</Value>
          <Value>uSNCreated:1999:1:55a73700-c891-46fd-8f5c-72bc827f2ef5:20160407213831.336:1999</Value>
        </AttributeMetadata>
      </ClassSchemaEntry>
      <ClassSchemaEntry>
        <Name>vmwLicSvcLicenseDescriptionEntity</Name>
        <AttributeMetadata>
          <Value>cn:1780:1:55a73700-c891-46fd-8f5c-72bc827f2ef5:20160407213830.970:1780</Value>
          <Value>createTimeStamp:1780:1:55a73700-c891-46fd-8f5c-72bc827f2ef5:20160407213830.970:1780</Value>
          <Value>defaultObjectCategory:1780:1:55a73700-c891-46fd-8f5c-72bc827f2ef5:20160407213830.970:1780</Value>
          <Value>description:1780:1:55a73700-c891-46fd-8f5c-72bc827f2ef5:20160407213830.970:1780</Value>
          <Value>entryDN:1780:1:55a73700-c891-46fd-8f5c-72bc827f2ef5:20160407213830.970:1780</Value>
          <Value>governsID:1780:1:55a73700-c891-46fd-8f5c-72bc827f2ef5:20160407213830.970:1780</Value>
          <Value>modifyTimeStamp:1780:1:55a73700-c891-46fd-8f5c-72bc827f2ef5:20160407213830.970:1780</Value>
          <Value>objectClass:1780:1:55a73700-c891-46fd-8f5c-72bc827f2ef5:20160407213830.970:1780</Value>
          <Value>objectClassCategory:1780:1:55a73700-c891-46fd-8f5c-72bc827f2ef5:20160407213830.970:1780</Value>
          <Value>objectGUID:1780:1:55a73700-c891-46fd-8f5c-72bc827f2ef5:20160407213830.970:1780</Value>
          <Value>schemaIDGUID:1780:1:55a73700-c891-46fd-8f5c-72bc827f2ef5:20160407213830.970:1780</Value>
          <Value>subClassOf:1780:1:55a73700-c891-46fd-8f5c-72bc827f2ef5:20160407213830.970:1780</Value>
          <Value>systemMayContain:1780:1:55a73700-c891-46fd-8f5c-72bc827f2ef5:20160407213830.970:1780</Value>
          <Value>systemMustContain:1780:1:55a73700-c891-46fd-8f5c-72bc827f2ef5:20160407213830.970:1780</Value>
          <Value>uSNChanged:1780:1:55a73700-c891-46fd-8f5c-72bc827f2ef5:20160407213830.970:1780</Value>
          <Value>uSNCreated:1780:1:55a73700-c891-46fd-8f5c-72bc827f2ef5:20160407213830.970:1780</Value>
        </AttributeMetadata>
      </ClassSchemaEntry>
      <ClassSchemaEntry>
        <Name>vmwLicSvcLicenseEntity</Name>
        <AttributeMetadata>
          <Value>cn:1833:1:55a73700-c891-46fd-8f5c-72bc827f2ef5:20160407213831.058:1833</Value>
          <Value>createTimeStamp:1833:1:55a73700-c891-46fd-8f5c-72bc827f2ef5:20160407213831.058:1833</Value>
          <Value>defaultObjectCategory:1833:1:55a73700-c891-46fd-8f5c-72bc827f2ef5:20160407213831.058:1833</Value>
          <Value>description:1833:1:55a73700-c891-46fd-8f5c-72bc827f2ef5:20160407213831.058:1833</Value>
          <Value>entryDN:1833:1:55a73700-c891-46fd-8f5c-72bc827f2ef5:20160407213831.058:1833</Value>
          <Value>governsID:1833:1:55a73700-c891-46fd-8f5c-72bc827f2ef5:20160407213831.058:1833</Value>
          <Value>modifyTimeStamp:1833:1:55a73700-c891-46fd-8f5c-72bc827f2ef5:20160407213831.058:1833</Value>
          <Value>objectClass:1833:1:55a73700-c891-46fd-8f5c-72bc827f2ef5:20160407213831.058:1833</Value>
          <Value>objectClassCategory:1833:1:55a73700-c891-46fd-8f5c-72bc827f2ef5:20160407213831.058:1833</Value>
          <Value>objectGUID:1833:1:55a73700-c891-46fd-8f5c-72bc827f2ef5:20160407213831.058:1833</Value>
          <Value>schemaIDGUID:1833:1:55a73700-c891-46fd-8f5c-72bc827f2ef5:20160407213831.058:1833</Value>
          <Value>subClassOf:1833:1:55a73700-c891-46fd-8f5c-72bc827f2ef5:20160407213831.058:1833</Value>
          <Value>systemMayContain:1833:1:55a73700-c891-46fd-8f5c-72bc827f2ef5:20160407213831.058:1833</Value>
          <Value>systemMustContain:1833:1:55a73700-c891-46fd-8f5c-72bc827f2ef5:20160407213831.058:1833</Value>
          <Value>uSNChanged:1833:1:55a73700-c891-46fd-8f5c-72bc827f2ef5:20160407213831.058:1833</Value>
          <Value>uSNCreated:1833:1:55a73700-c891-46fd-8f5c-72bc827f2ef5:20160407213831.058:1833</Value>
        </AttributeMetadata>
      </ClassSchemaEntry>
      <ClassSchemaEntry>
        <Name>vmwLicSvcLicenseLabelEntity</Name>
        <AttributeMetadata>
          <Value>cn:1801:1:55a73700-c891-46fd-8f5c-72bc827f2ef5:20160407213831.005:1801</Value>
          <Value>createTimeStamp:1801:1:55a73700-c891-46fd-8f5c-72bc827f2ef5:20160407213831.005:1801</Value>
          <Value>defaultObjectCategory:1801:1:55a73700-c891-46fd-8f5c-72bc827f2ef5:20160407213831.005:1801</Value>
          <Value>description:1801:1:55a73700-c891-46fd-8f5c-72bc827f2ef5:20160407213831.005:1801</Value>
          <Value>entryDN:1801:1:55a73700-c891-46fd-8f5c-72bc827f2ef5:20160407213831.005:1801</Value>
          <Value>governsID:1801:1:55a73700-c891-46fd-8f5c-72bc827f2ef5:20160407213831.005:1801</Value>
          <Value>modifyTimeStamp:1801:1:55a73700-c891-46fd-8f5c-72bc827f2ef5:20160407213831.005:1801</Value>
          <Value>objectClass:1801:1:55a73700-c891-46fd-8f5c-72bc827f2ef5:20160407213831.005:1801</Value>
          <Value>objectClassCategory:1801:1:55a73700-c891-46fd-8f5c-72bc827f2ef5:20160407213831.005:1801</Value>
          <Value>objectGUID:1801:1:55a73700-c891-46fd-8f5c-72bc827f2ef5:20160407213831.005:1801</Value>
          <Value>schemaIDGUID:1801:1:55a73700-c891-46fd-8f5c-72bc827f2ef5:20160407213831.005:1801</Value>
          <Value>subClassOf:1801:1:55a73700-c891-46fd-8f5c-72bc827f2ef5:20160407213831.005:1801</Value>
          <Value>systemMustContain:1801:1:55a73700-c891-46fd-8f5c-72bc827f2ef5:20160407213831.005:1801</Value>
          <Value>uSNChanged:1801:1:55a73700-c891-46fd-8f5c-72bc827f2ef5:20160407213831.005:1801</Value>
          <Value>uSNCreated:1801:1:55a73700-c891-46fd-8f5c-72bc827f2ef5:20160407213831.005:1801</Value>
        </AttributeMetadata>
      </ClassSchemaEntry>
      <ClassSchemaEntry>
        <Name>vmwLKUPEndpointRegistration</Name>
        <AttributeMetadata>
          <Value>cn:2032:1:55a73700-c891-46fd-8f5c-72bc827f2ef5:20160407213831.392:2032</Value>
          <Value>createTimeStamp:2032:1:55a73700-c891-46fd-8f5c-72bc827f2ef5:20160407213831.392:2032</Value>
          <Value>defaultObjectCategory:2032:1:55a73700-c891-46fd-8f5c-72bc827f2ef5:20160407213831.392:2032</Value>
          <Value>description:2032:1:55a73700-c891-46fd-8f5c-72bc827f2ef5:20160407213831.392:2032</Value>
          <Value>entryDN:2032:1:55a73700-c891-46fd-8f5c-72bc827f2ef5:20160407213831.392:2032</Value>
          <Value>governsID:2032:1:55a73700-c891-46fd-8f5c-72bc827f2ef5:20160407213831.392:2032</Value>
          <Value>modifyTimeStamp:2032:1:55a73700-c891-46fd-8f5c-72bc827f2ef5:20160407213831.392:2032</Value>
          <Value>objectClass:2032:1:55a73700-c891-46fd-8f5c-72bc827f2ef5:20160407213831.392:2032</Value>
          <Value>objectClassCategory:2032:1:55a73700-c891-46fd-8f5c-72bc827f2ef5:20160407213831.392:2032</Value>
          <Value>objectGUID:2032:1:55a73700-c891-46fd-8f5c-72bc827f2ef5:20160407213831.392:2032</Value>
          <Value>schemaIDGUID:2032:1:55a73700-c891-46fd-8f5c-72bc827f2ef5:20160407213831.392:2032</Value>
          <Value>subClassOf:2032:1:55a73700-c891-46fd-8f5c-72bc827f2ef5:20160407213831.392:2032</Value>
          <Value>systemMayContain:2032:1:55a73700-c891-46fd-8f5c-72bc827f2ef5:20160407213831.392:2032</Value>
          <Value>systemMustContain:2032:1:55a73700-c891-46fd-8f5c-72bc827f2ef5:20160407213831.392:2032</Value>
          <Value>uSNChanged:2032:1:55a73700-c891-46fd-8f5c-72bc827f2ef5:20160407213831.392:2032</Value>
          <Value>uSNCreated:2032:1:55a73700-c891-46fd-8f5c-72bc827f2ef5:20160407213831.392:2032</Value>
        </AttributeMetadata>
      </ClassSchemaEntry>
      <ClassSchemaEntry>
        <Name>vmwLKUPProperty</Name>
        <AttributeMetadata>
          <Value>cn:2035:1:55a73700-c891-46fd-8f5c-72bc827f2ef5:20160407213831.395:2035</Value>
          <Value>createTimeStamp:2035:1:55a73700-c891-46fd-8f5c-72bc827f2ef5:20160407213831.395:2035</Value>
          <Value>defaultObjectCategory:2035:1:55a73700-c891-46fd-8f5c-72bc827f2ef5:20160407213831.395:2035</Value>
          <Value>description:2035:1:55a73700-c891-46fd-8f5c-72bc827f2ef5:20160407213831.395:2035</Value>
          <Value>entryDN:2035:1:55a73700-c891-46fd-8f5c-72bc827f2ef5:20160407213831.395:2035</Value>
          <Value>governsID:2035:1:55a73700-c891-46fd-8f5c-72bc827f2ef5:20160407213831.395:2035</Value>
          <Value>modifyTimeStamp:2035:1:55a73700-c891-46fd-8f5c-72bc827f2ef5:20160407213831.395:2035</Value>
          <Value>objectClass:2035:1:55a73700-c891-46fd-8f5c-72bc827f2ef5:20160407213831.395:2035</Value>
          <Value>objectClassCategory:2035:1:55a73700-c891-46fd-8f5c-72bc827f2ef5:20160407213831.395:2035</Value>
          <Value>objectGUID:2035:1:55a73700-c891-46fd-8f5c-72bc827f2ef5:20160407213831.395:2035</Value>
          <Value>schemaIDGUID:2035:1:55a73700-c891-46fd-8f5c-72bc827f2ef5:20160407213831.395:2035</Value>
          <Value>subClassOf:2035:1:55a73700-c891-46fd-8f5c-72bc827f2ef5:20160407213831.395:2035</Value>
          <Value>systemMustContain:2035:1:55a73700-c891-46fd-8f5c-72bc827f2ef5:20160407213831.395:2035</Value>
          <Value>uSNChanged:2035:1:55a73700-c891-46fd-8f5c-72bc827f2ef5:20160407213831.395:2035</Value>
          <Value>uSNCreated:2035:1:55a73700-c891-46fd-8f5c-72bc827f2ef5:20160407213831.395:2035</Value>
        </AttributeMetadata>
      </ClassSchemaEntry>
      <ClassSchemaEntry>
        <Name>vmwLKUPService</Name>
        <AttributeMetadata>
          <Value>cn:1961:1:55a73700-c891-46fd-8f5c-72bc827f2ef5:20160407213831.271:1961</Value>
          <Value>createTimeStamp:1961:1:55a73700-c891-46fd-8f5c-72bc827f2ef5:20160407213831.271:1961</Value>
          <Value>defaultObjectCategory:1961:1:55a73700-c891-46fd-8f5c-72bc827f2ef5:20160407213831.271:1961</Value>
          <Value>description:1961:1:55a73700-c891-46fd-8f5c-72bc827f2ef5:20160407213831.271:1961</Value>
          <Value>entryDN:1961:1:55a73700-c891-46fd-8f5c-72bc827f2ef5:20160407213831.271:1961</Value>
          <Value>governsID:1961:1:55a73700-c891-46fd-8f5c-72bc827f2ef5:20160407213831.271:1961</Value>
          <Value>modifyTimeStamp:1961:1:55a73700-c891-46fd-8f5c-72bc827f2ef5:20160407213831.271:1961</Value>
          <Value>objectClass:1961:1:55a73700-c891-46fd-8f5c-72bc827f2ef5:20160407213831.271:1961</Value>
          <Value>objectClassCategory:1961:1:55a73700-c891-46fd-8f5c-72bc827f2ef5:20160407213831.271:1961</Value>
          <Value>objectGUID:1961:1:55a73700-c891-46fd-8f5c-72bc827f2ef5:20160407213831.271:1961</Value>
          <Value>schemaIDGUID:1961:1:55a73700-c891-46fd-8f5c-72bc827f2ef5:20160407213831.271:1961</Value>
          <Value>subClassOf:1961:1:55a73700-c891-46fd-8f5c-72bc827f2ef5:20160407213831.271:1961</Value>
          <Value>systemMayContain:1961:1:55a73700-c891-46fd-8f5c-72bc827f2ef5:20160407213831.271:1961</Value>
          <Value>systemMustContain:1961:1:55a73700-c891-46fd-8f5c-72bc827f2ef5:20160407213831.271:1961</Value>
          <Value>uSNChanged:1961:1:55a73700-c891-46fd-8f5c-72bc827f2ef5:20160407213831.271:1961</Value>
          <Value>uSNCreated:1961:1:55a73700-c891-46fd-8f5c-72bc827f2ef5:20160407213831.271:1961</Value>
        </AttributeMetadata>
      </ClassSchemaEntry>
      <ClassSchemaEntry>
        <Name>vmwLKUPServiceConfiguration</Name>
        <AttributeMetadata>
          <Value>cn:1767:1:55a73700-c891-46fd-8f5c-72bc827f2ef5:20160407213830.945:1767</Value>
          <Value>createTimeStamp:1767:1:55a73700-c891-46fd-8f5c-72bc827f2ef5:20160407213830.945:1767</Value>
          <Value>defaultObjectCategory:1767:1:55a73700-c891-46fd-8f5c-72bc827f2ef5:20160407213830.945:1767</Value>
          <Value>description:1767:1:55a73700-c891-46fd-8f5c-72bc827f2ef5:20160407213830.945:1767</Value>
          <Value>entryDN:1767:1:55a73700-c891-46fd-8f5c-72bc827f2ef5:20160407213830.945:1767</Value>
          <Value>governsID:1767:1:55a73700-c891-46fd-8f5c-72bc827f2ef5:20160407213830.945:1767</Value>
          <Value>modifyTimeStamp:1767:1:55a73700-c891-46fd-8f5c-72bc827f2ef5:20160407213830.945:1767</Value>
          <Value>objectClass:1767:1:55a73700-c891-46fd-8f5c-72bc827f2ef5:20160407213830.945:1767</Value>
          <Value>objectClassCategory:1767:1:55a73700-c891-46fd-8f5c-72bc827f2ef5:20160407213830.945:1767</Value>
          <Value>objectGUID:1767:1:55a73700-c891-46fd-8f5c-72bc827f2ef5:20160407213830.945:1767</Value>
          <Value>schemaIDGUID:1767:1:55a73700-c891-46fd-8f5c-72bc827f2ef5:20160407213830.945:1767</Value>
          <Value>subClassOf:1767:1:55a73700-c891-46fd-8f5c-72bc827f2ef5:20160407213830.945:1767</Value>
          <Value>systemMayContain:1767:1:55a73700-c891-46fd-8f5c-72bc827f2ef5:20160407213830.945:1767</Value>
          <Value>systemMustContain:1767:1:55a73700-c891-46fd-8f5c-72bc827f2ef5:20160407213830.945:1767</Value>
          <Value>uSNChanged:1767:1:55a73700-c891-46fd-8f5c-72bc827f2ef5:20160407213830.945:1767</Value>
          <Value>uSNCreated:1767:1:55a73700-c891-46fd-8f5c-72bc827f2ef5:20160407213830.945:1767</Value>
        </AttributeMetadata>
      </ClassSchemaEntry>
      <ClassSchemaEntry>
        <Name>vmwLKUPServiceEndpoint</Name>
        <AttributeMetadata>
          <Value>cn:2036:1:55a73700-c891-46fd-8f5c-72bc827f2ef5:20160407213831.396:2036</Value>
          <Value>createTimeStamp:2036:1:55a73700-c891-46fd-8f5c-72bc827f2ef5:20160407213831.396:2036</Value>
          <Value>defaultObjectCategory:2036:1:55a73700-c891-46fd-8f5c-72bc827f2ef5:20160407213831.396:2036</Value>
          <Value>description:2036:1:55a73700-c891-46fd-8f5c-72bc827f2ef5:20160407213831.396:2036</Value>
          <Value>entryDN:2036:1:55a73700-c891-46fd-8f5c-72bc827f2ef5:20160407213831.396:2036</Value>
          <Value>governsID:2036:1:55a73700-c891-46fd-8f5c-72bc827f2ef5:20160407213831.396:2036</Value>
          <Value>modifyTimeStamp:2036:1:55a73700-c891-46fd-8f5c-72bc827f2ef5:20160407213831.396:2036</Value>
          <Value>objectClass:2036:1:55a73700-c891-46fd-8f5c-72bc827f2ef5:20160407213831.396:2036</Value>
          <Value>objectClassCategory:2036:1:55a73700-c891-46fd-8f5c-72bc827f2ef5:20160407213831.396:2036</Value>
          <Value>objectGUID:2036:1:55a73700-c891-46fd-8f5c-72bc827f2ef5:20160407213831.396:2036</Value>
          <Value>schemaIDGUID:2036:1:55a73700-c891-46fd-8f5c-72bc827f2ef5:20160407213831.396:2036</Value>
          <Value>subClassOf:2036:1:55a73700-c891-46fd-8f5c-72bc827f2ef5:20160407213831.396:2036</Value>
          <Value>systemMayContain:2036:1:55a73700-c891-46fd-8f5c-72bc827f2ef5:20160407213831.396:2036</Value>
          <Value>systemMustContain:2036:1:55a73700-c891-46fd-8f5c-72bc827f2ef5:20160407213831.396:2036</Value>
          <Value>uSNChanged:2036:1:55a73700-c891-46fd-8f5c-72bc827f2ef5:20160407213831.396:2036</Value>
          <Value>uSNCreated:2036:1:55a73700-c891-46fd-8f5c-72bc827f2ef5:20160407213831.396:2036</Value>
        </AttributeMetadata>
      </ClassSchemaEntry>
      <ClassSchemaEntry>
        <Name>vmwLKUPServiceRegistration</Name>
        <AttributeMetadata>
          <Value>cn:1857:1:55a73700-c891-46fd-8f5c-72bc827f2ef5:20160407213831.096:1857</Value>
          <Value>createTimeStamp:1857:1:55a73700-c891-46fd-8f5c-72bc827f2ef5:20160407213831.096:1857</Value>
          <Value>defaultObjectCategory:1857:1:55a73700-c891-46fd-8f5c-72bc827f2ef5:20160407213831.096:1857</Value>
          <Value>description:1857:1:55a73700-c891-46fd-8f5c-72bc827f2ef5:20160407213831.096:1857</Value>
          <Value>entryDN:1857:1:55a73700-c891-46fd-8f5c-72bc827f2ef5:20160407213831.096:1857</Value>
          <Value>governsID:1857:1:55a73700-c891-46fd-8f5c-72bc827f2ef5:20160407213831.096:1857</Value>
          <Value>modifyTimeStamp:1857:1:55a73700-c891-46fd-8f5c-72bc827f2ef5:20160407213831.096:1857</Value>
          <Value>objectClass:1857:1:55a73700-c891-46fd-8f5c-72bc827f2ef5:20160407213831.096:1857</Value>
          <Value>objectClassCategory:1857:1:55a73700-c891-46fd-8f5c-72bc827f2ef5:20160407213831.096:1857</Value>
          <Value>objectGUID:1857:1:55a73700-c891-46fd-8f5c-72bc827f2ef5:20160407213831.096:1857</Value>
          <Value>schemaIDGUID:1857:1:55a73700-c891-46fd-8f5c-72bc827f2ef5:20160407213831.096:1857</Value>
          <Value>subClassOf:1857:1:55a73700-c891-46fd-8f5c-72bc827f2ef5:20160407213831.096:1857</Value>
          <Value>systemMayContain:1857:1:55a73700-c891-46fd-8f5c-72bc827f2ef5:20160407213831.096:1857</Value>
          <Value>systemMustContain:1857:1:55a73700-c891-46fd-8f5c-72bc827f2ef5:20160407213831.096:1857</Value>
          <Value>uSNChanged:1857:1:55a73700-c891-46fd-8f5c-72bc827f2ef5:20160407213831.096:1857</Value>
          <Value>uSNCreated:1857:1:55a73700-c891-46fd-8f5c-72bc827f2ef5:20160407213831.096:1857</Value>
        </AttributeMetadata>
      </ClassSchemaEntry>
      <ClassSchemaEntry>
        <Name>vmwLockoutPolicy</Name>
        <AttributeMetadata>
          <Value>cn:1779:1:55a73700-c891-46fd-8f5c-72bc827f2ef5:20160407213830.969:1779</Value>
          <Value>createTimeStamp:1779:1:55a73700-c891-46fd-8f5c-72bc827f2ef5:20160407213830.969:1779</Value>
          <Value>defaultObjectCategory:1779:1:55a73700-c891-46fd-8f5c-72bc827f2ef5:20160407213830.969:1779</Value>
          <Value>description:1779:1:55a73700-c891-46fd-8f5c-72bc827f2ef5:20160407213830.969:1779</Value>
          <Value>entryDN:1779:1:55a73700-c891-46fd-8f5c-72bc827f2ef5:20160407213830.969:1779</Value>
          <Value>governsID:1779:1:55a73700-c891-46fd-8f5c-72bc827f2ef5:20160407213830.969:1779</Value>
          <Value>modifyTimeStamp:1779:1:55a73700-c891-46fd-8f5c-72bc827f2ef5:20160407213830.969:1779</Value>
          <Value>objectClass:1779:1:55a73700-c891-46fd-8f5c-72bc827f2ef5:20160407213830.969:1779</Value>
          <Value>objectClassCategory:1779:1:55a73700-c891-46fd-8f5c-72bc827f2ef5:20160407213830.969:1779</Value>
          <Value>objectGUID:1779:1:55a73700-c891-46fd-8f5c-72bc827f2ef5:20160407213830.969:1779</Value>
          <Value>schemaIDGUID:1779:1:55a73700-c891-46fd-8f5c-72bc827f2ef5:20160407213830.969:1779</Value>
          <Value>subClassOf:1779:1:55a73700-c891-46fd-8f5c-72bc827f2ef5:20160407213830.969:1779</Value>
          <Value>systemMayContain:1779:1:55a73700-c891-46fd-8f5c-72bc827f2ef5:20160407213830.969:1779</Value>
          <Value>uSNChanged:1779:1:55a73700-c891-46fd-8f5c-72bc827f2ef5:20160407213830.969:1779</Value>
          <Value>uSNCreated:1779:1:55a73700-c891-46fd-8f5c-72bc827f2ef5:20160407213830.969:1779</Value>
        </AttributeMetadata>
      </ClassSchemaEntry>
      <ClassSchemaEntry>
        <Name>vmwOidcRelyingParty</Name>
        <AttributeMetadata>
          <Value>cn:1848:1:55a73700-c891-46fd-8f5c-72bc827f2ef5:20160407213831.085:1848</Value>
          <Value>createTimeStamp:1848:1:55a73700-c891-46fd-8f5c-72bc827f2ef5:20160407213831.085:1848</Value>
          <Value>defaultObjectCategory:1848:1:55a73700-c891-46fd-8f5c-72bc827f2ef5:20160407213831.085:1848</Value>
          <Value>description:1848:1:55a73700-c891-46fd-8f5c-72bc827f2ef5:20160407213831.085:1848</Value>
          <Value>entryDN:1848:1:55a73700-c891-46fd-8f5c-72bc827f2ef5:20160407213831.085:1848</Value>
          <Value>governsID:1848:1:55a73700-c891-46fd-8f5c-72bc827f2ef5:20160407213831.085:1848</Value>
          <Value>modifyTimeStamp:1848:1:55a73700-c891-46fd-8f5c-72bc827f2ef5:20160407213831.085:1848</Value>
          <Value>objectClass:1848:1:55a73700-c891-46fd-8f5c-72bc827f2ef5:20160407213831.085:1848</Value>
          <Value>objectClassCategory:1848:1:55a73700-c891-46fd-8f5c-72bc827f2ef5:20160407213831.085:1848</Value>
          <Value>objectGUID:1848:1:55a73700-c891-46fd-8f5c-72bc827f2ef5:20160407213831.085:1848</Value>
          <Value>schemaIDGUID:1848:1:55a73700-c891-46fd-8f5c-72bc827f2ef5:20160407213831.085:1848</Value>
          <Value>subClassOf:1848:1:55a73700-c891-46fd-8f5c-72bc827f2ef5:20160407213831.085:1848</Value>
          <Value>systemMayContain:1848:1:55a73700-c891-46fd-8f5c-72bc827f2ef5:20160407213831.085:1848</Value>
          <Value>systemMustContain:1848:1:55a73700-c891-46fd-8f5c-72bc827f2ef5:20160407213831.085:1848</Value>
          <Value>uSNChanged:1848:1:55a73700-c891-46fd-8f5c-72bc827f2ef5:20160407213831.085:1848</Value>
          <Value>uSNCreated:1848:1:55a73700-c891-46fd-8f5c-72bc827f2ef5:20160407213831.085:1848</Value>
        </AttributeMetadata>
      </ClassSchemaEntry>
      <ClassSchemaEntry>
        <Name>vmwOidcResourceServer</Name>
        <AttributeMetadata>
          <Value>cn:1799:1:55a73700-c891-46fd-8f5c-72bc827f2ef5:20160407213831.003:1799</Value>
          <Value>createTimeStamp:1799:1:55a73700-c891-46fd-8f5c-72bc827f2ef5:20160407213831.003:1799</Value>
          <Value>defaultObjectCategory:1799:1:55a73700-c891-46fd-8f5c-72bc827f2ef5:20160407213831.003:1799</Value>
          <Value>description:1799:1:55a73700-c891-46fd-8f5c-72bc827f2ef5:20160407213831.003:1799</Value>
          <Value>entryDN:1799:1:55a73700-c891-46fd-8f5c-72bc827f2ef5:20160407213831.003:1799</Value>
          <Value>governsID:1799:1:55a73700-c891-46fd-8f5c-72bc827f2ef5:20160407213831.003:1799</Value>
          <Value>modifyTimeStamp:1799:1:55a73700-c891-46fd-8f5c-72bc827f2ef5:20160407213831.003:1799</Value>
          <Value>objectClass:1799:1:55a73700-c891-46fd-8f5c-72bc827f2ef5:20160407213831.003:1799</Value>
          <Value>objectClassCategory:1799:1:55a73700-c891-46fd-8f5c-72bc827f2ef5:20160407213831.003:1799</Value>
          <Value>objectGUID:1799:1:55a73700-c891-46fd-8f5c-72bc827f2ef5:20160407213831.003:1799</Value>
          <Value>schemaIDGUID:1799:1:55a73700-c891-46fd-8f5c-72bc827f2ef5:20160407213831.003:1799</Value>
          <Value>subClassOf:1799:1:55a73700-c891-46fd-8f5c-72bc827f2ef5:20160407213831.003:1799</Value>
          <Value>systemMayContain:1799:1:55a73700-c891-46fd-8f5c-72bc827f2ef5:20160407213831.003:1799</Value>
          <Value>systemMustContain:1799:1:55a73700-c891-46fd-8f5c-72bc827f2ef5:20160407213831.003:1799</Value>
          <Value>uSNChanged:1799:1:55a73700-c891-46fd-8f5c-72bc827f2ef5:20160407213831.003:1799</Value>
          <Value>uSNCreated:1799:1:55a73700-c891-46fd-8f5c-72bc827f2ef5:20160407213831.003:1799</Value>
        </AttributeMetadata>
      </ClassSchemaEntry>
      <ClassSchemaEntry>
        <Name>vmwPasswordPolicy</Name>
        <AttributeMetadata>
          <Value>cn:1836:1:55a73700-c891-46fd-8f5c-72bc827f2ef5:20160407213831.062:1836</Value>
          <Value>createTimeStamp:1836:1:55a73700-c891-46fd-8f5c-72bc827f2ef5:20160407213831.062:1836</Value>
          <Value>defaultObjectCategory:1836:1:55a73700-c891-46fd-8f5c-72bc827f2ef5:20160407213831.062:1836</Value>
          <Value>description:1836:1:55a73700-c891-46fd-8f5c-72bc827f2ef5:20160407213831.062:1836</Value>
          <Value>entryDN:1836:1:55a73700-c891-46fd-8f5c-72bc827f2ef5:20160407213831.062:1836</Value>
          <Value>governsID:1836:1:55a73700-c891-46fd-8f5c-72bc827f2ef5:20160407213831.062:1836</Value>
          <Value>modifyTimeStamp:1836:1:55a73700-c891-46fd-8f5c-72bc827f2ef5:20160407213831.062:1836</Value>
          <Value>objectClass:1836:1:55a73700-c891-46fd-8f5c-72bc827f2ef5:20160407213831.062:1836</Value>
          <Value>objectClassCategory:1836:1:55a73700-c891-46fd-8f5c-72bc827f2ef5:20160407213831.062:1836</Value>
          <Value>objectGUID:1836:1:55a73700-c891-46fd-8f5c-72bc827f2ef5:20160407213831.062:1836</Value>
          <Value>schemaIDGUID:1836:1:55a73700-c891-46fd-8f5c-72bc827f2ef5:20160407213831.062:1836</Value>
          <Value>subClassOf:1836:1:55a73700-c891-46fd-8f5c-72bc827f2ef5:20160407213831.062:1836</Value>
          <Value>systemMayContain:1836:1:55a73700-c891-46fd-8f5c-72bc827f2ef5:20160407213831.062:1836</Value>
          <Value>uSNChanged:1836:1:55a73700-c891-46fd-8f5c-72bc827f2ef5:20160407213831.062:1836</Value>
          <Value>uSNCreated:1836:1:55a73700-c891-46fd-8f5c-72bc827f2ef5:20160407213831.062:1836</Value>
        </AttributeMetadata>
      </ClassSchemaEntry>
      <ClassSchemaEntry>
        <Name>vmwPolicy</Name>
        <AttributeMetadata>
          <Value>auxiliaryClass:1841:1:55a73700-c891-46fd-8f5c-72bc827f2ef5:20160407213831.067:1841</Value>
          <Value>cn:1841:1:55a73700-c891-46fd-8f5c-72bc827f2ef5:20160407213831.067:1841</Value>
          <Value>createTimeStamp:1841:1:55a73700-c891-46fd-8f5c-72bc827f2ef5:20160407213831.067:1841</Value>
          <Value>defaultObjectCategory:1841:1:55a73700-c891-46fd-8f5c-72bc827f2ef5:20160407213831.067:1841</Value>
          <Value>description:1841:1:55a73700-c891-46fd-8f5c-72bc827f2ef5:20160407213831.067:1841</Value>
          <Value>entryDN:1841:1:55a73700-c891-46fd-8f5c-72bc827f2ef5:20160407213831.067:1841</Value>
          <Value>governsID:1841:1:55a73700-c891-46fd-8f5c-72bc827f2ef5:20160407213831.067:1841</Value>
          <Value>modifyTimeStamp:1841:1:55a73700-c891-46fd-8f5c-72bc827f2ef5:20160407213831.067:1841</Value>
          <Value>objectClass:1841:1:55a73700-c891-46fd-8f5c-72bc827f2ef5:20160407213831.067:1841</Value>
          <Value>objectClassCategory:1841:1:55a73700-c891-46fd-8f5c-72bc827f2ef5:20160407213831.067:1841</Value>
          <Value>objectGUID:1841:1:55a73700-c891-46fd-8f5c-72bc827f2ef5:20160407213831.067:1841</Value>
          <Value>schemaIDGUID:1841:1:55a73700-c891-46fd-8f5c-72bc827f2ef5:20160407213831.067:1841</Value>
          <Value>subClassOf:1841:1:55a73700-c891-46fd-8f5c-72bc827f2ef5:20160407213831.067:1841</Value>
          <Value>systemMustContain:1841:1:55a73700-c891-46fd-8f5c-72bc827f2ef5:20160407213831.067:1841</Value>
          <Value>uSNChanged:1841:1:55a73700-c891-46fd-8f5c-72bc827f2ef5:20160407213831.067:1841</Value>
          <Value>uSNCreated:1841:1:55a73700-c891-46fd-8f5c-72bc827f2ef5:20160407213831.067:1841</Value>
        </AttributeMetadata>
      </ClassSchemaEntry>
      <ClassSchemaEntry>
        <Name>vmwReplicationAgreement</Name>
        <AttributeMetadata>
          <Value>cn:1908:1:55a73700-c891-46fd-8f5c-72bc827f2ef5:20160407213831.180:1908</Value>
          <Value>createTimeStamp:1908:1:55a73700-c891-46fd-8f5c-72bc827f2ef5:20160407213831.180:1908</Value>
          <Value>defaultObjectCategory:1908:1:55a73700-c891-46fd-8f5c-72bc827f2ef5:20160407213831.180:1908</Value>
          <Value>description:1908:1:55a73700-c891-46fd-8f5c-72bc827f2ef5:20160407213831.180:1908</Value>
          <Value>entryDN:1908:1:55a73700-c891-46fd-8f5c-72bc827f2ef5:20160407213831.180:1908</Value>
          <Value>governsID:1908:1:55a73700-c891-46fd-8f5c-72bc827f2ef5:20160407213831.180:1908</Value>
          <Value>modifyTimeStamp:1908:1:55a73700-c891-46fd-8f5c-72bc827f2ef5:20160407213831.180:1908</Value>
          <Value>objectClass:1908:1:55a73700-c891-46fd-8f5c-72bc827f2ef5:20160407213831.180:1908</Value>
          <Value>objectClassCategory:1908:1:55a73700-c891-46fd-8f5c-72bc827f2ef5:20160407213831.180:1908</Value>
          <Value>objectGUID:1908:1:55a73700-c891-46fd-8f5c-72bc827f2ef5:20160407213831.180:1908</Value>
          <Value>schemaIDGUID:1908:1:55a73700-c891-46fd-8f5c-72bc827f2ef5:20160407213831.180:1908</Value>
          <Value>subClassOf:1908:1:55a73700-c891-46fd-8f5c-72bc827f2ef5:20160407213831.180:1908</Value>
          <Value>systemMustContain:1908:1:55a73700-c891-46fd-8f5c-72bc827f2ef5:20160407213831.180:1908</Value>
          <Value>uSNChanged:1908:1:55a73700-c891-46fd-8f5c-72bc827f2ef5:20160407213831.180:1908</Value>
          <Value>uSNCreated:1908:1:55a73700-c891-46fd-8f5c-72bc827f2ef5:20160407213831.180:1908</Value>
        </AttributeMetadata>
      </ClassSchemaEntry>
      <ClassSchemaEntry>
        <Name>vmwServicePrincipal</Name>
        <AttributeMetadata>
          <Value>cn:1859:1:55a73700-c891-46fd-8f5c-72bc827f2ef5:20160407213831.098:1859</Value>
          <Value>createTimeStamp:1859:1:55a73700-c891-46fd-8f5c-72bc827f2ef5:20160407213831.098:1859</Value>
          <Value>defaultObjectCategory:1859:1:55a73700-c891-46fd-8f5c-72bc827f2ef5:20160407213831.098:1859</Value>
          <Value>description:1859:1:55a73700-c891-46fd-8f5c-72bc827f2ef5:20160407213831.098:1859</Value>
          <Value>entryDN:1859:1:55a73700-c891-46fd-8f5c-72bc827f2ef5:20160407213831.098:1859</Value>
          <Value>governsID:1859:1:55a73700-c891-46fd-8f5c-72bc827f2ef5:20160407213831.098:1859</Value>
          <Value>modifyTimeStamp:1859:1:55a73700-c891-46fd-8f5c-72bc827f2ef5:20160407213831.098:1859</Value>
          <Value>objectClass:1859:1:55a73700-c891-46fd-8f5c-72bc827f2ef5:20160407213831.098:1859</Value>
          <Value>objectClassCategory:1859:1:55a73700-c891-46fd-8f5c-72bc827f2ef5:20160407213831.098:1859</Value>
          <Value>objectGUID:1859:1:55a73700-c891-46fd-8f5c-72bc827f2ef5:20160407213831.098:1859</Value>
          <Value>schemaIDGUID:1859:1:55a73700-c891-46fd-8f5c-72bc827f2ef5:20160407213831.098:1859</Value>
          <Value>subClassOf:1859:1:55a73700-c891-46fd-8f5c-72bc827f2ef5:20160407213831.098:1859</Value>
          <Value>systemMustContain:1859:1:55a73700-c891-46fd-8f5c-72bc827f2ef5:20160407213831.098:1859</Value>
          <Value>uSNChanged:1859:1:55a73700-c891-46fd-8f5c-72bc827f2ef5:20160407213831.098:1859</Value>
          <Value>uSNCreated:1859:1:55a73700-c891-46fd-8f5c-72bc827f2ef5:20160407213831.098:1859</Value>
        </AttributeMetadata>
      </ClassSchemaEntry>
      <ClassSchemaEntry>
        <Name>vmwSTSAssertionConsumerService</Name>
        <AttributeMetadata>
          <Value>cn:1874:1:55a73700-c891-46fd-8f5c-72bc827f2ef5:20160407213831.122:1874</Value>
          <Value>createTimeStamp:1874:1:55a73700-c891-46fd-8f5c-72bc827f2ef5:20160407213831.122:1874</Value>
          <Value>defaultObjectCategory:1874:1:55a73700-c891-46fd-8f5c-72bc827f2ef5:20160407213831.122:1874</Value>
          <Value>description:1874:1:55a73700-c891-46fd-8f5c-72bc827f2ef5:20160407213831.122:1874</Value>
          <Value>entryDN:1874:1:55a73700-c891-46fd-8f5c-72bc827f2ef5:20160407213831.122:1874</Value>
          <Value>governsID:1874:1:55a73700-c891-46fd-8f5c-72bc827f2ef5:20160407213831.122:1874</Value>
          <Value>modifyTimeStamp:1874:1:55a73700-c891-46fd-8f5c-72bc827f2ef5:20160407213831.122:1874</Value>
          <Value>objectClass:1874:1:55a73700-c891-46fd-8f5c-72bc827f2ef5:20160407213831.122:1874</Value>
          <Value>objectClassCategory:1874:1:55a73700-c891-46fd-8f5c-72bc827f2ef5:20160407213831.122:1874</Value>
          <Value>objectGUID:1874:1:55a73700-c891-46fd-8f5c-72bc827f2ef5:20160407213831.122:1874</Value>
          <Value>schemaIDGUID:1874:1:55a73700-c891-46fd-8f5c-72bc827f2ef5:20160407213831.122:1874</Value>
          <Value>subClassOf:1874:1:55a73700-c891-46fd-8f5c-72bc827f2ef5:20160407213831.122:1874</Value>
          <Value>systemMayContain:1874:1:55a73700-c891-46fd-8f5c-72bc827f2ef5:20160407213831.122:1874</Value>
          <Value>systemMustContain:1874:1:55a73700-c891-46fd-8f5c-72bc827f2ef5:20160407213831.122:1874</Value>
          <Value>uSNChanged:1874:1:55a73700-c891-46fd-8f5c-72bc827f2ef5:20160407213831.122:1874</Value>
          <Value>uSNCreated:1874:1:55a73700-c891-46fd-8f5c-72bc827f2ef5:20160407213831.122:1874</Value>
        </AttributeMetadata>
      </ClassSchemaEntry>
      <ClassSchemaEntry>
        <Name>vmwSTSAttribute</Name>
        <AttributeMetadata>
          <Value>cn:1893:1:55a73700-c891-46fd-8f5c-72bc827f2ef5:20160407213831.154:1893</Value>
          <Value>createTimeStamp:1893:1:55a73700-c891-46fd-8f5c-72bc827f2ef5:20160407213831.154:1893</Value>
          <Value>defaultObjectCategory:1893:1:55a73700-c891-46fd-8f5c-72bc827f2ef5:20160407213831.154:1893</Value>
          <Value>description:1893:1:55a73700-c891-46fd-8f5c-72bc827f2ef5:20160407213831.154:1893</Value>
          <Value>entryDN:1893:1:55a73700-c891-46fd-8f5c-72bc827f2ef5:20160407213831.154:1893</Value>
          <Value>governsID:1893:1:55a73700-c891-46fd-8f5c-72bc827f2ef5:20160407213831.154:1893</Value>
          <Value>modifyTimeStamp:1893:1:55a73700-c891-46fd-8f5c-72bc827f2ef5:20160407213831.154:1893</Value>
          <Value>objectClass:1893:1:55a73700-c891-46fd-8f5c-72bc827f2ef5:20160407213831.154:1893</Value>
          <Value>objectClassCategory:1893:1:55a73700-c891-46fd-8f5c-72bc827f2ef5:20160407213831.154:1893</Value>
          <Value>objectGUID:1893:1:55a73700-c891-46fd-8f5c-72bc827f2ef5:20160407213831.154:1893</Value>
          <Value>schemaIDGUID:1893:1:55a73700-c891-46fd-8f5c-72bc827f2ef5:20160407213831.154:1893</Value>
          <Value>subClassOf:1893:1:55a73700-c891-46fd-8f5c-72bc827f2ef5:20160407213831.154:1893</Value>
          <Value>systemMustContain:1893:1:55a73700-c891-46fd-8f5c-72bc827f2ef5:20160407213831.154:1893</Value>
          <Value>uSNChanged:1893:1:55a73700-c891-46fd-8f5c-72bc827f2ef5:20160407213831.154:1893</Value>
          <Value>uSNCreated:1893:1:55a73700-c891-46fd-8f5c-72bc827f2ef5:20160407213831.154:1893</Value>
        </AttributeMetadata>
      </ClassSchemaEntry>
      <ClassSchemaEntry>
        <Name>vmwSTSAttributeConsumerService</Name>
        <AttributeMetadata>
          <Value>cn:1881:1:55a73700-c891-46fd-8f5c-72bc827f2ef5:20160407213831.130:1881</Value>
          <Value>createTimeStamp:1881:1:55a73700-c891-46fd-8f5c-72bc827f2ef5:20160407213831.130:1881</Value>
          <Value>defaultObjectCategory:1881:1:55a73700-c891-46fd-8f5c-72bc827f2ef5:20160407213831.130:1881</Value>
          <Value>description:1881:1:55a73700-c891-46fd-8f5c-72bc827f2ef5:20160407213831.130:1881</Value>
          <Value>entryDN:1881:1:55a73700-c891-46fd-8f5c-72bc827f2ef5:20160407213831.130:1881</Value>
          <Value>governsID:1881:1:55a73700-c891-46fd-8f5c-72bc827f2ef5:20160407213831.130:1881</Value>
          <Value>modifyTimeStamp:1881:1:55a73700-c891-46fd-8f5c-72bc827f2ef5:20160407213831.130:1881</Value>
          <Value>objectClass:1881:1:55a73700-c891-46fd-8f5c-72bc827f2ef5:20160407213831.130:1881</Value>
          <Value>objectClassCategory:1881:1:55a73700-c891-46fd-8f5c-72bc827f2ef5:20160407213831.130:1881</Value>
          <Value>objectGUID:1881:1:55a73700-c891-46fd-8f5c-72bc827f2ef5:20160407213831.130:1881</Value>
          <Value>schemaIDGUID:1881:1:55a73700-c891-46fd-8f5c-72bc827f2ef5:20160407213831.130:1881</Value>
          <Value>subClassOf:1881:1:55a73700-c891-46fd-8f5c-72bc827f2ef5:20160407213831.130:1881</Value>
          <Value>systemMayContain:1881:1:55a73700-c891-46fd-8f5c-72bc827f2ef5:20160407213831.130:1881</Value>
          <Value>systemMustContain:1881:1:55a73700-c891-46fd-8f5c-72bc827f2ef5:20160407213831.130:1881</Value>
          <Value>uSNChanged:1881:1:55a73700-c891-46fd-8f5c-72bc827f2ef5:20160407213831.130:1881</Value>
          <Value>uSNCreated:1881:1:55a73700-c891-46fd-8f5c-72bc827f2ef5:20160407213831.130:1881</Value>
        </AttributeMetadata>
      </ClassSchemaEntry>
      <ClassSchemaEntry>
        <Name>vmwSTSAttributeContainer</Name>
        <AttributeMetadata>
          <Value>cn:1922:1:55a73700-c891-46fd-8f5c-72bc827f2ef5:20160407213831.206:1922</Value>
          <Value>createTimeStamp:1922:1:55a73700-c891-46fd-8f5c-72bc827f2ef5:20160407213831.206:1922</Value>
          <Value>defaultObjectCategory:1922:1:55a73700-c891-46fd-8f5c-72bc827f2ef5:20160407213831.206:1922</Value>
          <Value>description:1922:1:55a73700-c891-46fd-8f5c-72bc827f2ef5:20160407213831.206:1922</Value>
          <Value>entryDN:1922:1:55a73700-c891-46fd-8f5c-72bc827f2ef5:20160407213831.206:1922</Value>
          <Value>governsID:1922:1:55a73700-c891-46fd-8f5c-72bc827f2ef5:20160407213831.206:1922</Value>
          <Value>modifyTimeStamp:1922:1:55a73700-c891-46fd-8f5c-72bc827f2ef5:20160407213831.206:1922</Value>
          <Value>objectClass:1922:1:55a73700-c891-46fd-8f5c-72bc827f2ef5:20160407213831.206:1922</Value>
          <Value>objectClassCategory:1922:1:55a73700-c891-46fd-8f5c-72bc827f2ef5:20160407213831.206:1922</Value>
          <Value>objectGUID:1922:1:55a73700-c891-46fd-8f5c-72bc827f2ef5:20160407213831.206:1922</Value>
          <Value>schemaIDGUID:1922:1:55a73700-c891-46fd-8f5c-72bc827f2ef5:20160407213831.206:1922</Value>
          <Value>subClassOf:1922:1:55a73700-c891-46fd-8f5c-72bc827f2ef5:20160407213831.206:1922</Value>
          <Value>systemMustContain:1922:1:55a73700-c891-46fd-8f5c-72bc827f2ef5:20160407213831.206:1922</Value>
          <Value>uSNChanged:1922:1:55a73700-c891-46fd-8f5c-72bc827f2ef5:20160407213831.206:1922</Value>
          <Value>uSNCreated:1922:1:55a73700-c891-46fd-8f5c-72bc827f2ef5:20160407213831.206:1922</Value>
        </AttributeMetadata>
      </ClassSchemaEntry>
      <ClassSchemaEntry>
        <Name>vmwSTSAttributeMap</Name>
        <AttributeMetadata>
          <Value>cn:1940:1:55a73700-c891-46fd-8f5c-72bc827f2ef5:20160407213831.239:1940</Value>
          <Value>createTimeStamp:1940:1:55a73700-c891-46fd-8f5c-72bc827f2ef5:20160407213831.239:1940</Value>
          <Value>defaultObjectCategory:1940:1:55a73700-c891-46fd-8f5c-72bc827f2ef5:20160407213831.239:1940</Value>
          <Value>description:1940:1:55a73700-c891-46fd-8f5c-72bc827f2ef5:20160407213831.239:1940</Value>
          <Value>entryDN:1940:1:55a73700-c891-46fd-8f5c-72bc827f2ef5:20160407213831.239:1940</Value>
          <Value>governsID:1940:1:55a73700-c891-46fd-8f5c-72bc827f2ef5:20160407213831.239:1940</Value>
          <Value>modifyTimeStamp:1940:1:55a73700-c891-46fd-8f5c-72bc827f2ef5:20160407213831.239:1940</Value>
          <Value>objectClass:1940:1:55a73700-c891-46fd-8f5c-72bc827f2ef5:20160407213831.239:1940</Value>
          <Value>objectClassCategory:1940:1:55a73700-c891-46fd-8f5c-72bc827f2ef5:20160407213831.239:1940</Value>
          <Value>objectGUID:1940:1:55a73700-c891-46fd-8f5c-72bc827f2ef5:20160407213831.239:1940</Value>
          <Value>schemaIDGUID:1940:1:55a73700-c891-46fd-8f5c-72bc827f2ef5:20160407213831.239:1940</Value>
          <Value>subClassOf:1940:1:55a73700-c891-46fd-8f5c-72bc827f2ef5:20160407213831.239:1940</Value>
          <Value>systemMustContain:1940:1:55a73700-c891-46fd-8f5c-72bc827f2ef5:20160407213831.239:1940</Value>
          <Value>uSNChanged:1940:1:55a73700-c891-46fd-8f5c-72bc827f2ef5:20160407213831.239:1940</Value>
          <Value>uSNCreated:1940:1:55a73700-c891-46fd-8f5c-72bc827f2ef5:20160407213831.239:1940</Value>
        </AttributeMetadata>
      </ClassSchemaEntry>
      <ClassSchemaEntry>
        <Name>vmwSTSCertificate</Name>
        <AttributeMetadata>
          <Value>cn:1912:1:55a73700-c891-46fd-8f5c-72bc827f2ef5:20160407213831.185:1912</Value>
          <Value>createTimeStamp:1912:1:55a73700-c891-46fd-8f5c-72bc827f2ef5:20160407213831.185:1912</Value>
          <Value>defaultObjectCategory:1912:1:55a73700-c891-46fd-8f5c-72bc827f2ef5:20160407213831.185:1912</Value>
          <Value>description:1912:1:55a73700-c891-46fd-8f5c-72bc827f2ef5:20160407213831.185:1912</Value>
          <Value>entryDN:1912:1:55a73700-c891-46fd-8f5c-72bc827f2ef5:20160407213831.185:1912</Value>
          <Value>governsID:1912:1:55a73700-c891-46fd-8f5c-72bc827f2ef5:20160407213831.185:1912</Value>
          <Value>modifyTimeStamp:1912:1:55a73700-c891-46fd-8f5c-72bc827f2ef5:20160407213831.185:1912</Value>
          <Value>objectClass:1912:1:55a73700-c891-46fd-8f5c-72bc827f2ef5:20160407213831.185:1912</Value>
          <Value>objectClassCategory:1912:1:55a73700-c891-46fd-8f5c-72bc827f2ef5:20160407213831.185:1912</Value>
          <Value>objectGUID:1912:1:55a73700-c891-46fd-8f5c-72bc827f2ef5:20160407213831.185:1912</Value>
          <Value>schemaIDGUID:1912:1:55a73700-c891-46fd-8f5c-72bc827f2ef5:20160407213831.185:1912</Value>
          <Value>subClassOf:1912:1:55a73700-c891-46fd-8f5c-72bc827f2ef5:20160407213831.185:1912</Value>
          <Value>systemMustContain:1912:1:55a73700-c891-46fd-8f5c-72bc827f2ef5:20160407213831.185:1912</Value>
          <Value>uSNChanged:1912:1:55a73700-c891-46fd-8f5c-72bc827f2ef5:20160407213831.185:1912</Value>
          <Value>uSNCreated:1912:1:55a73700-c891-46fd-8f5c-72bc827f2ef5:20160407213831.185:1912</Value>
        </AttributeMetadata>
      </ClassSchemaEntry>
      <ClassSchemaEntry>
        <Name>vmwSTSExternalIdp</Name>
        <AttributeMetadata>
          <Value>cn:1997:1:55a73700-c891-46fd-8f5c-72bc827f2ef5:20160407213831.334:1997</Value>
          <Value>createTimeStamp:1997:1:55a73700-c891-46fd-8f5c-72bc827f2ef5:20160407213831.334:1997</Value>
          <Value>defaultObjectCategory:1997:1:55a73700-c891-46fd-8f5c-72bc827f2ef5:20160407213831.334:1997</Value>
          <Value>description:1997:1:55a73700-c891-46fd-8f5c-72bc827f2ef5:20160407213831.334:1997</Value>
          <Value>entryDN:1997:1:55a73700-c891-46fd-8f5c-72bc827f2ef5:20160407213831.334:1997</Value>
          <Value>governsID:1997:1:55a73700-c891-46fd-8f5c-72bc827f2ef5:20160407213831.334:1997</Value>
          <Value>modifyTimeStamp:1997:1:55a73700-c891-46fd-8f5c-72bc827f2ef5:20160407213831.334:1997</Value>
          <Value>objectClass:1997:1:55a73700-c891-46fd-8f5c-72bc827f2ef5:20160407213831.334:1997</Value>
          <Value>objectClassCategory:1997:1:55a73700-c891-46fd-8f5c-72bc827f2ef5:20160407213831.334:1997</Value>
          <Value>objectGUID:1997:1:55a73700-c891-46fd-8f5c-72bc827f2ef5:20160407213831.334:1997</Value>
          <Value>schemaIDGUID:1997:1:55a73700-c891-46fd-8f5c-72bc827f2ef5:20160407213831.334:1997</Value>
          <Value>subClassOf:1997:1:55a73700-c891-46fd-8f5c-72bc827f2ef5:20160407213831.334:1997</Value>
          <Value>systemMayContain:1997:1:55a73700-c891-46fd-8f5c-72bc827f2ef5:20160407213831.334:1997</Value>
          <Value>systemMustContain:1997:1:55a73700-c891-46fd-8f5c-72bc827f2ef5:20160407213831.334:1997</Value>
          <Value>uSNChanged:1997:1:55a73700-c891-46fd-8f5c-72bc827f2ef5:20160407213831.334:1997</Value>
          <Value>uSNCreated:1997:1:55a73700-c891-46fd-8f5c-72bc827f2ef5:20160407213831.334:1997</Value>
        </AttributeMetadata>
      </ClassSchemaEntry>
      <ClassSchemaEntry>
        <Name>vmwSTSIdentityStore</Name>
        <AttributeMetadata>
          <Value>cn:1919:1:55a73700-c891-46fd-8f5c-72bc827f2ef5:20160407213831.199:1919</Value>
          <Value>createTimeStamp:1919:1:55a73700-c891-46fd-8f5c-72bc827f2ef5:20160407213831.199:1919</Value>
          <Value>defaultObjectCategory:1919:1:55a73700-c891-46fd-8f5c-72bc827f2ef5:20160407213831.199:1919</Value>
          <Value>description:1919:1:55a73700-c891-46fd-8f5c-72bc827f2ef5:20160407213831.199:1919</Value>
          <Value>entryDN:1919:1:55a73700-c891-46fd-8f5c-72bc827f2ef5:20160407213831.199:1919</Value>
          <Value>governsID:1919:1:55a73700-c891-46fd-8f5c-72bc827f2ef5:20160407213831.199:1919</Value>
          <Value>modifyTimeStamp:1919:1:55a73700-c891-46fd-8f5c-72bc827f2ef5:20160407213831.199:1919</Value>
          <Value>objectClass:1919:1:55a73700-c891-46fd-8f5c-72bc827f2ef5:20160407213831.199:1919</Value>
          <Value>objectClassCategory:1919:1:55a73700-c891-46fd-8f5c-72bc827f2ef5:20160407213831.199:1919</Value>
          <Value>objectGUID:1919:1:55a73700-c891-46fd-8f5c-72bc827f2ef5:20160407213831.199:1919</Value>
          <Value>schemaIDGUID:1919:1:55a73700-c891-46fd-8f5c-72bc827f2ef5:20160407213831.199:1919</Value>
          <Value>subClassOf:1919:1:55a73700-c891-46fd-8f5c-72bc827f2ef5:20160407213831.199:1919</Value>
          <Value>systemMayContain:1919:1:55a73700-c891-46fd-8f5c-72bc827f2ef5:20160407213831.199:1919</Value>
          <Value>systemMustContain:1919:1:55a73700-c891-46fd-8f5c-72bc827f2ef5:20160407213831.199:1919</Value>
          <Value>uSNChanged:1919:1:55a73700-c891-46fd-8f5c-72bc827f2ef5:20160407213831.199:1919</Value>
          <Value>uSNCreated:1919:1:55a73700-c891-46fd-8f5c-72bc827f2ef5:20160407213831.199:1919</Value>
        </AttributeMetadata>
      </ClassSchemaEntry>
      <ClassSchemaEntry>
        <Name>vmwSTSIdentityStoreAlias</Name>
        <AttributeMetadata>
          <Value>cn:1984:1:55a73700-c891-46fd-8f5c-72bc827f2ef5:20160407213831.309:1984</Value>
          <Value>createTimeStamp:1984:1:55a73700-c891-46fd-8f5c-72bc827f2ef5:20160407213831.309:1984</Value>
          <Value>defaultObjectCategory:1984:1:55a73700-c891-46fd-8f5c-72bc827f2ef5:20160407213831.309:1984</Value>
          <Value>description:1984:1:55a73700-c891-46fd-8f5c-72bc827f2ef5:20160407213831.309:1984</Value>
          <Value>entryDN:1984:1:55a73700-c891-46fd-8f5c-72bc827f2ef5:20160407213831.309:1984</Value>
          <Value>governsID:1984:1:55a73700-c891-46fd-8f5c-72bc827f2ef5:20160407213831.309:1984</Value>
          <Value>modifyTimeStamp:1984:1:55a73700-c891-46fd-8f5c-72bc827f2ef5:20160407213831.309:1984</Value>
          <Value>objectClass:1984:1:55a73700-c891-46fd-8f5c-72bc827f2ef5:20160407213831.309:1984</Value>
          <Value>objectClassCategory:1984:1:55a73700-c891-46fd-8f5c-72bc827f2ef5:20160407213831.309:1984</Value>
          <Value>objectGUID:1984:1:55a73700-c891-46fd-8f5c-72bc827f2ef5:20160407213831.309:1984</Value>
          <Value>schemaIDGUID:1984:1:55a73700-c891-46fd-8f5c-72bc827f2ef5:20160407213831.309:1984</Value>
          <Value>subClassOf:1984:1:55a73700-c891-46fd-8f5c-72bc827f2ef5:20160407213831.309:1984</Value>
          <Value>systemMustContain:1984:1:55a73700-c891-46fd-8f5c-72bc827f2ef5:20160407213831.309:1984</Value>
          <Value>uSNChanged:1984:1:55a73700-c891-46fd-8f5c-72bc827f2ef5:20160407213831.309:1984</Value>
          <Value>uSNCreated:1984:1:55a73700-c891-46fd-8f5c-72bc827f2ef5:20160407213831.309:1984</Value>
        </AttributeMetadata>
      </ClassSchemaEntry>
      <ClassSchemaEntry>
        <Name>vmwSTSRelyingParty</Name>
        <AttributeMetadata>
          <Value>cn:1921:1:55a73700-c891-46fd-8f5c-72bc827f2ef5:20160407213831.204:1921</Value>
          <Value>createTimeStamp:1921:1:55a73700-c891-46fd-8f5c-72bc827f2ef5:20160407213831.204:1921</Value>
          <Value>defaultObjectCategory:1921:1:55a73700-c891-46fd-8f5c-72bc827f2ef5:20160407213831.204:1921</Value>
          <Value>description:1921:1:55a73700-c891-46fd-8f5c-72bc827f2ef5:20160407213831.204:1921</Value>
          <Value>entryDN:1921:1:55a73700-c891-46fd-8f5c-72bc827f2ef5:20160407213831.204:1921</Value>
          <Value>governsID:1921:1:55a73700-c891-46fd-8f5c-72bc827f2ef5:20160407213831.204:1921</Value>
          <Value>modifyTimeStamp:1921:1:55a73700-c891-46fd-8f5c-72bc827f2ef5:20160407213831.204:1921</Value>
          <Value>objectClass:1921:1:55a73700-c891-46fd-8f5c-72bc827f2ef5:20160407213831.204:1921</Value>
          <Value>objectClassCategory:1921:1:55a73700-c891-46fd-8f5c-72bc827f2ef5:20160407213831.204:1921</Value>
          <Value>objectGUID:1921:1:55a73700-c891-46fd-8f5c-72bc827f2ef5:20160407213831.204:1921</Value>
          <Value>schemaIDGUID:1921:1:55a73700-c891-46fd-8f5c-72bc827f2ef5:20160407213831.204:1921</Value>
          <Value>subClassOf:1921:1:55a73700-c891-46fd-8f5c-72bc827f2ef5:20160407213831.204:1921</Value>
          <Value>systemMayContain:1921:1:55a73700-c891-46fd-8f5c-72bc827f2ef5:20160407213831.204:1921</Value>
          <Value>systemMustContain:1921:1:55a73700-c891-46fd-8f5c-72bc827f2ef5:20160407213831.204:1921</Value>
          <Value>uSNChanged:1921:1:55a73700-c891-46fd-8f5c-72bc827f2ef5:20160407213831.204:1921</Value>
          <Value>uSNCreated:1921:1:55a73700-c891-46fd-8f5c-72bc827f2ef5:20160407213831.204:1921</Value>
        </AttributeMetadata>
      </ClassSchemaEntry>
      <ClassSchemaEntry>
        <Name>vmwSTSSignatureAlgorithm</Name>
        <AttributeMetadata>
          <Value>cn:1784:1:55a73700-c891-46fd-8f5c-72bc827f2ef5:20160407213830.975:1784</Value>
          <Value>createTimeStamp:1784:1:55a73700-c891-46fd-8f5c-72bc827f2ef5:20160407213830.975:1784</Value>
          <Value>defaultObjectCategory:1784:1:55a73700-c891-46fd-8f5c-72bc827f2ef5:20160407213830.975:1784</Value>
          <Value>description:1784:1:55a73700-c891-46fd-8f5c-72bc827f2ef5:20160407213830.975:1784</Value>
          <Value>entryDN:1784:1:55a73700-c891-46fd-8f5c-72bc827f2ef5:20160407213830.975:1784</Value>
          <Value>governsID:1784:1:55a73700-c891-46fd-8f5c-72bc827f2ef5:20160407213830.975:1784</Value>
          <Value>modifyTimeStamp:1784:1:55a73700-c891-46fd-8f5c-72bc827f2ef5:20160407213830.975:1784</Value>
          <Value>objectClass:1784:1:55a73700-c891-46fd-8f5c-72bc827f2ef5:20160407213830.975:1784</Value>
          <Value>objectClassCategory:1784:1:55a73700-c891-46fd-8f5c-72bc827f2ef5:20160407213830.975:1784</Value>
          <Value>objectGUID:1784:1:55a73700-c891-46fd-8f5c-72bc827f2ef5:20160407213830.975:1784</Value>
          <Value>schemaIDGUID:1784:1:55a73700-c891-46fd-8f5c-72bc827f2ef5:20160407213830.975:1784</Value>
          <Value>subClassOf:1784:1:55a73700-c891-46fd-8f5c-72bc827f2ef5:20160407213830.975:1784</Value>
          <Value>systemMayContain:1784:1:55a73700-c891-46fd-8f5c-72bc827f2ef5:20160407213830.975:1784</Value>
          <Value>systemMustContain:1784:1:55a73700-c891-46fd-8f5c-72bc827f2ef5:20160407213830.975:1784</Value>
          <Value>uSNChanged:1784:1:55a73700-c891-46fd-8f5c-72bc827f2ef5:20160407213830.975:1784</Value>
          <Value>uSNCreated:1784:1:55a73700-c891-46fd-8f5c-72bc827f2ef5:20160407213830.975:1784</Value>
        </AttributeMetadata>
      </ClassSchemaEntry>
      <ClassSchemaEntry>
        <Name>vmwSTSSingleLogoutService</Name>
        <AttributeMetadata>
          <Value>cn:1856:1:55a73700-c891-46fd-8f5c-72bc827f2ef5:20160407213831.095:1856</Value>
          <Value>createTimeStamp:1856:1:55a73700-c891-46fd-8f5c-72bc827f2ef5:20160407213831.095:1856</Value>
          <Value>defaultObjectCategory:1856:1:55a73700-c891-46fd-8f5c-72bc827f2ef5:20160407213831.095:1856</Value>
          <Value>description:1856:1:55a73700-c891-46fd-8f5c-72bc827f2ef5:20160407213831.095:1856</Value>
          <Value>entryDN:1856:1:55a73700-c891-46fd-8f5c-72bc827f2ef5:20160407213831.095:1856</Value>
          <Value>governsID:1856:1:55a73700-c891-46fd-8f5c-72bc827f2ef5:20160407213831.095:1856</Value>
          <Value>modifyTimeStamp:1856:1:55a73700-c891-46fd-8f5c-72bc827f2ef5:20160407213831.095:1856</Value>
          <Value>objectClass:1856:1:55a73700-c891-46fd-8f5c-72bc827f2ef5:20160407213831.095:1856</Value>
          <Value>objectClassCategory:1856:1:55a73700-c891-46fd-8f5c-72bc827f2ef5:20160407213831.095:1856</Value>
          <Value>objectGUID:1856:1:55a73700-c891-46fd-8f5c-72bc827f2ef5:20160407213831.095:1856</Value>
          <Value>schemaIDGUID:1856:1:55a73700-c891-46fd-8f5c-72bc827f2ef5:20160407213831.095:1856</Value>
          <Value>subClassOf:1856:1:55a73700-c891-46fd-8f5c-72bc827f2ef5:20160407213831.095:1856</Value>
          <Value>systemMayContain:1856:1:55a73700-c891-46fd-8f5c-72bc827f2ef5:20160407213831.095:1856</Value>
          <Value>systemMustContain:1856:1:55a73700-c891-46fd-8f5c-72bc827f2ef5:20160407213831.095:1856</Value>
          <Value>uSNChanged:1856:1:55a73700-c891-46fd-8f5c-72bc827f2ef5:20160407213831.095:1856</Value>
          <Value>uSNCreated:1856:1:55a73700-c891-46fd-8f5c-72bc827f2ef5:20160407213831.095:1856</Value>
        </AttributeMetadata>
      </ClassSchemaEntry>
      <ClassSchemaEntry>
        <Name>vmwSTSSingleSignOnService</Name>
        <AttributeMetadata>
          <Value>cn:2004:1:55a73700-c891-46fd-8f5c-72bc827f2ef5:20160407213831.348:2004</Value>
          <Value>createTimeStamp:2004:1:55a73700-c891-46fd-8f5c-72bc827f2ef5:20160407213831.348:2004</Value>
          <Value>defaultObjectCategory:2004:1:55a73700-c891-46fd-8f5c-72bc827f2ef5:20160407213831.348:2004</Value>
          <Value>description:2004:1:55a73700-c891-46fd-8f5c-72bc827f2ef5:20160407213831.348:2004</Value>
          <Value>entryDN:2004:1:55a73700-c891-46fd-8f5c-72bc827f2ef5:20160407213831.348:2004</Value>
          <Value>governsID:2004:1:55a73700-c891-46fd-8f5c-72bc827f2ef5:20160407213831.348:2004</Value>
          <Value>modifyTimeStamp:2004:1:55a73700-c891-46fd-8f5c-72bc827f2ef5:20160407213831.348:2004</Value>
          <Value>objectClass:2004:1:55a73700-c891-46fd-8f5c-72bc827f2ef5:20160407213831.348:2004</Value>
          <Value>objectClassCategory:2004:1:55a73700-c891-46fd-8f5c-72bc827f2ef5:20160407213831.348:2004</Value>
          <Value>objectGUID:2004:1:55a73700-c891-46fd-8f5c-72bc827f2ef5:20160407213831.348:2004</Value>
          <Value>schemaIDGUID:2004:1:55a73700-c891-46fd-8f5c-72bc827f2ef5:20160407213831.348:2004</Value>
          <Value>subClassOf:2004:1:55a73700-c891-46fd-8f5c-72bc827f2ef5:20160407213831.348:2004</Value>
          <Value>systemMayContain:2004:1:55a73700-c891-46fd-8f5c-72bc827f2ef5:20160407213831.348:2004</Value>
          <Value>systemMustContain:2004:1:55a73700-c891-46fd-8f5c-72bc827f2ef5:20160407213831.348:2004</Value>
          <Value>uSNChanged:2004:1:55a73700-c891-46fd-8f5c-72bc827f2ef5:20160407213831.348:2004</Value>
          <Value>uSNCreated:2004:1:55a73700-c891-46fd-8f5c-72bc827f2ef5:20160407213831.348:2004</Value>
        </AttributeMetadata>
      </ClassSchemaEntry>
      <ClassSchemaEntry>
        <Name>vmwSTSTenant</Name>
        <AttributeMetadata>
          <Value>cn:1907:1:55a73700-c891-46fd-8f5c-72bc827f2ef5:20160407213831.179:1907</Value>
          <Value>createTimeStamp:1907:1:55a73700-c891-46fd-8f5c-72bc827f2ef5:20160407213831.179:1907</Value>
          <Value>defaultObjectCategory:1907:1:55a73700-c891-46fd-8f5c-72bc827f2ef5:20160407213831.179:1907</Value>
          <Value>description:1907:1:55a73700-c891-46fd-8f5c-72bc827f2ef5:20160407213831.179:1907</Value>
          <Value>entryDN:1907:1:55a73700-c891-46fd-8f5c-72bc827f2ef5:20160407213831.179:1907</Value>
          <Value>governsID:1907:1:55a73700-c891-46fd-8f5c-72bc827f2ef5:20160407213831.179:1907</Value>
          <Value>modifyTimeStamp:1907:1:55a73700-c891-46fd-8f5c-72bc827f2ef5:20160407213831.179:1907</Value>
          <Value>objectClass:1907:1:55a73700-c891-46fd-8f5c-72bc827f2ef5:20160407213831.179:1907</Value>
          <Value>objectClassCategory:1907:1:55a73700-c891-46fd-8f5c-72bc827f2ef5:20160407213831.179:1907</Value>
          <Value>objectGUID:1907:1:55a73700-c891-46fd-8f5c-72bc827f2ef5:20160407213831.179:1907</Value>
          <Value>schemaIDGUID:1907:1:55a73700-c891-46fd-8f5c-72bc827f2ef5:20160407213831.179:1907</Value>
          <Value>subClassOf:1907:1:55a73700-c891-46fd-8f5c-72bc827f2ef5:20160407213831.179:1907</Value>
          <Value>systemMayContain:1907:1:55a73700-c891-46fd-8f5c-72bc827f2ef5:20160407213831.179:1907</Value>
          <Value>systemMustContain:1907:1:55a73700-c891-46fd-8f5c-72bc827f2ef5:20160407213831.179:1907</Value>
          <Value>uSNChanged:1907:1:55a73700-c891-46fd-8f5c-72bc827f2ef5:20160407213831.179:1907</Value>
          <Value>uSNCreated:1907:1:55a73700-c891-46fd-8f5c-72bc827f2ef5:20160407213831.179:1907</Value>
        </AttributeMetadata>
      </ClassSchemaEntry>
      <ClassSchemaEntry>
        <Name>vmwSTSTenantClientCertificatePolicy</Name>
        <AttributeMetadata>
          <Value>cn:1751:1:55a73700-c891-46fd-8f5c-72bc827f2ef5:20160407213830.918:1751</Value>
          <Value>createTimeStamp:1751:1:55a73700-c891-46fd-8f5c-72bc827f2ef5:20160407213830.918:1751</Value>
          <Value>defaultObjectCategory:1751:1:55a73700-c891-46fd-8f5c-72bc827f2ef5:20160407213830.918:1751</Value>
          <Value>description:1751:1:55a73700-c891-46fd-8f5c-72bc827f2ef5:20160407213830.918:1751</Value>
          <Value>entryDN:1751:1:55a73700-c891-46fd-8f5c-72bc827f2ef5:20160407213830.918:1751</Value>
          <Value>governsID:1751:1:55a73700-c891-46fd-8f5c-72bc827f2ef5:20160407213830.918:1751</Value>
          <Value>modifyTimeStamp:1751:1:55a73700-c891-46fd-8f5c-72bc827f2ef5:20160407213830.918:1751</Value>
          <Value>objectClass:1751:1:55a73700-c891-46fd-8f5c-72bc827f2ef5:20160407213830.918:1751</Value>
          <Value>objectClassCategory:1751:1:55a73700-c891-46fd-8f5c-72bc827f2ef5:20160407213830.918:1751</Value>
          <Value>objectGUID:1751:1:55a73700-c891-46fd-8f5c-72bc827f2ef5:20160407213830.918:1751</Value>
          <Value>schemaIDGUID:1751:1:55a73700-c891-46fd-8f5c-72bc827f2ef5:20160407213830.918:1751</Value>
          <Value>subClassOf:1751:1:55a73700-c891-46fd-8f5c-72bc827f2ef5:20160407213830.918:1751</Value>
          <Value>systemMayContain:1751:1:55a73700-c891-46fd-8f5c-72bc827f2ef5:20160407213830.918:1751</Value>
          <Value>systemMustContain:1751:1:55a73700-c891-46fd-8f5c-72bc827f2ef5:20160407213830.918:1751</Value>
          <Value>uSNChanged:1751:1:55a73700-c891-46fd-8f5c-72bc827f2ef5:20160407213830.918:1751</Value>
          <Value>uSNCreated:1751:1:55a73700-c891-46fd-8f5c-72bc827f2ef5:20160407213830.918:1751</Value>
        </AttributeMetadata>
      </ClassSchemaEntry>
      <ClassSchemaEntry>
        <Name>vmwSTSTenantCredential</Name>
        <AttributeMetadata>
          <Value>cn:2020:1:55a73700-c891-46fd-8f5c-72bc827f2ef5:20160407213831.375:2020</Value>
          <Value>createTimeStamp:2020:1:55a73700-c891-46fd-8f5c-72bc827f2ef5:20160407213831.375:2020</Value>
          <Value>defaultObjectCategory:2020:1:55a73700-c891-46fd-8f5c-72bc827f2ef5:20160407213831.375:2020</Value>
          <Value>description:2020:1:55a73700-c891-46fd-8f5c-72bc827f2ef5:20160407213831.375:2020</Value>
          <Value>entryDN:2020:1:55a73700-c891-46fd-8f5c-72bc827f2ef5:20160407213831.375:2020</Value>
          <Value>governsID:2020:1:55a73700-c891-46fd-8f5c-72bc827f2ef5:20160407213831.375:2020</Value>
          <Value>modifyTimeStamp:2020:1:55a73700-c891-46fd-8f5c-72bc827f2ef5:20160407213831.375:2020</Value>
          <Value>objectClass:2020:1:55a73700-c891-46fd-8f5c-72bc827f2ef5:20160407213831.375:2020</Value>
          <Value>objectClassCategory:2020:1:55a73700-c891-46fd-8f5c-72bc827f2ef5:20160407213831.375:2020</Value>
          <Value>objectGUID:2020:1:55a73700-c891-46fd-8f5c-72bc827f2ef5:20160407213831.375:2020</Value>
          <Value>schemaIDGUID:2020:1:55a73700-c891-46fd-8f5c-72bc827f2ef5:20160407213831.375:2020</Value>
          <Value>subClassOf:2020:1:55a73700-c891-46fd-8f5c-72bc827f2ef5:20160407213831.375:2020</Value>
          <Value>systemMustContain:2020:1:55a73700-c891-46fd-8f5c-72bc827f2ef5:20160407213831.375:2020</Value>
          <Value>uSNChanged:2020:1:55a73700-c891-46fd-8f5c-72bc827f2ef5:20160407213831.375:2020</Value>
          <Value>uSNCreated:2020:1:55a73700-c891-46fd-8f5c-72bc827f2ef5:20160407213831.375:2020</Value>
        </AttributeMetadata>
      </ClassSchemaEntry>
      <ClassSchemaEntry>
        <Name>vmwSTSTenantRsaAgentConfiguration</Name>
        <AttributeMetadata>
          <Value>cn:1846:1:55a73700-c891-46fd-8f5c-72bc827f2ef5:20160407213831.073:1846</Value>
          <Value>createTimeStamp:1846:1:55a73700-c891-46fd-8f5c-72bc827f2ef5:20160407213831.073:1846</Value>
          <Value>defaultObjectCategory:1846:1:55a73700-c891-46fd-8f5c-72bc827f2ef5:20160407213831.073:1846</Value>
          <Value>description:1846:1:55a73700-c891-46fd-8f5c-72bc827f2ef5:20160407213831.073:1846</Value>
          <Value>entryDN:1846:1:55a73700-c891-46fd-8f5c-72bc827f2ef5:20160407213831.073:1846</Value>
          <Value>governsID:1846:1:55a73700-c891-46fd-8f5c-72bc827f2ef5:20160407213831.073:1846</Value>
          <Value>modifyTimeStamp:1846:1:55a73700-c891-46fd-8f5c-72bc827f2ef5:20160407213831.073:1846</Value>
          <Value>objectClass:1846:1:55a73700-c891-46fd-8f5c-72bc827f2ef5:20160407213831.073:1846</Value>
          <Value>objectClassCategory:1846:1:55a73700-c891-46fd-8f5c-72bc827f2ef5:20160407213831.073:1846</Value>
          <Value>objectGUID:1846:1:55a73700-c891-46fd-8f5c-72bc827f2ef5:20160407213831.073:1846</Value>
          <Value>schemaIDGUID:1846:1:55a73700-c891-46fd-8f5c-72bc827f2ef5:20160407213831.073:1846</Value>
          <Value>subClassOf:1846:1:55a73700-c891-46fd-8f5c-72bc827f2ef5:20160407213831.073:1846</Value>
          <Value>systemMayContain:1846:1:55a73700-c891-46fd-8f5c-72bc827f2ef5:20160407213831.073:1846</Value>
          <Value>systemMustContain:1846:1:55a73700-c891-46fd-8f5c-72bc827f2ef5:20160407213831.073:1846</Value>
          <Value>uSNChanged:1846:1:55a73700-c891-46fd-8f5c-72bc827f2ef5:20160407213831.073:1846</Value>
          <Value>uSNCreated:1846:1:55a73700-c891-46fd-8f5c-72bc827f2ef5:20160407213831.073:1846</Value>
        </AttributeMetadata>
      </ClassSchemaEntry>
      <ClassSchemaEntry>
        <Name>vmwSTSTenantRsaAgentInstance</Name>
        <AttributeMetadata>
          <Value>cn:1979:1:55a73700-c891-46fd-8f5c-72bc827f2ef5:20160407213831.302:1979</Value>
          <Value>createTimeStamp:1979:1:55a73700-c891-46fd-8f5c-72bc827f2ef5:20160407213831.302:1979</Value>
          <Value>defaultObjectCategory:1979:1:55a73700-c891-46fd-8f5c-72bc827f2ef5:20160407213831.302:1979</Value>
          <Value>description:1979:1:55a73700-c891-46fd-8f5c-72bc827f2ef5:20160407213831.302:1979</Value>
          <Value>entryDN:1979:1:55a73700-c891-46fd-8f5c-72bc827f2ef5:20160407213831.302:1979</Value>
          <Value>governsID:1979:1:55a73700-c891-46fd-8f5c-72bc827f2ef5:20160407213831.302:1979</Value>
          <Value>modifyTimeStamp:1979:1:55a73700-c891-46fd-8f5c-72bc827f2ef5:20160407213831.302:1979</Value>
          <Value>objectClass:1979:1:55a73700-c891-46fd-8f5c-72bc827f2ef5:20160407213831.302:1979</Value>
          <Value>objectClassCategory:1979:1:55a73700-c891-46fd-8f5c-72bc827f2ef5:20160407213831.302:1979</Value>
          <Value>objectGUID:1979:1:55a73700-c891-46fd-8f5c-72bc827f2ef5:20160407213831.302:1979</Value>
          <Value>schemaIDGUID:1979:1:55a73700-c891-46fd-8f5c-72bc827f2ef5:20160407213831.302:1979</Value>
          <Value>subClassOf:1979:1:55a73700-c891-46fd-8f5c-72bc827f2ef5:20160407213831.302:1979</Value>
          <Value>systemMayContain:1979:1:55a73700-c891-46fd-8f5c-72bc827f2ef5:20160407213831.302:1979</Value>
          <Value>systemMustContain:1979:1:55a73700-c891-46fd-8f5c-72bc827f2ef5:20160407213831.302:1979</Value>
          <Value>uSNChanged:1979:1:55a73700-c891-46fd-8f5c-72bc827f2ef5:20160407213831.302:1979</Value>
          <Value>uSNCreated:1979:1:55a73700-c891-46fd-8f5c-72bc827f2ef5:20160407213831.302:1979</Value>
        </AttributeMetadata>
      </ClassSchemaEntry>
      <ClassSchemaEntry>
        <Name>vmwSTSTenantsContainer</Name>
        <AttributeMetadata>
          <Value>cn:1934:1:55a73700-c891-46fd-8f5c-72bc827f2ef5:20160407213831.220:1934</Value>
          <Value>createTimeStamp:1934:1:55a73700-c891-46fd-8f5c-72bc827f2ef5:20160407213831.220:1934</Value>
          <Value>defaultObjectCategory:1934:1:55a73700-c891-46fd-8f5c-72bc827f2ef5:20160407213831.220:1934</Value>
          <Value>description:1934:1:55a73700-c891-46fd-8f5c-72bc827f2ef5:20160407213831.220:1934</Value>
          <Value>entryDN:1934:1:55a73700-c891-46fd-8f5c-72bc827f2ef5:20160407213831.220:1934</Value>
          <Value>governsID:1934:1:55a73700-c891-46fd-8f5c-72bc827f2ef5:20160407213831.220:1934</Value>
          <Value>modifyTimeStamp:1934:1:55a73700-c891-46fd-8f5c-72bc827f2ef5:20160407213831.220:1934</Value>
          <Value>objectClass:1934:1:55a73700-c891-46fd-8f5c-72bc827f2ef5:20160407213831.220:1934</Value>
          <Value>objectClassCategory:1934:1:55a73700-c891-46fd-8f5c-72bc827f2ef5:20160407213831.220:1934</Value>
          <Value>objectGUID:1934:1:55a73700-c891-46fd-8f5c-72bc827f2ef5:20160407213831.220:1934</Value>
          <Value>schemaIDGUID:1934:1:55a73700-c891-46fd-8f5c-72bc827f2ef5:20160407213831.220:1934</Value>
          <Value>subClassOf:1934:1:55a73700-c891-46fd-8f5c-72bc827f2ef5:20160407213831.220:1934</Value>
          <Value>systemMayContain:1934:1:55a73700-c891-46fd-8f5c-72bc827f2ef5:20160407213831.220:1934</Value>
          <Value>systemMustContain:1934:1:55a73700-c891-46fd-8f5c-72bc827f2ef5:20160407213831.220:1934</Value>
          <Value>uSNChanged:1934:1:55a73700-c891-46fd-8f5c-72bc827f2ef5:20160407213831.220:1934</Value>
          <Value>uSNCreated:1934:1:55a73700-c891-46fd-8f5c-72bc827f2ef5:20160407213831.220:1934</Value>
        </AttributeMetadata>
      </ClassSchemaEntry>
      <ClassSchemaEntry>
        <Name>vmwSTSTenantTrustedCertificateChain</Name>
        <AttributeMetadata>
          <Value>cn:1831:1:55a73700-c891-46fd-8f5c-72bc827f2ef5:20160407213831.053:1831</Value>
          <Value>createTimeStamp:1831:1:55a73700-c891-46fd-8f5c-72bc827f2ef5:20160407213831.053:1831</Value>
          <Value>defaultObjectCategory:1831:1:55a73700-c891-46fd-8f5c-72bc827f2ef5:20160407213831.053:1831</Value>
          <Value>description:1831:1:55a73700-c891-46fd-8f5c-72bc827f2ef5:20160407213831.053:1831</Value>
          <Value>entryDN:1831:1:55a73700-c891-46fd-8f5c-72bc827f2ef5:20160407213831.053:1831</Value>
          <Value>governsID:1831:1:55a73700-c891-46fd-8f5c-72bc827f2ef5:20160407213831.053:1831</Value>
          <Value>modifyTimeStamp:1831:1:55a73700-c891-46fd-8f5c-72bc827f2ef5:20160407213831.053:1831</Value>
          <Value>objectClass:1831:1:55a73700-c891-46fd-8f5c-72bc827f2ef5:20160407213831.053:1831</Value>
          <Value>objectClassCategory:1831:1:55a73700-c891-46fd-8f5c-72bc827f2ef5:20160407213831.053:1831</Value>
          <Value>objectGUID:1831:1:55a73700-c891-46fd-8f5c-72bc827f2ef5:20160407213831.053:1831</Value>
          <Value>schemaIDGUID:1831:1:55a73700-c891-46fd-8f5c-72bc827f2ef5:20160407213831.053:1831</Value>
          <Value>subClassOf:1831:1:55a73700-c891-46fd-8f5c-72bc827f2ef5:20160407213831.053:1831</Value>
          <Value>systemMustContain:1831:1:55a73700-c891-46fd-8f5c-72bc827f2ef5:20160407213831.053:1831</Value>
          <Value>uSNChanged:1831:1:55a73700-c891-46fd-8f5c-72bc827f2ef5:20160407213831.053:1831</Value>
          <Value>uSNCreated:1831:1:55a73700-c891-46fd-8f5c-72bc827f2ef5:20160407213831.053:1831</Value>
        </AttributeMetadata>
      </ClassSchemaEntry>
      <ClassSchemaEntry>
        <Name>vmwTaggingCategoryModel</Name>
        <AttributeMetadata>
          <Value>cn:1980:1:55a73700-c891-46fd-8f5c-72bc827f2ef5:20160407213831.303:1980</Value>
          <Value>createTimeStamp:1980:1:55a73700-c891-46fd-8f5c-72bc827f2ef5:20160407213831.303:1980</Value>
          <Value>defaultObjectCategory:1980:1:55a73700-c891-46fd-8f5c-72bc827f2ef5:20160407213831.303:1980</Value>
          <Value>description:1980:1:55a73700-c891-46fd-8f5c-72bc827f2ef5:20160407213831.303:1980</Value>
          <Value>entryDN:1980:1:55a73700-c891-46fd-8f5c-72bc827f2ef5:20160407213831.303:1980</Value>
          <Value>governsID:1980:1:55a73700-c891-46fd-8f5c-72bc827f2ef5:20160407213831.303:1980</Value>
          <Value>modifyTimeStamp:1980:1:55a73700-c891-46fd-8f5c-72bc827f2ef5:20160407213831.303:1980</Value>
          <Value>objectClass:1980:1:55a73700-c891-46fd-8f5c-72bc827f2ef5:20160407213831.303:1980</Value>
          <Value>objectClassCategory:1980:1:55a73700-c891-46fd-8f5c-72bc827f2ef5:20160407213831.303:1980</Value>
          <Value>objectGUID:1980:1:55a73700-c891-46fd-8f5c-72bc827f2ef5:20160407213831.303:1980</Value>
          <Value>schemaIDGUID:1980:1:55a73700-c891-46fd-8f5c-72bc827f2ef5:20160407213831.303:1980</Value>
          <Value>subClassOf:1980:1:55a73700-c891-46fd-8f5c-72bc827f2ef5:20160407213831.303:1980</Value>
          <Value>systemMayContain:1980:1:55a73700-c891-46fd-8f5c-72bc827f2ef5:20160407213831.303:1980</Value>
          <Value>systemMustContain:1980:1:55a73700-c891-46fd-8f5c-72bc827f2ef5:20160407213831.303:1980</Value>
          <Value>uSNChanged:1980:1:55a73700-c891-46fd-8f5c-72bc827f2ef5:20160407213831.303:1980</Value>
          <Value>uSNCreated:1980:1:55a73700-c891-46fd-8f5c-72bc827f2ef5:20160407213831.303:1980</Value>
        </AttributeMetadata>
      </ClassSchemaEntry>
      <ClassSchemaEntry>
        <Name>vmwTaggingScopeModel</Name>
        <AttributeMetadata>
          <Value>cn:1816:1:55a73700-c891-46fd-8f5c-72bc827f2ef5:20160407213831.030:1816</Value>
          <Value>createTimeStamp:1816:1:55a73700-c891-46fd-8f5c-72bc827f2ef5:20160407213831.030:1816</Value>
          <Value>defaultObjectCategory:1816:1:55a73700-c891-46fd-8f5c-72bc827f2ef5:20160407213831.030:1816</Value>
          <Value>description:1816:1:55a73700-c891-46fd-8f5c-72bc827f2ef5:20160407213831.030:1816</Value>
          <Value>entryDN:1816:1:55a73700-c891-46fd-8f5c-72bc827f2ef5:20160407213831.030:1816</Value>
          <Value>governsID:1816:1:55a73700-c891-46fd-8f5c-72bc827f2ef5:20160407213831.030:1816</Value>
          <Value>modifyTimeStamp:1816:1:55a73700-c891-46fd-8f5c-72bc827f2ef5:20160407213831.030:1816</Value>
          <Value>objectClass:1816:1:55a73700-c891-46fd-8f5c-72bc827f2ef5:20160407213831.030:1816</Value>
          <Value>objectClassCategory:1816:1:55a73700-c891-46fd-8f5c-72bc827f2ef5:20160407213831.030:1816</Value>
          <Value>objectGUID:1816:1:55a73700-c891-46fd-8f5c-72bc827f2ef5:20160407213831.030:1816</Value>
          <Value>schemaIDGUID:1816:1:55a73700-c891-46fd-8f5c-72bc827f2ef5:20160407213831.030:1816</Value>
          <Value>subClassOf:1816:1:55a73700-c891-46fd-8f5c-72bc827f2ef5:20160407213831.030:1816</Value>
          <Value>systemMayContain:1816:1:55a73700-c891-46fd-8f5c-72bc827f2ef5:20160407213831.030:1816</Value>
          <Value>systemMustContain:1816:1:55a73700-c891-46fd-8f5c-72bc827f2ef5:20160407213831.030:1816</Value>
          <Value>uSNChanged:1816:1:55a73700-c891-46fd-8f5c-72bc827f2ef5:20160407213831.030:1816</Value>
          <Value>uSNCreated:1816:1:55a73700-c891-46fd-8f5c-72bc827f2ef5:20160407213831.030:1816</Value>
        </AttributeMetadata>
      </ClassSchemaEntry>
      <ClassSchemaEntry>
        <Name>vmwTaggingTagModel</Name>
        <AttributeMetadata>
          <Value>cn:2008:1:55a73700-c891-46fd-8f5c-72bc827f2ef5:20160407213831.355:2008</Value>
          <Value>createTimeStamp:2008:1:55a73700-c891-46fd-8f5c-72bc827f2ef5:20160407213831.355:2008</Value>
          <Value>defaultObjectCategory:2008:1:55a73700-c891-46fd-8f5c-72bc827f2ef5:20160407213831.355:2008</Value>
          <Value>description:2008:1:55a73700-c891-46fd-8f5c-72bc827f2ef5:20160407213831.355:2008</Value>
          <Value>entryDN:2008:1:55a73700-c891-46fd-8f5c-72bc827f2ef5:20160407213831.355:2008</Value>
          <Value>governsID:2008:1:55a73700-c891-46fd-8f5c-72bc827f2ef5:20160407213831.355:2008</Value>
          <Value>modifyTimeStamp:2008:1:55a73700-c891-46fd-8f5c-72bc827f2ef5:20160407213831.355:2008</Value>
          <Value>objectClass:2008:1:55a73700-c891-46fd-8f5c-72bc827f2ef5:20160407213831.355:2008</Value>
          <Value>objectClassCategory:2008:1:55a73700-c891-46fd-8f5c-72bc827f2ef5:20160407213831.355:2008</Value>
          <Value>objectGUID:2008:1:55a73700-c891-46fd-8f5c-72bc827f2ef5:20160407213831.355:2008</Value>
          <Value>schemaIDGUID:2008:1:55a73700-c891-46fd-8f5c-72bc827f2ef5:20160407213831.355:2008</Value>
          <Value>subClassOf:2008:1:55a73700-c891-46fd-8f5c-72bc827f2ef5:20160407213831.355:2008</Value>
          <Value>systemMayContain:2008:1:55a73700-c891-46fd-8f5c-72bc827f2ef5:20160407213831.355:2008</Value>
          <Value>systemMustContain:2008:1:55a73700-c891-46fd-8f5c-72bc827f2ef5:20160407213831.355:2008</Value>
          <Value>uSNChanged:2008:1:55a73700-c891-46fd-8f5c-72bc827f2ef5:20160407213831.355:2008</Value>
          <Value>uSNCreated:2008:1:55a73700-c891-46fd-8f5c-72bc827f2ef5:20160407213831.355:2008</Value>
        </AttributeMetadata>
      </ClassSchemaEntry>
      <ClassSchemaEntry>
        <Name>volume</Name>
        <AttributeMetadata>
          <Value>auxiliaryClass:2025:1:55a73700-c891-46fd-8f5c-72bc827f2ef5:20160407213831.384:2025</Value>
          <Value>cn:2025:1:55a73700-c891-46fd-8f5c-72bc827f2ef5:20160407213831.384:2025</Value>
          <Value>createTimeStamp:2025:1:55a73700-c891-46fd-8f5c-72bc827f2ef5:20160407213831.384:2025</Value>
          <Value>defaultObjectCategory:2025:1:55a73700-c891-46fd-8f5c-72bc827f2ef5:20160407213831.384:2025</Value>
          <Value>entryDN:2025:1:55a73700-c891-46fd-8f5c-72bc827f2ef5:20160407213831.384:2025</Value>
          <Value>governsID:2025:1:55a73700-c891-46fd-8f5c-72bc827f2ef5:20160407213831.384:2025</Value>
          <Value>modifyTimeStamp:2025:1:55a73700-c891-46fd-8f5c-72bc827f2ef5:20160407213831.384:2025</Value>
          <Value>objectClass:2025:1:55a73700-c891-46fd-8f5c-72bc827f2ef5:20160407213831.384:2025</Value>
          <Value>objectClassCategory:2025:1:55a73700-c891-46fd-8f5c-72bc827f2ef5:20160407213831.384:2025</Value>
          <Value>objectGUID:2025:1:55a73700-c891-46fd-8f5c-72bc827f2ef5:20160407213831.384:2025</Value>
          <Value>schemaIDGUID:2025:1:55a73700-c891-46fd-8f5c-72bc827f2ef5:20160407213831.384:2025</Value>
          <Value>subClassOf:2025:1:55a73700-c891-46fd-8f5c-72bc827f2ef5:20160407213831.384:2025</Value>
          <Value>systemMayContain:2025:1:55a73700-c891-46fd-8f5c-72bc827f2ef5:20160407213831.384:2025</Value>
          <Value>systemMustContain:2025:1:55a73700-c891-46fd-8f5c-72bc827f2ef5:20160407213831.384:2025</Value>
          <Value>uSNChanged:2025:1:55a73700-c891-46fd-8f5c-72bc827f2ef5:20160407213831.384:2025</Value>
          <Value>uSNCreated:2025:1:55a73700-c891-46fd-8f5c-72bc827f2ef5:20160407213831.384:2025</Value>
        </AttributeMetadata>
      </ClassSchemaEntry>
    </ClassSchemaEntries>
  </SchemaEntries>
</Node>
